[2024-11-04T11:38:02.101+0100] {local_task_job_runner.py:123} INFO - ::group::Pre task execution logs
[2024-11-04T11:38:02.105+0100] {taskinstance.py:2612} INFO - Dependencies all met for dep_context=non-requeueable deps ti=<TaskInstance: first_airflow_dag.get_datetime scheduled__2024-11-04T10:37:00+00:00 [queued]>
[2024-11-04T11:38:02.108+0100] {taskinstance.py:2612} INFO - Dependencies all met for dep_context=requeueable deps ti=<TaskInstance: first_airflow_dag.get_datetime scheduled__2024-11-04T10:37:00+00:00 [queued]>
[2024-11-04T11:38:02.108+0100] {taskinstance.py:2865} INFO - Starting attempt 1 of 1
[2024-11-04T11:38:02.114+0100] {taskinstance.py:2888} INFO - Executing <Task(BashOperator): get_datetime> on 2024-11-04 10:37:00+00:00
[2024-11-04T11:38:02.118+0100] {standard_task_runner.py:72} INFO - Started process 41260 to run task
[2024-11-04T11:38:02.121+0100] {standard_task_runner.py:104} INFO - Running: ['airflow', 'tasks', 'run', 'first_airflow_dag', 'get_datetime', 'scheduled__2024-11-04T10:37:00+00:00', '--job-id', '1765', '--raw', '--subdir', 'DAGS_FOLDER/first_dag.py', '--cfg-path', '/var/folders/4w/73_t653s0rz1z847_g217g2h0000gn/T/tmppky437e7']
[2024-11-04T11:38:02.122+0100] {standard_task_runner.py:105} INFO - Job 1765: Subtask get_datetime
[2024-11-04T11:38:02.193+0100] {task_command.py:467} INFO - Running <TaskInstance: first_airflow_dag.get_datetime scheduled__2024-11-04T10:37:00+00:00 [running]> on host mbp21-14
[2024-11-04T11:38:02.216+0100] {taskinstance.py:3131} INFO - Exporting env vars: AIRFLOW_CTX_DAG_OWNER='airflow' AIRFLOW_CTX_DAG_ID='first_airflow_dag' AIRFLOW_CTX_TASK_ID='get_datetime' AIRFLOW_CTX_EXECUTION_DATE='2024-11-04T10:37:00+00:00' AIRFLOW_CTX_TRY_NUMBER='1' AIRFLOW_CTX_DAG_RUN_ID='scheduled__2024-11-04T10:37:00+00:00'
[2024-11-04T11:38:02.216+0100] {taskinstance.py:731} INFO - ::endgroup::
[2024-11-04T11:38:02.222+0100] {subprocess.py:63} INFO - Tmp dir root location: /var/folders/4w/73_t653s0rz1z847_g217g2h0000gn/T
[2024-11-04T11:38:02.222+0100] {subprocess.py:75} INFO - Running command: ['/bin/bash', '-c', 'date']
[2024-11-04T11:38:02.226+0100] {subprocess.py:86} INFO - Output:
[2024-11-04T11:38:02.229+0100] {subprocess.py:93} INFO - Mo  4 Nov 2024 11:38:02 CET
[2024-11-04T11:38:02.229+0100] {subprocess.py:97} INFO - Command exited with return code 0
[2024-11-04T11:38:02.238+0100] {taskinstance.py:340} INFO - ::group::Post task execution logs
[2024-11-04T11:38:02.239+0100] {taskinstance.py:352} INFO - Marking task as SUCCESS. dag_id=first_airflow_dag, task_id=get_datetime, run_id=scheduled__2024-11-04T10:37:00+00:00, execution_date=20241104T103700, start_date=20241104T103802, end_date=20241104T103802
[2024-11-04T11:38:02.263+0100] {local_task_job_runner.py:266} INFO - Task exited with return code 0
[2024-11-04T11:38:02.309+0100] {taskinstance.py:3900} INFO - 1 downstream tasks scheduled from follow-on schedule check
[2024-11-04T11:38:02.310+0100] {local_task_job_runner.py:245} INFO - ::endgroup::
