[2023-10-21T14:26:54.733+0200] {processor.py:157} INFO - Started process (PID=64942) to work on /Library/Frameworks/Python.framework/Versions/3.11/lib/python3.11/site-packages/airflow/example_dags/plugins/event_listener.py
[2023-10-21T14:26:54.735+0200] {processor.py:829} INFO - Processing file /Library/Frameworks/Python.framework/Versions/3.11/lib/python3.11/site-packages/airflow/example_dags/plugins/event_listener.py for tasks to queue
[2023-10-21T14:26:54.735+0200] {logging_mixin.py:151} INFO - [2023-10-21T14:26:54.735+0200] {dagbag.py:536} INFO - Filling up the DagBag from /Library/Frameworks/Python.framework/Versions/3.11/lib/python3.11/site-packages/airflow/example_dags/plugins/event_listener.py
[2023-10-21T14:26:54.735+0200] {processor.py:841} WARNING - No viable dags retrieved from /Library/Frameworks/Python.framework/Versions/3.11/lib/python3.11/site-packages/airflow/example_dags/plugins/event_listener.py
[2023-10-21T14:26:54.777+0200] {processor.py:179} INFO - Processing /Library/Frameworks/Python.framework/Versions/3.11/lib/python3.11/site-packages/airflow/example_dags/plugins/event_listener.py took 0.044 seconds
[2023-10-21T14:27:44.101+0200] {processor.py:157} INFO - Started process (PID=65012) to work on /Library/Frameworks/Python.framework/Versions/3.11/lib/python3.11/site-packages/airflow/example_dags/plugins/event_listener.py
[2023-10-21T14:27:44.103+0200] {processor.py:829} INFO - Processing file /Library/Frameworks/Python.framework/Versions/3.11/lib/python3.11/site-packages/airflow/example_dags/plugins/event_listener.py for tasks to queue
[2023-10-21T14:27:44.104+0200] {logging_mixin.py:151} INFO - [2023-10-21T14:27:44.103+0200] {dagbag.py:536} INFO - Filling up the DagBag from /Library/Frameworks/Python.framework/Versions/3.11/lib/python3.11/site-packages/airflow/example_dags/plugins/event_listener.py
[2023-10-21T14:27:44.104+0200] {processor.py:841} WARNING - No viable dags retrieved from /Library/Frameworks/Python.framework/Versions/3.11/lib/python3.11/site-packages/airflow/example_dags/plugins/event_listener.py
[2023-10-21T14:27:44.155+0200] {processor.py:179} INFO - Processing /Library/Frameworks/Python.framework/Versions/3.11/lib/python3.11/site-packages/airflow/example_dags/plugins/event_listener.py took 0.055 seconds
[2023-10-21T14:28:58.690+0200] {processor.py:157} INFO - Started process (PID=65163) to work on /Library/Frameworks/Python.framework/Versions/3.11/lib/python3.11/site-packages/airflow/example_dags/plugins/event_listener.py
[2023-10-21T14:28:58.694+0200] {processor.py:829} INFO - Processing file /Library/Frameworks/Python.framework/Versions/3.11/lib/python3.11/site-packages/airflow/example_dags/plugins/event_listener.py for tasks to queue
[2023-10-21T14:28:58.694+0200] {logging_mixin.py:151} INFO - [2023-10-21T14:28:58.694+0200] {dagbag.py:536} INFO - Filling up the DagBag from /Library/Frameworks/Python.framework/Versions/3.11/lib/python3.11/site-packages/airflow/example_dags/plugins/event_listener.py
[2023-10-21T14:28:58.695+0200] {processor.py:841} WARNING - No viable dags retrieved from /Library/Frameworks/Python.framework/Versions/3.11/lib/python3.11/site-packages/airflow/example_dags/plugins/event_listener.py
[2023-10-21T14:28:58.736+0200] {processor.py:179} INFO - Processing /Library/Frameworks/Python.framework/Versions/3.11/lib/python3.11/site-packages/airflow/example_dags/plugins/event_listener.py took 0.046 seconds
[2023-10-21T14:29:39.005+0200] {processor.py:157} INFO - Started process (PID=65269) to work on /Library/Frameworks/Python.framework/Versions/3.11/lib/python3.11/site-packages/airflow/example_dags/plugins/event_listener.py
[2023-10-21T14:29:39.008+0200] {processor.py:829} INFO - Processing file /Library/Frameworks/Python.framework/Versions/3.11/lib/python3.11/site-packages/airflow/example_dags/plugins/event_listener.py for tasks to queue
[2023-10-21T14:29:39.008+0200] {logging_mixin.py:151} INFO - [2023-10-21T14:29:39.008+0200] {dagbag.py:536} INFO - Filling up the DagBag from /Library/Frameworks/Python.framework/Versions/3.11/lib/python3.11/site-packages/airflow/example_dags/plugins/event_listener.py
[2023-10-21T14:29:39.009+0200] {processor.py:841} WARNING - No viable dags retrieved from /Library/Frameworks/Python.framework/Versions/3.11/lib/python3.11/site-packages/airflow/example_dags/plugins/event_listener.py
[2023-10-21T14:29:39.051+0200] {processor.py:179} INFO - Processing /Library/Frameworks/Python.framework/Versions/3.11/lib/python3.11/site-packages/airflow/example_dags/plugins/event_listener.py took 0.046 seconds
[2023-10-21T14:30:15.830+0200] {processor.py:157} INFO - Started process (PID=65340) to work on /Library/Frameworks/Python.framework/Versions/3.11/lib/python3.11/site-packages/airflow/example_dags/plugins/event_listener.py
[2023-10-21T14:30:15.832+0200] {processor.py:829} INFO - Processing file /Library/Frameworks/Python.framework/Versions/3.11/lib/python3.11/site-packages/airflow/example_dags/plugins/event_listener.py for tasks to queue
[2023-10-21T14:30:15.832+0200] {logging_mixin.py:151} INFO - [2023-10-21T14:30:15.832+0200] {dagbag.py:536} INFO - Filling up the DagBag from /Library/Frameworks/Python.framework/Versions/3.11/lib/python3.11/site-packages/airflow/example_dags/plugins/event_listener.py
[2023-10-21T14:30:15.833+0200] {processor.py:841} WARNING - No viable dags retrieved from /Library/Frameworks/Python.framework/Versions/3.11/lib/python3.11/site-packages/airflow/example_dags/plugins/event_listener.py
[2023-10-21T14:30:15.874+0200] {processor.py:179} INFO - Processing /Library/Frameworks/Python.framework/Versions/3.11/lib/python3.11/site-packages/airflow/example_dags/plugins/event_listener.py took 0.044 seconds
[2023-10-21T14:30:50.367+0200] {processor.py:157} INFO - Started process (PID=65405) to work on /Library/Frameworks/Python.framework/Versions/3.11/lib/python3.11/site-packages/airflow/example_dags/plugins/event_listener.py
[2023-10-21T14:30:50.368+0200] {processor.py:829} INFO - Processing file /Library/Frameworks/Python.framework/Versions/3.11/lib/python3.11/site-packages/airflow/example_dags/plugins/event_listener.py for tasks to queue
[2023-10-21T14:30:50.369+0200] {logging_mixin.py:151} INFO - [2023-10-21T14:30:50.369+0200] {dagbag.py:536} INFO - Filling up the DagBag from /Library/Frameworks/Python.framework/Versions/3.11/lib/python3.11/site-packages/airflow/example_dags/plugins/event_listener.py
[2023-10-21T14:30:50.369+0200] {processor.py:841} WARNING - No viable dags retrieved from /Library/Frameworks/Python.framework/Versions/3.11/lib/python3.11/site-packages/airflow/example_dags/plugins/event_listener.py
[2023-10-21T14:30:50.410+0200] {processor.py:179} INFO - Processing /Library/Frameworks/Python.framework/Versions/3.11/lib/python3.11/site-packages/airflow/example_dags/plugins/event_listener.py took 0.043 seconds
[2023-10-21T14:31:26.641+0200] {processor.py:157} INFO - Started process (PID=65484) to work on /Library/Frameworks/Python.framework/Versions/3.11/lib/python3.11/site-packages/airflow/example_dags/plugins/event_listener.py
[2023-10-21T14:31:26.644+0200] {processor.py:829} INFO - Processing file /Library/Frameworks/Python.framework/Versions/3.11/lib/python3.11/site-packages/airflow/example_dags/plugins/event_listener.py for tasks to queue
[2023-10-21T14:31:26.644+0200] {logging_mixin.py:151} INFO - [2023-10-21T14:31:26.644+0200] {dagbag.py:536} INFO - Filling up the DagBag from /Library/Frameworks/Python.framework/Versions/3.11/lib/python3.11/site-packages/airflow/example_dags/plugins/event_listener.py
[2023-10-21T14:31:26.644+0200] {processor.py:841} WARNING - No viable dags retrieved from /Library/Frameworks/Python.framework/Versions/3.11/lib/python3.11/site-packages/airflow/example_dags/plugins/event_listener.py
[2023-10-21T14:31:26.686+0200] {processor.py:179} INFO - Processing /Library/Frameworks/Python.framework/Versions/3.11/lib/python3.11/site-packages/airflow/example_dags/plugins/event_listener.py took 0.045 seconds
[2023-10-21T14:32:03.451+0200] {processor.py:157} INFO - Started process (PID=65559) to work on /Library/Frameworks/Python.framework/Versions/3.11/lib/python3.11/site-packages/airflow/example_dags/plugins/event_listener.py
[2023-10-21T14:32:03.453+0200] {processor.py:829} INFO - Processing file /Library/Frameworks/Python.framework/Versions/3.11/lib/python3.11/site-packages/airflow/example_dags/plugins/event_listener.py for tasks to queue
[2023-10-21T14:32:03.453+0200] {logging_mixin.py:151} INFO - [2023-10-21T14:32:03.453+0200] {dagbag.py:536} INFO - Filling up the DagBag from /Library/Frameworks/Python.framework/Versions/3.11/lib/python3.11/site-packages/airflow/example_dags/plugins/event_listener.py
[2023-10-21T14:32:03.454+0200] {processor.py:841} WARNING - No viable dags retrieved from /Library/Frameworks/Python.framework/Versions/3.11/lib/python3.11/site-packages/airflow/example_dags/plugins/event_listener.py
[2023-10-21T14:32:03.498+0200] {processor.py:179} INFO - Processing /Library/Frameworks/Python.framework/Versions/3.11/lib/python3.11/site-packages/airflow/example_dags/plugins/event_listener.py took 0.047 seconds
[2023-10-21T14:32:38.734+0200] {processor.py:157} INFO - Started process (PID=65630) to work on /Library/Frameworks/Python.framework/Versions/3.11/lib/python3.11/site-packages/airflow/example_dags/plugins/event_listener.py
[2023-10-21T14:32:38.736+0200] {processor.py:829} INFO - Processing file /Library/Frameworks/Python.framework/Versions/3.11/lib/python3.11/site-packages/airflow/example_dags/plugins/event_listener.py for tasks to queue
[2023-10-21T14:32:38.736+0200] {logging_mixin.py:151} INFO - [2023-10-21T14:32:38.736+0200] {dagbag.py:536} INFO - Filling up the DagBag from /Library/Frameworks/Python.framework/Versions/3.11/lib/python3.11/site-packages/airflow/example_dags/plugins/event_listener.py
[2023-10-21T14:32:38.737+0200] {processor.py:841} WARNING - No viable dags retrieved from /Library/Frameworks/Python.framework/Versions/3.11/lib/python3.11/site-packages/airflow/example_dags/plugins/event_listener.py
[2023-10-21T14:32:38.778+0200] {processor.py:179} INFO - Processing /Library/Frameworks/Python.framework/Versions/3.11/lib/python3.11/site-packages/airflow/example_dags/plugins/event_listener.py took 0.044 seconds
[2023-10-21T14:33:13.935+0200] {processor.py:157} INFO - Started process (PID=65714) to work on /Library/Frameworks/Python.framework/Versions/3.11/lib/python3.11/site-packages/airflow/example_dags/plugins/event_listener.py
[2023-10-21T14:33:13.938+0200] {processor.py:829} INFO - Processing file /Library/Frameworks/Python.framework/Versions/3.11/lib/python3.11/site-packages/airflow/example_dags/plugins/event_listener.py for tasks to queue
[2023-10-21T14:33:13.938+0200] {logging_mixin.py:151} INFO - [2023-10-21T14:33:13.938+0200] {dagbag.py:536} INFO - Filling up the DagBag from /Library/Frameworks/Python.framework/Versions/3.11/lib/python3.11/site-packages/airflow/example_dags/plugins/event_listener.py
[2023-10-21T14:33:13.939+0200] {processor.py:841} WARNING - No viable dags retrieved from /Library/Frameworks/Python.framework/Versions/3.11/lib/python3.11/site-packages/airflow/example_dags/plugins/event_listener.py
[2023-10-21T14:33:13.980+0200] {processor.py:179} INFO - Processing /Library/Frameworks/Python.framework/Versions/3.11/lib/python3.11/site-packages/airflow/example_dags/plugins/event_listener.py took 0.045 seconds
[2023-10-21T14:33:49.303+0200] {processor.py:157} INFO - Started process (PID=65861) to work on /Library/Frameworks/Python.framework/Versions/3.11/lib/python3.11/site-packages/airflow/example_dags/plugins/event_listener.py
[2023-10-21T14:33:49.305+0200] {processor.py:829} INFO - Processing file /Library/Frameworks/Python.framework/Versions/3.11/lib/python3.11/site-packages/airflow/example_dags/plugins/event_listener.py for tasks to queue
[2023-10-21T14:33:49.305+0200] {logging_mixin.py:151} INFO - [2023-10-21T14:33:49.305+0200] {dagbag.py:536} INFO - Filling up the DagBag from /Library/Frameworks/Python.framework/Versions/3.11/lib/python3.11/site-packages/airflow/example_dags/plugins/event_listener.py
[2023-10-21T14:33:49.305+0200] {processor.py:841} WARNING - No viable dags retrieved from /Library/Frameworks/Python.framework/Versions/3.11/lib/python3.11/site-packages/airflow/example_dags/plugins/event_listener.py
[2023-10-21T14:33:49.352+0200] {processor.py:179} INFO - Processing /Library/Frameworks/Python.framework/Versions/3.11/lib/python3.11/site-packages/airflow/example_dags/plugins/event_listener.py took 0.050 seconds
[2023-10-21T14:34:24.473+0200] {processor.py:157} INFO - Started process (PID=65928) to work on /Library/Frameworks/Python.framework/Versions/3.11/lib/python3.11/site-packages/airflow/example_dags/plugins/event_listener.py
[2023-10-21T14:34:24.475+0200] {processor.py:829} INFO - Processing file /Library/Frameworks/Python.framework/Versions/3.11/lib/python3.11/site-packages/airflow/example_dags/plugins/event_listener.py for tasks to queue
[2023-10-21T14:34:24.475+0200] {logging_mixin.py:151} INFO - [2023-10-21T14:34:24.475+0200] {dagbag.py:536} INFO - Filling up the DagBag from /Library/Frameworks/Python.framework/Versions/3.11/lib/python3.11/site-packages/airflow/example_dags/plugins/event_listener.py
[2023-10-21T14:34:24.476+0200] {processor.py:841} WARNING - No viable dags retrieved from /Library/Frameworks/Python.framework/Versions/3.11/lib/python3.11/site-packages/airflow/example_dags/plugins/event_listener.py
[2023-10-21T14:34:24.517+0200] {processor.py:179} INFO - Processing /Library/Frameworks/Python.framework/Versions/3.11/lib/python3.11/site-packages/airflow/example_dags/plugins/event_listener.py took 0.044 seconds
[2023-10-21T14:34:59.766+0200] {processor.py:157} INFO - Started process (PID=66002) to work on /Library/Frameworks/Python.framework/Versions/3.11/lib/python3.11/site-packages/airflow/example_dags/plugins/event_listener.py
[2023-10-21T14:34:59.768+0200] {processor.py:829} INFO - Processing file /Library/Frameworks/Python.framework/Versions/3.11/lib/python3.11/site-packages/airflow/example_dags/plugins/event_listener.py for tasks to queue
[2023-10-21T14:34:59.768+0200] {logging_mixin.py:151} INFO - [2023-10-21T14:34:59.768+0200] {dagbag.py:536} INFO - Filling up the DagBag from /Library/Frameworks/Python.framework/Versions/3.11/lib/python3.11/site-packages/airflow/example_dags/plugins/event_listener.py
[2023-10-21T14:34:59.768+0200] {processor.py:841} WARNING - No viable dags retrieved from /Library/Frameworks/Python.framework/Versions/3.11/lib/python3.11/site-packages/airflow/example_dags/plugins/event_listener.py
[2023-10-21T14:34:59.810+0200] {processor.py:179} INFO - Processing /Library/Frameworks/Python.framework/Versions/3.11/lib/python3.11/site-packages/airflow/example_dags/plugins/event_listener.py took 0.044 seconds
[2023-10-21T14:35:35.434+0200] {processor.py:157} INFO - Started process (PID=66103) to work on /Library/Frameworks/Python.framework/Versions/3.11/lib/python3.11/site-packages/airflow/example_dags/plugins/event_listener.py
[2023-10-21T14:35:35.436+0200] {processor.py:829} INFO - Processing file /Library/Frameworks/Python.framework/Versions/3.11/lib/python3.11/site-packages/airflow/example_dags/plugins/event_listener.py for tasks to queue
[2023-10-21T14:35:35.436+0200] {logging_mixin.py:151} INFO - [2023-10-21T14:35:35.436+0200] {dagbag.py:536} INFO - Filling up the DagBag from /Library/Frameworks/Python.framework/Versions/3.11/lib/python3.11/site-packages/airflow/example_dags/plugins/event_listener.py
[2023-10-21T14:35:35.437+0200] {processor.py:841} WARNING - No viable dags retrieved from /Library/Frameworks/Python.framework/Versions/3.11/lib/python3.11/site-packages/airflow/example_dags/plugins/event_listener.py
[2023-10-21T14:35:35.477+0200] {processor.py:179} INFO - Processing /Library/Frameworks/Python.framework/Versions/3.11/lib/python3.11/site-packages/airflow/example_dags/plugins/event_listener.py took 0.043 seconds
[2023-10-21T14:36:11.531+0200] {processor.py:157} INFO - Started process (PID=66171) to work on /Library/Frameworks/Python.framework/Versions/3.11/lib/python3.11/site-packages/airflow/example_dags/plugins/event_listener.py
[2023-10-21T14:36:11.533+0200] {processor.py:829} INFO - Processing file /Library/Frameworks/Python.framework/Versions/3.11/lib/python3.11/site-packages/airflow/example_dags/plugins/event_listener.py for tasks to queue
[2023-10-21T14:36:11.533+0200] {logging_mixin.py:151} INFO - [2023-10-21T14:36:11.533+0200] {dagbag.py:536} INFO - Filling up the DagBag from /Library/Frameworks/Python.framework/Versions/3.11/lib/python3.11/site-packages/airflow/example_dags/plugins/event_listener.py
[2023-10-21T14:36:11.533+0200] {processor.py:841} WARNING - No viable dags retrieved from /Library/Frameworks/Python.framework/Versions/3.11/lib/python3.11/site-packages/airflow/example_dags/plugins/event_listener.py
[2023-10-21T14:36:11.574+0200] {processor.py:179} INFO - Processing /Library/Frameworks/Python.framework/Versions/3.11/lib/python3.11/site-packages/airflow/example_dags/plugins/event_listener.py took 0.043 seconds
[2023-10-21T14:38:53.991+0200] {processor.py:157} INFO - Started process (PID=66435) to work on /Library/Frameworks/Python.framework/Versions/3.11/lib/python3.11/site-packages/airflow/example_dags/plugins/event_listener.py
[2023-10-21T14:38:53.993+0200] {processor.py:829} INFO - Processing file /Library/Frameworks/Python.framework/Versions/3.11/lib/python3.11/site-packages/airflow/example_dags/plugins/event_listener.py for tasks to queue
[2023-10-21T14:38:53.993+0200] {logging_mixin.py:151} INFO - [2023-10-21T14:38:53.993+0200] {dagbag.py:536} INFO - Filling up the DagBag from /Library/Frameworks/Python.framework/Versions/3.11/lib/python3.11/site-packages/airflow/example_dags/plugins/event_listener.py
[2023-10-21T14:38:53.994+0200] {processor.py:841} WARNING - No viable dags retrieved from /Library/Frameworks/Python.framework/Versions/3.11/lib/python3.11/site-packages/airflow/example_dags/plugins/event_listener.py
[2023-10-21T14:38:54.040+0200] {processor.py:179} INFO - Processing /Library/Frameworks/Python.framework/Versions/3.11/lib/python3.11/site-packages/airflow/example_dags/plugins/event_listener.py took 0.049 seconds
[2023-10-21T14:45:10.894+0200] {processor.py:157} INFO - Started process (PID=66929) to work on /Library/Frameworks/Python.framework/Versions/3.11/lib/python3.11/site-packages/airflow/example_dags/plugins/event_listener.py
[2023-10-21T14:45:10.896+0200] {processor.py:829} INFO - Processing file /Library/Frameworks/Python.framework/Versions/3.11/lib/python3.11/site-packages/airflow/example_dags/plugins/event_listener.py for tasks to queue
[2023-10-21T14:45:10.896+0200] {logging_mixin.py:151} INFO - [2023-10-21T14:45:10.896+0200] {dagbag.py:536} INFO - Filling up the DagBag from /Library/Frameworks/Python.framework/Versions/3.11/lib/python3.11/site-packages/airflow/example_dags/plugins/event_listener.py
[2023-10-21T14:45:10.897+0200] {processor.py:841} WARNING - No viable dags retrieved from /Library/Frameworks/Python.framework/Versions/3.11/lib/python3.11/site-packages/airflow/example_dags/plugins/event_listener.py
[2023-10-21T14:45:10.939+0200] {processor.py:179} INFO - Processing /Library/Frameworks/Python.framework/Versions/3.11/lib/python3.11/site-packages/airflow/example_dags/plugins/event_listener.py took 0.045 seconds
[2023-10-21T14:46:15.261+0200] {processor.py:157} INFO - Started process (PID=67045) to work on /Library/Frameworks/Python.framework/Versions/3.11/lib/python3.11/site-packages/airflow/example_dags/plugins/event_listener.py
[2023-10-21T14:46:15.263+0200] {processor.py:829} INFO - Processing file /Library/Frameworks/Python.framework/Versions/3.11/lib/python3.11/site-packages/airflow/example_dags/plugins/event_listener.py for tasks to queue
[2023-10-21T14:46:15.263+0200] {logging_mixin.py:151} INFO - [2023-10-21T14:46:15.263+0200] {dagbag.py:536} INFO - Filling up the DagBag from /Library/Frameworks/Python.framework/Versions/3.11/lib/python3.11/site-packages/airflow/example_dags/plugins/event_listener.py
[2023-10-21T14:46:15.264+0200] {processor.py:841} WARNING - No viable dags retrieved from /Library/Frameworks/Python.framework/Versions/3.11/lib/python3.11/site-packages/airflow/example_dags/plugins/event_listener.py
[2023-10-21T14:46:15.304+0200] {processor.py:179} INFO - Processing /Library/Frameworks/Python.framework/Versions/3.11/lib/python3.11/site-packages/airflow/example_dags/plugins/event_listener.py took 0.044 seconds
[2023-10-21T14:51:07.992+0200] {processor.py:157} INFO - Started process (PID=67692) to work on /Library/Frameworks/Python.framework/Versions/3.11/lib/python3.11/site-packages/airflow/example_dags/plugins/event_listener.py
[2023-10-21T14:51:07.995+0200] {processor.py:829} INFO - Processing file /Library/Frameworks/Python.framework/Versions/3.11/lib/python3.11/site-packages/airflow/example_dags/plugins/event_listener.py for tasks to queue
[2023-10-21T14:51:07.995+0200] {logging_mixin.py:151} INFO - [2023-10-21T14:51:07.995+0200] {dagbag.py:536} INFO - Filling up the DagBag from /Library/Frameworks/Python.framework/Versions/3.11/lib/python3.11/site-packages/airflow/example_dags/plugins/event_listener.py
[2023-10-21T14:51:07.996+0200] {processor.py:841} WARNING - No viable dags retrieved from /Library/Frameworks/Python.framework/Versions/3.11/lib/python3.11/site-packages/airflow/example_dags/plugins/event_listener.py
[2023-10-21T14:51:08.040+0200] {processor.py:179} INFO - Processing /Library/Frameworks/Python.framework/Versions/3.11/lib/python3.11/site-packages/airflow/example_dags/plugins/event_listener.py took 0.048 seconds
[2023-10-21T14:52:12.728+0200] {processor.py:157} INFO - Started process (PID=67826) to work on /Library/Frameworks/Python.framework/Versions/3.11/lib/python3.11/site-packages/airflow/example_dags/plugins/event_listener.py
[2023-10-21T14:52:12.729+0200] {processor.py:829} INFO - Processing file /Library/Frameworks/Python.framework/Versions/3.11/lib/python3.11/site-packages/airflow/example_dags/plugins/event_listener.py for tasks to queue
[2023-10-21T14:52:12.730+0200] {logging_mixin.py:151} INFO - [2023-10-21T14:52:12.730+0200] {dagbag.py:536} INFO - Filling up the DagBag from /Library/Frameworks/Python.framework/Versions/3.11/lib/python3.11/site-packages/airflow/example_dags/plugins/event_listener.py
[2023-10-21T14:52:12.730+0200] {processor.py:841} WARNING - No viable dags retrieved from /Library/Frameworks/Python.framework/Versions/3.11/lib/python3.11/site-packages/airflow/example_dags/plugins/event_listener.py
[2023-10-21T14:52:12.771+0200] {processor.py:179} INFO - Processing /Library/Frameworks/Python.framework/Versions/3.11/lib/python3.11/site-packages/airflow/example_dags/plugins/event_listener.py took 0.044 seconds
[2023-10-21T14:52:47.249+0200] {processor.py:157} INFO - Started process (PID=67901) to work on /Library/Frameworks/Python.framework/Versions/3.11/lib/python3.11/site-packages/airflow/example_dags/plugins/event_listener.py
[2023-10-21T14:52:47.251+0200] {processor.py:829} INFO - Processing file /Library/Frameworks/Python.framework/Versions/3.11/lib/python3.11/site-packages/airflow/example_dags/plugins/event_listener.py for tasks to queue
[2023-10-21T14:52:47.251+0200] {logging_mixin.py:151} INFO - [2023-10-21T14:52:47.251+0200] {dagbag.py:536} INFO - Filling up the DagBag from /Library/Frameworks/Python.framework/Versions/3.11/lib/python3.11/site-packages/airflow/example_dags/plugins/event_listener.py
[2023-10-21T14:52:47.251+0200] {processor.py:841} WARNING - No viable dags retrieved from /Library/Frameworks/Python.framework/Versions/3.11/lib/python3.11/site-packages/airflow/example_dags/plugins/event_listener.py
[2023-10-21T14:52:47.293+0200] {processor.py:179} INFO - Processing /Library/Frameworks/Python.framework/Versions/3.11/lib/python3.11/site-packages/airflow/example_dags/plugins/event_listener.py took 0.044 seconds
[2023-10-21T14:53:22.766+0200] {processor.py:157} INFO - Started process (PID=67965) to work on /Library/Frameworks/Python.framework/Versions/3.11/lib/python3.11/site-packages/airflow/example_dags/plugins/event_listener.py
[2023-10-21T14:53:22.768+0200] {processor.py:829} INFO - Processing file /Library/Frameworks/Python.framework/Versions/3.11/lib/python3.11/site-packages/airflow/example_dags/plugins/event_listener.py for tasks to queue
[2023-10-21T14:53:22.768+0200] {logging_mixin.py:151} INFO - [2023-10-21T14:53:22.768+0200] {dagbag.py:536} INFO - Filling up the DagBag from /Library/Frameworks/Python.framework/Versions/3.11/lib/python3.11/site-packages/airflow/example_dags/plugins/event_listener.py
[2023-10-21T14:53:22.769+0200] {processor.py:841} WARNING - No viable dags retrieved from /Library/Frameworks/Python.framework/Versions/3.11/lib/python3.11/site-packages/airflow/example_dags/plugins/event_listener.py
[2023-10-21T14:53:22.810+0200] {processor.py:179} INFO - Processing /Library/Frameworks/Python.framework/Versions/3.11/lib/python3.11/site-packages/airflow/example_dags/plugins/event_listener.py took 0.044 seconds
[2023-10-21T14:53:58.989+0200] {processor.py:157} INFO - Started process (PID=68036) to work on /Library/Frameworks/Python.framework/Versions/3.11/lib/python3.11/site-packages/airflow/example_dags/plugins/event_listener.py
[2023-10-21T14:53:58.991+0200] {processor.py:829} INFO - Processing file /Library/Frameworks/Python.framework/Versions/3.11/lib/python3.11/site-packages/airflow/example_dags/plugins/event_listener.py for tasks to queue
[2023-10-21T14:53:58.991+0200] {logging_mixin.py:151} INFO - [2023-10-21T14:53:58.991+0200] {dagbag.py:536} INFO - Filling up the DagBag from /Library/Frameworks/Python.framework/Versions/3.11/lib/python3.11/site-packages/airflow/example_dags/plugins/event_listener.py
[2023-10-21T14:53:58.992+0200] {processor.py:841} WARNING - No viable dags retrieved from /Library/Frameworks/Python.framework/Versions/3.11/lib/python3.11/site-packages/airflow/example_dags/plugins/event_listener.py
[2023-10-21T14:53:59.035+0200] {processor.py:179} INFO - Processing /Library/Frameworks/Python.framework/Versions/3.11/lib/python3.11/site-packages/airflow/example_dags/plugins/event_listener.py took 0.046 seconds
[2023-10-21T14:54:34.897+0200] {processor.py:157} INFO - Started process (PID=68108) to work on /Library/Frameworks/Python.framework/Versions/3.11/lib/python3.11/site-packages/airflow/example_dags/plugins/event_listener.py
[2023-10-21T14:54:34.899+0200] {processor.py:829} INFO - Processing file /Library/Frameworks/Python.framework/Versions/3.11/lib/python3.11/site-packages/airflow/example_dags/plugins/event_listener.py for tasks to queue
[2023-10-21T14:54:34.900+0200] {logging_mixin.py:151} INFO - [2023-10-21T14:54:34.899+0200] {dagbag.py:536} INFO - Filling up the DagBag from /Library/Frameworks/Python.framework/Versions/3.11/lib/python3.11/site-packages/airflow/example_dags/plugins/event_listener.py
[2023-10-21T14:54:34.900+0200] {processor.py:841} WARNING - No viable dags retrieved from /Library/Frameworks/Python.framework/Versions/3.11/lib/python3.11/site-packages/airflow/example_dags/plugins/event_listener.py
[2023-10-21T14:54:34.941+0200] {processor.py:179} INFO - Processing /Library/Frameworks/Python.framework/Versions/3.11/lib/python3.11/site-packages/airflow/example_dags/plugins/event_listener.py took 0.045 seconds
[2023-10-21T14:55:44.814+0200] {processor.py:157} INFO - Started process (PID=68260) to work on /Library/Frameworks/Python.framework/Versions/3.11/lib/python3.11/site-packages/airflow/example_dags/plugins/event_listener.py
[2023-10-21T14:55:44.816+0200] {processor.py:829} INFO - Processing file /Library/Frameworks/Python.framework/Versions/3.11/lib/python3.11/site-packages/airflow/example_dags/plugins/event_listener.py for tasks to queue
[2023-10-21T14:55:44.816+0200] {logging_mixin.py:151} INFO - [2023-10-21T14:55:44.816+0200] {dagbag.py:536} INFO - Filling up the DagBag from /Library/Frameworks/Python.framework/Versions/3.11/lib/python3.11/site-packages/airflow/example_dags/plugins/event_listener.py
[2023-10-21T14:55:44.816+0200] {processor.py:841} WARNING - No viable dags retrieved from /Library/Frameworks/Python.framework/Versions/3.11/lib/python3.11/site-packages/airflow/example_dags/plugins/event_listener.py
[2023-10-21T14:55:44.857+0200] {processor.py:179} INFO - Processing /Library/Frameworks/Python.framework/Versions/3.11/lib/python3.11/site-packages/airflow/example_dags/plugins/event_listener.py took 0.044 seconds
[2023-10-21T14:56:20.490+0200] {processor.py:157} INFO - Started process (PID=68335) to work on /Library/Frameworks/Python.framework/Versions/3.11/lib/python3.11/site-packages/airflow/example_dags/plugins/event_listener.py
[2023-10-21T14:56:20.492+0200] {processor.py:829} INFO - Processing file /Library/Frameworks/Python.framework/Versions/3.11/lib/python3.11/site-packages/airflow/example_dags/plugins/event_listener.py for tasks to queue
[2023-10-21T14:56:20.492+0200] {logging_mixin.py:151} INFO - [2023-10-21T14:56:20.492+0200] {dagbag.py:536} INFO - Filling up the DagBag from /Library/Frameworks/Python.framework/Versions/3.11/lib/python3.11/site-packages/airflow/example_dags/plugins/event_listener.py
[2023-10-21T14:56:20.492+0200] {processor.py:841} WARNING - No viable dags retrieved from /Library/Frameworks/Python.framework/Versions/3.11/lib/python3.11/site-packages/airflow/example_dags/plugins/event_listener.py
[2023-10-21T14:56:20.542+0200] {processor.py:179} INFO - Processing /Library/Frameworks/Python.framework/Versions/3.11/lib/python3.11/site-packages/airflow/example_dags/plugins/event_listener.py took 0.052 seconds
