[2023-10-21T14:26:51.724+0200] {processor.py:157} INFO - Started process (PID=64938) to work on /Library/Frameworks/Python.framework/Versions/3.11/lib/python3.11/site-packages/airflow/example_dags/plugins/workday.py
[2023-10-21T14:26:51.726+0200] {processor.py:829} INFO - Processing file /Library/Frameworks/Python.framework/Versions/3.11/lib/python3.11/site-packages/airflow/example_dags/plugins/workday.py for tasks to queue
[2023-10-21T14:26:51.726+0200] {logging_mixin.py:151} INFO - [2023-10-21T14:26:51.726+0200] {dagbag.py:536} INFO - Filling up the DagBag from /Library/Frameworks/Python.framework/Versions/3.11/lib/python3.11/site-packages/airflow/example_dags/plugins/workday.py
[2023-10-21T14:26:51.726+0200] {logging_mixin.py:151} INFO - [2023-10-21T14:26:51.726+0200] {workday.py:36} WARNING - Could not import pandas. Holidays will not be considered.
[2023-10-21T14:26:51.727+0200] {processor.py:841} WARNING - No viable dags retrieved from /Library/Frameworks/Python.framework/Versions/3.11/lib/python3.11/site-packages/airflow/example_dags/plugins/workday.py
[2023-10-21T14:26:51.767+0200] {processor.py:179} INFO - Processing /Library/Frameworks/Python.framework/Versions/3.11/lib/python3.11/site-packages/airflow/example_dags/plugins/workday.py took 0.043 seconds
[2023-10-21T14:27:41.114+0200] {processor.py:157} INFO - Started process (PID=65007) to work on /Library/Frameworks/Python.framework/Versions/3.11/lib/python3.11/site-packages/airflow/example_dags/plugins/workday.py
[2023-10-21T14:27:41.116+0200] {processor.py:829} INFO - Processing file /Library/Frameworks/Python.framework/Versions/3.11/lib/python3.11/site-packages/airflow/example_dags/plugins/workday.py for tasks to queue
[2023-10-21T14:27:41.116+0200] {logging_mixin.py:151} INFO - [2023-10-21T14:27:41.116+0200] {dagbag.py:536} INFO - Filling up the DagBag from /Library/Frameworks/Python.framework/Versions/3.11/lib/python3.11/site-packages/airflow/example_dags/plugins/workday.py
[2023-10-21T14:27:41.117+0200] {logging_mixin.py:151} INFO - [2023-10-21T14:27:41.117+0200] {workday.py:36} WARNING - Could not import pandas. Holidays will not be considered.
[2023-10-21T14:27:41.117+0200] {processor.py:841} WARNING - No viable dags retrieved from /Library/Frameworks/Python.framework/Versions/3.11/lib/python3.11/site-packages/airflow/example_dags/plugins/workday.py
[2023-10-21T14:27:41.165+0200] {processor.py:179} INFO - Processing /Library/Frameworks/Python.framework/Versions/3.11/lib/python3.11/site-packages/airflow/example_dags/plugins/workday.py took 0.051 seconds
[2023-10-21T14:28:56.299+0200] {processor.py:157} INFO - Started process (PID=65154) to work on /Library/Frameworks/Python.framework/Versions/3.11/lib/python3.11/site-packages/airflow/example_dags/plugins/workday.py
[2023-10-21T14:28:56.302+0200] {processor.py:829} INFO - Processing file /Library/Frameworks/Python.framework/Versions/3.11/lib/python3.11/site-packages/airflow/example_dags/plugins/workday.py for tasks to queue
[2023-10-21T14:28:56.302+0200] {logging_mixin.py:151} INFO - [2023-10-21T14:28:56.302+0200] {dagbag.py:536} INFO - Filling up the DagBag from /Library/Frameworks/Python.framework/Versions/3.11/lib/python3.11/site-packages/airflow/example_dags/plugins/workday.py
[2023-10-21T14:28:56.303+0200] {logging_mixin.py:151} INFO - [2023-10-21T14:28:56.303+0200] {workday.py:36} WARNING - Could not import pandas. Holidays will not be considered.
[2023-10-21T14:28:56.303+0200] {processor.py:841} WARNING - No viable dags retrieved from /Library/Frameworks/Python.framework/Versions/3.11/lib/python3.11/site-packages/airflow/example_dags/plugins/workday.py
[2023-10-21T14:28:56.346+0200] {processor.py:179} INFO - Processing /Library/Frameworks/Python.framework/Versions/3.11/lib/python3.11/site-packages/airflow/example_dags/plugins/workday.py took 0.046 seconds
[2023-10-21T14:29:36.599+0200] {processor.py:157} INFO - Started process (PID=65264) to work on /Library/Frameworks/Python.framework/Versions/3.11/lib/python3.11/site-packages/airflow/example_dags/plugins/workday.py
[2023-10-21T14:29:36.602+0200] {processor.py:829} INFO - Processing file /Library/Frameworks/Python.framework/Versions/3.11/lib/python3.11/site-packages/airflow/example_dags/plugins/workday.py for tasks to queue
[2023-10-21T14:29:36.602+0200] {logging_mixin.py:151} INFO - [2023-10-21T14:29:36.602+0200] {dagbag.py:536} INFO - Filling up the DagBag from /Library/Frameworks/Python.framework/Versions/3.11/lib/python3.11/site-packages/airflow/example_dags/plugins/workday.py
[2023-10-21T14:29:36.603+0200] {logging_mixin.py:151} INFO - [2023-10-21T14:29:36.603+0200] {workday.py:36} WARNING - Could not import pandas. Holidays will not be considered.
[2023-10-21T14:29:36.603+0200] {processor.py:841} WARNING - No viable dags retrieved from /Library/Frameworks/Python.framework/Versions/3.11/lib/python3.11/site-packages/airflow/example_dags/plugins/workday.py
[2023-10-21T14:29:36.644+0200] {processor.py:179} INFO - Processing /Library/Frameworks/Python.framework/Versions/3.11/lib/python3.11/site-packages/airflow/example_dags/plugins/workday.py took 0.045 seconds
[2023-10-21T14:30:12.687+0200] {processor.py:157} INFO - Started process (PID=65335) to work on /Library/Frameworks/Python.framework/Versions/3.11/lib/python3.11/site-packages/airflow/example_dags/plugins/workday.py
[2023-10-21T14:30:12.688+0200] {processor.py:829} INFO - Processing file /Library/Frameworks/Python.framework/Versions/3.11/lib/python3.11/site-packages/airflow/example_dags/plugins/workday.py for tasks to queue
[2023-10-21T14:30:12.689+0200] {logging_mixin.py:151} INFO - [2023-10-21T14:30:12.689+0200] {dagbag.py:536} INFO - Filling up the DagBag from /Library/Frameworks/Python.framework/Versions/3.11/lib/python3.11/site-packages/airflow/example_dags/plugins/workday.py
[2023-10-21T14:30:12.689+0200] {logging_mixin.py:151} INFO - [2023-10-21T14:30:12.689+0200] {workday.py:36} WARNING - Could not import pandas. Holidays will not be considered.
[2023-10-21T14:30:12.689+0200] {processor.py:841} WARNING - No viable dags retrieved from /Library/Frameworks/Python.framework/Versions/3.11/lib/python3.11/site-packages/airflow/example_dags/plugins/workday.py
[2023-10-21T14:30:12.732+0200] {processor.py:179} INFO - Processing /Library/Frameworks/Python.framework/Versions/3.11/lib/python3.11/site-packages/airflow/example_dags/plugins/workday.py took 0.046 seconds
[2023-10-21T14:30:47.918+0200] {processor.py:157} INFO - Started process (PID=65401) to work on /Library/Frameworks/Python.framework/Versions/3.11/lib/python3.11/site-packages/airflow/example_dags/plugins/workday.py
[2023-10-21T14:30:47.919+0200] {processor.py:829} INFO - Processing file /Library/Frameworks/Python.framework/Versions/3.11/lib/python3.11/site-packages/airflow/example_dags/plugins/workday.py for tasks to queue
[2023-10-21T14:30:47.920+0200] {logging_mixin.py:151} INFO - [2023-10-21T14:30:47.920+0200] {dagbag.py:536} INFO - Filling up the DagBag from /Library/Frameworks/Python.framework/Versions/3.11/lib/python3.11/site-packages/airflow/example_dags/plugins/workday.py
[2023-10-21T14:30:47.920+0200] {logging_mixin.py:151} INFO - [2023-10-21T14:30:47.920+0200] {workday.py:36} WARNING - Could not import pandas. Holidays will not be considered.
[2023-10-21T14:30:47.920+0200] {processor.py:841} WARNING - No viable dags retrieved from /Library/Frameworks/Python.framework/Versions/3.11/lib/python3.11/site-packages/airflow/example_dags/plugins/workday.py
[2023-10-21T14:30:47.961+0200] {processor.py:179} INFO - Processing /Library/Frameworks/Python.framework/Versions/3.11/lib/python3.11/site-packages/airflow/example_dags/plugins/workday.py took 0.044 seconds
[2023-10-21T14:31:23.508+0200] {processor.py:157} INFO - Started process (PID=65478) to work on /Library/Frameworks/Python.framework/Versions/3.11/lib/python3.11/site-packages/airflow/example_dags/plugins/workday.py
[2023-10-21T14:31:23.511+0200] {processor.py:829} INFO - Processing file /Library/Frameworks/Python.framework/Versions/3.11/lib/python3.11/site-packages/airflow/example_dags/plugins/workday.py for tasks to queue
[2023-10-21T14:31:23.511+0200] {logging_mixin.py:151} INFO - [2023-10-21T14:31:23.511+0200] {dagbag.py:536} INFO - Filling up the DagBag from /Library/Frameworks/Python.framework/Versions/3.11/lib/python3.11/site-packages/airflow/example_dags/plugins/workday.py
[2023-10-21T14:31:23.511+0200] {logging_mixin.py:151} INFO - [2023-10-21T14:31:23.511+0200] {workday.py:36} WARNING - Could not import pandas. Holidays will not be considered.
[2023-10-21T14:31:23.512+0200] {processor.py:841} WARNING - No viable dags retrieved from /Library/Frameworks/Python.framework/Versions/3.11/lib/python3.11/site-packages/airflow/example_dags/plugins/workday.py
[2023-10-21T14:31:23.553+0200] {processor.py:179} INFO - Processing /Library/Frameworks/Python.framework/Versions/3.11/lib/python3.11/site-packages/airflow/example_dags/plugins/workday.py took 0.045 seconds
[2023-10-21T14:32:01.089+0200] {processor.py:157} INFO - Started process (PID=65553) to work on /Library/Frameworks/Python.framework/Versions/3.11/lib/python3.11/site-packages/airflow/example_dags/plugins/workday.py
[2023-10-21T14:32:01.091+0200] {processor.py:829} INFO - Processing file /Library/Frameworks/Python.framework/Versions/3.11/lib/python3.11/site-packages/airflow/example_dags/plugins/workday.py for tasks to queue
[2023-10-21T14:32:01.091+0200] {logging_mixin.py:151} INFO - [2023-10-21T14:32:01.091+0200] {dagbag.py:536} INFO - Filling up the DagBag from /Library/Frameworks/Python.framework/Versions/3.11/lib/python3.11/site-packages/airflow/example_dags/plugins/workday.py
[2023-10-21T14:32:01.092+0200] {logging_mixin.py:151} INFO - [2023-10-21T14:32:01.092+0200] {workday.py:36} WARNING - Could not import pandas. Holidays will not be considered.
[2023-10-21T14:32:01.092+0200] {processor.py:841} WARNING - No viable dags retrieved from /Library/Frameworks/Python.framework/Versions/3.11/lib/python3.11/site-packages/airflow/example_dags/plugins/workday.py
[2023-10-21T14:32:01.136+0200] {processor.py:179} INFO - Processing /Library/Frameworks/Python.framework/Versions/3.11/lib/python3.11/site-packages/airflow/example_dags/plugins/workday.py took 0.048 seconds
[2023-10-21T14:32:35.605+0200] {processor.py:157} INFO - Started process (PID=65624) to work on /Library/Frameworks/Python.framework/Versions/3.11/lib/python3.11/site-packages/airflow/example_dags/plugins/workday.py
[2023-10-21T14:32:35.608+0200] {processor.py:829} INFO - Processing file /Library/Frameworks/Python.framework/Versions/3.11/lib/python3.11/site-packages/airflow/example_dags/plugins/workday.py for tasks to queue
[2023-10-21T14:32:35.608+0200] {logging_mixin.py:151} INFO - [2023-10-21T14:32:35.608+0200] {dagbag.py:536} INFO - Filling up the DagBag from /Library/Frameworks/Python.framework/Versions/3.11/lib/python3.11/site-packages/airflow/example_dags/plugins/workday.py
[2023-10-21T14:32:35.609+0200] {logging_mixin.py:151} INFO - [2023-10-21T14:32:35.609+0200] {workday.py:36} WARNING - Could not import pandas. Holidays will not be considered.
[2023-10-21T14:32:35.609+0200] {processor.py:841} WARNING - No viable dags retrieved from /Library/Frameworks/Python.framework/Versions/3.11/lib/python3.11/site-packages/airflow/example_dags/plugins/workday.py
[2023-10-21T14:32:35.650+0200] {processor.py:179} INFO - Processing /Library/Frameworks/Python.framework/Versions/3.11/lib/python3.11/site-packages/airflow/example_dags/plugins/workday.py took 0.045 seconds
[2023-10-21T14:33:11.504+0200] {processor.py:157} INFO - Started process (PID=65710) to work on /Library/Frameworks/Python.framework/Versions/3.11/lib/python3.11/site-packages/airflow/example_dags/plugins/workday.py
[2023-10-21T14:33:11.506+0200] {processor.py:829} INFO - Processing file /Library/Frameworks/Python.framework/Versions/3.11/lib/python3.11/site-packages/airflow/example_dags/plugins/workday.py for tasks to queue
[2023-10-21T14:33:11.506+0200] {logging_mixin.py:151} INFO - [2023-10-21T14:33:11.506+0200] {dagbag.py:536} INFO - Filling up the DagBag from /Library/Frameworks/Python.framework/Versions/3.11/lib/python3.11/site-packages/airflow/example_dags/plugins/workday.py
[2023-10-21T14:33:11.507+0200] {logging_mixin.py:151} INFO - [2023-10-21T14:33:11.507+0200] {workday.py:36} WARNING - Could not import pandas. Holidays will not be considered.
[2023-10-21T14:33:11.507+0200] {processor.py:841} WARNING - No viable dags retrieved from /Library/Frameworks/Python.framework/Versions/3.11/lib/python3.11/site-packages/airflow/example_dags/plugins/workday.py
[2023-10-21T14:33:11.549+0200] {processor.py:179} INFO - Processing /Library/Frameworks/Python.framework/Versions/3.11/lib/python3.11/site-packages/airflow/example_dags/plugins/workday.py took 0.045 seconds
[2023-10-21T14:33:46.973+0200] {processor.py:157} INFO - Started process (PID=65853) to work on /Library/Frameworks/Python.framework/Versions/3.11/lib/python3.11/site-packages/airflow/example_dags/plugins/workday.py
[2023-10-21T14:33:46.976+0200] {processor.py:829} INFO - Processing file /Library/Frameworks/Python.framework/Versions/3.11/lib/python3.11/site-packages/airflow/example_dags/plugins/workday.py for tasks to queue
[2023-10-21T14:33:46.976+0200] {logging_mixin.py:151} INFO - [2023-10-21T14:33:46.976+0200] {dagbag.py:536} INFO - Filling up the DagBag from /Library/Frameworks/Python.framework/Versions/3.11/lib/python3.11/site-packages/airflow/example_dags/plugins/workday.py
[2023-10-21T14:33:46.977+0200] {logging_mixin.py:151} INFO - [2023-10-21T14:33:46.977+0200] {workday.py:36} WARNING - Could not import pandas. Holidays will not be considered.
[2023-10-21T14:33:46.977+0200] {processor.py:841} WARNING - No viable dags retrieved from /Library/Frameworks/Python.framework/Versions/3.11/lib/python3.11/site-packages/airflow/example_dags/plugins/workday.py
[2023-10-21T14:33:47.018+0200] {processor.py:179} INFO - Processing /Library/Frameworks/Python.framework/Versions/3.11/lib/python3.11/site-packages/airflow/example_dags/plugins/workday.py took 0.045 seconds
[2023-10-21T14:34:21.374+0200] {processor.py:157} INFO - Started process (PID=65923) to work on /Library/Frameworks/Python.framework/Versions/3.11/lib/python3.11/site-packages/airflow/example_dags/plugins/workday.py
[2023-10-21T14:34:21.376+0200] {processor.py:829} INFO - Processing file /Library/Frameworks/Python.framework/Versions/3.11/lib/python3.11/site-packages/airflow/example_dags/plugins/workday.py for tasks to queue
[2023-10-21T14:34:21.376+0200] {logging_mixin.py:151} INFO - [2023-10-21T14:34:21.376+0200] {dagbag.py:536} INFO - Filling up the DagBag from /Library/Frameworks/Python.framework/Versions/3.11/lib/python3.11/site-packages/airflow/example_dags/plugins/workday.py
[2023-10-21T14:34:21.378+0200] {logging_mixin.py:151} INFO - [2023-10-21T14:34:21.378+0200] {workday.py:36} WARNING - Could not import pandas. Holidays will not be considered.
[2023-10-21T14:34:21.378+0200] {processor.py:841} WARNING - No viable dags retrieved from /Library/Frameworks/Python.framework/Versions/3.11/lib/python3.11/site-packages/airflow/example_dags/plugins/workday.py
[2023-10-21T14:34:21.418+0200] {processor.py:179} INFO - Processing /Library/Frameworks/Python.framework/Versions/3.11/lib/python3.11/site-packages/airflow/example_dags/plugins/workday.py took 0.044 seconds
[2023-10-21T14:34:56.649+0200] {processor.py:157} INFO - Started process (PID=65996) to work on /Library/Frameworks/Python.framework/Versions/3.11/lib/python3.11/site-packages/airflow/example_dags/plugins/workday.py
[2023-10-21T14:34:56.650+0200] {processor.py:829} INFO - Processing file /Library/Frameworks/Python.framework/Versions/3.11/lib/python3.11/site-packages/airflow/example_dags/plugins/workday.py for tasks to queue
[2023-10-21T14:34:56.651+0200] {logging_mixin.py:151} INFO - [2023-10-21T14:34:56.650+0200] {dagbag.py:536} INFO - Filling up the DagBag from /Library/Frameworks/Python.framework/Versions/3.11/lib/python3.11/site-packages/airflow/example_dags/plugins/workday.py
[2023-10-21T14:34:56.651+0200] {logging_mixin.py:151} INFO - [2023-10-21T14:34:56.651+0200] {workday.py:36} WARNING - Could not import pandas. Holidays will not be considered.
[2023-10-21T14:34:56.651+0200] {processor.py:841} WARNING - No viable dags retrieved from /Library/Frameworks/Python.framework/Versions/3.11/lib/python3.11/site-packages/airflow/example_dags/plugins/workday.py
[2023-10-21T14:34:56.693+0200] {processor.py:179} INFO - Processing /Library/Frameworks/Python.framework/Versions/3.11/lib/python3.11/site-packages/airflow/example_dags/plugins/workday.py took 0.045 seconds
[2023-10-21T14:35:33.050+0200] {processor.py:157} INFO - Started process (PID=66099) to work on /Library/Frameworks/Python.framework/Versions/3.11/lib/python3.11/site-packages/airflow/example_dags/plugins/workday.py
[2023-10-21T14:35:33.052+0200] {processor.py:829} INFO - Processing file /Library/Frameworks/Python.framework/Versions/3.11/lib/python3.11/site-packages/airflow/example_dags/plugins/workday.py for tasks to queue
[2023-10-21T14:35:33.052+0200] {logging_mixin.py:151} INFO - [2023-10-21T14:35:33.052+0200] {dagbag.py:536} INFO - Filling up the DagBag from /Library/Frameworks/Python.framework/Versions/3.11/lib/python3.11/site-packages/airflow/example_dags/plugins/workday.py
[2023-10-21T14:35:33.052+0200] {logging_mixin.py:151} INFO - [2023-10-21T14:35:33.052+0200] {workday.py:36} WARNING - Could not import pandas. Holidays will not be considered.
[2023-10-21T14:35:33.053+0200] {processor.py:841} WARNING - No viable dags retrieved from /Library/Frameworks/Python.framework/Versions/3.11/lib/python3.11/site-packages/airflow/example_dags/plugins/workday.py
[2023-10-21T14:35:33.093+0200] {processor.py:179} INFO - Processing /Library/Frameworks/Python.framework/Versions/3.11/lib/python3.11/site-packages/airflow/example_dags/plugins/workday.py took 0.044 seconds
[2023-10-21T14:36:08.419+0200] {processor.py:157} INFO - Started process (PID=66166) to work on /Library/Frameworks/Python.framework/Versions/3.11/lib/python3.11/site-packages/airflow/example_dags/plugins/workday.py
[2023-10-21T14:36:08.421+0200] {processor.py:829} INFO - Processing file /Library/Frameworks/Python.framework/Versions/3.11/lib/python3.11/site-packages/airflow/example_dags/plugins/workday.py for tasks to queue
[2023-10-21T14:36:08.421+0200] {logging_mixin.py:151} INFO - [2023-10-21T14:36:08.421+0200] {dagbag.py:536} INFO - Filling up the DagBag from /Library/Frameworks/Python.framework/Versions/3.11/lib/python3.11/site-packages/airflow/example_dags/plugins/workday.py
[2023-10-21T14:36:08.421+0200] {logging_mixin.py:151} INFO - [2023-10-21T14:36:08.421+0200] {workday.py:36} WARNING - Could not import pandas. Holidays will not be considered.
[2023-10-21T14:36:08.421+0200] {processor.py:841} WARNING - No viable dags retrieved from /Library/Frameworks/Python.framework/Versions/3.11/lib/python3.11/site-packages/airflow/example_dags/plugins/workday.py
[2023-10-21T14:36:08.462+0200] {processor.py:179} INFO - Processing /Library/Frameworks/Python.framework/Versions/3.11/lib/python3.11/site-packages/airflow/example_dags/plugins/workday.py took 0.044 seconds
[2023-10-21T14:38:51.019+0200] {processor.py:157} INFO - Started process (PID=66429) to work on /Library/Frameworks/Python.framework/Versions/3.11/lib/python3.11/site-packages/airflow/example_dags/plugins/workday.py
[2023-10-21T14:38:51.021+0200] {processor.py:829} INFO - Processing file /Library/Frameworks/Python.framework/Versions/3.11/lib/python3.11/site-packages/airflow/example_dags/plugins/workday.py for tasks to queue
[2023-10-21T14:38:51.021+0200] {logging_mixin.py:151} INFO - [2023-10-21T14:38:51.021+0200] {dagbag.py:536} INFO - Filling up the DagBag from /Library/Frameworks/Python.framework/Versions/3.11/lib/python3.11/site-packages/airflow/example_dags/plugins/workday.py
[2023-10-21T14:38:51.022+0200] {logging_mixin.py:151} INFO - [2023-10-21T14:38:51.022+0200] {workday.py:36} WARNING - Could not import pandas. Holidays will not be considered.
[2023-10-21T14:38:51.022+0200] {processor.py:841} WARNING - No viable dags retrieved from /Library/Frameworks/Python.framework/Versions/3.11/lib/python3.11/site-packages/airflow/example_dags/plugins/workday.py
[2023-10-21T14:38:51.068+0200] {processor.py:179} INFO - Processing /Library/Frameworks/Python.framework/Versions/3.11/lib/python3.11/site-packages/airflow/example_dags/plugins/workday.py took 0.049 seconds
[2023-10-21T14:45:07.867+0200] {processor.py:157} INFO - Started process (PID=66923) to work on /Library/Frameworks/Python.framework/Versions/3.11/lib/python3.11/site-packages/airflow/example_dags/plugins/workday.py
[2023-10-21T14:45:07.868+0200] {processor.py:829} INFO - Processing file /Library/Frameworks/Python.framework/Versions/3.11/lib/python3.11/site-packages/airflow/example_dags/plugins/workday.py for tasks to queue
[2023-10-21T14:45:07.869+0200] {logging_mixin.py:151} INFO - [2023-10-21T14:45:07.869+0200] {dagbag.py:536} INFO - Filling up the DagBag from /Library/Frameworks/Python.framework/Versions/3.11/lib/python3.11/site-packages/airflow/example_dags/plugins/workday.py
[2023-10-21T14:45:07.869+0200] {logging_mixin.py:151} INFO - [2023-10-21T14:45:07.869+0200] {workday.py:36} WARNING - Could not import pandas. Holidays will not be considered.
[2023-10-21T14:45:07.869+0200] {processor.py:841} WARNING - No viable dags retrieved from /Library/Frameworks/Python.framework/Versions/3.11/lib/python3.11/site-packages/airflow/example_dags/plugins/workday.py
[2023-10-21T14:45:07.910+0200] {processor.py:179} INFO - Processing /Library/Frameworks/Python.framework/Versions/3.11/lib/python3.11/site-packages/airflow/example_dags/plugins/workday.py took 0.044 seconds
[2023-10-21T14:46:12.136+0200] {processor.py:157} INFO - Started process (PID=67040) to work on /Library/Frameworks/Python.framework/Versions/3.11/lib/python3.11/site-packages/airflow/example_dags/plugins/workday.py
[2023-10-21T14:46:12.138+0200] {processor.py:829} INFO - Processing file /Library/Frameworks/Python.framework/Versions/3.11/lib/python3.11/site-packages/airflow/example_dags/plugins/workday.py for tasks to queue
[2023-10-21T14:46:12.138+0200] {logging_mixin.py:151} INFO - [2023-10-21T14:46:12.138+0200] {dagbag.py:536} INFO - Filling up the DagBag from /Library/Frameworks/Python.framework/Versions/3.11/lib/python3.11/site-packages/airflow/example_dags/plugins/workday.py
[2023-10-21T14:46:12.139+0200] {logging_mixin.py:151} INFO - [2023-10-21T14:46:12.138+0200] {workday.py:36} WARNING - Could not import pandas. Holidays will not be considered.
[2023-10-21T14:46:12.139+0200] {processor.py:841} WARNING - No viable dags retrieved from /Library/Frameworks/Python.framework/Versions/3.11/lib/python3.11/site-packages/airflow/example_dags/plugins/workday.py
[2023-10-21T14:46:12.180+0200] {processor.py:179} INFO - Processing /Library/Frameworks/Python.framework/Versions/3.11/lib/python3.11/site-packages/airflow/example_dags/plugins/workday.py took 0.044 seconds
[2023-10-21T14:46:46.929+0200] {processor.py:157} INFO - Started process (PID=67119) to work on /Library/Frameworks/Python.framework/Versions/3.11/lib/python3.11/site-packages/airflow/example_dags/plugins/workday.py
[2023-10-21T14:46:46.930+0200] {processor.py:829} INFO - Processing file /Library/Frameworks/Python.framework/Versions/3.11/lib/python3.11/site-packages/airflow/example_dags/plugins/workday.py for tasks to queue
[2023-10-21T14:46:46.931+0200] {logging_mixin.py:151} INFO - [2023-10-21T14:46:46.931+0200] {dagbag.py:536} INFO - Filling up the DagBag from /Library/Frameworks/Python.framework/Versions/3.11/lib/python3.11/site-packages/airflow/example_dags/plugins/workday.py
[2023-10-21T14:46:46.931+0200] {logging_mixin.py:151} INFO - [2023-10-21T14:46:46.931+0200] {workday.py:36} WARNING - Could not import pandas. Holidays will not be considered.
[2023-10-21T14:46:46.931+0200] {processor.py:841} WARNING - No viable dags retrieved from /Library/Frameworks/Python.framework/Versions/3.11/lib/python3.11/site-packages/airflow/example_dags/plugins/workday.py
[2023-10-21T14:46:46.973+0200] {processor.py:179} INFO - Processing /Library/Frameworks/Python.framework/Versions/3.11/lib/python3.11/site-packages/airflow/example_dags/plugins/workday.py took 0.045 seconds
[2023-10-21T14:51:04.963+0200] {processor.py:157} INFO - Started process (PID=67686) to work on /Library/Frameworks/Python.framework/Versions/3.11/lib/python3.11/site-packages/airflow/example_dags/plugins/workday.py
[2023-10-21T14:51:04.965+0200] {processor.py:829} INFO - Processing file /Library/Frameworks/Python.framework/Versions/3.11/lib/python3.11/site-packages/airflow/example_dags/plugins/workday.py for tasks to queue
[2023-10-21T14:51:04.965+0200] {logging_mixin.py:151} INFO - [2023-10-21T14:51:04.965+0200] {dagbag.py:536} INFO - Filling up the DagBag from /Library/Frameworks/Python.framework/Versions/3.11/lib/python3.11/site-packages/airflow/example_dags/plugins/workday.py
[2023-10-21T14:51:04.965+0200] {logging_mixin.py:151} INFO - [2023-10-21T14:51:04.965+0200] {workday.py:36} WARNING - Could not import pandas. Holidays will not be considered.
[2023-10-21T14:51:04.965+0200] {processor.py:841} WARNING - No viable dags retrieved from /Library/Frameworks/Python.framework/Versions/3.11/lib/python3.11/site-packages/airflow/example_dags/plugins/workday.py
[2023-10-21T14:51:05.007+0200] {processor.py:179} INFO - Processing /Library/Frameworks/Python.framework/Versions/3.11/lib/python3.11/site-packages/airflow/example_dags/plugins/workday.py took 0.044 seconds
[2023-10-21T14:52:09.589+0200] {processor.py:157} INFO - Started process (PID=67820) to work on /Library/Frameworks/Python.framework/Versions/3.11/lib/python3.11/site-packages/airflow/example_dags/plugins/workday.py
[2023-10-21T14:52:09.590+0200] {processor.py:829} INFO - Processing file /Library/Frameworks/Python.framework/Versions/3.11/lib/python3.11/site-packages/airflow/example_dags/plugins/workday.py for tasks to queue
[2023-10-21T14:52:09.591+0200] {logging_mixin.py:151} INFO - [2023-10-21T14:52:09.590+0200] {dagbag.py:536} INFO - Filling up the DagBag from /Library/Frameworks/Python.framework/Versions/3.11/lib/python3.11/site-packages/airflow/example_dags/plugins/workday.py
[2023-10-21T14:52:09.591+0200] {logging_mixin.py:151} INFO - [2023-10-21T14:52:09.591+0200] {workday.py:36} WARNING - Could not import pandas. Holidays will not be considered.
[2023-10-21T14:52:09.591+0200] {processor.py:841} WARNING - No viable dags retrieved from /Library/Frameworks/Python.framework/Versions/3.11/lib/python3.11/site-packages/airflow/example_dags/plugins/workday.py
[2023-10-21T14:52:09.632+0200] {processor.py:179} INFO - Processing /Library/Frameworks/Python.framework/Versions/3.11/lib/python3.11/site-packages/airflow/example_dags/plugins/workday.py took 0.044 seconds
[2023-10-21T14:52:44.898+0200] {processor.py:157} INFO - Started process (PID=67897) to work on /Library/Frameworks/Python.framework/Versions/3.11/lib/python3.11/site-packages/airflow/example_dags/plugins/workday.py
[2023-10-21T14:52:44.900+0200] {processor.py:829} INFO - Processing file /Library/Frameworks/Python.framework/Versions/3.11/lib/python3.11/site-packages/airflow/example_dags/plugins/workday.py for tasks to queue
[2023-10-21T14:52:44.900+0200] {logging_mixin.py:151} INFO - [2023-10-21T14:52:44.900+0200] {dagbag.py:536} INFO - Filling up the DagBag from /Library/Frameworks/Python.framework/Versions/3.11/lib/python3.11/site-packages/airflow/example_dags/plugins/workday.py
[2023-10-21T14:52:44.900+0200] {logging_mixin.py:151} INFO - [2023-10-21T14:52:44.900+0200] {workday.py:36} WARNING - Could not import pandas. Holidays will not be considered.
[2023-10-21T14:52:44.900+0200] {processor.py:841} WARNING - No viable dags retrieved from /Library/Frameworks/Python.framework/Versions/3.11/lib/python3.11/site-packages/airflow/example_dags/plugins/workday.py
[2023-10-21T14:52:44.941+0200] {processor.py:179} INFO - Processing /Library/Frameworks/Python.framework/Versions/3.11/lib/python3.11/site-packages/airflow/example_dags/plugins/workday.py took 0.044 seconds
[2023-10-21T14:53:20.339+0200] {processor.py:157} INFO - Started process (PID=67960) to work on /Library/Frameworks/Python.framework/Versions/3.11/lib/python3.11/site-packages/airflow/example_dags/plugins/workday.py
[2023-10-21T14:53:20.341+0200] {processor.py:829} INFO - Processing file /Library/Frameworks/Python.framework/Versions/3.11/lib/python3.11/site-packages/airflow/example_dags/plugins/workday.py for tasks to queue
[2023-10-21T14:53:20.341+0200] {logging_mixin.py:151} INFO - [2023-10-21T14:53:20.341+0200] {dagbag.py:536} INFO - Filling up the DagBag from /Library/Frameworks/Python.framework/Versions/3.11/lib/python3.11/site-packages/airflow/example_dags/plugins/workday.py
[2023-10-21T14:53:20.341+0200] {logging_mixin.py:151} INFO - [2023-10-21T14:53:20.341+0200] {workday.py:36} WARNING - Could not import pandas. Holidays will not be considered.
[2023-10-21T14:53:20.341+0200] {processor.py:841} WARNING - No viable dags retrieved from /Library/Frameworks/Python.framework/Versions/3.11/lib/python3.11/site-packages/airflow/example_dags/plugins/workday.py
[2023-10-21T14:53:20.382+0200] {processor.py:179} INFO - Processing /Library/Frameworks/Python.framework/Versions/3.11/lib/python3.11/site-packages/airflow/example_dags/plugins/workday.py took 0.044 seconds
[2023-10-21T14:53:55.863+0200] {processor.py:157} INFO - Started process (PID=68030) to work on /Library/Frameworks/Python.framework/Versions/3.11/lib/python3.11/site-packages/airflow/example_dags/plugins/workday.py
[2023-10-21T14:53:55.865+0200] {processor.py:829} INFO - Processing file /Library/Frameworks/Python.framework/Versions/3.11/lib/python3.11/site-packages/airflow/example_dags/plugins/workday.py for tasks to queue
[2023-10-21T14:53:55.865+0200] {logging_mixin.py:151} INFO - [2023-10-21T14:53:55.865+0200] {dagbag.py:536} INFO - Filling up the DagBag from /Library/Frameworks/Python.framework/Versions/3.11/lib/python3.11/site-packages/airflow/example_dags/plugins/workday.py
[2023-10-21T14:53:55.866+0200] {logging_mixin.py:151} INFO - [2023-10-21T14:53:55.866+0200] {workday.py:36} WARNING - Could not import pandas. Holidays will not be considered.
[2023-10-21T14:53:55.866+0200] {processor.py:841} WARNING - No viable dags retrieved from /Library/Frameworks/Python.framework/Versions/3.11/lib/python3.11/site-packages/airflow/example_dags/plugins/workday.py
[2023-10-21T14:53:55.908+0200] {processor.py:179} INFO - Processing /Library/Frameworks/Python.framework/Versions/3.11/lib/python3.11/site-packages/airflow/example_dags/plugins/workday.py took 0.046 seconds
[2023-10-21T14:54:31.976+0200] {processor.py:157} INFO - Started process (PID=68103) to work on /Library/Frameworks/Python.framework/Versions/3.11/lib/python3.11/site-packages/airflow/example_dags/plugins/workday.py
[2023-10-21T14:54:31.979+0200] {processor.py:829} INFO - Processing file /Library/Frameworks/Python.framework/Versions/3.11/lib/python3.11/site-packages/airflow/example_dags/plugins/workday.py for tasks to queue
[2023-10-21T14:54:31.979+0200] {logging_mixin.py:151} INFO - [2023-10-21T14:54:31.979+0200] {dagbag.py:536} INFO - Filling up the DagBag from /Library/Frameworks/Python.framework/Versions/3.11/lib/python3.11/site-packages/airflow/example_dags/plugins/workday.py
[2023-10-21T14:54:31.980+0200] {logging_mixin.py:151} INFO - [2023-10-21T14:54:31.980+0200] {workday.py:36} WARNING - Could not import pandas. Holidays will not be considered.
[2023-10-21T14:54:31.980+0200] {processor.py:841} WARNING - No viable dags retrieved from /Library/Frameworks/Python.framework/Versions/3.11/lib/python3.11/site-packages/airflow/example_dags/plugins/workday.py
[2023-10-21T14:54:32.021+0200] {processor.py:179} INFO - Processing /Library/Frameworks/Python.framework/Versions/3.11/lib/python3.11/site-packages/airflow/example_dags/plugins/workday.py took 0.045 seconds
[2023-10-21T14:55:06.781+0200] {processor.py:157} INFO - Started process (PID=68184) to work on /Library/Frameworks/Python.framework/Versions/3.11/lib/python3.11/site-packages/airflow/example_dags/plugins/workday.py
[2023-10-21T14:55:06.784+0200] {processor.py:829} INFO - Processing file /Library/Frameworks/Python.framework/Versions/3.11/lib/python3.11/site-packages/airflow/example_dags/plugins/workday.py for tasks to queue
[2023-10-21T14:55:06.784+0200] {logging_mixin.py:151} INFO - [2023-10-21T14:55:06.784+0200] {dagbag.py:536} INFO - Filling up the DagBag from /Library/Frameworks/Python.framework/Versions/3.11/lib/python3.11/site-packages/airflow/example_dags/plugins/workday.py
[2023-10-21T14:55:06.785+0200] {logging_mixin.py:151} INFO - [2023-10-21T14:55:06.785+0200] {workday.py:36} WARNING - Could not import pandas. Holidays will not be considered.
[2023-10-21T14:55:06.785+0200] {processor.py:841} WARNING - No viable dags retrieved from /Library/Frameworks/Python.framework/Versions/3.11/lib/python3.11/site-packages/airflow/example_dags/plugins/workday.py
[2023-10-21T14:55:06.826+0200] {processor.py:179} INFO - Processing /Library/Frameworks/Python.framework/Versions/3.11/lib/python3.11/site-packages/airflow/example_dags/plugins/workday.py took 0.045 seconds
[2023-10-21T14:55:41.610+0200] {processor.py:157} INFO - Started process (PID=68249) to work on /Library/Frameworks/Python.framework/Versions/3.11/lib/python3.11/site-packages/airflow/example_dags/plugins/workday.py
[2023-10-21T14:55:41.612+0200] {processor.py:829} INFO - Processing file /Library/Frameworks/Python.framework/Versions/3.11/lib/python3.11/site-packages/airflow/example_dags/plugins/workday.py for tasks to queue
[2023-10-21T14:55:41.612+0200] {logging_mixin.py:151} INFO - [2023-10-21T14:55:41.612+0200] {dagbag.py:536} INFO - Filling up the DagBag from /Library/Frameworks/Python.framework/Versions/3.11/lib/python3.11/site-packages/airflow/example_dags/plugins/workday.py
[2023-10-21T14:55:41.613+0200] {logging_mixin.py:151} INFO - [2023-10-21T14:55:41.613+0200] {workday.py:36} WARNING - Could not import pandas. Holidays will not be considered.
[2023-10-21T14:55:41.613+0200] {processor.py:841} WARNING - No viable dags retrieved from /Library/Frameworks/Python.framework/Versions/3.11/lib/python3.11/site-packages/airflow/example_dags/plugins/workday.py
[2023-10-21T14:55:41.655+0200] {processor.py:179} INFO - Processing /Library/Frameworks/Python.framework/Versions/3.11/lib/python3.11/site-packages/airflow/example_dags/plugins/workday.py took 0.045 seconds
[2023-10-21T14:56:18.114+0200] {processor.py:157} INFO - Started process (PID=68331) to work on /Library/Frameworks/Python.framework/Versions/3.11/lib/python3.11/site-packages/airflow/example_dags/plugins/workday.py
[2023-10-21T14:56:18.117+0200] {processor.py:829} INFO - Processing file /Library/Frameworks/Python.framework/Versions/3.11/lib/python3.11/site-packages/airflow/example_dags/plugins/workday.py for tasks to queue
[2023-10-21T14:56:18.117+0200] {logging_mixin.py:151} INFO - [2023-10-21T14:56:18.117+0200] {dagbag.py:536} INFO - Filling up the DagBag from /Library/Frameworks/Python.framework/Versions/3.11/lib/python3.11/site-packages/airflow/example_dags/plugins/workday.py
[2023-10-21T14:56:18.118+0200] {logging_mixin.py:151} INFO - [2023-10-21T14:56:18.118+0200] {workday.py:36} WARNING - Could not import pandas. Holidays will not be considered.
[2023-10-21T14:56:18.118+0200] {processor.py:841} WARNING - No viable dags retrieved from /Library/Frameworks/Python.framework/Versions/3.11/lib/python3.11/site-packages/airflow/example_dags/plugins/workday.py
[2023-10-21T14:56:18.159+0200] {processor.py:179} INFO - Processing /Library/Frameworks/Python.framework/Versions/3.11/lib/python3.11/site-packages/airflow/example_dags/plugins/workday.py took 0.045 seconds
