[2024-11-04T11:04:11.458+0100] {processor.py:186} INFO - Started process (PID=16584) to work on /Users/nick/Desktop/Code/MSTeams_pipeline/airflow/lib/python3.11/site-packages/airflow/example_dags/subdags/subdag.py
[2024-11-04T11:04:11.459+0100] {processor.py:914} INFO - Processing file /Users/nick/Desktop/Code/MSTeams_pipeline/airflow/lib/python3.11/site-packages/airflow/example_dags/subdags/subdag.py for tasks to queue
[2024-11-04T11:04:11.459+0100] {logging_mixin.py:190} INFO - [2024-11-04T11:04:11.459+0100] {dagbag.py:588} INFO - Filling up the DagBag from /Users/nick/Desktop/Code/MSTeams_pipeline/airflow/lib/python3.11/site-packages/airflow/example_dags/subdags/subdag.py
[2024-11-04T11:04:11.460+0100] {processor.py:927} WARNING - No viable dags retrieved from /Users/nick/Desktop/Code/MSTeams_pipeline/airflow/lib/python3.11/site-packages/airflow/example_dags/subdags/subdag.py
[2024-11-04T11:04:11.490+0100] {processor.py:208} INFO - Processing /Users/nick/Desktop/Code/MSTeams_pipeline/airflow/lib/python3.11/site-packages/airflow/example_dags/subdags/subdag.py took 0.032 seconds
[2024-11-04T11:05:53.881+0100] {processor.py:186} INFO - Started process (PID=17836) to work on /Users/nick/Desktop/Code/MSTeams_pipeline/airflow/lib/python3.11/site-packages/airflow/example_dags/subdags/subdag.py
[2024-11-04T11:05:53.881+0100] {processor.py:914} INFO - Processing file /Users/nick/Desktop/Code/MSTeams_pipeline/airflow/lib/python3.11/site-packages/airflow/example_dags/subdags/subdag.py for tasks to queue
[2024-11-04T11:05:53.882+0100] {logging_mixin.py:190} INFO - [2024-11-04T11:05:53.882+0100] {dagbag.py:588} INFO - Filling up the DagBag from /Users/nick/Desktop/Code/MSTeams_pipeline/airflow/lib/python3.11/site-packages/airflow/example_dags/subdags/subdag.py
[2024-11-04T11:05:53.883+0100] {processor.py:927} WARNING - No viable dags retrieved from /Users/nick/Desktop/Code/MSTeams_pipeline/airflow/lib/python3.11/site-packages/airflow/example_dags/subdags/subdag.py
[2024-11-04T11:05:53.914+0100] {processor.py:208} INFO - Processing /Users/nick/Desktop/Code/MSTeams_pipeline/airflow/lib/python3.11/site-packages/airflow/example_dags/subdags/subdag.py took 0.035 seconds
[2024-11-04T11:07:09.435+0100] {processor.py:186} INFO - Started process (PID=18825) to work on /Users/nick/Desktop/Code/MSTeams_pipeline/airflow/lib/python3.11/site-packages/airflow/example_dags/subdags/subdag.py
[2024-11-04T11:07:09.435+0100] {processor.py:914} INFO - Processing file /Users/nick/Desktop/Code/MSTeams_pipeline/airflow/lib/python3.11/site-packages/airflow/example_dags/subdags/subdag.py for tasks to queue
[2024-11-04T11:07:09.436+0100] {logging_mixin.py:190} INFO - [2024-11-04T11:07:09.436+0100] {dagbag.py:588} INFO - Filling up the DagBag from /Users/nick/Desktop/Code/MSTeams_pipeline/airflow/lib/python3.11/site-packages/airflow/example_dags/subdags/subdag.py
[2024-11-04T11:07:09.437+0100] {processor.py:927} WARNING - No viable dags retrieved from /Users/nick/Desktop/Code/MSTeams_pipeline/airflow/lib/python3.11/site-packages/airflow/example_dags/subdags/subdag.py
[2024-11-04T11:07:09.467+0100] {processor.py:208} INFO - Processing /Users/nick/Desktop/Code/MSTeams_pipeline/airflow/lib/python3.11/site-packages/airflow/example_dags/subdags/subdag.py took 0.034 seconds
[2024-11-04T11:08:22.343+0100] {processor.py:186} INFO - Started process (PID=19574) to work on /Users/nick/Desktop/Code/MSTeams_pipeline/airflow/lib/python3.11/site-packages/airflow/example_dags/subdags/subdag.py
[2024-11-04T11:08:22.343+0100] {processor.py:914} INFO - Processing file /Users/nick/Desktop/Code/MSTeams_pipeline/airflow/lib/python3.11/site-packages/airflow/example_dags/subdags/subdag.py for tasks to queue
[2024-11-04T11:08:22.344+0100] {logging_mixin.py:190} INFO - [2024-11-04T11:08:22.344+0100] {dagbag.py:588} INFO - Filling up the DagBag from /Users/nick/Desktop/Code/MSTeams_pipeline/airflow/lib/python3.11/site-packages/airflow/example_dags/subdags/subdag.py
[2024-11-04T11:08:22.345+0100] {processor.py:927} WARNING - No viable dags retrieved from /Users/nick/Desktop/Code/MSTeams_pipeline/airflow/lib/python3.11/site-packages/airflow/example_dags/subdags/subdag.py
[2024-11-04T11:08:22.377+0100] {processor.py:208} INFO - Processing /Users/nick/Desktop/Code/MSTeams_pipeline/airflow/lib/python3.11/site-packages/airflow/example_dags/subdags/subdag.py took 0.036 seconds
[2024-11-04T11:09:35.891+0100] {processor.py:186} INFO - Started process (PID=20482) to work on /Users/nick/Desktop/Code/MSTeams_pipeline/airflow/lib/python3.11/site-packages/airflow/example_dags/subdags/subdag.py
[2024-11-04T11:09:35.891+0100] {processor.py:914} INFO - Processing file /Users/nick/Desktop/Code/MSTeams_pipeline/airflow/lib/python3.11/site-packages/airflow/example_dags/subdags/subdag.py for tasks to queue
[2024-11-04T11:09:35.891+0100] {logging_mixin.py:190} INFO - [2024-11-04T11:09:35.891+0100] {dagbag.py:588} INFO - Filling up the DagBag from /Users/nick/Desktop/Code/MSTeams_pipeline/airflow/lib/python3.11/site-packages/airflow/example_dags/subdags/subdag.py
[2024-11-04T11:09:35.893+0100] {processor.py:927} WARNING - No viable dags retrieved from /Users/nick/Desktop/Code/MSTeams_pipeline/airflow/lib/python3.11/site-packages/airflow/example_dags/subdags/subdag.py
[2024-11-04T11:09:35.925+0100] {processor.py:208} INFO - Processing /Users/nick/Desktop/Code/MSTeams_pipeline/airflow/lib/python3.11/site-packages/airflow/example_dags/subdags/subdag.py took 0.035 seconds
[2024-11-04T11:10:22.839+0100] {processor.py:186} INFO - Started process (PID=20962) to work on /Users/nick/Desktop/Code/MSTeams_pipeline/airflow/lib/python3.11/site-packages/airflow/example_dags/subdags/subdag.py
[2024-11-04T11:10:22.840+0100] {processor.py:914} INFO - Processing file /Users/nick/Desktop/Code/MSTeams_pipeline/airflow/lib/python3.11/site-packages/airflow/example_dags/subdags/subdag.py for tasks to queue
[2024-11-04T11:10:22.840+0100] {logging_mixin.py:190} INFO - [2024-11-04T11:10:22.840+0100] {dagbag.py:588} INFO - Filling up the DagBag from /Users/nick/Desktop/Code/MSTeams_pipeline/airflow/lib/python3.11/site-packages/airflow/example_dags/subdags/subdag.py
[2024-11-04T11:10:22.841+0100] {processor.py:927} WARNING - No viable dags retrieved from /Users/nick/Desktop/Code/MSTeams_pipeline/airflow/lib/python3.11/site-packages/airflow/example_dags/subdags/subdag.py
[2024-11-04T11:10:22.872+0100] {processor.py:208} INFO - Processing /Users/nick/Desktop/Code/MSTeams_pipeline/airflow/lib/python3.11/site-packages/airflow/example_dags/subdags/subdag.py took 0.034 seconds
[2024-11-04T11:12:10.600+0100] {processor.py:186} INFO - Started process (PID=22305) to work on /Users/nick/Desktop/Code/MSTeams_pipeline/airflow/lib/python3.11/site-packages/airflow/example_dags/subdags/subdag.py
[2024-11-04T11:12:10.600+0100] {processor.py:914} INFO - Processing file /Users/nick/Desktop/Code/MSTeams_pipeline/airflow/lib/python3.11/site-packages/airflow/example_dags/subdags/subdag.py for tasks to queue
[2024-11-04T11:12:10.600+0100] {logging_mixin.py:190} INFO - [2024-11-04T11:12:10.600+0100] {dagbag.py:588} INFO - Filling up the DagBag from /Users/nick/Desktop/Code/MSTeams_pipeline/airflow/lib/python3.11/site-packages/airflow/example_dags/subdags/subdag.py
[2024-11-04T11:12:10.601+0100] {processor.py:927} WARNING - No viable dags retrieved from /Users/nick/Desktop/Code/MSTeams_pipeline/airflow/lib/python3.11/site-packages/airflow/example_dags/subdags/subdag.py
[2024-11-04T11:12:10.631+0100] {processor.py:208} INFO - Processing /Users/nick/Desktop/Code/MSTeams_pipeline/airflow/lib/python3.11/site-packages/airflow/example_dags/subdags/subdag.py took 0.033 seconds
[2024-11-04T11:14:38.487+0100] {processor.py:186} INFO - Started process (PID=24512) to work on /Users/nick/airflow/airflow_venv/lib/python3.11/site-packages/airflow/example_dags/subdags/subdag.py
[2024-11-04T11:14:38.487+0100] {processor.py:914} INFO - Processing file /Users/nick/airflow/airflow_venv/lib/python3.11/site-packages/airflow/example_dags/subdags/subdag.py for tasks to queue
[2024-11-04T11:14:38.488+0100] {logging_mixin.py:190} INFO - [2024-11-04T11:14:38.488+0100] {dagbag.py:588} INFO - Filling up the DagBag from /Users/nick/airflow/airflow_venv/lib/python3.11/site-packages/airflow/example_dags/subdags/subdag.py
[2024-11-04T11:14:38.489+0100] {processor.py:927} WARNING - No viable dags retrieved from /Users/nick/airflow/airflow_venv/lib/python3.11/site-packages/airflow/example_dags/subdags/subdag.py
[2024-11-04T11:14:38.519+0100] {processor.py:208} INFO - Processing /Users/nick/airflow/airflow_venv/lib/python3.11/site-packages/airflow/example_dags/subdags/subdag.py took 0.034 seconds
[2024-11-04T11:16:25.401+0100] {processor.py:186} INFO - Started process (PID=25910) to work on /Users/nick/airflow/airflow_venv/lib/python3.11/site-packages/airflow/example_dags/subdags/subdag.py
[2024-11-04T11:16:25.401+0100] {processor.py:914} INFO - Processing file /Users/nick/airflow/airflow_venv/lib/python3.11/site-packages/airflow/example_dags/subdags/subdag.py for tasks to queue
[2024-11-04T11:16:25.402+0100] {logging_mixin.py:190} INFO - [2024-11-04T11:16:25.402+0100] {dagbag.py:588} INFO - Filling up the DagBag from /Users/nick/airflow/airflow_venv/lib/python3.11/site-packages/airflow/example_dags/subdags/subdag.py
[2024-11-04T11:16:25.402+0100] {processor.py:927} WARNING - No viable dags retrieved from /Users/nick/airflow/airflow_venv/lib/python3.11/site-packages/airflow/example_dags/subdags/subdag.py
[2024-11-04T11:16:25.431+0100] {processor.py:208} INFO - Processing /Users/nick/airflow/airflow_venv/lib/python3.11/site-packages/airflow/example_dags/subdags/subdag.py took 0.032 seconds
[2024-11-04T11:17:42.336+0100] {processor.py:186} INFO - Started process (PID=26913) to work on /Users/nick/airflow/airflow_venv/lib/python3.11/site-packages/airflow/example_dags/subdags/subdag.py
[2024-11-04T11:17:42.336+0100] {processor.py:914} INFO - Processing file /Users/nick/airflow/airflow_venv/lib/python3.11/site-packages/airflow/example_dags/subdags/subdag.py for tasks to queue
[2024-11-04T11:17:42.336+0100] {logging_mixin.py:190} INFO - [2024-11-04T11:17:42.336+0100] {dagbag.py:588} INFO - Filling up the DagBag from /Users/nick/airflow/airflow_venv/lib/python3.11/site-packages/airflow/example_dags/subdags/subdag.py
[2024-11-04T11:17:42.337+0100] {processor.py:927} WARNING - No viable dags retrieved from /Users/nick/airflow/airflow_venv/lib/python3.11/site-packages/airflow/example_dags/subdags/subdag.py
[2024-11-04T11:17:42.368+0100] {processor.py:208} INFO - Processing /Users/nick/airflow/airflow_venv/lib/python3.11/site-packages/airflow/example_dags/subdags/subdag.py took 0.033 seconds
[2024-11-04T11:18:51.750+0100] {processor.py:186} INFO - Started process (PID=27770) to work on /Users/nick/airflow/airflow_venv/lib/python3.11/site-packages/airflow/example_dags/subdags/subdag.py
[2024-11-04T11:18:51.751+0100] {processor.py:914} INFO - Processing file /Users/nick/airflow/airflow_venv/lib/python3.11/site-packages/airflow/example_dags/subdags/subdag.py for tasks to queue
[2024-11-04T11:18:51.751+0100] {logging_mixin.py:190} INFO - [2024-11-04T11:18:51.751+0100] {dagbag.py:588} INFO - Filling up the DagBag from /Users/nick/airflow/airflow_venv/lib/python3.11/site-packages/airflow/example_dags/subdags/subdag.py
[2024-11-04T11:18:51.752+0100] {processor.py:927} WARNING - No viable dags retrieved from /Users/nick/airflow/airflow_venv/lib/python3.11/site-packages/airflow/example_dags/subdags/subdag.py
[2024-11-04T11:18:51.786+0100] {processor.py:208} INFO - Processing /Users/nick/airflow/airflow_venv/lib/python3.11/site-packages/airflow/example_dags/subdags/subdag.py took 0.038 seconds
[2024-11-04T11:20:06.014+0100] {processor.py:186} INFO - Started process (PID=28629) to work on /Users/nick/airflow/airflow_venv/lib/python3.11/site-packages/airflow/example_dags/subdags/subdag.py
[2024-11-04T11:20:06.015+0100] {processor.py:914} INFO - Processing file /Users/nick/airflow/airflow_venv/lib/python3.11/site-packages/airflow/example_dags/subdags/subdag.py for tasks to queue
[2024-11-04T11:20:06.015+0100] {logging_mixin.py:190} INFO - [2024-11-04T11:20:06.015+0100] {dagbag.py:588} INFO - Filling up the DagBag from /Users/nick/airflow/airflow_venv/lib/python3.11/site-packages/airflow/example_dags/subdags/subdag.py
[2024-11-04T11:20:06.016+0100] {processor.py:927} WARNING - No viable dags retrieved from /Users/nick/airflow/airflow_venv/lib/python3.11/site-packages/airflow/example_dags/subdags/subdag.py
[2024-11-04T11:20:06.048+0100] {processor.py:208} INFO - Processing /Users/nick/airflow/airflow_venv/lib/python3.11/site-packages/airflow/example_dags/subdags/subdag.py took 0.035 seconds
[2024-11-04T11:21:21.632+0100] {processor.py:186} INFO - Started process (PID=29573) to work on /Users/nick/airflow/airflow_venv/lib/python3.11/site-packages/airflow/example_dags/subdags/subdag.py
[2024-11-04T11:21:21.633+0100] {processor.py:914} INFO - Processing file /Users/nick/airflow/airflow_venv/lib/python3.11/site-packages/airflow/example_dags/subdags/subdag.py for tasks to queue
[2024-11-04T11:21:21.633+0100] {logging_mixin.py:190} INFO - [2024-11-04T11:21:21.633+0100] {dagbag.py:588} INFO - Filling up the DagBag from /Users/nick/airflow/airflow_venv/lib/python3.11/site-packages/airflow/example_dags/subdags/subdag.py
[2024-11-04T11:21:21.634+0100] {processor.py:927} WARNING - No viable dags retrieved from /Users/nick/airflow/airflow_venv/lib/python3.11/site-packages/airflow/example_dags/subdags/subdag.py
[2024-11-04T11:21:21.669+0100] {processor.py:208} INFO - Processing /Users/nick/airflow/airflow_venv/lib/python3.11/site-packages/airflow/example_dags/subdags/subdag.py took 0.038 seconds
[2024-11-04T11:22:38.711+0100] {processor.py:186} INFO - Started process (PID=30409) to work on /Users/nick/airflow/airflow_venv/lib/python3.11/site-packages/airflow/example_dags/subdags/subdag.py
[2024-11-04T11:22:38.712+0100] {processor.py:914} INFO - Processing file /Users/nick/airflow/airflow_venv/lib/python3.11/site-packages/airflow/example_dags/subdags/subdag.py for tasks to queue
[2024-11-04T11:22:38.712+0100] {logging_mixin.py:190} INFO - [2024-11-04T11:22:38.712+0100] {dagbag.py:588} INFO - Filling up the DagBag from /Users/nick/airflow/airflow_venv/lib/python3.11/site-packages/airflow/example_dags/subdags/subdag.py
[2024-11-04T11:22:38.713+0100] {processor.py:927} WARNING - No viable dags retrieved from /Users/nick/airflow/airflow_venv/lib/python3.11/site-packages/airflow/example_dags/subdags/subdag.py
[2024-11-04T11:22:38.744+0100] {processor.py:208} INFO - Processing /Users/nick/airflow/airflow_venv/lib/python3.11/site-packages/airflow/example_dags/subdags/subdag.py took 0.034 seconds
[2024-11-04T11:23:53.464+0100] {processor.py:186} INFO - Started process (PID=31255) to work on /Users/nick/airflow/airflow_venv/lib/python3.11/site-packages/airflow/example_dags/subdags/subdag.py
[2024-11-04T11:23:53.465+0100] {processor.py:914} INFO - Processing file /Users/nick/airflow/airflow_venv/lib/python3.11/site-packages/airflow/example_dags/subdags/subdag.py for tasks to queue
[2024-11-04T11:23:53.465+0100] {logging_mixin.py:190} INFO - [2024-11-04T11:23:53.465+0100] {dagbag.py:588} INFO - Filling up the DagBag from /Users/nick/airflow/airflow_venv/lib/python3.11/site-packages/airflow/example_dags/subdags/subdag.py
[2024-11-04T11:23:53.466+0100] {processor.py:927} WARNING - No viable dags retrieved from /Users/nick/airflow/airflow_venv/lib/python3.11/site-packages/airflow/example_dags/subdags/subdag.py
[2024-11-04T11:23:53.498+0100] {processor.py:208} INFO - Processing /Users/nick/airflow/airflow_venv/lib/python3.11/site-packages/airflow/example_dags/subdags/subdag.py took 0.035 seconds
[2024-11-04T11:25:46.224+0100] {processor.py:186} INFO - Started process (PID=32596) to work on /Users/nick/airflow/airflow_venv/lib/python3.11/site-packages/airflow/example_dags/subdags/subdag.py
[2024-11-04T11:25:46.224+0100] {processor.py:914} INFO - Processing file /Users/nick/airflow/airflow_venv/lib/python3.11/site-packages/airflow/example_dags/subdags/subdag.py for tasks to queue
[2024-11-04T11:25:46.225+0100] {logging_mixin.py:190} INFO - [2024-11-04T11:25:46.225+0100] {dagbag.py:588} INFO - Filling up the DagBag from /Users/nick/airflow/airflow_venv/lib/python3.11/site-packages/airflow/example_dags/subdags/subdag.py
[2024-11-04T11:25:46.225+0100] {processor.py:927} WARNING - No viable dags retrieved from /Users/nick/airflow/airflow_venv/lib/python3.11/site-packages/airflow/example_dags/subdags/subdag.py
[2024-11-04T11:25:46.258+0100] {processor.py:208} INFO - Processing /Users/nick/airflow/airflow_venv/lib/python3.11/site-packages/airflow/example_dags/subdags/subdag.py took 0.036 seconds
[2024-11-04T11:27:43.573+0100] {processor.py:186} INFO - Started process (PID=34165) to work on /Users/nick/airflow/airflow_venv/lib/python3.11/site-packages/airflow/example_dags/subdags/subdag.py
[2024-11-04T11:27:43.573+0100] {processor.py:914} INFO - Processing file /Users/nick/airflow/airflow_venv/lib/python3.11/site-packages/airflow/example_dags/subdags/subdag.py for tasks to queue
[2024-11-04T11:27:43.574+0100] {logging_mixin.py:190} INFO - [2024-11-04T11:27:43.574+0100] {dagbag.py:588} INFO - Filling up the DagBag from /Users/nick/airflow/airflow_venv/lib/python3.11/site-packages/airflow/example_dags/subdags/subdag.py
[2024-11-04T11:27:43.575+0100] {processor.py:927} WARNING - No viable dags retrieved from /Users/nick/airflow/airflow_venv/lib/python3.11/site-packages/airflow/example_dags/subdags/subdag.py
[2024-11-04T11:27:43.606+0100] {processor.py:208} INFO - Processing /Users/nick/airflow/airflow_venv/lib/python3.11/site-packages/airflow/example_dags/subdags/subdag.py took 0.035 seconds
