[2024-11-04T11:12:08.629+0100] {local_task_job_runner.py:123} INFO - ::group::Pre task execution logs
[2024-11-04T11:12:08.632+0100] {taskinstance.py:2612} INFO - Dependencies all met for dep_context=non-requeueable deps ti=<TaskInstance: first_airflow_dag.process_output scheduled__2024-04-04T10:03:00+00:00 [queued]>
[2024-11-04T11:12:08.635+0100] {taskinstance.py:2612} INFO - Dependencies all met for dep_context=requeueable deps ti=<TaskInstance: first_airflow_dag.process_output scheduled__2024-04-04T10:03:00+00:00 [queued]>
[2024-11-04T11:12:08.635+0100] {taskinstance.py:2865} INFO - Starting attempt 1 of 1
[2024-11-04T11:12:08.640+0100] {taskinstance.py:2888} INFO - Executing <Task(PythonOperator): process_output> on 2024-04-04 10:03:00+00:00
[2024-11-04T11:12:08.643+0100] {standard_task_runner.py:72} INFO - Started process 22302 to run task
[2024-11-04T11:12:08.646+0100] {standard_task_runner.py:104} INFO - Running: ['airflow', 'tasks', 'run', 'first_airflow_dag', 'process_output', 'scheduled__2024-04-04T10:03:00+00:00', '--job-id', '1709', '--raw', '--subdir', 'DAGS_FOLDER/first_dag.py', '--cfg-path', '/var/folders/4w/73_t653s0rz1z847_g217g2h0000gn/T/tmpohh_zwsx']
[2024-11-04T11:12:08.647+0100] {standard_task_runner.py:105} INFO - Job 1709: Subtask process_output
[2024-11-04T11:12:08.663+0100] {task_command.py:467} INFO - Running <TaskInstance: first_airflow_dag.process_output scheduled__2024-04-04T10:03:00+00:00 [running]> on host mbp21-14
[2024-11-04T11:12:08.683+0100] {taskinstance.py:3131} INFO - Exporting env vars: AIRFLOW_CTX_DAG_OWNER='airflow' AIRFLOW_CTX_DAG_ID='first_airflow_dag' AIRFLOW_CTX_TASK_ID='process_output' AIRFLOW_CTX_EXECUTION_DATE='2024-04-04T10:03:00+00:00' AIRFLOW_CTX_TRY_NUMBER='1' AIRFLOW_CTX_DAG_RUN_ID='scheduled__2024-04-04T10:03:00+00:00'
[2024-11-04T11:12:08.684+0100] {logging_mixin.py:190} INFO - Task instance is in running state
[2024-11-04T11:12:08.684+0100] {logging_mixin.py:190} INFO -  Previous state of the Task instance: queued
[2024-11-04T11:12:08.684+0100] {logging_mixin.py:190} INFO - Current task name:process_output state:running start_date:2024-11-04 10:12:08.633143+00:00
[2024-11-04T11:12:08.685+0100] {logging_mixin.py:190} INFO - Dag name:first_airflow_dag and current dag run status:running
[2024-11-04T11:12:08.685+0100] {taskinstance.py:731} INFO - ::endgroup::
[2024-11-04T11:12:08.687+0100] {logging_mixin.py:190} INFO - Ausgabe des Datums:  Mo  4 Nov 2024 11:12:05 CET
[2024-11-04T11:12:08.687+0100] {python.py:240} INFO - Done. Returned value was: None
[2024-11-04T11:12:08.689+0100] {taskinstance.py:340} INFO - ::group::Post task execution logs
[2024-11-04T11:12:08.689+0100] {taskinstance.py:352} INFO - Marking task as SUCCESS. dag_id=first_airflow_dag, task_id=process_output, run_id=scheduled__2024-04-04T10:03:00+00:00, execution_date=20240404T100300, start_date=20241104T101208, end_date=20241104T101208
[2024-11-04T11:12:08.691+0100] {logging_mixin.py:190} INFO - Task instance in success state
[2024-11-04T11:12:08.692+0100] {logging_mixin.py:190} INFO -  Previous state of the Task instance: running
[2024-11-04T11:12:08.692+0100] {logging_mixin.py:190} INFO - Dag name:first_airflow_dag queued_at:2024-04-04 10:04:02.401109+00:00
[2024-11-04T11:12:08.692+0100] {logging_mixin.py:190} INFO - Task hostname:mbp21-14 operator:PythonOperator
[2024-11-04T11:12:08.708+0100] {local_task_job_runner.py:266} INFO - Task exited with return code 0
[2024-11-04T11:12:08.713+0100] {taskinstance.py:3900} INFO - 0 downstream tasks scheduled from follow-on schedule check
[2024-11-04T11:12:08.714+0100] {local_task_job_runner.py:245} INFO - ::endgroup::
