[2023-10-19T22:18:56.865+0200] {processor.py:157} INFO - Started process (PID=28942) to work on /Users/nick/Desktop/airflow_dic/venv/lib/python3.11/site-packages/airflow/example_dags/example_dag_decorator.py
[2023-10-19T22:18:56.866+0200] {processor.py:829} INFO - Processing file /Users/nick/Desktop/airflow_dic/venv/lib/python3.11/site-packages/airflow/example_dags/example_dag_decorator.py for tasks to queue
[2023-10-19T22:18:56.866+0200] {logging_mixin.py:151} INFO - [2023-10-19T22:18:56.866+0200] {dagbag.py:539} INFO - Filling up the DagBag from /Users/nick/Desktop/airflow_dic/venv/lib/python3.11/site-packages/airflow/example_dags/example_dag_decorator.py
[2023-10-19T22:18:56.965+0200] {processor.py:839} INFO - DAG(s) dict_keys(['example_dag_decorator']) retrieved from /Users/nick/Desktop/airflow_dic/venv/lib/python3.11/site-packages/airflow/example_dags/example_dag_decorator.py
[2023-10-19T22:18:57.230+0200] {logging_mixin.py:151} INFO - [2023-10-19T22:18:57.230+0200] {manager.py:499} INFO - Created Permission View: %s
[2023-10-19T22:18:57.233+0200] {logging_mixin.py:151} INFO - [2023-10-19T22:18:57.233+0200] {manager.py:499} INFO - Created Permission View: %s
[2023-10-19T22:18:57.235+0200] {logging_mixin.py:151} INFO - [2023-10-19T22:18:57.235+0200] {manager.py:499} INFO - Created Permission View: %s
[2023-10-19T22:18:57.235+0200] {logging_mixin.py:151} INFO - [2023-10-19T22:18:57.235+0200] {security.py:708} INFO - Not syncing DAG-level permissions for DAG 'DAG:example_dag_decorator' as access control is unset.
[2023-10-19T22:18:57.235+0200] {logging_mixin.py:151} INFO - [2023-10-19T22:18:57.235+0200] {dag.py:2915} INFO - Sync 1 DAGs
[2023-10-19T22:18:57.238+0200] {logging_mixin.py:151} INFO - [2023-10-19T22:18:57.238+0200] {dag.py:2937} INFO - Creating ORM DAG for example_dag_decorator
[2023-10-19T22:18:57.238+0200] {logging_mixin.py:151} INFO - [2023-10-19T22:18:57.238+0200] {dag.py:3696} INFO - Setting next_dagrun for example_dag_decorator to None, run_after=None
[2023-10-19T22:18:57.244+0200] {processor.py:179} INFO - Processing /Users/nick/Desktop/airflow_dic/venv/lib/python3.11/site-packages/airflow/example_dags/example_dag_decorator.py took 0.379 seconds
[2023-10-19T22:20:13.986+0200] {processor.py:157} INFO - Started process (PID=29091) to work on /Users/nick/Desktop/airflow_dic/venv/lib/python3.11/site-packages/airflow/example_dags/example_dag_decorator.py
[2023-10-19T22:20:13.989+0200] {processor.py:829} INFO - Processing file /Users/nick/Desktop/airflow_dic/venv/lib/python3.11/site-packages/airflow/example_dags/example_dag_decorator.py for tasks to queue
[2023-10-19T22:20:13.989+0200] {logging_mixin.py:151} INFO - [2023-10-19T22:20:13.989+0200] {dagbag.py:539} INFO - Filling up the DagBag from /Users/nick/Desktop/airflow_dic/venv/lib/python3.11/site-packages/airflow/example_dags/example_dag_decorator.py
[2023-10-19T22:20:14.091+0200] {processor.py:839} INFO - DAG(s) dict_keys(['example_dag_decorator']) retrieved from /Users/nick/Desktop/airflow_dic/venv/lib/python3.11/site-packages/airflow/example_dags/example_dag_decorator.py
[2023-10-19T22:20:14.347+0200] {logging_mixin.py:151} INFO - [2023-10-19T22:20:14.347+0200] {security.py:708} INFO - Not syncing DAG-level permissions for DAG 'DAG:example_dag_decorator' as access control is unset.
[2023-10-19T22:20:14.347+0200] {logging_mixin.py:151} INFO - [2023-10-19T22:20:14.347+0200] {dag.py:2915} INFO - Sync 1 DAGs
[2023-10-19T22:20:14.349+0200] {logging_mixin.py:151} INFO - [2023-10-19T22:20:14.349+0200] {dag.py:3696} INFO - Setting next_dagrun for example_dag_decorator to None, run_after=None
[2023-10-19T22:20:14.356+0200] {processor.py:179} INFO - Processing /Users/nick/Desktop/airflow_dic/venv/lib/python3.11/site-packages/airflow/example_dags/example_dag_decorator.py took 0.370 seconds
[2023-10-19T22:21:18.565+0200] {processor.py:157} INFO - Started process (PID=29226) to work on /Users/nick/Desktop/airflow_dic/venv/lib/python3.11/site-packages/airflow/example_dags/example_dag_decorator.py
[2023-10-19T22:21:18.567+0200] {processor.py:829} INFO - Processing file /Users/nick/Desktop/airflow_dic/venv/lib/python3.11/site-packages/airflow/example_dags/example_dag_decorator.py for tasks to queue
[2023-10-19T22:21:18.567+0200] {logging_mixin.py:151} INFO - [2023-10-19T22:21:18.567+0200] {dagbag.py:539} INFO - Filling up the DagBag from /Users/nick/Desktop/airflow_dic/venv/lib/python3.11/site-packages/airflow/example_dags/example_dag_decorator.py
[2023-10-19T22:21:18.665+0200] {processor.py:839} INFO - DAG(s) dict_keys(['example_dag_decorator']) retrieved from /Users/nick/Desktop/airflow_dic/venv/lib/python3.11/site-packages/airflow/example_dags/example_dag_decorator.py
[2023-10-19T22:21:18.959+0200] {logging_mixin.py:151} INFO - [2023-10-19T22:21:18.959+0200] {security.py:708} INFO - Not syncing DAG-level permissions for DAG 'DAG:example_dag_decorator' as access control is unset.
[2023-10-19T22:21:18.959+0200] {logging_mixin.py:151} INFO - [2023-10-19T22:21:18.959+0200] {dag.py:2915} INFO - Sync 1 DAGs
[2023-10-19T22:21:18.962+0200] {logging_mixin.py:151} INFO - [2023-10-19T22:21:18.961+0200] {dag.py:3696} INFO - Setting next_dagrun for example_dag_decorator to None, run_after=None
[2023-10-19T22:21:18.968+0200] {processor.py:179} INFO - Processing /Users/nick/Desktop/airflow_dic/venv/lib/python3.11/site-packages/airflow/example_dags/example_dag_decorator.py took 0.403 seconds
[2023-10-19T22:23:41.154+0200] {processor.py:157} INFO - Started process (PID=29510) to work on /Users/nick/Desktop/airflow_dic/venv/lib/python3.11/site-packages/airflow/example_dags/example_dag_decorator.py
[2023-10-19T22:23:41.157+0200] {processor.py:829} INFO - Processing file /Users/nick/Desktop/airflow_dic/venv/lib/python3.11/site-packages/airflow/example_dags/example_dag_decorator.py for tasks to queue
[2023-10-19T22:23:41.157+0200] {logging_mixin.py:151} INFO - [2023-10-19T22:23:41.157+0200] {dagbag.py:539} INFO - Filling up the DagBag from /Users/nick/Desktop/airflow_dic/venv/lib/python3.11/site-packages/airflow/example_dags/example_dag_decorator.py
[2023-10-19T22:23:41.248+0200] {processor.py:839} INFO - DAG(s) dict_keys(['example_dag_decorator']) retrieved from /Users/nick/Desktop/airflow_dic/venv/lib/python3.11/site-packages/airflow/example_dags/example_dag_decorator.py
[2023-10-19T22:23:41.491+0200] {logging_mixin.py:151} INFO - [2023-10-19T22:23:41.490+0200] {security.py:708} INFO - Not syncing DAG-level permissions for DAG 'DAG:example_dag_decorator' as access control is unset.
[2023-10-19T22:23:41.491+0200] {logging_mixin.py:151} INFO - [2023-10-19T22:23:41.491+0200] {dag.py:2915} INFO - Sync 1 DAGs
[2023-10-19T22:23:41.493+0200] {logging_mixin.py:151} INFO - [2023-10-19T22:23:41.493+0200] {dag.py:3696} INFO - Setting next_dagrun for example_dag_decorator to None, run_after=None
[2023-10-19T22:23:41.500+0200] {processor.py:179} INFO - Processing /Users/nick/Desktop/airflow_dic/venv/lib/python3.11/site-packages/airflow/example_dags/example_dag_decorator.py took 0.346 seconds
[2023-10-19T22:24:48.213+0200] {processor.py:157} INFO - Started process (PID=29648) to work on /Users/nick/Desktop/airflow_dic/venv/lib/python3.11/site-packages/airflow/example_dags/example_dag_decorator.py
[2023-10-19T22:24:48.214+0200] {processor.py:829} INFO - Processing file /Users/nick/Desktop/airflow_dic/venv/lib/python3.11/site-packages/airflow/example_dags/example_dag_decorator.py for tasks to queue
[2023-10-19T22:24:48.214+0200] {logging_mixin.py:151} INFO - [2023-10-19T22:24:48.214+0200] {dagbag.py:539} INFO - Filling up the DagBag from /Users/nick/Desktop/airflow_dic/venv/lib/python3.11/site-packages/airflow/example_dags/example_dag_decorator.py
[2023-10-19T22:24:48.307+0200] {processor.py:839} INFO - DAG(s) dict_keys(['example_dag_decorator']) retrieved from /Users/nick/Desktop/airflow_dic/venv/lib/python3.11/site-packages/airflow/example_dags/example_dag_decorator.py
[2023-10-19T22:24:48.559+0200] {logging_mixin.py:151} INFO - [2023-10-19T22:24:48.559+0200] {security.py:708} INFO - Not syncing DAG-level permissions for DAG 'DAG:example_dag_decorator' as access control is unset.
[2023-10-19T22:24:48.559+0200] {logging_mixin.py:151} INFO - [2023-10-19T22:24:48.559+0200] {dag.py:2915} INFO - Sync 1 DAGs
[2023-10-19T22:24:48.562+0200] {logging_mixin.py:151} INFO - [2023-10-19T22:24:48.562+0200] {dag.py:3696} INFO - Setting next_dagrun for example_dag_decorator to None, run_after=None
[2023-10-19T22:24:48.568+0200] {processor.py:179} INFO - Processing /Users/nick/Desktop/airflow_dic/venv/lib/python3.11/site-packages/airflow/example_dags/example_dag_decorator.py took 0.356 seconds
[2023-10-19T22:25:50.611+0200] {processor.py:157} INFO - Started process (PID=31649) to work on /Users/nick/Desktop/airflow_dic/venv/lib/python3.11/site-packages/airflow/example_dags/example_dag_decorator.py
[2023-10-19T22:25:50.613+0200] {processor.py:829} INFO - Processing file /Users/nick/Desktop/airflow_dic/venv/lib/python3.11/site-packages/airflow/example_dags/example_dag_decorator.py for tasks to queue
[2023-10-19T22:25:50.614+0200] {logging_mixin.py:151} INFO - [2023-10-19T22:25:50.614+0200] {dagbag.py:539} INFO - Filling up the DagBag from /Users/nick/Desktop/airflow_dic/venv/lib/python3.11/site-packages/airflow/example_dags/example_dag_decorator.py
[2023-10-19T22:25:50.716+0200] {processor.py:839} INFO - DAG(s) dict_keys(['example_dag_decorator']) retrieved from /Users/nick/Desktop/airflow_dic/venv/lib/python3.11/site-packages/airflow/example_dags/example_dag_decorator.py
[2023-10-19T22:25:51.011+0200] {logging_mixin.py:151} INFO - [2023-10-19T22:25:51.011+0200] {security.py:708} INFO - Not syncing DAG-level permissions for DAG 'DAG:example_dag_decorator' as access control is unset.
[2023-10-19T22:25:51.011+0200] {logging_mixin.py:151} INFO - [2023-10-19T22:25:51.011+0200] {dag.py:2915} INFO - Sync 1 DAGs
[2023-10-19T22:25:51.014+0200] {logging_mixin.py:151} INFO - [2023-10-19T22:25:51.014+0200] {dag.py:2937} INFO - Creating ORM DAG for example_dag_decorator
[2023-10-19T22:25:51.014+0200] {logging_mixin.py:151} INFO - [2023-10-19T22:25:51.014+0200] {dag.py:3696} INFO - Setting next_dagrun for example_dag_decorator to None, run_after=None
[2023-10-19T22:25:51.026+0200] {processor.py:179} INFO - Processing /Users/nick/Desktop/airflow_dic/venv/lib/python3.11/site-packages/airflow/example_dags/example_dag_decorator.py took 0.416 seconds
[2023-10-19T22:28:12.789+0200] {processor.py:157} INFO - Started process (PID=31912) to work on /Users/nick/Desktop/airflow_dic/venv/lib/python3.11/site-packages/airflow/example_dags/example_dag_decorator.py
[2023-10-19T22:28:12.790+0200] {processor.py:829} INFO - Processing file /Users/nick/Desktop/airflow_dic/venv/lib/python3.11/site-packages/airflow/example_dags/example_dag_decorator.py for tasks to queue
[2023-10-19T22:28:12.791+0200] {logging_mixin.py:151} INFO - [2023-10-19T22:28:12.791+0200] {dagbag.py:539} INFO - Filling up the DagBag from /Users/nick/Desktop/airflow_dic/venv/lib/python3.11/site-packages/airflow/example_dags/example_dag_decorator.py
[2023-10-19T22:28:12.886+0200] {processor.py:839} INFO - DAG(s) dict_keys(['example_dag_decorator']) retrieved from /Users/nick/Desktop/airflow_dic/venv/lib/python3.11/site-packages/airflow/example_dags/example_dag_decorator.py
[2023-10-19T22:28:13.146+0200] {logging_mixin.py:151} INFO - [2023-10-19T22:28:13.146+0200] {security.py:708} INFO - Not syncing DAG-level permissions for DAG 'DAG:example_dag_decorator' as access control is unset.
[2023-10-19T22:28:13.146+0200] {logging_mixin.py:151} INFO - [2023-10-19T22:28:13.146+0200] {dag.py:2915} INFO - Sync 1 DAGs
[2023-10-19T22:28:13.149+0200] {logging_mixin.py:151} INFO - [2023-10-19T22:28:13.149+0200] {dag.py:2937} INFO - Creating ORM DAG for example_dag_decorator
[2023-10-19T22:28:13.149+0200] {logging_mixin.py:151} INFO - [2023-10-19T22:28:13.149+0200] {dag.py:3696} INFO - Setting next_dagrun for example_dag_decorator to None, run_after=None
[2023-10-19T22:28:13.155+0200] {processor.py:179} INFO - Processing /Users/nick/Desktop/airflow_dic/venv/lib/python3.11/site-packages/airflow/example_dags/example_dag_decorator.py took 0.367 seconds
[2023-10-19T22:29:28.013+0200] {processor.py:157} INFO - Started process (PID=32079) to work on /Users/nick/Desktop/airflow_dic/venv/lib/python3.11/site-packages/airflow/example_dags/example_dag_decorator.py
[2023-10-19T22:29:28.015+0200] {processor.py:829} INFO - Processing file /Users/nick/Desktop/airflow_dic/venv/lib/python3.11/site-packages/airflow/example_dags/example_dag_decorator.py for tasks to queue
[2023-10-19T22:29:28.015+0200] {logging_mixin.py:151} INFO - [2023-10-19T22:29:28.015+0200] {dagbag.py:539} INFO - Filling up the DagBag from /Users/nick/Desktop/airflow_dic/venv/lib/python3.11/site-packages/airflow/example_dags/example_dag_decorator.py
[2023-10-19T22:29:28.106+0200] {processor.py:839} INFO - DAG(s) dict_keys(['example_dag_decorator']) retrieved from /Users/nick/Desktop/airflow_dic/venv/lib/python3.11/site-packages/airflow/example_dags/example_dag_decorator.py
[2023-10-19T22:29:28.366+0200] {logging_mixin.py:151} INFO - [2023-10-19T22:29:28.366+0200] {security.py:708} INFO - Not syncing DAG-level permissions for DAG 'DAG:example_dag_decorator' as access control is unset.
[2023-10-19T22:29:28.366+0200] {logging_mixin.py:151} INFO - [2023-10-19T22:29:28.366+0200] {dag.py:2915} INFO - Sync 1 DAGs
[2023-10-19T22:29:28.369+0200] {logging_mixin.py:151} INFO - [2023-10-19T22:29:28.369+0200] {dag.py:3696} INFO - Setting next_dagrun for example_dag_decorator to None, run_after=None
[2023-10-19T22:29:28.375+0200] {processor.py:179} INFO - Processing /Users/nick/Desktop/airflow_dic/venv/lib/python3.11/site-packages/airflow/example_dags/example_dag_decorator.py took 0.362 seconds
[2023-10-19T22:31:46.486+0200] {processor.py:157} INFO - Started process (PID=32349) to work on /Users/nick/Desktop/airflow_dic/venv/lib/python3.11/site-packages/airflow/example_dags/example_dag_decorator.py
[2023-10-19T22:31:46.487+0200] {processor.py:829} INFO - Processing file /Users/nick/Desktop/airflow_dic/venv/lib/python3.11/site-packages/airflow/example_dags/example_dag_decorator.py for tasks to queue
[2023-10-19T22:31:46.487+0200] {logging_mixin.py:151} INFO - [2023-10-19T22:31:46.487+0200] {dagbag.py:539} INFO - Filling up the DagBag from /Users/nick/Desktop/airflow_dic/venv/lib/python3.11/site-packages/airflow/example_dags/example_dag_decorator.py
[2023-10-19T22:31:46.583+0200] {processor.py:839} INFO - DAG(s) dict_keys(['example_dag_decorator']) retrieved from /Users/nick/Desktop/airflow_dic/venv/lib/python3.11/site-packages/airflow/example_dags/example_dag_decorator.py
[2023-10-19T22:31:46.841+0200] {logging_mixin.py:151} INFO - [2023-10-19T22:31:46.840+0200] {security.py:708} INFO - Not syncing DAG-level permissions for DAG 'DAG:example_dag_decorator' as access control is unset.
[2023-10-19T22:31:46.841+0200] {logging_mixin.py:151} INFO - [2023-10-19T22:31:46.841+0200] {dag.py:2915} INFO - Sync 1 DAGs
[2023-10-19T22:31:46.843+0200] {logging_mixin.py:151} INFO - [2023-10-19T22:31:46.843+0200] {dag.py:3696} INFO - Setting next_dagrun for example_dag_decorator to None, run_after=None
[2023-10-19T22:31:46.850+0200] {processor.py:179} INFO - Processing /Users/nick/Desktop/airflow_dic/venv/lib/python3.11/site-packages/airflow/example_dags/example_dag_decorator.py took 0.364 seconds
[2023-10-19T22:32:54.656+0200] {processor.py:157} INFO - Started process (PID=32473) to work on /Users/nick/Desktop/airflow_dic/venv/lib/python3.11/site-packages/airflow/example_dags/example_dag_decorator.py
[2023-10-19T22:32:54.657+0200] {processor.py:829} INFO - Processing file /Users/nick/Desktop/airflow_dic/venv/lib/python3.11/site-packages/airflow/example_dags/example_dag_decorator.py for tasks to queue
[2023-10-19T22:32:54.658+0200] {logging_mixin.py:151} INFO - [2023-10-19T22:32:54.657+0200] {dagbag.py:539} INFO - Filling up the DagBag from /Users/nick/Desktop/airflow_dic/venv/lib/python3.11/site-packages/airflow/example_dags/example_dag_decorator.py
[2023-10-19T22:32:54.744+0200] {processor.py:839} INFO - DAG(s) dict_keys(['example_dag_decorator']) retrieved from /Users/nick/Desktop/airflow_dic/venv/lib/python3.11/site-packages/airflow/example_dags/example_dag_decorator.py
[2023-10-19T22:32:54.994+0200] {logging_mixin.py:151} INFO - [2023-10-19T22:32:54.994+0200] {security.py:708} INFO - Not syncing DAG-level permissions for DAG 'DAG:example_dag_decorator' as access control is unset.
[2023-10-19T22:32:54.994+0200] {logging_mixin.py:151} INFO - [2023-10-19T22:32:54.994+0200] {dag.py:2915} INFO - Sync 1 DAGs
[2023-10-19T22:32:54.997+0200] {logging_mixin.py:151} INFO - [2023-10-19T22:32:54.997+0200] {dag.py:3696} INFO - Setting next_dagrun for example_dag_decorator to None, run_after=None
[2023-10-19T22:32:55.003+0200] {processor.py:179} INFO - Processing /Users/nick/Desktop/airflow_dic/venv/lib/python3.11/site-packages/airflow/example_dags/example_dag_decorator.py took 0.347 seconds
[2023-10-19T22:34:03.862+0200] {processor.py:157} INFO - Started process (PID=32612) to work on /Users/nick/Desktop/airflow_dic/venv/lib/python3.11/site-packages/airflow/example_dags/example_dag_decorator.py
[2023-10-19T22:34:03.864+0200] {processor.py:829} INFO - Processing file /Users/nick/Desktop/airflow_dic/venv/lib/python3.11/site-packages/airflow/example_dags/example_dag_decorator.py for tasks to queue
[2023-10-19T22:34:03.864+0200] {logging_mixin.py:151} INFO - [2023-10-19T22:34:03.864+0200] {dagbag.py:539} INFO - Filling up the DagBag from /Users/nick/Desktop/airflow_dic/venv/lib/python3.11/site-packages/airflow/example_dags/example_dag_decorator.py
[2023-10-19T22:34:03.969+0200] {processor.py:839} INFO - DAG(s) dict_keys(['example_dag_decorator']) retrieved from /Users/nick/Desktop/airflow_dic/venv/lib/python3.11/site-packages/airflow/example_dags/example_dag_decorator.py
[2023-10-19T22:34:04.269+0200] {logging_mixin.py:151} INFO - [2023-10-19T22:34:04.269+0200] {security.py:708} INFO - Not syncing DAG-level permissions for DAG 'DAG:example_dag_decorator' as access control is unset.
[2023-10-19T22:34:04.269+0200] {logging_mixin.py:151} INFO - [2023-10-19T22:34:04.269+0200] {dag.py:2915} INFO - Sync 1 DAGs
[2023-10-19T22:34:04.272+0200] {logging_mixin.py:151} INFO - [2023-10-19T22:34:04.272+0200] {dag.py:3696} INFO - Setting next_dagrun for example_dag_decorator to None, run_after=None
[2023-10-19T22:34:04.278+0200] {processor.py:179} INFO - Processing /Users/nick/Desktop/airflow_dic/venv/lib/python3.11/site-packages/airflow/example_dags/example_dag_decorator.py took 0.417 seconds
[2023-10-19T22:35:12.430+0200] {processor.py:157} INFO - Started process (PID=32781) to work on /Users/nick/Desktop/airflow_dic/venv/lib/python3.11/site-packages/airflow/example_dags/example_dag_decorator.py
[2023-10-19T22:35:12.432+0200] {processor.py:829} INFO - Processing file /Users/nick/Desktop/airflow_dic/venv/lib/python3.11/site-packages/airflow/example_dags/example_dag_decorator.py for tasks to queue
[2023-10-19T22:35:12.432+0200] {logging_mixin.py:151} INFO - [2023-10-19T22:35:12.432+0200] {dagbag.py:539} INFO - Filling up the DagBag from /Users/nick/Desktop/airflow_dic/venv/lib/python3.11/site-packages/airflow/example_dags/example_dag_decorator.py
[2023-10-19T22:35:12.531+0200] {processor.py:839} INFO - DAG(s) dict_keys(['example_dag_decorator']) retrieved from /Users/nick/Desktop/airflow_dic/venv/lib/python3.11/site-packages/airflow/example_dags/example_dag_decorator.py
[2023-10-19T22:35:12.823+0200] {logging_mixin.py:151} INFO - [2023-10-19T22:35:12.823+0200] {security.py:708} INFO - Not syncing DAG-level permissions for DAG 'DAG:example_dag_decorator' as access control is unset.
[2023-10-19T22:35:12.824+0200] {logging_mixin.py:151} INFO - [2023-10-19T22:35:12.824+0200] {dag.py:2915} INFO - Sync 1 DAGs
[2023-10-19T22:35:12.826+0200] {logging_mixin.py:151} INFO - [2023-10-19T22:35:12.826+0200] {dag.py:3696} INFO - Setting next_dagrun for example_dag_decorator to None, run_after=None
[2023-10-19T22:35:12.832+0200] {processor.py:179} INFO - Processing /Users/nick/Desktop/airflow_dic/venv/lib/python3.11/site-packages/airflow/example_dags/example_dag_decorator.py took 0.403 seconds
[2023-10-19T22:36:21.175+0200] {processor.py:157} INFO - Started process (PID=32909) to work on /Users/nick/Desktop/airflow_dic/venv/lib/python3.11/site-packages/airflow/example_dags/example_dag_decorator.py
[2023-10-19T22:36:21.176+0200] {processor.py:829} INFO - Processing file /Users/nick/Desktop/airflow_dic/venv/lib/python3.11/site-packages/airflow/example_dags/example_dag_decorator.py for tasks to queue
[2023-10-19T22:36:21.176+0200] {logging_mixin.py:151} INFO - [2023-10-19T22:36:21.176+0200] {dagbag.py:539} INFO - Filling up the DagBag from /Users/nick/Desktop/airflow_dic/venv/lib/python3.11/site-packages/airflow/example_dags/example_dag_decorator.py
[2023-10-19T22:36:21.268+0200] {processor.py:839} INFO - DAG(s) dict_keys(['example_dag_decorator']) retrieved from /Users/nick/Desktop/airflow_dic/venv/lib/python3.11/site-packages/airflow/example_dags/example_dag_decorator.py
[2023-10-19T22:36:21.514+0200] {logging_mixin.py:151} INFO - [2023-10-19T22:36:21.514+0200] {security.py:708} INFO - Not syncing DAG-level permissions for DAG 'DAG:example_dag_decorator' as access control is unset.
[2023-10-19T22:36:21.514+0200] {logging_mixin.py:151} INFO - [2023-10-19T22:36:21.514+0200] {dag.py:2915} INFO - Sync 1 DAGs
[2023-10-19T22:36:21.517+0200] {logging_mixin.py:151} INFO - [2023-10-19T22:36:21.517+0200] {dag.py:3696} INFO - Setting next_dagrun for example_dag_decorator to None, run_after=None
[2023-10-19T22:36:21.523+0200] {processor.py:179} INFO - Processing /Users/nick/Desktop/airflow_dic/venv/lib/python3.11/site-packages/airflow/example_dags/example_dag_decorator.py took 0.349 seconds
[2023-10-19T22:37:29.138+0200] {processor.py:157} INFO - Started process (PID=33040) to work on /Users/nick/Desktop/airflow_dic/venv/lib/python3.11/site-packages/airflow/example_dags/example_dag_decorator.py
[2023-10-19T22:37:29.139+0200] {processor.py:829} INFO - Processing file /Users/nick/Desktop/airflow_dic/venv/lib/python3.11/site-packages/airflow/example_dags/example_dag_decorator.py for tasks to queue
[2023-10-19T22:37:29.140+0200] {logging_mixin.py:151} INFO - [2023-10-19T22:37:29.139+0200] {dagbag.py:539} INFO - Filling up the DagBag from /Users/nick/Desktop/airflow_dic/venv/lib/python3.11/site-packages/airflow/example_dags/example_dag_decorator.py
[2023-10-19T22:37:29.231+0200] {processor.py:839} INFO - DAG(s) dict_keys(['example_dag_decorator']) retrieved from /Users/nick/Desktop/airflow_dic/venv/lib/python3.11/site-packages/airflow/example_dags/example_dag_decorator.py
[2023-10-19T22:37:29.511+0200] {logging_mixin.py:151} INFO - [2023-10-19T22:37:29.511+0200] {security.py:708} INFO - Not syncing DAG-level permissions for DAG 'DAG:example_dag_decorator' as access control is unset.
[2023-10-19T22:37:29.511+0200] {logging_mixin.py:151} INFO - [2023-10-19T22:37:29.511+0200] {dag.py:2915} INFO - Sync 1 DAGs
[2023-10-19T22:37:29.514+0200] {logging_mixin.py:151} INFO - [2023-10-19T22:37:29.514+0200] {dag.py:3696} INFO - Setting next_dagrun for example_dag_decorator to None, run_after=None
[2023-10-19T22:37:29.520+0200] {processor.py:179} INFO - Processing /Users/nick/Desktop/airflow_dic/venv/lib/python3.11/site-packages/airflow/example_dags/example_dag_decorator.py took 0.382 seconds
[2023-10-19T22:38:37.116+0200] {processor.py:157} INFO - Started process (PID=33166) to work on /Users/nick/Desktop/airflow_dic/venv/lib/python3.11/site-packages/airflow/example_dags/example_dag_decorator.py
[2023-10-19T22:38:37.117+0200] {processor.py:829} INFO - Processing file /Users/nick/Desktop/airflow_dic/venv/lib/python3.11/site-packages/airflow/example_dags/example_dag_decorator.py for tasks to queue
[2023-10-19T22:38:37.117+0200] {logging_mixin.py:151} INFO - [2023-10-19T22:38:37.117+0200] {dagbag.py:539} INFO - Filling up the DagBag from /Users/nick/Desktop/airflow_dic/venv/lib/python3.11/site-packages/airflow/example_dags/example_dag_decorator.py
[2023-10-19T22:38:37.204+0200] {processor.py:839} INFO - DAG(s) dict_keys(['example_dag_decorator']) retrieved from /Users/nick/Desktop/airflow_dic/venv/lib/python3.11/site-packages/airflow/example_dags/example_dag_decorator.py
[2023-10-19T22:38:37.457+0200] {logging_mixin.py:151} INFO - [2023-10-19T22:38:37.457+0200] {security.py:708} INFO - Not syncing DAG-level permissions for DAG 'DAG:example_dag_decorator' as access control is unset.
[2023-10-19T22:38:37.457+0200] {logging_mixin.py:151} INFO - [2023-10-19T22:38:37.457+0200] {dag.py:2915} INFO - Sync 1 DAGs
[2023-10-19T22:38:37.460+0200] {logging_mixin.py:151} INFO - [2023-10-19T22:38:37.460+0200] {dag.py:3696} INFO - Setting next_dagrun for example_dag_decorator to None, run_after=None
[2023-10-19T22:38:37.466+0200] {processor.py:179} INFO - Processing /Users/nick/Desktop/airflow_dic/venv/lib/python3.11/site-packages/airflow/example_dags/example_dag_decorator.py took 0.351 seconds
[2023-10-19T22:39:43.572+0200] {processor.py:157} INFO - Started process (PID=33293) to work on /Users/nick/Desktop/airflow_dic/venv/lib/python3.11/site-packages/airflow/example_dags/example_dag_decorator.py
[2023-10-19T22:39:43.573+0200] {processor.py:829} INFO - Processing file /Users/nick/Desktop/airflow_dic/venv/lib/python3.11/site-packages/airflow/example_dags/example_dag_decorator.py for tasks to queue
[2023-10-19T22:39:43.574+0200] {logging_mixin.py:151} INFO - [2023-10-19T22:39:43.574+0200] {dagbag.py:539} INFO - Filling up the DagBag from /Users/nick/Desktop/airflow_dic/venv/lib/python3.11/site-packages/airflow/example_dags/example_dag_decorator.py
[2023-10-19T22:39:43.661+0200] {processor.py:839} INFO - DAG(s) dict_keys(['example_dag_decorator']) retrieved from /Users/nick/Desktop/airflow_dic/venv/lib/python3.11/site-packages/airflow/example_dags/example_dag_decorator.py
[2023-10-19T22:39:43.908+0200] {logging_mixin.py:151} INFO - [2023-10-19T22:39:43.908+0200] {security.py:708} INFO - Not syncing DAG-level permissions for DAG 'DAG:example_dag_decorator' as access control is unset.
[2023-10-19T22:39:43.908+0200] {logging_mixin.py:151} INFO - [2023-10-19T22:39:43.908+0200] {dag.py:2915} INFO - Sync 1 DAGs
[2023-10-19T22:39:43.911+0200] {logging_mixin.py:151} INFO - [2023-10-19T22:39:43.911+0200] {dag.py:3696} INFO - Setting next_dagrun for example_dag_decorator to None, run_after=None
[2023-10-19T22:39:43.917+0200] {processor.py:179} INFO - Processing /Users/nick/Desktop/airflow_dic/venv/lib/python3.11/site-packages/airflow/example_dags/example_dag_decorator.py took 0.345 seconds
[2023-10-19T22:40:52.484+0200] {processor.py:157} INFO - Started process (PID=33421) to work on /Users/nick/Desktop/airflow_dic/venv/lib/python3.11/site-packages/airflow/example_dags/example_dag_decorator.py
[2023-10-19T22:40:52.485+0200] {processor.py:829} INFO - Processing file /Users/nick/Desktop/airflow_dic/venv/lib/python3.11/site-packages/airflow/example_dags/example_dag_decorator.py for tasks to queue
[2023-10-19T22:40:52.485+0200] {logging_mixin.py:151} INFO - [2023-10-19T22:40:52.485+0200] {dagbag.py:539} INFO - Filling up the DagBag from /Users/nick/Desktop/airflow_dic/venv/lib/python3.11/site-packages/airflow/example_dags/example_dag_decorator.py
[2023-10-19T22:40:52.571+0200] {processor.py:839} INFO - DAG(s) dict_keys(['example_dag_decorator']) retrieved from /Users/nick/Desktop/airflow_dic/venv/lib/python3.11/site-packages/airflow/example_dags/example_dag_decorator.py
[2023-10-19T22:40:52.824+0200] {logging_mixin.py:151} INFO - [2023-10-19T22:40:52.823+0200] {security.py:708} INFO - Not syncing DAG-level permissions for DAG 'DAG:example_dag_decorator' as access control is unset.
[2023-10-19T22:40:52.824+0200] {logging_mixin.py:151} INFO - [2023-10-19T22:40:52.824+0200] {dag.py:2915} INFO - Sync 1 DAGs
[2023-10-19T22:40:52.826+0200] {logging_mixin.py:151} INFO - [2023-10-19T22:40:52.826+0200] {dag.py:3696} INFO - Setting next_dagrun for example_dag_decorator to None, run_after=None
[2023-10-19T22:40:52.832+0200] {processor.py:179} INFO - Processing /Users/nick/Desktop/airflow_dic/venv/lib/python3.11/site-packages/airflow/example_dags/example_dag_decorator.py took 0.349 seconds
[2023-10-19T22:42:02.885+0200] {processor.py:157} INFO - Started process (PID=33551) to work on /Users/nick/Desktop/airflow_dic/venv/lib/python3.11/site-packages/airflow/example_dags/example_dag_decorator.py
[2023-10-19T22:42:02.886+0200] {processor.py:829} INFO - Processing file /Users/nick/Desktop/airflow_dic/venv/lib/python3.11/site-packages/airflow/example_dags/example_dag_decorator.py for tasks to queue
[2023-10-19T22:42:02.886+0200] {logging_mixin.py:151} INFO - [2023-10-19T22:42:02.886+0200] {dagbag.py:539} INFO - Filling up the DagBag from /Users/nick/Desktop/airflow_dic/venv/lib/python3.11/site-packages/airflow/example_dags/example_dag_decorator.py
[2023-10-19T22:42:02.975+0200] {processor.py:839} INFO - DAG(s) dict_keys(['example_dag_decorator']) retrieved from /Users/nick/Desktop/airflow_dic/venv/lib/python3.11/site-packages/airflow/example_dags/example_dag_decorator.py
[2023-10-19T22:42:03.222+0200] {logging_mixin.py:151} INFO - [2023-10-19T22:42:03.222+0200] {security.py:708} INFO - Not syncing DAG-level permissions for DAG 'DAG:example_dag_decorator' as access control is unset.
[2023-10-19T22:42:03.222+0200] {logging_mixin.py:151} INFO - [2023-10-19T22:42:03.222+0200] {dag.py:2915} INFO - Sync 1 DAGs
[2023-10-19T22:42:03.225+0200] {logging_mixin.py:151} INFO - [2023-10-19T22:42:03.225+0200] {dag.py:3696} INFO - Setting next_dagrun for example_dag_decorator to None, run_after=None
[2023-10-19T22:42:03.231+0200] {processor.py:179} INFO - Processing /Users/nick/Desktop/airflow_dic/venv/lib/python3.11/site-packages/airflow/example_dags/example_dag_decorator.py took 0.347 seconds
[2023-10-19T22:43:11.919+0200] {processor.py:157} INFO - Started process (PID=33677) to work on /Users/nick/Desktop/airflow_dic/venv/lib/python3.11/site-packages/airflow/example_dags/example_dag_decorator.py
[2023-10-19T22:43:11.921+0200] {processor.py:829} INFO - Processing file /Users/nick/Desktop/airflow_dic/venv/lib/python3.11/site-packages/airflow/example_dags/example_dag_decorator.py for tasks to queue
[2023-10-19T22:43:11.921+0200] {logging_mixin.py:151} INFO - [2023-10-19T22:43:11.921+0200] {dagbag.py:539} INFO - Filling up the DagBag from /Users/nick/Desktop/airflow_dic/venv/lib/python3.11/site-packages/airflow/example_dags/example_dag_decorator.py
[2023-10-19T22:43:12.020+0200] {processor.py:839} INFO - DAG(s) dict_keys(['example_dag_decorator']) retrieved from /Users/nick/Desktop/airflow_dic/venv/lib/python3.11/site-packages/airflow/example_dags/example_dag_decorator.py
[2023-10-19T22:43:12.274+0200] {logging_mixin.py:151} INFO - [2023-10-19T22:43:12.273+0200] {security.py:708} INFO - Not syncing DAG-level permissions for DAG 'DAG:example_dag_decorator' as access control is unset.
[2023-10-19T22:43:12.274+0200] {logging_mixin.py:151} INFO - [2023-10-19T22:43:12.274+0200] {dag.py:2915} INFO - Sync 1 DAGs
[2023-10-19T22:43:12.276+0200] {logging_mixin.py:151} INFO - [2023-10-19T22:43:12.276+0200] {dag.py:3696} INFO - Setting next_dagrun for example_dag_decorator to None, run_after=None
[2023-10-19T22:43:12.282+0200] {processor.py:179} INFO - Processing /Users/nick/Desktop/airflow_dic/venv/lib/python3.11/site-packages/airflow/example_dags/example_dag_decorator.py took 0.363 seconds
[2023-10-19T22:44:22.475+0200] {processor.py:157} INFO - Started process (PID=33813) to work on /Users/nick/Desktop/airflow_dic/venv/lib/python3.11/site-packages/airflow/example_dags/example_dag_decorator.py
[2023-10-19T22:44:22.477+0200] {processor.py:829} INFO - Processing file /Users/nick/Desktop/airflow_dic/venv/lib/python3.11/site-packages/airflow/example_dags/example_dag_decorator.py for tasks to queue
[2023-10-19T22:44:22.477+0200] {logging_mixin.py:151} INFO - [2023-10-19T22:44:22.477+0200] {dagbag.py:539} INFO - Filling up the DagBag from /Users/nick/Desktop/airflow_dic/venv/lib/python3.11/site-packages/airflow/example_dags/example_dag_decorator.py
[2023-10-19T22:44:22.578+0200] {processor.py:839} INFO - DAG(s) dict_keys(['example_dag_decorator']) retrieved from /Users/nick/Desktop/airflow_dic/venv/lib/python3.11/site-packages/airflow/example_dags/example_dag_decorator.py
[2023-10-19T22:44:22.870+0200] {logging_mixin.py:151} INFO - [2023-10-19T22:44:22.870+0200] {security.py:708} INFO - Not syncing DAG-level permissions for DAG 'DAG:example_dag_decorator' as access control is unset.
[2023-10-19T22:44:22.870+0200] {logging_mixin.py:151} INFO - [2023-10-19T22:44:22.870+0200] {dag.py:2915} INFO - Sync 1 DAGs
[2023-10-19T22:44:22.873+0200] {logging_mixin.py:151} INFO - [2023-10-19T22:44:22.873+0200] {dag.py:3696} INFO - Setting next_dagrun for example_dag_decorator to None, run_after=None
[2023-10-19T22:44:22.879+0200] {processor.py:179} INFO - Processing /Users/nick/Desktop/airflow_dic/venv/lib/python3.11/site-packages/airflow/example_dags/example_dag_decorator.py took 0.404 seconds
[2023-10-19T22:46:10.340+0200] {processor.py:157} INFO - Started process (PID=34035) to work on /Users/nick/Desktop/airflow_dic/venv/lib/python3.11/site-packages/airflow/example_dags/example_dag_decorator.py
[2023-10-19T22:46:10.342+0200] {processor.py:829} INFO - Processing file /Users/nick/Desktop/airflow_dic/venv/lib/python3.11/site-packages/airflow/example_dags/example_dag_decorator.py for tasks to queue
[2023-10-19T22:46:10.342+0200] {logging_mixin.py:151} INFO - [2023-10-19T22:46:10.342+0200] {dagbag.py:539} INFO - Filling up the DagBag from /Users/nick/Desktop/airflow_dic/venv/lib/python3.11/site-packages/airflow/example_dags/example_dag_decorator.py
[2023-10-19T22:46:10.442+0200] {processor.py:839} INFO - DAG(s) dict_keys(['example_dag_decorator']) retrieved from /Users/nick/Desktop/airflow_dic/venv/lib/python3.11/site-packages/airflow/example_dags/example_dag_decorator.py
[2023-10-19T22:46:10.746+0200] {logging_mixin.py:151} INFO - [2023-10-19T22:46:10.745+0200] {security.py:708} INFO - Not syncing DAG-level permissions for DAG 'DAG:example_dag_decorator' as access control is unset.
[2023-10-19T22:46:10.746+0200] {logging_mixin.py:151} INFO - [2023-10-19T22:46:10.746+0200] {dag.py:2915} INFO - Sync 1 DAGs
[2023-10-19T22:46:10.748+0200] {logging_mixin.py:151} INFO - [2023-10-19T22:46:10.748+0200] {dag.py:3696} INFO - Setting next_dagrun for example_dag_decorator to None, run_after=None
[2023-10-19T22:46:10.754+0200] {processor.py:179} INFO - Processing /Users/nick/Desktop/airflow_dic/venv/lib/python3.11/site-packages/airflow/example_dags/example_dag_decorator.py took 0.415 seconds
[2023-10-19T22:47:19.344+0200] {processor.py:157} INFO - Started process (PID=34164) to work on /Users/nick/Desktop/airflow_dic/venv/lib/python3.11/site-packages/airflow/example_dags/example_dag_decorator.py
[2023-10-19T22:47:19.347+0200] {processor.py:829} INFO - Processing file /Users/nick/Desktop/airflow_dic/venv/lib/python3.11/site-packages/airflow/example_dags/example_dag_decorator.py for tasks to queue
[2023-10-19T22:47:19.347+0200] {logging_mixin.py:151} INFO - [2023-10-19T22:47:19.347+0200] {dagbag.py:539} INFO - Filling up the DagBag from /Users/nick/Desktop/airflow_dic/venv/lib/python3.11/site-packages/airflow/example_dags/example_dag_decorator.py
[2023-10-19T22:47:19.447+0200] {processor.py:839} INFO - DAG(s) dict_keys(['example_dag_decorator']) retrieved from /Users/nick/Desktop/airflow_dic/venv/lib/python3.11/site-packages/airflow/example_dags/example_dag_decorator.py
[2023-10-19T22:47:19.742+0200] {logging_mixin.py:151} INFO - [2023-10-19T22:47:19.742+0200] {security.py:708} INFO - Not syncing DAG-level permissions for DAG 'DAG:example_dag_decorator' as access control is unset.
[2023-10-19T22:47:19.742+0200] {logging_mixin.py:151} INFO - [2023-10-19T22:47:19.742+0200] {dag.py:2915} INFO - Sync 1 DAGs
[2023-10-19T22:47:19.745+0200] {logging_mixin.py:151} INFO - [2023-10-19T22:47:19.745+0200] {dag.py:3696} INFO - Setting next_dagrun for example_dag_decorator to None, run_after=None
[2023-10-19T22:47:19.751+0200] {processor.py:179} INFO - Processing /Users/nick/Desktop/airflow_dic/venv/lib/python3.11/site-packages/airflow/example_dags/example_dag_decorator.py took 0.407 seconds
[2023-10-19T22:48:28.357+0200] {processor.py:157} INFO - Started process (PID=34297) to work on /Users/nick/Desktop/airflow_dic/venv/lib/python3.11/site-packages/airflow/example_dags/example_dag_decorator.py
[2023-10-19T22:48:28.359+0200] {processor.py:829} INFO - Processing file /Users/nick/Desktop/airflow_dic/venv/lib/python3.11/site-packages/airflow/example_dags/example_dag_decorator.py for tasks to queue
[2023-10-19T22:48:28.359+0200] {logging_mixin.py:151} INFO - [2023-10-19T22:48:28.359+0200] {dagbag.py:539} INFO - Filling up the DagBag from /Users/nick/Desktop/airflow_dic/venv/lib/python3.11/site-packages/airflow/example_dags/example_dag_decorator.py
[2023-10-19T22:48:28.447+0200] {processor.py:839} INFO - DAG(s) dict_keys(['example_dag_decorator']) retrieved from /Users/nick/Desktop/airflow_dic/venv/lib/python3.11/site-packages/airflow/example_dags/example_dag_decorator.py
[2023-10-19T22:48:28.697+0200] {logging_mixin.py:151} INFO - [2023-10-19T22:48:28.697+0200] {security.py:708} INFO - Not syncing DAG-level permissions for DAG 'DAG:example_dag_decorator' as access control is unset.
[2023-10-19T22:48:28.697+0200] {logging_mixin.py:151} INFO - [2023-10-19T22:48:28.697+0200] {dag.py:2915} INFO - Sync 1 DAGs
[2023-10-19T22:48:28.700+0200] {logging_mixin.py:151} INFO - [2023-10-19T22:48:28.700+0200] {dag.py:3696} INFO - Setting next_dagrun for example_dag_decorator to None, run_after=None
[2023-10-19T22:48:28.706+0200] {processor.py:179} INFO - Processing /Users/nick/Desktop/airflow_dic/venv/lib/python3.11/site-packages/airflow/example_dags/example_dag_decorator.py took 0.349 seconds
[2023-10-19T22:49:37.795+0200] {processor.py:157} INFO - Started process (PID=34436) to work on /Users/nick/Desktop/airflow_dic/venv/lib/python3.11/site-packages/airflow/example_dags/example_dag_decorator.py
[2023-10-19T22:49:37.797+0200] {processor.py:829} INFO - Processing file /Users/nick/Desktop/airflow_dic/venv/lib/python3.11/site-packages/airflow/example_dags/example_dag_decorator.py for tasks to queue
[2023-10-19T22:49:37.797+0200] {logging_mixin.py:151} INFO - [2023-10-19T22:49:37.797+0200] {dagbag.py:539} INFO - Filling up the DagBag from /Users/nick/Desktop/airflow_dic/venv/lib/python3.11/site-packages/airflow/example_dags/example_dag_decorator.py
[2023-10-19T22:49:37.900+0200] {processor.py:839} INFO - DAG(s) dict_keys(['example_dag_decorator']) retrieved from /Users/nick/Desktop/airflow_dic/venv/lib/python3.11/site-packages/airflow/example_dags/example_dag_decorator.py
[2023-10-19T22:49:38.152+0200] {logging_mixin.py:151} INFO - [2023-10-19T22:49:38.152+0200] {security.py:708} INFO - Not syncing DAG-level permissions for DAG 'DAG:example_dag_decorator' as access control is unset.
[2023-10-19T22:49:38.152+0200] {logging_mixin.py:151} INFO - [2023-10-19T22:49:38.152+0200] {dag.py:2915} INFO - Sync 1 DAGs
[2023-10-19T22:49:38.155+0200] {logging_mixin.py:151} INFO - [2023-10-19T22:49:38.155+0200] {dag.py:3696} INFO - Setting next_dagrun for example_dag_decorator to None, run_after=None
[2023-10-19T22:49:38.161+0200] {processor.py:179} INFO - Processing /Users/nick/Desktop/airflow_dic/venv/lib/python3.11/site-packages/airflow/example_dags/example_dag_decorator.py took 0.366 seconds
[2023-10-19T22:50:45.126+0200] {processor.py:157} INFO - Started process (PID=34559) to work on /Users/nick/Desktop/airflow_dic/venv/lib/python3.11/site-packages/airflow/example_dags/example_dag_decorator.py
[2023-10-19T22:50:45.127+0200] {processor.py:829} INFO - Processing file /Users/nick/Desktop/airflow_dic/venv/lib/python3.11/site-packages/airflow/example_dags/example_dag_decorator.py for tasks to queue
[2023-10-19T22:50:45.127+0200] {logging_mixin.py:151} INFO - [2023-10-19T22:50:45.127+0200] {dagbag.py:539} INFO - Filling up the DagBag from /Users/nick/Desktop/airflow_dic/venv/lib/python3.11/site-packages/airflow/example_dags/example_dag_decorator.py
[2023-10-19T22:50:45.214+0200] {processor.py:839} INFO - DAG(s) dict_keys(['example_dag_decorator']) retrieved from /Users/nick/Desktop/airflow_dic/venv/lib/python3.11/site-packages/airflow/example_dags/example_dag_decorator.py
[2023-10-19T22:50:45.473+0200] {logging_mixin.py:151} INFO - [2023-10-19T22:50:45.473+0200] {security.py:708} INFO - Not syncing DAG-level permissions for DAG 'DAG:example_dag_decorator' as access control is unset.
[2023-10-19T22:50:45.473+0200] {logging_mixin.py:151} INFO - [2023-10-19T22:50:45.473+0200] {dag.py:2915} INFO - Sync 1 DAGs
[2023-10-19T22:50:45.476+0200] {logging_mixin.py:151} INFO - [2023-10-19T22:50:45.476+0200] {dag.py:3696} INFO - Setting next_dagrun for example_dag_decorator to None, run_after=None
[2023-10-19T22:50:45.483+0200] {processor.py:179} INFO - Processing /Users/nick/Desktop/airflow_dic/venv/lib/python3.11/site-packages/airflow/example_dags/example_dag_decorator.py took 0.357 seconds
[2023-10-19T22:54:08.841+0200] {processor.py:157} INFO - Started process (PID=34872) to work on /Users/nick/Desktop/airflow_dic/venv/lib/python3.11/site-packages/airflow/example_dags/example_dag_decorator.py
[2023-10-19T22:54:08.842+0200] {processor.py:829} INFO - Processing file /Users/nick/Desktop/airflow_dic/venv/lib/python3.11/site-packages/airflow/example_dags/example_dag_decorator.py for tasks to queue
[2023-10-19T22:54:08.842+0200] {logging_mixin.py:151} INFO - [2023-10-19T22:54:08.842+0200] {dagbag.py:539} INFO - Filling up the DagBag from /Users/nick/Desktop/airflow_dic/venv/lib/python3.11/site-packages/airflow/example_dags/example_dag_decorator.py
[2023-10-19T22:54:08.933+0200] {processor.py:839} INFO - DAG(s) dict_keys(['example_dag_decorator']) retrieved from /Users/nick/Desktop/airflow_dic/venv/lib/python3.11/site-packages/airflow/example_dags/example_dag_decorator.py
[2023-10-19T22:54:09.189+0200] {logging_mixin.py:151} INFO - [2023-10-19T22:54:09.189+0200] {security.py:708} INFO - Not syncing DAG-level permissions for DAG 'DAG:example_dag_decorator' as access control is unset.
[2023-10-19T22:54:09.189+0200] {logging_mixin.py:151} INFO - [2023-10-19T22:54:09.189+0200] {dag.py:2915} INFO - Sync 1 DAGs
[2023-10-19T22:54:09.192+0200] {logging_mixin.py:151} INFO - [2023-10-19T22:54:09.192+0200] {dag.py:3696} INFO - Setting next_dagrun for example_dag_decorator to None, run_after=None
[2023-10-19T22:54:09.198+0200] {processor.py:179} INFO - Processing /Users/nick/Desktop/airflow_dic/venv/lib/python3.11/site-packages/airflow/example_dags/example_dag_decorator.py took 0.357 seconds
[2023-10-19T22:55:15.622+0200] {processor.py:157} INFO - Started process (PID=35012) to work on /Users/nick/Desktop/airflow_dic/venv/lib/python3.11/site-packages/airflow/example_dags/example_dag_decorator.py
[2023-10-19T22:55:15.624+0200] {processor.py:829} INFO - Processing file /Users/nick/Desktop/airflow_dic/venv/lib/python3.11/site-packages/airflow/example_dags/example_dag_decorator.py for tasks to queue
[2023-10-19T22:55:15.624+0200] {logging_mixin.py:151} INFO - [2023-10-19T22:55:15.624+0200] {dagbag.py:539} INFO - Filling up the DagBag from /Users/nick/Desktop/airflow_dic/venv/lib/python3.11/site-packages/airflow/example_dags/example_dag_decorator.py
[2023-10-19T22:55:15.725+0200] {processor.py:839} INFO - DAG(s) dict_keys(['example_dag_decorator']) retrieved from /Users/nick/Desktop/airflow_dic/venv/lib/python3.11/site-packages/airflow/example_dags/example_dag_decorator.py
[2023-10-19T22:55:15.994+0200] {logging_mixin.py:151} INFO - [2023-10-19T22:55:15.994+0200] {security.py:708} INFO - Not syncing DAG-level permissions for DAG 'DAG:example_dag_decorator' as access control is unset.
[2023-10-19T22:55:15.994+0200] {logging_mixin.py:151} INFO - [2023-10-19T22:55:15.994+0200] {dag.py:2915} INFO - Sync 1 DAGs
[2023-10-19T22:55:15.997+0200] {logging_mixin.py:151} INFO - [2023-10-19T22:55:15.997+0200] {dag.py:3696} INFO - Setting next_dagrun for example_dag_decorator to None, run_after=None
[2023-10-19T22:55:16.004+0200] {processor.py:179} INFO - Processing /Users/nick/Desktop/airflow_dic/venv/lib/python3.11/site-packages/airflow/example_dags/example_dag_decorator.py took 0.382 seconds
[2023-10-19T22:56:24.333+0200] {processor.py:157} INFO - Started process (PID=35146) to work on /Users/nick/Desktop/airflow_dic/venv/lib/python3.11/site-packages/airflow/example_dags/example_dag_decorator.py
[2023-10-19T22:56:24.334+0200] {processor.py:829} INFO - Processing file /Users/nick/Desktop/airflow_dic/venv/lib/python3.11/site-packages/airflow/example_dags/example_dag_decorator.py for tasks to queue
[2023-10-19T22:56:24.335+0200] {logging_mixin.py:151} INFO - [2023-10-19T22:56:24.335+0200] {dagbag.py:539} INFO - Filling up the DagBag from /Users/nick/Desktop/airflow_dic/venv/lib/python3.11/site-packages/airflow/example_dags/example_dag_decorator.py
[2023-10-19T22:56:24.427+0200] {processor.py:839} INFO - DAG(s) dict_keys(['example_dag_decorator']) retrieved from /Users/nick/Desktop/airflow_dic/venv/lib/python3.11/site-packages/airflow/example_dags/example_dag_decorator.py
[2023-10-19T22:56:24.688+0200] {logging_mixin.py:151} INFO - [2023-10-19T22:56:24.688+0200] {security.py:708} INFO - Not syncing DAG-level permissions for DAG 'DAG:example_dag_decorator' as access control is unset.
[2023-10-19T22:56:24.689+0200] {logging_mixin.py:151} INFO - [2023-10-19T22:56:24.689+0200] {dag.py:2915} INFO - Sync 1 DAGs
[2023-10-19T22:56:24.691+0200] {logging_mixin.py:151} INFO - [2023-10-19T22:56:24.691+0200] {dag.py:3696} INFO - Setting next_dagrun for example_dag_decorator to None, run_after=None
[2023-10-19T22:56:24.698+0200] {processor.py:179} INFO - Processing /Users/nick/Desktop/airflow_dic/venv/lib/python3.11/site-packages/airflow/example_dags/example_dag_decorator.py took 0.365 seconds
[2023-10-19T22:57:30.904+0200] {processor.py:157} INFO - Started process (PID=35281) to work on /Users/nick/Desktop/airflow_dic/venv/lib/python3.11/site-packages/airflow/example_dags/example_dag_decorator.py
[2023-10-19T22:57:30.906+0200] {processor.py:829} INFO - Processing file /Users/nick/Desktop/airflow_dic/venv/lib/python3.11/site-packages/airflow/example_dags/example_dag_decorator.py for tasks to queue
[2023-10-19T22:57:30.906+0200] {logging_mixin.py:151} INFO - [2023-10-19T22:57:30.906+0200] {dagbag.py:539} INFO - Filling up the DagBag from /Users/nick/Desktop/airflow_dic/venv/lib/python3.11/site-packages/airflow/example_dags/example_dag_decorator.py
[2023-10-19T22:57:30.999+0200] {processor.py:839} INFO - DAG(s) dict_keys(['example_dag_decorator']) retrieved from /Users/nick/Desktop/airflow_dic/venv/lib/python3.11/site-packages/airflow/example_dags/example_dag_decorator.py
[2023-10-19T22:57:31.263+0200] {logging_mixin.py:151} INFO - [2023-10-19T22:57:31.263+0200] {security.py:708} INFO - Not syncing DAG-level permissions for DAG 'DAG:example_dag_decorator' as access control is unset.
[2023-10-19T22:57:31.263+0200] {logging_mixin.py:151} INFO - [2023-10-19T22:57:31.263+0200] {dag.py:2915} INFO - Sync 1 DAGs
[2023-10-19T22:57:31.266+0200] {logging_mixin.py:151} INFO - [2023-10-19T22:57:31.266+0200] {dag.py:3696} INFO - Setting next_dagrun for example_dag_decorator to None, run_after=None
[2023-10-19T22:57:31.273+0200] {processor.py:179} INFO - Processing /Users/nick/Desktop/airflow_dic/venv/lib/python3.11/site-packages/airflow/example_dags/example_dag_decorator.py took 0.369 seconds
[2023-10-19T22:58:38.768+0200] {processor.py:157} INFO - Started process (PID=35416) to work on /Users/nick/Desktop/airflow_dic/venv/lib/python3.11/site-packages/airflow/example_dags/example_dag_decorator.py
[2023-10-19T22:58:38.769+0200] {processor.py:829} INFO - Processing file /Users/nick/Desktop/airflow_dic/venv/lib/python3.11/site-packages/airflow/example_dags/example_dag_decorator.py for tasks to queue
[2023-10-19T22:58:38.769+0200] {logging_mixin.py:151} INFO - [2023-10-19T22:58:38.769+0200] {dagbag.py:539} INFO - Filling up the DagBag from /Users/nick/Desktop/airflow_dic/venv/lib/python3.11/site-packages/airflow/example_dags/example_dag_decorator.py
[2023-10-19T22:58:38.855+0200] {processor.py:839} INFO - DAG(s) dict_keys(['example_dag_decorator']) retrieved from /Users/nick/Desktop/airflow_dic/venv/lib/python3.11/site-packages/airflow/example_dags/example_dag_decorator.py
[2023-10-19T22:58:39.099+0200] {logging_mixin.py:151} INFO - [2023-10-19T22:58:39.099+0200] {security.py:708} INFO - Not syncing DAG-level permissions for DAG 'DAG:example_dag_decorator' as access control is unset.
[2023-10-19T22:58:39.099+0200] {logging_mixin.py:151} INFO - [2023-10-19T22:58:39.099+0200] {dag.py:2915} INFO - Sync 1 DAGs
[2023-10-19T22:58:39.101+0200] {logging_mixin.py:151} INFO - [2023-10-19T22:58:39.101+0200] {dag.py:3696} INFO - Setting next_dagrun for example_dag_decorator to None, run_after=None
[2023-10-19T22:58:39.108+0200] {processor.py:179} INFO - Processing /Users/nick/Desktop/airflow_dic/venv/lib/python3.11/site-packages/airflow/example_dags/example_dag_decorator.py took 0.341 seconds
