[2023-10-19T22:17:11.872+0200] {processor.py:157} INFO - Started process (PID=28751) to work on /Users/nick/Desktop/airflow_dic/venv/lib/python3.11/site-packages/airflow/example_dags/example_trigger_target_dag.py
[2023-10-19T22:17:11.874+0200] {processor.py:829} INFO - Processing file /Users/nick/Desktop/airflow_dic/venv/lib/python3.11/site-packages/airflow/example_dags/example_trigger_target_dag.py for tasks to queue
[2023-10-19T22:17:11.874+0200] {logging_mixin.py:151} INFO - [2023-10-19T22:17:11.874+0200] {dagbag.py:539} INFO - Filling up the DagBag from /Users/nick/Desktop/airflow_dic/venv/lib/python3.11/site-packages/airflow/example_dags/example_trigger_target_dag.py
[2023-10-19T22:17:11.893+0200] {processor.py:839} INFO - DAG(s) dict_keys(['example_trigger_target_dag']) retrieved from /Users/nick/Desktop/airflow_dic/venv/lib/python3.11/site-packages/airflow/example_dags/example_trigger_target_dag.py
[2023-10-19T22:17:12.177+0200] {logging_mixin.py:151} INFO - [2023-10-19T22:17:12.176+0200] {manager.py:499} INFO - Created Permission View: %s
[2023-10-19T22:17:12.179+0200] {logging_mixin.py:151} INFO - [2023-10-19T22:17:12.179+0200] {manager.py:499} INFO - Created Permission View: %s
[2023-10-19T22:17:12.181+0200] {logging_mixin.py:151} INFO - [2023-10-19T22:17:12.181+0200] {manager.py:499} INFO - Created Permission View: %s
[2023-10-19T22:17:12.181+0200] {logging_mixin.py:151} INFO - [2023-10-19T22:17:12.181+0200] {security.py:708} INFO - Not syncing DAG-level permissions for DAG 'DAG:example_trigger_target_dag' as access control is unset.
[2023-10-19T22:17:12.181+0200] {logging_mixin.py:151} INFO - [2023-10-19T22:17:12.181+0200] {dag.py:2915} INFO - Sync 1 DAGs
[2023-10-19T22:17:12.185+0200] {logging_mixin.py:151} INFO - [2023-10-19T22:17:12.185+0200] {dag.py:2937} INFO - Creating ORM DAG for example_trigger_target_dag
[2023-10-19T22:17:12.185+0200] {logging_mixin.py:151} INFO - [2023-10-19T22:17:12.185+0200] {dag.py:3696} INFO - Setting next_dagrun for example_trigger_target_dag to None, run_after=None
[2023-10-19T22:17:12.190+0200] {processor.py:179} INFO - Processing /Users/nick/Desktop/airflow_dic/venv/lib/python3.11/site-packages/airflow/example_dags/example_trigger_target_dag.py took 0.318 seconds
[2023-10-19T22:18:13.387+0200] {processor.py:157} INFO - Started process (PID=28864) to work on /Users/nick/Desktop/airflow_dic/venv/lib/python3.11/site-packages/airflow/example_dags/example_trigger_target_dag.py
[2023-10-19T22:18:13.389+0200] {processor.py:829} INFO - Processing file /Users/nick/Desktop/airflow_dic/venv/lib/python3.11/site-packages/airflow/example_dags/example_trigger_target_dag.py for tasks to queue
[2023-10-19T22:18:13.389+0200] {logging_mixin.py:151} INFO - [2023-10-19T22:18:13.389+0200] {dagbag.py:539} INFO - Filling up the DagBag from /Users/nick/Desktop/airflow_dic/venv/lib/python3.11/site-packages/airflow/example_dags/example_trigger_target_dag.py
[2023-10-19T22:18:13.408+0200] {processor.py:839} INFO - DAG(s) dict_keys(['example_trigger_target_dag']) retrieved from /Users/nick/Desktop/airflow_dic/venv/lib/python3.11/site-packages/airflow/example_dags/example_trigger_target_dag.py
[2023-10-19T22:18:13.461+0200] {logging_mixin.py:151} INFO - [2023-10-19T22:18:13.461+0200] {dag.py:2915} INFO - Sync 1 DAGs
[2023-10-19T22:18:13.465+0200] {logging_mixin.py:151} INFO - [2023-10-19T22:18:13.464+0200] {dag.py:3696} INFO - Setting next_dagrun for example_trigger_target_dag to None, run_after=None
[2023-10-19T22:18:13.471+0200] {processor.py:179} INFO - Processing /Users/nick/Desktop/airflow_dic/venv/lib/python3.11/site-packages/airflow/example_dags/example_trigger_target_dag.py took 0.084 seconds
[2023-10-19T22:19:26.564+0200] {processor.py:157} INFO - Started process (PID=29001) to work on /Users/nick/Desktop/airflow_dic/venv/lib/python3.11/site-packages/airflow/example_dags/example_trigger_target_dag.py
[2023-10-19T22:19:26.566+0200] {processor.py:829} INFO - Processing file /Users/nick/Desktop/airflow_dic/venv/lib/python3.11/site-packages/airflow/example_dags/example_trigger_target_dag.py for tasks to queue
[2023-10-19T22:19:26.566+0200] {logging_mixin.py:151} INFO - [2023-10-19T22:19:26.566+0200] {dagbag.py:539} INFO - Filling up the DagBag from /Users/nick/Desktop/airflow_dic/venv/lib/python3.11/site-packages/airflow/example_dags/example_trigger_target_dag.py
[2023-10-19T22:19:26.585+0200] {processor.py:839} INFO - DAG(s) dict_keys(['example_trigger_target_dag']) retrieved from /Users/nick/Desktop/airflow_dic/venv/lib/python3.11/site-packages/airflow/example_dags/example_trigger_target_dag.py
[2023-10-19T22:19:26.639+0200] {logging_mixin.py:151} INFO - [2023-10-19T22:19:26.639+0200] {dag.py:2915} INFO - Sync 1 DAGs
[2023-10-19T22:19:26.643+0200] {logging_mixin.py:151} INFO - [2023-10-19T22:19:26.642+0200] {dag.py:3696} INFO - Setting next_dagrun for example_trigger_target_dag to None, run_after=None
[2023-10-19T22:19:26.649+0200] {processor.py:179} INFO - Processing /Users/nick/Desktop/airflow_dic/venv/lib/python3.11/site-packages/airflow/example_dags/example_trigger_target_dag.py took 0.086 seconds
[2023-10-19T22:20:32.580+0200] {processor.py:157} INFO - Started process (PID=29124) to work on /Users/nick/Desktop/airflow_dic/venv/lib/python3.11/site-packages/airflow/example_dags/example_trigger_target_dag.py
[2023-10-19T22:20:32.581+0200] {processor.py:829} INFO - Processing file /Users/nick/Desktop/airflow_dic/venv/lib/python3.11/site-packages/airflow/example_dags/example_trigger_target_dag.py for tasks to queue
[2023-10-19T22:20:32.581+0200] {logging_mixin.py:151} INFO - [2023-10-19T22:20:32.581+0200] {dagbag.py:539} INFO - Filling up the DagBag from /Users/nick/Desktop/airflow_dic/venv/lib/python3.11/site-packages/airflow/example_dags/example_trigger_target_dag.py
[2023-10-19T22:20:32.600+0200] {processor.py:839} INFO - DAG(s) dict_keys(['example_trigger_target_dag']) retrieved from /Users/nick/Desktop/airflow_dic/venv/lib/python3.11/site-packages/airflow/example_dags/example_trigger_target_dag.py
[2023-10-19T22:20:32.655+0200] {logging_mixin.py:151} INFO - [2023-10-19T22:20:32.655+0200] {dag.py:2915} INFO - Sync 1 DAGs
[2023-10-19T22:20:32.658+0200] {logging_mixin.py:151} INFO - [2023-10-19T22:20:32.658+0200] {dag.py:3696} INFO - Setting next_dagrun for example_trigger_target_dag to None, run_after=None
[2023-10-19T22:20:32.664+0200] {processor.py:179} INFO - Processing /Users/nick/Desktop/airflow_dic/venv/lib/python3.11/site-packages/airflow/example_dags/example_trigger_target_dag.py took 0.085 seconds
[2023-10-19T22:21:40.085+0200] {processor.py:157} INFO - Started process (PID=29264) to work on /Users/nick/Desktop/airflow_dic/venv/lib/python3.11/site-packages/airflow/example_dags/example_trigger_target_dag.py
[2023-10-19T22:21:40.087+0200] {processor.py:829} INFO - Processing file /Users/nick/Desktop/airflow_dic/venv/lib/python3.11/site-packages/airflow/example_dags/example_trigger_target_dag.py for tasks to queue
[2023-10-19T22:21:40.088+0200] {logging_mixin.py:151} INFO - [2023-10-19T22:21:40.087+0200] {dagbag.py:539} INFO - Filling up the DagBag from /Users/nick/Desktop/airflow_dic/venv/lib/python3.11/site-packages/airflow/example_dags/example_trigger_target_dag.py
[2023-10-19T22:21:40.109+0200] {processor.py:839} INFO - DAG(s) dict_keys(['example_trigger_target_dag']) retrieved from /Users/nick/Desktop/airflow_dic/venv/lib/python3.11/site-packages/airflow/example_dags/example_trigger_target_dag.py
[2023-10-19T22:21:40.167+0200] {logging_mixin.py:151} INFO - [2023-10-19T22:21:40.167+0200] {dag.py:2915} INFO - Sync 1 DAGs
[2023-10-19T22:21:40.171+0200] {logging_mixin.py:151} INFO - [2023-10-19T22:21:40.171+0200] {dag.py:3696} INFO - Setting next_dagrun for example_trigger_target_dag to None, run_after=None
[2023-10-19T22:21:40.178+0200] {processor.py:179} INFO - Processing /Users/nick/Desktop/airflow_dic/venv/lib/python3.11/site-packages/airflow/example_dags/example_trigger_target_dag.py took 0.093 seconds
[2023-10-19T22:22:21.400+0200] {processor.py:157} INFO - Started process (PID=29351) to work on /Users/nick/Desktop/airflow_dic/venv/lib/python3.11/site-packages/airflow/example_dags/example_trigger_target_dag.py
[2023-10-19T22:22:21.402+0200] {processor.py:829} INFO - Processing file /Users/nick/Desktop/airflow_dic/venv/lib/python3.11/site-packages/airflow/example_dags/example_trigger_target_dag.py for tasks to queue
[2023-10-19T22:22:21.402+0200] {logging_mixin.py:151} INFO - [2023-10-19T22:22:21.402+0200] {dagbag.py:539} INFO - Filling up the DagBag from /Users/nick/Desktop/airflow_dic/venv/lib/python3.11/site-packages/airflow/example_dags/example_trigger_target_dag.py
[2023-10-19T22:22:21.421+0200] {processor.py:839} INFO - DAG(s) dict_keys(['example_trigger_target_dag']) retrieved from /Users/nick/Desktop/airflow_dic/venv/lib/python3.11/site-packages/airflow/example_dags/example_trigger_target_dag.py
[2023-10-19T22:22:21.475+0200] {logging_mixin.py:151} INFO - [2023-10-19T22:22:21.475+0200] {dag.py:2915} INFO - Sync 1 DAGs
[2023-10-19T22:22:21.478+0200] {logging_mixin.py:151} INFO - [2023-10-19T22:22:21.478+0200] {dag.py:3696} INFO - Setting next_dagrun for example_trigger_target_dag to None, run_after=None
[2023-10-19T22:22:21.485+0200] {processor.py:179} INFO - Processing /Users/nick/Desktop/airflow_dic/venv/lib/python3.11/site-packages/airflow/example_dags/example_trigger_target_dag.py took 0.085 seconds
[2023-10-19T22:23:03.179+0200] {processor.py:157} INFO - Started process (PID=29435) to work on /Users/nick/Desktop/airflow_dic/venv/lib/python3.11/site-packages/airflow/example_dags/example_trigger_target_dag.py
[2023-10-19T22:23:03.181+0200] {processor.py:829} INFO - Processing file /Users/nick/Desktop/airflow_dic/venv/lib/python3.11/site-packages/airflow/example_dags/example_trigger_target_dag.py for tasks to queue
[2023-10-19T22:23:03.181+0200] {logging_mixin.py:151} INFO - [2023-10-19T22:23:03.181+0200] {dagbag.py:539} INFO - Filling up the DagBag from /Users/nick/Desktop/airflow_dic/venv/lib/python3.11/site-packages/airflow/example_dags/example_trigger_target_dag.py
[2023-10-19T22:23:03.211+0200] {processor.py:839} INFO - DAG(s) dict_keys(['example_trigger_target_dag']) retrieved from /Users/nick/Desktop/airflow_dic/venv/lib/python3.11/site-packages/airflow/example_dags/example_trigger_target_dag.py
[2023-10-19T22:23:03.269+0200] {logging_mixin.py:151} INFO - [2023-10-19T22:23:03.269+0200] {dag.py:2915} INFO - Sync 1 DAGs
[2023-10-19T22:23:03.273+0200] {logging_mixin.py:151} INFO - [2023-10-19T22:23:03.273+0200] {dag.py:3696} INFO - Setting next_dagrun for example_trigger_target_dag to None, run_after=None
[2023-10-19T22:23:03.279+0200] {processor.py:179} INFO - Processing /Users/nick/Desktop/airflow_dic/venv/lib/python3.11/site-packages/airflow/example_dags/example_trigger_target_dag.py took 0.100 seconds
[2023-10-19T22:24:06.674+0200] {processor.py:157} INFO - Started process (PID=29559) to work on /Users/nick/Desktop/airflow_dic/venv/lib/python3.11/site-packages/airflow/example_dags/example_trigger_target_dag.py
[2023-10-19T22:24:06.676+0200] {processor.py:829} INFO - Processing file /Users/nick/Desktop/airflow_dic/venv/lib/python3.11/site-packages/airflow/example_dags/example_trigger_target_dag.py for tasks to queue
[2023-10-19T22:24:06.676+0200] {logging_mixin.py:151} INFO - [2023-10-19T22:24:06.676+0200] {dagbag.py:539} INFO - Filling up the DagBag from /Users/nick/Desktop/airflow_dic/venv/lib/python3.11/site-packages/airflow/example_dags/example_trigger_target_dag.py
[2023-10-19T22:24:06.695+0200] {processor.py:839} INFO - DAG(s) dict_keys(['example_trigger_target_dag']) retrieved from /Users/nick/Desktop/airflow_dic/venv/lib/python3.11/site-packages/airflow/example_dags/example_trigger_target_dag.py
[2023-10-19T22:24:06.749+0200] {logging_mixin.py:151} INFO - [2023-10-19T22:24:06.748+0200] {dag.py:2915} INFO - Sync 1 DAGs
[2023-10-19T22:24:06.752+0200] {logging_mixin.py:151} INFO - [2023-10-19T22:24:06.752+0200] {dag.py:3696} INFO - Setting next_dagrun for example_trigger_target_dag to None, run_after=None
[2023-10-19T22:24:06.758+0200] {processor.py:179} INFO - Processing /Users/nick/Desktop/airflow_dic/venv/lib/python3.11/site-packages/airflow/example_dags/example_trigger_target_dag.py took 0.084 seconds
[2023-10-19T22:25:08.523+0200] {processor.py:157} INFO - Started process (PID=29697) to work on /Users/nick/Desktop/airflow_dic/venv/lib/python3.11/site-packages/airflow/example_dags/example_trigger_target_dag.py
[2023-10-19T22:25:08.525+0200] {processor.py:829} INFO - Processing file /Users/nick/Desktop/airflow_dic/venv/lib/python3.11/site-packages/airflow/example_dags/example_trigger_target_dag.py for tasks to queue
[2023-10-19T22:25:08.525+0200] {logging_mixin.py:151} INFO - [2023-10-19T22:25:08.525+0200] {dagbag.py:539} INFO - Filling up the DagBag from /Users/nick/Desktop/airflow_dic/venv/lib/python3.11/site-packages/airflow/example_dags/example_trigger_target_dag.py
[2023-10-19T22:25:08.546+0200] {processor.py:839} INFO - DAG(s) dict_keys(['example_trigger_target_dag']) retrieved from /Users/nick/Desktop/airflow_dic/venv/lib/python3.11/site-packages/airflow/example_dags/example_trigger_target_dag.py
[2023-10-19T22:25:08.600+0200] {logging_mixin.py:151} INFO - [2023-10-19T22:25:08.599+0200] {dag.py:2915} INFO - Sync 1 DAGs
[2023-10-19T22:25:08.603+0200] {logging_mixin.py:151} INFO - [2023-10-19T22:25:08.603+0200] {dag.py:3696} INFO - Setting next_dagrun for example_trigger_target_dag to None, run_after=None
[2023-10-19T22:25:08.609+0200] {processor.py:179} INFO - Processing /Users/nick/Desktop/airflow_dic/venv/lib/python3.11/site-packages/airflow/example_dags/example_trigger_target_dag.py took 0.087 seconds
[2023-10-19T22:26:20.406+0200] {processor.py:157} INFO - Started process (PID=31709) to work on /Users/nick/Desktop/airflow_dic/venv/lib/python3.11/site-packages/airflow/example_dags/example_trigger_target_dag.py
[2023-10-19T22:26:20.408+0200] {processor.py:829} INFO - Processing file /Users/nick/Desktop/airflow_dic/venv/lib/python3.11/site-packages/airflow/example_dags/example_trigger_target_dag.py for tasks to queue
[2023-10-19T22:26:20.408+0200] {logging_mixin.py:151} INFO - [2023-10-19T22:26:20.408+0200] {dagbag.py:539} INFO - Filling up the DagBag from /Users/nick/Desktop/airflow_dic/venv/lib/python3.11/site-packages/airflow/example_dags/example_trigger_target_dag.py
[2023-10-19T22:26:20.429+0200] {processor.py:839} INFO - DAG(s) dict_keys(['example_trigger_target_dag']) retrieved from /Users/nick/Desktop/airflow_dic/venv/lib/python3.11/site-packages/airflow/example_dags/example_trigger_target_dag.py
[2023-10-19T22:26:20.482+0200] {logging_mixin.py:151} INFO - [2023-10-19T22:26:20.482+0200] {dag.py:2915} INFO - Sync 1 DAGs
[2023-10-19T22:26:20.485+0200] {logging_mixin.py:151} INFO - [2023-10-19T22:26:20.485+0200] {dag.py:3696} INFO - Setting next_dagrun for example_trigger_target_dag to None, run_after=None
[2023-10-19T22:26:20.492+0200] {processor.py:179} INFO - Processing /Users/nick/Desktop/airflow_dic/venv/lib/python3.11/site-packages/airflow/example_dags/example_trigger_target_dag.py took 0.086 seconds
[2023-10-19T22:27:26.134+0200] {processor.py:157} INFO - Started process (PID=31834) to work on /Users/nick/Desktop/airflow_dic/venv/lib/python3.11/site-packages/airflow/example_dags/example_trigger_target_dag.py
[2023-10-19T22:27:26.136+0200] {processor.py:829} INFO - Processing file /Users/nick/Desktop/airflow_dic/venv/lib/python3.11/site-packages/airflow/example_dags/example_trigger_target_dag.py for tasks to queue
[2023-10-19T22:27:26.136+0200] {logging_mixin.py:151} INFO - [2023-10-19T22:27:26.136+0200] {dagbag.py:539} INFO - Filling up the DagBag from /Users/nick/Desktop/airflow_dic/venv/lib/python3.11/site-packages/airflow/example_dags/example_trigger_target_dag.py
[2023-10-19T22:27:26.155+0200] {processor.py:839} INFO - DAG(s) dict_keys(['example_trigger_target_dag']) retrieved from /Users/nick/Desktop/airflow_dic/venv/lib/python3.11/site-packages/airflow/example_dags/example_trigger_target_dag.py
[2023-10-19T22:27:26.424+0200] {logging_mixin.py:151} INFO - [2023-10-19T22:27:26.424+0200] {security.py:708} INFO - Not syncing DAG-level permissions for DAG 'DAG:example_trigger_target_dag' as access control is unset.
[2023-10-19T22:27:26.424+0200] {logging_mixin.py:151} INFO - [2023-10-19T22:27:26.424+0200] {dag.py:2915} INFO - Sync 1 DAGs
[2023-10-19T22:27:26.427+0200] {logging_mixin.py:151} INFO - [2023-10-19T22:27:26.427+0200] {dag.py:2937} INFO - Creating ORM DAG for example_trigger_target_dag
[2023-10-19T22:27:26.427+0200] {logging_mixin.py:151} INFO - [2023-10-19T22:27:26.427+0200] {dag.py:3696} INFO - Setting next_dagrun for example_trigger_target_dag to None, run_after=None
[2023-10-19T22:27:26.434+0200] {processor.py:179} INFO - Processing /Users/nick/Desktop/airflow_dic/venv/lib/python3.11/site-packages/airflow/example_dags/example_trigger_target_dag.py took 0.300 seconds
[2023-10-19T22:28:42.257+0200] {processor.py:157} INFO - Started process (PID=31982) to work on /Users/nick/Desktop/airflow_dic/venv/lib/python3.11/site-packages/airflow/example_dags/example_trigger_target_dag.py
[2023-10-19T22:28:42.258+0200] {processor.py:829} INFO - Processing file /Users/nick/Desktop/airflow_dic/venv/lib/python3.11/site-packages/airflow/example_dags/example_trigger_target_dag.py for tasks to queue
[2023-10-19T22:28:42.258+0200] {logging_mixin.py:151} INFO - [2023-10-19T22:28:42.258+0200] {dagbag.py:539} INFO - Filling up the DagBag from /Users/nick/Desktop/airflow_dic/venv/lib/python3.11/site-packages/airflow/example_dags/example_trigger_target_dag.py
[2023-10-19T22:28:42.278+0200] {processor.py:839} INFO - DAG(s) dict_keys(['example_trigger_target_dag']) retrieved from /Users/nick/Desktop/airflow_dic/venv/lib/python3.11/site-packages/airflow/example_dags/example_trigger_target_dag.py
[2023-10-19T22:28:42.332+0200] {logging_mixin.py:151} INFO - [2023-10-19T22:28:42.332+0200] {dag.py:2915} INFO - Sync 1 DAGs
[2023-10-19T22:28:42.336+0200] {logging_mixin.py:151} INFO - [2023-10-19T22:28:42.336+0200] {dag.py:3696} INFO - Setting next_dagrun for example_trigger_target_dag to None, run_after=None
[2023-10-19T22:28:42.342+0200] {processor.py:179} INFO - Processing /Users/nick/Desktop/airflow_dic/venv/lib/python3.11/site-packages/airflow/example_dags/example_trigger_target_dag.py took 0.086 seconds
[2023-10-19T22:29:47.655+0200] {processor.py:157} INFO - Started process (PID=32117) to work on /Users/nick/Desktop/airflow_dic/venv/lib/python3.11/site-packages/airflow/example_dags/example_trigger_target_dag.py
[2023-10-19T22:29:47.657+0200] {processor.py:829} INFO - Processing file /Users/nick/Desktop/airflow_dic/venv/lib/python3.11/site-packages/airflow/example_dags/example_trigger_target_dag.py for tasks to queue
[2023-10-19T22:29:47.657+0200] {logging_mixin.py:151} INFO - [2023-10-19T22:29:47.657+0200] {dagbag.py:539} INFO - Filling up the DagBag from /Users/nick/Desktop/airflow_dic/venv/lib/python3.11/site-packages/airflow/example_dags/example_trigger_target_dag.py
[2023-10-19T22:29:47.679+0200] {processor.py:839} INFO - DAG(s) dict_keys(['example_trigger_target_dag']) retrieved from /Users/nick/Desktop/airflow_dic/venv/lib/python3.11/site-packages/airflow/example_dags/example_trigger_target_dag.py
[2023-10-19T22:29:47.738+0200] {logging_mixin.py:151} INFO - [2023-10-19T22:29:47.737+0200] {dag.py:2915} INFO - Sync 1 DAGs
[2023-10-19T22:29:47.741+0200] {logging_mixin.py:151} INFO - [2023-10-19T22:29:47.741+0200] {dag.py:3696} INFO - Setting next_dagrun for example_trigger_target_dag to None, run_after=None
[2023-10-19T22:29:47.748+0200] {processor.py:179} INFO - Processing /Users/nick/Desktop/airflow_dic/venv/lib/python3.11/site-packages/airflow/example_dags/example_trigger_target_dag.py took 0.093 seconds
[2023-10-19T22:30:49.851+0200] {processor.py:157} INFO - Started process (PID=32240) to work on /Users/nick/Desktop/airflow_dic/venv/lib/python3.11/site-packages/airflow/example_dags/example_trigger_target_dag.py
[2023-10-19T22:30:49.853+0200] {processor.py:829} INFO - Processing file /Users/nick/Desktop/airflow_dic/venv/lib/python3.11/site-packages/airflow/example_dags/example_trigger_target_dag.py for tasks to queue
[2023-10-19T22:30:49.853+0200] {logging_mixin.py:151} INFO - [2023-10-19T22:30:49.853+0200] {dagbag.py:539} INFO - Filling up the DagBag from /Users/nick/Desktop/airflow_dic/venv/lib/python3.11/site-packages/airflow/example_dags/example_trigger_target_dag.py
[2023-10-19T22:30:49.872+0200] {processor.py:839} INFO - DAG(s) dict_keys(['example_trigger_target_dag']) retrieved from /Users/nick/Desktop/airflow_dic/venv/lib/python3.11/site-packages/airflow/example_dags/example_trigger_target_dag.py
[2023-10-19T22:30:49.926+0200] {logging_mixin.py:151} INFO - [2023-10-19T22:30:49.926+0200] {dag.py:2915} INFO - Sync 1 DAGs
[2023-10-19T22:30:49.930+0200] {logging_mixin.py:151} INFO - [2023-10-19T22:30:49.930+0200] {dag.py:3696} INFO - Setting next_dagrun for example_trigger_target_dag to None, run_after=None
[2023-10-19T22:30:49.936+0200] {processor.py:179} INFO - Processing /Users/nick/Desktop/airflow_dic/venv/lib/python3.11/site-packages/airflow/example_dags/example_trigger_target_dag.py took 0.085 seconds
[2023-10-19T22:31:08.316+0200] {processor.py:157} INFO - Started process (PID=32279) to work on /Users/nick/Desktop/airflow_dic/venv/lib/python3.11/site-packages/airflow/example_dags/example_trigger_target_dag.py
[2023-10-19T22:31:08.317+0200] {processor.py:829} INFO - Processing file /Users/nick/Desktop/airflow_dic/venv/lib/python3.11/site-packages/airflow/example_dags/example_trigger_target_dag.py for tasks to queue
[2023-10-19T22:31:08.318+0200] {logging_mixin.py:151} INFO - [2023-10-19T22:31:08.317+0200] {dagbag.py:539} INFO - Filling up the DagBag from /Users/nick/Desktop/airflow_dic/venv/lib/python3.11/site-packages/airflow/example_dags/example_trigger_target_dag.py
[2023-10-19T22:31:08.337+0200] {processor.py:839} INFO - DAG(s) dict_keys(['example_trigger_target_dag']) retrieved from /Users/nick/Desktop/airflow_dic/venv/lib/python3.11/site-packages/airflow/example_dags/example_trigger_target_dag.py
[2023-10-19T22:31:08.393+0200] {logging_mixin.py:151} INFO - [2023-10-19T22:31:08.393+0200] {dag.py:2915} INFO - Sync 1 DAGs
[2023-10-19T22:31:08.396+0200] {logging_mixin.py:151} INFO - [2023-10-19T22:31:08.396+0200] {dag.py:3696} INFO - Setting next_dagrun for example_trigger_target_dag to None, run_after=None
[2023-10-19T22:31:08.402+0200] {processor.py:179} INFO - Processing /Users/nick/Desktop/airflow_dic/venv/lib/python3.11/site-packages/airflow/example_dags/example_trigger_target_dag.py took 0.087 seconds
[2023-10-19T22:32:12.086+0200] {processor.py:157} INFO - Started process (PID=32395) to work on /Users/nick/Desktop/airflow_dic/venv/lib/python3.11/site-packages/airflow/example_dags/example_trigger_target_dag.py
[2023-10-19T22:32:12.087+0200] {processor.py:829} INFO - Processing file /Users/nick/Desktop/airflow_dic/venv/lib/python3.11/site-packages/airflow/example_dags/example_trigger_target_dag.py for tasks to queue
[2023-10-19T22:32:12.087+0200] {logging_mixin.py:151} INFO - [2023-10-19T22:32:12.087+0200] {dagbag.py:539} INFO - Filling up the DagBag from /Users/nick/Desktop/airflow_dic/venv/lib/python3.11/site-packages/airflow/example_dags/example_trigger_target_dag.py
[2023-10-19T22:32:12.107+0200] {processor.py:839} INFO - DAG(s) dict_keys(['example_trigger_target_dag']) retrieved from /Users/nick/Desktop/airflow_dic/venv/lib/python3.11/site-packages/airflow/example_dags/example_trigger_target_dag.py
[2023-10-19T22:32:12.167+0200] {logging_mixin.py:151} INFO - [2023-10-19T22:32:12.167+0200] {dag.py:2915} INFO - Sync 1 DAGs
[2023-10-19T22:32:12.171+0200] {logging_mixin.py:151} INFO - [2023-10-19T22:32:12.171+0200] {dag.py:3696} INFO - Setting next_dagrun for example_trigger_target_dag to None, run_after=None
[2023-10-19T22:32:12.180+0200] {processor.py:179} INFO - Processing /Users/nick/Desktop/airflow_dic/venv/lib/python3.11/site-packages/airflow/example_dags/example_trigger_target_dag.py took 0.094 seconds
[2023-10-19T22:33:20.566+0200] {processor.py:157} INFO - Started process (PID=32520) to work on /Users/nick/Desktop/airflow_dic/venv/lib/python3.11/site-packages/airflow/example_dags/example_trigger_target_dag.py
[2023-10-19T22:33:20.567+0200] {processor.py:829} INFO - Processing file /Users/nick/Desktop/airflow_dic/venv/lib/python3.11/site-packages/airflow/example_dags/example_trigger_target_dag.py for tasks to queue
[2023-10-19T22:33:20.567+0200] {logging_mixin.py:151} INFO - [2023-10-19T22:33:20.567+0200] {dagbag.py:539} INFO - Filling up the DagBag from /Users/nick/Desktop/airflow_dic/venv/lib/python3.11/site-packages/airflow/example_dags/example_trigger_target_dag.py
[2023-10-19T22:33:20.586+0200] {processor.py:839} INFO - DAG(s) dict_keys(['example_trigger_target_dag']) retrieved from /Users/nick/Desktop/airflow_dic/venv/lib/python3.11/site-packages/airflow/example_dags/example_trigger_target_dag.py
[2023-10-19T22:33:20.641+0200] {logging_mixin.py:151} INFO - [2023-10-19T22:33:20.640+0200] {dag.py:2915} INFO - Sync 1 DAGs
[2023-10-19T22:33:20.644+0200] {logging_mixin.py:151} INFO - [2023-10-19T22:33:20.644+0200] {dag.py:3696} INFO - Setting next_dagrun for example_trigger_target_dag to None, run_after=None
[2023-10-19T22:33:20.650+0200] {processor.py:179} INFO - Processing /Users/nick/Desktop/airflow_dic/venv/lib/python3.11/site-packages/airflow/example_dags/example_trigger_target_dag.py took 0.084 seconds
[2023-10-19T22:34:31.433+0200] {processor.py:157} INFO - Started process (PID=32666) to work on /Users/nick/Desktop/airflow_dic/venv/lib/python3.11/site-packages/airflow/example_dags/example_trigger_target_dag.py
[2023-10-19T22:34:31.435+0200] {processor.py:829} INFO - Processing file /Users/nick/Desktop/airflow_dic/venv/lib/python3.11/site-packages/airflow/example_dags/example_trigger_target_dag.py for tasks to queue
[2023-10-19T22:34:31.436+0200] {logging_mixin.py:151} INFO - [2023-10-19T22:34:31.436+0200] {dagbag.py:539} INFO - Filling up the DagBag from /Users/nick/Desktop/airflow_dic/venv/lib/python3.11/site-packages/airflow/example_dags/example_trigger_target_dag.py
[2023-10-19T22:34:31.455+0200] {processor.py:839} INFO - DAG(s) dict_keys(['example_trigger_target_dag']) retrieved from /Users/nick/Desktop/airflow_dic/venv/lib/python3.11/site-packages/airflow/example_dags/example_trigger_target_dag.py
[2023-10-19T22:34:31.510+0200] {logging_mixin.py:151} INFO - [2023-10-19T22:34:31.509+0200] {dag.py:2915} INFO - Sync 1 DAGs
[2023-10-19T22:34:31.513+0200] {logging_mixin.py:151} INFO - [2023-10-19T22:34:31.513+0200] {dag.py:3696} INFO - Setting next_dagrun for example_trigger_target_dag to None, run_after=None
[2023-10-19T22:34:31.520+0200] {processor.py:179} INFO - Processing /Users/nick/Desktop/airflow_dic/venv/lib/python3.11/site-packages/airflow/example_dags/example_trigger_target_dag.py took 0.087 seconds
[2023-10-19T22:35:38.817+0200] {processor.py:157} INFO - Started process (PID=32830) to work on /Users/nick/Desktop/airflow_dic/venv/lib/python3.11/site-packages/airflow/example_dags/example_trigger_target_dag.py
[2023-10-19T22:35:38.819+0200] {processor.py:829} INFO - Processing file /Users/nick/Desktop/airflow_dic/venv/lib/python3.11/site-packages/airflow/example_dags/example_trigger_target_dag.py for tasks to queue
[2023-10-19T22:35:38.820+0200] {logging_mixin.py:151} INFO - [2023-10-19T22:35:38.820+0200] {dagbag.py:539} INFO - Filling up the DagBag from /Users/nick/Desktop/airflow_dic/venv/lib/python3.11/site-packages/airflow/example_dags/example_trigger_target_dag.py
[2023-10-19T22:35:38.840+0200] {processor.py:839} INFO - DAG(s) dict_keys(['example_trigger_target_dag']) retrieved from /Users/nick/Desktop/airflow_dic/venv/lib/python3.11/site-packages/airflow/example_dags/example_trigger_target_dag.py
[2023-10-19T22:35:38.894+0200] {logging_mixin.py:151} INFO - [2023-10-19T22:35:38.894+0200] {dag.py:2915} INFO - Sync 1 DAGs
[2023-10-19T22:35:38.897+0200] {logging_mixin.py:151} INFO - [2023-10-19T22:35:38.897+0200] {dag.py:3696} INFO - Setting next_dagrun for example_trigger_target_dag to None, run_after=None
[2023-10-19T22:35:38.904+0200] {processor.py:179} INFO - Processing /Users/nick/Desktop/airflow_dic/venv/lib/python3.11/site-packages/airflow/example_dags/example_trigger_target_dag.py took 0.087 seconds
[2023-10-19T22:36:47.529+0200] {processor.py:157} INFO - Started process (PID=32962) to work on /Users/nick/Desktop/airflow_dic/venv/lib/python3.11/site-packages/airflow/example_dags/example_trigger_target_dag.py
[2023-10-19T22:36:47.530+0200] {processor.py:829} INFO - Processing file /Users/nick/Desktop/airflow_dic/venv/lib/python3.11/site-packages/airflow/example_dags/example_trigger_target_dag.py for tasks to queue
[2023-10-19T22:36:47.530+0200] {logging_mixin.py:151} INFO - [2023-10-19T22:36:47.530+0200] {dagbag.py:539} INFO - Filling up the DagBag from /Users/nick/Desktop/airflow_dic/venv/lib/python3.11/site-packages/airflow/example_dags/example_trigger_target_dag.py
[2023-10-19T22:36:47.550+0200] {processor.py:839} INFO - DAG(s) dict_keys(['example_trigger_target_dag']) retrieved from /Users/nick/Desktop/airflow_dic/venv/lib/python3.11/site-packages/airflow/example_dags/example_trigger_target_dag.py
[2023-10-19T22:36:47.604+0200] {logging_mixin.py:151} INFO - [2023-10-19T22:36:47.603+0200] {dag.py:2915} INFO - Sync 1 DAGs
[2023-10-19T22:36:47.607+0200] {logging_mixin.py:151} INFO - [2023-10-19T22:36:47.607+0200] {dag.py:3696} INFO - Setting next_dagrun for example_trigger_target_dag to None, run_after=None
[2023-10-19T22:36:47.614+0200] {processor.py:179} INFO - Processing /Users/nick/Desktop/airflow_dic/venv/lib/python3.11/site-packages/airflow/example_dags/example_trigger_target_dag.py took 0.085 seconds
[2023-10-19T22:37:56.483+0200] {processor.py:157} INFO - Started process (PID=33090) to work on /Users/nick/Desktop/airflow_dic/venv/lib/python3.11/site-packages/airflow/example_dags/example_trigger_target_dag.py
[2023-10-19T22:37:56.485+0200] {processor.py:829} INFO - Processing file /Users/nick/Desktop/airflow_dic/venv/lib/python3.11/site-packages/airflow/example_dags/example_trigger_target_dag.py for tasks to queue
[2023-10-19T22:37:56.485+0200] {logging_mixin.py:151} INFO - [2023-10-19T22:37:56.485+0200] {dagbag.py:539} INFO - Filling up the DagBag from /Users/nick/Desktop/airflow_dic/venv/lib/python3.11/site-packages/airflow/example_dags/example_trigger_target_dag.py
[2023-10-19T22:37:56.507+0200] {processor.py:839} INFO - DAG(s) dict_keys(['example_trigger_target_dag']) retrieved from /Users/nick/Desktop/airflow_dic/venv/lib/python3.11/site-packages/airflow/example_dags/example_trigger_target_dag.py
[2023-10-19T22:37:56.564+0200] {logging_mixin.py:151} INFO - [2023-10-19T22:37:56.564+0200] {dag.py:2915} INFO - Sync 1 DAGs
[2023-10-19T22:37:56.568+0200] {logging_mixin.py:151} INFO - [2023-10-19T22:37:56.568+0200] {dag.py:3696} INFO - Setting next_dagrun for example_trigger_target_dag to None, run_after=None
[2023-10-19T22:37:56.574+0200] {processor.py:179} INFO - Processing /Users/nick/Desktop/airflow_dic/venv/lib/python3.11/site-packages/airflow/example_dags/example_trigger_target_dag.py took 0.091 seconds
[2023-10-19T22:39:03.119+0200] {processor.py:157} INFO - Started process (PID=33216) to work on /Users/nick/Desktop/airflow_dic/venv/lib/python3.11/site-packages/airflow/example_dags/example_trigger_target_dag.py
[2023-10-19T22:39:03.121+0200] {processor.py:829} INFO - Processing file /Users/nick/Desktop/airflow_dic/venv/lib/python3.11/site-packages/airflow/example_dags/example_trigger_target_dag.py for tasks to queue
[2023-10-19T22:39:03.121+0200] {logging_mixin.py:151} INFO - [2023-10-19T22:39:03.121+0200] {dagbag.py:539} INFO - Filling up the DagBag from /Users/nick/Desktop/airflow_dic/venv/lib/python3.11/site-packages/airflow/example_dags/example_trigger_target_dag.py
[2023-10-19T22:39:03.141+0200] {processor.py:839} INFO - DAG(s) dict_keys(['example_trigger_target_dag']) retrieved from /Users/nick/Desktop/airflow_dic/venv/lib/python3.11/site-packages/airflow/example_dags/example_trigger_target_dag.py
[2023-10-19T22:39:03.196+0200] {logging_mixin.py:151} INFO - [2023-10-19T22:39:03.196+0200] {dag.py:2915} INFO - Sync 1 DAGs
[2023-10-19T22:39:03.199+0200] {logging_mixin.py:151} INFO - [2023-10-19T22:39:03.199+0200] {dag.py:3696} INFO - Setting next_dagrun for example_trigger_target_dag to None, run_after=None
[2023-10-19T22:39:03.206+0200] {processor.py:179} INFO - Processing /Users/nick/Desktop/airflow_dic/venv/lib/python3.11/site-packages/airflow/example_dags/example_trigger_target_dag.py took 0.087 seconds
[2023-10-19T22:40:09.086+0200] {processor.py:157} INFO - Started process (PID=33341) to work on /Users/nick/Desktop/airflow_dic/venv/lib/python3.11/site-packages/airflow/example_dags/example_trigger_target_dag.py
[2023-10-19T22:40:09.088+0200] {processor.py:829} INFO - Processing file /Users/nick/Desktop/airflow_dic/venv/lib/python3.11/site-packages/airflow/example_dags/example_trigger_target_dag.py for tasks to queue
[2023-10-19T22:40:09.088+0200] {logging_mixin.py:151} INFO - [2023-10-19T22:40:09.088+0200] {dagbag.py:539} INFO - Filling up the DagBag from /Users/nick/Desktop/airflow_dic/venv/lib/python3.11/site-packages/airflow/example_dags/example_trigger_target_dag.py
[2023-10-19T22:40:09.107+0200] {processor.py:839} INFO - DAG(s) dict_keys(['example_trigger_target_dag']) retrieved from /Users/nick/Desktop/airflow_dic/venv/lib/python3.11/site-packages/airflow/example_dags/example_trigger_target_dag.py
[2023-10-19T22:40:09.161+0200] {logging_mixin.py:151} INFO - [2023-10-19T22:40:09.160+0200] {dag.py:2915} INFO - Sync 1 DAGs
[2023-10-19T22:40:09.164+0200] {logging_mixin.py:151} INFO - [2023-10-19T22:40:09.164+0200] {dag.py:3696} INFO - Setting next_dagrun for example_trigger_target_dag to None, run_after=None
[2023-10-19T22:40:09.170+0200] {processor.py:179} INFO - Processing /Users/nick/Desktop/airflow_dic/venv/lib/python3.11/site-packages/airflow/example_dags/example_trigger_target_dag.py took 0.084 seconds
[2023-10-19T22:41:19.728+0200] {processor.py:157} INFO - Started process (PID=33470) to work on /Users/nick/Desktop/airflow_dic/venv/lib/python3.11/site-packages/airflow/example_dags/example_trigger_target_dag.py
[2023-10-19T22:41:19.729+0200] {processor.py:829} INFO - Processing file /Users/nick/Desktop/airflow_dic/venv/lib/python3.11/site-packages/airflow/example_dags/example_trigger_target_dag.py for tasks to queue
[2023-10-19T22:41:19.729+0200] {logging_mixin.py:151} INFO - [2023-10-19T22:41:19.729+0200] {dagbag.py:539} INFO - Filling up the DagBag from /Users/nick/Desktop/airflow_dic/venv/lib/python3.11/site-packages/airflow/example_dags/example_trigger_target_dag.py
[2023-10-19T22:41:19.749+0200] {processor.py:839} INFO - DAG(s) dict_keys(['example_trigger_target_dag']) retrieved from /Users/nick/Desktop/airflow_dic/venv/lib/python3.11/site-packages/airflow/example_dags/example_trigger_target_dag.py
[2023-10-19T22:41:19.802+0200] {logging_mixin.py:151} INFO - [2023-10-19T22:41:19.802+0200] {dag.py:2915} INFO - Sync 1 DAGs
[2023-10-19T22:41:19.805+0200] {logging_mixin.py:151} INFO - [2023-10-19T22:41:19.805+0200] {dag.py:3696} INFO - Setting next_dagrun for example_trigger_target_dag to None, run_after=None
[2023-10-19T22:41:19.811+0200] {processor.py:179} INFO - Processing /Users/nick/Desktop/airflow_dic/venv/lib/python3.11/site-packages/airflow/example_dags/example_trigger_target_dag.py took 0.084 seconds
[2023-10-19T22:42:30.106+0200] {processor.py:157} INFO - Started process (PID=33601) to work on /Users/nick/Desktop/airflow_dic/venv/lib/python3.11/site-packages/airflow/example_dags/example_trigger_target_dag.py
[2023-10-19T22:42:30.107+0200] {processor.py:829} INFO - Processing file /Users/nick/Desktop/airflow_dic/venv/lib/python3.11/site-packages/airflow/example_dags/example_trigger_target_dag.py for tasks to queue
[2023-10-19T22:42:30.108+0200] {logging_mixin.py:151} INFO - [2023-10-19T22:42:30.108+0200] {dagbag.py:539} INFO - Filling up the DagBag from /Users/nick/Desktop/airflow_dic/venv/lib/python3.11/site-packages/airflow/example_dags/example_trigger_target_dag.py
[2023-10-19T22:42:30.127+0200] {processor.py:839} INFO - DAG(s) dict_keys(['example_trigger_target_dag']) retrieved from /Users/nick/Desktop/airflow_dic/venv/lib/python3.11/site-packages/airflow/example_dags/example_trigger_target_dag.py
[2023-10-19T22:42:30.180+0200] {logging_mixin.py:151} INFO - [2023-10-19T22:42:30.180+0200] {dag.py:2915} INFO - Sync 1 DAGs
[2023-10-19T22:42:30.183+0200] {logging_mixin.py:151} INFO - [2023-10-19T22:42:30.183+0200] {dag.py:3696} INFO - Setting next_dagrun for example_trigger_target_dag to None, run_after=None
[2023-10-19T22:42:30.190+0200] {processor.py:179} INFO - Processing /Users/nick/Desktop/airflow_dic/venv/lib/python3.11/site-packages/airflow/example_dags/example_trigger_target_dag.py took 0.084 seconds
[2023-10-19T22:43:38.543+0200] {processor.py:157} INFO - Started process (PID=33726) to work on /Users/nick/Desktop/airflow_dic/venv/lib/python3.11/site-packages/airflow/example_dags/example_trigger_target_dag.py
[2023-10-19T22:43:38.545+0200] {processor.py:829} INFO - Processing file /Users/nick/Desktop/airflow_dic/venv/lib/python3.11/site-packages/airflow/example_dags/example_trigger_target_dag.py for tasks to queue
[2023-10-19T22:43:38.545+0200] {logging_mixin.py:151} INFO - [2023-10-19T22:43:38.545+0200] {dagbag.py:539} INFO - Filling up the DagBag from /Users/nick/Desktop/airflow_dic/venv/lib/python3.11/site-packages/airflow/example_dags/example_trigger_target_dag.py
[2023-10-19T22:43:38.564+0200] {processor.py:839} INFO - DAG(s) dict_keys(['example_trigger_target_dag']) retrieved from /Users/nick/Desktop/airflow_dic/venv/lib/python3.11/site-packages/airflow/example_dags/example_trigger_target_dag.py
[2023-10-19T22:43:38.618+0200] {logging_mixin.py:151} INFO - [2023-10-19T22:43:38.617+0200] {dag.py:2915} INFO - Sync 1 DAGs
[2023-10-19T22:43:38.621+0200] {logging_mixin.py:151} INFO - [2023-10-19T22:43:38.621+0200] {dag.py:3696} INFO - Setting next_dagrun for example_trigger_target_dag to None, run_after=None
[2023-10-19T22:43:38.627+0200] {processor.py:179} INFO - Processing /Users/nick/Desktop/airflow_dic/venv/lib/python3.11/site-packages/airflow/example_dags/example_trigger_target_dag.py took 0.084 seconds
[2023-10-19T22:44:49.664+0200] {processor.py:157} INFO - Started process (PID=33864) to work on /Users/nick/Desktop/airflow_dic/venv/lib/python3.11/site-packages/airflow/example_dags/example_trigger_target_dag.py
[2023-10-19T22:44:49.666+0200] {processor.py:829} INFO - Processing file /Users/nick/Desktop/airflow_dic/venv/lib/python3.11/site-packages/airflow/example_dags/example_trigger_target_dag.py for tasks to queue
[2023-10-19T22:44:49.666+0200] {logging_mixin.py:151} INFO - [2023-10-19T22:44:49.666+0200] {dagbag.py:539} INFO - Filling up the DagBag from /Users/nick/Desktop/airflow_dic/venv/lib/python3.11/site-packages/airflow/example_dags/example_trigger_target_dag.py
[2023-10-19T22:44:49.688+0200] {processor.py:839} INFO - DAG(s) dict_keys(['example_trigger_target_dag']) retrieved from /Users/nick/Desktop/airflow_dic/venv/lib/python3.11/site-packages/airflow/example_dags/example_trigger_target_dag.py
[2023-10-19T22:44:49.744+0200] {logging_mixin.py:151} INFO - [2023-10-19T22:44:49.743+0200] {dag.py:2915} INFO - Sync 1 DAGs
[2023-10-19T22:44:49.747+0200] {logging_mixin.py:151} INFO - [2023-10-19T22:44:49.747+0200] {dag.py:3696} INFO - Setting next_dagrun for example_trigger_target_dag to None, run_after=None
[2023-10-19T22:44:49.753+0200] {processor.py:179} INFO - Processing /Users/nick/Desktop/airflow_dic/venv/lib/python3.11/site-packages/airflow/example_dags/example_trigger_target_dag.py took 0.090 seconds
[2023-10-19T22:45:32.252+0200] {processor.py:157} INFO - Started process (PID=33956) to work on /Users/nick/Desktop/airflow_dic/venv/lib/python3.11/site-packages/airflow/example_dags/example_trigger_target_dag.py
[2023-10-19T22:45:32.253+0200] {processor.py:829} INFO - Processing file /Users/nick/Desktop/airflow_dic/venv/lib/python3.11/site-packages/airflow/example_dags/example_trigger_target_dag.py for tasks to queue
[2023-10-19T22:45:32.253+0200] {logging_mixin.py:151} INFO - [2023-10-19T22:45:32.253+0200] {dagbag.py:539} INFO - Filling up the DagBag from /Users/nick/Desktop/airflow_dic/venv/lib/python3.11/site-packages/airflow/example_dags/example_trigger_target_dag.py
[2023-10-19T22:45:32.273+0200] {processor.py:839} INFO - DAG(s) dict_keys(['example_trigger_target_dag']) retrieved from /Users/nick/Desktop/airflow_dic/venv/lib/python3.11/site-packages/airflow/example_dags/example_trigger_target_dag.py
[2023-10-19T22:45:32.330+0200] {logging_mixin.py:151} INFO - [2023-10-19T22:45:32.329+0200] {dag.py:2915} INFO - Sync 1 DAGs
[2023-10-19T22:45:32.333+0200] {logging_mixin.py:151} INFO - [2023-10-19T22:45:32.333+0200] {dag.py:3696} INFO - Setting next_dagrun for example_trigger_target_dag to None, run_after=None
[2023-10-19T22:45:32.340+0200] {processor.py:179} INFO - Processing /Users/nick/Desktop/airflow_dic/venv/lib/python3.11/site-packages/airflow/example_dags/example_trigger_target_dag.py took 0.088 seconds
[2023-10-19T22:46:37.849+0200] {processor.py:157} INFO - Started process (PID=34088) to work on /Users/nick/Desktop/airflow_dic/venv/lib/python3.11/site-packages/airflow/example_dags/example_trigger_target_dag.py
[2023-10-19T22:46:37.851+0200] {processor.py:829} INFO - Processing file /Users/nick/Desktop/airflow_dic/venv/lib/python3.11/site-packages/airflow/example_dags/example_trigger_target_dag.py for tasks to queue
[2023-10-19T22:46:37.852+0200] {logging_mixin.py:151} INFO - [2023-10-19T22:46:37.852+0200] {dagbag.py:539} INFO - Filling up the DagBag from /Users/nick/Desktop/airflow_dic/venv/lib/python3.11/site-packages/airflow/example_dags/example_trigger_target_dag.py
[2023-10-19T22:46:37.871+0200] {processor.py:839} INFO - DAG(s) dict_keys(['example_trigger_target_dag']) retrieved from /Users/nick/Desktop/airflow_dic/venv/lib/python3.11/site-packages/airflow/example_dags/example_trigger_target_dag.py
[2023-10-19T22:46:37.926+0200] {logging_mixin.py:151} INFO - [2023-10-19T22:46:37.926+0200] {dag.py:2915} INFO - Sync 1 DAGs
[2023-10-19T22:46:37.930+0200] {logging_mixin.py:151} INFO - [2023-10-19T22:46:37.930+0200] {dag.py:3696} INFO - Setting next_dagrun for example_trigger_target_dag to None, run_after=None
[2023-10-19T22:46:37.936+0200] {processor.py:179} INFO - Processing /Users/nick/Desktop/airflow_dic/venv/lib/python3.11/site-packages/airflow/example_dags/example_trigger_target_dag.py took 0.087 seconds
[2023-10-19T22:47:45.199+0200] {processor.py:157} INFO - Started process (PID=34212) to work on /Users/nick/Desktop/airflow_dic/venv/lib/python3.11/site-packages/airflow/example_dags/example_trigger_target_dag.py
[2023-10-19T22:47:45.200+0200] {processor.py:829} INFO - Processing file /Users/nick/Desktop/airflow_dic/venv/lib/python3.11/site-packages/airflow/example_dags/example_trigger_target_dag.py for tasks to queue
[2023-10-19T22:47:45.200+0200] {logging_mixin.py:151} INFO - [2023-10-19T22:47:45.200+0200] {dagbag.py:539} INFO - Filling up the DagBag from /Users/nick/Desktop/airflow_dic/venv/lib/python3.11/site-packages/airflow/example_dags/example_trigger_target_dag.py
[2023-10-19T22:47:45.219+0200] {processor.py:839} INFO - DAG(s) dict_keys(['example_trigger_target_dag']) retrieved from /Users/nick/Desktop/airflow_dic/venv/lib/python3.11/site-packages/airflow/example_dags/example_trigger_target_dag.py
[2023-10-19T22:47:45.272+0200] {logging_mixin.py:151} INFO - [2023-10-19T22:47:45.272+0200] {dag.py:2915} INFO - Sync 1 DAGs
[2023-10-19T22:47:45.275+0200] {logging_mixin.py:151} INFO - [2023-10-19T22:47:45.275+0200] {dag.py:3696} INFO - Setting next_dagrun for example_trigger_target_dag to None, run_after=None
[2023-10-19T22:47:45.282+0200] {processor.py:179} INFO - Processing /Users/nick/Desktop/airflow_dic/venv/lib/python3.11/site-packages/airflow/example_dags/example_trigger_target_dag.py took 0.083 seconds
[2023-10-19T22:48:54.266+0200] {processor.py:157} INFO - Started process (PID=34346) to work on /Users/nick/Desktop/airflow_dic/venv/lib/python3.11/site-packages/airflow/example_dags/example_trigger_target_dag.py
[2023-10-19T22:48:54.267+0200] {processor.py:829} INFO - Processing file /Users/nick/Desktop/airflow_dic/venv/lib/python3.11/site-packages/airflow/example_dags/example_trigger_target_dag.py for tasks to queue
[2023-10-19T22:48:54.267+0200] {logging_mixin.py:151} INFO - [2023-10-19T22:48:54.267+0200] {dagbag.py:539} INFO - Filling up the DagBag from /Users/nick/Desktop/airflow_dic/venv/lib/python3.11/site-packages/airflow/example_dags/example_trigger_target_dag.py
[2023-10-19T22:48:54.287+0200] {processor.py:839} INFO - DAG(s) dict_keys(['example_trigger_target_dag']) retrieved from /Users/nick/Desktop/airflow_dic/venv/lib/python3.11/site-packages/airflow/example_dags/example_trigger_target_dag.py
[2023-10-19T22:48:54.340+0200] {logging_mixin.py:151} INFO - [2023-10-19T22:48:54.340+0200] {dag.py:2915} INFO - Sync 1 DAGs
[2023-10-19T22:48:54.343+0200] {logging_mixin.py:151} INFO - [2023-10-19T22:48:54.343+0200] {dag.py:3696} INFO - Setting next_dagrun for example_trigger_target_dag to None, run_after=None
[2023-10-19T22:48:54.349+0200] {processor.py:179} INFO - Processing /Users/nick/Desktop/airflow_dic/venv/lib/python3.11/site-packages/airflow/example_dags/example_trigger_target_dag.py took 0.084 seconds
[2023-10-19T22:50:04.544+0200] {processor.py:157} INFO - Started process (PID=34484) to work on /Users/nick/Desktop/airflow_dic/venv/lib/python3.11/site-packages/airflow/example_dags/example_trigger_target_dag.py
[2023-10-19T22:50:04.546+0200] {processor.py:829} INFO - Processing file /Users/nick/Desktop/airflow_dic/venv/lib/python3.11/site-packages/airflow/example_dags/example_trigger_target_dag.py for tasks to queue
[2023-10-19T22:50:04.546+0200] {logging_mixin.py:151} INFO - [2023-10-19T22:50:04.546+0200] {dagbag.py:539} INFO - Filling up the DagBag from /Users/nick/Desktop/airflow_dic/venv/lib/python3.11/site-packages/airflow/example_dags/example_trigger_target_dag.py
[2023-10-19T22:50:04.566+0200] {processor.py:839} INFO - DAG(s) dict_keys(['example_trigger_target_dag']) retrieved from /Users/nick/Desktop/airflow_dic/venv/lib/python3.11/site-packages/airflow/example_dags/example_trigger_target_dag.py
[2023-10-19T22:50:04.620+0200] {logging_mixin.py:151} INFO - [2023-10-19T22:50:04.620+0200] {dag.py:2915} INFO - Sync 1 DAGs
[2023-10-19T22:50:04.623+0200] {logging_mixin.py:151} INFO - [2023-10-19T22:50:04.623+0200] {dag.py:3696} INFO - Setting next_dagrun for example_trigger_target_dag to None, run_after=None
[2023-10-19T22:50:04.630+0200] {processor.py:179} INFO - Processing /Users/nick/Desktop/airflow_dic/venv/lib/python3.11/site-packages/airflow/example_dags/example_trigger_target_dag.py took 0.086 seconds
[2023-10-19T22:53:30.649+0200] {processor.py:157} INFO - Started process (PID=34795) to work on /Users/nick/Desktop/airflow_dic/venv/lib/python3.11/site-packages/airflow/example_dags/example_trigger_target_dag.py
[2023-10-19T22:53:30.650+0200] {processor.py:829} INFO - Processing file /Users/nick/Desktop/airflow_dic/venv/lib/python3.11/site-packages/airflow/example_dags/example_trigger_target_dag.py for tasks to queue
[2023-10-19T22:53:30.650+0200] {logging_mixin.py:151} INFO - [2023-10-19T22:53:30.650+0200] {dagbag.py:539} INFO - Filling up the DagBag from /Users/nick/Desktop/airflow_dic/venv/lib/python3.11/site-packages/airflow/example_dags/example_trigger_target_dag.py
[2023-10-19T22:53:30.670+0200] {processor.py:839} INFO - DAG(s) dict_keys(['example_trigger_target_dag']) retrieved from /Users/nick/Desktop/airflow_dic/venv/lib/python3.11/site-packages/airflow/example_dags/example_trigger_target_dag.py
[2023-10-19T22:53:30.724+0200] {logging_mixin.py:151} INFO - [2023-10-19T22:53:30.724+0200] {dag.py:2915} INFO - Sync 1 DAGs
[2023-10-19T22:53:30.727+0200] {logging_mixin.py:151} INFO - [2023-10-19T22:53:30.727+0200] {dag.py:3696} INFO - Setting next_dagrun for example_trigger_target_dag to None, run_after=None
[2023-10-19T22:53:30.734+0200] {processor.py:179} INFO - Processing /Users/nick/Desktop/airflow_dic/venv/lib/python3.11/site-packages/airflow/example_dags/example_trigger_target_dag.py took 0.085 seconds
[2023-10-19T22:54:34.418+0200] {processor.py:157} INFO - Started process (PID=34922) to work on /Users/nick/Desktop/airflow_dic/venv/lib/python3.11/site-packages/airflow/example_dags/example_trigger_target_dag.py
[2023-10-19T22:54:34.420+0200] {processor.py:829} INFO - Processing file /Users/nick/Desktop/airflow_dic/venv/lib/python3.11/site-packages/airflow/example_dags/example_trigger_target_dag.py for tasks to queue
[2023-10-19T22:54:34.420+0200] {logging_mixin.py:151} INFO - [2023-10-19T22:54:34.420+0200] {dagbag.py:539} INFO - Filling up the DagBag from /Users/nick/Desktop/airflow_dic/venv/lib/python3.11/site-packages/airflow/example_dags/example_trigger_target_dag.py
[2023-10-19T22:54:34.440+0200] {processor.py:839} INFO - DAG(s) dict_keys(['example_trigger_target_dag']) retrieved from /Users/nick/Desktop/airflow_dic/venv/lib/python3.11/site-packages/airflow/example_dags/example_trigger_target_dag.py
[2023-10-19T22:54:34.494+0200] {logging_mixin.py:151} INFO - [2023-10-19T22:54:34.494+0200] {dag.py:2915} INFO - Sync 1 DAGs
[2023-10-19T22:54:34.497+0200] {logging_mixin.py:151} INFO - [2023-10-19T22:54:34.497+0200] {dag.py:3696} INFO - Setting next_dagrun for example_trigger_target_dag to None, run_after=None
[2023-10-19T22:54:34.503+0200] {processor.py:179} INFO - Processing /Users/nick/Desktop/airflow_dic/venv/lib/python3.11/site-packages/airflow/example_dags/example_trigger_target_dag.py took 0.086 seconds
[2023-10-19T22:55:41.247+0200] {processor.py:157} INFO - Started process (PID=35065) to work on /Users/nick/Desktop/airflow_dic/venv/lib/python3.11/site-packages/airflow/example_dags/example_trigger_target_dag.py
[2023-10-19T22:55:41.248+0200] {processor.py:829} INFO - Processing file /Users/nick/Desktop/airflow_dic/venv/lib/python3.11/site-packages/airflow/example_dags/example_trigger_target_dag.py for tasks to queue
[2023-10-19T22:55:41.248+0200] {logging_mixin.py:151} INFO - [2023-10-19T22:55:41.248+0200] {dagbag.py:539} INFO - Filling up the DagBag from /Users/nick/Desktop/airflow_dic/venv/lib/python3.11/site-packages/airflow/example_dags/example_trigger_target_dag.py
[2023-10-19T22:55:41.269+0200] {processor.py:839} INFO - DAG(s) dict_keys(['example_trigger_target_dag']) retrieved from /Users/nick/Desktop/airflow_dic/venv/lib/python3.11/site-packages/airflow/example_dags/example_trigger_target_dag.py
[2023-10-19T22:55:41.322+0200] {logging_mixin.py:151} INFO - [2023-10-19T22:55:41.322+0200] {dag.py:2915} INFO - Sync 1 DAGs
[2023-10-19T22:55:41.326+0200] {logging_mixin.py:151} INFO - [2023-10-19T22:55:41.325+0200] {dag.py:3696} INFO - Setting next_dagrun for example_trigger_target_dag to None, run_after=None
[2023-10-19T22:55:41.332+0200] {processor.py:179} INFO - Processing /Users/nick/Desktop/airflow_dic/venv/lib/python3.11/site-packages/airflow/example_dags/example_trigger_target_dag.py took 0.085 seconds
[2023-10-19T22:56:51.470+0200] {processor.py:157} INFO - Started process (PID=35205) to work on /Users/nick/Desktop/airflow_dic/venv/lib/python3.11/site-packages/airflow/example_dags/example_trigger_target_dag.py
[2023-10-19T22:56:51.471+0200] {processor.py:829} INFO - Processing file /Users/nick/Desktop/airflow_dic/venv/lib/python3.11/site-packages/airflow/example_dags/example_trigger_target_dag.py for tasks to queue
[2023-10-19T22:56:51.471+0200] {logging_mixin.py:151} INFO - [2023-10-19T22:56:51.471+0200] {dagbag.py:539} INFO - Filling up the DagBag from /Users/nick/Desktop/airflow_dic/venv/lib/python3.11/site-packages/airflow/example_dags/example_trigger_target_dag.py
[2023-10-19T22:56:51.492+0200] {processor.py:839} INFO - DAG(s) dict_keys(['example_trigger_target_dag']) retrieved from /Users/nick/Desktop/airflow_dic/venv/lib/python3.11/site-packages/airflow/example_dags/example_trigger_target_dag.py
[2023-10-19T22:56:51.548+0200] {logging_mixin.py:151} INFO - [2023-10-19T22:56:51.548+0200] {dag.py:2915} INFO - Sync 1 DAGs
[2023-10-19T22:56:51.551+0200] {logging_mixin.py:151} INFO - [2023-10-19T22:56:51.551+0200] {dag.py:3696} INFO - Setting next_dagrun for example_trigger_target_dag to None, run_after=None
[2023-10-19T22:56:51.558+0200] {processor.py:179} INFO - Processing /Users/nick/Desktop/airflow_dic/venv/lib/python3.11/site-packages/airflow/example_dags/example_trigger_target_dag.py took 0.089 seconds
[2023-10-19T22:57:58.366+0200] {processor.py:157} INFO - Started process (PID=35332) to work on /Users/nick/Desktop/airflow_dic/venv/lib/python3.11/site-packages/airflow/example_dags/example_trigger_target_dag.py
[2023-10-19T22:57:58.367+0200] {processor.py:829} INFO - Processing file /Users/nick/Desktop/airflow_dic/venv/lib/python3.11/site-packages/airflow/example_dags/example_trigger_target_dag.py for tasks to queue
[2023-10-19T22:57:58.367+0200] {logging_mixin.py:151} INFO - [2023-10-19T22:57:58.367+0200] {dagbag.py:539} INFO - Filling up the DagBag from /Users/nick/Desktop/airflow_dic/venv/lib/python3.11/site-packages/airflow/example_dags/example_trigger_target_dag.py
[2023-10-19T22:57:58.387+0200] {processor.py:839} INFO - DAG(s) dict_keys(['example_trigger_target_dag']) retrieved from /Users/nick/Desktop/airflow_dic/venv/lib/python3.11/site-packages/airflow/example_dags/example_trigger_target_dag.py
[2023-10-19T22:57:58.441+0200] {logging_mixin.py:151} INFO - [2023-10-19T22:57:58.440+0200] {dag.py:2915} INFO - Sync 1 DAGs
[2023-10-19T22:57:58.444+0200] {logging_mixin.py:151} INFO - [2023-10-19T22:57:58.444+0200] {dag.py:3696} INFO - Setting next_dagrun for example_trigger_target_dag to None, run_after=None
[2023-10-19T22:57:58.450+0200] {processor.py:179} INFO - Processing /Users/nick/Desktop/airflow_dic/venv/lib/python3.11/site-packages/airflow/example_dags/example_trigger_target_dag.py took 0.085 seconds
[2023-10-19T22:59:04.634+0200] {processor.py:157} INFO - Started process (PID=35469) to work on /Users/nick/Desktop/airflow_dic/venv/lib/python3.11/site-packages/airflow/example_dags/example_trigger_target_dag.py
[2023-10-19T22:59:04.635+0200] {processor.py:829} INFO - Processing file /Users/nick/Desktop/airflow_dic/venv/lib/python3.11/site-packages/airflow/example_dags/example_trigger_target_dag.py for tasks to queue
[2023-10-19T22:59:04.635+0200] {logging_mixin.py:151} INFO - [2023-10-19T22:59:04.635+0200] {dagbag.py:539} INFO - Filling up the DagBag from /Users/nick/Desktop/airflow_dic/venv/lib/python3.11/site-packages/airflow/example_dags/example_trigger_target_dag.py
[2023-10-19T22:59:04.655+0200] {processor.py:839} INFO - DAG(s) dict_keys(['example_trigger_target_dag']) retrieved from /Users/nick/Desktop/airflow_dic/venv/lib/python3.11/site-packages/airflow/example_dags/example_trigger_target_dag.py
[2023-10-19T22:59:04.712+0200] {logging_mixin.py:151} INFO - [2023-10-19T22:59:04.712+0200] {dag.py:2915} INFO - Sync 1 DAGs
[2023-10-19T22:59:04.716+0200] {logging_mixin.py:151} INFO - [2023-10-19T22:59:04.716+0200] {dag.py:3696} INFO - Setting next_dagrun for example_trigger_target_dag to None, run_after=None
[2023-10-19T22:59:04.723+0200] {processor.py:179} INFO - Processing /Users/nick/Desktop/airflow_dic/venv/lib/python3.11/site-packages/airflow/example_dags/example_trigger_target_dag.py took 0.089 seconds
