[2023-10-19T22:19:05.723+0200] {processor.py:157} INFO - Started process (PID=28962) to work on /Users/nick/Desktop/airflow_dic/venv/lib/python3.11/site-packages/airflow/example_dags/example_branch_labels.py
[2023-10-19T22:19:05.725+0200] {processor.py:829} INFO - Processing file /Users/nick/Desktop/airflow_dic/venv/lib/python3.11/site-packages/airflow/example_dags/example_branch_labels.py for tasks to queue
[2023-10-19T22:19:05.725+0200] {logging_mixin.py:151} INFO - [2023-10-19T22:19:05.725+0200] {dagbag.py:539} INFO - Filling up the DagBag from /Users/nick/Desktop/airflow_dic/venv/lib/python3.11/site-packages/airflow/example_dags/example_branch_labels.py
[2023-10-19T22:19:05.739+0200] {processor.py:839} INFO - DAG(s) dict_keys(['example_branch_labels']) retrieved from /Users/nick/Desktop/airflow_dic/venv/lib/python3.11/site-packages/airflow/example_dags/example_branch_labels.py
[2023-10-19T22:19:06.060+0200] {logging_mixin.py:151} INFO - [2023-10-19T22:19:06.060+0200] {manager.py:499} INFO - Created Permission View: %s
[2023-10-19T22:19:06.064+0200] {logging_mixin.py:151} INFO - [2023-10-19T22:19:06.064+0200] {manager.py:499} INFO - Created Permission View: %s
[2023-10-19T22:19:06.066+0200] {logging_mixin.py:151} INFO - [2023-10-19T22:19:06.066+0200] {manager.py:499} INFO - Created Permission View: %s
[2023-10-19T22:19:06.066+0200] {logging_mixin.py:151} INFO - [2023-10-19T22:19:06.066+0200] {security.py:708} INFO - Not syncing DAG-level permissions for DAG 'DAG:example_branch_labels' as access control is unset.
[2023-10-19T22:19:06.066+0200] {logging_mixin.py:151} INFO - [2023-10-19T22:19:06.066+0200] {dag.py:2915} INFO - Sync 1 DAGs
[2023-10-19T22:19:06.070+0200] {logging_mixin.py:151} INFO - [2023-10-19T22:19:06.070+0200] {dag.py:2937} INFO - Creating ORM DAG for example_branch_labels
[2023-10-19T22:19:06.074+0200] {logging_mixin.py:151} INFO - [2023-10-19T22:19:06.074+0200] {dag.py:3696} INFO - Setting next_dagrun for example_branch_labels to 2023-10-18T00:00:00+00:00, run_after=2023-10-19T00:00:00+00:00
[2023-10-19T22:19:06.080+0200] {processor.py:179} INFO - Processing /Users/nick/Desktop/airflow_dic/venv/lib/python3.11/site-packages/airflow/example_dags/example_branch_labels.py took 0.357 seconds
[2023-10-19T22:20:21.829+0200] {processor.py:157} INFO - Started process (PID=29105) to work on /Users/nick/Desktop/airflow_dic/venv/lib/python3.11/site-packages/airflow/example_dags/example_branch_labels.py
[2023-10-19T22:20:21.830+0200] {processor.py:829} INFO - Processing file /Users/nick/Desktop/airflow_dic/venv/lib/python3.11/site-packages/airflow/example_dags/example_branch_labels.py for tasks to queue
[2023-10-19T22:20:21.831+0200] {logging_mixin.py:151} INFO - [2023-10-19T22:20:21.830+0200] {dagbag.py:539} INFO - Filling up the DagBag from /Users/nick/Desktop/airflow_dic/venv/lib/python3.11/site-packages/airflow/example_dags/example_branch_labels.py
[2023-10-19T22:20:21.840+0200] {processor.py:839} INFO - DAG(s) dict_keys(['example_branch_labels']) retrieved from /Users/nick/Desktop/airflow_dic/venv/lib/python3.11/site-packages/airflow/example_dags/example_branch_labels.py
[2023-10-19T22:20:21.896+0200] {logging_mixin.py:151} INFO - [2023-10-19T22:20:21.896+0200] {dag.py:2915} INFO - Sync 1 DAGs
[2023-10-19T22:20:21.901+0200] {logging_mixin.py:151} INFO - [2023-10-19T22:20:21.901+0200] {dag.py:3696} INFO - Setting next_dagrun for example_branch_labels to 2023-10-18T00:00:00+00:00, run_after=2023-10-19T00:00:00+00:00
[2023-10-19T22:20:21.907+0200] {processor.py:179} INFO - Processing /Users/nick/Desktop/airflow_dic/venv/lib/python3.11/site-packages/airflow/example_dags/example_branch_labels.py took 0.079 seconds
[2023-10-19T22:21:26.140+0200] {processor.py:157} INFO - Started process (PID=29238) to work on /Users/nick/Desktop/airflow_dic/venv/lib/python3.11/site-packages/airflow/example_dags/example_branch_labels.py
[2023-10-19T22:21:26.142+0200] {processor.py:829} INFO - Processing file /Users/nick/Desktop/airflow_dic/venv/lib/python3.11/site-packages/airflow/example_dags/example_branch_labels.py for tasks to queue
[2023-10-19T22:21:26.142+0200] {logging_mixin.py:151} INFO - [2023-10-19T22:21:26.142+0200] {dagbag.py:539} INFO - Filling up the DagBag from /Users/nick/Desktop/airflow_dic/venv/lib/python3.11/site-packages/airflow/example_dags/example_branch_labels.py
[2023-10-19T22:21:26.153+0200] {processor.py:839} INFO - DAG(s) dict_keys(['example_branch_labels']) retrieved from /Users/nick/Desktop/airflow_dic/venv/lib/python3.11/site-packages/airflow/example_dags/example_branch_labels.py
[2023-10-19T22:21:26.208+0200] {logging_mixin.py:151} INFO - [2023-10-19T22:21:26.208+0200] {dag.py:2915} INFO - Sync 1 DAGs
[2023-10-19T22:21:26.214+0200] {logging_mixin.py:151} INFO - [2023-10-19T22:21:26.214+0200] {dag.py:3696} INFO - Setting next_dagrun for example_branch_labels to 2023-10-18T00:00:00+00:00, run_after=2023-10-19T00:00:00+00:00
[2023-10-19T22:21:26.220+0200] {processor.py:179} INFO - Processing /Users/nick/Desktop/airflow_dic/venv/lib/python3.11/site-packages/airflow/example_dags/example_branch_labels.py took 0.080 seconds
[2023-10-19T22:23:48.703+0200] {processor.py:157} INFO - Started process (PID=29523) to work on /Users/nick/Desktop/airflow_dic/venv/lib/python3.11/site-packages/airflow/example_dags/example_branch_labels.py
[2023-10-19T22:23:48.705+0200] {processor.py:829} INFO - Processing file /Users/nick/Desktop/airflow_dic/venv/lib/python3.11/site-packages/airflow/example_dags/example_branch_labels.py for tasks to queue
[2023-10-19T22:23:48.705+0200] {logging_mixin.py:151} INFO - [2023-10-19T22:23:48.705+0200] {dagbag.py:539} INFO - Filling up the DagBag from /Users/nick/Desktop/airflow_dic/venv/lib/python3.11/site-packages/airflow/example_dags/example_branch_labels.py
[2023-10-19T22:23:48.715+0200] {processor.py:839} INFO - DAG(s) dict_keys(['example_branch_labels']) retrieved from /Users/nick/Desktop/airflow_dic/venv/lib/python3.11/site-packages/airflow/example_dags/example_branch_labels.py
[2023-10-19T22:23:48.773+0200] {logging_mixin.py:151} INFO - [2023-10-19T22:23:48.773+0200] {dag.py:2915} INFO - Sync 1 DAGs
[2023-10-19T22:23:48.779+0200] {logging_mixin.py:151} INFO - [2023-10-19T22:23:48.778+0200] {dag.py:3696} INFO - Setting next_dagrun for example_branch_labels to 2023-10-18T00:00:00+00:00, run_after=2023-10-19T00:00:00+00:00
[2023-10-19T22:23:48.785+0200] {processor.py:179} INFO - Processing /Users/nick/Desktop/airflow_dic/venv/lib/python3.11/site-packages/airflow/example_dags/example_branch_labels.py took 0.082 seconds
[2023-10-19T22:25:59.303+0200] {processor.py:157} INFO - Started process (PID=31662) to work on /Users/nick/Desktop/airflow_dic/venv/lib/python3.11/site-packages/airflow/example_dags/example_branch_labels.py
[2023-10-19T22:25:59.305+0200] {processor.py:829} INFO - Processing file /Users/nick/Desktop/airflow_dic/venv/lib/python3.11/site-packages/airflow/example_dags/example_branch_labels.py for tasks to queue
[2023-10-19T22:25:59.306+0200] {logging_mixin.py:151} INFO - [2023-10-19T22:25:59.306+0200] {dagbag.py:539} INFO - Filling up the DagBag from /Users/nick/Desktop/airflow_dic/venv/lib/python3.11/site-packages/airflow/example_dags/example_branch_labels.py
[2023-10-19T22:25:59.316+0200] {processor.py:839} INFO - DAG(s) dict_keys(['example_branch_labels']) retrieved from /Users/nick/Desktop/airflow_dic/venv/lib/python3.11/site-packages/airflow/example_dags/example_branch_labels.py
[2023-10-19T22:25:59.589+0200] {logging_mixin.py:151} INFO - [2023-10-19T22:25:59.589+0200] {security.py:708} INFO - Not syncing DAG-level permissions for DAG 'DAG:example_branch_labels' as access control is unset.
[2023-10-19T22:25:59.589+0200] {logging_mixin.py:151} INFO - [2023-10-19T22:25:59.589+0200] {dag.py:2915} INFO - Sync 1 DAGs
[2023-10-19T22:25:59.592+0200] {logging_mixin.py:151} INFO - [2023-10-19T22:25:59.592+0200] {dag.py:2937} INFO - Creating ORM DAG for example_branch_labels
[2023-10-19T22:25:59.595+0200] {logging_mixin.py:151} INFO - [2023-10-19T22:25:59.595+0200] {dag.py:3696} INFO - Setting next_dagrun for example_branch_labels to 2023-10-18T00:00:00+00:00, run_after=2023-10-19T00:00:00+00:00
[2023-10-19T22:25:59.602+0200] {processor.py:179} INFO - Processing /Users/nick/Desktop/airflow_dic/venv/lib/python3.11/site-packages/airflow/example_dags/example_branch_labels.py took 0.298 seconds
[2023-10-19T22:28:21.793+0200] {processor.py:157} INFO - Started process (PID=31928) to work on /Users/nick/Desktop/airflow_dic/venv/lib/python3.11/site-packages/airflow/example_dags/example_branch_labels.py
[2023-10-19T22:28:21.794+0200] {processor.py:829} INFO - Processing file /Users/nick/Desktop/airflow_dic/venv/lib/python3.11/site-packages/airflow/example_dags/example_branch_labels.py for tasks to queue
[2023-10-19T22:28:21.795+0200] {logging_mixin.py:151} INFO - [2023-10-19T22:28:21.795+0200] {dagbag.py:539} INFO - Filling up the DagBag from /Users/nick/Desktop/airflow_dic/venv/lib/python3.11/site-packages/airflow/example_dags/example_branch_labels.py
[2023-10-19T22:28:21.805+0200] {processor.py:839} INFO - DAG(s) dict_keys(['example_branch_labels']) retrieved from /Users/nick/Desktop/airflow_dic/venv/lib/python3.11/site-packages/airflow/example_dags/example_branch_labels.py
[2023-10-19T22:28:22.083+0200] {logging_mixin.py:151} INFO - [2023-10-19T22:28:22.083+0200] {security.py:708} INFO - Not syncing DAG-level permissions for DAG 'DAG:example_branch_labels' as access control is unset.
[2023-10-19T22:28:22.083+0200] {logging_mixin.py:151} INFO - [2023-10-19T22:28:22.083+0200] {dag.py:2915} INFO - Sync 1 DAGs
[2023-10-19T22:28:22.086+0200] {logging_mixin.py:151} INFO - [2023-10-19T22:28:22.086+0200] {dag.py:2937} INFO - Creating ORM DAG for example_branch_labels
[2023-10-19T22:28:22.089+0200] {logging_mixin.py:151} INFO - [2023-10-19T22:28:22.089+0200] {dag.py:3696} INFO - Setting next_dagrun for example_branch_labels to 2023-10-18T00:00:00+00:00, run_after=2023-10-19T00:00:00+00:00
[2023-10-19T22:28:22.095+0200] {processor.py:179} INFO - Processing /Users/nick/Desktop/airflow_dic/venv/lib/python3.11/site-packages/airflow/example_dags/example_branch_labels.py took 0.302 seconds
[2023-10-19T22:29:35.907+0200] {processor.py:157} INFO - Started process (PID=32095) to work on /Users/nick/Desktop/airflow_dic/venv/lib/python3.11/site-packages/airflow/example_dags/example_branch_labels.py
[2023-10-19T22:29:35.908+0200] {processor.py:829} INFO - Processing file /Users/nick/Desktop/airflow_dic/venv/lib/python3.11/site-packages/airflow/example_dags/example_branch_labels.py for tasks to queue
[2023-10-19T22:29:35.909+0200] {logging_mixin.py:151} INFO - [2023-10-19T22:29:35.908+0200] {dagbag.py:539} INFO - Filling up the DagBag from /Users/nick/Desktop/airflow_dic/venv/lib/python3.11/site-packages/airflow/example_dags/example_branch_labels.py
[2023-10-19T22:29:35.918+0200] {processor.py:839} INFO - DAG(s) dict_keys(['example_branch_labels']) retrieved from /Users/nick/Desktop/airflow_dic/venv/lib/python3.11/site-packages/airflow/example_dags/example_branch_labels.py
[2023-10-19T22:29:35.975+0200] {logging_mixin.py:151} INFO - [2023-10-19T22:29:35.975+0200] {dag.py:2915} INFO - Sync 1 DAGs
[2023-10-19T22:29:35.980+0200] {logging_mixin.py:151} INFO - [2023-10-19T22:29:35.980+0200] {dag.py:3696} INFO - Setting next_dagrun for example_branch_labels to 2023-10-18T00:00:00+00:00, run_after=2023-10-19T00:00:00+00:00
[2023-10-19T22:29:35.986+0200] {processor.py:179} INFO - Processing /Users/nick/Desktop/airflow_dic/venv/lib/python3.11/site-packages/airflow/example_dags/example_branch_labels.py took 0.080 seconds
[2023-10-19T22:31:54.011+0200] {processor.py:157} INFO - Started process (PID=32362) to work on /Users/nick/Desktop/airflow_dic/venv/lib/python3.11/site-packages/airflow/example_dags/example_branch_labels.py
[2023-10-19T22:31:54.012+0200] {processor.py:829} INFO - Processing file /Users/nick/Desktop/airflow_dic/venv/lib/python3.11/site-packages/airflow/example_dags/example_branch_labels.py for tasks to queue
[2023-10-19T22:31:54.012+0200] {logging_mixin.py:151} INFO - [2023-10-19T22:31:54.012+0200] {dagbag.py:539} INFO - Filling up the DagBag from /Users/nick/Desktop/airflow_dic/venv/lib/python3.11/site-packages/airflow/example_dags/example_branch_labels.py
[2023-10-19T22:31:54.022+0200] {processor.py:839} INFO - DAG(s) dict_keys(['example_branch_labels']) retrieved from /Users/nick/Desktop/airflow_dic/venv/lib/python3.11/site-packages/airflow/example_dags/example_branch_labels.py
[2023-10-19T22:31:54.083+0200] {logging_mixin.py:151} INFO - [2023-10-19T22:31:54.083+0200] {dag.py:2915} INFO - Sync 1 DAGs
[2023-10-19T22:31:54.089+0200] {logging_mixin.py:151} INFO - [2023-10-19T22:31:54.089+0200] {dag.py:3696} INFO - Setting next_dagrun for example_branch_labels to 2023-10-18T00:00:00+00:00, run_after=2023-10-19T00:00:00+00:00
[2023-10-19T22:31:54.095+0200] {processor.py:179} INFO - Processing /Users/nick/Desktop/airflow_dic/venv/lib/python3.11/site-packages/airflow/example_dags/example_branch_labels.py took 0.085 seconds
[2023-10-19T22:33:02.190+0200] {processor.py:157} INFO - Started process (PID=32487) to work on /Users/nick/Desktop/airflow_dic/venv/lib/python3.11/site-packages/airflow/example_dags/example_branch_labels.py
[2023-10-19T22:33:02.191+0200] {processor.py:829} INFO - Processing file /Users/nick/Desktop/airflow_dic/venv/lib/python3.11/site-packages/airflow/example_dags/example_branch_labels.py for tasks to queue
[2023-10-19T22:33:02.191+0200] {logging_mixin.py:151} INFO - [2023-10-19T22:33:02.191+0200] {dagbag.py:539} INFO - Filling up the DagBag from /Users/nick/Desktop/airflow_dic/venv/lib/python3.11/site-packages/airflow/example_dags/example_branch_labels.py
[2023-10-19T22:33:02.201+0200] {processor.py:839} INFO - DAG(s) dict_keys(['example_branch_labels']) retrieved from /Users/nick/Desktop/airflow_dic/venv/lib/python3.11/site-packages/airflow/example_dags/example_branch_labels.py
[2023-10-19T22:33:02.258+0200] {logging_mixin.py:151} INFO - [2023-10-19T22:33:02.257+0200] {dag.py:2915} INFO - Sync 1 DAGs
[2023-10-19T22:33:02.263+0200] {logging_mixin.py:151} INFO - [2023-10-19T22:33:02.263+0200] {dag.py:3696} INFO - Setting next_dagrun for example_branch_labels to 2023-10-18T00:00:00+00:00, run_after=2023-10-19T00:00:00+00:00
[2023-10-19T22:33:02.270+0200] {processor.py:179} INFO - Processing /Users/nick/Desktop/airflow_dic/venv/lib/python3.11/site-packages/airflow/example_dags/example_branch_labels.py took 0.080 seconds
[2023-10-19T22:34:11.630+0200] {processor.py:157} INFO - Started process (PID=32627) to work on /Users/nick/Desktop/airflow_dic/venv/lib/python3.11/site-packages/airflow/example_dags/example_branch_labels.py
[2023-10-19T22:34:11.633+0200] {processor.py:829} INFO - Processing file /Users/nick/Desktop/airflow_dic/venv/lib/python3.11/site-packages/airflow/example_dags/example_branch_labels.py for tasks to queue
[2023-10-19T22:34:11.633+0200] {logging_mixin.py:151} INFO - [2023-10-19T22:34:11.633+0200] {dagbag.py:539} INFO - Filling up the DagBag from /Users/nick/Desktop/airflow_dic/venv/lib/python3.11/site-packages/airflow/example_dags/example_branch_labels.py
[2023-10-19T22:34:11.643+0200] {processor.py:839} INFO - DAG(s) dict_keys(['example_branch_labels']) retrieved from /Users/nick/Desktop/airflow_dic/venv/lib/python3.11/site-packages/airflow/example_dags/example_branch_labels.py
[2023-10-19T22:34:11.698+0200] {logging_mixin.py:151} INFO - [2023-10-19T22:34:11.698+0200] {dag.py:2915} INFO - Sync 1 DAGs
[2023-10-19T22:34:11.704+0200] {logging_mixin.py:151} INFO - [2023-10-19T22:34:11.704+0200] {dag.py:3696} INFO - Setting next_dagrun for example_branch_labels to 2023-10-18T00:00:00+00:00, run_after=2023-10-19T00:00:00+00:00
[2023-10-19T22:34:11.710+0200] {processor.py:179} INFO - Processing /Users/nick/Desktop/airflow_dic/venv/lib/python3.11/site-packages/airflow/example_dags/example_branch_labels.py took 0.080 seconds
[2023-10-19T22:35:19.611+0200] {processor.py:157} INFO - Started process (PID=32796) to work on /Users/nick/Desktop/airflow_dic/venv/lib/python3.11/site-packages/airflow/example_dags/example_branch_labels.py
[2023-10-19T22:35:19.613+0200] {processor.py:829} INFO - Processing file /Users/nick/Desktop/airflow_dic/venv/lib/python3.11/site-packages/airflow/example_dags/example_branch_labels.py for tasks to queue
[2023-10-19T22:35:19.613+0200] {logging_mixin.py:151} INFO - [2023-10-19T22:35:19.613+0200] {dagbag.py:539} INFO - Filling up the DagBag from /Users/nick/Desktop/airflow_dic/venv/lib/python3.11/site-packages/airflow/example_dags/example_branch_labels.py
[2023-10-19T22:35:19.623+0200] {processor.py:839} INFO - DAG(s) dict_keys(['example_branch_labels']) retrieved from /Users/nick/Desktop/airflow_dic/venv/lib/python3.11/site-packages/airflow/example_dags/example_branch_labels.py
[2023-10-19T22:35:19.680+0200] {logging_mixin.py:151} INFO - [2023-10-19T22:35:19.680+0200] {dag.py:2915} INFO - Sync 1 DAGs
[2023-10-19T22:35:19.686+0200] {logging_mixin.py:151} INFO - [2023-10-19T22:35:19.686+0200] {dag.py:3696} INFO - Setting next_dagrun for example_branch_labels to 2023-10-18T00:00:00+00:00, run_after=2023-10-19T00:00:00+00:00
[2023-10-19T22:35:19.691+0200] {processor.py:179} INFO - Processing /Users/nick/Desktop/airflow_dic/venv/lib/python3.11/site-packages/airflow/example_dags/example_branch_labels.py took 0.080 seconds
[2023-10-19T22:36:28.694+0200] {processor.py:157} INFO - Started process (PID=32926) to work on /Users/nick/Desktop/airflow_dic/venv/lib/python3.11/site-packages/airflow/example_dags/example_branch_labels.py
[2023-10-19T22:36:28.695+0200] {processor.py:829} INFO - Processing file /Users/nick/Desktop/airflow_dic/venv/lib/python3.11/site-packages/airflow/example_dags/example_branch_labels.py for tasks to queue
[2023-10-19T22:36:28.696+0200] {logging_mixin.py:151} INFO - [2023-10-19T22:36:28.695+0200] {dagbag.py:539} INFO - Filling up the DagBag from /Users/nick/Desktop/airflow_dic/venv/lib/python3.11/site-packages/airflow/example_dags/example_branch_labels.py
[2023-10-19T22:36:28.706+0200] {processor.py:839} INFO - DAG(s) dict_keys(['example_branch_labels']) retrieved from /Users/nick/Desktop/airflow_dic/venv/lib/python3.11/site-packages/airflow/example_dags/example_branch_labels.py
[2023-10-19T22:36:28.766+0200] {logging_mixin.py:151} INFO - [2023-10-19T22:36:28.766+0200] {dag.py:2915} INFO - Sync 1 DAGs
[2023-10-19T22:36:28.772+0200] {logging_mixin.py:151} INFO - [2023-10-19T22:36:28.772+0200] {dag.py:3696} INFO - Setting next_dagrun for example_branch_labels to 2023-10-18T00:00:00+00:00, run_after=2023-10-19T00:00:00+00:00
[2023-10-19T22:36:28.779+0200] {processor.py:179} INFO - Processing /Users/nick/Desktop/airflow_dic/venv/lib/python3.11/site-packages/airflow/example_dags/example_branch_labels.py took 0.085 seconds
[2023-10-19T22:37:36.929+0200] {processor.py:157} INFO - Started process (PID=33055) to work on /Users/nick/Desktop/airflow_dic/venv/lib/python3.11/site-packages/airflow/example_dags/example_branch_labels.py
[2023-10-19T22:37:36.930+0200] {processor.py:829} INFO - Processing file /Users/nick/Desktop/airflow_dic/venv/lib/python3.11/site-packages/airflow/example_dags/example_branch_labels.py for tasks to queue
[2023-10-19T22:37:36.931+0200] {logging_mixin.py:151} INFO - [2023-10-19T22:37:36.931+0200] {dagbag.py:539} INFO - Filling up the DagBag from /Users/nick/Desktop/airflow_dic/venv/lib/python3.11/site-packages/airflow/example_dags/example_branch_labels.py
[2023-10-19T22:37:36.942+0200] {processor.py:839} INFO - DAG(s) dict_keys(['example_branch_labels']) retrieved from /Users/nick/Desktop/airflow_dic/venv/lib/python3.11/site-packages/airflow/example_dags/example_branch_labels.py
[2023-10-19T22:37:37.002+0200] {logging_mixin.py:151} INFO - [2023-10-19T22:37:37.002+0200] {dag.py:2915} INFO - Sync 1 DAGs
[2023-10-19T22:37:37.008+0200] {logging_mixin.py:151} INFO - [2023-10-19T22:37:37.007+0200] {dag.py:3696} INFO - Setting next_dagrun for example_branch_labels to 2023-10-18T00:00:00+00:00, run_after=2023-10-19T00:00:00+00:00
[2023-10-19T22:37:37.013+0200] {processor.py:179} INFO - Processing /Users/nick/Desktop/airflow_dic/venv/lib/python3.11/site-packages/airflow/example_dags/example_branch_labels.py took 0.085 seconds
[2023-10-19T22:38:44.646+0200] {processor.py:157} INFO - Started process (PID=33180) to work on /Users/nick/Desktop/airflow_dic/venv/lib/python3.11/site-packages/airflow/example_dags/example_branch_labels.py
[2023-10-19T22:38:44.647+0200] {processor.py:829} INFO - Processing file /Users/nick/Desktop/airflow_dic/venv/lib/python3.11/site-packages/airflow/example_dags/example_branch_labels.py for tasks to queue
[2023-10-19T22:38:44.647+0200] {logging_mixin.py:151} INFO - [2023-10-19T22:38:44.647+0200] {dagbag.py:539} INFO - Filling up the DagBag from /Users/nick/Desktop/airflow_dic/venv/lib/python3.11/site-packages/airflow/example_dags/example_branch_labels.py
[2023-10-19T22:38:44.657+0200] {processor.py:839} INFO - DAG(s) dict_keys(['example_branch_labels']) retrieved from /Users/nick/Desktop/airflow_dic/venv/lib/python3.11/site-packages/airflow/example_dags/example_branch_labels.py
[2023-10-19T22:38:44.713+0200] {logging_mixin.py:151} INFO - [2023-10-19T22:38:44.713+0200] {dag.py:2915} INFO - Sync 1 DAGs
[2023-10-19T22:38:44.718+0200] {logging_mixin.py:151} INFO - [2023-10-19T22:38:44.718+0200] {dag.py:3696} INFO - Setting next_dagrun for example_branch_labels to 2023-10-18T00:00:00+00:00, run_after=2023-10-19T00:00:00+00:00
[2023-10-19T22:38:44.724+0200] {processor.py:179} INFO - Processing /Users/nick/Desktop/airflow_dic/venv/lib/python3.11/site-packages/airflow/example_dags/example_branch_labels.py took 0.079 seconds
[2023-10-19T22:39:51.038+0200] {processor.py:157} INFO - Started process (PID=33307) to work on /Users/nick/Desktop/airflow_dic/venv/lib/python3.11/site-packages/airflow/example_dags/example_branch_labels.py
[2023-10-19T22:39:51.040+0200] {processor.py:829} INFO - Processing file /Users/nick/Desktop/airflow_dic/venv/lib/python3.11/site-packages/airflow/example_dags/example_branch_labels.py for tasks to queue
[2023-10-19T22:39:51.040+0200] {logging_mixin.py:151} INFO - [2023-10-19T22:39:51.040+0200] {dagbag.py:539} INFO - Filling up the DagBag from /Users/nick/Desktop/airflow_dic/venv/lib/python3.11/site-packages/airflow/example_dags/example_branch_labels.py
[2023-10-19T22:39:51.050+0200] {processor.py:839} INFO - DAG(s) dict_keys(['example_branch_labels']) retrieved from /Users/nick/Desktop/airflow_dic/venv/lib/python3.11/site-packages/airflow/example_dags/example_branch_labels.py
[2023-10-19T22:39:51.105+0200] {logging_mixin.py:151} INFO - [2023-10-19T22:39:51.105+0200] {dag.py:2915} INFO - Sync 1 DAGs
[2023-10-19T22:39:51.111+0200] {logging_mixin.py:151} INFO - [2023-10-19T22:39:51.111+0200] {dag.py:3696} INFO - Setting next_dagrun for example_branch_labels to 2023-10-18T00:00:00+00:00, run_after=2023-10-19T00:00:00+00:00
[2023-10-19T22:39:51.117+0200] {processor.py:179} INFO - Processing /Users/nick/Desktop/airflow_dic/venv/lib/python3.11/site-packages/airflow/example_dags/example_branch_labels.py took 0.079 seconds
[2023-10-19T22:40:59.061+0200] {processor.py:157} INFO - Started process (PID=33433) to work on /Users/nick/Desktop/airflow_dic/venv/lib/python3.11/site-packages/airflow/example_dags/example_branch_labels.py
[2023-10-19T22:40:59.063+0200] {processor.py:829} INFO - Processing file /Users/nick/Desktop/airflow_dic/venv/lib/python3.11/site-packages/airflow/example_dags/example_branch_labels.py for tasks to queue
[2023-10-19T22:40:59.063+0200] {logging_mixin.py:151} INFO - [2023-10-19T22:40:59.063+0200] {dagbag.py:539} INFO - Filling up the DagBag from /Users/nick/Desktop/airflow_dic/venv/lib/python3.11/site-packages/airflow/example_dags/example_branch_labels.py
[2023-10-19T22:40:59.073+0200] {processor.py:839} INFO - DAG(s) dict_keys(['example_branch_labels']) retrieved from /Users/nick/Desktop/airflow_dic/venv/lib/python3.11/site-packages/airflow/example_dags/example_branch_labels.py
[2023-10-19T22:40:59.131+0200] {logging_mixin.py:151} INFO - [2023-10-19T22:40:59.131+0200] {dag.py:2915} INFO - Sync 1 DAGs
[2023-10-19T22:40:59.137+0200] {logging_mixin.py:151} INFO - [2023-10-19T22:40:59.137+0200] {dag.py:3696} INFO - Setting next_dagrun for example_branch_labels to 2023-10-18T00:00:00+00:00, run_after=2023-10-19T00:00:00+00:00
[2023-10-19T22:40:59.143+0200] {processor.py:179} INFO - Processing /Users/nick/Desktop/airflow_dic/venv/lib/python3.11/site-packages/airflow/example_dags/example_branch_labels.py took 0.082 seconds
[2023-10-19T22:42:10.380+0200] {processor.py:157} INFO - Started process (PID=33564) to work on /Users/nick/Desktop/airflow_dic/venv/lib/python3.11/site-packages/airflow/example_dags/example_branch_labels.py
[2023-10-19T22:42:10.381+0200] {processor.py:829} INFO - Processing file /Users/nick/Desktop/airflow_dic/venv/lib/python3.11/site-packages/airflow/example_dags/example_branch_labels.py for tasks to queue
[2023-10-19T22:42:10.381+0200] {logging_mixin.py:151} INFO - [2023-10-19T22:42:10.381+0200] {dagbag.py:539} INFO - Filling up the DagBag from /Users/nick/Desktop/airflow_dic/venv/lib/python3.11/site-packages/airflow/example_dags/example_branch_labels.py
[2023-10-19T22:42:10.391+0200] {processor.py:839} INFO - DAG(s) dict_keys(['example_branch_labels']) retrieved from /Users/nick/Desktop/airflow_dic/venv/lib/python3.11/site-packages/airflow/example_dags/example_branch_labels.py
[2023-10-19T22:42:10.447+0200] {logging_mixin.py:151} INFO - [2023-10-19T22:42:10.447+0200] {dag.py:2915} INFO - Sync 1 DAGs
[2023-10-19T22:42:10.454+0200] {logging_mixin.py:151} INFO - [2023-10-19T22:42:10.454+0200] {dag.py:3696} INFO - Setting next_dagrun for example_branch_labels to 2023-10-18T00:00:00+00:00, run_after=2023-10-19T00:00:00+00:00
[2023-10-19T22:42:10.461+0200] {processor.py:179} INFO - Processing /Users/nick/Desktop/airflow_dic/venv/lib/python3.11/site-packages/airflow/example_dags/example_branch_labels.py took 0.081 seconds
[2023-10-19T22:43:19.267+0200] {processor.py:157} INFO - Started process (PID=33691) to work on /Users/nick/Desktop/airflow_dic/venv/lib/python3.11/site-packages/airflow/example_dags/example_branch_labels.py
[2023-10-19T22:43:19.269+0200] {processor.py:829} INFO - Processing file /Users/nick/Desktop/airflow_dic/venv/lib/python3.11/site-packages/airflow/example_dags/example_branch_labels.py for tasks to queue
[2023-10-19T22:43:19.269+0200] {logging_mixin.py:151} INFO - [2023-10-19T22:43:19.269+0200] {dagbag.py:539} INFO - Filling up the DagBag from /Users/nick/Desktop/airflow_dic/venv/lib/python3.11/site-packages/airflow/example_dags/example_branch_labels.py
[2023-10-19T22:43:19.279+0200] {processor.py:839} INFO - DAG(s) dict_keys(['example_branch_labels']) retrieved from /Users/nick/Desktop/airflow_dic/venv/lib/python3.11/site-packages/airflow/example_dags/example_branch_labels.py
[2023-10-19T22:43:19.335+0200] {logging_mixin.py:151} INFO - [2023-10-19T22:43:19.335+0200] {dag.py:2915} INFO - Sync 1 DAGs
[2023-10-19T22:43:19.340+0200] {logging_mixin.py:151} INFO - [2023-10-19T22:43:19.340+0200] {dag.py:3696} INFO - Setting next_dagrun for example_branch_labels to 2023-10-18T00:00:00+00:00, run_after=2023-10-19T00:00:00+00:00
[2023-10-19T22:43:19.347+0200] {processor.py:179} INFO - Processing /Users/nick/Desktop/airflow_dic/venv/lib/python3.11/site-packages/airflow/example_dags/example_branch_labels.py took 0.080 seconds
[2023-10-19T22:44:30.080+0200] {processor.py:157} INFO - Started process (PID=33826) to work on /Users/nick/Desktop/airflow_dic/venv/lib/python3.11/site-packages/airflow/example_dags/example_branch_labels.py
[2023-10-19T22:44:30.081+0200] {processor.py:829} INFO - Processing file /Users/nick/Desktop/airflow_dic/venv/lib/python3.11/site-packages/airflow/example_dags/example_branch_labels.py for tasks to queue
[2023-10-19T22:44:30.082+0200] {logging_mixin.py:151} INFO - [2023-10-19T22:44:30.082+0200] {dagbag.py:539} INFO - Filling up the DagBag from /Users/nick/Desktop/airflow_dic/venv/lib/python3.11/site-packages/airflow/example_dags/example_branch_labels.py
[2023-10-19T22:44:30.092+0200] {processor.py:839} INFO - DAG(s) dict_keys(['example_branch_labels']) retrieved from /Users/nick/Desktop/airflow_dic/venv/lib/python3.11/site-packages/airflow/example_dags/example_branch_labels.py
[2023-10-19T22:44:30.147+0200] {logging_mixin.py:151} INFO - [2023-10-19T22:44:30.147+0200] {dag.py:2915} INFO - Sync 1 DAGs
[2023-10-19T22:44:30.153+0200] {logging_mixin.py:151} INFO - [2023-10-19T22:44:30.153+0200] {dag.py:3696} INFO - Setting next_dagrun for example_branch_labels to 2023-10-18T00:00:00+00:00, run_after=2023-10-19T00:00:00+00:00
[2023-10-19T22:44:30.159+0200] {processor.py:179} INFO - Processing /Users/nick/Desktop/airflow_dic/venv/lib/python3.11/site-packages/airflow/example_dags/example_branch_labels.py took 0.079 seconds
[2023-10-19T22:46:17.924+0200] {processor.py:157} INFO - Started process (PID=34049) to work on /Users/nick/Desktop/airflow_dic/venv/lib/python3.11/site-packages/airflow/example_dags/example_branch_labels.py
[2023-10-19T22:46:17.927+0200] {processor.py:829} INFO - Processing file /Users/nick/Desktop/airflow_dic/venv/lib/python3.11/site-packages/airflow/example_dags/example_branch_labels.py for tasks to queue
[2023-10-19T22:46:17.927+0200] {logging_mixin.py:151} INFO - [2023-10-19T22:46:17.927+0200] {dagbag.py:539} INFO - Filling up the DagBag from /Users/nick/Desktop/airflow_dic/venv/lib/python3.11/site-packages/airflow/example_dags/example_branch_labels.py
[2023-10-19T22:46:17.937+0200] {processor.py:839} INFO - DAG(s) dict_keys(['example_branch_labels']) retrieved from /Users/nick/Desktop/airflow_dic/venv/lib/python3.11/site-packages/airflow/example_dags/example_branch_labels.py
[2023-10-19T22:46:17.993+0200] {logging_mixin.py:151} INFO - [2023-10-19T22:46:17.993+0200] {dag.py:2915} INFO - Sync 1 DAGs
[2023-10-19T22:46:17.999+0200] {logging_mixin.py:151} INFO - [2023-10-19T22:46:17.999+0200] {dag.py:3696} INFO - Setting next_dagrun for example_branch_labels to 2023-10-18T00:00:00+00:00, run_after=2023-10-19T00:00:00+00:00
[2023-10-19T22:46:18.005+0200] {processor.py:179} INFO - Processing /Users/nick/Desktop/airflow_dic/venv/lib/python3.11/site-packages/airflow/example_dags/example_branch_labels.py took 0.081 seconds
[2023-10-19T22:47:26.877+0200] {processor.py:157} INFO - Started process (PID=34178) to work on /Users/nick/Desktop/airflow_dic/venv/lib/python3.11/site-packages/airflow/example_dags/example_branch_labels.py
[2023-10-19T22:47:26.879+0200] {processor.py:829} INFO - Processing file /Users/nick/Desktop/airflow_dic/venv/lib/python3.11/site-packages/airflow/example_dags/example_branch_labels.py for tasks to queue
[2023-10-19T22:47:26.879+0200] {logging_mixin.py:151} INFO - [2023-10-19T22:47:26.879+0200] {dagbag.py:539} INFO - Filling up the DagBag from /Users/nick/Desktop/airflow_dic/venv/lib/python3.11/site-packages/airflow/example_dags/example_branch_labels.py
[2023-10-19T22:47:26.889+0200] {processor.py:839} INFO - DAG(s) dict_keys(['example_branch_labels']) retrieved from /Users/nick/Desktop/airflow_dic/venv/lib/python3.11/site-packages/airflow/example_dags/example_branch_labels.py
[2023-10-19T22:47:26.944+0200] {logging_mixin.py:151} INFO - [2023-10-19T22:47:26.944+0200] {dag.py:2915} INFO - Sync 1 DAGs
[2023-10-19T22:47:26.950+0200] {logging_mixin.py:151} INFO - [2023-10-19T22:47:26.950+0200] {dag.py:3696} INFO - Setting next_dagrun for example_branch_labels to 2023-10-18T00:00:00+00:00, run_after=2023-10-19T00:00:00+00:00
[2023-10-19T22:47:26.956+0200] {processor.py:179} INFO - Processing /Users/nick/Desktop/airflow_dic/venv/lib/python3.11/site-packages/airflow/example_dags/example_branch_labels.py took 0.079 seconds
[2023-10-19T22:48:36.017+0200] {processor.py:157} INFO - Started process (PID=34312) to work on /Users/nick/Desktop/airflow_dic/venv/lib/python3.11/site-packages/airflow/example_dags/example_branch_labels.py
[2023-10-19T22:48:36.018+0200] {processor.py:829} INFO - Processing file /Users/nick/Desktop/airflow_dic/venv/lib/python3.11/site-packages/airflow/example_dags/example_branch_labels.py for tasks to queue
[2023-10-19T22:48:36.018+0200] {logging_mixin.py:151} INFO - [2023-10-19T22:48:36.018+0200] {dagbag.py:539} INFO - Filling up the DagBag from /Users/nick/Desktop/airflow_dic/venv/lib/python3.11/site-packages/airflow/example_dags/example_branch_labels.py
[2023-10-19T22:48:36.028+0200] {processor.py:839} INFO - DAG(s) dict_keys(['example_branch_labels']) retrieved from /Users/nick/Desktop/airflow_dic/venv/lib/python3.11/site-packages/airflow/example_dags/example_branch_labels.py
[2023-10-19T22:48:36.088+0200] {logging_mixin.py:151} INFO - [2023-10-19T22:48:36.088+0200] {dag.py:2915} INFO - Sync 1 DAGs
[2023-10-19T22:48:36.094+0200] {logging_mixin.py:151} INFO - [2023-10-19T22:48:36.094+0200] {dag.py:3696} INFO - Setting next_dagrun for example_branch_labels to 2023-10-18T00:00:00+00:00, run_after=2023-10-19T00:00:00+00:00
[2023-10-19T22:48:36.100+0200] {processor.py:179} INFO - Processing /Users/nick/Desktop/airflow_dic/venv/lib/python3.11/site-packages/airflow/example_dags/example_branch_labels.py took 0.084 seconds
[2023-10-19T22:49:44.572+0200] {processor.py:157} INFO - Started process (PID=34448) to work on /Users/nick/Desktop/airflow_dic/venv/lib/python3.11/site-packages/airflow/example_dags/example_branch_labels.py
[2023-10-19T22:49:44.573+0200] {processor.py:829} INFO - Processing file /Users/nick/Desktop/airflow_dic/venv/lib/python3.11/site-packages/airflow/example_dags/example_branch_labels.py for tasks to queue
[2023-10-19T22:49:44.574+0200] {logging_mixin.py:151} INFO - [2023-10-19T22:49:44.573+0200] {dagbag.py:539} INFO - Filling up the DagBag from /Users/nick/Desktop/airflow_dic/venv/lib/python3.11/site-packages/airflow/example_dags/example_branch_labels.py
[2023-10-19T22:49:44.583+0200] {processor.py:839} INFO - DAG(s) dict_keys(['example_branch_labels']) retrieved from /Users/nick/Desktop/airflow_dic/venv/lib/python3.11/site-packages/airflow/example_dags/example_branch_labels.py
[2023-10-19T22:49:44.639+0200] {logging_mixin.py:151} INFO - [2023-10-19T22:49:44.639+0200] {dag.py:2915} INFO - Sync 1 DAGs
[2023-10-19T22:49:44.644+0200] {logging_mixin.py:151} INFO - [2023-10-19T22:49:44.644+0200] {dag.py:3696} INFO - Setting next_dagrun for example_branch_labels to 2023-10-18T00:00:00+00:00, run_after=2023-10-19T00:00:00+00:00
[2023-10-19T22:49:44.651+0200] {processor.py:179} INFO - Processing /Users/nick/Desktop/airflow_dic/venv/lib/python3.11/site-packages/airflow/example_dags/example_branch_labels.py took 0.079 seconds
[2023-10-19T22:50:52.692+0200] {processor.py:157} INFO - Started process (PID=34573) to work on /Users/nick/Desktop/airflow_dic/venv/lib/python3.11/site-packages/airflow/example_dags/example_branch_labels.py
[2023-10-19T22:50:52.693+0200] {processor.py:829} INFO - Processing file /Users/nick/Desktop/airflow_dic/venv/lib/python3.11/site-packages/airflow/example_dags/example_branch_labels.py for tasks to queue
[2023-10-19T22:50:52.693+0200] {logging_mixin.py:151} INFO - [2023-10-19T22:50:52.693+0200] {dagbag.py:539} INFO - Filling up the DagBag from /Users/nick/Desktop/airflow_dic/venv/lib/python3.11/site-packages/airflow/example_dags/example_branch_labels.py
[2023-10-19T22:50:52.703+0200] {processor.py:839} INFO - DAG(s) dict_keys(['example_branch_labels']) retrieved from /Users/nick/Desktop/airflow_dic/venv/lib/python3.11/site-packages/airflow/example_dags/example_branch_labels.py
[2023-10-19T22:50:52.759+0200] {logging_mixin.py:151} INFO - [2023-10-19T22:50:52.759+0200] {dag.py:2915} INFO - Sync 1 DAGs
[2023-10-19T22:50:52.765+0200] {logging_mixin.py:151} INFO - [2023-10-19T22:50:52.765+0200] {dag.py:3696} INFO - Setting next_dagrun for example_branch_labels to 2023-10-18T00:00:00+00:00, run_after=2023-10-19T00:00:00+00:00
[2023-10-19T22:50:52.771+0200] {processor.py:179} INFO - Processing /Users/nick/Desktop/airflow_dic/venv/lib/python3.11/site-packages/airflow/example_dags/example_branch_labels.py took 0.080 seconds
[2023-10-19T22:54:16.383+0200] {processor.py:157} INFO - Started process (PID=34888) to work on /Users/nick/Desktop/airflow_dic/venv/lib/python3.11/site-packages/airflow/example_dags/example_branch_labels.py
[2023-10-19T22:54:16.384+0200] {processor.py:829} INFO - Processing file /Users/nick/Desktop/airflow_dic/venv/lib/python3.11/site-packages/airflow/example_dags/example_branch_labels.py for tasks to queue
[2023-10-19T22:54:16.385+0200] {logging_mixin.py:151} INFO - [2023-10-19T22:54:16.385+0200] {dagbag.py:539} INFO - Filling up the DagBag from /Users/nick/Desktop/airflow_dic/venv/lib/python3.11/site-packages/airflow/example_dags/example_branch_labels.py
[2023-10-19T22:54:16.395+0200] {processor.py:839} INFO - DAG(s) dict_keys(['example_branch_labels']) retrieved from /Users/nick/Desktop/airflow_dic/venv/lib/python3.11/site-packages/airflow/example_dags/example_branch_labels.py
[2023-10-19T22:54:16.450+0200] {logging_mixin.py:151} INFO - [2023-10-19T22:54:16.450+0200] {dag.py:2915} INFO - Sync 1 DAGs
[2023-10-19T22:54:16.456+0200] {logging_mixin.py:151} INFO - [2023-10-19T22:54:16.456+0200] {dag.py:3696} INFO - Setting next_dagrun for example_branch_labels to 2023-10-18T00:00:00+00:00, run_after=2023-10-19T00:00:00+00:00
[2023-10-19T22:54:16.462+0200] {processor.py:179} INFO - Processing /Users/nick/Desktop/airflow_dic/venv/lib/python3.11/site-packages/airflow/example_dags/example_branch_labels.py took 0.079 seconds
[2023-10-19T22:55:22.892+0200] {processor.py:157} INFO - Started process (PID=35030) to work on /Users/nick/Desktop/airflow_dic/venv/lib/python3.11/site-packages/airflow/example_dags/example_branch_labels.py
[2023-10-19T22:55:22.893+0200] {processor.py:829} INFO - Processing file /Users/nick/Desktop/airflow_dic/venv/lib/python3.11/site-packages/airflow/example_dags/example_branch_labels.py for tasks to queue
[2023-10-19T22:55:22.893+0200] {logging_mixin.py:151} INFO - [2023-10-19T22:55:22.893+0200] {dagbag.py:539} INFO - Filling up the DagBag from /Users/nick/Desktop/airflow_dic/venv/lib/python3.11/site-packages/airflow/example_dags/example_branch_labels.py
[2023-10-19T22:55:22.904+0200] {processor.py:839} INFO - DAG(s) dict_keys(['example_branch_labels']) retrieved from /Users/nick/Desktop/airflow_dic/venv/lib/python3.11/site-packages/airflow/example_dags/example_branch_labels.py
[2023-10-19T22:55:22.960+0200] {logging_mixin.py:151} INFO - [2023-10-19T22:55:22.960+0200] {dag.py:2915} INFO - Sync 1 DAGs
[2023-10-19T22:55:22.966+0200] {logging_mixin.py:151} INFO - [2023-10-19T22:55:22.966+0200] {dag.py:3696} INFO - Setting next_dagrun for example_branch_labels to 2023-10-18T00:00:00+00:00, run_after=2023-10-19T00:00:00+00:00
[2023-10-19T22:55:22.972+0200] {processor.py:179} INFO - Processing /Users/nick/Desktop/airflow_dic/venv/lib/python3.11/site-packages/airflow/example_dags/example_branch_labels.py took 0.081 seconds
[2023-10-19T22:56:31.932+0200] {processor.py:157} INFO - Started process (PID=35167) to work on /Users/nick/Desktop/airflow_dic/venv/lib/python3.11/site-packages/airflow/example_dags/example_branch_labels.py
[2023-10-19T22:56:31.933+0200] {processor.py:829} INFO - Processing file /Users/nick/Desktop/airflow_dic/venv/lib/python3.11/site-packages/airflow/example_dags/example_branch_labels.py for tasks to queue
[2023-10-19T22:56:31.934+0200] {logging_mixin.py:151} INFO - [2023-10-19T22:56:31.933+0200] {dagbag.py:539} INFO - Filling up the DagBag from /Users/nick/Desktop/airflow_dic/venv/lib/python3.11/site-packages/airflow/example_dags/example_branch_labels.py
[2023-10-19T22:56:31.945+0200] {processor.py:839} INFO - DAG(s) dict_keys(['example_branch_labels']) retrieved from /Users/nick/Desktop/airflow_dic/venv/lib/python3.11/site-packages/airflow/example_dags/example_branch_labels.py
[2023-10-19T22:56:32.018+0200] {logging_mixin.py:151} INFO - [2023-10-19T22:56:32.018+0200] {dag.py:2915} INFO - Sync 1 DAGs
[2023-10-19T22:56:32.030+0200] {logging_mixin.py:151} INFO - [2023-10-19T22:56:32.030+0200] {dag.py:3696} INFO - Setting next_dagrun for example_branch_labels to 2023-10-18T00:00:00+00:00, run_after=2023-10-19T00:00:00+00:00
[2023-10-19T22:56:32.041+0200] {processor.py:179} INFO - Processing /Users/nick/Desktop/airflow_dic/venv/lib/python3.11/site-packages/airflow/example_dags/example_branch_labels.py took 0.109 seconds
[2023-10-19T22:57:37.742+0200] {processor.py:157} INFO - Started process (PID=35293) to work on /Users/nick/Desktop/airflow_dic/venv/lib/python3.11/site-packages/airflow/example_dags/example_branch_labels.py
[2023-10-19T22:57:37.743+0200] {processor.py:829} INFO - Processing file /Users/nick/Desktop/airflow_dic/venv/lib/python3.11/site-packages/airflow/example_dags/example_branch_labels.py for tasks to queue
[2023-10-19T22:57:37.743+0200] {logging_mixin.py:151} INFO - [2023-10-19T22:57:37.743+0200] {dagbag.py:539} INFO - Filling up the DagBag from /Users/nick/Desktop/airflow_dic/venv/lib/python3.11/site-packages/airflow/example_dags/example_branch_labels.py
[2023-10-19T22:57:37.753+0200] {processor.py:839} INFO - DAG(s) dict_keys(['example_branch_labels']) retrieved from /Users/nick/Desktop/airflow_dic/venv/lib/python3.11/site-packages/airflow/example_dags/example_branch_labels.py
[2023-10-19T22:57:37.808+0200] {logging_mixin.py:151} INFO - [2023-10-19T22:57:37.808+0200] {dag.py:2915} INFO - Sync 1 DAGs
[2023-10-19T22:57:37.814+0200] {logging_mixin.py:151} INFO - [2023-10-19T22:57:37.814+0200] {dag.py:3696} INFO - Setting next_dagrun for example_branch_labels to 2023-10-18T00:00:00+00:00, run_after=2023-10-19T00:00:00+00:00
[2023-10-19T22:57:37.820+0200] {processor.py:179} INFO - Processing /Users/nick/Desktop/airflow_dic/venv/lib/python3.11/site-packages/airflow/example_dags/example_branch_labels.py took 0.078 seconds
[2023-10-19T22:58:46.581+0200] {processor.py:157} INFO - Started process (PID=35431) to work on /Users/nick/Desktop/airflow_dic/venv/lib/python3.11/site-packages/airflow/example_dags/example_branch_labels.py
[2023-10-19T22:58:46.583+0200] {processor.py:829} INFO - Processing file /Users/nick/Desktop/airflow_dic/venv/lib/python3.11/site-packages/airflow/example_dags/example_branch_labels.py for tasks to queue
[2023-10-19T22:58:46.583+0200] {logging_mixin.py:151} INFO - [2023-10-19T22:58:46.583+0200] {dagbag.py:539} INFO - Filling up the DagBag from /Users/nick/Desktop/airflow_dic/venv/lib/python3.11/site-packages/airflow/example_dags/example_branch_labels.py
[2023-10-19T22:58:46.592+0200] {processor.py:839} INFO - DAG(s) dict_keys(['example_branch_labels']) retrieved from /Users/nick/Desktop/airflow_dic/venv/lib/python3.11/site-packages/airflow/example_dags/example_branch_labels.py
[2023-10-19T22:58:46.648+0200] {logging_mixin.py:151} INFO - [2023-10-19T22:58:46.648+0200] {dag.py:2915} INFO - Sync 1 DAGs
[2023-10-19T22:58:46.654+0200] {logging_mixin.py:151} INFO - [2023-10-19T22:58:46.654+0200] {dag.py:3696} INFO - Setting next_dagrun for example_branch_labels to 2023-10-18T00:00:00+00:00, run_after=2023-10-19T00:00:00+00:00
[2023-10-19T22:58:46.660+0200] {processor.py:179} INFO - Processing /Users/nick/Desktop/airflow_dic/venv/lib/python3.11/site-packages/airflow/example_dags/example_branch_labels.py took 0.079 seconds
