[2023-10-19T22:17:33.353+0200] {processor.py:157} INFO - Started process (PID=28787) to work on /Users/nick/Desktop/airflow_dic/venv/lib/python3.11/site-packages/airflow/example_dags/example_sensors.py
[2023-10-19T22:17:33.355+0200] {processor.py:829} INFO - Processing file /Users/nick/Desktop/airflow_dic/venv/lib/python3.11/site-packages/airflow/example_dags/example_sensors.py for tasks to queue
[2023-10-19T22:17:33.355+0200] {logging_mixin.py:151} INFO - [2023-10-19T22:17:33.355+0200] {dagbag.py:539} INFO - Filling up the DagBag from /Users/nick/Desktop/airflow_dic/venv/lib/python3.11/site-packages/airflow/example_dags/example_sensors.py
[2023-10-19T22:17:33.366+0200] {processor.py:839} INFO - DAG(s) dict_keys(['example_sensors']) retrieved from /Users/nick/Desktop/airflow_dic/venv/lib/python3.11/site-packages/airflow/example_dags/example_sensors.py
[2023-10-19T22:17:33.654+0200] {logging_mixin.py:151} INFO - [2023-10-19T22:17:33.654+0200] {manager.py:499} INFO - Created Permission View: %s
[2023-10-19T22:17:33.658+0200] {logging_mixin.py:151} INFO - [2023-10-19T22:17:33.658+0200] {manager.py:499} INFO - Created Permission View: %s
[2023-10-19T22:17:33.660+0200] {logging_mixin.py:151} INFO - [2023-10-19T22:17:33.660+0200] {manager.py:499} INFO - Created Permission View: %s
[2023-10-19T22:17:33.660+0200] {logging_mixin.py:151} INFO - [2023-10-19T22:17:33.660+0200] {security.py:708} INFO - Not syncing DAG-level permissions for DAG 'DAG:example_sensors' as access control is unset.
[2023-10-19T22:17:33.660+0200] {logging_mixin.py:151} INFO - [2023-10-19T22:17:33.660+0200] {dag.py:2915} INFO - Sync 1 DAGs
[2023-10-19T22:17:33.663+0200] {logging_mixin.py:151} INFO - [2023-10-19T22:17:33.663+0200] {dag.py:2937} INFO - Creating ORM DAG for example_sensors
[2023-10-19T22:17:33.663+0200] {logging_mixin.py:151} INFO - [2023-10-19T22:17:33.663+0200] {dag.py:3696} INFO - Setting next_dagrun for example_sensors to None, run_after=None
[2023-10-19T22:17:33.669+0200] {processor.py:179} INFO - Processing /Users/nick/Desktop/airflow_dic/venv/lib/python3.11/site-packages/airflow/example_dags/example_sensors.py took 0.316 seconds
[2023-10-19T22:18:30.510+0200] {processor.py:157} INFO - Started process (PID=28896) to work on /Users/nick/Desktop/airflow_dic/venv/lib/python3.11/site-packages/airflow/example_dags/example_sensors.py
[2023-10-19T22:18:30.512+0200] {processor.py:829} INFO - Processing file /Users/nick/Desktop/airflow_dic/venv/lib/python3.11/site-packages/airflow/example_dags/example_sensors.py for tasks to queue
[2023-10-19T22:18:30.512+0200] {logging_mixin.py:151} INFO - [2023-10-19T22:18:30.512+0200] {dagbag.py:539} INFO - Filling up the DagBag from /Users/nick/Desktop/airflow_dic/venv/lib/python3.11/site-packages/airflow/example_dags/example_sensors.py
[2023-10-19T22:18:30.525+0200] {processor.py:839} INFO - DAG(s) dict_keys(['example_sensors']) retrieved from /Users/nick/Desktop/airflow_dic/venv/lib/python3.11/site-packages/airflow/example_dags/example_sensors.py
[2023-10-19T22:18:30.589+0200] {logging_mixin.py:151} INFO - [2023-10-19T22:18:30.589+0200] {dag.py:2915} INFO - Sync 1 DAGs
[2023-10-19T22:18:30.592+0200] {logging_mixin.py:151} INFO - [2023-10-19T22:18:30.592+0200] {dag.py:3696} INFO - Setting next_dagrun for example_sensors to None, run_after=None
[2023-10-19T22:18:30.599+0200] {processor.py:179} INFO - Processing /Users/nick/Desktop/airflow_dic/venv/lib/python3.11/site-packages/airflow/example_dags/example_sensors.py took 0.089 seconds
[2023-10-19T22:19:43.412+0200] {processor.py:157} INFO - Started process (PID=29034) to work on /Users/nick/Desktop/airflow_dic/venv/lib/python3.11/site-packages/airflow/example_dags/example_sensors.py
[2023-10-19T22:19:43.414+0200] {processor.py:829} INFO - Processing file /Users/nick/Desktop/airflow_dic/venv/lib/python3.11/site-packages/airflow/example_dags/example_sensors.py for tasks to queue
[2023-10-19T22:19:43.415+0200] {logging_mixin.py:151} INFO - [2023-10-19T22:19:43.415+0200] {dagbag.py:539} INFO - Filling up the DagBag from /Users/nick/Desktop/airflow_dic/venv/lib/python3.11/site-packages/airflow/example_dags/example_sensors.py
[2023-10-19T22:19:43.427+0200] {processor.py:839} INFO - DAG(s) dict_keys(['example_sensors']) retrieved from /Users/nick/Desktop/airflow_dic/venv/lib/python3.11/site-packages/airflow/example_dags/example_sensors.py
[2023-10-19T22:19:43.488+0200] {logging_mixin.py:151} INFO - [2023-10-19T22:19:43.488+0200] {dag.py:2915} INFO - Sync 1 DAGs
[2023-10-19T22:19:43.491+0200] {logging_mixin.py:151} INFO - [2023-10-19T22:19:43.491+0200] {dag.py:3696} INFO - Setting next_dagrun for example_sensors to None, run_after=None
[2023-10-19T22:19:43.497+0200] {processor.py:179} INFO - Processing /Users/nick/Desktop/airflow_dic/venv/lib/python3.11/site-packages/airflow/example_dags/example_sensors.py took 0.085 seconds
[2023-10-19T22:20:48.160+0200] {processor.py:157} INFO - Started process (PID=29154) to work on /Users/nick/Desktop/airflow_dic/venv/lib/python3.11/site-packages/airflow/example_dags/example_sensors.py
[2023-10-19T22:20:48.161+0200] {processor.py:829} INFO - Processing file /Users/nick/Desktop/airflow_dic/venv/lib/python3.11/site-packages/airflow/example_dags/example_sensors.py for tasks to queue
[2023-10-19T22:20:48.161+0200] {logging_mixin.py:151} INFO - [2023-10-19T22:20:48.161+0200] {dagbag.py:539} INFO - Filling up the DagBag from /Users/nick/Desktop/airflow_dic/venv/lib/python3.11/site-packages/airflow/example_dags/example_sensors.py
[2023-10-19T22:20:48.173+0200] {processor.py:839} INFO - DAG(s) dict_keys(['example_sensors']) retrieved from /Users/nick/Desktop/airflow_dic/venv/lib/python3.11/site-packages/airflow/example_dags/example_sensors.py
[2023-10-19T22:20:48.233+0200] {logging_mixin.py:151} INFO - [2023-10-19T22:20:48.233+0200] {dag.py:2915} INFO - Sync 1 DAGs
[2023-10-19T22:20:48.236+0200] {logging_mixin.py:151} INFO - [2023-10-19T22:20:48.236+0200] {dag.py:3696} INFO - Setting next_dagrun for example_sensors to None, run_after=None
[2023-10-19T22:20:48.242+0200] {processor.py:179} INFO - Processing /Users/nick/Desktop/airflow_dic/venv/lib/python3.11/site-packages/airflow/example_dags/example_sensors.py took 0.083 seconds
[2023-10-19T22:21:57.354+0200] {processor.py:157} INFO - Started process (PID=29296) to work on /Users/nick/Desktop/airflow_dic/venv/lib/python3.11/site-packages/airflow/example_dags/example_sensors.py
[2023-10-19T22:21:57.356+0200] {processor.py:829} INFO - Processing file /Users/nick/Desktop/airflow_dic/venv/lib/python3.11/site-packages/airflow/example_dags/example_sensors.py for tasks to queue
[2023-10-19T22:21:57.356+0200] {logging_mixin.py:151} INFO - [2023-10-19T22:21:57.356+0200] {dagbag.py:539} INFO - Filling up the DagBag from /Users/nick/Desktop/airflow_dic/venv/lib/python3.11/site-packages/airflow/example_dags/example_sensors.py
[2023-10-19T22:21:57.369+0200] {processor.py:839} INFO - DAG(s) dict_keys(['example_sensors']) retrieved from /Users/nick/Desktop/airflow_dic/venv/lib/python3.11/site-packages/airflow/example_dags/example_sensors.py
[2023-10-19T22:21:57.429+0200] {logging_mixin.py:151} INFO - [2023-10-19T22:21:57.429+0200] {dag.py:2915} INFO - Sync 1 DAGs
[2023-10-19T22:21:57.432+0200] {logging_mixin.py:151} INFO - [2023-10-19T22:21:57.432+0200] {dag.py:3696} INFO - Setting next_dagrun for example_sensors to None, run_after=None
[2023-10-19T22:21:57.438+0200] {processor.py:179} INFO - Processing /Users/nick/Desktop/airflow_dic/venv/lib/python3.11/site-packages/airflow/example_dags/example_sensors.py took 0.085 seconds
[2023-10-19T22:22:38.649+0200] {processor.py:157} INFO - Started process (PID=29385) to work on /Users/nick/Desktop/airflow_dic/venv/lib/python3.11/site-packages/airflow/example_dags/example_sensors.py
[2023-10-19T22:22:38.652+0200] {processor.py:829} INFO - Processing file /Users/nick/Desktop/airflow_dic/venv/lib/python3.11/site-packages/airflow/example_dags/example_sensors.py for tasks to queue
[2023-10-19T22:22:38.652+0200] {logging_mixin.py:151} INFO - [2023-10-19T22:22:38.652+0200] {dagbag.py:539} INFO - Filling up the DagBag from /Users/nick/Desktop/airflow_dic/venv/lib/python3.11/site-packages/airflow/example_dags/example_sensors.py
[2023-10-19T22:22:38.664+0200] {processor.py:839} INFO - DAG(s) dict_keys(['example_sensors']) retrieved from /Users/nick/Desktop/airflow_dic/venv/lib/python3.11/site-packages/airflow/example_dags/example_sensors.py
[2023-10-19T22:22:38.724+0200] {logging_mixin.py:151} INFO - [2023-10-19T22:22:38.724+0200] {dag.py:2915} INFO - Sync 1 DAGs
[2023-10-19T22:22:38.727+0200] {logging_mixin.py:151} INFO - [2023-10-19T22:22:38.726+0200] {dag.py:3696} INFO - Setting next_dagrun for example_sensors to None, run_after=None
[2023-10-19T22:22:38.733+0200] {processor.py:179} INFO - Processing /Users/nick/Desktop/airflow_dic/venv/lib/python3.11/site-packages/airflow/example_dags/example_sensors.py took 0.084 seconds
[2023-10-19T22:23:20.298+0200] {processor.py:157} INFO - Started process (PID=29473) to work on /Users/nick/Desktop/airflow_dic/venv/lib/python3.11/site-packages/airflow/example_dags/example_sensors.py
[2023-10-19T22:23:20.299+0200] {processor.py:829} INFO - Processing file /Users/nick/Desktop/airflow_dic/venv/lib/python3.11/site-packages/airflow/example_dags/example_sensors.py for tasks to queue
[2023-10-19T22:23:20.300+0200] {logging_mixin.py:151} INFO - [2023-10-19T22:23:20.300+0200] {dagbag.py:539} INFO - Filling up the DagBag from /Users/nick/Desktop/airflow_dic/venv/lib/python3.11/site-packages/airflow/example_dags/example_sensors.py
[2023-10-19T22:23:20.311+0200] {processor.py:839} INFO - DAG(s) dict_keys(['example_sensors']) retrieved from /Users/nick/Desktop/airflow_dic/venv/lib/python3.11/site-packages/airflow/example_dags/example_sensors.py
[2023-10-19T22:23:20.372+0200] {logging_mixin.py:151} INFO - [2023-10-19T22:23:20.372+0200] {dag.py:2915} INFO - Sync 1 DAGs
[2023-10-19T22:23:20.375+0200] {logging_mixin.py:151} INFO - [2023-10-19T22:23:20.375+0200] {dag.py:3696} INFO - Setting next_dagrun for example_sensors to None, run_after=None
[2023-10-19T22:23:20.381+0200] {processor.py:179} INFO - Processing /Users/nick/Desktop/airflow_dic/venv/lib/python3.11/site-packages/airflow/example_dags/example_sensors.py took 0.083 seconds
[2023-10-19T22:24:23.330+0200] {processor.py:157} INFO - Started process (PID=29591) to work on /Users/nick/Desktop/airflow_dic/venv/lib/python3.11/site-packages/airflow/example_dags/example_sensors.py
[2023-10-19T22:24:23.331+0200] {processor.py:829} INFO - Processing file /Users/nick/Desktop/airflow_dic/venv/lib/python3.11/site-packages/airflow/example_dags/example_sensors.py for tasks to queue
[2023-10-19T22:24:23.332+0200] {logging_mixin.py:151} INFO - [2023-10-19T22:24:23.331+0200] {dagbag.py:539} INFO - Filling up the DagBag from /Users/nick/Desktop/airflow_dic/venv/lib/python3.11/site-packages/airflow/example_dags/example_sensors.py
[2023-10-19T22:24:23.344+0200] {processor.py:839} INFO - DAG(s) dict_keys(['example_sensors']) retrieved from /Users/nick/Desktop/airflow_dic/venv/lib/python3.11/site-packages/airflow/example_dags/example_sensors.py
[2023-10-19T22:24:23.409+0200] {logging_mixin.py:151} INFO - [2023-10-19T22:24:23.409+0200] {dag.py:2915} INFO - Sync 1 DAGs
[2023-10-19T22:24:23.412+0200] {logging_mixin.py:151} INFO - [2023-10-19T22:24:23.412+0200] {dag.py:3696} INFO - Setting next_dagrun for example_sensors to None, run_after=None
[2023-10-19T22:24:23.421+0200] {processor.py:179} INFO - Processing /Users/nick/Desktop/airflow_dic/venv/lib/python3.11/site-packages/airflow/example_dags/example_sensors.py took 0.091 seconds
[2023-10-19T22:25:25.786+0200] {processor.py:157} INFO - Started process (PID=29741) to work on /Users/nick/Desktop/airflow_dic/venv/lib/python3.11/site-packages/airflow/example_dags/example_sensors.py
[2023-10-19T22:25:25.788+0200] {processor.py:829} INFO - Processing file /Users/nick/Desktop/airflow_dic/venv/lib/python3.11/site-packages/airflow/example_dags/example_sensors.py for tasks to queue
[2023-10-19T22:25:25.788+0200] {logging_mixin.py:151} INFO - [2023-10-19T22:25:25.788+0200] {dagbag.py:539} INFO - Filling up the DagBag from /Users/nick/Desktop/airflow_dic/venv/lib/python3.11/site-packages/airflow/example_dags/example_sensors.py
[2023-10-19T22:25:25.802+0200] {processor.py:839} INFO - DAG(s) dict_keys(['example_sensors']) retrieved from /Users/nick/Desktop/airflow_dic/venv/lib/python3.11/site-packages/airflow/example_dags/example_sensors.py
[2023-10-19T22:25:25.868+0200] {logging_mixin.py:151} INFO - [2023-10-19T22:25:25.868+0200] {dag.py:2915} INFO - Sync 1 DAGs
[2023-10-19T22:25:25.871+0200] {logging_mixin.py:151} INFO - [2023-10-19T22:25:25.871+0200] {dag.py:3696} INFO - Setting next_dagrun for example_sensors to None, run_after=None
[2023-10-19T22:25:25.878+0200] {processor.py:179} INFO - Processing /Users/nick/Desktop/airflow_dic/venv/lib/python3.11/site-packages/airflow/example_dags/example_sensors.py took 0.092 seconds
[2023-10-19T22:26:40.937+0200] {processor.py:157} INFO - Started process (PID=31747) to work on /Users/nick/Desktop/airflow_dic/venv/lib/python3.11/site-packages/airflow/example_dags/example_sensors.py
[2023-10-19T22:26:40.939+0200] {processor.py:829} INFO - Processing file /Users/nick/Desktop/airflow_dic/venv/lib/python3.11/site-packages/airflow/example_dags/example_sensors.py for tasks to queue
[2023-10-19T22:26:40.939+0200] {logging_mixin.py:151} INFO - [2023-10-19T22:26:40.939+0200] {dagbag.py:539} INFO - Filling up the DagBag from /Users/nick/Desktop/airflow_dic/venv/lib/python3.11/site-packages/airflow/example_dags/example_sensors.py
[2023-10-19T22:26:40.951+0200] {processor.py:839} INFO - DAG(s) dict_keys(['example_sensors']) retrieved from /Users/nick/Desktop/airflow_dic/venv/lib/python3.11/site-packages/airflow/example_dags/example_sensors.py
[2023-10-19T22:26:41.224+0200] {logging_mixin.py:151} INFO - [2023-10-19T22:26:41.224+0200] {security.py:708} INFO - Not syncing DAG-level permissions for DAG 'DAG:example_sensors' as access control is unset.
[2023-10-19T22:26:41.224+0200] {logging_mixin.py:151} INFO - [2023-10-19T22:26:41.224+0200] {dag.py:2915} INFO - Sync 1 DAGs
[2023-10-19T22:26:41.227+0200] {logging_mixin.py:151} INFO - [2023-10-19T22:26:41.227+0200] {dag.py:2937} INFO - Creating ORM DAG for example_sensors
[2023-10-19T22:26:41.227+0200] {logging_mixin.py:151} INFO - [2023-10-19T22:26:41.227+0200] {dag.py:3696} INFO - Setting next_dagrun for example_sensors to None, run_after=None
[2023-10-19T22:26:41.234+0200] {processor.py:179} INFO - Processing /Users/nick/Desktop/airflow_dic/venv/lib/python3.11/site-packages/airflow/example_dags/example_sensors.py took 0.297 seconds
[2023-10-19T22:27:47.957+0200] {processor.py:157} INFO - Started process (PID=31871) to work on /Users/nick/Desktop/airflow_dic/venv/lib/python3.11/site-packages/airflow/example_dags/example_sensors.py
[2023-10-19T22:27:47.958+0200] {processor.py:829} INFO - Processing file /Users/nick/Desktop/airflow_dic/venv/lib/python3.11/site-packages/airflow/example_dags/example_sensors.py for tasks to queue
[2023-10-19T22:27:47.959+0200] {logging_mixin.py:151} INFO - [2023-10-19T22:27:47.959+0200] {dagbag.py:539} INFO - Filling up the DagBag from /Users/nick/Desktop/airflow_dic/venv/lib/python3.11/site-packages/airflow/example_dags/example_sensors.py
[2023-10-19T22:27:47.971+0200] {processor.py:839} INFO - DAG(s) dict_keys(['example_sensors']) retrieved from /Users/nick/Desktop/airflow_dic/venv/lib/python3.11/site-packages/airflow/example_dags/example_sensors.py
[2023-10-19T22:27:48.271+0200] {logging_mixin.py:151} INFO - [2023-10-19T22:27:48.271+0200] {security.py:708} INFO - Not syncing DAG-level permissions for DAG 'DAG:example_sensors' as access control is unset.
[2023-10-19T22:27:48.271+0200] {logging_mixin.py:151} INFO - [2023-10-19T22:27:48.271+0200] {dag.py:2915} INFO - Sync 1 DAGs
[2023-10-19T22:27:48.274+0200] {logging_mixin.py:151} INFO - [2023-10-19T22:27:48.274+0200] {dag.py:2937} INFO - Creating ORM DAG for example_sensors
[2023-10-19T22:27:48.274+0200] {logging_mixin.py:151} INFO - [2023-10-19T22:27:48.274+0200] {dag.py:3696} INFO - Setting next_dagrun for example_sensors to None, run_after=None
[2023-10-19T22:27:48.281+0200] {processor.py:179} INFO - Processing /Users/nick/Desktop/airflow_dic/venv/lib/python3.11/site-packages/airflow/example_dags/example_sensors.py took 0.324 seconds
[2023-10-19T22:28:59.069+0200] {processor.py:157} INFO - Started process (PID=32023) to work on /Users/nick/Desktop/airflow_dic/venv/lib/python3.11/site-packages/airflow/example_dags/example_sensors.py
[2023-10-19T22:28:59.071+0200] {processor.py:829} INFO - Processing file /Users/nick/Desktop/airflow_dic/venv/lib/python3.11/site-packages/airflow/example_dags/example_sensors.py for tasks to queue
[2023-10-19T22:28:59.071+0200] {logging_mixin.py:151} INFO - [2023-10-19T22:28:59.071+0200] {dagbag.py:539} INFO - Filling up the DagBag from /Users/nick/Desktop/airflow_dic/venv/lib/python3.11/site-packages/airflow/example_dags/example_sensors.py
[2023-10-19T22:28:59.086+0200] {processor.py:839} INFO - DAG(s) dict_keys(['example_sensors']) retrieved from /Users/nick/Desktop/airflow_dic/venv/lib/python3.11/site-packages/airflow/example_dags/example_sensors.py
[2023-10-19T22:28:59.155+0200] {logging_mixin.py:151} INFO - [2023-10-19T22:28:59.155+0200] {dag.py:2915} INFO - Sync 1 DAGs
[2023-10-19T22:28:59.158+0200] {logging_mixin.py:151} INFO - [2023-10-19T22:28:59.158+0200] {dag.py:3696} INFO - Setting next_dagrun for example_sensors to None, run_after=None
[2023-10-19T22:28:59.165+0200] {processor.py:179} INFO - Processing /Users/nick/Desktop/airflow_dic/venv/lib/python3.11/site-packages/airflow/example_dags/example_sensors.py took 0.096 seconds
[2023-10-19T22:30:03.982+0200] {processor.py:157} INFO - Started process (PID=32146) to work on /Users/nick/Desktop/airflow_dic/venv/lib/python3.11/site-packages/airflow/example_dags/example_sensors.py
[2023-10-19T22:30:03.983+0200] {processor.py:829} INFO - Processing file /Users/nick/Desktop/airflow_dic/venv/lib/python3.11/site-packages/airflow/example_dags/example_sensors.py for tasks to queue
[2023-10-19T22:30:03.984+0200] {logging_mixin.py:151} INFO - [2023-10-19T22:30:03.984+0200] {dagbag.py:539} INFO - Filling up the DagBag from /Users/nick/Desktop/airflow_dic/venv/lib/python3.11/site-packages/airflow/example_dags/example_sensors.py
[2023-10-19T22:30:03.995+0200] {processor.py:839} INFO - DAG(s) dict_keys(['example_sensors']) retrieved from /Users/nick/Desktop/airflow_dic/venv/lib/python3.11/site-packages/airflow/example_dags/example_sensors.py
[2023-10-19T22:30:04.055+0200] {logging_mixin.py:151} INFO - [2023-10-19T22:30:04.055+0200] {dag.py:2915} INFO - Sync 1 DAGs
[2023-10-19T22:30:04.058+0200] {logging_mixin.py:151} INFO - [2023-10-19T22:30:04.058+0200] {dag.py:3696} INFO - Setting next_dagrun for example_sensors to None, run_after=None
[2023-10-19T22:30:04.064+0200] {processor.py:179} INFO - Processing /Users/nick/Desktop/airflow_dic/venv/lib/python3.11/site-packages/airflow/example_dags/example_sensors.py took 0.083 seconds
[2023-10-19T22:31:25.525+0200] {processor.py:157} INFO - Started process (PID=32312) to work on /Users/nick/Desktop/airflow_dic/venv/lib/python3.11/site-packages/airflow/example_dags/example_sensors.py
[2023-10-19T22:31:25.526+0200] {processor.py:829} INFO - Processing file /Users/nick/Desktop/airflow_dic/venv/lib/python3.11/site-packages/airflow/example_dags/example_sensors.py for tasks to queue
[2023-10-19T22:31:25.526+0200] {logging_mixin.py:151} INFO - [2023-10-19T22:31:25.526+0200] {dagbag.py:539} INFO - Filling up the DagBag from /Users/nick/Desktop/airflow_dic/venv/lib/python3.11/site-packages/airflow/example_dags/example_sensors.py
[2023-10-19T22:31:25.538+0200] {processor.py:839} INFO - DAG(s) dict_keys(['example_sensors']) retrieved from /Users/nick/Desktop/airflow_dic/venv/lib/python3.11/site-packages/airflow/example_dags/example_sensors.py
[2023-10-19T22:31:25.600+0200] {logging_mixin.py:151} INFO - [2023-10-19T22:31:25.600+0200] {dag.py:2915} INFO - Sync 1 DAGs
[2023-10-19T22:31:25.603+0200] {logging_mixin.py:151} INFO - [2023-10-19T22:31:25.603+0200] {dag.py:3696} INFO - Setting next_dagrun for example_sensors to None, run_after=None
[2023-10-19T22:31:25.610+0200] {processor.py:179} INFO - Processing /Users/nick/Desktop/airflow_dic/venv/lib/python3.11/site-packages/airflow/example_dags/example_sensors.py took 0.085 seconds
[2023-10-19T22:32:29.995+0200] {processor.py:157} INFO - Started process (PID=32426) to work on /Users/nick/Desktop/airflow_dic/venv/lib/python3.11/site-packages/airflow/example_dags/example_sensors.py
[2023-10-19T22:32:29.997+0200] {processor.py:829} INFO - Processing file /Users/nick/Desktop/airflow_dic/venv/lib/python3.11/site-packages/airflow/example_dags/example_sensors.py for tasks to queue
[2023-10-19T22:32:29.997+0200] {logging_mixin.py:151} INFO - [2023-10-19T22:32:29.997+0200] {dagbag.py:539} INFO - Filling up the DagBag from /Users/nick/Desktop/airflow_dic/venv/lib/python3.11/site-packages/airflow/example_dags/example_sensors.py
[2023-10-19T22:32:30.010+0200] {processor.py:839} INFO - DAG(s) dict_keys(['example_sensors']) retrieved from /Users/nick/Desktop/airflow_dic/venv/lib/python3.11/site-packages/airflow/example_dags/example_sensors.py
[2023-10-19T22:32:30.075+0200] {logging_mixin.py:151} INFO - [2023-10-19T22:32:30.075+0200] {dag.py:2915} INFO - Sync 1 DAGs
[2023-10-19T22:32:30.078+0200] {logging_mixin.py:151} INFO - [2023-10-19T22:32:30.078+0200] {dag.py:3696} INFO - Setting next_dagrun for example_sensors to None, run_after=None
[2023-10-19T22:32:30.085+0200] {processor.py:179} INFO - Processing /Users/nick/Desktop/airflow_dic/venv/lib/python3.11/site-packages/airflow/example_dags/example_sensors.py took 0.090 seconds
[2023-10-19T22:33:37.604+0200] {processor.py:157} INFO - Started process (PID=32555) to work on /Users/nick/Desktop/airflow_dic/venv/lib/python3.11/site-packages/airflow/example_dags/example_sensors.py
[2023-10-19T22:33:37.606+0200] {processor.py:829} INFO - Processing file /Users/nick/Desktop/airflow_dic/venv/lib/python3.11/site-packages/airflow/example_dags/example_sensors.py for tasks to queue
[2023-10-19T22:33:37.606+0200] {logging_mixin.py:151} INFO - [2023-10-19T22:33:37.606+0200] {dagbag.py:539} INFO - Filling up the DagBag from /Users/nick/Desktop/airflow_dic/venv/lib/python3.11/site-packages/airflow/example_dags/example_sensors.py
[2023-10-19T22:33:37.621+0200] {processor.py:839} INFO - DAG(s) dict_keys(['example_sensors']) retrieved from /Users/nick/Desktop/airflow_dic/venv/lib/python3.11/site-packages/airflow/example_dags/example_sensors.py
[2023-10-19T22:33:37.690+0200] {logging_mixin.py:151} INFO - [2023-10-19T22:33:37.690+0200] {dag.py:2915} INFO - Sync 1 DAGs
[2023-10-19T22:33:37.693+0200] {logging_mixin.py:151} INFO - [2023-10-19T22:33:37.693+0200] {dag.py:3696} INFO - Setting next_dagrun for example_sensors to None, run_after=None
[2023-10-19T22:33:37.701+0200] {processor.py:179} INFO - Processing /Users/nick/Desktop/airflow_dic/venv/lib/python3.11/site-packages/airflow/example_dags/example_sensors.py took 0.097 seconds
[2023-10-19T22:34:48.316+0200] {processor.py:157} INFO - Started process (PID=32713) to work on /Users/nick/Desktop/airflow_dic/venv/lib/python3.11/site-packages/airflow/example_dags/example_sensors.py
[2023-10-19T22:34:48.318+0200] {processor.py:829} INFO - Processing file /Users/nick/Desktop/airflow_dic/venv/lib/python3.11/site-packages/airflow/example_dags/example_sensors.py for tasks to queue
[2023-10-19T22:34:48.319+0200] {logging_mixin.py:151} INFO - [2023-10-19T22:34:48.319+0200] {dagbag.py:539} INFO - Filling up the DagBag from /Users/nick/Desktop/airflow_dic/venv/lib/python3.11/site-packages/airflow/example_dags/example_sensors.py
[2023-10-19T22:34:48.331+0200] {processor.py:839} INFO - DAG(s) dict_keys(['example_sensors']) retrieved from /Users/nick/Desktop/airflow_dic/venv/lib/python3.11/site-packages/airflow/example_dags/example_sensors.py
[2023-10-19T22:34:48.392+0200] {logging_mixin.py:151} INFO - [2023-10-19T22:34:48.392+0200] {dag.py:2915} INFO - Sync 1 DAGs
[2023-10-19T22:34:48.395+0200] {logging_mixin.py:151} INFO - [2023-10-19T22:34:48.395+0200] {dag.py:3696} INFO - Setting next_dagrun for example_sensors to None, run_after=None
[2023-10-19T22:34:48.401+0200] {processor.py:179} INFO - Processing /Users/nick/Desktop/airflow_dic/venv/lib/python3.11/site-packages/airflow/example_dags/example_sensors.py took 0.085 seconds
[2023-10-19T22:35:55.460+0200] {processor.py:157} INFO - Started process (PID=32862) to work on /Users/nick/Desktop/airflow_dic/venv/lib/python3.11/site-packages/airflow/example_dags/example_sensors.py
[2023-10-19T22:35:55.462+0200] {processor.py:829} INFO - Processing file /Users/nick/Desktop/airflow_dic/venv/lib/python3.11/site-packages/airflow/example_dags/example_sensors.py for tasks to queue
[2023-10-19T22:35:55.462+0200] {logging_mixin.py:151} INFO - [2023-10-19T22:35:55.462+0200] {dagbag.py:539} INFO - Filling up the DagBag from /Users/nick/Desktop/airflow_dic/venv/lib/python3.11/site-packages/airflow/example_dags/example_sensors.py
[2023-10-19T22:35:55.475+0200] {processor.py:839} INFO - DAG(s) dict_keys(['example_sensors']) retrieved from /Users/nick/Desktop/airflow_dic/venv/lib/python3.11/site-packages/airflow/example_dags/example_sensors.py
[2023-10-19T22:35:55.535+0200] {logging_mixin.py:151} INFO - [2023-10-19T22:35:55.535+0200] {dag.py:2915} INFO - Sync 1 DAGs
[2023-10-19T22:35:55.538+0200] {logging_mixin.py:151} INFO - [2023-10-19T22:35:55.538+0200] {dag.py:3696} INFO - Setting next_dagrun for example_sensors to None, run_after=None
[2023-10-19T22:35:55.544+0200] {processor.py:179} INFO - Processing /Users/nick/Desktop/airflow_dic/venv/lib/python3.11/site-packages/airflow/example_dags/example_sensors.py took 0.084 seconds
[2023-10-19T22:37:04.095+0200] {processor.py:157} INFO - Started process (PID=32993) to work on /Users/nick/Desktop/airflow_dic/venv/lib/python3.11/site-packages/airflow/example_dags/example_sensors.py
[2023-10-19T22:37:04.096+0200] {processor.py:829} INFO - Processing file /Users/nick/Desktop/airflow_dic/venv/lib/python3.11/site-packages/airflow/example_dags/example_sensors.py for tasks to queue
[2023-10-19T22:37:04.096+0200] {logging_mixin.py:151} INFO - [2023-10-19T22:37:04.096+0200] {dagbag.py:539} INFO - Filling up the DagBag from /Users/nick/Desktop/airflow_dic/venv/lib/python3.11/site-packages/airflow/example_dags/example_sensors.py
[2023-10-19T22:37:04.108+0200] {processor.py:839} INFO - DAG(s) dict_keys(['example_sensors']) retrieved from /Users/nick/Desktop/airflow_dic/venv/lib/python3.11/site-packages/airflow/example_dags/example_sensors.py
[2023-10-19T22:37:04.168+0200] {logging_mixin.py:151} INFO - [2023-10-19T22:37:04.167+0200] {dag.py:2915} INFO - Sync 1 DAGs
[2023-10-19T22:37:04.170+0200] {logging_mixin.py:151} INFO - [2023-10-19T22:37:04.170+0200] {dag.py:3696} INFO - Setting next_dagrun for example_sensors to None, run_after=None
[2023-10-19T22:37:04.177+0200] {processor.py:179} INFO - Processing /Users/nick/Desktop/airflow_dic/venv/lib/python3.11/site-packages/airflow/example_dags/example_sensors.py took 0.082 seconds
[2023-10-19T22:38:11.623+0200] {processor.py:157} INFO - Started process (PID=33117) to work on /Users/nick/Desktop/airflow_dic/venv/lib/python3.11/site-packages/airflow/example_dags/example_sensors.py
[2023-10-19T22:38:11.624+0200] {processor.py:829} INFO - Processing file /Users/nick/Desktop/airflow_dic/venv/lib/python3.11/site-packages/airflow/example_dags/example_sensors.py for tasks to queue
[2023-10-19T22:38:11.624+0200] {logging_mixin.py:151} INFO - [2023-10-19T22:38:11.624+0200] {dagbag.py:539} INFO - Filling up the DagBag from /Users/nick/Desktop/airflow_dic/venv/lib/python3.11/site-packages/airflow/example_dags/example_sensors.py
[2023-10-19T22:38:11.636+0200] {processor.py:839} INFO - DAG(s) dict_keys(['example_sensors']) retrieved from /Users/nick/Desktop/airflow_dic/venv/lib/python3.11/site-packages/airflow/example_dags/example_sensors.py
[2023-10-19T22:38:11.696+0200] {logging_mixin.py:151} INFO - [2023-10-19T22:38:11.696+0200] {dag.py:2915} INFO - Sync 1 DAGs
[2023-10-19T22:38:11.699+0200] {logging_mixin.py:151} INFO - [2023-10-19T22:38:11.699+0200] {dag.py:3696} INFO - Setting next_dagrun for example_sensors to None, run_after=None
[2023-10-19T22:38:11.705+0200] {processor.py:179} INFO - Processing /Users/nick/Desktop/airflow_dic/venv/lib/python3.11/site-packages/airflow/example_dags/example_sensors.py took 0.082 seconds
[2023-10-19T22:39:19.556+0200] {processor.py:157} INFO - Started process (PID=33246) to work on /Users/nick/Desktop/airflow_dic/venv/lib/python3.11/site-packages/airflow/example_dags/example_sensors.py
[2023-10-19T22:39:19.557+0200] {processor.py:829} INFO - Processing file /Users/nick/Desktop/airflow_dic/venv/lib/python3.11/site-packages/airflow/example_dags/example_sensors.py for tasks to queue
[2023-10-19T22:39:19.557+0200] {logging_mixin.py:151} INFO - [2023-10-19T22:39:19.557+0200] {dagbag.py:539} INFO - Filling up the DagBag from /Users/nick/Desktop/airflow_dic/venv/lib/python3.11/site-packages/airflow/example_dags/example_sensors.py
[2023-10-19T22:39:19.569+0200] {processor.py:839} INFO - DAG(s) dict_keys(['example_sensors']) retrieved from /Users/nick/Desktop/airflow_dic/venv/lib/python3.11/site-packages/airflow/example_dags/example_sensors.py
[2023-10-19T22:39:19.632+0200] {logging_mixin.py:151} INFO - [2023-10-19T22:39:19.632+0200] {dag.py:2915} INFO - Sync 1 DAGs
[2023-10-19T22:39:19.635+0200] {logging_mixin.py:151} INFO - [2023-10-19T22:39:19.635+0200] {dag.py:3696} INFO - Setting next_dagrun for example_sensors to None, run_after=None
[2023-10-19T22:39:19.642+0200] {processor.py:179} INFO - Processing /Users/nick/Desktop/airflow_dic/venv/lib/python3.11/site-packages/airflow/example_dags/example_sensors.py took 0.086 seconds
[2023-10-19T22:40:26.138+0200] {processor.py:157} INFO - Started process (PID=33372) to work on /Users/nick/Desktop/airflow_dic/venv/lib/python3.11/site-packages/airflow/example_dags/example_sensors.py
[2023-10-19T22:40:26.139+0200] {processor.py:829} INFO - Processing file /Users/nick/Desktop/airflow_dic/venv/lib/python3.11/site-packages/airflow/example_dags/example_sensors.py for tasks to queue
[2023-10-19T22:40:26.139+0200] {logging_mixin.py:151} INFO - [2023-10-19T22:40:26.139+0200] {dagbag.py:539} INFO - Filling up the DagBag from /Users/nick/Desktop/airflow_dic/venv/lib/python3.11/site-packages/airflow/example_dags/example_sensors.py
[2023-10-19T22:40:26.151+0200] {processor.py:839} INFO - DAG(s) dict_keys(['example_sensors']) retrieved from /Users/nick/Desktop/airflow_dic/venv/lib/python3.11/site-packages/airflow/example_dags/example_sensors.py
[2023-10-19T22:40:26.211+0200] {logging_mixin.py:151} INFO - [2023-10-19T22:40:26.211+0200] {dag.py:2915} INFO - Sync 1 DAGs
[2023-10-19T22:40:26.214+0200] {logging_mixin.py:151} INFO - [2023-10-19T22:40:26.214+0200] {dag.py:3696} INFO - Setting next_dagrun for example_sensors to None, run_after=None
[2023-10-19T22:40:26.221+0200] {processor.py:179} INFO - Processing /Users/nick/Desktop/airflow_dic/venv/lib/python3.11/site-packages/airflow/example_dags/example_sensors.py took 0.083 seconds
[2023-10-19T22:41:36.612+0200] {processor.py:157} INFO - Started process (PID=33501) to work on /Users/nick/Desktop/airflow_dic/venv/lib/python3.11/site-packages/airflow/example_dags/example_sensors.py
[2023-10-19T22:41:36.614+0200] {processor.py:829} INFO - Processing file /Users/nick/Desktop/airflow_dic/venv/lib/python3.11/site-packages/airflow/example_dags/example_sensors.py for tasks to queue
[2023-10-19T22:41:36.614+0200] {logging_mixin.py:151} INFO - [2023-10-19T22:41:36.614+0200] {dagbag.py:539} INFO - Filling up the DagBag from /Users/nick/Desktop/airflow_dic/venv/lib/python3.11/site-packages/airflow/example_dags/example_sensors.py
[2023-10-19T22:41:36.626+0200] {processor.py:839} INFO - DAG(s) dict_keys(['example_sensors']) retrieved from /Users/nick/Desktop/airflow_dic/venv/lib/python3.11/site-packages/airflow/example_dags/example_sensors.py
[2023-10-19T22:41:36.686+0200] {logging_mixin.py:151} INFO - [2023-10-19T22:41:36.686+0200] {dag.py:2915} INFO - Sync 1 DAGs
[2023-10-19T22:41:36.689+0200] {logging_mixin.py:151} INFO - [2023-10-19T22:41:36.689+0200] {dag.py:3696} INFO - Setting next_dagrun for example_sensors to None, run_after=None
[2023-10-19T22:41:36.696+0200] {processor.py:179} INFO - Processing /Users/nick/Desktop/airflow_dic/venv/lib/python3.11/site-packages/airflow/example_dags/example_sensors.py took 0.083 seconds
[2023-10-19T22:42:47.181+0200] {processor.py:157} INFO - Started process (PID=33633) to work on /Users/nick/Desktop/airflow_dic/venv/lib/python3.11/site-packages/airflow/example_dags/example_sensors.py
[2023-10-19T22:42:47.182+0200] {processor.py:829} INFO - Processing file /Users/nick/Desktop/airflow_dic/venv/lib/python3.11/site-packages/airflow/example_dags/example_sensors.py for tasks to queue
[2023-10-19T22:42:47.183+0200] {logging_mixin.py:151} INFO - [2023-10-19T22:42:47.182+0200] {dagbag.py:539} INFO - Filling up the DagBag from /Users/nick/Desktop/airflow_dic/venv/lib/python3.11/site-packages/airflow/example_dags/example_sensors.py
[2023-10-19T22:42:47.195+0200] {processor.py:839} INFO - DAG(s) dict_keys(['example_sensors']) retrieved from /Users/nick/Desktop/airflow_dic/venv/lib/python3.11/site-packages/airflow/example_dags/example_sensors.py
[2023-10-19T22:42:47.264+0200] {logging_mixin.py:151} INFO - [2023-10-19T22:42:47.264+0200] {dag.py:2915} INFO - Sync 1 DAGs
[2023-10-19T22:42:47.267+0200] {logging_mixin.py:151} INFO - [2023-10-19T22:42:47.267+0200] {dag.py:3696} INFO - Setting next_dagrun for example_sensors to None, run_after=None
[2023-10-19T22:42:47.274+0200] {processor.py:179} INFO - Processing /Users/nick/Desktop/airflow_dic/venv/lib/python3.11/site-packages/airflow/example_dags/example_sensors.py took 0.093 seconds
[2023-10-19T22:43:56.019+0200] {processor.py:157} INFO - Started process (PID=33759) to work on /Users/nick/Desktop/airflow_dic/venv/lib/python3.11/site-packages/airflow/example_dags/example_sensors.py
[2023-10-19T22:43:56.020+0200] {processor.py:829} INFO - Processing file /Users/nick/Desktop/airflow_dic/venv/lib/python3.11/site-packages/airflow/example_dags/example_sensors.py for tasks to queue
[2023-10-19T22:43:56.020+0200] {logging_mixin.py:151} INFO - [2023-10-19T22:43:56.020+0200] {dagbag.py:539} INFO - Filling up the DagBag from /Users/nick/Desktop/airflow_dic/venv/lib/python3.11/site-packages/airflow/example_dags/example_sensors.py
[2023-10-19T22:43:56.032+0200] {processor.py:839} INFO - DAG(s) dict_keys(['example_sensors']) retrieved from /Users/nick/Desktop/airflow_dic/venv/lib/python3.11/site-packages/airflow/example_dags/example_sensors.py
[2023-10-19T22:43:56.098+0200] {logging_mixin.py:151} INFO - [2023-10-19T22:43:56.098+0200] {dag.py:2915} INFO - Sync 1 DAGs
[2023-10-19T22:43:56.101+0200] {logging_mixin.py:151} INFO - [2023-10-19T22:43:56.101+0200] {dag.py:3696} INFO - Setting next_dagrun for example_sensors to None, run_after=None
[2023-10-19T22:43:56.108+0200] {processor.py:179} INFO - Processing /Users/nick/Desktop/airflow_dic/venv/lib/python3.11/site-packages/airflow/example_dags/example_sensors.py took 0.089 seconds
[2023-10-19T22:45:06.714+0200] {processor.py:157} INFO - Started process (PID=33897) to work on /Users/nick/Desktop/airflow_dic/venv/lib/python3.11/site-packages/airflow/example_dags/example_sensors.py
[2023-10-19T22:45:06.715+0200] {processor.py:829} INFO - Processing file /Users/nick/Desktop/airflow_dic/venv/lib/python3.11/site-packages/airflow/example_dags/example_sensors.py for tasks to queue
[2023-10-19T22:45:06.716+0200] {logging_mixin.py:151} INFO - [2023-10-19T22:45:06.716+0200] {dagbag.py:539} INFO - Filling up the DagBag from /Users/nick/Desktop/airflow_dic/venv/lib/python3.11/site-packages/airflow/example_dags/example_sensors.py
[2023-10-19T22:45:06.728+0200] {processor.py:839} INFO - DAG(s) dict_keys(['example_sensors']) retrieved from /Users/nick/Desktop/airflow_dic/venv/lib/python3.11/site-packages/airflow/example_dags/example_sensors.py
[2023-10-19T22:45:06.789+0200] {logging_mixin.py:151} INFO - [2023-10-19T22:45:06.789+0200] {dag.py:2915} INFO - Sync 1 DAGs
[2023-10-19T22:45:06.792+0200] {logging_mixin.py:151} INFO - [2023-10-19T22:45:06.792+0200] {dag.py:3696} INFO - Setting next_dagrun for example_sensors to None, run_after=None
[2023-10-19T22:45:06.798+0200] {processor.py:179} INFO - Processing /Users/nick/Desktop/airflow_dic/venv/lib/python3.11/site-packages/airflow/example_dags/example_sensors.py took 0.084 seconds
[2023-10-19T22:45:49.437+0200] {processor.py:157} INFO - Started process (PID=33995) to work on /Users/nick/Desktop/airflow_dic/venv/lib/python3.11/site-packages/airflow/example_dags/example_sensors.py
[2023-10-19T22:45:49.438+0200] {processor.py:829} INFO - Processing file /Users/nick/Desktop/airflow_dic/venv/lib/python3.11/site-packages/airflow/example_dags/example_sensors.py for tasks to queue
[2023-10-19T22:45:49.438+0200] {logging_mixin.py:151} INFO - [2023-10-19T22:45:49.438+0200] {dagbag.py:539} INFO - Filling up the DagBag from /Users/nick/Desktop/airflow_dic/venv/lib/python3.11/site-packages/airflow/example_dags/example_sensors.py
[2023-10-19T22:45:49.450+0200] {processor.py:839} INFO - DAG(s) dict_keys(['example_sensors']) retrieved from /Users/nick/Desktop/airflow_dic/venv/lib/python3.11/site-packages/airflow/example_dags/example_sensors.py
[2023-10-19T22:45:49.510+0200] {logging_mixin.py:151} INFO - [2023-10-19T22:45:49.510+0200] {dag.py:2915} INFO - Sync 1 DAGs
[2023-10-19T22:45:49.513+0200] {logging_mixin.py:151} INFO - [2023-10-19T22:45:49.513+0200] {dag.py:3696} INFO - Setting next_dagrun for example_sensors to None, run_after=None
[2023-10-19T22:45:49.519+0200] {processor.py:179} INFO - Processing /Users/nick/Desktop/airflow_dic/venv/lib/python3.11/site-packages/airflow/example_dags/example_sensors.py took 0.083 seconds
[2023-10-19T22:46:54.600+0200] {processor.py:157} INFO - Started process (PID=34120) to work on /Users/nick/Desktop/airflow_dic/venv/lib/python3.11/site-packages/airflow/example_dags/example_sensors.py
[2023-10-19T22:46:54.601+0200] {processor.py:829} INFO - Processing file /Users/nick/Desktop/airflow_dic/venv/lib/python3.11/site-packages/airflow/example_dags/example_sensors.py for tasks to queue
[2023-10-19T22:46:54.601+0200] {logging_mixin.py:151} INFO - [2023-10-19T22:46:54.601+0200] {dagbag.py:539} INFO - Filling up the DagBag from /Users/nick/Desktop/airflow_dic/venv/lib/python3.11/site-packages/airflow/example_dags/example_sensors.py
[2023-10-19T22:46:54.615+0200] {processor.py:839} INFO - DAG(s) dict_keys(['example_sensors']) retrieved from /Users/nick/Desktop/airflow_dic/venv/lib/python3.11/site-packages/airflow/example_dags/example_sensors.py
[2023-10-19T22:46:54.675+0200] {logging_mixin.py:151} INFO - [2023-10-19T22:46:54.675+0200] {dag.py:2915} INFO - Sync 1 DAGs
[2023-10-19T22:46:54.678+0200] {logging_mixin.py:151} INFO - [2023-10-19T22:46:54.678+0200] {dag.py:3696} INFO - Setting next_dagrun for example_sensors to None, run_after=None
[2023-10-19T22:46:54.684+0200] {processor.py:179} INFO - Processing /Users/nick/Desktop/airflow_dic/venv/lib/python3.11/site-packages/airflow/example_dags/example_sensors.py took 0.085 seconds
[2023-10-19T22:48:02.073+0200] {processor.py:157} INFO - Started process (PID=34247) to work on /Users/nick/Desktop/airflow_dic/venv/lib/python3.11/site-packages/airflow/example_dags/example_sensors.py
[2023-10-19T22:48:02.075+0200] {processor.py:829} INFO - Processing file /Users/nick/Desktop/airflow_dic/venv/lib/python3.11/site-packages/airflow/example_dags/example_sensors.py for tasks to queue
[2023-10-19T22:48:02.075+0200] {logging_mixin.py:151} INFO - [2023-10-19T22:48:02.075+0200] {dagbag.py:539} INFO - Filling up the DagBag from /Users/nick/Desktop/airflow_dic/venv/lib/python3.11/site-packages/airflow/example_dags/example_sensors.py
[2023-10-19T22:48:02.087+0200] {processor.py:839} INFO - DAG(s) dict_keys(['example_sensors']) retrieved from /Users/nick/Desktop/airflow_dic/venv/lib/python3.11/site-packages/airflow/example_dags/example_sensors.py
[2023-10-19T22:48:02.148+0200] {logging_mixin.py:151} INFO - [2023-10-19T22:48:02.148+0200] {dag.py:2915} INFO - Sync 1 DAGs
[2023-10-19T22:48:02.151+0200] {logging_mixin.py:151} INFO - [2023-10-19T22:48:02.151+0200] {dag.py:3696} INFO - Setting next_dagrun for example_sensors to None, run_after=None
[2023-10-19T22:48:02.158+0200] {processor.py:179} INFO - Processing /Users/nick/Desktop/airflow_dic/venv/lib/python3.11/site-packages/airflow/example_dags/example_sensors.py took 0.084 seconds
[2023-10-19T22:49:11.123+0200] {processor.py:157} INFO - Started process (PID=34386) to work on /Users/nick/Desktop/airflow_dic/venv/lib/python3.11/site-packages/airflow/example_dags/example_sensors.py
[2023-10-19T22:49:11.125+0200] {processor.py:829} INFO - Processing file /Users/nick/Desktop/airflow_dic/venv/lib/python3.11/site-packages/airflow/example_dags/example_sensors.py for tasks to queue
[2023-10-19T22:49:11.125+0200] {logging_mixin.py:151} INFO - [2023-10-19T22:49:11.125+0200] {dagbag.py:539} INFO - Filling up the DagBag from /Users/nick/Desktop/airflow_dic/venv/lib/python3.11/site-packages/airflow/example_dags/example_sensors.py
[2023-10-19T22:49:11.136+0200] {processor.py:839} INFO - DAG(s) dict_keys(['example_sensors']) retrieved from /Users/nick/Desktop/airflow_dic/venv/lib/python3.11/site-packages/airflow/example_dags/example_sensors.py
[2023-10-19T22:49:11.196+0200] {logging_mixin.py:151} INFO - [2023-10-19T22:49:11.196+0200] {dag.py:2915} INFO - Sync 1 DAGs
[2023-10-19T22:49:11.199+0200] {logging_mixin.py:151} INFO - [2023-10-19T22:49:11.199+0200] {dag.py:3696} INFO - Setting next_dagrun for example_sensors to None, run_after=None
[2023-10-19T22:49:11.206+0200] {processor.py:179} INFO - Processing /Users/nick/Desktop/airflow_dic/venv/lib/python3.11/site-packages/airflow/example_dags/example_sensors.py took 0.083 seconds
[2023-10-19T22:50:19.538+0200] {processor.py:157} INFO - Started process (PID=34513) to work on /Users/nick/Desktop/airflow_dic/venv/lib/python3.11/site-packages/airflow/example_dags/example_sensors.py
[2023-10-19T22:50:19.539+0200] {processor.py:829} INFO - Processing file /Users/nick/Desktop/airflow_dic/venv/lib/python3.11/site-packages/airflow/example_dags/example_sensors.py for tasks to queue
[2023-10-19T22:50:19.539+0200] {logging_mixin.py:151} INFO - [2023-10-19T22:50:19.539+0200] {dagbag.py:539} INFO - Filling up the DagBag from /Users/nick/Desktop/airflow_dic/venv/lib/python3.11/site-packages/airflow/example_dags/example_sensors.py
[2023-10-19T22:50:19.551+0200] {processor.py:839} INFO - DAG(s) dict_keys(['example_sensors']) retrieved from /Users/nick/Desktop/airflow_dic/venv/lib/python3.11/site-packages/airflow/example_dags/example_sensors.py
[2023-10-19T22:50:19.611+0200] {logging_mixin.py:151} INFO - [2023-10-19T22:50:19.611+0200] {dag.py:2915} INFO - Sync 1 DAGs
[2023-10-19T22:50:19.614+0200] {logging_mixin.py:151} INFO - [2023-10-19T22:50:19.614+0200] {dag.py:3696} INFO - Setting next_dagrun for example_sensors to None, run_after=None
[2023-10-19T22:50:19.620+0200] {processor.py:179} INFO - Processing /Users/nick/Desktop/airflow_dic/venv/lib/python3.11/site-packages/airflow/example_dags/example_sensors.py took 0.082 seconds
[2023-10-19T22:53:47.910+0200] {processor.py:157} INFO - Started process (PID=34835) to work on /Users/nick/Desktop/airflow_dic/venv/lib/python3.11/site-packages/airflow/example_dags/example_sensors.py
[2023-10-19T22:53:47.911+0200] {processor.py:829} INFO - Processing file /Users/nick/Desktop/airflow_dic/venv/lib/python3.11/site-packages/airflow/example_dags/example_sensors.py for tasks to queue
[2023-10-19T22:53:47.912+0200] {logging_mixin.py:151} INFO - [2023-10-19T22:53:47.912+0200] {dagbag.py:539} INFO - Filling up the DagBag from /Users/nick/Desktop/airflow_dic/venv/lib/python3.11/site-packages/airflow/example_dags/example_sensors.py
[2023-10-19T22:53:47.923+0200] {processor.py:839} INFO - DAG(s) dict_keys(['example_sensors']) retrieved from /Users/nick/Desktop/airflow_dic/venv/lib/python3.11/site-packages/airflow/example_dags/example_sensors.py
[2023-10-19T22:53:47.985+0200] {logging_mixin.py:151} INFO - [2023-10-19T22:53:47.985+0200] {dag.py:2915} INFO - Sync 1 DAGs
[2023-10-19T22:53:47.988+0200] {logging_mixin.py:151} INFO - [2023-10-19T22:53:47.988+0200] {dag.py:3696} INFO - Setting next_dagrun for example_sensors to None, run_after=None
[2023-10-19T22:53:47.994+0200] {processor.py:179} INFO - Processing /Users/nick/Desktop/airflow_dic/venv/lib/python3.11/site-packages/airflow/example_dags/example_sensors.py took 0.084 seconds
[2023-10-19T22:54:50.887+0200] {processor.py:157} INFO - Started process (PID=34963) to work on /Users/nick/Desktop/airflow_dic/venv/lib/python3.11/site-packages/airflow/example_dags/example_sensors.py
[2023-10-19T22:54:50.890+0200] {processor.py:829} INFO - Processing file /Users/nick/Desktop/airflow_dic/venv/lib/python3.11/site-packages/airflow/example_dags/example_sensors.py for tasks to queue
[2023-10-19T22:54:50.890+0200] {logging_mixin.py:151} INFO - [2023-10-19T22:54:50.890+0200] {dagbag.py:539} INFO - Filling up the DagBag from /Users/nick/Desktop/airflow_dic/venv/lib/python3.11/site-packages/airflow/example_dags/example_sensors.py
[2023-10-19T22:54:50.902+0200] {processor.py:839} INFO - DAG(s) dict_keys(['example_sensors']) retrieved from /Users/nick/Desktop/airflow_dic/venv/lib/python3.11/site-packages/airflow/example_dags/example_sensors.py
[2023-10-19T22:54:50.962+0200] {logging_mixin.py:151} INFO - [2023-10-19T22:54:50.962+0200] {dag.py:2915} INFO - Sync 1 DAGs
[2023-10-19T22:54:50.965+0200] {logging_mixin.py:151} INFO - [2023-10-19T22:54:50.965+0200] {dag.py:3696} INFO - Setting next_dagrun for example_sensors to None, run_after=None
[2023-10-19T22:54:50.972+0200] {processor.py:179} INFO - Processing /Users/nick/Desktop/airflow_dic/venv/lib/python3.11/site-packages/airflow/example_dags/example_sensors.py took 0.085 seconds
[2023-10-19T22:55:58.070+0200] {processor.py:157} INFO - Started process (PID=35097) to work on /Users/nick/Desktop/airflow_dic/venv/lib/python3.11/site-packages/airflow/example_dags/example_sensors.py
[2023-10-19T22:55:58.071+0200] {processor.py:829} INFO - Processing file /Users/nick/Desktop/airflow_dic/venv/lib/python3.11/site-packages/airflow/example_dags/example_sensors.py for tasks to queue
[2023-10-19T22:55:58.072+0200] {logging_mixin.py:151} INFO - [2023-10-19T22:55:58.071+0200] {dagbag.py:539} INFO - Filling up the DagBag from /Users/nick/Desktop/airflow_dic/venv/lib/python3.11/site-packages/airflow/example_dags/example_sensors.py
[2023-10-19T22:55:58.085+0200] {processor.py:839} INFO - DAG(s) dict_keys(['example_sensors']) retrieved from /Users/nick/Desktop/airflow_dic/venv/lib/python3.11/site-packages/airflow/example_dags/example_sensors.py
[2023-10-19T22:55:58.150+0200] {logging_mixin.py:151} INFO - [2023-10-19T22:55:58.150+0200] {dag.py:2915} INFO - Sync 1 DAGs
[2023-10-19T22:55:58.153+0200] {logging_mixin.py:151} INFO - [2023-10-19T22:55:58.153+0200] {dag.py:3696} INFO - Setting next_dagrun for example_sensors to None, run_after=None
[2023-10-19T22:55:58.160+0200] {processor.py:179} INFO - Processing /Users/nick/Desktop/airflow_dic/venv/lib/python3.11/site-packages/airflow/example_dags/example_sensors.py took 0.091 seconds
[2023-10-19T22:57:07.034+0200] {processor.py:157} INFO - Started process (PID=35237) to work on /Users/nick/Desktop/airflow_dic/venv/lib/python3.11/site-packages/airflow/example_dags/example_sensors.py
[2023-10-19T22:57:07.035+0200] {processor.py:829} INFO - Processing file /Users/nick/Desktop/airflow_dic/venv/lib/python3.11/site-packages/airflow/example_dags/example_sensors.py for tasks to queue
[2023-10-19T22:57:07.036+0200] {logging_mixin.py:151} INFO - [2023-10-19T22:57:07.036+0200] {dagbag.py:539} INFO - Filling up the DagBag from /Users/nick/Desktop/airflow_dic/venv/lib/python3.11/site-packages/airflow/example_dags/example_sensors.py
[2023-10-19T22:57:07.047+0200] {processor.py:839} INFO - DAG(s) dict_keys(['example_sensors']) retrieved from /Users/nick/Desktop/airflow_dic/venv/lib/python3.11/site-packages/airflow/example_dags/example_sensors.py
[2023-10-19T22:57:07.107+0200] {logging_mixin.py:151} INFO - [2023-10-19T22:57:07.107+0200] {dag.py:2915} INFO - Sync 1 DAGs
[2023-10-19T22:57:07.110+0200] {logging_mixin.py:151} INFO - [2023-10-19T22:57:07.110+0200] {dag.py:3696} INFO - Setting next_dagrun for example_sensors to None, run_after=None
[2023-10-19T22:57:07.117+0200] {processor.py:179} INFO - Processing /Users/nick/Desktop/airflow_dic/venv/lib/python3.11/site-packages/airflow/example_dags/example_sensors.py took 0.083 seconds
[2023-10-19T22:58:14.677+0200] {processor.py:157} INFO - Started process (PID=35371) to work on /Users/nick/Desktop/airflow_dic/venv/lib/python3.11/site-packages/airflow/example_dags/example_sensors.py
[2023-10-19T22:58:14.678+0200] {processor.py:829} INFO - Processing file /Users/nick/Desktop/airflow_dic/venv/lib/python3.11/site-packages/airflow/example_dags/example_sensors.py for tasks to queue
[2023-10-19T22:58:14.678+0200] {logging_mixin.py:151} INFO - [2023-10-19T22:58:14.678+0200] {dagbag.py:539} INFO - Filling up the DagBag from /Users/nick/Desktop/airflow_dic/venv/lib/python3.11/site-packages/airflow/example_dags/example_sensors.py
[2023-10-19T22:58:14.689+0200] {processor.py:839} INFO - DAG(s) dict_keys(['example_sensors']) retrieved from /Users/nick/Desktop/airflow_dic/venv/lib/python3.11/site-packages/airflow/example_dags/example_sensors.py
[2023-10-19T22:58:14.750+0200] {logging_mixin.py:151} INFO - [2023-10-19T22:58:14.750+0200] {dag.py:2915} INFO - Sync 1 DAGs
[2023-10-19T22:58:14.753+0200] {logging_mixin.py:151} INFO - [2023-10-19T22:58:14.753+0200] {dag.py:3696} INFO - Setting next_dagrun for example_sensors to None, run_after=None
[2023-10-19T22:58:14.759+0200] {processor.py:179} INFO - Processing /Users/nick/Desktop/airflow_dic/venv/lib/python3.11/site-packages/airflow/example_dags/example_sensors.py took 0.083 seconds
[2023-10-19T22:59:20.528+0200] {processor.py:157} INFO - Started process (PID=35510) to work on /Users/nick/Desktop/airflow_dic/venv/lib/python3.11/site-packages/airflow/example_dags/example_sensors.py
[2023-10-19T22:59:20.529+0200] {processor.py:829} INFO - Processing file /Users/nick/Desktop/airflow_dic/venv/lib/python3.11/site-packages/airflow/example_dags/example_sensors.py for tasks to queue
[2023-10-19T22:59:20.529+0200] {logging_mixin.py:151} INFO - [2023-10-19T22:59:20.529+0200] {dagbag.py:539} INFO - Filling up the DagBag from /Users/nick/Desktop/airflow_dic/venv/lib/python3.11/site-packages/airflow/example_dags/example_sensors.py
[2023-10-19T22:59:20.540+0200] {processor.py:839} INFO - DAG(s) dict_keys(['example_sensors']) retrieved from /Users/nick/Desktop/airflow_dic/venv/lib/python3.11/site-packages/airflow/example_dags/example_sensors.py
[2023-10-19T22:59:20.601+0200] {logging_mixin.py:151} INFO - [2023-10-19T22:59:20.601+0200] {dag.py:2915} INFO - Sync 1 DAGs
[2023-10-19T22:59:20.604+0200] {logging_mixin.py:151} INFO - [2023-10-19T22:59:20.604+0200] {dag.py:3696} INFO - Setting next_dagrun for example_sensors to None, run_after=None
[2023-10-19T22:59:20.610+0200] {processor.py:179} INFO - Processing /Users/nick/Desktop/airflow_dic/venv/lib/python3.11/site-packages/airflow/example_dags/example_sensors.py took 0.082 seconds
