[2023-10-19T22:17:31.493+0200] {processor.py:157} INFO - Started process (PID=28784) to work on /Users/nick/Desktop/airflow_dic/venv/lib/python3.11/site-packages/airflow/example_dags/example_setup_teardown.py
[2023-10-19T22:17:31.495+0200] {processor.py:829} INFO - Processing file /Users/nick/Desktop/airflow_dic/venv/lib/python3.11/site-packages/airflow/example_dags/example_setup_teardown.py for tasks to queue
[2023-10-19T22:17:31.495+0200] {logging_mixin.py:151} INFO - [2023-10-19T22:17:31.495+0200] {dagbag.py:539} INFO - Filling up the DagBag from /Users/nick/Desktop/airflow_dic/venv/lib/python3.11/site-packages/airflow/example_dags/example_setup_teardown.py
[2023-10-19T22:17:31.504+0200] {processor.py:839} INFO - DAG(s) dict_keys(['example_setup_teardown']) retrieved from /Users/nick/Desktop/airflow_dic/venv/lib/python3.11/site-packages/airflow/example_dags/example_setup_teardown.py
[2023-10-19T22:17:31.779+0200] {logging_mixin.py:151} INFO - [2023-10-19T22:17:31.779+0200] {manager.py:499} INFO - Created Permission View: %s
[2023-10-19T22:17:31.782+0200] {logging_mixin.py:151} INFO - [2023-10-19T22:17:31.782+0200] {manager.py:499} INFO - Created Permission View: %s
[2023-10-19T22:17:31.783+0200] {logging_mixin.py:151} INFO - [2023-10-19T22:17:31.783+0200] {manager.py:499} INFO - Created Permission View: %s
[2023-10-19T22:17:31.783+0200] {logging_mixin.py:151} INFO - [2023-10-19T22:17:31.783+0200] {security.py:708} INFO - Not syncing DAG-level permissions for DAG 'DAG:example_setup_teardown' as access control is unset.
[2023-10-19T22:17:31.783+0200] {logging_mixin.py:151} INFO - [2023-10-19T22:17:31.783+0200] {dag.py:2915} INFO - Sync 1 DAGs
[2023-10-19T22:17:31.786+0200] {logging_mixin.py:151} INFO - [2023-10-19T22:17:31.786+0200] {dag.py:2937} INFO - Creating ORM DAG for example_setup_teardown
[2023-10-19T22:17:31.789+0200] {logging_mixin.py:151} INFO - [2023-10-19T22:17:31.789+0200] {dag.py:3696} INFO - Setting next_dagrun for example_setup_teardown to 2023-10-18T20:17:31.789216+00:00, run_after=2023-10-19T20:17:31.789216+00:00
[2023-10-19T22:17:31.794+0200] {processor.py:179} INFO - Processing /Users/nick/Desktop/airflow_dic/venv/lib/python3.11/site-packages/airflow/example_dags/example_setup_teardown.py took 0.301 seconds
[2023-10-19T22:18:28.884+0200] {processor.py:157} INFO - Started process (PID=28893) to work on /Users/nick/Desktop/airflow_dic/venv/lib/python3.11/site-packages/airflow/example_dags/example_setup_teardown.py
[2023-10-19T22:18:28.886+0200] {processor.py:829} INFO - Processing file /Users/nick/Desktop/airflow_dic/venv/lib/python3.11/site-packages/airflow/example_dags/example_setup_teardown.py for tasks to queue
[2023-10-19T22:18:28.886+0200] {logging_mixin.py:151} INFO - [2023-10-19T22:18:28.886+0200] {dagbag.py:539} INFO - Filling up the DagBag from /Users/nick/Desktop/airflow_dic/venv/lib/python3.11/site-packages/airflow/example_dags/example_setup_teardown.py
[2023-10-19T22:18:28.896+0200] {processor.py:839} INFO - DAG(s) dict_keys(['example_setup_teardown']) retrieved from /Users/nick/Desktop/airflow_dic/venv/lib/python3.11/site-packages/airflow/example_dags/example_setup_teardown.py
[2023-10-19T22:18:28.955+0200] {logging_mixin.py:151} INFO - [2023-10-19T22:18:28.955+0200] {dag.py:2915} INFO - Sync 1 DAGs
[2023-10-19T22:18:28.961+0200] {logging_mixin.py:151} INFO - [2023-10-19T22:18:28.961+0200] {dag.py:3696} INFO - Setting next_dagrun for example_setup_teardown to 2023-10-18T20:18:28.961143+00:00, run_after=2023-10-19T20:18:28.961143+00:00
[2023-10-19T22:18:28.967+0200] {processor.py:179} INFO - Processing /Users/nick/Desktop/airflow_dic/venv/lib/python3.11/site-packages/airflow/example_dags/example_setup_teardown.py took 0.083 seconds
[2023-10-19T22:19:42.590+0200] {processor.py:157} INFO - Started process (PID=29031) to work on /Users/nick/Desktop/airflow_dic/venv/lib/python3.11/site-packages/airflow/example_dags/example_setup_teardown.py
[2023-10-19T22:19:42.592+0200] {processor.py:829} INFO - Processing file /Users/nick/Desktop/airflow_dic/venv/lib/python3.11/site-packages/airflow/example_dags/example_setup_teardown.py for tasks to queue
[2023-10-19T22:19:42.593+0200] {logging_mixin.py:151} INFO - [2023-10-19T22:19:42.593+0200] {dagbag.py:539} INFO - Filling up the DagBag from /Users/nick/Desktop/airflow_dic/venv/lib/python3.11/site-packages/airflow/example_dags/example_setup_teardown.py
[2023-10-19T22:19:42.603+0200] {processor.py:839} INFO - DAG(s) dict_keys(['example_setup_teardown']) retrieved from /Users/nick/Desktop/airflow_dic/venv/lib/python3.11/site-packages/airflow/example_dags/example_setup_teardown.py
[2023-10-19T22:19:42.658+0200] {logging_mixin.py:151} INFO - [2023-10-19T22:19:42.658+0200] {dag.py:2915} INFO - Sync 1 DAGs
[2023-10-19T22:19:42.664+0200] {logging_mixin.py:151} INFO - [2023-10-19T22:19:42.664+0200] {dag.py:3696} INFO - Setting next_dagrun for example_setup_teardown to 2023-10-18T20:19:42.664051+00:00, run_after=2023-10-19T20:19:42.664051+00:00
[2023-10-19T22:19:42.670+0200] {processor.py:179} INFO - Processing /Users/nick/Desktop/airflow_dic/venv/lib/python3.11/site-packages/airflow/example_dags/example_setup_teardown.py took 0.080 seconds
[2023-10-19T22:20:47.481+0200] {processor.py:157} INFO - Started process (PID=29152) to work on /Users/nick/Desktop/airflow_dic/venv/lib/python3.11/site-packages/airflow/example_dags/example_setup_teardown.py
[2023-10-19T22:20:47.482+0200] {processor.py:829} INFO - Processing file /Users/nick/Desktop/airflow_dic/venv/lib/python3.11/site-packages/airflow/example_dags/example_setup_teardown.py for tasks to queue
[2023-10-19T22:20:47.483+0200] {logging_mixin.py:151} INFO - [2023-10-19T22:20:47.482+0200] {dagbag.py:539} INFO - Filling up the DagBag from /Users/nick/Desktop/airflow_dic/venv/lib/python3.11/site-packages/airflow/example_dags/example_setup_teardown.py
[2023-10-19T22:20:47.492+0200] {processor.py:839} INFO - DAG(s) dict_keys(['example_setup_teardown']) retrieved from /Users/nick/Desktop/airflow_dic/venv/lib/python3.11/site-packages/airflow/example_dags/example_setup_teardown.py
[2023-10-19T22:20:47.550+0200] {logging_mixin.py:151} INFO - [2023-10-19T22:20:47.550+0200] {dag.py:2915} INFO - Sync 1 DAGs
[2023-10-19T22:20:47.555+0200] {logging_mixin.py:151} INFO - [2023-10-19T22:20:47.555+0200] {dag.py:3696} INFO - Setting next_dagrun for example_setup_teardown to 2023-10-18T20:20:47.555871+00:00, run_after=2023-10-19T20:20:47.555871+00:00
[2023-10-19T22:20:47.562+0200] {processor.py:179} INFO - Processing /Users/nick/Desktop/airflow_dic/venv/lib/python3.11/site-packages/airflow/example_dags/example_setup_teardown.py took 0.081 seconds
[2023-10-19T22:21:55.752+0200] {processor.py:157} INFO - Started process (PID=29294) to work on /Users/nick/Desktop/airflow_dic/venv/lib/python3.11/site-packages/airflow/example_dags/example_setup_teardown.py
[2023-10-19T22:21:55.755+0200] {processor.py:829} INFO - Processing file /Users/nick/Desktop/airflow_dic/venv/lib/python3.11/site-packages/airflow/example_dags/example_setup_teardown.py for tasks to queue
[2023-10-19T22:21:55.755+0200] {logging_mixin.py:151} INFO - [2023-10-19T22:21:55.755+0200] {dagbag.py:539} INFO - Filling up the DagBag from /Users/nick/Desktop/airflow_dic/venv/lib/python3.11/site-packages/airflow/example_dags/example_setup_teardown.py
[2023-10-19T22:21:55.765+0200] {processor.py:839} INFO - DAG(s) dict_keys(['example_setup_teardown']) retrieved from /Users/nick/Desktop/airflow_dic/venv/lib/python3.11/site-packages/airflow/example_dags/example_setup_teardown.py
[2023-10-19T22:21:55.821+0200] {logging_mixin.py:151} INFO - [2023-10-19T22:21:55.820+0200] {dag.py:2915} INFO - Sync 1 DAGs
[2023-10-19T22:21:55.826+0200] {logging_mixin.py:151} INFO - [2023-10-19T22:21:55.826+0200] {dag.py:3696} INFO - Setting next_dagrun for example_setup_teardown to 2023-10-18T20:21:55.826119+00:00, run_after=2023-10-19T20:21:55.826119+00:00
[2023-10-19T22:21:55.832+0200] {processor.py:179} INFO - Processing /Users/nick/Desktop/airflow_dic/venv/lib/python3.11/site-packages/airflow/example_dags/example_setup_teardown.py took 0.080 seconds
[2023-10-19T22:22:37.021+0200] {processor.py:157} INFO - Started process (PID=29379) to work on /Users/nick/Desktop/airflow_dic/venv/lib/python3.11/site-packages/airflow/example_dags/example_setup_teardown.py
[2023-10-19T22:22:37.023+0200] {processor.py:829} INFO - Processing file /Users/nick/Desktop/airflow_dic/venv/lib/python3.11/site-packages/airflow/example_dags/example_setup_teardown.py for tasks to queue
[2023-10-19T22:22:37.023+0200] {logging_mixin.py:151} INFO - [2023-10-19T22:22:37.023+0200] {dagbag.py:539} INFO - Filling up the DagBag from /Users/nick/Desktop/airflow_dic/venv/lib/python3.11/site-packages/airflow/example_dags/example_setup_teardown.py
[2023-10-19T22:22:37.034+0200] {processor.py:839} INFO - DAG(s) dict_keys(['example_setup_teardown']) retrieved from /Users/nick/Desktop/airflow_dic/venv/lib/python3.11/site-packages/airflow/example_dags/example_setup_teardown.py
[2023-10-19T22:22:37.097+0200] {logging_mixin.py:151} INFO - [2023-10-19T22:22:37.097+0200] {dag.py:2915} INFO - Sync 1 DAGs
[2023-10-19T22:22:37.103+0200] {logging_mixin.py:151} INFO - [2023-10-19T22:22:37.103+0200] {dag.py:3696} INFO - Setting next_dagrun for example_setup_teardown to 2023-10-18T20:22:37.103366+00:00, run_after=2023-10-19T20:22:37.103366+00:00
[2023-10-19T22:22:37.110+0200] {processor.py:179} INFO - Processing /Users/nick/Desktop/airflow_dic/venv/lib/python3.11/site-packages/airflow/example_dags/example_setup_teardown.py took 0.090 seconds
[2023-10-19T22:23:18.695+0200] {processor.py:157} INFO - Started process (PID=29469) to work on /Users/nick/Desktop/airflow_dic/venv/lib/python3.11/site-packages/airflow/example_dags/example_setup_teardown.py
[2023-10-19T22:23:18.696+0200] {processor.py:829} INFO - Processing file /Users/nick/Desktop/airflow_dic/venv/lib/python3.11/site-packages/airflow/example_dags/example_setup_teardown.py for tasks to queue
[2023-10-19T22:23:18.696+0200] {logging_mixin.py:151} INFO - [2023-10-19T22:23:18.696+0200] {dagbag.py:539} INFO - Filling up the DagBag from /Users/nick/Desktop/airflow_dic/venv/lib/python3.11/site-packages/airflow/example_dags/example_setup_teardown.py
[2023-10-19T22:23:18.706+0200] {processor.py:839} INFO - DAG(s) dict_keys(['example_setup_teardown']) retrieved from /Users/nick/Desktop/airflow_dic/venv/lib/python3.11/site-packages/airflow/example_dags/example_setup_teardown.py
[2023-10-19T22:23:18.762+0200] {logging_mixin.py:151} INFO - [2023-10-19T22:23:18.762+0200] {dag.py:2915} INFO - Sync 1 DAGs
[2023-10-19T22:23:18.767+0200] {logging_mixin.py:151} INFO - [2023-10-19T22:23:18.767+0200] {dag.py:3696} INFO - Setting next_dagrun for example_setup_teardown to 2023-10-18T20:23:18.767410+00:00, run_after=2023-10-19T20:23:18.767410+00:00
[2023-10-19T22:23:18.773+0200] {processor.py:179} INFO - Processing /Users/nick/Desktop/airflow_dic/venv/lib/python3.11/site-packages/airflow/example_dags/example_setup_teardown.py took 0.079 seconds
[2023-10-19T22:24:21.709+0200] {processor.py:157} INFO - Started process (PID=29588) to work on /Users/nick/Desktop/airflow_dic/venv/lib/python3.11/site-packages/airflow/example_dags/example_setup_teardown.py
[2023-10-19T22:24:21.710+0200] {processor.py:829} INFO - Processing file /Users/nick/Desktop/airflow_dic/venv/lib/python3.11/site-packages/airflow/example_dags/example_setup_teardown.py for tasks to queue
[2023-10-19T22:24:21.710+0200] {logging_mixin.py:151} INFO - [2023-10-19T22:24:21.710+0200] {dagbag.py:539} INFO - Filling up the DagBag from /Users/nick/Desktop/airflow_dic/venv/lib/python3.11/site-packages/airflow/example_dags/example_setup_teardown.py
[2023-10-19T22:24:21.720+0200] {processor.py:839} INFO - DAG(s) dict_keys(['example_setup_teardown']) retrieved from /Users/nick/Desktop/airflow_dic/venv/lib/python3.11/site-packages/airflow/example_dags/example_setup_teardown.py
[2023-10-19T22:24:21.776+0200] {logging_mixin.py:151} INFO - [2023-10-19T22:24:21.776+0200] {dag.py:2915} INFO - Sync 1 DAGs
[2023-10-19T22:24:21.781+0200] {logging_mixin.py:151} INFO - [2023-10-19T22:24:21.781+0200] {dag.py:3696} INFO - Setting next_dagrun for example_setup_teardown to 2023-10-18T20:24:21.781259+00:00, run_after=2023-10-19T20:24:21.781259+00:00
[2023-10-19T22:24:21.787+0200] {processor.py:179} INFO - Processing /Users/nick/Desktop/airflow_dic/venv/lib/python3.11/site-packages/airflow/example_dags/example_setup_teardown.py took 0.078 seconds
[2023-10-19T22:25:24.132+0200] {processor.py:157} INFO - Started process (PID=29726) to work on /Users/nick/Desktop/airflow_dic/venv/lib/python3.11/site-packages/airflow/example_dags/example_setup_teardown.py
[2023-10-19T22:25:24.134+0200] {processor.py:829} INFO - Processing file /Users/nick/Desktop/airflow_dic/venv/lib/python3.11/site-packages/airflow/example_dags/example_setup_teardown.py for tasks to queue
[2023-10-19T22:25:24.134+0200] {logging_mixin.py:151} INFO - [2023-10-19T22:25:24.134+0200] {dagbag.py:539} INFO - Filling up the DagBag from /Users/nick/Desktop/airflow_dic/venv/lib/python3.11/site-packages/airflow/example_dags/example_setup_teardown.py
[2023-10-19T22:25:24.146+0200] {processor.py:839} INFO - DAG(s) dict_keys(['example_setup_teardown']) retrieved from /Users/nick/Desktop/airflow_dic/venv/lib/python3.11/site-packages/airflow/example_dags/example_setup_teardown.py
[2023-10-19T22:25:24.211+0200] {logging_mixin.py:151} INFO - [2023-10-19T22:25:24.211+0200] {dag.py:2915} INFO - Sync 1 DAGs
[2023-10-19T22:25:24.217+0200] {logging_mixin.py:151} INFO - [2023-10-19T22:25:24.217+0200] {dag.py:3696} INFO - Setting next_dagrun for example_setup_teardown to 2023-10-18T20:25:24.217792+00:00, run_after=2023-10-19T20:25:24.217792+00:00
[2023-10-19T22:25:24.226+0200] {processor.py:179} INFO - Processing /Users/nick/Desktop/airflow_dic/venv/lib/python3.11/site-packages/airflow/example_dags/example_setup_teardown.py took 0.094 seconds
[2023-10-19T22:26:39.071+0200] {processor.py:157} INFO - Started process (PID=31743) to work on /Users/nick/Desktop/airflow_dic/venv/lib/python3.11/site-packages/airflow/example_dags/example_setup_teardown.py
[2023-10-19T22:26:39.073+0200] {processor.py:829} INFO - Processing file /Users/nick/Desktop/airflow_dic/venv/lib/python3.11/site-packages/airflow/example_dags/example_setup_teardown.py for tasks to queue
[2023-10-19T22:26:39.073+0200] {logging_mixin.py:151} INFO - [2023-10-19T22:26:39.073+0200] {dagbag.py:539} INFO - Filling up the DagBag from /Users/nick/Desktop/airflow_dic/venv/lib/python3.11/site-packages/airflow/example_dags/example_setup_teardown.py
[2023-10-19T22:26:39.084+0200] {processor.py:839} INFO - DAG(s) dict_keys(['example_setup_teardown']) retrieved from /Users/nick/Desktop/airflow_dic/venv/lib/python3.11/site-packages/airflow/example_dags/example_setup_teardown.py
[2023-10-19T22:26:39.380+0200] {logging_mixin.py:151} INFO - [2023-10-19T22:26:39.380+0200] {security.py:708} INFO - Not syncing DAG-level permissions for DAG 'DAG:example_setup_teardown' as access control is unset.
[2023-10-19T22:26:39.380+0200] {logging_mixin.py:151} INFO - [2023-10-19T22:26:39.380+0200] {dag.py:2915} INFO - Sync 1 DAGs
[2023-10-19T22:26:39.383+0200] {logging_mixin.py:151} INFO - [2023-10-19T22:26:39.383+0200] {dag.py:2937} INFO - Creating ORM DAG for example_setup_teardown
[2023-10-19T22:26:39.385+0200] {logging_mixin.py:151} INFO - [2023-10-19T22:26:39.385+0200] {dag.py:3696} INFO - Setting next_dagrun for example_setup_teardown to 2023-10-18T20:26:39.385769+00:00, run_after=2023-10-19T20:26:39.385769+00:00
[2023-10-19T22:26:39.392+0200] {processor.py:179} INFO - Processing /Users/nick/Desktop/airflow_dic/venv/lib/python3.11/site-packages/airflow/example_dags/example_setup_teardown.py took 0.321 seconds
[2023-10-19T22:27:46.013+0200] {processor.py:157} INFO - Started process (PID=31868) to work on /Users/nick/Desktop/airflow_dic/venv/lib/python3.11/site-packages/airflow/example_dags/example_setup_teardown.py
[2023-10-19T22:27:46.016+0200] {processor.py:829} INFO - Processing file /Users/nick/Desktop/airflow_dic/venv/lib/python3.11/site-packages/airflow/example_dags/example_setup_teardown.py for tasks to queue
[2023-10-19T22:27:46.017+0200] {logging_mixin.py:151} INFO - [2023-10-19T22:27:46.017+0200] {dagbag.py:539} INFO - Filling up the DagBag from /Users/nick/Desktop/airflow_dic/venv/lib/python3.11/site-packages/airflow/example_dags/example_setup_teardown.py
[2023-10-19T22:27:46.037+0200] {processor.py:839} INFO - DAG(s) dict_keys(['example_setup_teardown']) retrieved from /Users/nick/Desktop/airflow_dic/venv/lib/python3.11/site-packages/airflow/example_dags/example_setup_teardown.py
[2023-10-19T22:27:46.349+0200] {logging_mixin.py:151} INFO - [2023-10-19T22:27:46.349+0200] {security.py:708} INFO - Not syncing DAG-level permissions for DAG 'DAG:example_setup_teardown' as access control is unset.
[2023-10-19T22:27:46.350+0200] {logging_mixin.py:151} INFO - [2023-10-19T22:27:46.350+0200] {dag.py:2915} INFO - Sync 1 DAGs
[2023-10-19T22:27:46.353+0200] {logging_mixin.py:151} INFO - [2023-10-19T22:27:46.352+0200] {dag.py:2937} INFO - Creating ORM DAG for example_setup_teardown
[2023-10-19T22:27:46.355+0200] {logging_mixin.py:151} INFO - [2023-10-19T22:27:46.355+0200] {dag.py:3696} INFO - Setting next_dagrun for example_setup_teardown to 2023-10-18T20:27:46.355558+00:00, run_after=2023-10-19T20:27:46.355558+00:00
[2023-10-19T22:27:46.362+0200] {processor.py:179} INFO - Processing /Users/nick/Desktop/airflow_dic/venv/lib/python3.11/site-packages/airflow/example_dags/example_setup_teardown.py took 0.349 seconds
[2023-10-19T22:28:57.437+0200] {processor.py:157} INFO - Started process (PID=32019) to work on /Users/nick/Desktop/airflow_dic/venv/lib/python3.11/site-packages/airflow/example_dags/example_setup_teardown.py
[2023-10-19T22:28:57.439+0200] {processor.py:829} INFO - Processing file /Users/nick/Desktop/airflow_dic/venv/lib/python3.11/site-packages/airflow/example_dags/example_setup_teardown.py for tasks to queue
[2023-10-19T22:28:57.439+0200] {logging_mixin.py:151} INFO - [2023-10-19T22:28:57.439+0200] {dagbag.py:539} INFO - Filling up the DagBag from /Users/nick/Desktop/airflow_dic/venv/lib/python3.11/site-packages/airflow/example_dags/example_setup_teardown.py
[2023-10-19T22:28:57.448+0200] {processor.py:839} INFO - DAG(s) dict_keys(['example_setup_teardown']) retrieved from /Users/nick/Desktop/airflow_dic/venv/lib/python3.11/site-packages/airflow/example_dags/example_setup_teardown.py
[2023-10-19T22:28:57.505+0200] {logging_mixin.py:151} INFO - [2023-10-19T22:28:57.505+0200] {dag.py:2915} INFO - Sync 1 DAGs
[2023-10-19T22:28:57.510+0200] {logging_mixin.py:151} INFO - [2023-10-19T22:28:57.510+0200] {dag.py:3696} INFO - Setting next_dagrun for example_setup_teardown to 2023-10-18T20:28:57.510287+00:00, run_after=2023-10-19T20:28:57.510287+00:00
[2023-10-19T22:28:57.516+0200] {processor.py:179} INFO - Processing /Users/nick/Desktop/airflow_dic/venv/lib/python3.11/site-packages/airflow/example_dags/example_setup_teardown.py took 0.079 seconds
[2023-10-19T22:30:02.373+0200] {processor.py:157} INFO - Started process (PID=32143) to work on /Users/nick/Desktop/airflow_dic/venv/lib/python3.11/site-packages/airflow/example_dags/example_setup_teardown.py
[2023-10-19T22:30:02.374+0200] {processor.py:829} INFO - Processing file /Users/nick/Desktop/airflow_dic/venv/lib/python3.11/site-packages/airflow/example_dags/example_setup_teardown.py for tasks to queue
[2023-10-19T22:30:02.374+0200] {logging_mixin.py:151} INFO - [2023-10-19T22:30:02.374+0200] {dagbag.py:539} INFO - Filling up the DagBag from /Users/nick/Desktop/airflow_dic/venv/lib/python3.11/site-packages/airflow/example_dags/example_setup_teardown.py
[2023-10-19T22:30:02.384+0200] {processor.py:839} INFO - DAG(s) dict_keys(['example_setup_teardown']) retrieved from /Users/nick/Desktop/airflow_dic/venv/lib/python3.11/site-packages/airflow/example_dags/example_setup_teardown.py
[2023-10-19T22:30:02.441+0200] {logging_mixin.py:151} INFO - [2023-10-19T22:30:02.441+0200] {dag.py:2915} INFO - Sync 1 DAGs
[2023-10-19T22:30:02.446+0200] {logging_mixin.py:151} INFO - [2023-10-19T22:30:02.446+0200] {dag.py:3696} INFO - Setting next_dagrun for example_setup_teardown to 2023-10-18T20:30:02.446355+00:00, run_after=2023-10-19T20:30:02.446355+00:00
[2023-10-19T22:30:02.452+0200] {processor.py:179} INFO - Processing /Users/nick/Desktop/airflow_dic/venv/lib/python3.11/site-packages/airflow/example_dags/example_setup_teardown.py took 0.080 seconds
[2023-10-19T22:31:23.922+0200] {processor.py:157} INFO - Started process (PID=32309) to work on /Users/nick/Desktop/airflow_dic/venv/lib/python3.11/site-packages/airflow/example_dags/example_setup_teardown.py
[2023-10-19T22:31:23.924+0200] {processor.py:829} INFO - Processing file /Users/nick/Desktop/airflow_dic/venv/lib/python3.11/site-packages/airflow/example_dags/example_setup_teardown.py for tasks to queue
[2023-10-19T22:31:23.924+0200] {logging_mixin.py:151} INFO - [2023-10-19T22:31:23.924+0200] {dagbag.py:539} INFO - Filling up the DagBag from /Users/nick/Desktop/airflow_dic/venv/lib/python3.11/site-packages/airflow/example_dags/example_setup_teardown.py
[2023-10-19T22:31:23.935+0200] {processor.py:839} INFO - DAG(s) dict_keys(['example_setup_teardown']) retrieved from /Users/nick/Desktop/airflow_dic/venv/lib/python3.11/site-packages/airflow/example_dags/example_setup_teardown.py
[2023-10-19T22:31:23.992+0200] {logging_mixin.py:151} INFO - [2023-10-19T22:31:23.992+0200] {dag.py:2915} INFO - Sync 1 DAGs
[2023-10-19T22:31:23.998+0200] {logging_mixin.py:151} INFO - [2023-10-19T22:31:23.998+0200] {dag.py:3696} INFO - Setting next_dagrun for example_setup_teardown to 2023-10-18T20:31:23.998033+00:00, run_after=2023-10-19T20:31:23.998033+00:00
[2023-10-19T22:31:24.005+0200] {processor.py:179} INFO - Processing /Users/nick/Desktop/airflow_dic/venv/lib/python3.11/site-packages/airflow/example_dags/example_setup_teardown.py took 0.083 seconds
[2023-10-19T22:32:28.365+0200] {processor.py:157} INFO - Started process (PID=32424) to work on /Users/nick/Desktop/airflow_dic/venv/lib/python3.11/site-packages/airflow/example_dags/example_setup_teardown.py
[2023-10-19T22:32:28.366+0200] {processor.py:829} INFO - Processing file /Users/nick/Desktop/airflow_dic/venv/lib/python3.11/site-packages/airflow/example_dags/example_setup_teardown.py for tasks to queue
[2023-10-19T22:32:28.366+0200] {logging_mixin.py:151} INFO - [2023-10-19T22:32:28.366+0200] {dagbag.py:539} INFO - Filling up the DagBag from /Users/nick/Desktop/airflow_dic/venv/lib/python3.11/site-packages/airflow/example_dags/example_setup_teardown.py
[2023-10-19T22:32:28.377+0200] {processor.py:839} INFO - DAG(s) dict_keys(['example_setup_teardown']) retrieved from /Users/nick/Desktop/airflow_dic/venv/lib/python3.11/site-packages/airflow/example_dags/example_setup_teardown.py
[2023-10-19T22:32:28.440+0200] {logging_mixin.py:151} INFO - [2023-10-19T22:32:28.440+0200] {dag.py:2915} INFO - Sync 1 DAGs
[2023-10-19T22:32:28.445+0200] {logging_mixin.py:151} INFO - [2023-10-19T22:32:28.445+0200] {dag.py:3696} INFO - Setting next_dagrun for example_setup_teardown to 2023-10-18T20:32:28.445788+00:00, run_after=2023-10-19T20:32:28.445788+00:00
[2023-10-19T22:32:28.452+0200] {processor.py:179} INFO - Processing /Users/nick/Desktop/airflow_dic/venv/lib/python3.11/site-packages/airflow/example_dags/example_setup_teardown.py took 0.087 seconds
[2023-10-19T22:33:35.964+0200] {processor.py:157} INFO - Started process (PID=32552) to work on /Users/nick/Desktop/airflow_dic/venv/lib/python3.11/site-packages/airflow/example_dags/example_setup_teardown.py
[2023-10-19T22:33:35.966+0200] {processor.py:829} INFO - Processing file /Users/nick/Desktop/airflow_dic/venv/lib/python3.11/site-packages/airflow/example_dags/example_setup_teardown.py for tasks to queue
[2023-10-19T22:33:35.966+0200] {logging_mixin.py:151} INFO - [2023-10-19T22:33:35.966+0200] {dagbag.py:539} INFO - Filling up the DagBag from /Users/nick/Desktop/airflow_dic/venv/lib/python3.11/site-packages/airflow/example_dags/example_setup_teardown.py
[2023-10-19T22:33:35.978+0200] {processor.py:839} INFO - DAG(s) dict_keys(['example_setup_teardown']) retrieved from /Users/nick/Desktop/airflow_dic/venv/lib/python3.11/site-packages/airflow/example_dags/example_setup_teardown.py
[2023-10-19T22:33:36.040+0200] {logging_mixin.py:151} INFO - [2023-10-19T22:33:36.040+0200] {dag.py:2915} INFO - Sync 1 DAGs
[2023-10-19T22:33:36.046+0200] {logging_mixin.py:151} INFO - [2023-10-19T22:33:36.046+0200] {dag.py:3696} INFO - Setting next_dagrun for example_setup_teardown to 2023-10-18T20:33:36.046175+00:00, run_after=2023-10-19T20:33:36.046175+00:00
[2023-10-19T22:33:36.053+0200] {processor.py:179} INFO - Processing /Users/nick/Desktop/airflow_dic/venv/lib/python3.11/site-packages/airflow/example_dags/example_setup_teardown.py took 0.089 seconds
[2023-10-19T22:34:46.709+0200] {processor.py:157} INFO - Started process (PID=32711) to work on /Users/nick/Desktop/airflow_dic/venv/lib/python3.11/site-packages/airflow/example_dags/example_setup_teardown.py
[2023-10-19T22:34:46.711+0200] {processor.py:829} INFO - Processing file /Users/nick/Desktop/airflow_dic/venv/lib/python3.11/site-packages/airflow/example_dags/example_setup_teardown.py for tasks to queue
[2023-10-19T22:34:46.711+0200] {logging_mixin.py:151} INFO - [2023-10-19T22:34:46.711+0200] {dagbag.py:539} INFO - Filling up the DagBag from /Users/nick/Desktop/airflow_dic/venv/lib/python3.11/site-packages/airflow/example_dags/example_setup_teardown.py
[2023-10-19T22:34:46.721+0200] {processor.py:839} INFO - DAG(s) dict_keys(['example_setup_teardown']) retrieved from /Users/nick/Desktop/airflow_dic/venv/lib/python3.11/site-packages/airflow/example_dags/example_setup_teardown.py
[2023-10-19T22:34:46.777+0200] {logging_mixin.py:151} INFO - [2023-10-19T22:34:46.776+0200] {dag.py:2915} INFO - Sync 1 DAGs
[2023-10-19T22:34:46.782+0200] {logging_mixin.py:151} INFO - [2023-10-19T22:34:46.782+0200] {dag.py:3696} INFO - Setting next_dagrun for example_setup_teardown to 2023-10-18T20:34:46.782129+00:00, run_after=2023-10-19T20:34:46.782129+00:00
[2023-10-19T22:34:46.788+0200] {processor.py:179} INFO - Processing /Users/nick/Desktop/airflow_dic/venv/lib/python3.11/site-packages/airflow/example_dags/example_setup_teardown.py took 0.080 seconds
[2023-10-19T22:35:53.993+0200] {processor.py:157} INFO - Started process (PID=32860) to work on /Users/nick/Desktop/airflow_dic/venv/lib/python3.11/site-packages/airflow/example_dags/example_setup_teardown.py
[2023-10-19T22:35:53.995+0200] {processor.py:829} INFO - Processing file /Users/nick/Desktop/airflow_dic/venv/lib/python3.11/site-packages/airflow/example_dags/example_setup_teardown.py for tasks to queue
[2023-10-19T22:35:53.996+0200] {logging_mixin.py:151} INFO - [2023-10-19T22:35:53.995+0200] {dagbag.py:539} INFO - Filling up the DagBag from /Users/nick/Desktop/airflow_dic/venv/lib/python3.11/site-packages/airflow/example_dags/example_setup_teardown.py
[2023-10-19T22:35:54.005+0200] {processor.py:839} INFO - DAG(s) dict_keys(['example_setup_teardown']) retrieved from /Users/nick/Desktop/airflow_dic/venv/lib/python3.11/site-packages/airflow/example_dags/example_setup_teardown.py
[2023-10-19T22:35:54.061+0200] {logging_mixin.py:151} INFO - [2023-10-19T22:35:54.061+0200] {dag.py:2915} INFO - Sync 1 DAGs
[2023-10-19T22:35:54.066+0200] {logging_mixin.py:151} INFO - [2023-10-19T22:35:54.066+0200] {dag.py:3696} INFO - Setting next_dagrun for example_setup_teardown to 2023-10-18T20:35:54.066376+00:00, run_after=2023-10-19T20:35:54.066376+00:00
[2023-10-19T22:35:54.072+0200] {processor.py:179} INFO - Processing /Users/nick/Desktop/airflow_dic/venv/lib/python3.11/site-packages/airflow/example_dags/example_setup_teardown.py took 0.079 seconds
[2023-10-19T22:37:02.513+0200] {processor.py:157} INFO - Started process (PID=32990) to work on /Users/nick/Desktop/airflow_dic/venv/lib/python3.11/site-packages/airflow/example_dags/example_setup_teardown.py
[2023-10-19T22:37:02.515+0200] {processor.py:829} INFO - Processing file /Users/nick/Desktop/airflow_dic/venv/lib/python3.11/site-packages/airflow/example_dags/example_setup_teardown.py for tasks to queue
[2023-10-19T22:37:02.515+0200] {logging_mixin.py:151} INFO - [2023-10-19T22:37:02.515+0200] {dagbag.py:539} INFO - Filling up the DagBag from /Users/nick/Desktop/airflow_dic/venv/lib/python3.11/site-packages/airflow/example_dags/example_setup_teardown.py
[2023-10-19T22:37:02.524+0200] {processor.py:839} INFO - DAG(s) dict_keys(['example_setup_teardown']) retrieved from /Users/nick/Desktop/airflow_dic/venv/lib/python3.11/site-packages/airflow/example_dags/example_setup_teardown.py
[2023-10-19T22:37:02.580+0200] {logging_mixin.py:151} INFO - [2023-10-19T22:37:02.580+0200] {dag.py:2915} INFO - Sync 1 DAGs
[2023-10-19T22:37:02.586+0200] {logging_mixin.py:151} INFO - [2023-10-19T22:37:02.586+0200] {dag.py:3696} INFO - Setting next_dagrun for example_setup_teardown to 2023-10-18T20:37:02.586037+00:00, run_after=2023-10-19T20:37:02.586037+00:00
[2023-10-19T22:37:02.592+0200] {processor.py:179} INFO - Processing /Users/nick/Desktop/airflow_dic/venv/lib/python3.11/site-packages/airflow/example_dags/example_setup_teardown.py took 0.079 seconds
[2023-10-19T22:38:10.814+0200] {processor.py:157} INFO - Started process (PID=33115) to work on /Users/nick/Desktop/airflow_dic/venv/lib/python3.11/site-packages/airflow/example_dags/example_setup_teardown.py
[2023-10-19T22:38:10.815+0200] {processor.py:829} INFO - Processing file /Users/nick/Desktop/airflow_dic/venv/lib/python3.11/site-packages/airflow/example_dags/example_setup_teardown.py for tasks to queue
[2023-10-19T22:38:10.815+0200] {logging_mixin.py:151} INFO - [2023-10-19T22:38:10.815+0200] {dagbag.py:539} INFO - Filling up the DagBag from /Users/nick/Desktop/airflow_dic/venv/lib/python3.11/site-packages/airflow/example_dags/example_setup_teardown.py
[2023-10-19T22:38:10.825+0200] {processor.py:839} INFO - DAG(s) dict_keys(['example_setup_teardown']) retrieved from /Users/nick/Desktop/airflow_dic/venv/lib/python3.11/site-packages/airflow/example_dags/example_setup_teardown.py
[2023-10-19T22:38:10.881+0200] {logging_mixin.py:151} INFO - [2023-10-19T22:38:10.881+0200] {dag.py:2915} INFO - Sync 1 DAGs
[2023-10-19T22:38:10.886+0200] {logging_mixin.py:151} INFO - [2023-10-19T22:38:10.886+0200] {dag.py:3696} INFO - Setting next_dagrun for example_setup_teardown to 2023-10-18T20:38:10.886395+00:00, run_after=2023-10-19T20:38:10.886395+00:00
[2023-10-19T22:38:10.892+0200] {processor.py:179} INFO - Processing /Users/nick/Desktop/airflow_dic/venv/lib/python3.11/site-packages/airflow/example_dags/example_setup_teardown.py took 0.079 seconds
[2023-10-19T22:39:17.950+0200] {processor.py:157} INFO - Started process (PID=33243) to work on /Users/nick/Desktop/airflow_dic/venv/lib/python3.11/site-packages/airflow/example_dags/example_setup_teardown.py
[2023-10-19T22:39:17.952+0200] {processor.py:829} INFO - Processing file /Users/nick/Desktop/airflow_dic/venv/lib/python3.11/site-packages/airflow/example_dags/example_setup_teardown.py for tasks to queue
[2023-10-19T22:39:17.952+0200] {logging_mixin.py:151} INFO - [2023-10-19T22:39:17.952+0200] {dagbag.py:539} INFO - Filling up the DagBag from /Users/nick/Desktop/airflow_dic/venv/lib/python3.11/site-packages/airflow/example_dags/example_setup_teardown.py
[2023-10-19T22:39:17.962+0200] {processor.py:839} INFO - DAG(s) dict_keys(['example_setup_teardown']) retrieved from /Users/nick/Desktop/airflow_dic/venv/lib/python3.11/site-packages/airflow/example_dags/example_setup_teardown.py
[2023-10-19T22:39:18.017+0200] {logging_mixin.py:151} INFO - [2023-10-19T22:39:18.017+0200] {dag.py:2915} INFO - Sync 1 DAGs
[2023-10-19T22:39:18.023+0200] {logging_mixin.py:151} INFO - [2023-10-19T22:39:18.023+0200] {dag.py:3696} INFO - Setting next_dagrun for example_setup_teardown to 2023-10-18T20:39:18.022987+00:00, run_after=2023-10-19T20:39:18.022987+00:00
[2023-10-19T22:39:18.029+0200] {processor.py:179} INFO - Processing /Users/nick/Desktop/airflow_dic/venv/lib/python3.11/site-packages/airflow/example_dags/example_setup_teardown.py took 0.079 seconds
[2023-10-19T22:40:24.543+0200] {processor.py:157} INFO - Started process (PID=33370) to work on /Users/nick/Desktop/airflow_dic/venv/lib/python3.11/site-packages/airflow/example_dags/example_setup_teardown.py
[2023-10-19T22:40:24.544+0200] {processor.py:829} INFO - Processing file /Users/nick/Desktop/airflow_dic/venv/lib/python3.11/site-packages/airflow/example_dags/example_setup_teardown.py for tasks to queue
[2023-10-19T22:40:24.544+0200] {logging_mixin.py:151} INFO - [2023-10-19T22:40:24.544+0200] {dagbag.py:539} INFO - Filling up the DagBag from /Users/nick/Desktop/airflow_dic/venv/lib/python3.11/site-packages/airflow/example_dags/example_setup_teardown.py
[2023-10-19T22:40:24.554+0200] {processor.py:839} INFO - DAG(s) dict_keys(['example_setup_teardown']) retrieved from /Users/nick/Desktop/airflow_dic/venv/lib/python3.11/site-packages/airflow/example_dags/example_setup_teardown.py
[2023-10-19T22:40:24.611+0200] {logging_mixin.py:151} INFO - [2023-10-19T22:40:24.611+0200] {dag.py:2915} INFO - Sync 1 DAGs
[2023-10-19T22:40:24.617+0200] {logging_mixin.py:151} INFO - [2023-10-19T22:40:24.617+0200] {dag.py:3696} INFO - Setting next_dagrun for example_setup_teardown to 2023-10-18T20:40:24.616972+00:00, run_after=2023-10-19T20:40:24.616972+00:00
[2023-10-19T22:40:24.624+0200] {processor.py:179} INFO - Processing /Users/nick/Desktop/airflow_dic/venv/lib/python3.11/site-packages/airflow/example_dags/example_setup_teardown.py took 0.081 seconds
[2023-10-19T22:41:34.977+0200] {processor.py:157} INFO - Started process (PID=33499) to work on /Users/nick/Desktop/airflow_dic/venv/lib/python3.11/site-packages/airflow/example_dags/example_setup_teardown.py
[2023-10-19T22:41:34.979+0200] {processor.py:829} INFO - Processing file /Users/nick/Desktop/airflow_dic/venv/lib/python3.11/site-packages/airflow/example_dags/example_setup_teardown.py for tasks to queue
[2023-10-19T22:41:34.979+0200] {logging_mixin.py:151} INFO - [2023-10-19T22:41:34.979+0200] {dagbag.py:539} INFO - Filling up the DagBag from /Users/nick/Desktop/airflow_dic/venv/lib/python3.11/site-packages/airflow/example_dags/example_setup_teardown.py
[2023-10-19T22:41:34.990+0200] {processor.py:839} INFO - DAG(s) dict_keys(['example_setup_teardown']) retrieved from /Users/nick/Desktop/airflow_dic/venv/lib/python3.11/site-packages/airflow/example_dags/example_setup_teardown.py
[2023-10-19T22:41:35.048+0200] {logging_mixin.py:151} INFO - [2023-10-19T22:41:35.048+0200] {dag.py:2915} INFO - Sync 1 DAGs
[2023-10-19T22:41:35.055+0200] {logging_mixin.py:151} INFO - [2023-10-19T22:41:35.055+0200] {dag.py:3696} INFO - Setting next_dagrun for example_setup_teardown to 2023-10-18T20:41:35.055394+00:00, run_after=2023-10-19T20:41:35.055394+00:00
[2023-10-19T22:41:35.063+0200] {processor.py:179} INFO - Processing /Users/nick/Desktop/airflow_dic/venv/lib/python3.11/site-packages/airflow/example_dags/example_setup_teardown.py took 0.086 seconds
[2023-10-19T22:42:45.570+0200] {processor.py:157} INFO - Started process (PID=33630) to work on /Users/nick/Desktop/airflow_dic/venv/lib/python3.11/site-packages/airflow/example_dags/example_setup_teardown.py
[2023-10-19T22:42:45.571+0200] {processor.py:829} INFO - Processing file /Users/nick/Desktop/airflow_dic/venv/lib/python3.11/site-packages/airflow/example_dags/example_setup_teardown.py for tasks to queue
[2023-10-19T22:42:45.571+0200] {logging_mixin.py:151} INFO - [2023-10-19T22:42:45.571+0200] {dagbag.py:539} INFO - Filling up the DagBag from /Users/nick/Desktop/airflow_dic/venv/lib/python3.11/site-packages/airflow/example_dags/example_setup_teardown.py
[2023-10-19T22:42:45.581+0200] {processor.py:839} INFO - DAG(s) dict_keys(['example_setup_teardown']) retrieved from /Users/nick/Desktop/airflow_dic/venv/lib/python3.11/site-packages/airflow/example_dags/example_setup_teardown.py
[2023-10-19T22:42:45.638+0200] {logging_mixin.py:151} INFO - [2023-10-19T22:42:45.638+0200] {dag.py:2915} INFO - Sync 1 DAGs
[2023-10-19T22:42:45.643+0200] {logging_mixin.py:151} INFO - [2023-10-19T22:42:45.643+0200] {dag.py:3696} INFO - Setting next_dagrun for example_setup_teardown to 2023-10-18T20:42:45.643728+00:00, run_after=2023-10-19T20:42:45.643728+00:00
[2023-10-19T22:42:45.651+0200] {processor.py:179} INFO - Processing /Users/nick/Desktop/airflow_dic/venv/lib/python3.11/site-packages/airflow/example_dags/example_setup_teardown.py took 0.082 seconds
[2023-10-19T22:43:54.419+0200] {processor.py:157} INFO - Started process (PID=33757) to work on /Users/nick/Desktop/airflow_dic/venv/lib/python3.11/site-packages/airflow/example_dags/example_setup_teardown.py
[2023-10-19T22:43:54.420+0200] {processor.py:829} INFO - Processing file /Users/nick/Desktop/airflow_dic/venv/lib/python3.11/site-packages/airflow/example_dags/example_setup_teardown.py for tasks to queue
[2023-10-19T22:43:54.421+0200] {logging_mixin.py:151} INFO - [2023-10-19T22:43:54.421+0200] {dagbag.py:539} INFO - Filling up the DagBag from /Users/nick/Desktop/airflow_dic/venv/lib/python3.11/site-packages/airflow/example_dags/example_setup_teardown.py
[2023-10-19T22:43:54.430+0200] {processor.py:839} INFO - DAG(s) dict_keys(['example_setup_teardown']) retrieved from /Users/nick/Desktop/airflow_dic/venv/lib/python3.11/site-packages/airflow/example_dags/example_setup_teardown.py
[2023-10-19T22:43:54.485+0200] {logging_mixin.py:151} INFO - [2023-10-19T22:43:54.485+0200] {dag.py:2915} INFO - Sync 1 DAGs
[2023-10-19T22:43:54.491+0200] {logging_mixin.py:151} INFO - [2023-10-19T22:43:54.490+0200] {dag.py:3696} INFO - Setting next_dagrun for example_setup_teardown to 2023-10-18T20:43:54.490886+00:00, run_after=2023-10-19T20:43:54.490886+00:00
[2023-10-19T22:43:54.496+0200] {processor.py:179} INFO - Processing /Users/nick/Desktop/airflow_dic/venv/lib/python3.11/site-packages/airflow/example_dags/example_setup_teardown.py took 0.077 seconds
[2023-10-19T22:45:05.090+0200] {processor.py:157} INFO - Started process (PID=33894) to work on /Users/nick/Desktop/airflow_dic/venv/lib/python3.11/site-packages/airflow/example_dags/example_setup_teardown.py
[2023-10-19T22:45:05.093+0200] {processor.py:829} INFO - Processing file /Users/nick/Desktop/airflow_dic/venv/lib/python3.11/site-packages/airflow/example_dags/example_setup_teardown.py for tasks to queue
[2023-10-19T22:45:05.093+0200] {logging_mixin.py:151} INFO - [2023-10-19T22:45:05.093+0200] {dagbag.py:539} INFO - Filling up the DagBag from /Users/nick/Desktop/airflow_dic/venv/lib/python3.11/site-packages/airflow/example_dags/example_setup_teardown.py
[2023-10-19T22:45:05.103+0200] {processor.py:839} INFO - DAG(s) dict_keys(['example_setup_teardown']) retrieved from /Users/nick/Desktop/airflow_dic/venv/lib/python3.11/site-packages/airflow/example_dags/example_setup_teardown.py
[2023-10-19T22:45:05.166+0200] {logging_mixin.py:151} INFO - [2023-10-19T22:45:05.165+0200] {dag.py:2915} INFO - Sync 1 DAGs
[2023-10-19T22:45:05.171+0200] {logging_mixin.py:151} INFO - [2023-10-19T22:45:05.171+0200] {dag.py:3696} INFO - Setting next_dagrun for example_setup_teardown to 2023-10-18T20:45:05.171273+00:00, run_after=2023-10-19T20:45:05.171273+00:00
[2023-10-19T22:45:05.177+0200] {processor.py:179} INFO - Processing /Users/nick/Desktop/airflow_dic/venv/lib/python3.11/site-packages/airflow/example_dags/example_setup_teardown.py took 0.087 seconds
[2023-10-19T22:45:47.830+0200] {processor.py:157} INFO - Started process (PID=33992) to work on /Users/nick/Desktop/airflow_dic/venv/lib/python3.11/site-packages/airflow/example_dags/example_setup_teardown.py
[2023-10-19T22:45:47.831+0200] {processor.py:829} INFO - Processing file /Users/nick/Desktop/airflow_dic/venv/lib/python3.11/site-packages/airflow/example_dags/example_setup_teardown.py for tasks to queue
[2023-10-19T22:45:47.832+0200] {logging_mixin.py:151} INFO - [2023-10-19T22:45:47.832+0200] {dagbag.py:539} INFO - Filling up the DagBag from /Users/nick/Desktop/airflow_dic/venv/lib/python3.11/site-packages/airflow/example_dags/example_setup_teardown.py
[2023-10-19T22:45:47.841+0200] {processor.py:839} INFO - DAG(s) dict_keys(['example_setup_teardown']) retrieved from /Users/nick/Desktop/airflow_dic/venv/lib/python3.11/site-packages/airflow/example_dags/example_setup_teardown.py
[2023-10-19T22:45:47.897+0200] {logging_mixin.py:151} INFO - [2023-10-19T22:45:47.896+0200] {dag.py:2915} INFO - Sync 1 DAGs
[2023-10-19T22:45:47.902+0200] {logging_mixin.py:151} INFO - [2023-10-19T22:45:47.902+0200] {dag.py:3696} INFO - Setting next_dagrun for example_setup_teardown to 2023-10-18T20:45:47.902098+00:00, run_after=2023-10-19T20:45:47.902098+00:00
[2023-10-19T22:45:47.908+0200] {processor.py:179} INFO - Processing /Users/nick/Desktop/airflow_dic/venv/lib/python3.11/site-packages/airflow/example_dags/example_setup_teardown.py took 0.078 seconds
[2023-10-19T22:46:53.021+0200] {processor.py:157} INFO - Started process (PID=34116) to work on /Users/nick/Desktop/airflow_dic/venv/lib/python3.11/site-packages/airflow/example_dags/example_setup_teardown.py
[2023-10-19T22:46:53.024+0200] {processor.py:829} INFO - Processing file /Users/nick/Desktop/airflow_dic/venv/lib/python3.11/site-packages/airflow/example_dags/example_setup_teardown.py for tasks to queue
[2023-10-19T22:46:53.024+0200] {logging_mixin.py:151} INFO - [2023-10-19T22:46:53.024+0200] {dagbag.py:539} INFO - Filling up the DagBag from /Users/nick/Desktop/airflow_dic/venv/lib/python3.11/site-packages/airflow/example_dags/example_setup_teardown.py
[2023-10-19T22:46:53.034+0200] {processor.py:839} INFO - DAG(s) dict_keys(['example_setup_teardown']) retrieved from /Users/nick/Desktop/airflow_dic/venv/lib/python3.11/site-packages/airflow/example_dags/example_setup_teardown.py
[2023-10-19T22:46:53.089+0200] {logging_mixin.py:151} INFO - [2023-10-19T22:46:53.089+0200] {dag.py:2915} INFO - Sync 1 DAGs
[2023-10-19T22:46:53.094+0200] {logging_mixin.py:151} INFO - [2023-10-19T22:46:53.094+0200] {dag.py:3696} INFO - Setting next_dagrun for example_setup_teardown to 2023-10-18T20:46:53.094828+00:00, run_after=2023-10-19T20:46:53.094828+00:00
[2023-10-19T22:46:53.101+0200] {processor.py:179} INFO - Processing /Users/nick/Desktop/airflow_dic/venv/lib/python3.11/site-packages/airflow/example_dags/example_setup_teardown.py took 0.080 seconds
[2023-10-19T22:48:00.435+0200] {processor.py:157} INFO - Started process (PID=34244) to work on /Users/nick/Desktop/airflow_dic/venv/lib/python3.11/site-packages/airflow/example_dags/example_setup_teardown.py
[2023-10-19T22:48:00.436+0200] {processor.py:829} INFO - Processing file /Users/nick/Desktop/airflow_dic/venv/lib/python3.11/site-packages/airflow/example_dags/example_setup_teardown.py for tasks to queue
[2023-10-19T22:48:00.437+0200] {logging_mixin.py:151} INFO - [2023-10-19T22:48:00.437+0200] {dagbag.py:539} INFO - Filling up the DagBag from /Users/nick/Desktop/airflow_dic/venv/lib/python3.11/site-packages/airflow/example_dags/example_setup_teardown.py
[2023-10-19T22:48:00.446+0200] {processor.py:839} INFO - DAG(s) dict_keys(['example_setup_teardown']) retrieved from /Users/nick/Desktop/airflow_dic/venv/lib/python3.11/site-packages/airflow/example_dags/example_setup_teardown.py
[2023-10-19T22:48:00.502+0200] {logging_mixin.py:151} INFO - [2023-10-19T22:48:00.502+0200] {dag.py:2915} INFO - Sync 1 DAGs
[2023-10-19T22:48:00.507+0200] {logging_mixin.py:151} INFO - [2023-10-19T22:48:00.507+0200] {dag.py:3696} INFO - Setting next_dagrun for example_setup_teardown to 2023-10-18T20:48:00.507758+00:00, run_after=2023-10-19T20:48:00.507758+00:00
[2023-10-19T22:48:00.514+0200] {processor.py:179} INFO - Processing /Users/nick/Desktop/airflow_dic/venv/lib/python3.11/site-packages/airflow/example_dags/example_setup_teardown.py took 0.079 seconds
[2023-10-19T22:49:10.353+0200] {processor.py:157} INFO - Started process (PID=34384) to work on /Users/nick/Desktop/airflow_dic/venv/lib/python3.11/site-packages/airflow/example_dags/example_setup_teardown.py
[2023-10-19T22:49:10.355+0200] {processor.py:829} INFO - Processing file /Users/nick/Desktop/airflow_dic/venv/lib/python3.11/site-packages/airflow/example_dags/example_setup_teardown.py for tasks to queue
[2023-10-19T22:49:10.355+0200] {logging_mixin.py:151} INFO - [2023-10-19T22:49:10.355+0200] {dagbag.py:539} INFO - Filling up the DagBag from /Users/nick/Desktop/airflow_dic/venv/lib/python3.11/site-packages/airflow/example_dags/example_setup_teardown.py
[2023-10-19T22:49:10.365+0200] {processor.py:839} INFO - DAG(s) dict_keys(['example_setup_teardown']) retrieved from /Users/nick/Desktop/airflow_dic/venv/lib/python3.11/site-packages/airflow/example_dags/example_setup_teardown.py
[2023-10-19T22:49:10.420+0200] {logging_mixin.py:151} INFO - [2023-10-19T22:49:10.420+0200] {dag.py:2915} INFO - Sync 1 DAGs
[2023-10-19T22:49:10.425+0200] {logging_mixin.py:151} INFO - [2023-10-19T22:49:10.425+0200] {dag.py:3696} INFO - Setting next_dagrun for example_setup_teardown to 2023-10-18T20:49:10.425813+00:00, run_after=2023-10-19T20:49:10.425813+00:00
[2023-10-19T22:49:10.432+0200] {processor.py:179} INFO - Processing /Users/nick/Desktop/airflow_dic/venv/lib/python3.11/site-packages/airflow/example_dags/example_setup_teardown.py took 0.079 seconds
[2023-10-19T22:50:18.533+0200] {processor.py:157} INFO - Started process (PID=34511) to work on /Users/nick/Desktop/airflow_dic/venv/lib/python3.11/site-packages/airflow/example_dags/example_setup_teardown.py
[2023-10-19T22:50:18.534+0200] {processor.py:829} INFO - Processing file /Users/nick/Desktop/airflow_dic/venv/lib/python3.11/site-packages/airflow/example_dags/example_setup_teardown.py for tasks to queue
[2023-10-19T22:50:18.534+0200] {logging_mixin.py:151} INFO - [2023-10-19T22:50:18.534+0200] {dagbag.py:539} INFO - Filling up the DagBag from /Users/nick/Desktop/airflow_dic/venv/lib/python3.11/site-packages/airflow/example_dags/example_setup_teardown.py
[2023-10-19T22:50:18.544+0200] {processor.py:839} INFO - DAG(s) dict_keys(['example_setup_teardown']) retrieved from /Users/nick/Desktop/airflow_dic/venv/lib/python3.11/site-packages/airflow/example_dags/example_setup_teardown.py
[2023-10-19T22:50:18.599+0200] {logging_mixin.py:151} INFO - [2023-10-19T22:50:18.599+0200] {dag.py:2915} INFO - Sync 1 DAGs
[2023-10-19T22:50:18.604+0200] {logging_mixin.py:151} INFO - [2023-10-19T22:50:18.604+0200] {dag.py:3696} INFO - Setting next_dagrun for example_setup_teardown to 2023-10-18T20:50:18.604722+00:00, run_after=2023-10-19T20:50:18.604722+00:00
[2023-10-19T22:50:18.611+0200] {processor.py:179} INFO - Processing /Users/nick/Desktop/airflow_dic/venv/lib/python3.11/site-packages/airflow/example_dags/example_setup_teardown.py took 0.078 seconds
[2023-10-19T22:53:46.279+0200] {processor.py:157} INFO - Started process (PID=34831) to work on /Users/nick/Desktop/airflow_dic/venv/lib/python3.11/site-packages/airflow/example_dags/example_setup_teardown.py
[2023-10-19T22:53:46.280+0200] {processor.py:829} INFO - Processing file /Users/nick/Desktop/airflow_dic/venv/lib/python3.11/site-packages/airflow/example_dags/example_setup_teardown.py for tasks to queue
[2023-10-19T22:53:46.280+0200] {logging_mixin.py:151} INFO - [2023-10-19T22:53:46.280+0200] {dagbag.py:539} INFO - Filling up the DagBag from /Users/nick/Desktop/airflow_dic/venv/lib/python3.11/site-packages/airflow/example_dags/example_setup_teardown.py
[2023-10-19T22:53:46.290+0200] {processor.py:839} INFO - DAG(s) dict_keys(['example_setup_teardown']) retrieved from /Users/nick/Desktop/airflow_dic/venv/lib/python3.11/site-packages/airflow/example_dags/example_setup_teardown.py
[2023-10-19T22:53:46.350+0200] {logging_mixin.py:151} INFO - [2023-10-19T22:53:46.350+0200] {dag.py:2915} INFO - Sync 1 DAGs
[2023-10-19T22:53:46.356+0200] {logging_mixin.py:151} INFO - [2023-10-19T22:53:46.356+0200] {dag.py:3696} INFO - Setting next_dagrun for example_setup_teardown to 2023-10-18T20:53:46.356115+00:00, run_after=2023-10-19T20:53:46.356115+00:00
[2023-10-19T22:53:46.365+0200] {processor.py:179} INFO - Processing /Users/nick/Desktop/airflow_dic/venv/lib/python3.11/site-packages/airflow/example_dags/example_setup_teardown.py took 0.086 seconds
[2023-10-19T22:54:49.315+0200] {processor.py:157} INFO - Started process (PID=34959) to work on /Users/nick/Desktop/airflow_dic/venv/lib/python3.11/site-packages/airflow/example_dags/example_setup_teardown.py
[2023-10-19T22:54:49.317+0200] {processor.py:829} INFO - Processing file /Users/nick/Desktop/airflow_dic/venv/lib/python3.11/site-packages/airflow/example_dags/example_setup_teardown.py for tasks to queue
[2023-10-19T22:54:49.317+0200] {logging_mixin.py:151} INFO - [2023-10-19T22:54:49.317+0200] {dagbag.py:539} INFO - Filling up the DagBag from /Users/nick/Desktop/airflow_dic/venv/lib/python3.11/site-packages/airflow/example_dags/example_setup_teardown.py
[2023-10-19T22:54:49.327+0200] {processor.py:839} INFO - DAG(s) dict_keys(['example_setup_teardown']) retrieved from /Users/nick/Desktop/airflow_dic/venv/lib/python3.11/site-packages/airflow/example_dags/example_setup_teardown.py
[2023-10-19T22:54:49.382+0200] {logging_mixin.py:151} INFO - [2023-10-19T22:54:49.382+0200] {dag.py:2915} INFO - Sync 1 DAGs
[2023-10-19T22:54:49.387+0200] {logging_mixin.py:151} INFO - [2023-10-19T22:54:49.387+0200] {dag.py:3696} INFO - Setting next_dagrun for example_setup_teardown to 2023-10-18T20:54:49.387351+00:00, run_after=2023-10-19T20:54:49.387351+00:00
[2023-10-19T22:54:49.393+0200] {processor.py:179} INFO - Processing /Users/nick/Desktop/airflow_dic/venv/lib/python3.11/site-packages/airflow/example_dags/example_setup_teardown.py took 0.079 seconds
[2023-10-19T22:55:56.448+0200] {processor.py:157} INFO - Started process (PID=35094) to work on /Users/nick/Desktop/airflow_dic/venv/lib/python3.11/site-packages/airflow/example_dags/example_setup_teardown.py
[2023-10-19T22:55:56.450+0200] {processor.py:829} INFO - Processing file /Users/nick/Desktop/airflow_dic/venv/lib/python3.11/site-packages/airflow/example_dags/example_setup_teardown.py for tasks to queue
[2023-10-19T22:55:56.450+0200] {logging_mixin.py:151} INFO - [2023-10-19T22:55:56.450+0200] {dagbag.py:539} INFO - Filling up the DagBag from /Users/nick/Desktop/airflow_dic/venv/lib/python3.11/site-packages/airflow/example_dags/example_setup_teardown.py
[2023-10-19T22:55:56.460+0200] {processor.py:839} INFO - DAG(s) dict_keys(['example_setup_teardown']) retrieved from /Users/nick/Desktop/airflow_dic/venv/lib/python3.11/site-packages/airflow/example_dags/example_setup_teardown.py
[2023-10-19T22:55:56.516+0200] {logging_mixin.py:151} INFO - [2023-10-19T22:55:56.516+0200] {dag.py:2915} INFO - Sync 1 DAGs
[2023-10-19T22:55:56.521+0200] {logging_mixin.py:151} INFO - [2023-10-19T22:55:56.521+0200] {dag.py:3696} INFO - Setting next_dagrun for example_setup_teardown to 2023-10-18T20:55:56.521762+00:00, run_after=2023-10-19T20:55:56.521762+00:00
[2023-10-19T22:55:56.528+0200] {processor.py:179} INFO - Processing /Users/nick/Desktop/airflow_dic/venv/lib/python3.11/site-packages/airflow/example_dags/example_setup_teardown.py took 0.080 seconds
[2023-10-19T22:57:06.443+0200] {processor.py:157} INFO - Started process (PID=35235) to work on /Users/nick/Desktop/airflow_dic/venv/lib/python3.11/site-packages/airflow/example_dags/example_setup_teardown.py
[2023-10-19T22:57:06.444+0200] {processor.py:829} INFO - Processing file /Users/nick/Desktop/airflow_dic/venv/lib/python3.11/site-packages/airflow/example_dags/example_setup_teardown.py for tasks to queue
[2023-10-19T22:57:06.444+0200] {logging_mixin.py:151} INFO - [2023-10-19T22:57:06.444+0200] {dagbag.py:539} INFO - Filling up the DagBag from /Users/nick/Desktop/airflow_dic/venv/lib/python3.11/site-packages/airflow/example_dags/example_setup_teardown.py
[2023-10-19T22:57:06.454+0200] {processor.py:839} INFO - DAG(s) dict_keys(['example_setup_teardown']) retrieved from /Users/nick/Desktop/airflow_dic/venv/lib/python3.11/site-packages/airflow/example_dags/example_setup_teardown.py
[2023-10-19T22:57:06.510+0200] {logging_mixin.py:151} INFO - [2023-10-19T22:57:06.510+0200] {dag.py:2915} INFO - Sync 1 DAGs
[2023-10-19T22:57:06.515+0200] {logging_mixin.py:151} INFO - [2023-10-19T22:57:06.515+0200] {dag.py:3696} INFO - Setting next_dagrun for example_setup_teardown to 2023-10-18T20:57:06.515255+00:00, run_after=2023-10-19T20:57:06.515255+00:00
[2023-10-19T22:57:06.521+0200] {processor.py:179} INFO - Processing /Users/nick/Desktop/airflow_dic/venv/lib/python3.11/site-packages/airflow/example_dags/example_setup_teardown.py took 0.079 seconds
[2023-10-19T22:58:13.097+0200] {processor.py:157} INFO - Started process (PID=35367) to work on /Users/nick/Desktop/airflow_dic/venv/lib/python3.11/site-packages/airflow/example_dags/example_setup_teardown.py
[2023-10-19T22:58:13.099+0200] {processor.py:829} INFO - Processing file /Users/nick/Desktop/airflow_dic/venv/lib/python3.11/site-packages/airflow/example_dags/example_setup_teardown.py for tasks to queue
[2023-10-19T22:58:13.099+0200] {logging_mixin.py:151} INFO - [2023-10-19T22:58:13.099+0200] {dagbag.py:539} INFO - Filling up the DagBag from /Users/nick/Desktop/airflow_dic/venv/lib/python3.11/site-packages/airflow/example_dags/example_setup_teardown.py
[2023-10-19T22:58:13.108+0200] {processor.py:839} INFO - DAG(s) dict_keys(['example_setup_teardown']) retrieved from /Users/nick/Desktop/airflow_dic/venv/lib/python3.11/site-packages/airflow/example_dags/example_setup_teardown.py
[2023-10-19T22:58:13.164+0200] {logging_mixin.py:151} INFO - [2023-10-19T22:58:13.164+0200] {dag.py:2915} INFO - Sync 1 DAGs
[2023-10-19T22:58:13.169+0200] {logging_mixin.py:151} INFO - [2023-10-19T22:58:13.169+0200] {dag.py:3696} INFO - Setting next_dagrun for example_setup_teardown to 2023-10-18T20:58:13.169406+00:00, run_after=2023-10-19T20:58:13.169406+00:00
[2023-10-19T22:58:13.175+0200] {processor.py:179} INFO - Processing /Users/nick/Desktop/airflow_dic/venv/lib/python3.11/site-packages/airflow/example_dags/example_setup_teardown.py took 0.078 seconds
[2023-10-19T22:59:19.315+0200] {processor.py:157} INFO - Started process (PID=35508) to work on /Users/nick/Desktop/airflow_dic/venv/lib/python3.11/site-packages/airflow/example_dags/example_setup_teardown.py
[2023-10-19T22:59:19.316+0200] {processor.py:829} INFO - Processing file /Users/nick/Desktop/airflow_dic/venv/lib/python3.11/site-packages/airflow/example_dags/example_setup_teardown.py for tasks to queue
[2023-10-19T22:59:19.316+0200] {logging_mixin.py:151} INFO - [2023-10-19T22:59:19.316+0200] {dagbag.py:539} INFO - Filling up the DagBag from /Users/nick/Desktop/airflow_dic/venv/lib/python3.11/site-packages/airflow/example_dags/example_setup_teardown.py
[2023-10-19T22:59:19.326+0200] {processor.py:839} INFO - DAG(s) dict_keys(['example_setup_teardown']) retrieved from /Users/nick/Desktop/airflow_dic/venv/lib/python3.11/site-packages/airflow/example_dags/example_setup_teardown.py
[2023-10-19T22:59:19.382+0200] {logging_mixin.py:151} INFO - [2023-10-19T22:59:19.382+0200] {dag.py:2915} INFO - Sync 1 DAGs
[2023-10-19T22:59:19.387+0200] {logging_mixin.py:151} INFO - [2023-10-19T22:59:19.387+0200] {dag.py:3696} INFO - Setting next_dagrun for example_setup_teardown to 2023-10-18T20:59:19.387501+00:00, run_after=2023-10-19T20:59:19.387501+00:00
[2023-10-19T22:59:19.393+0200] {processor.py:179} INFO - Processing /Users/nick/Desktop/airflow_dic/venv/lib/python3.11/site-packages/airflow/example_dags/example_setup_teardown.py took 0.079 seconds
