[2023-10-19T22:18:33.188+0200] {processor.py:157} INFO - Started process (PID=28900) to work on /Users/nick/Desktop/airflow_dic/venv/lib/python3.11/site-packages/airflow/example_dags/example_python_operator.py
[2023-10-19T22:18:33.190+0200] {processor.py:829} INFO - Processing file /Users/nick/Desktop/airflow_dic/venv/lib/python3.11/site-packages/airflow/example_dags/example_python_operator.py for tasks to queue
[2023-10-19T22:18:33.190+0200] {logging_mixin.py:151} INFO - [2023-10-19T22:18:33.190+0200] {dagbag.py:539} INFO - Filling up the DagBag from /Users/nick/Desktop/airflow_dic/venv/lib/python3.11/site-packages/airflow/example_dags/example_python_operator.py
[2023-10-19T22:18:33.209+0200] {logging_mixin.py:151} INFO - [2023-10-19T22:18:33.209+0200] {example_python_operator.py:89} WARNING - The virtalenv_python example task requires virtualenv, please install it.
[2023-10-19T22:18:33.211+0200] {processor.py:839} INFO - DAG(s) dict_keys(['example_python_operator']) retrieved from /Users/nick/Desktop/airflow_dic/venv/lib/python3.11/site-packages/airflow/example_dags/example_python_operator.py
[2023-10-19T22:18:33.488+0200] {logging_mixin.py:151} INFO - [2023-10-19T22:18:33.488+0200] {manager.py:499} INFO - Created Permission View: %s
[2023-10-19T22:18:33.490+0200] {logging_mixin.py:151} INFO - [2023-10-19T22:18:33.490+0200] {manager.py:499} INFO - Created Permission View: %s
[2023-10-19T22:18:33.492+0200] {logging_mixin.py:151} INFO - [2023-10-19T22:18:33.492+0200] {manager.py:499} INFO - Created Permission View: %s
[2023-10-19T22:18:33.493+0200] {logging_mixin.py:151} INFO - [2023-10-19T22:18:33.492+0200] {security.py:708} INFO - Not syncing DAG-level permissions for DAG 'DAG:example_python_operator' as access control is unset.
[2023-10-19T22:18:33.493+0200] {logging_mixin.py:151} INFO - [2023-10-19T22:18:33.493+0200] {dag.py:2915} INFO - Sync 1 DAGs
[2023-10-19T22:18:33.496+0200] {logging_mixin.py:151} INFO - [2023-10-19T22:18:33.496+0200] {dag.py:2937} INFO - Creating ORM DAG for example_python_operator
[2023-10-19T22:18:33.497+0200] {logging_mixin.py:151} INFO - [2023-10-19T22:18:33.497+0200] {dag.py:3696} INFO - Setting next_dagrun for example_python_operator to None, run_after=None
[2023-10-19T22:18:33.502+0200] {processor.py:179} INFO - Processing /Users/nick/Desktop/airflow_dic/venv/lib/python3.11/site-packages/airflow/example_dags/example_python_operator.py took 0.314 seconds
[2023-10-19T22:19:46.600+0200] {processor.py:157} INFO - Started process (PID=29039) to work on /Users/nick/Desktop/airflow_dic/venv/lib/python3.11/site-packages/airflow/example_dags/example_python_operator.py
[2023-10-19T22:19:46.603+0200] {processor.py:829} INFO - Processing file /Users/nick/Desktop/airflow_dic/venv/lib/python3.11/site-packages/airflow/example_dags/example_python_operator.py for tasks to queue
[2023-10-19T22:19:46.603+0200] {logging_mixin.py:151} INFO - [2023-10-19T22:19:46.603+0200] {dagbag.py:539} INFO - Filling up the DagBag from /Users/nick/Desktop/airflow_dic/venv/lib/python3.11/site-packages/airflow/example_dags/example_python_operator.py
[2023-10-19T22:19:46.621+0200] {logging_mixin.py:151} INFO - [2023-10-19T22:19:46.621+0200] {example_python_operator.py:89} WARNING - The virtalenv_python example task requires virtualenv, please install it.
[2023-10-19T22:19:46.623+0200] {processor.py:839} INFO - DAG(s) dict_keys(['example_python_operator']) retrieved from /Users/nick/Desktop/airflow_dic/venv/lib/python3.11/site-packages/airflow/example_dags/example_python_operator.py
[2023-10-19T22:19:46.677+0200] {logging_mixin.py:151} INFO - [2023-10-19T22:19:46.677+0200] {dag.py:2915} INFO - Sync 1 DAGs
[2023-10-19T22:19:46.680+0200] {logging_mixin.py:151} INFO - [2023-10-19T22:19:46.680+0200] {dag.py:3696} INFO - Setting next_dagrun for example_python_operator to None, run_after=None
[2023-10-19T22:19:46.687+0200] {processor.py:179} INFO - Processing /Users/nick/Desktop/airflow_dic/venv/lib/python3.11/site-packages/airflow/example_dags/example_python_operator.py took 0.087 seconds
[2023-10-19T22:20:50.585+0200] {processor.py:157} INFO - Started process (PID=29159) to work on /Users/nick/Desktop/airflow_dic/venv/lib/python3.11/site-packages/airflow/example_dags/example_python_operator.py
[2023-10-19T22:20:50.587+0200] {processor.py:829} INFO - Processing file /Users/nick/Desktop/airflow_dic/venv/lib/python3.11/site-packages/airflow/example_dags/example_python_operator.py for tasks to queue
[2023-10-19T22:20:50.587+0200] {logging_mixin.py:151} INFO - [2023-10-19T22:20:50.587+0200] {dagbag.py:539} INFO - Filling up the DagBag from /Users/nick/Desktop/airflow_dic/venv/lib/python3.11/site-packages/airflow/example_dags/example_python_operator.py
[2023-10-19T22:20:50.605+0200] {logging_mixin.py:151} INFO - [2023-10-19T22:20:50.605+0200] {example_python_operator.py:89} WARNING - The virtalenv_python example task requires virtualenv, please install it.
[2023-10-19T22:20:50.607+0200] {processor.py:839} INFO - DAG(s) dict_keys(['example_python_operator']) retrieved from /Users/nick/Desktop/airflow_dic/venv/lib/python3.11/site-packages/airflow/example_dags/example_python_operator.py
[2023-10-19T22:20:50.662+0200] {logging_mixin.py:151} INFO - [2023-10-19T22:20:50.662+0200] {dag.py:2915} INFO - Sync 1 DAGs
[2023-10-19T22:20:50.665+0200] {logging_mixin.py:151} INFO - [2023-10-19T22:20:50.665+0200] {dag.py:3696} INFO - Setting next_dagrun for example_python_operator to None, run_after=None
[2023-10-19T22:20:50.671+0200] {processor.py:179} INFO - Processing /Users/nick/Desktop/airflow_dic/venv/lib/python3.11/site-packages/airflow/example_dags/example_python_operator.py took 0.086 seconds
[2023-10-19T22:21:58.969+0200] {processor.py:157} INFO - Started process (PID=29301) to work on /Users/nick/Desktop/airflow_dic/venv/lib/python3.11/site-packages/airflow/example_dags/example_python_operator.py
[2023-10-19T22:21:58.971+0200] {processor.py:829} INFO - Processing file /Users/nick/Desktop/airflow_dic/venv/lib/python3.11/site-packages/airflow/example_dags/example_python_operator.py for tasks to queue
[2023-10-19T22:21:58.972+0200] {logging_mixin.py:151} INFO - [2023-10-19T22:21:58.972+0200] {dagbag.py:539} INFO - Filling up the DagBag from /Users/nick/Desktop/airflow_dic/venv/lib/python3.11/site-packages/airflow/example_dags/example_python_operator.py
[2023-10-19T22:21:58.990+0200] {logging_mixin.py:151} INFO - [2023-10-19T22:21:58.990+0200] {example_python_operator.py:89} WARNING - The virtalenv_python example task requires virtualenv, please install it.
[2023-10-19T22:21:58.992+0200] {processor.py:839} INFO - DAG(s) dict_keys(['example_python_operator']) retrieved from /Users/nick/Desktop/airflow_dic/venv/lib/python3.11/site-packages/airflow/example_dags/example_python_operator.py
[2023-10-19T22:21:59.046+0200] {logging_mixin.py:151} INFO - [2023-10-19T22:21:59.046+0200] {dag.py:2915} INFO - Sync 1 DAGs
[2023-10-19T22:21:59.050+0200] {logging_mixin.py:151} INFO - [2023-10-19T22:21:59.050+0200] {dag.py:3696} INFO - Setting next_dagrun for example_python_operator to None, run_after=None
[2023-10-19T22:21:59.056+0200] {processor.py:179} INFO - Processing /Users/nick/Desktop/airflow_dic/venv/lib/python3.11/site-packages/airflow/example_dags/example_python_operator.py took 0.087 seconds
[2023-10-19T22:22:41.008+0200] {processor.py:157} INFO - Started process (PID=29389) to work on /Users/nick/Desktop/airflow_dic/venv/lib/python3.11/site-packages/airflow/example_dags/example_python_operator.py
[2023-10-19T22:22:41.009+0200] {processor.py:829} INFO - Processing file /Users/nick/Desktop/airflow_dic/venv/lib/python3.11/site-packages/airflow/example_dags/example_python_operator.py for tasks to queue
[2023-10-19T22:22:41.009+0200] {logging_mixin.py:151} INFO - [2023-10-19T22:22:41.009+0200] {dagbag.py:539} INFO - Filling up the DagBag from /Users/nick/Desktop/airflow_dic/venv/lib/python3.11/site-packages/airflow/example_dags/example_python_operator.py
[2023-10-19T22:22:41.028+0200] {logging_mixin.py:151} INFO - [2023-10-19T22:22:41.028+0200] {example_python_operator.py:89} WARNING - The virtalenv_python example task requires virtualenv, please install it.
[2023-10-19T22:22:41.030+0200] {processor.py:839} INFO - DAG(s) dict_keys(['example_python_operator']) retrieved from /Users/nick/Desktop/airflow_dic/venv/lib/python3.11/site-packages/airflow/example_dags/example_python_operator.py
[2023-10-19T22:22:41.084+0200] {logging_mixin.py:151} INFO - [2023-10-19T22:22:41.084+0200] {dag.py:2915} INFO - Sync 1 DAGs
[2023-10-19T22:22:41.087+0200] {logging_mixin.py:151} INFO - [2023-10-19T22:22:41.087+0200] {dag.py:3696} INFO - Setting next_dagrun for example_python_operator to None, run_after=None
[2023-10-19T22:22:41.094+0200] {processor.py:179} INFO - Processing /Users/nick/Desktop/airflow_dic/venv/lib/python3.11/site-packages/airflow/example_dags/example_python_operator.py took 0.086 seconds
[2023-10-19T22:23:22.692+0200] {processor.py:157} INFO - Started process (PID=29477) to work on /Users/nick/Desktop/airflow_dic/venv/lib/python3.11/site-packages/airflow/example_dags/example_python_operator.py
[2023-10-19T22:23:22.693+0200] {processor.py:829} INFO - Processing file /Users/nick/Desktop/airflow_dic/venv/lib/python3.11/site-packages/airflow/example_dags/example_python_operator.py for tasks to queue
[2023-10-19T22:23:22.693+0200] {logging_mixin.py:151} INFO - [2023-10-19T22:23:22.693+0200] {dagbag.py:539} INFO - Filling up the DagBag from /Users/nick/Desktop/airflow_dic/venv/lib/python3.11/site-packages/airflow/example_dags/example_python_operator.py
[2023-10-19T22:23:22.712+0200] {logging_mixin.py:151} INFO - [2023-10-19T22:23:22.711+0200] {example_python_operator.py:89} WARNING - The virtalenv_python example task requires virtualenv, please install it.
[2023-10-19T22:23:22.714+0200] {processor.py:839} INFO - DAG(s) dict_keys(['example_python_operator']) retrieved from /Users/nick/Desktop/airflow_dic/venv/lib/python3.11/site-packages/airflow/example_dags/example_python_operator.py
[2023-10-19T22:23:22.767+0200] {logging_mixin.py:151} INFO - [2023-10-19T22:23:22.767+0200] {dag.py:2915} INFO - Sync 1 DAGs
[2023-10-19T22:23:22.771+0200] {logging_mixin.py:151} INFO - [2023-10-19T22:23:22.771+0200] {dag.py:3696} INFO - Setting next_dagrun for example_python_operator to None, run_after=None
[2023-10-19T22:23:22.777+0200] {processor.py:179} INFO - Processing /Users/nick/Desktop/airflow_dic/venv/lib/python3.11/site-packages/airflow/example_dags/example_python_operator.py took 0.086 seconds
[2023-10-19T22:24:26.590+0200] {processor.py:157} INFO - Started process (PID=29597) to work on /Users/nick/Desktop/airflow_dic/venv/lib/python3.11/site-packages/airflow/example_dags/example_python_operator.py
[2023-10-19T22:24:26.591+0200] {processor.py:829} INFO - Processing file /Users/nick/Desktop/airflow_dic/venv/lib/python3.11/site-packages/airflow/example_dags/example_python_operator.py for tasks to queue
[2023-10-19T22:24:26.591+0200] {logging_mixin.py:151} INFO - [2023-10-19T22:24:26.591+0200] {dagbag.py:539} INFO - Filling up the DagBag from /Users/nick/Desktop/airflow_dic/venv/lib/python3.11/site-packages/airflow/example_dags/example_python_operator.py
[2023-10-19T22:24:26.610+0200] {logging_mixin.py:151} INFO - [2023-10-19T22:24:26.609+0200] {example_python_operator.py:89} WARNING - The virtalenv_python example task requires virtualenv, please install it.
[2023-10-19T22:24:26.612+0200] {processor.py:839} INFO - DAG(s) dict_keys(['example_python_operator']) retrieved from /Users/nick/Desktop/airflow_dic/venv/lib/python3.11/site-packages/airflow/example_dags/example_python_operator.py
[2023-10-19T22:24:26.665+0200] {logging_mixin.py:151} INFO - [2023-10-19T22:24:26.665+0200] {dag.py:2915} INFO - Sync 1 DAGs
[2023-10-19T22:24:26.668+0200] {logging_mixin.py:151} INFO - [2023-10-19T22:24:26.668+0200] {dag.py:3696} INFO - Setting next_dagrun for example_python_operator to None, run_after=None
[2023-10-19T22:24:26.674+0200] {processor.py:179} INFO - Processing /Users/nick/Desktop/airflow_dic/venv/lib/python3.11/site-packages/airflow/example_dags/example_python_operator.py took 0.085 seconds
[2023-10-19T22:25:28.317+0200] {processor.py:157} INFO - Started process (PID=29751) to work on /Users/nick/Desktop/airflow_dic/venv/lib/python3.11/site-packages/airflow/example_dags/example_python_operator.py
[2023-10-19T22:25:28.318+0200] {processor.py:829} INFO - Processing file /Users/nick/Desktop/airflow_dic/venv/lib/python3.11/site-packages/airflow/example_dags/example_python_operator.py for tasks to queue
[2023-10-19T22:25:28.318+0200] {logging_mixin.py:151} INFO - [2023-10-19T22:25:28.318+0200] {dagbag.py:539} INFO - Filling up the DagBag from /Users/nick/Desktop/airflow_dic/venv/lib/python3.11/site-packages/airflow/example_dags/example_python_operator.py
[2023-10-19T22:25:28.341+0200] {logging_mixin.py:151} INFO - [2023-10-19T22:25:28.341+0200] {example_python_operator.py:89} WARNING - The virtalenv_python example task requires virtualenv, please install it.
[2023-10-19T22:25:28.344+0200] {processor.py:839} INFO - DAG(s) dict_keys(['example_python_operator']) retrieved from /Users/nick/Desktop/airflow_dic/venv/lib/python3.11/site-packages/airflow/example_dags/example_python_operator.py
[2023-10-19T22:25:28.407+0200] {logging_mixin.py:151} INFO - [2023-10-19T22:25:28.407+0200] {dag.py:2915} INFO - Sync 1 DAGs
[2023-10-19T22:25:28.411+0200] {logging_mixin.py:151} INFO - [2023-10-19T22:25:28.411+0200] {dag.py:3696} INFO - Setting next_dagrun for example_python_operator to None, run_after=None
[2023-10-19T22:25:28.418+0200] {processor.py:179} INFO - Processing /Users/nick/Desktop/airflow_dic/venv/lib/python3.11/site-packages/airflow/example_dags/example_python_operator.py took 0.102 seconds
[2023-10-19T22:26:43.949+0200] {processor.py:157} INFO - Started process (PID=31752) to work on /Users/nick/Desktop/airflow_dic/venv/lib/python3.11/site-packages/airflow/example_dags/example_python_operator.py
[2023-10-19T22:26:43.950+0200] {processor.py:829} INFO - Processing file /Users/nick/Desktop/airflow_dic/venv/lib/python3.11/site-packages/airflow/example_dags/example_python_operator.py for tasks to queue
[2023-10-19T22:26:43.950+0200] {logging_mixin.py:151} INFO - [2023-10-19T22:26:43.950+0200] {dagbag.py:539} INFO - Filling up the DagBag from /Users/nick/Desktop/airflow_dic/venv/lib/python3.11/site-packages/airflow/example_dags/example_python_operator.py
[2023-10-19T22:26:43.969+0200] {logging_mixin.py:151} INFO - [2023-10-19T22:26:43.969+0200] {example_python_operator.py:89} WARNING - The virtalenv_python example task requires virtualenv, please install it.
[2023-10-19T22:26:43.971+0200] {processor.py:839} INFO - DAG(s) dict_keys(['example_python_operator']) retrieved from /Users/nick/Desktop/airflow_dic/venv/lib/python3.11/site-packages/airflow/example_dags/example_python_operator.py
[2023-10-19T22:26:44.259+0200] {logging_mixin.py:151} INFO - [2023-10-19T22:26:44.259+0200] {security.py:708} INFO - Not syncing DAG-level permissions for DAG 'DAG:example_python_operator' as access control is unset.
[2023-10-19T22:26:44.259+0200] {logging_mixin.py:151} INFO - [2023-10-19T22:26:44.259+0200] {dag.py:2915} INFO - Sync 1 DAGs
[2023-10-19T22:26:44.262+0200] {logging_mixin.py:151} INFO - [2023-10-19T22:26:44.262+0200] {dag.py:2937} INFO - Creating ORM DAG for example_python_operator
[2023-10-19T22:26:44.262+0200] {logging_mixin.py:151} INFO - [2023-10-19T22:26:44.262+0200] {dag.py:3696} INFO - Setting next_dagrun for example_python_operator to None, run_after=None
[2023-10-19T22:26:44.268+0200] {processor.py:179} INFO - Processing /Users/nick/Desktop/airflow_dic/venv/lib/python3.11/site-packages/airflow/example_dags/example_python_operator.py took 0.320 seconds
[2023-10-19T22:27:51.871+0200] {processor.py:157} INFO - Started process (PID=31877) to work on /Users/nick/Desktop/airflow_dic/venv/lib/python3.11/site-packages/airflow/example_dags/example_python_operator.py
[2023-10-19T22:27:51.872+0200] {processor.py:829} INFO - Processing file /Users/nick/Desktop/airflow_dic/venv/lib/python3.11/site-packages/airflow/example_dags/example_python_operator.py for tasks to queue
[2023-10-19T22:27:51.872+0200] {logging_mixin.py:151} INFO - [2023-10-19T22:27:51.872+0200] {dagbag.py:539} INFO - Filling up the DagBag from /Users/nick/Desktop/airflow_dic/venv/lib/python3.11/site-packages/airflow/example_dags/example_python_operator.py
[2023-10-19T22:27:51.893+0200] {logging_mixin.py:151} INFO - [2023-10-19T22:27:51.893+0200] {example_python_operator.py:89} WARNING - The virtalenv_python example task requires virtualenv, please install it.
[2023-10-19T22:27:51.895+0200] {processor.py:839} INFO - DAG(s) dict_keys(['example_python_operator']) retrieved from /Users/nick/Desktop/airflow_dic/venv/lib/python3.11/site-packages/airflow/example_dags/example_python_operator.py
[2023-10-19T22:27:52.202+0200] {logging_mixin.py:151} INFO - [2023-10-19T22:27:52.202+0200] {security.py:708} INFO - Not syncing DAG-level permissions for DAG 'DAG:example_python_operator' as access control is unset.
[2023-10-19T22:27:52.202+0200] {logging_mixin.py:151} INFO - [2023-10-19T22:27:52.202+0200] {dag.py:2915} INFO - Sync 1 DAGs
[2023-10-19T22:27:52.205+0200] {logging_mixin.py:151} INFO - [2023-10-19T22:27:52.205+0200] {dag.py:2937} INFO - Creating ORM DAG for example_python_operator
[2023-10-19T22:27:52.206+0200] {logging_mixin.py:151} INFO - [2023-10-19T22:27:52.206+0200] {dag.py:3696} INFO - Setting next_dagrun for example_python_operator to None, run_after=None
[2023-10-19T22:27:52.213+0200] {processor.py:179} INFO - Processing /Users/nick/Desktop/airflow_dic/venv/lib/python3.11/site-packages/airflow/example_dags/example_python_operator.py took 0.342 seconds
[2023-10-19T22:29:02.306+0200] {processor.py:157} INFO - Started process (PID=32030) to work on /Users/nick/Desktop/airflow_dic/venv/lib/python3.11/site-packages/airflow/example_dags/example_python_operator.py
[2023-10-19T22:29:02.307+0200] {processor.py:829} INFO - Processing file /Users/nick/Desktop/airflow_dic/venv/lib/python3.11/site-packages/airflow/example_dags/example_python_operator.py for tasks to queue
[2023-10-19T22:29:02.308+0200] {logging_mixin.py:151} INFO - [2023-10-19T22:29:02.307+0200] {dagbag.py:539} INFO - Filling up the DagBag from /Users/nick/Desktop/airflow_dic/venv/lib/python3.11/site-packages/airflow/example_dags/example_python_operator.py
[2023-10-19T22:29:02.326+0200] {logging_mixin.py:151} INFO - [2023-10-19T22:29:02.326+0200] {example_python_operator.py:89} WARNING - The virtalenv_python example task requires virtualenv, please install it.
[2023-10-19T22:29:02.328+0200] {processor.py:839} INFO - DAG(s) dict_keys(['example_python_operator']) retrieved from /Users/nick/Desktop/airflow_dic/venv/lib/python3.11/site-packages/airflow/example_dags/example_python_operator.py
[2023-10-19T22:29:02.382+0200] {logging_mixin.py:151} INFO - [2023-10-19T22:29:02.382+0200] {dag.py:2915} INFO - Sync 1 DAGs
[2023-10-19T22:29:02.385+0200] {logging_mixin.py:151} INFO - [2023-10-19T22:29:02.385+0200] {dag.py:3696} INFO - Setting next_dagrun for example_python_operator to None, run_after=None
[2023-10-19T22:29:02.391+0200] {processor.py:179} INFO - Processing /Users/nick/Desktop/airflow_dic/venv/lib/python3.11/site-packages/airflow/example_dags/example_python_operator.py took 0.086 seconds
[2023-10-19T22:30:07.206+0200] {processor.py:157} INFO - Started process (PID=32152) to work on /Users/nick/Desktop/airflow_dic/venv/lib/python3.11/site-packages/airflow/example_dags/example_python_operator.py
[2023-10-19T22:30:07.207+0200] {processor.py:829} INFO - Processing file /Users/nick/Desktop/airflow_dic/venv/lib/python3.11/site-packages/airflow/example_dags/example_python_operator.py for tasks to queue
[2023-10-19T22:30:07.208+0200] {logging_mixin.py:151} INFO - [2023-10-19T22:30:07.208+0200] {dagbag.py:539} INFO - Filling up the DagBag from /Users/nick/Desktop/airflow_dic/venv/lib/python3.11/site-packages/airflow/example_dags/example_python_operator.py
[2023-10-19T22:30:07.227+0200] {logging_mixin.py:151} INFO - [2023-10-19T22:30:07.227+0200] {example_python_operator.py:89} WARNING - The virtalenv_python example task requires virtualenv, please install it.
[2023-10-19T22:30:07.229+0200] {processor.py:839} INFO - DAG(s) dict_keys(['example_python_operator']) retrieved from /Users/nick/Desktop/airflow_dic/venv/lib/python3.11/site-packages/airflow/example_dags/example_python_operator.py
[2023-10-19T22:30:07.285+0200] {logging_mixin.py:151} INFO - [2023-10-19T22:30:07.285+0200] {dag.py:2915} INFO - Sync 1 DAGs
[2023-10-19T22:30:07.288+0200] {logging_mixin.py:151} INFO - [2023-10-19T22:30:07.288+0200] {dag.py:3696} INFO - Setting next_dagrun for example_python_operator to None, run_after=None
[2023-10-19T22:30:07.295+0200] {processor.py:179} INFO - Processing /Users/nick/Desktop/airflow_dic/venv/lib/python3.11/site-packages/airflow/example_dags/example_python_operator.py took 0.090 seconds
[2023-10-19T22:31:28.059+0200] {processor.py:157} INFO - Started process (PID=32316) to work on /Users/nick/Desktop/airflow_dic/venv/lib/python3.11/site-packages/airflow/example_dags/example_python_operator.py
[2023-10-19T22:31:28.060+0200] {processor.py:829} INFO - Processing file /Users/nick/Desktop/airflow_dic/venv/lib/python3.11/site-packages/airflow/example_dags/example_python_operator.py for tasks to queue
[2023-10-19T22:31:28.060+0200] {logging_mixin.py:151} INFO - [2023-10-19T22:31:28.060+0200] {dagbag.py:539} INFO - Filling up the DagBag from /Users/nick/Desktop/airflow_dic/venv/lib/python3.11/site-packages/airflow/example_dags/example_python_operator.py
[2023-10-19T22:31:28.082+0200] {logging_mixin.py:151} INFO - [2023-10-19T22:31:28.082+0200] {example_python_operator.py:89} WARNING - The virtalenv_python example task requires virtualenv, please install it.
[2023-10-19T22:31:28.085+0200] {processor.py:839} INFO - DAG(s) dict_keys(['example_python_operator']) retrieved from /Users/nick/Desktop/airflow_dic/venv/lib/python3.11/site-packages/airflow/example_dags/example_python_operator.py
[2023-10-19T22:31:28.141+0200] {logging_mixin.py:151} INFO - [2023-10-19T22:31:28.141+0200] {dag.py:2915} INFO - Sync 1 DAGs
[2023-10-19T22:31:28.144+0200] {logging_mixin.py:151} INFO - [2023-10-19T22:31:28.144+0200] {dag.py:3696} INFO - Setting next_dagrun for example_python_operator to None, run_after=None
[2023-10-19T22:31:28.151+0200] {processor.py:179} INFO - Processing /Users/nick/Desktop/airflow_dic/venv/lib/python3.11/site-packages/airflow/example_dags/example_python_operator.py took 0.093 seconds
[2023-10-19T22:32:32.300+0200] {processor.py:157} INFO - Started process (PID=32431) to work on /Users/nick/Desktop/airflow_dic/venv/lib/python3.11/site-packages/airflow/example_dags/example_python_operator.py
[2023-10-19T22:32:32.301+0200] {processor.py:829} INFO - Processing file /Users/nick/Desktop/airflow_dic/venv/lib/python3.11/site-packages/airflow/example_dags/example_python_operator.py for tasks to queue
[2023-10-19T22:32:32.301+0200] {logging_mixin.py:151} INFO - [2023-10-19T22:32:32.301+0200] {dagbag.py:539} INFO - Filling up the DagBag from /Users/nick/Desktop/airflow_dic/venv/lib/python3.11/site-packages/airflow/example_dags/example_python_operator.py
[2023-10-19T22:32:32.320+0200] {logging_mixin.py:151} INFO - [2023-10-19T22:32:32.320+0200] {example_python_operator.py:89} WARNING - The virtalenv_python example task requires virtualenv, please install it.
[2023-10-19T22:32:32.322+0200] {processor.py:839} INFO - DAG(s) dict_keys(['example_python_operator']) retrieved from /Users/nick/Desktop/airflow_dic/venv/lib/python3.11/site-packages/airflow/example_dags/example_python_operator.py
[2023-10-19T22:32:32.379+0200] {logging_mixin.py:151} INFO - [2023-10-19T22:32:32.379+0200] {dag.py:2915} INFO - Sync 1 DAGs
[2023-10-19T22:32:32.382+0200] {logging_mixin.py:151} INFO - [2023-10-19T22:32:32.382+0200] {dag.py:3696} INFO - Setting next_dagrun for example_python_operator to None, run_after=None
[2023-10-19T22:32:32.388+0200] {processor.py:179} INFO - Processing /Users/nick/Desktop/airflow_dic/venv/lib/python3.11/site-packages/airflow/example_dags/example_python_operator.py took 0.089 seconds
[2023-10-19T22:33:39.934+0200] {processor.py:157} INFO - Started process (PID=32561) to work on /Users/nick/Desktop/airflow_dic/venv/lib/python3.11/site-packages/airflow/example_dags/example_python_operator.py
[2023-10-19T22:33:39.935+0200] {processor.py:829} INFO - Processing file /Users/nick/Desktop/airflow_dic/venv/lib/python3.11/site-packages/airflow/example_dags/example_python_operator.py for tasks to queue
[2023-10-19T22:33:39.935+0200] {logging_mixin.py:151} INFO - [2023-10-19T22:33:39.935+0200] {dagbag.py:539} INFO - Filling up the DagBag from /Users/nick/Desktop/airflow_dic/venv/lib/python3.11/site-packages/airflow/example_dags/example_python_operator.py
[2023-10-19T22:33:39.955+0200] {logging_mixin.py:151} INFO - [2023-10-19T22:33:39.955+0200] {example_python_operator.py:89} WARNING - The virtalenv_python example task requires virtualenv, please install it.
[2023-10-19T22:33:39.957+0200] {processor.py:839} INFO - DAG(s) dict_keys(['example_python_operator']) retrieved from /Users/nick/Desktop/airflow_dic/venv/lib/python3.11/site-packages/airflow/example_dags/example_python_operator.py
[2023-10-19T22:33:40.015+0200] {logging_mixin.py:151} INFO - [2023-10-19T22:33:40.015+0200] {dag.py:2915} INFO - Sync 1 DAGs
[2023-10-19T22:33:40.018+0200] {logging_mixin.py:151} INFO - [2023-10-19T22:33:40.018+0200] {dag.py:3696} INFO - Setting next_dagrun for example_python_operator to None, run_after=None
[2023-10-19T22:33:40.024+0200] {processor.py:179} INFO - Processing /Users/nick/Desktop/airflow_dic/venv/lib/python3.11/site-packages/airflow/example_dags/example_python_operator.py took 0.091 seconds
[2023-10-19T22:34:51.515+0200] {processor.py:157} INFO - Started process (PID=32719) to work on /Users/nick/Desktop/airflow_dic/venv/lib/python3.11/site-packages/airflow/example_dags/example_python_operator.py
[2023-10-19T22:34:51.516+0200] {processor.py:829} INFO - Processing file /Users/nick/Desktop/airflow_dic/venv/lib/python3.11/site-packages/airflow/example_dags/example_python_operator.py for tasks to queue
[2023-10-19T22:34:51.517+0200] {logging_mixin.py:151} INFO - [2023-10-19T22:34:51.517+0200] {dagbag.py:539} INFO - Filling up the DagBag from /Users/nick/Desktop/airflow_dic/venv/lib/python3.11/site-packages/airflow/example_dags/example_python_operator.py
[2023-10-19T22:34:51.536+0200] {logging_mixin.py:151} INFO - [2023-10-19T22:34:51.536+0200] {example_python_operator.py:89} WARNING - The virtalenv_python example task requires virtualenv, please install it.
[2023-10-19T22:34:51.538+0200] {processor.py:839} INFO - DAG(s) dict_keys(['example_python_operator']) retrieved from /Users/nick/Desktop/airflow_dic/venv/lib/python3.11/site-packages/airflow/example_dags/example_python_operator.py
[2023-10-19T22:34:51.592+0200] {logging_mixin.py:151} INFO - [2023-10-19T22:34:51.592+0200] {dag.py:2915} INFO - Sync 1 DAGs
[2023-10-19T22:34:51.595+0200] {logging_mixin.py:151} INFO - [2023-10-19T22:34:51.595+0200] {dag.py:3696} INFO - Setting next_dagrun for example_python_operator to None, run_after=None
[2023-10-19T22:34:51.601+0200] {processor.py:179} INFO - Processing /Users/nick/Desktop/airflow_dic/venv/lib/python3.11/site-packages/airflow/example_dags/example_python_operator.py took 0.087 seconds
[2023-10-19T22:35:58.679+0200] {processor.py:157} INFO - Started process (PID=32868) to work on /Users/nick/Desktop/airflow_dic/venv/lib/python3.11/site-packages/airflow/example_dags/example_python_operator.py
[2023-10-19T22:35:58.681+0200] {processor.py:829} INFO - Processing file /Users/nick/Desktop/airflow_dic/venv/lib/python3.11/site-packages/airflow/example_dags/example_python_operator.py for tasks to queue
[2023-10-19T22:35:58.681+0200] {logging_mixin.py:151} INFO - [2023-10-19T22:35:58.681+0200] {dagbag.py:539} INFO - Filling up the DagBag from /Users/nick/Desktop/airflow_dic/venv/lib/python3.11/site-packages/airflow/example_dags/example_python_operator.py
[2023-10-19T22:35:58.699+0200] {logging_mixin.py:151} INFO - [2023-10-19T22:35:58.699+0200] {example_python_operator.py:89} WARNING - The virtalenv_python example task requires virtualenv, please install it.
[2023-10-19T22:35:58.701+0200] {processor.py:839} INFO - DAG(s) dict_keys(['example_python_operator']) retrieved from /Users/nick/Desktop/airflow_dic/venv/lib/python3.11/site-packages/airflow/example_dags/example_python_operator.py
[2023-10-19T22:35:58.755+0200] {logging_mixin.py:151} INFO - [2023-10-19T22:35:58.755+0200] {dag.py:2915} INFO - Sync 1 DAGs
[2023-10-19T22:35:58.759+0200] {logging_mixin.py:151} INFO - [2023-10-19T22:35:58.759+0200] {dag.py:3696} INFO - Setting next_dagrun for example_python_operator to None, run_after=None
[2023-10-19T22:35:58.765+0200] {processor.py:179} INFO - Processing /Users/nick/Desktop/airflow_dic/venv/lib/python3.11/site-packages/airflow/example_dags/example_python_operator.py took 0.086 seconds
[2023-10-19T22:37:07.262+0200] {processor.py:157} INFO - Started process (PID=32998) to work on /Users/nick/Desktop/airflow_dic/venv/lib/python3.11/site-packages/airflow/example_dags/example_python_operator.py
[2023-10-19T22:37:07.264+0200] {processor.py:829} INFO - Processing file /Users/nick/Desktop/airflow_dic/venv/lib/python3.11/site-packages/airflow/example_dags/example_python_operator.py for tasks to queue
[2023-10-19T22:37:07.264+0200] {logging_mixin.py:151} INFO - [2023-10-19T22:37:07.264+0200] {dagbag.py:539} INFO - Filling up the DagBag from /Users/nick/Desktop/airflow_dic/venv/lib/python3.11/site-packages/airflow/example_dags/example_python_operator.py
[2023-10-19T22:37:07.282+0200] {logging_mixin.py:151} INFO - [2023-10-19T22:37:07.282+0200] {example_python_operator.py:89} WARNING - The virtalenv_python example task requires virtualenv, please install it.
[2023-10-19T22:37:07.284+0200] {processor.py:839} INFO - DAG(s) dict_keys(['example_python_operator']) retrieved from /Users/nick/Desktop/airflow_dic/venv/lib/python3.11/site-packages/airflow/example_dags/example_python_operator.py
[2023-10-19T22:37:07.338+0200] {logging_mixin.py:151} INFO - [2023-10-19T22:37:07.338+0200] {dag.py:2915} INFO - Sync 1 DAGs
[2023-10-19T22:37:07.341+0200] {logging_mixin.py:151} INFO - [2023-10-19T22:37:07.341+0200] {dag.py:3696} INFO - Setting next_dagrun for example_python_operator to None, run_after=None
[2023-10-19T22:37:07.348+0200] {processor.py:179} INFO - Processing /Users/nick/Desktop/airflow_dic/venv/lib/python3.11/site-packages/airflow/example_dags/example_python_operator.py took 0.085 seconds
[2023-10-19T22:38:14.793+0200] {processor.py:157} INFO - Started process (PID=33124) to work on /Users/nick/Desktop/airflow_dic/venv/lib/python3.11/site-packages/airflow/example_dags/example_python_operator.py
[2023-10-19T22:38:14.794+0200] {processor.py:829} INFO - Processing file /Users/nick/Desktop/airflow_dic/venv/lib/python3.11/site-packages/airflow/example_dags/example_python_operator.py for tasks to queue
[2023-10-19T22:38:14.794+0200] {logging_mixin.py:151} INFO - [2023-10-19T22:38:14.794+0200] {dagbag.py:539} INFO - Filling up the DagBag from /Users/nick/Desktop/airflow_dic/venv/lib/python3.11/site-packages/airflow/example_dags/example_python_operator.py
[2023-10-19T22:38:14.812+0200] {logging_mixin.py:151} INFO - [2023-10-19T22:38:14.812+0200] {example_python_operator.py:89} WARNING - The virtalenv_python example task requires virtualenv, please install it.
[2023-10-19T22:38:14.815+0200] {processor.py:839} INFO - DAG(s) dict_keys(['example_python_operator']) retrieved from /Users/nick/Desktop/airflow_dic/venv/lib/python3.11/site-packages/airflow/example_dags/example_python_operator.py
[2023-10-19T22:38:14.868+0200] {logging_mixin.py:151} INFO - [2023-10-19T22:38:14.868+0200] {dag.py:2915} INFO - Sync 1 DAGs
[2023-10-19T22:38:14.872+0200] {logging_mixin.py:151} INFO - [2023-10-19T22:38:14.872+0200] {dag.py:3696} INFO - Setting next_dagrun for example_python_operator to None, run_after=None
[2023-10-19T22:38:14.878+0200] {processor.py:179} INFO - Processing /Users/nick/Desktop/airflow_dic/venv/lib/python3.11/site-packages/airflow/example_dags/example_python_operator.py took 0.086 seconds
[2023-10-19T22:39:22.367+0200] {processor.py:157} INFO - Started process (PID=33251) to work on /Users/nick/Desktop/airflow_dic/venv/lib/python3.11/site-packages/airflow/example_dags/example_python_operator.py
[2023-10-19T22:39:22.368+0200] {processor.py:829} INFO - Processing file /Users/nick/Desktop/airflow_dic/venv/lib/python3.11/site-packages/airflow/example_dags/example_python_operator.py for tasks to queue
[2023-10-19T22:39:22.368+0200] {logging_mixin.py:151} INFO - [2023-10-19T22:39:22.368+0200] {dagbag.py:539} INFO - Filling up the DagBag from /Users/nick/Desktop/airflow_dic/venv/lib/python3.11/site-packages/airflow/example_dags/example_python_operator.py
[2023-10-19T22:39:22.387+0200] {logging_mixin.py:151} INFO - [2023-10-19T22:39:22.387+0200] {example_python_operator.py:89} WARNING - The virtalenv_python example task requires virtualenv, please install it.
[2023-10-19T22:39:22.389+0200] {processor.py:839} INFO - DAG(s) dict_keys(['example_python_operator']) retrieved from /Users/nick/Desktop/airflow_dic/venv/lib/python3.11/site-packages/airflow/example_dags/example_python_operator.py
[2023-10-19T22:39:22.442+0200] {logging_mixin.py:151} INFO - [2023-10-19T22:39:22.442+0200] {dag.py:2915} INFO - Sync 1 DAGs
[2023-10-19T22:39:22.445+0200] {logging_mixin.py:151} INFO - [2023-10-19T22:39:22.445+0200] {dag.py:3696} INFO - Setting next_dagrun for example_python_operator to None, run_after=None
[2023-10-19T22:39:22.451+0200] {processor.py:179} INFO - Processing /Users/nick/Desktop/airflow_dic/venv/lib/python3.11/site-packages/airflow/example_dags/example_python_operator.py took 0.085 seconds
[2023-10-19T22:40:29.312+0200] {processor.py:157} INFO - Started process (PID=33377) to work on /Users/nick/Desktop/airflow_dic/venv/lib/python3.11/site-packages/airflow/example_dags/example_python_operator.py
[2023-10-19T22:40:29.314+0200] {processor.py:829} INFO - Processing file /Users/nick/Desktop/airflow_dic/venv/lib/python3.11/site-packages/airflow/example_dags/example_python_operator.py for tasks to queue
[2023-10-19T22:40:29.314+0200] {logging_mixin.py:151} INFO - [2023-10-19T22:40:29.314+0200] {dagbag.py:539} INFO - Filling up the DagBag from /Users/nick/Desktop/airflow_dic/venv/lib/python3.11/site-packages/airflow/example_dags/example_python_operator.py
[2023-10-19T22:40:29.332+0200] {logging_mixin.py:151} INFO - [2023-10-19T22:40:29.332+0200] {example_python_operator.py:89} WARNING - The virtalenv_python example task requires virtualenv, please install it.
[2023-10-19T22:40:29.335+0200] {processor.py:839} INFO - DAG(s) dict_keys(['example_python_operator']) retrieved from /Users/nick/Desktop/airflow_dic/venv/lib/python3.11/site-packages/airflow/example_dags/example_python_operator.py
[2023-10-19T22:40:29.388+0200] {logging_mixin.py:151} INFO - [2023-10-19T22:40:29.388+0200] {dag.py:2915} INFO - Sync 1 DAGs
[2023-10-19T22:40:29.392+0200] {logging_mixin.py:151} INFO - [2023-10-19T22:40:29.392+0200] {dag.py:3696} INFO - Setting next_dagrun for example_python_operator to None, run_after=None
[2023-10-19T22:40:29.398+0200] {processor.py:179} INFO - Processing /Users/nick/Desktop/airflow_dic/venv/lib/python3.11/site-packages/airflow/example_dags/example_python_operator.py took 0.086 seconds
[2023-10-19T22:41:38.966+0200] {processor.py:157} INFO - Started process (PID=33507) to work on /Users/nick/Desktop/airflow_dic/venv/lib/python3.11/site-packages/airflow/example_dags/example_python_operator.py
[2023-10-19T22:41:38.967+0200] {processor.py:829} INFO - Processing file /Users/nick/Desktop/airflow_dic/venv/lib/python3.11/site-packages/airflow/example_dags/example_python_operator.py for tasks to queue
[2023-10-19T22:41:38.968+0200] {logging_mixin.py:151} INFO - [2023-10-19T22:41:38.968+0200] {dagbag.py:539} INFO - Filling up the DagBag from /Users/nick/Desktop/airflow_dic/venv/lib/python3.11/site-packages/airflow/example_dags/example_python_operator.py
[2023-10-19T22:41:38.986+0200] {logging_mixin.py:151} INFO - [2023-10-19T22:41:38.986+0200] {example_python_operator.py:89} WARNING - The virtalenv_python example task requires virtualenv, please install it.
[2023-10-19T22:41:38.988+0200] {processor.py:839} INFO - DAG(s) dict_keys(['example_python_operator']) retrieved from /Users/nick/Desktop/airflow_dic/venv/lib/python3.11/site-packages/airflow/example_dags/example_python_operator.py
[2023-10-19T22:41:39.042+0200] {logging_mixin.py:151} INFO - [2023-10-19T22:41:39.042+0200] {dag.py:2915} INFO - Sync 1 DAGs
[2023-10-19T22:41:39.046+0200] {logging_mixin.py:151} INFO - [2023-10-19T22:41:39.046+0200] {dag.py:3696} INFO - Setting next_dagrun for example_python_operator to None, run_after=None
[2023-10-19T22:41:39.052+0200] {processor.py:179} INFO - Processing /Users/nick/Desktop/airflow_dic/venv/lib/python3.11/site-packages/airflow/example_dags/example_python_operator.py took 0.086 seconds
[2023-10-19T22:42:49.572+0200] {processor.py:157} INFO - Started process (PID=33638) to work on /Users/nick/Desktop/airflow_dic/venv/lib/python3.11/site-packages/airflow/example_dags/example_python_operator.py
[2023-10-19T22:42:49.573+0200] {processor.py:829} INFO - Processing file /Users/nick/Desktop/airflow_dic/venv/lib/python3.11/site-packages/airflow/example_dags/example_python_operator.py for tasks to queue
[2023-10-19T22:42:49.574+0200] {logging_mixin.py:151} INFO - [2023-10-19T22:42:49.574+0200] {dagbag.py:539} INFO - Filling up the DagBag from /Users/nick/Desktop/airflow_dic/venv/lib/python3.11/site-packages/airflow/example_dags/example_python_operator.py
[2023-10-19T22:42:49.592+0200] {logging_mixin.py:151} INFO - [2023-10-19T22:42:49.592+0200] {example_python_operator.py:89} WARNING - The virtalenv_python example task requires virtualenv, please install it.
[2023-10-19T22:42:49.594+0200] {processor.py:839} INFO - DAG(s) dict_keys(['example_python_operator']) retrieved from /Users/nick/Desktop/airflow_dic/venv/lib/python3.11/site-packages/airflow/example_dags/example_python_operator.py
[2023-10-19T22:42:49.648+0200] {logging_mixin.py:151} INFO - [2023-10-19T22:42:49.648+0200] {dag.py:2915} INFO - Sync 1 DAGs
[2023-10-19T22:42:49.651+0200] {logging_mixin.py:151} INFO - [2023-10-19T22:42:49.651+0200] {dag.py:3696} INFO - Setting next_dagrun for example_python_operator to None, run_after=None
[2023-10-19T22:42:49.658+0200] {processor.py:179} INFO - Processing /Users/nick/Desktop/airflow_dic/venv/lib/python3.11/site-packages/airflow/example_dags/example_python_operator.py took 0.086 seconds
[2023-10-19T22:43:58.451+0200] {processor.py:157} INFO - Started process (PID=33765) to work on /Users/nick/Desktop/airflow_dic/venv/lib/python3.11/site-packages/airflow/example_dags/example_python_operator.py
[2023-10-19T22:43:58.452+0200] {processor.py:829} INFO - Processing file /Users/nick/Desktop/airflow_dic/venv/lib/python3.11/site-packages/airflow/example_dags/example_python_operator.py for tasks to queue
[2023-10-19T22:43:58.452+0200] {logging_mixin.py:151} INFO - [2023-10-19T22:43:58.452+0200] {dagbag.py:539} INFO - Filling up the DagBag from /Users/nick/Desktop/airflow_dic/venv/lib/python3.11/site-packages/airflow/example_dags/example_python_operator.py
[2023-10-19T22:43:58.471+0200] {logging_mixin.py:151} INFO - [2023-10-19T22:43:58.470+0200] {example_python_operator.py:89} WARNING - The virtalenv_python example task requires virtualenv, please install it.
[2023-10-19T22:43:58.473+0200] {processor.py:839} INFO - DAG(s) dict_keys(['example_python_operator']) retrieved from /Users/nick/Desktop/airflow_dic/venv/lib/python3.11/site-packages/airflow/example_dags/example_python_operator.py
[2023-10-19T22:43:58.526+0200] {logging_mixin.py:151} INFO - [2023-10-19T22:43:58.526+0200] {dag.py:2915} INFO - Sync 1 DAGs
[2023-10-19T22:43:58.529+0200] {logging_mixin.py:151} INFO - [2023-10-19T22:43:58.529+0200] {dag.py:3696} INFO - Setting next_dagrun for example_python_operator to None, run_after=None
[2023-10-19T22:43:58.535+0200] {processor.py:179} INFO - Processing /Users/nick/Desktop/airflow_dic/venv/lib/python3.11/site-packages/airflow/example_dags/example_python_operator.py took 0.084 seconds
[2023-10-19T22:45:09.053+0200] {processor.py:157} INFO - Started process (PID=33903) to work on /Users/nick/Desktop/airflow_dic/venv/lib/python3.11/site-packages/airflow/example_dags/example_python_operator.py
[2023-10-19T22:45:09.054+0200] {processor.py:829} INFO - Processing file /Users/nick/Desktop/airflow_dic/venv/lib/python3.11/site-packages/airflow/example_dags/example_python_operator.py for tasks to queue
[2023-10-19T22:45:09.055+0200] {logging_mixin.py:151} INFO - [2023-10-19T22:45:09.054+0200] {dagbag.py:539} INFO - Filling up the DagBag from /Users/nick/Desktop/airflow_dic/venv/lib/python3.11/site-packages/airflow/example_dags/example_python_operator.py
[2023-10-19T22:45:09.073+0200] {logging_mixin.py:151} INFO - [2023-10-19T22:45:09.073+0200] {example_python_operator.py:89} WARNING - The virtalenv_python example task requires virtualenv, please install it.
[2023-10-19T22:45:09.075+0200] {processor.py:839} INFO - DAG(s) dict_keys(['example_python_operator']) retrieved from /Users/nick/Desktop/airflow_dic/venv/lib/python3.11/site-packages/airflow/example_dags/example_python_operator.py
[2023-10-19T22:45:09.131+0200] {logging_mixin.py:151} INFO - [2023-10-19T22:45:09.131+0200] {dag.py:2915} INFO - Sync 1 DAGs
[2023-10-19T22:45:09.135+0200] {logging_mixin.py:151} INFO - [2023-10-19T22:45:09.135+0200] {dag.py:3696} INFO - Setting next_dagrun for example_python_operator to None, run_after=None
[2023-10-19T22:45:09.141+0200] {processor.py:179} INFO - Processing /Users/nick/Desktop/airflow_dic/venv/lib/python3.11/site-packages/airflow/example_dags/example_python_operator.py took 0.089 seconds
[2023-10-19T22:45:51.879+0200] {processor.py:157} INFO - Started process (PID=34000) to work on /Users/nick/Desktop/airflow_dic/venv/lib/python3.11/site-packages/airflow/example_dags/example_python_operator.py
[2023-10-19T22:45:51.881+0200] {processor.py:829} INFO - Processing file /Users/nick/Desktop/airflow_dic/venv/lib/python3.11/site-packages/airflow/example_dags/example_python_operator.py for tasks to queue
[2023-10-19T22:45:51.881+0200] {logging_mixin.py:151} INFO - [2023-10-19T22:45:51.881+0200] {dagbag.py:539} INFO - Filling up the DagBag from /Users/nick/Desktop/airflow_dic/venv/lib/python3.11/site-packages/airflow/example_dags/example_python_operator.py
[2023-10-19T22:45:51.907+0200] {logging_mixin.py:151} INFO - [2023-10-19T22:45:51.907+0200] {example_python_operator.py:89} WARNING - The virtalenv_python example task requires virtualenv, please install it.
[2023-10-19T22:45:51.910+0200] {processor.py:839} INFO - DAG(s) dict_keys(['example_python_operator']) retrieved from /Users/nick/Desktop/airflow_dic/venv/lib/python3.11/site-packages/airflow/example_dags/example_python_operator.py
[2023-10-19T22:45:51.974+0200] {logging_mixin.py:151} INFO - [2023-10-19T22:45:51.974+0200] {dag.py:2915} INFO - Sync 1 DAGs
[2023-10-19T22:45:51.978+0200] {logging_mixin.py:151} INFO - [2023-10-19T22:45:51.978+0200] {dag.py:3696} INFO - Setting next_dagrun for example_python_operator to None, run_after=None
[2023-10-19T22:45:51.985+0200] {processor.py:179} INFO - Processing /Users/nick/Desktop/airflow_dic/venv/lib/python3.11/site-packages/airflow/example_dags/example_python_operator.py took 0.106 seconds
[2023-10-19T22:46:57.015+0200] {processor.py:157} INFO - Started process (PID=34124) to work on /Users/nick/Desktop/airflow_dic/venv/lib/python3.11/site-packages/airflow/example_dags/example_python_operator.py
[2023-10-19T22:46:57.017+0200] {processor.py:829} INFO - Processing file /Users/nick/Desktop/airflow_dic/venv/lib/python3.11/site-packages/airflow/example_dags/example_python_operator.py for tasks to queue
[2023-10-19T22:46:57.017+0200] {logging_mixin.py:151} INFO - [2023-10-19T22:46:57.017+0200] {dagbag.py:539} INFO - Filling up the DagBag from /Users/nick/Desktop/airflow_dic/venv/lib/python3.11/site-packages/airflow/example_dags/example_python_operator.py
[2023-10-19T22:46:57.036+0200] {logging_mixin.py:151} INFO - [2023-10-19T22:46:57.036+0200] {example_python_operator.py:89} WARNING - The virtalenv_python example task requires virtualenv, please install it.
[2023-10-19T22:46:57.038+0200] {processor.py:839} INFO - DAG(s) dict_keys(['example_python_operator']) retrieved from /Users/nick/Desktop/airflow_dic/venv/lib/python3.11/site-packages/airflow/example_dags/example_python_operator.py
[2023-10-19T22:46:57.092+0200] {logging_mixin.py:151} INFO - [2023-10-19T22:46:57.091+0200] {dag.py:2915} INFO - Sync 1 DAGs
[2023-10-19T22:46:57.095+0200] {logging_mixin.py:151} INFO - [2023-10-19T22:46:57.095+0200] {dag.py:3696} INFO - Setting next_dagrun for example_python_operator to None, run_after=None
[2023-10-19T22:46:57.101+0200] {processor.py:179} INFO - Processing /Users/nick/Desktop/airflow_dic/venv/lib/python3.11/site-packages/airflow/example_dags/example_python_operator.py took 0.086 seconds
[2023-10-19T22:48:04.363+0200] {processor.py:157} INFO - Started process (PID=34251) to work on /Users/nick/Desktop/airflow_dic/venv/lib/python3.11/site-packages/airflow/example_dags/example_python_operator.py
[2023-10-19T22:48:04.364+0200] {processor.py:829} INFO - Processing file /Users/nick/Desktop/airflow_dic/venv/lib/python3.11/site-packages/airflow/example_dags/example_python_operator.py for tasks to queue
[2023-10-19T22:48:04.365+0200] {logging_mixin.py:151} INFO - [2023-10-19T22:48:04.365+0200] {dagbag.py:539} INFO - Filling up the DagBag from /Users/nick/Desktop/airflow_dic/venv/lib/python3.11/site-packages/airflow/example_dags/example_python_operator.py
[2023-10-19T22:48:04.383+0200] {logging_mixin.py:151} INFO - [2023-10-19T22:48:04.383+0200] {example_python_operator.py:89} WARNING - The virtalenv_python example task requires virtualenv, please install it.
[2023-10-19T22:48:04.385+0200] {processor.py:839} INFO - DAG(s) dict_keys(['example_python_operator']) retrieved from /Users/nick/Desktop/airflow_dic/venv/lib/python3.11/site-packages/airflow/example_dags/example_python_operator.py
[2023-10-19T22:48:04.439+0200] {logging_mixin.py:151} INFO - [2023-10-19T22:48:04.439+0200] {dag.py:2915} INFO - Sync 1 DAGs
[2023-10-19T22:48:04.443+0200] {logging_mixin.py:151} INFO - [2023-10-19T22:48:04.443+0200] {dag.py:3696} INFO - Setting next_dagrun for example_python_operator to None, run_after=None
[2023-10-19T22:48:04.450+0200] {processor.py:179} INFO - Processing /Users/nick/Desktop/airflow_dic/venv/lib/python3.11/site-packages/airflow/example_dags/example_python_operator.py took 0.087 seconds
[2023-10-19T22:49:14.345+0200] {processor.py:157} INFO - Started process (PID=34392) to work on /Users/nick/Desktop/airflow_dic/venv/lib/python3.11/site-packages/airflow/example_dags/example_python_operator.py
[2023-10-19T22:49:14.347+0200] {processor.py:829} INFO - Processing file /Users/nick/Desktop/airflow_dic/venv/lib/python3.11/site-packages/airflow/example_dags/example_python_operator.py for tasks to queue
[2023-10-19T22:49:14.347+0200] {logging_mixin.py:151} INFO - [2023-10-19T22:49:14.347+0200] {dagbag.py:539} INFO - Filling up the DagBag from /Users/nick/Desktop/airflow_dic/venv/lib/python3.11/site-packages/airflow/example_dags/example_python_operator.py
[2023-10-19T22:49:14.367+0200] {logging_mixin.py:151} INFO - [2023-10-19T22:49:14.367+0200] {example_python_operator.py:89} WARNING - The virtalenv_python example task requires virtualenv, please install it.
[2023-10-19T22:49:14.369+0200] {processor.py:839} INFO - DAG(s) dict_keys(['example_python_operator']) retrieved from /Users/nick/Desktop/airflow_dic/venv/lib/python3.11/site-packages/airflow/example_dags/example_python_operator.py
[2023-10-19T22:49:14.424+0200] {logging_mixin.py:151} INFO - [2023-10-19T22:49:14.424+0200] {dag.py:2915} INFO - Sync 1 DAGs
[2023-10-19T22:49:14.428+0200] {logging_mixin.py:151} INFO - [2023-10-19T22:49:14.428+0200] {dag.py:3696} INFO - Setting next_dagrun for example_python_operator to None, run_after=None
[2023-10-19T22:49:14.434+0200] {processor.py:179} INFO - Processing /Users/nick/Desktop/airflow_dic/venv/lib/python3.11/site-packages/airflow/example_dags/example_python_operator.py took 0.089 seconds
[2023-10-19T22:50:22.756+0200] {processor.py:157} INFO - Started process (PID=34518) to work on /Users/nick/Desktop/airflow_dic/venv/lib/python3.11/site-packages/airflow/example_dags/example_python_operator.py
[2023-10-19T22:50:22.757+0200] {processor.py:829} INFO - Processing file /Users/nick/Desktop/airflow_dic/venv/lib/python3.11/site-packages/airflow/example_dags/example_python_operator.py for tasks to queue
[2023-10-19T22:50:22.757+0200] {logging_mixin.py:151} INFO - [2023-10-19T22:50:22.757+0200] {dagbag.py:539} INFO - Filling up the DagBag from /Users/nick/Desktop/airflow_dic/venv/lib/python3.11/site-packages/airflow/example_dags/example_python_operator.py
[2023-10-19T22:50:22.776+0200] {logging_mixin.py:151} INFO - [2023-10-19T22:50:22.776+0200] {example_python_operator.py:89} WARNING - The virtalenv_python example task requires virtualenv, please install it.
[2023-10-19T22:50:22.778+0200] {processor.py:839} INFO - DAG(s) dict_keys(['example_python_operator']) retrieved from /Users/nick/Desktop/airflow_dic/venv/lib/python3.11/site-packages/airflow/example_dags/example_python_operator.py
[2023-10-19T22:50:22.833+0200] {logging_mixin.py:151} INFO - [2023-10-19T22:50:22.833+0200] {dag.py:2915} INFO - Sync 1 DAGs
[2023-10-19T22:50:22.836+0200] {logging_mixin.py:151} INFO - [2023-10-19T22:50:22.836+0200] {dag.py:3696} INFO - Setting next_dagrun for example_python_operator to None, run_after=None
[2023-10-19T22:50:22.843+0200] {processor.py:179} INFO - Processing /Users/nick/Desktop/airflow_dic/venv/lib/python3.11/site-packages/airflow/example_dags/example_python_operator.py took 0.087 seconds
[2023-10-19T22:53:50.367+0200] {processor.py:157} INFO - Started process (PID=34839) to work on /Users/nick/Desktop/airflow_dic/venv/lib/python3.11/site-packages/airflow/example_dags/example_python_operator.py
[2023-10-19T22:53:50.369+0200] {processor.py:829} INFO - Processing file /Users/nick/Desktop/airflow_dic/venv/lib/python3.11/site-packages/airflow/example_dags/example_python_operator.py for tasks to queue
[2023-10-19T22:53:50.369+0200] {logging_mixin.py:151} INFO - [2023-10-19T22:53:50.369+0200] {dagbag.py:539} INFO - Filling up the DagBag from /Users/nick/Desktop/airflow_dic/venv/lib/python3.11/site-packages/airflow/example_dags/example_python_operator.py
[2023-10-19T22:53:50.387+0200] {logging_mixin.py:151} INFO - [2023-10-19T22:53:50.387+0200] {example_python_operator.py:89} WARNING - The virtalenv_python example task requires virtualenv, please install it.
[2023-10-19T22:53:50.389+0200] {processor.py:839} INFO - DAG(s) dict_keys(['example_python_operator']) retrieved from /Users/nick/Desktop/airflow_dic/venv/lib/python3.11/site-packages/airflow/example_dags/example_python_operator.py
[2023-10-19T22:53:50.443+0200] {logging_mixin.py:151} INFO - [2023-10-19T22:53:50.443+0200] {dag.py:2915} INFO - Sync 1 DAGs
[2023-10-19T22:53:50.446+0200] {logging_mixin.py:151} INFO - [2023-10-19T22:53:50.446+0200] {dag.py:3696} INFO - Setting next_dagrun for example_python_operator to None, run_after=None
[2023-10-19T22:53:50.453+0200] {processor.py:179} INFO - Processing /Users/nick/Desktop/airflow_dic/venv/lib/python3.11/site-packages/airflow/example_dags/example_python_operator.py took 0.085 seconds
[2023-10-19T22:54:54.057+0200] {processor.py:157} INFO - Started process (PID=34968) to work on /Users/nick/Desktop/airflow_dic/venv/lib/python3.11/site-packages/airflow/example_dags/example_python_operator.py
[2023-10-19T22:54:54.059+0200] {processor.py:829} INFO - Processing file /Users/nick/Desktop/airflow_dic/venv/lib/python3.11/site-packages/airflow/example_dags/example_python_operator.py for tasks to queue
[2023-10-19T22:54:54.060+0200] {logging_mixin.py:151} INFO - [2023-10-19T22:54:54.059+0200] {dagbag.py:539} INFO - Filling up the DagBag from /Users/nick/Desktop/airflow_dic/venv/lib/python3.11/site-packages/airflow/example_dags/example_python_operator.py
[2023-10-19T22:54:54.078+0200] {logging_mixin.py:151} INFO - [2023-10-19T22:54:54.078+0200] {example_python_operator.py:89} WARNING - The virtalenv_python example task requires virtualenv, please install it.
[2023-10-19T22:54:54.080+0200] {processor.py:839} INFO - DAG(s) dict_keys(['example_python_operator']) retrieved from /Users/nick/Desktop/airflow_dic/venv/lib/python3.11/site-packages/airflow/example_dags/example_python_operator.py
[2023-10-19T22:54:54.134+0200] {logging_mixin.py:151} INFO - [2023-10-19T22:54:54.134+0200] {dag.py:2915} INFO - Sync 1 DAGs
[2023-10-19T22:54:54.137+0200] {logging_mixin.py:151} INFO - [2023-10-19T22:54:54.137+0200] {dag.py:3696} INFO - Setting next_dagrun for example_python_operator to None, run_after=None
[2023-10-19T22:54:54.143+0200] {processor.py:179} INFO - Processing /Users/nick/Desktop/airflow_dic/venv/lib/python3.11/site-packages/airflow/example_dags/example_python_operator.py took 0.087 seconds
[2023-10-19T22:56:01.311+0200] {processor.py:157} INFO - Started process (PID=35102) to work on /Users/nick/Desktop/airflow_dic/venv/lib/python3.11/site-packages/airflow/example_dags/example_python_operator.py
[2023-10-19T22:56:01.312+0200] {processor.py:829} INFO - Processing file /Users/nick/Desktop/airflow_dic/venv/lib/python3.11/site-packages/airflow/example_dags/example_python_operator.py for tasks to queue
[2023-10-19T22:56:01.312+0200] {logging_mixin.py:151} INFO - [2023-10-19T22:56:01.312+0200] {dagbag.py:539} INFO - Filling up the DagBag from /Users/nick/Desktop/airflow_dic/venv/lib/python3.11/site-packages/airflow/example_dags/example_python_operator.py
[2023-10-19T22:56:01.330+0200] {logging_mixin.py:151} INFO - [2023-10-19T22:56:01.330+0200] {example_python_operator.py:89} WARNING - The virtalenv_python example task requires virtualenv, please install it.
[2023-10-19T22:56:01.332+0200] {processor.py:839} INFO - DAG(s) dict_keys(['example_python_operator']) retrieved from /Users/nick/Desktop/airflow_dic/venv/lib/python3.11/site-packages/airflow/example_dags/example_python_operator.py
[2023-10-19T22:56:01.386+0200] {logging_mixin.py:151} INFO - [2023-10-19T22:56:01.385+0200] {dag.py:2915} INFO - Sync 1 DAGs
[2023-10-19T22:56:01.389+0200] {logging_mixin.py:151} INFO - [2023-10-19T22:56:01.389+0200] {dag.py:3696} INFO - Setting next_dagrun for example_python_operator to None, run_after=None
[2023-10-19T22:56:01.395+0200] {processor.py:179} INFO - Processing /Users/nick/Desktop/airflow_dic/venv/lib/python3.11/site-packages/airflow/example_dags/example_python_operator.py took 0.085 seconds
[2023-10-19T22:57:09.352+0200] {processor.py:157} INFO - Started process (PID=35241) to work on /Users/nick/Desktop/airflow_dic/venv/lib/python3.11/site-packages/airflow/example_dags/example_python_operator.py
[2023-10-19T22:57:09.353+0200] {processor.py:829} INFO - Processing file /Users/nick/Desktop/airflow_dic/venv/lib/python3.11/site-packages/airflow/example_dags/example_python_operator.py for tasks to queue
[2023-10-19T22:57:09.354+0200] {logging_mixin.py:151} INFO - [2023-10-19T22:57:09.353+0200] {dagbag.py:539} INFO - Filling up the DagBag from /Users/nick/Desktop/airflow_dic/venv/lib/python3.11/site-packages/airflow/example_dags/example_python_operator.py
[2023-10-19T22:57:09.374+0200] {logging_mixin.py:151} INFO - [2023-10-19T22:57:09.374+0200] {example_python_operator.py:89} WARNING - The virtalenv_python example task requires virtualenv, please install it.
[2023-10-19T22:57:09.376+0200] {processor.py:839} INFO - DAG(s) dict_keys(['example_python_operator']) retrieved from /Users/nick/Desktop/airflow_dic/venv/lib/python3.11/site-packages/airflow/example_dags/example_python_operator.py
[2023-10-19T22:57:09.434+0200] {logging_mixin.py:151} INFO - [2023-10-19T22:57:09.434+0200] {dag.py:2915} INFO - Sync 1 DAGs
[2023-10-19T22:57:09.438+0200] {logging_mixin.py:151} INFO - [2023-10-19T22:57:09.438+0200] {dag.py:3696} INFO - Setting next_dagrun for example_python_operator to None, run_after=None
[2023-10-19T22:57:09.445+0200] {processor.py:179} INFO - Processing /Users/nick/Desktop/airflow_dic/venv/lib/python3.11/site-packages/airflow/example_dags/example_python_operator.py took 0.093 seconds
[2023-10-19T22:58:17.102+0200] {processor.py:157} INFO - Started process (PID=35376) to work on /Users/nick/Desktop/airflow_dic/venv/lib/python3.11/site-packages/airflow/example_dags/example_python_operator.py
[2023-10-19T22:58:17.104+0200] {processor.py:829} INFO - Processing file /Users/nick/Desktop/airflow_dic/venv/lib/python3.11/site-packages/airflow/example_dags/example_python_operator.py for tasks to queue
[2023-10-19T22:58:17.104+0200] {logging_mixin.py:151} INFO - [2023-10-19T22:58:17.104+0200] {dagbag.py:539} INFO - Filling up the DagBag from /Users/nick/Desktop/airflow_dic/venv/lib/python3.11/site-packages/airflow/example_dags/example_python_operator.py
[2023-10-19T22:58:17.122+0200] {logging_mixin.py:151} INFO - [2023-10-19T22:58:17.122+0200] {example_python_operator.py:89} WARNING - The virtalenv_python example task requires virtualenv, please install it.
[2023-10-19T22:58:17.124+0200] {processor.py:839} INFO - DAG(s) dict_keys(['example_python_operator']) retrieved from /Users/nick/Desktop/airflow_dic/venv/lib/python3.11/site-packages/airflow/example_dags/example_python_operator.py
[2023-10-19T22:58:17.179+0200] {logging_mixin.py:151} INFO - [2023-10-19T22:58:17.179+0200] {dag.py:2915} INFO - Sync 1 DAGs
[2023-10-19T22:58:17.182+0200] {logging_mixin.py:151} INFO - [2023-10-19T22:58:17.182+0200] {dag.py:3696} INFO - Setting next_dagrun for example_python_operator to None, run_after=None
[2023-10-19T22:58:17.188+0200] {processor.py:179} INFO - Processing /Users/nick/Desktop/airflow_dic/venv/lib/python3.11/site-packages/airflow/example_dags/example_python_operator.py took 0.086 seconds
[2023-10-19T22:59:23.772+0200] {processor.py:157} INFO - Started process (PID=35515) to work on /Users/nick/Desktop/airflow_dic/venv/lib/python3.11/site-packages/airflow/example_dags/example_python_operator.py
[2023-10-19T22:59:23.774+0200] {processor.py:829} INFO - Processing file /Users/nick/Desktop/airflow_dic/venv/lib/python3.11/site-packages/airflow/example_dags/example_python_operator.py for tasks to queue
[2023-10-19T22:59:23.774+0200] {logging_mixin.py:151} INFO - [2023-10-19T22:59:23.774+0200] {dagbag.py:539} INFO - Filling up the DagBag from /Users/nick/Desktop/airflow_dic/venv/lib/python3.11/site-packages/airflow/example_dags/example_python_operator.py
[2023-10-19T22:59:23.795+0200] {logging_mixin.py:151} INFO - [2023-10-19T22:59:23.795+0200] {example_python_operator.py:89} WARNING - The virtalenv_python example task requires virtualenv, please install it.
[2023-10-19T22:59:23.797+0200] {processor.py:839} INFO - DAG(s) dict_keys(['example_python_operator']) retrieved from /Users/nick/Desktop/airflow_dic/venv/lib/python3.11/site-packages/airflow/example_dags/example_python_operator.py
[2023-10-19T22:59:23.857+0200] {logging_mixin.py:151} INFO - [2023-10-19T22:59:23.857+0200] {dag.py:2915} INFO - Sync 1 DAGs
[2023-10-19T22:59:23.861+0200] {logging_mixin.py:151} INFO - [2023-10-19T22:59:23.861+0200] {dag.py:3696} INFO - Setting next_dagrun for example_python_operator to None, run_after=None
[2023-10-19T22:59:23.869+0200] {processor.py:179} INFO - Processing /Users/nick/Desktop/airflow_dic/venv/lib/python3.11/site-packages/airflow/example_dags/example_python_operator.py took 0.097 seconds
