[2023-10-19T22:17:26.169+0200] {processor.py:157} INFO - Started process (PID=28775) to work on /Users/nick/Desktop/airflow_dic/venv/lib/python3.11/site-packages/airflow/example_dags/example_short_circuit_operator.py
[2023-10-19T22:17:26.170+0200] {processor.py:829} INFO - Processing file /Users/nick/Desktop/airflow_dic/venv/lib/python3.11/site-packages/airflow/example_dags/example_short_circuit_operator.py for tasks to queue
[2023-10-19T22:17:26.170+0200] {logging_mixin.py:151} INFO - [2023-10-19T22:17:26.170+0200] {dagbag.py:539} INFO - Filling up the DagBag from /Users/nick/Desktop/airflow_dic/venv/lib/python3.11/site-packages/airflow/example_dags/example_short_circuit_operator.py
[2023-10-19T22:17:26.184+0200] {processor.py:839} INFO - DAG(s) dict_keys(['example_short_circuit_operator']) retrieved from /Users/nick/Desktop/airflow_dic/venv/lib/python3.11/site-packages/airflow/example_dags/example_short_circuit_operator.py
[2023-10-19T22:17:26.454+0200] {logging_mixin.py:151} INFO - [2023-10-19T22:17:26.453+0200] {manager.py:499} INFO - Created Permission View: %s
[2023-10-19T22:17:26.456+0200] {logging_mixin.py:151} INFO - [2023-10-19T22:17:26.456+0200] {manager.py:499} INFO - Created Permission View: %s
[2023-10-19T22:17:26.458+0200] {logging_mixin.py:151} INFO - [2023-10-19T22:17:26.458+0200] {manager.py:499} INFO - Created Permission View: %s
[2023-10-19T22:17:26.458+0200] {logging_mixin.py:151} INFO - [2023-10-19T22:17:26.458+0200] {security.py:708} INFO - Not syncing DAG-level permissions for DAG 'DAG:example_short_circuit_operator' as access control is unset.
[2023-10-19T22:17:26.458+0200] {logging_mixin.py:151} INFO - [2023-10-19T22:17:26.458+0200] {dag.py:2915} INFO - Sync 1 DAGs
[2023-10-19T22:17:26.461+0200] {logging_mixin.py:151} INFO - [2023-10-19T22:17:26.461+0200] {dag.py:2937} INFO - Creating ORM DAG for example_short_circuit_operator
[2023-10-19T22:17:26.464+0200] {logging_mixin.py:151} INFO - [2023-10-19T22:17:26.464+0200] {dag.py:3696} INFO - Setting next_dagrun for example_short_circuit_operator to 2023-10-18T20:17:26.463975+00:00, run_after=2023-10-19T20:17:26.463975+00:00
[2023-10-19T22:17:26.469+0200] {processor.py:179} INFO - Processing /Users/nick/Desktop/airflow_dic/venv/lib/python3.11/site-packages/airflow/example_dags/example_short_circuit_operator.py took 0.301 seconds
[2023-10-19T22:18:24.853+0200] {processor.py:157} INFO - Started process (PID=28885) to work on /Users/nick/Desktop/airflow_dic/venv/lib/python3.11/site-packages/airflow/example_dags/example_short_circuit_operator.py
[2023-10-19T22:18:24.854+0200] {processor.py:829} INFO - Processing file /Users/nick/Desktop/airflow_dic/venv/lib/python3.11/site-packages/airflow/example_dags/example_short_circuit_operator.py for tasks to queue
[2023-10-19T22:18:24.854+0200] {logging_mixin.py:151} INFO - [2023-10-19T22:18:24.854+0200] {dagbag.py:539} INFO - Filling up the DagBag from /Users/nick/Desktop/airflow_dic/venv/lib/python3.11/site-packages/airflow/example_dags/example_short_circuit_operator.py
[2023-10-19T22:18:24.869+0200] {processor.py:839} INFO - DAG(s) dict_keys(['example_short_circuit_operator']) retrieved from /Users/nick/Desktop/airflow_dic/venv/lib/python3.11/site-packages/airflow/example_dags/example_short_circuit_operator.py
[2023-10-19T22:18:24.925+0200] {logging_mixin.py:151} INFO - [2023-10-19T22:18:24.925+0200] {dag.py:2915} INFO - Sync 1 DAGs
[2023-10-19T22:18:24.930+0200] {logging_mixin.py:151} INFO - [2023-10-19T22:18:24.930+0200] {dag.py:3696} INFO - Setting next_dagrun for example_short_circuit_operator to 2023-10-18T20:18:24.930623+00:00, run_after=2023-10-19T20:18:24.930623+00:00
[2023-10-19T22:18:24.936+0200] {processor.py:179} INFO - Processing /Users/nick/Desktop/airflow_dic/venv/lib/python3.11/site-packages/airflow/example_dags/example_short_circuit_operator.py took 0.084 seconds
[2023-10-19T22:19:37.805+0200] {processor.py:157} INFO - Started process (PID=29023) to work on /Users/nick/Desktop/airflow_dic/venv/lib/python3.11/site-packages/airflow/example_dags/example_short_circuit_operator.py
[2023-10-19T22:19:37.807+0200] {processor.py:829} INFO - Processing file /Users/nick/Desktop/airflow_dic/venv/lib/python3.11/site-packages/airflow/example_dags/example_short_circuit_operator.py for tasks to queue
[2023-10-19T22:19:37.807+0200] {logging_mixin.py:151} INFO - [2023-10-19T22:19:37.807+0200] {dagbag.py:539} INFO - Filling up the DagBag from /Users/nick/Desktop/airflow_dic/venv/lib/python3.11/site-packages/airflow/example_dags/example_short_circuit_operator.py
[2023-10-19T22:19:37.822+0200] {processor.py:839} INFO - DAG(s) dict_keys(['example_short_circuit_operator']) retrieved from /Users/nick/Desktop/airflow_dic/venv/lib/python3.11/site-packages/airflow/example_dags/example_short_circuit_operator.py
[2023-10-19T22:19:37.879+0200] {logging_mixin.py:151} INFO - [2023-10-19T22:19:37.879+0200] {dag.py:2915} INFO - Sync 1 DAGs
[2023-10-19T22:19:37.885+0200] {logging_mixin.py:151} INFO - [2023-10-19T22:19:37.885+0200] {dag.py:3696} INFO - Setting next_dagrun for example_short_circuit_operator to 2023-10-18T20:19:37.885505+00:00, run_after=2023-10-19T20:19:37.885505+00:00
[2023-10-19T22:19:37.891+0200] {processor.py:179} INFO - Processing /Users/nick/Desktop/airflow_dic/venv/lib/python3.11/site-packages/airflow/example_dags/example_short_circuit_operator.py took 0.087 seconds
[2023-10-19T22:20:44.179+0200] {processor.py:157} INFO - Started process (PID=29146) to work on /Users/nick/Desktop/airflow_dic/venv/lib/python3.11/site-packages/airflow/example_dags/example_short_circuit_operator.py
[2023-10-19T22:20:44.180+0200] {processor.py:829} INFO - Processing file /Users/nick/Desktop/airflow_dic/venv/lib/python3.11/site-packages/airflow/example_dags/example_short_circuit_operator.py for tasks to queue
[2023-10-19T22:20:44.181+0200] {logging_mixin.py:151} INFO - [2023-10-19T22:20:44.181+0200] {dagbag.py:539} INFO - Filling up the DagBag from /Users/nick/Desktop/airflow_dic/venv/lib/python3.11/site-packages/airflow/example_dags/example_short_circuit_operator.py
[2023-10-19T22:20:44.195+0200] {processor.py:839} INFO - DAG(s) dict_keys(['example_short_circuit_operator']) retrieved from /Users/nick/Desktop/airflow_dic/venv/lib/python3.11/site-packages/airflow/example_dags/example_short_circuit_operator.py
[2023-10-19T22:20:44.252+0200] {logging_mixin.py:151} INFO - [2023-10-19T22:20:44.251+0200] {dag.py:2915} INFO - Sync 1 DAGs
[2023-10-19T22:20:44.257+0200] {logging_mixin.py:151} INFO - [2023-10-19T22:20:44.257+0200] {dag.py:3696} INFO - Setting next_dagrun for example_short_circuit_operator to 2023-10-18T20:20:44.257601+00:00, run_after=2023-10-19T20:20:44.257601+00:00
[2023-10-19T22:20:44.264+0200] {processor.py:179} INFO - Processing /Users/nick/Desktop/airflow_dic/venv/lib/python3.11/site-packages/airflow/example_dags/example_short_circuit_operator.py took 0.085 seconds
[2023-10-19T22:21:51.734+0200] {processor.py:157} INFO - Started process (PID=29285) to work on /Users/nick/Desktop/airflow_dic/venv/lib/python3.11/site-packages/airflow/example_dags/example_short_circuit_operator.py
[2023-10-19T22:21:51.736+0200] {processor.py:829} INFO - Processing file /Users/nick/Desktop/airflow_dic/venv/lib/python3.11/site-packages/airflow/example_dags/example_short_circuit_operator.py for tasks to queue
[2023-10-19T22:21:51.737+0200] {logging_mixin.py:151} INFO - [2023-10-19T22:21:51.736+0200] {dagbag.py:539} INFO - Filling up the DagBag from /Users/nick/Desktop/airflow_dic/venv/lib/python3.11/site-packages/airflow/example_dags/example_short_circuit_operator.py
[2023-10-19T22:21:51.751+0200] {processor.py:839} INFO - DAG(s) dict_keys(['example_short_circuit_operator']) retrieved from /Users/nick/Desktop/airflow_dic/venv/lib/python3.11/site-packages/airflow/example_dags/example_short_circuit_operator.py
[2023-10-19T22:21:51.810+0200] {logging_mixin.py:151} INFO - [2023-10-19T22:21:51.809+0200] {dag.py:2915} INFO - Sync 1 DAGs
[2023-10-19T22:21:51.815+0200] {logging_mixin.py:151} INFO - [2023-10-19T22:21:51.815+0200] {dag.py:3696} INFO - Setting next_dagrun for example_short_circuit_operator to 2023-10-18T20:21:51.815783+00:00, run_after=2023-10-19T20:21:51.815783+00:00
[2023-10-19T22:21:51.822+0200] {processor.py:179} INFO - Processing /Users/nick/Desktop/airflow_dic/venv/lib/python3.11/site-packages/airflow/example_dags/example_short_circuit_operator.py took 0.088 seconds
[2023-10-19T22:22:32.974+0200] {processor.py:157} INFO - Started process (PID=29371) to work on /Users/nick/Desktop/airflow_dic/venv/lib/python3.11/site-packages/airflow/example_dags/example_short_circuit_operator.py
[2023-10-19T22:22:32.976+0200] {processor.py:829} INFO - Processing file /Users/nick/Desktop/airflow_dic/venv/lib/python3.11/site-packages/airflow/example_dags/example_short_circuit_operator.py for tasks to queue
[2023-10-19T22:22:32.976+0200] {logging_mixin.py:151} INFO - [2023-10-19T22:22:32.976+0200] {dagbag.py:539} INFO - Filling up the DagBag from /Users/nick/Desktop/airflow_dic/venv/lib/python3.11/site-packages/airflow/example_dags/example_short_circuit_operator.py
[2023-10-19T22:22:32.991+0200] {processor.py:839} INFO - DAG(s) dict_keys(['example_short_circuit_operator']) retrieved from /Users/nick/Desktop/airflow_dic/venv/lib/python3.11/site-packages/airflow/example_dags/example_short_circuit_operator.py
[2023-10-19T22:22:33.049+0200] {logging_mixin.py:151} INFO - [2023-10-19T22:22:33.049+0200] {dag.py:2915} INFO - Sync 1 DAGs
[2023-10-19T22:22:33.055+0200] {logging_mixin.py:151} INFO - [2023-10-19T22:22:33.055+0200] {dag.py:3696} INFO - Setting next_dagrun for example_short_circuit_operator to 2023-10-18T20:22:33.054990+00:00, run_after=2023-10-19T20:22:33.054990+00:00
[2023-10-19T22:22:33.061+0200] {processor.py:179} INFO - Processing /Users/nick/Desktop/airflow_dic/venv/lib/python3.11/site-packages/airflow/example_dags/example_short_circuit_operator.py took 0.087 seconds
[2023-10-19T22:23:14.768+0200] {processor.py:157} INFO - Started process (PID=29463) to work on /Users/nick/Desktop/airflow_dic/venv/lib/python3.11/site-packages/airflow/example_dags/example_short_circuit_operator.py
[2023-10-19T22:23:14.769+0200] {processor.py:829} INFO - Processing file /Users/nick/Desktop/airflow_dic/venv/lib/python3.11/site-packages/airflow/example_dags/example_short_circuit_operator.py for tasks to queue
[2023-10-19T22:23:14.769+0200] {logging_mixin.py:151} INFO - [2023-10-19T22:23:14.769+0200] {dagbag.py:539} INFO - Filling up the DagBag from /Users/nick/Desktop/airflow_dic/venv/lib/python3.11/site-packages/airflow/example_dags/example_short_circuit_operator.py
[2023-10-19T22:23:14.784+0200] {processor.py:839} INFO - DAG(s) dict_keys(['example_short_circuit_operator']) retrieved from /Users/nick/Desktop/airflow_dic/venv/lib/python3.11/site-packages/airflow/example_dags/example_short_circuit_operator.py
[2023-10-19T22:23:14.839+0200] {logging_mixin.py:151} INFO - [2023-10-19T22:23:14.839+0200] {dag.py:2915} INFO - Sync 1 DAGs
[2023-10-19T22:23:14.845+0200] {logging_mixin.py:151} INFO - [2023-10-19T22:23:14.845+0200] {dag.py:3696} INFO - Setting next_dagrun for example_short_circuit_operator to 2023-10-18T20:23:14.845289+00:00, run_after=2023-10-19T20:23:14.845289+00:00
[2023-10-19T22:23:14.851+0200] {processor.py:179} INFO - Processing /Users/nick/Desktop/airflow_dic/venv/lib/python3.11/site-packages/airflow/example_dags/example_short_circuit_operator.py took 0.083 seconds
[2023-10-19T22:24:17.726+0200] {processor.py:157} INFO - Started process (PID=29581) to work on /Users/nick/Desktop/airflow_dic/venv/lib/python3.11/site-packages/airflow/example_dags/example_short_circuit_operator.py
[2023-10-19T22:24:17.727+0200] {processor.py:829} INFO - Processing file /Users/nick/Desktop/airflow_dic/venv/lib/python3.11/site-packages/airflow/example_dags/example_short_circuit_operator.py for tasks to queue
[2023-10-19T22:24:17.728+0200] {logging_mixin.py:151} INFO - [2023-10-19T22:24:17.728+0200] {dagbag.py:539} INFO - Filling up the DagBag from /Users/nick/Desktop/airflow_dic/venv/lib/python3.11/site-packages/airflow/example_dags/example_short_circuit_operator.py
[2023-10-19T22:24:17.744+0200] {processor.py:839} INFO - DAG(s) dict_keys(['example_short_circuit_operator']) retrieved from /Users/nick/Desktop/airflow_dic/venv/lib/python3.11/site-packages/airflow/example_dags/example_short_circuit_operator.py
[2023-10-19T22:24:17.807+0200] {logging_mixin.py:151} INFO - [2023-10-19T22:24:17.807+0200] {dag.py:2915} INFO - Sync 1 DAGs
[2023-10-19T22:24:17.813+0200] {logging_mixin.py:151} INFO - [2023-10-19T22:24:17.813+0200] {dag.py:3696} INFO - Setting next_dagrun for example_short_circuit_operator to 2023-10-18T20:24:17.813527+00:00, run_after=2023-10-19T20:24:17.813527+00:00
[2023-10-19T22:24:17.821+0200] {processor.py:179} INFO - Processing /Users/nick/Desktop/airflow_dic/venv/lib/python3.11/site-packages/airflow/example_dags/example_short_circuit_operator.py took 0.095 seconds
[2023-10-19T22:25:20.258+0200] {processor.py:157} INFO - Started process (PID=29719) to work on /Users/nick/Desktop/airflow_dic/venv/lib/python3.11/site-packages/airflow/example_dags/example_short_circuit_operator.py
[2023-10-19T22:25:20.261+0200] {processor.py:829} INFO - Processing file /Users/nick/Desktop/airflow_dic/venv/lib/python3.11/site-packages/airflow/example_dags/example_short_circuit_operator.py for tasks to queue
[2023-10-19T22:25:20.261+0200] {logging_mixin.py:151} INFO - [2023-10-19T22:25:20.261+0200] {dagbag.py:539} INFO - Filling up the DagBag from /Users/nick/Desktop/airflow_dic/venv/lib/python3.11/site-packages/airflow/example_dags/example_short_circuit_operator.py
[2023-10-19T22:25:20.277+0200] {processor.py:839} INFO - DAG(s) dict_keys(['example_short_circuit_operator']) retrieved from /Users/nick/Desktop/airflow_dic/venv/lib/python3.11/site-packages/airflow/example_dags/example_short_circuit_operator.py
[2023-10-19T22:25:20.340+0200] {logging_mixin.py:151} INFO - [2023-10-19T22:25:20.340+0200] {dag.py:2915} INFO - Sync 1 DAGs
[2023-10-19T22:25:20.346+0200] {logging_mixin.py:151} INFO - [2023-10-19T22:25:20.346+0200] {dag.py:3696} INFO - Setting next_dagrun for example_short_circuit_operator to 2023-10-18T20:25:20.346521+00:00, run_after=2023-10-19T20:25:20.346521+00:00
[2023-10-19T22:25:20.353+0200] {processor.py:179} INFO - Processing /Users/nick/Desktop/airflow_dic/venv/lib/python3.11/site-packages/airflow/example_dags/example_short_circuit_operator.py took 0.095 seconds
[2023-10-19T22:26:33.933+0200] {processor.py:157} INFO - Started process (PID=31733) to work on /Users/nick/Desktop/airflow_dic/venv/lib/python3.11/site-packages/airflow/example_dags/example_short_circuit_operator.py
[2023-10-19T22:26:33.935+0200] {processor.py:829} INFO - Processing file /Users/nick/Desktop/airflow_dic/venv/lib/python3.11/site-packages/airflow/example_dags/example_short_circuit_operator.py for tasks to queue
[2023-10-19T22:26:33.935+0200] {logging_mixin.py:151} INFO - [2023-10-19T22:26:33.935+0200] {dagbag.py:539} INFO - Filling up the DagBag from /Users/nick/Desktop/airflow_dic/venv/lib/python3.11/site-packages/airflow/example_dags/example_short_circuit_operator.py
[2023-10-19T22:26:33.952+0200] {processor.py:839} INFO - DAG(s) dict_keys(['example_short_circuit_operator']) retrieved from /Users/nick/Desktop/airflow_dic/venv/lib/python3.11/site-packages/airflow/example_dags/example_short_circuit_operator.py
[2023-10-19T22:26:34.248+0200] {logging_mixin.py:151} INFO - [2023-10-19T22:26:34.248+0200] {security.py:708} INFO - Not syncing DAG-level permissions for DAG 'DAG:example_short_circuit_operator' as access control is unset.
[2023-10-19T22:26:34.249+0200] {logging_mixin.py:151} INFO - [2023-10-19T22:26:34.248+0200] {dag.py:2915} INFO - Sync 1 DAGs
[2023-10-19T22:26:34.251+0200] {logging_mixin.py:151} INFO - [2023-10-19T22:26:34.251+0200] {dag.py:2937} INFO - Creating ORM DAG for example_short_circuit_operator
[2023-10-19T22:26:34.254+0200] {logging_mixin.py:151} INFO - [2023-10-19T22:26:34.254+0200] {dag.py:3696} INFO - Setting next_dagrun for example_short_circuit_operator to 2023-10-18T20:26:34.254358+00:00, run_after=2023-10-19T20:26:34.254358+00:00
[2023-10-19T22:26:34.262+0200] {processor.py:179} INFO - Processing /Users/nick/Desktop/airflow_dic/venv/lib/python3.11/site-packages/airflow/example_dags/example_short_circuit_operator.py took 0.329 seconds
[2023-10-19T22:27:40.857+0200] {processor.py:157} INFO - Started process (PID=31858) to work on /Users/nick/Desktop/airflow_dic/venv/lib/python3.11/site-packages/airflow/example_dags/example_short_circuit_operator.py
[2023-10-19T22:27:40.859+0200] {processor.py:829} INFO - Processing file /Users/nick/Desktop/airflow_dic/venv/lib/python3.11/site-packages/airflow/example_dags/example_short_circuit_operator.py for tasks to queue
[2023-10-19T22:27:40.859+0200] {logging_mixin.py:151} INFO - [2023-10-19T22:27:40.859+0200] {dagbag.py:539} INFO - Filling up the DagBag from /Users/nick/Desktop/airflow_dic/venv/lib/python3.11/site-packages/airflow/example_dags/example_short_circuit_operator.py
[2023-10-19T22:27:40.875+0200] {processor.py:839} INFO - DAG(s) dict_keys(['example_short_circuit_operator']) retrieved from /Users/nick/Desktop/airflow_dic/venv/lib/python3.11/site-packages/airflow/example_dags/example_short_circuit_operator.py
[2023-10-19T22:27:41.186+0200] {logging_mixin.py:151} INFO - [2023-10-19T22:27:41.186+0200] {security.py:708} INFO - Not syncing DAG-level permissions for DAG 'DAG:example_short_circuit_operator' as access control is unset.
[2023-10-19T22:27:41.187+0200] {logging_mixin.py:151} INFO - [2023-10-19T22:27:41.186+0200] {dag.py:2915} INFO - Sync 1 DAGs
[2023-10-19T22:27:41.190+0200] {logging_mixin.py:151} INFO - [2023-10-19T22:27:41.190+0200] {dag.py:2937} INFO - Creating ORM DAG for example_short_circuit_operator
[2023-10-19T22:27:41.193+0200] {logging_mixin.py:151} INFO - [2023-10-19T22:27:41.193+0200] {dag.py:3696} INFO - Setting next_dagrun for example_short_circuit_operator to 2023-10-18T20:27:41.193387+00:00, run_after=2023-10-19T20:27:41.193387+00:00
[2023-10-19T22:27:41.201+0200] {processor.py:179} INFO - Processing /Users/nick/Desktop/airflow_dic/venv/lib/python3.11/site-packages/airflow/example_dags/example_short_circuit_operator.py took 0.344 seconds
[2023-10-19T22:28:53.500+0200] {processor.py:157} INFO - Started process (PID=32010) to work on /Users/nick/Desktop/airflow_dic/venv/lib/python3.11/site-packages/airflow/example_dags/example_short_circuit_operator.py
[2023-10-19T22:28:53.502+0200] {processor.py:829} INFO - Processing file /Users/nick/Desktop/airflow_dic/venv/lib/python3.11/site-packages/airflow/example_dags/example_short_circuit_operator.py for tasks to queue
[2023-10-19T22:28:53.502+0200] {logging_mixin.py:151} INFO - [2023-10-19T22:28:53.502+0200] {dagbag.py:539} INFO - Filling up the DagBag from /Users/nick/Desktop/airflow_dic/venv/lib/python3.11/site-packages/airflow/example_dags/example_short_circuit_operator.py
[2023-10-19T22:28:53.517+0200] {processor.py:839} INFO - DAG(s) dict_keys(['example_short_circuit_operator']) retrieved from /Users/nick/Desktop/airflow_dic/venv/lib/python3.11/site-packages/airflow/example_dags/example_short_circuit_operator.py
[2023-10-19T22:28:53.582+0200] {logging_mixin.py:151} INFO - [2023-10-19T22:28:53.582+0200] {dag.py:2915} INFO - Sync 1 DAGs
[2023-10-19T22:28:53.588+0200] {logging_mixin.py:151} INFO - [2023-10-19T22:28:53.588+0200] {dag.py:3696} INFO - Setting next_dagrun for example_short_circuit_operator to 2023-10-18T20:28:53.588633+00:00, run_after=2023-10-19T20:28:53.588633+00:00
[2023-10-19T22:28:53.594+0200] {processor.py:179} INFO - Processing /Users/nick/Desktop/airflow_dic/venv/lib/python3.11/site-packages/airflow/example_dags/example_short_circuit_operator.py took 0.094 seconds
[2023-10-19T22:29:58.888+0200] {processor.py:157} INFO - Started process (PID=32136) to work on /Users/nick/Desktop/airflow_dic/venv/lib/python3.11/site-packages/airflow/example_dags/example_short_circuit_operator.py
[2023-10-19T22:29:58.890+0200] {processor.py:829} INFO - Processing file /Users/nick/Desktop/airflow_dic/venv/lib/python3.11/site-packages/airflow/example_dags/example_short_circuit_operator.py for tasks to queue
[2023-10-19T22:29:58.890+0200] {logging_mixin.py:151} INFO - [2023-10-19T22:29:58.890+0200] {dagbag.py:539} INFO - Filling up the DagBag from /Users/nick/Desktop/airflow_dic/venv/lib/python3.11/site-packages/airflow/example_dags/example_short_circuit_operator.py
[2023-10-19T22:29:58.904+0200] {processor.py:839} INFO - DAG(s) dict_keys(['example_short_circuit_operator']) retrieved from /Users/nick/Desktop/airflow_dic/venv/lib/python3.11/site-packages/airflow/example_dags/example_short_circuit_operator.py
[2023-10-19T22:29:58.960+0200] {logging_mixin.py:151} INFO - [2023-10-19T22:29:58.960+0200] {dag.py:2915} INFO - Sync 1 DAGs
[2023-10-19T22:29:58.966+0200] {logging_mixin.py:151} INFO - [2023-10-19T22:29:58.966+0200] {dag.py:3696} INFO - Setting next_dagrun for example_short_circuit_operator to 2023-10-18T20:29:58.966289+00:00, run_after=2023-10-19T20:29:58.966289+00:00
[2023-10-19T22:29:58.972+0200] {processor.py:179} INFO - Processing /Users/nick/Desktop/airflow_dic/venv/lib/python3.11/site-packages/airflow/example_dags/example_short_circuit_operator.py took 0.084 seconds
[2023-10-19T22:31:20.078+0200] {processor.py:157} INFO - Started process (PID=32301) to work on /Users/nick/Desktop/airflow_dic/venv/lib/python3.11/site-packages/airflow/example_dags/example_short_circuit_operator.py
[2023-10-19T22:31:20.080+0200] {processor.py:829} INFO - Processing file /Users/nick/Desktop/airflow_dic/venv/lib/python3.11/site-packages/airflow/example_dags/example_short_circuit_operator.py for tasks to queue
[2023-10-19T22:31:20.080+0200] {logging_mixin.py:151} INFO - [2023-10-19T22:31:20.080+0200] {dagbag.py:539} INFO - Filling up the DagBag from /Users/nick/Desktop/airflow_dic/venv/lib/python3.11/site-packages/airflow/example_dags/example_short_circuit_operator.py
[2023-10-19T22:31:20.094+0200] {processor.py:839} INFO - DAG(s) dict_keys(['example_short_circuit_operator']) retrieved from /Users/nick/Desktop/airflow_dic/venv/lib/python3.11/site-packages/airflow/example_dags/example_short_circuit_operator.py
[2023-10-19T22:31:20.152+0200] {logging_mixin.py:151} INFO - [2023-10-19T22:31:20.152+0200] {dag.py:2915} INFO - Sync 1 DAGs
[2023-10-19T22:31:20.158+0200] {logging_mixin.py:151} INFO - [2023-10-19T22:31:20.158+0200] {dag.py:3696} INFO - Setting next_dagrun for example_short_circuit_operator to 2023-10-18T20:31:20.158503+00:00, run_after=2023-10-19T20:31:20.158503+00:00
[2023-10-19T22:31:20.164+0200] {processor.py:179} INFO - Processing /Users/nick/Desktop/airflow_dic/venv/lib/python3.11/site-packages/airflow/example_dags/example_short_circuit_operator.py took 0.086 seconds
[2023-10-19T22:32:24.393+0200] {processor.py:157} INFO - Started process (PID=32417) to work on /Users/nick/Desktop/airflow_dic/venv/lib/python3.11/site-packages/airflow/example_dags/example_short_circuit_operator.py
[2023-10-19T22:32:24.394+0200] {processor.py:829} INFO - Processing file /Users/nick/Desktop/airflow_dic/venv/lib/python3.11/site-packages/airflow/example_dags/example_short_circuit_operator.py for tasks to queue
[2023-10-19T22:32:24.394+0200] {logging_mixin.py:151} INFO - [2023-10-19T22:32:24.394+0200] {dagbag.py:539} INFO - Filling up the DagBag from /Users/nick/Desktop/airflow_dic/venv/lib/python3.11/site-packages/airflow/example_dags/example_short_circuit_operator.py
[2023-10-19T22:32:24.409+0200] {processor.py:839} INFO - DAG(s) dict_keys(['example_short_circuit_operator']) retrieved from /Users/nick/Desktop/airflow_dic/venv/lib/python3.11/site-packages/airflow/example_dags/example_short_circuit_operator.py
[2023-10-19T22:32:24.470+0200] {logging_mixin.py:151} INFO - [2023-10-19T22:32:24.470+0200] {dag.py:2915} INFO - Sync 1 DAGs
[2023-10-19T22:32:24.477+0200] {logging_mixin.py:151} INFO - [2023-10-19T22:32:24.477+0200] {dag.py:3696} INFO - Setting next_dagrun for example_short_circuit_operator to 2023-10-18T20:32:24.477273+00:00, run_after=2023-10-19T20:32:24.477273+00:00
[2023-10-19T22:32:24.484+0200] {processor.py:179} INFO - Processing /Users/nick/Desktop/airflow_dic/venv/lib/python3.11/site-packages/airflow/example_dags/example_short_circuit_operator.py took 0.091 seconds
[2023-10-19T22:33:31.246+0200] {processor.py:157} INFO - Started process (PID=32542) to work on /Users/nick/Desktop/airflow_dic/venv/lib/python3.11/site-packages/airflow/example_dags/example_short_circuit_operator.py
[2023-10-19T22:33:31.247+0200] {processor.py:829} INFO - Processing file /Users/nick/Desktop/airflow_dic/venv/lib/python3.11/site-packages/airflow/example_dags/example_short_circuit_operator.py for tasks to queue
[2023-10-19T22:33:31.248+0200] {logging_mixin.py:151} INFO - [2023-10-19T22:33:31.248+0200] {dagbag.py:539} INFO - Filling up the DagBag from /Users/nick/Desktop/airflow_dic/venv/lib/python3.11/site-packages/airflow/example_dags/example_short_circuit_operator.py
[2023-10-19T22:33:31.265+0200] {processor.py:839} INFO - DAG(s) dict_keys(['example_short_circuit_operator']) retrieved from /Users/nick/Desktop/airflow_dic/venv/lib/python3.11/site-packages/airflow/example_dags/example_short_circuit_operator.py
[2023-10-19T22:33:31.328+0200] {logging_mixin.py:151} INFO - [2023-10-19T22:33:31.328+0200] {dag.py:2915} INFO - Sync 1 DAGs
[2023-10-19T22:33:31.335+0200] {logging_mixin.py:151} INFO - [2023-10-19T22:33:31.334+0200] {dag.py:3696} INFO - Setting next_dagrun for example_short_circuit_operator to 2023-10-18T20:33:31.334915+00:00, run_after=2023-10-19T20:33:31.334915+00:00
[2023-10-19T22:33:31.342+0200] {processor.py:179} INFO - Processing /Users/nick/Desktop/airflow_dic/venv/lib/python3.11/site-packages/airflow/example_dags/example_short_circuit_operator.py took 0.096 seconds
[2023-10-19T22:34:42.712+0200] {processor.py:157} INFO - Started process (PID=32703) to work on /Users/nick/Desktop/airflow_dic/venv/lib/python3.11/site-packages/airflow/example_dags/example_short_circuit_operator.py
[2023-10-19T22:34:42.714+0200] {processor.py:829} INFO - Processing file /Users/nick/Desktop/airflow_dic/venv/lib/python3.11/site-packages/airflow/example_dags/example_short_circuit_operator.py for tasks to queue
[2023-10-19T22:34:42.714+0200] {logging_mixin.py:151} INFO - [2023-10-19T22:34:42.714+0200] {dagbag.py:539} INFO - Filling up the DagBag from /Users/nick/Desktop/airflow_dic/venv/lib/python3.11/site-packages/airflow/example_dags/example_short_circuit_operator.py
[2023-10-19T22:34:42.729+0200] {processor.py:839} INFO - DAG(s) dict_keys(['example_short_circuit_operator']) retrieved from /Users/nick/Desktop/airflow_dic/venv/lib/python3.11/site-packages/airflow/example_dags/example_short_circuit_operator.py
[2023-10-19T22:34:42.786+0200] {logging_mixin.py:151} INFO - [2023-10-19T22:34:42.786+0200] {dag.py:2915} INFO - Sync 1 DAGs
[2023-10-19T22:34:42.792+0200] {logging_mixin.py:151} INFO - [2023-10-19T22:34:42.792+0200] {dag.py:3696} INFO - Setting next_dagrun for example_short_circuit_operator to 2023-10-18T20:34:42.791985+00:00, run_after=2023-10-19T20:34:42.791985+00:00
[2023-10-19T22:34:42.798+0200] {processor.py:179} INFO - Processing /Users/nick/Desktop/airflow_dic/venv/lib/python3.11/site-packages/airflow/example_dags/example_short_circuit_operator.py took 0.086 seconds
[2023-10-19T22:35:49.994+0200] {processor.py:157} INFO - Started process (PID=32852) to work on /Users/nick/Desktop/airflow_dic/venv/lib/python3.11/site-packages/airflow/example_dags/example_short_circuit_operator.py
[2023-10-19T22:35:49.996+0200] {processor.py:829} INFO - Processing file /Users/nick/Desktop/airflow_dic/venv/lib/python3.11/site-packages/airflow/example_dags/example_short_circuit_operator.py for tasks to queue
[2023-10-19T22:35:49.996+0200] {logging_mixin.py:151} INFO - [2023-10-19T22:35:49.996+0200] {dagbag.py:539} INFO - Filling up the DagBag from /Users/nick/Desktop/airflow_dic/venv/lib/python3.11/site-packages/airflow/example_dags/example_short_circuit_operator.py
[2023-10-19T22:35:50.011+0200] {processor.py:839} INFO - DAG(s) dict_keys(['example_short_circuit_operator']) retrieved from /Users/nick/Desktop/airflow_dic/venv/lib/python3.11/site-packages/airflow/example_dags/example_short_circuit_operator.py
[2023-10-19T22:35:50.067+0200] {logging_mixin.py:151} INFO - [2023-10-19T22:35:50.067+0200] {dag.py:2915} INFO - Sync 1 DAGs
[2023-10-19T22:35:50.073+0200] {logging_mixin.py:151} INFO - [2023-10-19T22:35:50.073+0200] {dag.py:3696} INFO - Setting next_dagrun for example_short_circuit_operator to 2023-10-18T20:35:50.073174+00:00, run_after=2023-10-19T20:35:50.073174+00:00
[2023-10-19T22:35:50.079+0200] {processor.py:179} INFO - Processing /Users/nick/Desktop/airflow_dic/venv/lib/python3.11/site-packages/airflow/example_dags/example_short_circuit_operator.py took 0.085 seconds
[2023-10-19T22:36:59.222+0200] {processor.py:157} INFO - Started process (PID=32983) to work on /Users/nick/Desktop/airflow_dic/venv/lib/python3.11/site-packages/airflow/example_dags/example_short_circuit_operator.py
[2023-10-19T22:36:59.223+0200] {processor.py:829} INFO - Processing file /Users/nick/Desktop/airflow_dic/venv/lib/python3.11/site-packages/airflow/example_dags/example_short_circuit_operator.py for tasks to queue
[2023-10-19T22:36:59.223+0200] {logging_mixin.py:151} INFO - [2023-10-19T22:36:59.223+0200] {dagbag.py:539} INFO - Filling up the DagBag from /Users/nick/Desktop/airflow_dic/venv/lib/python3.11/site-packages/airflow/example_dags/example_short_circuit_operator.py
[2023-10-19T22:36:59.237+0200] {processor.py:839} INFO - DAG(s) dict_keys(['example_short_circuit_operator']) retrieved from /Users/nick/Desktop/airflow_dic/venv/lib/python3.11/site-packages/airflow/example_dags/example_short_circuit_operator.py
[2023-10-19T22:36:59.295+0200] {logging_mixin.py:151} INFO - [2023-10-19T22:36:59.295+0200] {dag.py:2915} INFO - Sync 1 DAGs
[2023-10-19T22:36:59.300+0200] {logging_mixin.py:151} INFO - [2023-10-19T22:36:59.300+0200] {dag.py:3696} INFO - Setting next_dagrun for example_short_circuit_operator to 2023-10-18T20:36:59.300634+00:00, run_after=2023-10-19T20:36:59.300634+00:00
[2023-10-19T22:36:59.307+0200] {processor.py:179} INFO - Processing /Users/nick/Desktop/airflow_dic/venv/lib/python3.11/site-packages/airflow/example_dags/example_short_circuit_operator.py took 0.085 seconds
[2023-10-19T22:38:06.047+0200] {processor.py:157} INFO - Started process (PID=33108) to work on /Users/nick/Desktop/airflow_dic/venv/lib/python3.11/site-packages/airflow/example_dags/example_short_circuit_operator.py
[2023-10-19T22:38:06.048+0200] {processor.py:829} INFO - Processing file /Users/nick/Desktop/airflow_dic/venv/lib/python3.11/site-packages/airflow/example_dags/example_short_circuit_operator.py for tasks to queue
[2023-10-19T22:38:06.048+0200] {logging_mixin.py:151} INFO - [2023-10-19T22:38:06.048+0200] {dagbag.py:539} INFO - Filling up the DagBag from /Users/nick/Desktop/airflow_dic/venv/lib/python3.11/site-packages/airflow/example_dags/example_short_circuit_operator.py
[2023-10-19T22:38:06.062+0200] {processor.py:839} INFO - DAG(s) dict_keys(['example_short_circuit_operator']) retrieved from /Users/nick/Desktop/airflow_dic/venv/lib/python3.11/site-packages/airflow/example_dags/example_short_circuit_operator.py
[2023-10-19T22:38:06.118+0200] {logging_mixin.py:151} INFO - [2023-10-19T22:38:06.118+0200] {dag.py:2915} INFO - Sync 1 DAGs
[2023-10-19T22:38:06.124+0200] {logging_mixin.py:151} INFO - [2023-10-19T22:38:06.124+0200] {dag.py:3696} INFO - Setting next_dagrun for example_short_circuit_operator to 2023-10-18T20:38:06.124396+00:00, run_after=2023-10-19T20:38:06.124396+00:00
[2023-10-19T22:38:06.130+0200] {processor.py:179} INFO - Processing /Users/nick/Desktop/airflow_dic/venv/lib/python3.11/site-packages/airflow/example_dags/example_short_circuit_operator.py took 0.084 seconds
[2023-10-19T22:39:13.950+0200] {processor.py:157} INFO - Started process (PID=33236) to work on /Users/nick/Desktop/airflow_dic/venv/lib/python3.11/site-packages/airflow/example_dags/example_short_circuit_operator.py
[2023-10-19T22:39:13.952+0200] {processor.py:829} INFO - Processing file /Users/nick/Desktop/airflow_dic/venv/lib/python3.11/site-packages/airflow/example_dags/example_short_circuit_operator.py for tasks to queue
[2023-10-19T22:39:13.952+0200] {logging_mixin.py:151} INFO - [2023-10-19T22:39:13.952+0200] {dagbag.py:539} INFO - Filling up the DagBag from /Users/nick/Desktop/airflow_dic/venv/lib/python3.11/site-packages/airflow/example_dags/example_short_circuit_operator.py
[2023-10-19T22:39:13.966+0200] {processor.py:839} INFO - DAG(s) dict_keys(['example_short_circuit_operator']) retrieved from /Users/nick/Desktop/airflow_dic/venv/lib/python3.11/site-packages/airflow/example_dags/example_short_circuit_operator.py
[2023-10-19T22:39:14.022+0200] {logging_mixin.py:151} INFO - [2023-10-19T22:39:14.022+0200] {dag.py:2915} INFO - Sync 1 DAGs
[2023-10-19T22:39:14.028+0200] {logging_mixin.py:151} INFO - [2023-10-19T22:39:14.028+0200] {dag.py:3696} INFO - Setting next_dagrun for example_short_circuit_operator to 2023-10-18T20:39:14.028132+00:00, run_after=2023-10-19T20:39:14.028132+00:00
[2023-10-19T22:39:14.034+0200] {processor.py:179} INFO - Processing /Users/nick/Desktop/airflow_dic/venv/lib/python3.11/site-packages/airflow/example_dags/example_short_circuit_operator.py took 0.084 seconds
[2023-10-19T22:40:20.523+0200] {processor.py:157} INFO - Started process (PID=33362) to work on /Users/nick/Desktop/airflow_dic/venv/lib/python3.11/site-packages/airflow/example_dags/example_short_circuit_operator.py
[2023-10-19T22:40:20.524+0200] {processor.py:829} INFO - Processing file /Users/nick/Desktop/airflow_dic/venv/lib/python3.11/site-packages/airflow/example_dags/example_short_circuit_operator.py for tasks to queue
[2023-10-19T22:40:20.524+0200] {logging_mixin.py:151} INFO - [2023-10-19T22:40:20.524+0200] {dagbag.py:539} INFO - Filling up the DagBag from /Users/nick/Desktop/airflow_dic/venv/lib/python3.11/site-packages/airflow/example_dags/example_short_circuit_operator.py
[2023-10-19T22:40:20.539+0200] {processor.py:839} INFO - DAG(s) dict_keys(['example_short_circuit_operator']) retrieved from /Users/nick/Desktop/airflow_dic/venv/lib/python3.11/site-packages/airflow/example_dags/example_short_circuit_operator.py
[2023-10-19T22:40:20.595+0200] {logging_mixin.py:151} INFO - [2023-10-19T22:40:20.595+0200] {dag.py:2915} INFO - Sync 1 DAGs
[2023-10-19T22:40:20.601+0200] {logging_mixin.py:151} INFO - [2023-10-19T22:40:20.601+0200] {dag.py:3696} INFO - Setting next_dagrun for example_short_circuit_operator to 2023-10-18T20:40:20.601379+00:00, run_after=2023-10-19T20:40:20.601379+00:00
[2023-10-19T22:40:20.607+0200] {processor.py:179} INFO - Processing /Users/nick/Desktop/airflow_dic/venv/lib/python3.11/site-packages/airflow/example_dags/example_short_circuit_operator.py took 0.084 seconds
[2023-10-19T22:41:30.340+0200] {processor.py:157} INFO - Started process (PID=33490) to work on /Users/nick/Desktop/airflow_dic/venv/lib/python3.11/site-packages/airflow/example_dags/example_short_circuit_operator.py
[2023-10-19T22:41:30.341+0200] {processor.py:829} INFO - Processing file /Users/nick/Desktop/airflow_dic/venv/lib/python3.11/site-packages/airflow/example_dags/example_short_circuit_operator.py for tasks to queue
[2023-10-19T22:41:30.341+0200] {logging_mixin.py:151} INFO - [2023-10-19T22:41:30.341+0200] {dagbag.py:539} INFO - Filling up the DagBag from /Users/nick/Desktop/airflow_dic/venv/lib/python3.11/site-packages/airflow/example_dags/example_short_circuit_operator.py
[2023-10-19T22:41:30.357+0200] {processor.py:839} INFO - DAG(s) dict_keys(['example_short_circuit_operator']) retrieved from /Users/nick/Desktop/airflow_dic/venv/lib/python3.11/site-packages/airflow/example_dags/example_short_circuit_operator.py
[2023-10-19T22:41:30.415+0200] {logging_mixin.py:151} INFO - [2023-10-19T22:41:30.415+0200] {dag.py:2915} INFO - Sync 1 DAGs
[2023-10-19T22:41:30.421+0200] {logging_mixin.py:151} INFO - [2023-10-19T22:41:30.421+0200] {dag.py:3696} INFO - Setting next_dagrun for example_short_circuit_operator to 2023-10-18T20:41:30.421575+00:00, run_after=2023-10-19T20:41:30.421575+00:00
[2023-10-19T22:41:30.428+0200] {processor.py:179} INFO - Processing /Users/nick/Desktop/airflow_dic/venv/lib/python3.11/site-packages/airflow/example_dags/example_short_circuit_operator.py took 0.088 seconds
[2023-10-19T22:42:41.604+0200] {processor.py:157} INFO - Started process (PID=33621) to work on /Users/nick/Desktop/airflow_dic/venv/lib/python3.11/site-packages/airflow/example_dags/example_short_circuit_operator.py
[2023-10-19T22:42:41.606+0200] {processor.py:829} INFO - Processing file /Users/nick/Desktop/airflow_dic/venv/lib/python3.11/site-packages/airflow/example_dags/example_short_circuit_operator.py for tasks to queue
[2023-10-19T22:42:41.606+0200] {logging_mixin.py:151} INFO - [2023-10-19T22:42:41.606+0200] {dagbag.py:539} INFO - Filling up the DagBag from /Users/nick/Desktop/airflow_dic/venv/lib/python3.11/site-packages/airflow/example_dags/example_short_circuit_operator.py
[2023-10-19T22:42:41.620+0200] {processor.py:839} INFO - DAG(s) dict_keys(['example_short_circuit_operator']) retrieved from /Users/nick/Desktop/airflow_dic/venv/lib/python3.11/site-packages/airflow/example_dags/example_short_circuit_operator.py
[2023-10-19T22:42:41.680+0200] {logging_mixin.py:151} INFO - [2023-10-19T22:42:41.680+0200] {dag.py:2915} INFO - Sync 1 DAGs
[2023-10-19T22:42:41.686+0200] {logging_mixin.py:151} INFO - [2023-10-19T22:42:41.686+0200] {dag.py:3696} INFO - Setting next_dagrun for example_short_circuit_operator to 2023-10-18T20:42:41.686557+00:00, run_after=2023-10-19T20:42:41.686557+00:00
[2023-10-19T22:42:41.693+0200] {processor.py:179} INFO - Processing /Users/nick/Desktop/airflow_dic/venv/lib/python3.11/site-packages/airflow/example_dags/example_short_circuit_operator.py took 0.089 seconds
[2023-10-19T22:43:50.387+0200] {processor.py:157} INFO - Started process (PID=33747) to work on /Users/nick/Desktop/airflow_dic/venv/lib/python3.11/site-packages/airflow/example_dags/example_short_circuit_operator.py
[2023-10-19T22:43:50.388+0200] {processor.py:829} INFO - Processing file /Users/nick/Desktop/airflow_dic/venv/lib/python3.11/site-packages/airflow/example_dags/example_short_circuit_operator.py for tasks to queue
[2023-10-19T22:43:50.388+0200] {logging_mixin.py:151} INFO - [2023-10-19T22:43:50.388+0200] {dagbag.py:539} INFO - Filling up the DagBag from /Users/nick/Desktop/airflow_dic/venv/lib/python3.11/site-packages/airflow/example_dags/example_short_circuit_operator.py
[2023-10-19T22:43:50.402+0200] {processor.py:839} INFO - DAG(s) dict_keys(['example_short_circuit_operator']) retrieved from /Users/nick/Desktop/airflow_dic/venv/lib/python3.11/site-packages/airflow/example_dags/example_short_circuit_operator.py
[2023-10-19T22:43:50.461+0200] {logging_mixin.py:151} INFO - [2023-10-19T22:43:50.461+0200] {dag.py:2915} INFO - Sync 1 DAGs
[2023-10-19T22:43:50.467+0200] {logging_mixin.py:151} INFO - [2023-10-19T22:43:50.467+0200] {dag.py:3696} INFO - Setting next_dagrun for example_short_circuit_operator to 2023-10-18T20:43:50.466945+00:00, run_after=2023-10-19T20:43:50.466945+00:00
[2023-10-19T22:43:50.473+0200] {processor.py:179} INFO - Processing /Users/nick/Desktop/airflow_dic/venv/lib/python3.11/site-packages/airflow/example_dags/example_short_circuit_operator.py took 0.087 seconds
[2023-10-19T22:45:00.271+0200] {processor.py:157} INFO - Started process (PID=33884) to work on /Users/nick/Desktop/airflow_dic/venv/lib/python3.11/site-packages/airflow/example_dags/example_short_circuit_operator.py
[2023-10-19T22:45:00.273+0200] {processor.py:829} INFO - Processing file /Users/nick/Desktop/airflow_dic/venv/lib/python3.11/site-packages/airflow/example_dags/example_short_circuit_operator.py for tasks to queue
[2023-10-19T22:45:00.273+0200] {logging_mixin.py:151} INFO - [2023-10-19T22:45:00.273+0200] {dagbag.py:539} INFO - Filling up the DagBag from /Users/nick/Desktop/airflow_dic/venv/lib/python3.11/site-packages/airflow/example_dags/example_short_circuit_operator.py
[2023-10-19T22:45:00.288+0200] {processor.py:839} INFO - DAG(s) dict_keys(['example_short_circuit_operator']) retrieved from /Users/nick/Desktop/airflow_dic/venv/lib/python3.11/site-packages/airflow/example_dags/example_short_circuit_operator.py
[2023-10-19T22:45:00.349+0200] {logging_mixin.py:151} INFO - [2023-10-19T22:45:00.348+0200] {dag.py:2915} INFO - Sync 1 DAGs
[2023-10-19T22:45:00.354+0200] {logging_mixin.py:151} INFO - [2023-10-19T22:45:00.354+0200] {dag.py:3696} INFO - Setting next_dagrun for example_short_circuit_operator to 2023-10-18T20:45:00.354831+00:00, run_after=2023-10-19T20:45:00.354831+00:00
[2023-10-19T22:45:00.361+0200] {processor.py:179} INFO - Processing /Users/nick/Desktop/airflow_dic/venv/lib/python3.11/site-packages/airflow/example_dags/example_short_circuit_operator.py took 0.090 seconds
[2023-10-19T22:45:43.833+0200] {processor.py:157} INFO - Started process (PID=33983) to work on /Users/nick/Desktop/airflow_dic/venv/lib/python3.11/site-packages/airflow/example_dags/example_short_circuit_operator.py
[2023-10-19T22:45:43.835+0200] {processor.py:829} INFO - Processing file /Users/nick/Desktop/airflow_dic/venv/lib/python3.11/site-packages/airflow/example_dags/example_short_circuit_operator.py for tasks to queue
[2023-10-19T22:45:43.835+0200] {logging_mixin.py:151} INFO - [2023-10-19T22:45:43.835+0200] {dagbag.py:539} INFO - Filling up the DagBag from /Users/nick/Desktop/airflow_dic/venv/lib/python3.11/site-packages/airflow/example_dags/example_short_circuit_operator.py
[2023-10-19T22:45:43.849+0200] {processor.py:839} INFO - DAG(s) dict_keys(['example_short_circuit_operator']) retrieved from /Users/nick/Desktop/airflow_dic/venv/lib/python3.11/site-packages/airflow/example_dags/example_short_circuit_operator.py
[2023-10-19T22:45:43.906+0200] {logging_mixin.py:151} INFO - [2023-10-19T22:45:43.906+0200] {dag.py:2915} INFO - Sync 1 DAGs
[2023-10-19T22:45:43.911+0200] {logging_mixin.py:151} INFO - [2023-10-19T22:45:43.911+0200] {dag.py:3696} INFO - Setting next_dagrun for example_short_circuit_operator to 2023-10-18T20:45:43.911767+00:00, run_after=2023-10-19T20:45:43.911767+00:00
[2023-10-19T22:45:43.917+0200] {processor.py:179} INFO - Processing /Users/nick/Desktop/airflow_dic/venv/lib/python3.11/site-packages/airflow/example_dags/example_short_circuit_operator.py took 0.084 seconds
[2023-10-19T22:46:49.014+0200] {processor.py:157} INFO - Started process (PID=34108) to work on /Users/nick/Desktop/airflow_dic/venv/lib/python3.11/site-packages/airflow/example_dags/example_short_circuit_operator.py
[2023-10-19T22:46:49.016+0200] {processor.py:829} INFO - Processing file /Users/nick/Desktop/airflow_dic/venv/lib/python3.11/site-packages/airflow/example_dags/example_short_circuit_operator.py for tasks to queue
[2023-10-19T22:46:49.017+0200] {logging_mixin.py:151} INFO - [2023-10-19T22:46:49.017+0200] {dagbag.py:539} INFO - Filling up the DagBag from /Users/nick/Desktop/airflow_dic/venv/lib/python3.11/site-packages/airflow/example_dags/example_short_circuit_operator.py
[2023-10-19T22:46:49.031+0200] {processor.py:839} INFO - DAG(s) dict_keys(['example_short_circuit_operator']) retrieved from /Users/nick/Desktop/airflow_dic/venv/lib/python3.11/site-packages/airflow/example_dags/example_short_circuit_operator.py
[2023-10-19T22:46:49.088+0200] {logging_mixin.py:151} INFO - [2023-10-19T22:46:49.088+0200] {dag.py:2915} INFO - Sync 1 DAGs
[2023-10-19T22:46:49.093+0200] {logging_mixin.py:151} INFO - [2023-10-19T22:46:49.093+0200] {dag.py:3696} INFO - Setting next_dagrun for example_short_circuit_operator to 2023-10-18T20:46:49.093719+00:00, run_after=2023-10-19T20:46:49.093719+00:00
[2023-10-19T22:46:49.100+0200] {processor.py:179} INFO - Processing /Users/nick/Desktop/airflow_dic/venv/lib/python3.11/site-packages/airflow/example_dags/example_short_circuit_operator.py took 0.086 seconds
[2023-10-19T22:47:56.466+0200] {processor.py:157} INFO - Started process (PID=34238) to work on /Users/nick/Desktop/airflow_dic/venv/lib/python3.11/site-packages/airflow/example_dags/example_short_circuit_operator.py
[2023-10-19T22:47:56.467+0200] {processor.py:829} INFO - Processing file /Users/nick/Desktop/airflow_dic/venv/lib/python3.11/site-packages/airflow/example_dags/example_short_circuit_operator.py for tasks to queue
[2023-10-19T22:47:56.467+0200] {logging_mixin.py:151} INFO - [2023-10-19T22:47:56.467+0200] {dagbag.py:539} INFO - Filling up the DagBag from /Users/nick/Desktop/airflow_dic/venv/lib/python3.11/site-packages/airflow/example_dags/example_short_circuit_operator.py
[2023-10-19T22:47:56.483+0200] {processor.py:839} INFO - DAG(s) dict_keys(['example_short_circuit_operator']) retrieved from /Users/nick/Desktop/airflow_dic/venv/lib/python3.11/site-packages/airflow/example_dags/example_short_circuit_operator.py
[2023-10-19T22:47:56.542+0200] {logging_mixin.py:151} INFO - [2023-10-19T22:47:56.542+0200] {dag.py:2915} INFO - Sync 1 DAGs
[2023-10-19T22:47:56.548+0200] {logging_mixin.py:151} INFO - [2023-10-19T22:47:56.548+0200] {dag.py:3696} INFO - Setting next_dagrun for example_short_circuit_operator to 2023-10-18T20:47:56.548606+00:00, run_after=2023-10-19T20:47:56.548606+00:00
[2023-10-19T22:47:56.555+0200] {processor.py:179} INFO - Processing /Users/nick/Desktop/airflow_dic/venv/lib/python3.11/site-packages/airflow/example_dags/example_short_circuit_operator.py took 0.089 seconds
[2023-10-19T22:49:05.516+0200] {processor.py:157} INFO - Started process (PID=34376) to work on /Users/nick/Desktop/airflow_dic/venv/lib/python3.11/site-packages/airflow/example_dags/example_short_circuit_operator.py
[2023-10-19T22:49:05.518+0200] {processor.py:829} INFO - Processing file /Users/nick/Desktop/airflow_dic/venv/lib/python3.11/site-packages/airflow/example_dags/example_short_circuit_operator.py for tasks to queue
[2023-10-19T22:49:05.518+0200] {logging_mixin.py:151} INFO - [2023-10-19T22:49:05.518+0200] {dagbag.py:539} INFO - Filling up the DagBag from /Users/nick/Desktop/airflow_dic/venv/lib/python3.11/site-packages/airflow/example_dags/example_short_circuit_operator.py
[2023-10-19T22:49:05.533+0200] {processor.py:839} INFO - DAG(s) dict_keys(['example_short_circuit_operator']) retrieved from /Users/nick/Desktop/airflow_dic/venv/lib/python3.11/site-packages/airflow/example_dags/example_short_circuit_operator.py
[2023-10-19T22:49:05.590+0200] {logging_mixin.py:151} INFO - [2023-10-19T22:49:05.590+0200] {dag.py:2915} INFO - Sync 1 DAGs
[2023-10-19T22:49:05.596+0200] {logging_mixin.py:151} INFO - [2023-10-19T22:49:05.596+0200] {dag.py:3696} INFO - Setting next_dagrun for example_short_circuit_operator to 2023-10-18T20:49:05.596251+00:00, run_after=2023-10-19T20:49:05.596251+00:00
[2023-10-19T22:49:05.602+0200] {processor.py:179} INFO - Processing /Users/nick/Desktop/airflow_dic/venv/lib/python3.11/site-packages/airflow/example_dags/example_short_circuit_operator.py took 0.086 seconds
[2023-10-19T22:50:15.411+0200] {processor.py:157} INFO - Started process (PID=34505) to work on /Users/nick/Desktop/airflow_dic/venv/lib/python3.11/site-packages/airflow/example_dags/example_short_circuit_operator.py
[2023-10-19T22:50:15.412+0200] {processor.py:829} INFO - Processing file /Users/nick/Desktop/airflow_dic/venv/lib/python3.11/site-packages/airflow/example_dags/example_short_circuit_operator.py for tasks to queue
[2023-10-19T22:50:15.412+0200] {logging_mixin.py:151} INFO - [2023-10-19T22:50:15.412+0200] {dagbag.py:539} INFO - Filling up the DagBag from /Users/nick/Desktop/airflow_dic/venv/lib/python3.11/site-packages/airflow/example_dags/example_short_circuit_operator.py
[2023-10-19T22:50:15.427+0200] {processor.py:839} INFO - DAG(s) dict_keys(['example_short_circuit_operator']) retrieved from /Users/nick/Desktop/airflow_dic/venv/lib/python3.11/site-packages/airflow/example_dags/example_short_circuit_operator.py
[2023-10-19T22:50:15.485+0200] {logging_mixin.py:151} INFO - [2023-10-19T22:50:15.485+0200] {dag.py:2915} INFO - Sync 1 DAGs
[2023-10-19T22:50:15.491+0200] {logging_mixin.py:151} INFO - [2023-10-19T22:50:15.491+0200] {dag.py:3696} INFO - Setting next_dagrun for example_short_circuit_operator to 2023-10-18T20:50:15.491244+00:00, run_after=2023-10-19T20:50:15.491244+00:00
[2023-10-19T22:50:15.498+0200] {processor.py:179} INFO - Processing /Users/nick/Desktop/airflow_dic/venv/lib/python3.11/site-packages/airflow/example_dags/example_short_circuit_operator.py took 0.088 seconds
[2023-10-19T22:53:42.356+0200] {processor.py:157} INFO - Started process (PID=34822) to work on /Users/nick/Desktop/airflow_dic/venv/lib/python3.11/site-packages/airflow/example_dags/example_short_circuit_operator.py
[2023-10-19T22:53:42.358+0200] {processor.py:829} INFO - Processing file /Users/nick/Desktop/airflow_dic/venv/lib/python3.11/site-packages/airflow/example_dags/example_short_circuit_operator.py for tasks to queue
[2023-10-19T22:53:42.358+0200] {logging_mixin.py:151} INFO - [2023-10-19T22:53:42.358+0200] {dagbag.py:539} INFO - Filling up the DagBag from /Users/nick/Desktop/airflow_dic/venv/lib/python3.11/site-packages/airflow/example_dags/example_short_circuit_operator.py
[2023-10-19T22:53:42.373+0200] {processor.py:839} INFO - DAG(s) dict_keys(['example_short_circuit_operator']) retrieved from /Users/nick/Desktop/airflow_dic/venv/lib/python3.11/site-packages/airflow/example_dags/example_short_circuit_operator.py
[2023-10-19T22:53:42.429+0200] {logging_mixin.py:151} INFO - [2023-10-19T22:53:42.429+0200] {dag.py:2915} INFO - Sync 1 DAGs
[2023-10-19T22:53:42.435+0200] {logging_mixin.py:151} INFO - [2023-10-19T22:53:42.435+0200] {dag.py:3696} INFO - Setting next_dagrun for example_short_circuit_operator to 2023-10-18T20:53:42.435266+00:00, run_after=2023-10-19T20:53:42.435266+00:00
[2023-10-19T22:53:42.441+0200] {processor.py:179} INFO - Processing /Users/nick/Desktop/airflow_dic/venv/lib/python3.11/site-packages/airflow/example_dags/example_short_circuit_operator.py took 0.085 seconds
[2023-10-19T22:54:45.308+0200] {processor.py:157} INFO - Started process (PID=34951) to work on /Users/nick/Desktop/airflow_dic/venv/lib/python3.11/site-packages/airflow/example_dags/example_short_circuit_operator.py
[2023-10-19T22:54:45.309+0200] {processor.py:829} INFO - Processing file /Users/nick/Desktop/airflow_dic/venv/lib/python3.11/site-packages/airflow/example_dags/example_short_circuit_operator.py for tasks to queue
[2023-10-19T22:54:45.309+0200] {logging_mixin.py:151} INFO - [2023-10-19T22:54:45.309+0200] {dagbag.py:539} INFO - Filling up the DagBag from /Users/nick/Desktop/airflow_dic/venv/lib/python3.11/site-packages/airflow/example_dags/example_short_circuit_operator.py
[2023-10-19T22:54:45.325+0200] {processor.py:839} INFO - DAG(s) dict_keys(['example_short_circuit_operator']) retrieved from /Users/nick/Desktop/airflow_dic/venv/lib/python3.11/site-packages/airflow/example_dags/example_short_circuit_operator.py
[2023-10-19T22:54:45.386+0200] {logging_mixin.py:151} INFO - [2023-10-19T22:54:45.385+0200] {dag.py:2915} INFO - Sync 1 DAGs
[2023-10-19T22:54:45.391+0200] {logging_mixin.py:151} INFO - [2023-10-19T22:54:45.391+0200] {dag.py:3696} INFO - Setting next_dagrun for example_short_circuit_operator to 2023-10-18T20:54:45.391843+00:00, run_after=2023-10-19T20:54:45.391843+00:00
[2023-10-19T22:54:45.398+0200] {processor.py:179} INFO - Processing /Users/nick/Desktop/airflow_dic/venv/lib/python3.11/site-packages/airflow/example_dags/example_short_circuit_operator.py took 0.091 seconds
[2023-10-19T22:55:51.858+0200] {processor.py:157} INFO - Started process (PID=35086) to work on /Users/nick/Desktop/airflow_dic/venv/lib/python3.11/site-packages/airflow/example_dags/example_short_circuit_operator.py
[2023-10-19T22:55:51.859+0200] {processor.py:829} INFO - Processing file /Users/nick/Desktop/airflow_dic/venv/lib/python3.11/site-packages/airflow/example_dags/example_short_circuit_operator.py for tasks to queue
[2023-10-19T22:55:51.860+0200] {logging_mixin.py:151} INFO - [2023-10-19T22:55:51.860+0200] {dagbag.py:539} INFO - Filling up the DagBag from /Users/nick/Desktop/airflow_dic/venv/lib/python3.11/site-packages/airflow/example_dags/example_short_circuit_operator.py
[2023-10-19T22:55:51.875+0200] {processor.py:839} INFO - DAG(s) dict_keys(['example_short_circuit_operator']) retrieved from /Users/nick/Desktop/airflow_dic/venv/lib/python3.11/site-packages/airflow/example_dags/example_short_circuit_operator.py
[2023-10-19T22:55:51.931+0200] {logging_mixin.py:151} INFO - [2023-10-19T22:55:51.930+0200] {dag.py:2915} INFO - Sync 1 DAGs
[2023-10-19T22:55:51.936+0200] {logging_mixin.py:151} INFO - [2023-10-19T22:55:51.936+0200] {dag.py:3696} INFO - Setting next_dagrun for example_short_circuit_operator to 2023-10-18T20:55:51.936439+00:00, run_after=2023-10-19T20:55:51.936439+00:00
[2023-10-19T22:55:51.942+0200] {processor.py:179} INFO - Processing /Users/nick/Desktop/airflow_dic/venv/lib/python3.11/site-packages/airflow/example_dags/example_short_circuit_operator.py took 0.084 seconds
[2023-10-19T22:57:02.957+0200] {processor.py:157} INFO - Started process (PID=35228) to work on /Users/nick/Desktop/airflow_dic/venv/lib/python3.11/site-packages/airflow/example_dags/example_short_circuit_operator.py
[2023-10-19T22:57:02.958+0200] {processor.py:829} INFO - Processing file /Users/nick/Desktop/airflow_dic/venv/lib/python3.11/site-packages/airflow/example_dags/example_short_circuit_operator.py for tasks to queue
[2023-10-19T22:57:02.958+0200] {logging_mixin.py:151} INFO - [2023-10-19T22:57:02.958+0200] {dagbag.py:539} INFO - Filling up the DagBag from /Users/nick/Desktop/airflow_dic/venv/lib/python3.11/site-packages/airflow/example_dags/example_short_circuit_operator.py
[2023-10-19T22:57:02.973+0200] {processor.py:839} INFO - DAG(s) dict_keys(['example_short_circuit_operator']) retrieved from /Users/nick/Desktop/airflow_dic/venv/lib/python3.11/site-packages/airflow/example_dags/example_short_circuit_operator.py
[2023-10-19T22:57:03.029+0200] {logging_mixin.py:151} INFO - [2023-10-19T22:57:03.029+0200] {dag.py:2915} INFO - Sync 1 DAGs
[2023-10-19T22:57:03.035+0200] {logging_mixin.py:151} INFO - [2023-10-19T22:57:03.035+0200] {dag.py:3696} INFO - Setting next_dagrun for example_short_circuit_operator to 2023-10-18T20:57:03.035310+00:00, run_after=2023-10-19T20:57:03.035310+00:00
[2023-10-19T22:57:03.041+0200] {processor.py:179} INFO - Processing /Users/nick/Desktop/airflow_dic/venv/lib/python3.11/site-packages/airflow/example_dags/example_short_circuit_operator.py took 0.085 seconds
[2023-10-19T22:58:08.342+0200] {processor.py:157} INFO - Started process (PID=35359) to work on /Users/nick/Desktop/airflow_dic/venv/lib/python3.11/site-packages/airflow/example_dags/example_short_circuit_operator.py
[2023-10-19T22:58:08.343+0200] {processor.py:829} INFO - Processing file /Users/nick/Desktop/airflow_dic/venv/lib/python3.11/site-packages/airflow/example_dags/example_short_circuit_operator.py for tasks to queue
[2023-10-19T22:58:08.343+0200] {logging_mixin.py:151} INFO - [2023-10-19T22:58:08.343+0200] {dagbag.py:539} INFO - Filling up the DagBag from /Users/nick/Desktop/airflow_dic/venv/lib/python3.11/site-packages/airflow/example_dags/example_short_circuit_operator.py
[2023-10-19T22:58:08.358+0200] {processor.py:839} INFO - DAG(s) dict_keys(['example_short_circuit_operator']) retrieved from /Users/nick/Desktop/airflow_dic/venv/lib/python3.11/site-packages/airflow/example_dags/example_short_circuit_operator.py
[2023-10-19T22:58:08.414+0200] {logging_mixin.py:151} INFO - [2023-10-19T22:58:08.414+0200] {dag.py:2915} INFO - Sync 1 DAGs
[2023-10-19T22:58:08.420+0200] {logging_mixin.py:151} INFO - [2023-10-19T22:58:08.420+0200] {dag.py:3696} INFO - Setting next_dagrun for example_short_circuit_operator to 2023-10-18T20:58:08.420053+00:00, run_after=2023-10-19T20:58:08.420053+00:00
[2023-10-19T22:58:08.426+0200] {processor.py:179} INFO - Processing /Users/nick/Desktop/airflow_dic/venv/lib/python3.11/site-packages/airflow/example_dags/example_short_circuit_operator.py took 0.084 seconds
[2023-10-19T22:59:15.884+0200] {processor.py:157} INFO - Started process (PID=35495) to work on /Users/nick/Desktop/airflow_dic/venv/lib/python3.11/site-packages/airflow/example_dags/example_short_circuit_operator.py
[2023-10-19T22:59:15.885+0200] {processor.py:829} INFO - Processing file /Users/nick/Desktop/airflow_dic/venv/lib/python3.11/site-packages/airflow/example_dags/example_short_circuit_operator.py for tasks to queue
[2023-10-19T22:59:15.885+0200] {logging_mixin.py:151} INFO - [2023-10-19T22:59:15.885+0200] {dagbag.py:539} INFO - Filling up the DagBag from /Users/nick/Desktop/airflow_dic/venv/lib/python3.11/site-packages/airflow/example_dags/example_short_circuit_operator.py
[2023-10-19T22:59:15.901+0200] {processor.py:839} INFO - DAG(s) dict_keys(['example_short_circuit_operator']) retrieved from /Users/nick/Desktop/airflow_dic/venv/lib/python3.11/site-packages/airflow/example_dags/example_short_circuit_operator.py
[2023-10-19T22:59:15.959+0200] {logging_mixin.py:151} INFO - [2023-10-19T22:59:15.959+0200] {dag.py:2915} INFO - Sync 1 DAGs
[2023-10-19T22:59:15.965+0200] {logging_mixin.py:151} INFO - [2023-10-19T22:59:15.965+0200] {dag.py:3696} INFO - Setting next_dagrun for example_short_circuit_operator to 2023-10-18T20:59:15.965719+00:00, run_after=2023-10-19T20:59:15.965719+00:00
[2023-10-19T22:59:15.972+0200] {processor.py:179} INFO - Processing /Users/nick/Desktop/airflow_dic/venv/lib/python3.11/site-packages/airflow/example_dags/example_short_circuit_operator.py took 0.089 seconds
