[2023-10-19T22:17:16.924+0200] {processor.py:157} INFO - Started process (PID=28760) to work on /Users/nick/Desktop/airflow_dic/venv/lib/python3.11/site-packages/airflow/example_dags/example_task_group_decorator.py
[2023-10-19T22:17:16.925+0200] {processor.py:829} INFO - Processing file /Users/nick/Desktop/airflow_dic/venv/lib/python3.11/site-packages/airflow/example_dags/example_task_group_decorator.py for tasks to queue
[2023-10-19T22:17:16.925+0200] {logging_mixin.py:151} INFO - [2023-10-19T22:17:16.925+0200] {dagbag.py:539} INFO - Filling up the DagBag from /Users/nick/Desktop/airflow_dic/venv/lib/python3.11/site-packages/airflow/example_dags/example_task_group_decorator.py
[2023-10-19T22:17:16.947+0200] {processor.py:839} INFO - DAG(s) dict_keys(['example_task_group_decorator']) retrieved from /Users/nick/Desktop/airflow_dic/venv/lib/python3.11/site-packages/airflow/example_dags/example_task_group_decorator.py
[2023-10-19T22:17:17.217+0200] {logging_mixin.py:151} INFO - [2023-10-19T22:17:17.217+0200] {manager.py:499} INFO - Created Permission View: %s
[2023-10-19T22:17:17.220+0200] {logging_mixin.py:151} INFO - [2023-10-19T22:17:17.220+0200] {manager.py:499} INFO - Created Permission View: %s
[2023-10-19T22:17:17.221+0200] {logging_mixin.py:151} INFO - [2023-10-19T22:17:17.221+0200] {manager.py:499} INFO - Created Permission View: %s
[2023-10-19T22:17:17.221+0200] {logging_mixin.py:151} INFO - [2023-10-19T22:17:17.221+0200] {security.py:708} INFO - Not syncing DAG-level permissions for DAG 'DAG:example_task_group_decorator' as access control is unset.
[2023-10-19T22:17:17.221+0200] {logging_mixin.py:151} INFO - [2023-10-19T22:17:17.221+0200] {dag.py:2915} INFO - Sync 1 DAGs
[2023-10-19T22:17:17.225+0200] {logging_mixin.py:151} INFO - [2023-10-19T22:17:17.225+0200] {dag.py:2937} INFO - Creating ORM DAG for example_task_group_decorator
[2023-10-19T22:17:17.227+0200] {logging_mixin.py:151} INFO - [2023-10-19T22:17:17.227+0200] {dag.py:3696} INFO - Setting next_dagrun for example_task_group_decorator to 2023-10-18T20:17:17.227683+00:00, run_after=2023-10-19T20:17:17.227683+00:00
[2023-10-19T22:17:17.232+0200] {processor.py:179} INFO - Processing /Users/nick/Desktop/airflow_dic/venv/lib/python3.11/site-packages/airflow/example_dags/example_task_group_decorator.py took 0.309 seconds
[2023-10-19T22:18:17.679+0200] {processor.py:157} INFO - Started process (PID=28872) to work on /Users/nick/Desktop/airflow_dic/venv/lib/python3.11/site-packages/airflow/example_dags/example_task_group_decorator.py
[2023-10-19T22:18:17.680+0200] {processor.py:829} INFO - Processing file /Users/nick/Desktop/airflow_dic/venv/lib/python3.11/site-packages/airflow/example_dags/example_task_group_decorator.py for tasks to queue
[2023-10-19T22:18:17.680+0200] {logging_mixin.py:151} INFO - [2023-10-19T22:18:17.680+0200] {dagbag.py:539} INFO - Filling up the DagBag from /Users/nick/Desktop/airflow_dic/venv/lib/python3.11/site-packages/airflow/example_dags/example_task_group_decorator.py
[2023-10-19T22:18:17.701+0200] {processor.py:839} INFO - DAG(s) dict_keys(['example_task_group_decorator']) retrieved from /Users/nick/Desktop/airflow_dic/venv/lib/python3.11/site-packages/airflow/example_dags/example_task_group_decorator.py
[2023-10-19T22:18:17.756+0200] {logging_mixin.py:151} INFO - [2023-10-19T22:18:17.756+0200] {dag.py:2915} INFO - Sync 1 DAGs
[2023-10-19T22:18:17.762+0200] {logging_mixin.py:151} INFO - [2023-10-19T22:18:17.762+0200] {dag.py:3696} INFO - Setting next_dagrun for example_task_group_decorator to 2023-10-18T20:18:17.762090+00:00, run_after=2023-10-19T20:18:17.762090+00:00
[2023-10-19T22:18:17.768+0200] {processor.py:179} INFO - Processing /Users/nick/Desktop/airflow_dic/venv/lib/python3.11/site-packages/airflow/example_dags/example_task_group_decorator.py took 0.090 seconds
[2023-10-19T22:19:31.064+0200] {processor.py:157} INFO - Started process (PID=29010) to work on /Users/nick/Desktop/airflow_dic/venv/lib/python3.11/site-packages/airflow/example_dags/example_task_group_decorator.py
[2023-10-19T22:19:31.065+0200] {processor.py:829} INFO - Processing file /Users/nick/Desktop/airflow_dic/venv/lib/python3.11/site-packages/airflow/example_dags/example_task_group_decorator.py for tasks to queue
[2023-10-19T22:19:31.066+0200] {logging_mixin.py:151} INFO - [2023-10-19T22:19:31.066+0200] {dagbag.py:539} INFO - Filling up the DagBag from /Users/nick/Desktop/airflow_dic/venv/lib/python3.11/site-packages/airflow/example_dags/example_task_group_decorator.py
[2023-10-19T22:19:31.088+0200] {processor.py:839} INFO - DAG(s) dict_keys(['example_task_group_decorator']) retrieved from /Users/nick/Desktop/airflow_dic/venv/lib/python3.11/site-packages/airflow/example_dags/example_task_group_decorator.py
[2023-10-19T22:19:31.144+0200] {logging_mixin.py:151} INFO - [2023-10-19T22:19:31.144+0200] {dag.py:2915} INFO - Sync 1 DAGs
[2023-10-19T22:19:31.149+0200] {logging_mixin.py:151} INFO - [2023-10-19T22:19:31.149+0200] {dag.py:3696} INFO - Setting next_dagrun for example_task_group_decorator to 2023-10-18T20:19:31.149626+00:00, run_after=2023-10-19T20:19:31.149626+00:00
[2023-10-19T22:19:31.155+0200] {processor.py:179} INFO - Processing /Users/nick/Desktop/airflow_dic/venv/lib/python3.11/site-packages/airflow/example_dags/example_task_group_decorator.py took 0.092 seconds
[2023-10-19T22:20:36.877+0200] {processor.py:157} INFO - Started process (PID=29131) to work on /Users/nick/Desktop/airflow_dic/venv/lib/python3.11/site-packages/airflow/example_dags/example_task_group_decorator.py
[2023-10-19T22:20:36.879+0200] {processor.py:829} INFO - Processing file /Users/nick/Desktop/airflow_dic/venv/lib/python3.11/site-packages/airflow/example_dags/example_task_group_decorator.py for tasks to queue
[2023-10-19T22:20:36.879+0200] {logging_mixin.py:151} INFO - [2023-10-19T22:20:36.879+0200] {dagbag.py:539} INFO - Filling up the DagBag from /Users/nick/Desktop/airflow_dic/venv/lib/python3.11/site-packages/airflow/example_dags/example_task_group_decorator.py
[2023-10-19T22:20:36.900+0200] {processor.py:839} INFO - DAG(s) dict_keys(['example_task_group_decorator']) retrieved from /Users/nick/Desktop/airflow_dic/venv/lib/python3.11/site-packages/airflow/example_dags/example_task_group_decorator.py
[2023-10-19T22:20:36.956+0200] {logging_mixin.py:151} INFO - [2023-10-19T22:20:36.956+0200] {dag.py:2915} INFO - Sync 1 DAGs
[2023-10-19T22:20:36.962+0200] {logging_mixin.py:151} INFO - [2023-10-19T22:20:36.961+0200] {dag.py:3696} INFO - Setting next_dagrun for example_task_group_decorator to 2023-10-18T20:20:36.961895+00:00, run_after=2023-10-19T20:20:36.961895+00:00
[2023-10-19T22:20:36.968+0200] {processor.py:179} INFO - Processing /Users/nick/Desktop/airflow_dic/venv/lib/python3.11/site-packages/airflow/example_dags/example_task_group_decorator.py took 0.091 seconds
[2023-10-19T22:21:44.537+0200] {processor.py:157} INFO - Started process (PID=29272) to work on /Users/nick/Desktop/airflow_dic/venv/lib/python3.11/site-packages/airflow/example_dags/example_task_group_decorator.py
[2023-10-19T22:21:44.539+0200] {processor.py:829} INFO - Processing file /Users/nick/Desktop/airflow_dic/venv/lib/python3.11/site-packages/airflow/example_dags/example_task_group_decorator.py for tasks to queue
[2023-10-19T22:21:44.539+0200] {logging_mixin.py:151} INFO - [2023-10-19T22:21:44.539+0200] {dagbag.py:539} INFO - Filling up the DagBag from /Users/nick/Desktop/airflow_dic/venv/lib/python3.11/site-packages/airflow/example_dags/example_task_group_decorator.py
[2023-10-19T22:21:44.562+0200] {processor.py:839} INFO - DAG(s) dict_keys(['example_task_group_decorator']) retrieved from /Users/nick/Desktop/airflow_dic/venv/lib/python3.11/site-packages/airflow/example_dags/example_task_group_decorator.py
[2023-10-19T22:21:44.618+0200] {logging_mixin.py:151} INFO - [2023-10-19T22:21:44.618+0200] {dag.py:2915} INFO - Sync 1 DAGs
[2023-10-19T22:21:44.624+0200] {logging_mixin.py:151} INFO - [2023-10-19T22:21:44.624+0200] {dag.py:3696} INFO - Setting next_dagrun for example_task_group_decorator to 2023-10-18T20:21:44.624396+00:00, run_after=2023-10-19T20:21:44.624396+00:00
[2023-10-19T22:21:44.630+0200] {processor.py:179} INFO - Processing /Users/nick/Desktop/airflow_dic/venv/lib/python3.11/site-packages/airflow/example_dags/example_task_group_decorator.py took 0.094 seconds
[2023-10-19T22:22:25.741+0200] {processor.py:157} INFO - Started process (PID=29358) to work on /Users/nick/Desktop/airflow_dic/venv/lib/python3.11/site-packages/airflow/example_dags/example_task_group_decorator.py
[2023-10-19T22:22:25.743+0200] {processor.py:829} INFO - Processing file /Users/nick/Desktop/airflow_dic/venv/lib/python3.11/site-packages/airflow/example_dags/example_task_group_decorator.py for tasks to queue
[2023-10-19T22:22:25.743+0200] {logging_mixin.py:151} INFO - [2023-10-19T22:22:25.743+0200] {dagbag.py:539} INFO - Filling up the DagBag from /Users/nick/Desktop/airflow_dic/venv/lib/python3.11/site-packages/airflow/example_dags/example_task_group_decorator.py
[2023-10-19T22:22:25.764+0200] {processor.py:839} INFO - DAG(s) dict_keys(['example_task_group_decorator']) retrieved from /Users/nick/Desktop/airflow_dic/venv/lib/python3.11/site-packages/airflow/example_dags/example_task_group_decorator.py
[2023-10-19T22:22:25.820+0200] {logging_mixin.py:151} INFO - [2023-10-19T22:22:25.819+0200] {dag.py:2915} INFO - Sync 1 DAGs
[2023-10-19T22:22:25.826+0200] {logging_mixin.py:151} INFO - [2023-10-19T22:22:25.826+0200] {dag.py:3696} INFO - Setting next_dagrun for example_task_group_decorator to 2023-10-18T20:22:25.826138+00:00, run_after=2023-10-19T20:22:25.826138+00:00
[2023-10-19T22:22:25.832+0200] {processor.py:179} INFO - Processing /Users/nick/Desktop/airflow_dic/venv/lib/python3.11/site-packages/airflow/example_dags/example_task_group_decorator.py took 0.092 seconds
[2023-10-19T22:23:07.521+0200] {processor.py:157} INFO - Started process (PID=29442) to work on /Users/nick/Desktop/airflow_dic/venv/lib/python3.11/site-packages/airflow/example_dags/example_task_group_decorator.py
[2023-10-19T22:23:07.523+0200] {processor.py:829} INFO - Processing file /Users/nick/Desktop/airflow_dic/venv/lib/python3.11/site-packages/airflow/example_dags/example_task_group_decorator.py for tasks to queue
[2023-10-19T22:23:07.523+0200] {logging_mixin.py:151} INFO - [2023-10-19T22:23:07.523+0200] {dagbag.py:539} INFO - Filling up the DagBag from /Users/nick/Desktop/airflow_dic/venv/lib/python3.11/site-packages/airflow/example_dags/example_task_group_decorator.py
[2023-10-19T22:23:07.545+0200] {processor.py:839} INFO - DAG(s) dict_keys(['example_task_group_decorator']) retrieved from /Users/nick/Desktop/airflow_dic/venv/lib/python3.11/site-packages/airflow/example_dags/example_task_group_decorator.py
[2023-10-19T22:23:07.603+0200] {logging_mixin.py:151} INFO - [2023-10-19T22:23:07.603+0200] {dag.py:2915} INFO - Sync 1 DAGs
[2023-10-19T22:23:07.609+0200] {logging_mixin.py:151} INFO - [2023-10-19T22:23:07.609+0200] {dag.py:3696} INFO - Setting next_dagrun for example_task_group_decorator to 2023-10-18T20:23:07.609630+00:00, run_after=2023-10-19T20:23:07.609630+00:00
[2023-10-19T22:23:07.617+0200] {processor.py:179} INFO - Processing /Users/nick/Desktop/airflow_dic/venv/lib/python3.11/site-packages/airflow/example_dags/example_task_group_decorator.py took 0.096 seconds
[2023-10-19T22:24:10.653+0200] {processor.py:157} INFO - Started process (PID=29567) to work on /Users/nick/Desktop/airflow_dic/venv/lib/python3.11/site-packages/airflow/example_dags/example_task_group_decorator.py
[2023-10-19T22:24:10.654+0200] {processor.py:829} INFO - Processing file /Users/nick/Desktop/airflow_dic/venv/lib/python3.11/site-packages/airflow/example_dags/example_task_group_decorator.py for tasks to queue
[2023-10-19T22:24:10.654+0200] {logging_mixin.py:151} INFO - [2023-10-19T22:24:10.654+0200] {dagbag.py:539} INFO - Filling up the DagBag from /Users/nick/Desktop/airflow_dic/venv/lib/python3.11/site-packages/airflow/example_dags/example_task_group_decorator.py
[2023-10-19T22:24:10.675+0200] {processor.py:839} INFO - DAG(s) dict_keys(['example_task_group_decorator']) retrieved from /Users/nick/Desktop/airflow_dic/venv/lib/python3.11/site-packages/airflow/example_dags/example_task_group_decorator.py
[2023-10-19T22:24:10.730+0200] {logging_mixin.py:151} INFO - [2023-10-19T22:24:10.729+0200] {dag.py:2915} INFO - Sync 1 DAGs
[2023-10-19T22:24:10.735+0200] {logging_mixin.py:151} INFO - [2023-10-19T22:24:10.735+0200] {dag.py:3696} INFO - Setting next_dagrun for example_task_group_decorator to 2023-10-18T20:24:10.735519+00:00, run_after=2023-10-19T20:24:10.735519+00:00
[2023-10-19T22:24:10.741+0200] {processor.py:179} INFO - Processing /Users/nick/Desktop/airflow_dic/venv/lib/python3.11/site-packages/airflow/example_dags/example_task_group_decorator.py took 0.089 seconds
[2023-10-19T22:25:12.980+0200] {processor.py:157} INFO - Started process (PID=29707) to work on /Users/nick/Desktop/airflow_dic/venv/lib/python3.11/site-packages/airflow/example_dags/example_task_group_decorator.py
[2023-10-19T22:25:12.982+0200] {processor.py:829} INFO - Processing file /Users/nick/Desktop/airflow_dic/venv/lib/python3.11/site-packages/airflow/example_dags/example_task_group_decorator.py for tasks to queue
[2023-10-19T22:25:12.982+0200] {logging_mixin.py:151} INFO - [2023-10-19T22:25:12.982+0200] {dagbag.py:539} INFO - Filling up the DagBag from /Users/nick/Desktop/airflow_dic/venv/lib/python3.11/site-packages/airflow/example_dags/example_task_group_decorator.py
[2023-10-19T22:25:13.003+0200] {processor.py:839} INFO - DAG(s) dict_keys(['example_task_group_decorator']) retrieved from /Users/nick/Desktop/airflow_dic/venv/lib/python3.11/site-packages/airflow/example_dags/example_task_group_decorator.py
[2023-10-19T22:25:13.059+0200] {logging_mixin.py:151} INFO - [2023-10-19T22:25:13.058+0200] {dag.py:2915} INFO - Sync 1 DAGs
[2023-10-19T22:25:13.064+0200] {logging_mixin.py:151} INFO - [2023-10-19T22:25:13.064+0200] {dag.py:3696} INFO - Setting next_dagrun for example_task_group_decorator to 2023-10-18T20:25:13.064434+00:00, run_after=2023-10-19T20:25:13.064434+00:00
[2023-10-19T22:25:13.070+0200] {processor.py:179} INFO - Processing /Users/nick/Desktop/airflow_dic/venv/lib/python3.11/site-packages/airflow/example_dags/example_task_group_decorator.py took 0.091 seconds
[2023-10-19T22:26:24.342+0200] {processor.py:157} INFO - Started process (PID=31718) to work on /Users/nick/Desktop/airflow_dic/venv/lib/python3.11/site-packages/airflow/example_dags/example_task_group_decorator.py
[2023-10-19T22:26:24.345+0200] {processor.py:829} INFO - Processing file /Users/nick/Desktop/airflow_dic/venv/lib/python3.11/site-packages/airflow/example_dags/example_task_group_decorator.py for tasks to queue
[2023-10-19T22:26:24.345+0200] {logging_mixin.py:151} INFO - [2023-10-19T22:26:24.345+0200] {dagbag.py:539} INFO - Filling up the DagBag from /Users/nick/Desktop/airflow_dic/venv/lib/python3.11/site-packages/airflow/example_dags/example_task_group_decorator.py
[2023-10-19T22:26:24.369+0200] {processor.py:839} INFO - DAG(s) dict_keys(['example_task_group_decorator']) retrieved from /Users/nick/Desktop/airflow_dic/venv/lib/python3.11/site-packages/airflow/example_dags/example_task_group_decorator.py
[2023-10-19T22:26:24.652+0200] {logging_mixin.py:151} INFO - [2023-10-19T22:26:24.652+0200] {security.py:708} INFO - Not syncing DAG-level permissions for DAG 'DAG:example_task_group_decorator' as access control is unset.
[2023-10-19T22:26:24.652+0200] {logging_mixin.py:151} INFO - [2023-10-19T22:26:24.652+0200] {dag.py:2915} INFO - Sync 1 DAGs
[2023-10-19T22:26:24.655+0200] {logging_mixin.py:151} INFO - [2023-10-19T22:26:24.655+0200] {dag.py:2937} INFO - Creating ORM DAG for example_task_group_decorator
[2023-10-19T22:26:24.658+0200] {logging_mixin.py:151} INFO - [2023-10-19T22:26:24.658+0200] {dag.py:3696} INFO - Setting next_dagrun for example_task_group_decorator to 2023-10-18T20:26:24.658785+00:00, run_after=2023-10-19T20:26:24.658785+00:00
[2023-10-19T22:26:24.666+0200] {processor.py:179} INFO - Processing /Users/nick/Desktop/airflow_dic/venv/lib/python3.11/site-packages/airflow/example_dags/example_task_group_decorator.py took 0.323 seconds
[2023-10-19T22:27:31.056+0200] {processor.py:157} INFO - Started process (PID=31843) to work on /Users/nick/Desktop/airflow_dic/venv/lib/python3.11/site-packages/airflow/example_dags/example_task_group_decorator.py
[2023-10-19T22:27:31.065+0200] {processor.py:829} INFO - Processing file /Users/nick/Desktop/airflow_dic/venv/lib/python3.11/site-packages/airflow/example_dags/example_task_group_decorator.py for tasks to queue
[2023-10-19T22:27:31.066+0200] {logging_mixin.py:151} INFO - [2023-10-19T22:27:31.066+0200] {dagbag.py:539} INFO - Filling up the DagBag from /Users/nick/Desktop/airflow_dic/venv/lib/python3.11/site-packages/airflow/example_dags/example_task_group_decorator.py
[2023-10-19T22:27:31.098+0200] {processor.py:839} INFO - DAG(s) dict_keys(['example_task_group_decorator']) retrieved from /Users/nick/Desktop/airflow_dic/venv/lib/python3.11/site-packages/airflow/example_dags/example_task_group_decorator.py
[2023-10-19T22:27:31.409+0200] {logging_mixin.py:151} INFO - [2023-10-19T22:27:31.409+0200] {security.py:708} INFO - Not syncing DAG-level permissions for DAG 'DAG:example_task_group_decorator' as access control is unset.
[2023-10-19T22:27:31.410+0200] {logging_mixin.py:151} INFO - [2023-10-19T22:27:31.410+0200] {dag.py:2915} INFO - Sync 1 DAGs
[2023-10-19T22:27:31.413+0200] {logging_mixin.py:151} INFO - [2023-10-19T22:27:31.413+0200] {dag.py:2937} INFO - Creating ORM DAG for example_task_group_decorator
[2023-10-19T22:27:31.416+0200] {logging_mixin.py:151} INFO - [2023-10-19T22:27:31.416+0200] {dag.py:3696} INFO - Setting next_dagrun for example_task_group_decorator to 2023-10-18T20:27:31.416418+00:00, run_after=2023-10-19T20:27:31.416418+00:00
[2023-10-19T22:27:31.423+0200] {processor.py:179} INFO - Processing /Users/nick/Desktop/airflow_dic/venv/lib/python3.11/site-packages/airflow/example_dags/example_task_group_decorator.py took 0.368 seconds
[2023-10-19T22:28:46.273+0200] {processor.py:157} INFO - Started process (PID=31992) to work on /Users/nick/Desktop/airflow_dic/venv/lib/python3.11/site-packages/airflow/example_dags/example_task_group_decorator.py
[2023-10-19T22:28:46.274+0200] {processor.py:829} INFO - Processing file /Users/nick/Desktop/airflow_dic/venv/lib/python3.11/site-packages/airflow/example_dags/example_task_group_decorator.py for tasks to queue
[2023-10-19T22:28:46.274+0200] {logging_mixin.py:151} INFO - [2023-10-19T22:28:46.274+0200] {dagbag.py:539} INFO - Filling up the DagBag from /Users/nick/Desktop/airflow_dic/venv/lib/python3.11/site-packages/airflow/example_dags/example_task_group_decorator.py
[2023-10-19T22:28:46.295+0200] {processor.py:839} INFO - DAG(s) dict_keys(['example_task_group_decorator']) retrieved from /Users/nick/Desktop/airflow_dic/venv/lib/python3.11/site-packages/airflow/example_dags/example_task_group_decorator.py
[2023-10-19T22:28:46.350+0200] {logging_mixin.py:151} INFO - [2023-10-19T22:28:46.350+0200] {dag.py:2915} INFO - Sync 1 DAGs
[2023-10-19T22:28:46.356+0200] {logging_mixin.py:151} INFO - [2023-10-19T22:28:46.355+0200] {dag.py:3696} INFO - Setting next_dagrun for example_task_group_decorator to 2023-10-18T20:28:46.355945+00:00, run_after=2023-10-19T20:28:46.355945+00:00
[2023-10-19T22:28:46.362+0200] {processor.py:179} INFO - Processing /Users/nick/Desktop/airflow_dic/venv/lib/python3.11/site-packages/airflow/example_dags/example_task_group_decorator.py took 0.089 seconds
[2023-10-19T22:29:52.475+0200] {processor.py:157} INFO - Started process (PID=32125) to work on /Users/nick/Desktop/airflow_dic/venv/lib/python3.11/site-packages/airflow/example_dags/example_task_group_decorator.py
[2023-10-19T22:29:52.476+0200] {processor.py:829} INFO - Processing file /Users/nick/Desktop/airflow_dic/venv/lib/python3.11/site-packages/airflow/example_dags/example_task_group_decorator.py for tasks to queue
[2023-10-19T22:29:52.477+0200] {logging_mixin.py:151} INFO - [2023-10-19T22:29:52.477+0200] {dagbag.py:539} INFO - Filling up the DagBag from /Users/nick/Desktop/airflow_dic/venv/lib/python3.11/site-packages/airflow/example_dags/example_task_group_decorator.py
[2023-10-19T22:29:52.498+0200] {processor.py:839} INFO - DAG(s) dict_keys(['example_task_group_decorator']) retrieved from /Users/nick/Desktop/airflow_dic/venv/lib/python3.11/site-packages/airflow/example_dags/example_task_group_decorator.py
[2023-10-19T22:29:52.552+0200] {logging_mixin.py:151} INFO - [2023-10-19T22:29:52.552+0200] {dag.py:2915} INFO - Sync 1 DAGs
[2023-10-19T22:29:52.558+0200] {logging_mixin.py:151} INFO - [2023-10-19T22:29:52.558+0200] {dag.py:3696} INFO - Setting next_dagrun for example_task_group_decorator to 2023-10-18T20:29:52.558251+00:00, run_after=2023-10-19T20:29:52.558251+00:00
[2023-10-19T22:29:52.564+0200] {processor.py:179} INFO - Processing /Users/nick/Desktop/airflow_dic/venv/lib/python3.11/site-packages/airflow/example_dags/example_task_group_decorator.py took 0.089 seconds
[2023-10-19T22:31:12.797+0200] {processor.py:157} INFO - Started process (PID=32288) to work on /Users/nick/Desktop/airflow_dic/venv/lib/python3.11/site-packages/airflow/example_dags/example_task_group_decorator.py
[2023-10-19T22:31:12.799+0200] {processor.py:829} INFO - Processing file /Users/nick/Desktop/airflow_dic/venv/lib/python3.11/site-packages/airflow/example_dags/example_task_group_decorator.py for tasks to queue
[2023-10-19T22:31:12.799+0200] {logging_mixin.py:151} INFO - [2023-10-19T22:31:12.799+0200] {dagbag.py:539} INFO - Filling up the DagBag from /Users/nick/Desktop/airflow_dic/venv/lib/python3.11/site-packages/airflow/example_dags/example_task_group_decorator.py
[2023-10-19T22:31:12.820+0200] {processor.py:839} INFO - DAG(s) dict_keys(['example_task_group_decorator']) retrieved from /Users/nick/Desktop/airflow_dic/venv/lib/python3.11/site-packages/airflow/example_dags/example_task_group_decorator.py
[2023-10-19T22:31:12.876+0200] {logging_mixin.py:151} INFO - [2023-10-19T22:31:12.876+0200] {dag.py:2915} INFO - Sync 1 DAGs
[2023-10-19T22:31:12.882+0200] {logging_mixin.py:151} INFO - [2023-10-19T22:31:12.882+0200] {dag.py:3696} INFO - Setting next_dagrun for example_task_group_decorator to 2023-10-18T20:31:12.882149+00:00, run_after=2023-10-19T20:31:12.882149+00:00
[2023-10-19T22:31:12.888+0200] {processor.py:179} INFO - Processing /Users/nick/Desktop/airflow_dic/venv/lib/python3.11/site-packages/airflow/example_dags/example_task_group_decorator.py took 0.091 seconds
[2023-10-19T22:32:16.052+0200] {processor.py:157} INFO - Started process (PID=32403) to work on /Users/nick/Desktop/airflow_dic/venv/lib/python3.11/site-packages/airflow/example_dags/example_task_group_decorator.py
[2023-10-19T22:32:16.053+0200] {processor.py:829} INFO - Processing file /Users/nick/Desktop/airflow_dic/venv/lib/python3.11/site-packages/airflow/example_dags/example_task_group_decorator.py for tasks to queue
[2023-10-19T22:32:16.053+0200] {logging_mixin.py:151} INFO - [2023-10-19T22:32:16.053+0200] {dagbag.py:539} INFO - Filling up the DagBag from /Users/nick/Desktop/airflow_dic/venv/lib/python3.11/site-packages/airflow/example_dags/example_task_group_decorator.py
[2023-10-19T22:32:16.077+0200] {processor.py:839} INFO - DAG(s) dict_keys(['example_task_group_decorator']) retrieved from /Users/nick/Desktop/airflow_dic/venv/lib/python3.11/site-packages/airflow/example_dags/example_task_group_decorator.py
[2023-10-19T22:32:16.139+0200] {logging_mixin.py:151} INFO - [2023-10-19T22:32:16.139+0200] {dag.py:2915} INFO - Sync 1 DAGs
[2023-10-19T22:32:16.145+0200] {logging_mixin.py:151} INFO - [2023-10-19T22:32:16.145+0200] {dag.py:3696} INFO - Setting next_dagrun for example_task_group_decorator to 2023-10-18T20:32:16.145686+00:00, run_after=2023-10-19T20:32:16.145686+00:00
[2023-10-19T22:32:16.152+0200] {processor.py:179} INFO - Processing /Users/nick/Desktop/airflow_dic/venv/lib/python3.11/site-packages/airflow/example_dags/example_task_group_decorator.py took 0.101 seconds
[2023-10-19T22:33:24.581+0200] {processor.py:157} INFO - Started process (PID=32528) to work on /Users/nick/Desktop/airflow_dic/venv/lib/python3.11/site-packages/airflow/example_dags/example_task_group_decorator.py
[2023-10-19T22:33:24.582+0200] {processor.py:829} INFO - Processing file /Users/nick/Desktop/airflow_dic/venv/lib/python3.11/site-packages/airflow/example_dags/example_task_group_decorator.py for tasks to queue
[2023-10-19T22:33:24.583+0200] {logging_mixin.py:151} INFO - [2023-10-19T22:33:24.583+0200] {dagbag.py:539} INFO - Filling up the DagBag from /Users/nick/Desktop/airflow_dic/venv/lib/python3.11/site-packages/airflow/example_dags/example_task_group_decorator.py
[2023-10-19T22:33:24.604+0200] {processor.py:839} INFO - DAG(s) dict_keys(['example_task_group_decorator']) retrieved from /Users/nick/Desktop/airflow_dic/venv/lib/python3.11/site-packages/airflow/example_dags/example_task_group_decorator.py
[2023-10-19T22:33:24.659+0200] {logging_mixin.py:151} INFO - [2023-10-19T22:33:24.659+0200] {dag.py:2915} INFO - Sync 1 DAGs
[2023-10-19T22:33:24.665+0200] {logging_mixin.py:151} INFO - [2023-10-19T22:33:24.664+0200] {dag.py:3696} INFO - Setting next_dagrun for example_task_group_decorator to 2023-10-18T20:33:24.664943+00:00, run_after=2023-10-19T20:33:24.664943+00:00
[2023-10-19T22:33:24.671+0200] {processor.py:179} INFO - Processing /Users/nick/Desktop/airflow_dic/venv/lib/python3.11/site-packages/airflow/example_dags/example_task_group_decorator.py took 0.090 seconds
[2023-10-19T22:34:35.492+0200] {processor.py:157} INFO - Started process (PID=32677) to work on /Users/nick/Desktop/airflow_dic/venv/lib/python3.11/site-packages/airflow/example_dags/example_task_group_decorator.py
[2023-10-19T22:34:35.493+0200] {processor.py:829} INFO - Processing file /Users/nick/Desktop/airflow_dic/venv/lib/python3.11/site-packages/airflow/example_dags/example_task_group_decorator.py for tasks to queue
[2023-10-19T22:34:35.494+0200] {logging_mixin.py:151} INFO - [2023-10-19T22:34:35.494+0200] {dagbag.py:539} INFO - Filling up the DagBag from /Users/nick/Desktop/airflow_dic/venv/lib/python3.11/site-packages/airflow/example_dags/example_task_group_decorator.py
[2023-10-19T22:34:35.517+0200] {processor.py:839} INFO - DAG(s) dict_keys(['example_task_group_decorator']) retrieved from /Users/nick/Desktop/airflow_dic/venv/lib/python3.11/site-packages/airflow/example_dags/example_task_group_decorator.py
[2023-10-19T22:34:35.573+0200] {logging_mixin.py:151} INFO - [2023-10-19T22:34:35.573+0200] {dag.py:2915} INFO - Sync 1 DAGs
[2023-10-19T22:34:35.579+0200] {logging_mixin.py:151} INFO - [2023-10-19T22:34:35.579+0200] {dag.py:3696} INFO - Setting next_dagrun for example_task_group_decorator to 2023-10-18T20:34:35.579732+00:00, run_after=2023-10-19T20:34:35.579732+00:00
[2023-10-19T22:34:35.586+0200] {processor.py:179} INFO - Processing /Users/nick/Desktop/airflow_dic/venv/lib/python3.11/site-packages/airflow/example_dags/example_task_group_decorator.py took 0.095 seconds
[2023-10-19T22:35:42.787+0200] {processor.py:157} INFO - Started process (PID=32838) to work on /Users/nick/Desktop/airflow_dic/venv/lib/python3.11/site-packages/airflow/example_dags/example_task_group_decorator.py
[2023-10-19T22:35:42.789+0200] {processor.py:829} INFO - Processing file /Users/nick/Desktop/airflow_dic/venv/lib/python3.11/site-packages/airflow/example_dags/example_task_group_decorator.py for tasks to queue
[2023-10-19T22:35:42.789+0200] {logging_mixin.py:151} INFO - [2023-10-19T22:35:42.789+0200] {dagbag.py:539} INFO - Filling up the DagBag from /Users/nick/Desktop/airflow_dic/venv/lib/python3.11/site-packages/airflow/example_dags/example_task_group_decorator.py
[2023-10-19T22:35:42.811+0200] {processor.py:839} INFO - DAG(s) dict_keys(['example_task_group_decorator']) retrieved from /Users/nick/Desktop/airflow_dic/venv/lib/python3.11/site-packages/airflow/example_dags/example_task_group_decorator.py
[2023-10-19T22:35:42.865+0200] {logging_mixin.py:151} INFO - [2023-10-19T22:35:42.865+0200] {dag.py:2915} INFO - Sync 1 DAGs
[2023-10-19T22:35:42.871+0200] {logging_mixin.py:151} INFO - [2023-10-19T22:35:42.871+0200] {dag.py:3696} INFO - Setting next_dagrun for example_task_group_decorator to 2023-10-18T20:35:42.871122+00:00, run_after=2023-10-19T20:35:42.871122+00:00
[2023-10-19T22:35:42.877+0200] {processor.py:179} INFO - Processing /Users/nick/Desktop/airflow_dic/venv/lib/python3.11/site-packages/airflow/example_dags/example_task_group_decorator.py took 0.090 seconds
[2023-10-19T22:36:52.298+0200] {processor.py:157} INFO - Started process (PID=32971) to work on /Users/nick/Desktop/airflow_dic/venv/lib/python3.11/site-packages/airflow/example_dags/example_task_group_decorator.py
[2023-10-19T22:36:52.299+0200] {processor.py:829} INFO - Processing file /Users/nick/Desktop/airflow_dic/venv/lib/python3.11/site-packages/airflow/example_dags/example_task_group_decorator.py for tasks to queue
[2023-10-19T22:36:52.300+0200] {logging_mixin.py:151} INFO - [2023-10-19T22:36:52.300+0200] {dagbag.py:539} INFO - Filling up the DagBag from /Users/nick/Desktop/airflow_dic/venv/lib/python3.11/site-packages/airflow/example_dags/example_task_group_decorator.py
[2023-10-19T22:36:52.321+0200] {processor.py:839} INFO - DAG(s) dict_keys(['example_task_group_decorator']) retrieved from /Users/nick/Desktop/airflow_dic/venv/lib/python3.11/site-packages/airflow/example_dags/example_task_group_decorator.py
[2023-10-19T22:36:52.376+0200] {logging_mixin.py:151} INFO - [2023-10-19T22:36:52.375+0200] {dag.py:2915} INFO - Sync 1 DAGs
[2023-10-19T22:36:52.381+0200] {logging_mixin.py:151} INFO - [2023-10-19T22:36:52.381+0200] {dag.py:3696} INFO - Setting next_dagrun for example_task_group_decorator to 2023-10-18T20:36:52.381721+00:00, run_after=2023-10-19T20:36:52.381721+00:00
[2023-10-19T22:36:52.388+0200] {processor.py:179} INFO - Processing /Users/nick/Desktop/airflow_dic/venv/lib/python3.11/site-packages/airflow/example_dags/example_task_group_decorator.py took 0.090 seconds
[2023-10-19T22:38:00.454+0200] {processor.py:157} INFO - Started process (PID=33097) to work on /Users/nick/Desktop/airflow_dic/venv/lib/python3.11/site-packages/airflow/example_dags/example_task_group_decorator.py
[2023-10-19T22:38:00.455+0200] {processor.py:829} INFO - Processing file /Users/nick/Desktop/airflow_dic/venv/lib/python3.11/site-packages/airflow/example_dags/example_task_group_decorator.py for tasks to queue
[2023-10-19T22:38:00.456+0200] {logging_mixin.py:151} INFO - [2023-10-19T22:38:00.456+0200] {dagbag.py:539} INFO - Filling up the DagBag from /Users/nick/Desktop/airflow_dic/venv/lib/python3.11/site-packages/airflow/example_dags/example_task_group_decorator.py
[2023-10-19T22:38:00.477+0200] {processor.py:839} INFO - DAG(s) dict_keys(['example_task_group_decorator']) retrieved from /Users/nick/Desktop/airflow_dic/venv/lib/python3.11/site-packages/airflow/example_dags/example_task_group_decorator.py
[2023-10-19T22:38:00.532+0200] {logging_mixin.py:151} INFO - [2023-10-19T22:38:00.532+0200] {dag.py:2915} INFO - Sync 1 DAGs
[2023-10-19T22:38:00.537+0200] {logging_mixin.py:151} INFO - [2023-10-19T22:38:00.537+0200] {dag.py:3696} INFO - Setting next_dagrun for example_task_group_decorator to 2023-10-18T20:38:00.537601+00:00, run_after=2023-10-19T20:38:00.537601+00:00
[2023-10-19T22:38:00.543+0200] {processor.py:179} INFO - Processing /Users/nick/Desktop/airflow_dic/venv/lib/python3.11/site-packages/airflow/example_dags/example_task_group_decorator.py took 0.090 seconds
[2023-10-19T22:39:06.734+0200] {processor.py:157} INFO - Started process (PID=33223) to work on /Users/nick/Desktop/airflow_dic/venv/lib/python3.11/site-packages/airflow/example_dags/example_task_group_decorator.py
[2023-10-19T22:39:06.735+0200] {processor.py:829} INFO - Processing file /Users/nick/Desktop/airflow_dic/venv/lib/python3.11/site-packages/airflow/example_dags/example_task_group_decorator.py for tasks to queue
[2023-10-19T22:39:06.735+0200] {logging_mixin.py:151} INFO - [2023-10-19T22:39:06.735+0200] {dagbag.py:539} INFO - Filling up the DagBag from /Users/nick/Desktop/airflow_dic/venv/lib/python3.11/site-packages/airflow/example_dags/example_task_group_decorator.py
[2023-10-19T22:39:06.756+0200] {processor.py:839} INFO - DAG(s) dict_keys(['example_task_group_decorator']) retrieved from /Users/nick/Desktop/airflow_dic/venv/lib/python3.11/site-packages/airflow/example_dags/example_task_group_decorator.py
[2023-10-19T22:39:06.812+0200] {logging_mixin.py:151} INFO - [2023-10-19T22:39:06.812+0200] {dag.py:2915} INFO - Sync 1 DAGs
[2023-10-19T22:39:06.818+0200] {logging_mixin.py:151} INFO - [2023-10-19T22:39:06.817+0200] {dag.py:3696} INFO - Setting next_dagrun for example_task_group_decorator to 2023-10-18T20:39:06.817905+00:00, run_after=2023-10-19T20:39:06.817905+00:00
[2023-10-19T22:39:06.824+0200] {processor.py:179} INFO - Processing /Users/nick/Desktop/airflow_dic/venv/lib/python3.11/site-packages/airflow/example_dags/example_task_group_decorator.py took 0.090 seconds
[2023-10-19T22:40:13.363+0200] {processor.py:157} INFO - Started process (PID=33350) to work on /Users/nick/Desktop/airflow_dic/venv/lib/python3.11/site-packages/airflow/example_dags/example_task_group_decorator.py
[2023-10-19T22:40:13.364+0200] {processor.py:829} INFO - Processing file /Users/nick/Desktop/airflow_dic/venv/lib/python3.11/site-packages/airflow/example_dags/example_task_group_decorator.py for tasks to queue
[2023-10-19T22:40:13.364+0200] {logging_mixin.py:151} INFO - [2023-10-19T22:40:13.364+0200] {dagbag.py:539} INFO - Filling up the DagBag from /Users/nick/Desktop/airflow_dic/venv/lib/python3.11/site-packages/airflow/example_dags/example_task_group_decorator.py
[2023-10-19T22:40:13.386+0200] {processor.py:839} INFO - DAG(s) dict_keys(['example_task_group_decorator']) retrieved from /Users/nick/Desktop/airflow_dic/venv/lib/python3.11/site-packages/airflow/example_dags/example_task_group_decorator.py
[2023-10-19T22:40:13.442+0200] {logging_mixin.py:151} INFO - [2023-10-19T22:40:13.442+0200] {dag.py:2915} INFO - Sync 1 DAGs
[2023-10-19T22:40:13.448+0200] {logging_mixin.py:151} INFO - [2023-10-19T22:40:13.447+0200] {dag.py:3696} INFO - Setting next_dagrun for example_task_group_decorator to 2023-10-18T20:40:13.447930+00:00, run_after=2023-10-19T20:40:13.447930+00:00
[2023-10-19T22:40:13.454+0200] {processor.py:179} INFO - Processing /Users/nick/Desktop/airflow_dic/venv/lib/python3.11/site-packages/airflow/example_dags/example_task_group_decorator.py took 0.092 seconds
[2023-10-19T22:41:23.694+0200] {processor.py:157} INFO - Started process (PID=33477) to work on /Users/nick/Desktop/airflow_dic/venv/lib/python3.11/site-packages/airflow/example_dags/example_task_group_decorator.py
[2023-10-19T22:41:23.695+0200] {processor.py:829} INFO - Processing file /Users/nick/Desktop/airflow_dic/venv/lib/python3.11/site-packages/airflow/example_dags/example_task_group_decorator.py for tasks to queue
[2023-10-19T22:41:23.696+0200] {logging_mixin.py:151} INFO - [2023-10-19T22:41:23.695+0200] {dagbag.py:539} INFO - Filling up the DagBag from /Users/nick/Desktop/airflow_dic/venv/lib/python3.11/site-packages/airflow/example_dags/example_task_group_decorator.py
[2023-10-19T22:41:23.717+0200] {processor.py:839} INFO - DAG(s) dict_keys(['example_task_group_decorator']) retrieved from /Users/nick/Desktop/airflow_dic/venv/lib/python3.11/site-packages/airflow/example_dags/example_task_group_decorator.py
[2023-10-19T22:41:23.773+0200] {logging_mixin.py:151} INFO - [2023-10-19T22:41:23.773+0200] {dag.py:2915} INFO - Sync 1 DAGs
[2023-10-19T22:41:23.779+0200] {logging_mixin.py:151} INFO - [2023-10-19T22:41:23.778+0200] {dag.py:3696} INFO - Setting next_dagrun for example_task_group_decorator to 2023-10-18T20:41:23.778940+00:00, run_after=2023-10-19T20:41:23.778940+00:00
[2023-10-19T22:41:23.785+0200] {processor.py:179} INFO - Processing /Users/nick/Desktop/airflow_dic/venv/lib/python3.11/site-packages/airflow/example_dags/example_task_group_decorator.py took 0.091 seconds
[2023-10-19T22:42:34.383+0200] {processor.py:157} INFO - Started process (PID=33609) to work on /Users/nick/Desktop/airflow_dic/venv/lib/python3.11/site-packages/airflow/example_dags/example_task_group_decorator.py
[2023-10-19T22:42:34.384+0200] {processor.py:829} INFO - Processing file /Users/nick/Desktop/airflow_dic/venv/lib/python3.11/site-packages/airflow/example_dags/example_task_group_decorator.py for tasks to queue
[2023-10-19T22:42:34.384+0200] {logging_mixin.py:151} INFO - [2023-10-19T22:42:34.384+0200] {dagbag.py:539} INFO - Filling up the DagBag from /Users/nick/Desktop/airflow_dic/venv/lib/python3.11/site-packages/airflow/example_dags/example_task_group_decorator.py
[2023-10-19T22:42:34.405+0200] {processor.py:839} INFO - DAG(s) dict_keys(['example_task_group_decorator']) retrieved from /Users/nick/Desktop/airflow_dic/venv/lib/python3.11/site-packages/airflow/example_dags/example_task_group_decorator.py
[2023-10-19T22:42:34.459+0200] {logging_mixin.py:151} INFO - [2023-10-19T22:42:34.459+0200] {dag.py:2915} INFO - Sync 1 DAGs
[2023-10-19T22:42:34.466+0200] {logging_mixin.py:151} INFO - [2023-10-19T22:42:34.465+0200] {dag.py:3696} INFO - Setting next_dagrun for example_task_group_decorator to 2023-10-18T20:42:34.465881+00:00, run_after=2023-10-19T20:42:34.465881+00:00
[2023-10-19T22:42:34.473+0200] {processor.py:179} INFO - Processing /Users/nick/Desktop/airflow_dic/venv/lib/python3.11/site-packages/airflow/example_dags/example_task_group_decorator.py took 0.090 seconds
[2023-10-19T22:43:43.206+0200] {processor.py:157} INFO - Started process (PID=33733) to work on /Users/nick/Desktop/airflow_dic/venv/lib/python3.11/site-packages/airflow/example_dags/example_task_group_decorator.py
[2023-10-19T22:43:43.208+0200] {processor.py:829} INFO - Processing file /Users/nick/Desktop/airflow_dic/venv/lib/python3.11/site-packages/airflow/example_dags/example_task_group_decorator.py for tasks to queue
[2023-10-19T22:43:43.208+0200] {logging_mixin.py:151} INFO - [2023-10-19T22:43:43.208+0200] {dagbag.py:539} INFO - Filling up the DagBag from /Users/nick/Desktop/airflow_dic/venv/lib/python3.11/site-packages/airflow/example_dags/example_task_group_decorator.py
[2023-10-19T22:43:43.230+0200] {processor.py:839} INFO - DAG(s) dict_keys(['example_task_group_decorator']) retrieved from /Users/nick/Desktop/airflow_dic/venv/lib/python3.11/site-packages/airflow/example_dags/example_task_group_decorator.py
[2023-10-19T22:43:43.286+0200] {logging_mixin.py:151} INFO - [2023-10-19T22:43:43.286+0200] {dag.py:2915} INFO - Sync 1 DAGs
[2023-10-19T22:43:43.291+0200] {logging_mixin.py:151} INFO - [2023-10-19T22:43:43.291+0200] {dag.py:3696} INFO - Setting next_dagrun for example_task_group_decorator to 2023-10-18T20:43:43.291877+00:00, run_after=2023-10-19T20:43:43.291877+00:00
[2023-10-19T22:43:43.298+0200] {processor.py:179} INFO - Processing /Users/nick/Desktop/airflow_dic/venv/lib/python3.11/site-packages/airflow/example_dags/example_task_group_decorator.py took 0.092 seconds
[2023-10-19T22:44:53.960+0200] {processor.py:157} INFO - Started process (PID=33873) to work on /Users/nick/Desktop/airflow_dic/venv/lib/python3.11/site-packages/airflow/example_dags/example_task_group_decorator.py
[2023-10-19T22:44:53.963+0200] {processor.py:829} INFO - Processing file /Users/nick/Desktop/airflow_dic/venv/lib/python3.11/site-packages/airflow/example_dags/example_task_group_decorator.py for tasks to queue
[2023-10-19T22:44:53.963+0200] {logging_mixin.py:151} INFO - [2023-10-19T22:44:53.963+0200] {dagbag.py:539} INFO - Filling up the DagBag from /Users/nick/Desktop/airflow_dic/venv/lib/python3.11/site-packages/airflow/example_dags/example_task_group_decorator.py
[2023-10-19T22:44:53.984+0200] {processor.py:839} INFO - DAG(s) dict_keys(['example_task_group_decorator']) retrieved from /Users/nick/Desktop/airflow_dic/venv/lib/python3.11/site-packages/airflow/example_dags/example_task_group_decorator.py
[2023-10-19T22:44:54.039+0200] {logging_mixin.py:151} INFO - [2023-10-19T22:44:54.039+0200] {dag.py:2915} INFO - Sync 1 DAGs
[2023-10-19T22:44:54.045+0200] {logging_mixin.py:151} INFO - [2023-10-19T22:44:54.045+0200] {dag.py:3696} INFO - Setting next_dagrun for example_task_group_decorator to 2023-10-18T20:44:54.045302+00:00, run_after=2023-10-19T20:44:54.045302+00:00
[2023-10-19T22:44:54.051+0200] {processor.py:179} INFO - Processing /Users/nick/Desktop/airflow_dic/venv/lib/python3.11/site-packages/airflow/example_dags/example_task_group_decorator.py took 0.091 seconds
[2023-10-19T22:45:36.624+0200] {processor.py:157} INFO - Started process (PID=33969) to work on /Users/nick/Desktop/airflow_dic/venv/lib/python3.11/site-packages/airflow/example_dags/example_task_group_decorator.py
[2023-10-19T22:45:36.625+0200] {processor.py:829} INFO - Processing file /Users/nick/Desktop/airflow_dic/venv/lib/python3.11/site-packages/airflow/example_dags/example_task_group_decorator.py for tasks to queue
[2023-10-19T22:45:36.626+0200] {logging_mixin.py:151} INFO - [2023-10-19T22:45:36.626+0200] {dagbag.py:539} INFO - Filling up the DagBag from /Users/nick/Desktop/airflow_dic/venv/lib/python3.11/site-packages/airflow/example_dags/example_task_group_decorator.py
[2023-10-19T22:45:36.649+0200] {processor.py:839} INFO - DAG(s) dict_keys(['example_task_group_decorator']) retrieved from /Users/nick/Desktop/airflow_dic/venv/lib/python3.11/site-packages/airflow/example_dags/example_task_group_decorator.py
[2023-10-19T22:45:36.708+0200] {logging_mixin.py:151} INFO - [2023-10-19T22:45:36.708+0200] {dag.py:2915} INFO - Sync 1 DAGs
[2023-10-19T22:45:36.714+0200] {logging_mixin.py:151} INFO - [2023-10-19T22:45:36.714+0200] {dag.py:3696} INFO - Setting next_dagrun for example_task_group_decorator to 2023-10-18T20:45:36.714743+00:00, run_after=2023-10-19T20:45:36.714743+00:00
[2023-10-19T22:45:36.721+0200] {processor.py:179} INFO - Processing /Users/nick/Desktop/airflow_dic/venv/lib/python3.11/site-packages/airflow/example_dags/example_task_group_decorator.py took 0.097 seconds
[2023-10-19T22:46:41.834+0200] {processor.py:157} INFO - Started process (PID=34095) to work on /Users/nick/Desktop/airflow_dic/venv/lib/python3.11/site-packages/airflow/example_dags/example_task_group_decorator.py
[2023-10-19T22:46:41.836+0200] {processor.py:829} INFO - Processing file /Users/nick/Desktop/airflow_dic/venv/lib/python3.11/site-packages/airflow/example_dags/example_task_group_decorator.py for tasks to queue
[2023-10-19T22:46:41.837+0200] {logging_mixin.py:151} INFO - [2023-10-19T22:46:41.837+0200] {dagbag.py:539} INFO - Filling up the DagBag from /Users/nick/Desktop/airflow_dic/venv/lib/python3.11/site-packages/airflow/example_dags/example_task_group_decorator.py
[2023-10-19T22:46:41.859+0200] {processor.py:839} INFO - DAG(s) dict_keys(['example_task_group_decorator']) retrieved from /Users/nick/Desktop/airflow_dic/venv/lib/python3.11/site-packages/airflow/example_dags/example_task_group_decorator.py
[2023-10-19T22:46:41.915+0200] {logging_mixin.py:151} INFO - [2023-10-19T22:46:41.915+0200] {dag.py:2915} INFO - Sync 1 DAGs
[2023-10-19T22:46:41.920+0200] {logging_mixin.py:151} INFO - [2023-10-19T22:46:41.920+0200] {dag.py:3696} INFO - Setting next_dagrun for example_task_group_decorator to 2023-10-18T20:46:41.920817+00:00, run_after=2023-10-19T20:46:41.920817+00:00
[2023-10-19T22:46:41.927+0200] {processor.py:179} INFO - Processing /Users/nick/Desktop/airflow_dic/venv/lib/python3.11/site-packages/airflow/example_dags/example_task_group_decorator.py took 0.093 seconds
[2023-10-19T22:47:49.290+0200] {processor.py:157} INFO - Started process (PID=34219) to work on /Users/nick/Desktop/airflow_dic/venv/lib/python3.11/site-packages/airflow/example_dags/example_task_group_decorator.py
[2023-10-19T22:47:49.291+0200] {processor.py:829} INFO - Processing file /Users/nick/Desktop/airflow_dic/venv/lib/python3.11/site-packages/airflow/example_dags/example_task_group_decorator.py for tasks to queue
[2023-10-19T22:47:49.291+0200] {logging_mixin.py:151} INFO - [2023-10-19T22:47:49.291+0200] {dagbag.py:539} INFO - Filling up the DagBag from /Users/nick/Desktop/airflow_dic/venv/lib/python3.11/site-packages/airflow/example_dags/example_task_group_decorator.py
[2023-10-19T22:47:49.314+0200] {processor.py:839} INFO - DAG(s) dict_keys(['example_task_group_decorator']) retrieved from /Users/nick/Desktop/airflow_dic/venv/lib/python3.11/site-packages/airflow/example_dags/example_task_group_decorator.py
[2023-10-19T22:47:49.371+0200] {logging_mixin.py:151} INFO - [2023-10-19T22:47:49.371+0200] {dag.py:2915} INFO - Sync 1 DAGs
[2023-10-19T22:47:49.377+0200] {logging_mixin.py:151} INFO - [2023-10-19T22:47:49.377+0200] {dag.py:3696} INFO - Setting next_dagrun for example_task_group_decorator to 2023-10-18T20:47:49.377540+00:00, run_after=2023-10-19T20:47:49.377540+00:00
[2023-10-19T22:47:49.383+0200] {processor.py:179} INFO - Processing /Users/nick/Desktop/airflow_dic/venv/lib/python3.11/site-packages/airflow/example_dags/example_task_group_decorator.py took 0.094 seconds
[2023-10-19T22:48:58.474+0200] {processor.py:157} INFO - Started process (PID=34354) to work on /Users/nick/Desktop/airflow_dic/venv/lib/python3.11/site-packages/airflow/example_dags/example_task_group_decorator.py
[2023-10-19T22:48:58.475+0200] {processor.py:829} INFO - Processing file /Users/nick/Desktop/airflow_dic/venv/lib/python3.11/site-packages/airflow/example_dags/example_task_group_decorator.py for tasks to queue
[2023-10-19T22:48:58.475+0200] {logging_mixin.py:151} INFO - [2023-10-19T22:48:58.475+0200] {dagbag.py:539} INFO - Filling up the DagBag from /Users/nick/Desktop/airflow_dic/venv/lib/python3.11/site-packages/airflow/example_dags/example_task_group_decorator.py
[2023-10-19T22:48:58.498+0200] {processor.py:839} INFO - DAG(s) dict_keys(['example_task_group_decorator']) retrieved from /Users/nick/Desktop/airflow_dic/venv/lib/python3.11/site-packages/airflow/example_dags/example_task_group_decorator.py
[2023-10-19T22:48:58.555+0200] {logging_mixin.py:151} INFO - [2023-10-19T22:48:58.555+0200] {dag.py:2915} INFO - Sync 1 DAGs
[2023-10-19T22:48:58.561+0200] {logging_mixin.py:151} INFO - [2023-10-19T22:48:58.561+0200] {dag.py:3696} INFO - Setting next_dagrun for example_task_group_decorator to 2023-10-18T20:48:58.561543+00:00, run_after=2023-10-19T20:48:58.561543+00:00
[2023-10-19T22:48:58.568+0200] {processor.py:179} INFO - Processing /Users/nick/Desktop/airflow_dic/venv/lib/python3.11/site-packages/airflow/example_dags/example_task_group_decorator.py took 0.095 seconds
[2023-10-19T22:50:07.932+0200] {processor.py:157} INFO - Started process (PID=34491) to work on /Users/nick/Desktop/airflow_dic/venv/lib/python3.11/site-packages/airflow/example_dags/example_task_group_decorator.py
[2023-10-19T22:50:07.933+0200] {processor.py:829} INFO - Processing file /Users/nick/Desktop/airflow_dic/venv/lib/python3.11/site-packages/airflow/example_dags/example_task_group_decorator.py for tasks to queue
[2023-10-19T22:50:07.933+0200] {logging_mixin.py:151} INFO - [2023-10-19T22:50:07.933+0200] {dagbag.py:539} INFO - Filling up the DagBag from /Users/nick/Desktop/airflow_dic/venv/lib/python3.11/site-packages/airflow/example_dags/example_task_group_decorator.py
[2023-10-19T22:50:07.954+0200] {processor.py:839} INFO - DAG(s) dict_keys(['example_task_group_decorator']) retrieved from /Users/nick/Desktop/airflow_dic/venv/lib/python3.11/site-packages/airflow/example_dags/example_task_group_decorator.py
[2023-10-19T22:50:08.009+0200] {logging_mixin.py:151} INFO - [2023-10-19T22:50:08.009+0200] {dag.py:2915} INFO - Sync 1 DAGs
[2023-10-19T22:50:08.014+0200] {logging_mixin.py:151} INFO - [2023-10-19T22:50:08.014+0200] {dag.py:3696} INFO - Setting next_dagrun for example_task_group_decorator to 2023-10-18T20:50:08.014809+00:00, run_after=2023-10-19T20:50:08.014809+00:00
[2023-10-19T22:50:08.021+0200] {processor.py:179} INFO - Processing /Users/nick/Desktop/airflow_dic/venv/lib/python3.11/site-packages/airflow/example_dags/example_task_group_decorator.py took 0.089 seconds
[2023-10-19T22:53:35.146+0200] {processor.py:157} INFO - Started process (PID=34804) to work on /Users/nick/Desktop/airflow_dic/venv/lib/python3.11/site-packages/airflow/example_dags/example_task_group_decorator.py
[2023-10-19T22:53:35.148+0200] {processor.py:829} INFO - Processing file /Users/nick/Desktop/airflow_dic/venv/lib/python3.11/site-packages/airflow/example_dags/example_task_group_decorator.py for tasks to queue
[2023-10-19T22:53:35.148+0200] {logging_mixin.py:151} INFO - [2023-10-19T22:53:35.148+0200] {dagbag.py:539} INFO - Filling up the DagBag from /Users/nick/Desktop/airflow_dic/venv/lib/python3.11/site-packages/airflow/example_dags/example_task_group_decorator.py
[2023-10-19T22:53:35.171+0200] {processor.py:839} INFO - DAG(s) dict_keys(['example_task_group_decorator']) retrieved from /Users/nick/Desktop/airflow_dic/venv/lib/python3.11/site-packages/airflow/example_dags/example_task_group_decorator.py
[2023-10-19T22:53:35.229+0200] {logging_mixin.py:151} INFO - [2023-10-19T22:53:35.229+0200] {dag.py:2915} INFO - Sync 1 DAGs
[2023-10-19T22:53:35.235+0200] {logging_mixin.py:151} INFO - [2023-10-19T22:53:35.235+0200] {dag.py:3696} INFO - Setting next_dagrun for example_task_group_decorator to 2023-10-18T20:53:35.235254+00:00, run_after=2023-10-19T20:53:35.235254+00:00
[2023-10-19T22:53:35.241+0200] {processor.py:179} INFO - Processing /Users/nick/Desktop/airflow_dic/venv/lib/python3.11/site-packages/airflow/example_dags/example_task_group_decorator.py took 0.096 seconds
[2023-10-19T22:54:38.414+0200] {processor.py:157} INFO - Started process (PID=34934) to work on /Users/nick/Desktop/airflow_dic/venv/lib/python3.11/site-packages/airflow/example_dags/example_task_group_decorator.py
[2023-10-19T22:54:38.416+0200] {processor.py:829} INFO - Processing file /Users/nick/Desktop/airflow_dic/venv/lib/python3.11/site-packages/airflow/example_dags/example_task_group_decorator.py for tasks to queue
[2023-10-19T22:54:38.416+0200] {logging_mixin.py:151} INFO - [2023-10-19T22:54:38.416+0200] {dagbag.py:539} INFO - Filling up the DagBag from /Users/nick/Desktop/airflow_dic/venv/lib/python3.11/site-packages/airflow/example_dags/example_task_group_decorator.py
[2023-10-19T22:54:38.437+0200] {processor.py:839} INFO - DAG(s) dict_keys(['example_task_group_decorator']) retrieved from /Users/nick/Desktop/airflow_dic/venv/lib/python3.11/site-packages/airflow/example_dags/example_task_group_decorator.py
[2023-10-19T22:54:38.492+0200] {logging_mixin.py:151} INFO - [2023-10-19T22:54:38.492+0200] {dag.py:2915} INFO - Sync 1 DAGs
[2023-10-19T22:54:38.497+0200] {logging_mixin.py:151} INFO - [2023-10-19T22:54:38.497+0200] {dag.py:3696} INFO - Setting next_dagrun for example_task_group_decorator to 2023-10-18T20:54:38.497639+00:00, run_after=2023-10-19T20:54:38.497639+00:00
[2023-10-19T22:54:38.504+0200] {processor.py:179} INFO - Processing /Users/nick/Desktop/airflow_dic/venv/lib/python3.11/site-packages/airflow/example_dags/example_task_group_decorator.py took 0.090 seconds
[2023-10-19T22:55:45.238+0200] {processor.py:157} INFO - Started process (PID=35073) to work on /Users/nick/Desktop/airflow_dic/venv/lib/python3.11/site-packages/airflow/example_dags/example_task_group_decorator.py
[2023-10-19T22:55:45.239+0200] {processor.py:829} INFO - Processing file /Users/nick/Desktop/airflow_dic/venv/lib/python3.11/site-packages/airflow/example_dags/example_task_group_decorator.py for tasks to queue
[2023-10-19T22:55:45.239+0200] {logging_mixin.py:151} INFO - [2023-10-19T22:55:45.239+0200] {dagbag.py:539} INFO - Filling up the DagBag from /Users/nick/Desktop/airflow_dic/venv/lib/python3.11/site-packages/airflow/example_dags/example_task_group_decorator.py
[2023-10-19T22:55:45.261+0200] {processor.py:839} INFO - DAG(s) dict_keys(['example_task_group_decorator']) retrieved from /Users/nick/Desktop/airflow_dic/venv/lib/python3.11/site-packages/airflow/example_dags/example_task_group_decorator.py
[2023-10-19T22:55:45.316+0200] {logging_mixin.py:151} INFO - [2023-10-19T22:55:45.315+0200] {dag.py:2915} INFO - Sync 1 DAGs
[2023-10-19T22:55:45.321+0200] {logging_mixin.py:151} INFO - [2023-10-19T22:55:45.321+0200] {dag.py:3696} INFO - Setting next_dagrun for example_task_group_decorator to 2023-10-18T20:55:45.321426+00:00, run_after=2023-10-19T20:55:45.321426+00:00
[2023-10-19T22:55:45.327+0200] {processor.py:179} INFO - Processing /Users/nick/Desktop/airflow_dic/venv/lib/python3.11/site-packages/airflow/example_dags/example_task_group_decorator.py took 0.089 seconds
[2023-10-19T22:56:55.865+0200] {processor.py:157} INFO - Started process (PID=35212) to work on /Users/nick/Desktop/airflow_dic/venv/lib/python3.11/site-packages/airflow/example_dags/example_task_group_decorator.py
[2023-10-19T22:56:55.866+0200] {processor.py:829} INFO - Processing file /Users/nick/Desktop/airflow_dic/venv/lib/python3.11/site-packages/airflow/example_dags/example_task_group_decorator.py for tasks to queue
[2023-10-19T22:56:55.866+0200] {logging_mixin.py:151} INFO - [2023-10-19T22:56:55.866+0200] {dagbag.py:539} INFO - Filling up the DagBag from /Users/nick/Desktop/airflow_dic/venv/lib/python3.11/site-packages/airflow/example_dags/example_task_group_decorator.py
[2023-10-19T22:56:55.887+0200] {processor.py:839} INFO - DAG(s) dict_keys(['example_task_group_decorator']) retrieved from /Users/nick/Desktop/airflow_dic/venv/lib/python3.11/site-packages/airflow/example_dags/example_task_group_decorator.py
[2023-10-19T22:56:55.942+0200] {logging_mixin.py:151} INFO - [2023-10-19T22:56:55.941+0200] {dag.py:2915} INFO - Sync 1 DAGs
[2023-10-19T22:56:55.947+0200] {logging_mixin.py:151} INFO - [2023-10-19T22:56:55.947+0200] {dag.py:3696} INFO - Setting next_dagrun for example_task_group_decorator to 2023-10-18T20:56:55.947409+00:00, run_after=2023-10-19T20:56:55.947409+00:00
[2023-10-19T22:56:55.953+0200] {processor.py:179} INFO - Processing /Users/nick/Desktop/airflow_dic/venv/lib/python3.11/site-packages/airflow/example_dags/example_task_group_decorator.py took 0.089 seconds
[2023-10-19T22:58:02.321+0200] {processor.py:157} INFO - Started process (PID=35344) to work on /Users/nick/Desktop/airflow_dic/venv/lib/python3.11/site-packages/airflow/example_dags/example_task_group_decorator.py
[2023-10-19T22:58:02.322+0200] {processor.py:829} INFO - Processing file /Users/nick/Desktop/airflow_dic/venv/lib/python3.11/site-packages/airflow/example_dags/example_task_group_decorator.py for tasks to queue
[2023-10-19T22:58:02.322+0200] {logging_mixin.py:151} INFO - [2023-10-19T22:58:02.322+0200] {dagbag.py:539} INFO - Filling up the DagBag from /Users/nick/Desktop/airflow_dic/venv/lib/python3.11/site-packages/airflow/example_dags/example_task_group_decorator.py
[2023-10-19T22:58:02.343+0200] {processor.py:839} INFO - DAG(s) dict_keys(['example_task_group_decorator']) retrieved from /Users/nick/Desktop/airflow_dic/venv/lib/python3.11/site-packages/airflow/example_dags/example_task_group_decorator.py
[2023-10-19T22:58:02.398+0200] {logging_mixin.py:151} INFO - [2023-10-19T22:58:02.398+0200] {dag.py:2915} INFO - Sync 1 DAGs
[2023-10-19T22:58:02.404+0200] {logging_mixin.py:151} INFO - [2023-10-19T22:58:02.403+0200] {dag.py:3696} INFO - Setting next_dagrun for example_task_group_decorator to 2023-10-18T20:58:02.403941+00:00, run_after=2023-10-19T20:58:02.403941+00:00
[2023-10-19T22:58:02.410+0200] {processor.py:179} INFO - Processing /Users/nick/Desktop/airflow_dic/venv/lib/python3.11/site-packages/airflow/example_dags/example_task_group_decorator.py took 0.089 seconds
[2023-10-19T22:59:08.603+0200] {processor.py:157} INFO - Started process (PID=35479) to work on /Users/nick/Desktop/airflow_dic/venv/lib/python3.11/site-packages/airflow/example_dags/example_task_group_decorator.py
[2023-10-19T22:59:08.605+0200] {processor.py:829} INFO - Processing file /Users/nick/Desktop/airflow_dic/venv/lib/python3.11/site-packages/airflow/example_dags/example_task_group_decorator.py for tasks to queue
[2023-10-19T22:59:08.605+0200] {logging_mixin.py:151} INFO - [2023-10-19T22:59:08.605+0200] {dagbag.py:539} INFO - Filling up the DagBag from /Users/nick/Desktop/airflow_dic/venv/lib/python3.11/site-packages/airflow/example_dags/example_task_group_decorator.py
[2023-10-19T22:59:08.627+0200] {processor.py:839} INFO - DAG(s) dict_keys(['example_task_group_decorator']) retrieved from /Users/nick/Desktop/airflow_dic/venv/lib/python3.11/site-packages/airflow/example_dags/example_task_group_decorator.py
[2023-10-19T22:59:08.686+0200] {logging_mixin.py:151} INFO - [2023-10-19T22:59:08.686+0200] {dag.py:2915} INFO - Sync 1 DAGs
[2023-10-19T22:59:08.692+0200] {logging_mixin.py:151} INFO - [2023-10-19T22:59:08.692+0200] {dag.py:3696} INFO - Setting next_dagrun for example_task_group_decorator to 2023-10-18T20:59:08.692144+00:00, run_after=2023-10-19T20:59:08.692144+00:00
[2023-10-19T22:59:08.698+0200] {processor.py:179} INFO - Processing /Users/nick/Desktop/airflow_dic/venv/lib/python3.11/site-packages/airflow/example_dags/example_task_group_decorator.py took 0.096 seconds
