[2023-10-19T22:19:00.014+0200] {processor.py:157} INFO - Started process (PID=28954) to work on /Users/nick/Desktop/airflow_dic/venv/lib/python3.11/site-packages/airflow/example_dags/example_branch_python_dop_operator_3.py
[2023-10-19T22:19:00.016+0200] {processor.py:829} INFO - Processing file /Users/nick/Desktop/airflow_dic/venv/lib/python3.11/site-packages/airflow/example_dags/example_branch_python_dop_operator_3.py for tasks to queue
[2023-10-19T22:19:00.016+0200] {logging_mixin.py:151} INFO - [2023-10-19T22:19:00.016+0200] {dagbag.py:539} INFO - Filling up the DagBag from /Users/nick/Desktop/airflow_dic/venv/lib/python3.11/site-packages/airflow/example_dags/example_branch_python_dop_operator_3.py
[2023-10-19T22:19:00.038+0200] {processor.py:839} INFO - DAG(s) dict_keys(['example_branch_dop_operator_v3']) retrieved from /Users/nick/Desktop/airflow_dic/venv/lib/python3.11/site-packages/airflow/example_dags/example_branch_python_dop_operator_3.py
[2023-10-19T22:19:00.304+0200] {logging_mixin.py:151} INFO - [2023-10-19T22:19:00.303+0200] {manager.py:499} INFO - Created Permission View: %s
[2023-10-19T22:19:00.306+0200] {logging_mixin.py:151} INFO - [2023-10-19T22:19:00.306+0200] {manager.py:499} INFO - Created Permission View: %s
[2023-10-19T22:19:00.308+0200] {logging_mixin.py:151} INFO - [2023-10-19T22:19:00.308+0200] {manager.py:499} INFO - Created Permission View: %s
[2023-10-19T22:19:00.308+0200] {logging_mixin.py:151} INFO - [2023-10-19T22:19:00.308+0200] {security.py:708} INFO - Not syncing DAG-level permissions for DAG 'DAG:example_branch_dop_operator_v3' as access control is unset.
[2023-10-19T22:19:00.308+0200] {logging_mixin.py:151} INFO - [2023-10-19T22:19:00.308+0200] {dag.py:2915} INFO - Sync 1 DAGs
[2023-10-19T22:19:00.311+0200] {logging_mixin.py:151} INFO - [2023-10-19T22:19:00.311+0200] {dag.py:2937} INFO - Creating ORM DAG for example_branch_dop_operator_v3
[2023-10-19T22:19:00.316+0200] {logging_mixin.py:151} INFO - [2023-10-19T22:19:00.316+0200] {dag.py:3696} INFO - Setting next_dagrun for example_branch_dop_operator_v3 to 2023-10-19T20:18:00+00:00, run_after=2023-10-19T20:19:00+00:00
[2023-10-19T22:19:00.321+0200] {processor.py:179} INFO - Processing /Users/nick/Desktop/airflow_dic/venv/lib/python3.11/site-packages/airflow/example_dags/example_branch_python_dop_operator_3.py took 0.307 seconds
[2023-10-19T22:20:16.969+0200] {processor.py:157} INFO - Started process (PID=29096) to work on /Users/nick/Desktop/airflow_dic/venv/lib/python3.11/site-packages/airflow/example_dags/example_branch_python_dop_operator_3.py
[2023-10-19T22:20:16.970+0200] {processor.py:829} INFO - Processing file /Users/nick/Desktop/airflow_dic/venv/lib/python3.11/site-packages/airflow/example_dags/example_branch_python_dop_operator_3.py for tasks to queue
[2023-10-19T22:20:16.970+0200] {logging_mixin.py:151} INFO - [2023-10-19T22:20:16.970+0200] {dagbag.py:539} INFO - Filling up the DagBag from /Users/nick/Desktop/airflow_dic/venv/lib/python3.11/site-packages/airflow/example_dags/example_branch_python_dop_operator_3.py
[2023-10-19T22:20:16.990+0200] {processor.py:839} INFO - DAG(s) dict_keys(['example_branch_dop_operator_v3']) retrieved from /Users/nick/Desktop/airflow_dic/venv/lib/python3.11/site-packages/airflow/example_dags/example_branch_python_dop_operator_3.py
[2023-10-19T22:20:17.044+0200] {logging_mixin.py:151} INFO - [2023-10-19T22:20:17.043+0200] {dag.py:2915} INFO - Sync 1 DAGs
[2023-10-19T22:20:17.050+0200] {logging_mixin.py:151} INFO - [2023-10-19T22:20:17.050+0200] {dag.py:3696} INFO - Setting next_dagrun for example_branch_dop_operator_v3 to 2023-10-19T20:19:00+00:00, run_after=2023-10-19T20:20:00+00:00
[2023-10-19T22:20:17.057+0200] {processor.py:179} INFO - Processing /Users/nick/Desktop/airflow_dic/venv/lib/python3.11/site-packages/airflow/example_dags/example_branch_python_dop_operator_3.py took 0.088 seconds
[2023-10-19T22:21:22.198+0200] {processor.py:157} INFO - Started process (PID=29231) to work on /Users/nick/Desktop/airflow_dic/venv/lib/python3.11/site-packages/airflow/example_dags/example_branch_python_dop_operator_3.py
[2023-10-19T22:21:22.200+0200] {processor.py:829} INFO - Processing file /Users/nick/Desktop/airflow_dic/venv/lib/python3.11/site-packages/airflow/example_dags/example_branch_python_dop_operator_3.py for tasks to queue
[2023-10-19T22:21:22.200+0200] {logging_mixin.py:151} INFO - [2023-10-19T22:21:22.200+0200] {dagbag.py:539} INFO - Filling up the DagBag from /Users/nick/Desktop/airflow_dic/venv/lib/python3.11/site-packages/airflow/example_dags/example_branch_python_dop_operator_3.py
[2023-10-19T22:21:22.222+0200] {processor.py:839} INFO - DAG(s) dict_keys(['example_branch_dop_operator_v3']) retrieved from /Users/nick/Desktop/airflow_dic/venv/lib/python3.11/site-packages/airflow/example_dags/example_branch_python_dop_operator_3.py
[2023-10-19T22:21:22.278+0200] {logging_mixin.py:151} INFO - [2023-10-19T22:21:22.278+0200] {dag.py:2915} INFO - Sync 1 DAGs
[2023-10-19T22:21:22.286+0200] {logging_mixin.py:151} INFO - [2023-10-19T22:21:22.286+0200] {dag.py:3696} INFO - Setting next_dagrun for example_branch_dop_operator_v3 to 2023-10-19T20:20:00+00:00, run_after=2023-10-19T20:21:00+00:00
[2023-10-19T22:21:22.293+0200] {processor.py:179} INFO - Processing /Users/nick/Desktop/airflow_dic/venv/lib/python3.11/site-packages/airflow/example_dags/example_branch_python_dop_operator_3.py took 0.095 seconds
[2023-10-19T22:23:44.676+0200] {processor.py:157} INFO - Started process (PID=29517) to work on /Users/nick/Desktop/airflow_dic/venv/lib/python3.11/site-packages/airflow/example_dags/example_branch_python_dop_operator_3.py
[2023-10-19T22:23:44.679+0200] {processor.py:829} INFO - Processing file /Users/nick/Desktop/airflow_dic/venv/lib/python3.11/site-packages/airflow/example_dags/example_branch_python_dop_operator_3.py for tasks to queue
[2023-10-19T22:23:44.679+0200] {logging_mixin.py:151} INFO - [2023-10-19T22:23:44.679+0200] {dagbag.py:539} INFO - Filling up the DagBag from /Users/nick/Desktop/airflow_dic/venv/lib/python3.11/site-packages/airflow/example_dags/example_branch_python_dop_operator_3.py
[2023-10-19T22:23:44.699+0200] {processor.py:839} INFO - DAG(s) dict_keys(['example_branch_dop_operator_v3']) retrieved from /Users/nick/Desktop/airflow_dic/venv/lib/python3.11/site-packages/airflow/example_dags/example_branch_python_dop_operator_3.py
[2023-10-19T22:23:44.752+0200] {logging_mixin.py:151} INFO - [2023-10-19T22:23:44.752+0200] {dag.py:2915} INFO - Sync 1 DAGs
[2023-10-19T22:23:44.759+0200] {logging_mixin.py:151} INFO - [2023-10-19T22:23:44.759+0200] {dag.py:3696} INFO - Setting next_dagrun for example_branch_dop_operator_v3 to 2023-10-19T20:22:00+00:00, run_after=2023-10-19T20:23:00+00:00
[2023-10-19T22:23:44.765+0200] {processor.py:179} INFO - Processing /Users/nick/Desktop/airflow_dic/venv/lib/python3.11/site-packages/airflow/example_dags/example_branch_python_dop_operator_3.py took 0.089 seconds
[2023-10-19T22:25:54.591+0200] {processor.py:157} INFO - Started process (PID=31655) to work on /Users/nick/Desktop/airflow_dic/venv/lib/python3.11/site-packages/airflow/example_dags/example_branch_python_dop_operator_3.py
[2023-10-19T22:25:54.594+0200] {processor.py:829} INFO - Processing file /Users/nick/Desktop/airflow_dic/venv/lib/python3.11/site-packages/airflow/example_dags/example_branch_python_dop_operator_3.py for tasks to queue
[2023-10-19T22:25:54.594+0200] {logging_mixin.py:151} INFO - [2023-10-19T22:25:54.594+0200] {dagbag.py:539} INFO - Filling up the DagBag from /Users/nick/Desktop/airflow_dic/venv/lib/python3.11/site-packages/airflow/example_dags/example_branch_python_dop_operator_3.py
[2023-10-19T22:25:54.614+0200] {processor.py:839} INFO - DAG(s) dict_keys(['example_branch_dop_operator_v3']) retrieved from /Users/nick/Desktop/airflow_dic/venv/lib/python3.11/site-packages/airflow/example_dags/example_branch_python_dop_operator_3.py
[2023-10-19T22:25:54.880+0200] {logging_mixin.py:151} INFO - [2023-10-19T22:25:54.880+0200] {security.py:708} INFO - Not syncing DAG-level permissions for DAG 'DAG:example_branch_dop_operator_v3' as access control is unset.
[2023-10-19T22:25:54.880+0200] {logging_mixin.py:151} INFO - [2023-10-19T22:25:54.880+0200] {dag.py:2915} INFO - Sync 1 DAGs
[2023-10-19T22:25:54.883+0200] {logging_mixin.py:151} INFO - [2023-10-19T22:25:54.883+0200] {dag.py:2937} INFO - Creating ORM DAG for example_branch_dop_operator_v3
[2023-10-19T22:25:54.887+0200] {logging_mixin.py:151} INFO - [2023-10-19T22:25:54.887+0200] {dag.py:3696} INFO - Setting next_dagrun for example_branch_dop_operator_v3 to 2023-10-19T20:24:00+00:00, run_after=2023-10-19T20:25:00+00:00
[2023-10-19T22:25:54.893+0200] {processor.py:179} INFO - Processing /Users/nick/Desktop/airflow_dic/venv/lib/python3.11/site-packages/airflow/example_dags/example_branch_python_dop_operator_3.py took 0.302 seconds
[2023-10-19T22:28:15.934+0200] {processor.py:157} INFO - Started process (PID=31918) to work on /Users/nick/Desktop/airflow_dic/venv/lib/python3.11/site-packages/airflow/example_dags/example_branch_python_dop_operator_3.py
[2023-10-19T22:28:15.935+0200] {processor.py:829} INFO - Processing file /Users/nick/Desktop/airflow_dic/venv/lib/python3.11/site-packages/airflow/example_dags/example_branch_python_dop_operator_3.py for tasks to queue
[2023-10-19T22:28:15.935+0200] {logging_mixin.py:151} INFO - [2023-10-19T22:28:15.935+0200] {dagbag.py:539} INFO - Filling up the DagBag from /Users/nick/Desktop/airflow_dic/venv/lib/python3.11/site-packages/airflow/example_dags/example_branch_python_dop_operator_3.py
[2023-10-19T22:28:15.958+0200] {processor.py:839} INFO - DAG(s) dict_keys(['example_branch_dop_operator_v3']) retrieved from /Users/nick/Desktop/airflow_dic/venv/lib/python3.11/site-packages/airflow/example_dags/example_branch_python_dop_operator_3.py
[2023-10-19T22:28:16.247+0200] {logging_mixin.py:151} INFO - [2023-10-19T22:28:16.247+0200] {security.py:708} INFO - Not syncing DAG-level permissions for DAG 'DAG:example_branch_dop_operator_v3' as access control is unset.
[2023-10-19T22:28:16.247+0200] {logging_mixin.py:151} INFO - [2023-10-19T22:28:16.247+0200] {dag.py:2915} INFO - Sync 1 DAGs
[2023-10-19T22:28:16.250+0200] {logging_mixin.py:151} INFO - [2023-10-19T22:28:16.250+0200] {dag.py:2937} INFO - Creating ORM DAG for example_branch_dop_operator_v3
[2023-10-19T22:28:16.255+0200] {logging_mixin.py:151} INFO - [2023-10-19T22:28:16.254+0200] {dag.py:3696} INFO - Setting next_dagrun for example_branch_dop_operator_v3 to 2023-10-19T20:27:00+00:00, run_after=2023-10-19T20:28:00+00:00
[2023-10-19T22:28:16.261+0200] {processor.py:179} INFO - Processing /Users/nick/Desktop/airflow_dic/venv/lib/python3.11/site-packages/airflow/example_dags/example_branch_python_dop_operator_3.py took 0.328 seconds
[2023-10-19T22:29:31.083+0200] {processor.py:157} INFO - Started process (PID=32087) to work on /Users/nick/Desktop/airflow_dic/venv/lib/python3.11/site-packages/airflow/example_dags/example_branch_python_dop_operator_3.py
[2023-10-19T22:29:31.084+0200] {processor.py:829} INFO - Processing file /Users/nick/Desktop/airflow_dic/venv/lib/python3.11/site-packages/airflow/example_dags/example_branch_python_dop_operator_3.py for tasks to queue
[2023-10-19T22:29:31.085+0200] {logging_mixin.py:151} INFO - [2023-10-19T22:29:31.085+0200] {dagbag.py:539} INFO - Filling up the DagBag from /Users/nick/Desktop/airflow_dic/venv/lib/python3.11/site-packages/airflow/example_dags/example_branch_python_dop_operator_3.py
[2023-10-19T22:29:31.105+0200] {processor.py:839} INFO - DAG(s) dict_keys(['example_branch_dop_operator_v3']) retrieved from /Users/nick/Desktop/airflow_dic/venv/lib/python3.11/site-packages/airflow/example_dags/example_branch_python_dop_operator_3.py
[2023-10-19T22:29:31.163+0200] {logging_mixin.py:151} INFO - [2023-10-19T22:29:31.163+0200] {dag.py:2915} INFO - Sync 1 DAGs
[2023-10-19T22:29:31.170+0200] {logging_mixin.py:151} INFO - [2023-10-19T22:29:31.170+0200] {dag.py:3696} INFO - Setting next_dagrun for example_branch_dop_operator_v3 to 2023-10-19T20:28:00+00:00, run_after=2023-10-19T20:29:00+00:00
[2023-10-19T22:29:31.176+0200] {processor.py:179} INFO - Processing /Users/nick/Desktop/airflow_dic/venv/lib/python3.11/site-packages/airflow/example_dags/example_branch_python_dop_operator_3.py took 0.094 seconds
[2023-10-19T22:31:50.038+0200] {processor.py:157} INFO - Started process (PID=32355) to work on /Users/nick/Desktop/airflow_dic/venv/lib/python3.11/site-packages/airflow/example_dags/example_branch_python_dop_operator_3.py
[2023-10-19T22:31:50.039+0200] {processor.py:829} INFO - Processing file /Users/nick/Desktop/airflow_dic/venv/lib/python3.11/site-packages/airflow/example_dags/example_branch_python_dop_operator_3.py for tasks to queue
[2023-10-19T22:31:50.040+0200] {logging_mixin.py:151} INFO - [2023-10-19T22:31:50.040+0200] {dagbag.py:539} INFO - Filling up the DagBag from /Users/nick/Desktop/airflow_dic/venv/lib/python3.11/site-packages/airflow/example_dags/example_branch_python_dop_operator_3.py
[2023-10-19T22:31:50.062+0200] {processor.py:839} INFO - DAG(s) dict_keys(['example_branch_dop_operator_v3']) retrieved from /Users/nick/Desktop/airflow_dic/venv/lib/python3.11/site-packages/airflow/example_dags/example_branch_python_dop_operator_3.py
[2023-10-19T22:31:50.122+0200] {logging_mixin.py:151} INFO - [2023-10-19T22:31:50.122+0200] {dag.py:2915} INFO - Sync 1 DAGs
[2023-10-19T22:31:50.130+0200] {logging_mixin.py:151} INFO - [2023-10-19T22:31:50.130+0200] {dag.py:3696} INFO - Setting next_dagrun for example_branch_dop_operator_v3 to 2023-10-19T20:30:00+00:00, run_after=2023-10-19T20:31:00+00:00
[2023-10-19T22:31:50.137+0200] {processor.py:179} INFO - Processing /Users/nick/Desktop/airflow_dic/venv/lib/python3.11/site-packages/airflow/example_dags/example_branch_python_dop_operator_3.py took 0.100 seconds
[2023-10-19T22:32:58.226+0200] {processor.py:157} INFO - Started process (PID=32480) to work on /Users/nick/Desktop/airflow_dic/venv/lib/python3.11/site-packages/airflow/example_dags/example_branch_python_dop_operator_3.py
[2023-10-19T22:32:58.227+0200] {processor.py:829} INFO - Processing file /Users/nick/Desktop/airflow_dic/venv/lib/python3.11/site-packages/airflow/example_dags/example_branch_python_dop_operator_3.py for tasks to queue
[2023-10-19T22:32:58.227+0200] {logging_mixin.py:151} INFO - [2023-10-19T22:32:58.227+0200] {dagbag.py:539} INFO - Filling up the DagBag from /Users/nick/Desktop/airflow_dic/venv/lib/python3.11/site-packages/airflow/example_dags/example_branch_python_dop_operator_3.py
[2023-10-19T22:32:58.249+0200] {processor.py:839} INFO - DAG(s) dict_keys(['example_branch_dop_operator_v3']) retrieved from /Users/nick/Desktop/airflow_dic/venv/lib/python3.11/site-packages/airflow/example_dags/example_branch_python_dop_operator_3.py
[2023-10-19T22:32:58.308+0200] {logging_mixin.py:151} INFO - [2023-10-19T22:32:58.307+0200] {dag.py:2915} INFO - Sync 1 DAGs
[2023-10-19T22:32:58.315+0200] {logging_mixin.py:151} INFO - [2023-10-19T22:32:58.315+0200] {dag.py:3696} INFO - Setting next_dagrun for example_branch_dop_operator_v3 to 2023-10-19T20:31:00+00:00, run_after=2023-10-19T20:32:00+00:00
[2023-10-19T22:32:58.322+0200] {processor.py:179} INFO - Processing /Users/nick/Desktop/airflow_dic/venv/lib/python3.11/site-packages/airflow/example_dags/example_branch_python_dop_operator_3.py took 0.097 seconds
[2023-10-19T22:34:07.429+0200] {processor.py:157} INFO - Started process (PID=32618) to work on /Users/nick/Desktop/airflow_dic/venv/lib/python3.11/site-packages/airflow/example_dags/example_branch_python_dop_operator_3.py
[2023-10-19T22:34:07.431+0200] {processor.py:829} INFO - Processing file /Users/nick/Desktop/airflow_dic/venv/lib/python3.11/site-packages/airflow/example_dags/example_branch_python_dop_operator_3.py for tasks to queue
[2023-10-19T22:34:07.432+0200] {logging_mixin.py:151} INFO - [2023-10-19T22:34:07.431+0200] {dagbag.py:539} INFO - Filling up the DagBag from /Users/nick/Desktop/airflow_dic/venv/lib/python3.11/site-packages/airflow/example_dags/example_branch_python_dop_operator_3.py
[2023-10-19T22:34:07.452+0200] {processor.py:839} INFO - DAG(s) dict_keys(['example_branch_dop_operator_v3']) retrieved from /Users/nick/Desktop/airflow_dic/venv/lib/python3.11/site-packages/airflow/example_dags/example_branch_python_dop_operator_3.py
[2023-10-19T22:34:07.505+0200] {logging_mixin.py:151} INFO - [2023-10-19T22:34:07.505+0200] {dag.py:2915} INFO - Sync 1 DAGs
[2023-10-19T22:34:07.512+0200] {logging_mixin.py:151} INFO - [2023-10-19T22:34:07.512+0200] {dag.py:3696} INFO - Setting next_dagrun for example_branch_dop_operator_v3 to 2023-10-19T20:33:00+00:00, run_after=2023-10-19T20:34:00+00:00
[2023-10-19T22:34:07.518+0200] {processor.py:179} INFO - Processing /Users/nick/Desktop/airflow_dic/venv/lib/python3.11/site-packages/airflow/example_dags/example_branch_python_dop_operator_3.py took 0.089 seconds
[2023-10-19T22:35:14.781+0200] {processor.py:157} INFO - Started process (PID=32787) to work on /Users/nick/Desktop/airflow_dic/venv/lib/python3.11/site-packages/airflow/example_dags/example_branch_python_dop_operator_3.py
[2023-10-19T22:35:14.783+0200] {processor.py:829} INFO - Processing file /Users/nick/Desktop/airflow_dic/venv/lib/python3.11/site-packages/airflow/example_dags/example_branch_python_dop_operator_3.py for tasks to queue
[2023-10-19T22:35:14.783+0200] {logging_mixin.py:151} INFO - [2023-10-19T22:35:14.783+0200] {dagbag.py:539} INFO - Filling up the DagBag from /Users/nick/Desktop/airflow_dic/venv/lib/python3.11/site-packages/airflow/example_dags/example_branch_python_dop_operator_3.py
[2023-10-19T22:35:14.803+0200] {processor.py:839} INFO - DAG(s) dict_keys(['example_branch_dop_operator_v3']) retrieved from /Users/nick/Desktop/airflow_dic/venv/lib/python3.11/site-packages/airflow/example_dags/example_branch_python_dop_operator_3.py
[2023-10-19T22:35:14.856+0200] {logging_mixin.py:151} INFO - [2023-10-19T22:35:14.856+0200] {dag.py:2915} INFO - Sync 1 DAGs
[2023-10-19T22:35:14.863+0200] {logging_mixin.py:151} INFO - [2023-10-19T22:35:14.863+0200] {dag.py:3696} INFO - Setting next_dagrun for example_branch_dop_operator_v3 to 2023-10-19T20:34:00+00:00, run_after=2023-10-19T20:35:00+00:00
[2023-10-19T22:35:14.869+0200] {processor.py:179} INFO - Processing /Users/nick/Desktop/airflow_dic/venv/lib/python3.11/site-packages/airflow/example_dags/example_branch_python_dop_operator_3.py took 0.088 seconds
[2023-10-19T22:36:24.776+0200] {processor.py:157} INFO - Started process (PID=32918) to work on /Users/nick/Desktop/airflow_dic/venv/lib/python3.11/site-packages/airflow/example_dags/example_branch_python_dop_operator_3.py
[2023-10-19T22:36:24.778+0200] {processor.py:829} INFO - Processing file /Users/nick/Desktop/airflow_dic/venv/lib/python3.11/site-packages/airflow/example_dags/example_branch_python_dop_operator_3.py for tasks to queue
[2023-10-19T22:36:24.778+0200] {logging_mixin.py:151} INFO - [2023-10-19T22:36:24.778+0200] {dagbag.py:539} INFO - Filling up the DagBag from /Users/nick/Desktop/airflow_dic/venv/lib/python3.11/site-packages/airflow/example_dags/example_branch_python_dop_operator_3.py
[2023-10-19T22:36:24.798+0200] {processor.py:839} INFO - DAG(s) dict_keys(['example_branch_dop_operator_v3']) retrieved from /Users/nick/Desktop/airflow_dic/venv/lib/python3.11/site-packages/airflow/example_dags/example_branch_python_dop_operator_3.py
[2023-10-19T22:36:24.852+0200] {logging_mixin.py:151} INFO - [2023-10-19T22:36:24.852+0200] {dag.py:2915} INFO - Sync 1 DAGs
[2023-10-19T22:36:24.859+0200] {logging_mixin.py:151} INFO - [2023-10-19T22:36:24.859+0200] {dag.py:3696} INFO - Setting next_dagrun for example_branch_dop_operator_v3 to 2023-10-19T20:35:00+00:00, run_after=2023-10-19T20:36:00+00:00
[2023-10-19T22:36:24.865+0200] {processor.py:179} INFO - Processing /Users/nick/Desktop/airflow_dic/venv/lib/python3.11/site-packages/airflow/example_dags/example_branch_python_dop_operator_3.py took 0.089 seconds
[2023-10-19T22:37:32.718+0200] {processor.py:157} INFO - Started process (PID=33048) to work on /Users/nick/Desktop/airflow_dic/venv/lib/python3.11/site-packages/airflow/example_dags/example_branch_python_dop_operator_3.py
[2023-10-19T22:37:32.719+0200] {processor.py:829} INFO - Processing file /Users/nick/Desktop/airflow_dic/venv/lib/python3.11/site-packages/airflow/example_dags/example_branch_python_dop_operator_3.py for tasks to queue
[2023-10-19T22:37:32.720+0200] {logging_mixin.py:151} INFO - [2023-10-19T22:37:32.720+0200] {dagbag.py:539} INFO - Filling up the DagBag from /Users/nick/Desktop/airflow_dic/venv/lib/python3.11/site-packages/airflow/example_dags/example_branch_python_dop_operator_3.py
[2023-10-19T22:37:32.739+0200] {processor.py:839} INFO - DAG(s) dict_keys(['example_branch_dop_operator_v3']) retrieved from /Users/nick/Desktop/airflow_dic/venv/lib/python3.11/site-packages/airflow/example_dags/example_branch_python_dop_operator_3.py
[2023-10-19T22:37:32.792+0200] {logging_mixin.py:151} INFO - [2023-10-19T22:37:32.792+0200] {dag.py:2915} INFO - Sync 1 DAGs
[2023-10-19T22:37:32.799+0200] {logging_mixin.py:151} INFO - [2023-10-19T22:37:32.799+0200] {dag.py:3696} INFO - Setting next_dagrun for example_branch_dop_operator_v3 to 2023-10-19T20:36:00+00:00, run_after=2023-10-19T20:37:00+00:00
[2023-10-19T22:37:32.805+0200] {processor.py:179} INFO - Processing /Users/nick/Desktop/airflow_dic/venv/lib/python3.11/site-packages/airflow/example_dags/example_branch_python_dop_operator_3.py took 0.087 seconds
[2023-10-19T22:38:40.619+0200] {processor.py:157} INFO - Started process (PID=33171) to work on /Users/nick/Desktop/airflow_dic/venv/lib/python3.11/site-packages/airflow/example_dags/example_branch_python_dop_operator_3.py
[2023-10-19T22:38:40.620+0200] {processor.py:829} INFO - Processing file /Users/nick/Desktop/airflow_dic/venv/lib/python3.11/site-packages/airflow/example_dags/example_branch_python_dop_operator_3.py for tasks to queue
[2023-10-19T22:38:40.620+0200] {logging_mixin.py:151} INFO - [2023-10-19T22:38:40.620+0200] {dagbag.py:539} INFO - Filling up the DagBag from /Users/nick/Desktop/airflow_dic/venv/lib/python3.11/site-packages/airflow/example_dags/example_branch_python_dop_operator_3.py
[2023-10-19T22:38:40.640+0200] {processor.py:839} INFO - DAG(s) dict_keys(['example_branch_dop_operator_v3']) retrieved from /Users/nick/Desktop/airflow_dic/venv/lib/python3.11/site-packages/airflow/example_dags/example_branch_python_dop_operator_3.py
[2023-10-19T22:38:40.694+0200] {logging_mixin.py:151} INFO - [2023-10-19T22:38:40.694+0200] {dag.py:2915} INFO - Sync 1 DAGs
[2023-10-19T22:38:40.701+0200] {logging_mixin.py:151} INFO - [2023-10-19T22:38:40.701+0200] {dag.py:3696} INFO - Setting next_dagrun for example_branch_dop_operator_v3 to 2023-10-19T20:37:00+00:00, run_after=2023-10-19T20:38:00+00:00
[2023-10-19T22:38:40.707+0200] {processor.py:179} INFO - Processing /Users/nick/Desktop/airflow_dic/venv/lib/python3.11/site-packages/airflow/example_dags/example_branch_python_dop_operator_3.py took 0.089 seconds
[2023-10-19T22:39:46.280+0200] {processor.py:157} INFO - Started process (PID=33300) to work on /Users/nick/Desktop/airflow_dic/venv/lib/python3.11/site-packages/airflow/example_dags/example_branch_python_dop_operator_3.py
[2023-10-19T22:39:46.282+0200] {processor.py:829} INFO - Processing file /Users/nick/Desktop/airflow_dic/venv/lib/python3.11/site-packages/airflow/example_dags/example_branch_python_dop_operator_3.py for tasks to queue
[2023-10-19T22:39:46.282+0200] {logging_mixin.py:151} INFO - [2023-10-19T22:39:46.282+0200] {dagbag.py:539} INFO - Filling up the DagBag from /Users/nick/Desktop/airflow_dic/venv/lib/python3.11/site-packages/airflow/example_dags/example_branch_python_dop_operator_3.py
[2023-10-19T22:39:46.308+0200] {processor.py:839} INFO - DAG(s) dict_keys(['example_branch_dop_operator_v3']) retrieved from /Users/nick/Desktop/airflow_dic/venv/lib/python3.11/site-packages/airflow/example_dags/example_branch_python_dop_operator_3.py
[2023-10-19T22:39:46.366+0200] {logging_mixin.py:151} INFO - [2023-10-19T22:39:46.366+0200] {dag.py:2915} INFO - Sync 1 DAGs
[2023-10-19T22:39:46.373+0200] {logging_mixin.py:151} INFO - [2023-10-19T22:39:46.373+0200] {dag.py:3696} INFO - Setting next_dagrun for example_branch_dop_operator_v3 to 2023-10-19T20:38:00+00:00, run_after=2023-10-19T20:39:00+00:00
[2023-10-19T22:39:46.380+0200] {processor.py:179} INFO - Processing /Users/nick/Desktop/airflow_dic/venv/lib/python3.11/site-packages/airflow/example_dags/example_branch_python_dop_operator_3.py took 0.100 seconds
[2023-10-19T22:40:55.039+0200] {processor.py:157} INFO - Started process (PID=33426) to work on /Users/nick/Desktop/airflow_dic/venv/lib/python3.11/site-packages/airflow/example_dags/example_branch_python_dop_operator_3.py
[2023-10-19T22:40:55.040+0200] {processor.py:829} INFO - Processing file /Users/nick/Desktop/airflow_dic/venv/lib/python3.11/site-packages/airflow/example_dags/example_branch_python_dop_operator_3.py for tasks to queue
[2023-10-19T22:40:55.040+0200] {logging_mixin.py:151} INFO - [2023-10-19T22:40:55.040+0200] {dagbag.py:539} INFO - Filling up the DagBag from /Users/nick/Desktop/airflow_dic/venv/lib/python3.11/site-packages/airflow/example_dags/example_branch_python_dop_operator_3.py
[2023-10-19T22:40:55.060+0200] {processor.py:839} INFO - DAG(s) dict_keys(['example_branch_dop_operator_v3']) retrieved from /Users/nick/Desktop/airflow_dic/venv/lib/python3.11/site-packages/airflow/example_dags/example_branch_python_dop_operator_3.py
[2023-10-19T22:40:55.112+0200] {logging_mixin.py:151} INFO - [2023-10-19T22:40:55.112+0200] {dag.py:2915} INFO - Sync 1 DAGs
[2023-10-19T22:40:55.119+0200] {logging_mixin.py:151} INFO - [2023-10-19T22:40:55.119+0200] {dag.py:3696} INFO - Setting next_dagrun for example_branch_dop_operator_v3 to 2023-10-19T20:39:00+00:00, run_after=2023-10-19T20:40:00+00:00
[2023-10-19T22:40:55.126+0200] {processor.py:179} INFO - Processing /Users/nick/Desktop/airflow_dic/venv/lib/python3.11/site-packages/airflow/example_dags/example_branch_python_dop_operator_3.py took 0.087 seconds
[2023-10-19T22:42:06.411+0200] {processor.py:157} INFO - Started process (PID=33557) to work on /Users/nick/Desktop/airflow_dic/venv/lib/python3.11/site-packages/airflow/example_dags/example_branch_python_dop_operator_3.py
[2023-10-19T22:42:06.412+0200] {processor.py:829} INFO - Processing file /Users/nick/Desktop/airflow_dic/venv/lib/python3.11/site-packages/airflow/example_dags/example_branch_python_dop_operator_3.py for tasks to queue
[2023-10-19T22:42:06.412+0200] {logging_mixin.py:151} INFO - [2023-10-19T22:42:06.412+0200] {dagbag.py:539} INFO - Filling up the DagBag from /Users/nick/Desktop/airflow_dic/venv/lib/python3.11/site-packages/airflow/example_dags/example_branch_python_dop_operator_3.py
[2023-10-19T22:42:06.432+0200] {processor.py:839} INFO - DAG(s) dict_keys(['example_branch_dop_operator_v3']) retrieved from /Users/nick/Desktop/airflow_dic/venv/lib/python3.11/site-packages/airflow/example_dags/example_branch_python_dop_operator_3.py
[2023-10-19T22:42:06.485+0200] {logging_mixin.py:151} INFO - [2023-10-19T22:42:06.485+0200] {dag.py:2915} INFO - Sync 1 DAGs
[2023-10-19T22:42:06.492+0200] {logging_mixin.py:151} INFO - [2023-10-19T22:42:06.492+0200] {dag.py:3696} INFO - Setting next_dagrun for example_branch_dop_operator_v3 to 2023-10-19T20:41:00+00:00, run_after=2023-10-19T20:42:00+00:00
[2023-10-19T22:42:06.499+0200] {processor.py:179} INFO - Processing /Users/nick/Desktop/airflow_dic/venv/lib/python3.11/site-packages/airflow/example_dags/example_branch_python_dop_operator_3.py took 0.088 seconds
[2023-10-19T22:43:14.479+0200] {processor.py:157} INFO - Started process (PID=33683) to work on /Users/nick/Desktop/airflow_dic/venv/lib/python3.11/site-packages/airflow/example_dags/example_branch_python_dop_operator_3.py
[2023-10-19T22:43:14.480+0200] {processor.py:829} INFO - Processing file /Users/nick/Desktop/airflow_dic/venv/lib/python3.11/site-packages/airflow/example_dags/example_branch_python_dop_operator_3.py for tasks to queue
[2023-10-19T22:43:14.481+0200] {logging_mixin.py:151} INFO - [2023-10-19T22:43:14.481+0200] {dagbag.py:539} INFO - Filling up the DagBag from /Users/nick/Desktop/airflow_dic/venv/lib/python3.11/site-packages/airflow/example_dags/example_branch_python_dop_operator_3.py
[2023-10-19T22:43:14.500+0200] {processor.py:839} INFO - DAG(s) dict_keys(['example_branch_dop_operator_v3']) retrieved from /Users/nick/Desktop/airflow_dic/venv/lib/python3.11/site-packages/airflow/example_dags/example_branch_python_dop_operator_3.py
[2023-10-19T22:43:14.553+0200] {logging_mixin.py:151} INFO - [2023-10-19T22:43:14.553+0200] {dag.py:2915} INFO - Sync 1 DAGs
[2023-10-19T22:43:14.560+0200] {logging_mixin.py:151} INFO - [2023-10-19T22:43:14.560+0200] {dag.py:3696} INFO - Setting next_dagrun for example_branch_dop_operator_v3 to 2023-10-19T20:42:00+00:00, run_after=2023-10-19T20:43:00+00:00
[2023-10-19T22:43:14.566+0200] {processor.py:179} INFO - Processing /Users/nick/Desktop/airflow_dic/venv/lib/python3.11/site-packages/airflow/example_dags/example_branch_python_dop_operator_3.py took 0.087 seconds
[2023-10-19T22:44:26.112+0200] {processor.py:157} INFO - Started process (PID=33819) to work on /Users/nick/Desktop/airflow_dic/venv/lib/python3.11/site-packages/airflow/example_dags/example_branch_python_dop_operator_3.py
[2023-10-19T22:44:26.113+0200] {processor.py:829} INFO - Processing file /Users/nick/Desktop/airflow_dic/venv/lib/python3.11/site-packages/airflow/example_dags/example_branch_python_dop_operator_3.py for tasks to queue
[2023-10-19T22:44:26.114+0200] {logging_mixin.py:151} INFO - [2023-10-19T22:44:26.114+0200] {dagbag.py:539} INFO - Filling up the DagBag from /Users/nick/Desktop/airflow_dic/venv/lib/python3.11/site-packages/airflow/example_dags/example_branch_python_dop_operator_3.py
[2023-10-19T22:44:26.134+0200] {processor.py:839} INFO - DAG(s) dict_keys(['example_branch_dop_operator_v3']) retrieved from /Users/nick/Desktop/airflow_dic/venv/lib/python3.11/site-packages/airflow/example_dags/example_branch_python_dop_operator_3.py
[2023-10-19T22:44:26.188+0200] {logging_mixin.py:151} INFO - [2023-10-19T22:44:26.188+0200] {dag.py:2915} INFO - Sync 1 DAGs
[2023-10-19T22:44:26.195+0200] {logging_mixin.py:151} INFO - [2023-10-19T22:44:26.195+0200] {dag.py:3696} INFO - Setting next_dagrun for example_branch_dop_operator_v3 to 2023-10-19T20:43:00+00:00, run_after=2023-10-19T20:44:00+00:00
[2023-10-19T22:44:26.201+0200] {processor.py:179} INFO - Processing /Users/nick/Desktop/airflow_dic/venv/lib/python3.11/site-packages/airflow/example_dags/example_branch_python_dop_operator_3.py took 0.089 seconds
[2023-10-19T22:46:13.938+0200] {processor.py:157} INFO - Started process (PID=34042) to work on /Users/nick/Desktop/airflow_dic/venv/lib/python3.11/site-packages/airflow/example_dags/example_branch_python_dop_operator_3.py
[2023-10-19T22:46:13.940+0200] {processor.py:829} INFO - Processing file /Users/nick/Desktop/airflow_dic/venv/lib/python3.11/site-packages/airflow/example_dags/example_branch_python_dop_operator_3.py for tasks to queue
[2023-10-19T22:46:13.941+0200] {logging_mixin.py:151} INFO - [2023-10-19T22:46:13.941+0200] {dagbag.py:539} INFO - Filling up the DagBag from /Users/nick/Desktop/airflow_dic/venv/lib/python3.11/site-packages/airflow/example_dags/example_branch_python_dop_operator_3.py
[2023-10-19T22:46:13.961+0200] {processor.py:839} INFO - DAG(s) dict_keys(['example_branch_dop_operator_v3']) retrieved from /Users/nick/Desktop/airflow_dic/venv/lib/python3.11/site-packages/airflow/example_dags/example_branch_python_dop_operator_3.py
[2023-10-19T22:46:14.014+0200] {logging_mixin.py:151} INFO - [2023-10-19T22:46:14.014+0200] {dag.py:2915} INFO - Sync 1 DAGs
[2023-10-19T22:46:14.021+0200] {logging_mixin.py:151} INFO - [2023-10-19T22:46:14.021+0200] {dag.py:3696} INFO - Setting next_dagrun for example_branch_dop_operator_v3 to 2023-10-19T20:45:00+00:00, run_after=2023-10-19T20:46:00+00:00
[2023-10-19T22:46:14.027+0200] {processor.py:179} INFO - Processing /Users/nick/Desktop/airflow_dic/venv/lib/python3.11/site-packages/airflow/example_dags/example_branch_python_dop_operator_3.py took 0.089 seconds
[2023-10-19T22:47:22.912+0200] {processor.py:157} INFO - Started process (PID=34169) to work on /Users/nick/Desktop/airflow_dic/venv/lib/python3.11/site-packages/airflow/example_dags/example_branch_python_dop_operator_3.py
[2023-10-19T22:47:22.914+0200] {processor.py:829} INFO - Processing file /Users/nick/Desktop/airflow_dic/venv/lib/python3.11/site-packages/airflow/example_dags/example_branch_python_dop_operator_3.py for tasks to queue
[2023-10-19T22:47:22.914+0200] {logging_mixin.py:151} INFO - [2023-10-19T22:47:22.914+0200] {dagbag.py:539} INFO - Filling up the DagBag from /Users/nick/Desktop/airflow_dic/venv/lib/python3.11/site-packages/airflow/example_dags/example_branch_python_dop_operator_3.py
[2023-10-19T22:47:22.935+0200] {processor.py:839} INFO - DAG(s) dict_keys(['example_branch_dop_operator_v3']) retrieved from /Users/nick/Desktop/airflow_dic/venv/lib/python3.11/site-packages/airflow/example_dags/example_branch_python_dop_operator_3.py
[2023-10-19T22:47:22.991+0200] {logging_mixin.py:151} INFO - [2023-10-19T22:47:22.991+0200] {dag.py:2915} INFO - Sync 1 DAGs
[2023-10-19T22:47:22.999+0200] {logging_mixin.py:151} INFO - [2023-10-19T22:47:22.999+0200] {dag.py:3696} INFO - Setting next_dagrun for example_branch_dop_operator_v3 to 2023-10-19T20:46:00+00:00, run_after=2023-10-19T20:47:00+00:00
[2023-10-19T22:47:23.005+0200] {processor.py:179} INFO - Processing /Users/nick/Desktop/airflow_dic/venv/lib/python3.11/site-packages/airflow/example_dags/example_branch_python_dop_operator_3.py took 0.094 seconds
[2023-10-19T22:48:31.894+0200] {processor.py:157} INFO - Started process (PID=34304) to work on /Users/nick/Desktop/airflow_dic/venv/lib/python3.11/site-packages/airflow/example_dags/example_branch_python_dop_operator_3.py
[2023-10-19T22:48:31.895+0200] {processor.py:829} INFO - Processing file /Users/nick/Desktop/airflow_dic/venv/lib/python3.11/site-packages/airflow/example_dags/example_branch_python_dop_operator_3.py for tasks to queue
[2023-10-19T22:48:31.896+0200] {logging_mixin.py:151} INFO - [2023-10-19T22:48:31.896+0200] {dagbag.py:539} INFO - Filling up the DagBag from /Users/nick/Desktop/airflow_dic/venv/lib/python3.11/site-packages/airflow/example_dags/example_branch_python_dop_operator_3.py
[2023-10-19T22:48:31.916+0200] {processor.py:839} INFO - DAG(s) dict_keys(['example_branch_dop_operator_v3']) retrieved from /Users/nick/Desktop/airflow_dic/venv/lib/python3.11/site-packages/airflow/example_dags/example_branch_python_dop_operator_3.py
[2023-10-19T22:48:31.969+0200] {logging_mixin.py:151} INFO - [2023-10-19T22:48:31.968+0200] {dag.py:2915} INFO - Sync 1 DAGs
[2023-10-19T22:48:31.975+0200] {logging_mixin.py:151} INFO - [2023-10-19T22:48:31.975+0200] {dag.py:3696} INFO - Setting next_dagrun for example_branch_dop_operator_v3 to 2023-10-19T20:47:00+00:00, run_after=2023-10-19T20:48:00+00:00
[2023-10-19T22:48:31.982+0200] {processor.py:179} INFO - Processing /Users/nick/Desktop/airflow_dic/venv/lib/python3.11/site-packages/airflow/example_dags/example_branch_python_dop_operator_3.py took 0.088 seconds
[2023-10-19T22:49:40.580+0200] {processor.py:157} INFO - Started process (PID=34440) to work on /Users/nick/Desktop/airflow_dic/venv/lib/python3.11/site-packages/airflow/example_dags/example_branch_python_dop_operator_3.py
[2023-10-19T22:49:40.581+0200] {processor.py:829} INFO - Processing file /Users/nick/Desktop/airflow_dic/venv/lib/python3.11/site-packages/airflow/example_dags/example_branch_python_dop_operator_3.py for tasks to queue
[2023-10-19T22:49:40.581+0200] {logging_mixin.py:151} INFO - [2023-10-19T22:49:40.581+0200] {dagbag.py:539} INFO - Filling up the DagBag from /Users/nick/Desktop/airflow_dic/venv/lib/python3.11/site-packages/airflow/example_dags/example_branch_python_dop_operator_3.py
[2023-10-19T22:49:40.601+0200] {processor.py:839} INFO - DAG(s) dict_keys(['example_branch_dop_operator_v3']) retrieved from /Users/nick/Desktop/airflow_dic/venv/lib/python3.11/site-packages/airflow/example_dags/example_branch_python_dop_operator_3.py
[2023-10-19T22:49:40.654+0200] {logging_mixin.py:151} INFO - [2023-10-19T22:49:40.654+0200] {dag.py:2915} INFO - Sync 1 DAGs
[2023-10-19T22:49:40.661+0200] {logging_mixin.py:151} INFO - [2023-10-19T22:49:40.661+0200] {dag.py:3696} INFO - Setting next_dagrun for example_branch_dop_operator_v3 to 2023-10-19T20:48:00+00:00, run_after=2023-10-19T20:49:00+00:00
[2023-10-19T22:49:40.667+0200] {processor.py:179} INFO - Processing /Users/nick/Desktop/airflow_dic/venv/lib/python3.11/site-packages/airflow/example_dags/example_branch_python_dop_operator_3.py took 0.088 seconds
[2023-10-19T22:50:48.652+0200] {processor.py:157} INFO - Started process (PID=34564) to work on /Users/nick/Desktop/airflow_dic/venv/lib/python3.11/site-packages/airflow/example_dags/example_branch_python_dop_operator_3.py
[2023-10-19T22:50:48.653+0200] {processor.py:829} INFO - Processing file /Users/nick/Desktop/airflow_dic/venv/lib/python3.11/site-packages/airflow/example_dags/example_branch_python_dop_operator_3.py for tasks to queue
[2023-10-19T22:50:48.654+0200] {logging_mixin.py:151} INFO - [2023-10-19T22:50:48.653+0200] {dagbag.py:539} INFO - Filling up the DagBag from /Users/nick/Desktop/airflow_dic/venv/lib/python3.11/site-packages/airflow/example_dags/example_branch_python_dop_operator_3.py
[2023-10-19T22:50:48.674+0200] {processor.py:839} INFO - DAG(s) dict_keys(['example_branch_dop_operator_v3']) retrieved from /Users/nick/Desktop/airflow_dic/venv/lib/python3.11/site-packages/airflow/example_dags/example_branch_python_dop_operator_3.py
[2023-10-19T22:50:48.729+0200] {logging_mixin.py:151} INFO - [2023-10-19T22:50:48.729+0200] {dag.py:2915} INFO - Sync 1 DAGs
[2023-10-19T22:50:48.736+0200] {logging_mixin.py:151} INFO - [2023-10-19T22:50:48.736+0200] {dag.py:3696} INFO - Setting next_dagrun for example_branch_dop_operator_v3 to 2023-10-19T20:49:00+00:00, run_after=2023-10-19T20:50:00+00:00
[2023-10-19T22:50:48.742+0200] {processor.py:179} INFO - Processing /Users/nick/Desktop/airflow_dic/venv/lib/python3.11/site-packages/airflow/example_dags/example_branch_python_dop_operator_3.py took 0.091 seconds
[2023-10-19T22:54:12.408+0200] {processor.py:157} INFO - Started process (PID=34878) to work on /Users/nick/Desktop/airflow_dic/venv/lib/python3.11/site-packages/airflow/example_dags/example_branch_python_dop_operator_3.py
[2023-10-19T22:54:12.409+0200] {processor.py:829} INFO - Processing file /Users/nick/Desktop/airflow_dic/venv/lib/python3.11/site-packages/airflow/example_dags/example_branch_python_dop_operator_3.py for tasks to queue
[2023-10-19T22:54:12.409+0200] {logging_mixin.py:151} INFO - [2023-10-19T22:54:12.409+0200] {dagbag.py:539} INFO - Filling up the DagBag from /Users/nick/Desktop/airflow_dic/venv/lib/python3.11/site-packages/airflow/example_dags/example_branch_python_dop_operator_3.py
[2023-10-19T22:54:12.429+0200] {processor.py:839} INFO - DAG(s) dict_keys(['example_branch_dop_operator_v3']) retrieved from /Users/nick/Desktop/airflow_dic/venv/lib/python3.11/site-packages/airflow/example_dags/example_branch_python_dop_operator_3.py
[2023-10-19T22:54:12.482+0200] {logging_mixin.py:151} INFO - [2023-10-19T22:54:12.482+0200] {dag.py:2915} INFO - Sync 1 DAGs
[2023-10-19T22:54:12.489+0200] {logging_mixin.py:151} INFO - [2023-10-19T22:54:12.489+0200] {dag.py:3696} INFO - Setting next_dagrun for example_branch_dop_operator_v3 to 2023-10-19T20:53:00+00:00, run_after=2023-10-19T20:54:00+00:00
[2023-10-19T22:54:12.495+0200] {processor.py:179} INFO - Processing /Users/nick/Desktop/airflow_dic/venv/lib/python3.11/site-packages/airflow/example_dags/example_branch_python_dop_operator_3.py took 0.087 seconds
[2023-10-19T22:55:18.908+0200] {processor.py:157} INFO - Started process (PID=35023) to work on /Users/nick/Desktop/airflow_dic/venv/lib/python3.11/site-packages/airflow/example_dags/example_branch_python_dop_operator_3.py
[2023-10-19T22:55:18.910+0200] {processor.py:829} INFO - Processing file /Users/nick/Desktop/airflow_dic/venv/lib/python3.11/site-packages/airflow/example_dags/example_branch_python_dop_operator_3.py for tasks to queue
[2023-10-19T22:55:18.910+0200] {logging_mixin.py:151} INFO - [2023-10-19T22:55:18.910+0200] {dagbag.py:539} INFO - Filling up the DagBag from /Users/nick/Desktop/airflow_dic/venv/lib/python3.11/site-packages/airflow/example_dags/example_branch_python_dop_operator_3.py
[2023-10-19T22:55:18.931+0200] {processor.py:839} INFO - DAG(s) dict_keys(['example_branch_dop_operator_v3']) retrieved from /Users/nick/Desktop/airflow_dic/venv/lib/python3.11/site-packages/airflow/example_dags/example_branch_python_dop_operator_3.py
[2023-10-19T22:55:18.985+0200] {logging_mixin.py:151} INFO - [2023-10-19T22:55:18.985+0200] {dag.py:2915} INFO - Sync 1 DAGs
[2023-10-19T22:55:18.991+0200] {logging_mixin.py:151} INFO - [2023-10-19T22:55:18.991+0200] {dag.py:3696} INFO - Setting next_dagrun for example_branch_dop_operator_v3 to 2023-10-19T20:54:00+00:00, run_after=2023-10-19T20:55:00+00:00
[2023-10-19T22:55:18.998+0200] {processor.py:179} INFO - Processing /Users/nick/Desktop/airflow_dic/venv/lib/python3.11/site-packages/airflow/example_dags/example_branch_python_dop_operator_3.py took 0.091 seconds
[2023-10-19T22:56:27.916+0200] {processor.py:157} INFO - Started process (PID=35159) to work on /Users/nick/Desktop/airflow_dic/venv/lib/python3.11/site-packages/airflow/example_dags/example_branch_python_dop_operator_3.py
[2023-10-19T22:56:27.918+0200] {processor.py:829} INFO - Processing file /Users/nick/Desktop/airflow_dic/venv/lib/python3.11/site-packages/airflow/example_dags/example_branch_python_dop_operator_3.py for tasks to queue
[2023-10-19T22:56:27.918+0200] {logging_mixin.py:151} INFO - [2023-10-19T22:56:27.918+0200] {dagbag.py:539} INFO - Filling up the DagBag from /Users/nick/Desktop/airflow_dic/venv/lib/python3.11/site-packages/airflow/example_dags/example_branch_python_dop_operator_3.py
[2023-10-19T22:56:27.940+0200] {processor.py:839} INFO - DAG(s) dict_keys(['example_branch_dop_operator_v3']) retrieved from /Users/nick/Desktop/airflow_dic/venv/lib/python3.11/site-packages/airflow/example_dags/example_branch_python_dop_operator_3.py
[2023-10-19T22:56:27.998+0200] {logging_mixin.py:151} INFO - [2023-10-19T22:56:27.998+0200] {dag.py:2915} INFO - Sync 1 DAGs
[2023-10-19T22:56:28.005+0200] {logging_mixin.py:151} INFO - [2023-10-19T22:56:28.005+0200] {dag.py:3696} INFO - Setting next_dagrun for example_branch_dop_operator_v3 to 2023-10-19T20:55:00+00:00, run_after=2023-10-19T20:56:00+00:00
[2023-10-19T22:56:28.012+0200] {processor.py:179} INFO - Processing /Users/nick/Desktop/airflow_dic/venv/lib/python3.11/site-packages/airflow/example_dags/example_branch_python_dop_operator_3.py took 0.097 seconds
[2023-10-19T22:57:34.452+0200] {processor.py:157} INFO - Started process (PID=35286) to work on /Users/nick/Desktop/airflow_dic/venv/lib/python3.11/site-packages/airflow/example_dags/example_branch_python_dop_operator_3.py
[2023-10-19T22:57:34.453+0200] {processor.py:829} INFO - Processing file /Users/nick/Desktop/airflow_dic/venv/lib/python3.11/site-packages/airflow/example_dags/example_branch_python_dop_operator_3.py for tasks to queue
[2023-10-19T22:57:34.453+0200] {logging_mixin.py:151} INFO - [2023-10-19T22:57:34.453+0200] {dagbag.py:539} INFO - Filling up the DagBag from /Users/nick/Desktop/airflow_dic/venv/lib/python3.11/site-packages/airflow/example_dags/example_branch_python_dop_operator_3.py
[2023-10-19T22:57:34.473+0200] {processor.py:839} INFO - DAG(s) dict_keys(['example_branch_dop_operator_v3']) retrieved from /Users/nick/Desktop/airflow_dic/venv/lib/python3.11/site-packages/airflow/example_dags/example_branch_python_dop_operator_3.py
[2023-10-19T22:57:34.526+0200] {logging_mixin.py:151} INFO - [2023-10-19T22:57:34.526+0200] {dag.py:2915} INFO - Sync 1 DAGs
[2023-10-19T22:57:34.533+0200] {logging_mixin.py:151} INFO - [2023-10-19T22:57:34.533+0200] {dag.py:3696} INFO - Setting next_dagrun for example_branch_dop_operator_v3 to 2023-10-19T20:56:00+00:00, run_after=2023-10-19T20:57:00+00:00
[2023-10-19T22:57:34.540+0200] {processor.py:179} INFO - Processing /Users/nick/Desktop/airflow_dic/venv/lib/python3.11/site-packages/airflow/example_dags/example_branch_python_dop_operator_3.py took 0.088 seconds
[2023-10-19T22:58:42.249+0200] {processor.py:157} INFO - Started process (PID=35422) to work on /Users/nick/Desktop/airflow_dic/venv/lib/python3.11/site-packages/airflow/example_dags/example_branch_python_dop_operator_3.py
[2023-10-19T22:58:42.250+0200] {processor.py:829} INFO - Processing file /Users/nick/Desktop/airflow_dic/venv/lib/python3.11/site-packages/airflow/example_dags/example_branch_python_dop_operator_3.py for tasks to queue
[2023-10-19T22:58:42.251+0200] {logging_mixin.py:151} INFO - [2023-10-19T22:58:42.250+0200] {dagbag.py:539} INFO - Filling up the DagBag from /Users/nick/Desktop/airflow_dic/venv/lib/python3.11/site-packages/airflow/example_dags/example_branch_python_dop_operator_3.py
[2023-10-19T22:58:42.270+0200] {processor.py:839} INFO - DAG(s) dict_keys(['example_branch_dop_operator_v3']) retrieved from /Users/nick/Desktop/airflow_dic/venv/lib/python3.11/site-packages/airflow/example_dags/example_branch_python_dop_operator_3.py
[2023-10-19T22:58:42.323+0200] {logging_mixin.py:151} INFO - [2023-10-19T22:58:42.323+0200] {dag.py:2915} INFO - Sync 1 DAGs
[2023-10-19T22:58:42.330+0200] {logging_mixin.py:151} INFO - [2023-10-19T22:58:42.330+0200] {dag.py:3696} INFO - Setting next_dagrun for example_branch_dop_operator_v3 to 2023-10-19T20:57:00+00:00, run_after=2023-10-19T20:58:00+00:00
[2023-10-19T22:58:42.336+0200] {processor.py:179} INFO - Processing /Users/nick/Desktop/airflow_dic/venv/lib/python3.11/site-packages/airflow/example_dags/example_branch_python_dop_operator_3.py took 0.087 seconds
