[2023-10-19T22:19:10.895+0200] {processor.py:157} INFO - Started process (PID=28973) to work on /Users/nick/Desktop/airflow_dic/venv/lib/python3.11/site-packages/airflow/example_dags/example_bash_operator.py
[2023-10-19T22:19:10.896+0200] {processor.py:829} INFO - Processing file /Users/nick/Desktop/airflow_dic/venv/lib/python3.11/site-packages/airflow/example_dags/example_bash_operator.py for tasks to queue
[2023-10-19T22:19:10.896+0200] {logging_mixin.py:151} INFO - [2023-10-19T22:19:10.896+0200] {dagbag.py:539} INFO - Filling up the DagBag from /Users/nick/Desktop/airflow_dic/venv/lib/python3.11/site-packages/airflow/example_dags/example_bash_operator.py
[2023-10-19T22:19:10.923+0200] {processor.py:839} INFO - DAG(s) dict_keys(['example_bash_operator']) retrieved from /Users/nick/Desktop/airflow_dic/venv/lib/python3.11/site-packages/airflow/example_dags/example_bash_operator.py
[2023-10-19T22:19:11.183+0200] {logging_mixin.py:151} INFO - [2023-10-19T22:19:11.182+0200] {manager.py:499} INFO - Created Permission View: %s
[2023-10-19T22:19:11.185+0200] {logging_mixin.py:151} INFO - [2023-10-19T22:19:11.185+0200] {manager.py:499} INFO - Created Permission View: %s
[2023-10-19T22:19:11.187+0200] {logging_mixin.py:151} INFO - [2023-10-19T22:19:11.187+0200] {manager.py:499} INFO - Created Permission View: %s
[2023-10-19T22:19:11.187+0200] {logging_mixin.py:151} INFO - [2023-10-19T22:19:11.187+0200] {security.py:708} INFO - Not syncing DAG-level permissions for DAG 'DAG:example_bash_operator' as access control is unset.
[2023-10-19T22:19:11.187+0200] {logging_mixin.py:151} INFO - [2023-10-19T22:19:11.187+0200] {dag.py:2915} INFO - Sync 1 DAGs
[2023-10-19T22:19:11.190+0200] {logging_mixin.py:151} INFO - [2023-10-19T22:19:11.190+0200] {dag.py:2937} INFO - Creating ORM DAG for example_bash_operator
[2023-10-19T22:19:11.193+0200] {logging_mixin.py:151} INFO - [2023-10-19T22:19:11.193+0200] {dag.py:3696} INFO - Setting next_dagrun for example_bash_operator to 2023-10-18T00:00:00+00:00, run_after=2023-10-19T00:00:00+00:00
[2023-10-19T22:19:11.198+0200] {processor.py:179} INFO - Processing /Users/nick/Desktop/airflow_dic/venv/lib/python3.11/site-packages/airflow/example_dags/example_bash_operator.py took 0.304 seconds
[2023-10-19T22:20:24.944+0200] {processor.py:157} INFO - Started process (PID=29111) to work on /Users/nick/Desktop/airflow_dic/venv/lib/python3.11/site-packages/airflow/example_dags/example_bash_operator.py
[2023-10-19T22:20:24.945+0200] {processor.py:829} INFO - Processing file /Users/nick/Desktop/airflow_dic/venv/lib/python3.11/site-packages/airflow/example_dags/example_bash_operator.py for tasks to queue
[2023-10-19T22:20:24.945+0200] {logging_mixin.py:151} INFO - [2023-10-19T22:20:24.945+0200] {dagbag.py:539} INFO - Filling up the DagBag from /Users/nick/Desktop/airflow_dic/venv/lib/python3.11/site-packages/airflow/example_dags/example_bash_operator.py
[2023-10-19T22:20:24.971+0200] {processor.py:839} INFO - DAG(s) dict_keys(['example_bash_operator']) retrieved from /Users/nick/Desktop/airflow_dic/venv/lib/python3.11/site-packages/airflow/example_dags/example_bash_operator.py
[2023-10-19T22:20:25.015+0200] {logging_mixin.py:151} INFO - [2023-10-19T22:20:25.014+0200] {dag.py:2915} INFO - Sync 1 DAGs
[2023-10-19T22:20:25.020+0200] {logging_mixin.py:151} INFO - [2023-10-19T22:20:25.020+0200] {dag.py:3696} INFO - Setting next_dagrun for example_bash_operator to 2023-10-18T00:00:00+00:00, run_after=2023-10-19T00:00:00+00:00
[2023-10-19T22:20:25.026+0200] {processor.py:179} INFO - Processing /Users/nick/Desktop/airflow_dic/venv/lib/python3.11/site-packages/airflow/example_dags/example_bash_operator.py took 0.083 seconds
[2023-10-19T22:21:30.120+0200] {processor.py:157} INFO - Started process (PID=29245) to work on /Users/nick/Desktop/airflow_dic/venv/lib/python3.11/site-packages/airflow/example_dags/example_bash_operator.py
[2023-10-19T22:21:30.122+0200] {processor.py:829} INFO - Processing file /Users/nick/Desktop/airflow_dic/venv/lib/python3.11/site-packages/airflow/example_dags/example_bash_operator.py for tasks to queue
[2023-10-19T22:21:30.122+0200] {logging_mixin.py:151} INFO - [2023-10-19T22:21:30.122+0200] {dagbag.py:539} INFO - Filling up the DagBag from /Users/nick/Desktop/airflow_dic/venv/lib/python3.11/site-packages/airflow/example_dags/example_bash_operator.py
[2023-10-19T22:21:30.149+0200] {processor.py:839} INFO - DAG(s) dict_keys(['example_bash_operator']) retrieved from /Users/nick/Desktop/airflow_dic/venv/lib/python3.11/site-packages/airflow/example_dags/example_bash_operator.py
[2023-10-19T22:21:30.194+0200] {logging_mixin.py:151} INFO - [2023-10-19T22:21:30.194+0200] {dag.py:2915} INFO - Sync 1 DAGs
[2023-10-19T22:21:30.200+0200] {logging_mixin.py:151} INFO - [2023-10-19T22:21:30.200+0200] {dag.py:3696} INFO - Setting next_dagrun for example_bash_operator to 2023-10-18T00:00:00+00:00, run_after=2023-10-19T00:00:00+00:00
[2023-10-19T22:21:30.207+0200] {processor.py:179} INFO - Processing /Users/nick/Desktop/airflow_dic/venv/lib/python3.11/site-packages/airflow/example_dags/example_bash_operator.py took 0.088 seconds
[2023-10-19T22:23:51.729+0200] {processor.py:157} INFO - Started process (PID=29530) to work on /Users/nick/Desktop/airflow_dic/venv/lib/python3.11/site-packages/airflow/example_dags/example_bash_operator.py
[2023-10-19T22:23:51.732+0200] {processor.py:829} INFO - Processing file /Users/nick/Desktop/airflow_dic/venv/lib/python3.11/site-packages/airflow/example_dags/example_bash_operator.py for tasks to queue
[2023-10-19T22:23:51.732+0200] {logging_mixin.py:151} INFO - [2023-10-19T22:23:51.732+0200] {dagbag.py:539} INFO - Filling up the DagBag from /Users/nick/Desktop/airflow_dic/venv/lib/python3.11/site-packages/airflow/example_dags/example_bash_operator.py
[2023-10-19T22:23:51.758+0200] {processor.py:839} INFO - DAG(s) dict_keys(['example_bash_operator']) retrieved from /Users/nick/Desktop/airflow_dic/venv/lib/python3.11/site-packages/airflow/example_dags/example_bash_operator.py
[2023-10-19T22:23:51.801+0200] {logging_mixin.py:151} INFO - [2023-10-19T22:23:51.801+0200] {dag.py:2915} INFO - Sync 1 DAGs
[2023-10-19T22:23:51.807+0200] {logging_mixin.py:151} INFO - [2023-10-19T22:23:51.807+0200] {dag.py:3696} INFO - Setting next_dagrun for example_bash_operator to 2023-10-18T00:00:00+00:00, run_after=2023-10-19T00:00:00+00:00
[2023-10-19T22:23:51.813+0200] {processor.py:179} INFO - Processing /Users/nick/Desktop/airflow_dic/venv/lib/python3.11/site-packages/airflow/example_dags/example_bash_operator.py took 0.084 seconds
[2023-10-19T22:26:03.994+0200] {processor.py:157} INFO - Started process (PID=31677) to work on /Users/nick/Desktop/airflow_dic/venv/lib/python3.11/site-packages/airflow/example_dags/example_bash_operator.py
[2023-10-19T22:26:03.996+0200] {processor.py:829} INFO - Processing file /Users/nick/Desktop/airflow_dic/venv/lib/python3.11/site-packages/airflow/example_dags/example_bash_operator.py for tasks to queue
[2023-10-19T22:26:03.997+0200] {logging_mixin.py:151} INFO - [2023-10-19T22:26:03.997+0200] {dagbag.py:539} INFO - Filling up the DagBag from /Users/nick/Desktop/airflow_dic/venv/lib/python3.11/site-packages/airflow/example_dags/example_bash_operator.py
[2023-10-19T22:26:04.023+0200] {processor.py:839} INFO - DAG(s) dict_keys(['example_bash_operator']) retrieved from /Users/nick/Desktop/airflow_dic/venv/lib/python3.11/site-packages/airflow/example_dags/example_bash_operator.py
[2023-10-19T22:26:04.282+0200] {logging_mixin.py:151} INFO - [2023-10-19T22:26:04.281+0200] {security.py:708} INFO - Not syncing DAG-level permissions for DAG 'DAG:example_bash_operator' as access control is unset.
[2023-10-19T22:26:04.282+0200] {logging_mixin.py:151} INFO - [2023-10-19T22:26:04.282+0200] {dag.py:2915} INFO - Sync 1 DAGs
[2023-10-19T22:26:04.284+0200] {logging_mixin.py:151} INFO - [2023-10-19T22:26:04.284+0200] {dag.py:2937} INFO - Creating ORM DAG for example_bash_operator
[2023-10-19T22:26:04.287+0200] {logging_mixin.py:151} INFO - [2023-10-19T22:26:04.287+0200] {dag.py:3696} INFO - Setting next_dagrun for example_bash_operator to 2023-10-18T00:00:00+00:00, run_after=2023-10-19T00:00:00+00:00
[2023-10-19T22:26:04.294+0200] {processor.py:179} INFO - Processing /Users/nick/Desktop/airflow_dic/venv/lib/python3.11/site-packages/airflow/example_dags/example_bash_operator.py took 0.300 seconds
[2023-10-19T22:28:26.811+0200] {processor.py:157} INFO - Started process (PID=31939) to work on /Users/nick/Desktop/airflow_dic/venv/lib/python3.11/site-packages/airflow/example_dags/example_bash_operator.py
[2023-10-19T22:28:26.812+0200] {processor.py:829} INFO - Processing file /Users/nick/Desktop/airflow_dic/venv/lib/python3.11/site-packages/airflow/example_dags/example_bash_operator.py for tasks to queue
[2023-10-19T22:28:26.812+0200] {logging_mixin.py:151} INFO - [2023-10-19T22:28:26.812+0200] {dagbag.py:539} INFO - Filling up the DagBag from /Users/nick/Desktop/airflow_dic/venv/lib/python3.11/site-packages/airflow/example_dags/example_bash_operator.py
[2023-10-19T22:28:26.839+0200] {processor.py:839} INFO - DAG(s) dict_keys(['example_bash_operator']) retrieved from /Users/nick/Desktop/airflow_dic/venv/lib/python3.11/site-packages/airflow/example_dags/example_bash_operator.py
[2023-10-19T22:28:27.108+0200] {logging_mixin.py:151} INFO - [2023-10-19T22:28:27.107+0200] {security.py:708} INFO - Not syncing DAG-level permissions for DAG 'DAG:example_bash_operator' as access control is unset.
[2023-10-19T22:28:27.108+0200] {logging_mixin.py:151} INFO - [2023-10-19T22:28:27.108+0200] {dag.py:2915} INFO - Sync 1 DAGs
[2023-10-19T22:28:27.111+0200] {logging_mixin.py:151} INFO - [2023-10-19T22:28:27.111+0200] {dag.py:2937} INFO - Creating ORM DAG for example_bash_operator
[2023-10-19T22:28:27.115+0200] {logging_mixin.py:151} INFO - [2023-10-19T22:28:27.114+0200] {dag.py:3696} INFO - Setting next_dagrun for example_bash_operator to 2023-10-18T00:00:00+00:00, run_after=2023-10-19T00:00:00+00:00
[2023-10-19T22:28:27.122+0200] {processor.py:179} INFO - Processing /Users/nick/Desktop/airflow_dic/venv/lib/python3.11/site-packages/airflow/example_dags/example_bash_operator.py took 0.311 seconds
[2023-10-19T22:29:38.921+0200] {processor.py:157} INFO - Started process (PID=32100) to work on /Users/nick/Desktop/airflow_dic/venv/lib/python3.11/site-packages/airflow/example_dags/example_bash_operator.py
[2023-10-19T22:29:38.922+0200] {processor.py:829} INFO - Processing file /Users/nick/Desktop/airflow_dic/venv/lib/python3.11/site-packages/airflow/example_dags/example_bash_operator.py for tasks to queue
[2023-10-19T22:29:38.922+0200] {logging_mixin.py:151} INFO - [2023-10-19T22:29:38.922+0200] {dagbag.py:539} INFO - Filling up the DagBag from /Users/nick/Desktop/airflow_dic/venv/lib/python3.11/site-packages/airflow/example_dags/example_bash_operator.py
[2023-10-19T22:29:38.947+0200] {processor.py:839} INFO - DAG(s) dict_keys(['example_bash_operator']) retrieved from /Users/nick/Desktop/airflow_dic/venv/lib/python3.11/site-packages/airflow/example_dags/example_bash_operator.py
[2023-10-19T22:29:38.991+0200] {logging_mixin.py:151} INFO - [2023-10-19T22:29:38.991+0200] {dag.py:2915} INFO - Sync 1 DAGs
[2023-10-19T22:29:38.997+0200] {logging_mixin.py:151} INFO - [2023-10-19T22:29:38.997+0200] {dag.py:3696} INFO - Setting next_dagrun for example_bash_operator to 2023-10-18T00:00:00+00:00, run_after=2023-10-19T00:00:00+00:00
[2023-10-19T22:29:39.003+0200] {processor.py:179} INFO - Processing /Users/nick/Desktop/airflow_dic/venv/lib/python3.11/site-packages/airflow/example_dags/example_bash_operator.py took 0.083 seconds
[2023-10-19T22:31:57.072+0200] {processor.py:157} INFO - Started process (PID=32368) to work on /Users/nick/Desktop/airflow_dic/venv/lib/python3.11/site-packages/airflow/example_dags/example_bash_operator.py
[2023-10-19T22:31:57.073+0200] {processor.py:829} INFO - Processing file /Users/nick/Desktop/airflow_dic/venv/lib/python3.11/site-packages/airflow/example_dags/example_bash_operator.py for tasks to queue
[2023-10-19T22:31:57.073+0200] {logging_mixin.py:151} INFO - [2023-10-19T22:31:57.073+0200] {dagbag.py:539} INFO - Filling up the DagBag from /Users/nick/Desktop/airflow_dic/venv/lib/python3.11/site-packages/airflow/example_dags/example_bash_operator.py
[2023-10-19T22:31:57.100+0200] {processor.py:839} INFO - DAG(s) dict_keys(['example_bash_operator']) retrieved from /Users/nick/Desktop/airflow_dic/venv/lib/python3.11/site-packages/airflow/example_dags/example_bash_operator.py
[2023-10-19T22:31:57.145+0200] {logging_mixin.py:151} INFO - [2023-10-19T22:31:57.145+0200] {dag.py:2915} INFO - Sync 1 DAGs
[2023-10-19T22:31:57.151+0200] {logging_mixin.py:151} INFO - [2023-10-19T22:31:57.151+0200] {dag.py:3696} INFO - Setting next_dagrun for example_bash_operator to 2023-10-18T00:00:00+00:00, run_after=2023-10-19T00:00:00+00:00
[2023-10-19T22:31:57.157+0200] {processor.py:179} INFO - Processing /Users/nick/Desktop/airflow_dic/venv/lib/python3.11/site-packages/airflow/example_dags/example_bash_operator.py took 0.086 seconds
[2023-10-19T22:33:06.180+0200] {processor.py:157} INFO - Started process (PID=32494) to work on /Users/nick/Desktop/airflow_dic/venv/lib/python3.11/site-packages/airflow/example_dags/example_bash_operator.py
[2023-10-19T22:33:06.181+0200] {processor.py:829} INFO - Processing file /Users/nick/Desktop/airflow_dic/venv/lib/python3.11/site-packages/airflow/example_dags/example_bash_operator.py for tasks to queue
[2023-10-19T22:33:06.181+0200] {logging_mixin.py:151} INFO - [2023-10-19T22:33:06.181+0200] {dagbag.py:539} INFO - Filling up the DagBag from /Users/nick/Desktop/airflow_dic/venv/lib/python3.11/site-packages/airflow/example_dags/example_bash_operator.py
[2023-10-19T22:33:06.208+0200] {processor.py:839} INFO - DAG(s) dict_keys(['example_bash_operator']) retrieved from /Users/nick/Desktop/airflow_dic/venv/lib/python3.11/site-packages/airflow/example_dags/example_bash_operator.py
[2023-10-19T22:33:06.254+0200] {logging_mixin.py:151} INFO - [2023-10-19T22:33:06.254+0200] {dag.py:2915} INFO - Sync 1 DAGs
[2023-10-19T22:33:06.259+0200] {logging_mixin.py:151} INFO - [2023-10-19T22:33:06.259+0200] {dag.py:3696} INFO - Setting next_dagrun for example_bash_operator to 2023-10-18T00:00:00+00:00, run_after=2023-10-19T00:00:00+00:00
[2023-10-19T22:33:06.266+0200] {processor.py:179} INFO - Processing /Users/nick/Desktop/airflow_dic/venv/lib/python3.11/site-packages/airflow/example_dags/example_bash_operator.py took 0.086 seconds
[2023-10-19T22:34:15.569+0200] {processor.py:157} INFO - Started process (PID=32634) to work on /Users/nick/Desktop/airflow_dic/venv/lib/python3.11/site-packages/airflow/example_dags/example_bash_operator.py
[2023-10-19T22:34:15.572+0200] {processor.py:829} INFO - Processing file /Users/nick/Desktop/airflow_dic/venv/lib/python3.11/site-packages/airflow/example_dags/example_bash_operator.py for tasks to queue
[2023-10-19T22:34:15.572+0200] {logging_mixin.py:151} INFO - [2023-10-19T22:34:15.572+0200] {dagbag.py:539} INFO - Filling up the DagBag from /Users/nick/Desktop/airflow_dic/venv/lib/python3.11/site-packages/airflow/example_dags/example_bash_operator.py
[2023-10-19T22:34:15.598+0200] {processor.py:839} INFO - DAG(s) dict_keys(['example_bash_operator']) retrieved from /Users/nick/Desktop/airflow_dic/venv/lib/python3.11/site-packages/airflow/example_dags/example_bash_operator.py
[2023-10-19T22:34:15.641+0200] {logging_mixin.py:151} INFO - [2023-10-19T22:34:15.641+0200] {dag.py:2915} INFO - Sync 1 DAGs
[2023-10-19T22:34:15.646+0200] {logging_mixin.py:151} INFO - [2023-10-19T22:34:15.646+0200] {dag.py:3696} INFO - Setting next_dagrun for example_bash_operator to 2023-10-18T00:00:00+00:00, run_after=2023-10-19T00:00:00+00:00
[2023-10-19T22:34:15.653+0200] {processor.py:179} INFO - Processing /Users/nick/Desktop/airflow_dic/venv/lib/python3.11/site-packages/airflow/example_dags/example_bash_operator.py took 0.083 seconds
[2023-10-19T22:35:23.639+0200] {processor.py:157} INFO - Started process (PID=32804) to work on /Users/nick/Desktop/airflow_dic/venv/lib/python3.11/site-packages/airflow/example_dags/example_bash_operator.py
[2023-10-19T22:35:23.641+0200] {processor.py:829} INFO - Processing file /Users/nick/Desktop/airflow_dic/venv/lib/python3.11/site-packages/airflow/example_dags/example_bash_operator.py for tasks to queue
[2023-10-19T22:35:23.641+0200] {logging_mixin.py:151} INFO - [2023-10-19T22:35:23.641+0200] {dagbag.py:539} INFO - Filling up the DagBag from /Users/nick/Desktop/airflow_dic/venv/lib/python3.11/site-packages/airflow/example_dags/example_bash_operator.py
[2023-10-19T22:35:23.667+0200] {processor.py:839} INFO - DAG(s) dict_keys(['example_bash_operator']) retrieved from /Users/nick/Desktop/airflow_dic/venv/lib/python3.11/site-packages/airflow/example_dags/example_bash_operator.py
[2023-10-19T22:35:23.710+0200] {logging_mixin.py:151} INFO - [2023-10-19T22:35:23.710+0200] {dag.py:2915} INFO - Sync 1 DAGs
[2023-10-19T22:35:23.716+0200] {logging_mixin.py:151} INFO - [2023-10-19T22:35:23.716+0200] {dag.py:3696} INFO - Setting next_dagrun for example_bash_operator to 2023-10-18T00:00:00+00:00, run_after=2023-10-19T00:00:00+00:00
[2023-10-19T22:35:23.722+0200] {processor.py:179} INFO - Processing /Users/nick/Desktop/airflow_dic/venv/lib/python3.11/site-packages/airflow/example_dags/example_bash_operator.py took 0.083 seconds
[2023-10-19T22:36:32.646+0200] {processor.py:157} INFO - Started process (PID=32935) to work on /Users/nick/Desktop/airflow_dic/venv/lib/python3.11/site-packages/airflow/example_dags/example_bash_operator.py
[2023-10-19T22:36:32.647+0200] {processor.py:829} INFO - Processing file /Users/nick/Desktop/airflow_dic/venv/lib/python3.11/site-packages/airflow/example_dags/example_bash_operator.py for tasks to queue
[2023-10-19T22:36:32.647+0200] {logging_mixin.py:151} INFO - [2023-10-19T22:36:32.647+0200] {dagbag.py:539} INFO - Filling up the DagBag from /Users/nick/Desktop/airflow_dic/venv/lib/python3.11/site-packages/airflow/example_dags/example_bash_operator.py
[2023-10-19T22:36:32.673+0200] {processor.py:839} INFO - DAG(s) dict_keys(['example_bash_operator']) retrieved from /Users/nick/Desktop/airflow_dic/venv/lib/python3.11/site-packages/airflow/example_dags/example_bash_operator.py
[2023-10-19T22:36:32.716+0200] {logging_mixin.py:151} INFO - [2023-10-19T22:36:32.716+0200] {dag.py:2915} INFO - Sync 1 DAGs
[2023-10-19T22:36:32.722+0200] {logging_mixin.py:151} INFO - [2023-10-19T22:36:32.722+0200] {dag.py:3696} INFO - Setting next_dagrun for example_bash_operator to 2023-10-18T00:00:00+00:00, run_after=2023-10-19T00:00:00+00:00
[2023-10-19T22:36:32.728+0200] {processor.py:179} INFO - Processing /Users/nick/Desktop/airflow_dic/venv/lib/python3.11/site-packages/airflow/example_dags/example_bash_operator.py took 0.082 seconds
[2023-10-19T22:37:41.477+0200] {processor.py:157} INFO - Started process (PID=33062) to work on /Users/nick/Desktop/airflow_dic/venv/lib/python3.11/site-packages/airflow/example_dags/example_bash_operator.py
[2023-10-19T22:37:41.478+0200] {processor.py:829} INFO - Processing file /Users/nick/Desktop/airflow_dic/venv/lib/python3.11/site-packages/airflow/example_dags/example_bash_operator.py for tasks to queue
[2023-10-19T22:37:41.478+0200] {logging_mixin.py:151} INFO - [2023-10-19T22:37:41.478+0200] {dagbag.py:539} INFO - Filling up the DagBag from /Users/nick/Desktop/airflow_dic/venv/lib/python3.11/site-packages/airflow/example_dags/example_bash_operator.py
[2023-10-19T22:37:41.503+0200] {processor.py:839} INFO - DAG(s) dict_keys(['example_bash_operator']) retrieved from /Users/nick/Desktop/airflow_dic/venv/lib/python3.11/site-packages/airflow/example_dags/example_bash_operator.py
[2023-10-19T22:37:41.547+0200] {logging_mixin.py:151} INFO - [2023-10-19T22:37:41.547+0200] {dag.py:2915} INFO - Sync 1 DAGs
[2023-10-19T22:37:41.553+0200] {logging_mixin.py:151} INFO - [2023-10-19T22:37:41.552+0200] {dag.py:3696} INFO - Setting next_dagrun for example_bash_operator to 2023-10-18T00:00:00+00:00, run_after=2023-10-19T00:00:00+00:00
[2023-10-19T22:37:41.559+0200] {processor.py:179} INFO - Processing /Users/nick/Desktop/airflow_dic/venv/lib/python3.11/site-packages/airflow/example_dags/example_bash_operator.py took 0.083 seconds
[2023-10-19T22:38:49.469+0200] {processor.py:157} INFO - Started process (PID=33188) to work on /Users/nick/Desktop/airflow_dic/venv/lib/python3.11/site-packages/airflow/example_dags/example_bash_operator.py
[2023-10-19T22:38:49.471+0200] {processor.py:829} INFO - Processing file /Users/nick/Desktop/airflow_dic/venv/lib/python3.11/site-packages/airflow/example_dags/example_bash_operator.py for tasks to queue
[2023-10-19T22:38:49.471+0200] {logging_mixin.py:151} INFO - [2023-10-19T22:38:49.471+0200] {dagbag.py:539} INFO - Filling up the DagBag from /Users/nick/Desktop/airflow_dic/venv/lib/python3.11/site-packages/airflow/example_dags/example_bash_operator.py
[2023-10-19T22:38:49.496+0200] {processor.py:839} INFO - DAG(s) dict_keys(['example_bash_operator']) retrieved from /Users/nick/Desktop/airflow_dic/venv/lib/python3.11/site-packages/airflow/example_dags/example_bash_operator.py
[2023-10-19T22:38:49.543+0200] {logging_mixin.py:151} INFO - [2023-10-19T22:38:49.543+0200] {dag.py:2915} INFO - Sync 1 DAGs
[2023-10-19T22:38:49.549+0200] {logging_mixin.py:151} INFO - [2023-10-19T22:38:49.549+0200] {dag.py:3696} INFO - Setting next_dagrun for example_bash_operator to 2023-10-18T00:00:00+00:00, run_after=2023-10-19T00:00:00+00:00
[2023-10-19T22:38:49.555+0200] {processor.py:179} INFO - Processing /Users/nick/Desktop/airflow_dic/venv/lib/python3.11/site-packages/airflow/example_dags/example_bash_operator.py took 0.086 seconds
[2023-10-19T22:39:55.084+0200] {processor.py:157} INFO - Started process (PID=33315) to work on /Users/nick/Desktop/airflow_dic/venv/lib/python3.11/site-packages/airflow/example_dags/example_bash_operator.py
[2023-10-19T22:39:55.085+0200] {processor.py:829} INFO - Processing file /Users/nick/Desktop/airflow_dic/venv/lib/python3.11/site-packages/airflow/example_dags/example_bash_operator.py for tasks to queue
[2023-10-19T22:39:55.085+0200] {logging_mixin.py:151} INFO - [2023-10-19T22:39:55.085+0200] {dagbag.py:539} INFO - Filling up the DagBag from /Users/nick/Desktop/airflow_dic/venv/lib/python3.11/site-packages/airflow/example_dags/example_bash_operator.py
[2023-10-19T22:39:55.111+0200] {processor.py:839} INFO - DAG(s) dict_keys(['example_bash_operator']) retrieved from /Users/nick/Desktop/airflow_dic/venv/lib/python3.11/site-packages/airflow/example_dags/example_bash_operator.py
[2023-10-19T22:39:55.154+0200] {logging_mixin.py:151} INFO - [2023-10-19T22:39:55.154+0200] {dag.py:2915} INFO - Sync 1 DAGs
[2023-10-19T22:39:55.160+0200] {logging_mixin.py:151} INFO - [2023-10-19T22:39:55.160+0200] {dag.py:3696} INFO - Setting next_dagrun for example_bash_operator to 2023-10-18T00:00:00+00:00, run_after=2023-10-19T00:00:00+00:00
[2023-10-19T22:39:55.166+0200] {processor.py:179} INFO - Processing /Users/nick/Desktop/airflow_dic/venv/lib/python3.11/site-packages/airflow/example_dags/example_bash_operator.py took 0.082 seconds
[2023-10-19T22:41:03.834+0200] {processor.py:157} INFO - Started process (PID=33442) to work on /Users/nick/Desktop/airflow_dic/venv/lib/python3.11/site-packages/airflow/example_dags/example_bash_operator.py
[2023-10-19T22:41:03.835+0200] {processor.py:829} INFO - Processing file /Users/nick/Desktop/airflow_dic/venv/lib/python3.11/site-packages/airflow/example_dags/example_bash_operator.py for tasks to queue
[2023-10-19T22:41:03.835+0200] {logging_mixin.py:151} INFO - [2023-10-19T22:41:03.835+0200] {dagbag.py:539} INFO - Filling up the DagBag from /Users/nick/Desktop/airflow_dic/venv/lib/python3.11/site-packages/airflow/example_dags/example_bash_operator.py
[2023-10-19T22:41:03.861+0200] {processor.py:839} INFO - DAG(s) dict_keys(['example_bash_operator']) retrieved from /Users/nick/Desktop/airflow_dic/venv/lib/python3.11/site-packages/airflow/example_dags/example_bash_operator.py
[2023-10-19T22:41:03.904+0200] {logging_mixin.py:151} INFO - [2023-10-19T22:41:03.904+0200] {dag.py:2915} INFO - Sync 1 DAGs
[2023-10-19T22:41:03.910+0200] {logging_mixin.py:151} INFO - [2023-10-19T22:41:03.910+0200] {dag.py:3696} INFO - Setting next_dagrun for example_bash_operator to 2023-10-18T00:00:00+00:00, run_after=2023-10-19T00:00:00+00:00
[2023-10-19T22:41:03.916+0200] {processor.py:179} INFO - Processing /Users/nick/Desktop/airflow_dic/venv/lib/python3.11/site-packages/airflow/example_dags/example_bash_operator.py took 0.083 seconds
[2023-10-19T22:42:14.513+0200] {processor.py:157} INFO - Started process (PID=33573) to work on /Users/nick/Desktop/airflow_dic/venv/lib/python3.11/site-packages/airflow/example_dags/example_bash_operator.py
[2023-10-19T22:42:14.514+0200] {processor.py:829} INFO - Processing file /Users/nick/Desktop/airflow_dic/venv/lib/python3.11/site-packages/airflow/example_dags/example_bash_operator.py for tasks to queue
[2023-10-19T22:42:14.514+0200] {logging_mixin.py:151} INFO - [2023-10-19T22:42:14.514+0200] {dagbag.py:539} INFO - Filling up the DagBag from /Users/nick/Desktop/airflow_dic/venv/lib/python3.11/site-packages/airflow/example_dags/example_bash_operator.py
[2023-10-19T22:42:14.540+0200] {processor.py:839} INFO - DAG(s) dict_keys(['example_bash_operator']) retrieved from /Users/nick/Desktop/airflow_dic/venv/lib/python3.11/site-packages/airflow/example_dags/example_bash_operator.py
[2023-10-19T22:42:14.587+0200] {logging_mixin.py:151} INFO - [2023-10-19T22:42:14.587+0200] {dag.py:2915} INFO - Sync 1 DAGs
[2023-10-19T22:42:14.593+0200] {logging_mixin.py:151} INFO - [2023-10-19T22:42:14.593+0200] {dag.py:3696} INFO - Setting next_dagrun for example_bash_operator to 2023-10-18T00:00:00+00:00, run_after=2023-10-19T00:00:00+00:00
[2023-10-19T22:42:14.600+0200] {processor.py:179} INFO - Processing /Users/nick/Desktop/airflow_dic/venv/lib/python3.11/site-packages/airflow/example_dags/example_bash_operator.py took 0.088 seconds
[2023-10-19T22:43:23.255+0200] {processor.py:157} INFO - Started process (PID=33698) to work on /Users/nick/Desktop/airflow_dic/venv/lib/python3.11/site-packages/airflow/example_dags/example_bash_operator.py
[2023-10-19T22:43:23.257+0200] {processor.py:829} INFO - Processing file /Users/nick/Desktop/airflow_dic/venv/lib/python3.11/site-packages/airflow/example_dags/example_bash_operator.py for tasks to queue
[2023-10-19T22:43:23.257+0200] {logging_mixin.py:151} INFO - [2023-10-19T22:43:23.257+0200] {dagbag.py:539} INFO - Filling up the DagBag from /Users/nick/Desktop/airflow_dic/venv/lib/python3.11/site-packages/airflow/example_dags/example_bash_operator.py
[2023-10-19T22:43:23.282+0200] {processor.py:839} INFO - DAG(s) dict_keys(['example_bash_operator']) retrieved from /Users/nick/Desktop/airflow_dic/venv/lib/python3.11/site-packages/airflow/example_dags/example_bash_operator.py
[2023-10-19T22:43:23.325+0200] {logging_mixin.py:151} INFO - [2023-10-19T22:43:23.325+0200] {dag.py:2915} INFO - Sync 1 DAGs
[2023-10-19T22:43:23.330+0200] {logging_mixin.py:151} INFO - [2023-10-19T22:43:23.330+0200] {dag.py:3696} INFO - Setting next_dagrun for example_bash_operator to 2023-10-18T00:00:00+00:00, run_after=2023-10-19T00:00:00+00:00
[2023-10-19T22:43:23.336+0200] {processor.py:179} INFO - Processing /Users/nick/Desktop/airflow_dic/venv/lib/python3.11/site-packages/airflow/example_dags/example_bash_operator.py took 0.081 seconds
[2023-10-19T22:44:33.999+0200] {processor.py:157} INFO - Started process (PID=33836) to work on /Users/nick/Desktop/airflow_dic/venv/lib/python3.11/site-packages/airflow/example_dags/example_bash_operator.py
[2023-10-19T22:44:34.001+0200] {processor.py:829} INFO - Processing file /Users/nick/Desktop/airflow_dic/venv/lib/python3.11/site-packages/airflow/example_dags/example_bash_operator.py for tasks to queue
[2023-10-19T22:44:34.002+0200] {logging_mixin.py:151} INFO - [2023-10-19T22:44:34.001+0200] {dagbag.py:539} INFO - Filling up the DagBag from /Users/nick/Desktop/airflow_dic/venv/lib/python3.11/site-packages/airflow/example_dags/example_bash_operator.py
[2023-10-19T22:44:34.027+0200] {processor.py:839} INFO - DAG(s) dict_keys(['example_bash_operator']) retrieved from /Users/nick/Desktop/airflow_dic/venv/lib/python3.11/site-packages/airflow/example_dags/example_bash_operator.py
[2023-10-19T22:44:34.070+0200] {logging_mixin.py:151} INFO - [2023-10-19T22:44:34.070+0200] {dag.py:2915} INFO - Sync 1 DAGs
[2023-10-19T22:44:34.076+0200] {logging_mixin.py:151} INFO - [2023-10-19T22:44:34.076+0200] {dag.py:3696} INFO - Setting next_dagrun for example_bash_operator to 2023-10-18T00:00:00+00:00, run_after=2023-10-19T00:00:00+00:00
[2023-10-19T22:44:34.082+0200] {processor.py:179} INFO - Processing /Users/nick/Desktop/airflow_dic/venv/lib/python3.11/site-packages/airflow/example_dags/example_bash_operator.py took 0.083 seconds
[2023-10-19T22:46:21.917+0200] {processor.py:157} INFO - Started process (PID=34058) to work on /Users/nick/Desktop/airflow_dic/venv/lib/python3.11/site-packages/airflow/example_dags/example_bash_operator.py
[2023-10-19T22:46:21.920+0200] {processor.py:829} INFO - Processing file /Users/nick/Desktop/airflow_dic/venv/lib/python3.11/site-packages/airflow/example_dags/example_bash_operator.py for tasks to queue
[2023-10-19T22:46:21.920+0200] {logging_mixin.py:151} INFO - [2023-10-19T22:46:21.920+0200] {dagbag.py:539} INFO - Filling up the DagBag from /Users/nick/Desktop/airflow_dic/venv/lib/python3.11/site-packages/airflow/example_dags/example_bash_operator.py
[2023-10-19T22:46:21.946+0200] {processor.py:839} INFO - DAG(s) dict_keys(['example_bash_operator']) retrieved from /Users/nick/Desktop/airflow_dic/venv/lib/python3.11/site-packages/airflow/example_dags/example_bash_operator.py
[2023-10-19T22:46:21.989+0200] {logging_mixin.py:151} INFO - [2023-10-19T22:46:21.989+0200] {dag.py:2915} INFO - Sync 1 DAGs
[2023-10-19T22:46:21.995+0200] {logging_mixin.py:151} INFO - [2023-10-19T22:46:21.995+0200] {dag.py:3696} INFO - Setting next_dagrun for example_bash_operator to 2023-10-18T00:00:00+00:00, run_after=2023-10-19T00:00:00+00:00
[2023-10-19T22:46:22.001+0200] {processor.py:179} INFO - Processing /Users/nick/Desktop/airflow_dic/venv/lib/python3.11/site-packages/airflow/example_dags/example_bash_operator.py took 0.084 seconds
[2023-10-19T22:47:30.901+0200] {processor.py:157} INFO - Started process (PID=34185) to work on /Users/nick/Desktop/airflow_dic/venv/lib/python3.11/site-packages/airflow/example_dags/example_bash_operator.py
[2023-10-19T22:47:30.903+0200] {processor.py:829} INFO - Processing file /Users/nick/Desktop/airflow_dic/venv/lib/python3.11/site-packages/airflow/example_dags/example_bash_operator.py for tasks to queue
[2023-10-19T22:47:30.903+0200] {logging_mixin.py:151} INFO - [2023-10-19T22:47:30.903+0200] {dagbag.py:539} INFO - Filling up the DagBag from /Users/nick/Desktop/airflow_dic/venv/lib/python3.11/site-packages/airflow/example_dags/example_bash_operator.py
[2023-10-19T22:47:30.928+0200] {processor.py:839} INFO - DAG(s) dict_keys(['example_bash_operator']) retrieved from /Users/nick/Desktop/airflow_dic/venv/lib/python3.11/site-packages/airflow/example_dags/example_bash_operator.py
[2023-10-19T22:47:30.972+0200] {logging_mixin.py:151} INFO - [2023-10-19T22:47:30.971+0200] {dag.py:2915} INFO - Sync 1 DAGs
[2023-10-19T22:47:30.977+0200] {logging_mixin.py:151} INFO - [2023-10-19T22:47:30.977+0200] {dag.py:3696} INFO - Setting next_dagrun for example_bash_operator to 2023-10-18T00:00:00+00:00, run_after=2023-10-19T00:00:00+00:00
[2023-10-19T22:47:30.983+0200] {processor.py:179} INFO - Processing /Users/nick/Desktop/airflow_dic/venv/lib/python3.11/site-packages/airflow/example_dags/example_bash_operator.py took 0.082 seconds
[2023-10-19T22:48:39.112+0200] {processor.py:157} INFO - Started process (PID=34318) to work on /Users/nick/Desktop/airflow_dic/venv/lib/python3.11/site-packages/airflow/example_dags/example_bash_operator.py
[2023-10-19T22:48:39.113+0200] {processor.py:829} INFO - Processing file /Users/nick/Desktop/airflow_dic/venv/lib/python3.11/site-packages/airflow/example_dags/example_bash_operator.py for tasks to queue
[2023-10-19T22:48:39.113+0200] {logging_mixin.py:151} INFO - [2023-10-19T22:48:39.113+0200] {dagbag.py:539} INFO - Filling up the DagBag from /Users/nick/Desktop/airflow_dic/venv/lib/python3.11/site-packages/airflow/example_dags/example_bash_operator.py
[2023-10-19T22:48:39.138+0200] {processor.py:839} INFO - DAG(s) dict_keys(['example_bash_operator']) retrieved from /Users/nick/Desktop/airflow_dic/venv/lib/python3.11/site-packages/airflow/example_dags/example_bash_operator.py
[2023-10-19T22:48:39.181+0200] {logging_mixin.py:151} INFO - [2023-10-19T22:48:39.181+0200] {dag.py:2915} INFO - Sync 1 DAGs
[2023-10-19T22:48:39.187+0200] {logging_mixin.py:151} INFO - [2023-10-19T22:48:39.187+0200] {dag.py:3696} INFO - Setting next_dagrun for example_bash_operator to 2023-10-18T00:00:00+00:00, run_after=2023-10-19T00:00:00+00:00
[2023-10-19T22:48:39.193+0200] {processor.py:179} INFO - Processing /Users/nick/Desktop/airflow_dic/venv/lib/python3.11/site-packages/airflow/example_dags/example_bash_operator.py took 0.082 seconds
[2023-10-19T22:49:48.798+0200] {processor.py:157} INFO - Started process (PID=34456) to work on /Users/nick/Desktop/airflow_dic/venv/lib/python3.11/site-packages/airflow/example_dags/example_bash_operator.py
[2023-10-19T22:49:48.800+0200] {processor.py:829} INFO - Processing file /Users/nick/Desktop/airflow_dic/venv/lib/python3.11/site-packages/airflow/example_dags/example_bash_operator.py for tasks to queue
[2023-10-19T22:49:48.800+0200] {logging_mixin.py:151} INFO - [2023-10-19T22:49:48.800+0200] {dagbag.py:539} INFO - Filling up the DagBag from /Users/nick/Desktop/airflow_dic/venv/lib/python3.11/site-packages/airflow/example_dags/example_bash_operator.py
[2023-10-19T22:49:48.825+0200] {processor.py:839} INFO - DAG(s) dict_keys(['example_bash_operator']) retrieved from /Users/nick/Desktop/airflow_dic/venv/lib/python3.11/site-packages/airflow/example_dags/example_bash_operator.py
[2023-10-19T22:49:48.868+0200] {logging_mixin.py:151} INFO - [2023-10-19T22:49:48.868+0200] {dag.py:2915} INFO - Sync 1 DAGs
[2023-10-19T22:49:48.874+0200] {logging_mixin.py:151} INFO - [2023-10-19T22:49:48.874+0200] {dag.py:3696} INFO - Setting next_dagrun for example_bash_operator to 2023-10-18T00:00:00+00:00, run_after=2023-10-19T00:00:00+00:00
[2023-10-19T22:49:48.880+0200] {processor.py:179} INFO - Processing /Users/nick/Desktop/airflow_dic/venv/lib/python3.11/site-packages/airflow/example_dags/example_bash_operator.py took 0.082 seconds
[2023-10-19T22:54:19.424+0200] {processor.py:157} INFO - Started process (PID=34894) to work on /Users/nick/Desktop/airflow_dic/venv/lib/python3.11/site-packages/airflow/example_dags/example_bash_operator.py
[2023-10-19T22:54:19.425+0200] {processor.py:829} INFO - Processing file /Users/nick/Desktop/airflow_dic/venv/lib/python3.11/site-packages/airflow/example_dags/example_bash_operator.py for tasks to queue
[2023-10-19T22:54:19.426+0200] {logging_mixin.py:151} INFO - [2023-10-19T22:54:19.425+0200] {dagbag.py:539} INFO - Filling up the DagBag from /Users/nick/Desktop/airflow_dic/venv/lib/python3.11/site-packages/airflow/example_dags/example_bash_operator.py
[2023-10-19T22:54:19.451+0200] {processor.py:839} INFO - DAG(s) dict_keys(['example_bash_operator']) retrieved from /Users/nick/Desktop/airflow_dic/venv/lib/python3.11/site-packages/airflow/example_dags/example_bash_operator.py
[2023-10-19T22:54:19.496+0200] {logging_mixin.py:151} INFO - [2023-10-19T22:54:19.496+0200] {dag.py:2915} INFO - Sync 1 DAGs
[2023-10-19T22:54:19.502+0200] {logging_mixin.py:151} INFO - [2023-10-19T22:54:19.502+0200] {dag.py:3696} INFO - Setting next_dagrun for example_bash_operator to 2023-10-18T00:00:00+00:00, run_after=2023-10-19T00:00:00+00:00
[2023-10-19T22:54:19.508+0200] {processor.py:179} INFO - Processing /Users/nick/Desktop/airflow_dic/venv/lib/python3.11/site-packages/airflow/example_dags/example_bash_operator.py took 0.085 seconds
[2023-10-19T22:55:27.755+0200] {processor.py:157} INFO - Started process (PID=35038) to work on /Users/nick/Desktop/airflow_dic/venv/lib/python3.11/site-packages/airflow/example_dags/example_bash_operator.py
[2023-10-19T22:55:27.757+0200] {processor.py:829} INFO - Processing file /Users/nick/Desktop/airflow_dic/venv/lib/python3.11/site-packages/airflow/example_dags/example_bash_operator.py for tasks to queue
[2023-10-19T22:55:27.757+0200] {logging_mixin.py:151} INFO - [2023-10-19T22:55:27.757+0200] {dagbag.py:539} INFO - Filling up the DagBag from /Users/nick/Desktop/airflow_dic/venv/lib/python3.11/site-packages/airflow/example_dags/example_bash_operator.py
[2023-10-19T22:55:27.783+0200] {processor.py:839} INFO - DAG(s) dict_keys(['example_bash_operator']) retrieved from /Users/nick/Desktop/airflow_dic/venv/lib/python3.11/site-packages/airflow/example_dags/example_bash_operator.py
[2023-10-19T22:55:27.826+0200] {logging_mixin.py:151} INFO - [2023-10-19T22:55:27.826+0200] {dag.py:2915} INFO - Sync 1 DAGs
[2023-10-19T22:55:27.832+0200] {logging_mixin.py:151} INFO - [2023-10-19T22:55:27.832+0200] {dag.py:3696} INFO - Setting next_dagrun for example_bash_operator to 2023-10-18T00:00:00+00:00, run_after=2023-10-19T00:00:00+00:00
[2023-10-19T22:55:27.838+0200] {processor.py:179} INFO - Processing /Users/nick/Desktop/airflow_dic/venv/lib/python3.11/site-packages/airflow/example_dags/example_bash_operator.py took 0.083 seconds
[2023-10-19T22:56:35.856+0200] {processor.py:157} INFO - Started process (PID=35175) to work on /Users/nick/Desktop/airflow_dic/venv/lib/python3.11/site-packages/airflow/example_dags/example_bash_operator.py
[2023-10-19T22:56:35.857+0200] {processor.py:829} INFO - Processing file /Users/nick/Desktop/airflow_dic/venv/lib/python3.11/site-packages/airflow/example_dags/example_bash_operator.py for tasks to queue
[2023-10-19T22:56:35.858+0200] {logging_mixin.py:151} INFO - [2023-10-19T22:56:35.858+0200] {dagbag.py:539} INFO - Filling up the DagBag from /Users/nick/Desktop/airflow_dic/venv/lib/python3.11/site-packages/airflow/example_dags/example_bash_operator.py
[2023-10-19T22:56:35.885+0200] {processor.py:839} INFO - DAG(s) dict_keys(['example_bash_operator']) retrieved from /Users/nick/Desktop/airflow_dic/venv/lib/python3.11/site-packages/airflow/example_dags/example_bash_operator.py
[2023-10-19T22:56:35.930+0200] {logging_mixin.py:151} INFO - [2023-10-19T22:56:35.930+0200] {dag.py:2915} INFO - Sync 1 DAGs
[2023-10-19T22:56:35.936+0200] {logging_mixin.py:151} INFO - [2023-10-19T22:56:35.936+0200] {dag.py:3696} INFO - Setting next_dagrun for example_bash_operator to 2023-10-18T00:00:00+00:00, run_after=2023-10-19T00:00:00+00:00
[2023-10-19T22:56:35.942+0200] {processor.py:179} INFO - Processing /Users/nick/Desktop/airflow_dic/venv/lib/python3.11/site-packages/airflow/example_dags/example_bash_operator.py took 0.087 seconds
[2023-10-19T22:57:42.483+0200] {processor.py:157} INFO - Started process (PID=35301) to work on /Users/nick/Desktop/airflow_dic/venv/lib/python3.11/site-packages/airflow/example_dags/example_bash_operator.py
[2023-10-19T22:57:42.484+0200] {processor.py:829} INFO - Processing file /Users/nick/Desktop/airflow_dic/venv/lib/python3.11/site-packages/airflow/example_dags/example_bash_operator.py for tasks to queue
[2023-10-19T22:57:42.485+0200] {logging_mixin.py:151} INFO - [2023-10-19T22:57:42.485+0200] {dagbag.py:539} INFO - Filling up the DagBag from /Users/nick/Desktop/airflow_dic/venv/lib/python3.11/site-packages/airflow/example_dags/example_bash_operator.py
[2023-10-19T22:57:42.510+0200] {processor.py:839} INFO - DAG(s) dict_keys(['example_bash_operator']) retrieved from /Users/nick/Desktop/airflow_dic/venv/lib/python3.11/site-packages/airflow/example_dags/example_bash_operator.py
[2023-10-19T22:57:42.553+0200] {logging_mixin.py:151} INFO - [2023-10-19T22:57:42.553+0200] {dag.py:2915} INFO - Sync 1 DAGs
[2023-10-19T22:57:42.559+0200] {logging_mixin.py:151} INFO - [2023-10-19T22:57:42.559+0200] {dag.py:3696} INFO - Setting next_dagrun for example_bash_operator to 2023-10-18T00:00:00+00:00, run_after=2023-10-19T00:00:00+00:00
[2023-10-19T22:57:42.565+0200] {processor.py:179} INFO - Processing /Users/nick/Desktop/airflow_dic/venv/lib/python3.11/site-packages/airflow/example_dags/example_bash_operator.py took 0.083 seconds
[2023-10-19T22:58:49.647+0200] {processor.py:157} INFO - Started process (PID=35438) to work on /Users/nick/Desktop/airflow_dic/venv/lib/python3.11/site-packages/airflow/example_dags/example_bash_operator.py
[2023-10-19T22:58:49.648+0200] {processor.py:829} INFO - Processing file /Users/nick/Desktop/airflow_dic/venv/lib/python3.11/site-packages/airflow/example_dags/example_bash_operator.py for tasks to queue
[2023-10-19T22:58:49.648+0200] {logging_mixin.py:151} INFO - [2023-10-19T22:58:49.648+0200] {dagbag.py:539} INFO - Filling up the DagBag from /Users/nick/Desktop/airflow_dic/venv/lib/python3.11/site-packages/airflow/example_dags/example_bash_operator.py
[2023-10-19T22:58:49.676+0200] {processor.py:839} INFO - DAG(s) dict_keys(['example_bash_operator']) retrieved from /Users/nick/Desktop/airflow_dic/venv/lib/python3.11/site-packages/airflow/example_dags/example_bash_operator.py
[2023-10-19T22:58:49.720+0200] {logging_mixin.py:151} INFO - [2023-10-19T22:58:49.720+0200] {dag.py:2915} INFO - Sync 1 DAGs
[2023-10-19T22:58:49.726+0200] {logging_mixin.py:151} INFO - [2023-10-19T22:58:49.726+0200] {dag.py:3696} INFO - Setting next_dagrun for example_bash_operator to 2023-10-18T00:00:00+00:00, run_after=2023-10-19T00:00:00+00:00
[2023-10-19T22:58:49.732+0200] {processor.py:179} INFO - Processing /Users/nick/Desktop/airflow_dic/venv/lib/python3.11/site-packages/airflow/example_dags/example_bash_operator.py took 0.086 seconds
