[2023-10-19T22:18:46.007+0200] {processor.py:157} INFO - Started process (PID=28923) to work on /Users/nick/Desktop/airflow_dic/venv/lib/python3.11/site-packages/airflow/example_dags/example_latest_only.py
[2023-10-19T22:18:46.008+0200] {processor.py:829} INFO - Processing file /Users/nick/Desktop/airflow_dic/venv/lib/python3.11/site-packages/airflow/example_dags/example_latest_only.py for tasks to queue
[2023-10-19T22:18:46.008+0200] {logging_mixin.py:151} INFO - [2023-10-19T22:18:46.008+0200] {dagbag.py:539} INFO - Filling up the DagBag from /Users/nick/Desktop/airflow_dic/venv/lib/python3.11/site-packages/airflow/example_dags/example_latest_only.py
[2023-10-19T22:18:46.018+0200] {processor.py:839} INFO - DAG(s) dict_keys(['latest_only']) retrieved from /Users/nick/Desktop/airflow_dic/venv/lib/python3.11/site-packages/airflow/example_dags/example_latest_only.py
[2023-10-19T22:18:46.288+0200] {logging_mixin.py:151} INFO - [2023-10-19T22:18:46.288+0200] {manager.py:499} INFO - Created Permission View: %s
[2023-10-19T22:18:46.291+0200] {logging_mixin.py:151} INFO - [2023-10-19T22:18:46.291+0200] {manager.py:499} INFO - Created Permission View: %s
[2023-10-19T22:18:46.293+0200] {logging_mixin.py:151} INFO - [2023-10-19T22:18:46.293+0200] {manager.py:499} INFO - Created Permission View: %s
[2023-10-19T22:18:46.293+0200] {logging_mixin.py:151} INFO - [2023-10-19T22:18:46.293+0200] {security.py:708} INFO - Not syncing DAG-level permissions for DAG 'DAG:latest_only' as access control is unset.
[2023-10-19T22:18:46.293+0200] {logging_mixin.py:151} INFO - [2023-10-19T22:18:46.293+0200] {dag.py:2915} INFO - Sync 1 DAGs
[2023-10-19T22:18:46.296+0200] {logging_mixin.py:151} INFO - [2023-10-19T22:18:46.296+0200] {dag.py:2937} INFO - Creating ORM DAG for latest_only
[2023-10-19T22:18:46.298+0200] {logging_mixin.py:151} INFO - [2023-10-19T22:18:46.298+0200] {dag.py:3696} INFO - Setting next_dagrun for latest_only to 2023-10-19T16:18:46.298657+00:00, run_after=2023-10-19T20:18:46.298657+00:00
[2023-10-19T22:18:46.304+0200] {processor.py:179} INFO - Processing /Users/nick/Desktop/airflow_dic/venv/lib/python3.11/site-packages/airflow/example_dags/example_latest_only.py took 0.297 seconds
[2023-10-19T22:20:05.766+0200] {processor.py:157} INFO - Started process (PID=29075) to work on /Users/nick/Desktop/airflow_dic/venv/lib/python3.11/site-packages/airflow/example_dags/example_latest_only.py
[2023-10-19T22:20:05.769+0200] {processor.py:829} INFO - Processing file /Users/nick/Desktop/airflow_dic/venv/lib/python3.11/site-packages/airflow/example_dags/example_latest_only.py for tasks to queue
[2023-10-19T22:20:05.769+0200] {logging_mixin.py:151} INFO - [2023-10-19T22:20:05.769+0200] {dagbag.py:539} INFO - Filling up the DagBag from /Users/nick/Desktop/airflow_dic/venv/lib/python3.11/site-packages/airflow/example_dags/example_latest_only.py
[2023-10-19T22:20:05.778+0200] {processor.py:839} INFO - DAG(s) dict_keys(['latest_only']) retrieved from /Users/nick/Desktop/airflow_dic/venv/lib/python3.11/site-packages/airflow/example_dags/example_latest_only.py
[2023-10-19T22:20:05.834+0200] {logging_mixin.py:151} INFO - [2023-10-19T22:20:05.834+0200] {dag.py:2915} INFO - Sync 1 DAGs
[2023-10-19T22:20:05.839+0200] {logging_mixin.py:151} INFO - [2023-10-19T22:20:05.839+0200] {dag.py:3696} INFO - Setting next_dagrun for latest_only to 2023-10-19T16:20:05.839337+00:00, run_after=2023-10-19T20:20:05.839337+00:00
[2023-10-19T22:20:05.845+0200] {processor.py:179} INFO - Processing /Users/nick/Desktop/airflow_dic/venv/lib/python3.11/site-packages/airflow/example_dags/example_latest_only.py took 0.079 seconds
[2023-10-19T22:21:10.637+0200] {processor.py:157} INFO - Started process (PID=29208) to work on /Users/nick/Desktop/airflow_dic/venv/lib/python3.11/site-packages/airflow/example_dags/example_latest_only.py
[2023-10-19T22:21:10.639+0200] {processor.py:829} INFO - Processing file /Users/nick/Desktop/airflow_dic/venv/lib/python3.11/site-packages/airflow/example_dags/example_latest_only.py for tasks to queue
[2023-10-19T22:21:10.639+0200] {logging_mixin.py:151} INFO - [2023-10-19T22:21:10.639+0200] {dagbag.py:539} INFO - Filling up the DagBag from /Users/nick/Desktop/airflow_dic/venv/lib/python3.11/site-packages/airflow/example_dags/example_latest_only.py
[2023-10-19T22:21:10.649+0200] {processor.py:839} INFO - DAG(s) dict_keys(['latest_only']) retrieved from /Users/nick/Desktop/airflow_dic/venv/lib/python3.11/site-packages/airflow/example_dags/example_latest_only.py
[2023-10-19T22:21:10.707+0200] {logging_mixin.py:151} INFO - [2023-10-19T22:21:10.707+0200] {dag.py:2915} INFO - Sync 1 DAGs
[2023-10-19T22:21:10.713+0200] {logging_mixin.py:151} INFO - [2023-10-19T22:21:10.713+0200] {dag.py:3696} INFO - Setting next_dagrun for latest_only to 2023-10-19T16:21:10.713830+00:00, run_after=2023-10-19T20:21:10.713830+00:00
[2023-10-19T22:21:10.720+0200] {processor.py:179} INFO - Processing /Users/nick/Desktop/airflow_dic/venv/lib/python3.11/site-packages/airflow/example_dags/example_latest_only.py took 0.083 seconds
[2023-10-19T22:23:32.281+0200] {processor.py:157} INFO - Started process (PID=29494) to work on /Users/nick/Desktop/airflow_dic/venv/lib/python3.11/site-packages/airflow/example_dags/example_latest_only.py
[2023-10-19T22:23:32.283+0200] {processor.py:829} INFO - Processing file /Users/nick/Desktop/airflow_dic/venv/lib/python3.11/site-packages/airflow/example_dags/example_latest_only.py for tasks to queue
[2023-10-19T22:23:32.284+0200] {logging_mixin.py:151} INFO - [2023-10-19T22:23:32.283+0200] {dagbag.py:539} INFO - Filling up the DagBag from /Users/nick/Desktop/airflow_dic/venv/lib/python3.11/site-packages/airflow/example_dags/example_latest_only.py
[2023-10-19T22:23:32.293+0200] {processor.py:839} INFO - DAG(s) dict_keys(['latest_only']) retrieved from /Users/nick/Desktop/airflow_dic/venv/lib/python3.11/site-packages/airflow/example_dags/example_latest_only.py
[2023-10-19T22:23:32.348+0200] {logging_mixin.py:151} INFO - [2023-10-19T22:23:32.348+0200] {dag.py:2915} INFO - Sync 1 DAGs
[2023-10-19T22:23:32.353+0200] {logging_mixin.py:151} INFO - [2023-10-19T22:23:32.353+0200] {dag.py:3696} INFO - Setting next_dagrun for latest_only to 2023-10-19T16:23:32.353715+00:00, run_after=2023-10-19T20:23:32.353715+00:00
[2023-10-19T22:23:32.359+0200] {processor.py:179} INFO - Processing /Users/nick/Desktop/airflow_dic/venv/lib/python3.11/site-packages/airflow/example_dags/example_latest_only.py took 0.079 seconds
[2023-10-19T22:24:40.065+0200] {processor.py:157} INFO - Started process (PID=29632) to work on /Users/nick/Desktop/airflow_dic/venv/lib/python3.11/site-packages/airflow/example_dags/example_latest_only.py
[2023-10-19T22:24:40.066+0200] {processor.py:829} INFO - Processing file /Users/nick/Desktop/airflow_dic/venv/lib/python3.11/site-packages/airflow/example_dags/example_latest_only.py for tasks to queue
[2023-10-19T22:24:40.066+0200] {logging_mixin.py:151} INFO - [2023-10-19T22:24:40.066+0200] {dagbag.py:539} INFO - Filling up the DagBag from /Users/nick/Desktop/airflow_dic/venv/lib/python3.11/site-packages/airflow/example_dags/example_latest_only.py
[2023-10-19T22:24:40.076+0200] {processor.py:839} INFO - DAG(s) dict_keys(['latest_only']) retrieved from /Users/nick/Desktop/airflow_dic/venv/lib/python3.11/site-packages/airflow/example_dags/example_latest_only.py
[2023-10-19T22:24:40.134+0200] {logging_mixin.py:151} INFO - [2023-10-19T22:24:40.133+0200] {dag.py:2915} INFO - Sync 1 DAGs
[2023-10-19T22:24:40.139+0200] {logging_mixin.py:151} INFO - [2023-10-19T22:24:40.139+0200] {dag.py:3696} INFO - Setting next_dagrun for latest_only to 2023-10-19T16:24:40.139293+00:00, run_after=2023-10-19T20:24:40.139293+00:00
[2023-10-19T22:24:40.145+0200] {processor.py:179} INFO - Processing /Users/nick/Desktop/airflow_dic/venv/lib/python3.11/site-packages/airflow/example_dags/example_latest_only.py took 0.081 seconds
[2023-10-19T22:25:39.241+0200] {processor.py:157} INFO - Started process (PID=31623) to work on /Users/nick/Desktop/airflow_dic/venv/lib/python3.11/site-packages/airflow/example_dags/example_latest_only.py
[2023-10-19T22:25:39.243+0200] {processor.py:829} INFO - Processing file /Users/nick/Desktop/airflow_dic/venv/lib/python3.11/site-packages/airflow/example_dags/example_latest_only.py for tasks to queue
[2023-10-19T22:25:39.243+0200] {logging_mixin.py:151} INFO - [2023-10-19T22:25:39.243+0200] {dagbag.py:539} INFO - Filling up the DagBag from /Users/nick/Desktop/airflow_dic/venv/lib/python3.11/site-packages/airflow/example_dags/example_latest_only.py
[2023-10-19T22:25:39.254+0200] {processor.py:839} INFO - DAG(s) dict_keys(['latest_only']) retrieved from /Users/nick/Desktop/airflow_dic/venv/lib/python3.11/site-packages/airflow/example_dags/example_latest_only.py
[2023-10-19T22:25:39.317+0200] {logging_mixin.py:151} INFO - [2023-10-19T22:25:39.316+0200] {dag.py:2915} INFO - Sync 1 DAGs
[2023-10-19T22:25:39.322+0200] {logging_mixin.py:151} INFO - [2023-10-19T22:25:39.322+0200] {dag.py:3696} INFO - Setting next_dagrun for latest_only to 2023-10-19T16:25:39.322658+00:00, run_after=2023-10-19T20:25:39.322658+00:00
[2023-10-19T22:25:39.330+0200] {processor.py:179} INFO - Processing /Users/nick/Desktop/airflow_dic/venv/lib/python3.11/site-packages/airflow/example_dags/example_latest_only.py took 0.089 seconds
[2023-10-19T22:28:02.895+0200] {processor.py:157} INFO - Started process (PID=31896) to work on /Users/nick/Desktop/airflow_dic/venv/lib/python3.11/site-packages/airflow/example_dags/example_latest_only.py
[2023-10-19T22:28:02.896+0200] {processor.py:829} INFO - Processing file /Users/nick/Desktop/airflow_dic/venv/lib/python3.11/site-packages/airflow/example_dags/example_latest_only.py for tasks to queue
[2023-10-19T22:28:02.896+0200] {logging_mixin.py:151} INFO - [2023-10-19T22:28:02.896+0200] {dagbag.py:539} INFO - Filling up the DagBag from /Users/nick/Desktop/airflow_dic/venv/lib/python3.11/site-packages/airflow/example_dags/example_latest_only.py
[2023-10-19T22:28:02.906+0200] {processor.py:839} INFO - DAG(s) dict_keys(['latest_only']) retrieved from /Users/nick/Desktop/airflow_dic/venv/lib/python3.11/site-packages/airflow/example_dags/example_latest_only.py
[2023-10-19T22:28:03.178+0200] {logging_mixin.py:151} INFO - [2023-10-19T22:28:03.178+0200] {security.py:708} INFO - Not syncing DAG-level permissions for DAG 'DAG:latest_only' as access control is unset.
[2023-10-19T22:28:03.178+0200] {logging_mixin.py:151} INFO - [2023-10-19T22:28:03.178+0200] {dag.py:2915} INFO - Sync 1 DAGs
[2023-10-19T22:28:03.181+0200] {logging_mixin.py:151} INFO - [2023-10-19T22:28:03.181+0200] {dag.py:2937} INFO - Creating ORM DAG for latest_only
[2023-10-19T22:28:03.183+0200] {logging_mixin.py:151} INFO - [2023-10-19T22:28:03.183+0200] {dag.py:3696} INFO - Setting next_dagrun for latest_only to 2023-10-19T16:28:03.183731+00:00, run_after=2023-10-19T20:28:03.183731+00:00
[2023-10-19T22:28:03.189+0200] {processor.py:179} INFO - Processing /Users/nick/Desktop/airflow_dic/venv/lib/python3.11/site-packages/airflow/example_dags/example_latest_only.py took 0.295 seconds
[2023-10-19T22:29:19.841+0200] {processor.py:157} INFO - Started process (PID=32064) to work on /Users/nick/Desktop/airflow_dic/venv/lib/python3.11/site-packages/airflow/example_dags/example_latest_only.py
[2023-10-19T22:29:19.842+0200] {processor.py:829} INFO - Processing file /Users/nick/Desktop/airflow_dic/venv/lib/python3.11/site-packages/airflow/example_dags/example_latest_only.py for tasks to queue
[2023-10-19T22:29:19.842+0200] {logging_mixin.py:151} INFO - [2023-10-19T22:29:19.842+0200] {dagbag.py:539} INFO - Filling up the DagBag from /Users/nick/Desktop/airflow_dic/venv/lib/python3.11/site-packages/airflow/example_dags/example_latest_only.py
[2023-10-19T22:29:19.851+0200] {processor.py:839} INFO - DAG(s) dict_keys(['latest_only']) retrieved from /Users/nick/Desktop/airflow_dic/venv/lib/python3.11/site-packages/airflow/example_dags/example_latest_only.py
[2023-10-19T22:29:19.907+0200] {logging_mixin.py:151} INFO - [2023-10-19T22:29:19.907+0200] {dag.py:2915} INFO - Sync 1 DAGs
[2023-10-19T22:29:19.912+0200] {logging_mixin.py:151} INFO - [2023-10-19T22:29:19.912+0200] {dag.py:3696} INFO - Setting next_dagrun for latest_only to 2023-10-19T16:29:19.912515+00:00, run_after=2023-10-19T20:29:19.912515+00:00
[2023-10-19T22:29:19.919+0200] {processor.py:179} INFO - Processing /Users/nick/Desktop/airflow_dic/venv/lib/python3.11/site-packages/airflow/example_dags/example_latest_only.py took 0.078 seconds
[2023-10-19T22:30:25.602+0200] {processor.py:157} INFO - Started process (PID=32186) to work on /Users/nick/Desktop/airflow_dic/venv/lib/python3.11/site-packages/airflow/example_dags/example_latest_only.py
[2023-10-19T22:30:25.603+0200] {processor.py:829} INFO - Processing file /Users/nick/Desktop/airflow_dic/venv/lib/python3.11/site-packages/airflow/example_dags/example_latest_only.py for tasks to queue
[2023-10-19T22:30:25.603+0200] {logging_mixin.py:151} INFO - [2023-10-19T22:30:25.603+0200] {dagbag.py:539} INFO - Filling up the DagBag from /Users/nick/Desktop/airflow_dic/venv/lib/python3.11/site-packages/airflow/example_dags/example_latest_only.py
[2023-10-19T22:30:25.613+0200] {processor.py:839} INFO - DAG(s) dict_keys(['latest_only']) retrieved from /Users/nick/Desktop/airflow_dic/venv/lib/python3.11/site-packages/airflow/example_dags/example_latest_only.py
[2023-10-19T22:30:25.670+0200] {logging_mixin.py:151} INFO - [2023-10-19T22:30:25.669+0200] {dag.py:2915} INFO - Sync 1 DAGs
[2023-10-19T22:30:25.675+0200] {logging_mixin.py:151} INFO - [2023-10-19T22:30:25.675+0200] {dag.py:3696} INFO - Setting next_dagrun for latest_only to 2023-10-19T16:30:25.675204+00:00, run_after=2023-10-19T20:30:25.675204+00:00
[2023-10-19T22:30:25.681+0200] {processor.py:179} INFO - Processing /Users/nick/Desktop/airflow_dic/venv/lib/python3.11/site-packages/airflow/example_dags/example_latest_only.py took 0.080 seconds
[2023-10-19T22:31:37.606+0200] {processor.py:157} INFO - Started process (PID=32333) to work on /Users/nick/Desktop/airflow_dic/venv/lib/python3.11/site-packages/airflow/example_dags/example_latest_only.py
[2023-10-19T22:31:37.607+0200] {processor.py:829} INFO - Processing file /Users/nick/Desktop/airflow_dic/venv/lib/python3.11/site-packages/airflow/example_dags/example_latest_only.py for tasks to queue
[2023-10-19T22:31:37.607+0200] {logging_mixin.py:151} INFO - [2023-10-19T22:31:37.607+0200] {dagbag.py:539} INFO - Filling up the DagBag from /Users/nick/Desktop/airflow_dic/venv/lib/python3.11/site-packages/airflow/example_dags/example_latest_only.py
[2023-10-19T22:31:37.616+0200] {processor.py:839} INFO - DAG(s) dict_keys(['latest_only']) retrieved from /Users/nick/Desktop/airflow_dic/venv/lib/python3.11/site-packages/airflow/example_dags/example_latest_only.py
[2023-10-19T22:31:37.671+0200] {logging_mixin.py:151} INFO - [2023-10-19T22:31:37.671+0200] {dag.py:2915} INFO - Sync 1 DAGs
[2023-10-19T22:31:37.676+0200] {logging_mixin.py:151} INFO - [2023-10-19T22:31:37.676+0200] {dag.py:3696} INFO - Setting next_dagrun for latest_only to 2023-10-19T16:31:37.676451+00:00, run_after=2023-10-19T20:31:37.676451+00:00
[2023-10-19T22:31:37.682+0200] {processor.py:179} INFO - Processing /Users/nick/Desktop/airflow_dic/venv/lib/python3.11/site-packages/airflow/example_dags/example_latest_only.py took 0.077 seconds
[2023-10-19T22:32:47.674+0200] {processor.py:157} INFO - Started process (PID=32460) to work on /Users/nick/Desktop/airflow_dic/venv/lib/python3.11/site-packages/airflow/example_dags/example_latest_only.py
[2023-10-19T22:32:47.675+0200] {processor.py:829} INFO - Processing file /Users/nick/Desktop/airflow_dic/venv/lib/python3.11/site-packages/airflow/example_dags/example_latest_only.py for tasks to queue
[2023-10-19T22:32:47.675+0200] {logging_mixin.py:151} INFO - [2023-10-19T22:32:47.675+0200] {dagbag.py:539} INFO - Filling up the DagBag from /Users/nick/Desktop/airflow_dic/venv/lib/python3.11/site-packages/airflow/example_dags/example_latest_only.py
[2023-10-19T22:32:47.685+0200] {processor.py:839} INFO - DAG(s) dict_keys(['latest_only']) retrieved from /Users/nick/Desktop/airflow_dic/venv/lib/python3.11/site-packages/airflow/example_dags/example_latest_only.py
[2023-10-19T22:32:47.740+0200] {logging_mixin.py:151} INFO - [2023-10-19T22:32:47.740+0200] {dag.py:2915} INFO - Sync 1 DAGs
[2023-10-19T22:32:47.746+0200] {logging_mixin.py:151} INFO - [2023-10-19T22:32:47.746+0200] {dag.py:3696} INFO - Setting next_dagrun for latest_only to 2023-10-19T16:32:47.746125+00:00, run_after=2023-10-19T20:32:47.746125+00:00
[2023-10-19T22:32:47.752+0200] {processor.py:179} INFO - Processing /Users/nick/Desktop/airflow_dic/venv/lib/python3.11/site-packages/airflow/example_dags/example_latest_only.py took 0.079 seconds
[2023-10-19T22:33:55.813+0200] {processor.py:157} INFO - Started process (PID=32596) to work on /Users/nick/Desktop/airflow_dic/venv/lib/python3.11/site-packages/airflow/example_dags/example_latest_only.py
[2023-10-19T22:33:55.816+0200] {processor.py:829} INFO - Processing file /Users/nick/Desktop/airflow_dic/venv/lib/python3.11/site-packages/airflow/example_dags/example_latest_only.py for tasks to queue
[2023-10-19T22:33:55.816+0200] {logging_mixin.py:151} INFO - [2023-10-19T22:33:55.816+0200] {dagbag.py:539} INFO - Filling up the DagBag from /Users/nick/Desktop/airflow_dic/venv/lib/python3.11/site-packages/airflow/example_dags/example_latest_only.py
[2023-10-19T22:33:55.825+0200] {processor.py:839} INFO - DAG(s) dict_keys(['latest_only']) retrieved from /Users/nick/Desktop/airflow_dic/venv/lib/python3.11/site-packages/airflow/example_dags/example_latest_only.py
[2023-10-19T22:33:55.882+0200] {logging_mixin.py:151} INFO - [2023-10-19T22:33:55.882+0200] {dag.py:2915} INFO - Sync 1 DAGs
[2023-10-19T22:33:55.888+0200] {logging_mixin.py:151} INFO - [2023-10-19T22:33:55.888+0200] {dag.py:3696} INFO - Setting next_dagrun for latest_only to 2023-10-19T16:33:55.887943+00:00, run_after=2023-10-19T20:33:55.887943+00:00
[2023-10-19T22:33:55.894+0200] {processor.py:179} INFO - Processing /Users/nick/Desktop/airflow_dic/venv/lib/python3.11/site-packages/airflow/example_dags/example_latest_only.py took 0.081 seconds
[2023-10-19T22:35:03.518+0200] {processor.py:157} INFO - Started process (PID=32743) to work on /Users/nick/Desktop/airflow_dic/venv/lib/python3.11/site-packages/airflow/example_dags/example_latest_only.py
[2023-10-19T22:35:03.521+0200] {processor.py:829} INFO - Processing file /Users/nick/Desktop/airflow_dic/venv/lib/python3.11/site-packages/airflow/example_dags/example_latest_only.py for tasks to queue
[2023-10-19T22:35:03.521+0200] {logging_mixin.py:151} INFO - [2023-10-19T22:35:03.521+0200] {dagbag.py:539} INFO - Filling up the DagBag from /Users/nick/Desktop/airflow_dic/venv/lib/python3.11/site-packages/airflow/example_dags/example_latest_only.py
[2023-10-19T22:35:03.532+0200] {processor.py:839} INFO - DAG(s) dict_keys(['latest_only']) retrieved from /Users/nick/Desktop/airflow_dic/venv/lib/python3.11/site-packages/airflow/example_dags/example_latest_only.py
[2023-10-19T22:35:03.594+0200] {logging_mixin.py:151} INFO - [2023-10-19T22:35:03.594+0200] {dag.py:2915} INFO - Sync 1 DAGs
[2023-10-19T22:35:03.600+0200] {logging_mixin.py:151} INFO - [2023-10-19T22:35:03.600+0200] {dag.py:3696} INFO - Setting next_dagrun for latest_only to 2023-10-19T16:35:03.600453+00:00, run_after=2023-10-19T20:35:03.600453+00:00
[2023-10-19T22:35:03.607+0200] {processor.py:179} INFO - Processing /Users/nick/Desktop/airflow_dic/venv/lib/python3.11/site-packages/airflow/example_dags/example_latest_only.py took 0.089 seconds
[2023-10-19T22:36:12.359+0200] {processor.py:157} INFO - Started process (PID=32893) to work on /Users/nick/Desktop/airflow_dic/venv/lib/python3.11/site-packages/airflow/example_dags/example_latest_only.py
[2023-10-19T22:36:12.361+0200] {processor.py:829} INFO - Processing file /Users/nick/Desktop/airflow_dic/venv/lib/python3.11/site-packages/airflow/example_dags/example_latest_only.py for tasks to queue
[2023-10-19T22:36:12.361+0200] {logging_mixin.py:151} INFO - [2023-10-19T22:36:12.361+0200] {dagbag.py:539} INFO - Filling up the DagBag from /Users/nick/Desktop/airflow_dic/venv/lib/python3.11/site-packages/airflow/example_dags/example_latest_only.py
[2023-10-19T22:36:12.370+0200] {processor.py:839} INFO - DAG(s) dict_keys(['latest_only']) retrieved from /Users/nick/Desktop/airflow_dic/venv/lib/python3.11/site-packages/airflow/example_dags/example_latest_only.py
[2023-10-19T22:36:12.425+0200] {logging_mixin.py:151} INFO - [2023-10-19T22:36:12.425+0200] {dag.py:2915} INFO - Sync 1 DAGs
[2023-10-19T22:36:12.430+0200] {logging_mixin.py:151} INFO - [2023-10-19T22:36:12.430+0200] {dag.py:3696} INFO - Setting next_dagrun for latest_only to 2023-10-19T16:36:12.430591+00:00, run_after=2023-10-19T20:36:12.430591+00:00
[2023-10-19T22:36:12.436+0200] {processor.py:179} INFO - Processing /Users/nick/Desktop/airflow_dic/venv/lib/python3.11/site-packages/airflow/example_dags/example_latest_only.py took 0.077 seconds
[2023-10-19T22:37:20.356+0200] {processor.py:157} INFO - Started process (PID=33024) to work on /Users/nick/Desktop/airflow_dic/venv/lib/python3.11/site-packages/airflow/example_dags/example_latest_only.py
[2023-10-19T22:37:20.357+0200] {processor.py:829} INFO - Processing file /Users/nick/Desktop/airflow_dic/venv/lib/python3.11/site-packages/airflow/example_dags/example_latest_only.py for tasks to queue
[2023-10-19T22:37:20.357+0200] {logging_mixin.py:151} INFO - [2023-10-19T22:37:20.357+0200] {dagbag.py:539} INFO - Filling up the DagBag from /Users/nick/Desktop/airflow_dic/venv/lib/python3.11/site-packages/airflow/example_dags/example_latest_only.py
[2023-10-19T22:37:20.366+0200] {processor.py:839} INFO - DAG(s) dict_keys(['latest_only']) retrieved from /Users/nick/Desktop/airflow_dic/venv/lib/python3.11/site-packages/airflow/example_dags/example_latest_only.py
[2023-10-19T22:37:20.422+0200] {logging_mixin.py:151} INFO - [2023-10-19T22:37:20.422+0200] {dag.py:2915} INFO - Sync 1 DAGs
[2023-10-19T22:37:20.427+0200] {logging_mixin.py:151} INFO - [2023-10-19T22:37:20.427+0200] {dag.py:3696} INFO - Setting next_dagrun for latest_only to 2023-10-19T16:37:20.427414+00:00, run_after=2023-10-19T20:37:20.427414+00:00
[2023-10-19T22:37:20.433+0200] {processor.py:179} INFO - Processing /Users/nick/Desktop/airflow_dic/venv/lib/python3.11/site-packages/airflow/example_dags/example_latest_only.py took 0.078 seconds
[2023-10-19T22:38:28.365+0200] {processor.py:157} INFO - Started process (PID=33148) to work on /Users/nick/Desktop/airflow_dic/venv/lib/python3.11/site-packages/airflow/example_dags/example_latest_only.py
[2023-10-19T22:38:28.366+0200] {processor.py:829} INFO - Processing file /Users/nick/Desktop/airflow_dic/venv/lib/python3.11/site-packages/airflow/example_dags/example_latest_only.py for tasks to queue
[2023-10-19T22:38:28.366+0200] {logging_mixin.py:151} INFO - [2023-10-19T22:38:28.366+0200] {dagbag.py:539} INFO - Filling up the DagBag from /Users/nick/Desktop/airflow_dic/venv/lib/python3.11/site-packages/airflow/example_dags/example_latest_only.py
[2023-10-19T22:38:28.376+0200] {processor.py:839} INFO - DAG(s) dict_keys(['latest_only']) retrieved from /Users/nick/Desktop/airflow_dic/venv/lib/python3.11/site-packages/airflow/example_dags/example_latest_only.py
[2023-10-19T22:38:28.432+0200] {logging_mixin.py:151} INFO - [2023-10-19T22:38:28.431+0200] {dag.py:2915} INFO - Sync 1 DAGs
[2023-10-19T22:38:28.437+0200] {logging_mixin.py:151} INFO - [2023-10-19T22:38:28.437+0200] {dag.py:3696} INFO - Setting next_dagrun for latest_only to 2023-10-19T16:38:28.437137+00:00, run_after=2023-10-19T20:38:28.437137+00:00
[2023-10-19T22:38:28.443+0200] {processor.py:179} INFO - Processing /Users/nick/Desktop/airflow_dic/venv/lib/python3.11/site-packages/airflow/example_dags/example_latest_only.py took 0.078 seconds
[2023-10-19T22:39:35.713+0200] {processor.py:157} INFO - Started process (PID=33279) to work on /Users/nick/Desktop/airflow_dic/venv/lib/python3.11/site-packages/airflow/example_dags/example_latest_only.py
[2023-10-19T22:39:35.714+0200] {processor.py:829} INFO - Processing file /Users/nick/Desktop/airflow_dic/venv/lib/python3.11/site-packages/airflow/example_dags/example_latest_only.py for tasks to queue
[2023-10-19T22:39:35.714+0200] {logging_mixin.py:151} INFO - [2023-10-19T22:39:35.714+0200] {dagbag.py:539} INFO - Filling up the DagBag from /Users/nick/Desktop/airflow_dic/venv/lib/python3.11/site-packages/airflow/example_dags/example_latest_only.py
[2023-10-19T22:39:35.723+0200] {processor.py:839} INFO - DAG(s) dict_keys(['latest_only']) retrieved from /Users/nick/Desktop/airflow_dic/venv/lib/python3.11/site-packages/airflow/example_dags/example_latest_only.py
[2023-10-19T22:39:35.779+0200] {logging_mixin.py:151} INFO - [2023-10-19T22:39:35.779+0200] {dag.py:2915} INFO - Sync 1 DAGs
[2023-10-19T22:39:35.784+0200] {logging_mixin.py:151} INFO - [2023-10-19T22:39:35.784+0200] {dag.py:3696} INFO - Setting next_dagrun for latest_only to 2023-10-19T16:39:35.784324+00:00, run_after=2023-10-19T20:39:35.784324+00:00
[2023-10-19T22:39:35.790+0200] {processor.py:179} INFO - Processing /Users/nick/Desktop/airflow_dic/venv/lib/python3.11/site-packages/airflow/example_dags/example_latest_only.py took 0.078 seconds
[2023-10-19T22:40:44.526+0200] {processor.py:157} INFO - Started process (PID=33408) to work on /Users/nick/Desktop/airflow_dic/venv/lib/python3.11/site-packages/airflow/example_dags/example_latest_only.py
[2023-10-19T22:40:44.527+0200] {processor.py:829} INFO - Processing file /Users/nick/Desktop/airflow_dic/venv/lib/python3.11/site-packages/airflow/example_dags/example_latest_only.py for tasks to queue
[2023-10-19T22:40:44.528+0200] {logging_mixin.py:151} INFO - [2023-10-19T22:40:44.528+0200] {dagbag.py:539} INFO - Filling up the DagBag from /Users/nick/Desktop/airflow_dic/venv/lib/python3.11/site-packages/airflow/example_dags/example_latest_only.py
[2023-10-19T22:40:44.537+0200] {processor.py:839} INFO - DAG(s) dict_keys(['latest_only']) retrieved from /Users/nick/Desktop/airflow_dic/venv/lib/python3.11/site-packages/airflow/example_dags/example_latest_only.py
[2023-10-19T22:40:44.593+0200] {logging_mixin.py:151} INFO - [2023-10-19T22:40:44.593+0200] {dag.py:2915} INFO - Sync 1 DAGs
[2023-10-19T22:40:44.598+0200] {logging_mixin.py:151} INFO - [2023-10-19T22:40:44.598+0200] {dag.py:3696} INFO - Setting next_dagrun for latest_only to 2023-10-19T16:40:44.598848+00:00, run_after=2023-10-19T20:40:44.598848+00:00
[2023-10-19T22:40:44.605+0200] {processor.py:179} INFO - Processing /Users/nick/Desktop/airflow_dic/venv/lib/python3.11/site-packages/airflow/example_dags/example_latest_only.py took 0.079 seconds
[2023-10-19T22:41:54.096+0200] {processor.py:157} INFO - Started process (PID=33537) to work on /Users/nick/Desktop/airflow_dic/venv/lib/python3.11/site-packages/airflow/example_dags/example_latest_only.py
[2023-10-19T22:41:54.097+0200] {processor.py:829} INFO - Processing file /Users/nick/Desktop/airflow_dic/venv/lib/python3.11/site-packages/airflow/example_dags/example_latest_only.py for tasks to queue
[2023-10-19T22:41:54.098+0200] {logging_mixin.py:151} INFO - [2023-10-19T22:41:54.098+0200] {dagbag.py:539} INFO - Filling up the DagBag from /Users/nick/Desktop/airflow_dic/venv/lib/python3.11/site-packages/airflow/example_dags/example_latest_only.py
[2023-10-19T22:41:54.107+0200] {processor.py:839} INFO - DAG(s) dict_keys(['latest_only']) retrieved from /Users/nick/Desktop/airflow_dic/venv/lib/python3.11/site-packages/airflow/example_dags/example_latest_only.py
[2023-10-19T22:41:54.163+0200] {logging_mixin.py:151} INFO - [2023-10-19T22:41:54.163+0200] {dag.py:2915} INFO - Sync 1 DAGs
[2023-10-19T22:41:54.168+0200] {logging_mixin.py:151} INFO - [2023-10-19T22:41:54.168+0200] {dag.py:3696} INFO - Setting next_dagrun for latest_only to 2023-10-19T16:41:54.168794+00:00, run_after=2023-10-19T20:41:54.168794+00:00
[2023-10-19T22:41:54.175+0200] {processor.py:179} INFO - Processing /Users/nick/Desktop/airflow_dic/venv/lib/python3.11/site-packages/airflow/example_dags/example_latest_only.py took 0.079 seconds
[2023-10-19T22:43:03.925+0200] {processor.py:157} INFO - Started process (PID=33663) to work on /Users/nick/Desktop/airflow_dic/venv/lib/python3.11/site-packages/airflow/example_dags/example_latest_only.py
[2023-10-19T22:43:03.927+0200] {processor.py:829} INFO - Processing file /Users/nick/Desktop/airflow_dic/venv/lib/python3.11/site-packages/airflow/example_dags/example_latest_only.py for tasks to queue
[2023-10-19T22:43:03.927+0200] {logging_mixin.py:151} INFO - [2023-10-19T22:43:03.927+0200] {dagbag.py:539} INFO - Filling up the DagBag from /Users/nick/Desktop/airflow_dic/venv/lib/python3.11/site-packages/airflow/example_dags/example_latest_only.py
[2023-10-19T22:43:03.936+0200] {processor.py:839} INFO - DAG(s) dict_keys(['latest_only']) retrieved from /Users/nick/Desktop/airflow_dic/venv/lib/python3.11/site-packages/airflow/example_dags/example_latest_only.py
[2023-10-19T22:43:03.992+0200] {logging_mixin.py:151} INFO - [2023-10-19T22:43:03.992+0200] {dag.py:2915} INFO - Sync 1 DAGs
[2023-10-19T22:43:03.998+0200] {logging_mixin.py:151} INFO - [2023-10-19T22:43:03.998+0200] {dag.py:3696} INFO - Setting next_dagrun for latest_only to 2023-10-19T16:43:03.998148+00:00, run_after=2023-10-19T20:43:03.998148+00:00
[2023-10-19T22:43:04.004+0200] {processor.py:179} INFO - Processing /Users/nick/Desktop/airflow_dic/venv/lib/python3.11/site-packages/airflow/example_dags/example_latest_only.py took 0.079 seconds
[2023-10-19T22:44:13.611+0200] {processor.py:157} INFO - Started process (PID=33799) to work on /Users/nick/Desktop/airflow_dic/venv/lib/python3.11/site-packages/airflow/example_dags/example_latest_only.py
[2023-10-19T22:44:13.614+0200] {processor.py:829} INFO - Processing file /Users/nick/Desktop/airflow_dic/venv/lib/python3.11/site-packages/airflow/example_dags/example_latest_only.py for tasks to queue
[2023-10-19T22:44:13.614+0200] {logging_mixin.py:151} INFO - [2023-10-19T22:44:13.614+0200] {dagbag.py:539} INFO - Filling up the DagBag from /Users/nick/Desktop/airflow_dic/venv/lib/python3.11/site-packages/airflow/example_dags/example_latest_only.py
[2023-10-19T22:44:13.623+0200] {processor.py:839} INFO - DAG(s) dict_keys(['latest_only']) retrieved from /Users/nick/Desktop/airflow_dic/venv/lib/python3.11/site-packages/airflow/example_dags/example_latest_only.py
[2023-10-19T22:44:13.679+0200] {logging_mixin.py:151} INFO - [2023-10-19T22:44:13.678+0200] {dag.py:2915} INFO - Sync 1 DAGs
[2023-10-19T22:44:13.684+0200] {logging_mixin.py:151} INFO - [2023-10-19T22:44:13.684+0200] {dag.py:3696} INFO - Setting next_dagrun for latest_only to 2023-10-19T16:44:13.684027+00:00, run_after=2023-10-19T20:44:13.684027+00:00
[2023-10-19T22:44:13.690+0200] {processor.py:179} INFO - Processing /Users/nick/Desktop/airflow_dic/venv/lib/python3.11/site-packages/airflow/example_dags/example_latest_only.py took 0.079 seconds
[2023-10-19T22:46:01.509+0200] {processor.py:157} INFO - Started process (PID=34017) to work on /Users/nick/Desktop/airflow_dic/venv/lib/python3.11/site-packages/airflow/example_dags/example_latest_only.py
[2023-10-19T22:46:01.511+0200] {processor.py:829} INFO - Processing file /Users/nick/Desktop/airflow_dic/venv/lib/python3.11/site-packages/airflow/example_dags/example_latest_only.py for tasks to queue
[2023-10-19T22:46:01.512+0200] {logging_mixin.py:151} INFO - [2023-10-19T22:46:01.511+0200] {dagbag.py:539} INFO - Filling up the DagBag from /Users/nick/Desktop/airflow_dic/venv/lib/python3.11/site-packages/airflow/example_dags/example_latest_only.py
[2023-10-19T22:46:01.522+0200] {processor.py:839} INFO - DAG(s) dict_keys(['latest_only']) retrieved from /Users/nick/Desktop/airflow_dic/venv/lib/python3.11/site-packages/airflow/example_dags/example_latest_only.py
[2023-10-19T22:46:01.581+0200] {logging_mixin.py:151} INFO - [2023-10-19T22:46:01.581+0200] {dag.py:2915} INFO - Sync 1 DAGs
[2023-10-19T22:46:01.587+0200] {logging_mixin.py:151} INFO - [2023-10-19T22:46:01.587+0200] {dag.py:3696} INFO - Setting next_dagrun for latest_only to 2023-10-19T16:46:01.587054+00:00, run_after=2023-10-19T20:46:01.587054+00:00
[2023-10-19T22:46:01.593+0200] {processor.py:179} INFO - Processing /Users/nick/Desktop/airflow_dic/venv/lib/python3.11/site-packages/airflow/example_dags/example_latest_only.py took 0.084 seconds
[2023-10-19T22:47:10.715+0200] {processor.py:157} INFO - Started process (PID=34148) to work on /Users/nick/Desktop/airflow_dic/venv/lib/python3.11/site-packages/airflow/example_dags/example_latest_only.py
[2023-10-19T22:47:10.717+0200] {processor.py:829} INFO - Processing file /Users/nick/Desktop/airflow_dic/venv/lib/python3.11/site-packages/airflow/example_dags/example_latest_only.py for tasks to queue
[2023-10-19T22:47:10.717+0200] {logging_mixin.py:151} INFO - [2023-10-19T22:47:10.717+0200] {dagbag.py:539} INFO - Filling up the DagBag from /Users/nick/Desktop/airflow_dic/venv/lib/python3.11/site-packages/airflow/example_dags/example_latest_only.py
[2023-10-19T22:47:10.726+0200] {processor.py:839} INFO - DAG(s) dict_keys(['latest_only']) retrieved from /Users/nick/Desktop/airflow_dic/venv/lib/python3.11/site-packages/airflow/example_dags/example_latest_only.py
[2023-10-19T22:47:10.781+0200] {logging_mixin.py:151} INFO - [2023-10-19T22:47:10.781+0200] {dag.py:2915} INFO - Sync 1 DAGs
[2023-10-19T22:47:10.787+0200] {logging_mixin.py:151} INFO - [2023-10-19T22:47:10.787+0200] {dag.py:3696} INFO - Setting next_dagrun for latest_only to 2023-10-19T16:47:10.787015+00:00, run_after=2023-10-19T20:47:10.787015+00:00
[2023-10-19T22:47:10.793+0200] {processor.py:179} INFO - Processing /Users/nick/Desktop/airflow_dic/venv/lib/python3.11/site-packages/airflow/example_dags/example_latest_only.py took 0.078 seconds
[2023-10-19T22:48:19.975+0200] {processor.py:157} INFO - Started process (PID=34283) to work on /Users/nick/Desktop/airflow_dic/venv/lib/python3.11/site-packages/airflow/example_dags/example_latest_only.py
[2023-10-19T22:48:19.976+0200] {processor.py:829} INFO - Processing file /Users/nick/Desktop/airflow_dic/venv/lib/python3.11/site-packages/airflow/example_dags/example_latest_only.py for tasks to queue
[2023-10-19T22:48:19.976+0200] {logging_mixin.py:151} INFO - [2023-10-19T22:48:19.976+0200] {dagbag.py:539} INFO - Filling up the DagBag from /Users/nick/Desktop/airflow_dic/venv/lib/python3.11/site-packages/airflow/example_dags/example_latest_only.py
[2023-10-19T22:48:19.985+0200] {processor.py:839} INFO - DAG(s) dict_keys(['latest_only']) retrieved from /Users/nick/Desktop/airflow_dic/venv/lib/python3.11/site-packages/airflow/example_dags/example_latest_only.py
[2023-10-19T22:48:20.042+0200] {logging_mixin.py:151} INFO - [2023-10-19T22:48:20.042+0200] {dag.py:2915} INFO - Sync 1 DAGs
[2023-10-19T22:48:20.047+0200] {logging_mixin.py:151} INFO - [2023-10-19T22:48:20.047+0200] {dag.py:3696} INFO - Setting next_dagrun for latest_only to 2023-10-19T16:48:20.047291+00:00, run_after=2023-10-19T20:48:20.047291+00:00
[2023-10-19T22:48:20.053+0200] {processor.py:179} INFO - Processing /Users/nick/Desktop/airflow_dic/venv/lib/python3.11/site-packages/airflow/example_dags/example_latest_only.py took 0.079 seconds
[2023-10-19T22:49:29.390+0200] {processor.py:157} INFO - Started process (PID=34419) to work on /Users/nick/Desktop/airflow_dic/venv/lib/python3.11/site-packages/airflow/example_dags/example_latest_only.py
[2023-10-19T22:49:29.391+0200] {processor.py:829} INFO - Processing file /Users/nick/Desktop/airflow_dic/venv/lib/python3.11/site-packages/airflow/example_dags/example_latest_only.py for tasks to queue
[2023-10-19T22:49:29.391+0200] {logging_mixin.py:151} INFO - [2023-10-19T22:49:29.391+0200] {dagbag.py:539} INFO - Filling up the DagBag from /Users/nick/Desktop/airflow_dic/venv/lib/python3.11/site-packages/airflow/example_dags/example_latest_only.py
[2023-10-19T22:49:29.400+0200] {processor.py:839} INFO - DAG(s) dict_keys(['latest_only']) retrieved from /Users/nick/Desktop/airflow_dic/venv/lib/python3.11/site-packages/airflow/example_dags/example_latest_only.py
[2023-10-19T22:49:29.455+0200] {logging_mixin.py:151} INFO - [2023-10-19T22:49:29.455+0200] {dag.py:2915} INFO - Sync 1 DAGs
[2023-10-19T22:49:29.461+0200] {logging_mixin.py:151} INFO - [2023-10-19T22:49:29.461+0200] {dag.py:3696} INFO - Setting next_dagrun for latest_only to 2023-10-19T16:49:29.461001+00:00, run_after=2023-10-19T20:49:29.461001+00:00
[2023-10-19T22:49:29.467+0200] {processor.py:179} INFO - Processing /Users/nick/Desktop/airflow_dic/venv/lib/python3.11/site-packages/airflow/example_dags/example_latest_only.py took 0.078 seconds
[2023-10-19T22:50:37.143+0200] {processor.py:157} INFO - Started process (PID=34543) to work on /Users/nick/Desktop/airflow_dic/venv/lib/python3.11/site-packages/airflow/example_dags/example_latest_only.py
[2023-10-19T22:50:37.144+0200] {processor.py:829} INFO - Processing file /Users/nick/Desktop/airflow_dic/venv/lib/python3.11/site-packages/airflow/example_dags/example_latest_only.py for tasks to queue
[2023-10-19T22:50:37.144+0200] {logging_mixin.py:151} INFO - [2023-10-19T22:50:37.144+0200] {dagbag.py:539} INFO - Filling up the DagBag from /Users/nick/Desktop/airflow_dic/venv/lib/python3.11/site-packages/airflow/example_dags/example_latest_only.py
[2023-10-19T22:50:37.153+0200] {processor.py:839} INFO - DAG(s) dict_keys(['latest_only']) retrieved from /Users/nick/Desktop/airflow_dic/venv/lib/python3.11/site-packages/airflow/example_dags/example_latest_only.py
[2023-10-19T22:50:37.209+0200] {logging_mixin.py:151} INFO - [2023-10-19T22:50:37.209+0200] {dag.py:2915} INFO - Sync 1 DAGs
[2023-10-19T22:50:37.214+0200] {logging_mixin.py:151} INFO - [2023-10-19T22:50:37.214+0200] {dag.py:3696} INFO - Setting next_dagrun for latest_only to 2023-10-19T16:50:37.214532+00:00, run_after=2023-10-19T20:50:37.214532+00:00
[2023-10-19T22:50:37.220+0200] {processor.py:179} INFO - Processing /Users/nick/Desktop/airflow_dic/venv/lib/python3.11/site-packages/airflow/example_dags/example_latest_only.py took 0.078 seconds
[2023-10-19T22:54:00.009+0200] {processor.py:157} INFO - Started process (PID=34857) to work on /Users/nick/Desktop/airflow_dic/venv/lib/python3.11/site-packages/airflow/example_dags/example_latest_only.py
[2023-10-19T22:54:00.011+0200] {processor.py:829} INFO - Processing file /Users/nick/Desktop/airflow_dic/venv/lib/python3.11/site-packages/airflow/example_dags/example_latest_only.py for tasks to queue
[2023-10-19T22:54:00.011+0200] {logging_mixin.py:151} INFO - [2023-10-19T22:54:00.011+0200] {dagbag.py:539} INFO - Filling up the DagBag from /Users/nick/Desktop/airflow_dic/venv/lib/python3.11/site-packages/airflow/example_dags/example_latest_only.py
[2023-10-19T22:54:00.021+0200] {processor.py:839} INFO - DAG(s) dict_keys(['latest_only']) retrieved from /Users/nick/Desktop/airflow_dic/venv/lib/python3.11/site-packages/airflow/example_dags/example_latest_only.py
[2023-10-19T22:54:00.078+0200] {logging_mixin.py:151} INFO - [2023-10-19T22:54:00.078+0200] {dag.py:2915} INFO - Sync 1 DAGs
[2023-10-19T22:54:00.083+0200] {logging_mixin.py:151} INFO - [2023-10-19T22:54:00.083+0200] {dag.py:3696} INFO - Setting next_dagrun for latest_only to 2023-10-19T16:54:00.083829+00:00, run_after=2023-10-19T20:54:00.083829+00:00
[2023-10-19T22:54:00.090+0200] {processor.py:179} INFO - Processing /Users/nick/Desktop/airflow_dic/venv/lib/python3.11/site-packages/airflow/example_dags/example_latest_only.py took 0.081 seconds
[2023-10-19T22:55:07.624+0200] {processor.py:157} INFO - Started process (PID=34994) to work on /Users/nick/Desktop/airflow_dic/venv/lib/python3.11/site-packages/airflow/example_dags/example_latest_only.py
[2023-10-19T22:55:07.626+0200] {processor.py:829} INFO - Processing file /Users/nick/Desktop/airflow_dic/venv/lib/python3.11/site-packages/airflow/example_dags/example_latest_only.py for tasks to queue
[2023-10-19T22:55:07.626+0200] {logging_mixin.py:151} INFO - [2023-10-19T22:55:07.626+0200] {dagbag.py:539} INFO - Filling up the DagBag from /Users/nick/Desktop/airflow_dic/venv/lib/python3.11/site-packages/airflow/example_dags/example_latest_only.py
[2023-10-19T22:55:07.636+0200] {processor.py:839} INFO - DAG(s) dict_keys(['latest_only']) retrieved from /Users/nick/Desktop/airflow_dic/venv/lib/python3.11/site-packages/airflow/example_dags/example_latest_only.py
[2023-10-19T22:55:07.691+0200] {logging_mixin.py:151} INFO - [2023-10-19T22:55:07.691+0200] {dag.py:2915} INFO - Sync 1 DAGs
[2023-10-19T22:55:07.696+0200] {logging_mixin.py:151} INFO - [2023-10-19T22:55:07.696+0200] {dag.py:3696} INFO - Setting next_dagrun for latest_only to 2023-10-19T16:55:07.696250+00:00, run_after=2023-10-19T20:55:07.696250+00:00
[2023-10-19T22:55:07.702+0200] {processor.py:179} INFO - Processing /Users/nick/Desktop/airflow_dic/venv/lib/python3.11/site-packages/airflow/example_dags/example_latest_only.py took 0.079 seconds
[2023-10-19T22:56:16.292+0200] {processor.py:157} INFO - Started process (PID=35131) to work on /Users/nick/Desktop/airflow_dic/venv/lib/python3.11/site-packages/airflow/example_dags/example_latest_only.py
[2023-10-19T22:56:16.293+0200] {processor.py:829} INFO - Processing file /Users/nick/Desktop/airflow_dic/venv/lib/python3.11/site-packages/airflow/example_dags/example_latest_only.py for tasks to queue
[2023-10-19T22:56:16.293+0200] {logging_mixin.py:151} INFO - [2023-10-19T22:56:16.293+0200] {dagbag.py:539} INFO - Filling up the DagBag from /Users/nick/Desktop/airflow_dic/venv/lib/python3.11/site-packages/airflow/example_dags/example_latest_only.py
[2023-10-19T22:56:16.303+0200] {processor.py:839} INFO - DAG(s) dict_keys(['latest_only']) retrieved from /Users/nick/Desktop/airflow_dic/venv/lib/python3.11/site-packages/airflow/example_dags/example_latest_only.py
[2023-10-19T22:56:16.357+0200] {logging_mixin.py:151} INFO - [2023-10-19T22:56:16.357+0200] {dag.py:2915} INFO - Sync 1 DAGs
[2023-10-19T22:56:16.363+0200] {logging_mixin.py:151} INFO - [2023-10-19T22:56:16.363+0200] {dag.py:3696} INFO - Setting next_dagrun for latest_only to 2023-10-19T16:56:16.362952+00:00, run_after=2023-10-19T20:56:16.362952+00:00
[2023-10-19T22:56:16.369+0200] {processor.py:179} INFO - Processing /Users/nick/Desktop/airflow_dic/venv/lib/python3.11/site-packages/airflow/example_dags/example_latest_only.py took 0.077 seconds
[2023-10-19T22:57:22.163+0200] {processor.py:157} INFO - Started process (PID=35265) to work on /Users/nick/Desktop/airflow_dic/venv/lib/python3.11/site-packages/airflow/example_dags/example_latest_only.py
[2023-10-19T22:57:22.164+0200] {processor.py:829} INFO - Processing file /Users/nick/Desktop/airflow_dic/venv/lib/python3.11/site-packages/airflow/example_dags/example_latest_only.py for tasks to queue
[2023-10-19T22:57:22.164+0200] {logging_mixin.py:151} INFO - [2023-10-19T22:57:22.164+0200] {dagbag.py:539} INFO - Filling up the DagBag from /Users/nick/Desktop/airflow_dic/venv/lib/python3.11/site-packages/airflow/example_dags/example_latest_only.py
[2023-10-19T22:57:22.173+0200] {processor.py:839} INFO - DAG(s) dict_keys(['latest_only']) retrieved from /Users/nick/Desktop/airflow_dic/venv/lib/python3.11/site-packages/airflow/example_dags/example_latest_only.py
[2023-10-19T22:57:22.228+0200] {logging_mixin.py:151} INFO - [2023-10-19T22:57:22.228+0200] {dag.py:2915} INFO - Sync 1 DAGs
[2023-10-19T22:57:22.233+0200] {logging_mixin.py:151} INFO - [2023-10-19T22:57:22.233+0200] {dag.py:3696} INFO - Setting next_dagrun for latest_only to 2023-10-19T16:57:22.233631+00:00, run_after=2023-10-19T20:57:22.233631+00:00
[2023-10-19T22:57:22.240+0200] {processor.py:179} INFO - Processing /Users/nick/Desktop/airflow_dic/venv/lib/python3.11/site-packages/airflow/example_dags/example_latest_only.py took 0.077 seconds
[2023-10-19T22:58:31.416+0200] {processor.py:157} INFO - Started process (PID=35402) to work on /Users/nick/Desktop/airflow_dic/venv/lib/python3.11/site-packages/airflow/example_dags/example_latest_only.py
[2023-10-19T22:58:31.418+0200] {processor.py:829} INFO - Processing file /Users/nick/Desktop/airflow_dic/venv/lib/python3.11/site-packages/airflow/example_dags/example_latest_only.py for tasks to queue
[2023-10-19T22:58:31.418+0200] {logging_mixin.py:151} INFO - [2023-10-19T22:58:31.418+0200] {dagbag.py:539} INFO - Filling up the DagBag from /Users/nick/Desktop/airflow_dic/venv/lib/python3.11/site-packages/airflow/example_dags/example_latest_only.py
[2023-10-19T22:58:31.428+0200] {processor.py:839} INFO - DAG(s) dict_keys(['latest_only']) retrieved from /Users/nick/Desktop/airflow_dic/venv/lib/python3.11/site-packages/airflow/example_dags/example_latest_only.py
[2023-10-19T22:58:31.486+0200] {logging_mixin.py:151} INFO - [2023-10-19T22:58:31.486+0200] {dag.py:2915} INFO - Sync 1 DAGs
[2023-10-19T22:58:31.492+0200] {logging_mixin.py:151} INFO - [2023-10-19T22:58:31.492+0200] {dag.py:3696} INFO - Setting next_dagrun for latest_only to 2023-10-19T16:58:31.492006+00:00, run_after=2023-10-19T20:58:31.492006+00:00
[2023-10-19T22:58:31.498+0200] {processor.py:179} INFO - Processing /Users/nick/Desktop/airflow_dic/venv/lib/python3.11/site-packages/airflow/example_dags/example_latest_only.py took 0.082 seconds
