[2023-10-19T22:18:51.266+0200] {processor.py:157} INFO - Started process (PID=28932) to work on /Users/nick/Desktop/airflow_dic/venv/lib/python3.11/site-packages/airflow/example_dags/example_dynamic_task_mapping_with_no_taskflow_operators.py
[2023-10-19T22:18:51.268+0200] {processor.py:829} INFO - Processing file /Users/nick/Desktop/airflow_dic/venv/lib/python3.11/site-packages/airflow/example_dags/example_dynamic_task_mapping_with_no_taskflow_operators.py for tasks to queue
[2023-10-19T22:18:51.268+0200] {logging_mixin.py:151} INFO - [2023-10-19T22:18:51.268+0200] {dagbag.py:539} INFO - Filling up the DagBag from /Users/nick/Desktop/airflow_dic/venv/lib/python3.11/site-packages/airflow/example_dags/example_dynamic_task_mapping_with_no_taskflow_operators.py
[2023-10-19T22:18:51.277+0200] {processor.py:839} INFO - DAG(s) dict_keys(['example_dynamic_task_mapping_with_no_taskflow_operators']) retrieved from /Users/nick/Desktop/airflow_dic/venv/lib/python3.11/site-packages/airflow/example_dags/example_dynamic_task_mapping_with_no_taskflow_operators.py
[2023-10-19T22:18:51.548+0200] {logging_mixin.py:151} INFO - [2023-10-19T22:18:51.548+0200] {manager.py:499} INFO - Created Permission View: %s
[2023-10-19T22:18:51.550+0200] {logging_mixin.py:151} INFO - [2023-10-19T22:18:51.550+0200] {manager.py:499} INFO - Created Permission View: %s
[2023-10-19T22:18:51.552+0200] {logging_mixin.py:151} INFO - [2023-10-19T22:18:51.552+0200] {manager.py:499} INFO - Created Permission View: %s
[2023-10-19T22:18:51.552+0200] {logging_mixin.py:151} INFO - [2023-10-19T22:18:51.552+0200] {security.py:708} INFO - Not syncing DAG-level permissions for DAG 'DAG:example_dynamic_task_mapping_with_no_taskflow_operators' as access control is unset.
[2023-10-19T22:18:51.552+0200] {logging_mixin.py:151} INFO - [2023-10-19T22:18:51.552+0200] {dag.py:2915} INFO - Sync 1 DAGs
[2023-10-19T22:18:51.556+0200] {logging_mixin.py:151} INFO - [2023-10-19T22:18:51.556+0200] {dag.py:2937} INFO - Creating ORM DAG for example_dynamic_task_mapping_with_no_taskflow_operators
[2023-10-19T22:18:51.558+0200] {logging_mixin.py:151} INFO - [2023-10-19T22:18:51.558+0200] {dag.py:3696} INFO - Setting next_dagrun for example_dynamic_task_mapping_with_no_taskflow_operators to 2023-10-18T20:18:51.558475+00:00, run_after=2023-10-19T20:18:51.558475+00:00
[2023-10-19T22:18:51.563+0200] {processor.py:179} INFO - Processing /Users/nick/Desktop/airflow_dic/venv/lib/python3.11/site-packages/airflow/example_dags/example_dynamic_task_mapping_with_no_taskflow_operators.py took 0.297 seconds
[2023-10-19T22:20:10.638+0200] {processor.py:157} INFO - Started process (PID=29084) to work on /Users/nick/Desktop/airflow_dic/venv/lib/python3.11/site-packages/airflow/example_dags/example_dynamic_task_mapping_with_no_taskflow_operators.py
[2023-10-19T22:20:10.641+0200] {processor.py:829} INFO - Processing file /Users/nick/Desktop/airflow_dic/venv/lib/python3.11/site-packages/airflow/example_dags/example_dynamic_task_mapping_with_no_taskflow_operators.py for tasks to queue
[2023-10-19T22:20:10.641+0200] {logging_mixin.py:151} INFO - [2023-10-19T22:20:10.641+0200] {dagbag.py:539} INFO - Filling up the DagBag from /Users/nick/Desktop/airflow_dic/venv/lib/python3.11/site-packages/airflow/example_dags/example_dynamic_task_mapping_with_no_taskflow_operators.py
[2023-10-19T22:20:10.652+0200] {processor.py:839} INFO - DAG(s) dict_keys(['example_dynamic_task_mapping_with_no_taskflow_operators']) retrieved from /Users/nick/Desktop/airflow_dic/venv/lib/python3.11/site-packages/airflow/example_dags/example_dynamic_task_mapping_with_no_taskflow_operators.py
[2023-10-19T22:20:10.720+0200] {logging_mixin.py:151} INFO - [2023-10-19T22:20:10.720+0200] {dag.py:2915} INFO - Sync 1 DAGs
[2023-10-19T22:20:10.725+0200] {logging_mixin.py:151} INFO - [2023-10-19T22:20:10.725+0200] {dag.py:3696} INFO - Setting next_dagrun for example_dynamic_task_mapping_with_no_taskflow_operators to 2023-10-18T20:20:10.725727+00:00, run_after=2023-10-19T20:20:10.725727+00:00
[2023-10-19T22:20:10.732+0200] {processor.py:179} INFO - Processing /Users/nick/Desktop/airflow_dic/venv/lib/python3.11/site-packages/airflow/example_dags/example_dynamic_task_mapping_with_no_taskflow_operators.py took 0.094 seconds
[2023-10-19T22:21:14.564+0200] {processor.py:157} INFO - Started process (PID=29216) to work on /Users/nick/Desktop/airflow_dic/venv/lib/python3.11/site-packages/airflow/example_dags/example_dynamic_task_mapping_with_no_taskflow_operators.py
[2023-10-19T22:21:14.566+0200] {processor.py:829} INFO - Processing file /Users/nick/Desktop/airflow_dic/venv/lib/python3.11/site-packages/airflow/example_dags/example_dynamic_task_mapping_with_no_taskflow_operators.py for tasks to queue
[2023-10-19T22:21:14.566+0200] {logging_mixin.py:151} INFO - [2023-10-19T22:21:14.566+0200] {dagbag.py:539} INFO - Filling up the DagBag from /Users/nick/Desktop/airflow_dic/venv/lib/python3.11/site-packages/airflow/example_dags/example_dynamic_task_mapping_with_no_taskflow_operators.py
[2023-10-19T22:21:14.576+0200] {processor.py:839} INFO - DAG(s) dict_keys(['example_dynamic_task_mapping_with_no_taskflow_operators']) retrieved from /Users/nick/Desktop/airflow_dic/venv/lib/python3.11/site-packages/airflow/example_dags/example_dynamic_task_mapping_with_no_taskflow_operators.py
[2023-10-19T22:21:14.633+0200] {logging_mixin.py:151} INFO - [2023-10-19T22:21:14.633+0200] {dag.py:2915} INFO - Sync 1 DAGs
[2023-10-19T22:21:14.639+0200] {logging_mixin.py:151} INFO - [2023-10-19T22:21:14.639+0200] {dag.py:3696} INFO - Setting next_dagrun for example_dynamic_task_mapping_with_no_taskflow_operators to 2023-10-18T20:21:14.639740+00:00, run_after=2023-10-19T20:21:14.639740+00:00
[2023-10-19T22:21:14.648+0200] {processor.py:179} INFO - Processing /Users/nick/Desktop/airflow_dic/venv/lib/python3.11/site-packages/airflow/example_dags/example_dynamic_task_mapping_with_no_taskflow_operators.py took 0.083 seconds
[2023-10-19T22:23:37.102+0200] {processor.py:157} INFO - Started process (PID=29502) to work on /Users/nick/Desktop/airflow_dic/venv/lib/python3.11/site-packages/airflow/example_dags/example_dynamic_task_mapping_with_no_taskflow_operators.py
[2023-10-19T22:23:37.104+0200] {processor.py:829} INFO - Processing file /Users/nick/Desktop/airflow_dic/venv/lib/python3.11/site-packages/airflow/example_dags/example_dynamic_task_mapping_with_no_taskflow_operators.py for tasks to queue
[2023-10-19T22:23:37.104+0200] {logging_mixin.py:151} INFO - [2023-10-19T22:23:37.104+0200] {dagbag.py:539} INFO - Filling up the DagBag from /Users/nick/Desktop/airflow_dic/venv/lib/python3.11/site-packages/airflow/example_dags/example_dynamic_task_mapping_with_no_taskflow_operators.py
[2023-10-19T22:23:37.114+0200] {processor.py:839} INFO - DAG(s) dict_keys(['example_dynamic_task_mapping_with_no_taskflow_operators']) retrieved from /Users/nick/Desktop/airflow_dic/venv/lib/python3.11/site-packages/airflow/example_dags/example_dynamic_task_mapping_with_no_taskflow_operators.py
[2023-10-19T22:23:37.173+0200] {logging_mixin.py:151} INFO - [2023-10-19T22:23:37.173+0200] {dag.py:2915} INFO - Sync 1 DAGs
[2023-10-19T22:23:37.178+0200] {logging_mixin.py:151} INFO - [2023-10-19T22:23:37.178+0200] {dag.py:3696} INFO - Setting next_dagrun for example_dynamic_task_mapping_with_no_taskflow_operators to 2023-10-18T20:23:37.178462+00:00, run_after=2023-10-19T20:23:37.178462+00:00
[2023-10-19T22:23:37.185+0200] {processor.py:179} INFO - Processing /Users/nick/Desktop/airflow_dic/venv/lib/python3.11/site-packages/airflow/example_dags/example_dynamic_task_mapping_with_no_taskflow_operators.py took 0.083 seconds
[2023-10-19T22:24:44.069+0200] {processor.py:157} INFO - Started process (PID=29639) to work on /Users/nick/Desktop/airflow_dic/venv/lib/python3.11/site-packages/airflow/example_dags/example_dynamic_task_mapping_with_no_taskflow_operators.py
[2023-10-19T22:24:44.071+0200] {processor.py:829} INFO - Processing file /Users/nick/Desktop/airflow_dic/venv/lib/python3.11/site-packages/airflow/example_dags/example_dynamic_task_mapping_with_no_taskflow_operators.py for tasks to queue
[2023-10-19T22:24:44.071+0200] {logging_mixin.py:151} INFO - [2023-10-19T22:24:44.071+0200] {dagbag.py:539} INFO - Filling up the DagBag from /Users/nick/Desktop/airflow_dic/venv/lib/python3.11/site-packages/airflow/example_dags/example_dynamic_task_mapping_with_no_taskflow_operators.py
[2023-10-19T22:24:44.082+0200] {processor.py:839} INFO - DAG(s) dict_keys(['example_dynamic_task_mapping_with_no_taskflow_operators']) retrieved from /Users/nick/Desktop/airflow_dic/venv/lib/python3.11/site-packages/airflow/example_dags/example_dynamic_task_mapping_with_no_taskflow_operators.py
[2023-10-19T22:24:44.144+0200] {logging_mixin.py:151} INFO - [2023-10-19T22:24:44.144+0200] {dag.py:2915} INFO - Sync 1 DAGs
[2023-10-19T22:24:44.149+0200] {logging_mixin.py:151} INFO - [2023-10-19T22:24:44.149+0200] {dag.py:3696} INFO - Setting next_dagrun for example_dynamic_task_mapping_with_no_taskflow_operators to 2023-10-18T20:24:44.149562+00:00, run_after=2023-10-19T20:24:44.149562+00:00
[2023-10-19T22:24:44.155+0200] {processor.py:179} INFO - Processing /Users/nick/Desktop/airflow_dic/venv/lib/python3.11/site-packages/airflow/example_dags/example_dynamic_task_mapping_with_no_taskflow_operators.py took 0.087 seconds
[2023-10-19T22:25:44.601+0200] {processor.py:157} INFO - Started process (PID=31636) to work on /Users/nick/Desktop/airflow_dic/venv/lib/python3.11/site-packages/airflow/example_dags/example_dynamic_task_mapping_with_no_taskflow_operators.py
[2023-10-19T22:25:44.603+0200] {processor.py:829} INFO - Processing file /Users/nick/Desktop/airflow_dic/venv/lib/python3.11/site-packages/airflow/example_dags/example_dynamic_task_mapping_with_no_taskflow_operators.py for tasks to queue
[2023-10-19T22:25:44.604+0200] {logging_mixin.py:151} INFO - [2023-10-19T22:25:44.604+0200] {dagbag.py:539} INFO - Filling up the DagBag from /Users/nick/Desktop/airflow_dic/venv/lib/python3.11/site-packages/airflow/example_dags/example_dynamic_task_mapping_with_no_taskflow_operators.py
[2023-10-19T22:25:44.614+0200] {processor.py:839} INFO - DAG(s) dict_keys(['example_dynamic_task_mapping_with_no_taskflow_operators']) retrieved from /Users/nick/Desktop/airflow_dic/venv/lib/python3.11/site-packages/airflow/example_dags/example_dynamic_task_mapping_with_no_taskflow_operators.py
[2023-10-19T22:25:44.950+0200] {logging_mixin.py:151} INFO - [2023-10-19T22:25:44.950+0200] {security.py:708} INFO - Not syncing DAG-level permissions for DAG 'DAG:example_dynamic_task_mapping_with_no_taskflow_operators' as access control is unset.
[2023-10-19T22:25:44.950+0200] {logging_mixin.py:151} INFO - [2023-10-19T22:25:44.950+0200] {dag.py:2915} INFO - Sync 1 DAGs
[2023-10-19T22:25:44.955+0200] {logging_mixin.py:151} INFO - [2023-10-19T22:25:44.954+0200] {dag.py:2937} INFO - Creating ORM DAG for example_dynamic_task_mapping_with_no_taskflow_operators
[2023-10-19T22:25:44.963+0200] {logging_mixin.py:151} INFO - [2023-10-19T22:25:44.963+0200] {dag.py:3696} INFO - Setting next_dagrun for example_dynamic_task_mapping_with_no_taskflow_operators to 2023-10-18T20:25:44.963257+00:00, run_after=2023-10-19T20:25:44.963257+00:00
[2023-10-19T22:25:44.971+0200] {processor.py:179} INFO - Processing /Users/nick/Desktop/airflow_dic/venv/lib/python3.11/site-packages/airflow/example_dags/example_dynamic_task_mapping_with_no_taskflow_operators.py took 0.370 seconds
[2023-10-19T22:28:06.908+0200] {processor.py:157} INFO - Started process (PID=31903) to work on /Users/nick/Desktop/airflow_dic/venv/lib/python3.11/site-packages/airflow/example_dags/example_dynamic_task_mapping_with_no_taskflow_operators.py
[2023-10-19T22:28:06.909+0200] {processor.py:829} INFO - Processing file /Users/nick/Desktop/airflow_dic/venv/lib/python3.11/site-packages/airflow/example_dags/example_dynamic_task_mapping_with_no_taskflow_operators.py for tasks to queue
[2023-10-19T22:28:06.909+0200] {logging_mixin.py:151} INFO - [2023-10-19T22:28:06.909+0200] {dagbag.py:539} INFO - Filling up the DagBag from /Users/nick/Desktop/airflow_dic/venv/lib/python3.11/site-packages/airflow/example_dags/example_dynamic_task_mapping_with_no_taskflow_operators.py
[2023-10-19T22:28:06.921+0200] {processor.py:839} INFO - DAG(s) dict_keys(['example_dynamic_task_mapping_with_no_taskflow_operators']) retrieved from /Users/nick/Desktop/airflow_dic/venv/lib/python3.11/site-packages/airflow/example_dags/example_dynamic_task_mapping_with_no_taskflow_operators.py
[2023-10-19T22:28:07.240+0200] {logging_mixin.py:151} INFO - [2023-10-19T22:28:07.239+0200] {security.py:708} INFO - Not syncing DAG-level permissions for DAG 'DAG:example_dynamic_task_mapping_with_no_taskflow_operators' as access control is unset.
[2023-10-19T22:28:07.240+0200] {logging_mixin.py:151} INFO - [2023-10-19T22:28:07.240+0200] {dag.py:2915} INFO - Sync 1 DAGs
[2023-10-19T22:28:07.243+0200] {logging_mixin.py:151} INFO - [2023-10-19T22:28:07.243+0200] {dag.py:2937} INFO - Creating ORM DAG for example_dynamic_task_mapping_with_no_taskflow_operators
[2023-10-19T22:28:07.245+0200] {logging_mixin.py:151} INFO - [2023-10-19T22:28:07.245+0200] {dag.py:3696} INFO - Setting next_dagrun for example_dynamic_task_mapping_with_no_taskflow_operators to 2023-10-18T20:28:07.245511+00:00, run_after=2023-10-19T20:28:07.245511+00:00
[2023-10-19T22:28:07.251+0200] {processor.py:179} INFO - Processing /Users/nick/Desktop/airflow_dic/venv/lib/python3.11/site-packages/airflow/example_dags/example_dynamic_task_mapping_with_no_taskflow_operators.py took 0.344 seconds
[2023-10-19T22:29:24.603+0200] {processor.py:157} INFO - Started process (PID=32073) to work on /Users/nick/Desktop/airflow_dic/venv/lib/python3.11/site-packages/airflow/example_dags/example_dynamic_task_mapping_with_no_taskflow_operators.py
[2023-10-19T22:29:24.604+0200] {processor.py:829} INFO - Processing file /Users/nick/Desktop/airflow_dic/venv/lib/python3.11/site-packages/airflow/example_dags/example_dynamic_task_mapping_with_no_taskflow_operators.py for tasks to queue
[2023-10-19T22:29:24.604+0200] {logging_mixin.py:151} INFO - [2023-10-19T22:29:24.604+0200] {dagbag.py:539} INFO - Filling up the DagBag from /Users/nick/Desktop/airflow_dic/venv/lib/python3.11/site-packages/airflow/example_dags/example_dynamic_task_mapping_with_no_taskflow_operators.py
[2023-10-19T22:29:24.613+0200] {processor.py:839} INFO - DAG(s) dict_keys(['example_dynamic_task_mapping_with_no_taskflow_operators']) retrieved from /Users/nick/Desktop/airflow_dic/venv/lib/python3.11/site-packages/airflow/example_dags/example_dynamic_task_mapping_with_no_taskflow_operators.py
[2023-10-19T22:29:24.669+0200] {logging_mixin.py:151} INFO - [2023-10-19T22:29:24.669+0200] {dag.py:2915} INFO - Sync 1 DAGs
[2023-10-19T22:29:24.674+0200] {logging_mixin.py:151} INFO - [2023-10-19T22:29:24.674+0200] {dag.py:3696} INFO - Setting next_dagrun for example_dynamic_task_mapping_with_no_taskflow_operators to 2023-10-18T20:29:24.674733+00:00, run_after=2023-10-19T20:29:24.674733+00:00
[2023-10-19T22:29:24.680+0200] {processor.py:179} INFO - Processing /Users/nick/Desktop/airflow_dic/venv/lib/python3.11/site-packages/airflow/example_dags/example_dynamic_task_mapping_with_no_taskflow_operators.py took 0.078 seconds
[2023-10-19T22:30:29.648+0200] {processor.py:157} INFO - Started process (PID=32193) to work on /Users/nick/Desktop/airflow_dic/venv/lib/python3.11/site-packages/airflow/example_dags/example_dynamic_task_mapping_with_no_taskflow_operators.py
[2023-10-19T22:30:29.650+0200] {processor.py:829} INFO - Processing file /Users/nick/Desktop/airflow_dic/venv/lib/python3.11/site-packages/airflow/example_dags/example_dynamic_task_mapping_with_no_taskflow_operators.py for tasks to queue
[2023-10-19T22:30:29.650+0200] {logging_mixin.py:151} INFO - [2023-10-19T22:30:29.650+0200] {dagbag.py:539} INFO - Filling up the DagBag from /Users/nick/Desktop/airflow_dic/venv/lib/python3.11/site-packages/airflow/example_dags/example_dynamic_task_mapping_with_no_taskflow_operators.py
[2023-10-19T22:30:29.660+0200] {processor.py:839} INFO - DAG(s) dict_keys(['example_dynamic_task_mapping_with_no_taskflow_operators']) retrieved from /Users/nick/Desktop/airflow_dic/venv/lib/python3.11/site-packages/airflow/example_dags/example_dynamic_task_mapping_with_no_taskflow_operators.py
[2023-10-19T22:30:29.724+0200] {logging_mixin.py:151} INFO - [2023-10-19T22:30:29.724+0200] {dag.py:2915} INFO - Sync 1 DAGs
[2023-10-19T22:30:29.729+0200] {logging_mixin.py:151} INFO - [2023-10-19T22:30:29.729+0200] {dag.py:3696} INFO - Setting next_dagrun for example_dynamic_task_mapping_with_no_taskflow_operators to 2023-10-18T20:30:29.729348+00:00, run_after=2023-10-19T20:30:29.729348+00:00
[2023-10-19T22:30:29.735+0200] {processor.py:179} INFO - Processing /Users/nick/Desktop/airflow_dic/venv/lib/python3.11/site-packages/airflow/example_dags/example_dynamic_task_mapping_with_no_taskflow_operators.py took 0.087 seconds
[2023-10-19T22:31:42.376+0200] {processor.py:157} INFO - Started process (PID=32341) to work on /Users/nick/Desktop/airflow_dic/venv/lib/python3.11/site-packages/airflow/example_dags/example_dynamic_task_mapping_with_no_taskflow_operators.py
[2023-10-19T22:31:42.377+0200] {processor.py:829} INFO - Processing file /Users/nick/Desktop/airflow_dic/venv/lib/python3.11/site-packages/airflow/example_dags/example_dynamic_task_mapping_with_no_taskflow_operators.py for tasks to queue
[2023-10-19T22:31:42.377+0200] {logging_mixin.py:151} INFO - [2023-10-19T22:31:42.377+0200] {dagbag.py:539} INFO - Filling up the DagBag from /Users/nick/Desktop/airflow_dic/venv/lib/python3.11/site-packages/airflow/example_dags/example_dynamic_task_mapping_with_no_taskflow_operators.py
[2023-10-19T22:31:42.387+0200] {processor.py:839} INFO - DAG(s) dict_keys(['example_dynamic_task_mapping_with_no_taskflow_operators']) retrieved from /Users/nick/Desktop/airflow_dic/venv/lib/python3.11/site-packages/airflow/example_dags/example_dynamic_task_mapping_with_no_taskflow_operators.py
[2023-10-19T22:31:42.447+0200] {logging_mixin.py:151} INFO - [2023-10-19T22:31:42.446+0200] {dag.py:2915} INFO - Sync 1 DAGs
[2023-10-19T22:31:42.452+0200] {logging_mixin.py:151} INFO - [2023-10-19T22:31:42.452+0200] {dag.py:3696} INFO - Setting next_dagrun for example_dynamic_task_mapping_with_no_taskflow_operators to 2023-10-18T20:31:42.452158+00:00, run_after=2023-10-19T20:31:42.452158+00:00
[2023-10-19T22:31:42.458+0200] {processor.py:179} INFO - Processing /Users/nick/Desktop/airflow_dic/venv/lib/python3.11/site-packages/airflow/example_dags/example_dynamic_task_mapping_with_no_taskflow_operators.py took 0.082 seconds
[2023-10-19T22:32:52.290+0200] {processor.py:157} INFO - Started process (PID=32468) to work on /Users/nick/Desktop/airflow_dic/venv/lib/python3.11/site-packages/airflow/example_dags/example_dynamic_task_mapping_with_no_taskflow_operators.py
[2023-10-19T22:32:52.291+0200] {processor.py:829} INFO - Processing file /Users/nick/Desktop/airflow_dic/venv/lib/python3.11/site-packages/airflow/example_dags/example_dynamic_task_mapping_with_no_taskflow_operators.py for tasks to queue
[2023-10-19T22:32:52.291+0200] {logging_mixin.py:151} INFO - [2023-10-19T22:32:52.291+0200] {dagbag.py:539} INFO - Filling up the DagBag from /Users/nick/Desktop/airflow_dic/venv/lib/python3.11/site-packages/airflow/example_dags/example_dynamic_task_mapping_with_no_taskflow_operators.py
[2023-10-19T22:32:52.300+0200] {processor.py:839} INFO - DAG(s) dict_keys(['example_dynamic_task_mapping_with_no_taskflow_operators']) retrieved from /Users/nick/Desktop/airflow_dic/venv/lib/python3.11/site-packages/airflow/example_dags/example_dynamic_task_mapping_with_no_taskflow_operators.py
[2023-10-19T22:32:52.356+0200] {logging_mixin.py:151} INFO - [2023-10-19T22:32:52.355+0200] {dag.py:2915} INFO - Sync 1 DAGs
[2023-10-19T22:32:52.361+0200] {logging_mixin.py:151} INFO - [2023-10-19T22:32:52.361+0200] {dag.py:3696} INFO - Setting next_dagrun for example_dynamic_task_mapping_with_no_taskflow_operators to 2023-10-18T20:32:52.361124+00:00, run_after=2023-10-19T20:32:52.361124+00:00
[2023-10-19T22:32:52.367+0200] {processor.py:179} INFO - Processing /Users/nick/Desktop/airflow_dic/venv/lib/python3.11/site-packages/airflow/example_dags/example_dynamic_task_mapping_with_no_taskflow_operators.py took 0.077 seconds
[2023-10-19T22:33:59.934+0200] {processor.py:157} INFO - Started process (PID=32604) to work on /Users/nick/Desktop/airflow_dic/venv/lib/python3.11/site-packages/airflow/example_dags/example_dynamic_task_mapping_with_no_taskflow_operators.py
[2023-10-19T22:33:59.936+0200] {processor.py:829} INFO - Processing file /Users/nick/Desktop/airflow_dic/venv/lib/python3.11/site-packages/airflow/example_dags/example_dynamic_task_mapping_with_no_taskflow_operators.py for tasks to queue
[2023-10-19T22:33:59.937+0200] {logging_mixin.py:151} INFO - [2023-10-19T22:33:59.937+0200] {dagbag.py:539} INFO - Filling up the DagBag from /Users/nick/Desktop/airflow_dic/venv/lib/python3.11/site-packages/airflow/example_dags/example_dynamic_task_mapping_with_no_taskflow_operators.py
[2023-10-19T22:33:59.946+0200] {processor.py:839} INFO - DAG(s) dict_keys(['example_dynamic_task_mapping_with_no_taskflow_operators']) retrieved from /Users/nick/Desktop/airflow_dic/venv/lib/python3.11/site-packages/airflow/example_dags/example_dynamic_task_mapping_with_no_taskflow_operators.py
[2023-10-19T22:34:00.003+0200] {logging_mixin.py:151} INFO - [2023-10-19T22:34:00.003+0200] {dag.py:2915} INFO - Sync 1 DAGs
[2023-10-19T22:34:00.009+0200] {logging_mixin.py:151} INFO - [2023-10-19T22:34:00.009+0200] {dag.py:3696} INFO - Setting next_dagrun for example_dynamic_task_mapping_with_no_taskflow_operators to 2023-10-18T20:34:00.009373+00:00, run_after=2023-10-19T20:34:00.009373+00:00
[2023-10-19T22:34:00.016+0200] {processor.py:179} INFO - Processing /Users/nick/Desktop/airflow_dic/venv/lib/python3.11/site-packages/airflow/example_dags/example_dynamic_task_mapping_with_no_taskflow_operators.py took 0.082 seconds
[2023-10-19T22:35:08.444+0200] {processor.py:157} INFO - Started process (PID=32761) to work on /Users/nick/Desktop/airflow_dic/venv/lib/python3.11/site-packages/airflow/example_dags/example_dynamic_task_mapping_with_no_taskflow_operators.py
[2023-10-19T22:35:08.446+0200] {processor.py:829} INFO - Processing file /Users/nick/Desktop/airflow_dic/venv/lib/python3.11/site-packages/airflow/example_dags/example_dynamic_task_mapping_with_no_taskflow_operators.py for tasks to queue
[2023-10-19T22:35:08.446+0200] {logging_mixin.py:151} INFO - [2023-10-19T22:35:08.446+0200] {dagbag.py:539} INFO - Filling up the DagBag from /Users/nick/Desktop/airflow_dic/venv/lib/python3.11/site-packages/airflow/example_dags/example_dynamic_task_mapping_with_no_taskflow_operators.py
[2023-10-19T22:35:08.457+0200] {processor.py:839} INFO - DAG(s) dict_keys(['example_dynamic_task_mapping_with_no_taskflow_operators']) retrieved from /Users/nick/Desktop/airflow_dic/venv/lib/python3.11/site-packages/airflow/example_dags/example_dynamic_task_mapping_with_no_taskflow_operators.py
[2023-10-19T22:35:08.522+0200] {logging_mixin.py:151} INFO - [2023-10-19T22:35:08.521+0200] {dag.py:2915} INFO - Sync 1 DAGs
[2023-10-19T22:35:08.528+0200] {logging_mixin.py:151} INFO - [2023-10-19T22:35:08.527+0200] {dag.py:3696} INFO - Setting next_dagrun for example_dynamic_task_mapping_with_no_taskflow_operators to 2023-10-18T20:35:08.527857+00:00, run_after=2023-10-19T20:35:08.527857+00:00
[2023-10-19T22:35:08.534+0200] {processor.py:179} INFO - Processing /Users/nick/Desktop/airflow_dic/venv/lib/python3.11/site-packages/airflow/example_dags/example_dynamic_task_mapping_with_no_taskflow_operators.py took 0.090 seconds
[2023-10-19T22:36:16.342+0200] {processor.py:157} INFO - Started process (PID=32901) to work on /Users/nick/Desktop/airflow_dic/venv/lib/python3.11/site-packages/airflow/example_dags/example_dynamic_task_mapping_with_no_taskflow_operators.py
[2023-10-19T22:36:16.343+0200] {processor.py:829} INFO - Processing file /Users/nick/Desktop/airflow_dic/venv/lib/python3.11/site-packages/airflow/example_dags/example_dynamic_task_mapping_with_no_taskflow_operators.py for tasks to queue
[2023-10-19T22:36:16.344+0200] {logging_mixin.py:151} INFO - [2023-10-19T22:36:16.344+0200] {dagbag.py:539} INFO - Filling up the DagBag from /Users/nick/Desktop/airflow_dic/venv/lib/python3.11/site-packages/airflow/example_dags/example_dynamic_task_mapping_with_no_taskflow_operators.py
[2023-10-19T22:36:16.353+0200] {processor.py:839} INFO - DAG(s) dict_keys(['example_dynamic_task_mapping_with_no_taskflow_operators']) retrieved from /Users/nick/Desktop/airflow_dic/venv/lib/python3.11/site-packages/airflow/example_dags/example_dynamic_task_mapping_with_no_taskflow_operators.py
[2023-10-19T22:36:16.408+0200] {logging_mixin.py:151} INFO - [2023-10-19T22:36:16.408+0200] {dag.py:2915} INFO - Sync 1 DAGs
[2023-10-19T22:36:16.413+0200] {logging_mixin.py:151} INFO - [2023-10-19T22:36:16.413+0200] {dag.py:3696} INFO - Setting next_dagrun for example_dynamic_task_mapping_with_no_taskflow_operators to 2023-10-18T20:36:16.413206+00:00, run_after=2023-10-19T20:36:16.413206+00:00
[2023-10-19T22:36:16.419+0200] {processor.py:179} INFO - Processing /Users/nick/Desktop/airflow_dic/venv/lib/python3.11/site-packages/airflow/example_dags/example_dynamic_task_mapping_with_no_taskflow_operators.py took 0.077 seconds
[2023-10-19T22:37:25.212+0200] {processor.py:157} INFO - Started process (PID=33034) to work on /Users/nick/Desktop/airflow_dic/venv/lib/python3.11/site-packages/airflow/example_dags/example_dynamic_task_mapping_with_no_taskflow_operators.py
[2023-10-19T22:37:25.213+0200] {processor.py:829} INFO - Processing file /Users/nick/Desktop/airflow_dic/venv/lib/python3.11/site-packages/airflow/example_dags/example_dynamic_task_mapping_with_no_taskflow_operators.py for tasks to queue
[2023-10-19T22:37:25.213+0200] {logging_mixin.py:151} INFO - [2023-10-19T22:37:25.213+0200] {dagbag.py:539} INFO - Filling up the DagBag from /Users/nick/Desktop/airflow_dic/venv/lib/python3.11/site-packages/airflow/example_dags/example_dynamic_task_mapping_with_no_taskflow_operators.py
[2023-10-19T22:37:25.222+0200] {processor.py:839} INFO - DAG(s) dict_keys(['example_dynamic_task_mapping_with_no_taskflow_operators']) retrieved from /Users/nick/Desktop/airflow_dic/venv/lib/python3.11/site-packages/airflow/example_dags/example_dynamic_task_mapping_with_no_taskflow_operators.py
[2023-10-19T22:37:25.279+0200] {logging_mixin.py:151} INFO - [2023-10-19T22:37:25.279+0200] {dag.py:2915} INFO - Sync 1 DAGs
[2023-10-19T22:37:25.285+0200] {logging_mixin.py:151} INFO - [2023-10-19T22:37:25.285+0200] {dag.py:3696} INFO - Setting next_dagrun for example_dynamic_task_mapping_with_no_taskflow_operators to 2023-10-18T20:37:25.285053+00:00, run_after=2023-10-19T20:37:25.285053+00:00
[2023-10-19T22:37:25.291+0200] {processor.py:179} INFO - Processing /Users/nick/Desktop/airflow_dic/venv/lib/python3.11/site-packages/airflow/example_dags/example_dynamic_task_mapping_with_no_taskflow_operators.py took 0.079 seconds
[2023-10-19T22:38:32.474+0200] {processor.py:157} INFO - Started process (PID=33159) to work on /Users/nick/Desktop/airflow_dic/venv/lib/python3.11/site-packages/airflow/example_dags/example_dynamic_task_mapping_with_no_taskflow_operators.py
[2023-10-19T22:38:32.475+0200] {processor.py:829} INFO - Processing file /Users/nick/Desktop/airflow_dic/venv/lib/python3.11/site-packages/airflow/example_dags/example_dynamic_task_mapping_with_no_taskflow_operators.py for tasks to queue
[2023-10-19T22:38:32.475+0200] {logging_mixin.py:151} INFO - [2023-10-19T22:38:32.475+0200] {dagbag.py:539} INFO - Filling up the DagBag from /Users/nick/Desktop/airflow_dic/venv/lib/python3.11/site-packages/airflow/example_dags/example_dynamic_task_mapping_with_no_taskflow_operators.py
[2023-10-19T22:38:32.484+0200] {processor.py:839} INFO - DAG(s) dict_keys(['example_dynamic_task_mapping_with_no_taskflow_operators']) retrieved from /Users/nick/Desktop/airflow_dic/venv/lib/python3.11/site-packages/airflow/example_dags/example_dynamic_task_mapping_with_no_taskflow_operators.py
[2023-10-19T22:38:32.541+0200] {logging_mixin.py:151} INFO - [2023-10-19T22:38:32.541+0200] {dag.py:2915} INFO - Sync 1 DAGs
[2023-10-19T22:38:32.546+0200] {logging_mixin.py:151} INFO - [2023-10-19T22:38:32.546+0200] {dag.py:3696} INFO - Setting next_dagrun for example_dynamic_task_mapping_with_no_taskflow_operators to 2023-10-18T20:38:32.546369+00:00, run_after=2023-10-19T20:38:32.546369+00:00
[2023-10-19T22:38:32.552+0200] {processor.py:179} INFO - Processing /Users/nick/Desktop/airflow_dic/venv/lib/python3.11/site-packages/airflow/example_dags/example_dynamic_task_mapping_with_no_taskflow_operators.py took 0.079 seconds
[2023-10-19T22:39:39.533+0200] {processor.py:157} INFO - Started process (PID=33285) to work on /Users/nick/Desktop/airflow_dic/venv/lib/python3.11/site-packages/airflow/example_dags/example_dynamic_task_mapping_with_no_taskflow_operators.py
[2023-10-19T22:39:39.534+0200] {processor.py:829} INFO - Processing file /Users/nick/Desktop/airflow_dic/venv/lib/python3.11/site-packages/airflow/example_dags/example_dynamic_task_mapping_with_no_taskflow_operators.py for tasks to queue
[2023-10-19T22:39:39.535+0200] {logging_mixin.py:151} INFO - [2023-10-19T22:39:39.534+0200] {dagbag.py:539} INFO - Filling up the DagBag from /Users/nick/Desktop/airflow_dic/venv/lib/python3.11/site-packages/airflow/example_dags/example_dynamic_task_mapping_with_no_taskflow_operators.py
[2023-10-19T22:39:39.544+0200] {processor.py:839} INFO - DAG(s) dict_keys(['example_dynamic_task_mapping_with_no_taskflow_operators']) retrieved from /Users/nick/Desktop/airflow_dic/venv/lib/python3.11/site-packages/airflow/example_dags/example_dynamic_task_mapping_with_no_taskflow_operators.py
[2023-10-19T22:39:39.599+0200] {logging_mixin.py:151} INFO - [2023-10-19T22:39:39.599+0200] {dag.py:2915} INFO - Sync 1 DAGs
[2023-10-19T22:39:39.604+0200] {logging_mixin.py:151} INFO - [2023-10-19T22:39:39.604+0200] {dag.py:3696} INFO - Setting next_dagrun for example_dynamic_task_mapping_with_no_taskflow_operators to 2023-10-18T20:39:39.604514+00:00, run_after=2023-10-19T20:39:39.604514+00:00
[2023-10-19T22:39:39.610+0200] {processor.py:179} INFO - Processing /Users/nick/Desktop/airflow_dic/venv/lib/python3.11/site-packages/airflow/example_dags/example_dynamic_task_mapping_with_no_taskflow_operators.py took 0.077 seconds
[2023-10-19T22:40:48.482+0200] {processor.py:157} INFO - Started process (PID=33414) to work on /Users/nick/Desktop/airflow_dic/venv/lib/python3.11/site-packages/airflow/example_dags/example_dynamic_task_mapping_with_no_taskflow_operators.py
[2023-10-19T22:40:48.483+0200] {processor.py:829} INFO - Processing file /Users/nick/Desktop/airflow_dic/venv/lib/python3.11/site-packages/airflow/example_dags/example_dynamic_task_mapping_with_no_taskflow_operators.py for tasks to queue
[2023-10-19T22:40:48.483+0200] {logging_mixin.py:151} INFO - [2023-10-19T22:40:48.483+0200] {dagbag.py:539} INFO - Filling up the DagBag from /Users/nick/Desktop/airflow_dic/venv/lib/python3.11/site-packages/airflow/example_dags/example_dynamic_task_mapping_with_no_taskflow_operators.py
[2023-10-19T22:40:48.492+0200] {processor.py:839} INFO - DAG(s) dict_keys(['example_dynamic_task_mapping_with_no_taskflow_operators']) retrieved from /Users/nick/Desktop/airflow_dic/venv/lib/python3.11/site-packages/airflow/example_dags/example_dynamic_task_mapping_with_no_taskflow_operators.py
[2023-10-19T22:40:48.548+0200] {logging_mixin.py:151} INFO - [2023-10-19T22:40:48.548+0200] {dag.py:2915} INFO - Sync 1 DAGs
[2023-10-19T22:40:48.553+0200] {logging_mixin.py:151} INFO - [2023-10-19T22:40:48.553+0200] {dag.py:3696} INFO - Setting next_dagrun for example_dynamic_task_mapping_with_no_taskflow_operators to 2023-10-18T20:40:48.553774+00:00, run_after=2023-10-19T20:40:48.553774+00:00
[2023-10-19T22:40:48.560+0200] {processor.py:179} INFO - Processing /Users/nick/Desktop/airflow_dic/venv/lib/python3.11/site-packages/airflow/example_dags/example_dynamic_task_mapping_with_no_taskflow_operators.py took 0.078 seconds
[2023-10-19T22:41:58.819+0200] {processor.py:157} INFO - Started process (PID=33544) to work on /Users/nick/Desktop/airflow_dic/venv/lib/python3.11/site-packages/airflow/example_dags/example_dynamic_task_mapping_with_no_taskflow_operators.py
[2023-10-19T22:41:58.820+0200] {processor.py:829} INFO - Processing file /Users/nick/Desktop/airflow_dic/venv/lib/python3.11/site-packages/airflow/example_dags/example_dynamic_task_mapping_with_no_taskflow_operators.py for tasks to queue
[2023-10-19T22:41:58.820+0200] {logging_mixin.py:151} INFO - [2023-10-19T22:41:58.820+0200] {dagbag.py:539} INFO - Filling up the DagBag from /Users/nick/Desktop/airflow_dic/venv/lib/python3.11/site-packages/airflow/example_dags/example_dynamic_task_mapping_with_no_taskflow_operators.py
[2023-10-19T22:41:58.829+0200] {processor.py:839} INFO - DAG(s) dict_keys(['example_dynamic_task_mapping_with_no_taskflow_operators']) retrieved from /Users/nick/Desktop/airflow_dic/venv/lib/python3.11/site-packages/airflow/example_dags/example_dynamic_task_mapping_with_no_taskflow_operators.py
[2023-10-19T22:41:58.884+0200] {logging_mixin.py:151} INFO - [2023-10-19T22:41:58.884+0200] {dag.py:2915} INFO - Sync 1 DAGs
[2023-10-19T22:41:58.890+0200] {logging_mixin.py:151} INFO - [2023-10-19T22:41:58.890+0200] {dag.py:3696} INFO - Setting next_dagrun for example_dynamic_task_mapping_with_no_taskflow_operators to 2023-10-18T20:41:58.890064+00:00, run_after=2023-10-19T20:41:58.890064+00:00
[2023-10-19T22:41:58.896+0200] {processor.py:179} INFO - Processing /Users/nick/Desktop/airflow_dic/venv/lib/python3.11/site-packages/airflow/example_dags/example_dynamic_task_mapping_with_no_taskflow_operators.py took 0.078 seconds
[2023-10-19T22:43:07.906+0200] {processor.py:157} INFO - Started process (PID=33670) to work on /Users/nick/Desktop/airflow_dic/venv/lib/python3.11/site-packages/airflow/example_dags/example_dynamic_task_mapping_with_no_taskflow_operators.py
[2023-10-19T22:43:07.907+0200] {processor.py:829} INFO - Processing file /Users/nick/Desktop/airflow_dic/venv/lib/python3.11/site-packages/airflow/example_dags/example_dynamic_task_mapping_with_no_taskflow_operators.py for tasks to queue
[2023-10-19T22:43:07.907+0200] {logging_mixin.py:151} INFO - [2023-10-19T22:43:07.907+0200] {dagbag.py:539} INFO - Filling up the DagBag from /Users/nick/Desktop/airflow_dic/venv/lib/python3.11/site-packages/airflow/example_dags/example_dynamic_task_mapping_with_no_taskflow_operators.py
[2023-10-19T22:43:07.916+0200] {processor.py:839} INFO - DAG(s) dict_keys(['example_dynamic_task_mapping_with_no_taskflow_operators']) retrieved from /Users/nick/Desktop/airflow_dic/venv/lib/python3.11/site-packages/airflow/example_dags/example_dynamic_task_mapping_with_no_taskflow_operators.py
[2023-10-19T22:43:07.973+0200] {logging_mixin.py:151} INFO - [2023-10-19T22:43:07.973+0200] {dag.py:2915} INFO - Sync 1 DAGs
[2023-10-19T22:43:07.979+0200] {logging_mixin.py:151} INFO - [2023-10-19T22:43:07.979+0200] {dag.py:3696} INFO - Setting next_dagrun for example_dynamic_task_mapping_with_no_taskflow_operators to 2023-10-18T20:43:07.978957+00:00, run_after=2023-10-19T20:43:07.978957+00:00
[2023-10-19T22:43:07.985+0200] {processor.py:179} INFO - Processing /Users/nick/Desktop/airflow_dic/venv/lib/python3.11/site-packages/airflow/example_dags/example_dynamic_task_mapping_with_no_taskflow_operators.py took 0.079 seconds
[2023-10-19T22:44:18.413+0200] {processor.py:157} INFO - Started process (PID=33806) to work on /Users/nick/Desktop/airflow_dic/venv/lib/python3.11/site-packages/airflow/example_dags/example_dynamic_task_mapping_with_no_taskflow_operators.py
[2023-10-19T22:44:18.415+0200] {processor.py:829} INFO - Processing file /Users/nick/Desktop/airflow_dic/venv/lib/python3.11/site-packages/airflow/example_dags/example_dynamic_task_mapping_with_no_taskflow_operators.py for tasks to queue
[2023-10-19T22:44:18.415+0200] {logging_mixin.py:151} INFO - [2023-10-19T22:44:18.415+0200] {dagbag.py:539} INFO - Filling up the DagBag from /Users/nick/Desktop/airflow_dic/venv/lib/python3.11/site-packages/airflow/example_dags/example_dynamic_task_mapping_with_no_taskflow_operators.py
[2023-10-19T22:44:18.425+0200] {processor.py:839} INFO - DAG(s) dict_keys(['example_dynamic_task_mapping_with_no_taskflow_operators']) retrieved from /Users/nick/Desktop/airflow_dic/venv/lib/python3.11/site-packages/airflow/example_dags/example_dynamic_task_mapping_with_no_taskflow_operators.py
[2023-10-19T22:44:18.480+0200] {logging_mixin.py:151} INFO - [2023-10-19T22:44:18.480+0200] {dag.py:2915} INFO - Sync 1 DAGs
[2023-10-19T22:44:18.485+0200] {logging_mixin.py:151} INFO - [2023-10-19T22:44:18.485+0200] {dag.py:3696} INFO - Setting next_dagrun for example_dynamic_task_mapping_with_no_taskflow_operators to 2023-10-18T20:44:18.485377+00:00, run_after=2023-10-19T20:44:18.485377+00:00
[2023-10-19T22:44:18.491+0200] {processor.py:179} INFO - Processing /Users/nick/Desktop/airflow_dic/venv/lib/python3.11/site-packages/airflow/example_dags/example_dynamic_task_mapping_with_no_taskflow_operators.py took 0.078 seconds
[2023-10-19T22:46:06.371+0200] {processor.py:157} INFO - Started process (PID=34027) to work on /Users/nick/Desktop/airflow_dic/venv/lib/python3.11/site-packages/airflow/example_dags/example_dynamic_task_mapping_with_no_taskflow_operators.py
[2023-10-19T22:46:06.372+0200] {processor.py:829} INFO - Processing file /Users/nick/Desktop/airflow_dic/venv/lib/python3.11/site-packages/airflow/example_dags/example_dynamic_task_mapping_with_no_taskflow_operators.py for tasks to queue
[2023-10-19T22:46:06.373+0200] {logging_mixin.py:151} INFO - [2023-10-19T22:46:06.372+0200] {dagbag.py:539} INFO - Filling up the DagBag from /Users/nick/Desktop/airflow_dic/venv/lib/python3.11/site-packages/airflow/example_dags/example_dynamic_task_mapping_with_no_taskflow_operators.py
[2023-10-19T22:46:06.383+0200] {processor.py:839} INFO - DAG(s) dict_keys(['example_dynamic_task_mapping_with_no_taskflow_operators']) retrieved from /Users/nick/Desktop/airflow_dic/venv/lib/python3.11/site-packages/airflow/example_dags/example_dynamic_task_mapping_with_no_taskflow_operators.py
[2023-10-19T22:46:06.452+0200] {logging_mixin.py:151} INFO - [2023-10-19T22:46:06.452+0200] {dag.py:2915} INFO - Sync 1 DAGs
[2023-10-19T22:46:06.458+0200] {logging_mixin.py:151} INFO - [2023-10-19T22:46:06.458+0200] {dag.py:3696} INFO - Setting next_dagrun for example_dynamic_task_mapping_with_no_taskflow_operators to 2023-10-18T20:46:06.458150+00:00, run_after=2023-10-19T20:46:06.458150+00:00
[2023-10-19T22:46:06.464+0200] {processor.py:179} INFO - Processing /Users/nick/Desktop/airflow_dic/venv/lib/python3.11/site-packages/airflow/example_dags/example_dynamic_task_mapping_with_no_taskflow_operators.py took 0.094 seconds
[2023-10-19T22:47:15.336+0200] {processor.py:157} INFO - Started process (PID=34157) to work on /Users/nick/Desktop/airflow_dic/venv/lib/python3.11/site-packages/airflow/example_dags/example_dynamic_task_mapping_with_no_taskflow_operators.py
[2023-10-19T22:47:15.339+0200] {processor.py:829} INFO - Processing file /Users/nick/Desktop/airflow_dic/venv/lib/python3.11/site-packages/airflow/example_dags/example_dynamic_task_mapping_with_no_taskflow_operators.py for tasks to queue
[2023-10-19T22:47:15.339+0200] {logging_mixin.py:151} INFO - [2023-10-19T22:47:15.339+0200] {dagbag.py:539} INFO - Filling up the DagBag from /Users/nick/Desktop/airflow_dic/venv/lib/python3.11/site-packages/airflow/example_dags/example_dynamic_task_mapping_with_no_taskflow_operators.py
[2023-10-19T22:47:15.348+0200] {processor.py:839} INFO - DAG(s) dict_keys(['example_dynamic_task_mapping_with_no_taskflow_operators']) retrieved from /Users/nick/Desktop/airflow_dic/venv/lib/python3.11/site-packages/airflow/example_dags/example_dynamic_task_mapping_with_no_taskflow_operators.py
[2023-10-19T22:47:15.404+0200] {logging_mixin.py:151} INFO - [2023-10-19T22:47:15.404+0200] {dag.py:2915} INFO - Sync 1 DAGs
[2023-10-19T22:47:15.409+0200] {logging_mixin.py:151} INFO - [2023-10-19T22:47:15.409+0200] {dag.py:3696} INFO - Setting next_dagrun for example_dynamic_task_mapping_with_no_taskflow_operators to 2023-10-18T20:47:15.409727+00:00, run_after=2023-10-19T20:47:15.409727+00:00
[2023-10-19T22:47:15.416+0200] {processor.py:179} INFO - Processing /Users/nick/Desktop/airflow_dic/venv/lib/python3.11/site-packages/airflow/example_dags/example_dynamic_task_mapping_with_no_taskflow_operators.py took 0.080 seconds
[2023-10-19T22:48:23.802+0200] {processor.py:157} INFO - Started process (PID=34289) to work on /Users/nick/Desktop/airflow_dic/venv/lib/python3.11/site-packages/airflow/example_dags/example_dynamic_task_mapping_with_no_taskflow_operators.py
[2023-10-19T22:48:23.803+0200] {processor.py:829} INFO - Processing file /Users/nick/Desktop/airflow_dic/venv/lib/python3.11/site-packages/airflow/example_dags/example_dynamic_task_mapping_with_no_taskflow_operators.py for tasks to queue
[2023-10-19T22:48:23.803+0200] {logging_mixin.py:151} INFO - [2023-10-19T22:48:23.803+0200] {dagbag.py:539} INFO - Filling up the DagBag from /Users/nick/Desktop/airflow_dic/venv/lib/python3.11/site-packages/airflow/example_dags/example_dynamic_task_mapping_with_no_taskflow_operators.py
[2023-10-19T22:48:23.813+0200] {processor.py:839} INFO - DAG(s) dict_keys(['example_dynamic_task_mapping_with_no_taskflow_operators']) retrieved from /Users/nick/Desktop/airflow_dic/venv/lib/python3.11/site-packages/airflow/example_dags/example_dynamic_task_mapping_with_no_taskflow_operators.py
[2023-10-19T22:48:23.870+0200] {logging_mixin.py:151} INFO - [2023-10-19T22:48:23.869+0200] {dag.py:2915} INFO - Sync 1 DAGs
[2023-10-19T22:48:23.875+0200] {logging_mixin.py:151} INFO - [2023-10-19T22:48:23.875+0200] {dag.py:3696} INFO - Setting next_dagrun for example_dynamic_task_mapping_with_no_taskflow_operators to 2023-10-18T20:48:23.875200+00:00, run_after=2023-10-19T20:48:23.875200+00:00
[2023-10-19T22:48:23.881+0200] {processor.py:179} INFO - Processing /Users/nick/Desktop/airflow_dic/venv/lib/python3.11/site-packages/airflow/example_dags/example_dynamic_task_mapping_with_no_taskflow_operators.py took 0.080 seconds
[2023-10-19T22:49:33.373+0200] {processor.py:157} INFO - Started process (PID=34428) to work on /Users/nick/Desktop/airflow_dic/venv/lib/python3.11/site-packages/airflow/example_dags/example_dynamic_task_mapping_with_no_taskflow_operators.py
[2023-10-19T22:49:33.374+0200] {processor.py:829} INFO - Processing file /Users/nick/Desktop/airflow_dic/venv/lib/python3.11/site-packages/airflow/example_dags/example_dynamic_task_mapping_with_no_taskflow_operators.py for tasks to queue
[2023-10-19T22:49:33.374+0200] {logging_mixin.py:151} INFO - [2023-10-19T22:49:33.374+0200] {dagbag.py:539} INFO - Filling up the DagBag from /Users/nick/Desktop/airflow_dic/venv/lib/python3.11/site-packages/airflow/example_dags/example_dynamic_task_mapping_with_no_taskflow_operators.py
[2023-10-19T22:49:33.383+0200] {processor.py:839} INFO - DAG(s) dict_keys(['example_dynamic_task_mapping_with_no_taskflow_operators']) retrieved from /Users/nick/Desktop/airflow_dic/venv/lib/python3.11/site-packages/airflow/example_dags/example_dynamic_task_mapping_with_no_taskflow_operators.py
[2023-10-19T22:49:33.438+0200] {logging_mixin.py:151} INFO - [2023-10-19T22:49:33.438+0200] {dag.py:2915} INFO - Sync 1 DAGs
[2023-10-19T22:49:33.443+0200] {logging_mixin.py:151} INFO - [2023-10-19T22:49:33.443+0200] {dag.py:3696} INFO - Setting next_dagrun for example_dynamic_task_mapping_with_no_taskflow_operators to 2023-10-18T20:49:33.443644+00:00, run_after=2023-10-19T20:49:33.443644+00:00
[2023-10-19T22:49:33.449+0200] {processor.py:179} INFO - Processing /Users/nick/Desktop/airflow_dic/venv/lib/python3.11/site-packages/airflow/example_dags/example_dynamic_task_mapping_with_no_taskflow_operators.py took 0.077 seconds
[2023-10-19T22:50:41.152+0200] {processor.py:157} INFO - Started process (PID=34550) to work on /Users/nick/Desktop/airflow_dic/venv/lib/python3.11/site-packages/airflow/example_dags/example_dynamic_task_mapping_with_no_taskflow_operators.py
[2023-10-19T22:50:41.153+0200] {processor.py:829} INFO - Processing file /Users/nick/Desktop/airflow_dic/venv/lib/python3.11/site-packages/airflow/example_dags/example_dynamic_task_mapping_with_no_taskflow_operators.py for tasks to queue
[2023-10-19T22:50:41.154+0200] {logging_mixin.py:151} INFO - [2023-10-19T22:50:41.153+0200] {dagbag.py:539} INFO - Filling up the DagBag from /Users/nick/Desktop/airflow_dic/venv/lib/python3.11/site-packages/airflow/example_dags/example_dynamic_task_mapping_with_no_taskflow_operators.py
[2023-10-19T22:50:41.163+0200] {processor.py:839} INFO - DAG(s) dict_keys(['example_dynamic_task_mapping_with_no_taskflow_operators']) retrieved from /Users/nick/Desktop/airflow_dic/venv/lib/python3.11/site-packages/airflow/example_dags/example_dynamic_task_mapping_with_no_taskflow_operators.py
[2023-10-19T22:50:41.220+0200] {logging_mixin.py:151} INFO - [2023-10-19T22:50:41.220+0200] {dag.py:2915} INFO - Sync 1 DAGs
[2023-10-19T22:50:41.226+0200] {logging_mixin.py:151} INFO - [2023-10-19T22:50:41.226+0200] {dag.py:3696} INFO - Setting next_dagrun for example_dynamic_task_mapping_with_no_taskflow_operators to 2023-10-18T20:50:41.225978+00:00, run_after=2023-10-19T20:50:41.225978+00:00
[2023-10-19T22:50:41.232+0200] {processor.py:179} INFO - Processing /Users/nick/Desktop/airflow_dic/venv/lib/python3.11/site-packages/airflow/example_dags/example_dynamic_task_mapping_with_no_taskflow_operators.py took 0.080 seconds
[2023-10-19T22:54:04.844+0200] {processor.py:157} INFO - Started process (PID=34865) to work on /Users/nick/Desktop/airflow_dic/venv/lib/python3.11/site-packages/airflow/example_dags/example_dynamic_task_mapping_with_no_taskflow_operators.py
[2023-10-19T22:54:04.845+0200] {processor.py:829} INFO - Processing file /Users/nick/Desktop/airflow_dic/venv/lib/python3.11/site-packages/airflow/example_dags/example_dynamic_task_mapping_with_no_taskflow_operators.py for tasks to queue
[2023-10-19T22:54:04.845+0200] {logging_mixin.py:151} INFO - [2023-10-19T22:54:04.845+0200] {dagbag.py:539} INFO - Filling up the DagBag from /Users/nick/Desktop/airflow_dic/venv/lib/python3.11/site-packages/airflow/example_dags/example_dynamic_task_mapping_with_no_taskflow_operators.py
[2023-10-19T22:54:04.855+0200] {processor.py:839} INFO - DAG(s) dict_keys(['example_dynamic_task_mapping_with_no_taskflow_operators']) retrieved from /Users/nick/Desktop/airflow_dic/venv/lib/python3.11/site-packages/airflow/example_dags/example_dynamic_task_mapping_with_no_taskflow_operators.py
[2023-10-19T22:54:04.915+0200] {logging_mixin.py:151} INFO - [2023-10-19T22:54:04.915+0200] {dag.py:2915} INFO - Sync 1 DAGs
[2023-10-19T22:54:04.921+0200] {logging_mixin.py:151} INFO - [2023-10-19T22:54:04.921+0200] {dag.py:3696} INFO - Setting next_dagrun for example_dynamic_task_mapping_with_no_taskflow_operators to 2023-10-18T20:54:04.921583+00:00, run_after=2023-10-19T20:54:04.921583+00:00
[2023-10-19T22:54:04.927+0200] {processor.py:179} INFO - Processing /Users/nick/Desktop/airflow_dic/venv/lib/python3.11/site-packages/airflow/example_dags/example_dynamic_task_mapping_with_no_taskflow_operators.py took 0.084 seconds
[2023-10-19T22:55:11.625+0200] {processor.py:157} INFO - Started process (PID=35002) to work on /Users/nick/Desktop/airflow_dic/venv/lib/python3.11/site-packages/airflow/example_dags/example_dynamic_task_mapping_with_no_taskflow_operators.py
[2023-10-19T22:55:11.627+0200] {processor.py:829} INFO - Processing file /Users/nick/Desktop/airflow_dic/venv/lib/python3.11/site-packages/airflow/example_dags/example_dynamic_task_mapping_with_no_taskflow_operators.py for tasks to queue
[2023-10-19T22:55:11.628+0200] {logging_mixin.py:151} INFO - [2023-10-19T22:55:11.627+0200] {dagbag.py:539} INFO - Filling up the DagBag from /Users/nick/Desktop/airflow_dic/venv/lib/python3.11/site-packages/airflow/example_dags/example_dynamic_task_mapping_with_no_taskflow_operators.py
[2023-10-19T22:55:11.637+0200] {processor.py:839} INFO - DAG(s) dict_keys(['example_dynamic_task_mapping_with_no_taskflow_operators']) retrieved from /Users/nick/Desktop/airflow_dic/venv/lib/python3.11/site-packages/airflow/example_dags/example_dynamic_task_mapping_with_no_taskflow_operators.py
[2023-10-19T22:55:11.693+0200] {logging_mixin.py:151} INFO - [2023-10-19T22:55:11.692+0200] {dag.py:2915} INFO - Sync 1 DAGs
[2023-10-19T22:55:11.698+0200] {logging_mixin.py:151} INFO - [2023-10-19T22:55:11.698+0200] {dag.py:3696} INFO - Setting next_dagrun for example_dynamic_task_mapping_with_no_taskflow_operators to 2023-10-18T20:55:11.698029+00:00, run_after=2023-10-19T20:55:11.698029+00:00
[2023-10-19T22:55:11.704+0200] {processor.py:179} INFO - Processing /Users/nick/Desktop/airflow_dic/venv/lib/python3.11/site-packages/airflow/example_dags/example_dynamic_task_mapping_with_no_taskflow_operators.py took 0.079 seconds
[2023-10-19T22:56:20.289+0200] {processor.py:157} INFO - Started process (PID=35139) to work on /Users/nick/Desktop/airflow_dic/venv/lib/python3.11/site-packages/airflow/example_dags/example_dynamic_task_mapping_with_no_taskflow_operators.py
[2023-10-19T22:56:20.290+0200] {processor.py:829} INFO - Processing file /Users/nick/Desktop/airflow_dic/venv/lib/python3.11/site-packages/airflow/example_dags/example_dynamic_task_mapping_with_no_taskflow_operators.py for tasks to queue
[2023-10-19T22:56:20.291+0200] {logging_mixin.py:151} INFO - [2023-10-19T22:56:20.291+0200] {dagbag.py:539} INFO - Filling up the DagBag from /Users/nick/Desktop/airflow_dic/venv/lib/python3.11/site-packages/airflow/example_dags/example_dynamic_task_mapping_with_no_taskflow_operators.py
[2023-10-19T22:56:20.300+0200] {processor.py:839} INFO - DAG(s) dict_keys(['example_dynamic_task_mapping_with_no_taskflow_operators']) retrieved from /Users/nick/Desktop/airflow_dic/venv/lib/python3.11/site-packages/airflow/example_dags/example_dynamic_task_mapping_with_no_taskflow_operators.py
[2023-10-19T22:56:20.354+0200] {logging_mixin.py:151} INFO - [2023-10-19T22:56:20.354+0200] {dag.py:2915} INFO - Sync 1 DAGs
[2023-10-19T22:56:20.360+0200] {logging_mixin.py:151} INFO - [2023-10-19T22:56:20.359+0200] {dag.py:3696} INFO - Setting next_dagrun for example_dynamic_task_mapping_with_no_taskflow_operators to 2023-10-18T20:56:20.359912+00:00, run_after=2023-10-19T20:56:20.359912+00:00
[2023-10-19T22:56:20.366+0200] {processor.py:179} INFO - Processing /Users/nick/Desktop/airflow_dic/venv/lib/python3.11/site-packages/airflow/example_dags/example_dynamic_task_mapping_with_no_taskflow_operators.py took 0.077 seconds
[2023-10-19T22:57:26.160+0200] {processor.py:157} INFO - Started process (PID=35271) to work on /Users/nick/Desktop/airflow_dic/venv/lib/python3.11/site-packages/airflow/example_dags/example_dynamic_task_mapping_with_no_taskflow_operators.py
[2023-10-19T22:57:26.161+0200] {processor.py:829} INFO - Processing file /Users/nick/Desktop/airflow_dic/venv/lib/python3.11/site-packages/airflow/example_dags/example_dynamic_task_mapping_with_no_taskflow_operators.py for tasks to queue
[2023-10-19T22:57:26.161+0200] {logging_mixin.py:151} INFO - [2023-10-19T22:57:26.161+0200] {dagbag.py:539} INFO - Filling up the DagBag from /Users/nick/Desktop/airflow_dic/venv/lib/python3.11/site-packages/airflow/example_dags/example_dynamic_task_mapping_with_no_taskflow_operators.py
[2023-10-19T22:57:26.170+0200] {processor.py:839} INFO - DAG(s) dict_keys(['example_dynamic_task_mapping_with_no_taskflow_operators']) retrieved from /Users/nick/Desktop/airflow_dic/venv/lib/python3.11/site-packages/airflow/example_dags/example_dynamic_task_mapping_with_no_taskflow_operators.py
[2023-10-19T22:57:26.225+0200] {logging_mixin.py:151} INFO - [2023-10-19T22:57:26.225+0200] {dag.py:2915} INFO - Sync 1 DAGs
[2023-10-19T22:57:26.230+0200] {logging_mixin.py:151} INFO - [2023-10-19T22:57:26.230+0200] {dag.py:3696} INFO - Setting next_dagrun for example_dynamic_task_mapping_with_no_taskflow_operators to 2023-10-18T20:57:26.230464+00:00, run_after=2023-10-19T20:57:26.230464+00:00
[2023-10-19T22:57:26.236+0200] {processor.py:179} INFO - Processing /Users/nick/Desktop/airflow_dic/venv/lib/python3.11/site-packages/airflow/example_dags/example_dynamic_task_mapping_with_no_taskflow_operators.py took 0.077 seconds
[2023-10-19T22:58:35.434+0200] {processor.py:157} INFO - Started process (PID=35409) to work on /Users/nick/Desktop/airflow_dic/venv/lib/python3.11/site-packages/airflow/example_dags/example_dynamic_task_mapping_with_no_taskflow_operators.py
[2023-10-19T22:58:35.435+0200] {processor.py:829} INFO - Processing file /Users/nick/Desktop/airflow_dic/venv/lib/python3.11/site-packages/airflow/example_dags/example_dynamic_task_mapping_with_no_taskflow_operators.py for tasks to queue
[2023-10-19T22:58:35.435+0200] {logging_mixin.py:151} INFO - [2023-10-19T22:58:35.435+0200] {dagbag.py:539} INFO - Filling up the DagBag from /Users/nick/Desktop/airflow_dic/venv/lib/python3.11/site-packages/airflow/example_dags/example_dynamic_task_mapping_with_no_taskflow_operators.py
[2023-10-19T22:58:35.444+0200] {processor.py:839} INFO - DAG(s) dict_keys(['example_dynamic_task_mapping_with_no_taskflow_operators']) retrieved from /Users/nick/Desktop/airflow_dic/venv/lib/python3.11/site-packages/airflow/example_dags/example_dynamic_task_mapping_with_no_taskflow_operators.py
[2023-10-19T22:58:35.500+0200] {logging_mixin.py:151} INFO - [2023-10-19T22:58:35.500+0200] {dag.py:2915} INFO - Sync 1 DAGs
[2023-10-19T22:58:35.505+0200] {logging_mixin.py:151} INFO - [2023-10-19T22:58:35.505+0200] {dag.py:3696} INFO - Setting next_dagrun for example_dynamic_task_mapping_with_no_taskflow_operators to 2023-10-18T20:58:35.505461+00:00, run_after=2023-10-19T20:58:35.505461+00:00
[2023-10-19T22:58:35.511+0200] {processor.py:179} INFO - Processing /Users/nick/Desktop/airflow_dic/venv/lib/python3.11/site-packages/airflow/example_dags/example_dynamic_task_mapping_with_no_taskflow_operators.py took 0.078 seconds
