[2023-10-19T22:17:29.641+0200] {processor.py:157} INFO - Started process (PID=28781) to work on /Users/nick/Desktop/airflow_dic/venv/lib/python3.11/site-packages/airflow/example_dags/example_setup_teardown_taskflow.py
[2023-10-19T22:17:29.642+0200] {processor.py:829} INFO - Processing file /Users/nick/Desktop/airflow_dic/venv/lib/python3.11/site-packages/airflow/example_dags/example_setup_teardown_taskflow.py for tasks to queue
[2023-10-19T22:17:29.643+0200] {logging_mixin.py:151} INFO - [2023-10-19T22:17:29.642+0200] {dagbag.py:539} INFO - Filling up the DagBag from /Users/nick/Desktop/airflow_dic/venv/lib/python3.11/site-packages/airflow/example_dags/example_setup_teardown_taskflow.py
[2023-10-19T22:17:29.663+0200] {processor.py:839} INFO - DAG(s) dict_keys(['example_setup_teardown_taskflow']) retrieved from /Users/nick/Desktop/airflow_dic/venv/lib/python3.11/site-packages/airflow/example_dags/example_setup_teardown_taskflow.py
[2023-10-19T22:17:29.931+0200] {logging_mixin.py:151} INFO - [2023-10-19T22:17:29.931+0200] {manager.py:499} INFO - Created Permission View: %s
[2023-10-19T22:17:29.934+0200] {logging_mixin.py:151} INFO - [2023-10-19T22:17:29.934+0200] {manager.py:499} INFO - Created Permission View: %s
[2023-10-19T22:17:29.936+0200] {logging_mixin.py:151} INFO - [2023-10-19T22:17:29.936+0200] {manager.py:499} INFO - Created Permission View: %s
[2023-10-19T22:17:29.936+0200] {logging_mixin.py:151} INFO - [2023-10-19T22:17:29.936+0200] {security.py:708} INFO - Not syncing DAG-level permissions for DAG 'DAG:example_setup_teardown_taskflow' as access control is unset.
[2023-10-19T22:17:29.936+0200] {logging_mixin.py:151} INFO - [2023-10-19T22:17:29.936+0200] {dag.py:2915} INFO - Sync 1 DAGs
[2023-10-19T22:17:29.939+0200] {logging_mixin.py:151} INFO - [2023-10-19T22:17:29.939+0200] {dag.py:2937} INFO - Creating ORM DAG for example_setup_teardown_taskflow
[2023-10-19T22:17:29.942+0200] {logging_mixin.py:151} INFO - [2023-10-19T22:17:29.942+0200] {dag.py:3696} INFO - Setting next_dagrun for example_setup_teardown_taskflow to 2023-10-18T20:17:29.942213+00:00, run_after=2023-10-19T20:17:29.942213+00:00
[2023-10-19T22:17:29.947+0200] {processor.py:179} INFO - Processing /Users/nick/Desktop/airflow_dic/venv/lib/python3.11/site-packages/airflow/example_dags/example_setup_teardown_taskflow.py took 0.306 seconds
[2023-10-19T22:18:27.279+0200] {processor.py:157} INFO - Started process (PID=28889) to work on /Users/nick/Desktop/airflow_dic/venv/lib/python3.11/site-packages/airflow/example_dags/example_setup_teardown_taskflow.py
[2023-10-19T22:18:27.280+0200] {processor.py:829} INFO - Processing file /Users/nick/Desktop/airflow_dic/venv/lib/python3.11/site-packages/airflow/example_dags/example_setup_teardown_taskflow.py for tasks to queue
[2023-10-19T22:18:27.280+0200] {logging_mixin.py:151} INFO - [2023-10-19T22:18:27.280+0200] {dagbag.py:539} INFO - Filling up the DagBag from /Users/nick/Desktop/airflow_dic/venv/lib/python3.11/site-packages/airflow/example_dags/example_setup_teardown_taskflow.py
[2023-10-19T22:18:27.300+0200] {processor.py:839} INFO - DAG(s) dict_keys(['example_setup_teardown_taskflow']) retrieved from /Users/nick/Desktop/airflow_dic/venv/lib/python3.11/site-packages/airflow/example_dags/example_setup_teardown_taskflow.py
[2023-10-19T22:18:27.354+0200] {logging_mixin.py:151} INFO - [2023-10-19T22:18:27.354+0200] {dag.py:2915} INFO - Sync 1 DAGs
[2023-10-19T22:18:27.360+0200] {logging_mixin.py:151} INFO - [2023-10-19T22:18:27.360+0200] {dag.py:3696} INFO - Setting next_dagrun for example_setup_teardown_taskflow to 2023-10-18T20:18:27.360183+00:00, run_after=2023-10-19T20:18:27.360183+00:00
[2023-10-19T22:18:27.366+0200] {processor.py:179} INFO - Processing /Users/nick/Desktop/airflow_dic/venv/lib/python3.11/site-packages/airflow/example_dags/example_setup_teardown_taskflow.py took 0.087 seconds
[2023-10-19T22:19:40.997+0200] {processor.py:157} INFO - Started process (PID=29029) to work on /Users/nick/Desktop/airflow_dic/venv/lib/python3.11/site-packages/airflow/example_dags/example_setup_teardown_taskflow.py
[2023-10-19T22:19:40.998+0200] {processor.py:829} INFO - Processing file /Users/nick/Desktop/airflow_dic/venv/lib/python3.11/site-packages/airflow/example_dags/example_setup_teardown_taskflow.py for tasks to queue
[2023-10-19T22:19:40.998+0200] {logging_mixin.py:151} INFO - [2023-10-19T22:19:40.998+0200] {dagbag.py:539} INFO - Filling up the DagBag from /Users/nick/Desktop/airflow_dic/venv/lib/python3.11/site-packages/airflow/example_dags/example_setup_teardown_taskflow.py
[2023-10-19T22:19:41.018+0200] {processor.py:839} INFO - DAG(s) dict_keys(['example_setup_teardown_taskflow']) retrieved from /Users/nick/Desktop/airflow_dic/venv/lib/python3.11/site-packages/airflow/example_dags/example_setup_teardown_taskflow.py
[2023-10-19T22:19:41.072+0200] {logging_mixin.py:151} INFO - [2023-10-19T22:19:41.072+0200] {dag.py:2915} INFO - Sync 1 DAGs
[2023-10-19T22:19:41.078+0200] {logging_mixin.py:151} INFO - [2023-10-19T22:19:41.078+0200] {dag.py:3696} INFO - Setting next_dagrun for example_setup_teardown_taskflow to 2023-10-18T20:19:41.078258+00:00, run_after=2023-10-19T20:19:41.078258+00:00
[2023-10-19T22:19:41.084+0200] {processor.py:179} INFO - Processing /Users/nick/Desktop/airflow_dic/venv/lib/python3.11/site-packages/airflow/example_dags/example_setup_teardown_taskflow.py took 0.088 seconds
[2023-10-19T22:20:45.871+0200] {processor.py:157} INFO - Started process (PID=29150) to work on /Users/nick/Desktop/airflow_dic/venv/lib/python3.11/site-packages/airflow/example_dags/example_setup_teardown_taskflow.py
[2023-10-19T22:20:45.872+0200] {processor.py:829} INFO - Processing file /Users/nick/Desktop/airflow_dic/venv/lib/python3.11/site-packages/airflow/example_dags/example_setup_teardown_taskflow.py for tasks to queue
[2023-10-19T22:20:45.873+0200] {logging_mixin.py:151} INFO - [2023-10-19T22:20:45.873+0200] {dagbag.py:539} INFO - Filling up the DagBag from /Users/nick/Desktop/airflow_dic/venv/lib/python3.11/site-packages/airflow/example_dags/example_setup_teardown_taskflow.py
[2023-10-19T22:20:45.892+0200] {processor.py:839} INFO - DAG(s) dict_keys(['example_setup_teardown_taskflow']) retrieved from /Users/nick/Desktop/airflow_dic/venv/lib/python3.11/site-packages/airflow/example_dags/example_setup_teardown_taskflow.py
[2023-10-19T22:20:45.946+0200] {logging_mixin.py:151} INFO - [2023-10-19T22:20:45.946+0200] {dag.py:2915} INFO - Sync 1 DAGs
[2023-10-19T22:20:45.952+0200] {logging_mixin.py:151} INFO - [2023-10-19T22:20:45.952+0200] {dag.py:3696} INFO - Setting next_dagrun for example_setup_teardown_taskflow to 2023-10-18T20:20:45.952262+00:00, run_after=2023-10-19T20:20:45.952262+00:00
[2023-10-19T22:20:45.958+0200] {processor.py:179} INFO - Processing /Users/nick/Desktop/airflow_dic/venv/lib/python3.11/site-packages/airflow/example_dags/example_setup_teardown_taskflow.py took 0.087 seconds
[2023-10-19T22:21:54.146+0200] {processor.py:157} INFO - Started process (PID=29291) to work on /Users/nick/Desktop/airflow_dic/venv/lib/python3.11/site-packages/airflow/example_dags/example_setup_teardown_taskflow.py
[2023-10-19T22:21:54.148+0200] {processor.py:829} INFO - Processing file /Users/nick/Desktop/airflow_dic/venv/lib/python3.11/site-packages/airflow/example_dags/example_setup_teardown_taskflow.py for tasks to queue
[2023-10-19T22:21:54.149+0200] {logging_mixin.py:151} INFO - [2023-10-19T22:21:54.149+0200] {dagbag.py:539} INFO - Filling up the DagBag from /Users/nick/Desktop/airflow_dic/venv/lib/python3.11/site-packages/airflow/example_dags/example_setup_teardown_taskflow.py
[2023-10-19T22:21:54.169+0200] {processor.py:839} INFO - DAG(s) dict_keys(['example_setup_teardown_taskflow']) retrieved from /Users/nick/Desktop/airflow_dic/venv/lib/python3.11/site-packages/airflow/example_dags/example_setup_teardown_taskflow.py
[2023-10-19T22:21:54.222+0200] {logging_mixin.py:151} INFO - [2023-10-19T22:21:54.222+0200] {dag.py:2915} INFO - Sync 1 DAGs
[2023-10-19T22:21:54.228+0200] {logging_mixin.py:151} INFO - [2023-10-19T22:21:54.228+0200] {dag.py:3696} INFO - Setting next_dagrun for example_setup_teardown_taskflow to 2023-10-18T20:21:54.228330+00:00, run_after=2023-10-19T20:21:54.228330+00:00
[2023-10-19T22:21:54.234+0200] {processor.py:179} INFO - Processing /Users/nick/Desktop/airflow_dic/venv/lib/python3.11/site-packages/airflow/example_dags/example_setup_teardown_taskflow.py took 0.088 seconds
[2023-10-19T22:22:35.406+0200] {processor.py:157} INFO - Started process (PID=29376) to work on /Users/nick/Desktop/airflow_dic/venv/lib/python3.11/site-packages/airflow/example_dags/example_setup_teardown_taskflow.py
[2023-10-19T22:22:35.409+0200] {processor.py:829} INFO - Processing file /Users/nick/Desktop/airflow_dic/venv/lib/python3.11/site-packages/airflow/example_dags/example_setup_teardown_taskflow.py for tasks to queue
[2023-10-19T22:22:35.409+0200] {logging_mixin.py:151} INFO - [2023-10-19T22:22:35.409+0200] {dagbag.py:539} INFO - Filling up the DagBag from /Users/nick/Desktop/airflow_dic/venv/lib/python3.11/site-packages/airflow/example_dags/example_setup_teardown_taskflow.py
[2023-10-19T22:22:35.429+0200] {processor.py:839} INFO - DAG(s) dict_keys(['example_setup_teardown_taskflow']) retrieved from /Users/nick/Desktop/airflow_dic/venv/lib/python3.11/site-packages/airflow/example_dags/example_setup_teardown_taskflow.py
[2023-10-19T22:22:35.484+0200] {logging_mixin.py:151} INFO - [2023-10-19T22:22:35.484+0200] {dag.py:2915} INFO - Sync 1 DAGs
[2023-10-19T22:22:35.489+0200] {logging_mixin.py:151} INFO - [2023-10-19T22:22:35.489+0200] {dag.py:3696} INFO - Setting next_dagrun for example_setup_teardown_taskflow to 2023-10-18T20:22:35.489746+00:00, run_after=2023-10-19T20:22:35.489746+00:00
[2023-10-19T22:22:35.496+0200] {processor.py:179} INFO - Processing /Users/nick/Desktop/airflow_dic/venv/lib/python3.11/site-packages/airflow/example_dags/example_setup_teardown_taskflow.py took 0.089 seconds
[2023-10-19T22:23:17.090+0200] {processor.py:157} INFO - Started process (PID=29467) to work on /Users/nick/Desktop/airflow_dic/venv/lib/python3.11/site-packages/airflow/example_dags/example_setup_teardown_taskflow.py
[2023-10-19T22:23:17.092+0200] {processor.py:829} INFO - Processing file /Users/nick/Desktop/airflow_dic/venv/lib/python3.11/site-packages/airflow/example_dags/example_setup_teardown_taskflow.py for tasks to queue
[2023-10-19T22:23:17.092+0200] {logging_mixin.py:151} INFO - [2023-10-19T22:23:17.092+0200] {dagbag.py:539} INFO - Filling up the DagBag from /Users/nick/Desktop/airflow_dic/venv/lib/python3.11/site-packages/airflow/example_dags/example_setup_teardown_taskflow.py
[2023-10-19T22:23:17.111+0200] {processor.py:839} INFO - DAG(s) dict_keys(['example_setup_teardown_taskflow']) retrieved from /Users/nick/Desktop/airflow_dic/venv/lib/python3.11/site-packages/airflow/example_dags/example_setup_teardown_taskflow.py
[2023-10-19T22:23:17.166+0200] {logging_mixin.py:151} INFO - [2023-10-19T22:23:17.166+0200] {dag.py:2915} INFO - Sync 1 DAGs
[2023-10-19T22:23:17.172+0200] {logging_mixin.py:151} INFO - [2023-10-19T22:23:17.172+0200] {dag.py:3696} INFO - Setting next_dagrun for example_setup_teardown_taskflow to 2023-10-18T20:23:17.172118+00:00, run_after=2023-10-19T20:23:17.172118+00:00
[2023-10-19T22:23:17.178+0200] {processor.py:179} INFO - Processing /Users/nick/Desktop/airflow_dic/venv/lib/python3.11/site-packages/airflow/example_dags/example_setup_teardown_taskflow.py took 0.088 seconds
[2023-10-19T22:24:20.664+0200] {processor.py:157} INFO - Started process (PID=29586) to work on /Users/nick/Desktop/airflow_dic/venv/lib/python3.11/site-packages/airflow/example_dags/example_setup_teardown_taskflow.py
[2023-10-19T22:24:20.665+0200] {processor.py:829} INFO - Processing file /Users/nick/Desktop/airflow_dic/venv/lib/python3.11/site-packages/airflow/example_dags/example_setup_teardown_taskflow.py for tasks to queue
[2023-10-19T22:24:20.665+0200] {logging_mixin.py:151} INFO - [2023-10-19T22:24:20.665+0200] {dagbag.py:539} INFO - Filling up the DagBag from /Users/nick/Desktop/airflow_dic/venv/lib/python3.11/site-packages/airflow/example_dags/example_setup_teardown_taskflow.py
[2023-10-19T22:24:20.685+0200] {processor.py:839} INFO - DAG(s) dict_keys(['example_setup_teardown_taskflow']) retrieved from /Users/nick/Desktop/airflow_dic/venv/lib/python3.11/site-packages/airflow/example_dags/example_setup_teardown_taskflow.py
[2023-10-19T22:24:20.739+0200] {logging_mixin.py:151} INFO - [2023-10-19T22:24:20.739+0200] {dag.py:2915} INFO - Sync 1 DAGs
[2023-10-19T22:24:20.745+0200] {logging_mixin.py:151} INFO - [2023-10-19T22:24:20.745+0200] {dag.py:3696} INFO - Setting next_dagrun for example_setup_teardown_taskflow to 2023-10-18T20:24:20.745255+00:00, run_after=2023-10-19T20:24:20.745255+00:00
[2023-10-19T22:24:20.751+0200] {processor.py:179} INFO - Processing /Users/nick/Desktop/airflow_dic/venv/lib/python3.11/site-packages/airflow/example_dags/example_setup_teardown_taskflow.py took 0.088 seconds
[2023-10-19T22:25:22.618+0200] {processor.py:157} INFO - Started process (PID=29724) to work on /Users/nick/Desktop/airflow_dic/venv/lib/python3.11/site-packages/airflow/example_dags/example_setup_teardown_taskflow.py
[2023-10-19T22:25:22.620+0200] {processor.py:829} INFO - Processing file /Users/nick/Desktop/airflow_dic/venv/lib/python3.11/site-packages/airflow/example_dags/example_setup_teardown_taskflow.py for tasks to queue
[2023-10-19T22:25:22.620+0200] {logging_mixin.py:151} INFO - [2023-10-19T22:25:22.620+0200] {dagbag.py:539} INFO - Filling up the DagBag from /Users/nick/Desktop/airflow_dic/venv/lib/python3.11/site-packages/airflow/example_dags/example_setup_teardown_taskflow.py
[2023-10-19T22:25:22.642+0200] {processor.py:839} INFO - DAG(s) dict_keys(['example_setup_teardown_taskflow']) retrieved from /Users/nick/Desktop/airflow_dic/venv/lib/python3.11/site-packages/airflow/example_dags/example_setup_teardown_taskflow.py
[2023-10-19T22:25:22.703+0200] {logging_mixin.py:151} INFO - [2023-10-19T22:25:22.702+0200] {dag.py:2915} INFO - Sync 1 DAGs
[2023-10-19T22:25:22.709+0200] {logging_mixin.py:151} INFO - [2023-10-19T22:25:22.709+0200] {dag.py:3696} INFO - Setting next_dagrun for example_setup_teardown_taskflow to 2023-10-18T20:25:22.709263+00:00, run_after=2023-10-19T20:25:22.709263+00:00
[2023-10-19T22:25:22.716+0200] {processor.py:179} INFO - Processing /Users/nick/Desktop/airflow_dic/venv/lib/python3.11/site-packages/airflow/example_dags/example_setup_teardown_taskflow.py took 0.098 seconds
[2023-10-19T22:26:37.073+0200] {processor.py:157} INFO - Started process (PID=31739) to work on /Users/nick/Desktop/airflow_dic/venv/lib/python3.11/site-packages/airflow/example_dags/example_setup_teardown_taskflow.py
[2023-10-19T22:26:37.075+0200] {processor.py:829} INFO - Processing file /Users/nick/Desktop/airflow_dic/venv/lib/python3.11/site-packages/airflow/example_dags/example_setup_teardown_taskflow.py for tasks to queue
[2023-10-19T22:26:37.075+0200] {logging_mixin.py:151} INFO - [2023-10-19T22:26:37.075+0200] {dagbag.py:539} INFO - Filling up the DagBag from /Users/nick/Desktop/airflow_dic/venv/lib/python3.11/site-packages/airflow/example_dags/example_setup_teardown_taskflow.py
[2023-10-19T22:26:37.098+0200] {processor.py:839} INFO - DAG(s) dict_keys(['example_setup_teardown_taskflow']) retrieved from /Users/nick/Desktop/airflow_dic/venv/lib/python3.11/site-packages/airflow/example_dags/example_setup_teardown_taskflow.py
[2023-10-19T22:26:37.391+0200] {logging_mixin.py:151} INFO - [2023-10-19T22:26:37.391+0200] {security.py:708} INFO - Not syncing DAG-level permissions for DAG 'DAG:example_setup_teardown_taskflow' as access control is unset.
[2023-10-19T22:26:37.392+0200] {logging_mixin.py:151} INFO - [2023-10-19T22:26:37.392+0200] {dag.py:2915} INFO - Sync 1 DAGs
[2023-10-19T22:26:37.394+0200] {logging_mixin.py:151} INFO - [2023-10-19T22:26:37.394+0200] {dag.py:2937} INFO - Creating ORM DAG for example_setup_teardown_taskflow
[2023-10-19T22:26:37.397+0200] {logging_mixin.py:151} INFO - [2023-10-19T22:26:37.397+0200] {dag.py:3696} INFO - Setting next_dagrun for example_setup_teardown_taskflow to 2023-10-18T20:26:37.397681+00:00, run_after=2023-10-19T20:26:37.397681+00:00
[2023-10-19T22:26:37.405+0200] {processor.py:179} INFO - Processing /Users/nick/Desktop/airflow_dic/venv/lib/python3.11/site-packages/airflow/example_dags/example_setup_teardown_taskflow.py took 0.332 seconds
[2023-10-19T22:27:44.031+0200] {processor.py:157} INFO - Started process (PID=31865) to work on /Users/nick/Desktop/airflow_dic/venv/lib/python3.11/site-packages/airflow/example_dags/example_setup_teardown_taskflow.py
[2023-10-19T22:27:44.033+0200] {processor.py:829} INFO - Processing file /Users/nick/Desktop/airflow_dic/venv/lib/python3.11/site-packages/airflow/example_dags/example_setup_teardown_taskflow.py for tasks to queue
[2023-10-19T22:27:44.033+0200] {logging_mixin.py:151} INFO - [2023-10-19T22:27:44.033+0200] {dagbag.py:539} INFO - Filling up the DagBag from /Users/nick/Desktop/airflow_dic/venv/lib/python3.11/site-packages/airflow/example_dags/example_setup_teardown_taskflow.py
[2023-10-19T22:27:44.057+0200] {processor.py:839} INFO - DAG(s) dict_keys(['example_setup_teardown_taskflow']) retrieved from /Users/nick/Desktop/airflow_dic/venv/lib/python3.11/site-packages/airflow/example_dags/example_setup_teardown_taskflow.py
[2023-10-19T22:27:44.367+0200] {logging_mixin.py:151} INFO - [2023-10-19T22:27:44.367+0200] {security.py:708} INFO - Not syncing DAG-level permissions for DAG 'DAG:example_setup_teardown_taskflow' as access control is unset.
[2023-10-19T22:27:44.367+0200] {logging_mixin.py:151} INFO - [2023-10-19T22:27:44.367+0200] {dag.py:2915} INFO - Sync 1 DAGs
[2023-10-19T22:27:44.370+0200] {logging_mixin.py:151} INFO - [2023-10-19T22:27:44.370+0200] {dag.py:2937} INFO - Creating ORM DAG for example_setup_teardown_taskflow
[2023-10-19T22:27:44.373+0200] {logging_mixin.py:151} INFO - [2023-10-19T22:27:44.373+0200] {dag.py:3696} INFO - Setting next_dagrun for example_setup_teardown_taskflow to 2023-10-18T20:27:44.373788+00:00, run_after=2023-10-19T20:27:44.373788+00:00
[2023-10-19T22:27:44.380+0200] {processor.py:179} INFO - Processing /Users/nick/Desktop/airflow_dic/venv/lib/python3.11/site-packages/airflow/example_dags/example_setup_teardown_taskflow.py took 0.349 seconds
[2023-10-19T22:28:56.747+0200] {processor.py:157} INFO - Started process (PID=32017) to work on /Users/nick/Desktop/airflow_dic/venv/lib/python3.11/site-packages/airflow/example_dags/example_setup_teardown_taskflow.py
[2023-10-19T22:28:56.749+0200] {processor.py:829} INFO - Processing file /Users/nick/Desktop/airflow_dic/venv/lib/python3.11/site-packages/airflow/example_dags/example_setup_teardown_taskflow.py for tasks to queue
[2023-10-19T22:28:56.749+0200] {logging_mixin.py:151} INFO - [2023-10-19T22:28:56.749+0200] {dagbag.py:539} INFO - Filling up the DagBag from /Users/nick/Desktop/airflow_dic/venv/lib/python3.11/site-packages/airflow/example_dags/example_setup_teardown_taskflow.py
[2023-10-19T22:28:56.771+0200] {processor.py:839} INFO - DAG(s) dict_keys(['example_setup_teardown_taskflow']) retrieved from /Users/nick/Desktop/airflow_dic/venv/lib/python3.11/site-packages/airflow/example_dags/example_setup_teardown_taskflow.py
[2023-10-19T22:28:56.832+0200] {logging_mixin.py:151} INFO - [2023-10-19T22:28:56.832+0200] {dag.py:2915} INFO - Sync 1 DAGs
[2023-10-19T22:28:56.838+0200] {logging_mixin.py:151} INFO - [2023-10-19T22:28:56.838+0200] {dag.py:3696} INFO - Setting next_dagrun for example_setup_teardown_taskflow to 2023-10-18T20:28:56.838005+00:00, run_after=2023-10-19T20:28:56.838005+00:00
[2023-10-19T22:28:56.844+0200] {processor.py:179} INFO - Processing /Users/nick/Desktop/airflow_dic/venv/lib/python3.11/site-packages/airflow/example_dags/example_setup_teardown_taskflow.py took 0.097 seconds
[2023-10-19T22:30:01.476+0200] {processor.py:157} INFO - Started process (PID=32142) to work on /Users/nick/Desktop/airflow_dic/venv/lib/python3.11/site-packages/airflow/example_dags/example_setup_teardown_taskflow.py
[2023-10-19T22:30:01.477+0200] {processor.py:829} INFO - Processing file /Users/nick/Desktop/airflow_dic/venv/lib/python3.11/site-packages/airflow/example_dags/example_setup_teardown_taskflow.py for tasks to queue
[2023-10-19T22:30:01.477+0200] {logging_mixin.py:151} INFO - [2023-10-19T22:30:01.477+0200] {dagbag.py:539} INFO - Filling up the DagBag from /Users/nick/Desktop/airflow_dic/venv/lib/python3.11/site-packages/airflow/example_dags/example_setup_teardown_taskflow.py
[2023-10-19T22:30:01.497+0200] {processor.py:839} INFO - DAG(s) dict_keys(['example_setup_teardown_taskflow']) retrieved from /Users/nick/Desktop/airflow_dic/venv/lib/python3.11/site-packages/airflow/example_dags/example_setup_teardown_taskflow.py
[2023-10-19T22:30:01.551+0200] {logging_mixin.py:151} INFO - [2023-10-19T22:30:01.551+0200] {dag.py:2915} INFO - Sync 1 DAGs
[2023-10-19T22:30:01.556+0200] {logging_mixin.py:151} INFO - [2023-10-19T22:30:01.556+0200] {dag.py:3696} INFO - Setting next_dagrun for example_setup_teardown_taskflow to 2023-10-18T20:30:01.556589+00:00, run_after=2023-10-19T20:30:01.556589+00:00
[2023-10-19T22:30:01.563+0200] {processor.py:179} INFO - Processing /Users/nick/Desktop/airflow_dic/venv/lib/python3.11/site-packages/airflow/example_dags/example_setup_teardown_taskflow.py took 0.087 seconds
[2023-10-19T22:31:22.393+0200] {processor.py:157} INFO - Started process (PID=32307) to work on /Users/nick/Desktop/airflow_dic/venv/lib/python3.11/site-packages/airflow/example_dags/example_setup_teardown_taskflow.py
[2023-10-19T22:31:22.395+0200] {processor.py:829} INFO - Processing file /Users/nick/Desktop/airflow_dic/venv/lib/python3.11/site-packages/airflow/example_dags/example_setup_teardown_taskflow.py for tasks to queue
[2023-10-19T22:31:22.395+0200] {logging_mixin.py:151} INFO - [2023-10-19T22:31:22.395+0200] {dagbag.py:539} INFO - Filling up the DagBag from /Users/nick/Desktop/airflow_dic/venv/lib/python3.11/site-packages/airflow/example_dags/example_setup_teardown_taskflow.py
[2023-10-19T22:31:22.415+0200] {processor.py:839} INFO - DAG(s) dict_keys(['example_setup_teardown_taskflow']) retrieved from /Users/nick/Desktop/airflow_dic/venv/lib/python3.11/site-packages/airflow/example_dags/example_setup_teardown_taskflow.py
[2023-10-19T22:31:22.469+0200] {logging_mixin.py:151} INFO - [2023-10-19T22:31:22.469+0200] {dag.py:2915} INFO - Sync 1 DAGs
[2023-10-19T22:31:22.475+0200] {logging_mixin.py:151} INFO - [2023-10-19T22:31:22.474+0200] {dag.py:3696} INFO - Setting next_dagrun for example_setup_teardown_taskflow to 2023-10-18T20:31:22.474920+00:00, run_after=2023-10-19T20:31:22.474920+00:00
[2023-10-19T22:31:22.481+0200] {processor.py:179} INFO - Processing /Users/nick/Desktop/airflow_dic/venv/lib/python3.11/site-packages/airflow/example_dags/example_setup_teardown_taskflow.py took 0.088 seconds
[2023-10-19T22:32:26.693+0200] {processor.py:157} INFO - Started process (PID=32421) to work on /Users/nick/Desktop/airflow_dic/venv/lib/python3.11/site-packages/airflow/example_dags/example_setup_teardown_taskflow.py
[2023-10-19T22:32:26.695+0200] {processor.py:829} INFO - Processing file /Users/nick/Desktop/airflow_dic/venv/lib/python3.11/site-packages/airflow/example_dags/example_setup_teardown_taskflow.py for tasks to queue
[2023-10-19T22:32:26.695+0200] {logging_mixin.py:151} INFO - [2023-10-19T22:32:26.695+0200] {dagbag.py:539} INFO - Filling up the DagBag from /Users/nick/Desktop/airflow_dic/venv/lib/python3.11/site-packages/airflow/example_dags/example_setup_teardown_taskflow.py
[2023-10-19T22:32:26.717+0200] {processor.py:839} INFO - DAG(s) dict_keys(['example_setup_teardown_taskflow']) retrieved from /Users/nick/Desktop/airflow_dic/venv/lib/python3.11/site-packages/airflow/example_dags/example_setup_teardown_taskflow.py
[2023-10-19T22:32:26.776+0200] {logging_mixin.py:151} INFO - [2023-10-19T22:32:26.775+0200] {dag.py:2915} INFO - Sync 1 DAGs
[2023-10-19T22:32:26.782+0200] {logging_mixin.py:151} INFO - [2023-10-19T22:32:26.781+0200] {dag.py:3696} INFO - Setting next_dagrun for example_setup_teardown_taskflow to 2023-10-18T20:32:26.781925+00:00, run_after=2023-10-19T20:32:26.781925+00:00
[2023-10-19T22:32:26.788+0200] {processor.py:179} INFO - Processing /Users/nick/Desktop/airflow_dic/venv/lib/python3.11/site-packages/airflow/example_dags/example_setup_teardown_taskflow.py took 0.095 seconds
[2023-10-19T22:33:34.306+0200] {processor.py:157} INFO - Started process (PID=32550) to work on /Users/nick/Desktop/airflow_dic/venv/lib/python3.11/site-packages/airflow/example_dags/example_setup_teardown_taskflow.py
[2023-10-19T22:33:34.309+0200] {processor.py:829} INFO - Processing file /Users/nick/Desktop/airflow_dic/venv/lib/python3.11/site-packages/airflow/example_dags/example_setup_teardown_taskflow.py for tasks to queue
[2023-10-19T22:33:34.309+0200] {logging_mixin.py:151} INFO - [2023-10-19T22:33:34.309+0200] {dagbag.py:539} INFO - Filling up the DagBag from /Users/nick/Desktop/airflow_dic/venv/lib/python3.11/site-packages/airflow/example_dags/example_setup_teardown_taskflow.py
[2023-10-19T22:33:34.330+0200] {processor.py:839} INFO - DAG(s) dict_keys(['example_setup_teardown_taskflow']) retrieved from /Users/nick/Desktop/airflow_dic/venv/lib/python3.11/site-packages/airflow/example_dags/example_setup_teardown_taskflow.py
[2023-10-19T22:33:34.387+0200] {logging_mixin.py:151} INFO - [2023-10-19T22:33:34.387+0200] {dag.py:2915} INFO - Sync 1 DAGs
[2023-10-19T22:33:34.393+0200] {logging_mixin.py:151} INFO - [2023-10-19T22:33:34.393+0200] {dag.py:3696} INFO - Setting next_dagrun for example_setup_teardown_taskflow to 2023-10-18T20:33:34.393150+00:00, run_after=2023-10-19T20:33:34.393150+00:00
[2023-10-19T22:33:34.400+0200] {processor.py:179} INFO - Processing /Users/nick/Desktop/airflow_dic/venv/lib/python3.11/site-packages/airflow/example_dags/example_setup_teardown_taskflow.py took 0.093 seconds
[2023-10-19T22:34:45.892+0200] {processor.py:157} INFO - Started process (PID=32709) to work on /Users/nick/Desktop/airflow_dic/venv/lib/python3.11/site-packages/airflow/example_dags/example_setup_teardown_taskflow.py
[2023-10-19T22:34:45.894+0200] {processor.py:829} INFO - Processing file /Users/nick/Desktop/airflow_dic/venv/lib/python3.11/site-packages/airflow/example_dags/example_setup_teardown_taskflow.py for tasks to queue
[2023-10-19T22:34:45.894+0200] {logging_mixin.py:151} INFO - [2023-10-19T22:34:45.894+0200] {dagbag.py:539} INFO - Filling up the DagBag from /Users/nick/Desktop/airflow_dic/venv/lib/python3.11/site-packages/airflow/example_dags/example_setup_teardown_taskflow.py
[2023-10-19T22:34:45.914+0200] {processor.py:839} INFO - DAG(s) dict_keys(['example_setup_teardown_taskflow']) retrieved from /Users/nick/Desktop/airflow_dic/venv/lib/python3.11/site-packages/airflow/example_dags/example_setup_teardown_taskflow.py
[2023-10-19T22:34:45.968+0200] {logging_mixin.py:151} INFO - [2023-10-19T22:34:45.968+0200] {dag.py:2915} INFO - Sync 1 DAGs
[2023-10-19T22:34:45.974+0200] {logging_mixin.py:151} INFO - [2023-10-19T22:34:45.974+0200] {dag.py:3696} INFO - Setting next_dagrun for example_setup_teardown_taskflow to 2023-10-18T20:34:45.974373+00:00, run_after=2023-10-19T20:34:45.974373+00:00
[2023-10-19T22:34:45.980+0200] {processor.py:179} INFO - Processing /Users/nick/Desktop/airflow_dic/venv/lib/python3.11/site-packages/airflow/example_dags/example_setup_teardown_taskflow.py took 0.088 seconds
[2023-10-19T22:35:53.203+0200] {processor.py:157} INFO - Started process (PID=32858) to work on /Users/nick/Desktop/airflow_dic/venv/lib/python3.11/site-packages/airflow/example_dags/example_setup_teardown_taskflow.py
[2023-10-19T22:35:53.204+0200] {processor.py:829} INFO - Processing file /Users/nick/Desktop/airflow_dic/venv/lib/python3.11/site-packages/airflow/example_dags/example_setup_teardown_taskflow.py for tasks to queue
[2023-10-19T22:35:53.204+0200] {logging_mixin.py:151} INFO - [2023-10-19T22:35:53.204+0200] {dagbag.py:539} INFO - Filling up the DagBag from /Users/nick/Desktop/airflow_dic/venv/lib/python3.11/site-packages/airflow/example_dags/example_setup_teardown_taskflow.py
[2023-10-19T22:35:53.225+0200] {processor.py:839} INFO - DAG(s) dict_keys(['example_setup_teardown_taskflow']) retrieved from /Users/nick/Desktop/airflow_dic/venv/lib/python3.11/site-packages/airflow/example_dags/example_setup_teardown_taskflow.py
[2023-10-19T22:35:53.279+0200] {logging_mixin.py:151} INFO - [2023-10-19T22:35:53.279+0200] {dag.py:2915} INFO - Sync 1 DAGs
[2023-10-19T22:35:53.284+0200] {logging_mixin.py:151} INFO - [2023-10-19T22:35:53.284+0200] {dag.py:3696} INFO - Setting next_dagrun for example_setup_teardown_taskflow to 2023-10-18T20:35:53.284747+00:00, run_after=2023-10-19T20:35:53.284747+00:00
[2023-10-19T22:35:53.291+0200] {processor.py:179} INFO - Processing /Users/nick/Desktop/airflow_dic/venv/lib/python3.11/site-packages/airflow/example_dags/example_setup_teardown_taskflow.py took 0.088 seconds
[2023-10-19T22:37:01.880+0200] {processor.py:157} INFO - Started process (PID=32988) to work on /Users/nick/Desktop/airflow_dic/venv/lib/python3.11/site-packages/airflow/example_dags/example_setup_teardown_taskflow.py
[2023-10-19T22:37:01.882+0200] {processor.py:829} INFO - Processing file /Users/nick/Desktop/airflow_dic/venv/lib/python3.11/site-packages/airflow/example_dags/example_setup_teardown_taskflow.py for tasks to queue
[2023-10-19T22:37:01.882+0200] {logging_mixin.py:151} INFO - [2023-10-19T22:37:01.882+0200] {dagbag.py:539} INFO - Filling up the DagBag from /Users/nick/Desktop/airflow_dic/venv/lib/python3.11/site-packages/airflow/example_dags/example_setup_teardown_taskflow.py
[2023-10-19T22:37:01.901+0200] {processor.py:839} INFO - DAG(s) dict_keys(['example_setup_teardown_taskflow']) retrieved from /Users/nick/Desktop/airflow_dic/venv/lib/python3.11/site-packages/airflow/example_dags/example_setup_teardown_taskflow.py
[2023-10-19T22:37:01.955+0200] {logging_mixin.py:151} INFO - [2023-10-19T22:37:01.955+0200] {dag.py:2915} INFO - Sync 1 DAGs
[2023-10-19T22:37:01.961+0200] {logging_mixin.py:151} INFO - [2023-10-19T22:37:01.960+0200] {dag.py:3696} INFO - Setting next_dagrun for example_setup_teardown_taskflow to 2023-10-18T20:37:01.960889+00:00, run_after=2023-10-19T20:37:01.960889+00:00
[2023-10-19T22:37:01.967+0200] {processor.py:179} INFO - Processing /Users/nick/Desktop/airflow_dic/venv/lib/python3.11/site-packages/airflow/example_dags/example_setup_teardown_taskflow.py took 0.087 seconds
[2023-10-19T22:38:09.227+0200] {processor.py:157} INFO - Started process (PID=33113) to work on /Users/nick/Desktop/airflow_dic/venv/lib/python3.11/site-packages/airflow/example_dags/example_setup_teardown_taskflow.py
[2023-10-19T22:38:09.228+0200] {processor.py:829} INFO - Processing file /Users/nick/Desktop/airflow_dic/venv/lib/python3.11/site-packages/airflow/example_dags/example_setup_teardown_taskflow.py for tasks to queue
[2023-10-19T22:38:09.228+0200] {logging_mixin.py:151} INFO - [2023-10-19T22:38:09.228+0200] {dagbag.py:539} INFO - Filling up the DagBag from /Users/nick/Desktop/airflow_dic/venv/lib/python3.11/site-packages/airflow/example_dags/example_setup_teardown_taskflow.py
[2023-10-19T22:38:09.248+0200] {processor.py:839} INFO - DAG(s) dict_keys(['example_setup_teardown_taskflow']) retrieved from /Users/nick/Desktop/airflow_dic/venv/lib/python3.11/site-packages/airflow/example_dags/example_setup_teardown_taskflow.py
[2023-10-19T22:38:09.301+0200] {logging_mixin.py:151} INFO - [2023-10-19T22:38:09.301+0200] {dag.py:2915} INFO - Sync 1 DAGs
[2023-10-19T22:38:09.307+0200] {logging_mixin.py:151} INFO - [2023-10-19T22:38:09.307+0200] {dag.py:3696} INFO - Setting next_dagrun for example_setup_teardown_taskflow to 2023-10-18T20:38:09.307031+00:00, run_after=2023-10-19T20:38:09.307031+00:00
[2023-10-19T22:38:09.313+0200] {processor.py:179} INFO - Processing /Users/nick/Desktop/airflow_dic/venv/lib/python3.11/site-packages/airflow/example_dags/example_setup_teardown_taskflow.py took 0.087 seconds
[2023-10-19T22:39:16.488+0200] {processor.py:157} INFO - Started process (PID=33241) to work on /Users/nick/Desktop/airflow_dic/venv/lib/python3.11/site-packages/airflow/example_dags/example_setup_teardown_taskflow.py
[2023-10-19T22:39:16.489+0200] {processor.py:829} INFO - Processing file /Users/nick/Desktop/airflow_dic/venv/lib/python3.11/site-packages/airflow/example_dags/example_setup_teardown_taskflow.py for tasks to queue
[2023-10-19T22:39:16.489+0200] {logging_mixin.py:151} INFO - [2023-10-19T22:39:16.489+0200] {dagbag.py:539} INFO - Filling up the DagBag from /Users/nick/Desktop/airflow_dic/venv/lib/python3.11/site-packages/airflow/example_dags/example_setup_teardown_taskflow.py
[2023-10-19T22:39:16.510+0200] {processor.py:839} INFO - DAG(s) dict_keys(['example_setup_teardown_taskflow']) retrieved from /Users/nick/Desktop/airflow_dic/venv/lib/python3.11/site-packages/airflow/example_dags/example_setup_teardown_taskflow.py
[2023-10-19T22:39:16.565+0200] {logging_mixin.py:151} INFO - [2023-10-19T22:39:16.565+0200] {dag.py:2915} INFO - Sync 1 DAGs
[2023-10-19T22:39:16.571+0200] {logging_mixin.py:151} INFO - [2023-10-19T22:39:16.571+0200] {dag.py:3696} INFO - Setting next_dagrun for example_setup_teardown_taskflow to 2023-10-18T20:39:16.571420+00:00, run_after=2023-10-19T20:39:16.571420+00:00
[2023-10-19T22:39:16.578+0200] {processor.py:179} INFO - Processing /Users/nick/Desktop/airflow_dic/venv/lib/python3.11/site-packages/airflow/example_dags/example_setup_teardown_taskflow.py took 0.090 seconds
[2023-10-19T22:40:23.767+0200] {processor.py:157} INFO - Started process (PID=33368) to work on /Users/nick/Desktop/airflow_dic/venv/lib/python3.11/site-packages/airflow/example_dags/example_setup_teardown_taskflow.py
[2023-10-19T22:40:23.768+0200] {processor.py:829} INFO - Processing file /Users/nick/Desktop/airflow_dic/venv/lib/python3.11/site-packages/airflow/example_dags/example_setup_teardown_taskflow.py for tasks to queue
[2023-10-19T22:40:23.768+0200] {logging_mixin.py:151} INFO - [2023-10-19T22:40:23.768+0200] {dagbag.py:539} INFO - Filling up the DagBag from /Users/nick/Desktop/airflow_dic/venv/lib/python3.11/site-packages/airflow/example_dags/example_setup_teardown_taskflow.py
[2023-10-19T22:40:23.788+0200] {processor.py:839} INFO - DAG(s) dict_keys(['example_setup_teardown_taskflow']) retrieved from /Users/nick/Desktop/airflow_dic/venv/lib/python3.11/site-packages/airflow/example_dags/example_setup_teardown_taskflow.py
[2023-10-19T22:40:23.842+0200] {logging_mixin.py:151} INFO - [2023-10-19T22:40:23.842+0200] {dag.py:2915} INFO - Sync 1 DAGs
[2023-10-19T22:40:23.848+0200] {logging_mixin.py:151} INFO - [2023-10-19T22:40:23.848+0200] {dag.py:3696} INFO - Setting next_dagrun for example_setup_teardown_taskflow to 2023-10-18T20:40:23.848083+00:00, run_after=2023-10-19T20:40:23.848083+00:00
[2023-10-19T22:40:23.854+0200] {processor.py:179} INFO - Processing /Users/nick/Desktop/airflow_dic/venv/lib/python3.11/site-packages/airflow/example_dags/example_setup_teardown_taskflow.py took 0.087 seconds
[2023-10-19T22:41:33.377+0200] {processor.py:157} INFO - Started process (PID=33496) to work on /Users/nick/Desktop/airflow_dic/venv/lib/python3.11/site-packages/airflow/example_dags/example_setup_teardown_taskflow.py
[2023-10-19T22:41:33.378+0200] {processor.py:829} INFO - Processing file /Users/nick/Desktop/airflow_dic/venv/lib/python3.11/site-packages/airflow/example_dags/example_setup_teardown_taskflow.py for tasks to queue
[2023-10-19T22:41:33.378+0200] {logging_mixin.py:151} INFO - [2023-10-19T22:41:33.378+0200] {dagbag.py:539} INFO - Filling up the DagBag from /Users/nick/Desktop/airflow_dic/venv/lib/python3.11/site-packages/airflow/example_dags/example_setup_teardown_taskflow.py
[2023-10-19T22:41:33.398+0200] {processor.py:839} INFO - DAG(s) dict_keys(['example_setup_teardown_taskflow']) retrieved from /Users/nick/Desktop/airflow_dic/venv/lib/python3.11/site-packages/airflow/example_dags/example_setup_teardown_taskflow.py
[2023-10-19T22:41:33.452+0200] {logging_mixin.py:151} INFO - [2023-10-19T22:41:33.452+0200] {dag.py:2915} INFO - Sync 1 DAGs
[2023-10-19T22:41:33.457+0200] {logging_mixin.py:151} INFO - [2023-10-19T22:41:33.457+0200] {dag.py:3696} INFO - Setting next_dagrun for example_setup_teardown_taskflow to 2023-10-18T20:41:33.457504+00:00, run_after=2023-10-19T20:41:33.457504+00:00
[2023-10-19T22:41:33.463+0200] {processor.py:179} INFO - Processing /Users/nick/Desktop/airflow_dic/venv/lib/python3.11/site-packages/airflow/example_dags/example_setup_teardown_taskflow.py took 0.086 seconds
[2023-10-19T22:42:43.964+0200] {processor.py:157} INFO - Started process (PID=33628) to work on /Users/nick/Desktop/airflow_dic/venv/lib/python3.11/site-packages/airflow/example_dags/example_setup_teardown_taskflow.py
[2023-10-19T22:42:43.966+0200] {processor.py:829} INFO - Processing file /Users/nick/Desktop/airflow_dic/venv/lib/python3.11/site-packages/airflow/example_dags/example_setup_teardown_taskflow.py for tasks to queue
[2023-10-19T22:42:43.966+0200] {logging_mixin.py:151} INFO - [2023-10-19T22:42:43.966+0200] {dagbag.py:539} INFO - Filling up the DagBag from /Users/nick/Desktop/airflow_dic/venv/lib/python3.11/site-packages/airflow/example_dags/example_setup_teardown_taskflow.py
[2023-10-19T22:42:43.988+0200] {processor.py:839} INFO - DAG(s) dict_keys(['example_setup_teardown_taskflow']) retrieved from /Users/nick/Desktop/airflow_dic/venv/lib/python3.11/site-packages/airflow/example_dags/example_setup_teardown_taskflow.py
[2023-10-19T22:42:44.043+0200] {logging_mixin.py:151} INFO - [2023-10-19T22:42:44.043+0200] {dag.py:2915} INFO - Sync 1 DAGs
[2023-10-19T22:42:44.049+0200] {logging_mixin.py:151} INFO - [2023-10-19T22:42:44.049+0200] {dag.py:3696} INFO - Setting next_dagrun for example_setup_teardown_taskflow to 2023-10-18T20:42:44.049001+00:00, run_after=2023-10-19T20:42:44.049001+00:00
[2023-10-19T22:42:44.055+0200] {processor.py:179} INFO - Processing /Users/nick/Desktop/airflow_dic/venv/lib/python3.11/site-packages/airflow/example_dags/example_setup_teardown_taskflow.py took 0.091 seconds
[2023-10-19T22:43:52.809+0200] {processor.py:157} INFO - Started process (PID=33753) to work on /Users/nick/Desktop/airflow_dic/venv/lib/python3.11/site-packages/airflow/example_dags/example_setup_teardown_taskflow.py
[2023-10-19T22:43:52.810+0200] {processor.py:829} INFO - Processing file /Users/nick/Desktop/airflow_dic/venv/lib/python3.11/site-packages/airflow/example_dags/example_setup_teardown_taskflow.py for tasks to queue
[2023-10-19T22:43:52.810+0200] {logging_mixin.py:151} INFO - [2023-10-19T22:43:52.810+0200] {dagbag.py:539} INFO - Filling up the DagBag from /Users/nick/Desktop/airflow_dic/venv/lib/python3.11/site-packages/airflow/example_dags/example_setup_teardown_taskflow.py
[2023-10-19T22:43:52.831+0200] {processor.py:839} INFO - DAG(s) dict_keys(['example_setup_teardown_taskflow']) retrieved from /Users/nick/Desktop/airflow_dic/venv/lib/python3.11/site-packages/airflow/example_dags/example_setup_teardown_taskflow.py
[2023-10-19T22:43:52.887+0200] {logging_mixin.py:151} INFO - [2023-10-19T22:43:52.887+0200] {dag.py:2915} INFO - Sync 1 DAGs
[2023-10-19T22:43:52.893+0200] {logging_mixin.py:151} INFO - [2023-10-19T22:43:52.893+0200] {dag.py:3696} INFO - Setting next_dagrun for example_setup_teardown_taskflow to 2023-10-18T20:43:52.893110+00:00, run_after=2023-10-19T20:43:52.893110+00:00
[2023-10-19T22:43:52.899+0200] {processor.py:179} INFO - Processing /Users/nick/Desktop/airflow_dic/venv/lib/python3.11/site-packages/airflow/example_dags/example_setup_teardown_taskflow.py took 0.090 seconds
[2023-10-19T22:45:03.483+0200] {processor.py:157} INFO - Started process (PID=33891) to work on /Users/nick/Desktop/airflow_dic/venv/lib/python3.11/site-packages/airflow/example_dags/example_setup_teardown_taskflow.py
[2023-10-19T22:45:03.484+0200] {processor.py:829} INFO - Processing file /Users/nick/Desktop/airflow_dic/venv/lib/python3.11/site-packages/airflow/example_dags/example_setup_teardown_taskflow.py for tasks to queue
[2023-10-19T22:45:03.484+0200] {logging_mixin.py:151} INFO - [2023-10-19T22:45:03.484+0200] {dagbag.py:539} INFO - Filling up the DagBag from /Users/nick/Desktop/airflow_dic/venv/lib/python3.11/site-packages/airflow/example_dags/example_setup_teardown_taskflow.py
[2023-10-19T22:45:03.505+0200] {processor.py:839} INFO - DAG(s) dict_keys(['example_setup_teardown_taskflow']) retrieved from /Users/nick/Desktop/airflow_dic/venv/lib/python3.11/site-packages/airflow/example_dags/example_setup_teardown_taskflow.py
[2023-10-19T22:45:03.558+0200] {logging_mixin.py:151} INFO - [2023-10-19T22:45:03.558+0200] {dag.py:2915} INFO - Sync 1 DAGs
[2023-10-19T22:45:03.564+0200] {logging_mixin.py:151} INFO - [2023-10-19T22:45:03.564+0200] {dag.py:3696} INFO - Setting next_dagrun for example_setup_teardown_taskflow to 2023-10-18T20:45:03.564130+00:00, run_after=2023-10-19T20:45:03.564130+00:00
[2023-10-19T22:45:03.570+0200] {processor.py:179} INFO - Processing /Users/nick/Desktop/airflow_dic/venv/lib/python3.11/site-packages/airflow/example_dags/example_setup_teardown_taskflow.py took 0.088 seconds
[2023-10-19T22:45:46.223+0200] {processor.py:157} INFO - Started process (PID=33990) to work on /Users/nick/Desktop/airflow_dic/venv/lib/python3.11/site-packages/airflow/example_dags/example_setup_teardown_taskflow.py
[2023-10-19T22:45:46.225+0200] {processor.py:829} INFO - Processing file /Users/nick/Desktop/airflow_dic/venv/lib/python3.11/site-packages/airflow/example_dags/example_setup_teardown_taskflow.py for tasks to queue
[2023-10-19T22:45:46.225+0200] {logging_mixin.py:151} INFO - [2023-10-19T22:45:46.225+0200] {dagbag.py:539} INFO - Filling up the DagBag from /Users/nick/Desktop/airflow_dic/venv/lib/python3.11/site-packages/airflow/example_dags/example_setup_teardown_taskflow.py
[2023-10-19T22:45:46.244+0200] {processor.py:839} INFO - DAG(s) dict_keys(['example_setup_teardown_taskflow']) retrieved from /Users/nick/Desktop/airflow_dic/venv/lib/python3.11/site-packages/airflow/example_dags/example_setup_teardown_taskflow.py
[2023-10-19T22:45:46.298+0200] {logging_mixin.py:151} INFO - [2023-10-19T22:45:46.298+0200] {dag.py:2915} INFO - Sync 1 DAGs
[2023-10-19T22:45:46.304+0200] {logging_mixin.py:151} INFO - [2023-10-19T22:45:46.304+0200] {dag.py:3696} INFO - Setting next_dagrun for example_setup_teardown_taskflow to 2023-10-18T20:45:46.303994+00:00, run_after=2023-10-19T20:45:46.303994+00:00
[2023-10-19T22:45:46.310+0200] {processor.py:179} INFO - Processing /Users/nick/Desktop/airflow_dic/venv/lib/python3.11/site-packages/airflow/example_dags/example_setup_teardown_taskflow.py took 0.087 seconds
[2023-10-19T22:46:51.428+0200] {processor.py:157} INFO - Started process (PID=34113) to work on /Users/nick/Desktop/airflow_dic/venv/lib/python3.11/site-packages/airflow/example_dags/example_setup_teardown_taskflow.py
[2023-10-19T22:46:51.430+0200] {processor.py:829} INFO - Processing file /Users/nick/Desktop/airflow_dic/venv/lib/python3.11/site-packages/airflow/example_dags/example_setup_teardown_taskflow.py for tasks to queue
[2023-10-19T22:46:51.431+0200] {logging_mixin.py:151} INFO - [2023-10-19T22:46:51.431+0200] {dagbag.py:539} INFO - Filling up the DagBag from /Users/nick/Desktop/airflow_dic/venv/lib/python3.11/site-packages/airflow/example_dags/example_setup_teardown_taskflow.py
[2023-10-19T22:46:51.451+0200] {processor.py:839} INFO - DAG(s) dict_keys(['example_setup_teardown_taskflow']) retrieved from /Users/nick/Desktop/airflow_dic/venv/lib/python3.11/site-packages/airflow/example_dags/example_setup_teardown_taskflow.py
[2023-10-19T22:46:51.505+0200] {logging_mixin.py:151} INFO - [2023-10-19T22:46:51.504+0200] {dag.py:2915} INFO - Sync 1 DAGs
[2023-10-19T22:46:51.510+0200] {logging_mixin.py:151} INFO - [2023-10-19T22:46:51.510+0200] {dag.py:3696} INFO - Setting next_dagrun for example_setup_teardown_taskflow to 2023-10-18T20:46:51.510517+00:00, run_after=2023-10-19T20:46:51.510517+00:00
[2023-10-19T22:46:51.516+0200] {processor.py:179} INFO - Processing /Users/nick/Desktop/airflow_dic/venv/lib/python3.11/site-packages/airflow/example_dags/example_setup_teardown_taskflow.py took 0.088 seconds
[2023-10-19T22:47:58.812+0200] {processor.py:157} INFO - Started process (PID=34242) to work on /Users/nick/Desktop/airflow_dic/venv/lib/python3.11/site-packages/airflow/example_dags/example_setup_teardown_taskflow.py
[2023-10-19T22:47:58.813+0200] {processor.py:829} INFO - Processing file /Users/nick/Desktop/airflow_dic/venv/lib/python3.11/site-packages/airflow/example_dags/example_setup_teardown_taskflow.py for tasks to queue
[2023-10-19T22:47:58.813+0200] {logging_mixin.py:151} INFO - [2023-10-19T22:47:58.813+0200] {dagbag.py:539} INFO - Filling up the DagBag from /Users/nick/Desktop/airflow_dic/venv/lib/python3.11/site-packages/airflow/example_dags/example_setup_teardown_taskflow.py
[2023-10-19T22:47:58.833+0200] {processor.py:839} INFO - DAG(s) dict_keys(['example_setup_teardown_taskflow']) retrieved from /Users/nick/Desktop/airflow_dic/venv/lib/python3.11/site-packages/airflow/example_dags/example_setup_teardown_taskflow.py
[2023-10-19T22:47:58.887+0200] {logging_mixin.py:151} INFO - [2023-10-19T22:47:58.887+0200] {dag.py:2915} INFO - Sync 1 DAGs
[2023-10-19T22:47:58.893+0200] {logging_mixin.py:151} INFO - [2023-10-19T22:47:58.893+0200] {dag.py:3696} INFO - Setting next_dagrun for example_setup_teardown_taskflow to 2023-10-18T20:47:58.893178+00:00, run_after=2023-10-19T20:47:58.893178+00:00
[2023-10-19T22:47:58.899+0200] {processor.py:179} INFO - Processing /Users/nick/Desktop/airflow_dic/venv/lib/python3.11/site-packages/airflow/example_dags/example_setup_teardown_taskflow.py took 0.088 seconds
[2023-10-19T22:49:08.769+0200] {processor.py:157} INFO - Started process (PID=34381) to work on /Users/nick/Desktop/airflow_dic/venv/lib/python3.11/site-packages/airflow/example_dags/example_setup_teardown_taskflow.py
[2023-10-19T22:49:08.770+0200] {processor.py:829} INFO - Processing file /Users/nick/Desktop/airflow_dic/venv/lib/python3.11/site-packages/airflow/example_dags/example_setup_teardown_taskflow.py for tasks to queue
[2023-10-19T22:49:08.771+0200] {logging_mixin.py:151} INFO - [2023-10-19T22:49:08.771+0200] {dagbag.py:539} INFO - Filling up the DagBag from /Users/nick/Desktop/airflow_dic/venv/lib/python3.11/site-packages/airflow/example_dags/example_setup_teardown_taskflow.py
[2023-10-19T22:49:08.790+0200] {processor.py:839} INFO - DAG(s) dict_keys(['example_setup_teardown_taskflow']) retrieved from /Users/nick/Desktop/airflow_dic/venv/lib/python3.11/site-packages/airflow/example_dags/example_setup_teardown_taskflow.py
[2023-10-19T22:49:08.844+0200] {logging_mixin.py:151} INFO - [2023-10-19T22:49:08.844+0200] {dag.py:2915} INFO - Sync 1 DAGs
[2023-10-19T22:49:08.849+0200] {logging_mixin.py:151} INFO - [2023-10-19T22:49:08.849+0200] {dag.py:3696} INFO - Setting next_dagrun for example_setup_teardown_taskflow to 2023-10-18T20:49:08.849764+00:00, run_after=2023-10-19T20:49:08.849764+00:00
[2023-10-19T22:49:08.856+0200] {processor.py:179} INFO - Processing /Users/nick/Desktop/airflow_dic/venv/lib/python3.11/site-packages/airflow/example_dags/example_setup_teardown_taskflow.py took 0.087 seconds
[2023-10-19T22:50:17.741+0200] {processor.py:157} INFO - Started process (PID=34509) to work on /Users/nick/Desktop/airflow_dic/venv/lib/python3.11/site-packages/airflow/example_dags/example_setup_teardown_taskflow.py
[2023-10-19T22:50:17.742+0200] {processor.py:829} INFO - Processing file /Users/nick/Desktop/airflow_dic/venv/lib/python3.11/site-packages/airflow/example_dags/example_setup_teardown_taskflow.py for tasks to queue
[2023-10-19T22:50:17.742+0200] {logging_mixin.py:151} INFO - [2023-10-19T22:50:17.742+0200] {dagbag.py:539} INFO - Filling up the DagBag from /Users/nick/Desktop/airflow_dic/venv/lib/python3.11/site-packages/airflow/example_dags/example_setup_teardown_taskflow.py
[2023-10-19T22:50:17.762+0200] {processor.py:839} INFO - DAG(s) dict_keys(['example_setup_teardown_taskflow']) retrieved from /Users/nick/Desktop/airflow_dic/venv/lib/python3.11/site-packages/airflow/example_dags/example_setup_teardown_taskflow.py
[2023-10-19T22:50:17.817+0200] {logging_mixin.py:151} INFO - [2023-10-19T22:50:17.817+0200] {dag.py:2915} INFO - Sync 1 DAGs
[2023-10-19T22:50:17.823+0200] {logging_mixin.py:151} INFO - [2023-10-19T22:50:17.822+0200] {dag.py:3696} INFO - Setting next_dagrun for example_setup_teardown_taskflow to 2023-10-18T20:50:17.822886+00:00, run_after=2023-10-19T20:50:17.822886+00:00
[2023-10-19T22:50:17.829+0200] {processor.py:179} INFO - Processing /Users/nick/Desktop/airflow_dic/venv/lib/python3.11/site-packages/airflow/example_dags/example_setup_teardown_taskflow.py took 0.088 seconds
[2023-10-19T22:53:44.732+0200] {processor.py:157} INFO - Started process (PID=34828) to work on /Users/nick/Desktop/airflow_dic/venv/lib/python3.11/site-packages/airflow/example_dags/example_setup_teardown_taskflow.py
[2023-10-19T22:53:44.734+0200] {processor.py:829} INFO - Processing file /Users/nick/Desktop/airflow_dic/venv/lib/python3.11/site-packages/airflow/example_dags/example_setup_teardown_taskflow.py for tasks to queue
[2023-10-19T22:53:44.734+0200] {logging_mixin.py:151} INFO - [2023-10-19T22:53:44.734+0200] {dagbag.py:539} INFO - Filling up the DagBag from /Users/nick/Desktop/airflow_dic/venv/lib/python3.11/site-packages/airflow/example_dags/example_setup_teardown_taskflow.py
[2023-10-19T22:53:44.754+0200] {processor.py:839} INFO - DAG(s) dict_keys(['example_setup_teardown_taskflow']) retrieved from /Users/nick/Desktop/airflow_dic/venv/lib/python3.11/site-packages/airflow/example_dags/example_setup_teardown_taskflow.py
[2023-10-19T22:53:44.808+0200] {logging_mixin.py:151} INFO - [2023-10-19T22:53:44.808+0200] {dag.py:2915} INFO - Sync 1 DAGs
[2023-10-19T22:53:44.813+0200] {logging_mixin.py:151} INFO - [2023-10-19T22:53:44.813+0200] {dag.py:3696} INFO - Setting next_dagrun for example_setup_teardown_taskflow to 2023-10-18T20:53:44.813735+00:00, run_after=2023-10-19T20:53:44.813735+00:00
[2023-10-19T22:53:44.820+0200] {processor.py:179} INFO - Processing /Users/nick/Desktop/airflow_dic/venv/lib/python3.11/site-packages/airflow/example_dags/example_setup_teardown_taskflow.py took 0.087 seconds
[2023-10-19T22:54:48.430+0200] {processor.py:157} INFO - Started process (PID=34957) to work on /Users/nick/Desktop/airflow_dic/venv/lib/python3.11/site-packages/airflow/example_dags/example_setup_teardown_taskflow.py
[2023-10-19T22:54:48.432+0200] {processor.py:829} INFO - Processing file /Users/nick/Desktop/airflow_dic/venv/lib/python3.11/site-packages/airflow/example_dags/example_setup_teardown_taskflow.py for tasks to queue
[2023-10-19T22:54:48.432+0200] {logging_mixin.py:151} INFO - [2023-10-19T22:54:48.432+0200] {dagbag.py:539} INFO - Filling up the DagBag from /Users/nick/Desktop/airflow_dic/venv/lib/python3.11/site-packages/airflow/example_dags/example_setup_teardown_taskflow.py
[2023-10-19T22:54:48.453+0200] {processor.py:839} INFO - DAG(s) dict_keys(['example_setup_teardown_taskflow']) retrieved from /Users/nick/Desktop/airflow_dic/venv/lib/python3.11/site-packages/airflow/example_dags/example_setup_teardown_taskflow.py
[2023-10-19T22:54:48.510+0200] {logging_mixin.py:151} INFO - [2023-10-19T22:54:48.510+0200] {dag.py:2915} INFO - Sync 1 DAGs
[2023-10-19T22:54:48.516+0200] {logging_mixin.py:151} INFO - [2023-10-19T22:54:48.516+0200] {dag.py:3696} INFO - Setting next_dagrun for example_setup_teardown_taskflow to 2023-10-18T20:54:48.516480+00:00, run_after=2023-10-19T20:54:48.516480+00:00
[2023-10-19T22:54:48.522+0200] {processor.py:179} INFO - Processing /Users/nick/Desktop/airflow_dic/venv/lib/python3.11/site-packages/airflow/example_dags/example_setup_teardown_taskflow.py took 0.093 seconds
[2023-10-19T22:55:55.083+0200] {processor.py:157} INFO - Started process (PID=35091) to work on /Users/nick/Desktop/airflow_dic/venv/lib/python3.11/site-packages/airflow/example_dags/example_setup_teardown_taskflow.py
[2023-10-19T22:55:55.084+0200] {processor.py:829} INFO - Processing file /Users/nick/Desktop/airflow_dic/venv/lib/python3.11/site-packages/airflow/example_dags/example_setup_teardown_taskflow.py for tasks to queue
[2023-10-19T22:55:55.084+0200] {logging_mixin.py:151} INFO - [2023-10-19T22:55:55.084+0200] {dagbag.py:539} INFO - Filling up the DagBag from /Users/nick/Desktop/airflow_dic/venv/lib/python3.11/site-packages/airflow/example_dags/example_setup_teardown_taskflow.py
[2023-10-19T22:55:55.105+0200] {processor.py:839} INFO - DAG(s) dict_keys(['example_setup_teardown_taskflow']) retrieved from /Users/nick/Desktop/airflow_dic/venv/lib/python3.11/site-packages/airflow/example_dags/example_setup_teardown_taskflow.py
[2023-10-19T22:55:55.158+0200] {logging_mixin.py:151} INFO - [2023-10-19T22:55:55.158+0200] {dag.py:2915} INFO - Sync 1 DAGs
[2023-10-19T22:55:55.164+0200] {logging_mixin.py:151} INFO - [2023-10-19T22:55:55.164+0200] {dag.py:3696} INFO - Setting next_dagrun for example_setup_teardown_taskflow to 2023-10-18T20:55:55.164202+00:00, run_after=2023-10-19T20:55:55.164202+00:00
[2023-10-19T22:55:55.170+0200] {processor.py:179} INFO - Processing /Users/nick/Desktop/airflow_dic/venv/lib/python3.11/site-packages/airflow/example_dags/example_setup_teardown_taskflow.py took 0.088 seconds
[2023-10-19T22:57:04.860+0200] {processor.py:157} INFO - Started process (PID=35231) to work on /Users/nick/Desktop/airflow_dic/venv/lib/python3.11/site-packages/airflow/example_dags/example_setup_teardown_taskflow.py
[2023-10-19T22:57:04.861+0200] {processor.py:829} INFO - Processing file /Users/nick/Desktop/airflow_dic/venv/lib/python3.11/site-packages/airflow/example_dags/example_setup_teardown_taskflow.py for tasks to queue
[2023-10-19T22:57:04.861+0200] {logging_mixin.py:151} INFO - [2023-10-19T22:57:04.861+0200] {dagbag.py:539} INFO - Filling up the DagBag from /Users/nick/Desktop/airflow_dic/venv/lib/python3.11/site-packages/airflow/example_dags/example_setup_teardown_taskflow.py
[2023-10-19T22:57:04.881+0200] {processor.py:839} INFO - DAG(s) dict_keys(['example_setup_teardown_taskflow']) retrieved from /Users/nick/Desktop/airflow_dic/venv/lib/python3.11/site-packages/airflow/example_dags/example_setup_teardown_taskflow.py
[2023-10-19T22:57:04.934+0200] {logging_mixin.py:151} INFO - [2023-10-19T22:57:04.934+0200] {dag.py:2915} INFO - Sync 1 DAGs
[2023-10-19T22:57:04.940+0200] {logging_mixin.py:151} INFO - [2023-10-19T22:57:04.940+0200] {dag.py:3696} INFO - Setting next_dagrun for example_setup_teardown_taskflow to 2023-10-18T20:57:04.940304+00:00, run_after=2023-10-19T20:57:04.940304+00:00
[2023-10-19T22:57:04.946+0200] {processor.py:179} INFO - Processing /Users/nick/Desktop/airflow_dic/venv/lib/python3.11/site-packages/airflow/example_dags/example_setup_teardown_taskflow.py took 0.087 seconds
[2023-10-19T22:58:11.510+0200] {processor.py:157} INFO - Started process (PID=35365) to work on /Users/nick/Desktop/airflow_dic/venv/lib/python3.11/site-packages/airflow/example_dags/example_setup_teardown_taskflow.py
[2023-10-19T22:58:11.511+0200] {processor.py:829} INFO - Processing file /Users/nick/Desktop/airflow_dic/venv/lib/python3.11/site-packages/airflow/example_dags/example_setup_teardown_taskflow.py for tasks to queue
[2023-10-19T22:58:11.511+0200] {logging_mixin.py:151} INFO - [2023-10-19T22:58:11.511+0200] {dagbag.py:539} INFO - Filling up the DagBag from /Users/nick/Desktop/airflow_dic/venv/lib/python3.11/site-packages/airflow/example_dags/example_setup_teardown_taskflow.py
[2023-10-19T22:58:11.531+0200] {processor.py:839} INFO - DAG(s) dict_keys(['example_setup_teardown_taskflow']) retrieved from /Users/nick/Desktop/airflow_dic/venv/lib/python3.11/site-packages/airflow/example_dags/example_setup_teardown_taskflow.py
[2023-10-19T22:58:11.584+0200] {logging_mixin.py:151} INFO - [2023-10-19T22:58:11.584+0200] {dag.py:2915} INFO - Sync 1 DAGs
[2023-10-19T22:58:11.590+0200] {logging_mixin.py:151} INFO - [2023-10-19T22:58:11.590+0200] {dag.py:3696} INFO - Setting next_dagrun for example_setup_teardown_taskflow to 2023-10-18T20:58:11.590331+00:00, run_after=2023-10-19T20:58:11.590331+00:00
[2023-10-19T22:58:11.596+0200] {processor.py:179} INFO - Processing /Users/nick/Desktop/airflow_dic/venv/lib/python3.11/site-packages/airflow/example_dags/example_setup_teardown_taskflow.py took 0.087 seconds
[2023-10-19T22:59:17.693+0200] {processor.py:157} INFO - Started process (PID=35504) to work on /Users/nick/Desktop/airflow_dic/venv/lib/python3.11/site-packages/airflow/example_dags/example_setup_teardown_taskflow.py
[2023-10-19T22:59:17.694+0200] {processor.py:829} INFO - Processing file /Users/nick/Desktop/airflow_dic/venv/lib/python3.11/site-packages/airflow/example_dags/example_setup_teardown_taskflow.py for tasks to queue
[2023-10-19T22:59:17.694+0200] {logging_mixin.py:151} INFO - [2023-10-19T22:59:17.694+0200] {dagbag.py:539} INFO - Filling up the DagBag from /Users/nick/Desktop/airflow_dic/venv/lib/python3.11/site-packages/airflow/example_dags/example_setup_teardown_taskflow.py
[2023-10-19T22:59:17.715+0200] {processor.py:839} INFO - DAG(s) dict_keys(['example_setup_teardown_taskflow']) retrieved from /Users/nick/Desktop/airflow_dic/venv/lib/python3.11/site-packages/airflow/example_dags/example_setup_teardown_taskflow.py
[2023-10-19T22:59:17.772+0200] {logging_mixin.py:151} INFO - [2023-10-19T22:59:17.772+0200] {dag.py:2915} INFO - Sync 1 DAGs
[2023-10-19T22:59:17.778+0200] {logging_mixin.py:151} INFO - [2023-10-19T22:59:17.778+0200] {dag.py:3696} INFO - Setting next_dagrun for example_setup_teardown_taskflow to 2023-10-18T20:59:17.777957+00:00, run_after=2023-10-19T20:59:17.777957+00:00
[2023-10-19T22:59:17.784+0200] {processor.py:179} INFO - Processing /Users/nick/Desktop/airflow_dic/venv/lib/python3.11/site-packages/airflow/example_dags/example_setup_teardown_taskflow.py took 0.091 seconds
