[2023-10-19T22:18:36.981+0200] {processor.py:157} INFO - Started process (PID=28906) to work on /Users/nick/Desktop/airflow_dic/venv/lib/python3.11/site-packages/airflow/example_dags/example_params_ui_tutorial.py
[2023-10-19T22:18:36.982+0200] {processor.py:829} INFO - Processing file /Users/nick/Desktop/airflow_dic/venv/lib/python3.11/site-packages/airflow/example_dags/example_params_ui_tutorial.py for tasks to queue
[2023-10-19T22:18:36.983+0200] {logging_mixin.py:151} INFO - [2023-10-19T22:18:36.983+0200] {dagbag.py:539} INFO - Filling up the DagBag from /Users/nick/Desktop/airflow_dic/venv/lib/python3.11/site-packages/airflow/example_dags/example_params_ui_tutorial.py
[2023-10-19T22:18:37.024+0200] {processor.py:839} INFO - DAG(s) dict_keys(['example_params_ui_tutorial']) retrieved from /Users/nick/Desktop/airflow_dic/venv/lib/python3.11/site-packages/airflow/example_dags/example_params_ui_tutorial.py
[2023-10-19T22:18:37.297+0200] {logging_mixin.py:151} INFO - [2023-10-19T22:18:37.297+0200] {manager.py:499} INFO - Created Permission View: %s
[2023-10-19T22:18:37.300+0200] {logging_mixin.py:151} INFO - [2023-10-19T22:18:37.300+0200] {manager.py:499} INFO - Created Permission View: %s
[2023-10-19T22:18:37.302+0200] {logging_mixin.py:151} INFO - [2023-10-19T22:18:37.302+0200] {manager.py:499} INFO - Created Permission View: %s
[2023-10-19T22:18:37.302+0200] {logging_mixin.py:151} INFO - [2023-10-19T22:18:37.302+0200] {security.py:708} INFO - Not syncing DAG-level permissions for DAG 'DAG:example_params_ui_tutorial' as access control is unset.
[2023-10-19T22:18:37.302+0200] {logging_mixin.py:151} INFO - [2023-10-19T22:18:37.302+0200] {dag.py:2915} INFO - Sync 1 DAGs
[2023-10-19T22:18:37.306+0200] {logging_mixin.py:151} INFO - [2023-10-19T22:18:37.306+0200] {dag.py:2937} INFO - Creating ORM DAG for example_params_ui_tutorial
[2023-10-19T22:18:37.306+0200] {logging_mixin.py:151} INFO - [2023-10-19T22:18:37.306+0200] {dag.py:3696} INFO - Setting next_dagrun for example_params_ui_tutorial to None, run_after=None
[2023-10-19T22:18:37.312+0200] {processor.py:179} INFO - Processing /Users/nick/Desktop/airflow_dic/venv/lib/python3.11/site-packages/airflow/example_dags/example_params_ui_tutorial.py took 0.331 seconds
[2023-10-19T22:19:49.013+0200] {processor.py:157} INFO - Started process (PID=29044) to work on /Users/nick/Desktop/airflow_dic/venv/lib/python3.11/site-packages/airflow/example_dags/example_params_ui_tutorial.py
[2023-10-19T22:19:49.015+0200] {processor.py:829} INFO - Processing file /Users/nick/Desktop/airflow_dic/venv/lib/python3.11/site-packages/airflow/example_dags/example_params_ui_tutorial.py for tasks to queue
[2023-10-19T22:19:49.015+0200] {logging_mixin.py:151} INFO - [2023-10-19T22:19:49.015+0200] {dagbag.py:539} INFO - Filling up the DagBag from /Users/nick/Desktop/airflow_dic/venv/lib/python3.11/site-packages/airflow/example_dags/example_params_ui_tutorial.py
[2023-10-19T22:19:49.055+0200] {processor.py:839} INFO - DAG(s) dict_keys(['example_params_ui_tutorial']) retrieved from /Users/nick/Desktop/airflow_dic/venv/lib/python3.11/site-packages/airflow/example_dags/example_params_ui_tutorial.py
[2023-10-19T22:19:49.102+0200] {logging_mixin.py:151} INFO - [2023-10-19T22:19:49.102+0200] {dag.py:2915} INFO - Sync 1 DAGs
[2023-10-19T22:19:49.105+0200] {logging_mixin.py:151} INFO - [2023-10-19T22:19:49.105+0200] {dag.py:3696} INFO - Setting next_dagrun for example_params_ui_tutorial to None, run_after=None
[2023-10-19T22:19:49.111+0200] {processor.py:179} INFO - Processing /Users/nick/Desktop/airflow_dic/venv/lib/python3.11/site-packages/airflow/example_dags/example_params_ui_tutorial.py took 0.098 seconds
[2023-10-19T22:20:53.824+0200] {processor.py:157} INFO - Started process (PID=29164) to work on /Users/nick/Desktop/airflow_dic/venv/lib/python3.11/site-packages/airflow/example_dags/example_params_ui_tutorial.py
[2023-10-19T22:20:53.825+0200] {processor.py:829} INFO - Processing file /Users/nick/Desktop/airflow_dic/venv/lib/python3.11/site-packages/airflow/example_dags/example_params_ui_tutorial.py for tasks to queue
[2023-10-19T22:20:53.825+0200] {logging_mixin.py:151} INFO - [2023-10-19T22:20:53.825+0200] {dagbag.py:539} INFO - Filling up the DagBag from /Users/nick/Desktop/airflow_dic/venv/lib/python3.11/site-packages/airflow/example_dags/example_params_ui_tutorial.py
[2023-10-19T22:20:53.864+0200] {processor.py:839} INFO - DAG(s) dict_keys(['example_params_ui_tutorial']) retrieved from /Users/nick/Desktop/airflow_dic/venv/lib/python3.11/site-packages/airflow/example_dags/example_params_ui_tutorial.py
[2023-10-19T22:20:53.910+0200] {logging_mixin.py:151} INFO - [2023-10-19T22:20:53.910+0200] {dag.py:2915} INFO - Sync 1 DAGs
[2023-10-19T22:20:53.913+0200] {logging_mixin.py:151} INFO - [2023-10-19T22:20:53.913+0200] {dag.py:3696} INFO - Setting next_dagrun for example_params_ui_tutorial to None, run_after=None
[2023-10-19T22:20:53.919+0200] {processor.py:179} INFO - Processing /Users/nick/Desktop/airflow_dic/venv/lib/python3.11/site-packages/airflow/example_dags/example_params_ui_tutorial.py took 0.096 seconds
[2023-10-19T22:22:01.633+0200] {processor.py:157} INFO - Started process (PID=29306) to work on /Users/nick/Desktop/airflow_dic/venv/lib/python3.11/site-packages/airflow/example_dags/example_params_ui_tutorial.py
[2023-10-19T22:22:01.635+0200] {processor.py:829} INFO - Processing file /Users/nick/Desktop/airflow_dic/venv/lib/python3.11/site-packages/airflow/example_dags/example_params_ui_tutorial.py for tasks to queue
[2023-10-19T22:22:01.635+0200] {logging_mixin.py:151} INFO - [2023-10-19T22:22:01.635+0200] {dagbag.py:539} INFO - Filling up the DagBag from /Users/nick/Desktop/airflow_dic/venv/lib/python3.11/site-packages/airflow/example_dags/example_params_ui_tutorial.py
[2023-10-19T22:22:01.675+0200] {processor.py:839} INFO - DAG(s) dict_keys(['example_params_ui_tutorial']) retrieved from /Users/nick/Desktop/airflow_dic/venv/lib/python3.11/site-packages/airflow/example_dags/example_params_ui_tutorial.py
[2023-10-19T22:22:01.722+0200] {logging_mixin.py:151} INFO - [2023-10-19T22:22:01.721+0200] {dag.py:2915} INFO - Sync 1 DAGs
[2023-10-19T22:22:01.725+0200] {logging_mixin.py:151} INFO - [2023-10-19T22:22:01.725+0200] {dag.py:3696} INFO - Setting next_dagrun for example_params_ui_tutorial to None, run_after=None
[2023-10-19T22:22:01.731+0200] {processor.py:179} INFO - Processing /Users/nick/Desktop/airflow_dic/venv/lib/python3.11/site-packages/airflow/example_dags/example_params_ui_tutorial.py took 0.099 seconds
[2023-10-19T22:22:44.263+0200] {processor.py:157} INFO - Started process (PID=29396) to work on /Users/nick/Desktop/airflow_dic/venv/lib/python3.11/site-packages/airflow/example_dags/example_params_ui_tutorial.py
[2023-10-19T22:22:44.264+0200] {processor.py:829} INFO - Processing file /Users/nick/Desktop/airflow_dic/venv/lib/python3.11/site-packages/airflow/example_dags/example_params_ui_tutorial.py for tasks to queue
[2023-10-19T22:22:44.264+0200] {logging_mixin.py:151} INFO - [2023-10-19T22:22:44.264+0200] {dagbag.py:539} INFO - Filling up the DagBag from /Users/nick/Desktop/airflow_dic/venv/lib/python3.11/site-packages/airflow/example_dags/example_params_ui_tutorial.py
[2023-10-19T22:22:44.305+0200] {processor.py:839} INFO - DAG(s) dict_keys(['example_params_ui_tutorial']) retrieved from /Users/nick/Desktop/airflow_dic/venv/lib/python3.11/site-packages/airflow/example_dags/example_params_ui_tutorial.py
[2023-10-19T22:22:44.352+0200] {logging_mixin.py:151} INFO - [2023-10-19T22:22:44.352+0200] {dag.py:2915} INFO - Sync 1 DAGs
[2023-10-19T22:22:44.355+0200] {logging_mixin.py:151} INFO - [2023-10-19T22:22:44.355+0200] {dag.py:3696} INFO - Setting next_dagrun for example_params_ui_tutorial to None, run_after=None
[2023-10-19T22:22:44.361+0200] {processor.py:179} INFO - Processing /Users/nick/Desktop/airflow_dic/venv/lib/python3.11/site-packages/airflow/example_dags/example_params_ui_tutorial.py took 0.099 seconds
[2023-10-19T22:23:25.911+0200] {processor.py:157} INFO - Started process (PID=29482) to work on /Users/nick/Desktop/airflow_dic/venv/lib/python3.11/site-packages/airflow/example_dags/example_params_ui_tutorial.py
[2023-10-19T22:23:25.913+0200] {processor.py:829} INFO - Processing file /Users/nick/Desktop/airflow_dic/venv/lib/python3.11/site-packages/airflow/example_dags/example_params_ui_tutorial.py for tasks to queue
[2023-10-19T22:23:25.913+0200] {logging_mixin.py:151} INFO - [2023-10-19T22:23:25.913+0200] {dagbag.py:539} INFO - Filling up the DagBag from /Users/nick/Desktop/airflow_dic/venv/lib/python3.11/site-packages/airflow/example_dags/example_params_ui_tutorial.py
[2023-10-19T22:23:25.952+0200] {processor.py:839} INFO - DAG(s) dict_keys(['example_params_ui_tutorial']) retrieved from /Users/nick/Desktop/airflow_dic/venv/lib/python3.11/site-packages/airflow/example_dags/example_params_ui_tutorial.py
[2023-10-19T22:23:25.998+0200] {logging_mixin.py:151} INFO - [2023-10-19T22:23:25.998+0200] {dag.py:2915} INFO - Sync 1 DAGs
[2023-10-19T22:23:26.001+0200] {logging_mixin.py:151} INFO - [2023-10-19T22:23:26.001+0200] {dag.py:3696} INFO - Setting next_dagrun for example_params_ui_tutorial to None, run_after=None
[2023-10-19T22:23:26.007+0200] {processor.py:179} INFO - Processing /Users/nick/Desktop/airflow_dic/venv/lib/python3.11/site-packages/airflow/example_dags/example_params_ui_tutorial.py took 0.096 seconds
[2023-10-19T22:24:32.837+0200] {processor.py:157} INFO - Started process (PID=29611) to work on /Users/nick/Desktop/airflow_dic/venv/lib/python3.11/site-packages/airflow/example_dags/example_params_ui_tutorial.py
[2023-10-19T22:24:32.839+0200] {processor.py:829} INFO - Processing file /Users/nick/Desktop/airflow_dic/venv/lib/python3.11/site-packages/airflow/example_dags/example_params_ui_tutorial.py for tasks to queue
[2023-10-19T22:24:32.839+0200] {logging_mixin.py:151} INFO - [2023-10-19T22:24:32.839+0200] {dagbag.py:539} INFO - Filling up the DagBag from /Users/nick/Desktop/airflow_dic/venv/lib/python3.11/site-packages/airflow/example_dags/example_params_ui_tutorial.py
[2023-10-19T22:24:32.877+0200] {processor.py:839} INFO - DAG(s) dict_keys(['example_params_ui_tutorial']) retrieved from /Users/nick/Desktop/airflow_dic/venv/lib/python3.11/site-packages/airflow/example_dags/example_params_ui_tutorial.py
[2023-10-19T22:24:32.924+0200] {logging_mixin.py:151} INFO - [2023-10-19T22:24:32.924+0200] {dag.py:2915} INFO - Sync 1 DAGs
[2023-10-19T22:24:32.927+0200] {logging_mixin.py:151} INFO - [2023-10-19T22:24:32.927+0200] {dag.py:3696} INFO - Setting next_dagrun for example_params_ui_tutorial to None, run_after=None
[2023-10-19T22:24:32.933+0200] {processor.py:179} INFO - Processing /Users/nick/Desktop/airflow_dic/venv/lib/python3.11/site-packages/airflow/example_dags/example_params_ui_tutorial.py took 0.096 seconds
[2023-10-19T22:25:31.813+0200] {processor.py:157} INFO - Started process (PID=30029) to work on /Users/nick/Desktop/airflow_dic/venv/lib/python3.11/site-packages/airflow/example_dags/example_params_ui_tutorial.py
[2023-10-19T22:25:31.815+0200] {processor.py:829} INFO - Processing file /Users/nick/Desktop/airflow_dic/venv/lib/python3.11/site-packages/airflow/example_dags/example_params_ui_tutorial.py for tasks to queue
[2023-10-19T22:25:31.815+0200] {logging_mixin.py:151} INFO - [2023-10-19T22:25:31.815+0200] {dagbag.py:539} INFO - Filling up the DagBag from /Users/nick/Desktop/airflow_dic/venv/lib/python3.11/site-packages/airflow/example_dags/example_params_ui_tutorial.py
[2023-10-19T22:25:31.868+0200] {processor.py:839} INFO - DAG(s) dict_keys(['example_params_ui_tutorial']) retrieved from /Users/nick/Desktop/airflow_dic/venv/lib/python3.11/site-packages/airflow/example_dags/example_params_ui_tutorial.py
[2023-10-19T22:25:31.923+0200] {logging_mixin.py:151} INFO - [2023-10-19T22:25:31.923+0200] {dag.py:2915} INFO - Sync 1 DAGs
[2023-10-19T22:25:31.926+0200] {logging_mixin.py:151} INFO - [2023-10-19T22:25:31.926+0200] {dag.py:3696} INFO - Setting next_dagrun for example_params_ui_tutorial to None, run_after=None
[2023-10-19T22:25:31.933+0200] {processor.py:179} INFO - Processing /Users/nick/Desktop/airflow_dic/venv/lib/python3.11/site-packages/airflow/example_dags/example_params_ui_tutorial.py took 0.120 seconds
[2023-10-19T22:26:46.926+0200] {processor.py:157} INFO - Started process (PID=31757) to work on /Users/nick/Desktop/airflow_dic/venv/lib/python3.11/site-packages/airflow/example_dags/example_params_ui_tutorial.py
[2023-10-19T22:26:46.927+0200] {processor.py:829} INFO - Processing file /Users/nick/Desktop/airflow_dic/venv/lib/python3.11/site-packages/airflow/example_dags/example_params_ui_tutorial.py for tasks to queue
[2023-10-19T22:26:46.927+0200] {logging_mixin.py:151} INFO - [2023-10-19T22:26:46.927+0200] {dagbag.py:539} INFO - Filling up the DagBag from /Users/nick/Desktop/airflow_dic/venv/lib/python3.11/site-packages/airflow/example_dags/example_params_ui_tutorial.py
[2023-10-19T22:26:46.977+0200] {processor.py:839} INFO - DAG(s) dict_keys(['example_params_ui_tutorial']) retrieved from /Users/nick/Desktop/airflow_dic/venv/lib/python3.11/site-packages/airflow/example_dags/example_params_ui_tutorial.py
[2023-10-19T22:26:47.270+0200] {logging_mixin.py:151} INFO - [2023-10-19T22:26:47.270+0200] {security.py:708} INFO - Not syncing DAG-level permissions for DAG 'DAG:example_params_ui_tutorial' as access control is unset.
[2023-10-19T22:26:47.270+0200] {logging_mixin.py:151} INFO - [2023-10-19T22:26:47.270+0200] {dag.py:2915} INFO - Sync 1 DAGs
[2023-10-19T22:26:47.273+0200] {logging_mixin.py:151} INFO - [2023-10-19T22:26:47.273+0200] {dag.py:2937} INFO - Creating ORM DAG for example_params_ui_tutorial
[2023-10-19T22:26:47.274+0200] {logging_mixin.py:151} INFO - [2023-10-19T22:26:47.274+0200] {dag.py:3696} INFO - Setting next_dagrun for example_params_ui_tutorial to None, run_after=None
[2023-10-19T22:26:47.281+0200] {processor.py:179} INFO - Processing /Users/nick/Desktop/airflow_dic/venv/lib/python3.11/site-packages/airflow/example_dags/example_params_ui_tutorial.py took 0.356 seconds
[2023-10-19T22:27:55.012+0200] {processor.py:157} INFO - Started process (PID=31882) to work on /Users/nick/Desktop/airflow_dic/venv/lib/python3.11/site-packages/airflow/example_dags/example_params_ui_tutorial.py
[2023-10-19T22:27:55.014+0200] {processor.py:829} INFO - Processing file /Users/nick/Desktop/airflow_dic/venv/lib/python3.11/site-packages/airflow/example_dags/example_params_ui_tutorial.py for tasks to queue
[2023-10-19T22:27:55.014+0200] {logging_mixin.py:151} INFO - [2023-10-19T22:27:55.014+0200] {dagbag.py:539} INFO - Filling up the DagBag from /Users/nick/Desktop/airflow_dic/venv/lib/python3.11/site-packages/airflow/example_dags/example_params_ui_tutorial.py
[2023-10-19T22:27:55.058+0200] {processor.py:839} INFO - DAG(s) dict_keys(['example_params_ui_tutorial']) retrieved from /Users/nick/Desktop/airflow_dic/venv/lib/python3.11/site-packages/airflow/example_dags/example_params_ui_tutorial.py
[2023-10-19T22:27:55.352+0200] {logging_mixin.py:151} INFO - [2023-10-19T22:27:55.351+0200] {security.py:708} INFO - Not syncing DAG-level permissions for DAG 'DAG:example_params_ui_tutorial' as access control is unset.
[2023-10-19T22:27:55.352+0200] {logging_mixin.py:151} INFO - [2023-10-19T22:27:55.352+0200] {dag.py:2915} INFO - Sync 1 DAGs
[2023-10-19T22:27:55.355+0200] {logging_mixin.py:151} INFO - [2023-10-19T22:27:55.355+0200] {dag.py:2937} INFO - Creating ORM DAG for example_params_ui_tutorial
[2023-10-19T22:27:55.356+0200] {logging_mixin.py:151} INFO - [2023-10-19T22:27:55.355+0200] {dag.py:3696} INFO - Setting next_dagrun for example_params_ui_tutorial to None, run_after=None
[2023-10-19T22:27:55.362+0200] {processor.py:179} INFO - Processing /Users/nick/Desktop/airflow_dic/venv/lib/python3.11/site-packages/airflow/example_dags/example_params_ui_tutorial.py took 0.351 seconds
[2023-10-19T22:29:04.620+0200] {processor.py:157} INFO - Started process (PID=32034) to work on /Users/nick/Desktop/airflow_dic/venv/lib/python3.11/site-packages/airflow/example_dags/example_params_ui_tutorial.py
[2023-10-19T22:29:04.621+0200] {processor.py:829} INFO - Processing file /Users/nick/Desktop/airflow_dic/venv/lib/python3.11/site-packages/airflow/example_dags/example_params_ui_tutorial.py for tasks to queue
[2023-10-19T22:29:04.621+0200] {logging_mixin.py:151} INFO - [2023-10-19T22:29:04.621+0200] {dagbag.py:539} INFO - Filling up the DagBag from /Users/nick/Desktop/airflow_dic/venv/lib/python3.11/site-packages/airflow/example_dags/example_params_ui_tutorial.py
[2023-10-19T22:29:04.663+0200] {processor.py:839} INFO - DAG(s) dict_keys(['example_params_ui_tutorial']) retrieved from /Users/nick/Desktop/airflow_dic/venv/lib/python3.11/site-packages/airflow/example_dags/example_params_ui_tutorial.py
[2023-10-19T22:29:04.714+0200] {logging_mixin.py:151} INFO - [2023-10-19T22:29:04.713+0200] {dag.py:2915} INFO - Sync 1 DAGs
[2023-10-19T22:29:04.717+0200] {logging_mixin.py:151} INFO - [2023-10-19T22:29:04.717+0200] {dag.py:3696} INFO - Setting next_dagrun for example_params_ui_tutorial to None, run_after=None
[2023-10-19T22:29:04.723+0200] {processor.py:179} INFO - Processing /Users/nick/Desktop/airflow_dic/venv/lib/python3.11/site-packages/airflow/example_dags/example_params_ui_tutorial.py took 0.104 seconds
[2023-10-19T22:30:09.591+0200] {processor.py:157} INFO - Started process (PID=32157) to work on /Users/nick/Desktop/airflow_dic/venv/lib/python3.11/site-packages/airflow/example_dags/example_params_ui_tutorial.py
[2023-10-19T22:30:09.592+0200] {processor.py:829} INFO - Processing file /Users/nick/Desktop/airflow_dic/venv/lib/python3.11/site-packages/airflow/example_dags/example_params_ui_tutorial.py for tasks to queue
[2023-10-19T22:30:09.592+0200] {logging_mixin.py:151} INFO - [2023-10-19T22:30:09.592+0200] {dagbag.py:539} INFO - Filling up the DagBag from /Users/nick/Desktop/airflow_dic/venv/lib/python3.11/site-packages/airflow/example_dags/example_params_ui_tutorial.py
[2023-10-19T22:30:09.631+0200] {processor.py:839} INFO - DAG(s) dict_keys(['example_params_ui_tutorial']) retrieved from /Users/nick/Desktop/airflow_dic/venv/lib/python3.11/site-packages/airflow/example_dags/example_params_ui_tutorial.py
[2023-10-19T22:30:09.680+0200] {logging_mixin.py:151} INFO - [2023-10-19T22:30:09.680+0200] {dag.py:2915} INFO - Sync 1 DAGs
[2023-10-19T22:30:09.683+0200] {logging_mixin.py:151} INFO - [2023-10-19T22:30:09.683+0200] {dag.py:3696} INFO - Setting next_dagrun for example_params_ui_tutorial to None, run_after=None
[2023-10-19T22:30:09.690+0200] {processor.py:179} INFO - Processing /Users/nick/Desktop/airflow_dic/venv/lib/python3.11/site-packages/airflow/example_dags/example_params_ui_tutorial.py took 0.099 seconds
[2023-10-19T22:31:31.343+0200] {processor.py:157} INFO - Started process (PID=32322) to work on /Users/nick/Desktop/airflow_dic/venv/lib/python3.11/site-packages/airflow/example_dags/example_params_ui_tutorial.py
[2023-10-19T22:31:31.345+0200] {processor.py:829} INFO - Processing file /Users/nick/Desktop/airflow_dic/venv/lib/python3.11/site-packages/airflow/example_dags/example_params_ui_tutorial.py for tasks to queue
[2023-10-19T22:31:31.345+0200] {logging_mixin.py:151} INFO - [2023-10-19T22:31:31.345+0200] {dagbag.py:539} INFO - Filling up the DagBag from /Users/nick/Desktop/airflow_dic/venv/lib/python3.11/site-packages/airflow/example_dags/example_params_ui_tutorial.py
[2023-10-19T22:31:31.386+0200] {processor.py:839} INFO - DAG(s) dict_keys(['example_params_ui_tutorial']) retrieved from /Users/nick/Desktop/airflow_dic/venv/lib/python3.11/site-packages/airflow/example_dags/example_params_ui_tutorial.py
[2023-10-19T22:31:31.433+0200] {logging_mixin.py:151} INFO - [2023-10-19T22:31:31.433+0200] {dag.py:2915} INFO - Sync 1 DAGs
[2023-10-19T22:31:31.436+0200] {logging_mixin.py:151} INFO - [2023-10-19T22:31:31.436+0200] {dag.py:3696} INFO - Setting next_dagrun for example_params_ui_tutorial to None, run_after=None
[2023-10-19T22:31:31.442+0200] {processor.py:179} INFO - Processing /Users/nick/Desktop/airflow_dic/venv/lib/python3.11/site-packages/airflow/example_dags/example_params_ui_tutorial.py took 0.099 seconds
[2023-10-19T22:32:41.114+0200] {processor.py:157} INFO - Started process (PID=32448) to work on /Users/nick/Desktop/airflow_dic/venv/lib/python3.11/site-packages/airflow/example_dags/example_params_ui_tutorial.py
[2023-10-19T22:32:41.115+0200] {processor.py:829} INFO - Processing file /Users/nick/Desktop/airflow_dic/venv/lib/python3.11/site-packages/airflow/example_dags/example_params_ui_tutorial.py for tasks to queue
[2023-10-19T22:32:41.116+0200] {logging_mixin.py:151} INFO - [2023-10-19T22:32:41.116+0200] {dagbag.py:539} INFO - Filling up the DagBag from /Users/nick/Desktop/airflow_dic/venv/lib/python3.11/site-packages/airflow/example_dags/example_params_ui_tutorial.py
[2023-10-19T22:32:41.155+0200] {processor.py:839} INFO - DAG(s) dict_keys(['example_params_ui_tutorial']) retrieved from /Users/nick/Desktop/airflow_dic/venv/lib/python3.11/site-packages/airflow/example_dags/example_params_ui_tutorial.py
[2023-10-19T22:32:41.202+0200] {logging_mixin.py:151} INFO - [2023-10-19T22:32:41.202+0200] {dag.py:2915} INFO - Sync 1 DAGs
[2023-10-19T22:32:41.205+0200] {logging_mixin.py:151} INFO - [2023-10-19T22:32:41.205+0200] {dag.py:3696} INFO - Setting next_dagrun for example_params_ui_tutorial to None, run_after=None
[2023-10-19T22:32:41.211+0200] {processor.py:179} INFO - Processing /Users/nick/Desktop/airflow_dic/venv/lib/python3.11/site-packages/airflow/example_dags/example_params_ui_tutorial.py took 0.097 seconds
[2023-10-19T22:33:48.801+0200] {processor.py:157} INFO - Started process (PID=32581) to work on /Users/nick/Desktop/airflow_dic/venv/lib/python3.11/site-packages/airflow/example_dags/example_params_ui_tutorial.py
[2023-10-19T22:33:48.803+0200] {processor.py:829} INFO - Processing file /Users/nick/Desktop/airflow_dic/venv/lib/python3.11/site-packages/airflow/example_dags/example_params_ui_tutorial.py for tasks to queue
[2023-10-19T22:33:48.803+0200] {logging_mixin.py:151} INFO - [2023-10-19T22:33:48.803+0200] {dagbag.py:539} INFO - Filling up the DagBag from /Users/nick/Desktop/airflow_dic/venv/lib/python3.11/site-packages/airflow/example_dags/example_params_ui_tutorial.py
[2023-10-19T22:33:48.844+0200] {processor.py:839} INFO - DAG(s) dict_keys(['example_params_ui_tutorial']) retrieved from /Users/nick/Desktop/airflow_dic/venv/lib/python3.11/site-packages/airflow/example_dags/example_params_ui_tutorial.py
[2023-10-19T22:33:48.891+0200] {logging_mixin.py:151} INFO - [2023-10-19T22:33:48.891+0200] {dag.py:2915} INFO - Sync 1 DAGs
[2023-10-19T22:33:48.894+0200] {logging_mixin.py:151} INFO - [2023-10-19T22:33:48.894+0200] {dag.py:3696} INFO - Setting next_dagrun for example_params_ui_tutorial to None, run_after=None
[2023-10-19T22:33:48.900+0200] {processor.py:179} INFO - Processing /Users/nick/Desktop/airflow_dic/venv/lib/python3.11/site-packages/airflow/example_dags/example_params_ui_tutorial.py took 0.100 seconds
[2023-10-19T22:34:56.442+0200] {processor.py:157} INFO - Started process (PID=32729) to work on /Users/nick/Desktop/airflow_dic/venv/lib/python3.11/site-packages/airflow/example_dags/example_params_ui_tutorial.py
[2023-10-19T22:34:56.444+0200] {processor.py:829} INFO - Processing file /Users/nick/Desktop/airflow_dic/venv/lib/python3.11/site-packages/airflow/example_dags/example_params_ui_tutorial.py for tasks to queue
[2023-10-19T22:34:56.444+0200] {logging_mixin.py:151} INFO - [2023-10-19T22:34:56.444+0200] {dagbag.py:539} INFO - Filling up the DagBag from /Users/nick/Desktop/airflow_dic/venv/lib/python3.11/site-packages/airflow/example_dags/example_params_ui_tutorial.py
[2023-10-19T22:34:56.484+0200] {processor.py:839} INFO - DAG(s) dict_keys(['example_params_ui_tutorial']) retrieved from /Users/nick/Desktop/airflow_dic/venv/lib/python3.11/site-packages/airflow/example_dags/example_params_ui_tutorial.py
[2023-10-19T22:34:56.531+0200] {logging_mixin.py:151} INFO - [2023-10-19T22:34:56.531+0200] {dag.py:2915} INFO - Sync 1 DAGs
[2023-10-19T22:34:56.534+0200] {logging_mixin.py:151} INFO - [2023-10-19T22:34:56.534+0200] {dag.py:3696} INFO - Setting next_dagrun for example_params_ui_tutorial to None, run_after=None
[2023-10-19T22:34:56.540+0200] {processor.py:179} INFO - Processing /Users/nick/Desktop/airflow_dic/venv/lib/python3.11/site-packages/airflow/example_dags/example_params_ui_tutorial.py took 0.098 seconds
[2023-10-19T22:36:05.158+0200] {processor.py:157} INFO - Started process (PID=32880) to work on /Users/nick/Desktop/airflow_dic/venv/lib/python3.11/site-packages/airflow/example_dags/example_params_ui_tutorial.py
[2023-10-19T22:36:05.159+0200] {processor.py:829} INFO - Processing file /Users/nick/Desktop/airflow_dic/venv/lib/python3.11/site-packages/airflow/example_dags/example_params_ui_tutorial.py for tasks to queue
[2023-10-19T22:36:05.159+0200] {logging_mixin.py:151} INFO - [2023-10-19T22:36:05.159+0200] {dagbag.py:539} INFO - Filling up the DagBag from /Users/nick/Desktop/airflow_dic/venv/lib/python3.11/site-packages/airflow/example_dags/example_params_ui_tutorial.py
[2023-10-19T22:36:05.199+0200] {processor.py:839} INFO - DAG(s) dict_keys(['example_params_ui_tutorial']) retrieved from /Users/nick/Desktop/airflow_dic/venv/lib/python3.11/site-packages/airflow/example_dags/example_params_ui_tutorial.py
[2023-10-19T22:36:05.245+0200] {logging_mixin.py:151} INFO - [2023-10-19T22:36:05.245+0200] {dag.py:2915} INFO - Sync 1 DAGs
[2023-10-19T22:36:05.248+0200] {logging_mixin.py:151} INFO - [2023-10-19T22:36:05.248+0200] {dag.py:3696} INFO - Setting next_dagrun for example_params_ui_tutorial to None, run_after=None
[2023-10-19T22:36:05.254+0200] {processor.py:179} INFO - Processing /Users/nick/Desktop/airflow_dic/venv/lib/python3.11/site-packages/airflow/example_dags/example_params_ui_tutorial.py took 0.097 seconds
[2023-10-19T22:37:14.402+0200] {processor.py:157} INFO - Started process (PID=33011) to work on /Users/nick/Desktop/airflow_dic/venv/lib/python3.11/site-packages/airflow/example_dags/example_params_ui_tutorial.py
[2023-10-19T22:37:14.404+0200] {processor.py:829} INFO - Processing file /Users/nick/Desktop/airflow_dic/venv/lib/python3.11/site-packages/airflow/example_dags/example_params_ui_tutorial.py for tasks to queue
[2023-10-19T22:37:14.404+0200] {logging_mixin.py:151} INFO - [2023-10-19T22:37:14.404+0200] {dagbag.py:539} INFO - Filling up the DagBag from /Users/nick/Desktop/airflow_dic/venv/lib/python3.11/site-packages/airflow/example_dags/example_params_ui_tutorial.py
[2023-10-19T22:37:14.442+0200] {processor.py:839} INFO - DAG(s) dict_keys(['example_params_ui_tutorial']) retrieved from /Users/nick/Desktop/airflow_dic/venv/lib/python3.11/site-packages/airflow/example_dags/example_params_ui_tutorial.py
[2023-10-19T22:37:14.489+0200] {logging_mixin.py:151} INFO - [2023-10-19T22:37:14.489+0200] {dag.py:2915} INFO - Sync 1 DAGs
[2023-10-19T22:37:14.492+0200] {logging_mixin.py:151} INFO - [2023-10-19T22:37:14.492+0200] {dag.py:3696} INFO - Setting next_dagrun for example_params_ui_tutorial to None, run_after=None
[2023-10-19T22:37:14.498+0200] {processor.py:179} INFO - Processing /Users/nick/Desktop/airflow_dic/venv/lib/python3.11/site-packages/airflow/example_dags/example_params_ui_tutorial.py took 0.096 seconds
[2023-10-19T22:38:21.889+0200] {processor.py:157} INFO - Started process (PID=33136) to work on /Users/nick/Desktop/airflow_dic/venv/lib/python3.11/site-packages/airflow/example_dags/example_params_ui_tutorial.py
[2023-10-19T22:38:21.890+0200] {processor.py:829} INFO - Processing file /Users/nick/Desktop/airflow_dic/venv/lib/python3.11/site-packages/airflow/example_dags/example_params_ui_tutorial.py for tasks to queue
[2023-10-19T22:38:21.890+0200] {logging_mixin.py:151} INFO - [2023-10-19T22:38:21.890+0200] {dagbag.py:539} INFO - Filling up the DagBag from /Users/nick/Desktop/airflow_dic/venv/lib/python3.11/site-packages/airflow/example_dags/example_params_ui_tutorial.py
[2023-10-19T22:38:21.930+0200] {processor.py:839} INFO - DAG(s) dict_keys(['example_params_ui_tutorial']) retrieved from /Users/nick/Desktop/airflow_dic/venv/lib/python3.11/site-packages/airflow/example_dags/example_params_ui_tutorial.py
[2023-10-19T22:38:21.977+0200] {logging_mixin.py:151} INFO - [2023-10-19T22:38:21.977+0200] {dag.py:2915} INFO - Sync 1 DAGs
[2023-10-19T22:38:21.980+0200] {logging_mixin.py:151} INFO - [2023-10-19T22:38:21.980+0200] {dag.py:3696} INFO - Setting next_dagrun for example_params_ui_tutorial to None, run_after=None
[2023-10-19T22:38:21.986+0200] {processor.py:179} INFO - Processing /Users/nick/Desktop/airflow_dic/venv/lib/python3.11/site-packages/airflow/example_dags/example_params_ui_tutorial.py took 0.098 seconds
[2023-10-19T22:39:29.124+0200] {processor.py:157} INFO - Started process (PID=33264) to work on /Users/nick/Desktop/airflow_dic/venv/lib/python3.11/site-packages/airflow/example_dags/example_params_ui_tutorial.py
[2023-10-19T22:39:29.126+0200] {processor.py:829} INFO - Processing file /Users/nick/Desktop/airflow_dic/venv/lib/python3.11/site-packages/airflow/example_dags/example_params_ui_tutorial.py for tasks to queue
[2023-10-19T22:39:29.126+0200] {logging_mixin.py:151} INFO - [2023-10-19T22:39:29.126+0200] {dagbag.py:539} INFO - Filling up the DagBag from /Users/nick/Desktop/airflow_dic/venv/lib/python3.11/site-packages/airflow/example_dags/example_params_ui_tutorial.py
[2023-10-19T22:39:29.166+0200] {processor.py:839} INFO - DAG(s) dict_keys(['example_params_ui_tutorial']) retrieved from /Users/nick/Desktop/airflow_dic/venv/lib/python3.11/site-packages/airflow/example_dags/example_params_ui_tutorial.py
[2023-10-19T22:39:29.215+0200] {logging_mixin.py:151} INFO - [2023-10-19T22:39:29.215+0200] {dag.py:2915} INFO - Sync 1 DAGs
[2023-10-19T22:39:29.218+0200] {logging_mixin.py:151} INFO - [2023-10-19T22:39:29.218+0200] {dag.py:3696} INFO - Setting next_dagrun for example_params_ui_tutorial to None, run_after=None
[2023-10-19T22:39:29.224+0200] {processor.py:179} INFO - Processing /Users/nick/Desktop/airflow_dic/venv/lib/python3.11/site-packages/airflow/example_dags/example_params_ui_tutorial.py took 0.100 seconds
[2023-10-19T22:40:37.332+0200] {processor.py:157} INFO - Started process (PID=33393) to work on /Users/nick/Desktop/airflow_dic/venv/lib/python3.11/site-packages/airflow/example_dags/example_params_ui_tutorial.py
[2023-10-19T22:40:37.333+0200] {processor.py:829} INFO - Processing file /Users/nick/Desktop/airflow_dic/venv/lib/python3.11/site-packages/airflow/example_dags/example_params_ui_tutorial.py for tasks to queue
[2023-10-19T22:40:37.333+0200] {logging_mixin.py:151} INFO - [2023-10-19T22:40:37.333+0200] {dagbag.py:539} INFO - Filling up the DagBag from /Users/nick/Desktop/airflow_dic/venv/lib/python3.11/site-packages/airflow/example_dags/example_params_ui_tutorial.py
[2023-10-19T22:40:37.373+0200] {processor.py:839} INFO - DAG(s) dict_keys(['example_params_ui_tutorial']) retrieved from /Users/nick/Desktop/airflow_dic/venv/lib/python3.11/site-packages/airflow/example_dags/example_params_ui_tutorial.py
[2023-10-19T22:40:37.423+0200] {logging_mixin.py:151} INFO - [2023-10-19T22:40:37.423+0200] {dag.py:2915} INFO - Sync 1 DAGs
[2023-10-19T22:40:37.426+0200] {logging_mixin.py:151} INFO - [2023-10-19T22:40:37.426+0200] {dag.py:3696} INFO - Setting next_dagrun for example_params_ui_tutorial to None, run_after=None
[2023-10-19T22:40:37.432+0200] {processor.py:179} INFO - Processing /Users/nick/Desktop/airflow_dic/venv/lib/python3.11/site-packages/airflow/example_dags/example_params_ui_tutorial.py took 0.101 seconds
[2023-10-19T22:41:47.724+0200] {processor.py:157} INFO - Started process (PID=33525) to work on /Users/nick/Desktop/airflow_dic/venv/lib/python3.11/site-packages/airflow/example_dags/example_params_ui_tutorial.py
[2023-10-19T22:41:47.725+0200] {processor.py:829} INFO - Processing file /Users/nick/Desktop/airflow_dic/venv/lib/python3.11/site-packages/airflow/example_dags/example_params_ui_tutorial.py for tasks to queue
[2023-10-19T22:41:47.726+0200] {logging_mixin.py:151} INFO - [2023-10-19T22:41:47.726+0200] {dagbag.py:539} INFO - Filling up the DagBag from /Users/nick/Desktop/airflow_dic/venv/lib/python3.11/site-packages/airflow/example_dags/example_params_ui_tutorial.py
[2023-10-19T22:41:47.764+0200] {processor.py:839} INFO - DAG(s) dict_keys(['example_params_ui_tutorial']) retrieved from /Users/nick/Desktop/airflow_dic/venv/lib/python3.11/site-packages/airflow/example_dags/example_params_ui_tutorial.py
[2023-10-19T22:41:47.811+0200] {logging_mixin.py:151} INFO - [2023-10-19T22:41:47.811+0200] {dag.py:2915} INFO - Sync 1 DAGs
[2023-10-19T22:41:47.814+0200] {logging_mixin.py:151} INFO - [2023-10-19T22:41:47.814+0200] {dag.py:3696} INFO - Setting next_dagrun for example_params_ui_tutorial to None, run_after=None
[2023-10-19T22:41:47.820+0200] {processor.py:179} INFO - Processing /Users/nick/Desktop/airflow_dic/venv/lib/python3.11/site-packages/airflow/example_dags/example_params_ui_tutorial.py took 0.096 seconds
[2023-10-19T22:42:56.797+0200] {processor.py:157} INFO - Started process (PID=33651) to work on /Users/nick/Desktop/airflow_dic/venv/lib/python3.11/site-packages/airflow/example_dags/example_params_ui_tutorial.py
[2023-10-19T22:42:56.798+0200] {processor.py:829} INFO - Processing file /Users/nick/Desktop/airflow_dic/venv/lib/python3.11/site-packages/airflow/example_dags/example_params_ui_tutorial.py for tasks to queue
[2023-10-19T22:42:56.798+0200] {logging_mixin.py:151} INFO - [2023-10-19T22:42:56.798+0200] {dagbag.py:539} INFO - Filling up the DagBag from /Users/nick/Desktop/airflow_dic/venv/lib/python3.11/site-packages/airflow/example_dags/example_params_ui_tutorial.py
[2023-10-19T22:42:56.840+0200] {processor.py:839} INFO - DAG(s) dict_keys(['example_params_ui_tutorial']) retrieved from /Users/nick/Desktop/airflow_dic/venv/lib/python3.11/site-packages/airflow/example_dags/example_params_ui_tutorial.py
[2023-10-19T22:42:56.888+0200] {logging_mixin.py:151} INFO - [2023-10-19T22:42:56.887+0200] {dag.py:2915} INFO - Sync 1 DAGs
[2023-10-19T22:42:56.890+0200] {logging_mixin.py:151} INFO - [2023-10-19T22:42:56.890+0200] {dag.py:3696} INFO - Setting next_dagrun for example_params_ui_tutorial to None, run_after=None
[2023-10-19T22:42:56.897+0200] {processor.py:179} INFO - Processing /Users/nick/Desktop/airflow_dic/venv/lib/python3.11/site-packages/airflow/example_dags/example_params_ui_tutorial.py took 0.100 seconds
[2023-10-19T22:44:06.630+0200] {processor.py:157} INFO - Started process (PID=33783) to work on /Users/nick/Desktop/airflow_dic/venv/lib/python3.11/site-packages/airflow/example_dags/example_params_ui_tutorial.py
[2023-10-19T22:44:06.632+0200] {processor.py:829} INFO - Processing file /Users/nick/Desktop/airflow_dic/venv/lib/python3.11/site-packages/airflow/example_dags/example_params_ui_tutorial.py for tasks to queue
[2023-10-19T22:44:06.632+0200] {logging_mixin.py:151} INFO - [2023-10-19T22:44:06.632+0200] {dagbag.py:539} INFO - Filling up the DagBag from /Users/nick/Desktop/airflow_dic/venv/lib/python3.11/site-packages/airflow/example_dags/example_params_ui_tutorial.py
[2023-10-19T22:44:06.672+0200] {processor.py:839} INFO - DAG(s) dict_keys(['example_params_ui_tutorial']) retrieved from /Users/nick/Desktop/airflow_dic/venv/lib/python3.11/site-packages/airflow/example_dags/example_params_ui_tutorial.py
[2023-10-19T22:44:06.720+0200] {logging_mixin.py:151} INFO - [2023-10-19T22:44:06.719+0200] {dag.py:2915} INFO - Sync 1 DAGs
[2023-10-19T22:44:06.722+0200] {logging_mixin.py:151} INFO - [2023-10-19T22:44:06.722+0200] {dag.py:3696} INFO - Setting next_dagrun for example_params_ui_tutorial to None, run_after=None
[2023-10-19T22:44:06.728+0200] {processor.py:179} INFO - Processing /Users/nick/Desktop/airflow_dic/venv/lib/python3.11/site-packages/airflow/example_dags/example_params_ui_tutorial.py took 0.098 seconds
[2023-10-19T22:45:55.144+0200] {processor.py:157} INFO - Started process (PID=34006) to work on /Users/nick/Desktop/airflow_dic/venv/lib/python3.11/site-packages/airflow/example_dags/example_params_ui_tutorial.py
[2023-10-19T22:45:55.146+0200] {processor.py:829} INFO - Processing file /Users/nick/Desktop/airflow_dic/venv/lib/python3.11/site-packages/airflow/example_dags/example_params_ui_tutorial.py for tasks to queue
[2023-10-19T22:45:55.146+0200] {logging_mixin.py:151} INFO - [2023-10-19T22:45:55.146+0200] {dagbag.py:539} INFO - Filling up the DagBag from /Users/nick/Desktop/airflow_dic/venv/lib/python3.11/site-packages/airflow/example_dags/example_params_ui_tutorial.py
[2023-10-19T22:45:55.186+0200] {processor.py:839} INFO - DAG(s) dict_keys(['example_params_ui_tutorial']) retrieved from /Users/nick/Desktop/airflow_dic/venv/lib/python3.11/site-packages/airflow/example_dags/example_params_ui_tutorial.py
[2023-10-19T22:45:55.235+0200] {logging_mixin.py:151} INFO - [2023-10-19T22:45:55.235+0200] {dag.py:2915} INFO - Sync 1 DAGs
[2023-10-19T22:45:55.238+0200] {logging_mixin.py:151} INFO - [2023-10-19T22:45:55.238+0200] {dag.py:3696} INFO - Setting next_dagrun for example_params_ui_tutorial to None, run_after=None
[2023-10-19T22:45:55.244+0200] {processor.py:179} INFO - Processing /Users/nick/Desktop/airflow_dic/venv/lib/python3.11/site-packages/airflow/example_dags/example_params_ui_tutorial.py took 0.101 seconds
[2023-10-19T22:47:04.191+0200] {processor.py:157} INFO - Started process (PID=34137) to work on /Users/nick/Desktop/airflow_dic/venv/lib/python3.11/site-packages/airflow/example_dags/example_params_ui_tutorial.py
[2023-10-19T22:47:04.194+0200] {processor.py:829} INFO - Processing file /Users/nick/Desktop/airflow_dic/venv/lib/python3.11/site-packages/airflow/example_dags/example_params_ui_tutorial.py for tasks to queue
[2023-10-19T22:47:04.194+0200] {logging_mixin.py:151} INFO - [2023-10-19T22:47:04.194+0200] {dagbag.py:539} INFO - Filling up the DagBag from /Users/nick/Desktop/airflow_dic/venv/lib/python3.11/site-packages/airflow/example_dags/example_params_ui_tutorial.py
[2023-10-19T22:47:04.233+0200] {processor.py:839} INFO - DAG(s) dict_keys(['example_params_ui_tutorial']) retrieved from /Users/nick/Desktop/airflow_dic/venv/lib/python3.11/site-packages/airflow/example_dags/example_params_ui_tutorial.py
[2023-10-19T22:47:04.280+0200] {logging_mixin.py:151} INFO - [2023-10-19T22:47:04.280+0200] {dag.py:2915} INFO - Sync 1 DAGs
[2023-10-19T22:47:04.283+0200] {logging_mixin.py:151} INFO - [2023-10-19T22:47:04.283+0200] {dag.py:3696} INFO - Setting next_dagrun for example_params_ui_tutorial to None, run_after=None
[2023-10-19T22:47:04.289+0200] {processor.py:179} INFO - Processing /Users/nick/Desktop/airflow_dic/venv/lib/python3.11/site-packages/airflow/example_dags/example_params_ui_tutorial.py took 0.097 seconds
[2023-10-19T22:48:13.178+0200] {processor.py:157} INFO - Started process (PID=34269) to work on /Users/nick/Desktop/airflow_dic/venv/lib/python3.11/site-packages/airflow/example_dags/example_params_ui_tutorial.py
[2023-10-19T22:48:13.180+0200] {processor.py:829} INFO - Processing file /Users/nick/Desktop/airflow_dic/venv/lib/python3.11/site-packages/airflow/example_dags/example_params_ui_tutorial.py for tasks to queue
[2023-10-19T22:48:13.180+0200] {logging_mixin.py:151} INFO - [2023-10-19T22:48:13.180+0200] {dagbag.py:539} INFO - Filling up the DagBag from /Users/nick/Desktop/airflow_dic/venv/lib/python3.11/site-packages/airflow/example_dags/example_params_ui_tutorial.py
[2023-10-19T22:48:13.219+0200] {processor.py:839} INFO - DAG(s) dict_keys(['example_params_ui_tutorial']) retrieved from /Users/nick/Desktop/airflow_dic/venv/lib/python3.11/site-packages/airflow/example_dags/example_params_ui_tutorial.py
[2023-10-19T22:48:13.266+0200] {logging_mixin.py:151} INFO - [2023-10-19T22:48:13.266+0200] {dag.py:2915} INFO - Sync 1 DAGs
[2023-10-19T22:48:13.268+0200] {logging_mixin.py:151} INFO - [2023-10-19T22:48:13.268+0200] {dag.py:3696} INFO - Setting next_dagrun for example_params_ui_tutorial to None, run_after=None
[2023-10-19T22:48:13.275+0200] {processor.py:179} INFO - Processing /Users/nick/Desktop/airflow_dic/venv/lib/python3.11/site-packages/airflow/example_dags/example_params_ui_tutorial.py took 0.097 seconds
[2023-10-19T22:49:22.167+0200] {processor.py:157} INFO - Started process (PID=34406) to work on /Users/nick/Desktop/airflow_dic/venv/lib/python3.11/site-packages/airflow/example_dags/example_params_ui_tutorial.py
[2023-10-19T22:49:22.168+0200] {processor.py:829} INFO - Processing file /Users/nick/Desktop/airflow_dic/venv/lib/python3.11/site-packages/airflow/example_dags/example_params_ui_tutorial.py for tasks to queue
[2023-10-19T22:49:22.168+0200] {logging_mixin.py:151} INFO - [2023-10-19T22:49:22.168+0200] {dagbag.py:539} INFO - Filling up the DagBag from /Users/nick/Desktop/airflow_dic/venv/lib/python3.11/site-packages/airflow/example_dags/example_params_ui_tutorial.py
[2023-10-19T22:49:22.207+0200] {processor.py:839} INFO - DAG(s) dict_keys(['example_params_ui_tutorial']) retrieved from /Users/nick/Desktop/airflow_dic/venv/lib/python3.11/site-packages/airflow/example_dags/example_params_ui_tutorial.py
[2023-10-19T22:49:22.254+0200] {logging_mixin.py:151} INFO - [2023-10-19T22:49:22.253+0200] {dag.py:2915} INFO - Sync 1 DAGs
[2023-10-19T22:49:22.256+0200] {logging_mixin.py:151} INFO - [2023-10-19T22:49:22.256+0200] {dag.py:3696} INFO - Setting next_dagrun for example_params_ui_tutorial to None, run_after=None
[2023-10-19T22:49:22.263+0200] {processor.py:179} INFO - Processing /Users/nick/Desktop/airflow_dic/venv/lib/python3.11/site-packages/airflow/example_dags/example_params_ui_tutorial.py took 0.096 seconds
[2023-10-19T22:50:29.131+0200] {processor.py:157} INFO - Started process (PID=34530) to work on /Users/nick/Desktop/airflow_dic/venv/lib/python3.11/site-packages/airflow/example_dags/example_params_ui_tutorial.py
[2023-10-19T22:50:29.132+0200] {processor.py:829} INFO - Processing file /Users/nick/Desktop/airflow_dic/venv/lib/python3.11/site-packages/airflow/example_dags/example_params_ui_tutorial.py for tasks to queue
[2023-10-19T22:50:29.133+0200] {logging_mixin.py:151} INFO - [2023-10-19T22:50:29.132+0200] {dagbag.py:539} INFO - Filling up the DagBag from /Users/nick/Desktop/airflow_dic/venv/lib/python3.11/site-packages/airflow/example_dags/example_params_ui_tutorial.py
[2023-10-19T22:50:29.171+0200] {processor.py:839} INFO - DAG(s) dict_keys(['example_params_ui_tutorial']) retrieved from /Users/nick/Desktop/airflow_dic/venv/lib/python3.11/site-packages/airflow/example_dags/example_params_ui_tutorial.py
[2023-10-19T22:50:29.219+0200] {logging_mixin.py:151} INFO - [2023-10-19T22:50:29.219+0200] {dag.py:2915} INFO - Sync 1 DAGs
[2023-10-19T22:50:29.222+0200] {logging_mixin.py:151} INFO - [2023-10-19T22:50:29.221+0200] {dag.py:3696} INFO - Setting next_dagrun for example_params_ui_tutorial to None, run_after=None
[2023-10-19T22:50:29.228+0200] {processor.py:179} INFO - Processing /Users/nick/Desktop/airflow_dic/venv/lib/python3.11/site-packages/airflow/example_dags/example_params_ui_tutorial.py took 0.097 seconds
[2023-10-19T22:53:53.618+0200] {processor.py:157} INFO - Started process (PID=34844) to work on /Users/nick/Desktop/airflow_dic/venv/lib/python3.11/site-packages/airflow/example_dags/example_params_ui_tutorial.py
[2023-10-19T22:53:53.619+0200] {processor.py:829} INFO - Processing file /Users/nick/Desktop/airflow_dic/venv/lib/python3.11/site-packages/airflow/example_dags/example_params_ui_tutorial.py for tasks to queue
[2023-10-19T22:53:53.619+0200] {logging_mixin.py:151} INFO - [2023-10-19T22:53:53.619+0200] {dagbag.py:539} INFO - Filling up the DagBag from /Users/nick/Desktop/airflow_dic/venv/lib/python3.11/site-packages/airflow/example_dags/example_params_ui_tutorial.py
[2023-10-19T22:53:53.658+0200] {processor.py:839} INFO - DAG(s) dict_keys(['example_params_ui_tutorial']) retrieved from /Users/nick/Desktop/airflow_dic/venv/lib/python3.11/site-packages/airflow/example_dags/example_params_ui_tutorial.py
[2023-10-19T22:53:53.705+0200] {logging_mixin.py:151} INFO - [2023-10-19T22:53:53.704+0200] {dag.py:2915} INFO - Sync 1 DAGs
[2023-10-19T22:53:53.707+0200] {logging_mixin.py:151} INFO - [2023-10-19T22:53:53.707+0200] {dag.py:3696} INFO - Setting next_dagrun for example_params_ui_tutorial to None, run_after=None
[2023-10-19T22:53:53.714+0200] {processor.py:179} INFO - Processing /Users/nick/Desktop/airflow_dic/venv/lib/python3.11/site-packages/airflow/example_dags/example_params_ui_tutorial.py took 0.096 seconds
[2023-10-19T22:55:00.452+0200] {processor.py:157} INFO - Started process (PID=34981) to work on /Users/nick/Desktop/airflow_dic/venv/lib/python3.11/site-packages/airflow/example_dags/example_params_ui_tutorial.py
[2023-10-19T22:55:00.455+0200] {processor.py:829} INFO - Processing file /Users/nick/Desktop/airflow_dic/venv/lib/python3.11/site-packages/airflow/example_dags/example_params_ui_tutorial.py for tasks to queue
[2023-10-19T22:55:00.455+0200] {logging_mixin.py:151} INFO - [2023-10-19T22:55:00.455+0200] {dagbag.py:539} INFO - Filling up the DagBag from /Users/nick/Desktop/airflow_dic/venv/lib/python3.11/site-packages/airflow/example_dags/example_params_ui_tutorial.py
[2023-10-19T22:55:00.494+0200] {processor.py:839} INFO - DAG(s) dict_keys(['example_params_ui_tutorial']) retrieved from /Users/nick/Desktop/airflow_dic/venv/lib/python3.11/site-packages/airflow/example_dags/example_params_ui_tutorial.py
[2023-10-19T22:55:00.541+0200] {logging_mixin.py:151} INFO - [2023-10-19T22:55:00.541+0200] {dag.py:2915} INFO - Sync 1 DAGs
[2023-10-19T22:55:00.544+0200] {logging_mixin.py:151} INFO - [2023-10-19T22:55:00.544+0200] {dag.py:3696} INFO - Setting next_dagrun for example_params_ui_tutorial to None, run_after=None
[2023-10-19T22:55:00.550+0200] {processor.py:179} INFO - Processing /Users/nick/Desktop/airflow_dic/venv/lib/python3.11/site-packages/airflow/example_dags/example_params_ui_tutorial.py took 0.098 seconds
[2023-10-19T22:56:09.172+0200] {processor.py:157} INFO - Started process (PID=35116) to work on /Users/nick/Desktop/airflow_dic/venv/lib/python3.11/site-packages/airflow/example_dags/example_params_ui_tutorial.py
[2023-10-19T22:56:09.173+0200] {processor.py:829} INFO - Processing file /Users/nick/Desktop/airflow_dic/venv/lib/python3.11/site-packages/airflow/example_dags/example_params_ui_tutorial.py for tasks to queue
[2023-10-19T22:56:09.174+0200] {logging_mixin.py:151} INFO - [2023-10-19T22:56:09.173+0200] {dagbag.py:539} INFO - Filling up the DagBag from /Users/nick/Desktop/airflow_dic/venv/lib/python3.11/site-packages/airflow/example_dags/example_params_ui_tutorial.py
[2023-10-19T22:56:09.216+0200] {processor.py:839} INFO - DAG(s) dict_keys(['example_params_ui_tutorial']) retrieved from /Users/nick/Desktop/airflow_dic/venv/lib/python3.11/site-packages/airflow/example_dags/example_params_ui_tutorial.py
[2023-10-19T22:56:09.264+0200] {logging_mixin.py:151} INFO - [2023-10-19T22:56:09.264+0200] {dag.py:2915} INFO - Sync 1 DAGs
[2023-10-19T22:56:09.267+0200] {logging_mixin.py:151} INFO - [2023-10-19T22:56:09.267+0200] {dag.py:3696} INFO - Setting next_dagrun for example_params_ui_tutorial to None, run_after=None
[2023-10-19T22:56:09.274+0200] {processor.py:179} INFO - Processing /Users/nick/Desktop/airflow_dic/venv/lib/python3.11/site-packages/airflow/example_dags/example_params_ui_tutorial.py took 0.102 seconds
[2023-10-19T22:57:14.969+0200] {processor.py:157} INFO - Started process (PID=35252) to work on /Users/nick/Desktop/airflow_dic/venv/lib/python3.11/site-packages/airflow/example_dags/example_params_ui_tutorial.py
[2023-10-19T22:57:14.970+0200] {processor.py:829} INFO - Processing file /Users/nick/Desktop/airflow_dic/venv/lib/python3.11/site-packages/airflow/example_dags/example_params_ui_tutorial.py for tasks to queue
[2023-10-19T22:57:14.970+0200] {logging_mixin.py:151} INFO - [2023-10-19T22:57:14.970+0200] {dagbag.py:539} INFO - Filling up the DagBag from /Users/nick/Desktop/airflow_dic/venv/lib/python3.11/site-packages/airflow/example_dags/example_params_ui_tutorial.py
[2023-10-19T22:57:15.009+0200] {processor.py:839} INFO - DAG(s) dict_keys(['example_params_ui_tutorial']) retrieved from /Users/nick/Desktop/airflow_dic/venv/lib/python3.11/site-packages/airflow/example_dags/example_params_ui_tutorial.py
[2023-10-19T22:57:15.056+0200] {logging_mixin.py:151} INFO - [2023-10-19T22:57:15.056+0200] {dag.py:2915} INFO - Sync 1 DAGs
[2023-10-19T22:57:15.059+0200] {logging_mixin.py:151} INFO - [2023-10-19T22:57:15.059+0200] {dag.py:3696} INFO - Setting next_dagrun for example_params_ui_tutorial to None, run_after=None
[2023-10-19T22:57:15.065+0200] {processor.py:179} INFO - Processing /Users/nick/Desktop/airflow_dic/venv/lib/python3.11/site-packages/airflow/example_dags/example_params_ui_tutorial.py took 0.096 seconds
[2023-10-19T22:58:23.925+0200] {processor.py:157} INFO - Started process (PID=35389) to work on /Users/nick/Desktop/airflow_dic/venv/lib/python3.11/site-packages/airflow/example_dags/example_params_ui_tutorial.py
[2023-10-19T22:58:23.926+0200] {processor.py:829} INFO - Processing file /Users/nick/Desktop/airflow_dic/venv/lib/python3.11/site-packages/airflow/example_dags/example_params_ui_tutorial.py for tasks to queue
[2023-10-19T22:58:23.926+0200] {logging_mixin.py:151} INFO - [2023-10-19T22:58:23.926+0200] {dagbag.py:539} INFO - Filling up the DagBag from /Users/nick/Desktop/airflow_dic/venv/lib/python3.11/site-packages/airflow/example_dags/example_params_ui_tutorial.py
[2023-10-19T22:58:23.965+0200] {processor.py:839} INFO - DAG(s) dict_keys(['example_params_ui_tutorial']) retrieved from /Users/nick/Desktop/airflow_dic/venv/lib/python3.11/site-packages/airflow/example_dags/example_params_ui_tutorial.py
[2023-10-19T22:58:24.011+0200] {logging_mixin.py:151} INFO - [2023-10-19T22:58:24.011+0200] {dag.py:2915} INFO - Sync 1 DAGs
[2023-10-19T22:58:24.014+0200] {logging_mixin.py:151} INFO - [2023-10-19T22:58:24.014+0200] {dag.py:3696} INFO - Setting next_dagrun for example_params_ui_tutorial to None, run_after=None
[2023-10-19T22:58:24.021+0200] {processor.py:179} INFO - Processing /Users/nick/Desktop/airflow_dic/venv/lib/python3.11/site-packages/airflow/example_dags/example_params_ui_tutorial.py took 0.096 seconds
[2023-10-19T22:59:32.501+0200] {processor.py:157} INFO - Started process (PID=35532) to work on /Users/nick/Desktop/airflow_dic/venv/lib/python3.11/site-packages/airflow/example_dags/example_params_ui_tutorial.py
[2023-10-19T22:59:32.503+0200] {processor.py:829} INFO - Processing file /Users/nick/Desktop/airflow_dic/venv/lib/python3.11/site-packages/airflow/example_dags/example_params_ui_tutorial.py for tasks to queue
[2023-10-19T22:59:32.503+0200] {logging_mixin.py:151} INFO - [2023-10-19T22:59:32.503+0200] {dagbag.py:539} INFO - Filling up the DagBag from /Users/nick/Desktop/airflow_dic/venv/lib/python3.11/site-packages/airflow/example_dags/example_params_ui_tutorial.py
[2023-10-19T22:59:32.542+0200] {processor.py:839} INFO - DAG(s) dict_keys(['example_params_ui_tutorial']) retrieved from /Users/nick/Desktop/airflow_dic/venv/lib/python3.11/site-packages/airflow/example_dags/example_params_ui_tutorial.py
[2023-10-19T22:59:32.589+0200] {logging_mixin.py:151} INFO - [2023-10-19T22:59:32.589+0200] {dag.py:2915} INFO - Sync 1 DAGs
[2023-10-19T22:59:32.592+0200] {logging_mixin.py:151} INFO - [2023-10-19T22:59:32.592+0200] {dag.py:3696} INFO - Setting next_dagrun for example_params_ui_tutorial to None, run_after=None
[2023-10-19T22:59:32.599+0200] {processor.py:179} INFO - Processing /Users/nick/Desktop/airflow_dic/venv/lib/python3.11/site-packages/airflow/example_dags/example_params_ui_tutorial.py took 0.098 seconds
