[2023-10-19T22:17:15.584+0200] {processor.py:157} INFO - Started process (PID=28758) to work on /Users/nick/Desktop/airflow_dic/venv/lib/python3.11/site-packages/airflow/example_dags/example_time_delta_sensor_async.py
[2023-10-19T22:17:15.586+0200] {processor.py:829} INFO - Processing file /Users/nick/Desktop/airflow_dic/venv/lib/python3.11/site-packages/airflow/example_dags/example_time_delta_sensor_async.py for tasks to queue
[2023-10-19T22:17:15.586+0200] {logging_mixin.py:151} INFO - [2023-10-19T22:17:15.586+0200] {dagbag.py:539} INFO - Filling up the DagBag from /Users/nick/Desktop/airflow_dic/venv/lib/python3.11/site-packages/airflow/example_dags/example_time_delta_sensor_async.py
[2023-10-19T22:17:15.595+0200] {processor.py:839} INFO - DAG(s) dict_keys(['example_time_delta_sensor_async']) retrieved from /Users/nick/Desktop/airflow_dic/venv/lib/python3.11/site-packages/airflow/example_dags/example_time_delta_sensor_async.py
[2023-10-19T22:17:15.866+0200] {logging_mixin.py:151} INFO - [2023-10-19T22:17:15.866+0200] {manager.py:499} INFO - Created Permission View: %s
[2023-10-19T22:17:15.869+0200] {logging_mixin.py:151} INFO - [2023-10-19T22:17:15.869+0200] {manager.py:499} INFO - Created Permission View: %s
[2023-10-19T22:17:15.871+0200] {logging_mixin.py:151} INFO - [2023-10-19T22:17:15.871+0200] {manager.py:499} INFO - Created Permission View: %s
[2023-10-19T22:17:15.871+0200] {logging_mixin.py:151} INFO - [2023-10-19T22:17:15.871+0200] {security.py:708} INFO - Not syncing DAG-level permissions for DAG 'DAG:example_time_delta_sensor_async' as access control is unset.
[2023-10-19T22:17:15.871+0200] {logging_mixin.py:151} INFO - [2023-10-19T22:17:15.871+0200] {dag.py:2915} INFO - Sync 1 DAGs
[2023-10-19T22:17:15.874+0200] {logging_mixin.py:151} INFO - [2023-10-19T22:17:15.874+0200] {dag.py:2937} INFO - Creating ORM DAG for example_time_delta_sensor_async
[2023-10-19T22:17:15.874+0200] {logging_mixin.py:151} INFO - [2023-10-19T22:17:15.874+0200] {dag.py:3696} INFO - Setting next_dagrun for example_time_delta_sensor_async to None, run_after=None
[2023-10-19T22:17:15.879+0200] {processor.py:179} INFO - Processing /Users/nick/Desktop/airflow_dic/venv/lib/python3.11/site-packages/airflow/example_dags/example_time_delta_sensor_async.py took 0.295 seconds
[2023-10-19T22:18:16.104+0200] {processor.py:157} INFO - Started process (PID=28868) to work on /Users/nick/Desktop/airflow_dic/venv/lib/python3.11/site-packages/airflow/example_dags/example_time_delta_sensor_async.py
[2023-10-19T22:18:16.105+0200] {processor.py:829} INFO - Processing file /Users/nick/Desktop/airflow_dic/venv/lib/python3.11/site-packages/airflow/example_dags/example_time_delta_sensor_async.py for tasks to queue
[2023-10-19T22:18:16.105+0200] {logging_mixin.py:151} INFO - [2023-10-19T22:18:16.105+0200] {dagbag.py:539} INFO - Filling up the DagBag from /Users/nick/Desktop/airflow_dic/venv/lib/python3.11/site-packages/airflow/example_dags/example_time_delta_sensor_async.py
[2023-10-19T22:18:16.115+0200] {processor.py:839} INFO - DAG(s) dict_keys(['example_time_delta_sensor_async']) retrieved from /Users/nick/Desktop/airflow_dic/venv/lib/python3.11/site-packages/airflow/example_dags/example_time_delta_sensor_async.py
[2023-10-19T22:18:16.173+0200] {logging_mixin.py:151} INFO - [2023-10-19T22:18:16.173+0200] {dag.py:2915} INFO - Sync 1 DAGs
[2023-10-19T22:18:16.176+0200] {logging_mixin.py:151} INFO - [2023-10-19T22:18:16.176+0200] {dag.py:3696} INFO - Setting next_dagrun for example_time_delta_sensor_async to None, run_after=None
[2023-10-19T22:18:16.182+0200] {processor.py:179} INFO - Processing /Users/nick/Desktop/airflow_dic/venv/lib/python3.11/site-packages/airflow/example_dags/example_time_delta_sensor_async.py took 0.078 seconds
[2023-10-19T22:19:29.796+0200] {processor.py:157} INFO - Started process (PID=29007) to work on /Users/nick/Desktop/airflow_dic/venv/lib/python3.11/site-packages/airflow/example_dags/example_time_delta_sensor_async.py
[2023-10-19T22:19:29.798+0200] {processor.py:829} INFO - Processing file /Users/nick/Desktop/airflow_dic/venv/lib/python3.11/site-packages/airflow/example_dags/example_time_delta_sensor_async.py for tasks to queue
[2023-10-19T22:19:29.798+0200] {logging_mixin.py:151} INFO - [2023-10-19T22:19:29.798+0200] {dagbag.py:539} INFO - Filling up the DagBag from /Users/nick/Desktop/airflow_dic/venv/lib/python3.11/site-packages/airflow/example_dags/example_time_delta_sensor_async.py
[2023-10-19T22:19:29.808+0200] {processor.py:839} INFO - DAG(s) dict_keys(['example_time_delta_sensor_async']) retrieved from /Users/nick/Desktop/airflow_dic/venv/lib/python3.11/site-packages/airflow/example_dags/example_time_delta_sensor_async.py
[2023-10-19T22:19:29.867+0200] {logging_mixin.py:151} INFO - [2023-10-19T22:19:29.866+0200] {dag.py:2915} INFO - Sync 1 DAGs
[2023-10-19T22:19:29.869+0200] {logging_mixin.py:151} INFO - [2023-10-19T22:19:29.869+0200] {dag.py:3696} INFO - Setting next_dagrun for example_time_delta_sensor_async to None, run_after=None
[2023-10-19T22:19:29.876+0200] {processor.py:179} INFO - Processing /Users/nick/Desktop/airflow_dic/venv/lib/python3.11/site-packages/airflow/example_dags/example_time_delta_sensor_async.py took 0.080 seconds
[2023-10-19T22:20:35.274+0200] {processor.py:157} INFO - Started process (PID=29129) to work on /Users/nick/Desktop/airflow_dic/venv/lib/python3.11/site-packages/airflow/example_dags/example_time_delta_sensor_async.py
[2023-10-19T22:20:35.275+0200] {processor.py:829} INFO - Processing file /Users/nick/Desktop/airflow_dic/venv/lib/python3.11/site-packages/airflow/example_dags/example_time_delta_sensor_async.py for tasks to queue
[2023-10-19T22:20:35.275+0200] {logging_mixin.py:151} INFO - [2023-10-19T22:20:35.275+0200] {dagbag.py:539} INFO - Filling up the DagBag from /Users/nick/Desktop/airflow_dic/venv/lib/python3.11/site-packages/airflow/example_dags/example_time_delta_sensor_async.py
[2023-10-19T22:20:35.284+0200] {processor.py:839} INFO - DAG(s) dict_keys(['example_time_delta_sensor_async']) retrieved from /Users/nick/Desktop/airflow_dic/venv/lib/python3.11/site-packages/airflow/example_dags/example_time_delta_sensor_async.py
[2023-10-19T22:20:35.342+0200] {logging_mixin.py:151} INFO - [2023-10-19T22:20:35.342+0200] {dag.py:2915} INFO - Sync 1 DAGs
[2023-10-19T22:20:35.345+0200] {logging_mixin.py:151} INFO - [2023-10-19T22:20:35.345+0200] {dag.py:3696} INFO - Setting next_dagrun for example_time_delta_sensor_async to None, run_after=None
[2023-10-19T22:20:35.352+0200] {processor.py:179} INFO - Processing /Users/nick/Desktop/airflow_dic/venv/lib/python3.11/site-packages/airflow/example_dags/example_time_delta_sensor_async.py took 0.078 seconds
[2023-10-19T22:21:42.919+0200] {processor.py:157} INFO - Started process (PID=29268) to work on /Users/nick/Desktop/airflow_dic/venv/lib/python3.11/site-packages/airflow/example_dags/example_time_delta_sensor_async.py
[2023-10-19T22:21:42.921+0200] {processor.py:829} INFO - Processing file /Users/nick/Desktop/airflow_dic/venv/lib/python3.11/site-packages/airflow/example_dags/example_time_delta_sensor_async.py for tasks to queue
[2023-10-19T22:21:42.922+0200] {logging_mixin.py:151} INFO - [2023-10-19T22:21:42.922+0200] {dagbag.py:539} INFO - Filling up the DagBag from /Users/nick/Desktop/airflow_dic/venv/lib/python3.11/site-packages/airflow/example_dags/example_time_delta_sensor_async.py
[2023-10-19T22:21:42.933+0200] {processor.py:839} INFO - DAG(s) dict_keys(['example_time_delta_sensor_async']) retrieved from /Users/nick/Desktop/airflow_dic/venv/lib/python3.11/site-packages/airflow/example_dags/example_time_delta_sensor_async.py
[2023-10-19T22:21:42.996+0200] {logging_mixin.py:151} INFO - [2023-10-19T22:21:42.996+0200] {dag.py:2915} INFO - Sync 1 DAGs
[2023-10-19T22:21:42.999+0200] {logging_mixin.py:151} INFO - [2023-10-19T22:21:42.999+0200] {dag.py:3696} INFO - Setting next_dagrun for example_time_delta_sensor_async to None, run_after=None
[2023-10-19T22:21:43.006+0200] {processor.py:179} INFO - Processing /Users/nick/Desktop/airflow_dic/venv/lib/python3.11/site-packages/airflow/example_dags/example_time_delta_sensor_async.py took 0.087 seconds
[2023-10-19T22:22:24.142+0200] {processor.py:157} INFO - Started process (PID=29355) to work on /Users/nick/Desktop/airflow_dic/venv/lib/python3.11/site-packages/airflow/example_dags/example_time_delta_sensor_async.py
[2023-10-19T22:22:24.144+0200] {processor.py:829} INFO - Processing file /Users/nick/Desktop/airflow_dic/venv/lib/python3.11/site-packages/airflow/example_dags/example_time_delta_sensor_async.py for tasks to queue
[2023-10-19T22:22:24.144+0200] {logging_mixin.py:151} INFO - [2023-10-19T22:22:24.144+0200] {dagbag.py:539} INFO - Filling up the DagBag from /Users/nick/Desktop/airflow_dic/venv/lib/python3.11/site-packages/airflow/example_dags/example_time_delta_sensor_async.py
[2023-10-19T22:22:24.154+0200] {processor.py:839} INFO - DAG(s) dict_keys(['example_time_delta_sensor_async']) retrieved from /Users/nick/Desktop/airflow_dic/venv/lib/python3.11/site-packages/airflow/example_dags/example_time_delta_sensor_async.py
[2023-10-19T22:22:24.213+0200] {logging_mixin.py:151} INFO - [2023-10-19T22:22:24.212+0200] {dag.py:2915} INFO - Sync 1 DAGs
[2023-10-19T22:22:24.216+0200] {logging_mixin.py:151} INFO - [2023-10-19T22:22:24.215+0200] {dag.py:3696} INFO - Setting next_dagrun for example_time_delta_sensor_async to None, run_after=None
[2023-10-19T22:22:24.221+0200] {processor.py:179} INFO - Processing /Users/nick/Desktop/airflow_dic/venv/lib/python3.11/site-packages/airflow/example_dags/example_time_delta_sensor_async.py took 0.079 seconds
[2023-10-19T22:23:05.911+0200] {processor.py:157} INFO - Started process (PID=29439) to work on /Users/nick/Desktop/airflow_dic/venv/lib/python3.11/site-packages/airflow/example_dags/example_time_delta_sensor_async.py
[2023-10-19T22:23:05.912+0200] {processor.py:829} INFO - Processing file /Users/nick/Desktop/airflow_dic/venv/lib/python3.11/site-packages/airflow/example_dags/example_time_delta_sensor_async.py for tasks to queue
[2023-10-19T22:23:05.912+0200] {logging_mixin.py:151} INFO - [2023-10-19T22:23:05.912+0200] {dagbag.py:539} INFO - Filling up the DagBag from /Users/nick/Desktop/airflow_dic/venv/lib/python3.11/site-packages/airflow/example_dags/example_time_delta_sensor_async.py
[2023-10-19T22:23:05.923+0200] {processor.py:839} INFO - DAG(s) dict_keys(['example_time_delta_sensor_async']) retrieved from /Users/nick/Desktop/airflow_dic/venv/lib/python3.11/site-packages/airflow/example_dags/example_time_delta_sensor_async.py
[2023-10-19T22:23:05.991+0200] {logging_mixin.py:151} INFO - [2023-10-19T22:23:05.991+0200] {dag.py:2915} INFO - Sync 1 DAGs
[2023-10-19T22:23:05.994+0200] {logging_mixin.py:151} INFO - [2023-10-19T22:23:05.994+0200] {dag.py:3696} INFO - Setting next_dagrun for example_time_delta_sensor_async to None, run_after=None
[2023-10-19T22:23:06.002+0200] {processor.py:179} INFO - Processing /Users/nick/Desktop/airflow_dic/venv/lib/python3.11/site-packages/airflow/example_dags/example_time_delta_sensor_async.py took 0.092 seconds
[2023-10-19T22:24:09.888+0200] {processor.py:157} INFO - Started process (PID=29565) to work on /Users/nick/Desktop/airflow_dic/venv/lib/python3.11/site-packages/airflow/example_dags/example_time_delta_sensor_async.py
[2023-10-19T22:24:09.889+0200] {processor.py:829} INFO - Processing file /Users/nick/Desktop/airflow_dic/venv/lib/python3.11/site-packages/airflow/example_dags/example_time_delta_sensor_async.py for tasks to queue
[2023-10-19T22:24:09.889+0200] {logging_mixin.py:151} INFO - [2023-10-19T22:24:09.889+0200] {dagbag.py:539} INFO - Filling up the DagBag from /Users/nick/Desktop/airflow_dic/venv/lib/python3.11/site-packages/airflow/example_dags/example_time_delta_sensor_async.py
[2023-10-19T22:24:09.898+0200] {processor.py:839} INFO - DAG(s) dict_keys(['example_time_delta_sensor_async']) retrieved from /Users/nick/Desktop/airflow_dic/venv/lib/python3.11/site-packages/airflow/example_dags/example_time_delta_sensor_async.py
[2023-10-19T22:24:09.957+0200] {logging_mixin.py:151} INFO - [2023-10-19T22:24:09.957+0200] {dag.py:2915} INFO - Sync 1 DAGs
[2023-10-19T22:24:09.960+0200] {logging_mixin.py:151} INFO - [2023-10-19T22:24:09.960+0200] {dag.py:3696} INFO - Setting next_dagrun for example_time_delta_sensor_async to None, run_after=None
[2023-10-19T22:24:09.966+0200] {processor.py:179} INFO - Processing /Users/nick/Desktop/airflow_dic/venv/lib/python3.11/site-packages/airflow/example_dags/example_time_delta_sensor_async.py took 0.079 seconds
[2023-10-19T22:25:11.373+0200] {processor.py:157} INFO - Started process (PID=29703) to work on /Users/nick/Desktop/airflow_dic/venv/lib/python3.11/site-packages/airflow/example_dags/example_time_delta_sensor_async.py
[2023-10-19T22:25:11.375+0200] {processor.py:829} INFO - Processing file /Users/nick/Desktop/airflow_dic/venv/lib/python3.11/site-packages/airflow/example_dags/example_time_delta_sensor_async.py for tasks to queue
[2023-10-19T22:25:11.375+0200] {logging_mixin.py:151} INFO - [2023-10-19T22:25:11.375+0200] {dagbag.py:539} INFO - Filling up the DagBag from /Users/nick/Desktop/airflow_dic/venv/lib/python3.11/site-packages/airflow/example_dags/example_time_delta_sensor_async.py
[2023-10-19T22:25:11.385+0200] {processor.py:839} INFO - DAG(s) dict_keys(['example_time_delta_sensor_async']) retrieved from /Users/nick/Desktop/airflow_dic/venv/lib/python3.11/site-packages/airflow/example_dags/example_time_delta_sensor_async.py
[2023-10-19T22:25:11.443+0200] {logging_mixin.py:151} INFO - [2023-10-19T22:25:11.443+0200] {dag.py:2915} INFO - Sync 1 DAGs
[2023-10-19T22:25:11.446+0200] {logging_mixin.py:151} INFO - [2023-10-19T22:25:11.446+0200] {dag.py:3696} INFO - Setting next_dagrun for example_time_delta_sensor_async to None, run_after=None
[2023-10-19T22:25:11.452+0200] {processor.py:179} INFO - Processing /Users/nick/Desktop/airflow_dic/venv/lib/python3.11/site-packages/airflow/example_dags/example_time_delta_sensor_async.py took 0.080 seconds
[2023-10-19T22:26:22.711+0200] {processor.py:157} INFO - Started process (PID=31715) to work on /Users/nick/Desktop/airflow_dic/venv/lib/python3.11/site-packages/airflow/example_dags/example_time_delta_sensor_async.py
[2023-10-19T22:26:22.714+0200] {processor.py:829} INFO - Processing file /Users/nick/Desktop/airflow_dic/venv/lib/python3.11/site-packages/airflow/example_dags/example_time_delta_sensor_async.py for tasks to queue
[2023-10-19T22:26:22.714+0200] {logging_mixin.py:151} INFO - [2023-10-19T22:26:22.714+0200] {dagbag.py:539} INFO - Filling up the DagBag from /Users/nick/Desktop/airflow_dic/venv/lib/python3.11/site-packages/airflow/example_dags/example_time_delta_sensor_async.py
[2023-10-19T22:26:22.725+0200] {processor.py:839} INFO - DAG(s) dict_keys(['example_time_delta_sensor_async']) retrieved from /Users/nick/Desktop/airflow_dic/venv/lib/python3.11/site-packages/airflow/example_dags/example_time_delta_sensor_async.py
[2023-10-19T22:26:22.793+0200] {logging_mixin.py:151} INFO - [2023-10-19T22:26:22.793+0200] {dag.py:2915} INFO - Sync 1 DAGs
[2023-10-19T22:26:22.797+0200] {logging_mixin.py:151} INFO - [2023-10-19T22:26:22.797+0200] {dag.py:3696} INFO - Setting next_dagrun for example_time_delta_sensor_async to None, run_after=None
[2023-10-19T22:26:22.804+0200] {processor.py:179} INFO - Processing /Users/nick/Desktop/airflow_dic/venv/lib/python3.11/site-packages/airflow/example_dags/example_time_delta_sensor_async.py took 0.093 seconds
[2023-10-19T22:27:29.154+0200] {processor.py:157} INFO - Started process (PID=31839) to work on /Users/nick/Desktop/airflow_dic/venv/lib/python3.11/site-packages/airflow/example_dags/example_time_delta_sensor_async.py
[2023-10-19T22:27:29.155+0200] {processor.py:829} INFO - Processing file /Users/nick/Desktop/airflow_dic/venv/lib/python3.11/site-packages/airflow/example_dags/example_time_delta_sensor_async.py for tasks to queue
[2023-10-19T22:27:29.155+0200] {logging_mixin.py:151} INFO - [2023-10-19T22:27:29.155+0200] {dagbag.py:539} INFO - Filling up the DagBag from /Users/nick/Desktop/airflow_dic/venv/lib/python3.11/site-packages/airflow/example_dags/example_time_delta_sensor_async.py
[2023-10-19T22:27:29.165+0200] {processor.py:839} INFO - DAG(s) dict_keys(['example_time_delta_sensor_async']) retrieved from /Users/nick/Desktop/airflow_dic/venv/lib/python3.11/site-packages/airflow/example_dags/example_time_delta_sensor_async.py
[2023-10-19T22:27:29.442+0200] {logging_mixin.py:151} INFO - [2023-10-19T22:27:29.442+0200] {security.py:708} INFO - Not syncing DAG-level permissions for DAG 'DAG:example_time_delta_sensor_async' as access control is unset.
[2023-10-19T22:27:29.442+0200] {logging_mixin.py:151} INFO - [2023-10-19T22:27:29.442+0200] {dag.py:2915} INFO - Sync 1 DAGs
[2023-10-19T22:27:29.445+0200] {logging_mixin.py:151} INFO - [2023-10-19T22:27:29.445+0200] {dag.py:2937} INFO - Creating ORM DAG for example_time_delta_sensor_async
[2023-10-19T22:27:29.445+0200] {logging_mixin.py:151} INFO - [2023-10-19T22:27:29.445+0200] {dag.py:3696} INFO - Setting next_dagrun for example_time_delta_sensor_async to None, run_after=None
[2023-10-19T22:27:29.451+0200] {processor.py:179} INFO - Processing /Users/nick/Desktop/airflow_dic/venv/lib/python3.11/site-packages/airflow/example_dags/example_time_delta_sensor_async.py took 0.298 seconds
[2023-10-19T22:28:45.198+0200] {processor.py:157} INFO - Started process (PID=31990) to work on /Users/nick/Desktop/airflow_dic/venv/lib/python3.11/site-packages/airflow/example_dags/example_time_delta_sensor_async.py
[2023-10-19T22:28:45.199+0200] {processor.py:829} INFO - Processing file /Users/nick/Desktop/airflow_dic/venv/lib/python3.11/site-packages/airflow/example_dags/example_time_delta_sensor_async.py for tasks to queue
[2023-10-19T22:28:45.199+0200] {logging_mixin.py:151} INFO - [2023-10-19T22:28:45.199+0200] {dagbag.py:539} INFO - Filling up the DagBag from /Users/nick/Desktop/airflow_dic/venv/lib/python3.11/site-packages/airflow/example_dags/example_time_delta_sensor_async.py
[2023-10-19T22:28:45.208+0200] {processor.py:839} INFO - DAG(s) dict_keys(['example_time_delta_sensor_async']) retrieved from /Users/nick/Desktop/airflow_dic/venv/lib/python3.11/site-packages/airflow/example_dags/example_time_delta_sensor_async.py
[2023-10-19T22:28:45.267+0200] {logging_mixin.py:151} INFO - [2023-10-19T22:28:45.267+0200] {dag.py:2915} INFO - Sync 1 DAGs
[2023-10-19T22:28:45.270+0200] {logging_mixin.py:151} INFO - [2023-10-19T22:28:45.270+0200] {dag.py:3696} INFO - Setting next_dagrun for example_time_delta_sensor_async to None, run_after=None
[2023-10-19T22:28:45.276+0200] {processor.py:179} INFO - Processing /Users/nick/Desktop/airflow_dic/venv/lib/python3.11/site-packages/airflow/example_dags/example_time_delta_sensor_async.py took 0.079 seconds
[2023-10-19T22:29:50.863+0200] {processor.py:157} INFO - Started process (PID=32123) to work on /Users/nick/Desktop/airflow_dic/venv/lib/python3.11/site-packages/airflow/example_dags/example_time_delta_sensor_async.py
[2023-10-19T22:29:50.864+0200] {processor.py:829} INFO - Processing file /Users/nick/Desktop/airflow_dic/venv/lib/python3.11/site-packages/airflow/example_dags/example_time_delta_sensor_async.py for tasks to queue
[2023-10-19T22:29:50.864+0200] {logging_mixin.py:151} INFO - [2023-10-19T22:29:50.864+0200] {dagbag.py:539} INFO - Filling up the DagBag from /Users/nick/Desktop/airflow_dic/venv/lib/python3.11/site-packages/airflow/example_dags/example_time_delta_sensor_async.py
[2023-10-19T22:29:50.874+0200] {processor.py:839} INFO - DAG(s) dict_keys(['example_time_delta_sensor_async']) retrieved from /Users/nick/Desktop/airflow_dic/venv/lib/python3.11/site-packages/airflow/example_dags/example_time_delta_sensor_async.py
[2023-10-19T22:29:50.934+0200] {logging_mixin.py:151} INFO - [2023-10-19T22:29:50.934+0200] {dag.py:2915} INFO - Sync 1 DAGs
[2023-10-19T22:29:50.938+0200] {logging_mixin.py:151} INFO - [2023-10-19T22:29:50.938+0200] {dag.py:3696} INFO - Setting next_dagrun for example_time_delta_sensor_async to None, run_after=None
[2023-10-19T22:29:50.944+0200] {processor.py:179} INFO - Processing /Users/nick/Desktop/airflow_dic/venv/lib/python3.11/site-packages/airflow/example_dags/example_time_delta_sensor_async.py took 0.082 seconds
[2023-10-19T22:31:11.149+0200] {processor.py:157} INFO - Started process (PID=32285) to work on /Users/nick/Desktop/airflow_dic/venv/lib/python3.11/site-packages/airflow/example_dags/example_time_delta_sensor_async.py
[2023-10-19T22:31:11.151+0200] {processor.py:829} INFO - Processing file /Users/nick/Desktop/airflow_dic/venv/lib/python3.11/site-packages/airflow/example_dags/example_time_delta_sensor_async.py for tasks to queue
[2023-10-19T22:31:11.151+0200] {logging_mixin.py:151} INFO - [2023-10-19T22:31:11.151+0200] {dagbag.py:539} INFO - Filling up the DagBag from /Users/nick/Desktop/airflow_dic/venv/lib/python3.11/site-packages/airflow/example_dags/example_time_delta_sensor_async.py
[2023-10-19T22:31:11.166+0200] {processor.py:839} INFO - DAG(s) dict_keys(['example_time_delta_sensor_async']) retrieved from /Users/nick/Desktop/airflow_dic/venv/lib/python3.11/site-packages/airflow/example_dags/example_time_delta_sensor_async.py
[2023-10-19T22:31:11.230+0200] {logging_mixin.py:151} INFO - [2023-10-19T22:31:11.230+0200] {dag.py:2915} INFO - Sync 1 DAGs
[2023-10-19T22:31:11.233+0200] {logging_mixin.py:151} INFO - [2023-10-19T22:31:11.233+0200] {dag.py:3696} INFO - Setting next_dagrun for example_time_delta_sensor_async to None, run_after=None
[2023-10-19T22:31:11.240+0200] {processor.py:179} INFO - Processing /Users/nick/Desktop/airflow_dic/venv/lib/python3.11/site-packages/airflow/example_dags/example_time_delta_sensor_async.py took 0.091 seconds
[2023-10-19T22:32:15.392+0200] {processor.py:157} INFO - Started process (PID=32401) to work on /Users/nick/Desktop/airflow_dic/venv/lib/python3.11/site-packages/airflow/example_dags/example_time_delta_sensor_async.py
[2023-10-19T22:32:15.400+0200] {processor.py:829} INFO - Processing file /Users/nick/Desktop/airflow_dic/venv/lib/python3.11/site-packages/airflow/example_dags/example_time_delta_sensor_async.py for tasks to queue
[2023-10-19T22:32:15.402+0200] {logging_mixin.py:151} INFO - [2023-10-19T22:32:15.401+0200] {dagbag.py:539} INFO - Filling up the DagBag from /Users/nick/Desktop/airflow_dic/venv/lib/python3.11/site-packages/airflow/example_dags/example_time_delta_sensor_async.py
[2023-10-19T22:32:15.415+0200] {processor.py:839} INFO - DAG(s) dict_keys(['example_time_delta_sensor_async']) retrieved from /Users/nick/Desktop/airflow_dic/venv/lib/python3.11/site-packages/airflow/example_dags/example_time_delta_sensor_async.py
[2023-10-19T22:32:15.480+0200] {logging_mixin.py:151} INFO - [2023-10-19T22:32:15.480+0200] {dag.py:2915} INFO - Sync 1 DAGs
[2023-10-19T22:32:15.484+0200] {logging_mixin.py:151} INFO - [2023-10-19T22:32:15.484+0200] {dag.py:3696} INFO - Setting next_dagrun for example_time_delta_sensor_async to None, run_after=None
[2023-10-19T22:32:15.490+0200] {processor.py:179} INFO - Processing /Users/nick/Desktop/airflow_dic/venv/lib/python3.11/site-packages/airflow/example_dags/example_time_delta_sensor_async.py took 0.100 seconds
[2023-10-19T22:33:22.988+0200] {processor.py:157} INFO - Started process (PID=32526) to work on /Users/nick/Desktop/airflow_dic/venv/lib/python3.11/site-packages/airflow/example_dags/example_time_delta_sensor_async.py
[2023-10-19T22:33:22.989+0200] {processor.py:829} INFO - Processing file /Users/nick/Desktop/airflow_dic/venv/lib/python3.11/site-packages/airflow/example_dags/example_time_delta_sensor_async.py for tasks to queue
[2023-10-19T22:33:22.989+0200] {logging_mixin.py:151} INFO - [2023-10-19T22:33:22.989+0200] {dagbag.py:539} INFO - Filling up the DagBag from /Users/nick/Desktop/airflow_dic/venv/lib/python3.11/site-packages/airflow/example_dags/example_time_delta_sensor_async.py
[2023-10-19T22:33:22.999+0200] {processor.py:839} INFO - DAG(s) dict_keys(['example_time_delta_sensor_async']) retrieved from /Users/nick/Desktop/airflow_dic/venv/lib/python3.11/site-packages/airflow/example_dags/example_time_delta_sensor_async.py
[2023-10-19T22:33:23.057+0200] {logging_mixin.py:151} INFO - [2023-10-19T22:33:23.057+0200] {dag.py:2915} INFO - Sync 1 DAGs
[2023-10-19T22:33:23.060+0200] {logging_mixin.py:151} INFO - [2023-10-19T22:33:23.060+0200] {dag.py:3696} INFO - Setting next_dagrun for example_time_delta_sensor_async to None, run_after=None
[2023-10-19T22:33:23.066+0200] {processor.py:179} INFO - Processing /Users/nick/Desktop/airflow_dic/venv/lib/python3.11/site-packages/airflow/example_dags/example_time_delta_sensor_async.py took 0.079 seconds
[2023-10-19T22:34:33.993+0200] {processor.py:157} INFO - Started process (PID=32674) to work on /Users/nick/Desktop/airflow_dic/venv/lib/python3.11/site-packages/airflow/example_dags/example_time_delta_sensor_async.py
[2023-10-19T22:34:33.995+0200] {processor.py:829} INFO - Processing file /Users/nick/Desktop/airflow_dic/venv/lib/python3.11/site-packages/airflow/example_dags/example_time_delta_sensor_async.py for tasks to queue
[2023-10-19T22:34:33.996+0200] {logging_mixin.py:151} INFO - [2023-10-19T22:34:33.996+0200] {dagbag.py:539} INFO - Filling up the DagBag from /Users/nick/Desktop/airflow_dic/venv/lib/python3.11/site-packages/airflow/example_dags/example_time_delta_sensor_async.py
[2023-10-19T22:34:34.007+0200] {processor.py:839} INFO - DAG(s) dict_keys(['example_time_delta_sensor_async']) retrieved from /Users/nick/Desktop/airflow_dic/venv/lib/python3.11/site-packages/airflow/example_dags/example_time_delta_sensor_async.py
[2023-10-19T22:34:34.070+0200] {logging_mixin.py:151} INFO - [2023-10-19T22:34:34.070+0200] {dag.py:2915} INFO - Sync 1 DAGs
[2023-10-19T22:34:34.073+0200] {logging_mixin.py:151} INFO - [2023-10-19T22:34:34.073+0200] {dag.py:3696} INFO - Setting next_dagrun for example_time_delta_sensor_async to None, run_after=None
[2023-10-19T22:34:34.080+0200] {processor.py:179} INFO - Processing /Users/nick/Desktop/airflow_dic/venv/lib/python3.11/site-packages/airflow/example_dags/example_time_delta_sensor_async.py took 0.087 seconds
[2023-10-19T22:35:42.017+0200] {processor.py:157} INFO - Started process (PID=32837) to work on /Users/nick/Desktop/airflow_dic/venv/lib/python3.11/site-packages/airflow/example_dags/example_time_delta_sensor_async.py
[2023-10-19T22:35:42.019+0200] {processor.py:829} INFO - Processing file /Users/nick/Desktop/airflow_dic/venv/lib/python3.11/site-packages/airflow/example_dags/example_time_delta_sensor_async.py for tasks to queue
[2023-10-19T22:35:42.019+0200] {logging_mixin.py:151} INFO - [2023-10-19T22:35:42.019+0200] {dagbag.py:539} INFO - Filling up the DagBag from /Users/nick/Desktop/airflow_dic/venv/lib/python3.11/site-packages/airflow/example_dags/example_time_delta_sensor_async.py
[2023-10-19T22:35:42.029+0200] {processor.py:839} INFO - DAG(s) dict_keys(['example_time_delta_sensor_async']) retrieved from /Users/nick/Desktop/airflow_dic/venv/lib/python3.11/site-packages/airflow/example_dags/example_time_delta_sensor_async.py
[2023-10-19T22:35:42.088+0200] {logging_mixin.py:151} INFO - [2023-10-19T22:35:42.088+0200] {dag.py:2915} INFO - Sync 1 DAGs
[2023-10-19T22:35:42.091+0200] {logging_mixin.py:151} INFO - [2023-10-19T22:35:42.091+0200] {dag.py:3696} INFO - Setting next_dagrun for example_time_delta_sensor_async to None, run_after=None
[2023-10-19T22:35:42.097+0200] {processor.py:179} INFO - Processing /Users/nick/Desktop/airflow_dic/venv/lib/python3.11/site-packages/airflow/example_dags/example_time_delta_sensor_async.py took 0.080 seconds
[2023-10-19T22:36:50.724+0200] {processor.py:157} INFO - Started process (PID=32967) to work on /Users/nick/Desktop/airflow_dic/venv/lib/python3.11/site-packages/airflow/example_dags/example_time_delta_sensor_async.py
[2023-10-19T22:36:50.725+0200] {processor.py:829} INFO - Processing file /Users/nick/Desktop/airflow_dic/venv/lib/python3.11/site-packages/airflow/example_dags/example_time_delta_sensor_async.py for tasks to queue
[2023-10-19T22:36:50.725+0200] {logging_mixin.py:151} INFO - [2023-10-19T22:36:50.725+0200] {dagbag.py:539} INFO - Filling up the DagBag from /Users/nick/Desktop/airflow_dic/venv/lib/python3.11/site-packages/airflow/example_dags/example_time_delta_sensor_async.py
[2023-10-19T22:36:50.734+0200] {processor.py:839} INFO - DAG(s) dict_keys(['example_time_delta_sensor_async']) retrieved from /Users/nick/Desktop/airflow_dic/venv/lib/python3.11/site-packages/airflow/example_dags/example_time_delta_sensor_async.py
[2023-10-19T22:36:50.793+0200] {logging_mixin.py:151} INFO - [2023-10-19T22:36:50.793+0200] {dag.py:2915} INFO - Sync 1 DAGs
[2023-10-19T22:36:50.796+0200] {logging_mixin.py:151} INFO - [2023-10-19T22:36:50.796+0200] {dag.py:3696} INFO - Setting next_dagrun for example_time_delta_sensor_async to None, run_after=None
[2023-10-19T22:36:50.802+0200] {processor.py:179} INFO - Processing /Users/nick/Desktop/airflow_dic/venv/lib/python3.11/site-packages/airflow/example_dags/example_time_delta_sensor_async.py took 0.079 seconds
[2023-10-19T22:37:59.650+0200] {processor.py:157} INFO - Started process (PID=33095) to work on /Users/nick/Desktop/airflow_dic/venv/lib/python3.11/site-packages/airflow/example_dags/example_time_delta_sensor_async.py
[2023-10-19T22:37:59.651+0200] {processor.py:829} INFO - Processing file /Users/nick/Desktop/airflow_dic/venv/lib/python3.11/site-packages/airflow/example_dags/example_time_delta_sensor_async.py for tasks to queue
[2023-10-19T22:37:59.651+0200] {logging_mixin.py:151} INFO - [2023-10-19T22:37:59.651+0200] {dagbag.py:539} INFO - Filling up the DagBag from /Users/nick/Desktop/airflow_dic/venv/lib/python3.11/site-packages/airflow/example_dags/example_time_delta_sensor_async.py
[2023-10-19T22:37:59.660+0200] {processor.py:839} INFO - DAG(s) dict_keys(['example_time_delta_sensor_async']) retrieved from /Users/nick/Desktop/airflow_dic/venv/lib/python3.11/site-packages/airflow/example_dags/example_time_delta_sensor_async.py
[2023-10-19T22:37:59.719+0200] {logging_mixin.py:151} INFO - [2023-10-19T22:37:59.719+0200] {dag.py:2915} INFO - Sync 1 DAGs
[2023-10-19T22:37:59.722+0200] {logging_mixin.py:151} INFO - [2023-10-19T22:37:59.722+0200] {dag.py:3696} INFO - Setting next_dagrun for example_time_delta_sensor_async to None, run_after=None
[2023-10-19T22:37:59.729+0200] {processor.py:179} INFO - Processing /Users/nick/Desktop/airflow_dic/venv/lib/python3.11/site-packages/airflow/example_dags/example_time_delta_sensor_async.py took 0.079 seconds
[2023-10-19T22:39:05.856+0200] {processor.py:157} INFO - Started process (PID=33221) to work on /Users/nick/Desktop/airflow_dic/venv/lib/python3.11/site-packages/airflow/example_dags/example_time_delta_sensor_async.py
[2023-10-19T22:39:05.858+0200] {processor.py:829} INFO - Processing file /Users/nick/Desktop/airflow_dic/venv/lib/python3.11/site-packages/airflow/example_dags/example_time_delta_sensor_async.py for tasks to queue
[2023-10-19T22:39:05.858+0200] {logging_mixin.py:151} INFO - [2023-10-19T22:39:05.858+0200] {dagbag.py:539} INFO - Filling up the DagBag from /Users/nick/Desktop/airflow_dic/venv/lib/python3.11/site-packages/airflow/example_dags/example_time_delta_sensor_async.py
[2023-10-19T22:39:05.867+0200] {processor.py:839} INFO - DAG(s) dict_keys(['example_time_delta_sensor_async']) retrieved from /Users/nick/Desktop/airflow_dic/venv/lib/python3.11/site-packages/airflow/example_dags/example_time_delta_sensor_async.py
[2023-10-19T22:39:05.927+0200] {logging_mixin.py:151} INFO - [2023-10-19T22:39:05.927+0200] {dag.py:2915} INFO - Sync 1 DAGs
[2023-10-19T22:39:05.930+0200] {logging_mixin.py:151} INFO - [2023-10-19T22:39:05.930+0200] {dag.py:3696} INFO - Setting next_dagrun for example_time_delta_sensor_async to None, run_after=None
[2023-10-19T22:39:05.936+0200] {processor.py:179} INFO - Processing /Users/nick/Desktop/airflow_dic/venv/lib/python3.11/site-packages/airflow/example_dags/example_time_delta_sensor_async.py took 0.080 seconds
[2023-10-19T22:40:12.280+0200] {processor.py:157} INFO - Started process (PID=33346) to work on /Users/nick/Desktop/airflow_dic/venv/lib/python3.11/site-packages/airflow/example_dags/example_time_delta_sensor_async.py
[2023-10-19T22:40:12.282+0200] {processor.py:829} INFO - Processing file /Users/nick/Desktop/airflow_dic/venv/lib/python3.11/site-packages/airflow/example_dags/example_time_delta_sensor_async.py for tasks to queue
[2023-10-19T22:40:12.282+0200] {logging_mixin.py:151} INFO - [2023-10-19T22:40:12.282+0200] {dagbag.py:539} INFO - Filling up the DagBag from /Users/nick/Desktop/airflow_dic/venv/lib/python3.11/site-packages/airflow/example_dags/example_time_delta_sensor_async.py
[2023-10-19T22:40:12.291+0200] {processor.py:839} INFO - DAG(s) dict_keys(['example_time_delta_sensor_async']) retrieved from /Users/nick/Desktop/airflow_dic/venv/lib/python3.11/site-packages/airflow/example_dags/example_time_delta_sensor_async.py
[2023-10-19T22:40:12.350+0200] {logging_mixin.py:151} INFO - [2023-10-19T22:40:12.350+0200] {dag.py:2915} INFO - Sync 1 DAGs
[2023-10-19T22:40:12.353+0200] {logging_mixin.py:151} INFO - [2023-10-19T22:40:12.353+0200] {dag.py:3696} INFO - Setting next_dagrun for example_time_delta_sensor_async to None, run_after=None
[2023-10-19T22:40:12.360+0200] {processor.py:179} INFO - Processing /Users/nick/Desktop/airflow_dic/venv/lib/python3.11/site-packages/airflow/example_dags/example_time_delta_sensor_async.py took 0.080 seconds
[2023-10-19T22:41:22.122+0200] {processor.py:157} INFO - Started process (PID=33474) to work on /Users/nick/Desktop/airflow_dic/venv/lib/python3.11/site-packages/airflow/example_dags/example_time_delta_sensor_async.py
[2023-10-19T22:41:22.123+0200] {processor.py:829} INFO - Processing file /Users/nick/Desktop/airflow_dic/venv/lib/python3.11/site-packages/airflow/example_dags/example_time_delta_sensor_async.py for tasks to queue
[2023-10-19T22:41:22.123+0200] {logging_mixin.py:151} INFO - [2023-10-19T22:41:22.123+0200] {dagbag.py:539} INFO - Filling up the DagBag from /Users/nick/Desktop/airflow_dic/venv/lib/python3.11/site-packages/airflow/example_dags/example_time_delta_sensor_async.py
[2023-10-19T22:41:22.132+0200] {processor.py:839} INFO - DAG(s) dict_keys(['example_time_delta_sensor_async']) retrieved from /Users/nick/Desktop/airflow_dic/venv/lib/python3.11/site-packages/airflow/example_dags/example_time_delta_sensor_async.py
[2023-10-19T22:41:22.192+0200] {logging_mixin.py:151} INFO - [2023-10-19T22:41:22.192+0200] {dag.py:2915} INFO - Sync 1 DAGs
[2023-10-19T22:41:22.195+0200] {logging_mixin.py:151} INFO - [2023-10-19T22:41:22.195+0200] {dag.py:3696} INFO - Setting next_dagrun for example_time_delta_sensor_async to None, run_after=None
[2023-10-19T22:41:22.201+0200] {processor.py:179} INFO - Processing /Users/nick/Desktop/airflow_dic/venv/lib/python3.11/site-packages/airflow/example_dags/example_time_delta_sensor_async.py took 0.080 seconds
[2023-10-19T22:42:32.781+0200] {processor.py:157} INFO - Started process (PID=33605) to work on /Users/nick/Desktop/airflow_dic/venv/lib/python3.11/site-packages/airflow/example_dags/example_time_delta_sensor_async.py
[2023-10-19T22:42:32.782+0200] {processor.py:829} INFO - Processing file /Users/nick/Desktop/airflow_dic/venv/lib/python3.11/site-packages/airflow/example_dags/example_time_delta_sensor_async.py for tasks to queue
[2023-10-19T22:42:32.782+0200] {logging_mixin.py:151} INFO - [2023-10-19T22:42:32.782+0200] {dagbag.py:539} INFO - Filling up the DagBag from /Users/nick/Desktop/airflow_dic/venv/lib/python3.11/site-packages/airflow/example_dags/example_time_delta_sensor_async.py
[2023-10-19T22:42:32.792+0200] {processor.py:839} INFO - DAG(s) dict_keys(['example_time_delta_sensor_async']) retrieved from /Users/nick/Desktop/airflow_dic/venv/lib/python3.11/site-packages/airflow/example_dags/example_time_delta_sensor_async.py
[2023-10-19T22:42:32.851+0200] {logging_mixin.py:151} INFO - [2023-10-19T22:42:32.851+0200] {dag.py:2915} INFO - Sync 1 DAGs
[2023-10-19T22:42:32.854+0200] {logging_mixin.py:151} INFO - [2023-10-19T22:42:32.854+0200] {dag.py:3696} INFO - Setting next_dagrun for example_time_delta_sensor_async to None, run_after=None
[2023-10-19T22:42:32.861+0200] {processor.py:179} INFO - Processing /Users/nick/Desktop/airflow_dic/venv/lib/python3.11/site-packages/airflow/example_dags/example_time_delta_sensor_async.py took 0.080 seconds
[2023-10-19T22:43:41.605+0200] {processor.py:157} INFO - Started process (PID=33731) to work on /Users/nick/Desktop/airflow_dic/venv/lib/python3.11/site-packages/airflow/example_dags/example_time_delta_sensor_async.py
[2023-10-19T22:43:41.606+0200] {processor.py:829} INFO - Processing file /Users/nick/Desktop/airflow_dic/venv/lib/python3.11/site-packages/airflow/example_dags/example_time_delta_sensor_async.py for tasks to queue
[2023-10-19T22:43:41.606+0200] {logging_mixin.py:151} INFO - [2023-10-19T22:43:41.606+0200] {dagbag.py:539} INFO - Filling up the DagBag from /Users/nick/Desktop/airflow_dic/venv/lib/python3.11/site-packages/airflow/example_dags/example_time_delta_sensor_async.py
[2023-10-19T22:43:41.616+0200] {processor.py:839} INFO - DAG(s) dict_keys(['example_time_delta_sensor_async']) retrieved from /Users/nick/Desktop/airflow_dic/venv/lib/python3.11/site-packages/airflow/example_dags/example_time_delta_sensor_async.py
[2023-10-19T22:43:41.677+0200] {logging_mixin.py:151} INFO - [2023-10-19T22:43:41.677+0200] {dag.py:2915} INFO - Sync 1 DAGs
[2023-10-19T22:43:41.680+0200] {logging_mixin.py:151} INFO - [2023-10-19T22:43:41.680+0200] {dag.py:3696} INFO - Setting next_dagrun for example_time_delta_sensor_async to None, run_after=None
[2023-10-19T22:43:41.686+0200] {processor.py:179} INFO - Processing /Users/nick/Desktop/airflow_dic/venv/lib/python3.11/site-packages/airflow/example_dags/example_time_delta_sensor_async.py took 0.082 seconds
[2023-10-19T22:44:52.359+0200] {processor.py:157} INFO - Started process (PID=33869) to work on /Users/nick/Desktop/airflow_dic/venv/lib/python3.11/site-packages/airflow/example_dags/example_time_delta_sensor_async.py
[2023-10-19T22:44:52.361+0200] {processor.py:829} INFO - Processing file /Users/nick/Desktop/airflow_dic/venv/lib/python3.11/site-packages/airflow/example_dags/example_time_delta_sensor_async.py for tasks to queue
[2023-10-19T22:44:52.362+0200] {logging_mixin.py:151} INFO - [2023-10-19T22:44:52.362+0200] {dagbag.py:539} INFO - Filling up the DagBag from /Users/nick/Desktop/airflow_dic/venv/lib/python3.11/site-packages/airflow/example_dags/example_time_delta_sensor_async.py
[2023-10-19T22:44:52.371+0200] {processor.py:839} INFO - DAG(s) dict_keys(['example_time_delta_sensor_async']) retrieved from /Users/nick/Desktop/airflow_dic/venv/lib/python3.11/site-packages/airflow/example_dags/example_time_delta_sensor_async.py
[2023-10-19T22:44:52.430+0200] {logging_mixin.py:151} INFO - [2023-10-19T22:44:52.430+0200] {dag.py:2915} INFO - Sync 1 DAGs
[2023-10-19T22:44:52.433+0200] {logging_mixin.py:151} INFO - [2023-10-19T22:44:52.433+0200] {dag.py:3696} INFO - Setting next_dagrun for example_time_delta_sensor_async to None, run_after=None
[2023-10-19T22:44:52.439+0200] {processor.py:179} INFO - Processing /Users/nick/Desktop/airflow_dic/venv/lib/python3.11/site-packages/airflow/example_dags/example_time_delta_sensor_async.py took 0.081 seconds
[2023-10-19T22:45:35.003+0200] {processor.py:157} INFO - Started process (PID=33966) to work on /Users/nick/Desktop/airflow_dic/venv/lib/python3.11/site-packages/airflow/example_dags/example_time_delta_sensor_async.py
[2023-10-19T22:45:35.004+0200] {processor.py:829} INFO - Processing file /Users/nick/Desktop/airflow_dic/venv/lib/python3.11/site-packages/airflow/example_dags/example_time_delta_sensor_async.py for tasks to queue
[2023-10-19T22:45:35.005+0200] {logging_mixin.py:151} INFO - [2023-10-19T22:45:35.005+0200] {dagbag.py:539} INFO - Filling up the DagBag from /Users/nick/Desktop/airflow_dic/venv/lib/python3.11/site-packages/airflow/example_dags/example_time_delta_sensor_async.py
[2023-10-19T22:45:35.014+0200] {processor.py:839} INFO - DAG(s) dict_keys(['example_time_delta_sensor_async']) retrieved from /Users/nick/Desktop/airflow_dic/venv/lib/python3.11/site-packages/airflow/example_dags/example_time_delta_sensor_async.py
[2023-10-19T22:45:35.075+0200] {logging_mixin.py:151} INFO - [2023-10-19T22:45:35.075+0200] {dag.py:2915} INFO - Sync 1 DAGs
[2023-10-19T22:45:35.078+0200] {logging_mixin.py:151} INFO - [2023-10-19T22:45:35.078+0200] {dag.py:3696} INFO - Setting next_dagrun for example_time_delta_sensor_async to None, run_after=None
[2023-10-19T22:45:35.084+0200] {processor.py:179} INFO - Processing /Users/nick/Desktop/airflow_dic/venv/lib/python3.11/site-packages/airflow/example_dags/example_time_delta_sensor_async.py took 0.082 seconds
[2023-10-19T22:46:40.258+0200] {processor.py:157} INFO - Started process (PID=34092) to work on /Users/nick/Desktop/airflow_dic/venv/lib/python3.11/site-packages/airflow/example_dags/example_time_delta_sensor_async.py
[2023-10-19T22:46:40.260+0200] {processor.py:829} INFO - Processing file /Users/nick/Desktop/airflow_dic/venv/lib/python3.11/site-packages/airflow/example_dags/example_time_delta_sensor_async.py for tasks to queue
[2023-10-19T22:46:40.260+0200] {logging_mixin.py:151} INFO - [2023-10-19T22:46:40.260+0200] {dagbag.py:539} INFO - Filling up the DagBag from /Users/nick/Desktop/airflow_dic/venv/lib/python3.11/site-packages/airflow/example_dags/example_time_delta_sensor_async.py
[2023-10-19T22:46:40.270+0200] {processor.py:839} INFO - DAG(s) dict_keys(['example_time_delta_sensor_async']) retrieved from /Users/nick/Desktop/airflow_dic/venv/lib/python3.11/site-packages/airflow/example_dags/example_time_delta_sensor_async.py
[2023-10-19T22:46:40.329+0200] {logging_mixin.py:151} INFO - [2023-10-19T22:46:40.329+0200] {dag.py:2915} INFO - Sync 1 DAGs
[2023-10-19T22:46:40.332+0200] {logging_mixin.py:151} INFO - [2023-10-19T22:46:40.332+0200] {dag.py:3696} INFO - Setting next_dagrun for example_time_delta_sensor_async to None, run_after=None
[2023-10-19T22:46:40.338+0200] {processor.py:179} INFO - Processing /Users/nick/Desktop/airflow_dic/venv/lib/python3.11/site-packages/airflow/example_dags/example_time_delta_sensor_async.py took 0.080 seconds
[2023-10-19T22:47:47.654+0200] {processor.py:157} INFO - Started process (PID=34216) to work on /Users/nick/Desktop/airflow_dic/venv/lib/python3.11/site-packages/airflow/example_dags/example_time_delta_sensor_async.py
[2023-10-19T22:47:47.655+0200] {processor.py:829} INFO - Processing file /Users/nick/Desktop/airflow_dic/venv/lib/python3.11/site-packages/airflow/example_dags/example_time_delta_sensor_async.py for tasks to queue
[2023-10-19T22:47:47.655+0200] {logging_mixin.py:151} INFO - [2023-10-19T22:47:47.655+0200] {dagbag.py:539} INFO - Filling up the DagBag from /Users/nick/Desktop/airflow_dic/venv/lib/python3.11/site-packages/airflow/example_dags/example_time_delta_sensor_async.py
[2023-10-19T22:47:47.665+0200] {processor.py:839} INFO - DAG(s) dict_keys(['example_time_delta_sensor_async']) retrieved from /Users/nick/Desktop/airflow_dic/venv/lib/python3.11/site-packages/airflow/example_dags/example_time_delta_sensor_async.py
[2023-10-19T22:47:47.728+0200] {logging_mixin.py:151} INFO - [2023-10-19T22:47:47.728+0200] {dag.py:2915} INFO - Sync 1 DAGs
[2023-10-19T22:47:47.731+0200] {logging_mixin.py:151} INFO - [2023-10-19T22:47:47.731+0200] {dag.py:3696} INFO - Setting next_dagrun for example_time_delta_sensor_async to None, run_after=None
[2023-10-19T22:47:47.738+0200] {processor.py:179} INFO - Processing /Users/nick/Desktop/airflow_dic/venv/lib/python3.11/site-packages/airflow/example_dags/example_time_delta_sensor_async.py took 0.085 seconds
[2023-10-19T22:48:56.852+0200] {processor.py:157} INFO - Started process (PID=34351) to work on /Users/nick/Desktop/airflow_dic/venv/lib/python3.11/site-packages/airflow/example_dags/example_time_delta_sensor_async.py
[2023-10-19T22:48:56.853+0200] {processor.py:829} INFO - Processing file /Users/nick/Desktop/airflow_dic/venv/lib/python3.11/site-packages/airflow/example_dags/example_time_delta_sensor_async.py for tasks to queue
[2023-10-19T22:48:56.854+0200] {logging_mixin.py:151} INFO - [2023-10-19T22:48:56.854+0200] {dagbag.py:539} INFO - Filling up the DagBag from /Users/nick/Desktop/airflow_dic/venv/lib/python3.11/site-packages/airflow/example_dags/example_time_delta_sensor_async.py
[2023-10-19T22:48:56.863+0200] {processor.py:839} INFO - DAG(s) dict_keys(['example_time_delta_sensor_async']) retrieved from /Users/nick/Desktop/airflow_dic/venv/lib/python3.11/site-packages/airflow/example_dags/example_time_delta_sensor_async.py
[2023-10-19T22:48:56.921+0200] {logging_mixin.py:151} INFO - [2023-10-19T22:48:56.921+0200] {dag.py:2915} INFO - Sync 1 DAGs
[2023-10-19T22:48:56.924+0200] {logging_mixin.py:151} INFO - [2023-10-19T22:48:56.924+0200] {dag.py:3696} INFO - Setting next_dagrun for example_time_delta_sensor_async to None, run_after=None
[2023-10-19T22:48:56.931+0200] {processor.py:179} INFO - Processing /Users/nick/Desktop/airflow_dic/venv/lib/python3.11/site-packages/airflow/example_dags/example_time_delta_sensor_async.py took 0.079 seconds
[2023-10-19T22:50:06.916+0200] {processor.py:157} INFO - Started process (PID=34489) to work on /Users/nick/Desktop/airflow_dic/venv/lib/python3.11/site-packages/airflow/example_dags/example_time_delta_sensor_async.py
[2023-10-19T22:50:06.917+0200] {processor.py:829} INFO - Processing file /Users/nick/Desktop/airflow_dic/venv/lib/python3.11/site-packages/airflow/example_dags/example_time_delta_sensor_async.py for tasks to queue
[2023-10-19T22:50:06.917+0200] {logging_mixin.py:151} INFO - [2023-10-19T22:50:06.917+0200] {dagbag.py:539} INFO - Filling up the DagBag from /Users/nick/Desktop/airflow_dic/venv/lib/python3.11/site-packages/airflow/example_dags/example_time_delta_sensor_async.py
[2023-10-19T22:50:06.926+0200] {processor.py:839} INFO - DAG(s) dict_keys(['example_time_delta_sensor_async']) retrieved from /Users/nick/Desktop/airflow_dic/venv/lib/python3.11/site-packages/airflow/example_dags/example_time_delta_sensor_async.py
[2023-10-19T22:50:06.985+0200] {logging_mixin.py:151} INFO - [2023-10-19T22:50:06.985+0200] {dag.py:2915} INFO - Sync 1 DAGs
[2023-10-19T22:50:06.988+0200] {logging_mixin.py:151} INFO - [2023-10-19T22:50:06.988+0200] {dag.py:3696} INFO - Setting next_dagrun for example_time_delta_sensor_async to None, run_after=None
[2023-10-19T22:50:06.994+0200] {processor.py:179} INFO - Processing /Users/nick/Desktop/airflow_dic/venv/lib/python3.11/site-packages/airflow/example_dags/example_time_delta_sensor_async.py took 0.079 seconds
[2023-10-19T22:53:33.483+0200] {processor.py:157} INFO - Started process (PID=34800) to work on /Users/nick/Desktop/airflow_dic/venv/lib/python3.11/site-packages/airflow/example_dags/example_time_delta_sensor_async.py
[2023-10-19T22:53:33.484+0200] {processor.py:829} INFO - Processing file /Users/nick/Desktop/airflow_dic/venv/lib/python3.11/site-packages/airflow/example_dags/example_time_delta_sensor_async.py for tasks to queue
[2023-10-19T22:53:33.485+0200] {logging_mixin.py:151} INFO - [2023-10-19T22:53:33.484+0200] {dagbag.py:539} INFO - Filling up the DagBag from /Users/nick/Desktop/airflow_dic/venv/lib/python3.11/site-packages/airflow/example_dags/example_time_delta_sensor_async.py
[2023-10-19T22:53:33.494+0200] {processor.py:839} INFO - DAG(s) dict_keys(['example_time_delta_sensor_async']) retrieved from /Users/nick/Desktop/airflow_dic/venv/lib/python3.11/site-packages/airflow/example_dags/example_time_delta_sensor_async.py
[2023-10-19T22:53:33.554+0200] {logging_mixin.py:151} INFO - [2023-10-19T22:53:33.554+0200] {dag.py:2915} INFO - Sync 1 DAGs
[2023-10-19T22:53:33.557+0200] {logging_mixin.py:151} INFO - [2023-10-19T22:53:33.557+0200] {dag.py:3696} INFO - Setting next_dagrun for example_time_delta_sensor_async to None, run_after=None
[2023-10-19T22:53:33.563+0200] {processor.py:179} INFO - Processing /Users/nick/Desktop/airflow_dic/venv/lib/python3.11/site-packages/airflow/example_dags/example_time_delta_sensor_async.py took 0.081 seconds
[2023-10-19T22:54:37.627+0200] {processor.py:157} INFO - Started process (PID=34931) to work on /Users/nick/Desktop/airflow_dic/venv/lib/python3.11/site-packages/airflow/example_dags/example_time_delta_sensor_async.py
[2023-10-19T22:54:37.630+0200] {processor.py:829} INFO - Processing file /Users/nick/Desktop/airflow_dic/venv/lib/python3.11/site-packages/airflow/example_dags/example_time_delta_sensor_async.py for tasks to queue
[2023-10-19T22:54:37.630+0200] {logging_mixin.py:151} INFO - [2023-10-19T22:54:37.630+0200] {dagbag.py:539} INFO - Filling up the DagBag from /Users/nick/Desktop/airflow_dic/venv/lib/python3.11/site-packages/airflow/example_dags/example_time_delta_sensor_async.py
[2023-10-19T22:54:37.640+0200] {processor.py:839} INFO - DAG(s) dict_keys(['example_time_delta_sensor_async']) retrieved from /Users/nick/Desktop/airflow_dic/venv/lib/python3.11/site-packages/airflow/example_dags/example_time_delta_sensor_async.py
[2023-10-19T22:54:37.698+0200] {logging_mixin.py:151} INFO - [2023-10-19T22:54:37.698+0200] {dag.py:2915} INFO - Sync 1 DAGs
[2023-10-19T22:54:37.701+0200] {logging_mixin.py:151} INFO - [2023-10-19T22:54:37.701+0200] {dag.py:3696} INFO - Setting next_dagrun for example_time_delta_sensor_async to None, run_after=None
[2023-10-19T22:54:37.707+0200] {processor.py:179} INFO - Processing /Users/nick/Desktop/airflow_dic/venv/lib/python3.11/site-packages/airflow/example_dags/example_time_delta_sensor_async.py took 0.080 seconds
[2023-10-19T22:55:44.463+0200] {processor.py:157} INFO - Started process (PID=35071) to work on /Users/nick/Desktop/airflow_dic/venv/lib/python3.11/site-packages/airflow/example_dags/example_time_delta_sensor_async.py
[2023-10-19T22:55:44.464+0200] {processor.py:829} INFO - Processing file /Users/nick/Desktop/airflow_dic/venv/lib/python3.11/site-packages/airflow/example_dags/example_time_delta_sensor_async.py for tasks to queue
[2023-10-19T22:55:44.465+0200] {logging_mixin.py:151} INFO - [2023-10-19T22:55:44.465+0200] {dagbag.py:539} INFO - Filling up the DagBag from /Users/nick/Desktop/airflow_dic/venv/lib/python3.11/site-packages/airflow/example_dags/example_time_delta_sensor_async.py
[2023-10-19T22:55:44.475+0200] {processor.py:839} INFO - DAG(s) dict_keys(['example_time_delta_sensor_async']) retrieved from /Users/nick/Desktop/airflow_dic/venv/lib/python3.11/site-packages/airflow/example_dags/example_time_delta_sensor_async.py
[2023-10-19T22:55:44.534+0200] {logging_mixin.py:151} INFO - [2023-10-19T22:55:44.534+0200] {dag.py:2915} INFO - Sync 1 DAGs
[2023-10-19T22:55:44.537+0200] {logging_mixin.py:151} INFO - [2023-10-19T22:55:44.537+0200] {dag.py:3696} INFO - Setting next_dagrun for example_time_delta_sensor_async to None, run_after=None
[2023-10-19T22:55:44.543+0200] {processor.py:179} INFO - Processing /Users/nick/Desktop/airflow_dic/venv/lib/python3.11/site-packages/airflow/example_dags/example_time_delta_sensor_async.py took 0.080 seconds
[2023-10-19T22:56:54.242+0200] {processor.py:157} INFO - Started process (PID=35209) to work on /Users/nick/Desktop/airflow_dic/venv/lib/python3.11/site-packages/airflow/example_dags/example_time_delta_sensor_async.py
[2023-10-19T22:56:54.244+0200] {processor.py:829} INFO - Processing file /Users/nick/Desktop/airflow_dic/venv/lib/python3.11/site-packages/airflow/example_dags/example_time_delta_sensor_async.py for tasks to queue
[2023-10-19T22:56:54.244+0200] {logging_mixin.py:151} INFO - [2023-10-19T22:56:54.244+0200] {dagbag.py:539} INFO - Filling up the DagBag from /Users/nick/Desktop/airflow_dic/venv/lib/python3.11/site-packages/airflow/example_dags/example_time_delta_sensor_async.py
[2023-10-19T22:56:54.256+0200] {processor.py:839} INFO - DAG(s) dict_keys(['example_time_delta_sensor_async']) retrieved from /Users/nick/Desktop/airflow_dic/venv/lib/python3.11/site-packages/airflow/example_dags/example_time_delta_sensor_async.py
[2023-10-19T22:56:54.330+0200] {logging_mixin.py:151} INFO - [2023-10-19T22:56:54.330+0200] {dag.py:2915} INFO - Sync 1 DAGs
[2023-10-19T22:56:54.334+0200] {logging_mixin.py:151} INFO - [2023-10-19T22:56:54.333+0200] {dag.py:3696} INFO - Setting next_dagrun for example_time_delta_sensor_async to None, run_after=None
[2023-10-19T22:56:54.342+0200] {processor.py:179} INFO - Processing /Users/nick/Desktop/airflow_dic/venv/lib/python3.11/site-packages/airflow/example_dags/example_time_delta_sensor_async.py took 0.100 seconds
[2023-10-19T22:58:00.743+0200] {processor.py:157} INFO - Started process (PID=35338) to work on /Users/nick/Desktop/airflow_dic/venv/lib/python3.11/site-packages/airflow/example_dags/example_time_delta_sensor_async.py
[2023-10-19T22:58:00.744+0200] {processor.py:829} INFO - Processing file /Users/nick/Desktop/airflow_dic/venv/lib/python3.11/site-packages/airflow/example_dags/example_time_delta_sensor_async.py for tasks to queue
[2023-10-19T22:58:00.744+0200] {logging_mixin.py:151} INFO - [2023-10-19T22:58:00.744+0200] {dagbag.py:539} INFO - Filling up the DagBag from /Users/nick/Desktop/airflow_dic/venv/lib/python3.11/site-packages/airflow/example_dags/example_time_delta_sensor_async.py
[2023-10-19T22:58:00.754+0200] {processor.py:839} INFO - DAG(s) dict_keys(['example_time_delta_sensor_async']) retrieved from /Users/nick/Desktop/airflow_dic/venv/lib/python3.11/site-packages/airflow/example_dags/example_time_delta_sensor_async.py
[2023-10-19T22:58:00.817+0200] {logging_mixin.py:151} INFO - [2023-10-19T22:58:00.817+0200] {dag.py:2915} INFO - Sync 1 DAGs
[2023-10-19T22:58:00.820+0200] {logging_mixin.py:151} INFO - [2023-10-19T22:58:00.820+0200] {dag.py:3696} INFO - Setting next_dagrun for example_time_delta_sensor_async to None, run_after=None
[2023-10-19T22:58:00.827+0200] {processor.py:179} INFO - Processing /Users/nick/Desktop/airflow_dic/venv/lib/python3.11/site-packages/airflow/example_dags/example_time_delta_sensor_async.py took 0.085 seconds
[2023-10-19T22:59:07.011+0200] {processor.py:157} INFO - Started process (PID=35477) to work on /Users/nick/Desktop/airflow_dic/venv/lib/python3.11/site-packages/airflow/example_dags/example_time_delta_sensor_async.py
[2023-10-19T22:59:07.013+0200] {processor.py:829} INFO - Processing file /Users/nick/Desktop/airflow_dic/venv/lib/python3.11/site-packages/airflow/example_dags/example_time_delta_sensor_async.py for tasks to queue
[2023-10-19T22:59:07.013+0200] {logging_mixin.py:151} INFO - [2023-10-19T22:59:07.013+0200] {dagbag.py:539} INFO - Filling up the DagBag from /Users/nick/Desktop/airflow_dic/venv/lib/python3.11/site-packages/airflow/example_dags/example_time_delta_sensor_async.py
[2023-10-19T22:59:07.022+0200] {processor.py:839} INFO - DAG(s) dict_keys(['example_time_delta_sensor_async']) retrieved from /Users/nick/Desktop/airflow_dic/venv/lib/python3.11/site-packages/airflow/example_dags/example_time_delta_sensor_async.py
[2023-10-19T22:59:07.081+0200] {logging_mixin.py:151} INFO - [2023-10-19T22:59:07.081+0200] {dag.py:2915} INFO - Sync 1 DAGs
[2023-10-19T22:59:07.084+0200] {logging_mixin.py:151} INFO - [2023-10-19T22:59:07.084+0200] {dag.py:3696} INFO - Setting next_dagrun for example_time_delta_sensor_async to None, run_after=None
[2023-10-19T22:59:07.091+0200] {processor.py:179} INFO - Processing /Users/nick/Desktop/airflow_dic/venv/lib/python3.11/site-packages/airflow/example_dags/example_time_delta_sensor_async.py took 0.080 seconds
