[2023-10-19T22:17:27.788+0200] {processor.py:157} INFO - Started process (PID=28778) to work on /Users/nick/Desktop/airflow_dic/venv/lib/python3.11/site-packages/airflow/example_dags/example_short_circuit_decorator.py
[2023-10-19T22:17:27.789+0200] {processor.py:829} INFO - Processing file /Users/nick/Desktop/airflow_dic/venv/lib/python3.11/site-packages/airflow/example_dags/example_short_circuit_decorator.py for tasks to queue
[2023-10-19T22:17:27.789+0200] {logging_mixin.py:151} INFO - [2023-10-19T22:17:27.789+0200] {dagbag.py:539} INFO - Filling up the DagBag from /Users/nick/Desktop/airflow_dic/venv/lib/python3.11/site-packages/airflow/example_dags/example_short_circuit_decorator.py
[2023-10-19T22:17:27.809+0200] {processor.py:839} INFO - DAG(s) dict_keys(['example_short_circuit_decorator']) retrieved from /Users/nick/Desktop/airflow_dic/venv/lib/python3.11/site-packages/airflow/example_dags/example_short_circuit_decorator.py
[2023-10-19T22:17:28.075+0200] {logging_mixin.py:151} INFO - [2023-10-19T22:17:28.075+0200] {manager.py:499} INFO - Created Permission View: %s
[2023-10-19T22:17:28.078+0200] {logging_mixin.py:151} INFO - [2023-10-19T22:17:28.078+0200] {manager.py:499} INFO - Created Permission View: %s
[2023-10-19T22:17:28.079+0200] {logging_mixin.py:151} INFO - [2023-10-19T22:17:28.079+0200] {manager.py:499} INFO - Created Permission View: %s
[2023-10-19T22:17:28.080+0200] {logging_mixin.py:151} INFO - [2023-10-19T22:17:28.079+0200] {security.py:708} INFO - Not syncing DAG-level permissions for DAG 'DAG:example_short_circuit_decorator' as access control is unset.
[2023-10-19T22:17:28.080+0200] {logging_mixin.py:151} INFO - [2023-10-19T22:17:28.080+0200] {dag.py:2915} INFO - Sync 1 DAGs
[2023-10-19T22:17:28.083+0200] {logging_mixin.py:151} INFO - [2023-10-19T22:17:28.083+0200] {dag.py:2937} INFO - Creating ORM DAG for example_short_circuit_decorator
[2023-10-19T22:17:28.085+0200] {logging_mixin.py:151} INFO - [2023-10-19T22:17:28.085+0200] {dag.py:3696} INFO - Setting next_dagrun for example_short_circuit_decorator to 2023-10-18T20:17:28.085876+00:00, run_after=2023-10-19T20:17:28.085876+00:00
[2023-10-19T22:17:28.091+0200] {processor.py:179} INFO - Processing /Users/nick/Desktop/airflow_dic/venv/lib/python3.11/site-packages/airflow/example_dags/example_short_circuit_decorator.py took 0.303 seconds
[2023-10-19T22:18:25.693+0200] {processor.py:157} INFO - Started process (PID=28886) to work on /Users/nick/Desktop/airflow_dic/venv/lib/python3.11/site-packages/airflow/example_dags/example_short_circuit_decorator.py
[2023-10-19T22:18:25.695+0200] {processor.py:829} INFO - Processing file /Users/nick/Desktop/airflow_dic/venv/lib/python3.11/site-packages/airflow/example_dags/example_short_circuit_decorator.py for tasks to queue
[2023-10-19T22:18:25.695+0200] {logging_mixin.py:151} INFO - [2023-10-19T22:18:25.695+0200] {dagbag.py:539} INFO - Filling up the DagBag from /Users/nick/Desktop/airflow_dic/venv/lib/python3.11/site-packages/airflow/example_dags/example_short_circuit_decorator.py
[2023-10-19T22:18:25.714+0200] {processor.py:839} INFO - DAG(s) dict_keys(['example_short_circuit_decorator']) retrieved from /Users/nick/Desktop/airflow_dic/venv/lib/python3.11/site-packages/airflow/example_dags/example_short_circuit_decorator.py
[2023-10-19T22:18:25.768+0200] {logging_mixin.py:151} INFO - [2023-10-19T22:18:25.768+0200] {dag.py:2915} INFO - Sync 1 DAGs
[2023-10-19T22:18:25.774+0200] {logging_mixin.py:151} INFO - [2023-10-19T22:18:25.774+0200] {dag.py:3696} INFO - Setting next_dagrun for example_short_circuit_decorator to 2023-10-18T20:18:25.774064+00:00, run_after=2023-10-19T20:18:25.774064+00:00
[2023-10-19T22:18:25.780+0200] {processor.py:179} INFO - Processing /Users/nick/Desktop/airflow_dic/venv/lib/python3.11/site-packages/airflow/example_dags/example_short_circuit_decorator.py took 0.087 seconds
[2023-10-19T22:19:39.399+0200] {processor.py:157} INFO - Started process (PID=29026) to work on /Users/nick/Desktop/airflow_dic/venv/lib/python3.11/site-packages/airflow/example_dags/example_short_circuit_decorator.py
[2023-10-19T22:19:39.401+0200] {processor.py:829} INFO - Processing file /Users/nick/Desktop/airflow_dic/venv/lib/python3.11/site-packages/airflow/example_dags/example_short_circuit_decorator.py for tasks to queue
[2023-10-19T22:19:39.401+0200] {logging_mixin.py:151} INFO - [2023-10-19T22:19:39.401+0200] {dagbag.py:539} INFO - Filling up the DagBag from /Users/nick/Desktop/airflow_dic/venv/lib/python3.11/site-packages/airflow/example_dags/example_short_circuit_decorator.py
[2023-10-19T22:19:39.422+0200] {processor.py:839} INFO - DAG(s) dict_keys(['example_short_circuit_decorator']) retrieved from /Users/nick/Desktop/airflow_dic/venv/lib/python3.11/site-packages/airflow/example_dags/example_short_circuit_decorator.py
[2023-10-19T22:19:39.476+0200] {logging_mixin.py:151} INFO - [2023-10-19T22:19:39.476+0200] {dag.py:2915} INFO - Sync 1 DAGs
[2023-10-19T22:19:39.482+0200] {logging_mixin.py:151} INFO - [2023-10-19T22:19:39.482+0200] {dag.py:3696} INFO - Setting next_dagrun for example_short_circuit_decorator to 2023-10-18T20:19:39.482136+00:00, run_after=2023-10-19T20:19:39.482136+00:00
[2023-10-19T22:19:39.488+0200] {processor.py:179} INFO - Processing /Users/nick/Desktop/airflow_dic/venv/lib/python3.11/site-packages/airflow/example_dags/example_short_circuit_decorator.py took 0.089 seconds
[2023-10-19T22:20:44.955+0200] {processor.py:157} INFO - Started process (PID=29148) to work on /Users/nick/Desktop/airflow_dic/venv/lib/python3.11/site-packages/airflow/example_dags/example_short_circuit_decorator.py
[2023-10-19T22:20:44.957+0200] {processor.py:829} INFO - Processing file /Users/nick/Desktop/airflow_dic/venv/lib/python3.11/site-packages/airflow/example_dags/example_short_circuit_decorator.py for tasks to queue
[2023-10-19T22:20:44.957+0200] {logging_mixin.py:151} INFO - [2023-10-19T22:20:44.957+0200] {dagbag.py:539} INFO - Filling up the DagBag from /Users/nick/Desktop/airflow_dic/venv/lib/python3.11/site-packages/airflow/example_dags/example_short_circuit_decorator.py
[2023-10-19T22:20:44.977+0200] {processor.py:839} INFO - DAG(s) dict_keys(['example_short_circuit_decorator']) retrieved from /Users/nick/Desktop/airflow_dic/venv/lib/python3.11/site-packages/airflow/example_dags/example_short_circuit_decorator.py
[2023-10-19T22:20:45.031+0200] {logging_mixin.py:151} INFO - [2023-10-19T22:20:45.031+0200] {dag.py:2915} INFO - Sync 1 DAGs
[2023-10-19T22:20:45.037+0200] {logging_mixin.py:151} INFO - [2023-10-19T22:20:45.037+0200] {dag.py:3696} INFO - Setting next_dagrun for example_short_circuit_decorator to 2023-10-18T20:20:45.037067+00:00, run_after=2023-10-19T20:20:45.037067+00:00
[2023-10-19T22:20:45.043+0200] {processor.py:179} INFO - Processing /Users/nick/Desktop/airflow_dic/venv/lib/python3.11/site-packages/airflow/example_dags/example_short_circuit_decorator.py took 0.088 seconds
[2023-10-19T22:21:52.520+0200] {processor.py:157} INFO - Started process (PID=29287) to work on /Users/nick/Desktop/airflow_dic/venv/lib/python3.11/site-packages/airflow/example_dags/example_short_circuit_decorator.py
[2023-10-19T22:21:52.522+0200] {processor.py:829} INFO - Processing file /Users/nick/Desktop/airflow_dic/venv/lib/python3.11/site-packages/airflow/example_dags/example_short_circuit_decorator.py for tasks to queue
[2023-10-19T22:21:52.522+0200] {logging_mixin.py:151} INFO - [2023-10-19T22:21:52.522+0200] {dagbag.py:539} INFO - Filling up the DagBag from /Users/nick/Desktop/airflow_dic/venv/lib/python3.11/site-packages/airflow/example_dags/example_short_circuit_decorator.py
[2023-10-19T22:21:52.546+0200] {processor.py:839} INFO - DAG(s) dict_keys(['example_short_circuit_decorator']) retrieved from /Users/nick/Desktop/airflow_dic/venv/lib/python3.11/site-packages/airflow/example_dags/example_short_circuit_decorator.py
[2023-10-19T22:21:52.603+0200] {logging_mixin.py:151} INFO - [2023-10-19T22:21:52.603+0200] {dag.py:2915} INFO - Sync 1 DAGs
[2023-10-19T22:21:52.609+0200] {logging_mixin.py:151} INFO - [2023-10-19T22:21:52.609+0200] {dag.py:3696} INFO - Setting next_dagrun for example_short_circuit_decorator to 2023-10-18T20:21:52.609173+00:00, run_after=2023-10-19T20:21:52.609173+00:00
[2023-10-19T22:21:52.615+0200] {processor.py:179} INFO - Processing /Users/nick/Desktop/airflow_dic/venv/lib/python3.11/site-packages/airflow/example_dags/example_short_circuit_decorator.py took 0.096 seconds
[2023-10-19T22:22:33.775+0200] {processor.py:157} INFO - Started process (PID=29373) to work on /Users/nick/Desktop/airflow_dic/venv/lib/python3.11/site-packages/airflow/example_dags/example_short_circuit_decorator.py
[2023-10-19T22:22:33.777+0200] {processor.py:829} INFO - Processing file /Users/nick/Desktop/airflow_dic/venv/lib/python3.11/site-packages/airflow/example_dags/example_short_circuit_decorator.py for tasks to queue
[2023-10-19T22:22:33.778+0200] {logging_mixin.py:151} INFO - [2023-10-19T22:22:33.778+0200] {dagbag.py:539} INFO - Filling up the DagBag from /Users/nick/Desktop/airflow_dic/venv/lib/python3.11/site-packages/airflow/example_dags/example_short_circuit_decorator.py
[2023-10-19T22:22:33.798+0200] {processor.py:839} INFO - DAG(s) dict_keys(['example_short_circuit_decorator']) retrieved from /Users/nick/Desktop/airflow_dic/venv/lib/python3.11/site-packages/airflow/example_dags/example_short_circuit_decorator.py
[2023-10-19T22:22:33.857+0200] {logging_mixin.py:151} INFO - [2023-10-19T22:22:33.857+0200] {dag.py:2915} INFO - Sync 1 DAGs
[2023-10-19T22:22:33.864+0200] {logging_mixin.py:151} INFO - [2023-10-19T22:22:33.864+0200] {dag.py:3696} INFO - Setting next_dagrun for example_short_circuit_decorator to 2023-10-18T20:22:33.863939+00:00, run_after=2023-10-19T20:22:33.863939+00:00
[2023-10-19T22:22:33.871+0200] {processor.py:179} INFO - Processing /Users/nick/Desktop/airflow_dic/venv/lib/python3.11/site-packages/airflow/example_dags/example_short_circuit_decorator.py took 0.096 seconds
[2023-10-19T22:23:15.478+0200] {processor.py:157} INFO - Started process (PID=29464) to work on /Users/nick/Desktop/airflow_dic/venv/lib/python3.11/site-packages/airflow/example_dags/example_short_circuit_decorator.py
[2023-10-19T22:23:15.480+0200] {processor.py:829} INFO - Processing file /Users/nick/Desktop/airflow_dic/venv/lib/python3.11/site-packages/airflow/example_dags/example_short_circuit_decorator.py for tasks to queue
[2023-10-19T22:23:15.480+0200] {logging_mixin.py:151} INFO - [2023-10-19T22:23:15.480+0200] {dagbag.py:539} INFO - Filling up the DagBag from /Users/nick/Desktop/airflow_dic/venv/lib/python3.11/site-packages/airflow/example_dags/example_short_circuit_decorator.py
[2023-10-19T22:23:15.499+0200] {processor.py:839} INFO - DAG(s) dict_keys(['example_short_circuit_decorator']) retrieved from /Users/nick/Desktop/airflow_dic/venv/lib/python3.11/site-packages/airflow/example_dags/example_short_circuit_decorator.py
[2023-10-19T22:23:15.554+0200] {logging_mixin.py:151} INFO - [2023-10-19T22:23:15.554+0200] {dag.py:2915} INFO - Sync 1 DAGs
[2023-10-19T22:23:15.559+0200] {logging_mixin.py:151} INFO - [2023-10-19T22:23:15.559+0200] {dag.py:3696} INFO - Setting next_dagrun for example_short_circuit_decorator to 2023-10-18T20:23:15.559549+00:00, run_after=2023-10-19T20:23:15.559549+00:00
[2023-10-19T22:23:15.566+0200] {processor.py:179} INFO - Processing /Users/nick/Desktop/airflow_dic/venv/lib/python3.11/site-packages/airflow/example_dags/example_short_circuit_decorator.py took 0.087 seconds
[2023-10-19T22:24:19.355+0200] {processor.py:157} INFO - Started process (PID=29584) to work on /Users/nick/Desktop/airflow_dic/venv/lib/python3.11/site-packages/airflow/example_dags/example_short_circuit_decorator.py
[2023-10-19T22:24:19.356+0200] {processor.py:829} INFO - Processing file /Users/nick/Desktop/airflow_dic/venv/lib/python3.11/site-packages/airflow/example_dags/example_short_circuit_decorator.py for tasks to queue
[2023-10-19T22:24:19.356+0200] {logging_mixin.py:151} INFO - [2023-10-19T22:24:19.356+0200] {dagbag.py:539} INFO - Filling up the DagBag from /Users/nick/Desktop/airflow_dic/venv/lib/python3.11/site-packages/airflow/example_dags/example_short_circuit_decorator.py
[2023-10-19T22:24:19.376+0200] {processor.py:839} INFO - DAG(s) dict_keys(['example_short_circuit_decorator']) retrieved from /Users/nick/Desktop/airflow_dic/venv/lib/python3.11/site-packages/airflow/example_dags/example_short_circuit_decorator.py
[2023-10-19T22:24:19.431+0200] {logging_mixin.py:151} INFO - [2023-10-19T22:24:19.431+0200] {dag.py:2915} INFO - Sync 1 DAGs
[2023-10-19T22:24:19.437+0200] {logging_mixin.py:151} INFO - [2023-10-19T22:24:19.437+0200] {dag.py:3696} INFO - Setting next_dagrun for example_short_circuit_decorator to 2023-10-18T20:24:19.437267+00:00, run_after=2023-10-19T20:24:19.437267+00:00
[2023-10-19T22:24:19.444+0200] {processor.py:179} INFO - Processing /Users/nick/Desktop/airflow_dic/venv/lib/python3.11/site-packages/airflow/example_dags/example_short_circuit_decorator.py took 0.090 seconds
[2023-10-19T22:25:20.981+0200] {processor.py:157} INFO - Started process (PID=29721) to work on /Users/nick/Desktop/airflow_dic/venv/lib/python3.11/site-packages/airflow/example_dags/example_short_circuit_decorator.py
[2023-10-19T22:25:20.983+0200] {processor.py:829} INFO - Processing file /Users/nick/Desktop/airflow_dic/venv/lib/python3.11/site-packages/airflow/example_dags/example_short_circuit_decorator.py for tasks to queue
[2023-10-19T22:25:20.984+0200] {logging_mixin.py:151} INFO - [2023-10-19T22:25:20.983+0200] {dagbag.py:539} INFO - Filling up the DagBag from /Users/nick/Desktop/airflow_dic/venv/lib/python3.11/site-packages/airflow/example_dags/example_short_circuit_decorator.py
[2023-10-19T22:25:21.004+0200] {processor.py:839} INFO - DAG(s) dict_keys(['example_short_circuit_decorator']) retrieved from /Users/nick/Desktop/airflow_dic/venv/lib/python3.11/site-packages/airflow/example_dags/example_short_circuit_decorator.py
[2023-10-19T22:25:21.060+0200] {logging_mixin.py:151} INFO - [2023-10-19T22:25:21.060+0200] {dag.py:2915} INFO - Sync 1 DAGs
[2023-10-19T22:25:21.066+0200] {logging_mixin.py:151} INFO - [2023-10-19T22:25:21.066+0200] {dag.py:3696} INFO - Setting next_dagrun for example_short_circuit_decorator to 2023-10-18T20:25:21.066171+00:00, run_after=2023-10-19T20:25:21.066171+00:00
[2023-10-19T22:25:21.072+0200] {processor.py:179} INFO - Processing /Users/nick/Desktop/airflow_dic/venv/lib/python3.11/site-packages/airflow/example_dags/example_short_circuit_decorator.py took 0.091 seconds
[2023-10-19T22:26:35.843+0200] {processor.py:157} INFO - Started process (PID=31737) to work on /Users/nick/Desktop/airflow_dic/venv/lib/python3.11/site-packages/airflow/example_dags/example_short_circuit_decorator.py
[2023-10-19T22:26:35.845+0200] {processor.py:829} INFO - Processing file /Users/nick/Desktop/airflow_dic/venv/lib/python3.11/site-packages/airflow/example_dags/example_short_circuit_decorator.py for tasks to queue
[2023-10-19T22:26:35.845+0200] {logging_mixin.py:151} INFO - [2023-10-19T22:26:35.845+0200] {dagbag.py:539} INFO - Filling up the DagBag from /Users/nick/Desktop/airflow_dic/venv/lib/python3.11/site-packages/airflow/example_dags/example_short_circuit_decorator.py
[2023-10-19T22:26:35.868+0200] {processor.py:839} INFO - DAG(s) dict_keys(['example_short_circuit_decorator']) retrieved from /Users/nick/Desktop/airflow_dic/venv/lib/python3.11/site-packages/airflow/example_dags/example_short_circuit_decorator.py
[2023-10-19T22:26:36.181+0200] {logging_mixin.py:151} INFO - [2023-10-19T22:26:36.181+0200] {security.py:708} INFO - Not syncing DAG-level permissions for DAG 'DAG:example_short_circuit_decorator' as access control is unset.
[2023-10-19T22:26:36.181+0200] {logging_mixin.py:151} INFO - [2023-10-19T22:26:36.181+0200] {dag.py:2915} INFO - Sync 1 DAGs
[2023-10-19T22:26:36.184+0200] {logging_mixin.py:151} INFO - [2023-10-19T22:26:36.184+0200] {dag.py:2937} INFO - Creating ORM DAG for example_short_circuit_decorator
[2023-10-19T22:26:36.188+0200] {logging_mixin.py:151} INFO - [2023-10-19T22:26:36.188+0200] {dag.py:3696} INFO - Setting next_dagrun for example_short_circuit_decorator to 2023-10-18T20:26:36.188042+00:00, run_after=2023-10-19T20:26:36.188042+00:00
[2023-10-19T22:26:36.194+0200] {processor.py:179} INFO - Processing /Users/nick/Desktop/airflow_dic/venv/lib/python3.11/site-packages/airflow/example_dags/example_short_circuit_decorator.py took 0.352 seconds
[2023-10-19T22:27:42.023+0200] {processor.py:157} INFO - Started process (PID=31860) to work on /Users/nick/Desktop/airflow_dic/venv/lib/python3.11/site-packages/airflow/example_dags/example_short_circuit_decorator.py
[2023-10-19T22:27:42.025+0200] {processor.py:829} INFO - Processing file /Users/nick/Desktop/airflow_dic/venv/lib/python3.11/site-packages/airflow/example_dags/example_short_circuit_decorator.py for tasks to queue
[2023-10-19T22:27:42.025+0200] {logging_mixin.py:151} INFO - [2023-10-19T22:27:42.025+0200] {dagbag.py:539} INFO - Filling up the DagBag from /Users/nick/Desktop/airflow_dic/venv/lib/python3.11/site-packages/airflow/example_dags/example_short_circuit_decorator.py
[2023-10-19T22:27:42.047+0200] {processor.py:839} INFO - DAG(s) dict_keys(['example_short_circuit_decorator']) retrieved from /Users/nick/Desktop/airflow_dic/venv/lib/python3.11/site-packages/airflow/example_dags/example_short_circuit_decorator.py
[2023-10-19T22:27:42.369+0200] {logging_mixin.py:151} INFO - [2023-10-19T22:27:42.369+0200] {security.py:708} INFO - Not syncing DAG-level permissions for DAG 'DAG:example_short_circuit_decorator' as access control is unset.
[2023-10-19T22:27:42.369+0200] {logging_mixin.py:151} INFO - [2023-10-19T22:27:42.369+0200] {dag.py:2915} INFO - Sync 1 DAGs
[2023-10-19T22:27:42.372+0200] {logging_mixin.py:151} INFO - [2023-10-19T22:27:42.372+0200] {dag.py:2937} INFO - Creating ORM DAG for example_short_circuit_decorator
[2023-10-19T22:27:42.376+0200] {logging_mixin.py:151} INFO - [2023-10-19T22:27:42.376+0200] {dag.py:3696} INFO - Setting next_dagrun for example_short_circuit_decorator to 2023-10-18T20:27:42.376126+00:00, run_after=2023-10-19T20:27:42.376126+00:00
[2023-10-19T22:27:42.383+0200] {processor.py:179} INFO - Processing /Users/nick/Desktop/airflow_dic/venv/lib/python3.11/site-packages/airflow/example_dags/example_short_circuit_decorator.py took 0.360 seconds
[2023-10-19T22:28:55.132+0200] {processor.py:157} INFO - Started process (PID=32013) to work on /Users/nick/Desktop/airflow_dic/venv/lib/python3.11/site-packages/airflow/example_dags/example_short_circuit_decorator.py
[2023-10-19T22:28:55.134+0200] {processor.py:829} INFO - Processing file /Users/nick/Desktop/airflow_dic/venv/lib/python3.11/site-packages/airflow/example_dags/example_short_circuit_decorator.py for tasks to queue
[2023-10-19T22:28:55.134+0200] {logging_mixin.py:151} INFO - [2023-10-19T22:28:55.134+0200] {dagbag.py:539} INFO - Filling up the DagBag from /Users/nick/Desktop/airflow_dic/venv/lib/python3.11/site-packages/airflow/example_dags/example_short_circuit_decorator.py
[2023-10-19T22:28:55.155+0200] {processor.py:839} INFO - DAG(s) dict_keys(['example_short_circuit_decorator']) retrieved from /Users/nick/Desktop/airflow_dic/venv/lib/python3.11/site-packages/airflow/example_dags/example_short_circuit_decorator.py
[2023-10-19T22:28:55.211+0200] {logging_mixin.py:151} INFO - [2023-10-19T22:28:55.210+0200] {dag.py:2915} INFO - Sync 1 DAGs
[2023-10-19T22:28:55.216+0200] {logging_mixin.py:151} INFO - [2023-10-19T22:28:55.216+0200] {dag.py:3696} INFO - Setting next_dagrun for example_short_circuit_decorator to 2023-10-18T20:28:55.216519+00:00, run_after=2023-10-19T20:28:55.216519+00:00
[2023-10-19T22:28:55.223+0200] {processor.py:179} INFO - Processing /Users/nick/Desktop/airflow_dic/venv/lib/python3.11/site-packages/airflow/example_dags/example_short_circuit_decorator.py took 0.091 seconds
[2023-10-19T22:29:59.866+0200] {processor.py:157} INFO - Started process (PID=32138) to work on /Users/nick/Desktop/airflow_dic/venv/lib/python3.11/site-packages/airflow/example_dags/example_short_circuit_decorator.py
[2023-10-19T22:29:59.867+0200] {processor.py:829} INFO - Processing file /Users/nick/Desktop/airflow_dic/venv/lib/python3.11/site-packages/airflow/example_dags/example_short_circuit_decorator.py for tasks to queue
[2023-10-19T22:29:59.868+0200] {logging_mixin.py:151} INFO - [2023-10-19T22:29:59.868+0200] {dagbag.py:539} INFO - Filling up the DagBag from /Users/nick/Desktop/airflow_dic/venv/lib/python3.11/site-packages/airflow/example_dags/example_short_circuit_decorator.py
[2023-10-19T22:29:59.887+0200] {processor.py:839} INFO - DAG(s) dict_keys(['example_short_circuit_decorator']) retrieved from /Users/nick/Desktop/airflow_dic/venv/lib/python3.11/site-packages/airflow/example_dags/example_short_circuit_decorator.py
[2023-10-19T22:29:59.942+0200] {logging_mixin.py:151} INFO - [2023-10-19T22:29:59.942+0200] {dag.py:2915} INFO - Sync 1 DAGs
[2023-10-19T22:29:59.947+0200] {logging_mixin.py:151} INFO - [2023-10-19T22:29:59.947+0200] {dag.py:3696} INFO - Setting next_dagrun for example_short_circuit_decorator to 2023-10-18T20:29:59.947569+00:00, run_after=2023-10-19T20:29:59.947569+00:00
[2023-10-19T22:29:59.954+0200] {processor.py:179} INFO - Processing /Users/nick/Desktop/airflow_dic/venv/lib/python3.11/site-packages/airflow/example_dags/example_short_circuit_decorator.py took 0.088 seconds
[2023-10-19T22:31:20.737+0200] {processor.py:157} INFO - Started process (PID=32304) to work on /Users/nick/Desktop/airflow_dic/venv/lib/python3.11/site-packages/airflow/example_dags/example_short_circuit_decorator.py
[2023-10-19T22:31:20.739+0200] {processor.py:829} INFO - Processing file /Users/nick/Desktop/airflow_dic/venv/lib/python3.11/site-packages/airflow/example_dags/example_short_circuit_decorator.py for tasks to queue
[2023-10-19T22:31:20.739+0200] {logging_mixin.py:151} INFO - [2023-10-19T22:31:20.739+0200] {dagbag.py:539} INFO - Filling up the DagBag from /Users/nick/Desktop/airflow_dic/venv/lib/python3.11/site-packages/airflow/example_dags/example_short_circuit_decorator.py
[2023-10-19T22:31:20.761+0200] {processor.py:839} INFO - DAG(s) dict_keys(['example_short_circuit_decorator']) retrieved from /Users/nick/Desktop/airflow_dic/venv/lib/python3.11/site-packages/airflow/example_dags/example_short_circuit_decorator.py
[2023-10-19T22:31:20.824+0200] {logging_mixin.py:151} INFO - [2023-10-19T22:31:20.824+0200] {dag.py:2915} INFO - Sync 1 DAGs
[2023-10-19T22:31:20.831+0200] {logging_mixin.py:151} INFO - [2023-10-19T22:31:20.831+0200] {dag.py:3696} INFO - Setting next_dagrun for example_short_circuit_decorator to 2023-10-18T20:31:20.831279+00:00, run_after=2023-10-19T20:31:20.831279+00:00
[2023-10-19T22:31:20.838+0200] {processor.py:179} INFO - Processing /Users/nick/Desktop/airflow_dic/venv/lib/python3.11/site-packages/airflow/example_dags/example_short_circuit_decorator.py took 0.101 seconds
[2023-10-19T22:32:26.040+0200] {processor.py:157} INFO - Started process (PID=32420) to work on /Users/nick/Desktop/airflow_dic/venv/lib/python3.11/site-packages/airflow/example_dags/example_short_circuit_decorator.py
[2023-10-19T22:32:26.042+0200] {processor.py:829} INFO - Processing file /Users/nick/Desktop/airflow_dic/venv/lib/python3.11/site-packages/airflow/example_dags/example_short_circuit_decorator.py for tasks to queue
[2023-10-19T22:32:26.042+0200] {logging_mixin.py:151} INFO - [2023-10-19T22:32:26.042+0200] {dagbag.py:539} INFO - Filling up the DagBag from /Users/nick/Desktop/airflow_dic/venv/lib/python3.11/site-packages/airflow/example_dags/example_short_circuit_decorator.py
[2023-10-19T22:32:26.063+0200] {processor.py:839} INFO - DAG(s) dict_keys(['example_short_circuit_decorator']) retrieved from /Users/nick/Desktop/airflow_dic/venv/lib/python3.11/site-packages/airflow/example_dags/example_short_circuit_decorator.py
[2023-10-19T22:32:26.122+0200] {logging_mixin.py:151} INFO - [2023-10-19T22:32:26.122+0200] {dag.py:2915} INFO - Sync 1 DAGs
[2023-10-19T22:32:26.128+0200] {logging_mixin.py:151} INFO - [2023-10-19T22:32:26.128+0200] {dag.py:3696} INFO - Setting next_dagrun for example_short_circuit_decorator to 2023-10-18T20:32:26.128103+00:00, run_after=2023-10-19T20:32:26.128103+00:00
[2023-10-19T22:32:26.134+0200] {processor.py:179} INFO - Processing /Users/nick/Desktop/airflow_dic/venv/lib/python3.11/site-packages/airflow/example_dags/example_short_circuit_decorator.py took 0.094 seconds
[2023-10-19T22:33:32.888+0200] {processor.py:157} INFO - Started process (PID=32547) to work on /Users/nick/Desktop/airflow_dic/venv/lib/python3.11/site-packages/airflow/example_dags/example_short_circuit_decorator.py
[2023-10-19T22:33:32.890+0200] {processor.py:829} INFO - Processing file /Users/nick/Desktop/airflow_dic/venv/lib/python3.11/site-packages/airflow/example_dags/example_short_circuit_decorator.py for tasks to queue
[2023-10-19T22:33:32.890+0200] {logging_mixin.py:151} INFO - [2023-10-19T22:33:32.890+0200] {dagbag.py:539} INFO - Filling up the DagBag from /Users/nick/Desktop/airflow_dic/venv/lib/python3.11/site-packages/airflow/example_dags/example_short_circuit_decorator.py
[2023-10-19T22:33:32.910+0200] {processor.py:839} INFO - DAG(s) dict_keys(['example_short_circuit_decorator']) retrieved from /Users/nick/Desktop/airflow_dic/venv/lib/python3.11/site-packages/airflow/example_dags/example_short_circuit_decorator.py
[2023-10-19T22:33:32.965+0200] {logging_mixin.py:151} INFO - [2023-10-19T22:33:32.964+0200] {dag.py:2915} INFO - Sync 1 DAGs
[2023-10-19T22:33:32.970+0200] {logging_mixin.py:151} INFO - [2023-10-19T22:33:32.970+0200] {dag.py:3696} INFO - Setting next_dagrun for example_short_circuit_decorator to 2023-10-18T20:33:32.970507+00:00, run_after=2023-10-19T20:33:32.970507+00:00
[2023-10-19T22:33:32.976+0200] {processor.py:179} INFO - Processing /Users/nick/Desktop/airflow_dic/venv/lib/python3.11/site-packages/airflow/example_dags/example_short_circuit_decorator.py took 0.089 seconds
[2023-10-19T22:34:44.288+0200] {processor.py:157} INFO - Started process (PID=32707) to work on /Users/nick/Desktop/airflow_dic/venv/lib/python3.11/site-packages/airflow/example_dags/example_short_circuit_decorator.py
[2023-10-19T22:34:44.291+0200] {processor.py:829} INFO - Processing file /Users/nick/Desktop/airflow_dic/venv/lib/python3.11/site-packages/airflow/example_dags/example_short_circuit_decorator.py for tasks to queue
[2023-10-19T22:34:44.291+0200] {logging_mixin.py:151} INFO - [2023-10-19T22:34:44.291+0200] {dagbag.py:539} INFO - Filling up the DagBag from /Users/nick/Desktop/airflow_dic/venv/lib/python3.11/site-packages/airflow/example_dags/example_short_circuit_decorator.py
[2023-10-19T22:34:44.311+0200] {processor.py:839} INFO - DAG(s) dict_keys(['example_short_circuit_decorator']) retrieved from /Users/nick/Desktop/airflow_dic/venv/lib/python3.11/site-packages/airflow/example_dags/example_short_circuit_decorator.py
[2023-10-19T22:34:44.366+0200] {logging_mixin.py:151} INFO - [2023-10-19T22:34:44.366+0200] {dag.py:2915} INFO - Sync 1 DAGs
[2023-10-19T22:34:44.371+0200] {logging_mixin.py:151} INFO - [2023-10-19T22:34:44.371+0200] {dag.py:3696} INFO - Setting next_dagrun for example_short_circuit_decorator to 2023-10-18T20:34:44.371746+00:00, run_after=2023-10-19T20:34:44.371746+00:00
[2023-10-19T22:34:44.378+0200] {processor.py:179} INFO - Processing /Users/nick/Desktop/airflow_dic/venv/lib/python3.11/site-packages/airflow/example_dags/example_short_circuit_decorator.py took 0.089 seconds
[2023-10-19T22:35:51.596+0200] {processor.py:157} INFO - Started process (PID=32855) to work on /Users/nick/Desktop/airflow_dic/venv/lib/python3.11/site-packages/airflow/example_dags/example_short_circuit_decorator.py
[2023-10-19T22:35:51.598+0200] {processor.py:829} INFO - Processing file /Users/nick/Desktop/airflow_dic/venv/lib/python3.11/site-packages/airflow/example_dags/example_short_circuit_decorator.py for tasks to queue
[2023-10-19T22:35:51.598+0200] {logging_mixin.py:151} INFO - [2023-10-19T22:35:51.598+0200] {dagbag.py:539} INFO - Filling up the DagBag from /Users/nick/Desktop/airflow_dic/venv/lib/python3.11/site-packages/airflow/example_dags/example_short_circuit_decorator.py
[2023-10-19T22:35:51.618+0200] {processor.py:839} INFO - DAG(s) dict_keys(['example_short_circuit_decorator']) retrieved from /Users/nick/Desktop/airflow_dic/venv/lib/python3.11/site-packages/airflow/example_dags/example_short_circuit_decorator.py
[2023-10-19T22:35:51.673+0200] {logging_mixin.py:151} INFO - [2023-10-19T22:35:51.673+0200] {dag.py:2915} INFO - Sync 1 DAGs
[2023-10-19T22:35:51.679+0200] {logging_mixin.py:151} INFO - [2023-10-19T22:35:51.679+0200] {dag.py:3696} INFO - Setting next_dagrun for example_short_circuit_decorator to 2023-10-18T20:35:51.679255+00:00, run_after=2023-10-19T20:35:51.679255+00:00
[2023-10-19T22:35:51.685+0200] {processor.py:179} INFO - Processing /Users/nick/Desktop/airflow_dic/venv/lib/python3.11/site-packages/airflow/example_dags/example_short_circuit_decorator.py took 0.090 seconds
[2023-10-19T22:37:00.293+0200] {processor.py:157} INFO - Started process (PID=32985) to work on /Users/nick/Desktop/airflow_dic/venv/lib/python3.11/site-packages/airflow/example_dags/example_short_circuit_decorator.py
[2023-10-19T22:37:00.294+0200] {processor.py:829} INFO - Processing file /Users/nick/Desktop/airflow_dic/venv/lib/python3.11/site-packages/airflow/example_dags/example_short_circuit_decorator.py for tasks to queue
[2023-10-19T22:37:00.294+0200] {logging_mixin.py:151} INFO - [2023-10-19T22:37:00.294+0200] {dagbag.py:539} INFO - Filling up the DagBag from /Users/nick/Desktop/airflow_dic/venv/lib/python3.11/site-packages/airflow/example_dags/example_short_circuit_decorator.py
[2023-10-19T22:37:00.314+0200] {processor.py:839} INFO - DAG(s) dict_keys(['example_short_circuit_decorator']) retrieved from /Users/nick/Desktop/airflow_dic/venv/lib/python3.11/site-packages/airflow/example_dags/example_short_circuit_decorator.py
[2023-10-19T22:37:00.369+0200] {logging_mixin.py:151} INFO - [2023-10-19T22:37:00.368+0200] {dag.py:2915} INFO - Sync 1 DAGs
[2023-10-19T22:37:00.374+0200] {logging_mixin.py:151} INFO - [2023-10-19T22:37:00.374+0200] {dag.py:3696} INFO - Setting next_dagrun for example_short_circuit_decorator to 2023-10-18T20:37:00.374543+00:00, run_after=2023-10-19T20:37:00.374543+00:00
[2023-10-19T22:37:00.380+0200] {processor.py:179} INFO - Processing /Users/nick/Desktop/airflow_dic/venv/lib/python3.11/site-packages/airflow/example_dags/example_short_circuit_decorator.py took 0.088 seconds
[2023-10-19T22:38:07.633+0200] {processor.py:157} INFO - Started process (PID=33110) to work on /Users/nick/Desktop/airflow_dic/venv/lib/python3.11/site-packages/airflow/example_dags/example_short_circuit_decorator.py
[2023-10-19T22:38:07.634+0200] {processor.py:829} INFO - Processing file /Users/nick/Desktop/airflow_dic/venv/lib/python3.11/site-packages/airflow/example_dags/example_short_circuit_decorator.py for tasks to queue
[2023-10-19T22:38:07.634+0200] {logging_mixin.py:151} INFO - [2023-10-19T22:38:07.634+0200] {dagbag.py:539} INFO - Filling up the DagBag from /Users/nick/Desktop/airflow_dic/venv/lib/python3.11/site-packages/airflow/example_dags/example_short_circuit_decorator.py
[2023-10-19T22:38:07.654+0200] {processor.py:839} INFO - DAG(s) dict_keys(['example_short_circuit_decorator']) retrieved from /Users/nick/Desktop/airflow_dic/venv/lib/python3.11/site-packages/airflow/example_dags/example_short_circuit_decorator.py
[2023-10-19T22:38:07.709+0200] {logging_mixin.py:151} INFO - [2023-10-19T22:38:07.709+0200] {dag.py:2915} INFO - Sync 1 DAGs
[2023-10-19T22:38:07.714+0200] {logging_mixin.py:151} INFO - [2023-10-19T22:38:07.714+0200] {dag.py:3696} INFO - Setting next_dagrun for example_short_circuit_decorator to 2023-10-18T20:38:07.714629+00:00, run_after=2023-10-19T20:38:07.714629+00:00
[2023-10-19T22:38:07.720+0200] {processor.py:179} INFO - Processing /Users/nick/Desktop/airflow_dic/venv/lib/python3.11/site-packages/airflow/example_dags/example_short_circuit_decorator.py took 0.088 seconds
[2023-10-19T22:39:14.868+0200] {processor.py:157} INFO - Started process (PID=33238) to work on /Users/nick/Desktop/airflow_dic/venv/lib/python3.11/site-packages/airflow/example_dags/example_short_circuit_decorator.py
[2023-10-19T22:39:14.869+0200] {processor.py:829} INFO - Processing file /Users/nick/Desktop/airflow_dic/venv/lib/python3.11/site-packages/airflow/example_dags/example_short_circuit_decorator.py for tasks to queue
[2023-10-19T22:39:14.869+0200] {logging_mixin.py:151} INFO - [2023-10-19T22:39:14.869+0200] {dagbag.py:539} INFO - Filling up the DagBag from /Users/nick/Desktop/airflow_dic/venv/lib/python3.11/site-packages/airflow/example_dags/example_short_circuit_decorator.py
[2023-10-19T22:39:14.889+0200] {processor.py:839} INFO - DAG(s) dict_keys(['example_short_circuit_decorator']) retrieved from /Users/nick/Desktop/airflow_dic/venv/lib/python3.11/site-packages/airflow/example_dags/example_short_circuit_decorator.py
[2023-10-19T22:39:14.944+0200] {logging_mixin.py:151} INFO - [2023-10-19T22:39:14.943+0200] {dag.py:2915} INFO - Sync 1 DAGs
[2023-10-19T22:39:14.949+0200] {logging_mixin.py:151} INFO - [2023-10-19T22:39:14.949+0200] {dag.py:3696} INFO - Setting next_dagrun for example_short_circuit_decorator to 2023-10-18T20:39:14.949379+00:00, run_after=2023-10-19T20:39:14.949379+00:00
[2023-10-19T22:39:14.955+0200] {processor.py:179} INFO - Processing /Users/nick/Desktop/airflow_dic/venv/lib/python3.11/site-packages/airflow/example_dags/example_short_circuit_decorator.py took 0.088 seconds
[2023-10-19T22:40:22.166+0200] {processor.py:157} INFO - Started process (PID=33365) to work on /Users/nick/Desktop/airflow_dic/venv/lib/python3.11/site-packages/airflow/example_dags/example_short_circuit_decorator.py
[2023-10-19T22:40:22.167+0200] {processor.py:829} INFO - Processing file /Users/nick/Desktop/airflow_dic/venv/lib/python3.11/site-packages/airflow/example_dags/example_short_circuit_decorator.py for tasks to queue
[2023-10-19T22:40:22.167+0200] {logging_mixin.py:151} INFO - [2023-10-19T22:40:22.167+0200] {dagbag.py:539} INFO - Filling up the DagBag from /Users/nick/Desktop/airflow_dic/venv/lib/python3.11/site-packages/airflow/example_dags/example_short_circuit_decorator.py
[2023-10-19T22:40:22.188+0200] {processor.py:839} INFO - DAG(s) dict_keys(['example_short_circuit_decorator']) retrieved from /Users/nick/Desktop/airflow_dic/venv/lib/python3.11/site-packages/airflow/example_dags/example_short_circuit_decorator.py
[2023-10-19T22:40:22.245+0200] {logging_mixin.py:151} INFO - [2023-10-19T22:40:22.245+0200] {dag.py:2915} INFO - Sync 1 DAGs
[2023-10-19T22:40:22.251+0200] {logging_mixin.py:151} INFO - [2023-10-19T22:40:22.251+0200] {dag.py:3696} INFO - Setting next_dagrun for example_short_circuit_decorator to 2023-10-18T20:40:22.251012+00:00, run_after=2023-10-19T20:40:22.251012+00:00
[2023-10-19T22:40:22.257+0200] {processor.py:179} INFO - Processing /Users/nick/Desktop/airflow_dic/venv/lib/python3.11/site-packages/airflow/example_dags/example_short_circuit_decorator.py took 0.092 seconds
[2023-10-19T22:41:31.769+0200] {processor.py:157} INFO - Started process (PID=33493) to work on /Users/nick/Desktop/airflow_dic/venv/lib/python3.11/site-packages/airflow/example_dags/example_short_circuit_decorator.py
[2023-10-19T22:41:31.770+0200] {processor.py:829} INFO - Processing file /Users/nick/Desktop/airflow_dic/venv/lib/python3.11/site-packages/airflow/example_dags/example_short_circuit_decorator.py for tasks to queue
[2023-10-19T22:41:31.770+0200] {logging_mixin.py:151} INFO - [2023-10-19T22:41:31.770+0200] {dagbag.py:539} INFO - Filling up the DagBag from /Users/nick/Desktop/airflow_dic/venv/lib/python3.11/site-packages/airflow/example_dags/example_short_circuit_decorator.py
[2023-10-19T22:41:31.790+0200] {processor.py:839} INFO - DAG(s) dict_keys(['example_short_circuit_decorator']) retrieved from /Users/nick/Desktop/airflow_dic/venv/lib/python3.11/site-packages/airflow/example_dags/example_short_circuit_decorator.py
[2023-10-19T22:41:31.844+0200] {logging_mixin.py:151} INFO - [2023-10-19T22:41:31.844+0200] {dag.py:2915} INFO - Sync 1 DAGs
[2023-10-19T22:41:31.850+0200] {logging_mixin.py:151} INFO - [2023-10-19T22:41:31.849+0200] {dag.py:3696} INFO - Setting next_dagrun for example_short_circuit_decorator to 2023-10-18T20:41:31.849896+00:00, run_after=2023-10-19T20:41:31.849896+00:00
[2023-10-19T22:41:31.856+0200] {processor.py:179} INFO - Processing /Users/nick/Desktop/airflow_dic/venv/lib/python3.11/site-packages/airflow/example_dags/example_short_circuit_decorator.py took 0.087 seconds
[2023-10-19T22:42:43.220+0200] {processor.py:157} INFO - Started process (PID=33625) to work on /Users/nick/Desktop/airflow_dic/venv/lib/python3.11/site-packages/airflow/example_dags/example_short_circuit_decorator.py
[2023-10-19T22:42:43.221+0200] {processor.py:829} INFO - Processing file /Users/nick/Desktop/airflow_dic/venv/lib/python3.11/site-packages/airflow/example_dags/example_short_circuit_decorator.py for tasks to queue
[2023-10-19T22:42:43.221+0200] {logging_mixin.py:151} INFO - [2023-10-19T22:42:43.221+0200] {dagbag.py:539} INFO - Filling up the DagBag from /Users/nick/Desktop/airflow_dic/venv/lib/python3.11/site-packages/airflow/example_dags/example_short_circuit_decorator.py
[2023-10-19T22:42:43.242+0200] {processor.py:839} INFO - DAG(s) dict_keys(['example_short_circuit_decorator']) retrieved from /Users/nick/Desktop/airflow_dic/venv/lib/python3.11/site-packages/airflow/example_dags/example_short_circuit_decorator.py
[2023-10-19T22:42:43.296+0200] {logging_mixin.py:151} INFO - [2023-10-19T22:42:43.296+0200] {dag.py:2915} INFO - Sync 1 DAGs
[2023-10-19T22:42:43.302+0200] {logging_mixin.py:151} INFO - [2023-10-19T22:42:43.302+0200] {dag.py:3696} INFO - Setting next_dagrun for example_short_circuit_decorator to 2023-10-18T20:42:43.302038+00:00, run_after=2023-10-19T20:42:43.302038+00:00
[2023-10-19T22:42:43.308+0200] {processor.py:179} INFO - Processing /Users/nick/Desktop/airflow_dic/venv/lib/python3.11/site-packages/airflow/example_dags/example_short_circuit_decorator.py took 0.088 seconds
[2023-10-19T22:43:51.199+0200] {processor.py:157} INFO - Started process (PID=33749) to work on /Users/nick/Desktop/airflow_dic/venv/lib/python3.11/site-packages/airflow/example_dags/example_short_circuit_decorator.py
[2023-10-19T22:43:51.201+0200] {processor.py:829} INFO - Processing file /Users/nick/Desktop/airflow_dic/venv/lib/python3.11/site-packages/airflow/example_dags/example_short_circuit_decorator.py for tasks to queue
[2023-10-19T22:43:51.201+0200] {logging_mixin.py:151} INFO - [2023-10-19T22:43:51.201+0200] {dagbag.py:539} INFO - Filling up the DagBag from /Users/nick/Desktop/airflow_dic/venv/lib/python3.11/site-packages/airflow/example_dags/example_short_circuit_decorator.py
[2023-10-19T22:43:51.221+0200] {processor.py:839} INFO - DAG(s) dict_keys(['example_short_circuit_decorator']) retrieved from /Users/nick/Desktop/airflow_dic/venv/lib/python3.11/site-packages/airflow/example_dags/example_short_circuit_decorator.py
[2023-10-19T22:43:51.275+0200] {logging_mixin.py:151} INFO - [2023-10-19T22:43:51.275+0200] {dag.py:2915} INFO - Sync 1 DAGs
[2023-10-19T22:43:51.281+0200] {logging_mixin.py:151} INFO - [2023-10-19T22:43:51.281+0200] {dag.py:3696} INFO - Setting next_dagrun for example_short_circuit_decorator to 2023-10-18T20:43:51.281200+00:00, run_after=2023-10-19T20:43:51.281200+00:00
[2023-10-19T22:43:51.287+0200] {processor.py:179} INFO - Processing /Users/nick/Desktop/airflow_dic/venv/lib/python3.11/site-packages/airflow/example_dags/example_short_circuit_decorator.py took 0.088 seconds
[2023-10-19T22:45:01.887+0200] {processor.py:157} INFO - Started process (PID=33888) to work on /Users/nick/Desktop/airflow_dic/venv/lib/python3.11/site-packages/airflow/example_dags/example_short_circuit_decorator.py
[2023-10-19T22:45:01.889+0200] {processor.py:829} INFO - Processing file /Users/nick/Desktop/airflow_dic/venv/lib/python3.11/site-packages/airflow/example_dags/example_short_circuit_decorator.py for tasks to queue
[2023-10-19T22:45:01.889+0200] {logging_mixin.py:151} INFO - [2023-10-19T22:45:01.889+0200] {dagbag.py:539} INFO - Filling up the DagBag from /Users/nick/Desktop/airflow_dic/venv/lib/python3.11/site-packages/airflow/example_dags/example_short_circuit_decorator.py
[2023-10-19T22:45:01.909+0200] {processor.py:839} INFO - DAG(s) dict_keys(['example_short_circuit_decorator']) retrieved from /Users/nick/Desktop/airflow_dic/venv/lib/python3.11/site-packages/airflow/example_dags/example_short_circuit_decorator.py
[2023-10-19T22:45:01.964+0200] {logging_mixin.py:151} INFO - [2023-10-19T22:45:01.963+0200] {dag.py:2915} INFO - Sync 1 DAGs
[2023-10-19T22:45:01.969+0200] {logging_mixin.py:151} INFO - [2023-10-19T22:45:01.969+0200] {dag.py:3696} INFO - Setting next_dagrun for example_short_circuit_decorator to 2023-10-18T20:45:01.969469+00:00, run_after=2023-10-19T20:45:01.969469+00:00
[2023-10-19T22:45:01.975+0200] {processor.py:179} INFO - Processing /Users/nick/Desktop/airflow_dic/venv/lib/python3.11/site-packages/airflow/example_dags/example_short_circuit_decorator.py took 0.088 seconds
[2023-10-19T22:45:44.618+0200] {processor.py:157} INFO - Started process (PID=33987) to work on /Users/nick/Desktop/airflow_dic/venv/lib/python3.11/site-packages/airflow/example_dags/example_short_circuit_decorator.py
[2023-10-19T22:45:44.619+0200] {processor.py:829} INFO - Processing file /Users/nick/Desktop/airflow_dic/venv/lib/python3.11/site-packages/airflow/example_dags/example_short_circuit_decorator.py for tasks to queue
[2023-10-19T22:45:44.619+0200] {logging_mixin.py:151} INFO - [2023-10-19T22:45:44.619+0200] {dagbag.py:539} INFO - Filling up the DagBag from /Users/nick/Desktop/airflow_dic/venv/lib/python3.11/site-packages/airflow/example_dags/example_short_circuit_decorator.py
[2023-10-19T22:45:44.639+0200] {processor.py:839} INFO - DAG(s) dict_keys(['example_short_circuit_decorator']) retrieved from /Users/nick/Desktop/airflow_dic/venv/lib/python3.11/site-packages/airflow/example_dags/example_short_circuit_decorator.py
[2023-10-19T22:45:44.693+0200] {logging_mixin.py:151} INFO - [2023-10-19T22:45:44.692+0200] {dag.py:2915} INFO - Sync 1 DAGs
[2023-10-19T22:45:44.698+0200] {logging_mixin.py:151} INFO - [2023-10-19T22:45:44.698+0200] {dag.py:3696} INFO - Setting next_dagrun for example_short_circuit_decorator to 2023-10-18T20:45:44.698448+00:00, run_after=2023-10-19T20:45:44.698448+00:00
[2023-10-19T22:45:44.704+0200] {processor.py:179} INFO - Processing /Users/nick/Desktop/airflow_dic/venv/lib/python3.11/site-packages/airflow/example_dags/example_short_circuit_decorator.py took 0.087 seconds
[2023-10-19T22:46:50.015+0200] {processor.py:157} INFO - Started process (PID=34110) to work on /Users/nick/Desktop/airflow_dic/venv/lib/python3.11/site-packages/airflow/example_dags/example_short_circuit_decorator.py
[2023-10-19T22:46:50.018+0200] {processor.py:829} INFO - Processing file /Users/nick/Desktop/airflow_dic/venv/lib/python3.11/site-packages/airflow/example_dags/example_short_circuit_decorator.py for tasks to queue
[2023-10-19T22:46:50.018+0200] {logging_mixin.py:151} INFO - [2023-10-19T22:46:50.018+0200] {dagbag.py:539} INFO - Filling up the DagBag from /Users/nick/Desktop/airflow_dic/venv/lib/python3.11/site-packages/airflow/example_dags/example_short_circuit_decorator.py
[2023-10-19T22:46:50.038+0200] {processor.py:839} INFO - DAG(s) dict_keys(['example_short_circuit_decorator']) retrieved from /Users/nick/Desktop/airflow_dic/venv/lib/python3.11/site-packages/airflow/example_dags/example_short_circuit_decorator.py
[2023-10-19T22:46:50.092+0200] {logging_mixin.py:151} INFO - [2023-10-19T22:46:50.092+0200] {dag.py:2915} INFO - Sync 1 DAGs
[2023-10-19T22:46:50.098+0200] {logging_mixin.py:151} INFO - [2023-10-19T22:46:50.098+0200] {dag.py:3696} INFO - Setting next_dagrun for example_short_circuit_decorator to 2023-10-18T20:46:50.098531+00:00, run_after=2023-10-19T20:46:50.098531+00:00
[2023-10-19T22:46:50.104+0200] {processor.py:179} INFO - Processing /Users/nick/Desktop/airflow_dic/venv/lib/python3.11/site-packages/airflow/example_dags/example_short_circuit_decorator.py took 0.089 seconds
[2023-10-19T22:47:58.105+0200] {processor.py:157} INFO - Started process (PID=34240) to work on /Users/nick/Desktop/airflow_dic/venv/lib/python3.11/site-packages/airflow/example_dags/example_short_circuit_decorator.py
[2023-10-19T22:47:58.106+0200] {processor.py:829} INFO - Processing file /Users/nick/Desktop/airflow_dic/venv/lib/python3.11/site-packages/airflow/example_dags/example_short_circuit_decorator.py for tasks to queue
[2023-10-19T22:47:58.106+0200] {logging_mixin.py:151} INFO - [2023-10-19T22:47:58.106+0200] {dagbag.py:539} INFO - Filling up the DagBag from /Users/nick/Desktop/airflow_dic/venv/lib/python3.11/site-packages/airflow/example_dags/example_short_circuit_decorator.py
[2023-10-19T22:47:58.127+0200] {processor.py:839} INFO - DAG(s) dict_keys(['example_short_circuit_decorator']) retrieved from /Users/nick/Desktop/airflow_dic/venv/lib/python3.11/site-packages/airflow/example_dags/example_short_circuit_decorator.py
[2023-10-19T22:47:58.185+0200] {logging_mixin.py:151} INFO - [2023-10-19T22:47:58.185+0200] {dag.py:2915} INFO - Sync 1 DAGs
[2023-10-19T22:47:58.191+0200] {logging_mixin.py:151} INFO - [2023-10-19T22:47:58.190+0200] {dag.py:3696} INFO - Setting next_dagrun for example_short_circuit_decorator to 2023-10-18T20:47:58.190902+00:00, run_after=2023-10-19T20:47:58.190902+00:00
[2023-10-19T22:47:58.197+0200] {processor.py:179} INFO - Processing /Users/nick/Desktop/airflow_dic/venv/lib/python3.11/site-packages/airflow/example_dags/example_short_circuit_decorator.py took 0.093 seconds
[2023-10-19T22:49:07.146+0200] {processor.py:157} INFO - Started process (PID=34379) to work on /Users/nick/Desktop/airflow_dic/venv/lib/python3.11/site-packages/airflow/example_dags/example_short_circuit_decorator.py
[2023-10-19T22:49:07.147+0200] {processor.py:829} INFO - Processing file /Users/nick/Desktop/airflow_dic/venv/lib/python3.11/site-packages/airflow/example_dags/example_short_circuit_decorator.py for tasks to queue
[2023-10-19T22:49:07.147+0200] {logging_mixin.py:151} INFO - [2023-10-19T22:49:07.147+0200] {dagbag.py:539} INFO - Filling up the DagBag from /Users/nick/Desktop/airflow_dic/venv/lib/python3.11/site-packages/airflow/example_dags/example_short_circuit_decorator.py
[2023-10-19T22:49:07.170+0200] {processor.py:839} INFO - DAG(s) dict_keys(['example_short_circuit_decorator']) retrieved from /Users/nick/Desktop/airflow_dic/venv/lib/python3.11/site-packages/airflow/example_dags/example_short_circuit_decorator.py
[2023-10-19T22:49:07.228+0200] {logging_mixin.py:151} INFO - [2023-10-19T22:49:07.228+0200] {dag.py:2915} INFO - Sync 1 DAGs
[2023-10-19T22:49:07.234+0200] {logging_mixin.py:151} INFO - [2023-10-19T22:49:07.234+0200] {dag.py:3696} INFO - Setting next_dagrun for example_short_circuit_decorator to 2023-10-18T20:49:07.234034+00:00, run_after=2023-10-19T20:49:07.234034+00:00
[2023-10-19T22:49:07.240+0200] {processor.py:179} INFO - Processing /Users/nick/Desktop/airflow_dic/venv/lib/python3.11/site-packages/airflow/example_dags/example_short_circuit_decorator.py took 0.095 seconds
[2023-10-19T22:50:17.010+0200] {processor.py:157} INFO - Started process (PID=34507) to work on /Users/nick/Desktop/airflow_dic/venv/lib/python3.11/site-packages/airflow/example_dags/example_short_circuit_decorator.py
[2023-10-19T22:50:17.011+0200] {processor.py:829} INFO - Processing file /Users/nick/Desktop/airflow_dic/venv/lib/python3.11/site-packages/airflow/example_dags/example_short_circuit_decorator.py for tasks to queue
[2023-10-19T22:50:17.011+0200] {logging_mixin.py:151} INFO - [2023-10-19T22:50:17.011+0200] {dagbag.py:539} INFO - Filling up the DagBag from /Users/nick/Desktop/airflow_dic/venv/lib/python3.11/site-packages/airflow/example_dags/example_short_circuit_decorator.py
[2023-10-19T22:50:17.032+0200] {processor.py:839} INFO - DAG(s) dict_keys(['example_short_circuit_decorator']) retrieved from /Users/nick/Desktop/airflow_dic/venv/lib/python3.11/site-packages/airflow/example_dags/example_short_circuit_decorator.py
[2023-10-19T22:50:17.087+0200] {logging_mixin.py:151} INFO - [2023-10-19T22:50:17.086+0200] {dag.py:2915} INFO - Sync 1 DAGs
[2023-10-19T22:50:17.092+0200] {logging_mixin.py:151} INFO - [2023-10-19T22:50:17.092+0200] {dag.py:3696} INFO - Setting next_dagrun for example_short_circuit_decorator to 2023-10-18T20:50:17.092515+00:00, run_after=2023-10-19T20:50:17.092515+00:00
[2023-10-19T22:50:17.098+0200] {processor.py:179} INFO - Processing /Users/nick/Desktop/airflow_dic/venv/lib/python3.11/site-packages/airflow/example_dags/example_short_circuit_decorator.py took 0.089 seconds
[2023-10-19T22:53:43.114+0200] {processor.py:157} INFO - Started process (PID=34824) to work on /Users/nick/Desktop/airflow_dic/venv/lib/python3.11/site-packages/airflow/example_dags/example_short_circuit_decorator.py
[2023-10-19T22:53:43.115+0200] {processor.py:829} INFO - Processing file /Users/nick/Desktop/airflow_dic/venv/lib/python3.11/site-packages/airflow/example_dags/example_short_circuit_decorator.py for tasks to queue
[2023-10-19T22:53:43.115+0200] {logging_mixin.py:151} INFO - [2023-10-19T22:53:43.115+0200] {dagbag.py:539} INFO - Filling up the DagBag from /Users/nick/Desktop/airflow_dic/venv/lib/python3.11/site-packages/airflow/example_dags/example_short_circuit_decorator.py
[2023-10-19T22:53:43.138+0200] {processor.py:839} INFO - DAG(s) dict_keys(['example_short_circuit_decorator']) retrieved from /Users/nick/Desktop/airflow_dic/venv/lib/python3.11/site-packages/airflow/example_dags/example_short_circuit_decorator.py
[2023-10-19T22:53:43.198+0200] {logging_mixin.py:151} INFO - [2023-10-19T22:53:43.198+0200] {dag.py:2915} INFO - Sync 1 DAGs
[2023-10-19T22:53:43.204+0200] {logging_mixin.py:151} INFO - [2023-10-19T22:53:43.204+0200] {dag.py:3696} INFO - Setting next_dagrun for example_short_circuit_decorator to 2023-10-18T20:53:43.204348+00:00, run_after=2023-10-19T20:53:43.204348+00:00
[2023-10-19T22:53:43.210+0200] {processor.py:179} INFO - Processing /Users/nick/Desktop/airflow_dic/venv/lib/python3.11/site-packages/airflow/example_dags/example_short_circuit_decorator.py took 0.097 seconds
[2023-10-19T22:54:46.907+0200] {processor.py:157} INFO - Started process (PID=34954) to work on /Users/nick/Desktop/airflow_dic/venv/lib/python3.11/site-packages/airflow/example_dags/example_short_circuit_decorator.py
[2023-10-19T22:54:46.909+0200] {processor.py:829} INFO - Processing file /Users/nick/Desktop/airflow_dic/venv/lib/python3.11/site-packages/airflow/example_dags/example_short_circuit_decorator.py for tasks to queue
[2023-10-19T22:54:46.909+0200] {logging_mixin.py:151} INFO - [2023-10-19T22:54:46.909+0200] {dagbag.py:539} INFO - Filling up the DagBag from /Users/nick/Desktop/airflow_dic/venv/lib/python3.11/site-packages/airflow/example_dags/example_short_circuit_decorator.py
[2023-10-19T22:54:46.929+0200] {processor.py:839} INFO - DAG(s) dict_keys(['example_short_circuit_decorator']) retrieved from /Users/nick/Desktop/airflow_dic/venv/lib/python3.11/site-packages/airflow/example_dags/example_short_circuit_decorator.py
[2023-10-19T22:54:46.984+0200] {logging_mixin.py:151} INFO - [2023-10-19T22:54:46.984+0200] {dag.py:2915} INFO - Sync 1 DAGs
[2023-10-19T22:54:46.989+0200] {logging_mixin.py:151} INFO - [2023-10-19T22:54:46.989+0200] {dag.py:3696} INFO - Setting next_dagrun for example_short_circuit_decorator to 2023-10-18T20:54:46.989618+00:00, run_after=2023-10-19T20:54:46.989618+00:00
[2023-10-19T22:54:46.995+0200] {processor.py:179} INFO - Processing /Users/nick/Desktop/airflow_dic/venv/lib/python3.11/site-packages/airflow/example_dags/example_short_circuit_decorator.py took 0.089 seconds
[2023-10-19T22:55:53.468+0200] {processor.py:157} INFO - Started process (PID=35088) to work on /Users/nick/Desktop/airflow_dic/venv/lib/python3.11/site-packages/airflow/example_dags/example_short_circuit_decorator.py
[2023-10-19T22:55:53.470+0200] {processor.py:829} INFO - Processing file /Users/nick/Desktop/airflow_dic/venv/lib/python3.11/site-packages/airflow/example_dags/example_short_circuit_decorator.py for tasks to queue
[2023-10-19T22:55:53.470+0200] {logging_mixin.py:151} INFO - [2023-10-19T22:55:53.470+0200] {dagbag.py:539} INFO - Filling up the DagBag from /Users/nick/Desktop/airflow_dic/venv/lib/python3.11/site-packages/airflow/example_dags/example_short_circuit_decorator.py
[2023-10-19T22:55:53.491+0200] {processor.py:839} INFO - DAG(s) dict_keys(['example_short_circuit_decorator']) retrieved from /Users/nick/Desktop/airflow_dic/venv/lib/python3.11/site-packages/airflow/example_dags/example_short_circuit_decorator.py
[2023-10-19T22:55:53.546+0200] {logging_mixin.py:151} INFO - [2023-10-19T22:55:53.546+0200] {dag.py:2915} INFO - Sync 1 DAGs
[2023-10-19T22:55:53.552+0200] {logging_mixin.py:151} INFO - [2023-10-19T22:55:53.552+0200] {dag.py:3696} INFO - Setting next_dagrun for example_short_circuit_decorator to 2023-10-18T20:55:53.552014+00:00, run_after=2023-10-19T20:55:53.552014+00:00
[2023-10-19T22:55:53.558+0200] {processor.py:179} INFO - Processing /Users/nick/Desktop/airflow_dic/venv/lib/python3.11/site-packages/airflow/example_dags/example_short_circuit_decorator.py took 0.090 seconds
[2023-10-19T22:57:03.770+0200] {processor.py:157} INFO - Started process (PID=35229) to work on /Users/nick/Desktop/airflow_dic/venv/lib/python3.11/site-packages/airflow/example_dags/example_short_circuit_decorator.py
[2023-10-19T22:57:03.771+0200] {processor.py:829} INFO - Processing file /Users/nick/Desktop/airflow_dic/venv/lib/python3.11/site-packages/airflow/example_dags/example_short_circuit_decorator.py for tasks to queue
[2023-10-19T22:57:03.771+0200] {logging_mixin.py:151} INFO - [2023-10-19T22:57:03.771+0200] {dagbag.py:539} INFO - Filling up the DagBag from /Users/nick/Desktop/airflow_dic/venv/lib/python3.11/site-packages/airflow/example_dags/example_short_circuit_decorator.py
[2023-10-19T22:57:03.791+0200] {processor.py:839} INFO - DAG(s) dict_keys(['example_short_circuit_decorator']) retrieved from /Users/nick/Desktop/airflow_dic/venv/lib/python3.11/site-packages/airflow/example_dags/example_short_circuit_decorator.py
[2023-10-19T22:57:03.845+0200] {logging_mixin.py:151} INFO - [2023-10-19T22:57:03.845+0200] {dag.py:2915} INFO - Sync 1 DAGs
[2023-10-19T22:57:03.851+0200] {logging_mixin.py:151} INFO - [2023-10-19T22:57:03.851+0200] {dag.py:3696} INFO - Setting next_dagrun for example_short_circuit_decorator to 2023-10-18T20:57:03.851178+00:00, run_after=2023-10-19T20:57:03.851178+00:00
[2023-10-19T22:57:03.857+0200] {processor.py:179} INFO - Processing /Users/nick/Desktop/airflow_dic/venv/lib/python3.11/site-packages/airflow/example_dags/example_short_circuit_decorator.py took 0.088 seconds
[2023-10-19T22:58:09.920+0200] {processor.py:157} INFO - Started process (PID=35362) to work on /Users/nick/Desktop/airflow_dic/venv/lib/python3.11/site-packages/airflow/example_dags/example_short_circuit_decorator.py
[2023-10-19T22:58:09.921+0200] {processor.py:829} INFO - Processing file /Users/nick/Desktop/airflow_dic/venv/lib/python3.11/site-packages/airflow/example_dags/example_short_circuit_decorator.py for tasks to queue
[2023-10-19T22:58:09.922+0200] {logging_mixin.py:151} INFO - [2023-10-19T22:58:09.921+0200] {dagbag.py:539} INFO - Filling up the DagBag from /Users/nick/Desktop/airflow_dic/venv/lib/python3.11/site-packages/airflow/example_dags/example_short_circuit_decorator.py
[2023-10-19T22:58:09.941+0200] {processor.py:839} INFO - DAG(s) dict_keys(['example_short_circuit_decorator']) retrieved from /Users/nick/Desktop/airflow_dic/venv/lib/python3.11/site-packages/airflow/example_dags/example_short_circuit_decorator.py
[2023-10-19T22:58:09.996+0200] {logging_mixin.py:151} INFO - [2023-10-19T22:58:09.996+0200] {dag.py:2915} INFO - Sync 1 DAGs
[2023-10-19T22:58:10.001+0200] {logging_mixin.py:151} INFO - [2023-10-19T22:58:10.001+0200] {dag.py:3696} INFO - Setting next_dagrun for example_short_circuit_decorator to 2023-10-18T20:58:10.001691+00:00, run_after=2023-10-19T20:58:10.001691+00:00
[2023-10-19T22:58:10.007+0200] {processor.py:179} INFO - Processing /Users/nick/Desktop/airflow_dic/venv/lib/python3.11/site-packages/airflow/example_dags/example_short_circuit_decorator.py took 0.088 seconds
[2023-10-19T22:59:16.635+0200] {processor.py:157} INFO - Started process (PID=35501) to work on /Users/nick/Desktop/airflow_dic/venv/lib/python3.11/site-packages/airflow/example_dags/example_short_circuit_decorator.py
[2023-10-19T22:59:16.636+0200] {processor.py:829} INFO - Processing file /Users/nick/Desktop/airflow_dic/venv/lib/python3.11/site-packages/airflow/example_dags/example_short_circuit_decorator.py for tasks to queue
[2023-10-19T22:59:16.636+0200] {logging_mixin.py:151} INFO - [2023-10-19T22:59:16.636+0200] {dagbag.py:539} INFO - Filling up the DagBag from /Users/nick/Desktop/airflow_dic/venv/lib/python3.11/site-packages/airflow/example_dags/example_short_circuit_decorator.py
[2023-10-19T22:59:16.659+0200] {processor.py:839} INFO - DAG(s) dict_keys(['example_short_circuit_decorator']) retrieved from /Users/nick/Desktop/airflow_dic/venv/lib/python3.11/site-packages/airflow/example_dags/example_short_circuit_decorator.py
[2023-10-19T22:59:16.714+0200] {logging_mixin.py:151} INFO - [2023-10-19T22:59:16.714+0200] {dag.py:2915} INFO - Sync 1 DAGs
[2023-10-19T22:59:16.720+0200] {logging_mixin.py:151} INFO - [2023-10-19T22:59:16.720+0200] {dag.py:3696} INFO - Setting next_dagrun for example_short_circuit_decorator to 2023-10-18T20:59:16.720310+00:00, run_after=2023-10-19T20:59:16.720310+00:00
[2023-10-19T22:59:16.726+0200] {processor.py:179} INFO - Processing /Users/nick/Desktop/airflow_dic/venv/lib/python3.11/site-packages/airflow/example_dags/example_short_circuit_decorator.py took 0.092 seconds
