[2023-10-19T22:18:54.984+0200] {processor.py:157} INFO - Started process (PID=28938) to work on /Users/nick/Desktop/airflow_dic/venv/lib/python3.11/site-packages/airflow/example_dags/example_datasets.py
[2023-10-19T22:18:54.986+0200] {processor.py:829} INFO - Processing file /Users/nick/Desktop/airflow_dic/venv/lib/python3.11/site-packages/airflow/example_dags/example_datasets.py for tasks to queue
[2023-10-19T22:18:54.986+0200] {logging_mixin.py:151} INFO - [2023-10-19T22:18:54.986+0200] {dagbag.py:539} INFO - Filling up the DagBag from /Users/nick/Desktop/airflow_dic/venv/lib/python3.11/site-packages/airflow/example_dags/example_datasets.py
[2023-10-19T22:18:54.996+0200] {processor.py:839} INFO - DAG(s) dict_keys(['dataset_consumes_1_and_2', 'dataset_consumes_unknown_never_scheduled', 'dataset_consumes_1', 'dataset_consumes_1_never_scheduled', 'dataset_produces_1', 'dataset_produces_2']) retrieved from /Users/nick/Desktop/airflow_dic/venv/lib/python3.11/site-packages/airflow/example_dags/example_datasets.py
[2023-10-19T22:18:55.263+0200] {logging_mixin.py:151} INFO - [2023-10-19T22:18:55.263+0200] {manager.py:499} INFO - Created Permission View: %s
[2023-10-19T22:18:55.266+0200] {logging_mixin.py:151} INFO - [2023-10-19T22:18:55.266+0200] {manager.py:499} INFO - Created Permission View: %s
[2023-10-19T22:18:55.267+0200] {logging_mixin.py:151} INFO - [2023-10-19T22:18:55.267+0200] {manager.py:499} INFO - Created Permission View: %s
[2023-10-19T22:18:55.267+0200] {logging_mixin.py:151} INFO - [2023-10-19T22:18:55.267+0200] {security.py:708} INFO - Not syncing DAG-level permissions for DAG 'DAG:dataset_consumes_1_and_2' as access control is unset.
[2023-10-19T22:18:55.271+0200] {logging_mixin.py:151} INFO - [2023-10-19T22:18:55.271+0200] {manager.py:499} INFO - Created Permission View: %s
[2023-10-19T22:18:55.273+0200] {logging_mixin.py:151} INFO - [2023-10-19T22:18:55.272+0200] {manager.py:499} INFO - Created Permission View: %s
[2023-10-19T22:18:55.274+0200] {logging_mixin.py:151} INFO - [2023-10-19T22:18:55.274+0200] {manager.py:499} INFO - Created Permission View: %s
[2023-10-19T22:18:55.274+0200] {logging_mixin.py:151} INFO - [2023-10-19T22:18:55.274+0200] {security.py:708} INFO - Not syncing DAG-level permissions for DAG 'DAG:dataset_consumes_unknown_never_scheduled' as access control is unset.
[2023-10-19T22:18:55.277+0200] {logging_mixin.py:151} INFO - [2023-10-19T22:18:55.277+0200] {manager.py:499} INFO - Created Permission View: %s
[2023-10-19T22:18:55.279+0200] {logging_mixin.py:151} INFO - [2023-10-19T22:18:55.279+0200] {manager.py:499} INFO - Created Permission View: %s
[2023-10-19T22:18:55.280+0200] {logging_mixin.py:151} INFO - [2023-10-19T22:18:55.280+0200] {manager.py:499} INFO - Created Permission View: %s
[2023-10-19T22:18:55.280+0200] {logging_mixin.py:151} INFO - [2023-10-19T22:18:55.280+0200] {security.py:708} INFO - Not syncing DAG-level permissions for DAG 'DAG:dataset_consumes_1' as access control is unset.
[2023-10-19T22:18:55.283+0200] {logging_mixin.py:151} INFO - [2023-10-19T22:18:55.283+0200] {manager.py:499} INFO - Created Permission View: %s
[2023-10-19T22:18:55.285+0200] {logging_mixin.py:151} INFO - [2023-10-19T22:18:55.285+0200] {manager.py:499} INFO - Created Permission View: %s
[2023-10-19T22:18:55.286+0200] {logging_mixin.py:151} INFO - [2023-10-19T22:18:55.286+0200] {manager.py:499} INFO - Created Permission View: %s
[2023-10-19T22:18:55.286+0200] {logging_mixin.py:151} INFO - [2023-10-19T22:18:55.286+0200] {security.py:708} INFO - Not syncing DAG-level permissions for DAG 'DAG:dataset_consumes_1_never_scheduled' as access control is unset.
[2023-10-19T22:18:55.289+0200] {logging_mixin.py:151} INFO - [2023-10-19T22:18:55.289+0200] {manager.py:499} INFO - Created Permission View: %s
[2023-10-19T22:18:55.291+0200] {logging_mixin.py:151} INFO - [2023-10-19T22:18:55.291+0200] {manager.py:499} INFO - Created Permission View: %s
[2023-10-19T22:18:55.292+0200] {logging_mixin.py:151} INFO - [2023-10-19T22:18:55.292+0200] {manager.py:499} INFO - Created Permission View: %s
[2023-10-19T22:18:55.292+0200] {logging_mixin.py:151} INFO - [2023-10-19T22:18:55.292+0200] {security.py:708} INFO - Not syncing DAG-level permissions for DAG 'DAG:dataset_produces_1' as access control is unset.
[2023-10-19T22:18:55.296+0200] {logging_mixin.py:151} INFO - [2023-10-19T22:18:55.295+0200] {manager.py:499} INFO - Created Permission View: %s
[2023-10-19T22:18:55.297+0200] {logging_mixin.py:151} INFO - [2023-10-19T22:18:55.297+0200] {manager.py:499} INFO - Created Permission View: %s
[2023-10-19T22:18:55.298+0200] {logging_mixin.py:151} INFO - [2023-10-19T22:18:55.298+0200] {manager.py:499} INFO - Created Permission View: %s
[2023-10-19T22:18:55.299+0200] {logging_mixin.py:151} INFO - [2023-10-19T22:18:55.298+0200] {security.py:708} INFO - Not syncing DAG-level permissions for DAG 'DAG:dataset_produces_2' as access control is unset.
[2023-10-19T22:18:55.299+0200] {logging_mixin.py:151} INFO - [2023-10-19T22:18:55.299+0200] {dag.py:2915} INFO - Sync 6 DAGs
[2023-10-19T22:18:55.302+0200] {logging_mixin.py:151} INFO - [2023-10-19T22:18:55.302+0200] {dag.py:2937} INFO - Creating ORM DAG for dataset_produces_2
[2023-10-19T22:18:55.302+0200] {logging_mixin.py:151} INFO - [2023-10-19T22:18:55.302+0200] {dag.py:2937} INFO - Creating ORM DAG for dataset_consumes_1_and_2
[2023-10-19T22:18:55.302+0200] {logging_mixin.py:151} INFO - [2023-10-19T22:18:55.302+0200] {dag.py:2937} INFO - Creating ORM DAG for dataset_consumes_1
[2023-10-19T22:18:55.302+0200] {logging_mixin.py:151} INFO - [2023-10-19T22:18:55.302+0200] {dag.py:2937} INFO - Creating ORM DAG for dataset_consumes_unknown_never_scheduled
[2023-10-19T22:18:55.302+0200] {logging_mixin.py:151} INFO - [2023-10-19T22:18:55.302+0200] {dag.py:2937} INFO - Creating ORM DAG for dataset_produces_1
[2023-10-19T22:18:55.302+0200] {logging_mixin.py:151} INFO - [2023-10-19T22:18:55.302+0200] {dag.py:2937} INFO - Creating ORM DAG for dataset_consumes_1_never_scheduled
[2023-10-19T22:18:55.305+0200] {logging_mixin.py:151} INFO - [2023-10-19T22:18:55.305+0200] {dag.py:3696} INFO - Setting next_dagrun for dataset_consumes_1 to None, run_after=None
[2023-10-19T22:18:55.305+0200] {logging_mixin.py:151} INFO - [2023-10-19T22:18:55.305+0200] {dag.py:3696} INFO - Setting next_dagrun for dataset_consumes_1_and_2 to None, run_after=None
[2023-10-19T22:18:55.305+0200] {logging_mixin.py:151} INFO - [2023-10-19T22:18:55.305+0200] {dag.py:3696} INFO - Setting next_dagrun for dataset_consumes_1_never_scheduled to None, run_after=None
[2023-10-19T22:18:55.305+0200] {logging_mixin.py:151} INFO - [2023-10-19T22:18:55.305+0200] {dag.py:3696} INFO - Setting next_dagrun for dataset_consumes_unknown_never_scheduled to None, run_after=None
[2023-10-19T22:18:55.306+0200] {logging_mixin.py:151} INFO - [2023-10-19T22:18:55.306+0200] {dag.py:3696} INFO - Setting next_dagrun for dataset_produces_1 to 2023-10-18T00:00:00+00:00, run_after=2023-10-19T00:00:00+00:00
[2023-10-19T22:18:55.306+0200] {logging_mixin.py:151} INFO - [2023-10-19T22:18:55.306+0200] {dag.py:3696} INFO - Setting next_dagrun for dataset_produces_2 to None, run_after=None
[2023-10-19T22:18:55.315+0200] {processor.py:179} INFO - Processing /Users/nick/Desktop/airflow_dic/venv/lib/python3.11/site-packages/airflow/example_dags/example_datasets.py took 0.330 seconds
[2023-10-19T22:20:12.999+0200] {processor.py:157} INFO - Started process (PID=29089) to work on /Users/nick/Desktop/airflow_dic/venv/lib/python3.11/site-packages/airflow/example_dags/example_datasets.py
[2023-10-19T22:20:13.001+0200] {processor.py:829} INFO - Processing file /Users/nick/Desktop/airflow_dic/venv/lib/python3.11/site-packages/airflow/example_dags/example_datasets.py for tasks to queue
[2023-10-19T22:20:13.001+0200] {logging_mixin.py:151} INFO - [2023-10-19T22:20:13.001+0200] {dagbag.py:539} INFO - Filling up the DagBag from /Users/nick/Desktop/airflow_dic/venv/lib/python3.11/site-packages/airflow/example_dags/example_datasets.py
[2023-10-19T22:20:13.012+0200] {processor.py:839} INFO - DAG(s) dict_keys(['dataset_produces_2', 'dataset_consumes_unknown_never_scheduled', 'dataset_produces_1', 'dataset_consumes_1_and_2', 'dataset_consumes_1', 'dataset_consumes_1_never_scheduled']) retrieved from /Users/nick/Desktop/airflow_dic/venv/lib/python3.11/site-packages/airflow/example_dags/example_datasets.py
[2023-10-19T22:20:13.077+0200] {logging_mixin.py:151} INFO - [2023-10-19T22:20:13.077+0200] {dag.py:2915} INFO - Sync 6 DAGs
[2023-10-19T22:20:13.083+0200] {logging_mixin.py:151} INFO - [2023-10-19T22:20:13.082+0200] {dag.py:3696} INFO - Setting next_dagrun for dataset_consumes_1 to None, run_after=None
[2023-10-19T22:20:13.083+0200] {logging_mixin.py:151} INFO - [2023-10-19T22:20:13.083+0200] {dag.py:3696} INFO - Setting next_dagrun for dataset_consumes_1_and_2 to None, run_after=None
[2023-10-19T22:20:13.084+0200] {logging_mixin.py:151} INFO - [2023-10-19T22:20:13.084+0200] {dag.py:3696} INFO - Setting next_dagrun for dataset_consumes_1_never_scheduled to None, run_after=None
[2023-10-19T22:20:13.084+0200] {logging_mixin.py:151} INFO - [2023-10-19T22:20:13.084+0200] {dag.py:3696} INFO - Setting next_dagrun for dataset_consumes_unknown_never_scheduled to None, run_after=None
[2023-10-19T22:20:13.085+0200] {logging_mixin.py:151} INFO - [2023-10-19T22:20:13.085+0200] {dag.py:3696} INFO - Setting next_dagrun for dataset_produces_1 to 2023-10-18T00:00:00+00:00, run_after=2023-10-19T00:00:00+00:00
[2023-10-19T22:20:13.085+0200] {logging_mixin.py:151} INFO - [2023-10-19T22:20:13.085+0200] {dag.py:3696} INFO - Setting next_dagrun for dataset_produces_2 to None, run_after=None
[2023-10-19T22:20:13.096+0200] {processor.py:179} INFO - Processing /Users/nick/Desktop/airflow_dic/venv/lib/python3.11/site-packages/airflow/example_dags/example_datasets.py took 0.098 seconds
[2023-10-19T22:21:17.209+0200] {processor.py:157} INFO - Started process (PID=29222) to work on /Users/nick/Desktop/airflow_dic/venv/lib/python3.11/site-packages/airflow/example_dags/example_datasets.py
[2023-10-19T22:21:17.212+0200] {processor.py:829} INFO - Processing file /Users/nick/Desktop/airflow_dic/venv/lib/python3.11/site-packages/airflow/example_dags/example_datasets.py for tasks to queue
[2023-10-19T22:21:17.212+0200] {logging_mixin.py:151} INFO - [2023-10-19T22:21:17.212+0200] {dagbag.py:539} INFO - Filling up the DagBag from /Users/nick/Desktop/airflow_dic/venv/lib/python3.11/site-packages/airflow/example_dags/example_datasets.py
[2023-10-19T22:21:17.223+0200] {processor.py:839} INFO - DAG(s) dict_keys(['dataset_produces_1', 'dataset_consumes_unknown_never_scheduled', 'dataset_consumes_1_never_scheduled', 'dataset_consumes_1', 'dataset_consumes_1_and_2', 'dataset_produces_2']) retrieved from /Users/nick/Desktop/airflow_dic/venv/lib/python3.11/site-packages/airflow/example_dags/example_datasets.py
[2023-10-19T22:21:17.283+0200] {logging_mixin.py:151} INFO - [2023-10-19T22:21:17.283+0200] {dag.py:2915} INFO - Sync 6 DAGs
[2023-10-19T22:21:17.288+0200] {logging_mixin.py:151} INFO - [2023-10-19T22:21:17.288+0200] {dag.py:3696} INFO - Setting next_dagrun for dataset_consumes_1 to None, run_after=None
[2023-10-19T22:21:17.289+0200] {logging_mixin.py:151} INFO - [2023-10-19T22:21:17.289+0200] {dag.py:3696} INFO - Setting next_dagrun for dataset_consumes_1_and_2 to None, run_after=None
[2023-10-19T22:21:17.290+0200] {logging_mixin.py:151} INFO - [2023-10-19T22:21:17.290+0200] {dag.py:3696} INFO - Setting next_dagrun for dataset_consumes_1_never_scheduled to None, run_after=None
[2023-10-19T22:21:17.290+0200] {logging_mixin.py:151} INFO - [2023-10-19T22:21:17.290+0200] {dag.py:3696} INFO - Setting next_dagrun for dataset_consumes_unknown_never_scheduled to None, run_after=None
[2023-10-19T22:21:17.291+0200] {logging_mixin.py:151} INFO - [2023-10-19T22:21:17.290+0200] {dag.py:3696} INFO - Setting next_dagrun for dataset_produces_1 to 2023-10-18T00:00:00+00:00, run_after=2023-10-19T00:00:00+00:00
[2023-10-19T22:21:17.291+0200] {logging_mixin.py:151} INFO - [2023-10-19T22:21:17.291+0200] {dag.py:3696} INFO - Setting next_dagrun for dataset_produces_2 to None, run_after=None
[2023-10-19T22:21:17.299+0200] {processor.py:179} INFO - Processing /Users/nick/Desktop/airflow_dic/venv/lib/python3.11/site-packages/airflow/example_dags/example_datasets.py took 0.091 seconds
[2023-10-19T22:23:39.518+0200] {processor.py:157} INFO - Started process (PID=29508) to work on /Users/nick/Desktop/airflow_dic/venv/lib/python3.11/site-packages/airflow/example_dags/example_datasets.py
[2023-10-19T22:23:39.520+0200] {processor.py:829} INFO - Processing file /Users/nick/Desktop/airflow_dic/venv/lib/python3.11/site-packages/airflow/example_dags/example_datasets.py for tasks to queue
[2023-10-19T22:23:39.520+0200] {logging_mixin.py:151} INFO - [2023-10-19T22:23:39.520+0200] {dagbag.py:539} INFO - Filling up the DagBag from /Users/nick/Desktop/airflow_dic/venv/lib/python3.11/site-packages/airflow/example_dags/example_datasets.py
[2023-10-19T22:23:39.531+0200] {processor.py:839} INFO - DAG(s) dict_keys(['dataset_consumes_unknown_never_scheduled', 'dataset_consumes_1_and_2', 'dataset_consumes_1', 'dataset_produces_2', 'dataset_produces_1', 'dataset_consumes_1_never_scheduled']) retrieved from /Users/nick/Desktop/airflow_dic/venv/lib/python3.11/site-packages/airflow/example_dags/example_datasets.py
[2023-10-19T22:23:39.591+0200] {logging_mixin.py:151} INFO - [2023-10-19T22:23:39.591+0200] {dag.py:2915} INFO - Sync 6 DAGs
[2023-10-19T22:23:39.597+0200] {logging_mixin.py:151} INFO - [2023-10-19T22:23:39.597+0200] {dag.py:3696} INFO - Setting next_dagrun for dataset_consumes_1 to None, run_after=None
[2023-10-19T22:23:39.598+0200] {logging_mixin.py:151} INFO - [2023-10-19T22:23:39.598+0200] {dag.py:3696} INFO - Setting next_dagrun for dataset_consumes_1_and_2 to None, run_after=None
[2023-10-19T22:23:39.598+0200] {logging_mixin.py:151} INFO - [2023-10-19T22:23:39.598+0200] {dag.py:3696} INFO - Setting next_dagrun for dataset_consumes_1_never_scheduled to None, run_after=None
[2023-10-19T22:23:39.598+0200] {logging_mixin.py:151} INFO - [2023-10-19T22:23:39.598+0200] {dag.py:3696} INFO - Setting next_dagrun for dataset_consumes_unknown_never_scheduled to None, run_after=None
[2023-10-19T22:23:39.599+0200] {logging_mixin.py:151} INFO - [2023-10-19T22:23:39.599+0200] {dag.py:3696} INFO - Setting next_dagrun for dataset_produces_1 to 2023-10-18T00:00:00+00:00, run_after=2023-10-19T00:00:00+00:00
[2023-10-19T22:23:39.599+0200] {logging_mixin.py:151} INFO - [2023-10-19T22:23:39.599+0200] {dag.py:3696} INFO - Setting next_dagrun for dataset_produces_2 to None, run_after=None
[2023-10-19T22:23:39.608+0200] {processor.py:179} INFO - Processing /Users/nick/Desktop/airflow_dic/venv/lib/python3.11/site-packages/airflow/example_dags/example_datasets.py took 0.091 seconds
[2023-10-19T22:24:47.286+0200] {processor.py:157} INFO - Started process (PID=29646) to work on /Users/nick/Desktop/airflow_dic/venv/lib/python3.11/site-packages/airflow/example_dags/example_datasets.py
[2023-10-19T22:24:47.287+0200] {processor.py:829} INFO - Processing file /Users/nick/Desktop/airflow_dic/venv/lib/python3.11/site-packages/airflow/example_dags/example_datasets.py for tasks to queue
[2023-10-19T22:24:47.288+0200] {logging_mixin.py:151} INFO - [2023-10-19T22:24:47.288+0200] {dagbag.py:539} INFO - Filling up the DagBag from /Users/nick/Desktop/airflow_dic/venv/lib/python3.11/site-packages/airflow/example_dags/example_datasets.py
[2023-10-19T22:24:47.298+0200] {processor.py:839} INFO - DAG(s) dict_keys(['dataset_consumes_1_never_scheduled', 'dataset_consumes_unknown_never_scheduled', 'dataset_produces_2', 'dataset_produces_1', 'dataset_consumes_1_and_2', 'dataset_consumes_1']) retrieved from /Users/nick/Desktop/airflow_dic/venv/lib/python3.11/site-packages/airflow/example_dags/example_datasets.py
[2023-10-19T22:24:47.358+0200] {logging_mixin.py:151} INFO - [2023-10-19T22:24:47.357+0200] {dag.py:2915} INFO - Sync 6 DAGs
[2023-10-19T22:24:47.363+0200] {logging_mixin.py:151} INFO - [2023-10-19T22:24:47.363+0200] {dag.py:3696} INFO - Setting next_dagrun for dataset_consumes_1 to None, run_after=None
[2023-10-19T22:24:47.364+0200] {logging_mixin.py:151} INFO - [2023-10-19T22:24:47.364+0200] {dag.py:3696} INFO - Setting next_dagrun for dataset_consumes_1_and_2 to None, run_after=None
[2023-10-19T22:24:47.364+0200] {logging_mixin.py:151} INFO - [2023-10-19T22:24:47.364+0200] {dag.py:3696} INFO - Setting next_dagrun for dataset_consumes_1_never_scheduled to None, run_after=None
[2023-10-19T22:24:47.364+0200] {logging_mixin.py:151} INFO - [2023-10-19T22:24:47.364+0200] {dag.py:3696} INFO - Setting next_dagrun for dataset_consumes_unknown_never_scheduled to None, run_after=None
[2023-10-19T22:24:47.365+0200] {logging_mixin.py:151} INFO - [2023-10-19T22:24:47.365+0200] {dag.py:3696} INFO - Setting next_dagrun for dataset_produces_1 to 2023-10-18T00:00:00+00:00, run_after=2023-10-19T00:00:00+00:00
[2023-10-19T22:24:47.365+0200] {logging_mixin.py:151} INFO - [2023-10-19T22:24:47.365+0200] {dag.py:3696} INFO - Setting next_dagrun for dataset_produces_2 to None, run_after=None
[2023-10-19T22:24:47.374+0200] {processor.py:179} INFO - Processing /Users/nick/Desktop/airflow_dic/venv/lib/python3.11/site-packages/airflow/example_dags/example_datasets.py took 0.089 seconds
[2023-10-19T22:25:48.616+0200] {processor.py:157} INFO - Started process (PID=31644) to work on /Users/nick/Desktop/airflow_dic/venv/lib/python3.11/site-packages/airflow/example_dags/example_datasets.py
[2023-10-19T22:25:48.618+0200] {processor.py:829} INFO - Processing file /Users/nick/Desktop/airflow_dic/venv/lib/python3.11/site-packages/airflow/example_dags/example_datasets.py for tasks to queue
[2023-10-19T22:25:48.618+0200] {logging_mixin.py:151} INFO - [2023-10-19T22:25:48.618+0200] {dagbag.py:539} INFO - Filling up the DagBag from /Users/nick/Desktop/airflow_dic/venv/lib/python3.11/site-packages/airflow/example_dags/example_datasets.py
[2023-10-19T22:25:48.632+0200] {processor.py:839} INFO - DAG(s) dict_keys(['dataset_consumes_unknown_never_scheduled', 'dataset_consumes_1', 'dataset_produces_1', 'dataset_produces_2', 'dataset_consumes_1_and_2', 'dataset_consumes_1_never_scheduled']) retrieved from /Users/nick/Desktop/airflow_dic/venv/lib/python3.11/site-packages/airflow/example_dags/example_datasets.py
[2023-10-19T22:25:48.946+0200] {logging_mixin.py:151} INFO - [2023-10-19T22:25:48.946+0200] {security.py:708} INFO - Not syncing DAG-level permissions for DAG 'DAG:dataset_consumes_unknown_never_scheduled' as access control is unset.
[2023-10-19T22:25:48.949+0200] {logging_mixin.py:151} INFO - [2023-10-19T22:25:48.949+0200] {security.py:708} INFO - Not syncing DAG-level permissions for DAG 'DAG:dataset_consumes_1' as access control is unset.
[2023-10-19T22:25:48.951+0200] {logging_mixin.py:151} INFO - [2023-10-19T22:25:48.951+0200] {security.py:708} INFO - Not syncing DAG-level permissions for DAG 'DAG:dataset_produces_1' as access control is unset.
[2023-10-19T22:25:48.953+0200] {logging_mixin.py:151} INFO - [2023-10-19T22:25:48.953+0200] {security.py:708} INFO - Not syncing DAG-level permissions for DAG 'DAG:dataset_produces_2' as access control is unset.
[2023-10-19T22:25:48.956+0200] {logging_mixin.py:151} INFO - [2023-10-19T22:25:48.955+0200] {security.py:708} INFO - Not syncing DAG-level permissions for DAG 'DAG:dataset_consumes_1_and_2' as access control is unset.
[2023-10-19T22:25:48.958+0200] {logging_mixin.py:151} INFO - [2023-10-19T22:25:48.958+0200] {security.py:708} INFO - Not syncing DAG-level permissions for DAG 'DAG:dataset_consumes_1_never_scheduled' as access control is unset.
[2023-10-19T22:25:48.958+0200] {logging_mixin.py:151} INFO - [2023-10-19T22:25:48.958+0200] {dag.py:2915} INFO - Sync 6 DAGs
[2023-10-19T22:25:48.961+0200] {logging_mixin.py:151} INFO - [2023-10-19T22:25:48.961+0200] {dag.py:2937} INFO - Creating ORM DAG for dataset_consumes_1
[2023-10-19T22:25:48.961+0200] {logging_mixin.py:151} INFO - [2023-10-19T22:25:48.961+0200] {dag.py:2937} INFO - Creating ORM DAG for dataset_produces_2
[2023-10-19T22:25:48.962+0200] {logging_mixin.py:151} INFO - [2023-10-19T22:25:48.962+0200] {dag.py:2937} INFO - Creating ORM DAG for dataset_consumes_1_never_scheduled
[2023-10-19T22:25:48.962+0200] {logging_mixin.py:151} INFO - [2023-10-19T22:25:48.962+0200] {dag.py:2937} INFO - Creating ORM DAG for dataset_produces_1
[2023-10-19T22:25:48.962+0200] {logging_mixin.py:151} INFO - [2023-10-19T22:25:48.962+0200] {dag.py:2937} INFO - Creating ORM DAG for dataset_consumes_1_and_2
[2023-10-19T22:25:48.962+0200] {logging_mixin.py:151} INFO - [2023-10-19T22:25:48.962+0200] {dag.py:2937} INFO - Creating ORM DAG for dataset_consumes_unknown_never_scheduled
[2023-10-19T22:25:48.964+0200] {logging_mixin.py:151} INFO - [2023-10-19T22:25:48.964+0200] {dag.py:3696} INFO - Setting next_dagrun for dataset_consumes_1 to None, run_after=None
[2023-10-19T22:25:48.965+0200] {logging_mixin.py:151} INFO - [2023-10-19T22:25:48.965+0200] {dag.py:3696} INFO - Setting next_dagrun for dataset_consumes_1_and_2 to None, run_after=None
[2023-10-19T22:25:48.965+0200] {logging_mixin.py:151} INFO - [2023-10-19T22:25:48.965+0200] {dag.py:3696} INFO - Setting next_dagrun for dataset_consumes_1_never_scheduled to None, run_after=None
[2023-10-19T22:25:48.965+0200] {logging_mixin.py:151} INFO - [2023-10-19T22:25:48.965+0200] {dag.py:3696} INFO - Setting next_dagrun for dataset_consumes_unknown_never_scheduled to None, run_after=None
[2023-10-19T22:25:48.965+0200] {logging_mixin.py:151} INFO - [2023-10-19T22:25:48.965+0200] {dag.py:3696} INFO - Setting next_dagrun for dataset_produces_1 to 2023-10-18T00:00:00+00:00, run_after=2023-10-19T00:00:00+00:00
[2023-10-19T22:25:48.966+0200] {logging_mixin.py:151} INFO - [2023-10-19T22:25:48.966+0200] {dag.py:3696} INFO - Setting next_dagrun for dataset_produces_2 to None, run_after=None
[2023-10-19T22:25:48.979+0200] {processor.py:179} INFO - Processing /Users/nick/Desktop/airflow_dic/venv/lib/python3.11/site-packages/airflow/example_dags/example_datasets.py took 0.363 seconds
[2023-10-19T22:28:10.818+0200] {processor.py:157} INFO - Started process (PID=31909) to work on /Users/nick/Desktop/airflow_dic/venv/lib/python3.11/site-packages/airflow/example_dags/example_datasets.py
[2023-10-19T22:28:10.819+0200] {processor.py:829} INFO - Processing file /Users/nick/Desktop/airflow_dic/venv/lib/python3.11/site-packages/airflow/example_dags/example_datasets.py for tasks to queue
[2023-10-19T22:28:10.819+0200] {logging_mixin.py:151} INFO - [2023-10-19T22:28:10.819+0200] {dagbag.py:539} INFO - Filling up the DagBag from /Users/nick/Desktop/airflow_dic/venv/lib/python3.11/site-packages/airflow/example_dags/example_datasets.py
[2023-10-19T22:28:10.833+0200] {processor.py:839} INFO - DAG(s) dict_keys(['dataset_consumes_unknown_never_scheduled', 'dataset_consumes_1', 'dataset_produces_1', 'dataset_consumes_1_and_2', 'dataset_produces_2', 'dataset_consumes_1_never_scheduled']) retrieved from /Users/nick/Desktop/airflow_dic/venv/lib/python3.11/site-packages/airflow/example_dags/example_datasets.py
[2023-10-19T22:28:11.143+0200] {logging_mixin.py:151} INFO - [2023-10-19T22:28:11.143+0200] {security.py:708} INFO - Not syncing DAG-level permissions for DAG 'DAG:dataset_consumes_unknown_never_scheduled' as access control is unset.
[2023-10-19T22:28:11.146+0200] {logging_mixin.py:151} INFO - [2023-10-19T22:28:11.146+0200] {security.py:708} INFO - Not syncing DAG-level permissions for DAG 'DAG:dataset_consumes_1' as access control is unset.
[2023-10-19T22:28:11.148+0200] {logging_mixin.py:151} INFO - [2023-10-19T22:28:11.148+0200] {security.py:708} INFO - Not syncing DAG-level permissions for DAG 'DAG:dataset_produces_1' as access control is unset.
[2023-10-19T22:28:11.151+0200] {logging_mixin.py:151} INFO - [2023-10-19T22:28:11.150+0200] {security.py:708} INFO - Not syncing DAG-level permissions for DAG 'DAG:dataset_consumes_1_and_2' as access control is unset.
[2023-10-19T22:28:11.152+0200] {logging_mixin.py:151} INFO - [2023-10-19T22:28:11.152+0200] {security.py:708} INFO - Not syncing DAG-level permissions for DAG 'DAG:dataset_produces_2' as access control is unset.
[2023-10-19T22:28:11.155+0200] {logging_mixin.py:151} INFO - [2023-10-19T22:28:11.155+0200] {security.py:708} INFO - Not syncing DAG-level permissions for DAG 'DAG:dataset_consumes_1_never_scheduled' as access control is unset.
[2023-10-19T22:28:11.155+0200] {logging_mixin.py:151} INFO - [2023-10-19T22:28:11.155+0200] {dag.py:2915} INFO - Sync 6 DAGs
[2023-10-19T22:28:11.158+0200] {logging_mixin.py:151} INFO - [2023-10-19T22:28:11.158+0200] {dag.py:2937} INFO - Creating ORM DAG for dataset_consumes_1
[2023-10-19T22:28:11.158+0200] {logging_mixin.py:151} INFO - [2023-10-19T22:28:11.158+0200] {dag.py:2937} INFO - Creating ORM DAG for dataset_produces_2
[2023-10-19T22:28:11.159+0200] {logging_mixin.py:151} INFO - [2023-10-19T22:28:11.158+0200] {dag.py:2937} INFO - Creating ORM DAG for dataset_consumes_1_and_2
[2023-10-19T22:28:11.159+0200] {logging_mixin.py:151} INFO - [2023-10-19T22:28:11.159+0200] {dag.py:2937} INFO - Creating ORM DAG for dataset_consumes_1_never_scheduled
[2023-10-19T22:28:11.159+0200] {logging_mixin.py:151} INFO - [2023-10-19T22:28:11.159+0200] {dag.py:2937} INFO - Creating ORM DAG for dataset_produces_1
[2023-10-19T22:28:11.159+0200] {logging_mixin.py:151} INFO - [2023-10-19T22:28:11.159+0200] {dag.py:2937} INFO - Creating ORM DAG for dataset_consumes_unknown_never_scheduled
[2023-10-19T22:28:11.161+0200] {logging_mixin.py:151} INFO - [2023-10-19T22:28:11.161+0200] {dag.py:3696} INFO - Setting next_dagrun for dataset_consumes_1 to None, run_after=None
[2023-10-19T22:28:11.162+0200] {logging_mixin.py:151} INFO - [2023-10-19T22:28:11.162+0200] {dag.py:3696} INFO - Setting next_dagrun for dataset_consumes_1_and_2 to None, run_after=None
[2023-10-19T22:28:11.162+0200] {logging_mixin.py:151} INFO - [2023-10-19T22:28:11.162+0200] {dag.py:3696} INFO - Setting next_dagrun for dataset_consumes_1_never_scheduled to None, run_after=None
[2023-10-19T22:28:11.162+0200] {logging_mixin.py:151} INFO - [2023-10-19T22:28:11.162+0200] {dag.py:3696} INFO - Setting next_dagrun for dataset_consumes_unknown_never_scheduled to None, run_after=None
[2023-10-19T22:28:11.163+0200] {logging_mixin.py:151} INFO - [2023-10-19T22:28:11.163+0200] {dag.py:3696} INFO - Setting next_dagrun for dataset_produces_1 to 2023-10-18T00:00:00+00:00, run_after=2023-10-19T00:00:00+00:00
[2023-10-19T22:28:11.163+0200] {logging_mixin.py:151} INFO - [2023-10-19T22:28:11.163+0200] {dag.py:3696} INFO - Setting next_dagrun for dataset_produces_2 to None, run_after=None
[2023-10-19T22:28:11.175+0200] {processor.py:179} INFO - Processing /Users/nick/Desktop/airflow_dic/venv/lib/python3.11/site-packages/airflow/example_dags/example_datasets.py took 0.357 seconds
[2023-10-19T22:29:27.103+0200] {processor.py:157} INFO - Started process (PID=32077) to work on /Users/nick/Desktop/airflow_dic/venv/lib/python3.11/site-packages/airflow/example_dags/example_datasets.py
[2023-10-19T22:29:27.104+0200] {processor.py:829} INFO - Processing file /Users/nick/Desktop/airflow_dic/venv/lib/python3.11/site-packages/airflow/example_dags/example_datasets.py for tasks to queue
[2023-10-19T22:29:27.104+0200] {logging_mixin.py:151} INFO - [2023-10-19T22:29:27.104+0200] {dagbag.py:539} INFO - Filling up the DagBag from /Users/nick/Desktop/airflow_dic/venv/lib/python3.11/site-packages/airflow/example_dags/example_datasets.py
[2023-10-19T22:29:27.116+0200] {processor.py:839} INFO - DAG(s) dict_keys(['dataset_consumes_1_and_2', 'dataset_produces_1', 'dataset_produces_2', 'dataset_consumes_unknown_never_scheduled', 'dataset_consumes_1_never_scheduled', 'dataset_consumes_1']) retrieved from /Users/nick/Desktop/airflow_dic/venv/lib/python3.11/site-packages/airflow/example_dags/example_datasets.py
[2023-10-19T22:29:27.177+0200] {logging_mixin.py:151} INFO - [2023-10-19T22:29:27.177+0200] {dag.py:2915} INFO - Sync 6 DAGs
[2023-10-19T22:29:27.183+0200] {logging_mixin.py:151} INFO - [2023-10-19T22:29:27.183+0200] {dag.py:3696} INFO - Setting next_dagrun for dataset_consumes_1 to None, run_after=None
[2023-10-19T22:29:27.184+0200] {logging_mixin.py:151} INFO - [2023-10-19T22:29:27.184+0200] {dag.py:3696} INFO - Setting next_dagrun for dataset_consumes_1_and_2 to None, run_after=None
[2023-10-19T22:29:27.184+0200] {logging_mixin.py:151} INFO - [2023-10-19T22:29:27.184+0200] {dag.py:3696} INFO - Setting next_dagrun for dataset_consumes_1_never_scheduled to None, run_after=None
[2023-10-19T22:29:27.184+0200] {logging_mixin.py:151} INFO - [2023-10-19T22:29:27.184+0200] {dag.py:3696} INFO - Setting next_dagrun for dataset_consumes_unknown_never_scheduled to None, run_after=None
[2023-10-19T22:29:27.185+0200] {logging_mixin.py:151} INFO - [2023-10-19T22:29:27.185+0200] {dag.py:3696} INFO - Setting next_dagrun for dataset_produces_1 to 2023-10-18T00:00:00+00:00, run_after=2023-10-19T00:00:00+00:00
[2023-10-19T22:29:27.185+0200] {logging_mixin.py:151} INFO - [2023-10-19T22:29:27.185+0200] {dag.py:3696} INFO - Setting next_dagrun for dataset_produces_2 to None, run_after=None
[2023-10-19T22:29:27.194+0200] {processor.py:179} INFO - Processing /Users/nick/Desktop/airflow_dic/venv/lib/python3.11/site-packages/airflow/example_dags/example_datasets.py took 0.092 seconds
[2023-10-19T22:31:44.848+0200] {processor.py:157} INFO - Started process (PID=32347) to work on /Users/nick/Desktop/airflow_dic/venv/lib/python3.11/site-packages/airflow/example_dags/example_datasets.py
[2023-10-19T22:31:44.849+0200] {processor.py:829} INFO - Processing file /Users/nick/Desktop/airflow_dic/venv/lib/python3.11/site-packages/airflow/example_dags/example_datasets.py for tasks to queue
[2023-10-19T22:31:44.849+0200] {logging_mixin.py:151} INFO - [2023-10-19T22:31:44.849+0200] {dagbag.py:539} INFO - Filling up the DagBag from /Users/nick/Desktop/airflow_dic/venv/lib/python3.11/site-packages/airflow/example_dags/example_datasets.py
[2023-10-19T22:31:44.859+0200] {processor.py:839} INFO - DAG(s) dict_keys(['dataset_consumes_1_and_2', 'dataset_consumes_unknown_never_scheduled', 'dataset_consumes_1_never_scheduled', 'dataset_produces_2', 'dataset_consumes_1', 'dataset_produces_1']) retrieved from /Users/nick/Desktop/airflow_dic/venv/lib/python3.11/site-packages/airflow/example_dags/example_datasets.py
[2023-10-19T22:31:44.918+0200] {logging_mixin.py:151} INFO - [2023-10-19T22:31:44.918+0200] {dag.py:2915} INFO - Sync 6 DAGs
[2023-10-19T22:31:44.924+0200] {logging_mixin.py:151} INFO - [2023-10-19T22:31:44.924+0200] {dag.py:3696} INFO - Setting next_dagrun for dataset_consumes_1 to None, run_after=None
[2023-10-19T22:31:44.924+0200] {logging_mixin.py:151} INFO - [2023-10-19T22:31:44.924+0200] {dag.py:3696} INFO - Setting next_dagrun for dataset_consumes_1_and_2 to None, run_after=None
[2023-10-19T22:31:44.925+0200] {logging_mixin.py:151} INFO - [2023-10-19T22:31:44.925+0200] {dag.py:3696} INFO - Setting next_dagrun for dataset_consumes_1_never_scheduled to None, run_after=None
[2023-10-19T22:31:44.925+0200] {logging_mixin.py:151} INFO - [2023-10-19T22:31:44.925+0200] {dag.py:3696} INFO - Setting next_dagrun for dataset_consumes_unknown_never_scheduled to None, run_after=None
[2023-10-19T22:31:44.926+0200] {logging_mixin.py:151} INFO - [2023-10-19T22:31:44.926+0200] {dag.py:3696} INFO - Setting next_dagrun for dataset_produces_1 to 2023-10-18T00:00:00+00:00, run_after=2023-10-19T00:00:00+00:00
[2023-10-19T22:31:44.926+0200] {logging_mixin.py:151} INFO - [2023-10-19T22:31:44.926+0200] {dag.py:3696} INFO - Setting next_dagrun for dataset_produces_2 to None, run_after=None
[2023-10-19T22:31:44.935+0200] {processor.py:179} INFO - Processing /Users/nick/Desktop/airflow_dic/venv/lib/python3.11/site-packages/airflow/example_dags/example_datasets.py took 0.087 seconds
[2023-10-19T22:32:53.925+0200] {processor.py:157} INFO - Started process (PID=32472) to work on /Users/nick/Desktop/airflow_dic/venv/lib/python3.11/site-packages/airflow/example_dags/example_datasets.py
[2023-10-19T22:32:53.926+0200] {processor.py:829} INFO - Processing file /Users/nick/Desktop/airflow_dic/venv/lib/python3.11/site-packages/airflow/example_dags/example_datasets.py for tasks to queue
[2023-10-19T22:32:53.926+0200] {logging_mixin.py:151} INFO - [2023-10-19T22:32:53.926+0200] {dagbag.py:539} INFO - Filling up the DagBag from /Users/nick/Desktop/airflow_dic/venv/lib/python3.11/site-packages/airflow/example_dags/example_datasets.py
[2023-10-19T22:32:53.937+0200] {processor.py:839} INFO - DAG(s) dict_keys(['dataset_consumes_1_never_scheduled', 'dataset_produces_1', 'dataset_consumes_1', 'dataset_consumes_unknown_never_scheduled', 'dataset_produces_2', 'dataset_consumes_1_and_2']) retrieved from /Users/nick/Desktop/airflow_dic/venv/lib/python3.11/site-packages/airflow/example_dags/example_datasets.py
[2023-10-19T22:32:53.996+0200] {logging_mixin.py:151} INFO - [2023-10-19T22:32:53.996+0200] {dag.py:2915} INFO - Sync 6 DAGs
[2023-10-19T22:32:54.001+0200] {logging_mixin.py:151} INFO - [2023-10-19T22:32:54.001+0200] {dag.py:3696} INFO - Setting next_dagrun for dataset_consumes_1 to None, run_after=None
[2023-10-19T22:32:54.002+0200] {logging_mixin.py:151} INFO - [2023-10-19T22:32:54.002+0200] {dag.py:3696} INFO - Setting next_dagrun for dataset_consumes_1_and_2 to None, run_after=None
[2023-10-19T22:32:54.002+0200] {logging_mixin.py:151} INFO - [2023-10-19T22:32:54.002+0200] {dag.py:3696} INFO - Setting next_dagrun for dataset_consumes_1_never_scheduled to None, run_after=None
[2023-10-19T22:32:54.003+0200] {logging_mixin.py:151} INFO - [2023-10-19T22:32:54.003+0200] {dag.py:3696} INFO - Setting next_dagrun for dataset_consumes_unknown_never_scheduled to None, run_after=None
[2023-10-19T22:32:54.003+0200] {logging_mixin.py:151} INFO - [2023-10-19T22:32:54.003+0200] {dag.py:3696} INFO - Setting next_dagrun for dataset_produces_1 to 2023-10-18T00:00:00+00:00, run_after=2023-10-19T00:00:00+00:00
[2023-10-19T22:32:54.004+0200] {logging_mixin.py:151} INFO - [2023-10-19T22:32:54.004+0200] {dag.py:3696} INFO - Setting next_dagrun for dataset_produces_2 to None, run_after=None
[2023-10-19T22:32:54.012+0200] {processor.py:179} INFO - Processing /Users/nick/Desktop/airflow_dic/venv/lib/python3.11/site-packages/airflow/example_dags/example_datasets.py took 0.088 seconds
[2023-10-19T22:34:02.264+0200] {processor.py:157} INFO - Started process (PID=32610) to work on /Users/nick/Desktop/airflow_dic/venv/lib/python3.11/site-packages/airflow/example_dags/example_datasets.py
[2023-10-19T22:34:02.267+0200] {processor.py:829} INFO - Processing file /Users/nick/Desktop/airflow_dic/venv/lib/python3.11/site-packages/airflow/example_dags/example_datasets.py for tasks to queue
[2023-10-19T22:34:02.267+0200] {logging_mixin.py:151} INFO - [2023-10-19T22:34:02.267+0200] {dagbag.py:539} INFO - Filling up the DagBag from /Users/nick/Desktop/airflow_dic/venv/lib/python3.11/site-packages/airflow/example_dags/example_datasets.py
[2023-10-19T22:34:02.278+0200] {processor.py:839} INFO - DAG(s) dict_keys(['dataset_produces_1', 'dataset_consumes_1_and_2', 'dataset_produces_2', 'dataset_consumes_unknown_never_scheduled', 'dataset_consumes_1_never_scheduled', 'dataset_consumes_1']) retrieved from /Users/nick/Desktop/airflow_dic/venv/lib/python3.11/site-packages/airflow/example_dags/example_datasets.py
[2023-10-19T22:34:02.337+0200] {logging_mixin.py:151} INFO - [2023-10-19T22:34:02.336+0200] {dag.py:2915} INFO - Sync 6 DAGs
[2023-10-19T22:34:02.342+0200] {logging_mixin.py:151} INFO - [2023-10-19T22:34:02.342+0200] {dag.py:3696} INFO - Setting next_dagrun for dataset_consumes_1 to None, run_after=None
[2023-10-19T22:34:02.343+0200] {logging_mixin.py:151} INFO - [2023-10-19T22:34:02.343+0200] {dag.py:3696} INFO - Setting next_dagrun for dataset_consumes_1_and_2 to None, run_after=None
[2023-10-19T22:34:02.343+0200] {logging_mixin.py:151} INFO - [2023-10-19T22:34:02.343+0200] {dag.py:3696} INFO - Setting next_dagrun for dataset_consumes_1_never_scheduled to None, run_after=None
[2023-10-19T22:34:02.343+0200] {logging_mixin.py:151} INFO - [2023-10-19T22:34:02.343+0200] {dag.py:3696} INFO - Setting next_dagrun for dataset_consumes_unknown_never_scheduled to None, run_after=None
[2023-10-19T22:34:02.344+0200] {logging_mixin.py:151} INFO - [2023-10-19T22:34:02.344+0200] {dag.py:3696} INFO - Setting next_dagrun for dataset_produces_1 to 2023-10-18T00:00:00+00:00, run_after=2023-10-19T00:00:00+00:00
[2023-10-19T22:34:02.344+0200] {logging_mixin.py:151} INFO - [2023-10-19T22:34:02.344+0200] {dag.py:3696} INFO - Setting next_dagrun for dataset_produces_2 to None, run_after=None
[2023-10-19T22:34:02.353+0200] {processor.py:179} INFO - Processing /Users/nick/Desktop/airflow_dic/venv/lib/python3.11/site-packages/airflow/example_dags/example_datasets.py took 0.089 seconds
[2023-10-19T22:35:10.820+0200] {processor.py:157} INFO - Started process (PID=32778) to work on /Users/nick/Desktop/airflow_dic/venv/lib/python3.11/site-packages/airflow/example_dags/example_datasets.py
[2023-10-19T22:35:10.823+0200] {processor.py:829} INFO - Processing file /Users/nick/Desktop/airflow_dic/venv/lib/python3.11/site-packages/airflow/example_dags/example_datasets.py for tasks to queue
[2023-10-19T22:35:10.823+0200] {logging_mixin.py:151} INFO - [2023-10-19T22:35:10.823+0200] {dagbag.py:539} INFO - Filling up the DagBag from /Users/nick/Desktop/airflow_dic/venv/lib/python3.11/site-packages/airflow/example_dags/example_datasets.py
[2023-10-19T22:35:10.835+0200] {processor.py:839} INFO - DAG(s) dict_keys(['dataset_produces_2', 'dataset_consumes_1_and_2', 'dataset_consumes_unknown_never_scheduled', 'dataset_consumes_1', 'dataset_consumes_1_never_scheduled', 'dataset_produces_1']) retrieved from /Users/nick/Desktop/airflow_dic/venv/lib/python3.11/site-packages/airflow/example_dags/example_datasets.py
[2023-10-19T22:35:10.894+0200] {logging_mixin.py:151} INFO - [2023-10-19T22:35:10.894+0200] {dag.py:2915} INFO - Sync 6 DAGs
[2023-10-19T22:35:10.900+0200] {logging_mixin.py:151} INFO - [2023-10-19T22:35:10.900+0200] {dag.py:3696} INFO - Setting next_dagrun for dataset_consumes_1 to None, run_after=None
[2023-10-19T22:35:10.901+0200] {logging_mixin.py:151} INFO - [2023-10-19T22:35:10.901+0200] {dag.py:3696} INFO - Setting next_dagrun for dataset_consumes_1_and_2 to None, run_after=None
[2023-10-19T22:35:10.901+0200] {logging_mixin.py:151} INFO - [2023-10-19T22:35:10.901+0200] {dag.py:3696} INFO - Setting next_dagrun for dataset_consumes_1_never_scheduled to None, run_after=None
[2023-10-19T22:35:10.901+0200] {logging_mixin.py:151} INFO - [2023-10-19T22:35:10.901+0200] {dag.py:3696} INFO - Setting next_dagrun for dataset_consumes_unknown_never_scheduled to None, run_after=None
[2023-10-19T22:35:10.902+0200] {logging_mixin.py:151} INFO - [2023-10-19T22:35:10.902+0200] {dag.py:3696} INFO - Setting next_dagrun for dataset_produces_1 to 2023-10-18T00:00:00+00:00, run_after=2023-10-19T00:00:00+00:00
[2023-10-19T22:35:10.902+0200] {logging_mixin.py:151} INFO - [2023-10-19T22:35:10.902+0200] {dag.py:3696} INFO - Setting next_dagrun for dataset_produces_2 to None, run_after=None
[2023-10-19T22:35:10.911+0200] {processor.py:179} INFO - Processing /Users/nick/Desktop/airflow_dic/venv/lib/python3.11/site-packages/airflow/example_dags/example_datasets.py took 0.091 seconds
[2023-10-19T22:36:19.535+0200] {processor.py:157} INFO - Started process (PID=32906) to work on /Users/nick/Desktop/airflow_dic/venv/lib/python3.11/site-packages/airflow/example_dags/example_datasets.py
[2023-10-19T22:36:19.537+0200] {processor.py:829} INFO - Processing file /Users/nick/Desktop/airflow_dic/venv/lib/python3.11/site-packages/airflow/example_dags/example_datasets.py for tasks to queue
[2023-10-19T22:36:19.537+0200] {logging_mixin.py:151} INFO - [2023-10-19T22:36:19.537+0200] {dagbag.py:539} INFO - Filling up the DagBag from /Users/nick/Desktop/airflow_dic/venv/lib/python3.11/site-packages/airflow/example_dags/example_datasets.py
[2023-10-19T22:36:19.548+0200] {processor.py:839} INFO - DAG(s) dict_keys(['dataset_consumes_1_never_scheduled', 'dataset_produces_1', 'dataset_consumes_1', 'dataset_produces_2', 'dataset_consumes_unknown_never_scheduled', 'dataset_consumes_1_and_2']) retrieved from /Users/nick/Desktop/airflow_dic/venv/lib/python3.11/site-packages/airflow/example_dags/example_datasets.py
[2023-10-19T22:36:19.609+0200] {logging_mixin.py:151} INFO - [2023-10-19T22:36:19.609+0200] {dag.py:2915} INFO - Sync 6 DAGs
[2023-10-19T22:36:19.616+0200] {logging_mixin.py:151} INFO - [2023-10-19T22:36:19.616+0200] {dag.py:3696} INFO - Setting next_dagrun for dataset_consumes_1 to None, run_after=None
[2023-10-19T22:36:19.617+0200] {logging_mixin.py:151} INFO - [2023-10-19T22:36:19.617+0200] {dag.py:3696} INFO - Setting next_dagrun for dataset_consumes_1_and_2 to None, run_after=None
[2023-10-19T22:36:19.617+0200] {logging_mixin.py:151} INFO - [2023-10-19T22:36:19.617+0200] {dag.py:3696} INFO - Setting next_dagrun for dataset_consumes_1_never_scheduled to None, run_after=None
[2023-10-19T22:36:19.617+0200] {logging_mixin.py:151} INFO - [2023-10-19T22:36:19.617+0200] {dag.py:3696} INFO - Setting next_dagrun for dataset_consumes_unknown_never_scheduled to None, run_after=None
[2023-10-19T22:36:19.618+0200] {logging_mixin.py:151} INFO - [2023-10-19T22:36:19.618+0200] {dag.py:3696} INFO - Setting next_dagrun for dataset_produces_1 to 2023-10-18T00:00:00+00:00, run_after=2023-10-19T00:00:00+00:00
[2023-10-19T22:36:19.618+0200] {logging_mixin.py:151} INFO - [2023-10-19T22:36:19.618+0200] {dag.py:3696} INFO - Setting next_dagrun for dataset_produces_2 to None, run_after=None
[2023-10-19T22:36:19.627+0200] {processor.py:179} INFO - Processing /Users/nick/Desktop/airflow_dic/venv/lib/python3.11/site-packages/airflow/example_dags/example_datasets.py took 0.092 seconds
[2023-10-19T22:37:27.556+0200] {processor.py:157} INFO - Started process (PID=33038) to work on /Users/nick/Desktop/airflow_dic/venv/lib/python3.11/site-packages/airflow/example_dags/example_datasets.py
[2023-10-19T22:37:27.558+0200] {processor.py:829} INFO - Processing file /Users/nick/Desktop/airflow_dic/venv/lib/python3.11/site-packages/airflow/example_dags/example_datasets.py for tasks to queue
[2023-10-19T22:37:27.558+0200] {logging_mixin.py:151} INFO - [2023-10-19T22:37:27.558+0200] {dagbag.py:539} INFO - Filling up the DagBag from /Users/nick/Desktop/airflow_dic/venv/lib/python3.11/site-packages/airflow/example_dags/example_datasets.py
[2023-10-19T22:37:27.568+0200] {processor.py:839} INFO - DAG(s) dict_keys(['dataset_consumes_1_and_2', 'dataset_produces_2', 'dataset_consumes_unknown_never_scheduled', 'dataset_produces_1', 'dataset_consumes_1', 'dataset_consumes_1_never_scheduled']) retrieved from /Users/nick/Desktop/airflow_dic/venv/lib/python3.11/site-packages/airflow/example_dags/example_datasets.py
[2023-10-19T22:37:27.627+0200] {logging_mixin.py:151} INFO - [2023-10-19T22:37:27.627+0200] {dag.py:2915} INFO - Sync 6 DAGs
[2023-10-19T22:37:27.633+0200] {logging_mixin.py:151} INFO - [2023-10-19T22:37:27.633+0200] {dag.py:3696} INFO - Setting next_dagrun for dataset_consumes_1 to None, run_after=None
[2023-10-19T22:37:27.634+0200] {logging_mixin.py:151} INFO - [2023-10-19T22:37:27.633+0200] {dag.py:3696} INFO - Setting next_dagrun for dataset_consumes_1_and_2 to None, run_after=None
[2023-10-19T22:37:27.634+0200] {logging_mixin.py:151} INFO - [2023-10-19T22:37:27.634+0200] {dag.py:3696} INFO - Setting next_dagrun for dataset_consumes_1_never_scheduled to None, run_after=None
[2023-10-19T22:37:27.634+0200] {logging_mixin.py:151} INFO - [2023-10-19T22:37:27.634+0200] {dag.py:3696} INFO - Setting next_dagrun for dataset_consumes_unknown_never_scheduled to None, run_after=None
[2023-10-19T22:37:27.635+0200] {logging_mixin.py:151} INFO - [2023-10-19T22:37:27.635+0200] {dag.py:3696} INFO - Setting next_dagrun for dataset_produces_1 to 2023-10-18T00:00:00+00:00, run_after=2023-10-19T00:00:00+00:00
[2023-10-19T22:37:27.635+0200] {logging_mixin.py:151} INFO - [2023-10-19T22:37:27.635+0200] {dag.py:3696} INFO - Setting next_dagrun for dataset_produces_2 to None, run_after=None
[2023-10-19T22:37:27.644+0200] {processor.py:179} INFO - Processing /Users/nick/Desktop/airflow_dic/venv/lib/python3.11/site-packages/airflow/example_dags/example_datasets.py took 0.088 seconds
[2023-10-19T22:38:35.527+0200] {processor.py:157} INFO - Started process (PID=33163) to work on /Users/nick/Desktop/airflow_dic/venv/lib/python3.11/site-packages/airflow/example_dags/example_datasets.py
[2023-10-19T22:38:35.528+0200] {processor.py:829} INFO - Processing file /Users/nick/Desktop/airflow_dic/venv/lib/python3.11/site-packages/airflow/example_dags/example_datasets.py for tasks to queue
[2023-10-19T22:38:35.529+0200] {logging_mixin.py:151} INFO - [2023-10-19T22:38:35.528+0200] {dagbag.py:539} INFO - Filling up the DagBag from /Users/nick/Desktop/airflow_dic/venv/lib/python3.11/site-packages/airflow/example_dags/example_datasets.py
[2023-10-19T22:38:35.539+0200] {processor.py:839} INFO - DAG(s) dict_keys(['dataset_consumes_1_never_scheduled', 'dataset_consumes_unknown_never_scheduled', 'dataset_consumes_1', 'dataset_consumes_1_and_2', 'dataset_produces_1', 'dataset_produces_2']) retrieved from /Users/nick/Desktop/airflow_dic/venv/lib/python3.11/site-packages/airflow/example_dags/example_datasets.py
[2023-10-19T22:38:35.598+0200] {logging_mixin.py:151} INFO - [2023-10-19T22:38:35.598+0200] {dag.py:2915} INFO - Sync 6 DAGs
[2023-10-19T22:38:35.604+0200] {logging_mixin.py:151} INFO - [2023-10-19T22:38:35.604+0200] {dag.py:3696} INFO - Setting next_dagrun for dataset_consumes_1 to None, run_after=None
[2023-10-19T22:38:35.604+0200] {logging_mixin.py:151} INFO - [2023-10-19T22:38:35.604+0200] {dag.py:3696} INFO - Setting next_dagrun for dataset_consumes_1_and_2 to None, run_after=None
[2023-10-19T22:38:35.605+0200] {logging_mixin.py:151} INFO - [2023-10-19T22:38:35.605+0200] {dag.py:3696} INFO - Setting next_dagrun for dataset_consumes_1_never_scheduled to None, run_after=None
[2023-10-19T22:38:35.605+0200] {logging_mixin.py:151} INFO - [2023-10-19T22:38:35.605+0200] {dag.py:3696} INFO - Setting next_dagrun for dataset_consumes_unknown_never_scheduled to None, run_after=None
[2023-10-19T22:38:35.606+0200] {logging_mixin.py:151} INFO - [2023-10-19T22:38:35.606+0200] {dag.py:3696} INFO - Setting next_dagrun for dataset_produces_1 to 2023-10-18T00:00:00+00:00, run_after=2023-10-19T00:00:00+00:00
[2023-10-19T22:38:35.606+0200] {logging_mixin.py:151} INFO - [2023-10-19T22:38:35.606+0200] {dag.py:3696} INFO - Setting next_dagrun for dataset_produces_2 to None, run_after=None
[2023-10-19T22:38:35.615+0200] {processor.py:179} INFO - Processing /Users/nick/Desktop/airflow_dic/venv/lib/python3.11/site-packages/airflow/example_dags/example_datasets.py took 0.088 seconds
[2023-10-19T22:39:41.943+0200] {processor.py:157} INFO - Started process (PID=33290) to work on /Users/nick/Desktop/airflow_dic/venv/lib/python3.11/site-packages/airflow/example_dags/example_datasets.py
[2023-10-19T22:39:41.944+0200] {processor.py:829} INFO - Processing file /Users/nick/Desktop/airflow_dic/venv/lib/python3.11/site-packages/airflow/example_dags/example_datasets.py for tasks to queue
[2023-10-19T22:39:41.945+0200] {logging_mixin.py:151} INFO - [2023-10-19T22:39:41.945+0200] {dagbag.py:539} INFO - Filling up the DagBag from /Users/nick/Desktop/airflow_dic/venv/lib/python3.11/site-packages/airflow/example_dags/example_datasets.py
[2023-10-19T22:39:41.955+0200] {processor.py:839} INFO - DAG(s) dict_keys(['dataset_produces_2', 'dataset_produces_1', 'dataset_consumes_1', 'dataset_consumes_1_and_2', 'dataset_consumes_unknown_never_scheduled', 'dataset_consumes_1_never_scheduled']) retrieved from /Users/nick/Desktop/airflow_dic/venv/lib/python3.11/site-packages/airflow/example_dags/example_datasets.py
[2023-10-19T22:39:42.015+0200] {logging_mixin.py:151} INFO - [2023-10-19T22:39:42.014+0200] {dag.py:2915} INFO - Sync 6 DAGs
[2023-10-19T22:39:42.020+0200] {logging_mixin.py:151} INFO - [2023-10-19T22:39:42.020+0200] {dag.py:3696} INFO - Setting next_dagrun for dataset_consumes_1 to None, run_after=None
[2023-10-19T22:39:42.021+0200] {logging_mixin.py:151} INFO - [2023-10-19T22:39:42.021+0200] {dag.py:3696} INFO - Setting next_dagrun for dataset_consumes_1_and_2 to None, run_after=None
[2023-10-19T22:39:42.021+0200] {logging_mixin.py:151} INFO - [2023-10-19T22:39:42.021+0200] {dag.py:3696} INFO - Setting next_dagrun for dataset_consumes_1_never_scheduled to None, run_after=None
[2023-10-19T22:39:42.021+0200] {logging_mixin.py:151} INFO - [2023-10-19T22:39:42.021+0200] {dag.py:3696} INFO - Setting next_dagrun for dataset_consumes_unknown_never_scheduled to None, run_after=None
[2023-10-19T22:39:42.022+0200] {logging_mixin.py:151} INFO - [2023-10-19T22:39:42.022+0200] {dag.py:3696} INFO - Setting next_dagrun for dataset_produces_1 to 2023-10-18T00:00:00+00:00, run_after=2023-10-19T00:00:00+00:00
[2023-10-19T22:39:42.022+0200] {logging_mixin.py:151} INFO - [2023-10-19T22:39:42.022+0200] {dag.py:3696} INFO - Setting next_dagrun for dataset_produces_2 to None, run_after=None
[2023-10-19T22:39:42.032+0200] {processor.py:179} INFO - Processing /Users/nick/Desktop/airflow_dic/venv/lib/python3.11/site-packages/airflow/example_dags/example_datasets.py took 0.089 seconds
[2023-10-19T22:40:51.633+0200] {processor.py:157} INFO - Started process (PID=33419) to work on /Users/nick/Desktop/airflow_dic/venv/lib/python3.11/site-packages/airflow/example_dags/example_datasets.py
[2023-10-19T22:40:51.634+0200] {processor.py:829} INFO - Processing file /Users/nick/Desktop/airflow_dic/venv/lib/python3.11/site-packages/airflow/example_dags/example_datasets.py for tasks to queue
[2023-10-19T22:40:51.634+0200] {logging_mixin.py:151} INFO - [2023-10-19T22:40:51.634+0200] {dagbag.py:539} INFO - Filling up the DagBag from /Users/nick/Desktop/airflow_dic/venv/lib/python3.11/site-packages/airflow/example_dags/example_datasets.py
[2023-10-19T22:40:51.645+0200] {processor.py:839} INFO - DAG(s) dict_keys(['dataset_consumes_unknown_never_scheduled', 'dataset_consumes_1_never_scheduled', 'dataset_consumes_1_and_2', 'dataset_consumes_1', 'dataset_produces_2', 'dataset_produces_1']) retrieved from /Users/nick/Desktop/airflow_dic/venv/lib/python3.11/site-packages/airflow/example_dags/example_datasets.py
[2023-10-19T22:40:51.706+0200] {logging_mixin.py:151} INFO - [2023-10-19T22:40:51.706+0200] {dag.py:2915} INFO - Sync 6 DAGs
[2023-10-19T22:40:51.712+0200] {logging_mixin.py:151} INFO - [2023-10-19T22:40:51.712+0200] {dag.py:3696} INFO - Setting next_dagrun for dataset_consumes_1 to None, run_after=None
[2023-10-19T22:40:51.713+0200] {logging_mixin.py:151} INFO - [2023-10-19T22:40:51.713+0200] {dag.py:3696} INFO - Setting next_dagrun for dataset_consumes_1_and_2 to None, run_after=None
[2023-10-19T22:40:51.713+0200] {logging_mixin.py:151} INFO - [2023-10-19T22:40:51.713+0200] {dag.py:3696} INFO - Setting next_dagrun for dataset_consumes_1_never_scheduled to None, run_after=None
[2023-10-19T22:40:51.714+0200] {logging_mixin.py:151} INFO - [2023-10-19T22:40:51.714+0200] {dag.py:3696} INFO - Setting next_dagrun for dataset_consumes_unknown_never_scheduled to None, run_after=None
[2023-10-19T22:40:51.714+0200] {logging_mixin.py:151} INFO - [2023-10-19T22:40:51.714+0200] {dag.py:3696} INFO - Setting next_dagrun for dataset_produces_1 to 2023-10-18T00:00:00+00:00, run_after=2023-10-19T00:00:00+00:00
[2023-10-19T22:40:51.714+0200] {logging_mixin.py:151} INFO - [2023-10-19T22:40:51.714+0200] {dag.py:3696} INFO - Setting next_dagrun for dataset_produces_2 to None, run_after=None
[2023-10-19T22:40:51.723+0200] {processor.py:179} INFO - Processing /Users/nick/Desktop/airflow_dic/venv/lib/python3.11/site-packages/airflow/example_dags/example_datasets.py took 0.091 seconds
[2023-10-19T22:42:01.284+0200] {processor.py:157} INFO - Started process (PID=33549) to work on /Users/nick/Desktop/airflow_dic/venv/lib/python3.11/site-packages/airflow/example_dags/example_datasets.py
[2023-10-19T22:42:01.286+0200] {processor.py:829} INFO - Processing file /Users/nick/Desktop/airflow_dic/venv/lib/python3.11/site-packages/airflow/example_dags/example_datasets.py for tasks to queue
[2023-10-19T22:42:01.286+0200] {logging_mixin.py:151} INFO - [2023-10-19T22:42:01.286+0200] {dagbag.py:539} INFO - Filling up the DagBag from /Users/nick/Desktop/airflow_dic/venv/lib/python3.11/site-packages/airflow/example_dags/example_datasets.py
[2023-10-19T22:42:01.296+0200] {processor.py:839} INFO - DAG(s) dict_keys(['dataset_consumes_unknown_never_scheduled', 'dataset_consumes_1_never_scheduled', 'dataset_consumes_1', 'dataset_produces_2', 'dataset_produces_1', 'dataset_consumes_1_and_2']) retrieved from /Users/nick/Desktop/airflow_dic/venv/lib/python3.11/site-packages/airflow/example_dags/example_datasets.py
[2023-10-19T22:42:01.355+0200] {logging_mixin.py:151} INFO - [2023-10-19T22:42:01.355+0200] {dag.py:2915} INFO - Sync 6 DAGs
[2023-10-19T22:42:01.361+0200] {logging_mixin.py:151} INFO - [2023-10-19T22:42:01.361+0200] {dag.py:3696} INFO - Setting next_dagrun for dataset_consumes_1 to None, run_after=None
[2023-10-19T22:42:01.362+0200] {logging_mixin.py:151} INFO - [2023-10-19T22:42:01.361+0200] {dag.py:3696} INFO - Setting next_dagrun for dataset_consumes_1_and_2 to None, run_after=None
[2023-10-19T22:42:01.362+0200] {logging_mixin.py:151} INFO - [2023-10-19T22:42:01.362+0200] {dag.py:3696} INFO - Setting next_dagrun for dataset_consumes_1_never_scheduled to None, run_after=None
[2023-10-19T22:42:01.362+0200] {logging_mixin.py:151} INFO - [2023-10-19T22:42:01.362+0200] {dag.py:3696} INFO - Setting next_dagrun for dataset_consumes_unknown_never_scheduled to None, run_after=None
[2023-10-19T22:42:01.363+0200] {logging_mixin.py:151} INFO - [2023-10-19T22:42:01.363+0200] {dag.py:3696} INFO - Setting next_dagrun for dataset_produces_1 to 2023-10-18T00:00:00+00:00, run_after=2023-10-19T00:00:00+00:00
[2023-10-19T22:42:01.363+0200] {logging_mixin.py:151} INFO - [2023-10-19T22:42:01.363+0200] {dag.py:3696} INFO - Setting next_dagrun for dataset_produces_2 to None, run_after=None
[2023-10-19T22:42:01.371+0200] {processor.py:179} INFO - Processing /Users/nick/Desktop/airflow_dic/venv/lib/python3.11/site-packages/airflow/example_dags/example_datasets.py took 0.087 seconds
[2023-10-19T22:43:11.057+0200] {processor.py:157} INFO - Started process (PID=33675) to work on /Users/nick/Desktop/airflow_dic/venv/lib/python3.11/site-packages/airflow/example_dags/example_datasets.py
[2023-10-19T22:43:11.059+0200] {processor.py:829} INFO - Processing file /Users/nick/Desktop/airflow_dic/venv/lib/python3.11/site-packages/airflow/example_dags/example_datasets.py for tasks to queue
[2023-10-19T22:43:11.059+0200] {logging_mixin.py:151} INFO - [2023-10-19T22:43:11.059+0200] {dagbag.py:539} INFO - Filling up the DagBag from /Users/nick/Desktop/airflow_dic/venv/lib/python3.11/site-packages/airflow/example_dags/example_datasets.py
[2023-10-19T22:43:11.070+0200] {processor.py:839} INFO - DAG(s) dict_keys(['dataset_produces_1', 'dataset_consumes_1_and_2', 'dataset_consumes_1', 'dataset_consumes_1_never_scheduled', 'dataset_produces_2', 'dataset_consumes_unknown_never_scheduled']) retrieved from /Users/nick/Desktop/airflow_dic/venv/lib/python3.11/site-packages/airflow/example_dags/example_datasets.py
[2023-10-19T22:43:11.128+0200] {logging_mixin.py:151} INFO - [2023-10-19T22:43:11.128+0200] {dag.py:2915} INFO - Sync 6 DAGs
[2023-10-19T22:43:11.134+0200] {logging_mixin.py:151} INFO - [2023-10-19T22:43:11.134+0200] {dag.py:3696} INFO - Setting next_dagrun for dataset_consumes_1 to None, run_after=None
[2023-10-19T22:43:11.135+0200] {logging_mixin.py:151} INFO - [2023-10-19T22:43:11.135+0200] {dag.py:3696} INFO - Setting next_dagrun for dataset_consumes_1_and_2 to None, run_after=None
[2023-10-19T22:43:11.135+0200] {logging_mixin.py:151} INFO - [2023-10-19T22:43:11.135+0200] {dag.py:3696} INFO - Setting next_dagrun for dataset_consumes_1_never_scheduled to None, run_after=None
[2023-10-19T22:43:11.135+0200] {logging_mixin.py:151} INFO - [2023-10-19T22:43:11.135+0200] {dag.py:3696} INFO - Setting next_dagrun for dataset_consumes_unknown_never_scheduled to None, run_after=None
[2023-10-19T22:43:11.136+0200] {logging_mixin.py:151} INFO - [2023-10-19T22:43:11.136+0200] {dag.py:3696} INFO - Setting next_dagrun for dataset_produces_1 to 2023-10-18T00:00:00+00:00, run_after=2023-10-19T00:00:00+00:00
[2023-10-19T22:43:11.136+0200] {logging_mixin.py:151} INFO - [2023-10-19T22:43:11.136+0200] {dag.py:3696} INFO - Setting next_dagrun for dataset_produces_2 to None, run_after=None
[2023-10-19T22:43:11.145+0200] {processor.py:179} INFO - Processing /Users/nick/Desktop/airflow_dic/venv/lib/python3.11/site-packages/airflow/example_dags/example_datasets.py took 0.088 seconds
[2023-10-19T22:44:20.856+0200] {processor.py:157} INFO - Started process (PID=33811) to work on /Users/nick/Desktop/airflow_dic/venv/lib/python3.11/site-packages/airflow/example_dags/example_datasets.py
[2023-10-19T22:44:20.859+0200] {processor.py:829} INFO - Processing file /Users/nick/Desktop/airflow_dic/venv/lib/python3.11/site-packages/airflow/example_dags/example_datasets.py for tasks to queue
[2023-10-19T22:44:20.859+0200] {logging_mixin.py:151} INFO - [2023-10-19T22:44:20.859+0200] {dagbag.py:539} INFO - Filling up the DagBag from /Users/nick/Desktop/airflow_dic/venv/lib/python3.11/site-packages/airflow/example_dags/example_datasets.py
[2023-10-19T22:44:20.870+0200] {processor.py:839} INFO - DAG(s) dict_keys(['dataset_produces_1', 'dataset_consumes_1_and_2', 'dataset_consumes_1_never_scheduled', 'dataset_consumes_1', 'dataset_consumes_unknown_never_scheduled', 'dataset_produces_2']) retrieved from /Users/nick/Desktop/airflow_dic/venv/lib/python3.11/site-packages/airflow/example_dags/example_datasets.py
[2023-10-19T22:44:20.929+0200] {logging_mixin.py:151} INFO - [2023-10-19T22:44:20.929+0200] {dag.py:2915} INFO - Sync 6 DAGs
[2023-10-19T22:44:20.934+0200] {logging_mixin.py:151} INFO - [2023-10-19T22:44:20.934+0200] {dag.py:3696} INFO - Setting next_dagrun for dataset_consumes_1 to None, run_after=None
[2023-10-19T22:44:20.935+0200] {logging_mixin.py:151} INFO - [2023-10-19T22:44:20.935+0200] {dag.py:3696} INFO - Setting next_dagrun for dataset_consumes_1_and_2 to None, run_after=None
[2023-10-19T22:44:20.935+0200] {logging_mixin.py:151} INFO - [2023-10-19T22:44:20.935+0200] {dag.py:3696} INFO - Setting next_dagrun for dataset_consumes_1_never_scheduled to None, run_after=None
[2023-10-19T22:44:20.936+0200] {logging_mixin.py:151} INFO - [2023-10-19T22:44:20.936+0200] {dag.py:3696} INFO - Setting next_dagrun for dataset_consumes_unknown_never_scheduled to None, run_after=None
[2023-10-19T22:44:20.936+0200] {logging_mixin.py:151} INFO - [2023-10-19T22:44:20.936+0200] {dag.py:3696} INFO - Setting next_dagrun for dataset_produces_1 to 2023-10-18T00:00:00+00:00, run_after=2023-10-19T00:00:00+00:00
[2023-10-19T22:44:20.937+0200] {logging_mixin.py:151} INFO - [2023-10-19T22:44:20.937+0200] {dag.py:3696} INFO - Setting next_dagrun for dataset_produces_2 to None, run_after=None
[2023-10-19T22:44:20.946+0200] {processor.py:179} INFO - Processing /Users/nick/Desktop/airflow_dic/venv/lib/python3.11/site-packages/airflow/example_dags/example_datasets.py took 0.090 seconds
[2023-10-19T22:46:08.735+0200] {processor.py:157} INFO - Started process (PID=34032) to work on /Users/nick/Desktop/airflow_dic/venv/lib/python3.11/site-packages/airflow/example_dags/example_datasets.py
[2023-10-19T22:46:08.738+0200] {processor.py:829} INFO - Processing file /Users/nick/Desktop/airflow_dic/venv/lib/python3.11/site-packages/airflow/example_dags/example_datasets.py for tasks to queue
[2023-10-19T22:46:08.738+0200] {logging_mixin.py:151} INFO - [2023-10-19T22:46:08.738+0200] {dagbag.py:539} INFO - Filling up the DagBag from /Users/nick/Desktop/airflow_dic/venv/lib/python3.11/site-packages/airflow/example_dags/example_datasets.py
[2023-10-19T22:46:08.749+0200] {processor.py:839} INFO - DAG(s) dict_keys(['dataset_consumes_1_never_scheduled', 'dataset_consumes_1_and_2', 'dataset_consumes_unknown_never_scheduled', 'dataset_produces_1', 'dataset_consumes_1', 'dataset_produces_2']) retrieved from /Users/nick/Desktop/airflow_dic/venv/lib/python3.11/site-packages/airflow/example_dags/example_datasets.py
[2023-10-19T22:46:08.808+0200] {logging_mixin.py:151} INFO - [2023-10-19T22:46:08.808+0200] {dag.py:2915} INFO - Sync 6 DAGs
[2023-10-19T22:46:08.813+0200] {logging_mixin.py:151} INFO - [2023-10-19T22:46:08.813+0200] {dag.py:3696} INFO - Setting next_dagrun for dataset_consumes_1 to None, run_after=None
[2023-10-19T22:46:08.814+0200] {logging_mixin.py:151} INFO - [2023-10-19T22:46:08.814+0200] {dag.py:3696} INFO - Setting next_dagrun for dataset_consumes_1_and_2 to None, run_after=None
[2023-10-19T22:46:08.814+0200] {logging_mixin.py:151} INFO - [2023-10-19T22:46:08.814+0200] {dag.py:3696} INFO - Setting next_dagrun for dataset_consumes_1_never_scheduled to None, run_after=None
[2023-10-19T22:46:08.815+0200] {logging_mixin.py:151} INFO - [2023-10-19T22:46:08.815+0200] {dag.py:3696} INFO - Setting next_dagrun for dataset_consumes_unknown_never_scheduled to None, run_after=None
[2023-10-19T22:46:08.815+0200] {logging_mixin.py:151} INFO - [2023-10-19T22:46:08.815+0200] {dag.py:3696} INFO - Setting next_dagrun for dataset_produces_1 to 2023-10-18T00:00:00+00:00, run_after=2023-10-19T00:00:00+00:00
[2023-10-19T22:46:08.816+0200] {logging_mixin.py:151} INFO - [2023-10-19T22:46:08.816+0200] {dag.py:3696} INFO - Setting next_dagrun for dataset_produces_2 to None, run_after=None
[2023-10-19T22:46:08.824+0200] {processor.py:179} INFO - Processing /Users/nick/Desktop/airflow_dic/venv/lib/python3.11/site-packages/airflow/example_dags/example_datasets.py took 0.090 seconds
[2023-10-19T22:47:17.758+0200] {processor.py:157} INFO - Started process (PID=34161) to work on /Users/nick/Desktop/airflow_dic/venv/lib/python3.11/site-packages/airflow/example_dags/example_datasets.py
[2023-10-19T22:47:17.760+0200] {processor.py:829} INFO - Processing file /Users/nick/Desktop/airflow_dic/venv/lib/python3.11/site-packages/airflow/example_dags/example_datasets.py for tasks to queue
[2023-10-19T22:47:17.761+0200] {logging_mixin.py:151} INFO - [2023-10-19T22:47:17.761+0200] {dagbag.py:539} INFO - Filling up the DagBag from /Users/nick/Desktop/airflow_dic/venv/lib/python3.11/site-packages/airflow/example_dags/example_datasets.py
[2023-10-19T22:47:17.771+0200] {processor.py:839} INFO - DAG(s) dict_keys(['dataset_consumes_1', 'dataset_consumes_1_never_scheduled', 'dataset_consumes_1_and_2', 'dataset_produces_1', 'dataset_produces_2', 'dataset_consumes_unknown_never_scheduled']) retrieved from /Users/nick/Desktop/airflow_dic/venv/lib/python3.11/site-packages/airflow/example_dags/example_datasets.py
[2023-10-19T22:47:17.830+0200] {logging_mixin.py:151} INFO - [2023-10-19T22:47:17.830+0200] {dag.py:2915} INFO - Sync 6 DAGs
[2023-10-19T22:47:17.835+0200] {logging_mixin.py:151} INFO - [2023-10-19T22:47:17.835+0200] {dag.py:3696} INFO - Setting next_dagrun for dataset_consumes_1 to None, run_after=None
[2023-10-19T22:47:17.836+0200] {logging_mixin.py:151} INFO - [2023-10-19T22:47:17.836+0200] {dag.py:3696} INFO - Setting next_dagrun for dataset_consumes_1_and_2 to None, run_after=None
[2023-10-19T22:47:17.836+0200] {logging_mixin.py:151} INFO - [2023-10-19T22:47:17.836+0200] {dag.py:3696} INFO - Setting next_dagrun for dataset_consumes_1_never_scheduled to None, run_after=None
[2023-10-19T22:47:17.837+0200] {logging_mixin.py:151} INFO - [2023-10-19T22:47:17.837+0200] {dag.py:3696} INFO - Setting next_dagrun for dataset_consumes_unknown_never_scheduled to None, run_after=None
[2023-10-19T22:47:17.837+0200] {logging_mixin.py:151} INFO - [2023-10-19T22:47:17.837+0200] {dag.py:3696} INFO - Setting next_dagrun for dataset_produces_1 to 2023-10-18T00:00:00+00:00, run_after=2023-10-19T00:00:00+00:00
[2023-10-19T22:47:17.838+0200] {logging_mixin.py:151} INFO - [2023-10-19T22:47:17.837+0200] {dag.py:3696} INFO - Setting next_dagrun for dataset_produces_2 to None, run_after=None
[2023-10-19T22:47:17.846+0200] {processor.py:179} INFO - Processing /Users/nick/Desktop/airflow_dic/venv/lib/python3.11/site-packages/airflow/example_dags/example_datasets.py took 0.088 seconds
[2023-10-19T22:48:26.743+0200] {processor.py:157} INFO - Started process (PID=34295) to work on /Users/nick/Desktop/airflow_dic/venv/lib/python3.11/site-packages/airflow/example_dags/example_datasets.py
[2023-10-19T22:48:26.745+0200] {processor.py:829} INFO - Processing file /Users/nick/Desktop/airflow_dic/venv/lib/python3.11/site-packages/airflow/example_dags/example_datasets.py for tasks to queue
[2023-10-19T22:48:26.745+0200] {logging_mixin.py:151} INFO - [2023-10-19T22:48:26.745+0200] {dagbag.py:539} INFO - Filling up the DagBag from /Users/nick/Desktop/airflow_dic/venv/lib/python3.11/site-packages/airflow/example_dags/example_datasets.py
[2023-10-19T22:48:26.755+0200] {processor.py:839} INFO - DAG(s) dict_keys(['dataset_consumes_unknown_never_scheduled', 'dataset_consumes_1_never_scheduled', 'dataset_produces_1', 'dataset_consumes_1_and_2', 'dataset_consumes_1', 'dataset_produces_2']) retrieved from /Users/nick/Desktop/airflow_dic/venv/lib/python3.11/site-packages/airflow/example_dags/example_datasets.py
[2023-10-19T22:48:26.814+0200] {logging_mixin.py:151} INFO - [2023-10-19T22:48:26.814+0200] {dag.py:2915} INFO - Sync 6 DAGs
[2023-10-19T22:48:26.820+0200] {logging_mixin.py:151} INFO - [2023-10-19T22:48:26.819+0200] {dag.py:3696} INFO - Setting next_dagrun for dataset_consumes_1 to None, run_after=None
[2023-10-19T22:48:26.821+0200] {logging_mixin.py:151} INFO - [2023-10-19T22:48:26.820+0200] {dag.py:3696} INFO - Setting next_dagrun for dataset_consumes_1_and_2 to None, run_after=None
[2023-10-19T22:48:26.821+0200] {logging_mixin.py:151} INFO - [2023-10-19T22:48:26.821+0200] {dag.py:3696} INFO - Setting next_dagrun for dataset_consumes_1_never_scheduled to None, run_after=None
[2023-10-19T22:48:26.821+0200] {logging_mixin.py:151} INFO - [2023-10-19T22:48:26.821+0200] {dag.py:3696} INFO - Setting next_dagrun for dataset_consumes_unknown_never_scheduled to None, run_after=None
[2023-10-19T22:48:26.822+0200] {logging_mixin.py:151} INFO - [2023-10-19T22:48:26.822+0200] {dag.py:3696} INFO - Setting next_dagrun for dataset_produces_1 to 2023-10-18T00:00:00+00:00, run_after=2023-10-19T00:00:00+00:00
[2023-10-19T22:48:26.822+0200] {logging_mixin.py:151} INFO - [2023-10-19T22:48:26.822+0200] {dag.py:3696} INFO - Setting next_dagrun for dataset_produces_2 to None, run_after=None
[2023-10-19T22:48:26.832+0200] {processor.py:179} INFO - Processing /Users/nick/Desktop/airflow_dic/venv/lib/python3.11/site-packages/airflow/example_dags/example_datasets.py took 0.089 seconds
[2023-10-19T22:49:36.586+0200] {processor.py:157} INFO - Started process (PID=34434) to work on /Users/nick/Desktop/airflow_dic/venv/lib/python3.11/site-packages/airflow/example_dags/example_datasets.py
[2023-10-19T22:49:36.587+0200] {processor.py:829} INFO - Processing file /Users/nick/Desktop/airflow_dic/venv/lib/python3.11/site-packages/airflow/example_dags/example_datasets.py for tasks to queue
[2023-10-19T22:49:36.587+0200] {logging_mixin.py:151} INFO - [2023-10-19T22:49:36.587+0200] {dagbag.py:539} INFO - Filling up the DagBag from /Users/nick/Desktop/airflow_dic/venv/lib/python3.11/site-packages/airflow/example_dags/example_datasets.py
[2023-10-19T22:49:36.598+0200] {processor.py:839} INFO - DAG(s) dict_keys(['dataset_produces_1', 'dataset_consumes_1', 'dataset_produces_2', 'dataset_consumes_unknown_never_scheduled', 'dataset_consumes_1_never_scheduled', 'dataset_consumes_1_and_2']) retrieved from /Users/nick/Desktop/airflow_dic/venv/lib/python3.11/site-packages/airflow/example_dags/example_datasets.py
[2023-10-19T22:49:36.660+0200] {logging_mixin.py:151} INFO - [2023-10-19T22:49:36.660+0200] {dag.py:2915} INFO - Sync 6 DAGs
[2023-10-19T22:49:36.666+0200] {logging_mixin.py:151} INFO - [2023-10-19T22:49:36.666+0200] {dag.py:3696} INFO - Setting next_dagrun for dataset_consumes_1 to None, run_after=None
[2023-10-19T22:49:36.667+0200] {logging_mixin.py:151} INFO - [2023-10-19T22:49:36.667+0200] {dag.py:3696} INFO - Setting next_dagrun for dataset_consumes_1_and_2 to None, run_after=None
[2023-10-19T22:49:36.667+0200] {logging_mixin.py:151} INFO - [2023-10-19T22:49:36.667+0200] {dag.py:3696} INFO - Setting next_dagrun for dataset_consumes_1_never_scheduled to None, run_after=None
[2023-10-19T22:49:36.668+0200] {logging_mixin.py:151} INFO - [2023-10-19T22:49:36.667+0200] {dag.py:3696} INFO - Setting next_dagrun for dataset_consumes_unknown_never_scheduled to None, run_after=None
[2023-10-19T22:49:36.668+0200] {logging_mixin.py:151} INFO - [2023-10-19T22:49:36.668+0200] {dag.py:3696} INFO - Setting next_dagrun for dataset_produces_1 to 2023-10-18T00:00:00+00:00, run_after=2023-10-19T00:00:00+00:00
[2023-10-19T22:49:36.668+0200] {logging_mixin.py:151} INFO - [2023-10-19T22:49:36.668+0200] {dag.py:3696} INFO - Setting next_dagrun for dataset_produces_2 to None, run_after=None
[2023-10-19T22:49:36.678+0200] {processor.py:179} INFO - Processing /Users/nick/Desktop/airflow_dic/venv/lib/python3.11/site-packages/airflow/example_dags/example_datasets.py took 0.092 seconds
[2023-10-19T22:50:44.406+0200] {processor.py:157} INFO - Started process (PID=34556) to work on /Users/nick/Desktop/airflow_dic/venv/lib/python3.11/site-packages/airflow/example_dags/example_datasets.py
[2023-10-19T22:50:44.407+0200] {processor.py:829} INFO - Processing file /Users/nick/Desktop/airflow_dic/venv/lib/python3.11/site-packages/airflow/example_dags/example_datasets.py for tasks to queue
[2023-10-19T22:50:44.408+0200] {logging_mixin.py:151} INFO - [2023-10-19T22:50:44.408+0200] {dagbag.py:539} INFO - Filling up the DagBag from /Users/nick/Desktop/airflow_dic/venv/lib/python3.11/site-packages/airflow/example_dags/example_datasets.py
[2023-10-19T22:50:44.418+0200] {processor.py:839} INFO - DAG(s) dict_keys(['dataset_consumes_1_and_2', 'dataset_consumes_unknown_never_scheduled', 'dataset_produces_1', 'dataset_consumes_1', 'dataset_consumes_1_never_scheduled', 'dataset_produces_2']) retrieved from /Users/nick/Desktop/airflow_dic/venv/lib/python3.11/site-packages/airflow/example_dags/example_datasets.py
[2023-10-19T22:50:44.480+0200] {logging_mixin.py:151} INFO - [2023-10-19T22:50:44.480+0200] {dag.py:2915} INFO - Sync 6 DAGs
[2023-10-19T22:50:44.486+0200] {logging_mixin.py:151} INFO - [2023-10-19T22:50:44.486+0200] {dag.py:3696} INFO - Setting next_dagrun for dataset_consumes_1 to None, run_after=None
[2023-10-19T22:50:44.486+0200] {logging_mixin.py:151} INFO - [2023-10-19T22:50:44.486+0200] {dag.py:3696} INFO - Setting next_dagrun for dataset_consumes_1_and_2 to None, run_after=None
[2023-10-19T22:50:44.487+0200] {logging_mixin.py:151} INFO - [2023-10-19T22:50:44.487+0200] {dag.py:3696} INFO - Setting next_dagrun for dataset_consumes_1_never_scheduled to None, run_after=None
[2023-10-19T22:50:44.487+0200] {logging_mixin.py:151} INFO - [2023-10-19T22:50:44.487+0200] {dag.py:3696} INFO - Setting next_dagrun for dataset_consumes_unknown_never_scheduled to None, run_after=None
[2023-10-19T22:50:44.488+0200] {logging_mixin.py:151} INFO - [2023-10-19T22:50:44.488+0200] {dag.py:3696} INFO - Setting next_dagrun for dataset_produces_1 to 2023-10-18T00:00:00+00:00, run_after=2023-10-19T00:00:00+00:00
[2023-10-19T22:50:44.488+0200] {logging_mixin.py:151} INFO - [2023-10-19T22:50:44.488+0200] {dag.py:3696} INFO - Setting next_dagrun for dataset_produces_2 to None, run_after=None
[2023-10-19T22:50:44.497+0200] {processor.py:179} INFO - Processing /Users/nick/Desktop/airflow_dic/venv/lib/python3.11/site-packages/airflow/example_dags/example_datasets.py took 0.091 seconds
[2023-10-19T22:54:07.229+0200] {processor.py:157} INFO - Started process (PID=34870) to work on /Users/nick/Desktop/airflow_dic/venv/lib/python3.11/site-packages/airflow/example_dags/example_datasets.py
[2023-10-19T22:54:07.231+0200] {processor.py:829} INFO - Processing file /Users/nick/Desktop/airflow_dic/venv/lib/python3.11/site-packages/airflow/example_dags/example_datasets.py for tasks to queue
[2023-10-19T22:54:07.231+0200] {logging_mixin.py:151} INFO - [2023-10-19T22:54:07.231+0200] {dagbag.py:539} INFO - Filling up the DagBag from /Users/nick/Desktop/airflow_dic/venv/lib/python3.11/site-packages/airflow/example_dags/example_datasets.py
[2023-10-19T22:54:07.241+0200] {processor.py:839} INFO - DAG(s) dict_keys(['dataset_consumes_1_never_scheduled', 'dataset_consumes_1', 'dataset_consumes_unknown_never_scheduled', 'dataset_produces_1', 'dataset_consumes_1_and_2', 'dataset_produces_2']) retrieved from /Users/nick/Desktop/airflow_dic/venv/lib/python3.11/site-packages/airflow/example_dags/example_datasets.py
[2023-10-19T22:54:07.300+0200] {logging_mixin.py:151} INFO - [2023-10-19T22:54:07.300+0200] {dag.py:2915} INFO - Sync 6 DAGs
[2023-10-19T22:54:07.306+0200] {logging_mixin.py:151} INFO - [2023-10-19T22:54:07.306+0200] {dag.py:3696} INFO - Setting next_dagrun for dataset_consumes_1 to None, run_after=None
[2023-10-19T22:54:07.306+0200] {logging_mixin.py:151} INFO - [2023-10-19T22:54:07.306+0200] {dag.py:3696} INFO - Setting next_dagrun for dataset_consumes_1_and_2 to None, run_after=None
[2023-10-19T22:54:07.307+0200] {logging_mixin.py:151} INFO - [2023-10-19T22:54:07.307+0200] {dag.py:3696} INFO - Setting next_dagrun for dataset_consumes_1_never_scheduled to None, run_after=None
[2023-10-19T22:54:07.307+0200] {logging_mixin.py:151} INFO - [2023-10-19T22:54:07.307+0200] {dag.py:3696} INFO - Setting next_dagrun for dataset_consumes_unknown_never_scheduled to None, run_after=None
[2023-10-19T22:54:07.308+0200] {logging_mixin.py:151} INFO - [2023-10-19T22:54:07.308+0200] {dag.py:3696} INFO - Setting next_dagrun for dataset_produces_1 to 2023-10-18T00:00:00+00:00, run_after=2023-10-19T00:00:00+00:00
[2023-10-19T22:54:07.308+0200] {logging_mixin.py:151} INFO - [2023-10-19T22:54:07.308+0200] {dag.py:3696} INFO - Setting next_dagrun for dataset_produces_2 to None, run_after=None
[2023-10-19T22:54:07.317+0200] {processor.py:179} INFO - Processing /Users/nick/Desktop/airflow_dic/venv/lib/python3.11/site-packages/airflow/example_dags/example_datasets.py took 0.088 seconds
[2023-10-19T22:55:14.781+0200] {processor.py:157} INFO - Started process (PID=35010) to work on /Users/nick/Desktop/airflow_dic/venv/lib/python3.11/site-packages/airflow/example_dags/example_datasets.py
[2023-10-19T22:55:14.783+0200] {processor.py:829} INFO - Processing file /Users/nick/Desktop/airflow_dic/venv/lib/python3.11/site-packages/airflow/example_dags/example_datasets.py for tasks to queue
[2023-10-19T22:55:14.784+0200] {logging_mixin.py:151} INFO - [2023-10-19T22:55:14.784+0200] {dagbag.py:539} INFO - Filling up the DagBag from /Users/nick/Desktop/airflow_dic/venv/lib/python3.11/site-packages/airflow/example_dags/example_datasets.py
[2023-10-19T22:55:14.795+0200] {processor.py:839} INFO - DAG(s) dict_keys(['dataset_produces_1', 'dataset_produces_2', 'dataset_consumes_unknown_never_scheduled', 'dataset_consumes_1', 'dataset_consumes_1_and_2', 'dataset_consumes_1_never_scheduled']) retrieved from /Users/nick/Desktop/airflow_dic/venv/lib/python3.11/site-packages/airflow/example_dags/example_datasets.py
[2023-10-19T22:55:14.862+0200] {logging_mixin.py:151} INFO - [2023-10-19T22:55:14.862+0200] {dag.py:2915} INFO - Sync 6 DAGs
[2023-10-19T22:55:14.869+0200] {logging_mixin.py:151} INFO - [2023-10-19T22:55:14.869+0200] {dag.py:3696} INFO - Setting next_dagrun for dataset_consumes_1 to None, run_after=None
[2023-10-19T22:55:14.870+0200] {logging_mixin.py:151} INFO - [2023-10-19T22:55:14.870+0200] {dag.py:3696} INFO - Setting next_dagrun for dataset_consumes_1_and_2 to None, run_after=None
[2023-10-19T22:55:14.870+0200] {logging_mixin.py:151} INFO - [2023-10-19T22:55:14.870+0200] {dag.py:3696} INFO - Setting next_dagrun for dataset_consumes_1_never_scheduled to None, run_after=None
[2023-10-19T22:55:14.870+0200] {logging_mixin.py:151} INFO - [2023-10-19T22:55:14.870+0200] {dag.py:3696} INFO - Setting next_dagrun for dataset_consumes_unknown_never_scheduled to None, run_after=None
[2023-10-19T22:55:14.871+0200] {logging_mixin.py:151} INFO - [2023-10-19T22:55:14.871+0200] {dag.py:3696} INFO - Setting next_dagrun for dataset_produces_1 to 2023-10-18T00:00:00+00:00, run_after=2023-10-19T00:00:00+00:00
[2023-10-19T22:55:14.872+0200] {logging_mixin.py:151} INFO - [2023-10-19T22:55:14.871+0200] {dag.py:3696} INFO - Setting next_dagrun for dataset_produces_2 to None, run_after=None
[2023-10-19T22:55:14.882+0200] {processor.py:179} INFO - Processing /Users/nick/Desktop/airflow_dic/venv/lib/python3.11/site-packages/airflow/example_dags/example_datasets.py took 0.101 seconds
[2023-10-19T22:56:22.961+0200] {processor.py:157} INFO - Started process (PID=35144) to work on /Users/nick/Desktop/airflow_dic/venv/lib/python3.11/site-packages/airflow/example_dags/example_datasets.py
[2023-10-19T22:56:22.962+0200] {processor.py:829} INFO - Processing file /Users/nick/Desktop/airflow_dic/venv/lib/python3.11/site-packages/airflow/example_dags/example_datasets.py for tasks to queue
[2023-10-19T22:56:22.962+0200] {logging_mixin.py:151} INFO - [2023-10-19T22:56:22.962+0200] {dagbag.py:539} INFO - Filling up the DagBag from /Users/nick/Desktop/airflow_dic/venv/lib/python3.11/site-packages/airflow/example_dags/example_datasets.py
[2023-10-19T22:56:22.973+0200] {processor.py:839} INFO - DAG(s) dict_keys(['dataset_consumes_1', 'dataset_consumes_1_and_2', 'dataset_produces_2', 'dataset_consumes_unknown_never_scheduled', 'dataset_produces_1', 'dataset_consumes_1_never_scheduled']) retrieved from /Users/nick/Desktop/airflow_dic/venv/lib/python3.11/site-packages/airflow/example_dags/example_datasets.py
[2023-10-19T22:56:23.033+0200] {logging_mixin.py:151} INFO - [2023-10-19T22:56:23.033+0200] {dag.py:2915} INFO - Sync 6 DAGs
[2023-10-19T22:56:23.038+0200] {logging_mixin.py:151} INFO - [2023-10-19T22:56:23.038+0200] {dag.py:3696} INFO - Setting next_dagrun for dataset_consumes_1 to None, run_after=None
[2023-10-19T22:56:23.039+0200] {logging_mixin.py:151} INFO - [2023-10-19T22:56:23.039+0200] {dag.py:3696} INFO - Setting next_dagrun for dataset_consumes_1_and_2 to None, run_after=None
[2023-10-19T22:56:23.039+0200] {logging_mixin.py:151} INFO - [2023-10-19T22:56:23.039+0200] {dag.py:3696} INFO - Setting next_dagrun for dataset_consumes_1_never_scheduled to None, run_after=None
[2023-10-19T22:56:23.040+0200] {logging_mixin.py:151} INFO - [2023-10-19T22:56:23.040+0200] {dag.py:3696} INFO - Setting next_dagrun for dataset_consumes_unknown_never_scheduled to None, run_after=None
[2023-10-19T22:56:23.040+0200] {logging_mixin.py:151} INFO - [2023-10-19T22:56:23.040+0200] {dag.py:3696} INFO - Setting next_dagrun for dataset_produces_1 to 2023-10-18T00:00:00+00:00, run_after=2023-10-19T00:00:00+00:00
[2023-10-19T22:56:23.041+0200] {logging_mixin.py:151} INFO - [2023-10-19T22:56:23.040+0200] {dag.py:3696} INFO - Setting next_dagrun for dataset_produces_2 to None, run_after=None
[2023-10-19T22:56:23.049+0200] {processor.py:179} INFO - Processing /Users/nick/Desktop/airflow_dic/venv/lib/python3.11/site-packages/airflow/example_dags/example_datasets.py took 0.089 seconds
[2023-10-19T22:57:29.323+0200] {processor.py:157} INFO - Started process (PID=35277) to work on /Users/nick/Desktop/airflow_dic/venv/lib/python3.11/site-packages/airflow/example_dags/example_datasets.py
[2023-10-19T22:57:29.324+0200] {processor.py:829} INFO - Processing file /Users/nick/Desktop/airflow_dic/venv/lib/python3.11/site-packages/airflow/example_dags/example_datasets.py for tasks to queue
[2023-10-19T22:57:29.324+0200] {logging_mixin.py:151} INFO - [2023-10-19T22:57:29.324+0200] {dagbag.py:539} INFO - Filling up the DagBag from /Users/nick/Desktop/airflow_dic/venv/lib/python3.11/site-packages/airflow/example_dags/example_datasets.py
[2023-10-19T22:57:29.335+0200] {processor.py:839} INFO - DAG(s) dict_keys(['dataset_consumes_unknown_never_scheduled', 'dataset_consumes_1', 'dataset_consumes_1_never_scheduled', 'dataset_produces_2', 'dataset_consumes_1_and_2', 'dataset_produces_1']) retrieved from /Users/nick/Desktop/airflow_dic/venv/lib/python3.11/site-packages/airflow/example_dags/example_datasets.py
[2023-10-19T22:57:29.394+0200] {logging_mixin.py:151} INFO - [2023-10-19T22:57:29.394+0200] {dag.py:2915} INFO - Sync 6 DAGs
[2023-10-19T22:57:29.399+0200] {logging_mixin.py:151} INFO - [2023-10-19T22:57:29.399+0200] {dag.py:3696} INFO - Setting next_dagrun for dataset_consumes_1 to None, run_after=None
[2023-10-19T22:57:29.400+0200] {logging_mixin.py:151} INFO - [2023-10-19T22:57:29.400+0200] {dag.py:3696} INFO - Setting next_dagrun for dataset_consumes_1_and_2 to None, run_after=None
[2023-10-19T22:57:29.401+0200] {logging_mixin.py:151} INFO - [2023-10-19T22:57:29.401+0200] {dag.py:3696} INFO - Setting next_dagrun for dataset_consumes_1_never_scheduled to None, run_after=None
[2023-10-19T22:57:29.401+0200] {logging_mixin.py:151} INFO - [2023-10-19T22:57:29.401+0200] {dag.py:3696} INFO - Setting next_dagrun for dataset_consumes_unknown_never_scheduled to None, run_after=None
[2023-10-19T22:57:29.401+0200] {logging_mixin.py:151} INFO - [2023-10-19T22:57:29.401+0200] {dag.py:3696} INFO - Setting next_dagrun for dataset_produces_1 to 2023-10-18T00:00:00+00:00, run_after=2023-10-19T00:00:00+00:00
[2023-10-19T22:57:29.402+0200] {logging_mixin.py:151} INFO - [2023-10-19T22:57:29.402+0200] {dag.py:3696} INFO - Setting next_dagrun for dataset_produces_2 to None, run_after=None
[2023-10-19T22:57:29.410+0200] {processor.py:179} INFO - Processing /Users/nick/Desktop/airflow_dic/venv/lib/python3.11/site-packages/airflow/example_dags/example_datasets.py took 0.088 seconds
[2023-10-19T22:58:37.788+0200] {processor.py:157} INFO - Started process (PID=35415) to work on /Users/nick/Desktop/airflow_dic/venv/lib/python3.11/site-packages/airflow/example_dags/example_datasets.py
[2023-10-19T22:58:37.789+0200] {processor.py:829} INFO - Processing file /Users/nick/Desktop/airflow_dic/venv/lib/python3.11/site-packages/airflow/example_dags/example_datasets.py for tasks to queue
[2023-10-19T22:58:37.789+0200] {logging_mixin.py:151} INFO - [2023-10-19T22:58:37.789+0200] {dagbag.py:539} INFO - Filling up the DagBag from /Users/nick/Desktop/airflow_dic/venv/lib/python3.11/site-packages/airflow/example_dags/example_datasets.py
[2023-10-19T22:58:37.800+0200] {processor.py:839} INFO - DAG(s) dict_keys(['dataset_consumes_unknown_never_scheduled', 'dataset_produces_2', 'dataset_produces_1', 'dataset_consumes_1_never_scheduled', 'dataset_consumes_1', 'dataset_consumes_1_and_2']) retrieved from /Users/nick/Desktop/airflow_dic/venv/lib/python3.11/site-packages/airflow/example_dags/example_datasets.py
[2023-10-19T22:58:37.860+0200] {logging_mixin.py:151} INFO - [2023-10-19T22:58:37.860+0200] {dag.py:2915} INFO - Sync 6 DAGs
[2023-10-19T22:58:37.866+0200] {logging_mixin.py:151} INFO - [2023-10-19T22:58:37.865+0200] {dag.py:3696} INFO - Setting next_dagrun for dataset_consumes_1 to None, run_after=None
[2023-10-19T22:58:37.866+0200] {logging_mixin.py:151} INFO - [2023-10-19T22:58:37.866+0200] {dag.py:3696} INFO - Setting next_dagrun for dataset_consumes_1_and_2 to None, run_after=None
[2023-10-19T22:58:37.867+0200] {logging_mixin.py:151} INFO - [2023-10-19T22:58:37.867+0200] {dag.py:3696} INFO - Setting next_dagrun for dataset_consumes_1_never_scheduled to None, run_after=None
[2023-10-19T22:58:37.867+0200] {logging_mixin.py:151} INFO - [2023-10-19T22:58:37.867+0200] {dag.py:3696} INFO - Setting next_dagrun for dataset_consumes_unknown_never_scheduled to None, run_after=None
[2023-10-19T22:58:37.868+0200] {logging_mixin.py:151} INFO - [2023-10-19T22:58:37.868+0200] {dag.py:3696} INFO - Setting next_dagrun for dataset_produces_1 to 2023-10-18T00:00:00+00:00, run_after=2023-10-19T00:00:00+00:00
[2023-10-19T22:58:37.868+0200] {logging_mixin.py:151} INFO - [2023-10-19T22:58:37.868+0200] {dag.py:3696} INFO - Setting next_dagrun for dataset_produces_2 to None, run_after=None
[2023-10-19T22:58:37.876+0200] {processor.py:179} INFO - Processing /Users/nick/Desktop/airflow_dic/venv/lib/python3.11/site-packages/airflow/example_dags/example_datasets.py took 0.089 seconds
