[2023-10-19T22:19:09.593+0200] {processor.py:157} INFO - Started process (PID=28971) to work on /Users/nick/Desktop/airflow_dic/venv/lib/python3.11/site-packages/airflow/example_dags/example_branch_datetime_operator.py
[2023-10-19T22:19:09.594+0200] {processor.py:829} INFO - Processing file /Users/nick/Desktop/airflow_dic/venv/lib/python3.11/site-packages/airflow/example_dags/example_branch_datetime_operator.py for tasks to queue
[2023-10-19T22:19:09.594+0200] {logging_mixin.py:151} INFO - [2023-10-19T22:19:09.594+0200] {dagbag.py:539} INFO - Filling up the DagBag from /Users/nick/Desktop/airflow_dic/venv/lib/python3.11/site-packages/airflow/example_dags/example_branch_datetime_operator.py
[2023-10-19T22:19:09.606+0200] {processor.py:839} INFO - DAG(s) dict_keys(['example_branch_datetime_operator', 'example_branch_datetime_operator_2', 'example_branch_datetime_operator_3']) retrieved from /Users/nick/Desktop/airflow_dic/venv/lib/python3.11/site-packages/airflow/example_dags/example_branch_datetime_operator.py
[2023-10-19T22:19:09.874+0200] {logging_mixin.py:151} INFO - [2023-10-19T22:19:09.874+0200] {manager.py:499} INFO - Created Permission View: %s
[2023-10-19T22:19:09.877+0200] {logging_mixin.py:151} INFO - [2023-10-19T22:19:09.876+0200] {manager.py:499} INFO - Created Permission View: %s
[2023-10-19T22:19:09.878+0200] {logging_mixin.py:151} INFO - [2023-10-19T22:19:09.878+0200] {manager.py:499} INFO - Created Permission View: %s
[2023-10-19T22:19:09.878+0200] {logging_mixin.py:151} INFO - [2023-10-19T22:19:09.878+0200] {security.py:708} INFO - Not syncing DAG-level permissions for DAG 'DAG:example_branch_datetime_operator' as access control is unset.
[2023-10-19T22:19:09.882+0200] {logging_mixin.py:151} INFO - [2023-10-19T22:19:09.882+0200] {manager.py:499} INFO - Created Permission View: %s
[2023-10-19T22:19:09.883+0200] {logging_mixin.py:151} INFO - [2023-10-19T22:19:09.883+0200] {manager.py:499} INFO - Created Permission View: %s
[2023-10-19T22:19:09.885+0200] {logging_mixin.py:151} INFO - [2023-10-19T22:19:09.885+0200] {manager.py:499} INFO - Created Permission View: %s
[2023-10-19T22:19:09.885+0200] {logging_mixin.py:151} INFO - [2023-10-19T22:19:09.885+0200] {security.py:708} INFO - Not syncing DAG-level permissions for DAG 'DAG:example_branch_datetime_operator_2' as access control is unset.
[2023-10-19T22:19:09.888+0200] {logging_mixin.py:151} INFO - [2023-10-19T22:19:09.888+0200] {manager.py:499} INFO - Created Permission View: %s
[2023-10-19T22:19:09.890+0200] {logging_mixin.py:151} INFO - [2023-10-19T22:19:09.890+0200] {manager.py:499} INFO - Created Permission View: %s
[2023-10-19T22:19:09.891+0200] {logging_mixin.py:151} INFO - [2023-10-19T22:19:09.891+0200] {manager.py:499} INFO - Created Permission View: %s
[2023-10-19T22:19:09.892+0200] {logging_mixin.py:151} INFO - [2023-10-19T22:19:09.892+0200] {security.py:708} INFO - Not syncing DAG-level permissions for DAG 'DAG:example_branch_datetime_operator_3' as access control is unset.
[2023-10-19T22:19:09.892+0200] {logging_mixin.py:151} INFO - [2023-10-19T22:19:09.892+0200] {dag.py:2915} INFO - Sync 3 DAGs
[2023-10-19T22:19:09.895+0200] {logging_mixin.py:151} INFO - [2023-10-19T22:19:09.895+0200] {dag.py:2937} INFO - Creating ORM DAG for example_branch_datetime_operator_3
[2023-10-19T22:19:09.895+0200] {logging_mixin.py:151} INFO - [2023-10-19T22:19:09.895+0200] {dag.py:2937} INFO - Creating ORM DAG for example_branch_datetime_operator_2
[2023-10-19T22:19:09.895+0200] {logging_mixin.py:151} INFO - [2023-10-19T22:19:09.895+0200] {dag.py:2937} INFO - Creating ORM DAG for example_branch_datetime_operator
[2023-10-19T22:19:09.898+0200] {logging_mixin.py:151} INFO - [2023-10-19T22:19:09.898+0200] {dag.py:3696} INFO - Setting next_dagrun for example_branch_datetime_operator to 2023-10-18T00:00:00+00:00, run_after=2023-10-19T00:00:00+00:00
[2023-10-19T22:19:09.898+0200] {logging_mixin.py:151} INFO - [2023-10-19T22:19:09.898+0200] {dag.py:3696} INFO - Setting next_dagrun for example_branch_datetime_operator_2 to 2023-10-18T00:00:00+00:00, run_after=2023-10-19T00:00:00+00:00
[2023-10-19T22:19:09.899+0200] {logging_mixin.py:151} INFO - [2023-10-19T22:19:09.899+0200] {dag.py:3696} INFO - Setting next_dagrun for example_branch_datetime_operator_3 to 2023-10-18T00:00:00+00:00, run_after=2023-10-19T00:00:00+00:00
[2023-10-19T22:19:09.904+0200] {processor.py:179} INFO - Processing /Users/nick/Desktop/airflow_dic/venv/lib/python3.11/site-packages/airflow/example_dags/example_branch_datetime_operator.py took 0.311 seconds
[2023-10-19T22:20:24.166+0200] {processor.py:157} INFO - Started process (PID=29110) to work on /Users/nick/Desktop/airflow_dic/venv/lib/python3.11/site-packages/airflow/example_dags/example_branch_datetime_operator.py
[2023-10-19T22:20:24.167+0200] {processor.py:829} INFO - Processing file /Users/nick/Desktop/airflow_dic/venv/lib/python3.11/site-packages/airflow/example_dags/example_branch_datetime_operator.py for tasks to queue
[2023-10-19T22:20:24.167+0200] {logging_mixin.py:151} INFO - [2023-10-19T22:20:24.167+0200] {dagbag.py:539} INFO - Filling up the DagBag from /Users/nick/Desktop/airflow_dic/venv/lib/python3.11/site-packages/airflow/example_dags/example_branch_datetime_operator.py
[2023-10-19T22:20:24.178+0200] {processor.py:839} INFO - DAG(s) dict_keys(['example_branch_datetime_operator_3', 'example_branch_datetime_operator', 'example_branch_datetime_operator_2']) retrieved from /Users/nick/Desktop/airflow_dic/venv/lib/python3.11/site-packages/airflow/example_dags/example_branch_datetime_operator.py
[2023-10-19T22:20:24.235+0200] {logging_mixin.py:151} INFO - [2023-10-19T22:20:24.235+0200] {dag.py:2915} INFO - Sync 3 DAGs
[2023-10-19T22:20:24.240+0200] {logging_mixin.py:151} INFO - [2023-10-19T22:20:24.240+0200] {dag.py:3696} INFO - Setting next_dagrun for example_branch_datetime_operator to 2023-10-18T00:00:00+00:00, run_after=2023-10-19T00:00:00+00:00
[2023-10-19T22:20:24.242+0200] {logging_mixin.py:151} INFO - [2023-10-19T22:20:24.242+0200] {dag.py:3696} INFO - Setting next_dagrun for example_branch_datetime_operator_2 to 2023-10-18T00:00:00+00:00, run_after=2023-10-19T00:00:00+00:00
[2023-10-19T22:20:24.242+0200] {logging_mixin.py:151} INFO - [2023-10-19T22:20:24.242+0200] {dag.py:3696} INFO - Setting next_dagrun for example_branch_datetime_operator_3 to 2023-10-18T00:00:00+00:00, run_after=2023-10-19T00:00:00+00:00
[2023-10-19T22:20:24.248+0200] {processor.py:179} INFO - Processing /Users/nick/Desktop/airflow_dic/venv/lib/python3.11/site-packages/airflow/example_dags/example_branch_datetime_operator.py took 0.083 seconds
[2023-10-19T22:21:29.377+0200] {processor.py:157} INFO - Started process (PID=29244) to work on /Users/nick/Desktop/airflow_dic/venv/lib/python3.11/site-packages/airflow/example_dags/example_branch_datetime_operator.py
[2023-10-19T22:21:29.380+0200] {processor.py:829} INFO - Processing file /Users/nick/Desktop/airflow_dic/venv/lib/python3.11/site-packages/airflow/example_dags/example_branch_datetime_operator.py for tasks to queue
[2023-10-19T22:21:29.380+0200] {logging_mixin.py:151} INFO - [2023-10-19T22:21:29.380+0200] {dagbag.py:539} INFO - Filling up the DagBag from /Users/nick/Desktop/airflow_dic/venv/lib/python3.11/site-packages/airflow/example_dags/example_branch_datetime_operator.py
[2023-10-19T22:21:29.392+0200] {processor.py:839} INFO - DAG(s) dict_keys(['example_branch_datetime_operator', 'example_branch_datetime_operator_2', 'example_branch_datetime_operator_3']) retrieved from /Users/nick/Desktop/airflow_dic/venv/lib/python3.11/site-packages/airflow/example_dags/example_branch_datetime_operator.py
[2023-10-19T22:21:29.452+0200] {logging_mixin.py:151} INFO - [2023-10-19T22:21:29.452+0200] {dag.py:2915} INFO - Sync 3 DAGs
[2023-10-19T22:21:29.458+0200] {logging_mixin.py:151} INFO - [2023-10-19T22:21:29.458+0200] {dag.py:3696} INFO - Setting next_dagrun for example_branch_datetime_operator to 2023-10-18T00:00:00+00:00, run_after=2023-10-19T00:00:00+00:00
[2023-10-19T22:21:29.459+0200] {logging_mixin.py:151} INFO - [2023-10-19T22:21:29.459+0200] {dag.py:3696} INFO - Setting next_dagrun for example_branch_datetime_operator_2 to 2023-10-18T00:00:00+00:00, run_after=2023-10-19T00:00:00+00:00
[2023-10-19T22:21:29.460+0200] {logging_mixin.py:151} INFO - [2023-10-19T22:21:29.460+0200] {dag.py:3696} INFO - Setting next_dagrun for example_branch_datetime_operator_3 to 2023-10-18T00:00:00+00:00, run_after=2023-10-19T00:00:00+00:00
[2023-10-19T22:21:29.466+0200] {processor.py:179} INFO - Processing /Users/nick/Desktop/airflow_dic/venv/lib/python3.11/site-packages/airflow/example_dags/example_branch_datetime_operator.py took 0.089 seconds
[2023-10-19T22:23:50.088+0200] {processor.py:157} INFO - Started process (PID=29528) to work on /Users/nick/Desktop/airflow_dic/venv/lib/python3.11/site-packages/airflow/example_dags/example_branch_datetime_operator.py
[2023-10-19T22:23:50.090+0200] {processor.py:829} INFO - Processing file /Users/nick/Desktop/airflow_dic/venv/lib/python3.11/site-packages/airflow/example_dags/example_branch_datetime_operator.py for tasks to queue
[2023-10-19T22:23:50.090+0200] {logging_mixin.py:151} INFO - [2023-10-19T22:23:50.090+0200] {dagbag.py:539} INFO - Filling up the DagBag from /Users/nick/Desktop/airflow_dic/venv/lib/python3.11/site-packages/airflow/example_dags/example_branch_datetime_operator.py
[2023-10-19T22:23:50.101+0200] {processor.py:839} INFO - DAG(s) dict_keys(['example_branch_datetime_operator', 'example_branch_datetime_operator_2', 'example_branch_datetime_operator_3']) retrieved from /Users/nick/Desktop/airflow_dic/venv/lib/python3.11/site-packages/airflow/example_dags/example_branch_datetime_operator.py
[2023-10-19T22:23:50.158+0200] {logging_mixin.py:151} INFO - [2023-10-19T22:23:50.158+0200] {dag.py:2915} INFO - Sync 3 DAGs
[2023-10-19T22:23:50.164+0200] {logging_mixin.py:151} INFO - [2023-10-19T22:23:50.164+0200] {dag.py:3696} INFO - Setting next_dagrun for example_branch_datetime_operator to 2023-10-18T00:00:00+00:00, run_after=2023-10-19T00:00:00+00:00
[2023-10-19T22:23:50.165+0200] {logging_mixin.py:151} INFO - [2023-10-19T22:23:50.165+0200] {dag.py:3696} INFO - Setting next_dagrun for example_branch_datetime_operator_2 to 2023-10-18T00:00:00+00:00, run_after=2023-10-19T00:00:00+00:00
[2023-10-19T22:23:50.166+0200] {logging_mixin.py:151} INFO - [2023-10-19T22:23:50.166+0200] {dag.py:3696} INFO - Setting next_dagrun for example_branch_datetime_operator_3 to 2023-10-18T00:00:00+00:00, run_after=2023-10-19T00:00:00+00:00
[2023-10-19T22:23:50.171+0200] {processor.py:179} INFO - Processing /Users/nick/Desktop/airflow_dic/venv/lib/python3.11/site-packages/airflow/example_dags/example_branch_datetime_operator.py took 0.084 seconds
[2023-10-19T22:26:02.092+0200] {processor.py:157} INFO - Started process (PID=31670) to work on /Users/nick/Desktop/airflow_dic/venv/lib/python3.11/site-packages/airflow/example_dags/example_branch_datetime_operator.py
[2023-10-19T22:26:02.094+0200] {processor.py:829} INFO - Processing file /Users/nick/Desktop/airflow_dic/venv/lib/python3.11/site-packages/airflow/example_dags/example_branch_datetime_operator.py for tasks to queue
[2023-10-19T22:26:02.094+0200] {logging_mixin.py:151} INFO - [2023-10-19T22:26:02.094+0200] {dagbag.py:539} INFO - Filling up the DagBag from /Users/nick/Desktop/airflow_dic/venv/lib/python3.11/site-packages/airflow/example_dags/example_branch_datetime_operator.py
[2023-10-19T22:26:02.107+0200] {processor.py:839} INFO - DAG(s) dict_keys(['example_branch_datetime_operator_2', 'example_branch_datetime_operator_3', 'example_branch_datetime_operator']) retrieved from /Users/nick/Desktop/airflow_dic/venv/lib/python3.11/site-packages/airflow/example_dags/example_branch_datetime_operator.py
[2023-10-19T22:26:02.411+0200] {logging_mixin.py:151} INFO - [2023-10-19T22:26:02.411+0200] {security.py:708} INFO - Not syncing DAG-level permissions for DAG 'DAG:example_branch_datetime_operator_2' as access control is unset.
[2023-10-19T22:26:02.414+0200] {logging_mixin.py:151} INFO - [2023-10-19T22:26:02.414+0200] {security.py:708} INFO - Not syncing DAG-level permissions for DAG 'DAG:example_branch_datetime_operator_3' as access control is unset.
[2023-10-19T22:26:02.416+0200] {logging_mixin.py:151} INFO - [2023-10-19T22:26:02.416+0200] {security.py:708} INFO - Not syncing DAG-level permissions for DAG 'DAG:example_branch_datetime_operator' as access control is unset.
[2023-10-19T22:26:02.416+0200] {logging_mixin.py:151} INFO - [2023-10-19T22:26:02.416+0200] {dag.py:2915} INFO - Sync 3 DAGs
[2023-10-19T22:26:02.419+0200] {logging_mixin.py:151} INFO - [2023-10-19T22:26:02.419+0200] {dag.py:2937} INFO - Creating ORM DAG for example_branch_datetime_operator_3
[2023-10-19T22:26:02.419+0200] {logging_mixin.py:151} INFO - [2023-10-19T22:26:02.419+0200] {dag.py:2937} INFO - Creating ORM DAG for example_branch_datetime_operator_2
[2023-10-19T22:26:02.419+0200] {logging_mixin.py:151} INFO - [2023-10-19T22:26:02.419+0200] {dag.py:2937} INFO - Creating ORM DAG for example_branch_datetime_operator
[2023-10-19T22:26:02.422+0200] {logging_mixin.py:151} INFO - [2023-10-19T22:26:02.422+0200] {dag.py:3696} INFO - Setting next_dagrun for example_branch_datetime_operator to 2023-10-18T00:00:00+00:00, run_after=2023-10-19T00:00:00+00:00
[2023-10-19T22:26:02.423+0200] {logging_mixin.py:151} INFO - [2023-10-19T22:26:02.423+0200] {dag.py:3696} INFO - Setting next_dagrun for example_branch_datetime_operator_2 to 2023-10-18T00:00:00+00:00, run_after=2023-10-19T00:00:00+00:00
[2023-10-19T22:26:02.423+0200] {logging_mixin.py:151} INFO - [2023-10-19T22:26:02.423+0200] {dag.py:3696} INFO - Setting next_dagrun for example_branch_datetime_operator_3 to 2023-10-18T00:00:00+00:00, run_after=2023-10-19T00:00:00+00:00
[2023-10-19T22:26:02.430+0200] {processor.py:179} INFO - Processing /Users/nick/Desktop/airflow_dic/venv/lib/python3.11/site-packages/airflow/example_dags/example_branch_datetime_operator.py took 0.338 seconds
[2023-10-19T22:28:24.925+0200] {processor.py:157} INFO - Started process (PID=31933) to work on /Users/nick/Desktop/airflow_dic/venv/lib/python3.11/site-packages/airflow/example_dags/example_branch_datetime_operator.py
[2023-10-19T22:28:24.926+0200] {processor.py:829} INFO - Processing file /Users/nick/Desktop/airflow_dic/venv/lib/python3.11/site-packages/airflow/example_dags/example_branch_datetime_operator.py for tasks to queue
[2023-10-19T22:28:24.926+0200] {logging_mixin.py:151} INFO - [2023-10-19T22:28:24.926+0200] {dagbag.py:539} INFO - Filling up the DagBag from /Users/nick/Desktop/airflow_dic/venv/lib/python3.11/site-packages/airflow/example_dags/example_branch_datetime_operator.py
[2023-10-19T22:28:24.937+0200] {processor.py:839} INFO - DAG(s) dict_keys(['example_branch_datetime_operator_2', 'example_branch_datetime_operator', 'example_branch_datetime_operator_3']) retrieved from /Users/nick/Desktop/airflow_dic/venv/lib/python3.11/site-packages/airflow/example_dags/example_branch_datetime_operator.py
[2023-10-19T22:28:25.208+0200] {logging_mixin.py:151} INFO - [2023-10-19T22:28:25.208+0200] {security.py:708} INFO - Not syncing DAG-level permissions for DAG 'DAG:example_branch_datetime_operator_2' as access control is unset.
[2023-10-19T22:28:25.211+0200] {logging_mixin.py:151} INFO - [2023-10-19T22:28:25.211+0200] {security.py:708} INFO - Not syncing DAG-level permissions for DAG 'DAG:example_branch_datetime_operator' as access control is unset.
[2023-10-19T22:28:25.213+0200] {logging_mixin.py:151} INFO - [2023-10-19T22:28:25.213+0200] {security.py:708} INFO - Not syncing DAG-level permissions for DAG 'DAG:example_branch_datetime_operator_3' as access control is unset.
[2023-10-19T22:28:25.213+0200] {logging_mixin.py:151} INFO - [2023-10-19T22:28:25.213+0200] {dag.py:2915} INFO - Sync 3 DAGs
[2023-10-19T22:28:25.216+0200] {logging_mixin.py:151} INFO - [2023-10-19T22:28:25.216+0200] {dag.py:2937} INFO - Creating ORM DAG for example_branch_datetime_operator_3
[2023-10-19T22:28:25.216+0200] {logging_mixin.py:151} INFO - [2023-10-19T22:28:25.216+0200] {dag.py:2937} INFO - Creating ORM DAG for example_branch_datetime_operator_2
[2023-10-19T22:28:25.216+0200] {logging_mixin.py:151} INFO - [2023-10-19T22:28:25.216+0200] {dag.py:2937} INFO - Creating ORM DAG for example_branch_datetime_operator
[2023-10-19T22:28:25.219+0200] {logging_mixin.py:151} INFO - [2023-10-19T22:28:25.219+0200] {dag.py:3696} INFO - Setting next_dagrun for example_branch_datetime_operator to 2023-10-18T00:00:00+00:00, run_after=2023-10-19T00:00:00+00:00
[2023-10-19T22:28:25.219+0200] {logging_mixin.py:151} INFO - [2023-10-19T22:28:25.219+0200] {dag.py:3696} INFO - Setting next_dagrun for example_branch_datetime_operator_2 to 2023-10-18T00:00:00+00:00, run_after=2023-10-19T00:00:00+00:00
[2023-10-19T22:28:25.220+0200] {logging_mixin.py:151} INFO - [2023-10-19T22:28:25.220+0200] {dag.py:3696} INFO - Setting next_dagrun for example_branch_datetime_operator_3 to 2023-10-18T00:00:00+00:00, run_after=2023-10-19T00:00:00+00:00
[2023-10-19T22:28:25.227+0200] {processor.py:179} INFO - Processing /Users/nick/Desktop/airflow_dic/venv/lib/python3.11/site-packages/airflow/example_dags/example_branch_datetime_operator.py took 0.302 seconds
[2023-10-19T22:29:38.336+0200] {processor.py:157} INFO - Started process (PID=32099) to work on /Users/nick/Desktop/airflow_dic/venv/lib/python3.11/site-packages/airflow/example_dags/example_branch_datetime_operator.py
[2023-10-19T22:29:38.337+0200] {processor.py:829} INFO - Processing file /Users/nick/Desktop/airflow_dic/venv/lib/python3.11/site-packages/airflow/example_dags/example_branch_datetime_operator.py for tasks to queue
[2023-10-19T22:29:38.338+0200] {logging_mixin.py:151} INFO - [2023-10-19T22:29:38.337+0200] {dagbag.py:539} INFO - Filling up the DagBag from /Users/nick/Desktop/airflow_dic/venv/lib/python3.11/site-packages/airflow/example_dags/example_branch_datetime_operator.py
[2023-10-19T22:29:38.348+0200] {processor.py:839} INFO - DAG(s) dict_keys(['example_branch_datetime_operator_2', 'example_branch_datetime_operator_3', 'example_branch_datetime_operator']) retrieved from /Users/nick/Desktop/airflow_dic/venv/lib/python3.11/site-packages/airflow/example_dags/example_branch_datetime_operator.py
[2023-10-19T22:29:38.405+0200] {logging_mixin.py:151} INFO - [2023-10-19T22:29:38.405+0200] {dag.py:2915} INFO - Sync 3 DAGs
[2023-10-19T22:29:38.411+0200] {logging_mixin.py:151} INFO - [2023-10-19T22:29:38.411+0200] {dag.py:3696} INFO - Setting next_dagrun for example_branch_datetime_operator to 2023-10-18T00:00:00+00:00, run_after=2023-10-19T00:00:00+00:00
[2023-10-19T22:29:38.412+0200] {logging_mixin.py:151} INFO - [2023-10-19T22:29:38.412+0200] {dag.py:3696} INFO - Setting next_dagrun for example_branch_datetime_operator_2 to 2023-10-18T00:00:00+00:00, run_after=2023-10-19T00:00:00+00:00
[2023-10-19T22:29:38.413+0200] {logging_mixin.py:151} INFO - [2023-10-19T22:29:38.413+0200] {dag.py:3696} INFO - Setting next_dagrun for example_branch_datetime_operator_3 to 2023-10-18T00:00:00+00:00, run_after=2023-10-19T00:00:00+00:00
[2023-10-19T22:29:38.418+0200] {processor.py:179} INFO - Processing /Users/nick/Desktop/airflow_dic/venv/lib/python3.11/site-packages/airflow/example_dags/example_branch_datetime_operator.py took 0.083 seconds
[2023-10-19T22:31:55.434+0200] {processor.py:157} INFO - Started process (PID=32366) to work on /Users/nick/Desktop/airflow_dic/venv/lib/python3.11/site-packages/airflow/example_dags/example_branch_datetime_operator.py
[2023-10-19T22:31:55.436+0200] {processor.py:829} INFO - Processing file /Users/nick/Desktop/airflow_dic/venv/lib/python3.11/site-packages/airflow/example_dags/example_branch_datetime_operator.py for tasks to queue
[2023-10-19T22:31:55.436+0200] {logging_mixin.py:151} INFO - [2023-10-19T22:31:55.436+0200] {dagbag.py:539} INFO - Filling up the DagBag from /Users/nick/Desktop/airflow_dic/venv/lib/python3.11/site-packages/airflow/example_dags/example_branch_datetime_operator.py
[2023-10-19T22:31:55.447+0200] {processor.py:839} INFO - DAG(s) dict_keys(['example_branch_datetime_operator_3', 'example_branch_datetime_operator', 'example_branch_datetime_operator_2']) retrieved from /Users/nick/Desktop/airflow_dic/venv/lib/python3.11/site-packages/airflow/example_dags/example_branch_datetime_operator.py
[2023-10-19T22:31:55.505+0200] {logging_mixin.py:151} INFO - [2023-10-19T22:31:55.505+0200] {dag.py:2915} INFO - Sync 3 DAGs
[2023-10-19T22:31:55.511+0200] {logging_mixin.py:151} INFO - [2023-10-19T22:31:55.511+0200] {dag.py:3696} INFO - Setting next_dagrun for example_branch_datetime_operator to 2023-10-18T00:00:00+00:00, run_after=2023-10-19T00:00:00+00:00
[2023-10-19T22:31:55.512+0200] {logging_mixin.py:151} INFO - [2023-10-19T22:31:55.512+0200] {dag.py:3696} INFO - Setting next_dagrun for example_branch_datetime_operator_2 to 2023-10-18T00:00:00+00:00, run_after=2023-10-19T00:00:00+00:00
[2023-10-19T22:31:55.513+0200] {logging_mixin.py:151} INFO - [2023-10-19T22:31:55.513+0200] {dag.py:3696} INFO - Setting next_dagrun for example_branch_datetime_operator_3 to 2023-10-18T00:00:00+00:00, run_after=2023-10-19T00:00:00+00:00
[2023-10-19T22:31:55.519+0200] {processor.py:179} INFO - Processing /Users/nick/Desktop/airflow_dic/venv/lib/python3.11/site-packages/airflow/example_dags/example_branch_datetime_operator.py took 0.085 seconds
[2023-10-19T22:33:05.400+0200] {processor.py:157} INFO - Started process (PID=32492) to work on /Users/nick/Desktop/airflow_dic/venv/lib/python3.11/site-packages/airflow/example_dags/example_branch_datetime_operator.py
[2023-10-19T22:33:05.401+0200] {processor.py:829} INFO - Processing file /Users/nick/Desktop/airflow_dic/venv/lib/python3.11/site-packages/airflow/example_dags/example_branch_datetime_operator.py for tasks to queue
[2023-10-19T22:33:05.402+0200] {logging_mixin.py:151} INFO - [2023-10-19T22:33:05.401+0200] {dagbag.py:539} INFO - Filling up the DagBag from /Users/nick/Desktop/airflow_dic/venv/lib/python3.11/site-packages/airflow/example_dags/example_branch_datetime_operator.py
[2023-10-19T22:33:05.414+0200] {processor.py:839} INFO - DAG(s) dict_keys(['example_branch_datetime_operator', 'example_branch_datetime_operator_2', 'example_branch_datetime_operator_3']) retrieved from /Users/nick/Desktop/airflow_dic/venv/lib/python3.11/site-packages/airflow/example_dags/example_branch_datetime_operator.py
[2023-10-19T22:33:05.477+0200] {logging_mixin.py:151} INFO - [2023-10-19T22:33:05.477+0200] {dag.py:2915} INFO - Sync 3 DAGs
[2023-10-19T22:33:05.483+0200] {logging_mixin.py:151} INFO - [2023-10-19T22:33:05.483+0200] {dag.py:3696} INFO - Setting next_dagrun for example_branch_datetime_operator to 2023-10-18T00:00:00+00:00, run_after=2023-10-19T00:00:00+00:00
[2023-10-19T22:33:05.484+0200] {logging_mixin.py:151} INFO - [2023-10-19T22:33:05.484+0200] {dag.py:3696} INFO - Setting next_dagrun for example_branch_datetime_operator_2 to 2023-10-18T00:00:00+00:00, run_after=2023-10-19T00:00:00+00:00
[2023-10-19T22:33:05.485+0200] {logging_mixin.py:151} INFO - [2023-10-19T22:33:05.485+0200] {dag.py:3696} INFO - Setting next_dagrun for example_branch_datetime_operator_3 to 2023-10-18T00:00:00+00:00, run_after=2023-10-19T00:00:00+00:00
[2023-10-19T22:33:05.491+0200] {processor.py:179} INFO - Processing /Users/nick/Desktop/airflow_dic/venv/lib/python3.11/site-packages/airflow/example_dags/example_branch_datetime_operator.py took 0.091 seconds
[2023-10-19T22:34:13.971+0200] {processor.py:157} INFO - Started process (PID=32632) to work on /Users/nick/Desktop/airflow_dic/venv/lib/python3.11/site-packages/airflow/example_dags/example_branch_datetime_operator.py
[2023-10-19T22:34:13.974+0200] {processor.py:829} INFO - Processing file /Users/nick/Desktop/airflow_dic/venv/lib/python3.11/site-packages/airflow/example_dags/example_branch_datetime_operator.py for tasks to queue
[2023-10-19T22:34:13.974+0200] {logging_mixin.py:151} INFO - [2023-10-19T22:34:13.974+0200] {dagbag.py:539} INFO - Filling up the DagBag from /Users/nick/Desktop/airflow_dic/venv/lib/python3.11/site-packages/airflow/example_dags/example_branch_datetime_operator.py
[2023-10-19T22:34:13.987+0200] {processor.py:839} INFO - DAG(s) dict_keys(['example_branch_datetime_operator', 'example_branch_datetime_operator_2', 'example_branch_datetime_operator_3']) retrieved from /Users/nick/Desktop/airflow_dic/venv/lib/python3.11/site-packages/airflow/example_dags/example_branch_datetime_operator.py
[2023-10-19T22:34:14.047+0200] {logging_mixin.py:151} INFO - [2023-10-19T22:34:14.046+0200] {dag.py:2915} INFO - Sync 3 DAGs
[2023-10-19T22:34:14.053+0200] {logging_mixin.py:151} INFO - [2023-10-19T22:34:14.053+0200] {dag.py:3696} INFO - Setting next_dagrun for example_branch_datetime_operator to 2023-10-18T00:00:00+00:00, run_after=2023-10-19T00:00:00+00:00
[2023-10-19T22:34:14.054+0200] {logging_mixin.py:151} INFO - [2023-10-19T22:34:14.054+0200] {dag.py:3696} INFO - Setting next_dagrun for example_branch_datetime_operator_2 to 2023-10-18T00:00:00+00:00, run_after=2023-10-19T00:00:00+00:00
[2023-10-19T22:34:14.055+0200] {logging_mixin.py:151} INFO - [2023-10-19T22:34:14.055+0200] {dag.py:3696} INFO - Setting next_dagrun for example_branch_datetime_operator_3 to 2023-10-18T00:00:00+00:00, run_after=2023-10-19T00:00:00+00:00
[2023-10-19T22:34:14.061+0200] {processor.py:179} INFO - Processing /Users/nick/Desktop/airflow_dic/venv/lib/python3.11/site-packages/airflow/example_dags/example_branch_datetime_operator.py took 0.089 seconds
[2023-10-19T22:35:22.025+0200] {processor.py:157} INFO - Started process (PID=32801) to work on /Users/nick/Desktop/airflow_dic/venv/lib/python3.11/site-packages/airflow/example_dags/example_branch_datetime_operator.py
[2023-10-19T22:35:22.027+0200] {processor.py:829} INFO - Processing file /Users/nick/Desktop/airflow_dic/venv/lib/python3.11/site-packages/airflow/example_dags/example_branch_datetime_operator.py for tasks to queue
[2023-10-19T22:35:22.027+0200] {logging_mixin.py:151} INFO - [2023-10-19T22:35:22.027+0200] {dagbag.py:539} INFO - Filling up the DagBag from /Users/nick/Desktop/airflow_dic/venv/lib/python3.11/site-packages/airflow/example_dags/example_branch_datetime_operator.py
[2023-10-19T22:35:22.039+0200] {processor.py:839} INFO - DAG(s) dict_keys(['example_branch_datetime_operator_2', 'example_branch_datetime_operator_3', 'example_branch_datetime_operator']) retrieved from /Users/nick/Desktop/airflow_dic/venv/lib/python3.11/site-packages/airflow/example_dags/example_branch_datetime_operator.py
[2023-10-19T22:35:22.096+0200] {logging_mixin.py:151} INFO - [2023-10-19T22:35:22.096+0200] {dag.py:2915} INFO - Sync 3 DAGs
[2023-10-19T22:35:22.102+0200] {logging_mixin.py:151} INFO - [2023-10-19T22:35:22.102+0200] {dag.py:3696} INFO - Setting next_dagrun for example_branch_datetime_operator to 2023-10-18T00:00:00+00:00, run_after=2023-10-19T00:00:00+00:00
[2023-10-19T22:35:22.103+0200] {logging_mixin.py:151} INFO - [2023-10-19T22:35:22.103+0200] {dag.py:3696} INFO - Setting next_dagrun for example_branch_datetime_operator_2 to 2023-10-18T00:00:00+00:00, run_after=2023-10-19T00:00:00+00:00
[2023-10-19T22:35:22.104+0200] {logging_mixin.py:151} INFO - [2023-10-19T22:35:22.104+0200] {dag.py:3696} INFO - Setting next_dagrun for example_branch_datetime_operator_3 to 2023-10-18T00:00:00+00:00, run_after=2023-10-19T00:00:00+00:00
[2023-10-19T22:35:22.109+0200] {processor.py:179} INFO - Processing /Users/nick/Desktop/airflow_dic/venv/lib/python3.11/site-packages/airflow/example_dags/example_branch_datetime_operator.py took 0.085 seconds
[2023-10-19T22:36:31.887+0200] {processor.py:157} INFO - Started process (PID=32934) to work on /Users/nick/Desktop/airflow_dic/venv/lib/python3.11/site-packages/airflow/example_dags/example_branch_datetime_operator.py
[2023-10-19T22:36:31.889+0200] {processor.py:829} INFO - Processing file /Users/nick/Desktop/airflow_dic/venv/lib/python3.11/site-packages/airflow/example_dags/example_branch_datetime_operator.py for tasks to queue
[2023-10-19T22:36:31.889+0200] {logging_mixin.py:151} INFO - [2023-10-19T22:36:31.889+0200] {dagbag.py:539} INFO - Filling up the DagBag from /Users/nick/Desktop/airflow_dic/venv/lib/python3.11/site-packages/airflow/example_dags/example_branch_datetime_operator.py
[2023-10-19T22:36:31.900+0200] {processor.py:839} INFO - DAG(s) dict_keys(['example_branch_datetime_operator_2', 'example_branch_datetime_operator', 'example_branch_datetime_operator_3']) retrieved from /Users/nick/Desktop/airflow_dic/venv/lib/python3.11/site-packages/airflow/example_dags/example_branch_datetime_operator.py
[2023-10-19T22:36:31.957+0200] {logging_mixin.py:151} INFO - [2023-10-19T22:36:31.957+0200] {dag.py:2915} INFO - Sync 3 DAGs
[2023-10-19T22:36:31.963+0200] {logging_mixin.py:151} INFO - [2023-10-19T22:36:31.963+0200] {dag.py:3696} INFO - Setting next_dagrun for example_branch_datetime_operator to 2023-10-18T00:00:00+00:00, run_after=2023-10-19T00:00:00+00:00
[2023-10-19T22:36:31.964+0200] {logging_mixin.py:151} INFO - [2023-10-19T22:36:31.964+0200] {dag.py:3696} INFO - Setting next_dagrun for example_branch_datetime_operator_2 to 2023-10-18T00:00:00+00:00, run_after=2023-10-19T00:00:00+00:00
[2023-10-19T22:36:31.965+0200] {logging_mixin.py:151} INFO - [2023-10-19T22:36:31.965+0200] {dag.py:3696} INFO - Setting next_dagrun for example_branch_datetime_operator_3 to 2023-10-18T00:00:00+00:00, run_after=2023-10-19T00:00:00+00:00
[2023-10-19T22:36:31.970+0200] {processor.py:179} INFO - Processing /Users/nick/Desktop/airflow_dic/venv/lib/python3.11/site-packages/airflow/example_dags/example_branch_datetime_operator.py took 0.083 seconds
[2023-10-19T22:37:39.896+0200] {processor.py:157} INFO - Started process (PID=33059) to work on /Users/nick/Desktop/airflow_dic/venv/lib/python3.11/site-packages/airflow/example_dags/example_branch_datetime_operator.py
[2023-10-19T22:37:39.898+0200] {processor.py:829} INFO - Processing file /Users/nick/Desktop/airflow_dic/venv/lib/python3.11/site-packages/airflow/example_dags/example_branch_datetime_operator.py for tasks to queue
[2023-10-19T22:37:39.898+0200] {logging_mixin.py:151} INFO - [2023-10-19T22:37:39.898+0200] {dagbag.py:539} INFO - Filling up the DagBag from /Users/nick/Desktop/airflow_dic/venv/lib/python3.11/site-packages/airflow/example_dags/example_branch_datetime_operator.py
[2023-10-19T22:37:39.909+0200] {processor.py:839} INFO - DAG(s) dict_keys(['example_branch_datetime_operator', 'example_branch_datetime_operator_3', 'example_branch_datetime_operator_2']) retrieved from /Users/nick/Desktop/airflow_dic/venv/lib/python3.11/site-packages/airflow/example_dags/example_branch_datetime_operator.py
[2023-10-19T22:37:39.966+0200] {logging_mixin.py:151} INFO - [2023-10-19T22:37:39.966+0200] {dag.py:2915} INFO - Sync 3 DAGs
[2023-10-19T22:37:39.971+0200] {logging_mixin.py:151} INFO - [2023-10-19T22:37:39.971+0200] {dag.py:3696} INFO - Setting next_dagrun for example_branch_datetime_operator to 2023-10-18T00:00:00+00:00, run_after=2023-10-19T00:00:00+00:00
[2023-10-19T22:37:39.973+0200] {logging_mixin.py:151} INFO - [2023-10-19T22:37:39.973+0200] {dag.py:3696} INFO - Setting next_dagrun for example_branch_datetime_operator_2 to 2023-10-18T00:00:00+00:00, run_after=2023-10-19T00:00:00+00:00
[2023-10-19T22:37:39.973+0200] {logging_mixin.py:151} INFO - [2023-10-19T22:37:39.973+0200] {dag.py:3696} INFO - Setting next_dagrun for example_branch_datetime_operator_3 to 2023-10-18T00:00:00+00:00, run_after=2023-10-19T00:00:00+00:00
[2023-10-19T22:37:39.979+0200] {processor.py:179} INFO - Processing /Users/nick/Desktop/airflow_dic/venv/lib/python3.11/site-packages/airflow/example_dags/example_branch_datetime_operator.py took 0.083 seconds
[2023-10-19T22:38:47.858+0200] {processor.py:157} INFO - Started process (PID=33185) to work on /Users/nick/Desktop/airflow_dic/venv/lib/python3.11/site-packages/airflow/example_dags/example_branch_datetime_operator.py
[2023-10-19T22:38:47.860+0200] {processor.py:829} INFO - Processing file /Users/nick/Desktop/airflow_dic/venv/lib/python3.11/site-packages/airflow/example_dags/example_branch_datetime_operator.py for tasks to queue
[2023-10-19T22:38:47.860+0200] {logging_mixin.py:151} INFO - [2023-10-19T22:38:47.860+0200] {dagbag.py:539} INFO - Filling up the DagBag from /Users/nick/Desktop/airflow_dic/venv/lib/python3.11/site-packages/airflow/example_dags/example_branch_datetime_operator.py
[2023-10-19T22:38:47.872+0200] {processor.py:839} INFO - DAG(s) dict_keys(['example_branch_datetime_operator', 'example_branch_datetime_operator_2', 'example_branch_datetime_operator_3']) retrieved from /Users/nick/Desktop/airflow_dic/venv/lib/python3.11/site-packages/airflow/example_dags/example_branch_datetime_operator.py
[2023-10-19T22:38:47.932+0200] {logging_mixin.py:151} INFO - [2023-10-19T22:38:47.932+0200] {dag.py:2915} INFO - Sync 3 DAGs
[2023-10-19T22:38:47.938+0200] {logging_mixin.py:151} INFO - [2023-10-19T22:38:47.938+0200] {dag.py:3696} INFO - Setting next_dagrun for example_branch_datetime_operator to 2023-10-18T00:00:00+00:00, run_after=2023-10-19T00:00:00+00:00
[2023-10-19T22:38:47.940+0200] {logging_mixin.py:151} INFO - [2023-10-19T22:38:47.940+0200] {dag.py:3696} INFO - Setting next_dagrun for example_branch_datetime_operator_2 to 2023-10-18T00:00:00+00:00, run_after=2023-10-19T00:00:00+00:00
[2023-10-19T22:38:47.940+0200] {logging_mixin.py:151} INFO - [2023-10-19T22:38:47.940+0200] {dag.py:3696} INFO - Setting next_dagrun for example_branch_datetime_operator_3 to 2023-10-18T00:00:00+00:00, run_after=2023-10-19T00:00:00+00:00
[2023-10-19T22:38:47.946+0200] {processor.py:179} INFO - Processing /Users/nick/Desktop/airflow_dic/venv/lib/python3.11/site-packages/airflow/example_dags/example_branch_datetime_operator.py took 0.088 seconds
[2023-10-19T22:39:53.507+0200] {processor.py:157} INFO - Started process (PID=33313) to work on /Users/nick/Desktop/airflow_dic/venv/lib/python3.11/site-packages/airflow/example_dags/example_branch_datetime_operator.py
[2023-10-19T22:39:53.508+0200] {processor.py:829} INFO - Processing file /Users/nick/Desktop/airflow_dic/venv/lib/python3.11/site-packages/airflow/example_dags/example_branch_datetime_operator.py for tasks to queue
[2023-10-19T22:39:53.508+0200] {logging_mixin.py:151} INFO - [2023-10-19T22:39:53.508+0200] {dagbag.py:539} INFO - Filling up the DagBag from /Users/nick/Desktop/airflow_dic/venv/lib/python3.11/site-packages/airflow/example_dags/example_branch_datetime_operator.py
[2023-10-19T22:39:53.519+0200] {processor.py:839} INFO - DAG(s) dict_keys(['example_branch_datetime_operator_2', 'example_branch_datetime_operator_3', 'example_branch_datetime_operator']) retrieved from /Users/nick/Desktop/airflow_dic/venv/lib/python3.11/site-packages/airflow/example_dags/example_branch_datetime_operator.py
[2023-10-19T22:39:53.576+0200] {logging_mixin.py:151} INFO - [2023-10-19T22:39:53.576+0200] {dag.py:2915} INFO - Sync 3 DAGs
[2023-10-19T22:39:53.582+0200] {logging_mixin.py:151} INFO - [2023-10-19T22:39:53.582+0200] {dag.py:3696} INFO - Setting next_dagrun for example_branch_datetime_operator to 2023-10-18T00:00:00+00:00, run_after=2023-10-19T00:00:00+00:00
[2023-10-19T22:39:53.583+0200] {logging_mixin.py:151} INFO - [2023-10-19T22:39:53.583+0200] {dag.py:3696} INFO - Setting next_dagrun for example_branch_datetime_operator_2 to 2023-10-18T00:00:00+00:00, run_after=2023-10-19T00:00:00+00:00
[2023-10-19T22:39:53.584+0200] {logging_mixin.py:151} INFO - [2023-10-19T22:39:53.584+0200] {dag.py:3696} INFO - Setting next_dagrun for example_branch_datetime_operator_3 to 2023-10-18T00:00:00+00:00, run_after=2023-10-19T00:00:00+00:00
[2023-10-19T22:39:53.589+0200] {processor.py:179} INFO - Processing /Users/nick/Desktop/airflow_dic/venv/lib/python3.11/site-packages/airflow/example_dags/example_branch_datetime_operator.py took 0.083 seconds
[2023-10-19T22:41:02.237+0200] {processor.py:157} INFO - Started process (PID=33438) to work on /Users/nick/Desktop/airflow_dic/venv/lib/python3.11/site-packages/airflow/example_dags/example_branch_datetime_operator.py
[2023-10-19T22:41:02.238+0200] {processor.py:829} INFO - Processing file /Users/nick/Desktop/airflow_dic/venv/lib/python3.11/site-packages/airflow/example_dags/example_branch_datetime_operator.py for tasks to queue
[2023-10-19T22:41:02.238+0200] {logging_mixin.py:151} INFO - [2023-10-19T22:41:02.238+0200] {dagbag.py:539} INFO - Filling up the DagBag from /Users/nick/Desktop/airflow_dic/venv/lib/python3.11/site-packages/airflow/example_dags/example_branch_datetime_operator.py
[2023-10-19T22:41:02.250+0200] {processor.py:839} INFO - DAG(s) dict_keys(['example_branch_datetime_operator', 'example_branch_datetime_operator_2', 'example_branch_datetime_operator_3']) retrieved from /Users/nick/Desktop/airflow_dic/venv/lib/python3.11/site-packages/airflow/example_dags/example_branch_datetime_operator.py
[2023-10-19T22:41:02.309+0200] {logging_mixin.py:151} INFO - [2023-10-19T22:41:02.308+0200] {dag.py:2915} INFO - Sync 3 DAGs
[2023-10-19T22:41:02.314+0200] {logging_mixin.py:151} INFO - [2023-10-19T22:41:02.314+0200] {dag.py:3696} INFO - Setting next_dagrun for example_branch_datetime_operator to 2023-10-18T00:00:00+00:00, run_after=2023-10-19T00:00:00+00:00
[2023-10-19T22:41:02.316+0200] {logging_mixin.py:151} INFO - [2023-10-19T22:41:02.316+0200] {dag.py:3696} INFO - Setting next_dagrun for example_branch_datetime_operator_2 to 2023-10-18T00:00:00+00:00, run_after=2023-10-19T00:00:00+00:00
[2023-10-19T22:41:02.316+0200] {logging_mixin.py:151} INFO - [2023-10-19T22:41:02.316+0200] {dag.py:3696} INFO - Setting next_dagrun for example_branch_datetime_operator_3 to 2023-10-18T00:00:00+00:00, run_after=2023-10-19T00:00:00+00:00
[2023-10-19T22:41:02.322+0200] {processor.py:179} INFO - Processing /Users/nick/Desktop/airflow_dic/venv/lib/python3.11/site-packages/airflow/example_dags/example_branch_datetime_operator.py took 0.086 seconds
[2023-10-19T22:42:12.854+0200] {processor.py:157} INFO - Started process (PID=33568) to work on /Users/nick/Desktop/airflow_dic/venv/lib/python3.11/site-packages/airflow/example_dags/example_branch_datetime_operator.py
[2023-10-19T22:42:12.856+0200] {processor.py:829} INFO - Processing file /Users/nick/Desktop/airflow_dic/venv/lib/python3.11/site-packages/airflow/example_dags/example_branch_datetime_operator.py for tasks to queue
[2023-10-19T22:42:12.856+0200] {logging_mixin.py:151} INFO - [2023-10-19T22:42:12.856+0200] {dagbag.py:539} INFO - Filling up the DagBag from /Users/nick/Desktop/airflow_dic/venv/lib/python3.11/site-packages/airflow/example_dags/example_branch_datetime_operator.py
[2023-10-19T22:42:12.869+0200] {processor.py:839} INFO - DAG(s) dict_keys(['example_branch_datetime_operator', 'example_branch_datetime_operator_3', 'example_branch_datetime_operator_2']) retrieved from /Users/nick/Desktop/airflow_dic/venv/lib/python3.11/site-packages/airflow/example_dags/example_branch_datetime_operator.py
[2023-10-19T22:42:12.932+0200] {logging_mixin.py:151} INFO - [2023-10-19T22:42:12.932+0200] {dag.py:2915} INFO - Sync 3 DAGs
[2023-10-19T22:42:12.939+0200] {logging_mixin.py:151} INFO - [2023-10-19T22:42:12.938+0200] {dag.py:3696} INFO - Setting next_dagrun for example_branch_datetime_operator to 2023-10-18T00:00:00+00:00, run_after=2023-10-19T00:00:00+00:00
[2023-10-19T22:42:12.940+0200] {logging_mixin.py:151} INFO - [2023-10-19T22:42:12.940+0200] {dag.py:3696} INFO - Setting next_dagrun for example_branch_datetime_operator_2 to 2023-10-18T00:00:00+00:00, run_after=2023-10-19T00:00:00+00:00
[2023-10-19T22:42:12.941+0200] {logging_mixin.py:151} INFO - [2023-10-19T22:42:12.941+0200] {dag.py:3696} INFO - Setting next_dagrun for example_branch_datetime_operator_3 to 2023-10-18T00:00:00+00:00, run_after=2023-10-19T00:00:00+00:00
[2023-10-19T22:42:12.947+0200] {processor.py:179} INFO - Processing /Users/nick/Desktop/airflow_dic/venv/lib/python3.11/site-packages/airflow/example_dags/example_branch_datetime_operator.py took 0.093 seconds
[2023-10-19T22:43:22.415+0200] {processor.py:157} INFO - Started process (PID=33696) to work on /Users/nick/Desktop/airflow_dic/venv/lib/python3.11/site-packages/airflow/example_dags/example_branch_datetime_operator.py
[2023-10-19T22:43:22.416+0200] {processor.py:829} INFO - Processing file /Users/nick/Desktop/airflow_dic/venv/lib/python3.11/site-packages/airflow/example_dags/example_branch_datetime_operator.py for tasks to queue
[2023-10-19T22:43:22.416+0200] {logging_mixin.py:151} INFO - [2023-10-19T22:43:22.416+0200] {dagbag.py:539} INFO - Filling up the DagBag from /Users/nick/Desktop/airflow_dic/venv/lib/python3.11/site-packages/airflow/example_dags/example_branch_datetime_operator.py
[2023-10-19T22:43:22.427+0200] {processor.py:839} INFO - DAG(s) dict_keys(['example_branch_datetime_operator', 'example_branch_datetime_operator_3', 'example_branch_datetime_operator_2']) retrieved from /Users/nick/Desktop/airflow_dic/venv/lib/python3.11/site-packages/airflow/example_dags/example_branch_datetime_operator.py
[2023-10-19T22:43:22.484+0200] {logging_mixin.py:151} INFO - [2023-10-19T22:43:22.484+0200] {dag.py:2915} INFO - Sync 3 DAGs
[2023-10-19T22:43:22.490+0200] {logging_mixin.py:151} INFO - [2023-10-19T22:43:22.490+0200] {dag.py:3696} INFO - Setting next_dagrun for example_branch_datetime_operator to 2023-10-18T00:00:00+00:00, run_after=2023-10-19T00:00:00+00:00
[2023-10-19T22:43:22.491+0200] {logging_mixin.py:151} INFO - [2023-10-19T22:43:22.491+0200] {dag.py:3696} INFO - Setting next_dagrun for example_branch_datetime_operator_2 to 2023-10-18T00:00:00+00:00, run_after=2023-10-19T00:00:00+00:00
[2023-10-19T22:43:22.492+0200] {logging_mixin.py:151} INFO - [2023-10-19T22:43:22.492+0200] {dag.py:3696} INFO - Setting next_dagrun for example_branch_datetime_operator_3 to 2023-10-18T00:00:00+00:00, run_after=2023-10-19T00:00:00+00:00
[2023-10-19T22:43:22.498+0200] {processor.py:179} INFO - Processing /Users/nick/Desktop/airflow_dic/venv/lib/python3.11/site-packages/airflow/example_dags/example_branch_datetime_operator.py took 0.084 seconds
[2023-10-19T22:44:32.392+0200] {processor.py:157} INFO - Started process (PID=33832) to work on /Users/nick/Desktop/airflow_dic/venv/lib/python3.11/site-packages/airflow/example_dags/example_branch_datetime_operator.py
[2023-10-19T22:44:32.393+0200] {processor.py:829} INFO - Processing file /Users/nick/Desktop/airflow_dic/venv/lib/python3.11/site-packages/airflow/example_dags/example_branch_datetime_operator.py for tasks to queue
[2023-10-19T22:44:32.393+0200] {logging_mixin.py:151} INFO - [2023-10-19T22:44:32.393+0200] {dagbag.py:539} INFO - Filling up the DagBag from /Users/nick/Desktop/airflow_dic/venv/lib/python3.11/site-packages/airflow/example_dags/example_branch_datetime_operator.py
[2023-10-19T22:44:32.406+0200] {processor.py:839} INFO - DAG(s) dict_keys(['example_branch_datetime_operator_2', 'example_branch_datetime_operator_3', 'example_branch_datetime_operator']) retrieved from /Users/nick/Desktop/airflow_dic/venv/lib/python3.11/site-packages/airflow/example_dags/example_branch_datetime_operator.py
[2023-10-19T22:44:32.467+0200] {logging_mixin.py:151} INFO - [2023-10-19T22:44:32.467+0200] {dag.py:2915} INFO - Sync 3 DAGs
[2023-10-19T22:44:32.473+0200] {logging_mixin.py:151} INFO - [2023-10-19T22:44:32.473+0200] {dag.py:3696} INFO - Setting next_dagrun for example_branch_datetime_operator to 2023-10-18T00:00:00+00:00, run_after=2023-10-19T00:00:00+00:00
[2023-10-19T22:44:32.474+0200] {logging_mixin.py:151} INFO - [2023-10-19T22:44:32.474+0200] {dag.py:3696} INFO - Setting next_dagrun for example_branch_datetime_operator_2 to 2023-10-18T00:00:00+00:00, run_after=2023-10-19T00:00:00+00:00
[2023-10-19T22:44:32.475+0200] {logging_mixin.py:151} INFO - [2023-10-19T22:44:32.475+0200] {dag.py:3696} INFO - Setting next_dagrun for example_branch_datetime_operator_3 to 2023-10-18T00:00:00+00:00, run_after=2023-10-19T00:00:00+00:00
[2023-10-19T22:44:32.481+0200] {processor.py:179} INFO - Processing /Users/nick/Desktop/airflow_dic/venv/lib/python3.11/site-packages/airflow/example_dags/example_branch_datetime_operator.py took 0.089 seconds
[2023-10-19T22:46:20.324+0200] {processor.py:157} INFO - Started process (PID=34054) to work on /Users/nick/Desktop/airflow_dic/venv/lib/python3.11/site-packages/airflow/example_dags/example_branch_datetime_operator.py
[2023-10-19T22:46:20.326+0200] {processor.py:829} INFO - Processing file /Users/nick/Desktop/airflow_dic/venv/lib/python3.11/site-packages/airflow/example_dags/example_branch_datetime_operator.py for tasks to queue
[2023-10-19T22:46:20.326+0200] {logging_mixin.py:151} INFO - [2023-10-19T22:46:20.326+0200] {dagbag.py:539} INFO - Filling up the DagBag from /Users/nick/Desktop/airflow_dic/venv/lib/python3.11/site-packages/airflow/example_dags/example_branch_datetime_operator.py
[2023-10-19T22:46:20.337+0200] {processor.py:839} INFO - DAG(s) dict_keys(['example_branch_datetime_operator_3', 'example_branch_datetime_operator_2', 'example_branch_datetime_operator']) retrieved from /Users/nick/Desktop/airflow_dic/venv/lib/python3.11/site-packages/airflow/example_dags/example_branch_datetime_operator.py
[2023-10-19T22:46:20.394+0200] {logging_mixin.py:151} INFO - [2023-10-19T22:46:20.394+0200] {dag.py:2915} INFO - Sync 3 DAGs
[2023-10-19T22:46:20.400+0200] {logging_mixin.py:151} INFO - [2023-10-19T22:46:20.400+0200] {dag.py:3696} INFO - Setting next_dagrun for example_branch_datetime_operator to 2023-10-18T00:00:00+00:00, run_after=2023-10-19T00:00:00+00:00
[2023-10-19T22:46:20.401+0200] {logging_mixin.py:151} INFO - [2023-10-19T22:46:20.401+0200] {dag.py:3696} INFO - Setting next_dagrun for example_branch_datetime_operator_2 to 2023-10-18T00:00:00+00:00, run_after=2023-10-19T00:00:00+00:00
[2023-10-19T22:46:20.402+0200] {logging_mixin.py:151} INFO - [2023-10-19T22:46:20.402+0200] {dag.py:3696} INFO - Setting next_dagrun for example_branch_datetime_operator_3 to 2023-10-18T00:00:00+00:00, run_after=2023-10-19T00:00:00+00:00
[2023-10-19T22:46:20.407+0200] {processor.py:179} INFO - Processing /Users/nick/Desktop/airflow_dic/venv/lib/python3.11/site-packages/airflow/example_dags/example_branch_datetime_operator.py took 0.083 seconds
[2023-10-19T22:47:30.024+0200] {processor.py:157} INFO - Started process (PID=34183) to work on /Users/nick/Desktop/airflow_dic/venv/lib/python3.11/site-packages/airflow/example_dags/example_branch_datetime_operator.py
[2023-10-19T22:47:30.027+0200] {processor.py:829} INFO - Processing file /Users/nick/Desktop/airflow_dic/venv/lib/python3.11/site-packages/airflow/example_dags/example_branch_datetime_operator.py for tasks to queue
[2023-10-19T22:47:30.027+0200] {logging_mixin.py:151} INFO - [2023-10-19T22:47:30.027+0200] {dagbag.py:539} INFO - Filling up the DagBag from /Users/nick/Desktop/airflow_dic/venv/lib/python3.11/site-packages/airflow/example_dags/example_branch_datetime_operator.py
[2023-10-19T22:47:30.038+0200] {processor.py:839} INFO - DAG(s) dict_keys(['example_branch_datetime_operator_3', 'example_branch_datetime_operator', 'example_branch_datetime_operator_2']) retrieved from /Users/nick/Desktop/airflow_dic/venv/lib/python3.11/site-packages/airflow/example_dags/example_branch_datetime_operator.py
[2023-10-19T22:47:30.094+0200] {logging_mixin.py:151} INFO - [2023-10-19T22:47:30.094+0200] {dag.py:2915} INFO - Sync 3 DAGs
[2023-10-19T22:47:30.100+0200] {logging_mixin.py:151} INFO - [2023-10-19T22:47:30.100+0200] {dag.py:3696} INFO - Setting next_dagrun for example_branch_datetime_operator to 2023-10-18T00:00:00+00:00, run_after=2023-10-19T00:00:00+00:00
[2023-10-19T22:47:30.101+0200] {logging_mixin.py:151} INFO - [2023-10-19T22:47:30.101+0200] {dag.py:3696} INFO - Setting next_dagrun for example_branch_datetime_operator_2 to 2023-10-18T00:00:00+00:00, run_after=2023-10-19T00:00:00+00:00
[2023-10-19T22:47:30.102+0200] {logging_mixin.py:151} INFO - [2023-10-19T22:47:30.102+0200] {dag.py:3696} INFO - Setting next_dagrun for example_branch_datetime_operator_3 to 2023-10-18T00:00:00+00:00, run_after=2023-10-19T00:00:00+00:00
[2023-10-19T22:47:30.107+0200] {processor.py:179} INFO - Processing /Users/nick/Desktop/airflow_dic/venv/lib/python3.11/site-packages/airflow/example_dags/example_branch_datetime_operator.py took 0.083 seconds
[2023-10-19T22:48:37.487+0200] {processor.py:157} INFO - Started process (PID=34315) to work on /Users/nick/Desktop/airflow_dic/venv/lib/python3.11/site-packages/airflow/example_dags/example_branch_datetime_operator.py
[2023-10-19T22:48:37.488+0200] {processor.py:829} INFO - Processing file /Users/nick/Desktop/airflow_dic/venv/lib/python3.11/site-packages/airflow/example_dags/example_branch_datetime_operator.py for tasks to queue
[2023-10-19T22:48:37.488+0200] {logging_mixin.py:151} INFO - [2023-10-19T22:48:37.488+0200] {dagbag.py:539} INFO - Filling up the DagBag from /Users/nick/Desktop/airflow_dic/venv/lib/python3.11/site-packages/airflow/example_dags/example_branch_datetime_operator.py
[2023-10-19T22:48:37.499+0200] {processor.py:839} INFO - DAG(s) dict_keys(['example_branch_datetime_operator', 'example_branch_datetime_operator_3', 'example_branch_datetime_operator_2']) retrieved from /Users/nick/Desktop/airflow_dic/venv/lib/python3.11/site-packages/airflow/example_dags/example_branch_datetime_operator.py
[2023-10-19T22:48:37.557+0200] {logging_mixin.py:151} INFO - [2023-10-19T22:48:37.556+0200] {dag.py:2915} INFO - Sync 3 DAGs
[2023-10-19T22:48:37.562+0200] {logging_mixin.py:151} INFO - [2023-10-19T22:48:37.562+0200] {dag.py:3696} INFO - Setting next_dagrun for example_branch_datetime_operator to 2023-10-18T00:00:00+00:00, run_after=2023-10-19T00:00:00+00:00
[2023-10-19T22:48:37.564+0200] {logging_mixin.py:151} INFO - [2023-10-19T22:48:37.564+0200] {dag.py:3696} INFO - Setting next_dagrun for example_branch_datetime_operator_2 to 2023-10-18T00:00:00+00:00, run_after=2023-10-19T00:00:00+00:00
[2023-10-19T22:48:37.564+0200] {logging_mixin.py:151} INFO - [2023-10-19T22:48:37.564+0200] {dag.py:3696} INFO - Setting next_dagrun for example_branch_datetime_operator_3 to 2023-10-18T00:00:00+00:00, run_after=2023-10-19T00:00:00+00:00
[2023-10-19T22:48:37.570+0200] {processor.py:179} INFO - Processing /Users/nick/Desktop/airflow_dic/venv/lib/python3.11/site-packages/airflow/example_dags/example_branch_datetime_operator.py took 0.083 seconds
[2023-10-19T22:49:47.206+0200] {processor.py:157} INFO - Started process (PID=34454) to work on /Users/nick/Desktop/airflow_dic/venv/lib/python3.11/site-packages/airflow/example_dags/example_branch_datetime_operator.py
[2023-10-19T22:49:47.208+0200] {processor.py:829} INFO - Processing file /Users/nick/Desktop/airflow_dic/venv/lib/python3.11/site-packages/airflow/example_dags/example_branch_datetime_operator.py for tasks to queue
[2023-10-19T22:49:47.208+0200] {logging_mixin.py:151} INFO - [2023-10-19T22:49:47.208+0200] {dagbag.py:539} INFO - Filling up the DagBag from /Users/nick/Desktop/airflow_dic/venv/lib/python3.11/site-packages/airflow/example_dags/example_branch_datetime_operator.py
[2023-10-19T22:49:47.219+0200] {processor.py:839} INFO - DAG(s) dict_keys(['example_branch_datetime_operator_2', 'example_branch_datetime_operator', 'example_branch_datetime_operator_3']) retrieved from /Users/nick/Desktop/airflow_dic/venv/lib/python3.11/site-packages/airflow/example_dags/example_branch_datetime_operator.py
[2023-10-19T22:49:47.275+0200] {logging_mixin.py:151} INFO - [2023-10-19T22:49:47.275+0200] {dag.py:2915} INFO - Sync 3 DAGs
[2023-10-19T22:49:47.281+0200] {logging_mixin.py:151} INFO - [2023-10-19T22:49:47.281+0200] {dag.py:3696} INFO - Setting next_dagrun for example_branch_datetime_operator to 2023-10-18T00:00:00+00:00, run_after=2023-10-19T00:00:00+00:00
[2023-10-19T22:49:47.282+0200] {logging_mixin.py:151} INFO - [2023-10-19T22:49:47.282+0200] {dag.py:3696} INFO - Setting next_dagrun for example_branch_datetime_operator_2 to 2023-10-18T00:00:00+00:00, run_after=2023-10-19T00:00:00+00:00
[2023-10-19T22:49:47.283+0200] {logging_mixin.py:151} INFO - [2023-10-19T22:49:47.283+0200] {dag.py:3696} INFO - Setting next_dagrun for example_branch_datetime_operator_3 to 2023-10-18T00:00:00+00:00, run_after=2023-10-19T00:00:00+00:00
[2023-10-19T22:49:47.288+0200] {processor.py:179} INFO - Processing /Users/nick/Desktop/airflow_dic/venv/lib/python3.11/site-packages/airflow/example_dags/example_branch_datetime_operator.py took 0.082 seconds
[2023-10-19T22:50:55.135+0200] {processor.py:157} INFO - Started process (PID=34579) to work on /Users/nick/Desktop/airflow_dic/venv/lib/python3.11/site-packages/airflow/example_dags/example_branch_datetime_operator.py
[2023-10-19T22:50:55.137+0200] {processor.py:829} INFO - Processing file /Users/nick/Desktop/airflow_dic/venv/lib/python3.11/site-packages/airflow/example_dags/example_branch_datetime_operator.py for tasks to queue
[2023-10-19T22:50:55.137+0200] {logging_mixin.py:151} INFO - [2023-10-19T22:50:55.137+0200] {dagbag.py:539} INFO - Filling up the DagBag from /Users/nick/Desktop/airflow_dic/venv/lib/python3.11/site-packages/airflow/example_dags/example_branch_datetime_operator.py
[2023-10-19T22:50:55.148+0200] {processor.py:839} INFO - DAG(s) dict_keys(['example_branch_datetime_operator_2', 'example_branch_datetime_operator_3', 'example_branch_datetime_operator']) retrieved from /Users/nick/Desktop/airflow_dic/venv/lib/python3.11/site-packages/airflow/example_dags/example_branch_datetime_operator.py
[2023-10-19T22:50:55.206+0200] {logging_mixin.py:151} INFO - [2023-10-19T22:50:55.205+0200] {dag.py:2915} INFO - Sync 3 DAGs
[2023-10-19T22:50:55.211+0200] {logging_mixin.py:151} INFO - [2023-10-19T22:50:55.211+0200] {dag.py:3696} INFO - Setting next_dagrun for example_branch_datetime_operator to 2023-10-18T00:00:00+00:00, run_after=2023-10-19T00:00:00+00:00
[2023-10-19T22:50:55.213+0200] {logging_mixin.py:151} INFO - [2023-10-19T22:50:55.213+0200] {dag.py:3696} INFO - Setting next_dagrun for example_branch_datetime_operator_2 to 2023-10-18T00:00:00+00:00, run_after=2023-10-19T00:00:00+00:00
[2023-10-19T22:50:55.213+0200] {logging_mixin.py:151} INFO - [2023-10-19T22:50:55.213+0200] {dag.py:3696} INFO - Setting next_dagrun for example_branch_datetime_operator_3 to 2023-10-18T00:00:00+00:00, run_after=2023-10-19T00:00:00+00:00
[2023-10-19T22:50:55.219+0200] {processor.py:179} INFO - Processing /Users/nick/Desktop/airflow_dic/venv/lib/python3.11/site-packages/airflow/example_dags/example_branch_datetime_operator.py took 0.084 seconds
[2023-10-19T22:54:17.806+0200] {processor.py:157} INFO - Started process (PID=34892) to work on /Users/nick/Desktop/airflow_dic/venv/lib/python3.11/site-packages/airflow/example_dags/example_branch_datetime_operator.py
[2023-10-19T22:54:17.807+0200] {processor.py:829} INFO - Processing file /Users/nick/Desktop/airflow_dic/venv/lib/python3.11/site-packages/airflow/example_dags/example_branch_datetime_operator.py for tasks to queue
[2023-10-19T22:54:17.807+0200] {logging_mixin.py:151} INFO - [2023-10-19T22:54:17.807+0200] {dagbag.py:539} INFO - Filling up the DagBag from /Users/nick/Desktop/airflow_dic/venv/lib/python3.11/site-packages/airflow/example_dags/example_branch_datetime_operator.py
[2023-10-19T22:54:17.820+0200] {processor.py:839} INFO - DAG(s) dict_keys(['example_branch_datetime_operator_3', 'example_branch_datetime_operator', 'example_branch_datetime_operator_2']) retrieved from /Users/nick/Desktop/airflow_dic/venv/lib/python3.11/site-packages/airflow/example_dags/example_branch_datetime_operator.py
[2023-10-19T22:54:17.880+0200] {logging_mixin.py:151} INFO - [2023-10-19T22:54:17.880+0200] {dag.py:2915} INFO - Sync 3 DAGs
[2023-10-19T22:54:17.886+0200] {logging_mixin.py:151} INFO - [2023-10-19T22:54:17.886+0200] {dag.py:3696} INFO - Setting next_dagrun for example_branch_datetime_operator to 2023-10-18T00:00:00+00:00, run_after=2023-10-19T00:00:00+00:00
[2023-10-19T22:54:17.887+0200] {logging_mixin.py:151} INFO - [2023-10-19T22:54:17.887+0200] {dag.py:3696} INFO - Setting next_dagrun for example_branch_datetime_operator_2 to 2023-10-18T00:00:00+00:00, run_after=2023-10-19T00:00:00+00:00
[2023-10-19T22:54:17.888+0200] {logging_mixin.py:151} INFO - [2023-10-19T22:54:17.888+0200] {dag.py:3696} INFO - Setting next_dagrun for example_branch_datetime_operator_3 to 2023-10-18T00:00:00+00:00, run_after=2023-10-19T00:00:00+00:00
[2023-10-19T22:54:17.894+0200] {processor.py:179} INFO - Processing /Users/nick/Desktop/airflow_dic/venv/lib/python3.11/site-packages/airflow/example_dags/example_branch_datetime_operator.py took 0.088 seconds
[2023-10-19T22:55:26.122+0200] {processor.py:157} INFO - Started process (PID=35036) to work on /Users/nick/Desktop/airflow_dic/venv/lib/python3.11/site-packages/airflow/example_dags/example_branch_datetime_operator.py
[2023-10-19T22:55:26.124+0200] {processor.py:829} INFO - Processing file /Users/nick/Desktop/airflow_dic/venv/lib/python3.11/site-packages/airflow/example_dags/example_branch_datetime_operator.py for tasks to queue
[2023-10-19T22:55:26.124+0200] {logging_mixin.py:151} INFO - [2023-10-19T22:55:26.124+0200] {dagbag.py:539} INFO - Filling up the DagBag from /Users/nick/Desktop/airflow_dic/venv/lib/python3.11/site-packages/airflow/example_dags/example_branch_datetime_operator.py
[2023-10-19T22:55:26.138+0200] {processor.py:839} INFO - DAG(s) dict_keys(['example_branch_datetime_operator', 'example_branch_datetime_operator_3', 'example_branch_datetime_operator_2']) retrieved from /Users/nick/Desktop/airflow_dic/venv/lib/python3.11/site-packages/airflow/example_dags/example_branch_datetime_operator.py
[2023-10-19T22:55:26.214+0200] {logging_mixin.py:151} INFO - [2023-10-19T22:55:26.214+0200] {dag.py:2915} INFO - Sync 3 DAGs
[2023-10-19T22:55:26.220+0200] {logging_mixin.py:151} INFO - [2023-10-19T22:55:26.220+0200] {dag.py:3696} INFO - Setting next_dagrun for example_branch_datetime_operator to 2023-10-18T00:00:00+00:00, run_after=2023-10-19T00:00:00+00:00
[2023-10-19T22:55:26.222+0200] {logging_mixin.py:151} INFO - [2023-10-19T22:55:26.222+0200] {dag.py:3696} INFO - Setting next_dagrun for example_branch_datetime_operator_2 to 2023-10-18T00:00:00+00:00, run_after=2023-10-19T00:00:00+00:00
[2023-10-19T22:55:26.223+0200] {logging_mixin.py:151} INFO - [2023-10-19T22:55:26.223+0200] {dag.py:3696} INFO - Setting next_dagrun for example_branch_datetime_operator_3 to 2023-10-18T00:00:00+00:00, run_after=2023-10-19T00:00:00+00:00
[2023-10-19T22:55:26.230+0200] {processor.py:179} INFO - Processing /Users/nick/Desktop/airflow_dic/venv/lib/python3.11/site-packages/airflow/example_dags/example_branch_datetime_operator.py took 0.108 seconds
[2023-10-19T22:56:35.210+0200] {processor.py:157} INFO - Started process (PID=35174) to work on /Users/nick/Desktop/airflow_dic/venv/lib/python3.11/site-packages/airflow/example_dags/example_branch_datetime_operator.py
[2023-10-19T22:56:35.211+0200] {processor.py:829} INFO - Processing file /Users/nick/Desktop/airflow_dic/venv/lib/python3.11/site-packages/airflow/example_dags/example_branch_datetime_operator.py for tasks to queue
[2023-10-19T22:56:35.212+0200] {logging_mixin.py:151} INFO - [2023-10-19T22:56:35.212+0200] {dagbag.py:539} INFO - Filling up the DagBag from /Users/nick/Desktop/airflow_dic/venv/lib/python3.11/site-packages/airflow/example_dags/example_branch_datetime_operator.py
[2023-10-19T22:56:35.223+0200] {processor.py:839} INFO - DAG(s) dict_keys(['example_branch_datetime_operator', 'example_branch_datetime_operator_3', 'example_branch_datetime_operator_2']) retrieved from /Users/nick/Desktop/airflow_dic/venv/lib/python3.11/site-packages/airflow/example_dags/example_branch_datetime_operator.py
[2023-10-19T22:56:35.279+0200] {logging_mixin.py:151} INFO - [2023-10-19T22:56:35.279+0200] {dag.py:2915} INFO - Sync 3 DAGs
[2023-10-19T22:56:35.285+0200] {logging_mixin.py:151} INFO - [2023-10-19T22:56:35.285+0200] {dag.py:3696} INFO - Setting next_dagrun for example_branch_datetime_operator to 2023-10-18T00:00:00+00:00, run_after=2023-10-19T00:00:00+00:00
[2023-10-19T22:56:35.287+0200] {logging_mixin.py:151} INFO - [2023-10-19T22:56:35.286+0200] {dag.py:3696} INFO - Setting next_dagrun for example_branch_datetime_operator_2 to 2023-10-18T00:00:00+00:00, run_after=2023-10-19T00:00:00+00:00
[2023-10-19T22:56:35.287+0200] {logging_mixin.py:151} INFO - [2023-10-19T22:56:35.287+0200] {dag.py:3696} INFO - Setting next_dagrun for example_branch_datetime_operator_3 to 2023-10-18T00:00:00+00:00, run_after=2023-10-19T00:00:00+00:00
[2023-10-19T22:56:35.293+0200] {processor.py:179} INFO - Processing /Users/nick/Desktop/airflow_dic/venv/lib/python3.11/site-packages/airflow/example_dags/example_branch_datetime_operator.py took 0.083 seconds
[2023-10-19T22:57:40.926+0200] {processor.py:157} INFO - Started process (PID=35298) to work on /Users/nick/Desktop/airflow_dic/venv/lib/python3.11/site-packages/airflow/example_dags/example_branch_datetime_operator.py
[2023-10-19T22:57:40.927+0200] {processor.py:829} INFO - Processing file /Users/nick/Desktop/airflow_dic/venv/lib/python3.11/site-packages/airflow/example_dags/example_branch_datetime_operator.py for tasks to queue
[2023-10-19T22:57:40.928+0200] {logging_mixin.py:151} INFO - [2023-10-19T22:57:40.928+0200] {dagbag.py:539} INFO - Filling up the DagBag from /Users/nick/Desktop/airflow_dic/venv/lib/python3.11/site-packages/airflow/example_dags/example_branch_datetime_operator.py
[2023-10-19T22:57:40.939+0200] {processor.py:839} INFO - DAG(s) dict_keys(['example_branch_datetime_operator_3', 'example_branch_datetime_operator_2', 'example_branch_datetime_operator']) retrieved from /Users/nick/Desktop/airflow_dic/venv/lib/python3.11/site-packages/airflow/example_dags/example_branch_datetime_operator.py
[2023-10-19T22:57:40.997+0200] {logging_mixin.py:151} INFO - [2023-10-19T22:57:40.997+0200] {dag.py:2915} INFO - Sync 3 DAGs
[2023-10-19T22:57:41.003+0200] {logging_mixin.py:151} INFO - [2023-10-19T22:57:41.003+0200] {dag.py:3696} INFO - Setting next_dagrun for example_branch_datetime_operator to 2023-10-18T00:00:00+00:00, run_after=2023-10-19T00:00:00+00:00
[2023-10-19T22:57:41.005+0200] {logging_mixin.py:151} INFO - [2023-10-19T22:57:41.005+0200] {dag.py:3696} INFO - Setting next_dagrun for example_branch_datetime_operator_2 to 2023-10-18T00:00:00+00:00, run_after=2023-10-19T00:00:00+00:00
[2023-10-19T22:57:41.006+0200] {logging_mixin.py:151} INFO - [2023-10-19T22:57:41.006+0200] {dag.py:3696} INFO - Setting next_dagrun for example_branch_datetime_operator_3 to 2023-10-18T00:00:00+00:00, run_after=2023-10-19T00:00:00+00:00
[2023-10-19T22:57:41.012+0200] {processor.py:179} INFO - Processing /Users/nick/Desktop/airflow_dic/venv/lib/python3.11/site-packages/airflow/example_dags/example_branch_datetime_operator.py took 0.086 seconds
[2023-10-19T22:58:49.031+0200] {processor.py:157} INFO - Started process (PID=35436) to work on /Users/nick/Desktop/airflow_dic/venv/lib/python3.11/site-packages/airflow/example_dags/example_branch_datetime_operator.py
[2023-10-19T22:58:49.032+0200] {processor.py:829} INFO - Processing file /Users/nick/Desktop/airflow_dic/venv/lib/python3.11/site-packages/airflow/example_dags/example_branch_datetime_operator.py for tasks to queue
[2023-10-19T22:58:49.032+0200] {logging_mixin.py:151} INFO - [2023-10-19T22:58:49.032+0200] {dagbag.py:539} INFO - Filling up the DagBag from /Users/nick/Desktop/airflow_dic/venv/lib/python3.11/site-packages/airflow/example_dags/example_branch_datetime_operator.py
[2023-10-19T22:58:49.043+0200] {processor.py:839} INFO - DAG(s) dict_keys(['example_branch_datetime_operator_2', 'example_branch_datetime_operator', 'example_branch_datetime_operator_3']) retrieved from /Users/nick/Desktop/airflow_dic/venv/lib/python3.11/site-packages/airflow/example_dags/example_branch_datetime_operator.py
[2023-10-19T22:58:49.103+0200] {logging_mixin.py:151} INFO - [2023-10-19T22:58:49.102+0200] {dag.py:2915} INFO - Sync 3 DAGs
[2023-10-19T22:58:49.109+0200] {logging_mixin.py:151} INFO - [2023-10-19T22:58:49.109+0200] {dag.py:3696} INFO - Setting next_dagrun for example_branch_datetime_operator to 2023-10-18T00:00:00+00:00, run_after=2023-10-19T00:00:00+00:00
[2023-10-19T22:58:49.110+0200] {logging_mixin.py:151} INFO - [2023-10-19T22:58:49.110+0200] {dag.py:3696} INFO - Setting next_dagrun for example_branch_datetime_operator_2 to 2023-10-18T00:00:00+00:00, run_after=2023-10-19T00:00:00+00:00
[2023-10-19T22:58:49.111+0200] {logging_mixin.py:151} INFO - [2023-10-19T22:58:49.111+0200] {dag.py:3696} INFO - Setting next_dagrun for example_branch_datetime_operator_3 to 2023-10-18T00:00:00+00:00, run_after=2023-10-19T00:00:00+00:00
[2023-10-19T22:58:49.117+0200] {processor.py:179} INFO - Processing /Users/nick/Desktop/airflow_dic/venv/lib/python3.11/site-packages/airflow/example_dags/example_branch_datetime_operator.py took 0.086 seconds
