[2023-10-19T22:18:31.288+0200] {processor.py:157} INFO - Started process (PID=28898) to work on /Users/nick/Desktop/airflow_dic/venv/lib/python3.11/site-packages/airflow/example_dags/example_sensor_decorator.py
[2023-10-19T22:18:31.289+0200] {processor.py:829} INFO - Processing file /Users/nick/Desktop/airflow_dic/venv/lib/python3.11/site-packages/airflow/example_dags/example_sensor_decorator.py for tasks to queue
[2023-10-19T22:18:31.289+0200] {logging_mixin.py:151} INFO - [2023-10-19T22:18:31.289+0200] {dagbag.py:539} INFO - Filling up the DagBag from /Users/nick/Desktop/airflow_dic/venv/lib/python3.11/site-packages/airflow/example_dags/example_sensor_decorator.py
[2023-10-19T22:18:31.309+0200] {processor.py:839} INFO - DAG(s) dict_keys(['example_sensor_decorator']) retrieved from /Users/nick/Desktop/airflow_dic/venv/lib/python3.11/site-packages/airflow/example_dags/example_sensor_decorator.py
[2023-10-19T22:18:31.600+0200] {logging_mixin.py:151} INFO - [2023-10-19T22:18:31.600+0200] {manager.py:499} INFO - Created Permission View: %s
[2023-10-19T22:18:31.603+0200] {logging_mixin.py:151} INFO - [2023-10-19T22:18:31.603+0200] {manager.py:499} INFO - Created Permission View: %s
[2023-10-19T22:18:31.604+0200] {logging_mixin.py:151} INFO - [2023-10-19T22:18:31.604+0200] {manager.py:499} INFO - Created Permission View: %s
[2023-10-19T22:18:31.605+0200] {logging_mixin.py:151} INFO - [2023-10-19T22:18:31.604+0200] {security.py:708} INFO - Not syncing DAG-level permissions for DAG 'DAG:example_sensor_decorator' as access control is unset.
[2023-10-19T22:18:31.605+0200] {logging_mixin.py:151} INFO - [2023-10-19T22:18:31.605+0200] {dag.py:2915} INFO - Sync 1 DAGs
[2023-10-19T22:18:31.608+0200] {logging_mixin.py:151} INFO - [2023-10-19T22:18:31.608+0200] {dag.py:2937} INFO - Creating ORM DAG for example_sensor_decorator
[2023-10-19T22:18:31.609+0200] {logging_mixin.py:151} INFO - [2023-10-19T22:18:31.609+0200] {dag.py:3696} INFO - Setting next_dagrun for example_sensor_decorator to None, run_after=None
[2023-10-19T22:18:31.615+0200] {processor.py:179} INFO - Processing /Users/nick/Desktop/airflow_dic/venv/lib/python3.11/site-packages/airflow/example_dags/example_sensor_decorator.py took 0.327 seconds
[2023-10-19T22:19:45.012+0200] {processor.py:157} INFO - Started process (PID=29037) to work on /Users/nick/Desktop/airflow_dic/venv/lib/python3.11/site-packages/airflow/example_dags/example_sensor_decorator.py
[2023-10-19T22:19:45.015+0200] {processor.py:829} INFO - Processing file /Users/nick/Desktop/airflow_dic/venv/lib/python3.11/site-packages/airflow/example_dags/example_sensor_decorator.py for tasks to queue
[2023-10-19T22:19:45.015+0200] {logging_mixin.py:151} INFO - [2023-10-19T22:19:45.015+0200] {dagbag.py:539} INFO - Filling up the DagBag from /Users/nick/Desktop/airflow_dic/venv/lib/python3.11/site-packages/airflow/example_dags/example_sensor_decorator.py
[2023-10-19T22:19:45.034+0200] {processor.py:839} INFO - DAG(s) dict_keys(['example_sensor_decorator']) retrieved from /Users/nick/Desktop/airflow_dic/venv/lib/python3.11/site-packages/airflow/example_dags/example_sensor_decorator.py
[2023-10-19T22:19:45.091+0200] {logging_mixin.py:151} INFO - [2023-10-19T22:19:45.091+0200] {dag.py:2915} INFO - Sync 1 DAGs
[2023-10-19T22:19:45.094+0200] {logging_mixin.py:151} INFO - [2023-10-19T22:19:45.094+0200] {dag.py:3696} INFO - Setting next_dagrun for example_sensor_decorator to None, run_after=None
[2023-10-19T22:19:45.100+0200] {processor.py:179} INFO - Processing /Users/nick/Desktop/airflow_dic/venv/lib/python3.11/site-packages/airflow/example_dags/example_sensor_decorator.py took 0.088 seconds
[2023-10-19T22:20:49.774+0200] {processor.py:157} INFO - Started process (PID=29158) to work on /Users/nick/Desktop/airflow_dic/venv/lib/python3.11/site-packages/airflow/example_dags/example_sensor_decorator.py
[2023-10-19T22:20:49.775+0200] {processor.py:829} INFO - Processing file /Users/nick/Desktop/airflow_dic/venv/lib/python3.11/site-packages/airflow/example_dags/example_sensor_decorator.py for tasks to queue
[2023-10-19T22:20:49.775+0200] {logging_mixin.py:151} INFO - [2023-10-19T22:20:49.775+0200] {dagbag.py:539} INFO - Filling up the DagBag from /Users/nick/Desktop/airflow_dic/venv/lib/python3.11/site-packages/airflow/example_dags/example_sensor_decorator.py
[2023-10-19T22:20:49.795+0200] {processor.py:839} INFO - DAG(s) dict_keys(['example_sensor_decorator']) retrieved from /Users/nick/Desktop/airflow_dic/venv/lib/python3.11/site-packages/airflow/example_dags/example_sensor_decorator.py
[2023-10-19T22:20:49.853+0200] {logging_mixin.py:151} INFO - [2023-10-19T22:20:49.853+0200] {dag.py:2915} INFO - Sync 1 DAGs
[2023-10-19T22:20:49.856+0200] {logging_mixin.py:151} INFO - [2023-10-19T22:20:49.856+0200] {dag.py:3696} INFO - Setting next_dagrun for example_sensor_decorator to None, run_after=None
[2023-10-19T22:20:49.862+0200] {processor.py:179} INFO - Processing /Users/nick/Desktop/airflow_dic/venv/lib/python3.11/site-packages/airflow/example_dags/example_sensor_decorator.py took 0.089 seconds
[2023-10-19T22:21:58.156+0200] {processor.py:157} INFO - Started process (PID=29298) to work on /Users/nick/Desktop/airflow_dic/venv/lib/python3.11/site-packages/airflow/example_dags/example_sensor_decorator.py
[2023-10-19T22:21:58.158+0200] {processor.py:829} INFO - Processing file /Users/nick/Desktop/airflow_dic/venv/lib/python3.11/site-packages/airflow/example_dags/example_sensor_decorator.py for tasks to queue
[2023-10-19T22:21:58.158+0200] {logging_mixin.py:151} INFO - [2023-10-19T22:21:58.158+0200] {dagbag.py:539} INFO - Filling up the DagBag from /Users/nick/Desktop/airflow_dic/venv/lib/python3.11/site-packages/airflow/example_dags/example_sensor_decorator.py
[2023-10-19T22:21:58.178+0200] {processor.py:839} INFO - DAG(s) dict_keys(['example_sensor_decorator']) retrieved from /Users/nick/Desktop/airflow_dic/venv/lib/python3.11/site-packages/airflow/example_dags/example_sensor_decorator.py
[2023-10-19T22:21:58.236+0200] {logging_mixin.py:151} INFO - [2023-10-19T22:21:58.236+0200] {dag.py:2915} INFO - Sync 1 DAGs
[2023-10-19T22:21:58.239+0200] {logging_mixin.py:151} INFO - [2023-10-19T22:21:58.239+0200] {dag.py:3696} INFO - Setting next_dagrun for example_sensor_decorator to None, run_after=None
[2023-10-19T22:21:58.245+0200] {processor.py:179} INFO - Processing /Users/nick/Desktop/airflow_dic/venv/lib/python3.11/site-packages/airflow/example_dags/example_sensor_decorator.py took 0.089 seconds
[2023-10-19T22:22:39.383+0200] {processor.py:157} INFO - Started process (PID=29386) to work on /Users/nick/Desktop/airflow_dic/venv/lib/python3.11/site-packages/airflow/example_dags/example_sensor_decorator.py
[2023-10-19T22:22:39.385+0200] {processor.py:829} INFO - Processing file /Users/nick/Desktop/airflow_dic/venv/lib/python3.11/site-packages/airflow/example_dags/example_sensor_decorator.py for tasks to queue
[2023-10-19T22:22:39.385+0200] {logging_mixin.py:151} INFO - [2023-10-19T22:22:39.385+0200] {dagbag.py:539} INFO - Filling up the DagBag from /Users/nick/Desktop/airflow_dic/venv/lib/python3.11/site-packages/airflow/example_dags/example_sensor_decorator.py
[2023-10-19T22:22:39.404+0200] {processor.py:839} INFO - DAG(s) dict_keys(['example_sensor_decorator']) retrieved from /Users/nick/Desktop/airflow_dic/venv/lib/python3.11/site-packages/airflow/example_dags/example_sensor_decorator.py
[2023-10-19T22:22:39.461+0200] {logging_mixin.py:151} INFO - [2023-10-19T22:22:39.461+0200] {dag.py:2915} INFO - Sync 1 DAGs
[2023-10-19T22:22:39.464+0200] {logging_mixin.py:151} INFO - [2023-10-19T22:22:39.464+0200] {dag.py:3696} INFO - Setting next_dagrun for example_sensor_decorator to None, run_after=None
[2023-10-19T22:22:39.470+0200] {processor.py:179} INFO - Processing /Users/nick/Desktop/airflow_dic/venv/lib/python3.11/site-packages/airflow/example_dags/example_sensor_decorator.py took 0.087 seconds
[2023-10-19T22:23:21.063+0200] {processor.py:157} INFO - Started process (PID=29475) to work on /Users/nick/Desktop/airflow_dic/venv/lib/python3.11/site-packages/airflow/example_dags/example_sensor_decorator.py
[2023-10-19T22:23:21.064+0200] {processor.py:829} INFO - Processing file /Users/nick/Desktop/airflow_dic/venv/lib/python3.11/site-packages/airflow/example_dags/example_sensor_decorator.py for tasks to queue
[2023-10-19T22:23:21.064+0200] {logging_mixin.py:151} INFO - [2023-10-19T22:23:21.064+0200] {dagbag.py:539} INFO - Filling up the DagBag from /Users/nick/Desktop/airflow_dic/venv/lib/python3.11/site-packages/airflow/example_dags/example_sensor_decorator.py
[2023-10-19T22:23:21.083+0200] {processor.py:839} INFO - DAG(s) dict_keys(['example_sensor_decorator']) retrieved from /Users/nick/Desktop/airflow_dic/venv/lib/python3.11/site-packages/airflow/example_dags/example_sensor_decorator.py
[2023-10-19T22:23:21.140+0200] {logging_mixin.py:151} INFO - [2023-10-19T22:23:21.140+0200] {dag.py:2915} INFO - Sync 1 DAGs
[2023-10-19T22:23:21.143+0200] {logging_mixin.py:151} INFO - [2023-10-19T22:23:21.143+0200] {dag.py:3696} INFO - Setting next_dagrun for example_sensor_decorator to None, run_after=None
[2023-10-19T22:23:21.149+0200] {processor.py:179} INFO - Processing /Users/nick/Desktop/airflow_dic/venv/lib/python3.11/site-packages/airflow/example_dags/example_sensor_decorator.py took 0.087 seconds
[2023-10-19T22:24:24.976+0200] {processor.py:157} INFO - Started process (PID=29594) to work on /Users/nick/Desktop/airflow_dic/venv/lib/python3.11/site-packages/airflow/example_dags/example_sensor_decorator.py
[2023-10-19T22:24:24.977+0200] {processor.py:829} INFO - Processing file /Users/nick/Desktop/airflow_dic/venv/lib/python3.11/site-packages/airflow/example_dags/example_sensor_decorator.py for tasks to queue
[2023-10-19T22:24:24.978+0200] {logging_mixin.py:151} INFO - [2023-10-19T22:24:24.978+0200] {dagbag.py:539} INFO - Filling up the DagBag from /Users/nick/Desktop/airflow_dic/venv/lib/python3.11/site-packages/airflow/example_dags/example_sensor_decorator.py
[2023-10-19T22:24:24.996+0200] {processor.py:839} INFO - DAG(s) dict_keys(['example_sensor_decorator']) retrieved from /Users/nick/Desktop/airflow_dic/venv/lib/python3.11/site-packages/airflow/example_dags/example_sensor_decorator.py
[2023-10-19T22:24:25.053+0200] {logging_mixin.py:151} INFO - [2023-10-19T22:24:25.053+0200] {dag.py:2915} INFO - Sync 1 DAGs
[2023-10-19T22:24:25.056+0200] {logging_mixin.py:151} INFO - [2023-10-19T22:24:25.056+0200] {dag.py:3696} INFO - Setting next_dagrun for example_sensor_decorator to None, run_after=None
[2023-10-19T22:24:25.063+0200] {processor.py:179} INFO - Processing /Users/nick/Desktop/airflow_dic/venv/lib/python3.11/site-packages/airflow/example_dags/example_sensor_decorator.py took 0.087 seconds
[2023-10-19T22:25:26.639+0200] {processor.py:157} INFO - Started process (PID=29742) to work on /Users/nick/Desktop/airflow_dic/venv/lib/python3.11/site-packages/airflow/example_dags/example_sensor_decorator.py
[2023-10-19T22:25:26.641+0200] {processor.py:829} INFO - Processing file /Users/nick/Desktop/airflow_dic/venv/lib/python3.11/site-packages/airflow/example_dags/example_sensor_decorator.py for tasks to queue
[2023-10-19T22:25:26.641+0200] {logging_mixin.py:151} INFO - [2023-10-19T22:25:26.641+0200] {dagbag.py:539} INFO - Filling up the DagBag from /Users/nick/Desktop/airflow_dic/venv/lib/python3.11/site-packages/airflow/example_dags/example_sensor_decorator.py
[2023-10-19T22:25:26.664+0200] {processor.py:839} INFO - DAG(s) dict_keys(['example_sensor_decorator']) retrieved from /Users/nick/Desktop/airflow_dic/venv/lib/python3.11/site-packages/airflow/example_dags/example_sensor_decorator.py
[2023-10-19T22:25:26.730+0200] {logging_mixin.py:151} INFO - [2023-10-19T22:25:26.730+0200] {dag.py:2915} INFO - Sync 1 DAGs
[2023-10-19T22:25:26.734+0200] {logging_mixin.py:151} INFO - [2023-10-19T22:25:26.734+0200] {dag.py:3696} INFO - Setting next_dagrun for example_sensor_decorator to None, run_after=None
[2023-10-19T22:25:26.741+0200] {processor.py:179} INFO - Processing /Users/nick/Desktop/airflow_dic/venv/lib/python3.11/site-packages/airflow/example_dags/example_sensor_decorator.py took 0.102 seconds
[2023-10-19T22:26:42.042+0200] {processor.py:157} INFO - Started process (PID=31749) to work on /Users/nick/Desktop/airflow_dic/venv/lib/python3.11/site-packages/airflow/example_dags/example_sensor_decorator.py
[2023-10-19T22:26:42.044+0200] {processor.py:829} INFO - Processing file /Users/nick/Desktop/airflow_dic/venv/lib/python3.11/site-packages/airflow/example_dags/example_sensor_decorator.py for tasks to queue
[2023-10-19T22:26:42.044+0200] {logging_mixin.py:151} INFO - [2023-10-19T22:26:42.044+0200] {dagbag.py:539} INFO - Filling up the DagBag from /Users/nick/Desktop/airflow_dic/venv/lib/python3.11/site-packages/airflow/example_dags/example_sensor_decorator.py
[2023-10-19T22:26:42.064+0200] {processor.py:839} INFO - DAG(s) dict_keys(['example_sensor_decorator']) retrieved from /Users/nick/Desktop/airflow_dic/venv/lib/python3.11/site-packages/airflow/example_dags/example_sensor_decorator.py
[2023-10-19T22:26:42.337+0200] {logging_mixin.py:151} INFO - [2023-10-19T22:26:42.337+0200] {security.py:708} INFO - Not syncing DAG-level permissions for DAG 'DAG:example_sensor_decorator' as access control is unset.
[2023-10-19T22:26:42.337+0200] {logging_mixin.py:151} INFO - [2023-10-19T22:26:42.337+0200] {dag.py:2915} INFO - Sync 1 DAGs
[2023-10-19T22:26:42.340+0200] {logging_mixin.py:151} INFO - [2023-10-19T22:26:42.340+0200] {dag.py:2937} INFO - Creating ORM DAG for example_sensor_decorator
[2023-10-19T22:26:42.340+0200] {logging_mixin.py:151} INFO - [2023-10-19T22:26:42.340+0200] {dag.py:3696} INFO - Setting next_dagrun for example_sensor_decorator to None, run_after=None
[2023-10-19T22:26:42.347+0200] {processor.py:179} INFO - Processing /Users/nick/Desktop/airflow_dic/venv/lib/python3.11/site-packages/airflow/example_dags/example_sensor_decorator.py took 0.304 seconds
[2023-10-19T22:27:49.902+0200] {processor.py:157} INFO - Started process (PID=31874) to work on /Users/nick/Desktop/airflow_dic/venv/lib/python3.11/site-packages/airflow/example_dags/example_sensor_decorator.py
[2023-10-19T22:27:49.904+0200] {processor.py:829} INFO - Processing file /Users/nick/Desktop/airflow_dic/venv/lib/python3.11/site-packages/airflow/example_dags/example_sensor_decorator.py for tasks to queue
[2023-10-19T22:27:49.904+0200] {logging_mixin.py:151} INFO - [2023-10-19T22:27:49.904+0200] {dagbag.py:539} INFO - Filling up the DagBag from /Users/nick/Desktop/airflow_dic/venv/lib/python3.11/site-packages/airflow/example_dags/example_sensor_decorator.py
[2023-10-19T22:27:49.926+0200] {processor.py:839} INFO - DAG(s) dict_keys(['example_sensor_decorator']) retrieved from /Users/nick/Desktop/airflow_dic/venv/lib/python3.11/site-packages/airflow/example_dags/example_sensor_decorator.py
[2023-10-19T22:27:50.229+0200] {logging_mixin.py:151} INFO - [2023-10-19T22:27:50.229+0200] {security.py:708} INFO - Not syncing DAG-level permissions for DAG 'DAG:example_sensor_decorator' as access control is unset.
[2023-10-19T22:27:50.229+0200] {logging_mixin.py:151} INFO - [2023-10-19T22:27:50.229+0200] {dag.py:2915} INFO - Sync 1 DAGs
[2023-10-19T22:27:50.232+0200] {logging_mixin.py:151} INFO - [2023-10-19T22:27:50.232+0200] {dag.py:2937} INFO - Creating ORM DAG for example_sensor_decorator
[2023-10-19T22:27:50.232+0200] {logging_mixin.py:151} INFO - [2023-10-19T22:27:50.232+0200] {dag.py:3696} INFO - Setting next_dagrun for example_sensor_decorator to None, run_after=None
[2023-10-19T22:27:50.239+0200] {processor.py:179} INFO - Processing /Users/nick/Desktop/airflow_dic/venv/lib/python3.11/site-packages/airflow/example_dags/example_sensor_decorator.py took 0.337 seconds
[2023-10-19T22:29:00.699+0200] {processor.py:157} INFO - Started process (PID=32028) to work on /Users/nick/Desktop/airflow_dic/venv/lib/python3.11/site-packages/airflow/example_dags/example_sensor_decorator.py
[2023-10-19T22:29:00.700+0200] {processor.py:829} INFO - Processing file /Users/nick/Desktop/airflow_dic/venv/lib/python3.11/site-packages/airflow/example_dags/example_sensor_decorator.py for tasks to queue
[2023-10-19T22:29:00.700+0200] {logging_mixin.py:151} INFO - [2023-10-19T22:29:00.700+0200] {dagbag.py:539} INFO - Filling up the DagBag from /Users/nick/Desktop/airflow_dic/venv/lib/python3.11/site-packages/airflow/example_dags/example_sensor_decorator.py
[2023-10-19T22:29:00.719+0200] {processor.py:839} INFO - DAG(s) dict_keys(['example_sensor_decorator']) retrieved from /Users/nick/Desktop/airflow_dic/venv/lib/python3.11/site-packages/airflow/example_dags/example_sensor_decorator.py
[2023-10-19T22:29:00.775+0200] {logging_mixin.py:151} INFO - [2023-10-19T22:29:00.775+0200] {dag.py:2915} INFO - Sync 1 DAGs
[2023-10-19T22:29:00.778+0200] {logging_mixin.py:151} INFO - [2023-10-19T22:29:00.778+0200] {dag.py:3696} INFO - Setting next_dagrun for example_sensor_decorator to None, run_after=None
[2023-10-19T22:29:00.784+0200] {processor.py:179} INFO - Processing /Users/nick/Desktop/airflow_dic/venv/lib/python3.11/site-packages/airflow/example_dags/example_sensor_decorator.py took 0.086 seconds
[2023-10-19T22:30:05.589+0200] {processor.py:157} INFO - Started process (PID=32148) to work on /Users/nick/Desktop/airflow_dic/venv/lib/python3.11/site-packages/airflow/example_dags/example_sensor_decorator.py
[2023-10-19T22:30:05.590+0200] {processor.py:829} INFO - Processing file /Users/nick/Desktop/airflow_dic/venv/lib/python3.11/site-packages/airflow/example_dags/example_sensor_decorator.py for tasks to queue
[2023-10-19T22:30:05.591+0200] {logging_mixin.py:151} INFO - [2023-10-19T22:30:05.591+0200] {dagbag.py:539} INFO - Filling up the DagBag from /Users/nick/Desktop/airflow_dic/venv/lib/python3.11/site-packages/airflow/example_dags/example_sensor_decorator.py
[2023-10-19T22:30:05.610+0200] {processor.py:839} INFO - DAG(s) dict_keys(['example_sensor_decorator']) retrieved from /Users/nick/Desktop/airflow_dic/venv/lib/python3.11/site-packages/airflow/example_dags/example_sensor_decorator.py
[2023-10-19T22:30:05.667+0200] {logging_mixin.py:151} INFO - [2023-10-19T22:30:05.667+0200] {dag.py:2915} INFO - Sync 1 DAGs
[2023-10-19T22:30:05.670+0200] {logging_mixin.py:151} INFO - [2023-10-19T22:30:05.670+0200] {dag.py:3696} INFO - Setting next_dagrun for example_sensor_decorator to None, run_after=None
[2023-10-19T22:30:05.677+0200] {processor.py:179} INFO - Processing /Users/nick/Desktop/airflow_dic/venv/lib/python3.11/site-packages/airflow/example_dags/example_sensor_decorator.py took 0.088 seconds
[2023-10-19T22:31:26.395+0200] {processor.py:157} INFO - Started process (PID=32313) to work on /Users/nick/Desktop/airflow_dic/venv/lib/python3.11/site-packages/airflow/example_dags/example_sensor_decorator.py
[2023-10-19T22:31:26.396+0200] {processor.py:829} INFO - Processing file /Users/nick/Desktop/airflow_dic/venv/lib/python3.11/site-packages/airflow/example_dags/example_sensor_decorator.py for tasks to queue
[2023-10-19T22:31:26.397+0200] {logging_mixin.py:151} INFO - [2023-10-19T22:31:26.397+0200] {dagbag.py:539} INFO - Filling up the DagBag from /Users/nick/Desktop/airflow_dic/venv/lib/python3.11/site-packages/airflow/example_dags/example_sensor_decorator.py
[2023-10-19T22:31:26.418+0200] {processor.py:839} INFO - DAG(s) dict_keys(['example_sensor_decorator']) retrieved from /Users/nick/Desktop/airflow_dic/venv/lib/python3.11/site-packages/airflow/example_dags/example_sensor_decorator.py
[2023-10-19T22:31:26.480+0200] {logging_mixin.py:151} INFO - [2023-10-19T22:31:26.480+0200] {dag.py:2915} INFO - Sync 1 DAGs
[2023-10-19T22:31:26.483+0200] {logging_mixin.py:151} INFO - [2023-10-19T22:31:26.483+0200] {dag.py:3696} INFO - Setting next_dagrun for example_sensor_decorator to None, run_after=None
[2023-10-19T22:31:26.490+0200] {processor.py:179} INFO - Processing /Users/nick/Desktop/airflow_dic/venv/lib/python3.11/site-packages/airflow/example_dags/example_sensor_decorator.py took 0.095 seconds
[2023-10-19T22:32:31.653+0200] {processor.py:157} INFO - Started process (PID=32430) to work on /Users/nick/Desktop/airflow_dic/venv/lib/python3.11/site-packages/airflow/example_dags/example_sensor_decorator.py
[2023-10-19T22:32:31.654+0200] {processor.py:829} INFO - Processing file /Users/nick/Desktop/airflow_dic/venv/lib/python3.11/site-packages/airflow/example_dags/example_sensor_decorator.py for tasks to queue
[2023-10-19T22:32:31.655+0200] {logging_mixin.py:151} INFO - [2023-10-19T22:32:31.655+0200] {dagbag.py:539} INFO - Filling up the DagBag from /Users/nick/Desktop/airflow_dic/venv/lib/python3.11/site-packages/airflow/example_dags/example_sensor_decorator.py
[2023-10-19T22:32:31.677+0200] {processor.py:839} INFO - DAG(s) dict_keys(['example_sensor_decorator']) retrieved from /Users/nick/Desktop/airflow_dic/venv/lib/python3.11/site-packages/airflow/example_dags/example_sensor_decorator.py
[2023-10-19T22:32:31.740+0200] {logging_mixin.py:151} INFO - [2023-10-19T22:32:31.740+0200] {dag.py:2915} INFO - Sync 1 DAGs
[2023-10-19T22:32:31.743+0200] {logging_mixin.py:151} INFO - [2023-10-19T22:32:31.743+0200] {dag.py:3696} INFO - Setting next_dagrun for example_sensor_decorator to None, run_after=None
[2023-10-19T22:32:31.750+0200] {processor.py:179} INFO - Processing /Users/nick/Desktop/airflow_dic/venv/lib/python3.11/site-packages/airflow/example_dags/example_sensor_decorator.py took 0.097 seconds
[2023-10-19T22:33:39.282+0200] {processor.py:157} INFO - Started process (PID=32559) to work on /Users/nick/Desktop/airflow_dic/venv/lib/python3.11/site-packages/airflow/example_dags/example_sensor_decorator.py
[2023-10-19T22:33:39.284+0200] {processor.py:829} INFO - Processing file /Users/nick/Desktop/airflow_dic/venv/lib/python3.11/site-packages/airflow/example_dags/example_sensor_decorator.py for tasks to queue
[2023-10-19T22:33:39.284+0200] {logging_mixin.py:151} INFO - [2023-10-19T22:33:39.284+0200] {dagbag.py:539} INFO - Filling up the DagBag from /Users/nick/Desktop/airflow_dic/venv/lib/python3.11/site-packages/airflow/example_dags/example_sensor_decorator.py
[2023-10-19T22:33:39.306+0200] {processor.py:839} INFO - DAG(s) dict_keys(['example_sensor_decorator']) retrieved from /Users/nick/Desktop/airflow_dic/venv/lib/python3.11/site-packages/airflow/example_dags/example_sensor_decorator.py
[2023-10-19T22:33:39.371+0200] {logging_mixin.py:151} INFO - [2023-10-19T22:33:39.371+0200] {dag.py:2915} INFO - Sync 1 DAGs
[2023-10-19T22:33:39.374+0200] {logging_mixin.py:151} INFO - [2023-10-19T22:33:39.374+0200] {dag.py:3696} INFO - Setting next_dagrun for example_sensor_decorator to None, run_after=None
[2023-10-19T22:33:39.381+0200] {processor.py:179} INFO - Processing /Users/nick/Desktop/airflow_dic/venv/lib/python3.11/site-packages/airflow/example_dags/example_sensor_decorator.py took 0.099 seconds
[2023-10-19T22:34:49.918+0200] {processor.py:157} INFO - Started process (PID=32716) to work on /Users/nick/Desktop/airflow_dic/venv/lib/python3.11/site-packages/airflow/example_dags/example_sensor_decorator.py
[2023-10-19T22:34:49.920+0200] {processor.py:829} INFO - Processing file /Users/nick/Desktop/airflow_dic/venv/lib/python3.11/site-packages/airflow/example_dags/example_sensor_decorator.py for tasks to queue
[2023-10-19T22:34:49.920+0200] {logging_mixin.py:151} INFO - [2023-10-19T22:34:49.920+0200] {dagbag.py:539} INFO - Filling up the DagBag from /Users/nick/Desktop/airflow_dic/venv/lib/python3.11/site-packages/airflow/example_dags/example_sensor_decorator.py
[2023-10-19T22:34:49.939+0200] {processor.py:839} INFO - DAG(s) dict_keys(['example_sensor_decorator']) retrieved from /Users/nick/Desktop/airflow_dic/venv/lib/python3.11/site-packages/airflow/example_dags/example_sensor_decorator.py
[2023-10-19T22:34:49.995+0200] {logging_mixin.py:151} INFO - [2023-10-19T22:34:49.995+0200] {dag.py:2915} INFO - Sync 1 DAGs
[2023-10-19T22:34:49.998+0200] {logging_mixin.py:151} INFO - [2023-10-19T22:34:49.998+0200] {dag.py:3696} INFO - Setting next_dagrun for example_sensor_decorator to None, run_after=None
[2023-10-19T22:34:50.005+0200] {processor.py:179} INFO - Processing /Users/nick/Desktop/airflow_dic/venv/lib/python3.11/site-packages/airflow/example_dags/example_sensor_decorator.py took 0.087 seconds
[2023-10-19T22:35:57.066+0200] {processor.py:157} INFO - Started process (PID=32866) to work on /Users/nick/Desktop/airflow_dic/venv/lib/python3.11/site-packages/airflow/example_dags/example_sensor_decorator.py
[2023-10-19T22:35:57.069+0200] {processor.py:829} INFO - Processing file /Users/nick/Desktop/airflow_dic/venv/lib/python3.11/site-packages/airflow/example_dags/example_sensor_decorator.py for tasks to queue
[2023-10-19T22:35:57.069+0200] {logging_mixin.py:151} INFO - [2023-10-19T22:35:57.069+0200] {dagbag.py:539} INFO - Filling up the DagBag from /Users/nick/Desktop/airflow_dic/venv/lib/python3.11/site-packages/airflow/example_dags/example_sensor_decorator.py
[2023-10-19T22:35:57.088+0200] {processor.py:839} INFO - DAG(s) dict_keys(['example_sensor_decorator']) retrieved from /Users/nick/Desktop/airflow_dic/venv/lib/python3.11/site-packages/airflow/example_dags/example_sensor_decorator.py
[2023-10-19T22:35:57.145+0200] {logging_mixin.py:151} INFO - [2023-10-19T22:35:57.145+0200] {dag.py:2915} INFO - Sync 1 DAGs
[2023-10-19T22:35:57.148+0200] {logging_mixin.py:151} INFO - [2023-10-19T22:35:57.148+0200] {dag.py:3696} INFO - Setting next_dagrun for example_sensor_decorator to None, run_after=None
[2023-10-19T22:35:57.154+0200] {processor.py:179} INFO - Processing /Users/nick/Desktop/airflow_dic/venv/lib/python3.11/site-packages/airflow/example_dags/example_sensor_decorator.py took 0.088 seconds
[2023-10-19T22:37:05.675+0200] {processor.py:157} INFO - Started process (PID=32995) to work on /Users/nick/Desktop/airflow_dic/venv/lib/python3.11/site-packages/airflow/example_dags/example_sensor_decorator.py
[2023-10-19T22:37:05.676+0200] {processor.py:829} INFO - Processing file /Users/nick/Desktop/airflow_dic/venv/lib/python3.11/site-packages/airflow/example_dags/example_sensor_decorator.py for tasks to queue
[2023-10-19T22:37:05.677+0200] {logging_mixin.py:151} INFO - [2023-10-19T22:37:05.677+0200] {dagbag.py:539} INFO - Filling up the DagBag from /Users/nick/Desktop/airflow_dic/venv/lib/python3.11/site-packages/airflow/example_dags/example_sensor_decorator.py
[2023-10-19T22:37:05.695+0200] {processor.py:839} INFO - DAG(s) dict_keys(['example_sensor_decorator']) retrieved from /Users/nick/Desktop/airflow_dic/venv/lib/python3.11/site-packages/airflow/example_dags/example_sensor_decorator.py
[2023-10-19T22:37:05.752+0200] {logging_mixin.py:151} INFO - [2023-10-19T22:37:05.752+0200] {dag.py:2915} INFO - Sync 1 DAGs
[2023-10-19T22:37:05.755+0200] {logging_mixin.py:151} INFO - [2023-10-19T22:37:05.755+0200] {dag.py:3696} INFO - Setting next_dagrun for example_sensor_decorator to None, run_after=None
[2023-10-19T22:37:05.762+0200] {processor.py:179} INFO - Processing /Users/nick/Desktop/airflow_dic/venv/lib/python3.11/site-packages/airflow/example_dags/example_sensor_decorator.py took 0.087 seconds
[2023-10-19T22:38:13.207+0200] {processor.py:157} INFO - Started process (PID=33122) to work on /Users/nick/Desktop/airflow_dic/venv/lib/python3.11/site-packages/airflow/example_dags/example_sensor_decorator.py
[2023-10-19T22:38:13.208+0200] {processor.py:829} INFO - Processing file /Users/nick/Desktop/airflow_dic/venv/lib/python3.11/site-packages/airflow/example_dags/example_sensor_decorator.py for tasks to queue
[2023-10-19T22:38:13.208+0200] {logging_mixin.py:151} INFO - [2023-10-19T22:38:13.208+0200] {dagbag.py:539} INFO - Filling up the DagBag from /Users/nick/Desktop/airflow_dic/venv/lib/python3.11/site-packages/airflow/example_dags/example_sensor_decorator.py
[2023-10-19T22:38:13.227+0200] {processor.py:839} INFO - DAG(s) dict_keys(['example_sensor_decorator']) retrieved from /Users/nick/Desktop/airflow_dic/venv/lib/python3.11/site-packages/airflow/example_dags/example_sensor_decorator.py
[2023-10-19T22:38:13.284+0200] {logging_mixin.py:151} INFO - [2023-10-19T22:38:13.284+0200] {dag.py:2915} INFO - Sync 1 DAGs
[2023-10-19T22:38:13.287+0200] {logging_mixin.py:151} INFO - [2023-10-19T22:38:13.287+0200] {dag.py:3696} INFO - Setting next_dagrun for example_sensor_decorator to None, run_after=None
[2023-10-19T22:38:13.294+0200] {processor.py:179} INFO - Processing /Users/nick/Desktop/airflow_dic/venv/lib/python3.11/site-packages/airflow/example_dags/example_sensor_decorator.py took 0.087 seconds
[2023-10-19T22:39:21.145+0200] {processor.py:157} INFO - Started process (PID=33248) to work on /Users/nick/Desktop/airflow_dic/venv/lib/python3.11/site-packages/airflow/example_dags/example_sensor_decorator.py
[2023-10-19T22:39:21.146+0200] {processor.py:829} INFO - Processing file /Users/nick/Desktop/airflow_dic/venv/lib/python3.11/site-packages/airflow/example_dags/example_sensor_decorator.py for tasks to queue
[2023-10-19T22:39:21.146+0200] {logging_mixin.py:151} INFO - [2023-10-19T22:39:21.146+0200] {dagbag.py:539} INFO - Filling up the DagBag from /Users/nick/Desktop/airflow_dic/venv/lib/python3.11/site-packages/airflow/example_dags/example_sensor_decorator.py
[2023-10-19T22:39:21.167+0200] {processor.py:839} INFO - DAG(s) dict_keys(['example_sensor_decorator']) retrieved from /Users/nick/Desktop/airflow_dic/venv/lib/python3.11/site-packages/airflow/example_dags/example_sensor_decorator.py
[2023-10-19T22:39:21.225+0200] {logging_mixin.py:151} INFO - [2023-10-19T22:39:21.225+0200] {dag.py:2915} INFO - Sync 1 DAGs
[2023-10-19T22:39:21.229+0200] {logging_mixin.py:151} INFO - [2023-10-19T22:39:21.229+0200] {dag.py:3696} INFO - Setting next_dagrun for example_sensor_decorator to None, run_after=None
[2023-10-19T22:39:21.235+0200] {processor.py:179} INFO - Processing /Users/nick/Desktop/airflow_dic/venv/lib/python3.11/site-packages/airflow/example_dags/example_sensor_decorator.py took 0.091 seconds
[2023-10-19T22:40:27.715+0200] {processor.py:157} INFO - Started process (PID=33375) to work on /Users/nick/Desktop/airflow_dic/venv/lib/python3.11/site-packages/airflow/example_dags/example_sensor_decorator.py
[2023-10-19T22:40:27.717+0200] {processor.py:829} INFO - Processing file /Users/nick/Desktop/airflow_dic/venv/lib/python3.11/site-packages/airflow/example_dags/example_sensor_decorator.py for tasks to queue
[2023-10-19T22:40:27.717+0200] {logging_mixin.py:151} INFO - [2023-10-19T22:40:27.717+0200] {dagbag.py:539} INFO - Filling up the DagBag from /Users/nick/Desktop/airflow_dic/venv/lib/python3.11/site-packages/airflow/example_dags/example_sensor_decorator.py
[2023-10-19T22:40:27.736+0200] {processor.py:839} INFO - DAG(s) dict_keys(['example_sensor_decorator']) retrieved from /Users/nick/Desktop/airflow_dic/venv/lib/python3.11/site-packages/airflow/example_dags/example_sensor_decorator.py
[2023-10-19T22:40:27.794+0200] {logging_mixin.py:151} INFO - [2023-10-19T22:40:27.794+0200] {dag.py:2915} INFO - Sync 1 DAGs
[2023-10-19T22:40:27.797+0200] {logging_mixin.py:151} INFO - [2023-10-19T22:40:27.797+0200] {dag.py:3696} INFO - Setting next_dagrun for example_sensor_decorator to None, run_after=None
[2023-10-19T22:40:27.804+0200] {processor.py:179} INFO - Processing /Users/nick/Desktop/airflow_dic/venv/lib/python3.11/site-packages/airflow/example_dags/example_sensor_decorator.py took 0.089 seconds
[2023-10-19T22:41:37.347+0200] {processor.py:157} INFO - Started process (PID=33504) to work on /Users/nick/Desktop/airflow_dic/venv/lib/python3.11/site-packages/airflow/example_dags/example_sensor_decorator.py
[2023-10-19T22:41:37.348+0200] {processor.py:829} INFO - Processing file /Users/nick/Desktop/airflow_dic/venv/lib/python3.11/site-packages/airflow/example_dags/example_sensor_decorator.py for tasks to queue
[2023-10-19T22:41:37.348+0200] {logging_mixin.py:151} INFO - [2023-10-19T22:41:37.348+0200] {dagbag.py:539} INFO - Filling up the DagBag from /Users/nick/Desktop/airflow_dic/venv/lib/python3.11/site-packages/airflow/example_dags/example_sensor_decorator.py
[2023-10-19T22:41:37.367+0200] {processor.py:839} INFO - DAG(s) dict_keys(['example_sensor_decorator']) retrieved from /Users/nick/Desktop/airflow_dic/venv/lib/python3.11/site-packages/airflow/example_dags/example_sensor_decorator.py
[2023-10-19T22:41:37.424+0200] {logging_mixin.py:151} INFO - [2023-10-19T22:41:37.424+0200] {dag.py:2915} INFO - Sync 1 DAGs
[2023-10-19T22:41:37.427+0200] {logging_mixin.py:151} INFO - [2023-10-19T22:41:37.427+0200] {dag.py:3696} INFO - Setting next_dagrun for example_sensor_decorator to None, run_after=None
[2023-10-19T22:41:37.434+0200] {processor.py:179} INFO - Processing /Users/nick/Desktop/airflow_dic/venv/lib/python3.11/site-packages/airflow/example_dags/example_sensor_decorator.py took 0.087 seconds
[2023-10-19T22:42:48.812+0200] {processor.py:157} INFO - Started process (PID=33635) to work on /Users/nick/Desktop/airflow_dic/venv/lib/python3.11/site-packages/airflow/example_dags/example_sensor_decorator.py
[2023-10-19T22:42:48.813+0200] {processor.py:829} INFO - Processing file /Users/nick/Desktop/airflow_dic/venv/lib/python3.11/site-packages/airflow/example_dags/example_sensor_decorator.py for tasks to queue
[2023-10-19T22:42:48.813+0200] {logging_mixin.py:151} INFO - [2023-10-19T22:42:48.813+0200] {dagbag.py:539} INFO - Filling up the DagBag from /Users/nick/Desktop/airflow_dic/venv/lib/python3.11/site-packages/airflow/example_dags/example_sensor_decorator.py
[2023-10-19T22:42:48.834+0200] {processor.py:839} INFO - DAG(s) dict_keys(['example_sensor_decorator']) retrieved from /Users/nick/Desktop/airflow_dic/venv/lib/python3.11/site-packages/airflow/example_dags/example_sensor_decorator.py
[2023-10-19T22:42:48.896+0200] {logging_mixin.py:151} INFO - [2023-10-19T22:42:48.896+0200] {dag.py:2915} INFO - Sync 1 DAGs
[2023-10-19T22:42:48.900+0200] {logging_mixin.py:151} INFO - [2023-10-19T22:42:48.899+0200] {dag.py:3696} INFO - Setting next_dagrun for example_sensor_decorator to None, run_after=None
[2023-10-19T22:42:48.907+0200] {processor.py:179} INFO - Processing /Users/nick/Desktop/airflow_dic/venv/lib/python3.11/site-packages/airflow/example_dags/example_sensor_decorator.py took 0.095 seconds
[2023-10-19T22:43:56.810+0200] {processor.py:157} INFO - Started process (PID=33762) to work on /Users/nick/Desktop/airflow_dic/venv/lib/python3.11/site-packages/airflow/example_dags/example_sensor_decorator.py
[2023-10-19T22:43:56.811+0200] {processor.py:829} INFO - Processing file /Users/nick/Desktop/airflow_dic/venv/lib/python3.11/site-packages/airflow/example_dags/example_sensor_decorator.py for tasks to queue
[2023-10-19T22:43:56.812+0200] {logging_mixin.py:151} INFO - [2023-10-19T22:43:56.811+0200] {dagbag.py:539} INFO - Filling up the DagBag from /Users/nick/Desktop/airflow_dic/venv/lib/python3.11/site-packages/airflow/example_dags/example_sensor_decorator.py
[2023-10-19T22:43:56.832+0200] {processor.py:839} INFO - DAG(s) dict_keys(['example_sensor_decorator']) retrieved from /Users/nick/Desktop/airflow_dic/venv/lib/python3.11/site-packages/airflow/example_dags/example_sensor_decorator.py
[2023-10-19T22:43:56.894+0200] {logging_mixin.py:151} INFO - [2023-10-19T22:43:56.894+0200] {dag.py:2915} INFO - Sync 1 DAGs
[2023-10-19T22:43:56.897+0200] {logging_mixin.py:151} INFO - [2023-10-19T22:43:56.897+0200] {dag.py:3696} INFO - Setting next_dagrun for example_sensor_decorator to None, run_after=None
[2023-10-19T22:43:56.904+0200] {processor.py:179} INFO - Processing /Users/nick/Desktop/airflow_dic/venv/lib/python3.11/site-packages/airflow/example_dags/example_sensor_decorator.py took 0.094 seconds
[2023-10-19T22:45:08.313+0200] {processor.py:157} INFO - Started process (PID=33901) to work on /Users/nick/Desktop/airflow_dic/venv/lib/python3.11/site-packages/airflow/example_dags/example_sensor_decorator.py
[2023-10-19T22:45:08.315+0200] {processor.py:829} INFO - Processing file /Users/nick/Desktop/airflow_dic/venv/lib/python3.11/site-packages/airflow/example_dags/example_sensor_decorator.py for tasks to queue
[2023-10-19T22:45:08.315+0200] {logging_mixin.py:151} INFO - [2023-10-19T22:45:08.315+0200] {dagbag.py:539} INFO - Filling up the DagBag from /Users/nick/Desktop/airflow_dic/venv/lib/python3.11/site-packages/airflow/example_dags/example_sensor_decorator.py
[2023-10-19T22:45:08.334+0200] {processor.py:839} INFO - DAG(s) dict_keys(['example_sensor_decorator']) retrieved from /Users/nick/Desktop/airflow_dic/venv/lib/python3.11/site-packages/airflow/example_dags/example_sensor_decorator.py
[2023-10-19T22:45:08.395+0200] {logging_mixin.py:151} INFO - [2023-10-19T22:45:08.395+0200] {dag.py:2915} INFO - Sync 1 DAGs
[2023-10-19T22:45:08.399+0200] {logging_mixin.py:151} INFO - [2023-10-19T22:45:08.399+0200] {dag.py:3696} INFO - Setting next_dagrun for example_sensor_decorator to None, run_after=None
[2023-10-19T22:45:08.406+0200] {processor.py:179} INFO - Processing /Users/nick/Desktop/airflow_dic/venv/lib/python3.11/site-packages/airflow/example_dags/example_sensor_decorator.py took 0.094 seconds
[2023-10-19T22:45:50.249+0200] {processor.py:157} INFO - Started process (PID=33996) to work on /Users/nick/Desktop/airflow_dic/venv/lib/python3.11/site-packages/airflow/example_dags/example_sensor_decorator.py
[2023-10-19T22:45:50.251+0200] {processor.py:829} INFO - Processing file /Users/nick/Desktop/airflow_dic/venv/lib/python3.11/site-packages/airflow/example_dags/example_sensor_decorator.py for tasks to queue
[2023-10-19T22:45:50.251+0200] {logging_mixin.py:151} INFO - [2023-10-19T22:45:50.251+0200] {dagbag.py:539} INFO - Filling up the DagBag from /Users/nick/Desktop/airflow_dic/venv/lib/python3.11/site-packages/airflow/example_dags/example_sensor_decorator.py
[2023-10-19T22:45:50.270+0200] {processor.py:839} INFO - DAG(s) dict_keys(['example_sensor_decorator']) retrieved from /Users/nick/Desktop/airflow_dic/venv/lib/python3.11/site-packages/airflow/example_dags/example_sensor_decorator.py
[2023-10-19T22:45:50.327+0200] {logging_mixin.py:151} INFO - [2023-10-19T22:45:50.327+0200] {dag.py:2915} INFO - Sync 1 DAGs
[2023-10-19T22:45:50.330+0200] {logging_mixin.py:151} INFO - [2023-10-19T22:45:50.330+0200] {dag.py:3696} INFO - Setting next_dagrun for example_sensor_decorator to None, run_after=None
[2023-10-19T22:45:50.336+0200] {processor.py:179} INFO - Processing /Users/nick/Desktop/airflow_dic/venv/lib/python3.11/site-packages/airflow/example_dags/example_sensor_decorator.py took 0.087 seconds
[2023-10-19T22:46:56.180+0200] {processor.py:157} INFO - Started process (PID=34122) to work on /Users/nick/Desktop/airflow_dic/venv/lib/python3.11/site-packages/airflow/example_dags/example_sensor_decorator.py
[2023-10-19T22:46:56.183+0200] {processor.py:829} INFO - Processing file /Users/nick/Desktop/airflow_dic/venv/lib/python3.11/site-packages/airflow/example_dags/example_sensor_decorator.py for tasks to queue
[2023-10-19T22:46:56.183+0200] {logging_mixin.py:151} INFO - [2023-10-19T22:46:56.183+0200] {dagbag.py:539} INFO - Filling up the DagBag from /Users/nick/Desktop/airflow_dic/venv/lib/python3.11/site-packages/airflow/example_dags/example_sensor_decorator.py
[2023-10-19T22:46:56.204+0200] {processor.py:839} INFO - DAG(s) dict_keys(['example_sensor_decorator']) retrieved from /Users/nick/Desktop/airflow_dic/venv/lib/python3.11/site-packages/airflow/example_dags/example_sensor_decorator.py
[2023-10-19T22:46:56.263+0200] {logging_mixin.py:151} INFO - [2023-10-19T22:46:56.263+0200] {dag.py:2915} INFO - Sync 1 DAGs
[2023-10-19T22:46:56.266+0200] {logging_mixin.py:151} INFO - [2023-10-19T22:46:56.266+0200] {dag.py:3696} INFO - Setting next_dagrun for example_sensor_decorator to None, run_after=None
[2023-10-19T22:46:56.272+0200] {processor.py:179} INFO - Processing /Users/nick/Desktop/airflow_dic/venv/lib/python3.11/site-packages/airflow/example_dags/example_sensor_decorator.py took 0.092 seconds
[2023-10-19T22:48:02.724+0200] {processor.py:157} INFO - Started process (PID=34248) to work on /Users/nick/Desktop/airflow_dic/venv/lib/python3.11/site-packages/airflow/example_dags/example_sensor_decorator.py
[2023-10-19T22:48:02.725+0200] {processor.py:829} INFO - Processing file /Users/nick/Desktop/airflow_dic/venv/lib/python3.11/site-packages/airflow/example_dags/example_sensor_decorator.py for tasks to queue
[2023-10-19T22:48:02.726+0200] {logging_mixin.py:151} INFO - [2023-10-19T22:48:02.725+0200] {dagbag.py:539} INFO - Filling up the DagBag from /Users/nick/Desktop/airflow_dic/venv/lib/python3.11/site-packages/airflow/example_dags/example_sensor_decorator.py
[2023-10-19T22:48:02.744+0200] {processor.py:839} INFO - DAG(s) dict_keys(['example_sensor_decorator']) retrieved from /Users/nick/Desktop/airflow_dic/venv/lib/python3.11/site-packages/airflow/example_dags/example_sensor_decorator.py
[2023-10-19T22:48:02.801+0200] {logging_mixin.py:151} INFO - [2023-10-19T22:48:02.801+0200] {dag.py:2915} INFO - Sync 1 DAGs
[2023-10-19T22:48:02.804+0200] {logging_mixin.py:151} INFO - [2023-10-19T22:48:02.804+0200] {dag.py:3696} INFO - Setting next_dagrun for example_sensor_decorator to None, run_after=None
[2023-10-19T22:48:02.810+0200] {processor.py:179} INFO - Processing /Users/nick/Desktop/airflow_dic/venv/lib/python3.11/site-packages/airflow/example_dags/example_sensor_decorator.py took 0.087 seconds
[2023-10-19T22:49:12.730+0200] {processor.py:157} INFO - Started process (PID=34388) to work on /Users/nick/Desktop/airflow_dic/venv/lib/python3.11/site-packages/airflow/example_dags/example_sensor_decorator.py
[2023-10-19T22:49:12.731+0200] {processor.py:829} INFO - Processing file /Users/nick/Desktop/airflow_dic/venv/lib/python3.11/site-packages/airflow/example_dags/example_sensor_decorator.py for tasks to queue
[2023-10-19T22:49:12.731+0200] {logging_mixin.py:151} INFO - [2023-10-19T22:49:12.731+0200] {dagbag.py:539} INFO - Filling up the DagBag from /Users/nick/Desktop/airflow_dic/venv/lib/python3.11/site-packages/airflow/example_dags/example_sensor_decorator.py
[2023-10-19T22:49:12.751+0200] {processor.py:839} INFO - DAG(s) dict_keys(['example_sensor_decorator']) retrieved from /Users/nick/Desktop/airflow_dic/venv/lib/python3.11/site-packages/airflow/example_dags/example_sensor_decorator.py
[2023-10-19T22:49:12.811+0200] {logging_mixin.py:151} INFO - [2023-10-19T22:49:12.811+0200] {dag.py:2915} INFO - Sync 1 DAGs
[2023-10-19T22:49:12.814+0200] {logging_mixin.py:151} INFO - [2023-10-19T22:49:12.814+0200] {dag.py:3696} INFO - Setting next_dagrun for example_sensor_decorator to None, run_after=None
[2023-10-19T22:49:12.820+0200] {processor.py:179} INFO - Processing /Users/nick/Desktop/airflow_dic/venv/lib/python3.11/site-packages/airflow/example_dags/example_sensor_decorator.py took 0.091 seconds
[2023-10-19T22:50:21.122+0200] {processor.py:157} INFO - Started process (PID=34515) to work on /Users/nick/Desktop/airflow_dic/venv/lib/python3.11/site-packages/airflow/example_dags/example_sensor_decorator.py
[2023-10-19T22:50:21.123+0200] {processor.py:829} INFO - Processing file /Users/nick/Desktop/airflow_dic/venv/lib/python3.11/site-packages/airflow/example_dags/example_sensor_decorator.py for tasks to queue
[2023-10-19T22:50:21.123+0200] {logging_mixin.py:151} INFO - [2023-10-19T22:50:21.123+0200] {dagbag.py:539} INFO - Filling up the DagBag from /Users/nick/Desktop/airflow_dic/venv/lib/python3.11/site-packages/airflow/example_dags/example_sensor_decorator.py
[2023-10-19T22:50:21.142+0200] {processor.py:839} INFO - DAG(s) dict_keys(['example_sensor_decorator']) retrieved from /Users/nick/Desktop/airflow_dic/venv/lib/python3.11/site-packages/airflow/example_dags/example_sensor_decorator.py
[2023-10-19T22:50:21.199+0200] {logging_mixin.py:151} INFO - [2023-10-19T22:50:21.199+0200] {dag.py:2915} INFO - Sync 1 DAGs
[2023-10-19T22:50:21.202+0200] {logging_mixin.py:151} INFO - [2023-10-19T22:50:21.202+0200] {dag.py:3696} INFO - Setting next_dagrun for example_sensor_decorator to None, run_after=None
[2023-10-19T22:50:21.208+0200] {processor.py:179} INFO - Processing /Users/nick/Desktop/airflow_dic/venv/lib/python3.11/site-packages/airflow/example_dags/example_sensor_decorator.py took 0.087 seconds
[2023-10-19T22:53:48.743+0200] {processor.py:157} INFO - Started process (PID=34836) to work on /Users/nick/Desktop/airflow_dic/venv/lib/python3.11/site-packages/airflow/example_dags/example_sensor_decorator.py
[2023-10-19T22:53:48.745+0200] {processor.py:829} INFO - Processing file /Users/nick/Desktop/airflow_dic/venv/lib/python3.11/site-packages/airflow/example_dags/example_sensor_decorator.py for tasks to queue
[2023-10-19T22:53:48.745+0200] {logging_mixin.py:151} INFO - [2023-10-19T22:53:48.745+0200] {dagbag.py:539} INFO - Filling up the DagBag from /Users/nick/Desktop/airflow_dic/venv/lib/python3.11/site-packages/airflow/example_dags/example_sensor_decorator.py
[2023-10-19T22:53:48.767+0200] {processor.py:839} INFO - DAG(s) dict_keys(['example_sensor_decorator']) retrieved from /Users/nick/Desktop/airflow_dic/venv/lib/python3.11/site-packages/airflow/example_dags/example_sensor_decorator.py
[2023-10-19T22:53:48.830+0200] {logging_mixin.py:151} INFO - [2023-10-19T22:53:48.830+0200] {dag.py:2915} INFO - Sync 1 DAGs
[2023-10-19T22:53:48.834+0200] {logging_mixin.py:151} INFO - [2023-10-19T22:53:48.834+0200] {dag.py:3696} INFO - Setting next_dagrun for example_sensor_decorator to None, run_after=None
[2023-10-19T22:53:48.840+0200] {processor.py:179} INFO - Processing /Users/nick/Desktop/airflow_dic/venv/lib/python3.11/site-packages/airflow/example_dags/example_sensor_decorator.py took 0.097 seconds
[2023-10-19T22:54:52.465+0200] {processor.py:157} INFO - Started process (PID=34965) to work on /Users/nick/Desktop/airflow_dic/venv/lib/python3.11/site-packages/airflow/example_dags/example_sensor_decorator.py
[2023-10-19T22:54:52.468+0200] {processor.py:829} INFO - Processing file /Users/nick/Desktop/airflow_dic/venv/lib/python3.11/site-packages/airflow/example_dags/example_sensor_decorator.py for tasks to queue
[2023-10-19T22:54:52.468+0200] {logging_mixin.py:151} INFO - [2023-10-19T22:54:52.468+0200] {dagbag.py:539} INFO - Filling up the DagBag from /Users/nick/Desktop/airflow_dic/venv/lib/python3.11/site-packages/airflow/example_dags/example_sensor_decorator.py
[2023-10-19T22:54:52.487+0200] {processor.py:839} INFO - DAG(s) dict_keys(['example_sensor_decorator']) retrieved from /Users/nick/Desktop/airflow_dic/venv/lib/python3.11/site-packages/airflow/example_dags/example_sensor_decorator.py
[2023-10-19T22:54:52.544+0200] {logging_mixin.py:151} INFO - [2023-10-19T22:54:52.544+0200] {dag.py:2915} INFO - Sync 1 DAGs
[2023-10-19T22:54:52.547+0200] {logging_mixin.py:151} INFO - [2023-10-19T22:54:52.547+0200] {dag.py:3696} INFO - Setting next_dagrun for example_sensor_decorator to None, run_after=None
[2023-10-19T22:54:52.553+0200] {processor.py:179} INFO - Processing /Users/nick/Desktop/airflow_dic/venv/lib/python3.11/site-packages/airflow/example_dags/example_sensor_decorator.py took 0.088 seconds
[2023-10-19T22:55:59.695+0200] {processor.py:157} INFO - Started process (PID=35099) to work on /Users/nick/Desktop/airflow_dic/venv/lib/python3.11/site-packages/airflow/example_dags/example_sensor_decorator.py
[2023-10-19T22:55:59.696+0200] {processor.py:829} INFO - Processing file /Users/nick/Desktop/airflow_dic/venv/lib/python3.11/site-packages/airflow/example_dags/example_sensor_decorator.py for tasks to queue
[2023-10-19T22:55:59.697+0200] {logging_mixin.py:151} INFO - [2023-10-19T22:55:59.697+0200] {dagbag.py:539} INFO - Filling up the DagBag from /Users/nick/Desktop/airflow_dic/venv/lib/python3.11/site-packages/airflow/example_dags/example_sensor_decorator.py
[2023-10-19T22:55:59.716+0200] {processor.py:839} INFO - DAG(s) dict_keys(['example_sensor_decorator']) retrieved from /Users/nick/Desktop/airflow_dic/venv/lib/python3.11/site-packages/airflow/example_dags/example_sensor_decorator.py
[2023-10-19T22:55:59.773+0200] {logging_mixin.py:151} INFO - [2023-10-19T22:55:59.773+0200] {dag.py:2915} INFO - Sync 1 DAGs
[2023-10-19T22:55:59.776+0200] {logging_mixin.py:151} INFO - [2023-10-19T22:55:59.776+0200] {dag.py:3696} INFO - Setting next_dagrun for example_sensor_decorator to None, run_after=None
[2023-10-19T22:55:59.782+0200] {processor.py:179} INFO - Processing /Users/nick/Desktop/airflow_dic/venv/lib/python3.11/site-packages/airflow/example_dags/example_sensor_decorator.py took 0.088 seconds
[2023-10-19T22:57:08.628+0200] {processor.py:157} INFO - Started process (PID=35239) to work on /Users/nick/Desktop/airflow_dic/venv/lib/python3.11/site-packages/airflow/example_dags/example_sensor_decorator.py
[2023-10-19T22:57:08.630+0200] {processor.py:829} INFO - Processing file /Users/nick/Desktop/airflow_dic/venv/lib/python3.11/site-packages/airflow/example_dags/example_sensor_decorator.py for tasks to queue
[2023-10-19T22:57:08.630+0200] {logging_mixin.py:151} INFO - [2023-10-19T22:57:08.630+0200] {dagbag.py:539} INFO - Filling up the DagBag from /Users/nick/Desktop/airflow_dic/venv/lib/python3.11/site-packages/airflow/example_dags/example_sensor_decorator.py
[2023-10-19T22:57:08.651+0200] {processor.py:839} INFO - DAG(s) dict_keys(['example_sensor_decorator']) retrieved from /Users/nick/Desktop/airflow_dic/venv/lib/python3.11/site-packages/airflow/example_dags/example_sensor_decorator.py
[2023-10-19T22:57:08.716+0200] {logging_mixin.py:151} INFO - [2023-10-19T22:57:08.715+0200] {dag.py:2915} INFO - Sync 1 DAGs
[2023-10-19T22:57:08.719+0200] {logging_mixin.py:151} INFO - [2023-10-19T22:57:08.719+0200] {dag.py:3696} INFO - Setting next_dagrun for example_sensor_decorator to None, run_after=None
[2023-10-19T22:57:08.726+0200] {processor.py:179} INFO - Processing /Users/nick/Desktop/airflow_dic/venv/lib/python3.11/site-packages/airflow/example_dags/example_sensor_decorator.py took 0.098 seconds
[2023-10-19T22:58:15.518+0200] {processor.py:157} INFO - Started process (PID=35373) to work on /Users/nick/Desktop/airflow_dic/venv/lib/python3.11/site-packages/airflow/example_dags/example_sensor_decorator.py
[2023-10-19T22:58:15.519+0200] {processor.py:829} INFO - Processing file /Users/nick/Desktop/airflow_dic/venv/lib/python3.11/site-packages/airflow/example_dags/example_sensor_decorator.py for tasks to queue
[2023-10-19T22:58:15.519+0200] {logging_mixin.py:151} INFO - [2023-10-19T22:58:15.519+0200] {dagbag.py:539} INFO - Filling up the DagBag from /Users/nick/Desktop/airflow_dic/venv/lib/python3.11/site-packages/airflow/example_dags/example_sensor_decorator.py
[2023-10-19T22:58:15.538+0200] {processor.py:839} INFO - DAG(s) dict_keys(['example_sensor_decorator']) retrieved from /Users/nick/Desktop/airflow_dic/venv/lib/python3.11/site-packages/airflow/example_dags/example_sensor_decorator.py
[2023-10-19T22:58:15.594+0200] {logging_mixin.py:151} INFO - [2023-10-19T22:58:15.594+0200] {dag.py:2915} INFO - Sync 1 DAGs
[2023-10-19T22:58:15.597+0200] {logging_mixin.py:151} INFO - [2023-10-19T22:58:15.597+0200] {dag.py:3696} INFO - Setting next_dagrun for example_sensor_decorator to None, run_after=None
[2023-10-19T22:58:15.604+0200] {processor.py:179} INFO - Processing /Users/nick/Desktop/airflow_dic/venv/lib/python3.11/site-packages/airflow/example_dags/example_sensor_decorator.py took 0.086 seconds
[2023-10-19T22:59:22.153+0200] {processor.py:157} INFO - Started process (PID=35512) to work on /Users/nick/Desktop/airflow_dic/venv/lib/python3.11/site-packages/airflow/example_dags/example_sensor_decorator.py
[2023-10-19T22:59:22.154+0200] {processor.py:829} INFO - Processing file /Users/nick/Desktop/airflow_dic/venv/lib/python3.11/site-packages/airflow/example_dags/example_sensor_decorator.py for tasks to queue
[2023-10-19T22:59:22.155+0200] {logging_mixin.py:151} INFO - [2023-10-19T22:59:22.154+0200] {dagbag.py:539} INFO - Filling up the DagBag from /Users/nick/Desktop/airflow_dic/venv/lib/python3.11/site-packages/airflow/example_dags/example_sensor_decorator.py
[2023-10-19T22:59:22.175+0200] {processor.py:839} INFO - DAG(s) dict_keys(['example_sensor_decorator']) retrieved from /Users/nick/Desktop/airflow_dic/venv/lib/python3.11/site-packages/airflow/example_dags/example_sensor_decorator.py
[2023-10-19T22:59:22.235+0200] {logging_mixin.py:151} INFO - [2023-10-19T22:59:22.235+0200] {dag.py:2915} INFO - Sync 1 DAGs
[2023-10-19T22:59:22.238+0200] {logging_mixin.py:151} INFO - [2023-10-19T22:59:22.238+0200] {dag.py:3696} INFO - Setting next_dagrun for example_sensor_decorator to None, run_after=None
[2023-10-19T22:59:22.245+0200] {processor.py:179} INFO - Processing /Users/nick/Desktop/airflow_dic/venv/lib/python3.11/site-packages/airflow/example_dags/example_sensor_decorator.py took 0.092 seconds
