[2023-10-19T22:18:49.412+0200] {processor.py:157} INFO - Started process (PID=28930) to work on /Users/nick/Desktop/airflow_dic/venv/lib/python3.11/site-packages/airflow/example_dags/example_external_task_marker_dag.py
[2023-10-19T22:18:49.413+0200] {processor.py:829} INFO - Processing file /Users/nick/Desktop/airflow_dic/venv/lib/python3.11/site-packages/airflow/example_dags/example_external_task_marker_dag.py for tasks to queue
[2023-10-19T22:18:49.413+0200] {logging_mixin.py:151} INFO - [2023-10-19T22:18:49.413+0200] {dagbag.py:539} INFO - Filling up the DagBag from /Users/nick/Desktop/airflow_dic/venv/lib/python3.11/site-packages/airflow/example_dags/example_external_task_marker_dag.py
[2023-10-19T22:18:49.424+0200] {processor.py:839} INFO - DAG(s) dict_keys(['example_external_task_marker_child', 'example_external_task_marker_parent']) retrieved from /Users/nick/Desktop/airflow_dic/venv/lib/python3.11/site-packages/airflow/example_dags/example_external_task_marker_dag.py
[2023-10-19T22:18:49.693+0200] {logging_mixin.py:151} INFO - [2023-10-19T22:18:49.693+0200] {manager.py:499} INFO - Created Permission View: %s
[2023-10-19T22:18:49.696+0200] {logging_mixin.py:151} INFO - [2023-10-19T22:18:49.696+0200] {manager.py:499} INFO - Created Permission View: %s
[2023-10-19T22:18:49.698+0200] {logging_mixin.py:151} INFO - [2023-10-19T22:18:49.697+0200] {manager.py:499} INFO - Created Permission View: %s
[2023-10-19T22:18:49.698+0200] {logging_mixin.py:151} INFO - [2023-10-19T22:18:49.698+0200] {security.py:708} INFO - Not syncing DAG-level permissions for DAG 'DAG:example_external_task_marker_child' as access control is unset.
[2023-10-19T22:18:49.701+0200] {logging_mixin.py:151} INFO - [2023-10-19T22:18:49.701+0200] {manager.py:499} INFO - Created Permission View: %s
[2023-10-19T22:18:49.703+0200] {logging_mixin.py:151} INFO - [2023-10-19T22:18:49.703+0200] {manager.py:499} INFO - Created Permission View: %s
[2023-10-19T22:18:49.704+0200] {logging_mixin.py:151} INFO - [2023-10-19T22:18:49.704+0200] {manager.py:499} INFO - Created Permission View: %s
[2023-10-19T22:18:49.704+0200] {logging_mixin.py:151} INFO - [2023-10-19T22:18:49.704+0200] {security.py:708} INFO - Not syncing DAG-level permissions for DAG 'DAG:example_external_task_marker_parent' as access control is unset.
[2023-10-19T22:18:49.704+0200] {logging_mixin.py:151} INFO - [2023-10-19T22:18:49.704+0200] {dag.py:2915} INFO - Sync 2 DAGs
[2023-10-19T22:18:49.707+0200] {logging_mixin.py:151} INFO - [2023-10-19T22:18:49.707+0200] {dag.py:2937} INFO - Creating ORM DAG for example_external_task_marker_child
[2023-10-19T22:18:49.707+0200] {logging_mixin.py:151} INFO - [2023-10-19T22:18:49.707+0200] {dag.py:2937} INFO - Creating ORM DAG for example_external_task_marker_parent
[2023-10-19T22:18:49.708+0200] {logging_mixin.py:151} INFO - [2023-10-19T22:18:49.708+0200] {dag.py:3696} INFO - Setting next_dagrun for example_external_task_marker_child to None, run_after=None
[2023-10-19T22:18:49.708+0200] {logging_mixin.py:151} INFO - [2023-10-19T22:18:49.708+0200] {dag.py:3696} INFO - Setting next_dagrun for example_external_task_marker_parent to None, run_after=None
[2023-10-19T22:18:49.713+0200] {processor.py:179} INFO - Processing /Users/nick/Desktop/airflow_dic/venv/lib/python3.11/site-packages/airflow/example_dags/example_external_task_marker_dag.py took 0.301 seconds
[2023-10-19T22:20:08.984+0200] {processor.py:157} INFO - Started process (PID=29081) to work on /Users/nick/Desktop/airflow_dic/venv/lib/python3.11/site-packages/airflow/example_dags/example_external_task_marker_dag.py
[2023-10-19T22:20:08.986+0200] {processor.py:829} INFO - Processing file /Users/nick/Desktop/airflow_dic/venv/lib/python3.11/site-packages/airflow/example_dags/example_external_task_marker_dag.py for tasks to queue
[2023-10-19T22:20:08.986+0200] {logging_mixin.py:151} INFO - [2023-10-19T22:20:08.986+0200] {dagbag.py:539} INFO - Filling up the DagBag from /Users/nick/Desktop/airflow_dic/venv/lib/python3.11/site-packages/airflow/example_dags/example_external_task_marker_dag.py
[2023-10-19T22:20:08.998+0200] {processor.py:839} INFO - DAG(s) dict_keys(['example_external_task_marker_parent', 'example_external_task_marker_child']) retrieved from /Users/nick/Desktop/airflow_dic/venv/lib/python3.11/site-packages/airflow/example_dags/example_external_task_marker_dag.py
[2023-10-19T22:20:09.072+0200] {logging_mixin.py:151} INFO - [2023-10-19T22:20:09.071+0200] {dag.py:2915} INFO - Sync 2 DAGs
[2023-10-19T22:20:09.075+0200] {logging_mixin.py:151} INFO - [2023-10-19T22:20:09.075+0200] {dag.py:3696} INFO - Setting next_dagrun for example_external_task_marker_child to None, run_after=None
[2023-10-19T22:20:09.076+0200] {logging_mixin.py:151} INFO - [2023-10-19T22:20:09.076+0200] {dag.py:3696} INFO - Setting next_dagrun for example_external_task_marker_parent to None, run_after=None
[2023-10-19T22:20:09.082+0200] {processor.py:179} INFO - Processing /Users/nick/Desktop/airflow_dic/venv/lib/python3.11/site-packages/airflow/example_dags/example_external_task_marker_dag.py took 0.098 seconds
[2023-10-19T22:21:12.947+0200] {processor.py:157} INFO - Started process (PID=29213) to work on /Users/nick/Desktop/airflow_dic/venv/lib/python3.11/site-packages/airflow/example_dags/example_external_task_marker_dag.py
[2023-10-19T22:21:12.949+0200] {processor.py:829} INFO - Processing file /Users/nick/Desktop/airflow_dic/venv/lib/python3.11/site-packages/airflow/example_dags/example_external_task_marker_dag.py for tasks to queue
[2023-10-19T22:21:12.949+0200] {logging_mixin.py:151} INFO - [2023-10-19T22:21:12.949+0200] {dagbag.py:539} INFO - Filling up the DagBag from /Users/nick/Desktop/airflow_dic/venv/lib/python3.11/site-packages/airflow/example_dags/example_external_task_marker_dag.py
[2023-10-19T22:21:12.960+0200] {processor.py:839} INFO - DAG(s) dict_keys(['example_external_task_marker_parent', 'example_external_task_marker_child']) retrieved from /Users/nick/Desktop/airflow_dic/venv/lib/python3.11/site-packages/airflow/example_dags/example_external_task_marker_dag.py
[2023-10-19T22:21:13.021+0200] {logging_mixin.py:151} INFO - [2023-10-19T22:21:13.021+0200] {dag.py:2915} INFO - Sync 2 DAGs
[2023-10-19T22:21:13.024+0200] {logging_mixin.py:151} INFO - [2023-10-19T22:21:13.024+0200] {dag.py:3696} INFO - Setting next_dagrun for example_external_task_marker_child to None, run_after=None
[2023-10-19T22:21:13.025+0200] {logging_mixin.py:151} INFO - [2023-10-19T22:21:13.025+0200] {dag.py:3696} INFO - Setting next_dagrun for example_external_task_marker_parent to None, run_after=None
[2023-10-19T22:21:13.032+0200] {processor.py:179} INFO - Processing /Users/nick/Desktop/airflow_dic/venv/lib/python3.11/site-packages/airflow/example_dags/example_external_task_marker_dag.py took 0.085 seconds
[2023-10-19T22:23:35.480+0200] {processor.py:157} INFO - Started process (PID=29499) to work on /Users/nick/Desktop/airflow_dic/venv/lib/python3.11/site-packages/airflow/example_dags/example_external_task_marker_dag.py
[2023-10-19T22:23:35.483+0200] {processor.py:829} INFO - Processing file /Users/nick/Desktop/airflow_dic/venv/lib/python3.11/site-packages/airflow/example_dags/example_external_task_marker_dag.py for tasks to queue
[2023-10-19T22:23:35.483+0200] {logging_mixin.py:151} INFO - [2023-10-19T22:23:35.483+0200] {dagbag.py:539} INFO - Filling up the DagBag from /Users/nick/Desktop/airflow_dic/venv/lib/python3.11/site-packages/airflow/example_dags/example_external_task_marker_dag.py
[2023-10-19T22:23:35.494+0200] {processor.py:839} INFO - DAG(s) dict_keys(['example_external_task_marker_parent', 'example_external_task_marker_child']) retrieved from /Users/nick/Desktop/airflow_dic/venv/lib/python3.11/site-packages/airflow/example_dags/example_external_task_marker_dag.py
[2023-10-19T22:23:35.554+0200] {logging_mixin.py:151} INFO - [2023-10-19T22:23:35.554+0200] {dag.py:2915} INFO - Sync 2 DAGs
[2023-10-19T22:23:35.557+0200] {logging_mixin.py:151} INFO - [2023-10-19T22:23:35.557+0200] {dag.py:3696} INFO - Setting next_dagrun for example_external_task_marker_child to None, run_after=None
[2023-10-19T22:23:35.558+0200] {logging_mixin.py:151} INFO - [2023-10-19T22:23:35.558+0200] {dag.py:3696} INFO - Setting next_dagrun for example_external_task_marker_parent to None, run_after=None
[2023-10-19T22:23:35.564+0200] {processor.py:179} INFO - Processing /Users/nick/Desktop/airflow_dic/venv/lib/python3.11/site-packages/airflow/example_dags/example_external_task_marker_dag.py took 0.084 seconds
[2023-10-19T22:24:42.665+0200] {processor.py:157} INFO - Started process (PID=29636) to work on /Users/nick/Desktop/airflow_dic/venv/lib/python3.11/site-packages/airflow/example_dags/example_external_task_marker_dag.py
[2023-10-19T22:24:42.666+0200] {processor.py:829} INFO - Processing file /Users/nick/Desktop/airflow_dic/venv/lib/python3.11/site-packages/airflow/example_dags/example_external_task_marker_dag.py for tasks to queue
[2023-10-19T22:24:42.666+0200] {logging_mixin.py:151} INFO - [2023-10-19T22:24:42.666+0200] {dagbag.py:539} INFO - Filling up the DagBag from /Users/nick/Desktop/airflow_dic/venv/lib/python3.11/site-packages/airflow/example_dags/example_external_task_marker_dag.py
[2023-10-19T22:24:42.677+0200] {processor.py:839} INFO - DAG(s) dict_keys(['example_external_task_marker_parent', 'example_external_task_marker_child']) retrieved from /Users/nick/Desktop/airflow_dic/venv/lib/python3.11/site-packages/airflow/example_dags/example_external_task_marker_dag.py
[2023-10-19T22:24:42.735+0200] {logging_mixin.py:151} INFO - [2023-10-19T22:24:42.735+0200] {dag.py:2915} INFO - Sync 2 DAGs
[2023-10-19T22:24:42.738+0200] {logging_mixin.py:151} INFO - [2023-10-19T22:24:42.738+0200] {dag.py:3696} INFO - Setting next_dagrun for example_external_task_marker_child to None, run_after=None
[2023-10-19T22:24:42.739+0200] {logging_mixin.py:151} INFO - [2023-10-19T22:24:42.739+0200] {dag.py:3696} INFO - Setting next_dagrun for example_external_task_marker_parent to None, run_after=None
[2023-10-19T22:24:42.745+0200] {processor.py:179} INFO - Processing /Users/nick/Desktop/airflow_dic/venv/lib/python3.11/site-packages/airflow/example_dags/example_external_task_marker_dag.py took 0.081 seconds
[2023-10-19T22:25:42.525+0200] {processor.py:157} INFO - Started process (PID=31632) to work on /Users/nick/Desktop/airflow_dic/venv/lib/python3.11/site-packages/airflow/example_dags/example_external_task_marker_dag.py
[2023-10-19T22:25:42.526+0200] {processor.py:829} INFO - Processing file /Users/nick/Desktop/airflow_dic/venv/lib/python3.11/site-packages/airflow/example_dags/example_external_task_marker_dag.py for tasks to queue
[2023-10-19T22:25:42.527+0200] {logging_mixin.py:151} INFO - [2023-10-19T22:25:42.527+0200] {dagbag.py:539} INFO - Filling up the DagBag from /Users/nick/Desktop/airflow_dic/venv/lib/python3.11/site-packages/airflow/example_dags/example_external_task_marker_dag.py
[2023-10-19T22:25:42.539+0200] {processor.py:839} INFO - DAG(s) dict_keys(['example_external_task_marker_child', 'example_external_task_marker_parent']) retrieved from /Users/nick/Desktop/airflow_dic/venv/lib/python3.11/site-packages/airflow/example_dags/example_external_task_marker_dag.py
[2023-10-19T22:25:42.925+0200] {logging_mixin.py:151} INFO - [2023-10-19T22:25:42.925+0200] {security.py:708} INFO - Not syncing DAG-level permissions for DAG 'DAG:example_external_task_marker_child' as access control is unset.
[2023-10-19T22:25:42.928+0200] {logging_mixin.py:151} INFO - [2023-10-19T22:25:42.928+0200] {security.py:708} INFO - Not syncing DAG-level permissions for DAG 'DAG:example_external_task_marker_parent' as access control is unset.
[2023-10-19T22:25:42.928+0200] {logging_mixin.py:151} INFO - [2023-10-19T22:25:42.928+0200] {dag.py:2915} INFO - Sync 2 DAGs
[2023-10-19T22:25:42.931+0200] {logging_mixin.py:151} INFO - [2023-10-19T22:25:42.931+0200] {dag.py:2937} INFO - Creating ORM DAG for example_external_task_marker_parent
[2023-10-19T22:25:42.931+0200] {logging_mixin.py:151} INFO - [2023-10-19T22:25:42.931+0200] {dag.py:2937} INFO - Creating ORM DAG for example_external_task_marker_child
[2023-10-19T22:25:42.931+0200] {logging_mixin.py:151} INFO - [2023-10-19T22:25:42.931+0200] {dag.py:3696} INFO - Setting next_dagrun for example_external_task_marker_child to None, run_after=None
[2023-10-19T22:25:42.932+0200] {logging_mixin.py:151} INFO - [2023-10-19T22:25:42.932+0200] {dag.py:3696} INFO - Setting next_dagrun for example_external_task_marker_parent to None, run_after=None
[2023-10-19T22:25:42.939+0200] {processor.py:179} INFO - Processing /Users/nick/Desktop/airflow_dic/venv/lib/python3.11/site-packages/airflow/example_dags/example_external_task_marker_dag.py took 0.415 seconds
[2023-10-19T22:28:05.612+0200] {processor.py:157} INFO - Started process (PID=31900) to work on /Users/nick/Desktop/airflow_dic/venv/lib/python3.11/site-packages/airflow/example_dags/example_external_task_marker_dag.py
[2023-10-19T22:28:05.614+0200] {processor.py:829} INFO - Processing file /Users/nick/Desktop/airflow_dic/venv/lib/python3.11/site-packages/airflow/example_dags/example_external_task_marker_dag.py for tasks to queue
[2023-10-19T22:28:05.614+0200] {logging_mixin.py:151} INFO - [2023-10-19T22:28:05.614+0200] {dagbag.py:539} INFO - Filling up the DagBag from /Users/nick/Desktop/airflow_dic/venv/lib/python3.11/site-packages/airflow/example_dags/example_external_task_marker_dag.py
[2023-10-19T22:28:05.625+0200] {processor.py:839} INFO - DAG(s) dict_keys(['example_external_task_marker_child', 'example_external_task_marker_parent']) retrieved from /Users/nick/Desktop/airflow_dic/venv/lib/python3.11/site-packages/airflow/example_dags/example_external_task_marker_dag.py
[2023-10-19T22:28:05.906+0200] {logging_mixin.py:151} INFO - [2023-10-19T22:28:05.906+0200] {security.py:708} INFO - Not syncing DAG-level permissions for DAG 'DAG:example_external_task_marker_child' as access control is unset.
[2023-10-19T22:28:05.908+0200] {logging_mixin.py:151} INFO - [2023-10-19T22:28:05.908+0200] {security.py:708} INFO - Not syncing DAG-level permissions for DAG 'DAG:example_external_task_marker_parent' as access control is unset.
[2023-10-19T22:28:05.908+0200] {logging_mixin.py:151} INFO - [2023-10-19T22:28:05.908+0200] {dag.py:2915} INFO - Sync 2 DAGs
[2023-10-19T22:28:05.911+0200] {logging_mixin.py:151} INFO - [2023-10-19T22:28:05.911+0200] {dag.py:2937} INFO - Creating ORM DAG for example_external_task_marker_child
[2023-10-19T22:28:05.911+0200] {logging_mixin.py:151} INFO - [2023-10-19T22:28:05.911+0200] {dag.py:2937} INFO - Creating ORM DAG for example_external_task_marker_parent
[2023-10-19T22:28:05.911+0200] {logging_mixin.py:151} INFO - [2023-10-19T22:28:05.911+0200] {dag.py:3696} INFO - Setting next_dagrun for example_external_task_marker_child to None, run_after=None
[2023-10-19T22:28:05.911+0200] {logging_mixin.py:151} INFO - [2023-10-19T22:28:05.911+0200] {dag.py:3696} INFO - Setting next_dagrun for example_external_task_marker_parent to None, run_after=None
[2023-10-19T22:28:05.918+0200] {processor.py:179} INFO - Processing /Users/nick/Desktop/airflow_dic/venv/lib/python3.11/site-packages/airflow/example_dags/example_external_task_marker_dag.py took 0.306 seconds
[2023-10-19T22:29:22.993+0200] {processor.py:157} INFO - Started process (PID=32070) to work on /Users/nick/Desktop/airflow_dic/venv/lib/python3.11/site-packages/airflow/example_dags/example_external_task_marker_dag.py
[2023-10-19T22:29:22.994+0200] {processor.py:829} INFO - Processing file /Users/nick/Desktop/airflow_dic/venv/lib/python3.11/site-packages/airflow/example_dags/example_external_task_marker_dag.py for tasks to queue
[2023-10-19T22:29:22.994+0200] {logging_mixin.py:151} INFO - [2023-10-19T22:29:22.994+0200] {dagbag.py:539} INFO - Filling up the DagBag from /Users/nick/Desktop/airflow_dic/venv/lib/python3.11/site-packages/airflow/example_dags/example_external_task_marker_dag.py
[2023-10-19T22:29:23.005+0200] {processor.py:839} INFO - DAG(s) dict_keys(['example_external_task_marker_parent', 'example_external_task_marker_child']) retrieved from /Users/nick/Desktop/airflow_dic/venv/lib/python3.11/site-packages/airflow/example_dags/example_external_task_marker_dag.py
[2023-10-19T22:29:23.066+0200] {logging_mixin.py:151} INFO - [2023-10-19T22:29:23.066+0200] {dag.py:2915} INFO - Sync 2 DAGs
[2023-10-19T22:29:23.069+0200] {logging_mixin.py:151} INFO - [2023-10-19T22:29:23.069+0200] {dag.py:3696} INFO - Setting next_dagrun for example_external_task_marker_child to None, run_after=None
[2023-10-19T22:29:23.070+0200] {logging_mixin.py:151} INFO - [2023-10-19T22:29:23.070+0200] {dag.py:3696} INFO - Setting next_dagrun for example_external_task_marker_parent to None, run_after=None
[2023-10-19T22:29:23.076+0200] {processor.py:179} INFO - Processing /Users/nick/Desktop/airflow_dic/venv/lib/python3.11/site-packages/airflow/example_dags/example_external_task_marker_dag.py took 0.083 seconds
[2023-10-19T22:30:27.990+0200] {processor.py:157} INFO - Started process (PID=32190) to work on /Users/nick/Desktop/airflow_dic/venv/lib/python3.11/site-packages/airflow/example_dags/example_external_task_marker_dag.py
[2023-10-19T22:30:27.991+0200] {processor.py:829} INFO - Processing file /Users/nick/Desktop/airflow_dic/venv/lib/python3.11/site-packages/airflow/example_dags/example_external_task_marker_dag.py for tasks to queue
[2023-10-19T22:30:27.992+0200] {logging_mixin.py:151} INFO - [2023-10-19T22:30:27.992+0200] {dagbag.py:539} INFO - Filling up the DagBag from /Users/nick/Desktop/airflow_dic/venv/lib/python3.11/site-packages/airflow/example_dags/example_external_task_marker_dag.py
[2023-10-19T22:30:28.003+0200] {processor.py:839} INFO - DAG(s) dict_keys(['example_external_task_marker_parent', 'example_external_task_marker_child']) retrieved from /Users/nick/Desktop/airflow_dic/venv/lib/python3.11/site-packages/airflow/example_dags/example_external_task_marker_dag.py
[2023-10-19T22:30:28.064+0200] {logging_mixin.py:151} INFO - [2023-10-19T22:30:28.064+0200] {dag.py:2915} INFO - Sync 2 DAGs
[2023-10-19T22:30:28.067+0200] {logging_mixin.py:151} INFO - [2023-10-19T22:30:28.067+0200] {dag.py:3696} INFO - Setting next_dagrun for example_external_task_marker_child to None, run_after=None
[2023-10-19T22:30:28.068+0200] {logging_mixin.py:151} INFO - [2023-10-19T22:30:28.068+0200] {dag.py:3696} INFO - Setting next_dagrun for example_external_task_marker_parent to None, run_after=None
[2023-10-19T22:30:28.076+0200] {processor.py:179} INFO - Processing /Users/nick/Desktop/airflow_dic/venv/lib/python3.11/site-packages/airflow/example_dags/example_external_task_marker_dag.py took 0.086 seconds
[2023-10-19T22:31:40.760+0200] {processor.py:157} INFO - Started process (PID=32339) to work on /Users/nick/Desktop/airflow_dic/venv/lib/python3.11/site-packages/airflow/example_dags/example_external_task_marker_dag.py
[2023-10-19T22:31:40.761+0200] {processor.py:829} INFO - Processing file /Users/nick/Desktop/airflow_dic/venv/lib/python3.11/site-packages/airflow/example_dags/example_external_task_marker_dag.py for tasks to queue
[2023-10-19T22:31:40.761+0200] {logging_mixin.py:151} INFO - [2023-10-19T22:31:40.761+0200] {dagbag.py:539} INFO - Filling up the DagBag from /Users/nick/Desktop/airflow_dic/venv/lib/python3.11/site-packages/airflow/example_dags/example_external_task_marker_dag.py
[2023-10-19T22:31:40.772+0200] {processor.py:839} INFO - DAG(s) dict_keys(['example_external_task_marker_child', 'example_external_task_marker_parent']) retrieved from /Users/nick/Desktop/airflow_dic/venv/lib/python3.11/site-packages/airflow/example_dags/example_external_task_marker_dag.py
[2023-10-19T22:31:40.830+0200] {logging_mixin.py:151} INFO - [2023-10-19T22:31:40.830+0200] {dag.py:2915} INFO - Sync 2 DAGs
[2023-10-19T22:31:40.833+0200] {logging_mixin.py:151} INFO - [2023-10-19T22:31:40.833+0200] {dag.py:3696} INFO - Setting next_dagrun for example_external_task_marker_child to None, run_after=None
[2023-10-19T22:31:40.834+0200] {logging_mixin.py:151} INFO - [2023-10-19T22:31:40.834+0200] {dag.py:3696} INFO - Setting next_dagrun for example_external_task_marker_parent to None, run_after=None
[2023-10-19T22:31:40.839+0200] {processor.py:179} INFO - Processing /Users/nick/Desktop/airflow_dic/venv/lib/python3.11/site-packages/airflow/example_dags/example_external_task_marker_dag.py took 0.080 seconds
[2023-10-19T22:32:50.679+0200] {processor.py:157} INFO - Started process (PID=32465) to work on /Users/nick/Desktop/airflow_dic/venv/lib/python3.11/site-packages/airflow/example_dags/example_external_task_marker_dag.py
[2023-10-19T22:32:50.680+0200] {processor.py:829} INFO - Processing file /Users/nick/Desktop/airflow_dic/venv/lib/python3.11/site-packages/airflow/example_dags/example_external_task_marker_dag.py for tasks to queue
[2023-10-19T22:32:50.680+0200] {logging_mixin.py:151} INFO - [2023-10-19T22:32:50.680+0200] {dagbag.py:539} INFO - Filling up the DagBag from /Users/nick/Desktop/airflow_dic/venv/lib/python3.11/site-packages/airflow/example_dags/example_external_task_marker_dag.py
[2023-10-19T22:32:50.691+0200] {processor.py:839} INFO - DAG(s) dict_keys(['example_external_task_marker_child', 'example_external_task_marker_parent']) retrieved from /Users/nick/Desktop/airflow_dic/venv/lib/python3.11/site-packages/airflow/example_dags/example_external_task_marker_dag.py
[2023-10-19T22:32:50.753+0200] {logging_mixin.py:151} INFO - [2023-10-19T22:32:50.753+0200] {dag.py:2915} INFO - Sync 2 DAGs
[2023-10-19T22:32:50.756+0200] {logging_mixin.py:151} INFO - [2023-10-19T22:32:50.756+0200] {dag.py:3696} INFO - Setting next_dagrun for example_external_task_marker_child to None, run_after=None
[2023-10-19T22:32:50.757+0200] {logging_mixin.py:151} INFO - [2023-10-19T22:32:50.757+0200] {dag.py:3696} INFO - Setting next_dagrun for example_external_task_marker_parent to None, run_after=None
[2023-10-19T22:32:50.763+0200] {processor.py:179} INFO - Processing /Users/nick/Desktop/airflow_dic/venv/lib/python3.11/site-packages/airflow/example_dags/example_external_task_marker_dag.py took 0.084 seconds
[2023-10-19T22:33:58.314+0200] {processor.py:157} INFO - Started process (PID=32600) to work on /Users/nick/Desktop/airflow_dic/venv/lib/python3.11/site-packages/airflow/example_dags/example_external_task_marker_dag.py
[2023-10-19T22:33:58.316+0200] {processor.py:829} INFO - Processing file /Users/nick/Desktop/airflow_dic/venv/lib/python3.11/site-packages/airflow/example_dags/example_external_task_marker_dag.py for tasks to queue
[2023-10-19T22:33:58.316+0200] {logging_mixin.py:151} INFO - [2023-10-19T22:33:58.316+0200] {dagbag.py:539} INFO - Filling up the DagBag from /Users/nick/Desktop/airflow_dic/venv/lib/python3.11/site-packages/airflow/example_dags/example_external_task_marker_dag.py
[2023-10-19T22:33:58.328+0200] {processor.py:839} INFO - DAG(s) dict_keys(['example_external_task_marker_child', 'example_external_task_marker_parent']) retrieved from /Users/nick/Desktop/airflow_dic/venv/lib/python3.11/site-packages/airflow/example_dags/example_external_task_marker_dag.py
[2023-10-19T22:33:58.399+0200] {logging_mixin.py:151} INFO - [2023-10-19T22:33:58.398+0200] {dag.py:2915} INFO - Sync 2 DAGs
[2023-10-19T22:33:58.403+0200] {logging_mixin.py:151} INFO - [2023-10-19T22:33:58.402+0200] {dag.py:3696} INFO - Setting next_dagrun for example_external_task_marker_child to None, run_after=None
[2023-10-19T22:33:58.404+0200] {logging_mixin.py:151} INFO - [2023-10-19T22:33:58.403+0200] {dag.py:3696} INFO - Setting next_dagrun for example_external_task_marker_parent to None, run_after=None
[2023-10-19T22:33:58.410+0200] {processor.py:179} INFO - Processing /Users/nick/Desktop/airflow_dic/venv/lib/python3.11/site-packages/airflow/example_dags/example_external_task_marker_dag.py took 0.097 seconds
[2023-10-19T22:35:06.747+0200] {processor.py:157} INFO - Started process (PID=32756) to work on /Users/nick/Desktop/airflow_dic/venv/lib/python3.11/site-packages/airflow/example_dags/example_external_task_marker_dag.py
[2023-10-19T22:35:06.749+0200] {processor.py:829} INFO - Processing file /Users/nick/Desktop/airflow_dic/venv/lib/python3.11/site-packages/airflow/example_dags/example_external_task_marker_dag.py for tasks to queue
[2023-10-19T22:35:06.749+0200] {logging_mixin.py:151} INFO - [2023-10-19T22:35:06.749+0200] {dagbag.py:539} INFO - Filling up the DagBag from /Users/nick/Desktop/airflow_dic/venv/lib/python3.11/site-packages/airflow/example_dags/example_external_task_marker_dag.py
[2023-10-19T22:35:06.760+0200] {processor.py:839} INFO - DAG(s) dict_keys(['example_external_task_marker_child', 'example_external_task_marker_parent']) retrieved from /Users/nick/Desktop/airflow_dic/venv/lib/python3.11/site-packages/airflow/example_dags/example_external_task_marker_dag.py
[2023-10-19T22:35:06.822+0200] {logging_mixin.py:151} INFO - [2023-10-19T22:35:06.822+0200] {dag.py:2915} INFO - Sync 2 DAGs
[2023-10-19T22:35:06.826+0200] {logging_mixin.py:151} INFO - [2023-10-19T22:35:06.825+0200] {dag.py:3696} INFO - Setting next_dagrun for example_external_task_marker_child to None, run_after=None
[2023-10-19T22:35:06.827+0200] {logging_mixin.py:151} INFO - [2023-10-19T22:35:06.826+0200] {dag.py:3696} INFO - Setting next_dagrun for example_external_task_marker_parent to None, run_after=None
[2023-10-19T22:35:06.832+0200] {processor.py:179} INFO - Processing /Users/nick/Desktop/airflow_dic/venv/lib/python3.11/site-packages/airflow/example_dags/example_external_task_marker_dag.py took 0.086 seconds
[2023-10-19T22:36:15.626+0200] {processor.py:157} INFO - Started process (PID=32899) to work on /Users/nick/Desktop/airflow_dic/venv/lib/python3.11/site-packages/airflow/example_dags/example_external_task_marker_dag.py
[2023-10-19T22:36:15.627+0200] {processor.py:829} INFO - Processing file /Users/nick/Desktop/airflow_dic/venv/lib/python3.11/site-packages/airflow/example_dags/example_external_task_marker_dag.py for tasks to queue
[2023-10-19T22:36:15.628+0200] {logging_mixin.py:151} INFO - [2023-10-19T22:36:15.627+0200] {dagbag.py:539} INFO - Filling up the DagBag from /Users/nick/Desktop/airflow_dic/venv/lib/python3.11/site-packages/airflow/example_dags/example_external_task_marker_dag.py
[2023-10-19T22:36:15.638+0200] {processor.py:839} INFO - DAG(s) dict_keys(['example_external_task_marker_child', 'example_external_task_marker_parent']) retrieved from /Users/nick/Desktop/airflow_dic/venv/lib/python3.11/site-packages/airflow/example_dags/example_external_task_marker_dag.py
[2023-10-19T22:36:15.698+0200] {logging_mixin.py:151} INFO - [2023-10-19T22:36:15.697+0200] {dag.py:2915} INFO - Sync 2 DAGs
[2023-10-19T22:36:15.701+0200] {logging_mixin.py:151} INFO - [2023-10-19T22:36:15.700+0200] {dag.py:3696} INFO - Setting next_dagrun for example_external_task_marker_child to None, run_after=None
[2023-10-19T22:36:15.701+0200] {logging_mixin.py:151} INFO - [2023-10-19T22:36:15.701+0200] {dag.py:3696} INFO - Setting next_dagrun for example_external_task_marker_parent to None, run_after=None
[2023-10-19T22:36:15.707+0200] {processor.py:179} INFO - Processing /Users/nick/Desktop/airflow_dic/venv/lib/python3.11/site-packages/airflow/example_dags/example_external_task_marker_dag.py took 0.081 seconds
[2023-10-19T22:37:23.581+0200] {processor.py:157} INFO - Started process (PID=33031) to work on /Users/nick/Desktop/airflow_dic/venv/lib/python3.11/site-packages/airflow/example_dags/example_external_task_marker_dag.py
[2023-10-19T22:37:23.582+0200] {processor.py:829} INFO - Processing file /Users/nick/Desktop/airflow_dic/venv/lib/python3.11/site-packages/airflow/example_dags/example_external_task_marker_dag.py for tasks to queue
[2023-10-19T22:37:23.583+0200] {logging_mixin.py:151} INFO - [2023-10-19T22:37:23.583+0200] {dagbag.py:539} INFO - Filling up the DagBag from /Users/nick/Desktop/airflow_dic/venv/lib/python3.11/site-packages/airflow/example_dags/example_external_task_marker_dag.py
[2023-10-19T22:37:23.594+0200] {processor.py:839} INFO - DAG(s) dict_keys(['example_external_task_marker_parent', 'example_external_task_marker_child']) retrieved from /Users/nick/Desktop/airflow_dic/venv/lib/python3.11/site-packages/airflow/example_dags/example_external_task_marker_dag.py
[2023-10-19T22:37:23.653+0200] {logging_mixin.py:151} INFO - [2023-10-19T22:37:23.653+0200] {dag.py:2915} INFO - Sync 2 DAGs
[2023-10-19T22:37:23.656+0200] {logging_mixin.py:151} INFO - [2023-10-19T22:37:23.656+0200] {dag.py:3696} INFO - Setting next_dagrun for example_external_task_marker_child to None, run_after=None
[2023-10-19T22:37:23.657+0200] {logging_mixin.py:151} INFO - [2023-10-19T22:37:23.657+0200] {dag.py:3696} INFO - Setting next_dagrun for example_external_task_marker_parent to None, run_after=None
[2023-10-19T22:37:23.663+0200] {processor.py:179} INFO - Processing /Users/nick/Desktop/airflow_dic/venv/lib/python3.11/site-packages/airflow/example_dags/example_external_task_marker_dag.py took 0.082 seconds
[2023-10-19T22:38:31.503+0200] {processor.py:157} INFO - Started process (PID=33156) to work on /Users/nick/Desktop/airflow_dic/venv/lib/python3.11/site-packages/airflow/example_dags/example_external_task_marker_dag.py
[2023-10-19T22:38:31.504+0200] {processor.py:829} INFO - Processing file /Users/nick/Desktop/airflow_dic/venv/lib/python3.11/site-packages/airflow/example_dags/example_external_task_marker_dag.py for tasks to queue
[2023-10-19T22:38:31.504+0200] {logging_mixin.py:151} INFO - [2023-10-19T22:38:31.504+0200] {dagbag.py:539} INFO - Filling up the DagBag from /Users/nick/Desktop/airflow_dic/venv/lib/python3.11/site-packages/airflow/example_dags/example_external_task_marker_dag.py
[2023-10-19T22:38:31.516+0200] {processor.py:839} INFO - DAG(s) dict_keys(['example_external_task_marker_parent', 'example_external_task_marker_child']) retrieved from /Users/nick/Desktop/airflow_dic/venv/lib/python3.11/site-packages/airflow/example_dags/example_external_task_marker_dag.py
[2023-10-19T22:38:31.574+0200] {logging_mixin.py:151} INFO - [2023-10-19T22:38:31.574+0200] {dag.py:2915} INFO - Sync 2 DAGs
[2023-10-19T22:38:31.577+0200] {logging_mixin.py:151} INFO - [2023-10-19T22:38:31.577+0200] {dag.py:3696} INFO - Setting next_dagrun for example_external_task_marker_child to None, run_after=None
[2023-10-19T22:38:31.578+0200] {logging_mixin.py:151} INFO - [2023-10-19T22:38:31.578+0200] {dag.py:3696} INFO - Setting next_dagrun for example_external_task_marker_parent to None, run_after=None
[2023-10-19T22:38:31.584+0200] {processor.py:179} INFO - Processing /Users/nick/Desktop/airflow_dic/venv/lib/python3.11/site-packages/airflow/example_dags/example_external_task_marker_dag.py took 0.081 seconds
[2023-10-19T22:39:37.937+0200] {processor.py:157} INFO - Started process (PID=33283) to work on /Users/nick/Desktop/airflow_dic/venv/lib/python3.11/site-packages/airflow/example_dags/example_external_task_marker_dag.py
[2023-10-19T22:39:37.939+0200] {processor.py:829} INFO - Processing file /Users/nick/Desktop/airflow_dic/venv/lib/python3.11/site-packages/airflow/example_dags/example_external_task_marker_dag.py for tasks to queue
[2023-10-19T22:39:37.939+0200] {logging_mixin.py:151} INFO - [2023-10-19T22:39:37.939+0200] {dagbag.py:539} INFO - Filling up the DagBag from /Users/nick/Desktop/airflow_dic/venv/lib/python3.11/site-packages/airflow/example_dags/example_external_task_marker_dag.py
[2023-10-19T22:39:37.950+0200] {processor.py:839} INFO - DAG(s) dict_keys(['example_external_task_marker_child', 'example_external_task_marker_parent']) retrieved from /Users/nick/Desktop/airflow_dic/venv/lib/python3.11/site-packages/airflow/example_dags/example_external_task_marker_dag.py
[2023-10-19T22:39:38.009+0200] {logging_mixin.py:151} INFO - [2023-10-19T22:39:38.009+0200] {dag.py:2915} INFO - Sync 2 DAGs
[2023-10-19T22:39:38.012+0200] {logging_mixin.py:151} INFO - [2023-10-19T22:39:38.012+0200] {dag.py:3696} INFO - Setting next_dagrun for example_external_task_marker_child to None, run_after=None
[2023-10-19T22:39:38.013+0200] {logging_mixin.py:151} INFO - [2023-10-19T22:39:38.013+0200] {dag.py:3696} INFO - Setting next_dagrun for example_external_task_marker_parent to None, run_after=None
[2023-10-19T22:39:38.018+0200] {processor.py:179} INFO - Processing /Users/nick/Desktop/airflow_dic/venv/lib/python3.11/site-packages/airflow/example_dags/example_external_task_marker_dag.py took 0.081 seconds
[2023-10-19T22:40:46.902+0200] {processor.py:157} INFO - Started process (PID=33412) to work on /Users/nick/Desktop/airflow_dic/venv/lib/python3.11/site-packages/airflow/example_dags/example_external_task_marker_dag.py
[2023-10-19T22:40:46.903+0200] {processor.py:829} INFO - Processing file /Users/nick/Desktop/airflow_dic/venv/lib/python3.11/site-packages/airflow/example_dags/example_external_task_marker_dag.py for tasks to queue
[2023-10-19T22:40:46.903+0200] {logging_mixin.py:151} INFO - [2023-10-19T22:40:46.903+0200] {dagbag.py:539} INFO - Filling up the DagBag from /Users/nick/Desktop/airflow_dic/venv/lib/python3.11/site-packages/airflow/example_dags/example_external_task_marker_dag.py
[2023-10-19T22:40:46.914+0200] {processor.py:839} INFO - DAG(s) dict_keys(['example_external_task_marker_child', 'example_external_task_marker_parent']) retrieved from /Users/nick/Desktop/airflow_dic/venv/lib/python3.11/site-packages/airflow/example_dags/example_external_task_marker_dag.py
[2023-10-19T22:40:46.972+0200] {logging_mixin.py:151} INFO - [2023-10-19T22:40:46.972+0200] {dag.py:2915} INFO - Sync 2 DAGs
[2023-10-19T22:40:46.975+0200] {logging_mixin.py:151} INFO - [2023-10-19T22:40:46.975+0200] {dag.py:3696} INFO - Setting next_dagrun for example_external_task_marker_child to None, run_after=None
[2023-10-19T22:40:46.976+0200] {logging_mixin.py:151} INFO - [2023-10-19T22:40:46.976+0200] {dag.py:3696} INFO - Setting next_dagrun for example_external_task_marker_parent to None, run_after=None
[2023-10-19T22:40:46.981+0200] {processor.py:179} INFO - Processing /Users/nick/Desktop/airflow_dic/venv/lib/python3.11/site-packages/airflow/example_dags/example_external_task_marker_dag.py took 0.080 seconds
[2023-10-19T22:41:57.252+0200] {processor.py:157} INFO - Started process (PID=33542) to work on /Users/nick/Desktop/airflow_dic/venv/lib/python3.11/site-packages/airflow/example_dags/example_external_task_marker_dag.py
[2023-10-19T22:41:57.254+0200] {processor.py:829} INFO - Processing file /Users/nick/Desktop/airflow_dic/venv/lib/python3.11/site-packages/airflow/example_dags/example_external_task_marker_dag.py for tasks to queue
[2023-10-19T22:41:57.254+0200] {logging_mixin.py:151} INFO - [2023-10-19T22:41:57.254+0200] {dagbag.py:539} INFO - Filling up the DagBag from /Users/nick/Desktop/airflow_dic/venv/lib/python3.11/site-packages/airflow/example_dags/example_external_task_marker_dag.py
[2023-10-19T22:41:57.265+0200] {processor.py:839} INFO - DAG(s) dict_keys(['example_external_task_marker_child', 'example_external_task_marker_parent']) retrieved from /Users/nick/Desktop/airflow_dic/venv/lib/python3.11/site-packages/airflow/example_dags/example_external_task_marker_dag.py
[2023-10-19T22:41:57.326+0200] {logging_mixin.py:151} INFO - [2023-10-19T22:41:57.326+0200] {dag.py:2915} INFO - Sync 2 DAGs
[2023-10-19T22:41:57.329+0200] {logging_mixin.py:151} INFO - [2023-10-19T22:41:57.329+0200] {dag.py:3696} INFO - Setting next_dagrun for example_external_task_marker_child to None, run_after=None
[2023-10-19T22:41:57.330+0200] {logging_mixin.py:151} INFO - [2023-10-19T22:41:57.330+0200] {dag.py:3696} INFO - Setting next_dagrun for example_external_task_marker_parent to None, run_after=None
[2023-10-19T22:41:57.336+0200] {processor.py:179} INFO - Processing /Users/nick/Desktop/airflow_dic/venv/lib/python3.11/site-packages/airflow/example_dags/example_external_task_marker_dag.py took 0.084 seconds
[2023-10-19T22:43:06.331+0200] {processor.py:157} INFO - Started process (PID=33668) to work on /Users/nick/Desktop/airflow_dic/venv/lib/python3.11/site-packages/airflow/example_dags/example_external_task_marker_dag.py
[2023-10-19T22:43:06.332+0200] {processor.py:829} INFO - Processing file /Users/nick/Desktop/airflow_dic/venv/lib/python3.11/site-packages/airflow/example_dags/example_external_task_marker_dag.py for tasks to queue
[2023-10-19T22:43:06.332+0200] {logging_mixin.py:151} INFO - [2023-10-19T22:43:06.332+0200] {dagbag.py:539} INFO - Filling up the DagBag from /Users/nick/Desktop/airflow_dic/venv/lib/python3.11/site-packages/airflow/example_dags/example_external_task_marker_dag.py
[2023-10-19T22:43:06.343+0200] {processor.py:839} INFO - DAG(s) dict_keys(['example_external_task_marker_parent', 'example_external_task_marker_child']) retrieved from /Users/nick/Desktop/airflow_dic/venv/lib/python3.11/site-packages/airflow/example_dags/example_external_task_marker_dag.py
[2023-10-19T22:43:06.401+0200] {logging_mixin.py:151} INFO - [2023-10-19T22:43:06.401+0200] {dag.py:2915} INFO - Sync 2 DAGs
[2023-10-19T22:43:06.404+0200] {logging_mixin.py:151} INFO - [2023-10-19T22:43:06.404+0200] {dag.py:3696} INFO - Setting next_dagrun for example_external_task_marker_child to None, run_after=None
[2023-10-19T22:43:06.405+0200] {logging_mixin.py:151} INFO - [2023-10-19T22:43:06.405+0200] {dag.py:3696} INFO - Setting next_dagrun for example_external_task_marker_parent to None, run_after=None
[2023-10-19T22:43:06.410+0200] {processor.py:179} INFO - Processing /Users/nick/Desktop/airflow_dic/venv/lib/python3.11/site-packages/airflow/example_dags/example_external_task_marker_dag.py took 0.080 seconds
[2023-10-19T22:44:16.793+0200] {processor.py:157} INFO - Started process (PID=33804) to work on /Users/nick/Desktop/airflow_dic/venv/lib/python3.11/site-packages/airflow/example_dags/example_external_task_marker_dag.py
[2023-10-19T22:44:16.795+0200] {processor.py:829} INFO - Processing file /Users/nick/Desktop/airflow_dic/venv/lib/python3.11/site-packages/airflow/example_dags/example_external_task_marker_dag.py for tasks to queue
[2023-10-19T22:44:16.795+0200] {logging_mixin.py:151} INFO - [2023-10-19T22:44:16.795+0200] {dagbag.py:539} INFO - Filling up the DagBag from /Users/nick/Desktop/airflow_dic/venv/lib/python3.11/site-packages/airflow/example_dags/example_external_task_marker_dag.py
[2023-10-19T22:44:16.807+0200] {processor.py:839} INFO - DAG(s) dict_keys(['example_external_task_marker_child', 'example_external_task_marker_parent']) retrieved from /Users/nick/Desktop/airflow_dic/venv/lib/python3.11/site-packages/airflow/example_dags/example_external_task_marker_dag.py
[2023-10-19T22:44:16.869+0200] {logging_mixin.py:151} INFO - [2023-10-19T22:44:16.869+0200] {dag.py:2915} INFO - Sync 2 DAGs
[2023-10-19T22:44:16.872+0200] {logging_mixin.py:151} INFO - [2023-10-19T22:44:16.872+0200] {dag.py:3696} INFO - Setting next_dagrun for example_external_task_marker_child to None, run_after=None
[2023-10-19T22:44:16.873+0200] {logging_mixin.py:151} INFO - [2023-10-19T22:44:16.873+0200] {dag.py:3696} INFO - Setting next_dagrun for example_external_task_marker_parent to None, run_after=None
[2023-10-19T22:44:16.878+0200] {processor.py:179} INFO - Processing /Users/nick/Desktop/airflow_dic/venv/lib/python3.11/site-packages/airflow/example_dags/example_external_task_marker_dag.py took 0.086 seconds
[2023-10-19T22:46:04.743+0200] {processor.py:157} INFO - Started process (PID=34025) to work on /Users/nick/Desktop/airflow_dic/venv/lib/python3.11/site-packages/airflow/example_dags/example_external_task_marker_dag.py
[2023-10-19T22:46:04.745+0200] {processor.py:829} INFO - Processing file /Users/nick/Desktop/airflow_dic/venv/lib/python3.11/site-packages/airflow/example_dags/example_external_task_marker_dag.py for tasks to queue
[2023-10-19T22:46:04.745+0200] {logging_mixin.py:151} INFO - [2023-10-19T22:46:04.745+0200] {dagbag.py:539} INFO - Filling up the DagBag from /Users/nick/Desktop/airflow_dic/venv/lib/python3.11/site-packages/airflow/example_dags/example_external_task_marker_dag.py
[2023-10-19T22:46:04.757+0200] {processor.py:839} INFO - DAG(s) dict_keys(['example_external_task_marker_parent', 'example_external_task_marker_child']) retrieved from /Users/nick/Desktop/airflow_dic/venv/lib/python3.11/site-packages/airflow/example_dags/example_external_task_marker_dag.py
[2023-10-19T22:46:04.822+0200] {logging_mixin.py:151} INFO - [2023-10-19T22:46:04.822+0200] {dag.py:2915} INFO - Sync 2 DAGs
[2023-10-19T22:46:04.826+0200] {logging_mixin.py:151} INFO - [2023-10-19T22:46:04.825+0200] {dag.py:3696} INFO - Setting next_dagrun for example_external_task_marker_child to None, run_after=None
[2023-10-19T22:46:04.827+0200] {logging_mixin.py:151} INFO - [2023-10-19T22:46:04.827+0200] {dag.py:3696} INFO - Setting next_dagrun for example_external_task_marker_parent to None, run_after=None
[2023-10-19T22:46:04.832+0200] {processor.py:179} INFO - Processing /Users/nick/Desktop/airflow_dic/venv/lib/python3.11/site-packages/airflow/example_dags/example_external_task_marker_dag.py took 0.090 seconds
[2023-10-19T22:47:13.756+0200] {processor.py:157} INFO - Started process (PID=34154) to work on /Users/nick/Desktop/airflow_dic/venv/lib/python3.11/site-packages/airflow/example_dags/example_external_task_marker_dag.py
[2023-10-19T22:47:13.758+0200] {processor.py:829} INFO - Processing file /Users/nick/Desktop/airflow_dic/venv/lib/python3.11/site-packages/airflow/example_dags/example_external_task_marker_dag.py for tasks to queue
[2023-10-19T22:47:13.758+0200] {logging_mixin.py:151} INFO - [2023-10-19T22:47:13.758+0200] {dagbag.py:539} INFO - Filling up the DagBag from /Users/nick/Desktop/airflow_dic/venv/lib/python3.11/site-packages/airflow/example_dags/example_external_task_marker_dag.py
[2023-10-19T22:47:13.769+0200] {processor.py:839} INFO - DAG(s) dict_keys(['example_external_task_marker_child', 'example_external_task_marker_parent']) retrieved from /Users/nick/Desktop/airflow_dic/venv/lib/python3.11/site-packages/airflow/example_dags/example_external_task_marker_dag.py
[2023-10-19T22:47:13.827+0200] {logging_mixin.py:151} INFO - [2023-10-19T22:47:13.827+0200] {dag.py:2915} INFO - Sync 2 DAGs
[2023-10-19T22:47:13.830+0200] {logging_mixin.py:151} INFO - [2023-10-19T22:47:13.830+0200] {dag.py:3696} INFO - Setting next_dagrun for example_external_task_marker_child to None, run_after=None
[2023-10-19T22:47:13.831+0200] {logging_mixin.py:151} INFO - [2023-10-19T22:47:13.831+0200] {dag.py:3696} INFO - Setting next_dagrun for example_external_task_marker_parent to None, run_after=None
[2023-10-19T22:47:13.837+0200] {processor.py:179} INFO - Processing /Users/nick/Desktop/airflow_dic/venv/lib/python3.11/site-packages/airflow/example_dags/example_external_task_marker_dag.py took 0.082 seconds
[2023-10-19T22:48:22.736+0200] {processor.py:157} INFO - Started process (PID=34287) to work on /Users/nick/Desktop/airflow_dic/venv/lib/python3.11/site-packages/airflow/example_dags/example_external_task_marker_dag.py
[2023-10-19T22:48:22.737+0200] {processor.py:829} INFO - Processing file /Users/nick/Desktop/airflow_dic/venv/lib/python3.11/site-packages/airflow/example_dags/example_external_task_marker_dag.py for tasks to queue
[2023-10-19T22:48:22.737+0200] {logging_mixin.py:151} INFO - [2023-10-19T22:48:22.737+0200] {dagbag.py:539} INFO - Filling up the DagBag from /Users/nick/Desktop/airflow_dic/venv/lib/python3.11/site-packages/airflow/example_dags/example_external_task_marker_dag.py
[2023-10-19T22:48:22.748+0200] {processor.py:839} INFO - DAG(s) dict_keys(['example_external_task_marker_parent', 'example_external_task_marker_child']) retrieved from /Users/nick/Desktop/airflow_dic/venv/lib/python3.11/site-packages/airflow/example_dags/example_external_task_marker_dag.py
[2023-10-19T22:48:22.808+0200] {logging_mixin.py:151} INFO - [2023-10-19T22:48:22.808+0200] {dag.py:2915} INFO - Sync 2 DAGs
[2023-10-19T22:48:22.811+0200] {logging_mixin.py:151} INFO - [2023-10-19T22:48:22.811+0200] {dag.py:3696} INFO - Setting next_dagrun for example_external_task_marker_child to None, run_after=None
[2023-10-19T22:48:22.812+0200] {logging_mixin.py:151} INFO - [2023-10-19T22:48:22.812+0200] {dag.py:3696} INFO - Setting next_dagrun for example_external_task_marker_parent to None, run_after=None
[2023-10-19T22:48:22.817+0200] {processor.py:179} INFO - Processing /Users/nick/Desktop/airflow_dic/venv/lib/python3.11/site-packages/airflow/example_dags/example_external_task_marker_dag.py took 0.082 seconds
[2023-10-19T22:49:32.618+0200] {processor.py:157} INFO - Started process (PID=34426) to work on /Users/nick/Desktop/airflow_dic/venv/lib/python3.11/site-packages/airflow/example_dags/example_external_task_marker_dag.py
[2023-10-19T22:49:32.620+0200] {processor.py:829} INFO - Processing file /Users/nick/Desktop/airflow_dic/venv/lib/python3.11/site-packages/airflow/example_dags/example_external_task_marker_dag.py for tasks to queue
[2023-10-19T22:49:32.620+0200] {logging_mixin.py:151} INFO - [2023-10-19T22:49:32.620+0200] {dagbag.py:539} INFO - Filling up the DagBag from /Users/nick/Desktop/airflow_dic/venv/lib/python3.11/site-packages/airflow/example_dags/example_external_task_marker_dag.py
[2023-10-19T22:49:32.631+0200] {processor.py:839} INFO - DAG(s) dict_keys(['example_external_task_marker_parent', 'example_external_task_marker_child']) retrieved from /Users/nick/Desktop/airflow_dic/venv/lib/python3.11/site-packages/airflow/example_dags/example_external_task_marker_dag.py
[2023-10-19T22:49:32.691+0200] {logging_mixin.py:151} INFO - [2023-10-19T22:49:32.690+0200] {dag.py:2915} INFO - Sync 2 DAGs
[2023-10-19T22:49:32.693+0200] {logging_mixin.py:151} INFO - [2023-10-19T22:49:32.693+0200] {dag.py:3696} INFO - Setting next_dagrun for example_external_task_marker_child to None, run_after=None
[2023-10-19T22:49:32.694+0200] {logging_mixin.py:151} INFO - [2023-10-19T22:49:32.694+0200] {dag.py:3696} INFO - Setting next_dagrun for example_external_task_marker_parent to None, run_after=None
[2023-10-19T22:49:32.700+0200] {processor.py:179} INFO - Processing /Users/nick/Desktop/airflow_dic/venv/lib/python3.11/site-packages/airflow/example_dags/example_external_task_marker_dag.py took 0.082 seconds
[2023-10-19T22:50:39.551+0200] {processor.py:157} INFO - Started process (PID=34548) to work on /Users/nick/Desktop/airflow_dic/venv/lib/python3.11/site-packages/airflow/example_dags/example_external_task_marker_dag.py
[2023-10-19T22:50:39.552+0200] {processor.py:829} INFO - Processing file /Users/nick/Desktop/airflow_dic/venv/lib/python3.11/site-packages/airflow/example_dags/example_external_task_marker_dag.py for tasks to queue
[2023-10-19T22:50:39.552+0200] {logging_mixin.py:151} INFO - [2023-10-19T22:50:39.552+0200] {dagbag.py:539} INFO - Filling up the DagBag from /Users/nick/Desktop/airflow_dic/venv/lib/python3.11/site-packages/airflow/example_dags/example_external_task_marker_dag.py
[2023-10-19T22:50:39.563+0200] {processor.py:839} INFO - DAG(s) dict_keys(['example_external_task_marker_child', 'example_external_task_marker_parent']) retrieved from /Users/nick/Desktop/airflow_dic/venv/lib/python3.11/site-packages/airflow/example_dags/example_external_task_marker_dag.py
[2023-10-19T22:50:39.621+0200] {logging_mixin.py:151} INFO - [2023-10-19T22:50:39.621+0200] {dag.py:2915} INFO - Sync 2 DAGs
[2023-10-19T22:50:39.624+0200] {logging_mixin.py:151} INFO - [2023-10-19T22:50:39.624+0200] {dag.py:3696} INFO - Setting next_dagrun for example_external_task_marker_child to None, run_after=None
[2023-10-19T22:50:39.625+0200] {logging_mixin.py:151} INFO - [2023-10-19T22:50:39.625+0200] {dag.py:3696} INFO - Setting next_dagrun for example_external_task_marker_parent to None, run_after=None
[2023-10-19T22:50:39.630+0200] {processor.py:179} INFO - Processing /Users/nick/Desktop/airflow_dic/venv/lib/python3.11/site-packages/airflow/example_dags/example_external_task_marker_dag.py took 0.080 seconds
[2023-10-19T22:54:03.224+0200] {processor.py:157} INFO - Started process (PID=34862) to work on /Users/nick/Desktop/airflow_dic/venv/lib/python3.11/site-packages/airflow/example_dags/example_external_task_marker_dag.py
[2023-10-19T22:54:03.225+0200] {processor.py:829} INFO - Processing file /Users/nick/Desktop/airflow_dic/venv/lib/python3.11/site-packages/airflow/example_dags/example_external_task_marker_dag.py for tasks to queue
[2023-10-19T22:54:03.225+0200] {logging_mixin.py:151} INFO - [2023-10-19T22:54:03.225+0200] {dagbag.py:539} INFO - Filling up the DagBag from /Users/nick/Desktop/airflow_dic/venv/lib/python3.11/site-packages/airflow/example_dags/example_external_task_marker_dag.py
[2023-10-19T22:54:03.236+0200] {processor.py:839} INFO - DAG(s) dict_keys(['example_external_task_marker_parent', 'example_external_task_marker_child']) retrieved from /Users/nick/Desktop/airflow_dic/venv/lib/python3.11/site-packages/airflow/example_dags/example_external_task_marker_dag.py
[2023-10-19T22:54:03.300+0200] {logging_mixin.py:151} INFO - [2023-10-19T22:54:03.300+0200] {dag.py:2915} INFO - Sync 2 DAGs
[2023-10-19T22:54:03.304+0200] {logging_mixin.py:151} INFO - [2023-10-19T22:54:03.303+0200] {dag.py:3696} INFO - Setting next_dagrun for example_external_task_marker_child to None, run_after=None
[2023-10-19T22:54:03.305+0200] {logging_mixin.py:151} INFO - [2023-10-19T22:54:03.305+0200] {dag.py:3696} INFO - Setting next_dagrun for example_external_task_marker_parent to None, run_after=None
[2023-10-19T22:54:03.311+0200] {processor.py:179} INFO - Processing /Users/nick/Desktop/airflow_dic/venv/lib/python3.11/site-packages/airflow/example_dags/example_external_task_marker_dag.py took 0.087 seconds
[2023-10-19T22:55:10.157+0200] {processor.py:157} INFO - Started process (PID=35000) to work on /Users/nick/Desktop/airflow_dic/venv/lib/python3.11/site-packages/airflow/example_dags/example_external_task_marker_dag.py
[2023-10-19T22:55:10.159+0200] {processor.py:829} INFO - Processing file /Users/nick/Desktop/airflow_dic/venv/lib/python3.11/site-packages/airflow/example_dags/example_external_task_marker_dag.py for tasks to queue
[2023-10-19T22:55:10.159+0200] {logging_mixin.py:151} INFO - [2023-10-19T22:55:10.159+0200] {dagbag.py:539} INFO - Filling up the DagBag from /Users/nick/Desktop/airflow_dic/venv/lib/python3.11/site-packages/airflow/example_dags/example_external_task_marker_dag.py
[2023-10-19T22:55:10.170+0200] {processor.py:839} INFO - DAG(s) dict_keys(['example_external_task_marker_parent', 'example_external_task_marker_child']) retrieved from /Users/nick/Desktop/airflow_dic/venv/lib/python3.11/site-packages/airflow/example_dags/example_external_task_marker_dag.py
[2023-10-19T22:55:10.228+0200] {logging_mixin.py:151} INFO - [2023-10-19T22:55:10.228+0200] {dag.py:2915} INFO - Sync 2 DAGs
[2023-10-19T22:55:10.231+0200] {logging_mixin.py:151} INFO - [2023-10-19T22:55:10.231+0200] {dag.py:3696} INFO - Setting next_dagrun for example_external_task_marker_child to None, run_after=None
[2023-10-19T22:55:10.232+0200] {logging_mixin.py:151} INFO - [2023-10-19T22:55:10.232+0200] {dag.py:3696} INFO - Setting next_dagrun for example_external_task_marker_parent to None, run_after=None
[2023-10-19T22:55:10.238+0200] {processor.py:179} INFO - Processing /Users/nick/Desktop/airflow_dic/venv/lib/python3.11/site-packages/airflow/example_dags/example_external_task_marker_dag.py took 0.082 seconds
[2023-10-19T22:56:18.732+0200] {processor.py:157} INFO - Started process (PID=35135) to work on /Users/nick/Desktop/airflow_dic/venv/lib/python3.11/site-packages/airflow/example_dags/example_external_task_marker_dag.py
[2023-10-19T22:56:18.733+0200] {processor.py:829} INFO - Processing file /Users/nick/Desktop/airflow_dic/venv/lib/python3.11/site-packages/airflow/example_dags/example_external_task_marker_dag.py for tasks to queue
[2023-10-19T22:56:18.734+0200] {logging_mixin.py:151} INFO - [2023-10-19T22:56:18.733+0200] {dagbag.py:539} INFO - Filling up the DagBag from /Users/nick/Desktop/airflow_dic/venv/lib/python3.11/site-packages/airflow/example_dags/example_external_task_marker_dag.py
[2023-10-19T22:56:18.744+0200] {processor.py:839} INFO - DAG(s) dict_keys(['example_external_task_marker_child', 'example_external_task_marker_parent']) retrieved from /Users/nick/Desktop/airflow_dic/venv/lib/python3.11/site-packages/airflow/example_dags/example_external_task_marker_dag.py
[2023-10-19T22:56:18.803+0200] {logging_mixin.py:151} INFO - [2023-10-19T22:56:18.803+0200] {dag.py:2915} INFO - Sync 2 DAGs
[2023-10-19T22:56:18.806+0200] {logging_mixin.py:151} INFO - [2023-10-19T22:56:18.806+0200] {dag.py:3696} INFO - Setting next_dagrun for example_external_task_marker_child to None, run_after=None
[2023-10-19T22:56:18.807+0200] {logging_mixin.py:151} INFO - [2023-10-19T22:56:18.807+0200] {dag.py:3696} INFO - Setting next_dagrun for example_external_task_marker_parent to None, run_after=None
[2023-10-19T22:56:18.813+0200] {processor.py:179} INFO - Processing /Users/nick/Desktop/airflow_dic/venv/lib/python3.11/site-packages/airflow/example_dags/example_external_task_marker_dag.py took 0.082 seconds
[2023-10-19T22:57:25.300+0200] {processor.py:157} INFO - Started process (PID=35270) to work on /Users/nick/Desktop/airflow_dic/venv/lib/python3.11/site-packages/airflow/example_dags/example_external_task_marker_dag.py
[2023-10-19T22:57:25.302+0200] {processor.py:829} INFO - Processing file /Users/nick/Desktop/airflow_dic/venv/lib/python3.11/site-packages/airflow/example_dags/example_external_task_marker_dag.py for tasks to queue
[2023-10-19T22:57:25.302+0200] {logging_mixin.py:151} INFO - [2023-10-19T22:57:25.302+0200] {dagbag.py:539} INFO - Filling up the DagBag from /Users/nick/Desktop/airflow_dic/venv/lib/python3.11/site-packages/airflow/example_dags/example_external_task_marker_dag.py
[2023-10-19T22:57:25.313+0200] {processor.py:839} INFO - DAG(s) dict_keys(['example_external_task_marker_child', 'example_external_task_marker_parent']) retrieved from /Users/nick/Desktop/airflow_dic/venv/lib/python3.11/site-packages/airflow/example_dags/example_external_task_marker_dag.py
[2023-10-19T22:57:25.370+0200] {logging_mixin.py:151} INFO - [2023-10-19T22:57:25.370+0200] {dag.py:2915} INFO - Sync 2 DAGs
[2023-10-19T22:57:25.373+0200] {logging_mixin.py:151} INFO - [2023-10-19T22:57:25.373+0200] {dag.py:3696} INFO - Setting next_dagrun for example_external_task_marker_child to None, run_after=None
[2023-10-19T22:57:25.374+0200] {logging_mixin.py:151} INFO - [2023-10-19T22:57:25.374+0200] {dag.py:3696} INFO - Setting next_dagrun for example_external_task_marker_parent to None, run_after=None
[2023-10-19T22:57:25.380+0200] {processor.py:179} INFO - Processing /Users/nick/Desktop/airflow_dic/venv/lib/python3.11/site-packages/airflow/example_dags/example_external_task_marker_dag.py took 0.080 seconds
[2023-10-19T22:58:33.814+0200] {processor.py:157} INFO - Started process (PID=35407) to work on /Users/nick/Desktop/airflow_dic/venv/lib/python3.11/site-packages/airflow/example_dags/example_external_task_marker_dag.py
[2023-10-19T22:58:33.816+0200] {processor.py:829} INFO - Processing file /Users/nick/Desktop/airflow_dic/venv/lib/python3.11/site-packages/airflow/example_dags/example_external_task_marker_dag.py for tasks to queue
[2023-10-19T22:58:33.816+0200] {logging_mixin.py:151} INFO - [2023-10-19T22:58:33.816+0200] {dagbag.py:539} INFO - Filling up the DagBag from /Users/nick/Desktop/airflow_dic/venv/lib/python3.11/site-packages/airflow/example_dags/example_external_task_marker_dag.py
[2023-10-19T22:58:33.827+0200] {processor.py:839} INFO - DAG(s) dict_keys(['example_external_task_marker_child', 'example_external_task_marker_parent']) retrieved from /Users/nick/Desktop/airflow_dic/venv/lib/python3.11/site-packages/airflow/example_dags/example_external_task_marker_dag.py
[2023-10-19T22:58:33.886+0200] {logging_mixin.py:151} INFO - [2023-10-19T22:58:33.886+0200] {dag.py:2915} INFO - Sync 2 DAGs
[2023-10-19T22:58:33.889+0200] {logging_mixin.py:151} INFO - [2023-10-19T22:58:33.889+0200] {dag.py:3696} INFO - Setting next_dagrun for example_external_task_marker_child to None, run_after=None
[2023-10-19T22:58:33.890+0200] {logging_mixin.py:151} INFO - [2023-10-19T22:58:33.890+0200] {dag.py:3696} INFO - Setting next_dagrun for example_external_task_marker_parent to None, run_after=None
[2023-10-19T22:58:33.896+0200] {processor.py:179} INFO - Processing /Users/nick/Desktop/airflow_dic/venv/lib/python3.11/site-packages/airflow/example_dags/example_external_task_marker_dag.py took 0.082 seconds
