[2023-10-19T22:19:01.879+0200] {processor.py:157} INFO - Started process (PID=28956) to work on /Users/nick/Desktop/airflow_dic/venv/lib/python3.11/site-packages/airflow/example_dags/example_branch_operator_decorator.py
[2023-10-19T22:19:01.881+0200] {processor.py:829} INFO - Processing file /Users/nick/Desktop/airflow_dic/venv/lib/python3.11/site-packages/airflow/example_dags/example_branch_operator_decorator.py for tasks to queue
[2023-10-19T22:19:01.881+0200] {logging_mixin.py:151} INFO - [2023-10-19T22:19:01.881+0200] {dagbag.py:539} INFO - Filling up the DagBag from /Users/nick/Desktop/airflow_dic/venv/lib/python3.11/site-packages/airflow/example_dags/example_branch_operator_decorator.py
[2023-10-19T22:19:01.902+0200] {processor.py:839} INFO - DAG(s) dict_keys(['example_branch_python_operator_decorator']) retrieved from /Users/nick/Desktop/airflow_dic/venv/lib/python3.11/site-packages/airflow/example_dags/example_branch_operator_decorator.py
[2023-10-19T22:19:02.175+0200] {logging_mixin.py:151} INFO - [2023-10-19T22:19:02.175+0200] {manager.py:499} INFO - Created Permission View: %s
[2023-10-19T22:19:02.178+0200] {logging_mixin.py:151} INFO - [2023-10-19T22:19:02.177+0200] {manager.py:499} INFO - Created Permission View: %s
[2023-10-19T22:19:02.179+0200] {logging_mixin.py:151} INFO - [2023-10-19T22:19:02.179+0200] {manager.py:499} INFO - Created Permission View: %s
[2023-10-19T22:19:02.179+0200] {logging_mixin.py:151} INFO - [2023-10-19T22:19:02.179+0200] {security.py:708} INFO - Not syncing DAG-level permissions for DAG 'DAG:example_branch_python_operator_decorator' as access control is unset.
[2023-10-19T22:19:02.180+0200] {logging_mixin.py:151} INFO - [2023-10-19T22:19:02.179+0200] {dag.py:2915} INFO - Sync 1 DAGs
[2023-10-19T22:19:02.183+0200] {logging_mixin.py:151} INFO - [2023-10-19T22:19:02.183+0200] {dag.py:2937} INFO - Creating ORM DAG for example_branch_python_operator_decorator
[2023-10-19T22:19:02.186+0200] {logging_mixin.py:151} INFO - [2023-10-19T22:19:02.186+0200] {dag.py:3696} INFO - Setting next_dagrun for example_branch_python_operator_decorator to 2023-10-18T00:00:00+00:00, run_after=2023-10-19T00:00:00+00:00
[2023-10-19T22:19:02.192+0200] {processor.py:179} INFO - Processing /Users/nick/Desktop/airflow_dic/venv/lib/python3.11/site-packages/airflow/example_dags/example_branch_operator_decorator.py took 0.313 seconds
[2023-10-19T22:20:18.597+0200] {processor.py:157} INFO - Started process (PID=29099) to work on /Users/nick/Desktop/airflow_dic/venv/lib/python3.11/site-packages/airflow/example_dags/example_branch_operator_decorator.py
[2023-10-19T22:20:18.598+0200] {processor.py:829} INFO - Processing file /Users/nick/Desktop/airflow_dic/venv/lib/python3.11/site-packages/airflow/example_dags/example_branch_operator_decorator.py for tasks to queue
[2023-10-19T22:20:18.598+0200] {logging_mixin.py:151} INFO - [2023-10-19T22:20:18.598+0200] {dagbag.py:539} INFO - Filling up the DagBag from /Users/nick/Desktop/airflow_dic/venv/lib/python3.11/site-packages/airflow/example_dags/example_branch_operator_decorator.py
[2023-10-19T22:20:18.620+0200] {processor.py:839} INFO - DAG(s) dict_keys(['example_branch_python_operator_decorator']) retrieved from /Users/nick/Desktop/airflow_dic/venv/lib/python3.11/site-packages/airflow/example_dags/example_branch_operator_decorator.py
[2023-10-19T22:20:18.676+0200] {logging_mixin.py:151} INFO - [2023-10-19T22:20:18.676+0200] {dag.py:2915} INFO - Sync 1 DAGs
[2023-10-19T22:20:18.682+0200] {logging_mixin.py:151} INFO - [2023-10-19T22:20:18.682+0200] {dag.py:3696} INFO - Setting next_dagrun for example_branch_python_operator_decorator to 2023-10-18T00:00:00+00:00, run_after=2023-10-19T00:00:00+00:00
[2023-10-19T22:20:18.688+0200] {processor.py:179} INFO - Processing /Users/nick/Desktop/airflow_dic/venv/lib/python3.11/site-packages/airflow/example_dags/example_branch_operator_decorator.py took 0.092 seconds
[2023-10-19T22:21:23.860+0200] {processor.py:157} INFO - Started process (PID=29234) to work on /Users/nick/Desktop/airflow_dic/venv/lib/python3.11/site-packages/airflow/example_dags/example_branch_operator_decorator.py
[2023-10-19T22:21:23.862+0200] {processor.py:829} INFO - Processing file /Users/nick/Desktop/airflow_dic/venv/lib/python3.11/site-packages/airflow/example_dags/example_branch_operator_decorator.py for tasks to queue
[2023-10-19T22:21:23.862+0200] {logging_mixin.py:151} INFO - [2023-10-19T22:21:23.862+0200] {dagbag.py:539} INFO - Filling up the DagBag from /Users/nick/Desktop/airflow_dic/venv/lib/python3.11/site-packages/airflow/example_dags/example_branch_operator_decorator.py
[2023-10-19T22:21:23.883+0200] {processor.py:839} INFO - DAG(s) dict_keys(['example_branch_python_operator_decorator']) retrieved from /Users/nick/Desktop/airflow_dic/venv/lib/python3.11/site-packages/airflow/example_dags/example_branch_operator_decorator.py
[2023-10-19T22:21:23.937+0200] {logging_mixin.py:151} INFO - [2023-10-19T22:21:23.937+0200] {dag.py:2915} INFO - Sync 1 DAGs
[2023-10-19T22:21:23.943+0200] {logging_mixin.py:151} INFO - [2023-10-19T22:21:23.943+0200] {dag.py:3696} INFO - Setting next_dagrun for example_branch_python_operator_decorator to 2023-10-18T00:00:00+00:00, run_after=2023-10-19T00:00:00+00:00
[2023-10-19T22:21:23.949+0200] {processor.py:179} INFO - Processing /Users/nick/Desktop/airflow_dic/venv/lib/python3.11/site-packages/airflow/example_dags/example_branch_operator_decorator.py took 0.089 seconds
[2023-10-19T22:23:46.280+0200] {processor.py:157} INFO - Started process (PID=29519) to work on /Users/nick/Desktop/airflow_dic/venv/lib/python3.11/site-packages/airflow/example_dags/example_branch_operator_decorator.py
[2023-10-19T22:23:46.283+0200] {processor.py:829} INFO - Processing file /Users/nick/Desktop/airflow_dic/venv/lib/python3.11/site-packages/airflow/example_dags/example_branch_operator_decorator.py for tasks to queue
[2023-10-19T22:23:46.283+0200] {logging_mixin.py:151} INFO - [2023-10-19T22:23:46.283+0200] {dagbag.py:539} INFO - Filling up the DagBag from /Users/nick/Desktop/airflow_dic/venv/lib/python3.11/site-packages/airflow/example_dags/example_branch_operator_decorator.py
[2023-10-19T22:23:46.303+0200] {processor.py:839} INFO - DAG(s) dict_keys(['example_branch_python_operator_decorator']) retrieved from /Users/nick/Desktop/airflow_dic/venv/lib/python3.11/site-packages/airflow/example_dags/example_branch_operator_decorator.py
[2023-10-19T22:23:46.358+0200] {logging_mixin.py:151} INFO - [2023-10-19T22:23:46.358+0200] {dag.py:2915} INFO - Sync 1 DAGs
[2023-10-19T22:23:46.364+0200] {logging_mixin.py:151} INFO - [2023-10-19T22:23:46.364+0200] {dag.py:3696} INFO - Setting next_dagrun for example_branch_python_operator_decorator to 2023-10-18T00:00:00+00:00, run_after=2023-10-19T00:00:00+00:00
[2023-10-19T22:23:46.370+0200] {processor.py:179} INFO - Processing /Users/nick/Desktop/airflow_dic/venv/lib/python3.11/site-packages/airflow/example_dags/example_branch_operator_decorator.py took 0.090 seconds
[2023-10-19T22:25:55.556+0200] {processor.py:157} INFO - Started process (PID=31657) to work on /Users/nick/Desktop/airflow_dic/venv/lib/python3.11/site-packages/airflow/example_dags/example_branch_operator_decorator.py
[2023-10-19T22:25:55.559+0200] {processor.py:829} INFO - Processing file /Users/nick/Desktop/airflow_dic/venv/lib/python3.11/site-packages/airflow/example_dags/example_branch_operator_decorator.py for tasks to queue
[2023-10-19T22:25:55.559+0200] {logging_mixin.py:151} INFO - [2023-10-19T22:25:55.559+0200] {dagbag.py:539} INFO - Filling up the DagBag from /Users/nick/Desktop/airflow_dic/venv/lib/python3.11/site-packages/airflow/example_dags/example_branch_operator_decorator.py
[2023-10-19T22:25:55.579+0200] {processor.py:839} INFO - DAG(s) dict_keys(['example_branch_python_operator_decorator']) retrieved from /Users/nick/Desktop/airflow_dic/venv/lib/python3.11/site-packages/airflow/example_dags/example_branch_operator_decorator.py
[2023-10-19T22:25:55.847+0200] {logging_mixin.py:151} INFO - [2023-10-19T22:25:55.847+0200] {security.py:708} INFO - Not syncing DAG-level permissions for DAG 'DAG:example_branch_python_operator_decorator' as access control is unset.
[2023-10-19T22:25:55.847+0200] {logging_mixin.py:151} INFO - [2023-10-19T22:25:55.847+0200] {dag.py:2915} INFO - Sync 1 DAGs
[2023-10-19T22:25:55.850+0200] {logging_mixin.py:151} INFO - [2023-10-19T22:25:55.850+0200] {dag.py:2937} INFO - Creating ORM DAG for example_branch_python_operator_decorator
[2023-10-19T22:25:55.853+0200] {logging_mixin.py:151} INFO - [2023-10-19T22:25:55.853+0200] {dag.py:3696} INFO - Setting next_dagrun for example_branch_python_operator_decorator to 2023-10-18T00:00:00+00:00, run_after=2023-10-19T00:00:00+00:00
[2023-10-19T22:25:55.859+0200] {processor.py:179} INFO - Processing /Users/nick/Desktop/airflow_dic/venv/lib/python3.11/site-packages/airflow/example_dags/example_branch_operator_decorator.py took 0.303 seconds
[2023-10-19T22:28:17.915+0200] {processor.py:157} INFO - Started process (PID=31921) to work on /Users/nick/Desktop/airflow_dic/venv/lib/python3.11/site-packages/airflow/example_dags/example_branch_operator_decorator.py
[2023-10-19T22:28:17.917+0200] {processor.py:829} INFO - Processing file /Users/nick/Desktop/airflow_dic/venv/lib/python3.11/site-packages/airflow/example_dags/example_branch_operator_decorator.py for tasks to queue
[2023-10-19T22:28:17.917+0200] {logging_mixin.py:151} INFO - [2023-10-19T22:28:17.917+0200] {dagbag.py:539} INFO - Filling up the DagBag from /Users/nick/Desktop/airflow_dic/venv/lib/python3.11/site-packages/airflow/example_dags/example_branch_operator_decorator.py
[2023-10-19T22:28:17.938+0200] {processor.py:839} INFO - DAG(s) dict_keys(['example_branch_python_operator_decorator']) retrieved from /Users/nick/Desktop/airflow_dic/venv/lib/python3.11/site-packages/airflow/example_dags/example_branch_operator_decorator.py
[2023-10-19T22:28:18.223+0200] {logging_mixin.py:151} INFO - [2023-10-19T22:28:18.223+0200] {security.py:708} INFO - Not syncing DAG-level permissions for DAG 'DAG:example_branch_python_operator_decorator' as access control is unset.
[2023-10-19T22:28:18.223+0200] {logging_mixin.py:151} INFO - [2023-10-19T22:28:18.223+0200] {dag.py:2915} INFO - Sync 1 DAGs
[2023-10-19T22:28:18.226+0200] {logging_mixin.py:151} INFO - [2023-10-19T22:28:18.226+0200] {dag.py:2937} INFO - Creating ORM DAG for example_branch_python_operator_decorator
[2023-10-19T22:28:18.230+0200] {logging_mixin.py:151} INFO - [2023-10-19T22:28:18.230+0200] {dag.py:3696} INFO - Setting next_dagrun for example_branch_python_operator_decorator to 2023-10-18T00:00:00+00:00, run_after=2023-10-19T00:00:00+00:00
[2023-10-19T22:28:18.237+0200] {processor.py:179} INFO - Processing /Users/nick/Desktop/airflow_dic/venv/lib/python3.11/site-packages/airflow/example_dags/example_branch_operator_decorator.py took 0.322 seconds
[2023-10-19T22:29:32.715+0200] {processor.py:157} INFO - Started process (PID=32090) to work on /Users/nick/Desktop/airflow_dic/venv/lib/python3.11/site-packages/airflow/example_dags/example_branch_operator_decorator.py
[2023-10-19T22:29:32.716+0200] {processor.py:829} INFO - Processing file /Users/nick/Desktop/airflow_dic/venv/lib/python3.11/site-packages/airflow/example_dags/example_branch_operator_decorator.py for tasks to queue
[2023-10-19T22:29:32.716+0200] {logging_mixin.py:151} INFO - [2023-10-19T22:29:32.716+0200] {dagbag.py:539} INFO - Filling up the DagBag from /Users/nick/Desktop/airflow_dic/venv/lib/python3.11/site-packages/airflow/example_dags/example_branch_operator_decorator.py
[2023-10-19T22:29:32.737+0200] {processor.py:839} INFO - DAG(s) dict_keys(['example_branch_python_operator_decorator']) retrieved from /Users/nick/Desktop/airflow_dic/venv/lib/python3.11/site-packages/airflow/example_dags/example_branch_operator_decorator.py
[2023-10-19T22:29:32.791+0200] {logging_mixin.py:151} INFO - [2023-10-19T22:29:32.790+0200] {dag.py:2915} INFO - Sync 1 DAGs
[2023-10-19T22:29:32.797+0200] {logging_mixin.py:151} INFO - [2023-10-19T22:29:32.797+0200] {dag.py:3696} INFO - Setting next_dagrun for example_branch_python_operator_decorator to 2023-10-18T00:00:00+00:00, run_after=2023-10-19T00:00:00+00:00
[2023-10-19T22:29:32.803+0200] {processor.py:179} INFO - Processing /Users/nick/Desktop/airflow_dic/venv/lib/python3.11/site-packages/airflow/example_dags/example_branch_operator_decorator.py took 0.088 seconds
[2023-10-19T22:31:51.691+0200] {processor.py:157} INFO - Started process (PID=32358) to work on /Users/nick/Desktop/airflow_dic/venv/lib/python3.11/site-packages/airflow/example_dags/example_branch_operator_decorator.py
[2023-10-19T22:31:51.693+0200] {processor.py:829} INFO - Processing file /Users/nick/Desktop/airflow_dic/venv/lib/python3.11/site-packages/airflow/example_dags/example_branch_operator_decorator.py for tasks to queue
[2023-10-19T22:31:51.693+0200] {logging_mixin.py:151} INFO - [2023-10-19T22:31:51.693+0200] {dagbag.py:539} INFO - Filling up the DagBag from /Users/nick/Desktop/airflow_dic/venv/lib/python3.11/site-packages/airflow/example_dags/example_branch_operator_decorator.py
[2023-10-19T22:31:51.714+0200] {processor.py:839} INFO - DAG(s) dict_keys(['example_branch_python_operator_decorator']) retrieved from /Users/nick/Desktop/airflow_dic/venv/lib/python3.11/site-packages/airflow/example_dags/example_branch_operator_decorator.py
[2023-10-19T22:31:51.771+0200] {logging_mixin.py:151} INFO - [2023-10-19T22:31:51.771+0200] {dag.py:2915} INFO - Sync 1 DAGs
[2023-10-19T22:31:51.777+0200] {logging_mixin.py:151} INFO - [2023-10-19T22:31:51.777+0200] {dag.py:3696} INFO - Setting next_dagrun for example_branch_python_operator_decorator to 2023-10-18T00:00:00+00:00, run_after=2023-10-19T00:00:00+00:00
[2023-10-19T22:31:51.784+0200] {processor.py:179} INFO - Processing /Users/nick/Desktop/airflow_dic/venv/lib/python3.11/site-packages/airflow/example_dags/example_branch_operator_decorator.py took 0.093 seconds
[2023-10-19T22:32:59.870+0200] {processor.py:157} INFO - Started process (PID=32482) to work on /Users/nick/Desktop/airflow_dic/venv/lib/python3.11/site-packages/airflow/example_dags/example_branch_operator_decorator.py
[2023-10-19T22:32:59.872+0200] {processor.py:829} INFO - Processing file /Users/nick/Desktop/airflow_dic/venv/lib/python3.11/site-packages/airflow/example_dags/example_branch_operator_decorator.py for tasks to queue
[2023-10-19T22:32:59.872+0200] {logging_mixin.py:151} INFO - [2023-10-19T22:32:59.872+0200] {dagbag.py:539} INFO - Filling up the DagBag from /Users/nick/Desktop/airflow_dic/venv/lib/python3.11/site-packages/airflow/example_dags/example_branch_operator_decorator.py
[2023-10-19T22:32:59.892+0200] {processor.py:839} INFO - DAG(s) dict_keys(['example_branch_python_operator_decorator']) retrieved from /Users/nick/Desktop/airflow_dic/venv/lib/python3.11/site-packages/airflow/example_dags/example_branch_operator_decorator.py
[2023-10-19T22:32:59.947+0200] {logging_mixin.py:151} INFO - [2023-10-19T22:32:59.947+0200] {dag.py:2915} INFO - Sync 1 DAGs
[2023-10-19T22:32:59.953+0200] {logging_mixin.py:151} INFO - [2023-10-19T22:32:59.953+0200] {dag.py:3696} INFO - Setting next_dagrun for example_branch_python_operator_decorator to 2023-10-18T00:00:00+00:00, run_after=2023-10-19T00:00:00+00:00
[2023-10-19T22:32:59.959+0200] {processor.py:179} INFO - Processing /Users/nick/Desktop/airflow_dic/venv/lib/python3.11/site-packages/airflow/example_dags/example_branch_operator_decorator.py took 0.089 seconds
[2023-10-19T22:34:09.144+0200] {processor.py:157} INFO - Started process (PID=32620) to work on /Users/nick/Desktop/airflow_dic/venv/lib/python3.11/site-packages/airflow/example_dags/example_branch_operator_decorator.py
[2023-10-19T22:34:09.146+0200] {processor.py:829} INFO - Processing file /Users/nick/Desktop/airflow_dic/venv/lib/python3.11/site-packages/airflow/example_dags/example_branch_operator_decorator.py for tasks to queue
[2023-10-19T22:34:09.146+0200] {logging_mixin.py:151} INFO - [2023-10-19T22:34:09.146+0200] {dagbag.py:539} INFO - Filling up the DagBag from /Users/nick/Desktop/airflow_dic/venv/lib/python3.11/site-packages/airflow/example_dags/example_branch_operator_decorator.py
[2023-10-19T22:34:09.170+0200] {processor.py:839} INFO - DAG(s) dict_keys(['example_branch_python_operator_decorator']) retrieved from /Users/nick/Desktop/airflow_dic/venv/lib/python3.11/site-packages/airflow/example_dags/example_branch_operator_decorator.py
[2023-10-19T22:34:09.231+0200] {logging_mixin.py:151} INFO - [2023-10-19T22:34:09.231+0200] {dag.py:2915} INFO - Sync 1 DAGs
[2023-10-19T22:34:09.237+0200] {logging_mixin.py:151} INFO - [2023-10-19T22:34:09.237+0200] {dag.py:3696} INFO - Setting next_dagrun for example_branch_python_operator_decorator to 2023-10-18T00:00:00+00:00, run_after=2023-10-19T00:00:00+00:00
[2023-10-19T22:34:09.244+0200] {processor.py:179} INFO - Processing /Users/nick/Desktop/airflow_dic/venv/lib/python3.11/site-packages/airflow/example_dags/example_branch_operator_decorator.py took 0.100 seconds
[2023-10-19T22:35:16.389+0200] {processor.py:157} INFO - Started process (PID=32790) to work on /Users/nick/Desktop/airflow_dic/venv/lib/python3.11/site-packages/airflow/example_dags/example_branch_operator_decorator.py
[2023-10-19T22:35:16.391+0200] {processor.py:829} INFO - Processing file /Users/nick/Desktop/airflow_dic/venv/lib/python3.11/site-packages/airflow/example_dags/example_branch_operator_decorator.py for tasks to queue
[2023-10-19T22:35:16.391+0200] {logging_mixin.py:151} INFO - [2023-10-19T22:35:16.391+0200] {dagbag.py:539} INFO - Filling up the DagBag from /Users/nick/Desktop/airflow_dic/venv/lib/python3.11/site-packages/airflow/example_dags/example_branch_operator_decorator.py
[2023-10-19T22:35:16.411+0200] {processor.py:839} INFO - DAG(s) dict_keys(['example_branch_python_operator_decorator']) retrieved from /Users/nick/Desktop/airflow_dic/venv/lib/python3.11/site-packages/airflow/example_dags/example_branch_operator_decorator.py
[2023-10-19T22:35:16.465+0200] {logging_mixin.py:151} INFO - [2023-10-19T22:35:16.465+0200] {dag.py:2915} INFO - Sync 1 DAGs
[2023-10-19T22:35:16.471+0200] {logging_mixin.py:151} INFO - [2023-10-19T22:35:16.471+0200] {dag.py:3696} INFO - Setting next_dagrun for example_branch_python_operator_decorator to 2023-10-18T00:00:00+00:00, run_after=2023-10-19T00:00:00+00:00
[2023-10-19T22:35:16.477+0200] {processor.py:179} INFO - Processing /Users/nick/Desktop/airflow_dic/venv/lib/python3.11/site-packages/airflow/example_dags/example_branch_operator_decorator.py took 0.088 seconds
[2023-10-19T22:36:26.401+0200] {processor.py:157} INFO - Started process (PID=32920) to work on /Users/nick/Desktop/airflow_dic/venv/lib/python3.11/site-packages/airflow/example_dags/example_branch_operator_decorator.py
[2023-10-19T22:36:26.402+0200] {processor.py:829} INFO - Processing file /Users/nick/Desktop/airflow_dic/venv/lib/python3.11/site-packages/airflow/example_dags/example_branch_operator_decorator.py for tasks to queue
[2023-10-19T22:36:26.402+0200] {logging_mixin.py:151} INFO - [2023-10-19T22:36:26.402+0200] {dagbag.py:539} INFO - Filling up the DagBag from /Users/nick/Desktop/airflow_dic/venv/lib/python3.11/site-packages/airflow/example_dags/example_branch_operator_decorator.py
[2023-10-19T22:36:26.422+0200] {processor.py:839} INFO - DAG(s) dict_keys(['example_branch_python_operator_decorator']) retrieved from /Users/nick/Desktop/airflow_dic/venv/lib/python3.11/site-packages/airflow/example_dags/example_branch_operator_decorator.py
[2023-10-19T22:36:26.479+0200] {logging_mixin.py:151} INFO - [2023-10-19T22:36:26.478+0200] {dag.py:2915} INFO - Sync 1 DAGs
[2023-10-19T22:36:26.485+0200] {logging_mixin.py:151} INFO - [2023-10-19T22:36:26.485+0200] {dag.py:3696} INFO - Setting next_dagrun for example_branch_python_operator_decorator to 2023-10-18T00:00:00+00:00, run_after=2023-10-19T00:00:00+00:00
[2023-10-19T22:36:26.491+0200] {processor.py:179} INFO - Processing /Users/nick/Desktop/airflow_dic/venv/lib/python3.11/site-packages/airflow/example_dags/example_branch_operator_decorator.py took 0.091 seconds
[2023-10-19T22:37:33.694+0200] {processor.py:157} INFO - Started process (PID=33049) to work on /Users/nick/Desktop/airflow_dic/venv/lib/python3.11/site-packages/airflow/example_dags/example_branch_operator_decorator.py
[2023-10-19T22:37:33.695+0200] {processor.py:829} INFO - Processing file /Users/nick/Desktop/airflow_dic/venv/lib/python3.11/site-packages/airflow/example_dags/example_branch_operator_decorator.py for tasks to queue
[2023-10-19T22:37:33.696+0200] {logging_mixin.py:151} INFO - [2023-10-19T22:37:33.695+0200] {dagbag.py:539} INFO - Filling up the DagBag from /Users/nick/Desktop/airflow_dic/venv/lib/python3.11/site-packages/airflow/example_dags/example_branch_operator_decorator.py
[2023-10-19T22:37:33.715+0200] {processor.py:839} INFO - DAG(s) dict_keys(['example_branch_python_operator_decorator']) retrieved from /Users/nick/Desktop/airflow_dic/venv/lib/python3.11/site-packages/airflow/example_dags/example_branch_operator_decorator.py
[2023-10-19T22:37:33.769+0200] {logging_mixin.py:151} INFO - [2023-10-19T22:37:33.769+0200] {dag.py:2915} INFO - Sync 1 DAGs
[2023-10-19T22:37:33.775+0200] {logging_mixin.py:151} INFO - [2023-10-19T22:37:33.775+0200] {dag.py:3696} INFO - Setting next_dagrun for example_branch_python_operator_decorator to 2023-10-18T00:00:00+00:00, run_after=2023-10-19T00:00:00+00:00
[2023-10-19T22:37:33.781+0200] {processor.py:179} INFO - Processing /Users/nick/Desktop/airflow_dic/venv/lib/python3.11/site-packages/airflow/example_dags/example_branch_operator_decorator.py took 0.087 seconds
[2023-10-19T22:38:42.226+0200] {processor.py:157} INFO - Started process (PID=33174) to work on /Users/nick/Desktop/airflow_dic/venv/lib/python3.11/site-packages/airflow/example_dags/example_branch_operator_decorator.py
[2023-10-19T22:38:42.227+0200] {processor.py:829} INFO - Processing file /Users/nick/Desktop/airflow_dic/venv/lib/python3.11/site-packages/airflow/example_dags/example_branch_operator_decorator.py for tasks to queue
[2023-10-19T22:38:42.227+0200] {logging_mixin.py:151} INFO - [2023-10-19T22:38:42.227+0200] {dagbag.py:539} INFO - Filling up the DagBag from /Users/nick/Desktop/airflow_dic/venv/lib/python3.11/site-packages/airflow/example_dags/example_branch_operator_decorator.py
[2023-10-19T22:38:42.247+0200] {processor.py:839} INFO - DAG(s) dict_keys(['example_branch_python_operator_decorator']) retrieved from /Users/nick/Desktop/airflow_dic/venv/lib/python3.11/site-packages/airflow/example_dags/example_branch_operator_decorator.py
[2023-10-19T22:38:42.301+0200] {logging_mixin.py:151} INFO - [2023-10-19T22:38:42.301+0200] {dag.py:2915} INFO - Sync 1 DAGs
[2023-10-19T22:38:42.307+0200] {logging_mixin.py:151} INFO - [2023-10-19T22:38:42.307+0200] {dag.py:3696} INFO - Setting next_dagrun for example_branch_python_operator_decorator to 2023-10-18T00:00:00+00:00, run_after=2023-10-19T00:00:00+00:00
[2023-10-19T22:38:42.313+0200] {processor.py:179} INFO - Processing /Users/nick/Desktop/airflow_dic/venv/lib/python3.11/site-packages/airflow/example_dags/example_branch_operator_decorator.py took 0.088 seconds
[2023-10-19T22:39:47.870+0200] {processor.py:157} INFO - Started process (PID=33302) to work on /Users/nick/Desktop/airflow_dic/venv/lib/python3.11/site-packages/airflow/example_dags/example_branch_operator_decorator.py
[2023-10-19T22:39:47.871+0200] {processor.py:829} INFO - Processing file /Users/nick/Desktop/airflow_dic/venv/lib/python3.11/site-packages/airflow/example_dags/example_branch_operator_decorator.py for tasks to queue
[2023-10-19T22:39:47.871+0200] {logging_mixin.py:151} INFO - [2023-10-19T22:39:47.871+0200] {dagbag.py:539} INFO - Filling up the DagBag from /Users/nick/Desktop/airflow_dic/venv/lib/python3.11/site-packages/airflow/example_dags/example_branch_operator_decorator.py
[2023-10-19T22:39:47.892+0200] {processor.py:839} INFO - DAG(s) dict_keys(['example_branch_python_operator_decorator']) retrieved from /Users/nick/Desktop/airflow_dic/venv/lib/python3.11/site-packages/airflow/example_dags/example_branch_operator_decorator.py
[2023-10-19T22:39:47.946+0200] {logging_mixin.py:151} INFO - [2023-10-19T22:39:47.945+0200] {dag.py:2915} INFO - Sync 1 DAGs
[2023-10-19T22:39:47.952+0200] {logging_mixin.py:151} INFO - [2023-10-19T22:39:47.952+0200] {dag.py:3696} INFO - Setting next_dagrun for example_branch_python_operator_decorator to 2023-10-18T00:00:00+00:00, run_after=2023-10-19T00:00:00+00:00
[2023-10-19T22:39:47.958+0200] {processor.py:179} INFO - Processing /Users/nick/Desktop/airflow_dic/venv/lib/python3.11/site-packages/airflow/example_dags/example_branch_operator_decorator.py took 0.088 seconds
[2023-10-19T22:40:56.626+0200] {processor.py:157} INFO - Started process (PID=33429) to work on /Users/nick/Desktop/airflow_dic/venv/lib/python3.11/site-packages/airflow/example_dags/example_branch_operator_decorator.py
[2023-10-19T22:40:56.627+0200] {processor.py:829} INFO - Processing file /Users/nick/Desktop/airflow_dic/venv/lib/python3.11/site-packages/airflow/example_dags/example_branch_operator_decorator.py for tasks to queue
[2023-10-19T22:40:56.627+0200] {logging_mixin.py:151} INFO - [2023-10-19T22:40:56.627+0200] {dagbag.py:539} INFO - Filling up the DagBag from /Users/nick/Desktop/airflow_dic/venv/lib/python3.11/site-packages/airflow/example_dags/example_branch_operator_decorator.py
[2023-10-19T22:40:56.648+0200] {processor.py:839} INFO - DAG(s) dict_keys(['example_branch_python_operator_decorator']) retrieved from /Users/nick/Desktop/airflow_dic/venv/lib/python3.11/site-packages/airflow/example_dags/example_branch_operator_decorator.py
[2023-10-19T22:40:56.702+0200] {logging_mixin.py:151} INFO - [2023-10-19T22:40:56.702+0200] {dag.py:2915} INFO - Sync 1 DAGs
[2023-10-19T22:40:56.708+0200] {logging_mixin.py:151} INFO - [2023-10-19T22:40:56.708+0200] {dag.py:3696} INFO - Setting next_dagrun for example_branch_python_operator_decorator to 2023-10-18T00:00:00+00:00, run_after=2023-10-19T00:00:00+00:00
[2023-10-19T22:40:56.714+0200] {processor.py:179} INFO - Processing /Users/nick/Desktop/airflow_dic/venv/lib/python3.11/site-packages/airflow/example_dags/example_branch_operator_decorator.py took 0.088 seconds
[2023-10-19T22:42:08.003+0200] {processor.py:157} INFO - Started process (PID=33560) to work on /Users/nick/Desktop/airflow_dic/venv/lib/python3.11/site-packages/airflow/example_dags/example_branch_operator_decorator.py
[2023-10-19T22:42:08.005+0200] {processor.py:829} INFO - Processing file /Users/nick/Desktop/airflow_dic/venv/lib/python3.11/site-packages/airflow/example_dags/example_branch_operator_decorator.py for tasks to queue
[2023-10-19T22:42:08.005+0200] {logging_mixin.py:151} INFO - [2023-10-19T22:42:08.005+0200] {dagbag.py:539} INFO - Filling up the DagBag from /Users/nick/Desktop/airflow_dic/venv/lib/python3.11/site-packages/airflow/example_dags/example_branch_operator_decorator.py
[2023-10-19T22:42:08.026+0200] {processor.py:839} INFO - DAG(s) dict_keys(['example_branch_python_operator_decorator']) retrieved from /Users/nick/Desktop/airflow_dic/venv/lib/python3.11/site-packages/airflow/example_dags/example_branch_operator_decorator.py
[2023-10-19T22:42:08.081+0200] {logging_mixin.py:151} INFO - [2023-10-19T22:42:08.081+0200] {dag.py:2915} INFO - Sync 1 DAGs
[2023-10-19T22:42:08.087+0200] {logging_mixin.py:151} INFO - [2023-10-19T22:42:08.087+0200] {dag.py:3696} INFO - Setting next_dagrun for example_branch_python_operator_decorator to 2023-10-18T00:00:00+00:00, run_after=2023-10-19T00:00:00+00:00
[2023-10-19T22:42:08.093+0200] {processor.py:179} INFO - Processing /Users/nick/Desktop/airflow_dic/venv/lib/python3.11/site-packages/airflow/example_dags/example_branch_operator_decorator.py took 0.090 seconds
[2023-10-19T22:43:16.084+0200] {processor.py:157} INFO - Started process (PID=33686) to work on /Users/nick/Desktop/airflow_dic/venv/lib/python3.11/site-packages/airflow/example_dags/example_branch_operator_decorator.py
[2023-10-19T22:43:16.085+0200] {processor.py:829} INFO - Processing file /Users/nick/Desktop/airflow_dic/venv/lib/python3.11/site-packages/airflow/example_dags/example_branch_operator_decorator.py for tasks to queue
[2023-10-19T22:43:16.085+0200] {logging_mixin.py:151} INFO - [2023-10-19T22:43:16.085+0200] {dagbag.py:539} INFO - Filling up the DagBag from /Users/nick/Desktop/airflow_dic/venv/lib/python3.11/site-packages/airflow/example_dags/example_branch_operator_decorator.py
[2023-10-19T22:43:16.105+0200] {processor.py:839} INFO - DAG(s) dict_keys(['example_branch_python_operator_decorator']) retrieved from /Users/nick/Desktop/airflow_dic/venv/lib/python3.11/site-packages/airflow/example_dags/example_branch_operator_decorator.py
[2023-10-19T22:43:16.160+0200] {logging_mixin.py:151} INFO - [2023-10-19T22:43:16.159+0200] {dag.py:2915} INFO - Sync 1 DAGs
[2023-10-19T22:43:16.166+0200] {logging_mixin.py:151} INFO - [2023-10-19T22:43:16.166+0200] {dag.py:3696} INFO - Setting next_dagrun for example_branch_python_operator_decorator to 2023-10-18T00:00:00+00:00, run_after=2023-10-19T00:00:00+00:00
[2023-10-19T22:43:16.172+0200] {processor.py:179} INFO - Processing /Users/nick/Desktop/airflow_dic/venv/lib/python3.11/site-packages/airflow/example_dags/example_branch_operator_decorator.py took 0.088 seconds
[2023-10-19T22:44:27.429+0200] {processor.py:157} INFO - Started process (PID=33822) to work on /Users/nick/Desktop/airflow_dic/venv/lib/python3.11/site-packages/airflow/example_dags/example_branch_operator_decorator.py
[2023-10-19T22:44:27.431+0200] {processor.py:829} INFO - Processing file /Users/nick/Desktop/airflow_dic/venv/lib/python3.11/site-packages/airflow/example_dags/example_branch_operator_decorator.py for tasks to queue
[2023-10-19T22:44:27.431+0200] {logging_mixin.py:151} INFO - [2023-10-19T22:44:27.431+0200] {dagbag.py:539} INFO - Filling up the DagBag from /Users/nick/Desktop/airflow_dic/venv/lib/python3.11/site-packages/airflow/example_dags/example_branch_operator_decorator.py
[2023-10-19T22:44:27.452+0200] {processor.py:839} INFO - DAG(s) dict_keys(['example_branch_python_operator_decorator']) retrieved from /Users/nick/Desktop/airflow_dic/venv/lib/python3.11/site-packages/airflow/example_dags/example_branch_operator_decorator.py
[2023-10-19T22:44:27.506+0200] {logging_mixin.py:151} INFO - [2023-10-19T22:44:27.505+0200] {dag.py:2915} INFO - Sync 1 DAGs
[2023-10-19T22:44:27.512+0200] {logging_mixin.py:151} INFO - [2023-10-19T22:44:27.511+0200] {dag.py:3696} INFO - Setting next_dagrun for example_branch_python_operator_decorator to 2023-10-18T00:00:00+00:00, run_after=2023-10-19T00:00:00+00:00
[2023-10-19T22:44:27.517+0200] {processor.py:179} INFO - Processing /Users/nick/Desktop/airflow_dic/venv/lib/python3.11/site-packages/airflow/example_dags/example_branch_operator_decorator.py took 0.089 seconds
[2023-10-19T22:46:15.549+0200] {processor.py:157} INFO - Started process (PID=34045) to work on /Users/nick/Desktop/airflow_dic/venv/lib/python3.11/site-packages/airflow/example_dags/example_branch_operator_decorator.py
[2023-10-19T22:46:15.551+0200] {processor.py:829} INFO - Processing file /Users/nick/Desktop/airflow_dic/venv/lib/python3.11/site-packages/airflow/example_dags/example_branch_operator_decorator.py for tasks to queue
[2023-10-19T22:46:15.551+0200] {logging_mixin.py:151} INFO - [2023-10-19T22:46:15.551+0200] {dagbag.py:539} INFO - Filling up the DagBag from /Users/nick/Desktop/airflow_dic/venv/lib/python3.11/site-packages/airflow/example_dags/example_branch_operator_decorator.py
[2023-10-19T22:46:15.574+0200] {processor.py:839} INFO - DAG(s) dict_keys(['example_branch_python_operator_decorator']) retrieved from /Users/nick/Desktop/airflow_dic/venv/lib/python3.11/site-packages/airflow/example_dags/example_branch_operator_decorator.py
[2023-10-19T22:46:15.634+0200] {logging_mixin.py:151} INFO - [2023-10-19T22:46:15.634+0200] {dag.py:2915} INFO - Sync 1 DAGs
[2023-10-19T22:46:15.641+0200] {logging_mixin.py:151} INFO - [2023-10-19T22:46:15.640+0200] {dag.py:3696} INFO - Setting next_dagrun for example_branch_python_operator_decorator to 2023-10-18T00:00:00+00:00, run_after=2023-10-19T00:00:00+00:00
[2023-10-19T22:46:15.647+0200] {processor.py:179} INFO - Processing /Users/nick/Desktop/airflow_dic/venv/lib/python3.11/site-packages/airflow/example_dags/example_branch_operator_decorator.py took 0.099 seconds
[2023-10-19T22:47:24.517+0200] {processor.py:157} INFO - Started process (PID=34174) to work on /Users/nick/Desktop/airflow_dic/venv/lib/python3.11/site-packages/airflow/example_dags/example_branch_operator_decorator.py
[2023-10-19T22:47:24.520+0200] {processor.py:829} INFO - Processing file /Users/nick/Desktop/airflow_dic/venv/lib/python3.11/site-packages/airflow/example_dags/example_branch_operator_decorator.py for tasks to queue
[2023-10-19T22:47:24.520+0200] {logging_mixin.py:151} INFO - [2023-10-19T22:47:24.520+0200] {dagbag.py:539} INFO - Filling up the DagBag from /Users/nick/Desktop/airflow_dic/venv/lib/python3.11/site-packages/airflow/example_dags/example_branch_operator_decorator.py
[2023-10-19T22:47:24.540+0200] {processor.py:839} INFO - DAG(s) dict_keys(['example_branch_python_operator_decorator']) retrieved from /Users/nick/Desktop/airflow_dic/venv/lib/python3.11/site-packages/airflow/example_dags/example_branch_operator_decorator.py
[2023-10-19T22:47:24.594+0200] {logging_mixin.py:151} INFO - [2023-10-19T22:47:24.594+0200] {dag.py:2915} INFO - Sync 1 DAGs
[2023-10-19T22:47:24.600+0200] {logging_mixin.py:151} INFO - [2023-10-19T22:47:24.600+0200] {dag.py:3696} INFO - Setting next_dagrun for example_branch_python_operator_decorator to 2023-10-18T00:00:00+00:00, run_after=2023-10-19T00:00:00+00:00
[2023-10-19T22:47:24.606+0200] {processor.py:179} INFO - Processing /Users/nick/Desktop/airflow_dic/venv/lib/python3.11/site-packages/airflow/example_dags/example_branch_operator_decorator.py took 0.089 seconds
[2023-10-19T22:48:33.490+0200] {processor.py:157} INFO - Started process (PID=34306) to work on /Users/nick/Desktop/airflow_dic/venv/lib/python3.11/site-packages/airflow/example_dags/example_branch_operator_decorator.py
[2023-10-19T22:48:33.492+0200] {processor.py:829} INFO - Processing file /Users/nick/Desktop/airflow_dic/venv/lib/python3.11/site-packages/airflow/example_dags/example_branch_operator_decorator.py for tasks to queue
[2023-10-19T22:48:33.492+0200] {logging_mixin.py:151} INFO - [2023-10-19T22:48:33.492+0200] {dagbag.py:539} INFO - Filling up the DagBag from /Users/nick/Desktop/airflow_dic/venv/lib/python3.11/site-packages/airflow/example_dags/example_branch_operator_decorator.py
[2023-10-19T22:48:33.512+0200] {processor.py:839} INFO - DAG(s) dict_keys(['example_branch_python_operator_decorator']) retrieved from /Users/nick/Desktop/airflow_dic/venv/lib/python3.11/site-packages/airflow/example_dags/example_branch_operator_decorator.py
[2023-10-19T22:48:33.566+0200] {logging_mixin.py:151} INFO - [2023-10-19T22:48:33.566+0200] {dag.py:2915} INFO - Sync 1 DAGs
[2023-10-19T22:48:33.572+0200] {logging_mixin.py:151} INFO - [2023-10-19T22:48:33.572+0200] {dag.py:3696} INFO - Setting next_dagrun for example_branch_python_operator_decorator to 2023-10-18T00:00:00+00:00, run_after=2023-10-19T00:00:00+00:00
[2023-10-19T22:48:33.579+0200] {processor.py:179} INFO - Processing /Users/nick/Desktop/airflow_dic/venv/lib/python3.11/site-packages/airflow/example_dags/example_branch_operator_decorator.py took 0.088 seconds
[2023-10-19T22:49:42.167+0200] {processor.py:157} INFO - Started process (PID=34443) to work on /Users/nick/Desktop/airflow_dic/venv/lib/python3.11/site-packages/airflow/example_dags/example_branch_operator_decorator.py
[2023-10-19T22:49:42.168+0200] {processor.py:829} INFO - Processing file /Users/nick/Desktop/airflow_dic/venv/lib/python3.11/site-packages/airflow/example_dags/example_branch_operator_decorator.py for tasks to queue
[2023-10-19T22:49:42.168+0200] {logging_mixin.py:151} INFO - [2023-10-19T22:49:42.168+0200] {dagbag.py:539} INFO - Filling up the DagBag from /Users/nick/Desktop/airflow_dic/venv/lib/python3.11/site-packages/airflow/example_dags/example_branch_operator_decorator.py
[2023-10-19T22:49:42.188+0200] {processor.py:839} INFO - DAG(s) dict_keys(['example_branch_python_operator_decorator']) retrieved from /Users/nick/Desktop/airflow_dic/venv/lib/python3.11/site-packages/airflow/example_dags/example_branch_operator_decorator.py
[2023-10-19T22:49:42.242+0200] {logging_mixin.py:151} INFO - [2023-10-19T22:49:42.242+0200] {dag.py:2915} INFO - Sync 1 DAGs
[2023-10-19T22:49:42.248+0200] {logging_mixin.py:151} INFO - [2023-10-19T22:49:42.248+0200] {dag.py:3696} INFO - Setting next_dagrun for example_branch_python_operator_decorator to 2023-10-18T00:00:00+00:00, run_after=2023-10-19T00:00:00+00:00
[2023-10-19T22:49:42.254+0200] {processor.py:179} INFO - Processing /Users/nick/Desktop/airflow_dic/venv/lib/python3.11/site-packages/airflow/example_dags/example_branch_operator_decorator.py took 0.088 seconds
[2023-10-19T22:50:50.161+0200] {processor.py:157} INFO - Started process (PID=34569) to work on /Users/nick/Desktop/airflow_dic/venv/lib/python3.11/site-packages/airflow/example_dags/example_branch_operator_decorator.py
[2023-10-19T22:50:50.162+0200] {processor.py:829} INFO - Processing file /Users/nick/Desktop/airflow_dic/venv/lib/python3.11/site-packages/airflow/example_dags/example_branch_operator_decorator.py for tasks to queue
[2023-10-19T22:50:50.163+0200] {logging_mixin.py:151} INFO - [2023-10-19T22:50:50.162+0200] {dagbag.py:539} INFO - Filling up the DagBag from /Users/nick/Desktop/airflow_dic/venv/lib/python3.11/site-packages/airflow/example_dags/example_branch_operator_decorator.py
[2023-10-19T22:50:50.183+0200] {processor.py:839} INFO - DAG(s) dict_keys(['example_branch_python_operator_decorator']) retrieved from /Users/nick/Desktop/airflow_dic/venv/lib/python3.11/site-packages/airflow/example_dags/example_branch_operator_decorator.py
[2023-10-19T22:50:50.242+0200] {logging_mixin.py:151} INFO - [2023-10-19T22:50:50.242+0200] {dag.py:2915} INFO - Sync 1 DAGs
[2023-10-19T22:50:50.248+0200] {logging_mixin.py:151} INFO - [2023-10-19T22:50:50.248+0200] {dag.py:3696} INFO - Setting next_dagrun for example_branch_python_operator_decorator to 2023-10-18T00:00:00+00:00, run_after=2023-10-19T00:00:00+00:00
[2023-10-19T22:50:50.254+0200] {processor.py:179} INFO - Processing /Users/nick/Desktop/airflow_dic/venv/lib/python3.11/site-packages/airflow/example_dags/example_branch_operator_decorator.py took 0.093 seconds
[2023-10-19T22:54:14.026+0200] {processor.py:157} INFO - Started process (PID=34883) to work on /Users/nick/Desktop/airflow_dic/venv/lib/python3.11/site-packages/airflow/example_dags/example_branch_operator_decorator.py
[2023-10-19T22:54:14.027+0200] {processor.py:829} INFO - Processing file /Users/nick/Desktop/airflow_dic/venv/lib/python3.11/site-packages/airflow/example_dags/example_branch_operator_decorator.py for tasks to queue
[2023-10-19T22:54:14.027+0200] {logging_mixin.py:151} INFO - [2023-10-19T22:54:14.027+0200] {dagbag.py:539} INFO - Filling up the DagBag from /Users/nick/Desktop/airflow_dic/venv/lib/python3.11/site-packages/airflow/example_dags/example_branch_operator_decorator.py
[2023-10-19T22:54:14.048+0200] {processor.py:839} INFO - DAG(s) dict_keys(['example_branch_python_operator_decorator']) retrieved from /Users/nick/Desktop/airflow_dic/venv/lib/python3.11/site-packages/airflow/example_dags/example_branch_operator_decorator.py
[2023-10-19T22:54:14.103+0200] {logging_mixin.py:151} INFO - [2023-10-19T22:54:14.103+0200] {dag.py:2915} INFO - Sync 1 DAGs
[2023-10-19T22:54:14.109+0200] {logging_mixin.py:151} INFO - [2023-10-19T22:54:14.109+0200] {dag.py:3696} INFO - Setting next_dagrun for example_branch_python_operator_decorator to 2023-10-18T00:00:00+00:00, run_after=2023-10-19T00:00:00+00:00
[2023-10-19T22:54:14.116+0200] {processor.py:179} INFO - Processing /Users/nick/Desktop/airflow_dic/venv/lib/python3.11/site-packages/airflow/example_dags/example_branch_operator_decorator.py took 0.090 seconds
[2023-10-19T22:55:20.532+0200] {processor.py:157} INFO - Started process (PID=35026) to work on /Users/nick/Desktop/airflow_dic/venv/lib/python3.11/site-packages/airflow/example_dags/example_branch_operator_decorator.py
[2023-10-19T22:55:20.535+0200] {processor.py:829} INFO - Processing file /Users/nick/Desktop/airflow_dic/venv/lib/python3.11/site-packages/airflow/example_dags/example_branch_operator_decorator.py for tasks to queue
[2023-10-19T22:55:20.535+0200] {logging_mixin.py:151} INFO - [2023-10-19T22:55:20.535+0200] {dagbag.py:539} INFO - Filling up the DagBag from /Users/nick/Desktop/airflow_dic/venv/lib/python3.11/site-packages/airflow/example_dags/example_branch_operator_decorator.py
[2023-10-19T22:55:20.556+0200] {processor.py:839} INFO - DAG(s) dict_keys(['example_branch_python_operator_decorator']) retrieved from /Users/nick/Desktop/airflow_dic/venv/lib/python3.11/site-packages/airflow/example_dags/example_branch_operator_decorator.py
[2023-10-19T22:55:20.615+0200] {logging_mixin.py:151} INFO - [2023-10-19T22:55:20.615+0200] {dag.py:2915} INFO - Sync 1 DAGs
[2023-10-19T22:55:20.621+0200] {logging_mixin.py:151} INFO - [2023-10-19T22:55:20.621+0200] {dag.py:3696} INFO - Setting next_dagrun for example_branch_python_operator_decorator to 2023-10-18T00:00:00+00:00, run_after=2023-10-19T00:00:00+00:00
[2023-10-19T22:55:20.628+0200] {processor.py:179} INFO - Processing /Users/nick/Desktop/airflow_dic/venv/lib/python3.11/site-packages/airflow/example_dags/example_branch_operator_decorator.py took 0.095 seconds
[2023-10-19T22:56:29.553+0200] {processor.py:157} INFO - Started process (PID=35161) to work on /Users/nick/Desktop/airflow_dic/venv/lib/python3.11/site-packages/airflow/example_dags/example_branch_operator_decorator.py
[2023-10-19T22:56:29.554+0200] {processor.py:829} INFO - Processing file /Users/nick/Desktop/airflow_dic/venv/lib/python3.11/site-packages/airflow/example_dags/example_branch_operator_decorator.py for tasks to queue
[2023-10-19T22:56:29.554+0200] {logging_mixin.py:151} INFO - [2023-10-19T22:56:29.554+0200] {dagbag.py:539} INFO - Filling up the DagBag from /Users/nick/Desktop/airflow_dic/venv/lib/python3.11/site-packages/airflow/example_dags/example_branch_operator_decorator.py
[2023-10-19T22:56:29.575+0200] {processor.py:839} INFO - DAG(s) dict_keys(['example_branch_python_operator_decorator']) retrieved from /Users/nick/Desktop/airflow_dic/venv/lib/python3.11/site-packages/airflow/example_dags/example_branch_operator_decorator.py
[2023-10-19T22:56:29.632+0200] {logging_mixin.py:151} INFO - [2023-10-19T22:56:29.632+0200] {dag.py:2915} INFO - Sync 1 DAGs
[2023-10-19T22:56:29.639+0200] {logging_mixin.py:151} INFO - [2023-10-19T22:56:29.638+0200] {dag.py:3696} INFO - Setting next_dagrun for example_branch_python_operator_decorator to 2023-10-18T00:00:00+00:00, run_after=2023-10-19T00:00:00+00:00
[2023-10-19T22:56:29.645+0200] {processor.py:179} INFO - Processing /Users/nick/Desktop/airflow_dic/venv/lib/python3.11/site-packages/airflow/example_dags/example_branch_operator_decorator.py took 0.093 seconds
[2023-10-19T22:57:35.883+0200] {processor.py:157} INFO - Started process (PID=35289) to work on /Users/nick/Desktop/airflow_dic/venv/lib/python3.11/site-packages/airflow/example_dags/example_branch_operator_decorator.py
[2023-10-19T22:57:35.884+0200] {processor.py:829} INFO - Processing file /Users/nick/Desktop/airflow_dic/venv/lib/python3.11/site-packages/airflow/example_dags/example_branch_operator_decorator.py for tasks to queue
[2023-10-19T22:57:35.885+0200] {logging_mixin.py:151} INFO - [2023-10-19T22:57:35.884+0200] {dagbag.py:539} INFO - Filling up the DagBag from /Users/nick/Desktop/airflow_dic/venv/lib/python3.11/site-packages/airflow/example_dags/example_branch_operator_decorator.py
[2023-10-19T22:57:35.905+0200] {processor.py:839} INFO - DAG(s) dict_keys(['example_branch_python_operator_decorator']) retrieved from /Users/nick/Desktop/airflow_dic/venv/lib/python3.11/site-packages/airflow/example_dags/example_branch_operator_decorator.py
[2023-10-19T22:57:35.958+0200] {logging_mixin.py:151} INFO - [2023-10-19T22:57:35.958+0200] {dag.py:2915} INFO - Sync 1 DAGs
[2023-10-19T22:57:35.964+0200] {logging_mixin.py:151} INFO - [2023-10-19T22:57:35.964+0200] {dag.py:3696} INFO - Setting next_dagrun for example_branch_python_operator_decorator to 2023-10-18T00:00:00+00:00, run_after=2023-10-19T00:00:00+00:00
[2023-10-19T22:57:35.971+0200] {processor.py:179} INFO - Processing /Users/nick/Desktop/airflow_dic/venv/lib/python3.11/site-packages/airflow/example_dags/example_branch_operator_decorator.py took 0.088 seconds
[2023-10-19T22:58:43.370+0200] {processor.py:157} INFO - Started process (PID=35425) to work on /Users/nick/Desktop/airflow_dic/venv/lib/python3.11/site-packages/airflow/example_dags/example_branch_operator_decorator.py
[2023-10-19T22:58:43.372+0200] {processor.py:829} INFO - Processing file /Users/nick/Desktop/airflow_dic/venv/lib/python3.11/site-packages/airflow/example_dags/example_branch_operator_decorator.py for tasks to queue
[2023-10-19T22:58:43.372+0200] {logging_mixin.py:151} INFO - [2023-10-19T22:58:43.372+0200] {dagbag.py:539} INFO - Filling up the DagBag from /Users/nick/Desktop/airflow_dic/venv/lib/python3.11/site-packages/airflow/example_dags/example_branch_operator_decorator.py
[2023-10-19T22:58:43.393+0200] {processor.py:839} INFO - DAG(s) dict_keys(['example_branch_python_operator_decorator']) retrieved from /Users/nick/Desktop/airflow_dic/venv/lib/python3.11/site-packages/airflow/example_dags/example_branch_operator_decorator.py
[2023-10-19T22:58:43.450+0200] {logging_mixin.py:151} INFO - [2023-10-19T22:58:43.450+0200] {dag.py:2915} INFO - Sync 1 DAGs
[2023-10-19T22:58:43.456+0200] {logging_mixin.py:151} INFO - [2023-10-19T22:58:43.456+0200] {dag.py:3696} INFO - Setting next_dagrun for example_branch_python_operator_decorator to 2023-10-18T00:00:00+00:00, run_after=2023-10-19T00:00:00+00:00
[2023-10-19T22:58:43.463+0200] {processor.py:179} INFO - Processing /Users/nick/Desktop/airflow_dic/venv/lib/python3.11/site-packages/airflow/example_dags/example_branch_operator_decorator.py took 0.093 seconds
