[2023-10-19T22:17:13.752+0200] {processor.py:157} INFO - Started process (PID=28754) to work on /Users/nick/Desktop/airflow_dic/venv/lib/python3.11/site-packages/airflow/example_dags/example_trigger_controller_dag.py
[2023-10-19T22:17:13.753+0200] {processor.py:829} INFO - Processing file /Users/nick/Desktop/airflow_dic/venv/lib/python3.11/site-packages/airflow/example_dags/example_trigger_controller_dag.py for tasks to queue
[2023-10-19T22:17:13.753+0200] {logging_mixin.py:151} INFO - [2023-10-19T22:17:13.753+0200] {dagbag.py:539} INFO - Filling up the DagBag from /Users/nick/Desktop/airflow_dic/venv/lib/python3.11/site-packages/airflow/example_dags/example_trigger_controller_dag.py
[2023-10-19T22:17:13.763+0200] {processor.py:839} INFO - DAG(s) dict_keys(['example_trigger_controller_dag']) retrieved from /Users/nick/Desktop/airflow_dic/venv/lib/python3.11/site-packages/airflow/example_dags/example_trigger_controller_dag.py
[2023-10-19T22:17:14.028+0200] {logging_mixin.py:151} INFO - [2023-10-19T22:17:14.028+0200] {manager.py:499} INFO - Created Permission View: %s
[2023-10-19T22:17:14.031+0200] {logging_mixin.py:151} INFO - [2023-10-19T22:17:14.031+0200] {manager.py:499} INFO - Created Permission View: %s
[2023-10-19T22:17:14.033+0200] {logging_mixin.py:151} INFO - [2023-10-19T22:17:14.033+0200] {manager.py:499} INFO - Created Permission View: %s
[2023-10-19T22:17:14.033+0200] {logging_mixin.py:151} INFO - [2023-10-19T22:17:14.033+0200] {security.py:708} INFO - Not syncing DAG-level permissions for DAG 'DAG:example_trigger_controller_dag' as access control is unset.
[2023-10-19T22:17:14.033+0200] {logging_mixin.py:151} INFO - [2023-10-19T22:17:14.033+0200] {dag.py:2915} INFO - Sync 1 DAGs
[2023-10-19T22:17:14.036+0200] {logging_mixin.py:151} INFO - [2023-10-19T22:17:14.036+0200] {dag.py:2937} INFO - Creating ORM DAG for example_trigger_controller_dag
[2023-10-19T22:17:14.038+0200] {logging_mixin.py:151} INFO - [2023-10-19T22:17:14.038+0200] {dag.py:3696} INFO - Setting next_dagrun for example_trigger_controller_dag to 2021-01-01T00:00:00+00:00, run_after=2021-01-01T00:00:00+00:00
[2023-10-19T22:17:14.043+0200] {processor.py:179} INFO - Processing /Users/nick/Desktop/airflow_dic/venv/lib/python3.11/site-packages/airflow/example_dags/example_trigger_controller_dag.py took 0.291 seconds
[2023-10-19T22:18:14.529+0200] {processor.py:157} INFO - Started process (PID=28866) to work on /Users/nick/Desktop/airflow_dic/venv/lib/python3.11/site-packages/airflow/example_dags/example_trigger_controller_dag.py
[2023-10-19T22:18:14.530+0200] {processor.py:829} INFO - Processing file /Users/nick/Desktop/airflow_dic/venv/lib/python3.11/site-packages/airflow/example_dags/example_trigger_controller_dag.py for tasks to queue
[2023-10-19T22:18:14.531+0200] {logging_mixin.py:151} INFO - [2023-10-19T22:18:14.531+0200] {dagbag.py:539} INFO - Filling up the DagBag from /Users/nick/Desktop/airflow_dic/venv/lib/python3.11/site-packages/airflow/example_dags/example_trigger_controller_dag.py
[2023-10-19T22:18:14.540+0200] {processor.py:839} INFO - DAG(s) dict_keys(['example_trigger_controller_dag']) retrieved from /Users/nick/Desktop/airflow_dic/venv/lib/python3.11/site-packages/airflow/example_dags/example_trigger_controller_dag.py
[2023-10-19T22:18:14.594+0200] {logging_mixin.py:151} INFO - [2023-10-19T22:18:14.594+0200] {dag.py:2915} INFO - Sync 1 DAGs
[2023-10-19T22:18:14.599+0200] {logging_mixin.py:151} INFO - [2023-10-19T22:18:14.599+0200] {dag.py:3696} INFO - Setting next_dagrun for example_trigger_controller_dag to 2021-01-01T00:00:00+00:00, run_after=2021-01-01T00:00:00+00:00
[2023-10-19T22:18:14.605+0200] {processor.py:179} INFO - Processing /Users/nick/Desktop/airflow_dic/venv/lib/python3.11/site-packages/airflow/example_dags/example_trigger_controller_dag.py took 0.076 seconds
[2023-10-19T22:19:28.193+0200] {processor.py:157} INFO - Started process (PID=29005) to work on /Users/nick/Desktop/airflow_dic/venv/lib/python3.11/site-packages/airflow/example_dags/example_trigger_controller_dag.py
[2023-10-19T22:19:28.195+0200] {processor.py:829} INFO - Processing file /Users/nick/Desktop/airflow_dic/venv/lib/python3.11/site-packages/airflow/example_dags/example_trigger_controller_dag.py for tasks to queue
[2023-10-19T22:19:28.195+0200] {logging_mixin.py:151} INFO - [2023-10-19T22:19:28.195+0200] {dagbag.py:539} INFO - Filling up the DagBag from /Users/nick/Desktop/airflow_dic/venv/lib/python3.11/site-packages/airflow/example_dags/example_trigger_controller_dag.py
[2023-10-19T22:19:28.205+0200] {processor.py:839} INFO - DAG(s) dict_keys(['example_trigger_controller_dag']) retrieved from /Users/nick/Desktop/airflow_dic/venv/lib/python3.11/site-packages/airflow/example_dags/example_trigger_controller_dag.py
[2023-10-19T22:19:28.259+0200] {logging_mixin.py:151} INFO - [2023-10-19T22:19:28.259+0200] {dag.py:2915} INFO - Sync 1 DAGs
[2023-10-19T22:19:28.264+0200] {logging_mixin.py:151} INFO - [2023-10-19T22:19:28.264+0200] {dag.py:3696} INFO - Setting next_dagrun for example_trigger_controller_dag to 2021-01-01T00:00:00+00:00, run_after=2021-01-01T00:00:00+00:00
[2023-10-19T22:19:28.270+0200] {processor.py:179} INFO - Processing /Users/nick/Desktop/airflow_dic/venv/lib/python3.11/site-packages/airflow/example_dags/example_trigger_controller_dag.py took 0.077 seconds
[2023-10-19T22:20:33.679+0200] {processor.py:157} INFO - Started process (PID=29126) to work on /Users/nick/Desktop/airflow_dic/venv/lib/python3.11/site-packages/airflow/example_dags/example_trigger_controller_dag.py
[2023-10-19T22:20:33.680+0200] {processor.py:829} INFO - Processing file /Users/nick/Desktop/airflow_dic/venv/lib/python3.11/site-packages/airflow/example_dags/example_trigger_controller_dag.py for tasks to queue
[2023-10-19T22:20:33.680+0200] {logging_mixin.py:151} INFO - [2023-10-19T22:20:33.680+0200] {dagbag.py:539} INFO - Filling up the DagBag from /Users/nick/Desktop/airflow_dic/venv/lib/python3.11/site-packages/airflow/example_dags/example_trigger_controller_dag.py
[2023-10-19T22:20:33.690+0200] {processor.py:839} INFO - DAG(s) dict_keys(['example_trigger_controller_dag']) retrieved from /Users/nick/Desktop/airflow_dic/venv/lib/python3.11/site-packages/airflow/example_dags/example_trigger_controller_dag.py
[2023-10-19T22:20:33.745+0200] {logging_mixin.py:151} INFO - [2023-10-19T22:20:33.744+0200] {dag.py:2915} INFO - Sync 1 DAGs
[2023-10-19T22:20:33.750+0200] {logging_mixin.py:151} INFO - [2023-10-19T22:20:33.750+0200] {dag.py:3696} INFO - Setting next_dagrun for example_trigger_controller_dag to 2021-01-01T00:00:00+00:00, run_after=2021-01-01T00:00:00+00:00
[2023-10-19T22:20:33.756+0200] {processor.py:179} INFO - Processing /Users/nick/Desktop/airflow_dic/venv/lib/python3.11/site-packages/airflow/example_dags/example_trigger_controller_dag.py took 0.077 seconds
[2023-10-19T22:21:41.315+0200] {processor.py:157} INFO - Started process (PID=29266) to work on /Users/nick/Desktop/airflow_dic/venv/lib/python3.11/site-packages/airflow/example_dags/example_trigger_controller_dag.py
[2023-10-19T22:21:41.317+0200] {processor.py:829} INFO - Processing file /Users/nick/Desktop/airflow_dic/venv/lib/python3.11/site-packages/airflow/example_dags/example_trigger_controller_dag.py for tasks to queue
[2023-10-19T22:21:41.317+0200] {logging_mixin.py:151} INFO - [2023-10-19T22:21:41.317+0200] {dagbag.py:539} INFO - Filling up the DagBag from /Users/nick/Desktop/airflow_dic/venv/lib/python3.11/site-packages/airflow/example_dags/example_trigger_controller_dag.py
[2023-10-19T22:21:41.328+0200] {processor.py:839} INFO - DAG(s) dict_keys(['example_trigger_controller_dag']) retrieved from /Users/nick/Desktop/airflow_dic/venv/lib/python3.11/site-packages/airflow/example_dags/example_trigger_controller_dag.py
[2023-10-19T22:21:41.386+0200] {logging_mixin.py:151} INFO - [2023-10-19T22:21:41.386+0200] {dag.py:2915} INFO - Sync 1 DAGs
[2023-10-19T22:21:41.391+0200] {logging_mixin.py:151} INFO - [2023-10-19T22:21:41.391+0200] {dag.py:3696} INFO - Setting next_dagrun for example_trigger_controller_dag to 2021-01-01T00:00:00+00:00, run_after=2021-01-01T00:00:00+00:00
[2023-10-19T22:21:41.398+0200] {processor.py:179} INFO - Processing /Users/nick/Desktop/airflow_dic/venv/lib/python3.11/site-packages/airflow/example_dags/example_trigger_controller_dag.py took 0.083 seconds
[2023-10-19T22:22:22.538+0200] {processor.py:157} INFO - Started process (PID=29353) to work on /Users/nick/Desktop/airflow_dic/venv/lib/python3.11/site-packages/airflow/example_dags/example_trigger_controller_dag.py
[2023-10-19T22:22:22.540+0200] {processor.py:829} INFO - Processing file /Users/nick/Desktop/airflow_dic/venv/lib/python3.11/site-packages/airflow/example_dags/example_trigger_controller_dag.py for tasks to queue
[2023-10-19T22:22:22.540+0200] {logging_mixin.py:151} INFO - [2023-10-19T22:22:22.540+0200] {dagbag.py:539} INFO - Filling up the DagBag from /Users/nick/Desktop/airflow_dic/venv/lib/python3.11/site-packages/airflow/example_dags/example_trigger_controller_dag.py
[2023-10-19T22:22:22.550+0200] {processor.py:839} INFO - DAG(s) dict_keys(['example_trigger_controller_dag']) retrieved from /Users/nick/Desktop/airflow_dic/venv/lib/python3.11/site-packages/airflow/example_dags/example_trigger_controller_dag.py
[2023-10-19T22:22:22.604+0200] {logging_mixin.py:151} INFO - [2023-10-19T22:22:22.604+0200] {dag.py:2915} INFO - Sync 1 DAGs
[2023-10-19T22:22:22.610+0200] {logging_mixin.py:151} INFO - [2023-10-19T22:22:22.610+0200] {dag.py:3696} INFO - Setting next_dagrun for example_trigger_controller_dag to 2021-01-01T00:00:00+00:00, run_after=2021-01-01T00:00:00+00:00
[2023-10-19T22:22:22.616+0200] {processor.py:179} INFO - Processing /Users/nick/Desktop/airflow_dic/venv/lib/python3.11/site-packages/airflow/example_dags/example_trigger_controller_dag.py took 0.078 seconds
[2023-10-19T22:23:04.313+0200] {processor.py:157} INFO - Started process (PID=29437) to work on /Users/nick/Desktop/airflow_dic/venv/lib/python3.11/site-packages/airflow/example_dags/example_trigger_controller_dag.py
[2023-10-19T22:23:04.315+0200] {processor.py:829} INFO - Processing file /Users/nick/Desktop/airflow_dic/venv/lib/python3.11/site-packages/airflow/example_dags/example_trigger_controller_dag.py for tasks to queue
[2023-10-19T22:23:04.315+0200] {logging_mixin.py:151} INFO - [2023-10-19T22:23:04.315+0200] {dagbag.py:539} INFO - Filling up the DagBag from /Users/nick/Desktop/airflow_dic/venv/lib/python3.11/site-packages/airflow/example_dags/example_trigger_controller_dag.py
[2023-10-19T22:23:04.324+0200] {processor.py:839} INFO - DAG(s) dict_keys(['example_trigger_controller_dag']) retrieved from /Users/nick/Desktop/airflow_dic/venv/lib/python3.11/site-packages/airflow/example_dags/example_trigger_controller_dag.py
[2023-10-19T22:23:04.378+0200] {logging_mixin.py:151} INFO - [2023-10-19T22:23:04.378+0200] {dag.py:2915} INFO - Sync 1 DAGs
[2023-10-19T22:23:04.383+0200] {logging_mixin.py:151} INFO - [2023-10-19T22:23:04.383+0200] {dag.py:3696} INFO - Setting next_dagrun for example_trigger_controller_dag to 2021-01-01T00:00:00+00:00, run_after=2021-01-01T00:00:00+00:00
[2023-10-19T22:23:04.390+0200] {processor.py:179} INFO - Processing /Users/nick/Desktop/airflow_dic/venv/lib/python3.11/site-packages/airflow/example_dags/example_trigger_controller_dag.py took 0.077 seconds
[2023-10-19T22:24:08.274+0200] {processor.py:157} INFO - Started process (PID=29562) to work on /Users/nick/Desktop/airflow_dic/venv/lib/python3.11/site-packages/airflow/example_dags/example_trigger_controller_dag.py
[2023-10-19T22:24:08.275+0200] {processor.py:829} INFO - Processing file /Users/nick/Desktop/airflow_dic/venv/lib/python3.11/site-packages/airflow/example_dags/example_trigger_controller_dag.py for tasks to queue
[2023-10-19T22:24:08.275+0200] {logging_mixin.py:151} INFO - [2023-10-19T22:24:08.275+0200] {dagbag.py:539} INFO - Filling up the DagBag from /Users/nick/Desktop/airflow_dic/venv/lib/python3.11/site-packages/airflow/example_dags/example_trigger_controller_dag.py
[2023-10-19T22:24:08.285+0200] {processor.py:839} INFO - DAG(s) dict_keys(['example_trigger_controller_dag']) retrieved from /Users/nick/Desktop/airflow_dic/venv/lib/python3.11/site-packages/airflow/example_dags/example_trigger_controller_dag.py
[2023-10-19T22:24:08.340+0200] {logging_mixin.py:151} INFO - [2023-10-19T22:24:08.339+0200] {dag.py:2915} INFO - Sync 1 DAGs
[2023-10-19T22:24:08.345+0200] {logging_mixin.py:151} INFO - [2023-10-19T22:24:08.345+0200] {dag.py:3696} INFO - Setting next_dagrun for example_trigger_controller_dag to 2021-01-01T00:00:00+00:00, run_after=2021-01-01T00:00:00+00:00
[2023-10-19T22:24:08.351+0200] {processor.py:179} INFO - Processing /Users/nick/Desktop/airflow_dic/venv/lib/python3.11/site-packages/airflow/example_dags/example_trigger_controller_dag.py took 0.077 seconds
[2023-10-19T22:25:09.751+0200] {processor.py:157} INFO - Started process (PID=29701) to work on /Users/nick/Desktop/airflow_dic/venv/lib/python3.11/site-packages/airflow/example_dags/example_trigger_controller_dag.py
[2023-10-19T22:25:09.754+0200] {processor.py:829} INFO - Processing file /Users/nick/Desktop/airflow_dic/venv/lib/python3.11/site-packages/airflow/example_dags/example_trigger_controller_dag.py for tasks to queue
[2023-10-19T22:25:09.754+0200] {logging_mixin.py:151} INFO - [2023-10-19T22:25:09.754+0200] {dagbag.py:539} INFO - Filling up the DagBag from /Users/nick/Desktop/airflow_dic/venv/lib/python3.11/site-packages/airflow/example_dags/example_trigger_controller_dag.py
[2023-10-19T22:25:09.766+0200] {processor.py:839} INFO - DAG(s) dict_keys(['example_trigger_controller_dag']) retrieved from /Users/nick/Desktop/airflow_dic/venv/lib/python3.11/site-packages/airflow/example_dags/example_trigger_controller_dag.py
[2023-10-19T22:25:09.826+0200] {logging_mixin.py:151} INFO - [2023-10-19T22:25:09.825+0200] {dag.py:2915} INFO - Sync 1 DAGs
[2023-10-19T22:25:09.831+0200] {logging_mixin.py:151} INFO - [2023-10-19T22:25:09.831+0200] {dag.py:3696} INFO - Setting next_dagrun for example_trigger_controller_dag to 2021-01-01T00:00:00+00:00, run_after=2021-01-01T00:00:00+00:00
[2023-10-19T22:25:09.839+0200] {processor.py:179} INFO - Processing /Users/nick/Desktop/airflow_dic/venv/lib/python3.11/site-packages/airflow/example_dags/example_trigger_controller_dag.py took 0.087 seconds
[2023-10-19T22:26:22.045+0200] {processor.py:157} INFO - Started process (PID=31714) to work on /Users/nick/Desktop/airflow_dic/venv/lib/python3.11/site-packages/airflow/example_dags/example_trigger_controller_dag.py
[2023-10-19T22:26:22.047+0200] {processor.py:829} INFO - Processing file /Users/nick/Desktop/airflow_dic/venv/lib/python3.11/site-packages/airflow/example_dags/example_trigger_controller_dag.py for tasks to queue
[2023-10-19T22:26:22.048+0200] {logging_mixin.py:151} INFO - [2023-10-19T22:26:22.048+0200] {dagbag.py:539} INFO - Filling up the DagBag from /Users/nick/Desktop/airflow_dic/venv/lib/python3.11/site-packages/airflow/example_dags/example_trigger_controller_dag.py
[2023-10-19T22:26:22.059+0200] {processor.py:839} INFO - DAG(s) dict_keys(['example_trigger_controller_dag']) retrieved from /Users/nick/Desktop/airflow_dic/venv/lib/python3.11/site-packages/airflow/example_dags/example_trigger_controller_dag.py
[2023-10-19T22:26:22.117+0200] {logging_mixin.py:151} INFO - [2023-10-19T22:26:22.117+0200] {dag.py:2915} INFO - Sync 1 DAGs
[2023-10-19T22:26:22.122+0200] {logging_mixin.py:151} INFO - [2023-10-19T22:26:22.122+0200] {dag.py:3696} INFO - Setting next_dagrun for example_trigger_controller_dag to 2021-01-01T00:00:00+00:00, run_after=2021-01-01T00:00:00+00:00
[2023-10-19T22:26:22.129+0200] {processor.py:179} INFO - Processing /Users/nick/Desktop/airflow_dic/venv/lib/python3.11/site-packages/airflow/example_dags/example_trigger_controller_dag.py took 0.084 seconds
[2023-10-19T22:27:27.263+0200] {processor.py:157} INFO - Started process (PID=31836) to work on /Users/nick/Desktop/airflow_dic/venv/lib/python3.11/site-packages/airflow/example_dags/example_trigger_controller_dag.py
[2023-10-19T22:27:27.265+0200] {processor.py:829} INFO - Processing file /Users/nick/Desktop/airflow_dic/venv/lib/python3.11/site-packages/airflow/example_dags/example_trigger_controller_dag.py for tasks to queue
[2023-10-19T22:27:27.265+0200] {logging_mixin.py:151} INFO - [2023-10-19T22:27:27.265+0200] {dagbag.py:539} INFO - Filling up the DagBag from /Users/nick/Desktop/airflow_dic/venv/lib/python3.11/site-packages/airflow/example_dags/example_trigger_controller_dag.py
[2023-10-19T22:27:27.275+0200] {processor.py:839} INFO - DAG(s) dict_keys(['example_trigger_controller_dag']) retrieved from /Users/nick/Desktop/airflow_dic/venv/lib/python3.11/site-packages/airflow/example_dags/example_trigger_controller_dag.py
[2023-10-19T22:27:27.545+0200] {logging_mixin.py:151} INFO - [2023-10-19T22:27:27.545+0200] {security.py:708} INFO - Not syncing DAG-level permissions for DAG 'DAG:example_trigger_controller_dag' as access control is unset.
[2023-10-19T22:27:27.545+0200] {logging_mixin.py:151} INFO - [2023-10-19T22:27:27.545+0200] {dag.py:2915} INFO - Sync 1 DAGs
[2023-10-19T22:27:27.548+0200] {logging_mixin.py:151} INFO - [2023-10-19T22:27:27.548+0200] {dag.py:2937} INFO - Creating ORM DAG for example_trigger_controller_dag
[2023-10-19T22:27:27.550+0200] {logging_mixin.py:151} INFO - [2023-10-19T22:27:27.550+0200] {dag.py:3696} INFO - Setting next_dagrun for example_trigger_controller_dag to 2021-01-01T00:00:00+00:00, run_after=2021-01-01T00:00:00+00:00
[2023-10-19T22:27:27.556+0200] {processor.py:179} INFO - Processing /Users/nick/Desktop/airflow_dic/venv/lib/python3.11/site-packages/airflow/example_dags/example_trigger_controller_dag.py took 0.293 seconds
[2023-10-19T22:28:43.871+0200] {processor.py:157} INFO - Started process (PID=31987) to work on /Users/nick/Desktop/airflow_dic/venv/lib/python3.11/site-packages/airflow/example_dags/example_trigger_controller_dag.py
[2023-10-19T22:28:43.873+0200] {processor.py:829} INFO - Processing file /Users/nick/Desktop/airflow_dic/venv/lib/python3.11/site-packages/airflow/example_dags/example_trigger_controller_dag.py for tasks to queue
[2023-10-19T22:28:43.873+0200] {logging_mixin.py:151} INFO - [2023-10-19T22:28:43.873+0200] {dagbag.py:539} INFO - Filling up the DagBag from /Users/nick/Desktop/airflow_dic/venv/lib/python3.11/site-packages/airflow/example_dags/example_trigger_controller_dag.py
[2023-10-19T22:28:43.884+0200] {processor.py:839} INFO - DAG(s) dict_keys(['example_trigger_controller_dag']) retrieved from /Users/nick/Desktop/airflow_dic/venv/lib/python3.11/site-packages/airflow/example_dags/example_trigger_controller_dag.py
[2023-10-19T22:28:43.956+0200] {logging_mixin.py:151} INFO - [2023-10-19T22:28:43.956+0200] {dag.py:2915} INFO - Sync 1 DAGs
[2023-10-19T22:28:43.962+0200] {logging_mixin.py:151} INFO - [2023-10-19T22:28:43.962+0200] {dag.py:3696} INFO - Setting next_dagrun for example_trigger_controller_dag to 2021-01-01T00:00:00+00:00, run_after=2021-01-01T00:00:00+00:00
[2023-10-19T22:28:43.969+0200] {processor.py:179} INFO - Processing /Users/nick/Desktop/airflow_dic/venv/lib/python3.11/site-packages/airflow/example_dags/example_trigger_controller_dag.py took 0.098 seconds
[2023-10-19T22:29:49.271+0200] {processor.py:157} INFO - Started process (PID=32119) to work on /Users/nick/Desktop/airflow_dic/venv/lib/python3.11/site-packages/airflow/example_dags/example_trigger_controller_dag.py
[2023-10-19T22:29:49.272+0200] {processor.py:829} INFO - Processing file /Users/nick/Desktop/airflow_dic/venv/lib/python3.11/site-packages/airflow/example_dags/example_trigger_controller_dag.py for tasks to queue
[2023-10-19T22:29:49.272+0200] {logging_mixin.py:151} INFO - [2023-10-19T22:29:49.272+0200] {dagbag.py:539} INFO - Filling up the DagBag from /Users/nick/Desktop/airflow_dic/venv/lib/python3.11/site-packages/airflow/example_dags/example_trigger_controller_dag.py
[2023-10-19T22:29:49.282+0200] {processor.py:839} INFO - DAG(s) dict_keys(['example_trigger_controller_dag']) retrieved from /Users/nick/Desktop/airflow_dic/venv/lib/python3.11/site-packages/airflow/example_dags/example_trigger_controller_dag.py
[2023-10-19T22:29:49.336+0200] {logging_mixin.py:151} INFO - [2023-10-19T22:29:49.336+0200] {dag.py:2915} INFO - Sync 1 DAGs
[2023-10-19T22:29:49.341+0200] {logging_mixin.py:151} INFO - [2023-10-19T22:29:49.341+0200] {dag.py:3696} INFO - Setting next_dagrun for example_trigger_controller_dag to 2021-01-01T00:00:00+00:00, run_after=2021-01-01T00:00:00+00:00
[2023-10-19T22:29:49.347+0200] {processor.py:179} INFO - Processing /Users/nick/Desktop/airflow_dic/venv/lib/python3.11/site-packages/airflow/example_dags/example_trigger_controller_dag.py took 0.077 seconds
[2023-10-19T22:31:09.496+0200] {processor.py:157} INFO - Started process (PID=32281) to work on /Users/nick/Desktop/airflow_dic/venv/lib/python3.11/site-packages/airflow/example_dags/example_trigger_controller_dag.py
[2023-10-19T22:31:09.497+0200] {processor.py:829} INFO - Processing file /Users/nick/Desktop/airflow_dic/venv/lib/python3.11/site-packages/airflow/example_dags/example_trigger_controller_dag.py for tasks to queue
[2023-10-19T22:31:09.497+0200] {logging_mixin.py:151} INFO - [2023-10-19T22:31:09.497+0200] {dagbag.py:539} INFO - Filling up the DagBag from /Users/nick/Desktop/airflow_dic/venv/lib/python3.11/site-packages/airflow/example_dags/example_trigger_controller_dag.py
[2023-10-19T22:31:09.507+0200] {processor.py:839} INFO - DAG(s) dict_keys(['example_trigger_controller_dag']) retrieved from /Users/nick/Desktop/airflow_dic/venv/lib/python3.11/site-packages/airflow/example_dags/example_trigger_controller_dag.py
[2023-10-19T22:31:09.567+0200] {logging_mixin.py:151} INFO - [2023-10-19T22:31:09.567+0200] {dag.py:2915} INFO - Sync 1 DAGs
[2023-10-19T22:31:09.575+0200] {logging_mixin.py:151} INFO - [2023-10-19T22:31:09.575+0200] {dag.py:3696} INFO - Setting next_dagrun for example_trigger_controller_dag to 2021-01-01T00:00:00+00:00, run_after=2021-01-01T00:00:00+00:00
[2023-10-19T22:31:09.582+0200] {processor.py:179} INFO - Processing /Users/nick/Desktop/airflow_dic/venv/lib/python3.11/site-packages/airflow/example_dags/example_trigger_controller_dag.py took 0.087 seconds
[2023-10-19T22:32:13.753+0200] {processor.py:157} INFO - Started process (PID=32399) to work on /Users/nick/Desktop/airflow_dic/venv/lib/python3.11/site-packages/airflow/example_dags/example_trigger_controller_dag.py
[2023-10-19T22:32:13.754+0200] {processor.py:829} INFO - Processing file /Users/nick/Desktop/airflow_dic/venv/lib/python3.11/site-packages/airflow/example_dags/example_trigger_controller_dag.py for tasks to queue
[2023-10-19T22:32:13.755+0200] {logging_mixin.py:151} INFO - [2023-10-19T22:32:13.755+0200] {dagbag.py:539} INFO - Filling up the DagBag from /Users/nick/Desktop/airflow_dic/venv/lib/python3.11/site-packages/airflow/example_dags/example_trigger_controller_dag.py
[2023-10-19T22:32:13.765+0200] {processor.py:839} INFO - DAG(s) dict_keys(['example_trigger_controller_dag']) retrieved from /Users/nick/Desktop/airflow_dic/venv/lib/python3.11/site-packages/airflow/example_dags/example_trigger_controller_dag.py
[2023-10-19T22:32:13.826+0200] {logging_mixin.py:151} INFO - [2023-10-19T22:32:13.826+0200] {dag.py:2915} INFO - Sync 1 DAGs
[2023-10-19T22:32:13.832+0200] {logging_mixin.py:151} INFO - [2023-10-19T22:32:13.832+0200] {dag.py:3696} INFO - Setting next_dagrun for example_trigger_controller_dag to 2021-01-01T00:00:00+00:00, run_after=2021-01-01T00:00:00+00:00
[2023-10-19T22:32:13.839+0200] {processor.py:179} INFO - Processing /Users/nick/Desktop/airflow_dic/venv/lib/python3.11/site-packages/airflow/example_dags/example_trigger_controller_dag.py took 0.086 seconds
[2023-10-19T22:33:22.149+0200] {processor.py:157} INFO - Started process (PID=32524) to work on /Users/nick/Desktop/airflow_dic/venv/lib/python3.11/site-packages/airflow/example_dags/example_trigger_controller_dag.py
[2023-10-19T22:33:22.150+0200] {processor.py:829} INFO - Processing file /Users/nick/Desktop/airflow_dic/venv/lib/python3.11/site-packages/airflow/example_dags/example_trigger_controller_dag.py for tasks to queue
[2023-10-19T22:33:22.150+0200] {logging_mixin.py:151} INFO - [2023-10-19T22:33:22.150+0200] {dagbag.py:539} INFO - Filling up the DagBag from /Users/nick/Desktop/airflow_dic/venv/lib/python3.11/site-packages/airflow/example_dags/example_trigger_controller_dag.py
[2023-10-19T22:33:22.160+0200] {processor.py:839} INFO - DAG(s) dict_keys(['example_trigger_controller_dag']) retrieved from /Users/nick/Desktop/airflow_dic/venv/lib/python3.11/site-packages/airflow/example_dags/example_trigger_controller_dag.py
[2023-10-19T22:33:22.214+0200] {logging_mixin.py:151} INFO - [2023-10-19T22:33:22.214+0200] {dag.py:2915} INFO - Sync 1 DAGs
[2023-10-19T22:33:22.219+0200] {logging_mixin.py:151} INFO - [2023-10-19T22:33:22.219+0200] {dag.py:3696} INFO - Setting next_dagrun for example_trigger_controller_dag to 2021-01-01T00:00:00+00:00, run_after=2021-01-01T00:00:00+00:00
[2023-10-19T22:33:22.225+0200] {processor.py:179} INFO - Processing /Users/nick/Desktop/airflow_dic/venv/lib/python3.11/site-packages/airflow/example_dags/example_trigger_controller_dag.py took 0.077 seconds
[2023-10-19T22:34:32.363+0200] {processor.py:157} INFO - Started process (PID=32668) to work on /Users/nick/Desktop/airflow_dic/venv/lib/python3.11/site-packages/airflow/example_dags/example_trigger_controller_dag.py
[2023-10-19T22:34:32.365+0200] {processor.py:829} INFO - Processing file /Users/nick/Desktop/airflow_dic/venv/lib/python3.11/site-packages/airflow/example_dags/example_trigger_controller_dag.py for tasks to queue
[2023-10-19T22:34:32.365+0200] {logging_mixin.py:151} INFO - [2023-10-19T22:34:32.365+0200] {dagbag.py:539} INFO - Filling up the DagBag from /Users/nick/Desktop/airflow_dic/venv/lib/python3.11/site-packages/airflow/example_dags/example_trigger_controller_dag.py
[2023-10-19T22:34:32.375+0200] {processor.py:839} INFO - DAG(s) dict_keys(['example_trigger_controller_dag']) retrieved from /Users/nick/Desktop/airflow_dic/venv/lib/python3.11/site-packages/airflow/example_dags/example_trigger_controller_dag.py
[2023-10-19T22:34:32.429+0200] {logging_mixin.py:151} INFO - [2023-10-19T22:34:32.429+0200] {dag.py:2915} INFO - Sync 1 DAGs
[2023-10-19T22:34:32.434+0200] {logging_mixin.py:151} INFO - [2023-10-19T22:34:32.434+0200] {dag.py:3696} INFO - Setting next_dagrun for example_trigger_controller_dag to 2021-01-01T00:00:00+00:00, run_after=2021-01-01T00:00:00+00:00
[2023-10-19T22:34:32.440+0200] {processor.py:179} INFO - Processing /Users/nick/Desktop/airflow_dic/venv/lib/python3.11/site-packages/airflow/example_dags/example_trigger_controller_dag.py took 0.078 seconds
[2023-10-19T22:35:40.420+0200] {processor.py:157} INFO - Started process (PID=32832) to work on /Users/nick/Desktop/airflow_dic/venv/lib/python3.11/site-packages/airflow/example_dags/example_trigger_controller_dag.py
[2023-10-19T22:35:40.422+0200] {processor.py:829} INFO - Processing file /Users/nick/Desktop/airflow_dic/venv/lib/python3.11/site-packages/airflow/example_dags/example_trigger_controller_dag.py for tasks to queue
[2023-10-19T22:35:40.422+0200] {logging_mixin.py:151} INFO - [2023-10-19T22:35:40.422+0200] {dagbag.py:539} INFO - Filling up the DagBag from /Users/nick/Desktop/airflow_dic/venv/lib/python3.11/site-packages/airflow/example_dags/example_trigger_controller_dag.py
[2023-10-19T22:35:40.432+0200] {processor.py:839} INFO - DAG(s) dict_keys(['example_trigger_controller_dag']) retrieved from /Users/nick/Desktop/airflow_dic/venv/lib/python3.11/site-packages/airflow/example_dags/example_trigger_controller_dag.py
[2023-10-19T22:35:40.487+0200] {logging_mixin.py:151} INFO - [2023-10-19T22:35:40.487+0200] {dag.py:2915} INFO - Sync 1 DAGs
[2023-10-19T22:35:40.492+0200] {logging_mixin.py:151} INFO - [2023-10-19T22:35:40.492+0200] {dag.py:3696} INFO - Setting next_dagrun for example_trigger_controller_dag to 2021-01-01T00:00:00+00:00, run_after=2021-01-01T00:00:00+00:00
[2023-10-19T22:35:40.498+0200] {processor.py:179} INFO - Processing /Users/nick/Desktop/airflow_dic/venv/lib/python3.11/site-packages/airflow/example_dags/example_trigger_controller_dag.py took 0.078 seconds
[2023-10-19T22:36:49.137+0200] {processor.py:157} INFO - Started process (PID=32965) to work on /Users/nick/Desktop/airflow_dic/venv/lib/python3.11/site-packages/airflow/example_dags/example_trigger_controller_dag.py
[2023-10-19T22:36:49.139+0200] {processor.py:829} INFO - Processing file /Users/nick/Desktop/airflow_dic/venv/lib/python3.11/site-packages/airflow/example_dags/example_trigger_controller_dag.py for tasks to queue
[2023-10-19T22:36:49.139+0200] {logging_mixin.py:151} INFO - [2023-10-19T22:36:49.139+0200] {dagbag.py:539} INFO - Filling up the DagBag from /Users/nick/Desktop/airflow_dic/venv/lib/python3.11/site-packages/airflow/example_dags/example_trigger_controller_dag.py
[2023-10-19T22:36:49.149+0200] {processor.py:839} INFO - DAG(s) dict_keys(['example_trigger_controller_dag']) retrieved from /Users/nick/Desktop/airflow_dic/venv/lib/python3.11/site-packages/airflow/example_dags/example_trigger_controller_dag.py
[2023-10-19T22:36:49.203+0200] {logging_mixin.py:151} INFO - [2023-10-19T22:36:49.203+0200] {dag.py:2915} INFO - Sync 1 DAGs
[2023-10-19T22:36:49.210+0200] {logging_mixin.py:151} INFO - [2023-10-19T22:36:49.210+0200] {dag.py:3696} INFO - Setting next_dagrun for example_trigger_controller_dag to 2021-01-01T00:00:00+00:00, run_after=2021-01-01T00:00:00+00:00
[2023-10-19T22:36:49.220+0200] {processor.py:179} INFO - Processing /Users/nick/Desktop/airflow_dic/venv/lib/python3.11/site-packages/airflow/example_dags/example_trigger_controller_dag.py took 0.083 seconds
[2023-10-19T22:37:58.079+0200] {processor.py:157} INFO - Started process (PID=33092) to work on /Users/nick/Desktop/airflow_dic/venv/lib/python3.11/site-packages/airflow/example_dags/example_trigger_controller_dag.py
[2023-10-19T22:37:58.080+0200] {processor.py:829} INFO - Processing file /Users/nick/Desktop/airflow_dic/venv/lib/python3.11/site-packages/airflow/example_dags/example_trigger_controller_dag.py for tasks to queue
[2023-10-19T22:37:58.080+0200] {logging_mixin.py:151} INFO - [2023-10-19T22:37:58.080+0200] {dagbag.py:539} INFO - Filling up the DagBag from /Users/nick/Desktop/airflow_dic/venv/lib/python3.11/site-packages/airflow/example_dags/example_trigger_controller_dag.py
[2023-10-19T22:37:58.090+0200] {processor.py:839} INFO - DAG(s) dict_keys(['example_trigger_controller_dag']) retrieved from /Users/nick/Desktop/airflow_dic/venv/lib/python3.11/site-packages/airflow/example_dags/example_trigger_controller_dag.py
[2023-10-19T22:37:58.144+0200] {logging_mixin.py:151} INFO - [2023-10-19T22:37:58.144+0200] {dag.py:2915} INFO - Sync 1 DAGs
[2023-10-19T22:37:58.149+0200] {logging_mixin.py:151} INFO - [2023-10-19T22:37:58.149+0200] {dag.py:3696} INFO - Setting next_dagrun for example_trigger_controller_dag to 2021-01-01T00:00:00+00:00, run_after=2021-01-01T00:00:00+00:00
[2023-10-19T22:37:58.155+0200] {processor.py:179} INFO - Processing /Users/nick/Desktop/airflow_dic/venv/lib/python3.11/site-packages/airflow/example_dags/example_trigger_controller_dag.py took 0.076 seconds
[2023-10-19T22:39:04.254+0200] {processor.py:157} INFO - Started process (PID=33218) to work on /Users/nick/Desktop/airflow_dic/venv/lib/python3.11/site-packages/airflow/example_dags/example_trigger_controller_dag.py
[2023-10-19T22:39:04.256+0200] {processor.py:829} INFO - Processing file /Users/nick/Desktop/airflow_dic/venv/lib/python3.11/site-packages/airflow/example_dags/example_trigger_controller_dag.py for tasks to queue
[2023-10-19T22:39:04.256+0200] {logging_mixin.py:151} INFO - [2023-10-19T22:39:04.256+0200] {dagbag.py:539} INFO - Filling up the DagBag from /Users/nick/Desktop/airflow_dic/venv/lib/python3.11/site-packages/airflow/example_dags/example_trigger_controller_dag.py
[2023-10-19T22:39:04.267+0200] {processor.py:839} INFO - DAG(s) dict_keys(['example_trigger_controller_dag']) retrieved from /Users/nick/Desktop/airflow_dic/venv/lib/python3.11/site-packages/airflow/example_dags/example_trigger_controller_dag.py
[2023-10-19T22:39:04.321+0200] {logging_mixin.py:151} INFO - [2023-10-19T22:39:04.321+0200] {dag.py:2915} INFO - Sync 1 DAGs
[2023-10-19T22:39:04.326+0200] {logging_mixin.py:151} INFO - [2023-10-19T22:39:04.326+0200] {dag.py:3696} INFO - Setting next_dagrun for example_trigger_controller_dag to 2021-01-01T00:00:00+00:00, run_after=2021-01-01T00:00:00+00:00
[2023-10-19T22:39:04.332+0200] {processor.py:179} INFO - Processing /Users/nick/Desktop/airflow_dic/venv/lib/python3.11/site-packages/airflow/example_dags/example_trigger_controller_dag.py took 0.078 seconds
[2023-10-19T22:40:10.695+0200] {processor.py:157} INFO - Started process (PID=33344) to work on /Users/nick/Desktop/airflow_dic/venv/lib/python3.11/site-packages/airflow/example_dags/example_trigger_controller_dag.py
[2023-10-19T22:40:10.696+0200] {processor.py:829} INFO - Processing file /Users/nick/Desktop/airflow_dic/venv/lib/python3.11/site-packages/airflow/example_dags/example_trigger_controller_dag.py for tasks to queue
[2023-10-19T22:40:10.696+0200] {logging_mixin.py:151} INFO - [2023-10-19T22:40:10.696+0200] {dagbag.py:539} INFO - Filling up the DagBag from /Users/nick/Desktop/airflow_dic/venv/lib/python3.11/site-packages/airflow/example_dags/example_trigger_controller_dag.py
[2023-10-19T22:40:10.707+0200] {processor.py:839} INFO - DAG(s) dict_keys(['example_trigger_controller_dag']) retrieved from /Users/nick/Desktop/airflow_dic/venv/lib/python3.11/site-packages/airflow/example_dags/example_trigger_controller_dag.py
[2023-10-19T22:40:10.764+0200] {logging_mixin.py:151} INFO - [2023-10-19T22:40:10.763+0200] {dag.py:2915} INFO - Sync 1 DAGs
[2023-10-19T22:40:10.769+0200] {logging_mixin.py:151} INFO - [2023-10-19T22:40:10.769+0200] {dag.py:3696} INFO - Setting next_dagrun for example_trigger_controller_dag to 2021-01-01T00:00:00+00:00, run_after=2021-01-01T00:00:00+00:00
[2023-10-19T22:40:10.775+0200] {processor.py:179} INFO - Processing /Users/nick/Desktop/airflow_dic/venv/lib/python3.11/site-packages/airflow/example_dags/example_trigger_controller_dag.py took 0.080 seconds
[2023-10-19T22:41:20.548+0200] {processor.py:157} INFO - Started process (PID=33471) to work on /Users/nick/Desktop/airflow_dic/venv/lib/python3.11/site-packages/airflow/example_dags/example_trigger_controller_dag.py
[2023-10-19T22:41:20.549+0200] {processor.py:829} INFO - Processing file /Users/nick/Desktop/airflow_dic/venv/lib/python3.11/site-packages/airflow/example_dags/example_trigger_controller_dag.py for tasks to queue
[2023-10-19T22:41:20.549+0200] {logging_mixin.py:151} INFO - [2023-10-19T22:41:20.549+0200] {dagbag.py:539} INFO - Filling up the DagBag from /Users/nick/Desktop/airflow_dic/venv/lib/python3.11/site-packages/airflow/example_dags/example_trigger_controller_dag.py
[2023-10-19T22:41:20.559+0200] {processor.py:839} INFO - DAG(s) dict_keys(['example_trigger_controller_dag']) retrieved from /Users/nick/Desktop/airflow_dic/venv/lib/python3.11/site-packages/airflow/example_dags/example_trigger_controller_dag.py
[2023-10-19T22:41:20.613+0200] {logging_mixin.py:151} INFO - [2023-10-19T22:41:20.613+0200] {dag.py:2915} INFO - Sync 1 DAGs
[2023-10-19T22:41:20.618+0200] {logging_mixin.py:151} INFO - [2023-10-19T22:41:20.618+0200] {dag.py:3696} INFO - Setting next_dagrun for example_trigger_controller_dag to 2021-01-01T00:00:00+00:00, run_after=2021-01-01T00:00:00+00:00
[2023-10-19T22:41:20.625+0200] {processor.py:179} INFO - Processing /Users/nick/Desktop/airflow_dic/venv/lib/python3.11/site-packages/airflow/example_dags/example_trigger_controller_dag.py took 0.077 seconds
[2023-10-19T22:42:31.717+0200] {processor.py:157} INFO - Started process (PID=33603) to work on /Users/nick/Desktop/airflow_dic/venv/lib/python3.11/site-packages/airflow/example_dags/example_trigger_controller_dag.py
[2023-10-19T22:42:31.718+0200] {processor.py:829} INFO - Processing file /Users/nick/Desktop/airflow_dic/venv/lib/python3.11/site-packages/airflow/example_dags/example_trigger_controller_dag.py for tasks to queue
[2023-10-19T22:42:31.718+0200] {logging_mixin.py:151} INFO - [2023-10-19T22:42:31.718+0200] {dagbag.py:539} INFO - Filling up the DagBag from /Users/nick/Desktop/airflow_dic/venv/lib/python3.11/site-packages/airflow/example_dags/example_trigger_controller_dag.py
[2023-10-19T22:42:31.728+0200] {processor.py:839} INFO - DAG(s) dict_keys(['example_trigger_controller_dag']) retrieved from /Users/nick/Desktop/airflow_dic/venv/lib/python3.11/site-packages/airflow/example_dags/example_trigger_controller_dag.py
[2023-10-19T22:42:31.785+0200] {logging_mixin.py:151} INFO - [2023-10-19T22:42:31.785+0200] {dag.py:2915} INFO - Sync 1 DAGs
[2023-10-19T22:42:31.791+0200] {logging_mixin.py:151} INFO - [2023-10-19T22:42:31.791+0200] {dag.py:3696} INFO - Setting next_dagrun for example_trigger_controller_dag to 2021-01-01T00:00:00+00:00, run_after=2021-01-01T00:00:00+00:00
[2023-10-19T22:42:31.797+0200] {processor.py:179} INFO - Processing /Users/nick/Desktop/airflow_dic/venv/lib/python3.11/site-packages/airflow/example_dags/example_trigger_controller_dag.py took 0.081 seconds
[2023-10-19T22:43:39.998+0200] {processor.py:157} INFO - Started process (PID=33728) to work on /Users/nick/Desktop/airflow_dic/venv/lib/python3.11/site-packages/airflow/example_dags/example_trigger_controller_dag.py
[2023-10-19T22:43:39.999+0200] {processor.py:829} INFO - Processing file /Users/nick/Desktop/airflow_dic/venv/lib/python3.11/site-packages/airflow/example_dags/example_trigger_controller_dag.py for tasks to queue
[2023-10-19T22:43:39.999+0200] {logging_mixin.py:151} INFO - [2023-10-19T22:43:39.999+0200] {dagbag.py:539} INFO - Filling up the DagBag from /Users/nick/Desktop/airflow_dic/venv/lib/python3.11/site-packages/airflow/example_dags/example_trigger_controller_dag.py
[2023-10-19T22:43:40.009+0200] {processor.py:839} INFO - DAG(s) dict_keys(['example_trigger_controller_dag']) retrieved from /Users/nick/Desktop/airflow_dic/venv/lib/python3.11/site-packages/airflow/example_dags/example_trigger_controller_dag.py
[2023-10-19T22:43:40.066+0200] {logging_mixin.py:151} INFO - [2023-10-19T22:43:40.066+0200] {dag.py:2915} INFO - Sync 1 DAGs
[2023-10-19T22:43:40.071+0200] {logging_mixin.py:151} INFO - [2023-10-19T22:43:40.071+0200] {dag.py:3696} INFO - Setting next_dagrun for example_trigger_controller_dag to 2021-01-01T00:00:00+00:00, run_after=2021-01-01T00:00:00+00:00
[2023-10-19T22:43:40.078+0200] {processor.py:179} INFO - Processing /Users/nick/Desktop/airflow_dic/venv/lib/python3.11/site-packages/airflow/example_dags/example_trigger_controller_dag.py took 0.080 seconds
[2023-10-19T22:44:51.274+0200] {processor.py:157} INFO - Started process (PID=33867) to work on /Users/nick/Desktop/airflow_dic/venv/lib/python3.11/site-packages/airflow/example_dags/example_trigger_controller_dag.py
[2023-10-19T22:44:51.276+0200] {processor.py:829} INFO - Processing file /Users/nick/Desktop/airflow_dic/venv/lib/python3.11/site-packages/airflow/example_dags/example_trigger_controller_dag.py for tasks to queue
[2023-10-19T22:44:51.276+0200] {logging_mixin.py:151} INFO - [2023-10-19T22:44:51.276+0200] {dagbag.py:539} INFO - Filling up the DagBag from /Users/nick/Desktop/airflow_dic/venv/lib/python3.11/site-packages/airflow/example_dags/example_trigger_controller_dag.py
[2023-10-19T22:44:51.286+0200] {processor.py:839} INFO - DAG(s) dict_keys(['example_trigger_controller_dag']) retrieved from /Users/nick/Desktop/airflow_dic/venv/lib/python3.11/site-packages/airflow/example_dags/example_trigger_controller_dag.py
[2023-10-19T22:44:51.340+0200] {logging_mixin.py:151} INFO - [2023-10-19T22:44:51.340+0200] {dag.py:2915} INFO - Sync 1 DAGs
[2023-10-19T22:44:51.345+0200] {logging_mixin.py:151} INFO - [2023-10-19T22:44:51.345+0200] {dag.py:3696} INFO - Setting next_dagrun for example_trigger_controller_dag to 2021-01-01T00:00:00+00:00, run_after=2021-01-01T00:00:00+00:00
[2023-10-19T22:44:51.351+0200] {processor.py:179} INFO - Processing /Users/nick/Desktop/airflow_dic/venv/lib/python3.11/site-packages/airflow/example_dags/example_trigger_controller_dag.py took 0.077 seconds
[2023-10-19T22:45:33.420+0200] {processor.py:157} INFO - Started process (PID=33960) to work on /Users/nick/Desktop/airflow_dic/venv/lib/python3.11/site-packages/airflow/example_dags/example_trigger_controller_dag.py
[2023-10-19T22:45:33.421+0200] {processor.py:829} INFO - Processing file /Users/nick/Desktop/airflow_dic/venv/lib/python3.11/site-packages/airflow/example_dags/example_trigger_controller_dag.py for tasks to queue
[2023-10-19T22:45:33.422+0200] {logging_mixin.py:151} INFO - [2023-10-19T22:45:33.422+0200] {dagbag.py:539} INFO - Filling up the DagBag from /Users/nick/Desktop/airflow_dic/venv/lib/python3.11/site-packages/airflow/example_dags/example_trigger_controller_dag.py
[2023-10-19T22:45:33.432+0200] {processor.py:839} INFO - DAG(s) dict_keys(['example_trigger_controller_dag']) retrieved from /Users/nick/Desktop/airflow_dic/venv/lib/python3.11/site-packages/airflow/example_dags/example_trigger_controller_dag.py
[2023-10-19T22:45:33.487+0200] {logging_mixin.py:151} INFO - [2023-10-19T22:45:33.487+0200] {dag.py:2915} INFO - Sync 1 DAGs
[2023-10-19T22:45:33.492+0200] {logging_mixin.py:151} INFO - [2023-10-19T22:45:33.492+0200] {dag.py:3696} INFO - Setting next_dagrun for example_trigger_controller_dag to 2021-01-01T00:00:00+00:00, run_after=2021-01-01T00:00:00+00:00
[2023-10-19T22:45:33.498+0200] {processor.py:179} INFO - Processing /Users/nick/Desktop/airflow_dic/venv/lib/python3.11/site-packages/airflow/example_dags/example_trigger_controller_dag.py took 0.078 seconds
[2023-10-19T22:46:39.433+0200] {processor.py:157} INFO - Started process (PID=34090) to work on /Users/nick/Desktop/airflow_dic/venv/lib/python3.11/site-packages/airflow/example_dags/example_trigger_controller_dag.py
[2023-10-19T22:46:39.435+0200] {processor.py:829} INFO - Processing file /Users/nick/Desktop/airflow_dic/venv/lib/python3.11/site-packages/airflow/example_dags/example_trigger_controller_dag.py for tasks to queue
[2023-10-19T22:46:39.435+0200] {logging_mixin.py:151} INFO - [2023-10-19T22:46:39.435+0200] {dagbag.py:539} INFO - Filling up the DagBag from /Users/nick/Desktop/airflow_dic/venv/lib/python3.11/site-packages/airflow/example_dags/example_trigger_controller_dag.py
[2023-10-19T22:46:39.445+0200] {processor.py:839} INFO - DAG(s) dict_keys(['example_trigger_controller_dag']) retrieved from /Users/nick/Desktop/airflow_dic/venv/lib/python3.11/site-packages/airflow/example_dags/example_trigger_controller_dag.py
[2023-10-19T22:46:39.499+0200] {logging_mixin.py:151} INFO - [2023-10-19T22:46:39.499+0200] {dag.py:2915} INFO - Sync 1 DAGs
[2023-10-19T22:46:39.504+0200] {logging_mixin.py:151} INFO - [2023-10-19T22:46:39.504+0200] {dag.py:3696} INFO - Setting next_dagrun for example_trigger_controller_dag to 2021-01-01T00:00:00+00:00, run_after=2021-01-01T00:00:00+00:00
[2023-10-19T22:46:39.511+0200] {processor.py:179} INFO - Processing /Users/nick/Desktop/airflow_dic/venv/lib/python3.11/site-packages/airflow/example_dags/example_trigger_controller_dag.py took 0.078 seconds
[2023-10-19T22:47:46.788+0200] {processor.py:157} INFO - Started process (PID=34215) to work on /Users/nick/Desktop/airflow_dic/venv/lib/python3.11/site-packages/airflow/example_dags/example_trigger_controller_dag.py
[2023-10-19T22:47:46.790+0200] {processor.py:829} INFO - Processing file /Users/nick/Desktop/airflow_dic/venv/lib/python3.11/site-packages/airflow/example_dags/example_trigger_controller_dag.py for tasks to queue
[2023-10-19T22:47:46.790+0200] {logging_mixin.py:151} INFO - [2023-10-19T22:47:46.790+0200] {dagbag.py:539} INFO - Filling up the DagBag from /Users/nick/Desktop/airflow_dic/venv/lib/python3.11/site-packages/airflow/example_dags/example_trigger_controller_dag.py
[2023-10-19T22:47:46.800+0200] {processor.py:839} INFO - DAG(s) dict_keys(['example_trigger_controller_dag']) retrieved from /Users/nick/Desktop/airflow_dic/venv/lib/python3.11/site-packages/airflow/example_dags/example_trigger_controller_dag.py
[2023-10-19T22:47:46.855+0200] {logging_mixin.py:151} INFO - [2023-10-19T22:47:46.855+0200] {dag.py:2915} INFO - Sync 1 DAGs
[2023-10-19T22:47:46.860+0200] {logging_mixin.py:151} INFO - [2023-10-19T22:47:46.860+0200] {dag.py:3696} INFO - Setting next_dagrun for example_trigger_controller_dag to 2021-01-01T00:00:00+00:00, run_after=2021-01-01T00:00:00+00:00
[2023-10-19T22:47:46.866+0200] {processor.py:179} INFO - Processing /Users/nick/Desktop/airflow_dic/venv/lib/python3.11/site-packages/airflow/example_dags/example_trigger_controller_dag.py took 0.078 seconds
[2023-10-19T22:48:55.242+0200] {processor.py:157} INFO - Started process (PID=34349) to work on /Users/nick/Desktop/airflow_dic/venv/lib/python3.11/site-packages/airflow/example_dags/example_trigger_controller_dag.py
[2023-10-19T22:48:55.243+0200] {processor.py:829} INFO - Processing file /Users/nick/Desktop/airflow_dic/venv/lib/python3.11/site-packages/airflow/example_dags/example_trigger_controller_dag.py for tasks to queue
[2023-10-19T22:48:55.244+0200] {logging_mixin.py:151} INFO - [2023-10-19T22:48:55.244+0200] {dagbag.py:539} INFO - Filling up the DagBag from /Users/nick/Desktop/airflow_dic/venv/lib/python3.11/site-packages/airflow/example_dags/example_trigger_controller_dag.py
[2023-10-19T22:48:55.253+0200] {processor.py:839} INFO - DAG(s) dict_keys(['example_trigger_controller_dag']) retrieved from /Users/nick/Desktop/airflow_dic/venv/lib/python3.11/site-packages/airflow/example_dags/example_trigger_controller_dag.py
[2023-10-19T22:48:55.311+0200] {logging_mixin.py:151} INFO - [2023-10-19T22:48:55.311+0200] {dag.py:2915} INFO - Sync 1 DAGs
[2023-10-19T22:48:55.316+0200] {logging_mixin.py:151} INFO - [2023-10-19T22:48:55.316+0200] {dag.py:3696} INFO - Setting next_dagrun for example_trigger_controller_dag to 2021-01-01T00:00:00+00:00, run_after=2021-01-01T00:00:00+00:00
[2023-10-19T22:48:55.322+0200] {processor.py:179} INFO - Processing /Users/nick/Desktop/airflow_dic/venv/lib/python3.11/site-packages/airflow/example_dags/example_trigger_controller_dag.py took 0.081 seconds
[2023-10-19T22:50:06.150+0200] {processor.py:157} INFO - Started process (PID=34487) to work on /Users/nick/Desktop/airflow_dic/venv/lib/python3.11/site-packages/airflow/example_dags/example_trigger_controller_dag.py
[2023-10-19T22:50:06.152+0200] {processor.py:829} INFO - Processing file /Users/nick/Desktop/airflow_dic/venv/lib/python3.11/site-packages/airflow/example_dags/example_trigger_controller_dag.py for tasks to queue
[2023-10-19T22:50:06.152+0200] {logging_mixin.py:151} INFO - [2023-10-19T22:50:06.152+0200] {dagbag.py:539} INFO - Filling up the DagBag from /Users/nick/Desktop/airflow_dic/venv/lib/python3.11/site-packages/airflow/example_dags/example_trigger_controller_dag.py
[2023-10-19T22:50:06.162+0200] {processor.py:839} INFO - DAG(s) dict_keys(['example_trigger_controller_dag']) retrieved from /Users/nick/Desktop/airflow_dic/venv/lib/python3.11/site-packages/airflow/example_dags/example_trigger_controller_dag.py
[2023-10-19T22:50:06.217+0200] {logging_mixin.py:151} INFO - [2023-10-19T22:50:06.217+0200] {dag.py:2915} INFO - Sync 1 DAGs
[2023-10-19T22:50:06.222+0200] {logging_mixin.py:151} INFO - [2023-10-19T22:50:06.222+0200] {dag.py:3696} INFO - Setting next_dagrun for example_trigger_controller_dag to 2021-01-01T00:00:00+00:00, run_after=2021-01-01T00:00:00+00:00
[2023-10-19T22:50:06.228+0200] {processor.py:179} INFO - Processing /Users/nick/Desktop/airflow_dic/venv/lib/python3.11/site-packages/airflow/example_dags/example_trigger_controller_dag.py took 0.078 seconds
[2023-10-19T22:53:31.862+0200] {processor.py:157} INFO - Started process (PID=34798) to work on /Users/nick/Desktop/airflow_dic/venv/lib/python3.11/site-packages/airflow/example_dags/example_trigger_controller_dag.py
[2023-10-19T22:53:31.863+0200] {processor.py:829} INFO - Processing file /Users/nick/Desktop/airflow_dic/venv/lib/python3.11/site-packages/airflow/example_dags/example_trigger_controller_dag.py for tasks to queue
[2023-10-19T22:53:31.863+0200] {logging_mixin.py:151} INFO - [2023-10-19T22:53:31.863+0200] {dagbag.py:539} INFO - Filling up the DagBag from /Users/nick/Desktop/airflow_dic/venv/lib/python3.11/site-packages/airflow/example_dags/example_trigger_controller_dag.py
[2023-10-19T22:53:31.873+0200] {processor.py:839} INFO - DAG(s) dict_keys(['example_trigger_controller_dag']) retrieved from /Users/nick/Desktop/airflow_dic/venv/lib/python3.11/site-packages/airflow/example_dags/example_trigger_controller_dag.py
[2023-10-19T22:53:31.928+0200] {logging_mixin.py:151} INFO - [2023-10-19T22:53:31.927+0200] {dag.py:2915} INFO - Sync 1 DAGs
[2023-10-19T22:53:31.933+0200] {logging_mixin.py:151} INFO - [2023-10-19T22:53:31.933+0200] {dag.py:3696} INFO - Setting next_dagrun for example_trigger_controller_dag to 2021-01-01T00:00:00+00:00, run_after=2021-01-01T00:00:00+00:00
[2023-10-19T22:53:31.939+0200] {processor.py:179} INFO - Processing /Users/nick/Desktop/airflow_dic/venv/lib/python3.11/site-packages/airflow/example_dags/example_trigger_controller_dag.py took 0.077 seconds
[2023-10-19T22:54:36.027+0200] {processor.py:157} INFO - Started process (PID=34927) to work on /Users/nick/Desktop/airflow_dic/venv/lib/python3.11/site-packages/airflow/example_dags/example_trigger_controller_dag.py
[2023-10-19T22:54:36.029+0200] {processor.py:829} INFO - Processing file /Users/nick/Desktop/airflow_dic/venv/lib/python3.11/site-packages/airflow/example_dags/example_trigger_controller_dag.py for tasks to queue
[2023-10-19T22:54:36.029+0200] {logging_mixin.py:151} INFO - [2023-10-19T22:54:36.029+0200] {dagbag.py:539} INFO - Filling up the DagBag from /Users/nick/Desktop/airflow_dic/venv/lib/python3.11/site-packages/airflow/example_dags/example_trigger_controller_dag.py
[2023-10-19T22:54:36.040+0200] {processor.py:839} INFO - DAG(s) dict_keys(['example_trigger_controller_dag']) retrieved from /Users/nick/Desktop/airflow_dic/venv/lib/python3.11/site-packages/airflow/example_dags/example_trigger_controller_dag.py
[2023-10-19T22:54:36.098+0200] {logging_mixin.py:151} INFO - [2023-10-19T22:54:36.098+0200] {dag.py:2915} INFO - Sync 1 DAGs
[2023-10-19T22:54:36.103+0200] {logging_mixin.py:151} INFO - [2023-10-19T22:54:36.103+0200] {dag.py:3696} INFO - Setting next_dagrun for example_trigger_controller_dag to 2021-01-01T00:00:00+00:00, run_after=2021-01-01T00:00:00+00:00
[2023-10-19T22:54:36.110+0200] {processor.py:179} INFO - Processing /Users/nick/Desktop/airflow_dic/venv/lib/python3.11/site-packages/airflow/example_dags/example_trigger_controller_dag.py took 0.083 seconds
[2023-10-19T22:55:42.866+0200] {processor.py:157} INFO - Started process (PID=35068) to work on /Users/nick/Desktop/airflow_dic/venv/lib/python3.11/site-packages/airflow/example_dags/example_trigger_controller_dag.py
[2023-10-19T22:55:42.867+0200] {processor.py:829} INFO - Processing file /Users/nick/Desktop/airflow_dic/venv/lib/python3.11/site-packages/airflow/example_dags/example_trigger_controller_dag.py for tasks to queue
[2023-10-19T22:55:42.867+0200] {logging_mixin.py:151} INFO - [2023-10-19T22:55:42.867+0200] {dagbag.py:539} INFO - Filling up the DagBag from /Users/nick/Desktop/airflow_dic/venv/lib/python3.11/site-packages/airflow/example_dags/example_trigger_controller_dag.py
[2023-10-19T22:55:42.878+0200] {processor.py:839} INFO - DAG(s) dict_keys(['example_trigger_controller_dag']) retrieved from /Users/nick/Desktop/airflow_dic/venv/lib/python3.11/site-packages/airflow/example_dags/example_trigger_controller_dag.py
[2023-10-19T22:55:42.932+0200] {logging_mixin.py:151} INFO - [2023-10-19T22:55:42.931+0200] {dag.py:2915} INFO - Sync 1 DAGs
[2023-10-19T22:55:42.937+0200] {logging_mixin.py:151} INFO - [2023-10-19T22:55:42.937+0200] {dag.py:3696} INFO - Setting next_dagrun for example_trigger_controller_dag to 2021-01-01T00:00:00+00:00, run_after=2021-01-01T00:00:00+00:00
[2023-10-19T22:55:42.943+0200] {processor.py:179} INFO - Processing /Users/nick/Desktop/airflow_dic/venv/lib/python3.11/site-packages/airflow/example_dags/example_trigger_controller_dag.py took 0.078 seconds
[2023-10-19T22:56:52.605+0200] {processor.py:157} INFO - Started process (PID=35207) to work on /Users/nick/Desktop/airflow_dic/venv/lib/python3.11/site-packages/airflow/example_dags/example_trigger_controller_dag.py
[2023-10-19T22:56:52.606+0200] {processor.py:829} INFO - Processing file /Users/nick/Desktop/airflow_dic/venv/lib/python3.11/site-packages/airflow/example_dags/example_trigger_controller_dag.py for tasks to queue
[2023-10-19T22:56:52.606+0200] {logging_mixin.py:151} INFO - [2023-10-19T22:56:52.606+0200] {dagbag.py:539} INFO - Filling up the DagBag from /Users/nick/Desktop/airflow_dic/venv/lib/python3.11/site-packages/airflow/example_dags/example_trigger_controller_dag.py
[2023-10-19T22:56:52.616+0200] {processor.py:839} INFO - DAG(s) dict_keys(['example_trigger_controller_dag']) retrieved from /Users/nick/Desktop/airflow_dic/venv/lib/python3.11/site-packages/airflow/example_dags/example_trigger_controller_dag.py
[2023-10-19T22:56:52.671+0200] {logging_mixin.py:151} INFO - [2023-10-19T22:56:52.671+0200] {dag.py:2915} INFO - Sync 1 DAGs
[2023-10-19T22:56:52.676+0200] {logging_mixin.py:151} INFO - [2023-10-19T22:56:52.676+0200] {dag.py:3696} INFO - Setting next_dagrun for example_trigger_controller_dag to 2021-01-01T00:00:00+00:00, run_after=2021-01-01T00:00:00+00:00
[2023-10-19T22:56:52.682+0200] {processor.py:179} INFO - Processing /Users/nick/Desktop/airflow_dic/venv/lib/python3.11/site-packages/airflow/example_dags/example_trigger_controller_dag.py took 0.077 seconds
[2023-10-19T22:57:59.176+0200] {processor.py:157} INFO - Started process (PID=35334) to work on /Users/nick/Desktop/airflow_dic/venv/lib/python3.11/site-packages/airflow/example_dags/example_trigger_controller_dag.py
[2023-10-19T22:57:59.177+0200] {processor.py:829} INFO - Processing file /Users/nick/Desktop/airflow_dic/venv/lib/python3.11/site-packages/airflow/example_dags/example_trigger_controller_dag.py for tasks to queue
[2023-10-19T22:57:59.177+0200] {logging_mixin.py:151} INFO - [2023-10-19T22:57:59.177+0200] {dagbag.py:539} INFO - Filling up the DagBag from /Users/nick/Desktop/airflow_dic/venv/lib/python3.11/site-packages/airflow/example_dags/example_trigger_controller_dag.py
[2023-10-19T22:57:59.187+0200] {processor.py:839} INFO - DAG(s) dict_keys(['example_trigger_controller_dag']) retrieved from /Users/nick/Desktop/airflow_dic/venv/lib/python3.11/site-packages/airflow/example_dags/example_trigger_controller_dag.py
[2023-10-19T22:57:59.240+0200] {logging_mixin.py:151} INFO - [2023-10-19T22:57:59.240+0200] {dag.py:2915} INFO - Sync 1 DAGs
[2023-10-19T22:57:59.245+0200] {logging_mixin.py:151} INFO - [2023-10-19T22:57:59.245+0200] {dag.py:3696} INFO - Setting next_dagrun for example_trigger_controller_dag to 2021-01-01T00:00:00+00:00, run_after=2021-01-01T00:00:00+00:00
[2023-10-19T22:57:59.251+0200] {processor.py:179} INFO - Processing /Users/nick/Desktop/airflow_dic/venv/lib/python3.11/site-packages/airflow/example_dags/example_trigger_controller_dag.py took 0.076 seconds
[2023-10-19T22:59:05.447+0200] {processor.py:157} INFO - Started process (PID=35472) to work on /Users/nick/Desktop/airflow_dic/venv/lib/python3.11/site-packages/airflow/example_dags/example_trigger_controller_dag.py
[2023-10-19T22:59:05.448+0200] {processor.py:829} INFO - Processing file /Users/nick/Desktop/airflow_dic/venv/lib/python3.11/site-packages/airflow/example_dags/example_trigger_controller_dag.py for tasks to queue
[2023-10-19T22:59:05.448+0200] {logging_mixin.py:151} INFO - [2023-10-19T22:59:05.448+0200] {dagbag.py:539} INFO - Filling up the DagBag from /Users/nick/Desktop/airflow_dic/venv/lib/python3.11/site-packages/airflow/example_dags/example_trigger_controller_dag.py
[2023-10-19T22:59:05.458+0200] {processor.py:839} INFO - DAG(s) dict_keys(['example_trigger_controller_dag']) retrieved from /Users/nick/Desktop/airflow_dic/venv/lib/python3.11/site-packages/airflow/example_dags/example_trigger_controller_dag.py
[2023-10-19T22:59:05.512+0200] {logging_mixin.py:151} INFO - [2023-10-19T22:59:05.512+0200] {dag.py:2915} INFO - Sync 1 DAGs
[2023-10-19T22:59:05.517+0200] {logging_mixin.py:151} INFO - [2023-10-19T22:59:05.517+0200] {dag.py:3696} INFO - Setting next_dagrun for example_trigger_controller_dag to 2021-01-01T00:00:00+00:00, run_after=2021-01-01T00:00:00+00:00
[2023-10-19T22:59:05.524+0200] {processor.py:179} INFO - Processing /Users/nick/Desktop/airflow_dic/venv/lib/python3.11/site-packages/airflow/example_dags/example_trigger_controller_dag.py took 0.077 seconds
