[2023-10-19T22:18:47.859+0200] {processor.py:157} INFO - Started process (PID=28927) to work on /Users/nick/Desktop/airflow_dic/venv/lib/python3.11/site-packages/airflow/example_dags/example_kubernetes_executor.py
[2023-10-19T22:18:47.860+0200] {processor.py:829} INFO - Processing file /Users/nick/Desktop/airflow_dic/venv/lib/python3.11/site-packages/airflow/example_dags/example_kubernetes_executor.py for tasks to queue
[2023-10-19T22:18:47.860+0200] {logging_mixin.py:151} INFO - [2023-10-19T22:18:47.860+0200] {dagbag.py:539} INFO - Filling up the DagBag from /Users/nick/Desktop/airflow_dic/venv/lib/python3.11/site-packages/airflow/example_dags/example_kubernetes_executor.py
[2023-10-19T22:18:47.878+0200] {logging_mixin.py:151} INFO - [2023-10-19T22:18:47.878+0200] {example_kubernetes_executor.py:38} WARNING - The example_kubernetes_executor example DAG requires the kubernetes provider. Please install it with: pip install apache-airflow[cncf.kubernetes]
[2023-10-19T22:18:47.878+0200] {processor.py:841} WARNING - No viable dags retrieved from /Users/nick/Desktop/airflow_dic/venv/lib/python3.11/site-packages/airflow/example_dags/example_kubernetes_executor.py
[2023-10-19T22:18:47.912+0200] {processor.py:179} INFO - Processing /Users/nick/Desktop/airflow_dic/venv/lib/python3.11/site-packages/airflow/example_dags/example_kubernetes_executor.py took 0.054 seconds
[2023-10-19T22:20:07.376+0200] {processor.py:157} INFO - Started process (PID=29078) to work on /Users/nick/Desktop/airflow_dic/venv/lib/python3.11/site-packages/airflow/example_dags/example_kubernetes_executor.py
[2023-10-19T22:20:07.378+0200] {processor.py:829} INFO - Processing file /Users/nick/Desktop/airflow_dic/venv/lib/python3.11/site-packages/airflow/example_dags/example_kubernetes_executor.py for tasks to queue
[2023-10-19T22:20:07.378+0200] {logging_mixin.py:151} INFO - [2023-10-19T22:20:07.378+0200] {dagbag.py:539} INFO - Filling up the DagBag from /Users/nick/Desktop/airflow_dic/venv/lib/python3.11/site-packages/airflow/example_dags/example_kubernetes_executor.py
[2023-10-19T22:20:07.397+0200] {logging_mixin.py:151} INFO - [2023-10-19T22:20:07.396+0200] {example_kubernetes_executor.py:38} WARNING - The example_kubernetes_executor example DAG requires the kubernetes provider. Please install it with: pip install apache-airflow[cncf.kubernetes]
[2023-10-19T22:20:07.397+0200] {processor.py:841} WARNING - No viable dags retrieved from /Users/nick/Desktop/airflow_dic/venv/lib/python3.11/site-packages/airflow/example_dags/example_kubernetes_executor.py
[2023-10-19T22:20:07.433+0200] {processor.py:179} INFO - Processing /Users/nick/Desktop/airflow_dic/venv/lib/python3.11/site-packages/airflow/example_dags/example_kubernetes_executor.py took 0.058 seconds
[2023-10-19T22:21:12.237+0200] {processor.py:157} INFO - Started process (PID=29211) to work on /Users/nick/Desktop/airflow_dic/venv/lib/python3.11/site-packages/airflow/example_dags/example_kubernetes_executor.py
[2023-10-19T22:21:12.239+0200] {processor.py:829} INFO - Processing file /Users/nick/Desktop/airflow_dic/venv/lib/python3.11/site-packages/airflow/example_dags/example_kubernetes_executor.py for tasks to queue
[2023-10-19T22:21:12.240+0200] {logging_mixin.py:151} INFO - [2023-10-19T22:21:12.240+0200] {dagbag.py:539} INFO - Filling up the DagBag from /Users/nick/Desktop/airflow_dic/venv/lib/python3.11/site-packages/airflow/example_dags/example_kubernetes_executor.py
[2023-10-19T22:21:12.258+0200] {logging_mixin.py:151} INFO - [2023-10-19T22:21:12.258+0200] {example_kubernetes_executor.py:38} WARNING - The example_kubernetes_executor example DAG requires the kubernetes provider. Please install it with: pip install apache-airflow[cncf.kubernetes]
[2023-10-19T22:21:12.258+0200] {processor.py:841} WARNING - No viable dags retrieved from /Users/nick/Desktop/airflow_dic/venv/lib/python3.11/site-packages/airflow/example_dags/example_kubernetes_executor.py
[2023-10-19T22:21:12.294+0200] {processor.py:179} INFO - Processing /Users/nick/Desktop/airflow_dic/venv/lib/python3.11/site-packages/airflow/example_dags/example_kubernetes_executor.py took 0.057 seconds
[2023-10-19T22:23:33.891+0200] {processor.py:157} INFO - Started process (PID=29497) to work on /Users/nick/Desktop/airflow_dic/venv/lib/python3.11/site-packages/airflow/example_dags/example_kubernetes_executor.py
[2023-10-19T22:23:33.893+0200] {processor.py:829} INFO - Processing file /Users/nick/Desktop/airflow_dic/venv/lib/python3.11/site-packages/airflow/example_dags/example_kubernetes_executor.py for tasks to queue
[2023-10-19T22:23:33.894+0200] {logging_mixin.py:151} INFO - [2023-10-19T22:23:33.893+0200] {dagbag.py:539} INFO - Filling up the DagBag from /Users/nick/Desktop/airflow_dic/venv/lib/python3.11/site-packages/airflow/example_dags/example_kubernetes_executor.py
[2023-10-19T22:23:33.911+0200] {logging_mixin.py:151} INFO - [2023-10-19T22:23:33.910+0200] {example_kubernetes_executor.py:38} WARNING - The example_kubernetes_executor example DAG requires the kubernetes provider. Please install it with: pip install apache-airflow[cncf.kubernetes]
[2023-10-19T22:23:33.911+0200] {processor.py:841} WARNING - No viable dags retrieved from /Users/nick/Desktop/airflow_dic/venv/lib/python3.11/site-packages/airflow/example_dags/example_kubernetes_executor.py
[2023-10-19T22:23:33.945+0200] {processor.py:179} INFO - Processing /Users/nick/Desktop/airflow_dic/venv/lib/python3.11/site-packages/airflow/example_dags/example_kubernetes_executor.py took 0.054 seconds
[2023-10-19T22:24:41.670+0200] {processor.py:157} INFO - Started process (PID=29634) to work on /Users/nick/Desktop/airflow_dic/venv/lib/python3.11/site-packages/airflow/example_dags/example_kubernetes_executor.py
[2023-10-19T22:24:41.671+0200] {processor.py:829} INFO - Processing file /Users/nick/Desktop/airflow_dic/venv/lib/python3.11/site-packages/airflow/example_dags/example_kubernetes_executor.py for tasks to queue
[2023-10-19T22:24:41.671+0200] {logging_mixin.py:151} INFO - [2023-10-19T22:24:41.671+0200] {dagbag.py:539} INFO - Filling up the DagBag from /Users/nick/Desktop/airflow_dic/venv/lib/python3.11/site-packages/airflow/example_dags/example_kubernetes_executor.py
[2023-10-19T22:24:41.691+0200] {logging_mixin.py:151} INFO - [2023-10-19T22:24:41.691+0200] {example_kubernetes_executor.py:38} WARNING - The example_kubernetes_executor example DAG requires the kubernetes provider. Please install it with: pip install apache-airflow[cncf.kubernetes]
[2023-10-19T22:24:41.691+0200] {processor.py:841} WARNING - No viable dags retrieved from /Users/nick/Desktop/airflow_dic/venv/lib/python3.11/site-packages/airflow/example_dags/example_kubernetes_executor.py
[2023-10-19T22:24:41.731+0200] {processor.py:179} INFO - Processing /Users/nick/Desktop/airflow_dic/venv/lib/python3.11/site-packages/airflow/example_dags/example_kubernetes_executor.py took 0.061 seconds
[2023-10-19T22:25:40.905+0200] {processor.py:157} INFO - Started process (PID=31628) to work on /Users/nick/Desktop/airflow_dic/venv/lib/python3.11/site-packages/airflow/example_dags/example_kubernetes_executor.py
[2023-10-19T22:25:40.908+0200] {processor.py:829} INFO - Processing file /Users/nick/Desktop/airflow_dic/venv/lib/python3.11/site-packages/airflow/example_dags/example_kubernetes_executor.py for tasks to queue
[2023-10-19T22:25:40.908+0200] {logging_mixin.py:151} INFO - [2023-10-19T22:25:40.908+0200] {dagbag.py:539} INFO - Filling up the DagBag from /Users/nick/Desktop/airflow_dic/venv/lib/python3.11/site-packages/airflow/example_dags/example_kubernetes_executor.py
[2023-10-19T22:25:40.927+0200] {logging_mixin.py:151} INFO - [2023-10-19T22:25:40.927+0200] {example_kubernetes_executor.py:38} WARNING - The example_kubernetes_executor example DAG requires the kubernetes provider. Please install it with: pip install apache-airflow[cncf.kubernetes]
[2023-10-19T22:25:40.927+0200] {processor.py:841} WARNING - No viable dags retrieved from /Users/nick/Desktop/airflow_dic/venv/lib/python3.11/site-packages/airflow/example_dags/example_kubernetes_executor.py
[2023-10-19T22:25:40.964+0200] {processor.py:179} INFO - Processing /Users/nick/Desktop/airflow_dic/venv/lib/python3.11/site-packages/airflow/example_dags/example_kubernetes_executor.py took 0.059 seconds
[2023-10-19T22:28:04.016+0200] {processor.py:157} INFO - Started process (PID=31898) to work on /Users/nick/Desktop/airflow_dic/venv/lib/python3.11/site-packages/airflow/example_dags/example_kubernetes_executor.py
[2023-10-19T22:28:04.018+0200] {processor.py:829} INFO - Processing file /Users/nick/Desktop/airflow_dic/venv/lib/python3.11/site-packages/airflow/example_dags/example_kubernetes_executor.py for tasks to queue
[2023-10-19T22:28:04.018+0200] {logging_mixin.py:151} INFO - [2023-10-19T22:28:04.018+0200] {dagbag.py:539} INFO - Filling up the DagBag from /Users/nick/Desktop/airflow_dic/venv/lib/python3.11/site-packages/airflow/example_dags/example_kubernetes_executor.py
[2023-10-19T22:28:04.037+0200] {logging_mixin.py:151} INFO - [2023-10-19T22:28:04.037+0200] {example_kubernetes_executor.py:38} WARNING - The example_kubernetes_executor example DAG requires the kubernetes provider. Please install it with: pip install apache-airflow[cncf.kubernetes]
[2023-10-19T22:28:04.037+0200] {processor.py:841} WARNING - No viable dags retrieved from /Users/nick/Desktop/airflow_dic/venv/lib/python3.11/site-packages/airflow/example_dags/example_kubernetes_executor.py
[2023-10-19T22:28:04.075+0200] {processor.py:179} INFO - Processing /Users/nick/Desktop/airflow_dic/venv/lib/python3.11/site-packages/airflow/example_dags/example_kubernetes_executor.py took 0.059 seconds
[2023-10-19T22:29:21.447+0200] {processor.py:157} INFO - Started process (PID=32068) to work on /Users/nick/Desktop/airflow_dic/venv/lib/python3.11/site-packages/airflow/example_dags/example_kubernetes_executor.py
[2023-10-19T22:29:21.448+0200] {processor.py:829} INFO - Processing file /Users/nick/Desktop/airflow_dic/venv/lib/python3.11/site-packages/airflow/example_dags/example_kubernetes_executor.py for tasks to queue
[2023-10-19T22:29:21.448+0200] {logging_mixin.py:151} INFO - [2023-10-19T22:29:21.448+0200] {dagbag.py:539} INFO - Filling up the DagBag from /Users/nick/Desktop/airflow_dic/venv/lib/python3.11/site-packages/airflow/example_dags/example_kubernetes_executor.py
[2023-10-19T22:29:21.465+0200] {logging_mixin.py:151} INFO - [2023-10-19T22:29:21.465+0200] {example_kubernetes_executor.py:38} WARNING - The example_kubernetes_executor example DAG requires the kubernetes provider. Please install it with: pip install apache-airflow[cncf.kubernetes]
[2023-10-19T22:29:21.465+0200] {processor.py:841} WARNING - No viable dags retrieved from /Users/nick/Desktop/airflow_dic/venv/lib/python3.11/site-packages/airflow/example_dags/example_kubernetes_executor.py
[2023-10-19T22:29:21.500+0200] {processor.py:179} INFO - Processing /Users/nick/Desktop/airflow_dic/venv/lib/python3.11/site-packages/airflow/example_dags/example_kubernetes_executor.py took 0.053 seconds
[2023-10-19T22:30:26.403+0200] {processor.py:157} INFO - Started process (PID=32188) to work on /Users/nick/Desktop/airflow_dic/venv/lib/python3.11/site-packages/airflow/example_dags/example_kubernetes_executor.py
[2023-10-19T22:30:26.404+0200] {processor.py:829} INFO - Processing file /Users/nick/Desktop/airflow_dic/venv/lib/python3.11/site-packages/airflow/example_dags/example_kubernetes_executor.py for tasks to queue
[2023-10-19T22:30:26.404+0200] {logging_mixin.py:151} INFO - [2023-10-19T22:30:26.404+0200] {dagbag.py:539} INFO - Filling up the DagBag from /Users/nick/Desktop/airflow_dic/venv/lib/python3.11/site-packages/airflow/example_dags/example_kubernetes_executor.py
[2023-10-19T22:30:26.421+0200] {logging_mixin.py:151} INFO - [2023-10-19T22:30:26.421+0200] {example_kubernetes_executor.py:38} WARNING - The example_kubernetes_executor example DAG requires the kubernetes provider. Please install it with: pip install apache-airflow[cncf.kubernetes]
[2023-10-19T22:30:26.422+0200] {processor.py:841} WARNING - No viable dags retrieved from /Users/nick/Desktop/airflow_dic/venv/lib/python3.11/site-packages/airflow/example_dags/example_kubernetes_executor.py
[2023-10-19T22:30:26.457+0200] {processor.py:179} INFO - Processing /Users/nick/Desktop/airflow_dic/venv/lib/python3.11/site-packages/airflow/example_dags/example_kubernetes_executor.py took 0.054 seconds
[2023-10-19T22:31:39.215+0200] {processor.py:157} INFO - Started process (PID=32335) to work on /Users/nick/Desktop/airflow_dic/venv/lib/python3.11/site-packages/airflow/example_dags/example_kubernetes_executor.py
[2023-10-19T22:31:39.216+0200] {processor.py:829} INFO - Processing file /Users/nick/Desktop/airflow_dic/venv/lib/python3.11/site-packages/airflow/example_dags/example_kubernetes_executor.py for tasks to queue
[2023-10-19T22:31:39.216+0200] {logging_mixin.py:151} INFO - [2023-10-19T22:31:39.216+0200] {dagbag.py:539} INFO - Filling up the DagBag from /Users/nick/Desktop/airflow_dic/venv/lib/python3.11/site-packages/airflow/example_dags/example_kubernetes_executor.py
[2023-10-19T22:31:39.233+0200] {logging_mixin.py:151} INFO - [2023-10-19T22:31:39.233+0200] {example_kubernetes_executor.py:38} WARNING - The example_kubernetes_executor example DAG requires the kubernetes provider. Please install it with: pip install apache-airflow[cncf.kubernetes]
[2023-10-19T22:31:39.233+0200] {processor.py:841} WARNING - No viable dags retrieved from /Users/nick/Desktop/airflow_dic/venv/lib/python3.11/site-packages/airflow/example_dags/example_kubernetes_executor.py
[2023-10-19T22:31:39.267+0200] {processor.py:179} INFO - Processing /Users/nick/Desktop/airflow_dic/venv/lib/python3.11/site-packages/airflow/example_dags/example_kubernetes_executor.py took 0.053 seconds
[2023-10-19T22:32:49.104+0200] {processor.py:157} INFO - Started process (PID=32462) to work on /Users/nick/Desktop/airflow_dic/venv/lib/python3.11/site-packages/airflow/example_dags/example_kubernetes_executor.py
[2023-10-19T22:32:49.106+0200] {processor.py:829} INFO - Processing file /Users/nick/Desktop/airflow_dic/venv/lib/python3.11/site-packages/airflow/example_dags/example_kubernetes_executor.py for tasks to queue
[2023-10-19T22:32:49.106+0200] {logging_mixin.py:151} INFO - [2023-10-19T22:32:49.106+0200] {dagbag.py:539} INFO - Filling up the DagBag from /Users/nick/Desktop/airflow_dic/venv/lib/python3.11/site-packages/airflow/example_dags/example_kubernetes_executor.py
[2023-10-19T22:32:49.125+0200] {logging_mixin.py:151} INFO - [2023-10-19T22:32:49.125+0200] {example_kubernetes_executor.py:38} WARNING - The example_kubernetes_executor example DAG requires the kubernetes provider. Please install it with: pip install apache-airflow[cncf.kubernetes]
[2023-10-19T22:32:49.125+0200] {processor.py:841} WARNING - No viable dags retrieved from /Users/nick/Desktop/airflow_dic/venv/lib/python3.11/site-packages/airflow/example_dags/example_kubernetes_executor.py
[2023-10-19T22:32:49.161+0200] {processor.py:179} INFO - Processing /Users/nick/Desktop/airflow_dic/venv/lib/python3.11/site-packages/airflow/example_dags/example_kubernetes_executor.py took 0.057 seconds
[2023-10-19T22:33:56.692+0200] {processor.py:157} INFO - Started process (PID=32598) to work on /Users/nick/Desktop/airflow_dic/venv/lib/python3.11/site-packages/airflow/example_dags/example_kubernetes_executor.py
[2023-10-19T22:33:56.694+0200] {processor.py:829} INFO - Processing file /Users/nick/Desktop/airflow_dic/venv/lib/python3.11/site-packages/airflow/example_dags/example_kubernetes_executor.py for tasks to queue
[2023-10-19T22:33:56.694+0200] {logging_mixin.py:151} INFO - [2023-10-19T22:33:56.694+0200] {dagbag.py:539} INFO - Filling up the DagBag from /Users/nick/Desktop/airflow_dic/venv/lib/python3.11/site-packages/airflow/example_dags/example_kubernetes_executor.py
[2023-10-19T22:33:56.711+0200] {logging_mixin.py:151} INFO - [2023-10-19T22:33:56.711+0200] {example_kubernetes_executor.py:38} WARNING - The example_kubernetes_executor example DAG requires the kubernetes provider. Please install it with: pip install apache-airflow[cncf.kubernetes]
[2023-10-19T22:33:56.711+0200] {processor.py:841} WARNING - No viable dags retrieved from /Users/nick/Desktop/airflow_dic/venv/lib/python3.11/site-packages/airflow/example_dags/example_kubernetes_executor.py
[2023-10-19T22:33:56.746+0200] {processor.py:179} INFO - Processing /Users/nick/Desktop/airflow_dic/venv/lib/python3.11/site-packages/airflow/example_dags/example_kubernetes_executor.py took 0.054 seconds
[2023-10-19T22:35:05.163+0200] {processor.py:157} INFO - Started process (PID=32745) to work on /Users/nick/Desktop/airflow_dic/venv/lib/python3.11/site-packages/airflow/example_dags/example_kubernetes_executor.py
[2023-10-19T22:35:05.166+0200] {processor.py:829} INFO - Processing file /Users/nick/Desktop/airflow_dic/venv/lib/python3.11/site-packages/airflow/example_dags/example_kubernetes_executor.py for tasks to queue
[2023-10-19T22:35:05.166+0200] {logging_mixin.py:151} INFO - [2023-10-19T22:35:05.166+0200] {dagbag.py:539} INFO - Filling up the DagBag from /Users/nick/Desktop/airflow_dic/venv/lib/python3.11/site-packages/airflow/example_dags/example_kubernetes_executor.py
[2023-10-19T22:35:05.183+0200] {logging_mixin.py:151} INFO - [2023-10-19T22:35:05.183+0200] {example_kubernetes_executor.py:38} WARNING - The example_kubernetes_executor example DAG requires the kubernetes provider. Please install it with: pip install apache-airflow[cncf.kubernetes]
[2023-10-19T22:35:05.183+0200] {processor.py:841} WARNING - No viable dags retrieved from /Users/nick/Desktop/airflow_dic/venv/lib/python3.11/site-packages/airflow/example_dags/example_kubernetes_executor.py
[2023-10-19T22:35:05.218+0200] {processor.py:179} INFO - Processing /Users/nick/Desktop/airflow_dic/venv/lib/python3.11/site-packages/airflow/example_dags/example_kubernetes_executor.py took 0.055 seconds
[2023-10-19T22:36:13.959+0200] {processor.py:157} INFO - Started process (PID=32897) to work on /Users/nick/Desktop/airflow_dic/venv/lib/python3.11/site-packages/airflow/example_dags/example_kubernetes_executor.py
[2023-10-19T22:36:13.961+0200] {processor.py:829} INFO - Processing file /Users/nick/Desktop/airflow_dic/venv/lib/python3.11/site-packages/airflow/example_dags/example_kubernetes_executor.py for tasks to queue
[2023-10-19T22:36:13.961+0200] {logging_mixin.py:151} INFO - [2023-10-19T22:36:13.961+0200] {dagbag.py:539} INFO - Filling up the DagBag from /Users/nick/Desktop/airflow_dic/venv/lib/python3.11/site-packages/airflow/example_dags/example_kubernetes_executor.py
[2023-10-19T22:36:13.978+0200] {logging_mixin.py:151} INFO - [2023-10-19T22:36:13.978+0200] {example_kubernetes_executor.py:38} WARNING - The example_kubernetes_executor example DAG requires the kubernetes provider. Please install it with: pip install apache-airflow[cncf.kubernetes]
[2023-10-19T22:36:13.978+0200] {processor.py:841} WARNING - No viable dags retrieved from /Users/nick/Desktop/airflow_dic/venv/lib/python3.11/site-packages/airflow/example_dags/example_kubernetes_executor.py
[2023-10-19T22:36:14.084+0200] {processor.py:179} INFO - Processing /Users/nick/Desktop/airflow_dic/venv/lib/python3.11/site-packages/airflow/example_dags/example_kubernetes_executor.py took 0.125 seconds
[2023-10-19T22:37:21.976+0200] {processor.py:157} INFO - Started process (PID=33026) to work on /Users/nick/Desktop/airflow_dic/venv/lib/python3.11/site-packages/airflow/example_dags/example_kubernetes_executor.py
[2023-10-19T22:37:21.977+0200] {processor.py:829} INFO - Processing file /Users/nick/Desktop/airflow_dic/venv/lib/python3.11/site-packages/airflow/example_dags/example_kubernetes_executor.py for tasks to queue
[2023-10-19T22:37:21.978+0200] {logging_mixin.py:151} INFO - [2023-10-19T22:37:21.977+0200] {dagbag.py:539} INFO - Filling up the DagBag from /Users/nick/Desktop/airflow_dic/venv/lib/python3.11/site-packages/airflow/example_dags/example_kubernetes_executor.py
[2023-10-19T22:37:21.997+0200] {logging_mixin.py:151} INFO - [2023-10-19T22:37:21.997+0200] {example_kubernetes_executor.py:38} WARNING - The example_kubernetes_executor example DAG requires the kubernetes provider. Please install it with: pip install apache-airflow[cncf.kubernetes]
[2023-10-19T22:37:21.997+0200] {processor.py:841} WARNING - No viable dags retrieved from /Users/nick/Desktop/airflow_dic/venv/lib/python3.11/site-packages/airflow/example_dags/example_kubernetes_executor.py
[2023-10-19T22:37:22.034+0200] {processor.py:179} INFO - Processing /Users/nick/Desktop/airflow_dic/venv/lib/python3.11/site-packages/airflow/example_dags/example_kubernetes_executor.py took 0.058 seconds
[2023-10-19T22:38:29.942+0200] {processor.py:157} INFO - Started process (PID=33150) to work on /Users/nick/Desktop/airflow_dic/venv/lib/python3.11/site-packages/airflow/example_dags/example_kubernetes_executor.py
[2023-10-19T22:38:29.943+0200] {processor.py:829} INFO - Processing file /Users/nick/Desktop/airflow_dic/venv/lib/python3.11/site-packages/airflow/example_dags/example_kubernetes_executor.py for tasks to queue
[2023-10-19T22:38:29.943+0200] {logging_mixin.py:151} INFO - [2023-10-19T22:38:29.943+0200] {dagbag.py:539} INFO - Filling up the DagBag from /Users/nick/Desktop/airflow_dic/venv/lib/python3.11/site-packages/airflow/example_dags/example_kubernetes_executor.py
[2023-10-19T22:38:29.960+0200] {logging_mixin.py:151} INFO - [2023-10-19T22:38:29.960+0200] {example_kubernetes_executor.py:38} WARNING - The example_kubernetes_executor example DAG requires the kubernetes provider. Please install it with: pip install apache-airflow[cncf.kubernetes]
[2023-10-19T22:38:29.960+0200] {processor.py:841} WARNING - No viable dags retrieved from /Users/nick/Desktop/airflow_dic/venv/lib/python3.11/site-packages/airflow/example_dags/example_kubernetes_executor.py
[2023-10-19T22:38:29.995+0200] {processor.py:179} INFO - Processing /Users/nick/Desktop/airflow_dic/venv/lib/python3.11/site-packages/airflow/example_dags/example_kubernetes_executor.py took 0.053 seconds
[2023-10-19T22:39:37.318+0200] {processor.py:157} INFO - Started process (PID=33281) to work on /Users/nick/Desktop/airflow_dic/venv/lib/python3.11/site-packages/airflow/example_dags/example_kubernetes_executor.py
[2023-10-19T22:39:37.319+0200] {processor.py:829} INFO - Processing file /Users/nick/Desktop/airflow_dic/venv/lib/python3.11/site-packages/airflow/example_dags/example_kubernetes_executor.py for tasks to queue
[2023-10-19T22:39:37.319+0200] {logging_mixin.py:151} INFO - [2023-10-19T22:39:37.319+0200] {dagbag.py:539} INFO - Filling up the DagBag from /Users/nick/Desktop/airflow_dic/venv/lib/python3.11/site-packages/airflow/example_dags/example_kubernetes_executor.py
[2023-10-19T22:39:37.337+0200] {logging_mixin.py:151} INFO - [2023-10-19T22:39:37.337+0200] {example_kubernetes_executor.py:38} WARNING - The example_kubernetes_executor example DAG requires the kubernetes provider. Please install it with: pip install apache-airflow[cncf.kubernetes]
[2023-10-19T22:39:37.337+0200] {processor.py:841} WARNING - No viable dags retrieved from /Users/nick/Desktop/airflow_dic/venv/lib/python3.11/site-packages/airflow/example_dags/example_kubernetes_executor.py
[2023-10-19T22:39:37.371+0200] {processor.py:179} INFO - Processing /Users/nick/Desktop/airflow_dic/venv/lib/python3.11/site-packages/airflow/example_dags/example_kubernetes_executor.py took 0.054 seconds
[2023-10-19T22:40:46.085+0200] {processor.py:157} INFO - Started process (PID=33410) to work on /Users/nick/Desktop/airflow_dic/venv/lib/python3.11/site-packages/airflow/example_dags/example_kubernetes_executor.py
[2023-10-19T22:40:46.086+0200] {processor.py:829} INFO - Processing file /Users/nick/Desktop/airflow_dic/venv/lib/python3.11/site-packages/airflow/example_dags/example_kubernetes_executor.py for tasks to queue
[2023-10-19T22:40:46.086+0200] {logging_mixin.py:151} INFO - [2023-10-19T22:40:46.086+0200] {dagbag.py:539} INFO - Filling up the DagBag from /Users/nick/Desktop/airflow_dic/venv/lib/python3.11/site-packages/airflow/example_dags/example_kubernetes_executor.py
[2023-10-19T22:40:46.103+0200] {logging_mixin.py:151} INFO - [2023-10-19T22:40:46.103+0200] {example_kubernetes_executor.py:38} WARNING - The example_kubernetes_executor example DAG requires the kubernetes provider. Please install it with: pip install apache-airflow[cncf.kubernetes]
[2023-10-19T22:40:46.103+0200] {processor.py:841} WARNING - No viable dags retrieved from /Users/nick/Desktop/airflow_dic/venv/lib/python3.11/site-packages/airflow/example_dags/example_kubernetes_executor.py
[2023-10-19T22:40:46.137+0200] {processor.py:179} INFO - Processing /Users/nick/Desktop/airflow_dic/venv/lib/python3.11/site-packages/airflow/example_dags/example_kubernetes_executor.py took 0.053 seconds
[2023-10-19T22:41:55.689+0200] {processor.py:157} INFO - Started process (PID=33539) to work on /Users/nick/Desktop/airflow_dic/venv/lib/python3.11/site-packages/airflow/example_dags/example_kubernetes_executor.py
[2023-10-19T22:41:55.691+0200] {processor.py:829} INFO - Processing file /Users/nick/Desktop/airflow_dic/venv/lib/python3.11/site-packages/airflow/example_dags/example_kubernetes_executor.py for tasks to queue
[2023-10-19T22:41:55.691+0200] {logging_mixin.py:151} INFO - [2023-10-19T22:41:55.691+0200] {dagbag.py:539} INFO - Filling up the DagBag from /Users/nick/Desktop/airflow_dic/venv/lib/python3.11/site-packages/airflow/example_dags/example_kubernetes_executor.py
[2023-10-19T22:41:55.708+0200] {logging_mixin.py:151} INFO - [2023-10-19T22:41:55.708+0200] {example_kubernetes_executor.py:38} WARNING - The example_kubernetes_executor example DAG requires the kubernetes provider. Please install it with: pip install apache-airflow[cncf.kubernetes]
[2023-10-19T22:41:55.708+0200] {processor.py:841} WARNING - No viable dags retrieved from /Users/nick/Desktop/airflow_dic/venv/lib/python3.11/site-packages/airflow/example_dags/example_kubernetes_executor.py
[2023-10-19T22:41:55.742+0200] {processor.py:179} INFO - Processing /Users/nick/Desktop/airflow_dic/venv/lib/python3.11/site-packages/airflow/example_dags/example_kubernetes_executor.py took 0.053 seconds
[2023-10-19T22:43:05.492+0200] {processor.py:157} INFO - Started process (PID=33666) to work on /Users/nick/Desktop/airflow_dic/venv/lib/python3.11/site-packages/airflow/example_dags/example_kubernetes_executor.py
[2023-10-19T22:43:05.493+0200] {processor.py:829} INFO - Processing file /Users/nick/Desktop/airflow_dic/venv/lib/python3.11/site-packages/airflow/example_dags/example_kubernetes_executor.py for tasks to queue
[2023-10-19T22:43:05.493+0200] {logging_mixin.py:151} INFO - [2023-10-19T22:43:05.493+0200] {dagbag.py:539} INFO - Filling up the DagBag from /Users/nick/Desktop/airflow_dic/venv/lib/python3.11/site-packages/airflow/example_dags/example_kubernetes_executor.py
[2023-10-19T22:43:05.510+0200] {logging_mixin.py:151} INFO - [2023-10-19T22:43:05.510+0200] {example_kubernetes_executor.py:38} WARNING - The example_kubernetes_executor example DAG requires the kubernetes provider. Please install it with: pip install apache-airflow[cncf.kubernetes]
[2023-10-19T22:43:05.510+0200] {processor.py:841} WARNING - No viable dags retrieved from /Users/nick/Desktop/airflow_dic/venv/lib/python3.11/site-packages/airflow/example_dags/example_kubernetes_executor.py
[2023-10-19T22:43:05.544+0200] {processor.py:179} INFO - Processing /Users/nick/Desktop/airflow_dic/venv/lib/python3.11/site-packages/airflow/example_dags/example_kubernetes_executor.py took 0.052 seconds
[2023-10-19T22:44:15.230+0200] {processor.py:157} INFO - Started process (PID=33801) to work on /Users/nick/Desktop/airflow_dic/venv/lib/python3.11/site-packages/airflow/example_dags/example_kubernetes_executor.py
[2023-10-19T22:44:15.231+0200] {processor.py:829} INFO - Processing file /Users/nick/Desktop/airflow_dic/venv/lib/python3.11/site-packages/airflow/example_dags/example_kubernetes_executor.py for tasks to queue
[2023-10-19T22:44:15.232+0200] {logging_mixin.py:151} INFO - [2023-10-19T22:44:15.231+0200] {dagbag.py:539} INFO - Filling up the DagBag from /Users/nick/Desktop/airflow_dic/venv/lib/python3.11/site-packages/airflow/example_dags/example_kubernetes_executor.py
[2023-10-19T22:44:15.249+0200] {logging_mixin.py:151} INFO - [2023-10-19T22:44:15.249+0200] {example_kubernetes_executor.py:38} WARNING - The example_kubernetes_executor example DAG requires the kubernetes provider. Please install it with: pip install apache-airflow[cncf.kubernetes]
[2023-10-19T22:44:15.249+0200] {processor.py:841} WARNING - No viable dags retrieved from /Users/nick/Desktop/airflow_dic/venv/lib/python3.11/site-packages/airflow/example_dags/example_kubernetes_executor.py
[2023-10-19T22:44:15.287+0200] {processor.py:179} INFO - Processing /Users/nick/Desktop/airflow_dic/venv/lib/python3.11/site-packages/airflow/example_dags/example_kubernetes_executor.py took 0.057 seconds
[2023-10-19T22:46:03.162+0200] {processor.py:157} INFO - Started process (PID=34020) to work on /Users/nick/Desktop/airflow_dic/venv/lib/python3.11/site-packages/airflow/example_dags/example_kubernetes_executor.py
[2023-10-19T22:46:03.164+0200] {processor.py:829} INFO - Processing file /Users/nick/Desktop/airflow_dic/venv/lib/python3.11/site-packages/airflow/example_dags/example_kubernetes_executor.py for tasks to queue
[2023-10-19T22:46:03.165+0200] {logging_mixin.py:151} INFO - [2023-10-19T22:46:03.165+0200] {dagbag.py:539} INFO - Filling up the DagBag from /Users/nick/Desktop/airflow_dic/venv/lib/python3.11/site-packages/airflow/example_dags/example_kubernetes_executor.py
[2023-10-19T22:46:03.183+0200] {logging_mixin.py:151} INFO - [2023-10-19T22:46:03.183+0200] {example_kubernetes_executor.py:38} WARNING - The example_kubernetes_executor example DAG requires the kubernetes provider. Please install it with: pip install apache-airflow[cncf.kubernetes]
[2023-10-19T22:46:03.183+0200] {processor.py:841} WARNING - No viable dags retrieved from /Users/nick/Desktop/airflow_dic/venv/lib/python3.11/site-packages/airflow/example_dags/example_kubernetes_executor.py
[2023-10-19T22:46:03.219+0200] {processor.py:179} INFO - Processing /Users/nick/Desktop/airflow_dic/venv/lib/python3.11/site-packages/airflow/example_dags/example_kubernetes_executor.py took 0.057 seconds
[2023-10-19T22:47:12.299+0200] {processor.py:157} INFO - Started process (PID=34150) to work on /Users/nick/Desktop/airflow_dic/venv/lib/python3.11/site-packages/airflow/example_dags/example_kubernetes_executor.py
[2023-10-19T22:47:12.301+0200] {processor.py:829} INFO - Processing file /Users/nick/Desktop/airflow_dic/venv/lib/python3.11/site-packages/airflow/example_dags/example_kubernetes_executor.py for tasks to queue
[2023-10-19T22:47:12.301+0200] {logging_mixin.py:151} INFO - [2023-10-19T22:47:12.301+0200] {dagbag.py:539} INFO - Filling up the DagBag from /Users/nick/Desktop/airflow_dic/venv/lib/python3.11/site-packages/airflow/example_dags/example_kubernetes_executor.py
[2023-10-19T22:47:12.319+0200] {logging_mixin.py:151} INFO - [2023-10-19T22:47:12.318+0200] {example_kubernetes_executor.py:38} WARNING - The example_kubernetes_executor example DAG requires the kubernetes provider. Please install it with: pip install apache-airflow[cncf.kubernetes]
[2023-10-19T22:47:12.319+0200] {processor.py:841} WARNING - No viable dags retrieved from /Users/nick/Desktop/airflow_dic/venv/lib/python3.11/site-packages/airflow/example_dags/example_kubernetes_executor.py
[2023-10-19T22:47:12.353+0200] {processor.py:179} INFO - Processing /Users/nick/Desktop/airflow_dic/venv/lib/python3.11/site-packages/airflow/example_dags/example_kubernetes_executor.py took 0.053 seconds
[2023-10-19T22:48:21.175+0200] {processor.py:157} INFO - Started process (PID=34285) to work on /Users/nick/Desktop/airflow_dic/venv/lib/python3.11/site-packages/airflow/example_dags/example_kubernetes_executor.py
[2023-10-19T22:48:21.176+0200] {processor.py:829} INFO - Processing file /Users/nick/Desktop/airflow_dic/venv/lib/python3.11/site-packages/airflow/example_dags/example_kubernetes_executor.py for tasks to queue
[2023-10-19T22:48:21.176+0200] {logging_mixin.py:151} INFO - [2023-10-19T22:48:21.176+0200] {dagbag.py:539} INFO - Filling up the DagBag from /Users/nick/Desktop/airflow_dic/venv/lib/python3.11/site-packages/airflow/example_dags/example_kubernetes_executor.py
[2023-10-19T22:48:21.193+0200] {logging_mixin.py:151} INFO - [2023-10-19T22:48:21.193+0200] {example_kubernetes_executor.py:38} WARNING - The example_kubernetes_executor example DAG requires the kubernetes provider. Please install it with: pip install apache-airflow[cncf.kubernetes]
[2023-10-19T22:48:21.193+0200] {processor.py:841} WARNING - No viable dags retrieved from /Users/nick/Desktop/airflow_dic/venv/lib/python3.11/site-packages/airflow/example_dags/example_kubernetes_executor.py
[2023-10-19T22:48:21.227+0200] {processor.py:179} INFO - Processing /Users/nick/Desktop/airflow_dic/venv/lib/python3.11/site-packages/airflow/example_dags/example_kubernetes_executor.py took 0.053 seconds
[2023-10-19T22:49:31.045+0200] {processor.py:157} INFO - Started process (PID=34421) to work on /Users/nick/Desktop/airflow_dic/venv/lib/python3.11/site-packages/airflow/example_dags/example_kubernetes_executor.py
[2023-10-19T22:49:31.047+0200] {processor.py:829} INFO - Processing file /Users/nick/Desktop/airflow_dic/venv/lib/python3.11/site-packages/airflow/example_dags/example_kubernetes_executor.py for tasks to queue
[2023-10-19T22:49:31.047+0200] {logging_mixin.py:151} INFO - [2023-10-19T22:49:31.047+0200] {dagbag.py:539} INFO - Filling up the DagBag from /Users/nick/Desktop/airflow_dic/venv/lib/python3.11/site-packages/airflow/example_dags/example_kubernetes_executor.py
[2023-10-19T22:49:31.066+0200] {logging_mixin.py:151} INFO - [2023-10-19T22:49:31.066+0200] {example_kubernetes_executor.py:38} WARNING - The example_kubernetes_executor example DAG requires the kubernetes provider. Please install it with: pip install apache-airflow[cncf.kubernetes]
[2023-10-19T22:49:31.066+0200] {processor.py:841} WARNING - No viable dags retrieved from /Users/nick/Desktop/airflow_dic/venv/lib/python3.11/site-packages/airflow/example_dags/example_kubernetes_executor.py
[2023-10-19T22:49:31.102+0200] {processor.py:179} INFO - Processing /Users/nick/Desktop/airflow_dic/venv/lib/python3.11/site-packages/airflow/example_dags/example_kubernetes_executor.py took 0.057 seconds
[2023-10-19T22:50:38.746+0200] {processor.py:157} INFO - Started process (PID=34546) to work on /Users/nick/Desktop/airflow_dic/venv/lib/python3.11/site-packages/airflow/example_dags/example_kubernetes_executor.py
[2023-10-19T22:50:38.747+0200] {processor.py:829} INFO - Processing file /Users/nick/Desktop/airflow_dic/venv/lib/python3.11/site-packages/airflow/example_dags/example_kubernetes_executor.py for tasks to queue
[2023-10-19T22:50:38.748+0200] {logging_mixin.py:151} INFO - [2023-10-19T22:50:38.748+0200] {dagbag.py:539} INFO - Filling up the DagBag from /Users/nick/Desktop/airflow_dic/venv/lib/python3.11/site-packages/airflow/example_dags/example_kubernetes_executor.py
[2023-10-19T22:50:38.764+0200] {logging_mixin.py:151} INFO - [2023-10-19T22:50:38.764+0200] {example_kubernetes_executor.py:38} WARNING - The example_kubernetes_executor example DAG requires the kubernetes provider. Please install it with: pip install apache-airflow[cncf.kubernetes]
[2023-10-19T22:50:38.765+0200] {processor.py:841} WARNING - No viable dags retrieved from /Users/nick/Desktop/airflow_dic/venv/lib/python3.11/site-packages/airflow/example_dags/example_kubernetes_executor.py
[2023-10-19T22:50:38.799+0200] {processor.py:179} INFO - Processing /Users/nick/Desktop/airflow_dic/venv/lib/python3.11/site-packages/airflow/example_dags/example_kubernetes_executor.py took 0.053 seconds
[2023-10-19T22:54:01.619+0200] {processor.py:157} INFO - Started process (PID=34860) to work on /Users/nick/Desktop/airflow_dic/venv/lib/python3.11/site-packages/airflow/example_dags/example_kubernetes_executor.py
[2023-10-19T22:54:01.620+0200] {processor.py:829} INFO - Processing file /Users/nick/Desktop/airflow_dic/venv/lib/python3.11/site-packages/airflow/example_dags/example_kubernetes_executor.py for tasks to queue
[2023-10-19T22:54:01.620+0200] {logging_mixin.py:151} INFO - [2023-10-19T22:54:01.620+0200] {dagbag.py:539} INFO - Filling up the DagBag from /Users/nick/Desktop/airflow_dic/venv/lib/python3.11/site-packages/airflow/example_dags/example_kubernetes_executor.py
[2023-10-19T22:54:01.637+0200] {logging_mixin.py:151} INFO - [2023-10-19T22:54:01.637+0200] {example_kubernetes_executor.py:38} WARNING - The example_kubernetes_executor example DAG requires the kubernetes provider. Please install it with: pip install apache-airflow[cncf.kubernetes]
[2023-10-19T22:54:01.637+0200] {processor.py:841} WARNING - No viable dags retrieved from /Users/nick/Desktop/airflow_dic/venv/lib/python3.11/site-packages/airflow/example_dags/example_kubernetes_executor.py
[2023-10-19T22:54:01.671+0200] {processor.py:179} INFO - Processing /Users/nick/Desktop/airflow_dic/venv/lib/python3.11/site-packages/airflow/example_dags/example_kubernetes_executor.py took 0.052 seconds
[2023-10-19T22:55:09.202+0200] {processor.py:157} INFO - Started process (PID=34998) to work on /Users/nick/Desktop/airflow_dic/venv/lib/python3.11/site-packages/airflow/example_dags/example_kubernetes_executor.py
[2023-10-19T22:55:09.204+0200] {processor.py:829} INFO - Processing file /Users/nick/Desktop/airflow_dic/venv/lib/python3.11/site-packages/airflow/example_dags/example_kubernetes_executor.py for tasks to queue
[2023-10-19T22:55:09.204+0200] {logging_mixin.py:151} INFO - [2023-10-19T22:55:09.204+0200] {dagbag.py:539} INFO - Filling up the DagBag from /Users/nick/Desktop/airflow_dic/venv/lib/python3.11/site-packages/airflow/example_dags/example_kubernetes_executor.py
[2023-10-19T22:55:09.222+0200] {logging_mixin.py:151} INFO - [2023-10-19T22:55:09.222+0200] {example_kubernetes_executor.py:38} WARNING - The example_kubernetes_executor example DAG requires the kubernetes provider. Please install it with: pip install apache-airflow[cncf.kubernetes]
[2023-10-19T22:55:09.222+0200] {processor.py:841} WARNING - No viable dags retrieved from /Users/nick/Desktop/airflow_dic/venv/lib/python3.11/site-packages/airflow/example_dags/example_kubernetes_executor.py
[2023-10-19T22:55:09.256+0200] {processor.py:179} INFO - Processing /Users/nick/Desktop/airflow_dic/venv/lib/python3.11/site-packages/airflow/example_dags/example_kubernetes_executor.py took 0.054 seconds
[2023-10-19T22:56:17.869+0200] {processor.py:157} INFO - Started process (PID=35133) to work on /Users/nick/Desktop/airflow_dic/venv/lib/python3.11/site-packages/airflow/example_dags/example_kubernetes_executor.py
[2023-10-19T22:56:17.870+0200] {processor.py:829} INFO - Processing file /Users/nick/Desktop/airflow_dic/venv/lib/python3.11/site-packages/airflow/example_dags/example_kubernetes_executor.py for tasks to queue
[2023-10-19T22:56:17.870+0200] {logging_mixin.py:151} INFO - [2023-10-19T22:56:17.870+0200] {dagbag.py:539} INFO - Filling up the DagBag from /Users/nick/Desktop/airflow_dic/venv/lib/python3.11/site-packages/airflow/example_dags/example_kubernetes_executor.py
[2023-10-19T22:56:17.887+0200] {logging_mixin.py:151} INFO - [2023-10-19T22:56:17.887+0200] {example_kubernetes_executor.py:38} WARNING - The example_kubernetes_executor example DAG requires the kubernetes provider. Please install it with: pip install apache-airflow[cncf.kubernetes]
[2023-10-19T22:56:17.887+0200] {processor.py:841} WARNING - No viable dags retrieved from /Users/nick/Desktop/airflow_dic/venv/lib/python3.11/site-packages/airflow/example_dags/example_kubernetes_executor.py
[2023-10-19T22:56:17.921+0200] {processor.py:179} INFO - Processing /Users/nick/Desktop/airflow_dic/venv/lib/python3.11/site-packages/airflow/example_dags/example_kubernetes_executor.py took 0.053 seconds
[2023-10-19T22:57:23.742+0200] {processor.py:157} INFO - Started process (PID=35267) to work on /Users/nick/Desktop/airflow_dic/venv/lib/python3.11/site-packages/airflow/example_dags/example_kubernetes_executor.py
[2023-10-19T22:57:23.744+0200] {processor.py:829} INFO - Processing file /Users/nick/Desktop/airflow_dic/venv/lib/python3.11/site-packages/airflow/example_dags/example_kubernetes_executor.py for tasks to queue
[2023-10-19T22:57:23.744+0200] {logging_mixin.py:151} INFO - [2023-10-19T22:57:23.744+0200] {dagbag.py:539} INFO - Filling up the DagBag from /Users/nick/Desktop/airflow_dic/venv/lib/python3.11/site-packages/airflow/example_dags/example_kubernetes_executor.py
[2023-10-19T22:57:23.761+0200] {logging_mixin.py:151} INFO - [2023-10-19T22:57:23.761+0200] {example_kubernetes_executor.py:38} WARNING - The example_kubernetes_executor example DAG requires the kubernetes provider. Please install it with: pip install apache-airflow[cncf.kubernetes]
[2023-10-19T22:57:23.761+0200] {processor.py:841} WARNING - No viable dags retrieved from /Users/nick/Desktop/airflow_dic/venv/lib/python3.11/site-packages/airflow/example_dags/example_kubernetes_executor.py
[2023-10-19T22:57:23.795+0200] {processor.py:179} INFO - Processing /Users/nick/Desktop/airflow_dic/venv/lib/python3.11/site-packages/airflow/example_dags/example_kubernetes_executor.py took 0.053 seconds
[2023-10-19T22:58:32.240+0200] {processor.py:157} INFO - Started process (PID=35403) to work on /Users/nick/Desktop/airflow_dic/venv/lib/python3.11/site-packages/airflow/example_dags/example_kubernetes_executor.py
[2023-10-19T22:58:32.241+0200] {processor.py:829} INFO - Processing file /Users/nick/Desktop/airflow_dic/venv/lib/python3.11/site-packages/airflow/example_dags/example_kubernetes_executor.py for tasks to queue
[2023-10-19T22:58:32.241+0200] {logging_mixin.py:151} INFO - [2023-10-19T22:58:32.241+0200] {dagbag.py:539} INFO - Filling up the DagBag from /Users/nick/Desktop/airflow_dic/venv/lib/python3.11/site-packages/airflow/example_dags/example_kubernetes_executor.py
[2023-10-19T22:58:32.258+0200] {logging_mixin.py:151} INFO - [2023-10-19T22:58:32.258+0200] {example_kubernetes_executor.py:38} WARNING - The example_kubernetes_executor example DAG requires the kubernetes provider. Please install it with: pip install apache-airflow[cncf.kubernetes]
[2023-10-19T22:58:32.258+0200] {processor.py:841} WARNING - No viable dags retrieved from /Users/nick/Desktop/airflow_dic/venv/lib/python3.11/site-packages/airflow/example_dags/example_kubernetes_executor.py
[2023-10-19T22:58:32.292+0200] {processor.py:179} INFO - Processing /Users/nick/Desktop/airflow_dic/venv/lib/python3.11/site-packages/airflow/example_dags/example_kubernetes_executor.py took 0.053 seconds
