[2023-10-19T22:17:18.790+0200] {processor.py:157} INFO - Started process (PID=28764) to work on /Users/nick/Desktop/airflow_dic/venv/lib/python3.11/site-packages/airflow/example_dags/example_task_group.py
[2023-10-19T22:17:18.791+0200] {processor.py:829} INFO - Processing file /Users/nick/Desktop/airflow_dic/venv/lib/python3.11/site-packages/airflow/example_dags/example_task_group.py for tasks to queue
[2023-10-19T22:17:18.792+0200] {logging_mixin.py:151} INFO - [2023-10-19T22:17:18.792+0200] {dagbag.py:539} INFO - Filling up the DagBag from /Users/nick/Desktop/airflow_dic/venv/lib/python3.11/site-packages/airflow/example_dags/example_task_group.py
[2023-10-19T22:17:18.802+0200] {processor.py:839} INFO - DAG(s) dict_keys(['example_task_group']) retrieved from /Users/nick/Desktop/airflow_dic/venv/lib/python3.11/site-packages/airflow/example_dags/example_task_group.py
[2023-10-19T22:17:19.072+0200] {logging_mixin.py:151} INFO - [2023-10-19T22:17:19.072+0200] {manager.py:499} INFO - Created Permission View: %s
[2023-10-19T22:17:19.075+0200] {logging_mixin.py:151} INFO - [2023-10-19T22:17:19.075+0200] {manager.py:499} INFO - Created Permission View: %s
[2023-10-19T22:17:19.077+0200] {logging_mixin.py:151} INFO - [2023-10-19T22:17:19.077+0200] {manager.py:499} INFO - Created Permission View: %s
[2023-10-19T22:17:19.077+0200] {logging_mixin.py:151} INFO - [2023-10-19T22:17:19.077+0200] {security.py:708} INFO - Not syncing DAG-level permissions for DAG 'DAG:example_task_group' as access control is unset.
[2023-10-19T22:17:19.077+0200] {logging_mixin.py:151} INFO - [2023-10-19T22:17:19.077+0200] {dag.py:2915} INFO - Sync 1 DAGs
[2023-10-19T22:17:19.080+0200] {logging_mixin.py:151} INFO - [2023-10-19T22:17:19.080+0200] {dag.py:2937} INFO - Creating ORM DAG for example_task_group
[2023-10-19T22:17:19.082+0200] {logging_mixin.py:151} INFO - [2023-10-19T22:17:19.082+0200] {dag.py:3696} INFO - Setting next_dagrun for example_task_group to 2023-10-18T20:17:19.082753+00:00, run_after=2023-10-19T20:17:19.082753+00:00
[2023-10-19T22:17:19.087+0200] {processor.py:179} INFO - Processing /Users/nick/Desktop/airflow_dic/venv/lib/python3.11/site-packages/airflow/example_dags/example_task_group.py took 0.298 seconds
[2023-10-19T22:18:18.698+0200] {processor.py:157} INFO - Started process (PID=28874) to work on /Users/nick/Desktop/airflow_dic/venv/lib/python3.11/site-packages/airflow/example_dags/example_task_group.py
[2023-10-19T22:18:18.699+0200] {processor.py:829} INFO - Processing file /Users/nick/Desktop/airflow_dic/venv/lib/python3.11/site-packages/airflow/example_dags/example_task_group.py for tasks to queue
[2023-10-19T22:18:18.700+0200] {logging_mixin.py:151} INFO - [2023-10-19T22:18:18.700+0200] {dagbag.py:539} INFO - Filling up the DagBag from /Users/nick/Desktop/airflow_dic/venv/lib/python3.11/site-packages/airflow/example_dags/example_task_group.py
[2023-10-19T22:18:18.710+0200] {processor.py:839} INFO - DAG(s) dict_keys(['example_task_group']) retrieved from /Users/nick/Desktop/airflow_dic/venv/lib/python3.11/site-packages/airflow/example_dags/example_task_group.py
[2023-10-19T22:18:18.768+0200] {logging_mixin.py:151} INFO - [2023-10-19T22:18:18.768+0200] {dag.py:2915} INFO - Sync 1 DAGs
[2023-10-19T22:18:18.774+0200] {logging_mixin.py:151} INFO - [2023-10-19T22:18:18.774+0200] {dag.py:3696} INFO - Setting next_dagrun for example_task_group to 2023-10-18T20:18:18.774158+00:00, run_after=2023-10-19T20:18:18.774158+00:00
[2023-10-19T22:18:18.780+0200] {processor.py:179} INFO - Processing /Users/nick/Desktop/airflow_dic/venv/lib/python3.11/site-packages/airflow/example_dags/example_task_group.py took 0.082 seconds
[2023-10-19T22:19:32.169+0200] {processor.py:157} INFO - Started process (PID=29014) to work on /Users/nick/Desktop/airflow_dic/venv/lib/python3.11/site-packages/airflow/example_dags/example_task_group.py
[2023-10-19T22:19:32.171+0200] {processor.py:829} INFO - Processing file /Users/nick/Desktop/airflow_dic/venv/lib/python3.11/site-packages/airflow/example_dags/example_task_group.py for tasks to queue
[2023-10-19T22:19:32.172+0200] {logging_mixin.py:151} INFO - [2023-10-19T22:19:32.172+0200] {dagbag.py:539} INFO - Filling up the DagBag from /Users/nick/Desktop/airflow_dic/venv/lib/python3.11/site-packages/airflow/example_dags/example_task_group.py
[2023-10-19T22:19:32.182+0200] {processor.py:839} INFO - DAG(s) dict_keys(['example_task_group']) retrieved from /Users/nick/Desktop/airflow_dic/venv/lib/python3.11/site-packages/airflow/example_dags/example_task_group.py
[2023-10-19T22:19:32.239+0200] {logging_mixin.py:151} INFO - [2023-10-19T22:19:32.239+0200] {dag.py:2915} INFO - Sync 1 DAGs
[2023-10-19T22:19:32.244+0200] {logging_mixin.py:151} INFO - [2023-10-19T22:19:32.244+0200] {dag.py:3696} INFO - Setting next_dagrun for example_task_group to 2023-10-18T20:19:32.244367+00:00, run_after=2023-10-19T20:19:32.244367+00:00
[2023-10-19T22:19:32.250+0200] {processor.py:179} INFO - Processing /Users/nick/Desktop/airflow_dic/venv/lib/python3.11/site-packages/airflow/example_dags/example_task_group.py took 0.081 seconds
[2023-10-19T22:20:38.499+0200] {processor.py:157} INFO - Started process (PID=29135) to work on /Users/nick/Desktop/airflow_dic/venv/lib/python3.11/site-packages/airflow/example_dags/example_task_group.py
[2023-10-19T22:20:38.500+0200] {processor.py:829} INFO - Processing file /Users/nick/Desktop/airflow_dic/venv/lib/python3.11/site-packages/airflow/example_dags/example_task_group.py for tasks to queue
[2023-10-19T22:20:38.500+0200] {logging_mixin.py:151} INFO - [2023-10-19T22:20:38.500+0200] {dagbag.py:539} INFO - Filling up the DagBag from /Users/nick/Desktop/airflow_dic/venv/lib/python3.11/site-packages/airflow/example_dags/example_task_group.py
[2023-10-19T22:20:38.511+0200] {processor.py:839} INFO - DAG(s) dict_keys(['example_task_group']) retrieved from /Users/nick/Desktop/airflow_dic/venv/lib/python3.11/site-packages/airflow/example_dags/example_task_group.py
[2023-10-19T22:20:38.569+0200] {logging_mixin.py:151} INFO - [2023-10-19T22:20:38.568+0200] {dag.py:2915} INFO - Sync 1 DAGs
[2023-10-19T22:20:38.574+0200] {logging_mixin.py:151} INFO - [2023-10-19T22:20:38.574+0200] {dag.py:3696} INFO - Setting next_dagrun for example_task_group to 2023-10-18T20:20:38.574458+00:00, run_after=2023-10-19T20:20:38.574458+00:00
[2023-10-19T22:20:38.581+0200] {processor.py:179} INFO - Processing /Users/nick/Desktop/airflow_dic/venv/lib/python3.11/site-packages/airflow/example_dags/example_task_group.py took 0.082 seconds
[2023-10-19T22:21:46.175+0200] {processor.py:157} INFO - Started process (PID=29275) to work on /Users/nick/Desktop/airflow_dic/venv/lib/python3.11/site-packages/airflow/example_dags/example_task_group.py
[2023-10-19T22:21:46.177+0200] {processor.py:829} INFO - Processing file /Users/nick/Desktop/airflow_dic/venv/lib/python3.11/site-packages/airflow/example_dags/example_task_group.py for tasks to queue
[2023-10-19T22:21:46.177+0200] {logging_mixin.py:151} INFO - [2023-10-19T22:21:46.177+0200] {dagbag.py:539} INFO - Filling up the DagBag from /Users/nick/Desktop/airflow_dic/venv/lib/python3.11/site-packages/airflow/example_dags/example_task_group.py
[2023-10-19T22:21:46.188+0200] {processor.py:839} INFO - DAG(s) dict_keys(['example_task_group']) retrieved from /Users/nick/Desktop/airflow_dic/venv/lib/python3.11/site-packages/airflow/example_dags/example_task_group.py
[2023-10-19T22:21:46.244+0200] {logging_mixin.py:151} INFO - [2023-10-19T22:21:46.244+0200] {dag.py:2915} INFO - Sync 1 DAGs
[2023-10-19T22:21:46.250+0200] {logging_mixin.py:151} INFO - [2023-10-19T22:21:46.250+0200] {dag.py:3696} INFO - Setting next_dagrun for example_task_group to 2023-10-18T20:21:46.250513+00:00, run_after=2023-10-19T20:21:46.250513+00:00
[2023-10-19T22:21:46.257+0200] {processor.py:179} INFO - Processing /Users/nick/Desktop/airflow_dic/venv/lib/python3.11/site-packages/airflow/example_dags/example_task_group.py took 0.082 seconds
[2023-10-19T22:22:26.831+0200] {processor.py:157} INFO - Started process (PID=29360) to work on /Users/nick/Desktop/airflow_dic/venv/lib/python3.11/site-packages/airflow/example_dags/example_task_group.py
[2023-10-19T22:22:26.833+0200] {processor.py:829} INFO - Processing file /Users/nick/Desktop/airflow_dic/venv/lib/python3.11/site-packages/airflow/example_dags/example_task_group.py for tasks to queue
[2023-10-19T22:22:26.833+0200] {logging_mixin.py:151} INFO - [2023-10-19T22:22:26.833+0200] {dagbag.py:539} INFO - Filling up the DagBag from /Users/nick/Desktop/airflow_dic/venv/lib/python3.11/site-packages/airflow/example_dags/example_task_group.py
[2023-10-19T22:22:26.843+0200] {processor.py:839} INFO - DAG(s) dict_keys(['example_task_group']) retrieved from /Users/nick/Desktop/airflow_dic/venv/lib/python3.11/site-packages/airflow/example_dags/example_task_group.py
[2023-10-19T22:22:26.899+0200] {logging_mixin.py:151} INFO - [2023-10-19T22:22:26.899+0200] {dag.py:2915} INFO - Sync 1 DAGs
[2023-10-19T22:22:26.904+0200] {logging_mixin.py:151} INFO - [2023-10-19T22:22:26.904+0200] {dag.py:3696} INFO - Setting next_dagrun for example_task_group to 2023-10-18T20:22:26.904839+00:00, run_after=2023-10-19T20:22:26.904839+00:00
[2023-10-19T22:22:26.911+0200] {processor.py:179} INFO - Processing /Users/nick/Desktop/airflow_dic/venv/lib/python3.11/site-packages/airflow/example_dags/example_task_group.py took 0.080 seconds
[2023-10-19T22:23:08.543+0200] {processor.py:157} INFO - Started process (PID=29446) to work on /Users/nick/Desktop/airflow_dic/venv/lib/python3.11/site-packages/airflow/example_dags/example_task_group.py
[2023-10-19T22:23:08.545+0200] {processor.py:829} INFO - Processing file /Users/nick/Desktop/airflow_dic/venv/lib/python3.11/site-packages/airflow/example_dags/example_task_group.py for tasks to queue
[2023-10-19T22:23:08.545+0200] {logging_mixin.py:151} INFO - [2023-10-19T22:23:08.545+0200] {dagbag.py:539} INFO - Filling up the DagBag from /Users/nick/Desktop/airflow_dic/venv/lib/python3.11/site-packages/airflow/example_dags/example_task_group.py
[2023-10-19T22:23:08.555+0200] {processor.py:839} INFO - DAG(s) dict_keys(['example_task_group']) retrieved from /Users/nick/Desktop/airflow_dic/venv/lib/python3.11/site-packages/airflow/example_dags/example_task_group.py
[2023-10-19T22:23:08.616+0200] {logging_mixin.py:151} INFO - [2023-10-19T22:23:08.616+0200] {dag.py:2915} INFO - Sync 1 DAGs
[2023-10-19T22:23:08.622+0200] {logging_mixin.py:151} INFO - [2023-10-19T22:23:08.622+0200] {dag.py:3696} INFO - Setting next_dagrun for example_task_group to 2023-10-18T20:23:08.622281+00:00, run_after=2023-10-19T20:23:08.622281+00:00
[2023-10-19T22:23:08.629+0200] {processor.py:179} INFO - Processing /Users/nick/Desktop/airflow_dic/venv/lib/python3.11/site-packages/airflow/example_dags/example_task_group.py took 0.086 seconds
[2023-10-19T22:24:11.238+0200] {processor.py:157} INFO - Started process (PID=29568) to work on /Users/nick/Desktop/airflow_dic/venv/lib/python3.11/site-packages/airflow/example_dags/example_task_group.py
[2023-10-19T22:24:11.239+0200] {processor.py:829} INFO - Processing file /Users/nick/Desktop/airflow_dic/venv/lib/python3.11/site-packages/airflow/example_dags/example_task_group.py for tasks to queue
[2023-10-19T22:24:11.239+0200] {logging_mixin.py:151} INFO - [2023-10-19T22:24:11.239+0200] {dagbag.py:539} INFO - Filling up the DagBag from /Users/nick/Desktop/airflow_dic/venv/lib/python3.11/site-packages/airflow/example_dags/example_task_group.py
[2023-10-19T22:24:11.249+0200] {processor.py:839} INFO - DAG(s) dict_keys(['example_task_group']) retrieved from /Users/nick/Desktop/airflow_dic/venv/lib/python3.11/site-packages/airflow/example_dags/example_task_group.py
[2023-10-19T22:24:11.306+0200] {logging_mixin.py:151} INFO - [2023-10-19T22:24:11.305+0200] {dag.py:2915} INFO - Sync 1 DAGs
[2023-10-19T22:24:11.311+0200] {logging_mixin.py:151} INFO - [2023-10-19T22:24:11.311+0200] {dag.py:3696} INFO - Setting next_dagrun for example_task_group to 2023-10-18T20:24:11.311104+00:00, run_after=2023-10-19T20:24:11.311104+00:00
[2023-10-19T22:24:11.317+0200] {processor.py:179} INFO - Processing /Users/nick/Desktop/airflow_dic/venv/lib/python3.11/site-packages/airflow/example_dags/example_task_group.py took 0.080 seconds
[2023-10-19T22:25:14.055+0200] {processor.py:157} INFO - Started process (PID=29709) to work on /Users/nick/Desktop/airflow_dic/venv/lib/python3.11/site-packages/airflow/example_dags/example_task_group.py
[2023-10-19T22:25:14.057+0200] {processor.py:829} INFO - Processing file /Users/nick/Desktop/airflow_dic/venv/lib/python3.11/site-packages/airflow/example_dags/example_task_group.py for tasks to queue
[2023-10-19T22:25:14.057+0200] {logging_mixin.py:151} INFO - [2023-10-19T22:25:14.057+0200] {dagbag.py:539} INFO - Filling up the DagBag from /Users/nick/Desktop/airflow_dic/venv/lib/python3.11/site-packages/airflow/example_dags/example_task_group.py
[2023-10-19T22:25:14.068+0200] {processor.py:839} INFO - DAG(s) dict_keys(['example_task_group']) retrieved from /Users/nick/Desktop/airflow_dic/venv/lib/python3.11/site-packages/airflow/example_dags/example_task_group.py
[2023-10-19T22:25:14.130+0200] {logging_mixin.py:151} INFO - [2023-10-19T22:25:14.130+0200] {dag.py:2915} INFO - Sync 1 DAGs
[2023-10-19T22:25:14.136+0200] {logging_mixin.py:151} INFO - [2023-10-19T22:25:14.136+0200] {dag.py:3696} INFO - Setting next_dagrun for example_task_group to 2023-10-18T20:25:14.136497+00:00, run_after=2023-10-19T20:25:14.136497+00:00
[2023-10-19T22:25:14.143+0200] {processor.py:179} INFO - Processing /Users/nick/Desktop/airflow_dic/venv/lib/python3.11/site-packages/airflow/example_dags/example_task_group.py took 0.089 seconds
[2023-10-19T22:26:26.077+0200] {processor.py:157} INFO - Started process (PID=31721) to work on /Users/nick/Desktop/airflow_dic/venv/lib/python3.11/site-packages/airflow/example_dags/example_task_group.py
[2023-10-19T22:26:26.079+0200] {processor.py:829} INFO - Processing file /Users/nick/Desktop/airflow_dic/venv/lib/python3.11/site-packages/airflow/example_dags/example_task_group.py for tasks to queue
[2023-10-19T22:26:26.079+0200] {logging_mixin.py:151} INFO - [2023-10-19T22:26:26.079+0200] {dagbag.py:539} INFO - Filling up the DagBag from /Users/nick/Desktop/airflow_dic/venv/lib/python3.11/site-packages/airflow/example_dags/example_task_group.py
[2023-10-19T22:26:26.090+0200] {processor.py:839} INFO - DAG(s) dict_keys(['example_task_group']) retrieved from /Users/nick/Desktop/airflow_dic/venv/lib/python3.11/site-packages/airflow/example_dags/example_task_group.py
[2023-10-19T22:26:26.395+0200] {logging_mixin.py:151} INFO - [2023-10-19T22:26:26.395+0200] {security.py:708} INFO - Not syncing DAG-level permissions for DAG 'DAG:example_task_group' as access control is unset.
[2023-10-19T22:26:26.396+0200] {logging_mixin.py:151} INFO - [2023-10-19T22:26:26.396+0200] {dag.py:2915} INFO - Sync 1 DAGs
[2023-10-19T22:26:26.399+0200] {logging_mixin.py:151} INFO - [2023-10-19T22:26:26.399+0200] {dag.py:2937} INFO - Creating ORM DAG for example_task_group
[2023-10-19T22:26:26.402+0200] {logging_mixin.py:151} INFO - [2023-10-19T22:26:26.402+0200] {dag.py:3696} INFO - Setting next_dagrun for example_task_group to 2023-10-18T20:26:26.402567+00:00, run_after=2023-10-19T20:26:26.402567+00:00
[2023-10-19T22:26:26.410+0200] {processor.py:179} INFO - Processing /Users/nick/Desktop/airflow_dic/venv/lib/python3.11/site-packages/airflow/example_dags/example_task_group.py took 0.334 seconds
[2023-10-19T22:27:33.035+0200] {processor.py:157} INFO - Started process (PID=31846) to work on /Users/nick/Desktop/airflow_dic/venv/lib/python3.11/site-packages/airflow/example_dags/example_task_group.py
[2023-10-19T22:27:33.036+0200] {processor.py:829} INFO - Processing file /Users/nick/Desktop/airflow_dic/venv/lib/python3.11/site-packages/airflow/example_dags/example_task_group.py for tasks to queue
[2023-10-19T22:27:33.036+0200] {logging_mixin.py:151} INFO - [2023-10-19T22:27:33.036+0200] {dagbag.py:539} INFO - Filling up the DagBag from /Users/nick/Desktop/airflow_dic/venv/lib/python3.11/site-packages/airflow/example_dags/example_task_group.py
[2023-10-19T22:27:33.047+0200] {processor.py:839} INFO - DAG(s) dict_keys(['example_task_group']) retrieved from /Users/nick/Desktop/airflow_dic/venv/lib/python3.11/site-packages/airflow/example_dags/example_task_group.py
[2023-10-19T22:27:33.342+0200] {logging_mixin.py:151} INFO - [2023-10-19T22:27:33.342+0200] {security.py:708} INFO - Not syncing DAG-level permissions for DAG 'DAG:example_task_group' as access control is unset.
[2023-10-19T22:27:33.342+0200] {logging_mixin.py:151} INFO - [2023-10-19T22:27:33.342+0200] {dag.py:2915} INFO - Sync 1 DAGs
[2023-10-19T22:27:33.345+0200] {logging_mixin.py:151} INFO - [2023-10-19T22:27:33.345+0200] {dag.py:2937} INFO - Creating ORM DAG for example_task_group
[2023-10-19T22:27:33.348+0200] {logging_mixin.py:151} INFO - [2023-10-19T22:27:33.347+0200] {dag.py:3696} INFO - Setting next_dagrun for example_task_group to 2023-10-18T20:27:33.347885+00:00, run_after=2023-10-19T20:27:33.347885+00:00
[2023-10-19T22:27:33.355+0200] {processor.py:179} INFO - Processing /Users/nick/Desktop/airflow_dic/venv/lib/python3.11/site-packages/airflow/example_dags/example_task_group.py took 0.320 seconds
[2023-10-19T22:28:47.900+0200] {processor.py:157} INFO - Started process (PID=31994) to work on /Users/nick/Desktop/airflow_dic/venv/lib/python3.11/site-packages/airflow/example_dags/example_task_group.py
[2023-10-19T22:28:47.902+0200] {processor.py:829} INFO - Processing file /Users/nick/Desktop/airflow_dic/venv/lib/python3.11/site-packages/airflow/example_dags/example_task_group.py for tasks to queue
[2023-10-19T22:28:47.902+0200] {logging_mixin.py:151} INFO - [2023-10-19T22:28:47.902+0200] {dagbag.py:539} INFO - Filling up the DagBag from /Users/nick/Desktop/airflow_dic/venv/lib/python3.11/site-packages/airflow/example_dags/example_task_group.py
[2023-10-19T22:28:47.914+0200] {processor.py:839} INFO - DAG(s) dict_keys(['example_task_group']) retrieved from /Users/nick/Desktop/airflow_dic/venv/lib/python3.11/site-packages/airflow/example_dags/example_task_group.py
[2023-10-19T22:28:47.980+0200] {logging_mixin.py:151} INFO - [2023-10-19T22:28:47.980+0200] {dag.py:2915} INFO - Sync 1 DAGs
[2023-10-19T22:28:47.985+0200] {logging_mixin.py:151} INFO - [2023-10-19T22:28:47.985+0200] {dag.py:3696} INFO - Setting next_dagrun for example_task_group to 2023-10-18T20:28:47.985845+00:00, run_after=2023-10-19T20:28:47.985845+00:00
[2023-10-19T22:28:47.993+0200] {processor.py:179} INFO - Processing /Users/nick/Desktop/airflow_dic/venv/lib/python3.11/site-packages/airflow/example_dags/example_task_group.py took 0.093 seconds
[2023-10-19T22:29:53.284+0200] {processor.py:157} INFO - Started process (PID=32127) to work on /Users/nick/Desktop/airflow_dic/venv/lib/python3.11/site-packages/airflow/example_dags/example_task_group.py
[2023-10-19T22:29:53.285+0200] {processor.py:829} INFO - Processing file /Users/nick/Desktop/airflow_dic/venv/lib/python3.11/site-packages/airflow/example_dags/example_task_group.py for tasks to queue
[2023-10-19T22:29:53.286+0200] {logging_mixin.py:151} INFO - [2023-10-19T22:29:53.286+0200] {dagbag.py:539} INFO - Filling up the DagBag from /Users/nick/Desktop/airflow_dic/venv/lib/python3.11/site-packages/airflow/example_dags/example_task_group.py
[2023-10-19T22:29:53.296+0200] {processor.py:839} INFO - DAG(s) dict_keys(['example_task_group']) retrieved from /Users/nick/Desktop/airflow_dic/venv/lib/python3.11/site-packages/airflow/example_dags/example_task_group.py
[2023-10-19T22:29:53.358+0200] {logging_mixin.py:151} INFO - [2023-10-19T22:29:53.358+0200] {dag.py:2915} INFO - Sync 1 DAGs
[2023-10-19T22:29:53.363+0200] {logging_mixin.py:151} INFO - [2023-10-19T22:29:53.363+0200] {dag.py:3696} INFO - Setting next_dagrun for example_task_group to 2023-10-18T20:29:53.363588+00:00, run_after=2023-10-19T20:29:53.363588+00:00
[2023-10-19T22:29:53.370+0200] {processor.py:179} INFO - Processing /Users/nick/Desktop/airflow_dic/venv/lib/python3.11/site-packages/airflow/example_dags/example_task_group.py took 0.086 seconds
[2023-10-19T22:31:13.744+0200] {processor.py:157} INFO - Started process (PID=32290) to work on /Users/nick/Desktop/airflow_dic/venv/lib/python3.11/site-packages/airflow/example_dags/example_task_group.py
[2023-10-19T22:31:13.745+0200] {processor.py:829} INFO - Processing file /Users/nick/Desktop/airflow_dic/venv/lib/python3.11/site-packages/airflow/example_dags/example_task_group.py for tasks to queue
[2023-10-19T22:31:13.746+0200] {logging_mixin.py:151} INFO - [2023-10-19T22:31:13.746+0200] {dagbag.py:539} INFO - Filling up the DagBag from /Users/nick/Desktop/airflow_dic/venv/lib/python3.11/site-packages/airflow/example_dags/example_task_group.py
[2023-10-19T22:31:13.756+0200] {processor.py:839} INFO - DAG(s) dict_keys(['example_task_group']) retrieved from /Users/nick/Desktop/airflow_dic/venv/lib/python3.11/site-packages/airflow/example_dags/example_task_group.py
[2023-10-19T22:31:13.811+0200] {logging_mixin.py:151} INFO - [2023-10-19T22:31:13.811+0200] {dag.py:2915} INFO - Sync 1 DAGs
[2023-10-19T22:31:13.817+0200] {logging_mixin.py:151} INFO - [2023-10-19T22:31:13.816+0200] {dag.py:3696} INFO - Setting next_dagrun for example_task_group to 2023-10-18T20:31:13.816939+00:00, run_after=2023-10-19T20:31:13.816939+00:00
[2023-10-19T22:31:13.823+0200] {processor.py:179} INFO - Processing /Users/nick/Desktop/airflow_dic/venv/lib/python3.11/site-packages/airflow/example_dags/example_task_group.py took 0.079 seconds
[2023-10-19T22:32:17.730+0200] {processor.py:157} INFO - Started process (PID=32406) to work on /Users/nick/Desktop/airflow_dic/venv/lib/python3.11/site-packages/airflow/example_dags/example_task_group.py
[2023-10-19T22:32:17.732+0200] {processor.py:829} INFO - Processing file /Users/nick/Desktop/airflow_dic/venv/lib/python3.11/site-packages/airflow/example_dags/example_task_group.py for tasks to queue
[2023-10-19T22:32:17.732+0200] {logging_mixin.py:151} INFO - [2023-10-19T22:32:17.732+0200] {dagbag.py:539} INFO - Filling up the DagBag from /Users/nick/Desktop/airflow_dic/venv/lib/python3.11/site-packages/airflow/example_dags/example_task_group.py
[2023-10-19T22:32:17.742+0200] {processor.py:839} INFO - DAG(s) dict_keys(['example_task_group']) retrieved from /Users/nick/Desktop/airflow_dic/venv/lib/python3.11/site-packages/airflow/example_dags/example_task_group.py
[2023-10-19T22:32:17.802+0200] {logging_mixin.py:151} INFO - [2023-10-19T22:32:17.802+0200] {dag.py:2915} INFO - Sync 1 DAGs
[2023-10-19T22:32:17.808+0200] {logging_mixin.py:151} INFO - [2023-10-19T22:32:17.808+0200] {dag.py:3696} INFO - Setting next_dagrun for example_task_group to 2023-10-18T20:32:17.808428+00:00, run_after=2023-10-19T20:32:17.808428+00:00
[2023-10-19T22:32:17.816+0200] {processor.py:179} INFO - Processing /Users/nick/Desktop/airflow_dic/venv/lib/python3.11/site-packages/airflow/example_dags/example_task_group.py took 0.086 seconds
[2023-10-19T22:33:26.188+0200] {processor.py:157} INFO - Started process (PID=32531) to work on /Users/nick/Desktop/airflow_dic/venv/lib/python3.11/site-packages/airflow/example_dags/example_task_group.py
[2023-10-19T22:33:26.191+0200] {processor.py:829} INFO - Processing file /Users/nick/Desktop/airflow_dic/venv/lib/python3.11/site-packages/airflow/example_dags/example_task_group.py for tasks to queue
[2023-10-19T22:33:26.191+0200] {logging_mixin.py:151} INFO - [2023-10-19T22:33:26.191+0200] {dagbag.py:539} INFO - Filling up the DagBag from /Users/nick/Desktop/airflow_dic/venv/lib/python3.11/site-packages/airflow/example_dags/example_task_group.py
[2023-10-19T22:33:26.202+0200] {processor.py:839} INFO - DAG(s) dict_keys(['example_task_group']) retrieved from /Users/nick/Desktop/airflow_dic/venv/lib/python3.11/site-packages/airflow/example_dags/example_task_group.py
[2023-10-19T22:33:26.269+0200] {logging_mixin.py:151} INFO - [2023-10-19T22:33:26.269+0200] {dag.py:2915} INFO - Sync 1 DAGs
[2023-10-19T22:33:26.275+0200] {logging_mixin.py:151} INFO - [2023-10-19T22:33:26.275+0200] {dag.py:3696} INFO - Setting next_dagrun for example_task_group to 2023-10-18T20:33:26.275836+00:00, run_after=2023-10-19T20:33:26.275836+00:00
[2023-10-19T22:33:26.283+0200] {processor.py:179} INFO - Processing /Users/nick/Desktop/airflow_dic/venv/lib/python3.11/site-packages/airflow/example_dags/example_task_group.py took 0.094 seconds
[2023-10-19T22:34:37.118+0200] {processor.py:157} INFO - Started process (PID=32684) to work on /Users/nick/Desktop/airflow_dic/venv/lib/python3.11/site-packages/airflow/example_dags/example_task_group.py
[2023-10-19T22:34:37.120+0200] {processor.py:829} INFO - Processing file /Users/nick/Desktop/airflow_dic/venv/lib/python3.11/site-packages/airflow/example_dags/example_task_group.py for tasks to queue
[2023-10-19T22:34:37.121+0200] {logging_mixin.py:151} INFO - [2023-10-19T22:34:37.121+0200] {dagbag.py:539} INFO - Filling up the DagBag from /Users/nick/Desktop/airflow_dic/venv/lib/python3.11/site-packages/airflow/example_dags/example_task_group.py
[2023-10-19T22:34:37.131+0200] {processor.py:839} INFO - DAG(s) dict_keys(['example_task_group']) retrieved from /Users/nick/Desktop/airflow_dic/venv/lib/python3.11/site-packages/airflow/example_dags/example_task_group.py
[2023-10-19T22:34:37.187+0200] {logging_mixin.py:151} INFO - [2023-10-19T22:34:37.187+0200] {dag.py:2915} INFO - Sync 1 DAGs
[2023-10-19T22:34:37.192+0200] {logging_mixin.py:151} INFO - [2023-10-19T22:34:37.192+0200] {dag.py:3696} INFO - Setting next_dagrun for example_task_group to 2023-10-18T20:34:37.192855+00:00, run_after=2023-10-19T20:34:37.192855+00:00
[2023-10-19T22:34:37.199+0200] {processor.py:179} INFO - Processing /Users/nick/Desktop/airflow_dic/venv/lib/python3.11/site-packages/airflow/example_dags/example_task_group.py took 0.081 seconds
[2023-10-19T22:35:44.403+0200] {processor.py:157} INFO - Started process (PID=32843) to work on /Users/nick/Desktop/airflow_dic/venv/lib/python3.11/site-packages/airflow/example_dags/example_task_group.py
[2023-10-19T22:35:44.406+0200] {processor.py:829} INFO - Processing file /Users/nick/Desktop/airflow_dic/venv/lib/python3.11/site-packages/airflow/example_dags/example_task_group.py for tasks to queue
[2023-10-19T22:35:44.406+0200] {logging_mixin.py:151} INFO - [2023-10-19T22:35:44.406+0200] {dagbag.py:539} INFO - Filling up the DagBag from /Users/nick/Desktop/airflow_dic/venv/lib/python3.11/site-packages/airflow/example_dags/example_task_group.py
[2023-10-19T22:35:44.418+0200] {processor.py:839} INFO - DAG(s) dict_keys(['example_task_group']) retrieved from /Users/nick/Desktop/airflow_dic/venv/lib/python3.11/site-packages/airflow/example_dags/example_task_group.py
[2023-10-19T22:35:44.483+0200] {logging_mixin.py:151} INFO - [2023-10-19T22:35:44.483+0200] {dag.py:2915} INFO - Sync 1 DAGs
[2023-10-19T22:35:44.488+0200] {logging_mixin.py:151} INFO - [2023-10-19T22:35:44.488+0200] {dag.py:3696} INFO - Setting next_dagrun for example_task_group to 2023-10-18T20:35:44.488491+00:00, run_after=2023-10-19T20:35:44.488491+00:00
[2023-10-19T22:35:44.495+0200] {processor.py:179} INFO - Processing /Users/nick/Desktop/airflow_dic/venv/lib/python3.11/site-packages/airflow/example_dags/example_task_group.py took 0.092 seconds
[2023-10-19T22:36:53.888+0200] {processor.py:157} INFO - Started process (PID=32973) to work on /Users/nick/Desktop/airflow_dic/venv/lib/python3.11/site-packages/airflow/example_dags/example_task_group.py
[2023-10-19T22:36:53.889+0200] {processor.py:829} INFO - Processing file /Users/nick/Desktop/airflow_dic/venv/lib/python3.11/site-packages/airflow/example_dags/example_task_group.py for tasks to queue
[2023-10-19T22:36:53.889+0200] {logging_mixin.py:151} INFO - [2023-10-19T22:36:53.889+0200] {dagbag.py:539} INFO - Filling up the DagBag from /Users/nick/Desktop/airflow_dic/venv/lib/python3.11/site-packages/airflow/example_dags/example_task_group.py
[2023-10-19T22:36:53.899+0200] {processor.py:839} INFO - DAG(s) dict_keys(['example_task_group']) retrieved from /Users/nick/Desktop/airflow_dic/venv/lib/python3.11/site-packages/airflow/example_dags/example_task_group.py
[2023-10-19T22:36:53.956+0200] {logging_mixin.py:151} INFO - [2023-10-19T22:36:53.956+0200] {dag.py:2915} INFO - Sync 1 DAGs
[2023-10-19T22:36:53.961+0200] {logging_mixin.py:151} INFO - [2023-10-19T22:36:53.961+0200] {dag.py:3696} INFO - Setting next_dagrun for example_task_group to 2023-10-18T20:36:53.961845+00:00, run_after=2023-10-19T20:36:53.961845+00:00
[2023-10-19T22:36:53.968+0200] {processor.py:179} INFO - Processing /Users/nick/Desktop/airflow_dic/venv/lib/python3.11/site-packages/airflow/example_dags/example_task_group.py took 0.080 seconds
[2023-10-19T22:38:01.039+0200] {processor.py:157} INFO - Started process (PID=33098) to work on /Users/nick/Desktop/airflow_dic/venv/lib/python3.11/site-packages/airflow/example_dags/example_task_group.py
[2023-10-19T22:38:01.043+0200] {processor.py:829} INFO - Processing file /Users/nick/Desktop/airflow_dic/venv/lib/python3.11/site-packages/airflow/example_dags/example_task_group.py for tasks to queue
[2023-10-19T22:38:01.043+0200] {logging_mixin.py:151} INFO - [2023-10-19T22:38:01.043+0200] {dagbag.py:539} INFO - Filling up the DagBag from /Users/nick/Desktop/airflow_dic/venv/lib/python3.11/site-packages/airflow/example_dags/example_task_group.py
[2023-10-19T22:38:01.054+0200] {processor.py:839} INFO - DAG(s) dict_keys(['example_task_group']) retrieved from /Users/nick/Desktop/airflow_dic/venv/lib/python3.11/site-packages/airflow/example_dags/example_task_group.py
[2023-10-19T22:38:01.110+0200] {logging_mixin.py:151} INFO - [2023-10-19T22:38:01.110+0200] {dag.py:2915} INFO - Sync 1 DAGs
[2023-10-19T22:38:01.116+0200] {logging_mixin.py:151} INFO - [2023-10-19T22:38:01.116+0200] {dag.py:3696} INFO - Setting next_dagrun for example_task_group to 2023-10-18T20:38:01.116145+00:00, run_after=2023-10-19T20:38:01.116145+00:00
[2023-10-19T22:38:01.122+0200] {processor.py:179} INFO - Processing /Users/nick/Desktop/airflow_dic/venv/lib/python3.11/site-packages/airflow/example_dags/example_task_group.py took 0.083 seconds
[2023-10-19T22:39:08.355+0200] {processor.py:157} INFO - Started process (PID=33225) to work on /Users/nick/Desktop/airflow_dic/venv/lib/python3.11/site-packages/airflow/example_dags/example_task_group.py
[2023-10-19T22:39:08.356+0200] {processor.py:829} INFO - Processing file /Users/nick/Desktop/airflow_dic/venv/lib/python3.11/site-packages/airflow/example_dags/example_task_group.py for tasks to queue
[2023-10-19T22:39:08.356+0200] {logging_mixin.py:151} INFO - [2023-10-19T22:39:08.356+0200] {dagbag.py:539} INFO - Filling up the DagBag from /Users/nick/Desktop/airflow_dic/venv/lib/python3.11/site-packages/airflow/example_dags/example_task_group.py
[2023-10-19T22:39:08.367+0200] {processor.py:839} INFO - DAG(s) dict_keys(['example_task_group']) retrieved from /Users/nick/Desktop/airflow_dic/venv/lib/python3.11/site-packages/airflow/example_dags/example_task_group.py
[2023-10-19T22:39:08.424+0200] {logging_mixin.py:151} INFO - [2023-10-19T22:39:08.423+0200] {dag.py:2915} INFO - Sync 1 DAGs
[2023-10-19T22:39:08.429+0200] {logging_mixin.py:151} INFO - [2023-10-19T22:39:08.429+0200] {dag.py:3696} INFO - Setting next_dagrun for example_task_group to 2023-10-18T20:39:08.429183+00:00, run_after=2023-10-19T20:39:08.429183+00:00
[2023-10-19T22:39:08.435+0200] {processor.py:179} INFO - Processing /Users/nick/Desktop/airflow_dic/venv/lib/python3.11/site-packages/airflow/example_dags/example_task_group.py took 0.080 seconds
[2023-10-19T22:40:14.957+0200] {processor.py:157} INFO - Started process (PID=33353) to work on /Users/nick/Desktop/airflow_dic/venv/lib/python3.11/site-packages/airflow/example_dags/example_task_group.py
[2023-10-19T22:40:14.958+0200] {processor.py:829} INFO - Processing file /Users/nick/Desktop/airflow_dic/venv/lib/python3.11/site-packages/airflow/example_dags/example_task_group.py for tasks to queue
[2023-10-19T22:40:14.958+0200] {logging_mixin.py:151} INFO - [2023-10-19T22:40:14.958+0200] {dagbag.py:539} INFO - Filling up the DagBag from /Users/nick/Desktop/airflow_dic/venv/lib/python3.11/site-packages/airflow/example_dags/example_task_group.py
[2023-10-19T22:40:14.969+0200] {processor.py:839} INFO - DAG(s) dict_keys(['example_task_group']) retrieved from /Users/nick/Desktop/airflow_dic/venv/lib/python3.11/site-packages/airflow/example_dags/example_task_group.py
[2023-10-19T22:40:15.029+0200] {logging_mixin.py:151} INFO - [2023-10-19T22:40:15.029+0200] {dag.py:2915} INFO - Sync 1 DAGs
[2023-10-19T22:40:15.035+0200] {logging_mixin.py:151} INFO - [2023-10-19T22:40:15.035+0200] {dag.py:3696} INFO - Setting next_dagrun for example_task_group to 2023-10-18T20:40:15.035107+00:00, run_after=2023-10-19T20:40:15.035107+00:00
[2023-10-19T22:40:15.042+0200] {processor.py:179} INFO - Processing /Users/nick/Desktop/airflow_dic/venv/lib/python3.11/site-packages/airflow/example_dags/example_task_group.py took 0.086 seconds
[2023-10-19T22:41:25.287+0200] {processor.py:157} INFO - Started process (PID=33480) to work on /Users/nick/Desktop/airflow_dic/venv/lib/python3.11/site-packages/airflow/example_dags/example_task_group.py
[2023-10-19T22:41:25.289+0200] {processor.py:829} INFO - Processing file /Users/nick/Desktop/airflow_dic/venv/lib/python3.11/site-packages/airflow/example_dags/example_task_group.py for tasks to queue
[2023-10-19T22:41:25.289+0200] {logging_mixin.py:151} INFO - [2023-10-19T22:41:25.289+0200] {dagbag.py:539} INFO - Filling up the DagBag from /Users/nick/Desktop/airflow_dic/venv/lib/python3.11/site-packages/airflow/example_dags/example_task_group.py
[2023-10-19T22:41:25.299+0200] {processor.py:839} INFO - DAG(s) dict_keys(['example_task_group']) retrieved from /Users/nick/Desktop/airflow_dic/venv/lib/python3.11/site-packages/airflow/example_dags/example_task_group.py
[2023-10-19T22:41:25.359+0200] {logging_mixin.py:151} INFO - [2023-10-19T22:41:25.358+0200] {dag.py:2915} INFO - Sync 1 DAGs
[2023-10-19T22:41:25.364+0200] {logging_mixin.py:151} INFO - [2023-10-19T22:41:25.364+0200] {dag.py:3696} INFO - Setting next_dagrun for example_task_group to 2023-10-18T20:41:25.364453+00:00, run_after=2023-10-19T20:41:25.364453+00:00
[2023-10-19T22:41:25.371+0200] {processor.py:179} INFO - Processing /Users/nick/Desktop/airflow_dic/venv/lib/python3.11/site-packages/airflow/example_dags/example_task_group.py took 0.084 seconds
[2023-10-19T22:42:36.003+0200] {processor.py:157} INFO - Started process (PID=33611) to work on /Users/nick/Desktop/airflow_dic/venv/lib/python3.11/site-packages/airflow/example_dags/example_task_group.py
[2023-10-19T22:42:36.005+0200] {processor.py:829} INFO - Processing file /Users/nick/Desktop/airflow_dic/venv/lib/python3.11/site-packages/airflow/example_dags/example_task_group.py for tasks to queue
[2023-10-19T22:42:36.005+0200] {logging_mixin.py:151} INFO - [2023-10-19T22:42:36.005+0200] {dagbag.py:539} INFO - Filling up the DagBag from /Users/nick/Desktop/airflow_dic/venv/lib/python3.11/site-packages/airflow/example_dags/example_task_group.py
[2023-10-19T22:42:36.015+0200] {processor.py:839} INFO - DAG(s) dict_keys(['example_task_group']) retrieved from /Users/nick/Desktop/airflow_dic/venv/lib/python3.11/site-packages/airflow/example_dags/example_task_group.py
[2023-10-19T22:42:36.074+0200] {logging_mixin.py:151} INFO - [2023-10-19T22:42:36.074+0200] {dag.py:2915} INFO - Sync 1 DAGs
[2023-10-19T22:42:36.079+0200] {logging_mixin.py:151} INFO - [2023-10-19T22:42:36.079+0200] {dag.py:3696} INFO - Setting next_dagrun for example_task_group to 2023-10-18T20:42:36.079440+00:00, run_after=2023-10-19T20:42:36.079440+00:00
[2023-10-19T22:42:36.085+0200] {processor.py:179} INFO - Processing /Users/nick/Desktop/airflow_dic/venv/lib/python3.11/site-packages/airflow/example_dags/example_task_group.py took 0.082 seconds
[2023-10-19T22:43:44.805+0200] {processor.py:157} INFO - Started process (PID=33738) to work on /Users/nick/Desktop/airflow_dic/venv/lib/python3.11/site-packages/airflow/example_dags/example_task_group.py
[2023-10-19T22:43:44.806+0200] {processor.py:829} INFO - Processing file /Users/nick/Desktop/airflow_dic/venv/lib/python3.11/site-packages/airflow/example_dags/example_task_group.py for tasks to queue
[2023-10-19T22:43:44.806+0200] {logging_mixin.py:151} INFO - [2023-10-19T22:43:44.806+0200] {dagbag.py:539} INFO - Filling up the DagBag from /Users/nick/Desktop/airflow_dic/venv/lib/python3.11/site-packages/airflow/example_dags/example_task_group.py
[2023-10-19T22:43:44.817+0200] {processor.py:839} INFO - DAG(s) dict_keys(['example_task_group']) retrieved from /Users/nick/Desktop/airflow_dic/venv/lib/python3.11/site-packages/airflow/example_dags/example_task_group.py
[2023-10-19T22:43:44.877+0200] {logging_mixin.py:151} INFO - [2023-10-19T22:43:44.877+0200] {dag.py:2915} INFO - Sync 1 DAGs
[2023-10-19T22:43:44.883+0200] {logging_mixin.py:151} INFO - [2023-10-19T22:43:44.882+0200] {dag.py:3696} INFO - Setting next_dagrun for example_task_group to 2023-10-18T20:43:44.882895+00:00, run_after=2023-10-19T20:43:44.882895+00:00
[2023-10-19T22:43:44.889+0200] {processor.py:179} INFO - Processing /Users/nick/Desktop/airflow_dic/venv/lib/python3.11/site-packages/airflow/example_dags/example_task_group.py took 0.085 seconds
[2023-10-19T22:44:55.565+0200] {processor.py:157} INFO - Started process (PID=33875) to work on /Users/nick/Desktop/airflow_dic/venv/lib/python3.11/site-packages/airflow/example_dags/example_task_group.py
[2023-10-19T22:44:55.567+0200] {processor.py:829} INFO - Processing file /Users/nick/Desktop/airflow_dic/venv/lib/python3.11/site-packages/airflow/example_dags/example_task_group.py for tasks to queue
[2023-10-19T22:44:55.567+0200] {logging_mixin.py:151} INFO - [2023-10-19T22:44:55.567+0200] {dagbag.py:539} INFO - Filling up the DagBag from /Users/nick/Desktop/airflow_dic/venv/lib/python3.11/site-packages/airflow/example_dags/example_task_group.py
[2023-10-19T22:44:55.577+0200] {processor.py:839} INFO - DAG(s) dict_keys(['example_task_group']) retrieved from /Users/nick/Desktop/airflow_dic/venv/lib/python3.11/site-packages/airflow/example_dags/example_task_group.py
[2023-10-19T22:44:55.633+0200] {logging_mixin.py:151} INFO - [2023-10-19T22:44:55.633+0200] {dag.py:2915} INFO - Sync 1 DAGs
[2023-10-19T22:44:55.638+0200] {logging_mixin.py:151} INFO - [2023-10-19T22:44:55.638+0200] {dag.py:3696} INFO - Setting next_dagrun for example_task_group to 2023-10-18T20:44:55.638625+00:00, run_after=2023-10-19T20:44:55.638625+00:00
[2023-10-19T22:44:55.644+0200] {processor.py:179} INFO - Processing /Users/nick/Desktop/airflow_dic/venv/lib/python3.11/site-packages/airflow/example_dags/example_task_group.py took 0.080 seconds
[2023-10-19T22:45:37.626+0200] {processor.py:157} INFO - Started process (PID=33972) to work on /Users/nick/Desktop/airflow_dic/venv/lib/python3.11/site-packages/airflow/example_dags/example_task_group.py
[2023-10-19T22:45:37.628+0200] {processor.py:829} INFO - Processing file /Users/nick/Desktop/airflow_dic/venv/lib/python3.11/site-packages/airflow/example_dags/example_task_group.py for tasks to queue
[2023-10-19T22:45:37.628+0200] {logging_mixin.py:151} INFO - [2023-10-19T22:45:37.628+0200] {dagbag.py:539} INFO - Filling up the DagBag from /Users/nick/Desktop/airflow_dic/venv/lib/python3.11/site-packages/airflow/example_dags/example_task_group.py
[2023-10-19T22:45:37.639+0200] {processor.py:839} INFO - DAG(s) dict_keys(['example_task_group']) retrieved from /Users/nick/Desktop/airflow_dic/venv/lib/python3.11/site-packages/airflow/example_dags/example_task_group.py
[2023-10-19T22:45:37.699+0200] {logging_mixin.py:151} INFO - [2023-10-19T22:45:37.699+0200] {dag.py:2915} INFO - Sync 1 DAGs
[2023-10-19T22:45:37.705+0200] {logging_mixin.py:151} INFO - [2023-10-19T22:45:37.704+0200] {dag.py:3696} INFO - Setting next_dagrun for example_task_group to 2023-10-18T20:45:37.704887+00:00, run_after=2023-10-19T20:45:37.704887+00:00
[2023-10-19T22:45:37.711+0200] {processor.py:179} INFO - Processing /Users/nick/Desktop/airflow_dic/venv/lib/python3.11/site-packages/airflow/example_dags/example_task_group.py took 0.085 seconds
[2023-10-19T22:46:43.432+0200] {processor.py:157} INFO - Started process (PID=34097) to work on /Users/nick/Desktop/airflow_dic/venv/lib/python3.11/site-packages/airflow/example_dags/example_task_group.py
[2023-10-19T22:46:43.434+0200] {processor.py:829} INFO - Processing file /Users/nick/Desktop/airflow_dic/venv/lib/python3.11/site-packages/airflow/example_dags/example_task_group.py for tasks to queue
[2023-10-19T22:46:43.434+0200] {logging_mixin.py:151} INFO - [2023-10-19T22:46:43.434+0200] {dagbag.py:539} INFO - Filling up the DagBag from /Users/nick/Desktop/airflow_dic/venv/lib/python3.11/site-packages/airflow/example_dags/example_task_group.py
[2023-10-19T22:46:43.445+0200] {processor.py:839} INFO - DAG(s) dict_keys(['example_task_group']) retrieved from /Users/nick/Desktop/airflow_dic/venv/lib/python3.11/site-packages/airflow/example_dags/example_task_group.py
[2023-10-19T22:46:43.502+0200] {logging_mixin.py:151} INFO - [2023-10-19T22:46:43.502+0200] {dag.py:2915} INFO - Sync 1 DAGs
[2023-10-19T22:46:43.507+0200] {logging_mixin.py:151} INFO - [2023-10-19T22:46:43.507+0200] {dag.py:3696} INFO - Setting next_dagrun for example_task_group to 2023-10-18T20:46:43.507563+00:00, run_after=2023-10-19T20:46:43.507563+00:00
[2023-10-19T22:46:43.513+0200] {processor.py:179} INFO - Processing /Users/nick/Desktop/airflow_dic/venv/lib/python3.11/site-packages/airflow/example_dags/example_task_group.py took 0.081 seconds
[2023-10-19T22:47:50.576+0200] {processor.py:157} INFO - Started process (PID=34221) to work on /Users/nick/Desktop/airflow_dic/venv/lib/python3.11/site-packages/airflow/example_dags/example_task_group.py
[2023-10-19T22:47:50.577+0200] {processor.py:829} INFO - Processing file /Users/nick/Desktop/airflow_dic/venv/lib/python3.11/site-packages/airflow/example_dags/example_task_group.py for tasks to queue
[2023-10-19T22:47:50.577+0200] {logging_mixin.py:151} INFO - [2023-10-19T22:47:50.577+0200] {dagbag.py:539} INFO - Filling up the DagBag from /Users/nick/Desktop/airflow_dic/venv/lib/python3.11/site-packages/airflow/example_dags/example_task_group.py
[2023-10-19T22:47:50.587+0200] {processor.py:839} INFO - DAG(s) dict_keys(['example_task_group']) retrieved from /Users/nick/Desktop/airflow_dic/venv/lib/python3.11/site-packages/airflow/example_dags/example_task_group.py
[2023-10-19T22:47:50.643+0200] {logging_mixin.py:151} INFO - [2023-10-19T22:47:50.643+0200] {dag.py:2915} INFO - Sync 1 DAGs
[2023-10-19T22:47:50.648+0200] {logging_mixin.py:151} INFO - [2023-10-19T22:47:50.648+0200] {dag.py:3696} INFO - Setting next_dagrun for example_task_group to 2023-10-18T20:47:50.648410+00:00, run_after=2023-10-19T20:47:50.648410+00:00
[2023-10-19T22:47:50.654+0200] {processor.py:179} INFO - Processing /Users/nick/Desktop/airflow_dic/venv/lib/python3.11/site-packages/airflow/example_dags/example_task_group.py took 0.078 seconds
[2023-10-19T22:48:59.886+0200] {processor.py:157} INFO - Started process (PID=34357) to work on /Users/nick/Desktop/airflow_dic/venv/lib/python3.11/site-packages/airflow/example_dags/example_task_group.py
[2023-10-19T22:48:59.888+0200] {processor.py:829} INFO - Processing file /Users/nick/Desktop/airflow_dic/venv/lib/python3.11/site-packages/airflow/example_dags/example_task_group.py for tasks to queue
[2023-10-19T22:48:59.888+0200] {logging_mixin.py:151} INFO - [2023-10-19T22:48:59.888+0200] {dagbag.py:539} INFO - Filling up the DagBag from /Users/nick/Desktop/airflow_dic/venv/lib/python3.11/site-packages/airflow/example_dags/example_task_group.py
[2023-10-19T22:48:59.898+0200] {processor.py:839} INFO - DAG(s) dict_keys(['example_task_group']) retrieved from /Users/nick/Desktop/airflow_dic/venv/lib/python3.11/site-packages/airflow/example_dags/example_task_group.py
[2023-10-19T22:48:59.960+0200] {logging_mixin.py:151} INFO - [2023-10-19T22:48:59.960+0200] {dag.py:2915} INFO - Sync 1 DAGs
[2023-10-19T22:48:59.966+0200] {logging_mixin.py:151} INFO - [2023-10-19T22:48:59.965+0200] {dag.py:3696} INFO - Setting next_dagrun for example_task_group to 2023-10-18T20:48:59.965852+00:00, run_after=2023-10-19T20:48:59.965852+00:00
[2023-10-19T22:48:59.973+0200] {processor.py:179} INFO - Processing /Users/nick/Desktop/airflow_dic/venv/lib/python3.11/site-packages/airflow/example_dags/example_task_group.py took 0.087 seconds
[2023-10-19T22:50:08.915+0200] {processor.py:157} INFO - Started process (PID=34493) to work on /Users/nick/Desktop/airflow_dic/venv/lib/python3.11/site-packages/airflow/example_dags/example_task_group.py
[2023-10-19T22:50:08.916+0200] {processor.py:829} INFO - Processing file /Users/nick/Desktop/airflow_dic/venv/lib/python3.11/site-packages/airflow/example_dags/example_task_group.py for tasks to queue
[2023-10-19T22:50:08.916+0200] {logging_mixin.py:151} INFO - [2023-10-19T22:50:08.916+0200] {dagbag.py:539} INFO - Filling up the DagBag from /Users/nick/Desktop/airflow_dic/venv/lib/python3.11/site-packages/airflow/example_dags/example_task_group.py
[2023-10-19T22:50:08.927+0200] {processor.py:839} INFO - DAG(s) dict_keys(['example_task_group']) retrieved from /Users/nick/Desktop/airflow_dic/venv/lib/python3.11/site-packages/airflow/example_dags/example_task_group.py
[2023-10-19T22:50:08.986+0200] {logging_mixin.py:151} INFO - [2023-10-19T22:50:08.986+0200] {dag.py:2915} INFO - Sync 1 DAGs
[2023-10-19T22:50:08.991+0200] {logging_mixin.py:151} INFO - [2023-10-19T22:50:08.991+0200] {dag.py:3696} INFO - Setting next_dagrun for example_task_group to 2023-10-18T20:50:08.991344+00:00, run_after=2023-10-19T20:50:08.991344+00:00
[2023-10-19T22:50:08.998+0200] {processor.py:179} INFO - Processing /Users/nick/Desktop/airflow_dic/venv/lib/python3.11/site-packages/airflow/example_dags/example_task_group.py took 0.083 seconds
[2023-10-19T22:53:36.112+0200] {processor.py:157} INFO - Started process (PID=34807) to work on /Users/nick/Desktop/airflow_dic/venv/lib/python3.11/site-packages/airflow/example_dags/example_task_group.py
[2023-10-19T22:53:36.114+0200] {processor.py:829} INFO - Processing file /Users/nick/Desktop/airflow_dic/venv/lib/python3.11/site-packages/airflow/example_dags/example_task_group.py for tasks to queue
[2023-10-19T22:53:36.114+0200] {logging_mixin.py:151} INFO - [2023-10-19T22:53:36.114+0200] {dagbag.py:539} INFO - Filling up the DagBag from /Users/nick/Desktop/airflow_dic/venv/lib/python3.11/site-packages/airflow/example_dags/example_task_group.py
[2023-10-19T22:53:36.126+0200] {processor.py:839} INFO - DAG(s) dict_keys(['example_task_group']) retrieved from /Users/nick/Desktop/airflow_dic/venv/lib/python3.11/site-packages/airflow/example_dags/example_task_group.py
[2023-10-19T22:53:36.187+0200] {logging_mixin.py:151} INFO - [2023-10-19T22:53:36.187+0200] {dag.py:2915} INFO - Sync 1 DAGs
[2023-10-19T22:53:36.192+0200] {logging_mixin.py:151} INFO - [2023-10-19T22:53:36.192+0200] {dag.py:3696} INFO - Setting next_dagrun for example_task_group to 2023-10-18T20:53:36.192788+00:00, run_after=2023-10-19T20:53:36.192788+00:00
[2023-10-19T22:53:36.199+0200] {processor.py:179} INFO - Processing /Users/nick/Desktop/airflow_dic/venv/lib/python3.11/site-packages/airflow/example_dags/example_task_group.py took 0.086 seconds
[2023-10-19T22:54:38.981+0200] {processor.py:157} INFO - Started process (PID=34936) to work on /Users/nick/Desktop/airflow_dic/venv/lib/python3.11/site-packages/airflow/example_dags/example_task_group.py
[2023-10-19T22:54:38.984+0200] {processor.py:829} INFO - Processing file /Users/nick/Desktop/airflow_dic/venv/lib/python3.11/site-packages/airflow/example_dags/example_task_group.py for tasks to queue
[2023-10-19T22:54:38.984+0200] {logging_mixin.py:151} INFO - [2023-10-19T22:54:38.984+0200] {dagbag.py:539} INFO - Filling up the DagBag from /Users/nick/Desktop/airflow_dic/venv/lib/python3.11/site-packages/airflow/example_dags/example_task_group.py
[2023-10-19T22:54:38.994+0200] {processor.py:839} INFO - DAG(s) dict_keys(['example_task_group']) retrieved from /Users/nick/Desktop/airflow_dic/venv/lib/python3.11/site-packages/airflow/example_dags/example_task_group.py
[2023-10-19T22:54:39.053+0200] {logging_mixin.py:151} INFO - [2023-10-19T22:54:39.052+0200] {dag.py:2915} INFO - Sync 1 DAGs
[2023-10-19T22:54:39.058+0200] {logging_mixin.py:151} INFO - [2023-10-19T22:54:39.058+0200] {dag.py:3696} INFO - Setting next_dagrun for example_task_group to 2023-10-18T20:54:39.058374+00:00, run_after=2023-10-19T20:54:39.058374+00:00
[2023-10-19T22:54:39.065+0200] {processor.py:179} INFO - Processing /Users/nick/Desktop/airflow_dic/venv/lib/python3.11/site-packages/airflow/example_dags/example_task_group.py took 0.084 seconds
[2023-10-19T22:55:46.855+0200] {processor.py:157} INFO - Started process (PID=35076) to work on /Users/nick/Desktop/airflow_dic/venv/lib/python3.11/site-packages/airflow/example_dags/example_task_group.py
[2023-10-19T22:55:46.856+0200] {processor.py:829} INFO - Processing file /Users/nick/Desktop/airflow_dic/venv/lib/python3.11/site-packages/airflow/example_dags/example_task_group.py for tasks to queue
[2023-10-19T22:55:46.856+0200] {logging_mixin.py:151} INFO - [2023-10-19T22:55:46.856+0200] {dagbag.py:539} INFO - Filling up the DagBag from /Users/nick/Desktop/airflow_dic/venv/lib/python3.11/site-packages/airflow/example_dags/example_task_group.py
[2023-10-19T22:55:46.867+0200] {processor.py:839} INFO - DAG(s) dict_keys(['example_task_group']) retrieved from /Users/nick/Desktop/airflow_dic/venv/lib/python3.11/site-packages/airflow/example_dags/example_task_group.py
[2023-10-19T22:55:46.923+0200] {logging_mixin.py:151} INFO - [2023-10-19T22:55:46.923+0200] {dag.py:2915} INFO - Sync 1 DAGs
[2023-10-19T22:55:46.929+0200] {logging_mixin.py:151} INFO - [2023-10-19T22:55:46.929+0200] {dag.py:3696} INFO - Setting next_dagrun for example_task_group to 2023-10-18T20:55:46.928977+00:00, run_after=2023-10-19T20:55:46.928977+00:00
[2023-10-19T22:55:46.935+0200] {processor.py:179} INFO - Processing /Users/nick/Desktop/airflow_dic/venv/lib/python3.11/site-packages/airflow/example_dags/example_task_group.py took 0.080 seconds
[2023-10-19T22:56:57.462+0200] {processor.py:157} INFO - Started process (PID=35216) to work on /Users/nick/Desktop/airflow_dic/venv/lib/python3.11/site-packages/airflow/example_dags/example_task_group.py
[2023-10-19T22:56:57.463+0200] {processor.py:829} INFO - Processing file /Users/nick/Desktop/airflow_dic/venv/lib/python3.11/site-packages/airflow/example_dags/example_task_group.py for tasks to queue
[2023-10-19T22:56:57.463+0200] {logging_mixin.py:151} INFO - [2023-10-19T22:56:57.463+0200] {dagbag.py:539} INFO - Filling up the DagBag from /Users/nick/Desktop/airflow_dic/venv/lib/python3.11/site-packages/airflow/example_dags/example_task_group.py
[2023-10-19T22:56:57.473+0200] {processor.py:839} INFO - DAG(s) dict_keys(['example_task_group']) retrieved from /Users/nick/Desktop/airflow_dic/venv/lib/python3.11/site-packages/airflow/example_dags/example_task_group.py
[2023-10-19T22:56:57.528+0200] {logging_mixin.py:151} INFO - [2023-10-19T22:56:57.528+0200] {dag.py:2915} INFO - Sync 1 DAGs
[2023-10-19T22:56:57.534+0200] {logging_mixin.py:151} INFO - [2023-10-19T22:56:57.533+0200] {dag.py:3696} INFO - Setting next_dagrun for example_task_group to 2023-10-18T20:56:57.533898+00:00, run_after=2023-10-19T20:56:57.533898+00:00
[2023-10-19T22:56:57.540+0200] {processor.py:179} INFO - Processing /Users/nick/Desktop/airflow_dic/venv/lib/python3.11/site-packages/airflow/example_dags/example_task_group.py took 0.079 seconds
[2023-10-19T22:58:03.889+0200] {processor.py:157} INFO - Started process (PID=35348) to work on /Users/nick/Desktop/airflow_dic/venv/lib/python3.11/site-packages/airflow/example_dags/example_task_group.py
[2023-10-19T22:58:03.890+0200] {processor.py:829} INFO - Processing file /Users/nick/Desktop/airflow_dic/venv/lib/python3.11/site-packages/airflow/example_dags/example_task_group.py for tasks to queue
[2023-10-19T22:58:03.890+0200] {logging_mixin.py:151} INFO - [2023-10-19T22:58:03.890+0200] {dagbag.py:539} INFO - Filling up the DagBag from /Users/nick/Desktop/airflow_dic/venv/lib/python3.11/site-packages/airflow/example_dags/example_task_group.py
[2023-10-19T22:58:03.900+0200] {processor.py:839} INFO - DAG(s) dict_keys(['example_task_group']) retrieved from /Users/nick/Desktop/airflow_dic/venv/lib/python3.11/site-packages/airflow/example_dags/example_task_group.py
[2023-10-19T22:58:03.956+0200] {logging_mixin.py:151} INFO - [2023-10-19T22:58:03.956+0200] {dag.py:2915} INFO - Sync 1 DAGs
[2023-10-19T22:58:03.961+0200] {logging_mixin.py:151} INFO - [2023-10-19T22:58:03.961+0200] {dag.py:3696} INFO - Setting next_dagrun for example_task_group to 2023-10-18T20:58:03.961429+00:00, run_after=2023-10-19T20:58:03.961429+00:00
[2023-10-19T22:58:03.967+0200] {processor.py:179} INFO - Processing /Users/nick/Desktop/airflow_dic/venv/lib/python3.11/site-packages/airflow/example_dags/example_task_group.py took 0.079 seconds
[2023-10-19T22:59:09.909+0200] {processor.py:157} INFO - Started process (PID=35482) to work on /Users/nick/Desktop/airflow_dic/venv/lib/python3.11/site-packages/airflow/example_dags/example_task_group.py
[2023-10-19T22:59:09.910+0200] {processor.py:829} INFO - Processing file /Users/nick/Desktop/airflow_dic/venv/lib/python3.11/site-packages/airflow/example_dags/example_task_group.py for tasks to queue
[2023-10-19T22:59:09.910+0200] {logging_mixin.py:151} INFO - [2023-10-19T22:59:09.910+0200] {dagbag.py:539} INFO - Filling up the DagBag from /Users/nick/Desktop/airflow_dic/venv/lib/python3.11/site-packages/airflow/example_dags/example_task_group.py
[2023-10-19T22:59:09.920+0200] {processor.py:839} INFO - DAG(s) dict_keys(['example_task_group']) retrieved from /Users/nick/Desktop/airflow_dic/venv/lib/python3.11/site-packages/airflow/example_dags/example_task_group.py
[2023-10-19T22:59:09.979+0200] {logging_mixin.py:151} INFO - [2023-10-19T22:59:09.979+0200] {dag.py:2915} INFO - Sync 1 DAGs
[2023-10-19T22:59:09.984+0200] {logging_mixin.py:151} INFO - [2023-10-19T22:59:09.984+0200] {dag.py:3696} INFO - Setting next_dagrun for example_task_group to 2023-10-18T20:59:09.984386+00:00, run_after=2023-10-19T20:59:09.984386+00:00
[2023-10-19T22:59:09.990+0200] {processor.py:179} INFO - Processing /Users/nick/Desktop/airflow_dic/venv/lib/python3.11/site-packages/airflow/example_dags/example_task_group.py took 0.082 seconds
