[2023-10-19T22:18:44.164+0200] {processor.py:157} INFO - Started process (PID=28921) to work on /Users/nick/Desktop/airflow_dic/venv/lib/python3.11/site-packages/airflow/example_dags/example_latest_only_with_trigger.py
[2023-10-19T22:18:44.166+0200] {processor.py:829} INFO - Processing file /Users/nick/Desktop/airflow_dic/venv/lib/python3.11/site-packages/airflow/example_dags/example_latest_only_with_trigger.py for tasks to queue
[2023-10-19T22:18:44.166+0200] {logging_mixin.py:151} INFO - [2023-10-19T22:18:44.166+0200] {dagbag.py:539} INFO - Filling up the DagBag from /Users/nick/Desktop/airflow_dic/venv/lib/python3.11/site-packages/airflow/example_dags/example_latest_only_with_trigger.py
[2023-10-19T22:18:44.175+0200] {processor.py:839} INFO - DAG(s) dict_keys(['latest_only_with_trigger']) retrieved from /Users/nick/Desktop/airflow_dic/venv/lib/python3.11/site-packages/airflow/example_dags/example_latest_only_with_trigger.py
[2023-10-19T22:18:44.442+0200] {logging_mixin.py:151} INFO - [2023-10-19T22:18:44.442+0200] {manager.py:499} INFO - Created Permission View: %s
[2023-10-19T22:18:44.445+0200] {logging_mixin.py:151} INFO - [2023-10-19T22:18:44.445+0200] {manager.py:499} INFO - Created Permission View: %s
[2023-10-19T22:18:44.447+0200] {logging_mixin.py:151} INFO - [2023-10-19T22:18:44.447+0200] {manager.py:499} INFO - Created Permission View: %s
[2023-10-19T22:18:44.447+0200] {logging_mixin.py:151} INFO - [2023-10-19T22:18:44.447+0200] {security.py:708} INFO - Not syncing DAG-level permissions for DAG 'DAG:latest_only_with_trigger' as access control is unset.
[2023-10-19T22:18:44.447+0200] {logging_mixin.py:151} INFO - [2023-10-19T22:18:44.447+0200] {dag.py:2915} INFO - Sync 1 DAGs
[2023-10-19T22:18:44.450+0200] {logging_mixin.py:151} INFO - [2023-10-19T22:18:44.450+0200] {dag.py:2937} INFO - Creating ORM DAG for latest_only_with_trigger
[2023-10-19T22:18:44.452+0200] {logging_mixin.py:151} INFO - [2023-10-19T22:18:44.452+0200] {dag.py:3696} INFO - Setting next_dagrun for latest_only_with_trigger to 2023-10-19T16:18:44.452740+00:00, run_after=2023-10-19T20:18:44.452740+00:00
[2023-10-19T22:18:44.458+0200] {processor.py:179} INFO - Processing /Users/nick/Desktop/airflow_dic/venv/lib/python3.11/site-packages/airflow/example_dags/example_latest_only_with_trigger.py took 0.294 seconds
[2023-10-19T22:20:04.992+0200] {processor.py:157} INFO - Started process (PID=29073) to work on /Users/nick/Desktop/airflow_dic/venv/lib/python3.11/site-packages/airflow/example_dags/example_latest_only_with_trigger.py
[2023-10-19T22:20:04.994+0200] {processor.py:829} INFO - Processing file /Users/nick/Desktop/airflow_dic/venv/lib/python3.11/site-packages/airflow/example_dags/example_latest_only_with_trigger.py for tasks to queue
[2023-10-19T22:20:04.994+0200] {logging_mixin.py:151} INFO - [2023-10-19T22:20:04.994+0200] {dagbag.py:539} INFO - Filling up the DagBag from /Users/nick/Desktop/airflow_dic/venv/lib/python3.11/site-packages/airflow/example_dags/example_latest_only_with_trigger.py
[2023-10-19T22:20:05.005+0200] {processor.py:839} INFO - DAG(s) dict_keys(['latest_only_with_trigger']) retrieved from /Users/nick/Desktop/airflow_dic/venv/lib/python3.11/site-packages/airflow/example_dags/example_latest_only_with_trigger.py
[2023-10-19T22:20:05.066+0200] {logging_mixin.py:151} INFO - [2023-10-19T22:20:05.066+0200] {dag.py:2915} INFO - Sync 1 DAGs
[2023-10-19T22:20:05.072+0200] {logging_mixin.py:151} INFO - [2023-10-19T22:20:05.072+0200] {dag.py:3696} INFO - Setting next_dagrun for latest_only_with_trigger to 2023-10-19T16:20:05.072414+00:00, run_after=2023-10-19T20:20:05.072414+00:00
[2023-10-19T22:20:05.079+0200] {processor.py:179} INFO - Processing /Users/nick/Desktop/airflow_dic/venv/lib/python3.11/site-packages/airflow/example_dags/example_latest_only_with_trigger.py took 0.087 seconds
[2023-10-19T22:21:08.981+0200] {processor.py:157} INFO - Started process (PID=29206) to work on /Users/nick/Desktop/airflow_dic/venv/lib/python3.11/site-packages/airflow/example_dags/example_latest_only_with_trigger.py
[2023-10-19T22:21:08.983+0200] {processor.py:829} INFO - Processing file /Users/nick/Desktop/airflow_dic/venv/lib/python3.11/site-packages/airflow/example_dags/example_latest_only_with_trigger.py for tasks to queue
[2023-10-19T22:21:08.983+0200] {logging_mixin.py:151} INFO - [2023-10-19T22:21:08.983+0200] {dagbag.py:539} INFO - Filling up the DagBag from /Users/nick/Desktop/airflow_dic/venv/lib/python3.11/site-packages/airflow/example_dags/example_latest_only_with_trigger.py
[2023-10-19T22:21:08.994+0200] {processor.py:839} INFO - DAG(s) dict_keys(['latest_only_with_trigger']) retrieved from /Users/nick/Desktop/airflow_dic/venv/lib/python3.11/site-packages/airflow/example_dags/example_latest_only_with_trigger.py
[2023-10-19T22:21:09.053+0200] {logging_mixin.py:151} INFO - [2023-10-19T22:21:09.053+0200] {dag.py:2915} INFO - Sync 1 DAGs
[2023-10-19T22:21:09.058+0200] {logging_mixin.py:151} INFO - [2023-10-19T22:21:09.058+0200] {dag.py:3696} INFO - Setting next_dagrun for latest_only_with_trigger to 2023-10-19T16:21:09.058709+00:00, run_after=2023-10-19T20:21:09.058709+00:00
[2023-10-19T22:21:09.065+0200] {processor.py:179} INFO - Processing /Users/nick/Desktop/airflow_dic/venv/lib/python3.11/site-packages/airflow/example_dags/example_latest_only_with_trigger.py took 0.084 seconds
[2023-10-19T22:23:30.868+0200] {processor.py:157} INFO - Started process (PID=29492) to work on /Users/nick/Desktop/airflow_dic/venv/lib/python3.11/site-packages/airflow/example_dags/example_latest_only_with_trigger.py
[2023-10-19T22:23:30.870+0200] {processor.py:829} INFO - Processing file /Users/nick/Desktop/airflow_dic/venv/lib/python3.11/site-packages/airflow/example_dags/example_latest_only_with_trigger.py for tasks to queue
[2023-10-19T22:23:30.870+0200] {logging_mixin.py:151} INFO - [2023-10-19T22:23:30.870+0200] {dagbag.py:539} INFO - Filling up the DagBag from /Users/nick/Desktop/airflow_dic/venv/lib/python3.11/site-packages/airflow/example_dags/example_latest_only_with_trigger.py
[2023-10-19T22:23:30.879+0200] {processor.py:839} INFO - DAG(s) dict_keys(['latest_only_with_trigger']) retrieved from /Users/nick/Desktop/airflow_dic/venv/lib/python3.11/site-packages/airflow/example_dags/example_latest_only_with_trigger.py
[2023-10-19T22:23:30.935+0200] {logging_mixin.py:151} INFO - [2023-10-19T22:23:30.935+0200] {dag.py:2915} INFO - Sync 1 DAGs
[2023-10-19T22:23:30.940+0200] {logging_mixin.py:151} INFO - [2023-10-19T22:23:30.940+0200] {dag.py:3696} INFO - Setting next_dagrun for latest_only_with_trigger to 2023-10-19T16:23:30.940266+00:00, run_after=2023-10-19T20:23:30.940266+00:00
[2023-10-19T22:23:30.946+0200] {processor.py:179} INFO - Processing /Users/nick/Desktop/airflow_dic/venv/lib/python3.11/site-packages/airflow/example_dags/example_latest_only_with_trigger.py took 0.079 seconds
[2023-10-19T22:24:38.455+0200] {processor.py:157} INFO - Started process (PID=29628) to work on /Users/nick/Desktop/airflow_dic/venv/lib/python3.11/site-packages/airflow/example_dags/example_latest_only_with_trigger.py
[2023-10-19T22:24:38.456+0200] {processor.py:829} INFO - Processing file /Users/nick/Desktop/airflow_dic/venv/lib/python3.11/site-packages/airflow/example_dags/example_latest_only_with_trigger.py for tasks to queue
[2023-10-19T22:24:38.456+0200] {logging_mixin.py:151} INFO - [2023-10-19T22:24:38.456+0200] {dagbag.py:539} INFO - Filling up the DagBag from /Users/nick/Desktop/airflow_dic/venv/lib/python3.11/site-packages/airflow/example_dags/example_latest_only_with_trigger.py
[2023-10-19T22:24:38.466+0200] {processor.py:839} INFO - DAG(s) dict_keys(['latest_only_with_trigger']) retrieved from /Users/nick/Desktop/airflow_dic/venv/lib/python3.11/site-packages/airflow/example_dags/example_latest_only_with_trigger.py
[2023-10-19T22:24:38.521+0200] {logging_mixin.py:151} INFO - [2023-10-19T22:24:38.521+0200] {dag.py:2915} INFO - Sync 1 DAGs
[2023-10-19T22:24:38.526+0200] {logging_mixin.py:151} INFO - [2023-10-19T22:24:38.526+0200] {dag.py:3696} INFO - Setting next_dagrun for latest_only_with_trigger to 2023-10-19T16:24:38.526299+00:00, run_after=2023-10-19T20:24:38.526299+00:00
[2023-10-19T22:24:38.532+0200] {processor.py:179} INFO - Processing /Users/nick/Desktop/airflow_dic/venv/lib/python3.11/site-packages/airflow/example_dags/example_latest_only_with_trigger.py took 0.078 seconds
[2023-10-19T22:25:37.545+0200] {processor.py:157} INFO - Started process (PID=31587) to work on /Users/nick/Desktop/airflow_dic/venv/lib/python3.11/site-packages/airflow/example_dags/example_latest_only_with_trigger.py
[2023-10-19T22:25:37.547+0200] {processor.py:829} INFO - Processing file /Users/nick/Desktop/airflow_dic/venv/lib/python3.11/site-packages/airflow/example_dags/example_latest_only_with_trigger.py for tasks to queue
[2023-10-19T22:25:37.547+0200] {logging_mixin.py:151} INFO - [2023-10-19T22:25:37.547+0200] {dagbag.py:539} INFO - Filling up the DagBag from /Users/nick/Desktop/airflow_dic/venv/lib/python3.11/site-packages/airflow/example_dags/example_latest_only_with_trigger.py
[2023-10-19T22:25:37.559+0200] {processor.py:839} INFO - DAG(s) dict_keys(['latest_only_with_trigger']) retrieved from /Users/nick/Desktop/airflow_dic/venv/lib/python3.11/site-packages/airflow/example_dags/example_latest_only_with_trigger.py
[2023-10-19T22:25:37.623+0200] {logging_mixin.py:151} INFO - [2023-10-19T22:25:37.623+0200] {dag.py:2915} INFO - Sync 1 DAGs
[2023-10-19T22:25:37.629+0200] {logging_mixin.py:151} INFO - [2023-10-19T22:25:37.629+0200] {dag.py:3696} INFO - Setting next_dagrun for latest_only_with_trigger to 2023-10-19T16:25:37.629640+00:00, run_after=2023-10-19T20:25:37.629640+00:00
[2023-10-19T22:25:37.636+0200] {processor.py:179} INFO - Processing /Users/nick/Desktop/airflow_dic/venv/lib/python3.11/site-packages/airflow/example_dags/example_latest_only_with_trigger.py took 0.092 seconds
[2023-10-19T22:28:01.000+0200] {processor.py:157} INFO - Started process (PID=31893) to work on /Users/nick/Desktop/airflow_dic/venv/lib/python3.11/site-packages/airflow/example_dags/example_latest_only_with_trigger.py
[2023-10-19T22:28:01.001+0200] {processor.py:829} INFO - Processing file /Users/nick/Desktop/airflow_dic/venv/lib/python3.11/site-packages/airflow/example_dags/example_latest_only_with_trigger.py for tasks to queue
[2023-10-19T22:28:01.002+0200] {logging_mixin.py:151} INFO - [2023-10-19T22:28:01.001+0200] {dagbag.py:539} INFO - Filling up the DagBag from /Users/nick/Desktop/airflow_dic/venv/lib/python3.11/site-packages/airflow/example_dags/example_latest_only_with_trigger.py
[2023-10-19T22:28:01.011+0200] {processor.py:839} INFO - DAG(s) dict_keys(['latest_only_with_trigger']) retrieved from /Users/nick/Desktop/airflow_dic/venv/lib/python3.11/site-packages/airflow/example_dags/example_latest_only_with_trigger.py
[2023-10-19T22:28:01.292+0200] {logging_mixin.py:151} INFO - [2023-10-19T22:28:01.292+0200] {security.py:708} INFO - Not syncing DAG-level permissions for DAG 'DAG:latest_only_with_trigger' as access control is unset.
[2023-10-19T22:28:01.292+0200] {logging_mixin.py:151} INFO - [2023-10-19T22:28:01.292+0200] {dag.py:2915} INFO - Sync 1 DAGs
[2023-10-19T22:28:01.295+0200] {logging_mixin.py:151} INFO - [2023-10-19T22:28:01.295+0200] {dag.py:2937} INFO - Creating ORM DAG for latest_only_with_trigger
[2023-10-19T22:28:01.298+0200] {logging_mixin.py:151} INFO - [2023-10-19T22:28:01.298+0200] {dag.py:3696} INFO - Setting next_dagrun for latest_only_with_trigger to 2023-10-19T16:28:01.298071+00:00, run_after=2023-10-19T20:28:01.298071+00:00
[2023-10-19T22:28:01.304+0200] {processor.py:179} INFO - Processing /Users/nick/Desktop/airflow_dic/venv/lib/python3.11/site-packages/airflow/example_dags/example_latest_only_with_trigger.py took 0.305 seconds
[2023-10-19T22:29:18.980+0200] {processor.py:157} INFO - Started process (PID=32063) to work on /Users/nick/Desktop/airflow_dic/venv/lib/python3.11/site-packages/airflow/example_dags/example_latest_only_with_trigger.py
[2023-10-19T22:29:18.981+0200] {processor.py:829} INFO - Processing file /Users/nick/Desktop/airflow_dic/venv/lib/python3.11/site-packages/airflow/example_dags/example_latest_only_with_trigger.py for tasks to queue
[2023-10-19T22:29:18.981+0200] {logging_mixin.py:151} INFO - [2023-10-19T22:29:18.981+0200] {dagbag.py:539} INFO - Filling up the DagBag from /Users/nick/Desktop/airflow_dic/venv/lib/python3.11/site-packages/airflow/example_dags/example_latest_only_with_trigger.py
[2023-10-19T22:29:18.991+0200] {processor.py:839} INFO - DAG(s) dict_keys(['latest_only_with_trigger']) retrieved from /Users/nick/Desktop/airflow_dic/venv/lib/python3.11/site-packages/airflow/example_dags/example_latest_only_with_trigger.py
[2023-10-19T22:29:19.054+0200] {logging_mixin.py:151} INFO - [2023-10-19T22:29:19.054+0200] {dag.py:2915} INFO - Sync 1 DAGs
[2023-10-19T22:29:19.060+0200] {logging_mixin.py:151} INFO - [2023-10-19T22:29:19.060+0200] {dag.py:3696} INFO - Setting next_dagrun for latest_only_with_trigger to 2023-10-19T16:29:19.060284+00:00, run_after=2023-10-19T20:29:19.060284+00:00
[2023-10-19T22:29:19.068+0200] {processor.py:179} INFO - Processing /Users/nick/Desktop/airflow_dic/venv/lib/python3.11/site-packages/airflow/example_dags/example_latest_only_with_trigger.py took 0.088 seconds
[2023-10-19T22:30:24.008+0200] {processor.py:157} INFO - Started process (PID=32184) to work on /Users/nick/Desktop/airflow_dic/venv/lib/python3.11/site-packages/airflow/example_dags/example_latest_only_with_trigger.py
[2023-10-19T22:30:24.009+0200] {processor.py:829} INFO - Processing file /Users/nick/Desktop/airflow_dic/venv/lib/python3.11/site-packages/airflow/example_dags/example_latest_only_with_trigger.py for tasks to queue
[2023-10-19T22:30:24.009+0200] {logging_mixin.py:151} INFO - [2023-10-19T22:30:24.009+0200] {dagbag.py:539} INFO - Filling up the DagBag from /Users/nick/Desktop/airflow_dic/venv/lib/python3.11/site-packages/airflow/example_dags/example_latest_only_with_trigger.py
[2023-10-19T22:30:24.019+0200] {processor.py:839} INFO - DAG(s) dict_keys(['latest_only_with_trigger']) retrieved from /Users/nick/Desktop/airflow_dic/venv/lib/python3.11/site-packages/airflow/example_dags/example_latest_only_with_trigger.py
[2023-10-19T22:30:24.074+0200] {logging_mixin.py:151} INFO - [2023-10-19T22:30:24.074+0200] {dag.py:2915} INFO - Sync 1 DAGs
[2023-10-19T22:30:24.079+0200] {logging_mixin.py:151} INFO - [2023-10-19T22:30:24.079+0200] {dag.py:3696} INFO - Setting next_dagrun for latest_only_with_trigger to 2023-10-19T16:30:24.079776+00:00, run_after=2023-10-19T20:30:24.079776+00:00
[2023-10-19T22:30:24.086+0200] {processor.py:179} INFO - Processing /Users/nick/Desktop/airflow_dic/venv/lib/python3.11/site-packages/airflow/example_dags/example_latest_only_with_trigger.py took 0.078 seconds
[2023-10-19T22:31:36.102+0200] {processor.py:157} INFO - Started process (PID=32330) to work on /Users/nick/Desktop/airflow_dic/venv/lib/python3.11/site-packages/airflow/example_dags/example_latest_only_with_trigger.py
[2023-10-19T22:31:36.103+0200] {processor.py:829} INFO - Processing file /Users/nick/Desktop/airflow_dic/venv/lib/python3.11/site-packages/airflow/example_dags/example_latest_only_with_trigger.py for tasks to queue
[2023-10-19T22:31:36.104+0200] {logging_mixin.py:151} INFO - [2023-10-19T22:31:36.104+0200] {dagbag.py:539} INFO - Filling up the DagBag from /Users/nick/Desktop/airflow_dic/venv/lib/python3.11/site-packages/airflow/example_dags/example_latest_only_with_trigger.py
[2023-10-19T22:31:36.113+0200] {processor.py:839} INFO - DAG(s) dict_keys(['latest_only_with_trigger']) retrieved from /Users/nick/Desktop/airflow_dic/venv/lib/python3.11/site-packages/airflow/example_dags/example_latest_only_with_trigger.py
[2023-10-19T22:31:36.168+0200] {logging_mixin.py:151} INFO - [2023-10-19T22:31:36.168+0200] {dag.py:2915} INFO - Sync 1 DAGs
[2023-10-19T22:31:36.173+0200] {logging_mixin.py:151} INFO - [2023-10-19T22:31:36.173+0200] {dag.py:3696} INFO - Setting next_dagrun for latest_only_with_trigger to 2023-10-19T16:31:36.173763+00:00, run_after=2023-10-19T20:31:36.173763+00:00
[2023-10-19T22:31:36.180+0200] {processor.py:179} INFO - Processing /Users/nick/Desktop/airflow_dic/venv/lib/python3.11/site-packages/airflow/example_dags/example_latest_only_with_trigger.py took 0.078 seconds
[2023-10-19T22:32:46.653+0200] {processor.py:157} INFO - Started process (PID=32458) to work on /Users/nick/Desktop/airflow_dic/venv/lib/python3.11/site-packages/airflow/example_dags/example_latest_only_with_trigger.py
[2023-10-19T22:32:46.654+0200] {processor.py:829} INFO - Processing file /Users/nick/Desktop/airflow_dic/venv/lib/python3.11/site-packages/airflow/example_dags/example_latest_only_with_trigger.py for tasks to queue
[2023-10-19T22:32:46.654+0200] {logging_mixin.py:151} INFO - [2023-10-19T22:32:46.654+0200] {dagbag.py:539} INFO - Filling up the DagBag from /Users/nick/Desktop/airflow_dic/venv/lib/python3.11/site-packages/airflow/example_dags/example_latest_only_with_trigger.py
[2023-10-19T22:32:46.665+0200] {processor.py:839} INFO - DAG(s) dict_keys(['latest_only_with_trigger']) retrieved from /Users/nick/Desktop/airflow_dic/venv/lib/python3.11/site-packages/airflow/example_dags/example_latest_only_with_trigger.py
[2023-10-19T22:32:46.722+0200] {logging_mixin.py:151} INFO - [2023-10-19T22:32:46.722+0200] {dag.py:2915} INFO - Sync 1 DAGs
[2023-10-19T22:32:46.728+0200] {logging_mixin.py:151} INFO - [2023-10-19T22:32:46.728+0200] {dag.py:3696} INFO - Setting next_dagrun for latest_only_with_trigger to 2023-10-19T16:32:46.727978+00:00, run_after=2023-10-19T20:32:46.727978+00:00
[2023-10-19T22:32:46.734+0200] {processor.py:179} INFO - Processing /Users/nick/Desktop/airflow_dic/venv/lib/python3.11/site-packages/airflow/example_dags/example_latest_only_with_trigger.py took 0.081 seconds
[2023-10-19T22:33:54.234+0200] {processor.py:157} INFO - Started process (PID=32592) to work on /Users/nick/Desktop/airflow_dic/venv/lib/python3.11/site-packages/airflow/example_dags/example_latest_only_with_trigger.py
[2023-10-19T22:33:54.236+0200] {processor.py:829} INFO - Processing file /Users/nick/Desktop/airflow_dic/venv/lib/python3.11/site-packages/airflow/example_dags/example_latest_only_with_trigger.py for tasks to queue
[2023-10-19T22:33:54.236+0200] {logging_mixin.py:151} INFO - [2023-10-19T22:33:54.236+0200] {dagbag.py:539} INFO - Filling up the DagBag from /Users/nick/Desktop/airflow_dic/venv/lib/python3.11/site-packages/airflow/example_dags/example_latest_only_with_trigger.py
[2023-10-19T22:33:54.246+0200] {processor.py:839} INFO - DAG(s) dict_keys(['latest_only_with_trigger']) retrieved from /Users/nick/Desktop/airflow_dic/venv/lib/python3.11/site-packages/airflow/example_dags/example_latest_only_with_trigger.py
[2023-10-19T22:33:54.302+0200] {logging_mixin.py:151} INFO - [2023-10-19T22:33:54.301+0200] {dag.py:2915} INFO - Sync 1 DAGs
[2023-10-19T22:33:54.307+0200] {logging_mixin.py:151} INFO - [2023-10-19T22:33:54.307+0200] {dag.py:3696} INFO - Setting next_dagrun for latest_only_with_trigger to 2023-10-19T16:33:54.307139+00:00, run_after=2023-10-19T20:33:54.307139+00:00
[2023-10-19T22:33:54.313+0200] {processor.py:179} INFO - Processing /Users/nick/Desktop/airflow_dic/venv/lib/python3.11/site-packages/airflow/example_dags/example_latest_only_with_trigger.py took 0.080 seconds
[2023-10-19T22:35:02.699+0200] {processor.py:157} INFO - Started process (PID=32741) to work on /Users/nick/Desktop/airflow_dic/venv/lib/python3.11/site-packages/airflow/example_dags/example_latest_only_with_trigger.py
[2023-10-19T22:35:02.700+0200] {processor.py:829} INFO - Processing file /Users/nick/Desktop/airflow_dic/venv/lib/python3.11/site-packages/airflow/example_dags/example_latest_only_with_trigger.py for tasks to queue
[2023-10-19T22:35:02.701+0200] {logging_mixin.py:151} INFO - [2023-10-19T22:35:02.700+0200] {dagbag.py:539} INFO - Filling up the DagBag from /Users/nick/Desktop/airflow_dic/venv/lib/python3.11/site-packages/airflow/example_dags/example_latest_only_with_trigger.py
[2023-10-19T22:35:02.711+0200] {processor.py:839} INFO - DAG(s) dict_keys(['latest_only_with_trigger']) retrieved from /Users/nick/Desktop/airflow_dic/venv/lib/python3.11/site-packages/airflow/example_dags/example_latest_only_with_trigger.py
[2023-10-19T22:35:02.766+0200] {logging_mixin.py:151} INFO - [2023-10-19T22:35:02.766+0200] {dag.py:2915} INFO - Sync 1 DAGs
[2023-10-19T22:35:02.772+0200] {logging_mixin.py:151} INFO - [2023-10-19T22:35:02.772+0200] {dag.py:3696} INFO - Setting next_dagrun for latest_only_with_trigger to 2023-10-19T16:35:02.772022+00:00, run_after=2023-10-19T20:35:02.772022+00:00
[2023-10-19T22:35:02.778+0200] {processor.py:179} INFO - Processing /Users/nick/Desktop/airflow_dic/venv/lib/python3.11/site-packages/airflow/example_dags/example_latest_only_with_trigger.py took 0.079 seconds
[2023-10-19T22:36:10.776+0200] {processor.py:157} INFO - Started process (PID=32890) to work on /Users/nick/Desktop/airflow_dic/venv/lib/python3.11/site-packages/airflow/example_dags/example_latest_only_with_trigger.py
[2023-10-19T22:36:10.777+0200] {processor.py:829} INFO - Processing file /Users/nick/Desktop/airflow_dic/venv/lib/python3.11/site-packages/airflow/example_dags/example_latest_only_with_trigger.py for tasks to queue
[2023-10-19T22:36:10.777+0200] {logging_mixin.py:151} INFO - [2023-10-19T22:36:10.777+0200] {dagbag.py:539} INFO - Filling up the DagBag from /Users/nick/Desktop/airflow_dic/venv/lib/python3.11/site-packages/airflow/example_dags/example_latest_only_with_trigger.py
[2023-10-19T22:36:10.787+0200] {processor.py:839} INFO - DAG(s) dict_keys(['latest_only_with_trigger']) retrieved from /Users/nick/Desktop/airflow_dic/venv/lib/python3.11/site-packages/airflow/example_dags/example_latest_only_with_trigger.py
[2023-10-19T22:36:10.842+0200] {logging_mixin.py:151} INFO - [2023-10-19T22:36:10.842+0200] {dag.py:2915} INFO - Sync 1 DAGs
[2023-10-19T22:36:10.847+0200] {logging_mixin.py:151} INFO - [2023-10-19T22:36:10.847+0200] {dag.py:3696} INFO - Setting next_dagrun for latest_only_with_trigger to 2023-10-19T16:36:10.847621+00:00, run_after=2023-10-19T20:36:10.847621+00:00
[2023-10-19T22:36:10.854+0200] {processor.py:179} INFO - Processing /Users/nick/Desktop/airflow_dic/venv/lib/python3.11/site-packages/airflow/example_dags/example_latest_only_with_trigger.py took 0.078 seconds
[2023-10-19T22:37:18.781+0200] {processor.py:157} INFO - Started process (PID=33021) to work on /Users/nick/Desktop/airflow_dic/venv/lib/python3.11/site-packages/airflow/example_dags/example_latest_only_with_trigger.py
[2023-10-19T22:37:18.783+0200] {processor.py:829} INFO - Processing file /Users/nick/Desktop/airflow_dic/venv/lib/python3.11/site-packages/airflow/example_dags/example_latest_only_with_trigger.py for tasks to queue
[2023-10-19T22:37:18.783+0200] {logging_mixin.py:151} INFO - [2023-10-19T22:37:18.783+0200] {dagbag.py:539} INFO - Filling up the DagBag from /Users/nick/Desktop/airflow_dic/venv/lib/python3.11/site-packages/airflow/example_dags/example_latest_only_with_trigger.py
[2023-10-19T22:37:18.792+0200] {processor.py:839} INFO - DAG(s) dict_keys(['latest_only_with_trigger']) retrieved from /Users/nick/Desktop/airflow_dic/venv/lib/python3.11/site-packages/airflow/example_dags/example_latest_only_with_trigger.py
[2023-10-19T22:37:18.848+0200] {logging_mixin.py:151} INFO - [2023-10-19T22:37:18.848+0200] {dag.py:2915} INFO - Sync 1 DAGs
[2023-10-19T22:37:18.853+0200] {logging_mixin.py:151} INFO - [2023-10-19T22:37:18.853+0200] {dag.py:3696} INFO - Setting next_dagrun for latest_only_with_trigger to 2023-10-19T16:37:18.853421+00:00, run_after=2023-10-19T20:37:18.853421+00:00
[2023-10-19T22:37:18.859+0200] {processor.py:179} INFO - Processing /Users/nick/Desktop/airflow_dic/venv/lib/python3.11/site-packages/airflow/example_dags/example_latest_only_with_trigger.py took 0.078 seconds
[2023-10-19T22:38:27.497+0200] {processor.py:157} INFO - Started process (PID=33146) to work on /Users/nick/Desktop/airflow_dic/venv/lib/python3.11/site-packages/airflow/example_dags/example_latest_only_with_trigger.py
[2023-10-19T22:38:27.499+0200] {processor.py:829} INFO - Processing file /Users/nick/Desktop/airflow_dic/venv/lib/python3.11/site-packages/airflow/example_dags/example_latest_only_with_trigger.py for tasks to queue
[2023-10-19T22:38:27.499+0200] {logging_mixin.py:151} INFO - [2023-10-19T22:38:27.499+0200] {dagbag.py:539} INFO - Filling up the DagBag from /Users/nick/Desktop/airflow_dic/venv/lib/python3.11/site-packages/airflow/example_dags/example_latest_only_with_trigger.py
[2023-10-19T22:38:27.508+0200] {processor.py:839} INFO - DAG(s) dict_keys(['latest_only_with_trigger']) retrieved from /Users/nick/Desktop/airflow_dic/venv/lib/python3.11/site-packages/airflow/example_dags/example_latest_only_with_trigger.py
[2023-10-19T22:38:27.563+0200] {logging_mixin.py:151} INFO - [2023-10-19T22:38:27.563+0200] {dag.py:2915} INFO - Sync 1 DAGs
[2023-10-19T22:38:27.568+0200] {logging_mixin.py:151} INFO - [2023-10-19T22:38:27.568+0200] {dag.py:3696} INFO - Setting next_dagrun for latest_only_with_trigger to 2023-10-19T16:38:27.568693+00:00, run_after=2023-10-19T20:38:27.568693+00:00
[2023-10-19T22:38:27.575+0200] {processor.py:179} INFO - Processing /Users/nick/Desktop/airflow_dic/venv/lib/python3.11/site-packages/airflow/example_dags/example_latest_only_with_trigger.py took 0.077 seconds
[2023-10-19T22:39:34.725+0200] {processor.py:157} INFO - Started process (PID=33277) to work on /Users/nick/Desktop/airflow_dic/venv/lib/python3.11/site-packages/airflow/example_dags/example_latest_only_with_trigger.py
[2023-10-19T22:39:34.726+0200] {processor.py:829} INFO - Processing file /Users/nick/Desktop/airflow_dic/venv/lib/python3.11/site-packages/airflow/example_dags/example_latest_only_with_trigger.py for tasks to queue
[2023-10-19T22:39:34.726+0200] {logging_mixin.py:151} INFO - [2023-10-19T22:39:34.726+0200] {dagbag.py:539} INFO - Filling up the DagBag from /Users/nick/Desktop/airflow_dic/venv/lib/python3.11/site-packages/airflow/example_dags/example_latest_only_with_trigger.py
[2023-10-19T22:39:34.736+0200] {processor.py:839} INFO - DAG(s) dict_keys(['latest_only_with_trigger']) retrieved from /Users/nick/Desktop/airflow_dic/venv/lib/python3.11/site-packages/airflow/example_dags/example_latest_only_with_trigger.py
[2023-10-19T22:39:34.791+0200] {logging_mixin.py:151} INFO - [2023-10-19T22:39:34.791+0200] {dag.py:2915} INFO - Sync 1 DAGs
[2023-10-19T22:39:34.796+0200] {logging_mixin.py:151} INFO - [2023-10-19T22:39:34.796+0200] {dag.py:3696} INFO - Setting next_dagrun for latest_only_with_trigger to 2023-10-19T16:39:34.796144+00:00, run_after=2023-10-19T20:39:34.796144+00:00
[2023-10-19T22:39:34.802+0200] {processor.py:179} INFO - Processing /Users/nick/Desktop/airflow_dic/venv/lib/python3.11/site-packages/airflow/example_dags/example_latest_only_with_trigger.py took 0.078 seconds
[2023-10-19T22:40:42.930+0200] {processor.py:157} INFO - Started process (PID=33404) to work on /Users/nick/Desktop/airflow_dic/venv/lib/python3.11/site-packages/airflow/example_dags/example_latest_only_with_trigger.py
[2023-10-19T22:40:42.932+0200] {processor.py:829} INFO - Processing file /Users/nick/Desktop/airflow_dic/venv/lib/python3.11/site-packages/airflow/example_dags/example_latest_only_with_trigger.py for tasks to queue
[2023-10-19T22:40:42.932+0200] {logging_mixin.py:151} INFO - [2023-10-19T22:40:42.932+0200] {dagbag.py:539} INFO - Filling up the DagBag from /Users/nick/Desktop/airflow_dic/venv/lib/python3.11/site-packages/airflow/example_dags/example_latest_only_with_trigger.py
[2023-10-19T22:40:42.941+0200] {processor.py:839} INFO - DAG(s) dict_keys(['latest_only_with_trigger']) retrieved from /Users/nick/Desktop/airflow_dic/venv/lib/python3.11/site-packages/airflow/example_dags/example_latest_only_with_trigger.py
[2023-10-19T22:40:42.997+0200] {logging_mixin.py:151} INFO - [2023-10-19T22:40:42.997+0200] {dag.py:2915} INFO - Sync 1 DAGs
[2023-10-19T22:40:43.003+0200] {logging_mixin.py:151} INFO - [2023-10-19T22:40:43.002+0200] {dag.py:3696} INFO - Setting next_dagrun for latest_only_with_trigger to 2023-10-19T16:40:43.002902+00:00, run_after=2023-10-19T20:40:43.002902+00:00
[2023-10-19T22:40:43.009+0200] {processor.py:179} INFO - Processing /Users/nick/Desktop/airflow_dic/venv/lib/python3.11/site-packages/airflow/example_dags/example_latest_only_with_trigger.py took 0.079 seconds
[2023-10-19T22:41:52.690+0200] {processor.py:157} INFO - Started process (PID=33533) to work on /Users/nick/Desktop/airflow_dic/venv/lib/python3.11/site-packages/airflow/example_dags/example_latest_only_with_trigger.py
[2023-10-19T22:41:52.691+0200] {processor.py:829} INFO - Processing file /Users/nick/Desktop/airflow_dic/venv/lib/python3.11/site-packages/airflow/example_dags/example_latest_only_with_trigger.py for tasks to queue
[2023-10-19T22:41:52.692+0200] {logging_mixin.py:151} INFO - [2023-10-19T22:41:52.692+0200] {dagbag.py:539} INFO - Filling up the DagBag from /Users/nick/Desktop/airflow_dic/venv/lib/python3.11/site-packages/airflow/example_dags/example_latest_only_with_trigger.py
[2023-10-19T22:41:52.701+0200] {processor.py:839} INFO - DAG(s) dict_keys(['latest_only_with_trigger']) retrieved from /Users/nick/Desktop/airflow_dic/venv/lib/python3.11/site-packages/airflow/example_dags/example_latest_only_with_trigger.py
[2023-10-19T22:41:52.757+0200] {logging_mixin.py:151} INFO - [2023-10-19T22:41:52.757+0200] {dag.py:2915} INFO - Sync 1 DAGs
[2023-10-19T22:41:52.762+0200] {logging_mixin.py:151} INFO - [2023-10-19T22:41:52.762+0200] {dag.py:3696} INFO - Setting next_dagrun for latest_only_with_trigger to 2023-10-19T16:41:52.762363+00:00, run_after=2023-10-19T20:41:52.762363+00:00
[2023-10-19T22:41:52.768+0200] {processor.py:179} INFO - Processing /Users/nick/Desktop/airflow_dic/venv/lib/python3.11/site-packages/airflow/example_dags/example_latest_only_with_trigger.py took 0.079 seconds
[2023-10-19T22:43:02.340+0200] {processor.py:157} INFO - Started process (PID=33660) to work on /Users/nick/Desktop/airflow_dic/venv/lib/python3.11/site-packages/airflow/example_dags/example_latest_only_with_trigger.py
[2023-10-19T22:43:02.341+0200] {processor.py:829} INFO - Processing file /Users/nick/Desktop/airflow_dic/venv/lib/python3.11/site-packages/airflow/example_dags/example_latest_only_with_trigger.py for tasks to queue
[2023-10-19T22:43:02.341+0200] {logging_mixin.py:151} INFO - [2023-10-19T22:43:02.341+0200] {dagbag.py:539} INFO - Filling up the DagBag from /Users/nick/Desktop/airflow_dic/venv/lib/python3.11/site-packages/airflow/example_dags/example_latest_only_with_trigger.py
[2023-10-19T22:43:02.350+0200] {processor.py:839} INFO - DAG(s) dict_keys(['latest_only_with_trigger']) retrieved from /Users/nick/Desktop/airflow_dic/venv/lib/python3.11/site-packages/airflow/example_dags/example_latest_only_with_trigger.py
[2023-10-19T22:43:02.407+0200] {logging_mixin.py:151} INFO - [2023-10-19T22:43:02.406+0200] {dag.py:2915} INFO - Sync 1 DAGs
[2023-10-19T22:43:02.412+0200] {logging_mixin.py:151} INFO - [2023-10-19T22:43:02.412+0200] {dag.py:3696} INFO - Setting next_dagrun for latest_only_with_trigger to 2023-10-19T16:43:02.412262+00:00, run_after=2023-10-19T20:43:02.412262+00:00
[2023-10-19T22:43:02.418+0200] {processor.py:179} INFO - Processing /Users/nick/Desktop/airflow_dic/venv/lib/python3.11/site-packages/airflow/example_dags/example_latest_only_with_trigger.py took 0.079 seconds
[2023-10-19T22:44:12.826+0200] {processor.py:157} INFO - Started process (PID=33795) to work on /Users/nick/Desktop/airflow_dic/venv/lib/python3.11/site-packages/airflow/example_dags/example_latest_only_with_trigger.py
[2023-10-19T22:44:12.828+0200] {processor.py:829} INFO - Processing file /Users/nick/Desktop/airflow_dic/venv/lib/python3.11/site-packages/airflow/example_dags/example_latest_only_with_trigger.py for tasks to queue
[2023-10-19T22:44:12.828+0200] {logging_mixin.py:151} INFO - [2023-10-19T22:44:12.828+0200] {dagbag.py:539} INFO - Filling up the DagBag from /Users/nick/Desktop/airflow_dic/venv/lib/python3.11/site-packages/airflow/example_dags/example_latest_only_with_trigger.py
[2023-10-19T22:44:12.838+0200] {processor.py:839} INFO - DAG(s) dict_keys(['latest_only_with_trigger']) retrieved from /Users/nick/Desktop/airflow_dic/venv/lib/python3.11/site-packages/airflow/example_dags/example_latest_only_with_trigger.py
[2023-10-19T22:44:12.893+0200] {logging_mixin.py:151} INFO - [2023-10-19T22:44:12.893+0200] {dag.py:2915} INFO - Sync 1 DAGs
[2023-10-19T22:44:12.898+0200] {logging_mixin.py:151} INFO - [2023-10-19T22:44:12.898+0200] {dag.py:3696} INFO - Setting next_dagrun for latest_only_with_trigger to 2023-10-19T16:44:12.898866+00:00, run_after=2023-10-19T20:44:12.898866+00:00
[2023-10-19T22:44:12.905+0200] {processor.py:179} INFO - Processing /Users/nick/Desktop/airflow_dic/venv/lib/python3.11/site-packages/airflow/example_dags/example_latest_only_with_trigger.py took 0.079 seconds
[2023-10-19T22:46:00.024+0200] {processor.py:157} INFO - Started process (PID=34014) to work on /Users/nick/Desktop/airflow_dic/venv/lib/python3.11/site-packages/airflow/example_dags/example_latest_only_with_trigger.py
[2023-10-19T22:46:00.026+0200] {processor.py:829} INFO - Processing file /Users/nick/Desktop/airflow_dic/venv/lib/python3.11/site-packages/airflow/example_dags/example_latest_only_with_trigger.py for tasks to queue
[2023-10-19T22:46:00.026+0200] {logging_mixin.py:151} INFO - [2023-10-19T22:46:00.026+0200] {dagbag.py:539} INFO - Filling up the DagBag from /Users/nick/Desktop/airflow_dic/venv/lib/python3.11/site-packages/airflow/example_dags/example_latest_only_with_trigger.py
[2023-10-19T22:46:00.036+0200] {processor.py:839} INFO - DAG(s) dict_keys(['latest_only_with_trigger']) retrieved from /Users/nick/Desktop/airflow_dic/venv/lib/python3.11/site-packages/airflow/example_dags/example_latest_only_with_trigger.py
[2023-10-19T22:46:00.091+0200] {logging_mixin.py:151} INFO - [2023-10-19T22:46:00.091+0200] {dag.py:2915} INFO - Sync 1 DAGs
[2023-10-19T22:46:00.096+0200] {logging_mixin.py:151} INFO - [2023-10-19T22:46:00.096+0200] {dag.py:3696} INFO - Setting next_dagrun for latest_only_with_trigger to 2023-10-19T16:46:00.096629+00:00, run_after=2023-10-19T20:46:00.096629+00:00
[2023-10-19T22:46:00.103+0200] {processor.py:179} INFO - Processing /Users/nick/Desktop/airflow_dic/venv/lib/python3.11/site-packages/airflow/example_dags/example_latest_only_with_trigger.py took 0.079 seconds
[2023-10-19T22:47:09.748+0200] {processor.py:157} INFO - Started process (PID=34146) to work on /Users/nick/Desktop/airflow_dic/venv/lib/python3.11/site-packages/airflow/example_dags/example_latest_only_with_trigger.py
[2023-10-19T22:47:09.750+0200] {processor.py:829} INFO - Processing file /Users/nick/Desktop/airflow_dic/venv/lib/python3.11/site-packages/airflow/example_dags/example_latest_only_with_trigger.py for tasks to queue
[2023-10-19T22:47:09.750+0200] {logging_mixin.py:151} INFO - [2023-10-19T22:47:09.750+0200] {dagbag.py:539} INFO - Filling up the DagBag from /Users/nick/Desktop/airflow_dic/venv/lib/python3.11/site-packages/airflow/example_dags/example_latest_only_with_trigger.py
[2023-10-19T22:47:09.760+0200] {processor.py:839} INFO - DAG(s) dict_keys(['latest_only_with_trigger']) retrieved from /Users/nick/Desktop/airflow_dic/venv/lib/python3.11/site-packages/airflow/example_dags/example_latest_only_with_trigger.py
[2023-10-19T22:47:09.815+0200] {logging_mixin.py:151} INFO - [2023-10-19T22:47:09.814+0200] {dag.py:2915} INFO - Sync 1 DAGs
[2023-10-19T22:47:09.820+0200] {logging_mixin.py:151} INFO - [2023-10-19T22:47:09.820+0200] {dag.py:3696} INFO - Setting next_dagrun for latest_only_with_trigger to 2023-10-19T16:47:09.820062+00:00, run_after=2023-10-19T20:47:09.820062+00:00
[2023-10-19T22:47:09.826+0200] {processor.py:179} INFO - Processing /Users/nick/Desktop/airflow_dic/venv/lib/python3.11/site-packages/airflow/example_dags/example_latest_only_with_trigger.py took 0.078 seconds
[2023-10-19T22:48:18.370+0200] {processor.py:157} INFO - Started process (PID=34280) to work on /Users/nick/Desktop/airflow_dic/venv/lib/python3.11/site-packages/airflow/example_dags/example_latest_only_with_trigger.py
[2023-10-19T22:48:18.372+0200] {processor.py:829} INFO - Processing file /Users/nick/Desktop/airflow_dic/venv/lib/python3.11/site-packages/airflow/example_dags/example_latest_only_with_trigger.py for tasks to queue
[2023-10-19T22:48:18.372+0200] {logging_mixin.py:151} INFO - [2023-10-19T22:48:18.372+0200] {dagbag.py:539} INFO - Filling up the DagBag from /Users/nick/Desktop/airflow_dic/venv/lib/python3.11/site-packages/airflow/example_dags/example_latest_only_with_trigger.py
[2023-10-19T22:48:18.382+0200] {processor.py:839} INFO - DAG(s) dict_keys(['latest_only_with_trigger']) retrieved from /Users/nick/Desktop/airflow_dic/venv/lib/python3.11/site-packages/airflow/example_dags/example_latest_only_with_trigger.py
[2023-10-19T22:48:18.438+0200] {logging_mixin.py:151} INFO - [2023-10-19T22:48:18.438+0200] {dag.py:2915} INFO - Sync 1 DAGs
[2023-10-19T22:48:18.443+0200] {logging_mixin.py:151} INFO - [2023-10-19T22:48:18.443+0200] {dag.py:3696} INFO - Setting next_dagrun for latest_only_with_trigger to 2023-10-19T16:48:18.443194+00:00, run_after=2023-10-19T20:48:18.443194+00:00
[2023-10-19T22:48:18.449+0200] {processor.py:179} INFO - Processing /Users/nick/Desktop/airflow_dic/venv/lib/python3.11/site-packages/airflow/example_dags/example_latest_only_with_trigger.py took 0.079 seconds
[2023-10-19T22:49:27.789+0200] {processor.py:157} INFO - Started process (PID=34416) to work on /Users/nick/Desktop/airflow_dic/venv/lib/python3.11/site-packages/airflow/example_dags/example_latest_only_with_trigger.py
[2023-10-19T22:49:27.790+0200] {processor.py:829} INFO - Processing file /Users/nick/Desktop/airflow_dic/venv/lib/python3.11/site-packages/airflow/example_dags/example_latest_only_with_trigger.py for tasks to queue
[2023-10-19T22:49:27.790+0200] {logging_mixin.py:151} INFO - [2023-10-19T22:49:27.790+0200] {dagbag.py:539} INFO - Filling up the DagBag from /Users/nick/Desktop/airflow_dic/venv/lib/python3.11/site-packages/airflow/example_dags/example_latest_only_with_trigger.py
[2023-10-19T22:49:27.799+0200] {processor.py:839} INFO - DAG(s) dict_keys(['latest_only_with_trigger']) retrieved from /Users/nick/Desktop/airflow_dic/venv/lib/python3.11/site-packages/airflow/example_dags/example_latest_only_with_trigger.py
[2023-10-19T22:49:27.854+0200] {logging_mixin.py:151} INFO - [2023-10-19T22:49:27.854+0200] {dag.py:2915} INFO - Sync 1 DAGs
[2023-10-19T22:49:27.860+0200] {logging_mixin.py:151} INFO - [2023-10-19T22:49:27.860+0200] {dag.py:3696} INFO - Setting next_dagrun for latest_only_with_trigger to 2023-10-19T16:49:27.860086+00:00, run_after=2023-10-19T20:49:27.860086+00:00
[2023-10-19T22:49:27.866+0200] {processor.py:179} INFO - Processing /Users/nick/Desktop/airflow_dic/venv/lib/python3.11/site-packages/airflow/example_dags/example_latest_only_with_trigger.py took 0.078 seconds
[2023-10-19T22:50:35.540+0200] {processor.py:157} INFO - Started process (PID=34541) to work on /Users/nick/Desktop/airflow_dic/venv/lib/python3.11/site-packages/airflow/example_dags/example_latest_only_with_trigger.py
[2023-10-19T22:50:35.541+0200] {processor.py:829} INFO - Processing file /Users/nick/Desktop/airflow_dic/venv/lib/python3.11/site-packages/airflow/example_dags/example_latest_only_with_trigger.py for tasks to queue
[2023-10-19T22:50:35.541+0200] {logging_mixin.py:151} INFO - [2023-10-19T22:50:35.541+0200] {dagbag.py:539} INFO - Filling up the DagBag from /Users/nick/Desktop/airflow_dic/venv/lib/python3.11/site-packages/airflow/example_dags/example_latest_only_with_trigger.py
[2023-10-19T22:50:35.551+0200] {processor.py:839} INFO - DAG(s) dict_keys(['latest_only_with_trigger']) retrieved from /Users/nick/Desktop/airflow_dic/venv/lib/python3.11/site-packages/airflow/example_dags/example_latest_only_with_trigger.py
[2023-10-19T22:50:35.606+0200] {logging_mixin.py:151} INFO - [2023-10-19T22:50:35.606+0200] {dag.py:2915} INFO - Sync 1 DAGs
[2023-10-19T22:50:35.611+0200] {logging_mixin.py:151} INFO - [2023-10-19T22:50:35.611+0200] {dag.py:3696} INFO - Setting next_dagrun for latest_only_with_trigger to 2023-10-19T16:50:35.611384+00:00, run_after=2023-10-19T20:50:35.611384+00:00
[2023-10-19T22:50:35.617+0200] {processor.py:179} INFO - Processing /Users/nick/Desktop/airflow_dic/venv/lib/python3.11/site-packages/airflow/example_dags/example_latest_only_with_trigger.py took 0.078 seconds
[2023-10-19T22:53:58.538+0200] {processor.py:157} INFO - Started process (PID=34854) to work on /Users/nick/Desktop/airflow_dic/venv/lib/python3.11/site-packages/airflow/example_dags/example_latest_only_with_trigger.py
[2023-10-19T22:53:58.539+0200] {processor.py:829} INFO - Processing file /Users/nick/Desktop/airflow_dic/venv/lib/python3.11/site-packages/airflow/example_dags/example_latest_only_with_trigger.py for tasks to queue
[2023-10-19T22:53:58.539+0200] {logging_mixin.py:151} INFO - [2023-10-19T22:53:58.539+0200] {dagbag.py:539} INFO - Filling up the DagBag from /Users/nick/Desktop/airflow_dic/venv/lib/python3.11/site-packages/airflow/example_dags/example_latest_only_with_trigger.py
[2023-10-19T22:53:58.549+0200] {processor.py:839} INFO - DAG(s) dict_keys(['latest_only_with_trigger']) retrieved from /Users/nick/Desktop/airflow_dic/venv/lib/python3.11/site-packages/airflow/example_dags/example_latest_only_with_trigger.py
[2023-10-19T22:53:58.604+0200] {logging_mixin.py:151} INFO - [2023-10-19T22:53:58.604+0200] {dag.py:2915} INFO - Sync 1 DAGs
[2023-10-19T22:53:58.609+0200] {logging_mixin.py:151} INFO - [2023-10-19T22:53:58.609+0200] {dag.py:3696} INFO - Setting next_dagrun for latest_only_with_trigger to 2023-10-19T16:53:58.609339+00:00, run_after=2023-10-19T20:53:58.609339+00:00
[2023-10-19T22:53:58.615+0200] {processor.py:179} INFO - Processing /Users/nick/Desktop/airflow_dic/venv/lib/python3.11/site-packages/airflow/example_dags/example_latest_only_with_trigger.py took 0.078 seconds
[2023-10-19T22:55:06.045+0200] {processor.py:157} INFO - Started process (PID=34992) to work on /Users/nick/Desktop/airflow_dic/venv/lib/python3.11/site-packages/airflow/example_dags/example_latest_only_with_trigger.py
[2023-10-19T22:55:06.047+0200] {processor.py:829} INFO - Processing file /Users/nick/Desktop/airflow_dic/venv/lib/python3.11/site-packages/airflow/example_dags/example_latest_only_with_trigger.py for tasks to queue
[2023-10-19T22:55:06.047+0200] {logging_mixin.py:151} INFO - [2023-10-19T22:55:06.047+0200] {dagbag.py:539} INFO - Filling up the DagBag from /Users/nick/Desktop/airflow_dic/venv/lib/python3.11/site-packages/airflow/example_dags/example_latest_only_with_trigger.py
[2023-10-19T22:55:06.057+0200] {processor.py:839} INFO - DAG(s) dict_keys(['latest_only_with_trigger']) retrieved from /Users/nick/Desktop/airflow_dic/venv/lib/python3.11/site-packages/airflow/example_dags/example_latest_only_with_trigger.py
[2023-10-19T22:55:06.113+0200] {logging_mixin.py:151} INFO - [2023-10-19T22:55:06.113+0200] {dag.py:2915} INFO - Sync 1 DAGs
[2023-10-19T22:55:06.118+0200] {logging_mixin.py:151} INFO - [2023-10-19T22:55:06.118+0200] {dag.py:3696} INFO - Setting next_dagrun for latest_only_with_trigger to 2023-10-19T16:55:06.118178+00:00, run_after=2023-10-19T20:55:06.118178+00:00
[2023-10-19T22:55:06.124+0200] {processor.py:179} INFO - Processing /Users/nick/Desktop/airflow_dic/venv/lib/python3.11/site-packages/airflow/example_dags/example_latest_only_with_trigger.py took 0.080 seconds
[2023-10-19T22:56:14.716+0200] {processor.py:157} INFO - Started process (PID=35127) to work on /Users/nick/Desktop/airflow_dic/venv/lib/python3.11/site-packages/airflow/example_dags/example_latest_only_with_trigger.py
[2023-10-19T22:56:14.717+0200] {processor.py:829} INFO - Processing file /Users/nick/Desktop/airflow_dic/venv/lib/python3.11/site-packages/airflow/example_dags/example_latest_only_with_trigger.py for tasks to queue
[2023-10-19T22:56:14.717+0200] {logging_mixin.py:151} INFO - [2023-10-19T22:56:14.717+0200] {dagbag.py:539} INFO - Filling up the DagBag from /Users/nick/Desktop/airflow_dic/venv/lib/python3.11/site-packages/airflow/example_dags/example_latest_only_with_trigger.py
[2023-10-19T22:56:14.726+0200] {processor.py:839} INFO - DAG(s) dict_keys(['latest_only_with_trigger']) retrieved from /Users/nick/Desktop/airflow_dic/venv/lib/python3.11/site-packages/airflow/example_dags/example_latest_only_with_trigger.py
[2023-10-19T22:56:14.782+0200] {logging_mixin.py:151} INFO - [2023-10-19T22:56:14.782+0200] {dag.py:2915} INFO - Sync 1 DAGs
[2023-10-19T22:56:14.787+0200] {logging_mixin.py:151} INFO - [2023-10-19T22:56:14.787+0200] {dag.py:3696} INFO - Setting next_dagrun for latest_only_with_trigger to 2023-10-19T16:56:14.787224+00:00, run_after=2023-10-19T20:56:14.787224+00:00
[2023-10-19T22:56:14.793+0200] {processor.py:179} INFO - Processing /Users/nick/Desktop/airflow_dic/venv/lib/python3.11/site-packages/airflow/example_dags/example_latest_only_with_trigger.py took 0.078 seconds
[2023-10-19T22:57:20.578+0200] {processor.py:157} INFO - Started process (PID=35262) to work on /Users/nick/Desktop/airflow_dic/venv/lib/python3.11/site-packages/airflow/example_dags/example_latest_only_with_trigger.py
[2023-10-19T22:57:20.580+0200] {processor.py:829} INFO - Processing file /Users/nick/Desktop/airflow_dic/venv/lib/python3.11/site-packages/airflow/example_dags/example_latest_only_with_trigger.py for tasks to queue
[2023-10-19T22:57:20.580+0200] {logging_mixin.py:151} INFO - [2023-10-19T22:57:20.580+0200] {dagbag.py:539} INFO - Filling up the DagBag from /Users/nick/Desktop/airflow_dic/venv/lib/python3.11/site-packages/airflow/example_dags/example_latest_only_with_trigger.py
[2023-10-19T22:57:20.589+0200] {processor.py:839} INFO - DAG(s) dict_keys(['latest_only_with_trigger']) retrieved from /Users/nick/Desktop/airflow_dic/venv/lib/python3.11/site-packages/airflow/example_dags/example_latest_only_with_trigger.py
[2023-10-19T22:57:20.645+0200] {logging_mixin.py:151} INFO - [2023-10-19T22:57:20.645+0200] {dag.py:2915} INFO - Sync 1 DAGs
[2023-10-19T22:57:20.650+0200] {logging_mixin.py:151} INFO - [2023-10-19T22:57:20.650+0200] {dag.py:3696} INFO - Setting next_dagrun for latest_only_with_trigger to 2023-10-19T16:57:20.650439+00:00, run_after=2023-10-19T20:57:20.650439+00:00
[2023-10-19T22:57:20.656+0200] {processor.py:179} INFO - Processing /Users/nick/Desktop/airflow_dic/venv/lib/python3.11/site-packages/airflow/example_dags/example_latest_only_with_trigger.py took 0.078 seconds
[2023-10-19T22:58:29.802+0200] {processor.py:157} INFO - Started process (PID=35399) to work on /Users/nick/Desktop/airflow_dic/venv/lib/python3.11/site-packages/airflow/example_dags/example_latest_only_with_trigger.py
[2023-10-19T22:58:29.803+0200] {processor.py:829} INFO - Processing file /Users/nick/Desktop/airflow_dic/venv/lib/python3.11/site-packages/airflow/example_dags/example_latest_only_with_trigger.py for tasks to queue
[2023-10-19T22:58:29.803+0200] {logging_mixin.py:151} INFO - [2023-10-19T22:58:29.803+0200] {dagbag.py:539} INFO - Filling up the DagBag from /Users/nick/Desktop/airflow_dic/venv/lib/python3.11/site-packages/airflow/example_dags/example_latest_only_with_trigger.py
[2023-10-19T22:58:29.813+0200] {processor.py:839} INFO - DAG(s) dict_keys(['latest_only_with_trigger']) retrieved from /Users/nick/Desktop/airflow_dic/venv/lib/python3.11/site-packages/airflow/example_dags/example_latest_only_with_trigger.py
[2023-10-19T22:58:29.872+0200] {logging_mixin.py:151} INFO - [2023-10-19T22:58:29.872+0200] {dag.py:2915} INFO - Sync 1 DAGs
[2023-10-19T22:58:29.878+0200] {logging_mixin.py:151} INFO - [2023-10-19T22:58:29.877+0200] {dag.py:3696} INFO - Setting next_dagrun for latest_only_with_trigger to 2023-10-19T16:58:29.877887+00:00, run_after=2023-10-19T20:58:29.877887+00:00
[2023-10-19T22:58:29.884+0200] {processor.py:179} INFO - Processing /Users/nick/Desktop/airflow_dic/venv/lib/python3.11/site-packages/airflow/example_dags/example_latest_only_with_trigger.py took 0.083 seconds
[2023-10-19T22:59:38.098+0200] {processor.py:157} INFO - Started process (PID=35543) to work on /Users/nick/Desktop/airflow_dic/venv/lib/python3.11/site-packages/airflow/example_dags/example_latest_only_with_trigger.py
[2023-10-19T22:59:38.099+0200] {processor.py:829} INFO - Processing file /Users/nick/Desktop/airflow_dic/venv/lib/python3.11/site-packages/airflow/example_dags/example_latest_only_with_trigger.py for tasks to queue
[2023-10-19T22:59:38.099+0200] {logging_mixin.py:151} INFO - [2023-10-19T22:59:38.099+0200] {dagbag.py:539} INFO - Filling up the DagBag from /Users/nick/Desktop/airflow_dic/venv/lib/python3.11/site-packages/airflow/example_dags/example_latest_only_with_trigger.py
[2023-10-19T22:59:38.109+0200] {processor.py:839} INFO - DAG(s) dict_keys(['latest_only_with_trigger']) retrieved from /Users/nick/Desktop/airflow_dic/venv/lib/python3.11/site-packages/airflow/example_dags/example_latest_only_with_trigger.py
[2023-10-19T22:59:38.164+0200] {logging_mixin.py:151} INFO - [2023-10-19T22:59:38.164+0200] {dag.py:2915} INFO - Sync 1 DAGs
[2023-10-19T22:59:38.170+0200] {logging_mixin.py:151} INFO - [2023-10-19T22:59:38.170+0200] {dag.py:3696} INFO - Setting next_dagrun for latest_only_with_trigger to 2023-10-19T16:59:38.170003+00:00, run_after=2023-10-19T20:59:38.170003+00:00
[2023-10-19T22:59:38.176+0200] {processor.py:179} INFO - Processing /Users/nick/Desktop/airflow_dic/venv/lib/python3.11/site-packages/airflow/example_dags/example_latest_only_with_trigger.py took 0.079 seconds
