[2023-10-19T22:17:24.335+0200] {processor.py:157} INFO - Started process (PID=28772) to work on /Users/nick/Desktop/airflow_dic/venv/lib/python3.11/site-packages/airflow/example_dags/example_skip_dag.py
[2023-10-19T22:17:24.336+0200] {processor.py:829} INFO - Processing file /Users/nick/Desktop/airflow_dic/venv/lib/python3.11/site-packages/airflow/example_dags/example_skip_dag.py for tasks to queue
[2023-10-19T22:17:24.336+0200] {logging_mixin.py:151} INFO - [2023-10-19T22:17:24.336+0200] {dagbag.py:539} INFO - Filling up the DagBag from /Users/nick/Desktop/airflow_dic/venv/lib/python3.11/site-packages/airflow/example_dags/example_skip_dag.py
[2023-10-19T22:17:24.345+0200] {processor.py:839} INFO - DAG(s) dict_keys(['example_skip_dag']) retrieved from /Users/nick/Desktop/airflow_dic/venv/lib/python3.11/site-packages/airflow/example_dags/example_skip_dag.py
[2023-10-19T22:17:24.612+0200] {logging_mixin.py:151} INFO - [2023-10-19T22:17:24.612+0200] {manager.py:499} INFO - Created Permission View: %s
[2023-10-19T22:17:24.615+0200] {logging_mixin.py:151} INFO - [2023-10-19T22:17:24.615+0200] {manager.py:499} INFO - Created Permission View: %s
[2023-10-19T22:17:24.617+0200] {logging_mixin.py:151} INFO - [2023-10-19T22:17:24.616+0200] {manager.py:499} INFO - Created Permission View: %s
[2023-10-19T22:17:24.617+0200] {logging_mixin.py:151} INFO - [2023-10-19T22:17:24.617+0200] {security.py:708} INFO - Not syncing DAG-level permissions for DAG 'DAG:example_skip_dag' as access control is unset.
[2023-10-19T22:17:24.617+0200] {logging_mixin.py:151} INFO - [2023-10-19T22:17:24.617+0200] {dag.py:2915} INFO - Sync 1 DAGs
[2023-10-19T22:17:24.620+0200] {logging_mixin.py:151} INFO - [2023-10-19T22:17:24.620+0200] {dag.py:2937} INFO - Creating ORM DAG for example_skip_dag
[2023-10-19T22:17:24.622+0200] {logging_mixin.py:151} INFO - [2023-10-19T22:17:24.622+0200] {dag.py:3696} INFO - Setting next_dagrun for example_skip_dag to 2023-10-18T20:17:24.622468+00:00, run_after=2023-10-19T20:17:24.622468+00:00
[2023-10-19T22:17:24.627+0200] {processor.py:179} INFO - Processing /Users/nick/Desktop/airflow_dic/venv/lib/python3.11/site-packages/airflow/example_dags/example_skip_dag.py took 0.293 seconds
[2023-10-19T22:18:23.278+0200] {processor.py:157} INFO - Started process (PID=28881) to work on /Users/nick/Desktop/airflow_dic/venv/lib/python3.11/site-packages/airflow/example_dags/example_skip_dag.py
[2023-10-19T22:18:23.279+0200] {processor.py:829} INFO - Processing file /Users/nick/Desktop/airflow_dic/venv/lib/python3.11/site-packages/airflow/example_dags/example_skip_dag.py for tasks to queue
[2023-10-19T22:18:23.279+0200] {logging_mixin.py:151} INFO - [2023-10-19T22:18:23.279+0200] {dagbag.py:539} INFO - Filling up the DagBag from /Users/nick/Desktop/airflow_dic/venv/lib/python3.11/site-packages/airflow/example_dags/example_skip_dag.py
[2023-10-19T22:18:23.289+0200] {processor.py:839} INFO - DAG(s) dict_keys(['example_skip_dag']) retrieved from /Users/nick/Desktop/airflow_dic/venv/lib/python3.11/site-packages/airflow/example_dags/example_skip_dag.py
[2023-10-19T22:18:23.345+0200] {logging_mixin.py:151} INFO - [2023-10-19T22:18:23.345+0200] {dag.py:2915} INFO - Sync 1 DAGs
[2023-10-19T22:18:23.350+0200] {logging_mixin.py:151} INFO - [2023-10-19T22:18:23.350+0200] {dag.py:3696} INFO - Setting next_dagrun for example_skip_dag to 2023-10-18T20:18:23.350271+00:00, run_after=2023-10-19T20:18:23.350271+00:00
[2023-10-19T22:18:23.356+0200] {processor.py:179} INFO - Processing /Users/nick/Desktop/airflow_dic/venv/lib/python3.11/site-packages/airflow/example_dags/example_skip_dag.py took 0.079 seconds
[2023-10-19T22:19:36.986+0200] {processor.py:157} INFO - Started process (PID=29021) to work on /Users/nick/Desktop/airflow_dic/venv/lib/python3.11/site-packages/airflow/example_dags/example_skip_dag.py
[2023-10-19T22:19:36.988+0200] {processor.py:829} INFO - Processing file /Users/nick/Desktop/airflow_dic/venv/lib/python3.11/site-packages/airflow/example_dags/example_skip_dag.py for tasks to queue
[2023-10-19T22:19:36.988+0200] {logging_mixin.py:151} INFO - [2023-10-19T22:19:36.988+0200] {dagbag.py:539} INFO - Filling up the DagBag from /Users/nick/Desktop/airflow_dic/venv/lib/python3.11/site-packages/airflow/example_dags/example_skip_dag.py
[2023-10-19T22:19:36.999+0200] {processor.py:839} INFO - DAG(s) dict_keys(['example_skip_dag']) retrieved from /Users/nick/Desktop/airflow_dic/venv/lib/python3.11/site-packages/airflow/example_dags/example_skip_dag.py
[2023-10-19T22:19:37.055+0200] {logging_mixin.py:151} INFO - [2023-10-19T22:19:37.054+0200] {dag.py:2915} INFO - Sync 1 DAGs
[2023-10-19T22:19:37.060+0200] {logging_mixin.py:151} INFO - [2023-10-19T22:19:37.060+0200] {dag.py:3696} INFO - Setting next_dagrun for example_skip_dag to 2023-10-18T20:19:37.060121+00:00, run_after=2023-10-19T20:19:37.060121+00:00
[2023-10-19T22:19:37.066+0200] {processor.py:179} INFO - Processing /Users/nick/Desktop/airflow_dic/venv/lib/python3.11/site-packages/airflow/example_dags/example_skip_dag.py took 0.080 seconds
[2023-10-19T22:20:42.577+0200] {processor.py:157} INFO - Started process (PID=29143) to work on /Users/nick/Desktop/airflow_dic/venv/lib/python3.11/site-packages/airflow/example_dags/example_skip_dag.py
[2023-10-19T22:20:42.578+0200] {processor.py:829} INFO - Processing file /Users/nick/Desktop/airflow_dic/venv/lib/python3.11/site-packages/airflow/example_dags/example_skip_dag.py for tasks to queue
[2023-10-19T22:20:42.579+0200] {logging_mixin.py:151} INFO - [2023-10-19T22:20:42.579+0200] {dagbag.py:539} INFO - Filling up the DagBag from /Users/nick/Desktop/airflow_dic/venv/lib/python3.11/site-packages/airflow/example_dags/example_skip_dag.py
[2023-10-19T22:20:42.588+0200] {processor.py:839} INFO - DAG(s) dict_keys(['example_skip_dag']) retrieved from /Users/nick/Desktop/airflow_dic/venv/lib/python3.11/site-packages/airflow/example_dags/example_skip_dag.py
[2023-10-19T22:20:42.644+0200] {logging_mixin.py:151} INFO - [2023-10-19T22:20:42.644+0200] {dag.py:2915} INFO - Sync 1 DAGs
[2023-10-19T22:20:42.650+0200] {logging_mixin.py:151} INFO - [2023-10-19T22:20:42.650+0200] {dag.py:3696} INFO - Setting next_dagrun for example_skip_dag to 2023-10-18T20:20:42.649965+00:00, run_after=2023-10-19T20:20:42.649965+00:00
[2023-10-19T22:20:42.656+0200] {processor.py:179} INFO - Processing /Users/nick/Desktop/airflow_dic/venv/lib/python3.11/site-packages/airflow/example_dags/example_skip_dag.py took 0.079 seconds
[2023-10-19T22:21:50.136+0200] {processor.py:157} INFO - Started process (PID=29282) to work on /Users/nick/Desktop/airflow_dic/venv/lib/python3.11/site-packages/airflow/example_dags/example_skip_dag.py
[2023-10-19T22:21:50.138+0200] {processor.py:829} INFO - Processing file /Users/nick/Desktop/airflow_dic/venv/lib/python3.11/site-packages/airflow/example_dags/example_skip_dag.py for tasks to queue
[2023-10-19T22:21:50.138+0200] {logging_mixin.py:151} INFO - [2023-10-19T22:21:50.138+0200] {dagbag.py:539} INFO - Filling up the DagBag from /Users/nick/Desktop/airflow_dic/venv/lib/python3.11/site-packages/airflow/example_dags/example_skip_dag.py
[2023-10-19T22:21:50.148+0200] {processor.py:839} INFO - DAG(s) dict_keys(['example_skip_dag']) retrieved from /Users/nick/Desktop/airflow_dic/venv/lib/python3.11/site-packages/airflow/example_dags/example_skip_dag.py
[2023-10-19T22:21:50.203+0200] {logging_mixin.py:151} INFO - [2023-10-19T22:21:50.203+0200] {dag.py:2915} INFO - Sync 1 DAGs
[2023-10-19T22:21:50.208+0200] {logging_mixin.py:151} INFO - [2023-10-19T22:21:50.208+0200] {dag.py:3696} INFO - Setting next_dagrun for example_skip_dag to 2023-10-18T20:21:50.208867+00:00, run_after=2023-10-19T20:21:50.208867+00:00
[2023-10-19T22:21:50.215+0200] {processor.py:179} INFO - Processing /Users/nick/Desktop/airflow_dic/venv/lib/python3.11/site-packages/airflow/example_dags/example_skip_dag.py took 0.079 seconds
[2023-10-19T22:22:31.376+0200] {processor.py:157} INFO - Started process (PID=29368) to work on /Users/nick/Desktop/airflow_dic/venv/lib/python3.11/site-packages/airflow/example_dags/example_skip_dag.py
[2023-10-19T22:22:31.378+0200] {processor.py:829} INFO - Processing file /Users/nick/Desktop/airflow_dic/venv/lib/python3.11/site-packages/airflow/example_dags/example_skip_dag.py for tasks to queue
[2023-10-19T22:22:31.378+0200] {logging_mixin.py:151} INFO - [2023-10-19T22:22:31.378+0200] {dagbag.py:539} INFO - Filling up the DagBag from /Users/nick/Desktop/airflow_dic/venv/lib/python3.11/site-packages/airflow/example_dags/example_skip_dag.py
[2023-10-19T22:22:31.387+0200] {processor.py:839} INFO - DAG(s) dict_keys(['example_skip_dag']) retrieved from /Users/nick/Desktop/airflow_dic/venv/lib/python3.11/site-packages/airflow/example_dags/example_skip_dag.py
[2023-10-19T22:22:31.443+0200] {logging_mixin.py:151} INFO - [2023-10-19T22:22:31.443+0200] {dag.py:2915} INFO - Sync 1 DAGs
[2023-10-19T22:22:31.448+0200] {logging_mixin.py:151} INFO - [2023-10-19T22:22:31.448+0200] {dag.py:3696} INFO - Setting next_dagrun for example_skip_dag to 2023-10-18T20:22:31.448352+00:00, run_after=2023-10-19T20:22:31.448352+00:00
[2023-10-19T22:22:31.454+0200] {processor.py:179} INFO - Processing /Users/nick/Desktop/airflow_dic/venv/lib/python3.11/site-packages/airflow/example_dags/example_skip_dag.py took 0.079 seconds
[2023-10-19T22:23:13.136+0200] {processor.py:157} INFO - Started process (PID=29459) to work on /Users/nick/Desktop/airflow_dic/venv/lib/python3.11/site-packages/airflow/example_dags/example_skip_dag.py
[2023-10-19T22:23:13.137+0200] {processor.py:829} INFO - Processing file /Users/nick/Desktop/airflow_dic/venv/lib/python3.11/site-packages/airflow/example_dags/example_skip_dag.py for tasks to queue
[2023-10-19T22:23:13.137+0200] {logging_mixin.py:151} INFO - [2023-10-19T22:23:13.137+0200] {dagbag.py:539} INFO - Filling up the DagBag from /Users/nick/Desktop/airflow_dic/venv/lib/python3.11/site-packages/airflow/example_dags/example_skip_dag.py
[2023-10-19T22:23:13.148+0200] {processor.py:839} INFO - DAG(s) dict_keys(['example_skip_dag']) retrieved from /Users/nick/Desktop/airflow_dic/venv/lib/python3.11/site-packages/airflow/example_dags/example_skip_dag.py
[2023-10-19T22:23:13.216+0200] {logging_mixin.py:151} INFO - [2023-10-19T22:23:13.216+0200] {dag.py:2915} INFO - Sync 1 DAGs
[2023-10-19T22:23:13.222+0200] {logging_mixin.py:151} INFO - [2023-10-19T22:23:13.222+0200] {dag.py:3696} INFO - Setting next_dagrun for example_skip_dag to 2023-10-18T20:23:13.222371+00:00, run_after=2023-10-19T20:23:13.222371+00:00
[2023-10-19T22:23:13.229+0200] {processor.py:179} INFO - Processing /Users/nick/Desktop/airflow_dic/venv/lib/python3.11/site-packages/airflow/example_dags/example_skip_dag.py took 0.094 seconds
[2023-10-19T22:24:16.104+0200] {processor.py:157} INFO - Started process (PID=29577) to work on /Users/nick/Desktop/airflow_dic/venv/lib/python3.11/site-packages/airflow/example_dags/example_skip_dag.py
[2023-10-19T22:24:16.106+0200] {processor.py:829} INFO - Processing file /Users/nick/Desktop/airflow_dic/venv/lib/python3.11/site-packages/airflow/example_dags/example_skip_dag.py for tasks to queue
[2023-10-19T22:24:16.106+0200] {logging_mixin.py:151} INFO - [2023-10-19T22:24:16.106+0200] {dagbag.py:539} INFO - Filling up the DagBag from /Users/nick/Desktop/airflow_dic/venv/lib/python3.11/site-packages/airflow/example_dags/example_skip_dag.py
[2023-10-19T22:24:16.115+0200] {processor.py:839} INFO - DAG(s) dict_keys(['example_skip_dag']) retrieved from /Users/nick/Desktop/airflow_dic/venv/lib/python3.11/site-packages/airflow/example_dags/example_skip_dag.py
[2023-10-19T22:24:16.171+0200] {logging_mixin.py:151} INFO - [2023-10-19T22:24:16.171+0200] {dag.py:2915} INFO - Sync 1 DAGs
[2023-10-19T22:24:16.176+0200] {logging_mixin.py:151} INFO - [2023-10-19T22:24:16.176+0200] {dag.py:3696} INFO - Setting next_dagrun for example_skip_dag to 2023-10-18T20:24:16.176440+00:00, run_after=2023-10-19T20:24:16.176440+00:00
[2023-10-19T22:24:16.182+0200] {processor.py:179} INFO - Processing /Users/nick/Desktop/airflow_dic/venv/lib/python3.11/site-packages/airflow/example_dags/example_skip_dag.py took 0.078 seconds
[2023-10-19T22:25:18.636+0200] {processor.py:157} INFO - Started process (PID=29716) to work on /Users/nick/Desktop/airflow_dic/venv/lib/python3.11/site-packages/airflow/example_dags/example_skip_dag.py
[2023-10-19T22:25:18.639+0200] {processor.py:829} INFO - Processing file /Users/nick/Desktop/airflow_dic/venv/lib/python3.11/site-packages/airflow/example_dags/example_skip_dag.py for tasks to queue
[2023-10-19T22:25:18.639+0200] {logging_mixin.py:151} INFO - [2023-10-19T22:25:18.639+0200] {dagbag.py:539} INFO - Filling up the DagBag from /Users/nick/Desktop/airflow_dic/venv/lib/python3.11/site-packages/airflow/example_dags/example_skip_dag.py
[2023-10-19T22:25:18.648+0200] {processor.py:839} INFO - DAG(s) dict_keys(['example_skip_dag']) retrieved from /Users/nick/Desktop/airflow_dic/venv/lib/python3.11/site-packages/airflow/example_dags/example_skip_dag.py
[2023-10-19T22:25:18.704+0200] {logging_mixin.py:151} INFO - [2023-10-19T22:25:18.704+0200] {dag.py:2915} INFO - Sync 1 DAGs
[2023-10-19T22:25:18.709+0200] {logging_mixin.py:151} INFO - [2023-10-19T22:25:18.709+0200] {dag.py:3696} INFO - Setting next_dagrun for example_skip_dag to 2023-10-18T20:25:18.709607+00:00, run_after=2023-10-19T20:25:18.709607+00:00
[2023-10-19T22:25:18.715+0200] {processor.py:179} INFO - Processing /Users/nick/Desktop/airflow_dic/venv/lib/python3.11/site-packages/airflow/example_dags/example_skip_dag.py took 0.079 seconds
[2023-10-19T22:26:31.995+0200] {processor.py:157} INFO - Started process (PID=31730) to work on /Users/nick/Desktop/airflow_dic/venv/lib/python3.11/site-packages/airflow/example_dags/example_skip_dag.py
[2023-10-19T22:26:31.997+0200] {processor.py:829} INFO - Processing file /Users/nick/Desktop/airflow_dic/venv/lib/python3.11/site-packages/airflow/example_dags/example_skip_dag.py for tasks to queue
[2023-10-19T22:26:31.997+0200] {logging_mixin.py:151} INFO - [2023-10-19T22:26:31.997+0200] {dagbag.py:539} INFO - Filling up the DagBag from /Users/nick/Desktop/airflow_dic/venv/lib/python3.11/site-packages/airflow/example_dags/example_skip_dag.py
[2023-10-19T22:26:32.008+0200] {processor.py:839} INFO - DAG(s) dict_keys(['example_skip_dag']) retrieved from /Users/nick/Desktop/airflow_dic/venv/lib/python3.11/site-packages/airflow/example_dags/example_skip_dag.py
[2023-10-19T22:26:32.310+0200] {logging_mixin.py:151} INFO - [2023-10-19T22:26:32.310+0200] {security.py:708} INFO - Not syncing DAG-level permissions for DAG 'DAG:example_skip_dag' as access control is unset.
[2023-10-19T22:26:32.310+0200] {logging_mixin.py:151} INFO - [2023-10-19T22:26:32.310+0200] {dag.py:2915} INFO - Sync 1 DAGs
[2023-10-19T22:26:32.313+0200] {logging_mixin.py:151} INFO - [2023-10-19T22:26:32.313+0200] {dag.py:2937} INFO - Creating ORM DAG for example_skip_dag
[2023-10-19T22:26:32.315+0200] {logging_mixin.py:151} INFO - [2023-10-19T22:26:32.315+0200] {dag.py:3696} INFO - Setting next_dagrun for example_skip_dag to 2023-10-18T20:26:32.315505+00:00, run_after=2023-10-19T20:26:32.315505+00:00
[2023-10-19T22:26:32.322+0200] {processor.py:179} INFO - Processing /Users/nick/Desktop/airflow_dic/venv/lib/python3.11/site-packages/airflow/example_dags/example_skip_dag.py took 0.328 seconds
[2023-10-19T22:27:38.900+0200] {processor.py:157} INFO - Started process (PID=31854) to work on /Users/nick/Desktop/airflow_dic/venv/lib/python3.11/site-packages/airflow/example_dags/example_skip_dag.py
[2023-10-19T22:27:38.902+0200] {processor.py:829} INFO - Processing file /Users/nick/Desktop/airflow_dic/venv/lib/python3.11/site-packages/airflow/example_dags/example_skip_dag.py for tasks to queue
[2023-10-19T22:27:38.902+0200] {logging_mixin.py:151} INFO - [2023-10-19T22:27:38.902+0200] {dagbag.py:539} INFO - Filling up the DagBag from /Users/nick/Desktop/airflow_dic/venv/lib/python3.11/site-packages/airflow/example_dags/example_skip_dag.py
[2023-10-19T22:27:38.913+0200] {processor.py:839} INFO - DAG(s) dict_keys(['example_skip_dag']) retrieved from /Users/nick/Desktop/airflow_dic/venv/lib/python3.11/site-packages/airflow/example_dags/example_skip_dag.py
[2023-10-19T22:27:39.217+0200] {logging_mixin.py:151} INFO - [2023-10-19T22:27:39.217+0200] {security.py:708} INFO - Not syncing DAG-level permissions for DAG 'DAG:example_skip_dag' as access control is unset.
[2023-10-19T22:27:39.217+0200] {logging_mixin.py:151} INFO - [2023-10-19T22:27:39.217+0200] {dag.py:2915} INFO - Sync 1 DAGs
[2023-10-19T22:27:39.220+0200] {logging_mixin.py:151} INFO - [2023-10-19T22:27:39.220+0200] {dag.py:2937} INFO - Creating ORM DAG for example_skip_dag
[2023-10-19T22:27:39.223+0200] {logging_mixin.py:151} INFO - [2023-10-19T22:27:39.223+0200] {dag.py:3696} INFO - Setting next_dagrun for example_skip_dag to 2023-10-18T20:27:39.223623+00:00, run_after=2023-10-19T20:27:39.223623+00:00
[2023-10-19T22:27:39.230+0200] {processor.py:179} INFO - Processing /Users/nick/Desktop/airflow_dic/venv/lib/python3.11/site-packages/airflow/example_dags/example_skip_dag.py took 0.330 seconds
[2023-10-19T22:28:51.864+0200] {processor.py:157} INFO - Started process (PID=32005) to work on /Users/nick/Desktop/airflow_dic/venv/lib/python3.11/site-packages/airflow/example_dags/example_skip_dag.py
[2023-10-19T22:28:51.865+0200] {processor.py:829} INFO - Processing file /Users/nick/Desktop/airflow_dic/venv/lib/python3.11/site-packages/airflow/example_dags/example_skip_dag.py for tasks to queue
[2023-10-19T22:28:51.866+0200] {logging_mixin.py:151} INFO - [2023-10-19T22:28:51.866+0200] {dagbag.py:539} INFO - Filling up the DagBag from /Users/nick/Desktop/airflow_dic/venv/lib/python3.11/site-packages/airflow/example_dags/example_skip_dag.py
[2023-10-19T22:28:51.875+0200] {processor.py:839} INFO - DAG(s) dict_keys(['example_skip_dag']) retrieved from /Users/nick/Desktop/airflow_dic/venv/lib/python3.11/site-packages/airflow/example_dags/example_skip_dag.py
[2023-10-19T22:28:51.934+0200] {logging_mixin.py:151} INFO - [2023-10-19T22:28:51.934+0200] {dag.py:2915} INFO - Sync 1 DAGs
[2023-10-19T22:28:51.940+0200] {logging_mixin.py:151} INFO - [2023-10-19T22:28:51.940+0200] {dag.py:3696} INFO - Setting next_dagrun for example_skip_dag to 2023-10-18T20:28:51.940659+00:00, run_after=2023-10-19T20:28:51.940659+00:00
[2023-10-19T22:28:51.948+0200] {processor.py:179} INFO - Processing /Users/nick/Desktop/airflow_dic/venv/lib/python3.11/site-packages/airflow/example_dags/example_skip_dag.py took 0.084 seconds
[2023-10-19T22:29:58.091+0200] {processor.py:157} INFO - Started process (PID=32134) to work on /Users/nick/Desktop/airflow_dic/venv/lib/python3.11/site-packages/airflow/example_dags/example_skip_dag.py
[2023-10-19T22:29:58.093+0200] {processor.py:829} INFO - Processing file /Users/nick/Desktop/airflow_dic/venv/lib/python3.11/site-packages/airflow/example_dags/example_skip_dag.py for tasks to queue
[2023-10-19T22:29:58.093+0200] {logging_mixin.py:151} INFO - [2023-10-19T22:29:58.093+0200] {dagbag.py:539} INFO - Filling up the DagBag from /Users/nick/Desktop/airflow_dic/venv/lib/python3.11/site-packages/airflow/example_dags/example_skip_dag.py
[2023-10-19T22:29:58.102+0200] {processor.py:839} INFO - DAG(s) dict_keys(['example_skip_dag']) retrieved from /Users/nick/Desktop/airflow_dic/venv/lib/python3.11/site-packages/airflow/example_dags/example_skip_dag.py
[2023-10-19T22:29:58.158+0200] {logging_mixin.py:151} INFO - [2023-10-19T22:29:58.158+0200] {dag.py:2915} INFO - Sync 1 DAGs
[2023-10-19T22:29:58.163+0200] {logging_mixin.py:151} INFO - [2023-10-19T22:29:58.163+0200] {dag.py:3696} INFO - Setting next_dagrun for example_skip_dag to 2023-10-18T20:29:58.163441+00:00, run_after=2023-10-19T20:29:58.163441+00:00
[2023-10-19T22:29:58.169+0200] {processor.py:179} INFO - Processing /Users/nick/Desktop/airflow_dic/venv/lib/python3.11/site-packages/airflow/example_dags/example_skip_dag.py took 0.078 seconds
[2023-10-19T22:31:18.442+0200] {processor.py:157} INFO - Started process (PID=32299) to work on /Users/nick/Desktop/airflow_dic/venv/lib/python3.11/site-packages/airflow/example_dags/example_skip_dag.py
[2023-10-19T22:31:18.444+0200] {processor.py:829} INFO - Processing file /Users/nick/Desktop/airflow_dic/venv/lib/python3.11/site-packages/airflow/example_dags/example_skip_dag.py for tasks to queue
[2023-10-19T22:31:18.444+0200] {logging_mixin.py:151} INFO - [2023-10-19T22:31:18.444+0200] {dagbag.py:539} INFO - Filling up the DagBag from /Users/nick/Desktop/airflow_dic/venv/lib/python3.11/site-packages/airflow/example_dags/example_skip_dag.py
[2023-10-19T22:31:18.456+0200] {processor.py:839} INFO - DAG(s) dict_keys(['example_skip_dag']) retrieved from /Users/nick/Desktop/airflow_dic/venv/lib/python3.11/site-packages/airflow/example_dags/example_skip_dag.py
[2023-10-19T22:31:18.523+0200] {logging_mixin.py:151} INFO - [2023-10-19T22:31:18.523+0200] {dag.py:2915} INFO - Sync 1 DAGs
[2023-10-19T22:31:18.529+0200] {logging_mixin.py:151} INFO - [2023-10-19T22:31:18.529+0200] {dag.py:3696} INFO - Setting next_dagrun for example_skip_dag to 2023-10-18T20:31:18.529593+00:00, run_after=2023-10-19T20:31:18.529593+00:00
[2023-10-19T22:31:18.539+0200] {processor.py:179} INFO - Processing /Users/nick/Desktop/airflow_dic/venv/lib/python3.11/site-packages/airflow/example_dags/example_skip_dag.py took 0.097 seconds
[2023-10-19T22:32:22.744+0200] {processor.py:157} INFO - Started process (PID=32414) to work on /Users/nick/Desktop/airflow_dic/venv/lib/python3.11/site-packages/airflow/example_dags/example_skip_dag.py
[2023-10-19T22:32:22.745+0200] {processor.py:829} INFO - Processing file /Users/nick/Desktop/airflow_dic/venv/lib/python3.11/site-packages/airflow/example_dags/example_skip_dag.py for tasks to queue
[2023-10-19T22:32:22.745+0200] {logging_mixin.py:151} INFO - [2023-10-19T22:32:22.745+0200] {dagbag.py:539} INFO - Filling up the DagBag from /Users/nick/Desktop/airflow_dic/venv/lib/python3.11/site-packages/airflow/example_dags/example_skip_dag.py
[2023-10-19T22:32:22.756+0200] {processor.py:839} INFO - DAG(s) dict_keys(['example_skip_dag']) retrieved from /Users/nick/Desktop/airflow_dic/venv/lib/python3.11/site-packages/airflow/example_dags/example_skip_dag.py
[2023-10-19T22:32:22.817+0200] {logging_mixin.py:151} INFO - [2023-10-19T22:32:22.816+0200] {dag.py:2915} INFO - Sync 1 DAGs
[2023-10-19T22:32:22.822+0200] {logging_mixin.py:151} INFO - [2023-10-19T22:32:22.822+0200] {dag.py:3696} INFO - Setting next_dagrun for example_skip_dag to 2023-10-18T20:32:22.822613+00:00, run_after=2023-10-19T20:32:22.822613+00:00
[2023-10-19T22:32:22.829+0200] {processor.py:179} INFO - Processing /Users/nick/Desktop/airflow_dic/venv/lib/python3.11/site-packages/airflow/example_dags/example_skip_dag.py took 0.085 seconds
[2023-10-19T22:33:29.600+0200] {processor.py:157} INFO - Started process (PID=32538) to work on /Users/nick/Desktop/airflow_dic/venv/lib/python3.11/site-packages/airflow/example_dags/example_skip_dag.py
[2023-10-19T22:33:29.602+0200] {processor.py:829} INFO - Processing file /Users/nick/Desktop/airflow_dic/venv/lib/python3.11/site-packages/airflow/example_dags/example_skip_dag.py for tasks to queue
[2023-10-19T22:33:29.602+0200] {logging_mixin.py:151} INFO - [2023-10-19T22:33:29.602+0200] {dagbag.py:539} INFO - Filling up the DagBag from /Users/nick/Desktop/airflow_dic/venv/lib/python3.11/site-packages/airflow/example_dags/example_skip_dag.py
[2023-10-19T22:33:29.612+0200] {processor.py:839} INFO - DAG(s) dict_keys(['example_skip_dag']) retrieved from /Users/nick/Desktop/airflow_dic/venv/lib/python3.11/site-packages/airflow/example_dags/example_skip_dag.py
[2023-10-19T22:33:29.670+0200] {logging_mixin.py:151} INFO - [2023-10-19T22:33:29.670+0200] {dag.py:2915} INFO - Sync 1 DAGs
[2023-10-19T22:33:29.675+0200] {logging_mixin.py:151} INFO - [2023-10-19T22:33:29.675+0200] {dag.py:3696} INFO - Setting next_dagrun for example_skip_dag to 2023-10-18T20:33:29.675327+00:00, run_after=2023-10-19T20:33:29.675327+00:00
[2023-10-19T22:33:29.681+0200] {processor.py:179} INFO - Processing /Users/nick/Desktop/airflow_dic/venv/lib/python3.11/site-packages/airflow/example_dags/example_skip_dag.py took 0.081 seconds
[2023-10-19T22:34:41.103+0200] {processor.py:157} INFO - Started process (PID=32700) to work on /Users/nick/Desktop/airflow_dic/venv/lib/python3.11/site-packages/airflow/example_dags/example_skip_dag.py
[2023-10-19T22:34:41.105+0200] {processor.py:829} INFO - Processing file /Users/nick/Desktop/airflow_dic/venv/lib/python3.11/site-packages/airflow/example_dags/example_skip_dag.py for tasks to queue
[2023-10-19T22:34:41.105+0200] {logging_mixin.py:151} INFO - [2023-10-19T22:34:41.105+0200] {dagbag.py:539} INFO - Filling up the DagBag from /Users/nick/Desktop/airflow_dic/venv/lib/python3.11/site-packages/airflow/example_dags/example_skip_dag.py
[2023-10-19T22:34:41.115+0200] {processor.py:839} INFO - DAG(s) dict_keys(['example_skip_dag']) retrieved from /Users/nick/Desktop/airflow_dic/venv/lib/python3.11/site-packages/airflow/example_dags/example_skip_dag.py
[2023-10-19T22:34:41.172+0200] {logging_mixin.py:151} INFO - [2023-10-19T22:34:41.172+0200] {dag.py:2915} INFO - Sync 1 DAGs
[2023-10-19T22:34:41.177+0200] {logging_mixin.py:151} INFO - [2023-10-19T22:34:41.177+0200] {dag.py:3696} INFO - Setting next_dagrun for example_skip_dag to 2023-10-18T20:34:41.177586+00:00, run_after=2023-10-19T20:34:41.177586+00:00
[2023-10-19T22:34:41.183+0200] {processor.py:179} INFO - Processing /Users/nick/Desktop/airflow_dic/venv/lib/python3.11/site-packages/airflow/example_dags/example_skip_dag.py took 0.081 seconds
[2023-10-19T22:35:48.392+0200] {processor.py:157} INFO - Started process (PID=32850) to work on /Users/nick/Desktop/airflow_dic/venv/lib/python3.11/site-packages/airflow/example_dags/example_skip_dag.py
[2023-10-19T22:35:48.395+0200] {processor.py:829} INFO - Processing file /Users/nick/Desktop/airflow_dic/venv/lib/python3.11/site-packages/airflow/example_dags/example_skip_dag.py for tasks to queue
[2023-10-19T22:35:48.395+0200] {logging_mixin.py:151} INFO - [2023-10-19T22:35:48.395+0200] {dagbag.py:539} INFO - Filling up the DagBag from /Users/nick/Desktop/airflow_dic/venv/lib/python3.11/site-packages/airflow/example_dags/example_skip_dag.py
[2023-10-19T22:35:48.405+0200] {processor.py:839} INFO - DAG(s) dict_keys(['example_skip_dag']) retrieved from /Users/nick/Desktop/airflow_dic/venv/lib/python3.11/site-packages/airflow/example_dags/example_skip_dag.py
[2023-10-19T22:35:48.461+0200] {logging_mixin.py:151} INFO - [2023-10-19T22:35:48.460+0200] {dag.py:2915} INFO - Sync 1 DAGs
[2023-10-19T22:35:48.466+0200] {logging_mixin.py:151} INFO - [2023-10-19T22:35:48.466+0200] {dag.py:3696} INFO - Setting next_dagrun for example_skip_dag to 2023-10-18T20:35:48.466066+00:00, run_after=2023-10-19T20:35:48.466066+00:00
[2023-10-19T22:35:48.472+0200] {processor.py:179} INFO - Processing /Users/nick/Desktop/airflow_dic/venv/lib/python3.11/site-packages/airflow/example_dags/example_skip_dag.py took 0.080 seconds
[2023-10-19T22:36:57.649+0200] {processor.py:157} INFO - Started process (PID=32981) to work on /Users/nick/Desktop/airflow_dic/venv/lib/python3.11/site-packages/airflow/example_dags/example_skip_dag.py
[2023-10-19T22:36:57.650+0200] {processor.py:829} INFO - Processing file /Users/nick/Desktop/airflow_dic/venv/lib/python3.11/site-packages/airflow/example_dags/example_skip_dag.py for tasks to queue
[2023-10-19T22:36:57.650+0200] {logging_mixin.py:151} INFO - [2023-10-19T22:36:57.650+0200] {dagbag.py:539} INFO - Filling up the DagBag from /Users/nick/Desktop/airflow_dic/venv/lib/python3.11/site-packages/airflow/example_dags/example_skip_dag.py
[2023-10-19T22:36:57.660+0200] {processor.py:839} INFO - DAG(s) dict_keys(['example_skip_dag']) retrieved from /Users/nick/Desktop/airflow_dic/venv/lib/python3.11/site-packages/airflow/example_dags/example_skip_dag.py
[2023-10-19T22:36:57.715+0200] {logging_mixin.py:151} INFO - [2023-10-19T22:36:57.715+0200] {dag.py:2915} INFO - Sync 1 DAGs
[2023-10-19T22:36:57.720+0200] {logging_mixin.py:151} INFO - [2023-10-19T22:36:57.720+0200] {dag.py:3696} INFO - Setting next_dagrun for example_skip_dag to 2023-10-18T20:36:57.720783+00:00, run_after=2023-10-19T20:36:57.720783+00:00
[2023-10-19T22:36:57.726+0200] {processor.py:179} INFO - Processing /Users/nick/Desktop/airflow_dic/venv/lib/python3.11/site-packages/airflow/example_dags/example_skip_dag.py took 0.078 seconds
[2023-10-19T22:38:04.841+0200] {processor.py:157} INFO - Started process (PID=33106) to work on /Users/nick/Desktop/airflow_dic/venv/lib/python3.11/site-packages/airflow/example_dags/example_skip_dag.py
[2023-10-19T22:38:04.842+0200] {processor.py:829} INFO - Processing file /Users/nick/Desktop/airflow_dic/venv/lib/python3.11/site-packages/airflow/example_dags/example_skip_dag.py for tasks to queue
[2023-10-19T22:38:04.842+0200] {logging_mixin.py:151} INFO - [2023-10-19T22:38:04.842+0200] {dagbag.py:539} INFO - Filling up the DagBag from /Users/nick/Desktop/airflow_dic/venv/lib/python3.11/site-packages/airflow/example_dags/example_skip_dag.py
[2023-10-19T22:38:04.852+0200] {processor.py:839} INFO - DAG(s) dict_keys(['example_skip_dag']) retrieved from /Users/nick/Desktop/airflow_dic/venv/lib/python3.11/site-packages/airflow/example_dags/example_skip_dag.py
[2023-10-19T22:38:04.907+0200] {logging_mixin.py:151} INFO - [2023-10-19T22:38:04.907+0200] {dag.py:2915} INFO - Sync 1 DAGs
[2023-10-19T22:38:04.912+0200] {logging_mixin.py:151} INFO - [2023-10-19T22:38:04.912+0200] {dag.py:3696} INFO - Setting next_dagrun for example_skip_dag to 2023-10-18T20:38:04.912844+00:00, run_after=2023-10-19T20:38:04.912844+00:00
[2023-10-19T22:38:04.918+0200] {processor.py:179} INFO - Processing /Users/nick/Desktop/airflow_dic/venv/lib/python3.11/site-packages/airflow/example_dags/example_skip_dag.py took 0.078 seconds
[2023-10-19T22:39:12.339+0200] {processor.py:157} INFO - Started process (PID=33232) to work on /Users/nick/Desktop/airflow_dic/venv/lib/python3.11/site-packages/airflow/example_dags/example_skip_dag.py
[2023-10-19T22:39:12.340+0200] {processor.py:829} INFO - Processing file /Users/nick/Desktop/airflow_dic/venv/lib/python3.11/site-packages/airflow/example_dags/example_skip_dag.py for tasks to queue
[2023-10-19T22:39:12.341+0200] {logging_mixin.py:151} INFO - [2023-10-19T22:39:12.341+0200] {dagbag.py:539} INFO - Filling up the DagBag from /Users/nick/Desktop/airflow_dic/venv/lib/python3.11/site-packages/airflow/example_dags/example_skip_dag.py
[2023-10-19T22:39:12.350+0200] {processor.py:839} INFO - DAG(s) dict_keys(['example_skip_dag']) retrieved from /Users/nick/Desktop/airflow_dic/venv/lib/python3.11/site-packages/airflow/example_dags/example_skip_dag.py
[2023-10-19T22:39:12.405+0200] {logging_mixin.py:151} INFO - [2023-10-19T22:39:12.405+0200] {dag.py:2915} INFO - Sync 1 DAGs
[2023-10-19T22:39:12.410+0200] {logging_mixin.py:151} INFO - [2023-10-19T22:39:12.410+0200] {dag.py:3696} INFO - Setting next_dagrun for example_skip_dag to 2023-10-18T20:39:12.410768+00:00, run_after=2023-10-19T20:39:12.410768+00:00
[2023-10-19T22:39:12.417+0200] {processor.py:179} INFO - Processing /Users/nick/Desktop/airflow_dic/venv/lib/python3.11/site-packages/airflow/example_dags/example_skip_dag.py took 0.078 seconds
[2023-10-19T22:40:18.963+0200] {processor.py:157} INFO - Started process (PID=33360) to work on /Users/nick/Desktop/airflow_dic/venv/lib/python3.11/site-packages/airflow/example_dags/example_skip_dag.py
[2023-10-19T22:40:18.964+0200] {processor.py:829} INFO - Processing file /Users/nick/Desktop/airflow_dic/venv/lib/python3.11/site-packages/airflow/example_dags/example_skip_dag.py for tasks to queue
[2023-10-19T22:40:18.964+0200] {logging_mixin.py:151} INFO - [2023-10-19T22:40:18.964+0200] {dagbag.py:539} INFO - Filling up the DagBag from /Users/nick/Desktop/airflow_dic/venv/lib/python3.11/site-packages/airflow/example_dags/example_skip_dag.py
[2023-10-19T22:40:18.973+0200] {processor.py:839} INFO - DAG(s) dict_keys(['example_skip_dag']) retrieved from /Users/nick/Desktop/airflow_dic/venv/lib/python3.11/site-packages/airflow/example_dags/example_skip_dag.py
[2023-10-19T22:40:19.030+0200] {logging_mixin.py:151} INFO - [2023-10-19T22:40:19.030+0200] {dag.py:2915} INFO - Sync 1 DAGs
[2023-10-19T22:40:19.035+0200] {logging_mixin.py:151} INFO - [2023-10-19T22:40:19.035+0200] {dag.py:3696} INFO - Setting next_dagrun for example_skip_dag to 2023-10-18T20:40:19.035237+00:00, run_after=2023-10-19T20:40:19.035237+00:00
[2023-10-19T22:40:19.041+0200] {processor.py:179} INFO - Processing /Users/nick/Desktop/airflow_dic/venv/lib/python3.11/site-packages/airflow/example_dags/example_skip_dag.py took 0.079 seconds
[2023-10-19T22:41:29.429+0200] {processor.py:157} INFO - Started process (PID=33489) to work on /Users/nick/Desktop/airflow_dic/venv/lib/python3.11/site-packages/airflow/example_dags/example_skip_dag.py
[2023-10-19T22:41:29.431+0200] {processor.py:829} INFO - Processing file /Users/nick/Desktop/airflow_dic/venv/lib/python3.11/site-packages/airflow/example_dags/example_skip_dag.py for tasks to queue
[2023-10-19T22:41:29.431+0200] {logging_mixin.py:151} INFO - [2023-10-19T22:41:29.431+0200] {dagbag.py:539} INFO - Filling up the DagBag from /Users/nick/Desktop/airflow_dic/venv/lib/python3.11/site-packages/airflow/example_dags/example_skip_dag.py
[2023-10-19T22:41:29.440+0200] {processor.py:839} INFO - DAG(s) dict_keys(['example_skip_dag']) retrieved from /Users/nick/Desktop/airflow_dic/venv/lib/python3.11/site-packages/airflow/example_dags/example_skip_dag.py
[2023-10-19T22:41:29.495+0200] {logging_mixin.py:151} INFO - [2023-10-19T22:41:29.495+0200] {dag.py:2915} INFO - Sync 1 DAGs
[2023-10-19T22:41:29.501+0200] {logging_mixin.py:151} INFO - [2023-10-19T22:41:29.500+0200] {dag.py:3696} INFO - Setting next_dagrun for example_skip_dag to 2023-10-18T20:41:29.500926+00:00, run_after=2023-10-19T20:41:29.500926+00:00
[2023-10-19T22:41:29.507+0200] {processor.py:179} INFO - Processing /Users/nick/Desktop/airflow_dic/venv/lib/python3.11/site-packages/airflow/example_dags/example_skip_dag.py took 0.078 seconds
[2023-10-19T22:42:39.990+0200] {processor.py:157} INFO - Started process (PID=33619) to work on /Users/nick/Desktop/airflow_dic/venv/lib/python3.11/site-packages/airflow/example_dags/example_skip_dag.py
[2023-10-19T22:42:39.991+0200] {processor.py:829} INFO - Processing file /Users/nick/Desktop/airflow_dic/venv/lib/python3.11/site-packages/airflow/example_dags/example_skip_dag.py for tasks to queue
[2023-10-19T22:42:39.992+0200] {logging_mixin.py:151} INFO - [2023-10-19T22:42:39.991+0200] {dagbag.py:539} INFO - Filling up the DagBag from /Users/nick/Desktop/airflow_dic/venv/lib/python3.11/site-packages/airflow/example_dags/example_skip_dag.py
[2023-10-19T22:42:40.001+0200] {processor.py:839} INFO - DAG(s) dict_keys(['example_skip_dag']) retrieved from /Users/nick/Desktop/airflow_dic/venv/lib/python3.11/site-packages/airflow/example_dags/example_skip_dag.py
[2023-10-19T22:42:40.057+0200] {logging_mixin.py:151} INFO - [2023-10-19T22:42:40.056+0200] {dag.py:2915} INFO - Sync 1 DAGs
[2023-10-19T22:42:40.062+0200] {logging_mixin.py:151} INFO - [2023-10-19T22:42:40.062+0200] {dag.py:3696} INFO - Setting next_dagrun for example_skip_dag to 2023-10-18T20:42:40.062230+00:00, run_after=2023-10-19T20:42:40.062230+00:00
[2023-10-19T22:42:40.068+0200] {processor.py:179} INFO - Processing /Users/nick/Desktop/airflow_dic/venv/lib/python3.11/site-packages/airflow/example_dags/example_skip_dag.py took 0.078 seconds
[2023-10-19T22:43:48.817+0200] {processor.py:157} INFO - Started process (PID=33744) to work on /Users/nick/Desktop/airflow_dic/venv/lib/python3.11/site-packages/airflow/example_dags/example_skip_dag.py
[2023-10-19T22:43:48.818+0200] {processor.py:829} INFO - Processing file /Users/nick/Desktop/airflow_dic/venv/lib/python3.11/site-packages/airflow/example_dags/example_skip_dag.py for tasks to queue
[2023-10-19T22:43:48.819+0200] {logging_mixin.py:151} INFO - [2023-10-19T22:43:48.818+0200] {dagbag.py:539} INFO - Filling up the DagBag from /Users/nick/Desktop/airflow_dic/venv/lib/python3.11/site-packages/airflow/example_dags/example_skip_dag.py
[2023-10-19T22:43:48.828+0200] {processor.py:839} INFO - DAG(s) dict_keys(['example_skip_dag']) retrieved from /Users/nick/Desktop/airflow_dic/venv/lib/python3.11/site-packages/airflow/example_dags/example_skip_dag.py
[2023-10-19T22:43:48.884+0200] {logging_mixin.py:151} INFO - [2023-10-19T22:43:48.884+0200] {dag.py:2915} INFO - Sync 1 DAGs
[2023-10-19T22:43:48.889+0200] {logging_mixin.py:151} INFO - [2023-10-19T22:43:48.889+0200] {dag.py:3696} INFO - Setting next_dagrun for example_skip_dag to 2023-10-18T20:43:48.889434+00:00, run_after=2023-10-19T20:43:48.889434+00:00
[2023-10-19T22:43:48.895+0200] {processor.py:179} INFO - Processing /Users/nick/Desktop/airflow_dic/venv/lib/python3.11/site-packages/airflow/example_dags/example_skip_dag.py took 0.079 seconds
[2023-10-19T22:44:58.620+0200] {processor.py:157} INFO - Started process (PID=33881) to work on /Users/nick/Desktop/airflow_dic/venv/lib/python3.11/site-packages/airflow/example_dags/example_skip_dag.py
[2023-10-19T22:44:58.622+0200] {processor.py:829} INFO - Processing file /Users/nick/Desktop/airflow_dic/venv/lib/python3.11/site-packages/airflow/example_dags/example_skip_dag.py for tasks to queue
[2023-10-19T22:44:58.622+0200] {logging_mixin.py:151} INFO - [2023-10-19T22:44:58.622+0200] {dagbag.py:539} INFO - Filling up the DagBag from /Users/nick/Desktop/airflow_dic/venv/lib/python3.11/site-packages/airflow/example_dags/example_skip_dag.py
[2023-10-19T22:44:58.633+0200] {processor.py:839} INFO - DAG(s) dict_keys(['example_skip_dag']) retrieved from /Users/nick/Desktop/airflow_dic/venv/lib/python3.11/site-packages/airflow/example_dags/example_skip_dag.py
[2023-10-19T22:44:58.693+0200] {logging_mixin.py:151} INFO - [2023-10-19T22:44:58.693+0200] {dag.py:2915} INFO - Sync 1 DAGs
[2023-10-19T22:44:58.700+0200] {logging_mixin.py:151} INFO - [2023-10-19T22:44:58.699+0200] {dag.py:3696} INFO - Setting next_dagrun for example_skip_dag to 2023-10-18T20:44:58.699844+00:00, run_after=2023-10-19T20:44:58.699844+00:00
[2023-10-19T22:44:58.707+0200] {processor.py:179} INFO - Processing /Users/nick/Desktop/airflow_dic/venv/lib/python3.11/site-packages/airflow/example_dags/example_skip_dag.py took 0.088 seconds
[2023-10-19T22:45:42.229+0200] {processor.py:157} INFO - Started process (PID=33981) to work on /Users/nick/Desktop/airflow_dic/venv/lib/python3.11/site-packages/airflow/example_dags/example_skip_dag.py
[2023-10-19T22:45:42.231+0200] {processor.py:829} INFO - Processing file /Users/nick/Desktop/airflow_dic/venv/lib/python3.11/site-packages/airflow/example_dags/example_skip_dag.py for tasks to queue
[2023-10-19T22:45:42.231+0200] {logging_mixin.py:151} INFO - [2023-10-19T22:45:42.231+0200] {dagbag.py:539} INFO - Filling up the DagBag from /Users/nick/Desktop/airflow_dic/venv/lib/python3.11/site-packages/airflow/example_dags/example_skip_dag.py
[2023-10-19T22:45:42.240+0200] {processor.py:839} INFO - DAG(s) dict_keys(['example_skip_dag']) retrieved from /Users/nick/Desktop/airflow_dic/venv/lib/python3.11/site-packages/airflow/example_dags/example_skip_dag.py
[2023-10-19T22:45:42.296+0200] {logging_mixin.py:151} INFO - [2023-10-19T22:45:42.296+0200] {dag.py:2915} INFO - Sync 1 DAGs
[2023-10-19T22:45:42.301+0200] {logging_mixin.py:151} INFO - [2023-10-19T22:45:42.301+0200] {dag.py:3696} INFO - Setting next_dagrun for example_skip_dag to 2023-10-18T20:45:42.301519+00:00, run_after=2023-10-19T20:45:42.301519+00:00
[2023-10-19T22:45:42.307+0200] {processor.py:179} INFO - Processing /Users/nick/Desktop/airflow_dic/venv/lib/python3.11/site-packages/airflow/example_dags/example_skip_dag.py took 0.078 seconds
[2023-10-19T22:46:47.431+0200] {processor.py:157} INFO - Started process (PID=34106) to work on /Users/nick/Desktop/airflow_dic/venv/lib/python3.11/site-packages/airflow/example_dags/example_skip_dag.py
[2023-10-19T22:46:47.433+0200] {processor.py:829} INFO - Processing file /Users/nick/Desktop/airflow_dic/venv/lib/python3.11/site-packages/airflow/example_dags/example_skip_dag.py for tasks to queue
[2023-10-19T22:46:47.434+0200] {logging_mixin.py:151} INFO - [2023-10-19T22:46:47.434+0200] {dagbag.py:539} INFO - Filling up the DagBag from /Users/nick/Desktop/airflow_dic/venv/lib/python3.11/site-packages/airflow/example_dags/example_skip_dag.py
[2023-10-19T22:46:47.443+0200] {processor.py:839} INFO - DAG(s) dict_keys(['example_skip_dag']) retrieved from /Users/nick/Desktop/airflow_dic/venv/lib/python3.11/site-packages/airflow/example_dags/example_skip_dag.py
[2023-10-19T22:46:47.498+0200] {logging_mixin.py:151} INFO - [2023-10-19T22:46:47.498+0200] {dag.py:2915} INFO - Sync 1 DAGs
[2023-10-19T22:46:47.504+0200] {logging_mixin.py:151} INFO - [2023-10-19T22:46:47.504+0200] {dag.py:3696} INFO - Setting next_dagrun for example_skip_dag to 2023-10-18T20:46:47.503971+00:00, run_after=2023-10-19T20:46:47.503971+00:00
[2023-10-19T22:46:47.510+0200] {processor.py:179} INFO - Processing /Users/nick/Desktop/airflow_dic/venv/lib/python3.11/site-packages/airflow/example_dags/example_skip_dag.py took 0.079 seconds
[2023-10-19T22:47:54.846+0200] {processor.py:157} INFO - Started process (PID=34231) to work on /Users/nick/Desktop/airflow_dic/venv/lib/python3.11/site-packages/airflow/example_dags/example_skip_dag.py
[2023-10-19T22:47:54.848+0200] {processor.py:829} INFO - Processing file /Users/nick/Desktop/airflow_dic/venv/lib/python3.11/site-packages/airflow/example_dags/example_skip_dag.py for tasks to queue
[2023-10-19T22:47:54.848+0200] {logging_mixin.py:151} INFO - [2023-10-19T22:47:54.848+0200] {dagbag.py:539} INFO - Filling up the DagBag from /Users/nick/Desktop/airflow_dic/venv/lib/python3.11/site-packages/airflow/example_dags/example_skip_dag.py
[2023-10-19T22:47:54.860+0200] {processor.py:839} INFO - DAG(s) dict_keys(['example_skip_dag']) retrieved from /Users/nick/Desktop/airflow_dic/venv/lib/python3.11/site-packages/airflow/example_dags/example_skip_dag.py
[2023-10-19T22:47:54.926+0200] {logging_mixin.py:151} INFO - [2023-10-19T22:47:54.926+0200] {dag.py:2915} INFO - Sync 1 DAGs
[2023-10-19T22:47:54.932+0200] {logging_mixin.py:151} INFO - [2023-10-19T22:47:54.932+0200] {dag.py:3696} INFO - Setting next_dagrun for example_skip_dag to 2023-10-18T20:47:54.932703+00:00, run_after=2023-10-19T20:47:54.932703+00:00
[2023-10-19T22:47:54.940+0200] {processor.py:179} INFO - Processing /Users/nick/Desktop/airflow_dic/venv/lib/python3.11/site-packages/airflow/example_dags/example_skip_dag.py took 0.094 seconds
[2023-10-19T22:49:04.772+0200] {processor.py:157} INFO - Started process (PID=34374) to work on /Users/nick/Desktop/airflow_dic/venv/lib/python3.11/site-packages/airflow/example_dags/example_skip_dag.py
[2023-10-19T22:49:04.773+0200] {processor.py:829} INFO - Processing file /Users/nick/Desktop/airflow_dic/venv/lib/python3.11/site-packages/airflow/example_dags/example_skip_dag.py for tasks to queue
[2023-10-19T22:49:04.774+0200] {logging_mixin.py:151} INFO - [2023-10-19T22:49:04.774+0200] {dagbag.py:539} INFO - Filling up the DagBag from /Users/nick/Desktop/airflow_dic/venv/lib/python3.11/site-packages/airflow/example_dags/example_skip_dag.py
[2023-10-19T22:49:04.784+0200] {processor.py:839} INFO - DAG(s) dict_keys(['example_skip_dag']) retrieved from /Users/nick/Desktop/airflow_dic/venv/lib/python3.11/site-packages/airflow/example_dags/example_skip_dag.py
[2023-10-19T22:49:04.844+0200] {logging_mixin.py:151} INFO - [2023-10-19T22:49:04.844+0200] {dag.py:2915} INFO - Sync 1 DAGs
[2023-10-19T22:49:04.849+0200] {logging_mixin.py:151} INFO - [2023-10-19T22:49:04.849+0200] {dag.py:3696} INFO - Setting next_dagrun for example_skip_dag to 2023-10-18T20:49:04.849557+00:00, run_after=2023-10-19T20:49:04.849557+00:00
[2023-10-19T22:49:04.856+0200] {processor.py:179} INFO - Processing /Users/nick/Desktop/airflow_dic/venv/lib/python3.11/site-packages/airflow/example_dags/example_skip_dag.py took 0.084 seconds
[2023-10-19T22:50:13.795+0200] {processor.py:157} INFO - Started process (PID=34501) to work on /Users/nick/Desktop/airflow_dic/venv/lib/python3.11/site-packages/airflow/example_dags/example_skip_dag.py
[2023-10-19T22:50:13.796+0200] {processor.py:829} INFO - Processing file /Users/nick/Desktop/airflow_dic/venv/lib/python3.11/site-packages/airflow/example_dags/example_skip_dag.py for tasks to queue
[2023-10-19T22:50:13.796+0200] {logging_mixin.py:151} INFO - [2023-10-19T22:50:13.796+0200] {dagbag.py:539} INFO - Filling up the DagBag from /Users/nick/Desktop/airflow_dic/venv/lib/python3.11/site-packages/airflow/example_dags/example_skip_dag.py
[2023-10-19T22:50:13.807+0200] {processor.py:839} INFO - DAG(s) dict_keys(['example_skip_dag']) retrieved from /Users/nick/Desktop/airflow_dic/venv/lib/python3.11/site-packages/airflow/example_dags/example_skip_dag.py
[2023-10-19T22:50:13.869+0200] {logging_mixin.py:151} INFO - [2023-10-19T22:50:13.869+0200] {dag.py:2915} INFO - Sync 1 DAGs
[2023-10-19T22:50:13.875+0200] {logging_mixin.py:151} INFO - [2023-10-19T22:50:13.875+0200] {dag.py:3696} INFO - Setting next_dagrun for example_skip_dag to 2023-10-18T20:50:13.875082+00:00, run_after=2023-10-19T20:50:13.875082+00:00
[2023-10-19T22:50:13.881+0200] {processor.py:179} INFO - Processing /Users/nick/Desktop/airflow_dic/venv/lib/python3.11/site-packages/airflow/example_dags/example_skip_dag.py took 0.087 seconds
[2023-10-19T22:53:40.742+0200] {processor.py:157} INFO - Started process (PID=34820) to work on /Users/nick/Desktop/airflow_dic/venv/lib/python3.11/site-packages/airflow/example_dags/example_skip_dag.py
[2023-10-19T22:53:40.743+0200] {processor.py:829} INFO - Processing file /Users/nick/Desktop/airflow_dic/venv/lib/python3.11/site-packages/airflow/example_dags/example_skip_dag.py for tasks to queue
[2023-10-19T22:53:40.744+0200] {logging_mixin.py:151} INFO - [2023-10-19T22:53:40.743+0200] {dagbag.py:539} INFO - Filling up the DagBag from /Users/nick/Desktop/airflow_dic/venv/lib/python3.11/site-packages/airflow/example_dags/example_skip_dag.py
[2023-10-19T22:53:40.753+0200] {processor.py:839} INFO - DAG(s) dict_keys(['example_skip_dag']) retrieved from /Users/nick/Desktop/airflow_dic/venv/lib/python3.11/site-packages/airflow/example_dags/example_skip_dag.py
[2023-10-19T22:53:40.809+0200] {logging_mixin.py:151} INFO - [2023-10-19T22:53:40.809+0200] {dag.py:2915} INFO - Sync 1 DAGs
[2023-10-19T22:53:40.814+0200] {logging_mixin.py:151} INFO - [2023-10-19T22:53:40.814+0200] {dag.py:3696} INFO - Setting next_dagrun for example_skip_dag to 2023-10-18T20:53:40.814148+00:00, run_after=2023-10-19T20:53:40.814148+00:00
[2023-10-19T22:53:40.820+0200] {processor.py:179} INFO - Processing /Users/nick/Desktop/airflow_dic/venv/lib/python3.11/site-packages/airflow/example_dags/example_skip_dag.py took 0.078 seconds
[2023-10-19T22:54:43.729+0200] {processor.py:157} INFO - Started process (PID=34947) to work on /Users/nick/Desktop/airflow_dic/venv/lib/python3.11/site-packages/airflow/example_dags/example_skip_dag.py
[2023-10-19T22:54:43.731+0200] {processor.py:829} INFO - Processing file /Users/nick/Desktop/airflow_dic/venv/lib/python3.11/site-packages/airflow/example_dags/example_skip_dag.py for tasks to queue
[2023-10-19T22:54:43.731+0200] {logging_mixin.py:151} INFO - [2023-10-19T22:54:43.731+0200] {dagbag.py:539} INFO - Filling up the DagBag from /Users/nick/Desktop/airflow_dic/venv/lib/python3.11/site-packages/airflow/example_dags/example_skip_dag.py
[2023-10-19T22:54:43.741+0200] {processor.py:839} INFO - DAG(s) dict_keys(['example_skip_dag']) retrieved from /Users/nick/Desktop/airflow_dic/venv/lib/python3.11/site-packages/airflow/example_dags/example_skip_dag.py
[2023-10-19T22:54:43.796+0200] {logging_mixin.py:151} INFO - [2023-10-19T22:54:43.796+0200] {dag.py:2915} INFO - Sync 1 DAGs
[2023-10-19T22:54:43.801+0200] {logging_mixin.py:151} INFO - [2023-10-19T22:54:43.801+0200] {dag.py:3696} INFO - Setting next_dagrun for example_skip_dag to 2023-10-18T20:54:43.801589+00:00, run_after=2023-10-19T20:54:43.801589+00:00
[2023-10-19T22:54:43.807+0200] {processor.py:179} INFO - Processing /Users/nick/Desktop/airflow_dic/venv/lib/python3.11/site-packages/airflow/example_dags/example_skip_dag.py took 0.079 seconds
[2023-10-19T22:55:50.853+0200] {processor.py:157} INFO - Started process (PID=35084) to work on /Users/nick/Desktop/airflow_dic/venv/lib/python3.11/site-packages/airflow/example_dags/example_skip_dag.py
[2023-10-19T22:55:50.855+0200] {processor.py:829} INFO - Processing file /Users/nick/Desktop/airflow_dic/venv/lib/python3.11/site-packages/airflow/example_dags/example_skip_dag.py for tasks to queue
[2023-10-19T22:55:50.855+0200] {logging_mixin.py:151} INFO - [2023-10-19T22:55:50.855+0200] {dagbag.py:539} INFO - Filling up the DagBag from /Users/nick/Desktop/airflow_dic/venv/lib/python3.11/site-packages/airflow/example_dags/example_skip_dag.py
[2023-10-19T22:55:50.865+0200] {processor.py:839} INFO - DAG(s) dict_keys(['example_skip_dag']) retrieved from /Users/nick/Desktop/airflow_dic/venv/lib/python3.11/site-packages/airflow/example_dags/example_skip_dag.py
[2023-10-19T22:55:50.920+0200] {logging_mixin.py:151} INFO - [2023-10-19T22:55:50.920+0200] {dag.py:2915} INFO - Sync 1 DAGs
[2023-10-19T22:55:50.925+0200] {logging_mixin.py:151} INFO - [2023-10-19T22:55:50.925+0200] {dag.py:3696} INFO - Setting next_dagrun for example_skip_dag to 2023-10-18T20:55:50.925314+00:00, run_after=2023-10-19T20:55:50.925314+00:00
[2023-10-19T22:55:50.931+0200] {processor.py:179} INFO - Processing /Users/nick/Desktop/airflow_dic/venv/lib/python3.11/site-packages/airflow/example_dags/example_skip_dag.py took 0.078 seconds
[2023-10-19T22:57:01.380+0200] {processor.py:157} INFO - Started process (PID=35225) to work on /Users/nick/Desktop/airflow_dic/venv/lib/python3.11/site-packages/airflow/example_dags/example_skip_dag.py
[2023-10-19T22:57:01.381+0200] {processor.py:829} INFO - Processing file /Users/nick/Desktop/airflow_dic/venv/lib/python3.11/site-packages/airflow/example_dags/example_skip_dag.py for tasks to queue
[2023-10-19T22:57:01.381+0200] {logging_mixin.py:151} INFO - [2023-10-19T22:57:01.381+0200] {dagbag.py:539} INFO - Filling up the DagBag from /Users/nick/Desktop/airflow_dic/venv/lib/python3.11/site-packages/airflow/example_dags/example_skip_dag.py
[2023-10-19T22:57:01.391+0200] {processor.py:839} INFO - DAG(s) dict_keys(['example_skip_dag']) retrieved from /Users/nick/Desktop/airflow_dic/venv/lib/python3.11/site-packages/airflow/example_dags/example_skip_dag.py
[2023-10-19T22:57:01.448+0200] {logging_mixin.py:151} INFO - [2023-10-19T22:57:01.448+0200] {dag.py:2915} INFO - Sync 1 DAGs
[2023-10-19T22:57:01.454+0200] {logging_mixin.py:151} INFO - [2023-10-19T22:57:01.454+0200] {dag.py:3696} INFO - Setting next_dagrun for example_skip_dag to 2023-10-18T20:57:01.454085+00:00, run_after=2023-10-19T20:57:01.454085+00:00
[2023-10-19T22:57:01.460+0200] {processor.py:179} INFO - Processing /Users/nick/Desktop/airflow_dic/venv/lib/python3.11/site-packages/airflow/example_dags/example_skip_dag.py took 0.081 seconds
[2023-10-19T22:58:07.368+0200] {processor.py:157} INFO - Started process (PID=35357) to work on /Users/nick/Desktop/airflow_dic/venv/lib/python3.11/site-packages/airflow/example_dags/example_skip_dag.py
[2023-10-19T22:58:07.370+0200] {processor.py:829} INFO - Processing file /Users/nick/Desktop/airflow_dic/venv/lib/python3.11/site-packages/airflow/example_dags/example_skip_dag.py for tasks to queue
[2023-10-19T22:58:07.370+0200] {logging_mixin.py:151} INFO - [2023-10-19T22:58:07.370+0200] {dagbag.py:539} INFO - Filling up the DagBag from /Users/nick/Desktop/airflow_dic/venv/lib/python3.11/site-packages/airflow/example_dags/example_skip_dag.py
[2023-10-19T22:58:07.379+0200] {processor.py:839} INFO - DAG(s) dict_keys(['example_skip_dag']) retrieved from /Users/nick/Desktop/airflow_dic/venv/lib/python3.11/site-packages/airflow/example_dags/example_skip_dag.py
[2023-10-19T22:58:07.435+0200] {logging_mixin.py:151} INFO - [2023-10-19T22:58:07.435+0200] {dag.py:2915} INFO - Sync 1 DAGs
[2023-10-19T22:58:07.440+0200] {logging_mixin.py:151} INFO - [2023-10-19T22:58:07.440+0200] {dag.py:3696} INFO - Setting next_dagrun for example_skip_dag to 2023-10-18T20:58:07.440830+00:00, run_after=2023-10-19T20:58:07.440830+00:00
[2023-10-19T22:58:07.447+0200] {processor.py:179} INFO - Processing /Users/nick/Desktop/airflow_dic/venv/lib/python3.11/site-packages/airflow/example_dags/example_skip_dag.py took 0.078 seconds
[2023-10-19T22:59:14.284+0200] {processor.py:157} INFO - Started process (PID=35491) to work on /Users/nick/Desktop/airflow_dic/venv/lib/python3.11/site-packages/airflow/example_dags/example_skip_dag.py
[2023-10-19T22:59:14.285+0200] {processor.py:829} INFO - Processing file /Users/nick/Desktop/airflow_dic/venv/lib/python3.11/site-packages/airflow/example_dags/example_skip_dag.py for tasks to queue
[2023-10-19T22:59:14.286+0200] {logging_mixin.py:151} INFO - [2023-10-19T22:59:14.285+0200] {dagbag.py:539} INFO - Filling up the DagBag from /Users/nick/Desktop/airflow_dic/venv/lib/python3.11/site-packages/airflow/example_dags/example_skip_dag.py
[2023-10-19T22:59:14.296+0200] {processor.py:839} INFO - DAG(s) dict_keys(['example_skip_dag']) retrieved from /Users/nick/Desktop/airflow_dic/venv/lib/python3.11/site-packages/airflow/example_dags/example_skip_dag.py
[2023-10-19T22:59:14.357+0200] {logging_mixin.py:151} INFO - [2023-10-19T22:59:14.357+0200] {dag.py:2915} INFO - Sync 1 DAGs
[2023-10-19T22:59:14.362+0200] {logging_mixin.py:151} INFO - [2023-10-19T22:59:14.362+0200] {dag.py:3696} INFO - Setting next_dagrun for example_skip_dag to 2023-10-18T20:59:14.362606+00:00, run_after=2023-10-19T20:59:14.362606+00:00
[2023-10-19T22:59:14.369+0200] {processor.py:179} INFO - Processing /Users/nick/Desktop/airflow_dic/venv/lib/python3.11/site-packages/airflow/example_dags/example_skip_dag.py took 0.086 seconds
