[2023-10-19T22:17:22.486+0200] {processor.py:157} INFO - Started process (PID=28769) to work on /Users/nick/Desktop/airflow_dic/venv/lib/python3.11/site-packages/airflow/example_dags/example_sla_dag.py
[2023-10-19T22:17:22.487+0200] {processor.py:829} INFO - Processing file /Users/nick/Desktop/airflow_dic/venv/lib/python3.11/site-packages/airflow/example_dags/example_sla_dag.py for tasks to queue
[2023-10-19T22:17:22.487+0200] {logging_mixin.py:151} INFO - [2023-10-19T22:17:22.487+0200] {dagbag.py:539} INFO - Filling up the DagBag from /Users/nick/Desktop/airflow_dic/venv/lib/python3.11/site-packages/airflow/example_dags/example_sla_dag.py
[2023-10-19T22:17:22.507+0200] {processor.py:839} INFO - DAG(s) dict_keys(['example_sla_dag']) retrieved from /Users/nick/Desktop/airflow_dic/venv/lib/python3.11/site-packages/airflow/example_dags/example_sla_dag.py
[2023-10-19T22:17:22.772+0200] {logging_mixin.py:151} INFO - [2023-10-19T22:17:22.772+0200] {manager.py:499} INFO - Created Permission View: %s
[2023-10-19T22:17:22.774+0200] {logging_mixin.py:151} INFO - [2023-10-19T22:17:22.774+0200] {manager.py:499} INFO - Created Permission View: %s
[2023-10-19T22:17:22.776+0200] {logging_mixin.py:151} INFO - [2023-10-19T22:17:22.776+0200] {manager.py:499} INFO - Created Permission View: %s
[2023-10-19T22:17:22.776+0200] {logging_mixin.py:151} INFO - [2023-10-19T22:17:22.776+0200] {security.py:708} INFO - Not syncing DAG-level permissions for DAG 'DAG:example_sla_dag' as access control is unset.
[2023-10-19T22:17:22.776+0200] {logging_mixin.py:151} INFO - [2023-10-19T22:17:22.776+0200] {dag.py:2915} INFO - Sync 1 DAGs
[2023-10-19T22:17:22.780+0200] {logging_mixin.py:151} INFO - [2023-10-19T22:17:22.780+0200] {dag.py:2937} INFO - Creating ORM DAG for example_sla_dag
[2023-10-19T22:17:22.783+0200] {logging_mixin.py:151} INFO - [2023-10-19T22:17:22.783+0200] {dag.py:3696} INFO - Setting next_dagrun for example_sla_dag to 2023-10-19T20:14:00+00:00, run_after=2023-10-19T20:16:00+00:00
[2023-10-19T22:17:22.788+0200] {processor.py:179} INFO - Processing /Users/nick/Desktop/airflow_dic/venv/lib/python3.11/site-packages/airflow/example_dags/example_sla_dag.py took 0.302 seconds
[2023-10-19T22:18:21.698+0200] {processor.py:157} INFO - Started process (PID=28879) to work on /Users/nick/Desktop/airflow_dic/venv/lib/python3.11/site-packages/airflow/example_dags/example_sla_dag.py
[2023-10-19T22:18:21.700+0200] {processor.py:829} INFO - Processing file /Users/nick/Desktop/airflow_dic/venv/lib/python3.11/site-packages/airflow/example_dags/example_sla_dag.py for tasks to queue
[2023-10-19T22:18:21.700+0200] {logging_mixin.py:151} INFO - [2023-10-19T22:18:21.700+0200] {dagbag.py:539} INFO - Filling up the DagBag from /Users/nick/Desktop/airflow_dic/venv/lib/python3.11/site-packages/airflow/example_dags/example_sla_dag.py
[2023-10-19T22:18:21.719+0200] {processor.py:839} INFO - DAG(s) dict_keys(['example_sla_dag']) retrieved from /Users/nick/Desktop/airflow_dic/venv/lib/python3.11/site-packages/airflow/example_dags/example_sla_dag.py
[2023-10-19T22:18:21.772+0200] {logging_mixin.py:151} INFO - [2023-10-19T22:18:21.772+0200] {dag.py:2915} INFO - Sync 1 DAGs
[2023-10-19T22:18:21.779+0200] {logging_mixin.py:151} INFO - [2023-10-19T22:18:21.779+0200] {dag.py:3696} INFO - Setting next_dagrun for example_sla_dag to 2023-10-19T20:16:00+00:00, run_after=2023-10-19T20:18:00+00:00
[2023-10-19T22:18:21.785+0200] {processor.py:179} INFO - Processing /Users/nick/Desktop/airflow_dic/venv/lib/python3.11/site-packages/airflow/example_dags/example_sla_dag.py took 0.087 seconds
[2023-10-19T22:19:35.382+0200] {processor.py:157} INFO - Started process (PID=29019) to work on /Users/nick/Desktop/airflow_dic/venv/lib/python3.11/site-packages/airflow/example_dags/example_sla_dag.py
[2023-10-19T22:19:35.384+0200] {processor.py:829} INFO - Processing file /Users/nick/Desktop/airflow_dic/venv/lib/python3.11/site-packages/airflow/example_dags/example_sla_dag.py for tasks to queue
[2023-10-19T22:19:35.384+0200] {logging_mixin.py:151} INFO - [2023-10-19T22:19:35.384+0200] {dagbag.py:539} INFO - Filling up the DagBag from /Users/nick/Desktop/airflow_dic/venv/lib/python3.11/site-packages/airflow/example_dags/example_sla_dag.py
[2023-10-19T22:19:35.404+0200] {processor.py:839} INFO - DAG(s) dict_keys(['example_sla_dag']) retrieved from /Users/nick/Desktop/airflow_dic/venv/lib/python3.11/site-packages/airflow/example_dags/example_sla_dag.py
[2023-10-19T22:19:35.457+0200] {logging_mixin.py:151} INFO - [2023-10-19T22:19:35.457+0200] {dag.py:2915} INFO - Sync 1 DAGs
[2023-10-19T22:19:35.463+0200] {logging_mixin.py:151} INFO - [2023-10-19T22:19:35.463+0200] {dag.py:3696} INFO - Setting next_dagrun for example_sla_dag to 2023-10-19T20:16:00+00:00, run_after=2023-10-19T20:18:00+00:00
[2023-10-19T22:19:35.469+0200] {processor.py:179} INFO - Processing /Users/nick/Desktop/airflow_dic/venv/lib/python3.11/site-packages/airflow/example_dags/example_sla_dag.py took 0.088 seconds
[2023-10-19T22:20:40.962+0200] {processor.py:157} INFO - Started process (PID=29140) to work on /Users/nick/Desktop/airflow_dic/venv/lib/python3.11/site-packages/airflow/example_dags/example_sla_dag.py
[2023-10-19T22:20:40.963+0200] {processor.py:829} INFO - Processing file /Users/nick/Desktop/airflow_dic/venv/lib/python3.11/site-packages/airflow/example_dags/example_sla_dag.py for tasks to queue
[2023-10-19T22:20:40.963+0200] {logging_mixin.py:151} INFO - [2023-10-19T22:20:40.963+0200] {dagbag.py:539} INFO - Filling up the DagBag from /Users/nick/Desktop/airflow_dic/venv/lib/python3.11/site-packages/airflow/example_dags/example_sla_dag.py
[2023-10-19T22:20:40.984+0200] {processor.py:839} INFO - DAG(s) dict_keys(['example_sla_dag']) retrieved from /Users/nick/Desktop/airflow_dic/venv/lib/python3.11/site-packages/airflow/example_dags/example_sla_dag.py
[2023-10-19T22:20:41.038+0200] {logging_mixin.py:151} INFO - [2023-10-19T22:20:41.038+0200] {dag.py:2915} INFO - Sync 1 DAGs
[2023-10-19T22:20:41.045+0200] {logging_mixin.py:151} INFO - [2023-10-19T22:20:41.044+0200] {dag.py:3696} INFO - Setting next_dagrun for example_sla_dag to 2023-10-19T20:18:00+00:00, run_after=2023-10-19T20:20:00+00:00
[2023-10-19T22:20:41.050+0200] {processor.py:179} INFO - Processing /Users/nick/Desktop/airflow_dic/venv/lib/python3.11/site-packages/airflow/example_dags/example_sla_dag.py took 0.089 seconds
[2023-10-19T22:21:48.527+0200] {processor.py:157} INFO - Started process (PID=29280) to work on /Users/nick/Desktop/airflow_dic/venv/lib/python3.11/site-packages/airflow/example_dags/example_sla_dag.py
[2023-10-19T22:21:48.529+0200] {processor.py:829} INFO - Processing file /Users/nick/Desktop/airflow_dic/venv/lib/python3.11/site-packages/airflow/example_dags/example_sla_dag.py for tasks to queue
[2023-10-19T22:21:48.529+0200] {logging_mixin.py:151} INFO - [2023-10-19T22:21:48.529+0200] {dagbag.py:539} INFO - Filling up the DagBag from /Users/nick/Desktop/airflow_dic/venv/lib/python3.11/site-packages/airflow/example_dags/example_sla_dag.py
[2023-10-19T22:21:48.549+0200] {processor.py:839} INFO - DAG(s) dict_keys(['example_sla_dag']) retrieved from /Users/nick/Desktop/airflow_dic/venv/lib/python3.11/site-packages/airflow/example_dags/example_sla_dag.py
[2023-10-19T22:21:48.602+0200] {logging_mixin.py:151} INFO - [2023-10-19T22:21:48.602+0200] {dag.py:2915} INFO - Sync 1 DAGs
[2023-10-19T22:21:48.608+0200] {logging_mixin.py:151} INFO - [2023-10-19T22:21:48.608+0200] {dag.py:3696} INFO - Setting next_dagrun for example_sla_dag to 2023-10-19T20:18:00+00:00, run_after=2023-10-19T20:20:00+00:00
[2023-10-19T22:21:48.614+0200] {processor.py:179} INFO - Processing /Users/nick/Desktop/airflow_dic/venv/lib/python3.11/site-packages/airflow/example_dags/example_sla_dag.py took 0.087 seconds
[2023-10-19T22:22:29.766+0200] {processor.py:157} INFO - Started process (PID=29365) to work on /Users/nick/Desktop/airflow_dic/venv/lib/python3.11/site-packages/airflow/example_dags/example_sla_dag.py
[2023-10-19T22:22:29.768+0200] {processor.py:829} INFO - Processing file /Users/nick/Desktop/airflow_dic/venv/lib/python3.11/site-packages/airflow/example_dags/example_sla_dag.py for tasks to queue
[2023-10-19T22:22:29.769+0200] {logging_mixin.py:151} INFO - [2023-10-19T22:22:29.769+0200] {dagbag.py:539} INFO - Filling up the DagBag from /Users/nick/Desktop/airflow_dic/venv/lib/python3.11/site-packages/airflow/example_dags/example_sla_dag.py
[2023-10-19T22:22:29.789+0200] {processor.py:839} INFO - DAG(s) dict_keys(['example_sla_dag']) retrieved from /Users/nick/Desktop/airflow_dic/venv/lib/python3.11/site-packages/airflow/example_dags/example_sla_dag.py
[2023-10-19T22:22:29.843+0200] {logging_mixin.py:151} INFO - [2023-10-19T22:22:29.843+0200] {dag.py:2915} INFO - Sync 1 DAGs
[2023-10-19T22:22:29.850+0200] {logging_mixin.py:151} INFO - [2023-10-19T22:22:29.849+0200] {dag.py:3696} INFO - Setting next_dagrun for example_sla_dag to 2023-10-19T20:20:00+00:00, run_after=2023-10-19T20:22:00+00:00
[2023-10-19T22:22:29.856+0200] {processor.py:179} INFO - Processing /Users/nick/Desktop/airflow_dic/venv/lib/python3.11/site-packages/airflow/example_dags/example_sla_dag.py took 0.090 seconds
[2023-10-19T22:23:11.485+0200] {processor.py:157} INFO - Started process (PID=29456) to work on /Users/nick/Desktop/airflow_dic/venv/lib/python3.11/site-packages/airflow/example_dags/example_sla_dag.py
[2023-10-19T22:23:11.486+0200] {processor.py:829} INFO - Processing file /Users/nick/Desktop/airflow_dic/venv/lib/python3.11/site-packages/airflow/example_dags/example_sla_dag.py for tasks to queue
[2023-10-19T22:23:11.486+0200] {logging_mixin.py:151} INFO - [2023-10-19T22:23:11.486+0200] {dagbag.py:539} INFO - Filling up the DagBag from /Users/nick/Desktop/airflow_dic/venv/lib/python3.11/site-packages/airflow/example_dags/example_sla_dag.py
[2023-10-19T22:23:11.506+0200] {processor.py:839} INFO - DAG(s) dict_keys(['example_sla_dag']) retrieved from /Users/nick/Desktop/airflow_dic/venv/lib/python3.11/site-packages/airflow/example_dags/example_sla_dag.py
[2023-10-19T22:23:11.560+0200] {logging_mixin.py:151} INFO - [2023-10-19T22:23:11.560+0200] {dag.py:2915} INFO - Sync 1 DAGs
[2023-10-19T22:23:11.568+0200] {logging_mixin.py:151} INFO - [2023-10-19T22:23:11.567+0200] {dag.py:3696} INFO - Setting next_dagrun for example_sla_dag to 2023-10-19T20:20:00+00:00, run_after=2023-10-19T20:22:00+00:00
[2023-10-19T22:23:11.575+0200] {processor.py:179} INFO - Processing /Users/nick/Desktop/airflow_dic/venv/lib/python3.11/site-packages/airflow/example_dags/example_sla_dag.py took 0.090 seconds
[2023-10-19T22:24:14.458+0200] {processor.py:157} INFO - Started process (PID=29574) to work on /Users/nick/Desktop/airflow_dic/venv/lib/python3.11/site-packages/airflow/example_dags/example_sla_dag.py
[2023-10-19T22:24:14.459+0200] {processor.py:829} INFO - Processing file /Users/nick/Desktop/airflow_dic/venv/lib/python3.11/site-packages/airflow/example_dags/example_sla_dag.py for tasks to queue
[2023-10-19T22:24:14.460+0200] {logging_mixin.py:151} INFO - [2023-10-19T22:24:14.460+0200] {dagbag.py:539} INFO - Filling up the DagBag from /Users/nick/Desktop/airflow_dic/venv/lib/python3.11/site-packages/airflow/example_dags/example_sla_dag.py
[2023-10-19T22:24:14.481+0200] {processor.py:839} INFO - DAG(s) dict_keys(['example_sla_dag']) retrieved from /Users/nick/Desktop/airflow_dic/venv/lib/python3.11/site-packages/airflow/example_dags/example_sla_dag.py
[2023-10-19T22:24:14.542+0200] {logging_mixin.py:151} INFO - [2023-10-19T22:24:14.542+0200] {dag.py:2915} INFO - Sync 1 DAGs
[2023-10-19T22:24:14.549+0200] {logging_mixin.py:151} INFO - [2023-10-19T22:24:14.549+0200] {dag.py:3696} INFO - Setting next_dagrun for example_sla_dag to 2023-10-19T20:22:00+00:00, run_after=2023-10-19T20:24:00+00:00
[2023-10-19T22:24:14.557+0200] {processor.py:179} INFO - Processing /Users/nick/Desktop/airflow_dic/venv/lib/python3.11/site-packages/airflow/example_dags/example_sla_dag.py took 0.099 seconds
[2023-10-19T22:25:17.016+0200] {processor.py:157} INFO - Started process (PID=29713) to work on /Users/nick/Desktop/airflow_dic/venv/lib/python3.11/site-packages/airflow/example_dags/example_sla_dag.py
[2023-10-19T22:25:17.018+0200] {processor.py:829} INFO - Processing file /Users/nick/Desktop/airflow_dic/venv/lib/python3.11/site-packages/airflow/example_dags/example_sla_dag.py for tasks to queue
[2023-10-19T22:25:17.018+0200] {logging_mixin.py:151} INFO - [2023-10-19T22:25:17.018+0200] {dagbag.py:539} INFO - Filling up the DagBag from /Users/nick/Desktop/airflow_dic/venv/lib/python3.11/site-packages/airflow/example_dags/example_sla_dag.py
[2023-10-19T22:25:17.038+0200] {processor.py:839} INFO - DAG(s) dict_keys(['example_sla_dag']) retrieved from /Users/nick/Desktop/airflow_dic/venv/lib/python3.11/site-packages/airflow/example_dags/example_sla_dag.py
[2023-10-19T22:25:17.093+0200] {logging_mixin.py:151} INFO - [2023-10-19T22:25:17.093+0200] {dag.py:2915} INFO - Sync 1 DAGs
[2023-10-19T22:25:17.100+0200] {logging_mixin.py:151} INFO - [2023-10-19T22:25:17.100+0200] {dag.py:3696} INFO - Setting next_dagrun for example_sla_dag to 2023-10-19T20:22:00+00:00, run_after=2023-10-19T20:24:00+00:00
[2023-10-19T22:25:17.106+0200] {processor.py:179} INFO - Processing /Users/nick/Desktop/airflow_dic/venv/lib/python3.11/site-packages/airflow/example_dags/example_sla_dag.py took 0.091 seconds
[2023-10-19T22:26:30.002+0200] {processor.py:157} INFO - Started process (PID=31727) to work on /Users/nick/Desktop/airflow_dic/venv/lib/python3.11/site-packages/airflow/example_dags/example_sla_dag.py
[2023-10-19T22:26:30.005+0200] {processor.py:829} INFO - Processing file /Users/nick/Desktop/airflow_dic/venv/lib/python3.11/site-packages/airflow/example_dags/example_sla_dag.py for tasks to queue
[2023-10-19T22:26:30.005+0200] {logging_mixin.py:151} INFO - [2023-10-19T22:26:30.005+0200] {dagbag.py:539} INFO - Filling up the DagBag from /Users/nick/Desktop/airflow_dic/venv/lib/python3.11/site-packages/airflow/example_dags/example_sla_dag.py
[2023-10-19T22:26:30.027+0200] {processor.py:839} INFO - DAG(s) dict_keys(['example_sla_dag']) retrieved from /Users/nick/Desktop/airflow_dic/venv/lib/python3.11/site-packages/airflow/example_dags/example_sla_dag.py
[2023-10-19T22:26:30.328+0200] {logging_mixin.py:151} INFO - [2023-10-19T22:26:30.328+0200] {security.py:708} INFO - Not syncing DAG-level permissions for DAG 'DAG:example_sla_dag' as access control is unset.
[2023-10-19T22:26:30.328+0200] {logging_mixin.py:151} INFO - [2023-10-19T22:26:30.328+0200] {dag.py:2915} INFO - Sync 1 DAGs
[2023-10-19T22:26:30.332+0200] {logging_mixin.py:151} INFO - [2023-10-19T22:26:30.332+0200] {dag.py:2937} INFO - Creating ORM DAG for example_sla_dag
[2023-10-19T22:26:30.336+0200] {logging_mixin.py:151} INFO - [2023-10-19T22:26:30.336+0200] {dag.py:3696} INFO - Setting next_dagrun for example_sla_dag to 2023-10-19T20:24:00+00:00, run_after=2023-10-19T20:26:00+00:00
[2023-10-19T22:26:30.343+0200] {processor.py:179} INFO - Processing /Users/nick/Desktop/airflow_dic/venv/lib/python3.11/site-packages/airflow/example_dags/example_sla_dag.py took 0.341 seconds
[2023-10-19T22:27:36.949+0200] {processor.py:157} INFO - Started process (PID=31851) to work on /Users/nick/Desktop/airflow_dic/venv/lib/python3.11/site-packages/airflow/example_dags/example_sla_dag.py
[2023-10-19T22:27:36.950+0200] {processor.py:829} INFO - Processing file /Users/nick/Desktop/airflow_dic/venv/lib/python3.11/site-packages/airflow/example_dags/example_sla_dag.py for tasks to queue
[2023-10-19T22:27:36.950+0200] {logging_mixin.py:151} INFO - [2023-10-19T22:27:36.950+0200] {dagbag.py:539} INFO - Filling up the DagBag from /Users/nick/Desktop/airflow_dic/venv/lib/python3.11/site-packages/airflow/example_dags/example_sla_dag.py
[2023-10-19T22:27:36.973+0200] {processor.py:839} INFO - DAG(s) dict_keys(['example_sla_dag']) retrieved from /Users/nick/Desktop/airflow_dic/venv/lib/python3.11/site-packages/airflow/example_dags/example_sla_dag.py
[2023-10-19T22:27:37.272+0200] {logging_mixin.py:151} INFO - [2023-10-19T22:27:37.271+0200] {security.py:708} INFO - Not syncing DAG-level permissions for DAG 'DAG:example_sla_dag' as access control is unset.
[2023-10-19T22:27:37.272+0200] {logging_mixin.py:151} INFO - [2023-10-19T22:27:37.272+0200] {dag.py:2915} INFO - Sync 1 DAGs
[2023-10-19T22:27:37.275+0200] {logging_mixin.py:151} INFO - [2023-10-19T22:27:37.275+0200] {dag.py:2937} INFO - Creating ORM DAG for example_sla_dag
[2023-10-19T22:27:37.279+0200] {logging_mixin.py:151} INFO - [2023-10-19T22:27:37.279+0200] {dag.py:3696} INFO - Setting next_dagrun for example_sla_dag to 2023-10-19T20:24:00+00:00, run_after=2023-10-19T20:26:00+00:00
[2023-10-19T22:27:37.286+0200] {processor.py:179} INFO - Processing /Users/nick/Desktop/airflow_dic/venv/lib/python3.11/site-packages/airflow/example_dags/example_sla_dag.py took 0.338 seconds
[2023-10-19T22:28:51.152+0200] {processor.py:157} INFO - Started process (PID=32004) to work on /Users/nick/Desktop/airflow_dic/venv/lib/python3.11/site-packages/airflow/example_dags/example_sla_dag.py
[2023-10-19T22:28:51.154+0200] {processor.py:829} INFO - Processing file /Users/nick/Desktop/airflow_dic/venv/lib/python3.11/site-packages/airflow/example_dags/example_sla_dag.py for tasks to queue
[2023-10-19T22:28:51.154+0200] {logging_mixin.py:151} INFO - [2023-10-19T22:28:51.154+0200] {dagbag.py:539} INFO - Filling up the DagBag from /Users/nick/Desktop/airflow_dic/venv/lib/python3.11/site-packages/airflow/example_dags/example_sla_dag.py
[2023-10-19T22:28:51.174+0200] {processor.py:839} INFO - DAG(s) dict_keys(['example_sla_dag']) retrieved from /Users/nick/Desktop/airflow_dic/venv/lib/python3.11/site-packages/airflow/example_dags/example_sla_dag.py
[2023-10-19T22:28:51.228+0200] {logging_mixin.py:151} INFO - [2023-10-19T22:28:51.228+0200] {dag.py:2915} INFO - Sync 1 DAGs
[2023-10-19T22:28:51.235+0200] {logging_mixin.py:151} INFO - [2023-10-19T22:28:51.235+0200] {dag.py:3696} INFO - Setting next_dagrun for example_sla_dag to 2023-10-19T20:26:00+00:00, run_after=2023-10-19T20:28:00+00:00
[2023-10-19T22:28:51.241+0200] {processor.py:179} INFO - Processing /Users/nick/Desktop/airflow_dic/venv/lib/python3.11/site-packages/airflow/example_dags/example_sla_dag.py took 0.089 seconds
[2023-10-19T22:29:56.487+0200] {processor.py:157} INFO - Started process (PID=32132) to work on /Users/nick/Desktop/airflow_dic/venv/lib/python3.11/site-packages/airflow/example_dags/example_sla_dag.py
[2023-10-19T22:29:56.489+0200] {processor.py:829} INFO - Processing file /Users/nick/Desktop/airflow_dic/venv/lib/python3.11/site-packages/airflow/example_dags/example_sla_dag.py for tasks to queue
[2023-10-19T22:29:56.489+0200] {logging_mixin.py:151} INFO - [2023-10-19T22:29:56.489+0200] {dagbag.py:539} INFO - Filling up the DagBag from /Users/nick/Desktop/airflow_dic/venv/lib/python3.11/site-packages/airflow/example_dags/example_sla_dag.py
[2023-10-19T22:29:56.509+0200] {processor.py:839} INFO - DAG(s) dict_keys(['example_sla_dag']) retrieved from /Users/nick/Desktop/airflow_dic/venv/lib/python3.11/site-packages/airflow/example_dags/example_sla_dag.py
[2023-10-19T22:29:56.562+0200] {logging_mixin.py:151} INFO - [2023-10-19T22:29:56.562+0200] {dag.py:2915} INFO - Sync 1 DAGs
[2023-10-19T22:29:56.568+0200] {logging_mixin.py:151} INFO - [2023-10-19T22:29:56.568+0200] {dag.py:3696} INFO - Setting next_dagrun for example_sla_dag to 2023-10-19T20:26:00+00:00, run_after=2023-10-19T20:28:00+00:00
[2023-10-19T22:29:56.574+0200] {processor.py:179} INFO - Processing /Users/nick/Desktop/airflow_dic/venv/lib/python3.11/site-packages/airflow/example_dags/example_sla_dag.py took 0.087 seconds
[2023-10-19T22:31:16.765+0200] {processor.py:157} INFO - Started process (PID=32296) to work on /Users/nick/Desktop/airflow_dic/venv/lib/python3.11/site-packages/airflow/example_dags/example_sla_dag.py
[2023-10-19T22:31:16.767+0200] {processor.py:829} INFO - Processing file /Users/nick/Desktop/airflow_dic/venv/lib/python3.11/site-packages/airflow/example_dags/example_sla_dag.py for tasks to queue
[2023-10-19T22:31:16.767+0200] {logging_mixin.py:151} INFO - [2023-10-19T22:31:16.767+0200] {dagbag.py:539} INFO - Filling up the DagBag from /Users/nick/Desktop/airflow_dic/venv/lib/python3.11/site-packages/airflow/example_dags/example_sla_dag.py
[2023-10-19T22:31:16.787+0200] {processor.py:839} INFO - DAG(s) dict_keys(['example_sla_dag']) retrieved from /Users/nick/Desktop/airflow_dic/venv/lib/python3.11/site-packages/airflow/example_dags/example_sla_dag.py
[2023-10-19T22:31:16.840+0200] {logging_mixin.py:151} INFO - [2023-10-19T22:31:16.840+0200] {dag.py:2915} INFO - Sync 1 DAGs
[2023-10-19T22:31:16.847+0200] {logging_mixin.py:151} INFO - [2023-10-19T22:31:16.847+0200] {dag.py:3696} INFO - Setting next_dagrun for example_sla_dag to 2023-10-19T20:28:00+00:00, run_after=2023-10-19T20:30:00+00:00
[2023-10-19T22:31:16.853+0200] {processor.py:179} INFO - Processing /Users/nick/Desktop/airflow_dic/venv/lib/python3.11/site-packages/airflow/example_dags/example_sla_dag.py took 0.088 seconds
[2023-10-19T22:32:21.094+0200] {processor.py:157} INFO - Started process (PID=32412) to work on /Users/nick/Desktop/airflow_dic/venv/lib/python3.11/site-packages/airflow/example_dags/example_sla_dag.py
[2023-10-19T22:32:21.095+0200] {processor.py:829} INFO - Processing file /Users/nick/Desktop/airflow_dic/venv/lib/python3.11/site-packages/airflow/example_dags/example_sla_dag.py for tasks to queue
[2023-10-19T22:32:21.095+0200] {logging_mixin.py:151} INFO - [2023-10-19T22:32:21.095+0200] {dagbag.py:539} INFO - Filling up the DagBag from /Users/nick/Desktop/airflow_dic/venv/lib/python3.11/site-packages/airflow/example_dags/example_sla_dag.py
[2023-10-19T22:32:21.117+0200] {processor.py:839} INFO - DAG(s) dict_keys(['example_sla_dag']) retrieved from /Users/nick/Desktop/airflow_dic/venv/lib/python3.11/site-packages/airflow/example_dags/example_sla_dag.py
[2023-10-19T22:32:21.174+0200] {logging_mixin.py:151} INFO - [2023-10-19T22:32:21.174+0200] {dag.py:2915} INFO - Sync 1 DAGs
[2023-10-19T22:32:21.181+0200] {logging_mixin.py:151} INFO - [2023-10-19T22:32:21.181+0200] {dag.py:3696} INFO - Setting next_dagrun for example_sla_dag to 2023-10-19T20:30:00+00:00, run_after=2023-10-19T20:32:00+00:00
[2023-10-19T22:32:21.189+0200] {processor.py:179} INFO - Processing /Users/nick/Desktop/airflow_dic/venv/lib/python3.11/site-packages/airflow/example_dags/example_sla_dag.py took 0.095 seconds
[2023-10-19T22:33:28.601+0200] {processor.py:157} INFO - Started process (PID=32535) to work on /Users/nick/Desktop/airflow_dic/venv/lib/python3.11/site-packages/airflow/example_dags/example_sla_dag.py
[2023-10-19T22:33:28.603+0200] {processor.py:829} INFO - Processing file /Users/nick/Desktop/airflow_dic/venv/lib/python3.11/site-packages/airflow/example_dags/example_sla_dag.py for tasks to queue
[2023-10-19T22:33:28.603+0200] {logging_mixin.py:151} INFO - [2023-10-19T22:33:28.603+0200] {dagbag.py:539} INFO - Filling up the DagBag from /Users/nick/Desktop/airflow_dic/venv/lib/python3.11/site-packages/airflow/example_dags/example_sla_dag.py
[2023-10-19T22:33:28.626+0200] {processor.py:839} INFO - DAG(s) dict_keys(['example_sla_dag']) retrieved from /Users/nick/Desktop/airflow_dic/venv/lib/python3.11/site-packages/airflow/example_dags/example_sla_dag.py
[2023-10-19T22:33:28.684+0200] {logging_mixin.py:151} INFO - [2023-10-19T22:33:28.684+0200] {dag.py:2915} INFO - Sync 1 DAGs
[2023-10-19T22:33:28.692+0200] {logging_mixin.py:151} INFO - [2023-10-19T22:33:28.691+0200] {dag.py:3696} INFO - Setting next_dagrun for example_sla_dag to 2023-10-19T20:30:00+00:00, run_after=2023-10-19T20:32:00+00:00
[2023-10-19T22:33:28.699+0200] {processor.py:179} INFO - Processing /Users/nick/Desktop/airflow_dic/venv/lib/python3.11/site-packages/airflow/example_dags/example_sla_dag.py took 0.098 seconds
[2023-10-19T22:34:40.325+0200] {processor.py:157} INFO - Started process (PID=32689) to work on /Users/nick/Desktop/airflow_dic/venv/lib/python3.11/site-packages/airflow/example_dags/example_sla_dag.py
[2023-10-19T22:34:40.328+0200] {processor.py:829} INFO - Processing file /Users/nick/Desktop/airflow_dic/venv/lib/python3.11/site-packages/airflow/example_dags/example_sla_dag.py for tasks to queue
[2023-10-19T22:34:40.328+0200] {logging_mixin.py:151} INFO - [2023-10-19T22:34:40.328+0200] {dagbag.py:539} INFO - Filling up the DagBag from /Users/nick/Desktop/airflow_dic/venv/lib/python3.11/site-packages/airflow/example_dags/example_sla_dag.py
[2023-10-19T22:34:40.347+0200] {processor.py:839} INFO - DAG(s) dict_keys(['example_sla_dag']) retrieved from /Users/nick/Desktop/airflow_dic/venv/lib/python3.11/site-packages/airflow/example_dags/example_sla_dag.py
[2023-10-19T22:34:40.402+0200] {logging_mixin.py:151} INFO - [2023-10-19T22:34:40.401+0200] {dag.py:2915} INFO - Sync 1 DAGs
[2023-10-19T22:34:40.408+0200] {logging_mixin.py:151} INFO - [2023-10-19T22:34:40.408+0200] {dag.py:3696} INFO - Setting next_dagrun for example_sla_dag to 2023-10-19T20:32:00+00:00, run_after=2023-10-19T20:34:00+00:00
[2023-10-19T22:34:40.415+0200] {processor.py:179} INFO - Processing /Users/nick/Desktop/airflow_dic/venv/lib/python3.11/site-packages/airflow/example_dags/example_sla_dag.py took 0.089 seconds
[2023-10-19T22:35:47.017+0200] {processor.py:157} INFO - Started process (PID=32847) to work on /Users/nick/Desktop/airflow_dic/venv/lib/python3.11/site-packages/airflow/example_dags/example_sla_dag.py
[2023-10-19T22:35:47.019+0200] {processor.py:829} INFO - Processing file /Users/nick/Desktop/airflow_dic/venv/lib/python3.11/site-packages/airflow/example_dags/example_sla_dag.py for tasks to queue
[2023-10-19T22:35:47.019+0200] {logging_mixin.py:151} INFO - [2023-10-19T22:35:47.019+0200] {dagbag.py:539} INFO - Filling up the DagBag from /Users/nick/Desktop/airflow_dic/venv/lib/python3.11/site-packages/airflow/example_dags/example_sla_dag.py
[2023-10-19T22:35:47.040+0200] {processor.py:839} INFO - DAG(s) dict_keys(['example_sla_dag']) retrieved from /Users/nick/Desktop/airflow_dic/venv/lib/python3.11/site-packages/airflow/example_dags/example_sla_dag.py
[2023-10-19T22:35:47.095+0200] {logging_mixin.py:151} INFO - [2023-10-19T22:35:47.095+0200] {dag.py:2915} INFO - Sync 1 DAGs
[2023-10-19T22:35:47.102+0200] {logging_mixin.py:151} INFO - [2023-10-19T22:35:47.102+0200] {dag.py:3696} INFO - Setting next_dagrun for example_sla_dag to 2023-10-19T20:32:00+00:00, run_after=2023-10-19T20:34:00+00:00
[2023-10-19T22:35:47.108+0200] {processor.py:179} INFO - Processing /Users/nick/Desktop/airflow_dic/venv/lib/python3.11/site-packages/airflow/example_dags/example_sla_dag.py took 0.092 seconds
[2023-10-19T22:36:56.042+0200] {processor.py:157} INFO - Started process (PID=32977) to work on /Users/nick/Desktop/airflow_dic/venv/lib/python3.11/site-packages/airflow/example_dags/example_sla_dag.py
[2023-10-19T22:36:56.043+0200] {processor.py:829} INFO - Processing file /Users/nick/Desktop/airflow_dic/venv/lib/python3.11/site-packages/airflow/example_dags/example_sla_dag.py for tasks to queue
[2023-10-19T22:36:56.044+0200] {logging_mixin.py:151} INFO - [2023-10-19T22:36:56.044+0200] {dagbag.py:539} INFO - Filling up the DagBag from /Users/nick/Desktop/airflow_dic/venv/lib/python3.11/site-packages/airflow/example_dags/example_sla_dag.py
[2023-10-19T22:36:56.064+0200] {processor.py:839} INFO - DAG(s) dict_keys(['example_sla_dag']) retrieved from /Users/nick/Desktop/airflow_dic/venv/lib/python3.11/site-packages/airflow/example_dags/example_sla_dag.py
[2023-10-19T22:36:56.117+0200] {logging_mixin.py:151} INFO - [2023-10-19T22:36:56.117+0200] {dag.py:2915} INFO - Sync 1 DAGs
[2023-10-19T22:36:56.125+0200] {logging_mixin.py:151} INFO - [2023-10-19T22:36:56.125+0200] {dag.py:3696} INFO - Setting next_dagrun for example_sla_dag to 2023-10-19T20:34:00+00:00, run_after=2023-10-19T20:36:00+00:00
[2023-10-19T22:36:56.133+0200] {processor.py:179} INFO - Processing /Users/nick/Desktop/airflow_dic/venv/lib/python3.11/site-packages/airflow/example_dags/example_sla_dag.py took 0.092 seconds
[2023-10-19T22:38:04.206+0200] {processor.py:157} INFO - Started process (PID=33104) to work on /Users/nick/Desktop/airflow_dic/venv/lib/python3.11/site-packages/airflow/example_dags/example_sla_dag.py
[2023-10-19T22:38:04.207+0200] {processor.py:829} INFO - Processing file /Users/nick/Desktop/airflow_dic/venv/lib/python3.11/site-packages/airflow/example_dags/example_sla_dag.py for tasks to queue
[2023-10-19T22:38:04.208+0200] {logging_mixin.py:151} INFO - [2023-10-19T22:38:04.208+0200] {dagbag.py:539} INFO - Filling up the DagBag from /Users/nick/Desktop/airflow_dic/venv/lib/python3.11/site-packages/airflow/example_dags/example_sla_dag.py
[2023-10-19T22:38:04.227+0200] {processor.py:839} INFO - DAG(s) dict_keys(['example_sla_dag']) retrieved from /Users/nick/Desktop/airflow_dic/venv/lib/python3.11/site-packages/airflow/example_dags/example_sla_dag.py
[2023-10-19T22:38:04.283+0200] {logging_mixin.py:151} INFO - [2023-10-19T22:38:04.283+0200] {dag.py:2915} INFO - Sync 1 DAGs
[2023-10-19T22:38:04.289+0200] {logging_mixin.py:151} INFO - [2023-10-19T22:38:04.289+0200] {dag.py:3696} INFO - Setting next_dagrun for example_sla_dag to 2023-10-19T20:36:00+00:00, run_after=2023-10-19T20:38:00+00:00
[2023-10-19T22:38:04.296+0200] {processor.py:179} INFO - Processing /Users/nick/Desktop/airflow_dic/venv/lib/python3.11/site-packages/airflow/example_dags/example_sla_dag.py took 0.090 seconds
[2023-10-19T22:39:11.567+0200] {processor.py:157} INFO - Started process (PID=33230) to work on /Users/nick/Desktop/airflow_dic/venv/lib/python3.11/site-packages/airflow/example_dags/example_sla_dag.py
[2023-10-19T22:39:11.568+0200] {processor.py:829} INFO - Processing file /Users/nick/Desktop/airflow_dic/venv/lib/python3.11/site-packages/airflow/example_dags/example_sla_dag.py for tasks to queue
[2023-10-19T22:39:11.568+0200] {logging_mixin.py:151} INFO - [2023-10-19T22:39:11.568+0200] {dagbag.py:539} INFO - Filling up the DagBag from /Users/nick/Desktop/airflow_dic/venv/lib/python3.11/site-packages/airflow/example_dags/example_sla_dag.py
[2023-10-19T22:39:11.588+0200] {processor.py:839} INFO - DAG(s) dict_keys(['example_sla_dag']) retrieved from /Users/nick/Desktop/airflow_dic/venv/lib/python3.11/site-packages/airflow/example_dags/example_sla_dag.py
[2023-10-19T22:39:11.643+0200] {logging_mixin.py:151} INFO - [2023-10-19T22:39:11.643+0200] {dag.py:2915} INFO - Sync 1 DAGs
[2023-10-19T22:39:11.649+0200] {logging_mixin.py:151} INFO - [2023-10-19T22:39:11.649+0200] {dag.py:3696} INFO - Setting next_dagrun for example_sla_dag to 2023-10-19T20:36:00+00:00, run_after=2023-10-19T20:38:00+00:00
[2023-10-19T22:39:11.655+0200] {processor.py:179} INFO - Processing /Users/nick/Desktop/airflow_dic/venv/lib/python3.11/site-packages/airflow/example_dags/example_sla_dag.py took 0.089 seconds
[2023-10-19T22:40:17.503+0200] {processor.py:157} INFO - Started process (PID=33357) to work on /Users/nick/Desktop/airflow_dic/venv/lib/python3.11/site-packages/airflow/example_dags/example_sla_dag.py
[2023-10-19T22:40:17.504+0200] {processor.py:829} INFO - Processing file /Users/nick/Desktop/airflow_dic/venv/lib/python3.11/site-packages/airflow/example_dags/example_sla_dag.py for tasks to queue
[2023-10-19T22:40:17.504+0200] {logging_mixin.py:151} INFO - [2023-10-19T22:40:17.504+0200] {dagbag.py:539} INFO - Filling up the DagBag from /Users/nick/Desktop/airflow_dic/venv/lib/python3.11/site-packages/airflow/example_dags/example_sla_dag.py
[2023-10-19T22:40:17.524+0200] {processor.py:839} INFO - DAG(s) dict_keys(['example_sla_dag']) retrieved from /Users/nick/Desktop/airflow_dic/venv/lib/python3.11/site-packages/airflow/example_dags/example_sla_dag.py
[2023-10-19T22:40:17.577+0200] {logging_mixin.py:151} INFO - [2023-10-19T22:40:17.577+0200] {dag.py:2915} INFO - Sync 1 DAGs
[2023-10-19T22:40:17.584+0200] {logging_mixin.py:151} INFO - [2023-10-19T22:40:17.584+0200] {dag.py:3696} INFO - Setting next_dagrun for example_sla_dag to 2023-10-19T20:38:00+00:00, run_after=2023-10-19T20:40:00+00:00
[2023-10-19T22:40:17.590+0200] {processor.py:179} INFO - Processing /Users/nick/Desktop/airflow_dic/venv/lib/python3.11/site-packages/airflow/example_dags/example_sla_dag.py took 0.087 seconds
[2023-10-19T22:41:27.778+0200] {processor.py:157} INFO - Started process (PID=33486) to work on /Users/nick/Desktop/airflow_dic/venv/lib/python3.11/site-packages/airflow/example_dags/example_sla_dag.py
[2023-10-19T22:41:27.779+0200] {processor.py:829} INFO - Processing file /Users/nick/Desktop/airflow_dic/venv/lib/python3.11/site-packages/airflow/example_dags/example_sla_dag.py for tasks to queue
[2023-10-19T22:41:27.779+0200] {logging_mixin.py:151} INFO - [2023-10-19T22:41:27.779+0200] {dagbag.py:539} INFO - Filling up the DagBag from /Users/nick/Desktop/airflow_dic/venv/lib/python3.11/site-packages/airflow/example_dags/example_sla_dag.py
[2023-10-19T22:41:27.800+0200] {processor.py:839} INFO - DAG(s) dict_keys(['example_sla_dag']) retrieved from /Users/nick/Desktop/airflow_dic/venv/lib/python3.11/site-packages/airflow/example_dags/example_sla_dag.py
[2023-10-19T22:41:27.855+0200] {logging_mixin.py:151} INFO - [2023-10-19T22:41:27.855+0200] {dag.py:2915} INFO - Sync 1 DAGs
[2023-10-19T22:41:27.862+0200] {logging_mixin.py:151} INFO - [2023-10-19T22:41:27.862+0200] {dag.py:3696} INFO - Setting next_dagrun for example_sla_dag to 2023-10-19T20:38:00+00:00, run_after=2023-10-19T20:40:00+00:00
[2023-10-19T22:41:27.869+0200] {processor.py:179} INFO - Processing /Users/nick/Desktop/airflow_dic/venv/lib/python3.11/site-packages/airflow/example_dags/example_sla_dag.py took 0.092 seconds
[2023-10-19T22:42:38.377+0200] {processor.py:157} INFO - Started process (PID=33616) to work on /Users/nick/Desktop/airflow_dic/venv/lib/python3.11/site-packages/airflow/example_dags/example_sla_dag.py
[2023-10-19T22:42:38.379+0200] {processor.py:829} INFO - Processing file /Users/nick/Desktop/airflow_dic/venv/lib/python3.11/site-packages/airflow/example_dags/example_sla_dag.py for tasks to queue
[2023-10-19T22:42:38.379+0200] {logging_mixin.py:151} INFO - [2023-10-19T22:42:38.379+0200] {dagbag.py:539} INFO - Filling up the DagBag from /Users/nick/Desktop/airflow_dic/venv/lib/python3.11/site-packages/airflow/example_dags/example_sla_dag.py
[2023-10-19T22:42:38.399+0200] {processor.py:839} INFO - DAG(s) dict_keys(['example_sla_dag']) retrieved from /Users/nick/Desktop/airflow_dic/venv/lib/python3.11/site-packages/airflow/example_dags/example_sla_dag.py
[2023-10-19T22:42:38.452+0200] {logging_mixin.py:151} INFO - [2023-10-19T22:42:38.452+0200] {dag.py:2915} INFO - Sync 1 DAGs
[2023-10-19T22:42:38.459+0200] {logging_mixin.py:151} INFO - [2023-10-19T22:42:38.459+0200] {dag.py:3696} INFO - Setting next_dagrun for example_sla_dag to 2023-10-19T20:40:00+00:00, run_after=2023-10-19T20:42:00+00:00
[2023-10-19T22:42:38.465+0200] {processor.py:179} INFO - Processing /Users/nick/Desktop/airflow_dic/venv/lib/python3.11/site-packages/airflow/example_dags/example_sla_dag.py took 0.088 seconds
[2023-10-19T22:43:47.219+0200] {processor.py:157} INFO - Started process (PID=33742) to work on /Users/nick/Desktop/airflow_dic/venv/lib/python3.11/site-packages/airflow/example_dags/example_sla_dag.py
[2023-10-19T22:43:47.220+0200] {processor.py:829} INFO - Processing file /Users/nick/Desktop/airflow_dic/venv/lib/python3.11/site-packages/airflow/example_dags/example_sla_dag.py for tasks to queue
[2023-10-19T22:43:47.220+0200] {logging_mixin.py:151} INFO - [2023-10-19T22:43:47.220+0200] {dagbag.py:539} INFO - Filling up the DagBag from /Users/nick/Desktop/airflow_dic/venv/lib/python3.11/site-packages/airflow/example_dags/example_sla_dag.py
[2023-10-19T22:43:47.240+0200] {processor.py:839} INFO - DAG(s) dict_keys(['example_sla_dag']) retrieved from /Users/nick/Desktop/airflow_dic/venv/lib/python3.11/site-packages/airflow/example_dags/example_sla_dag.py
[2023-10-19T22:43:47.293+0200] {logging_mixin.py:151} INFO - [2023-10-19T22:43:47.293+0200] {dag.py:2915} INFO - Sync 1 DAGs
[2023-10-19T22:43:47.300+0200] {logging_mixin.py:151} INFO - [2023-10-19T22:43:47.300+0200] {dag.py:3696} INFO - Setting next_dagrun for example_sla_dag to 2023-10-19T20:40:00+00:00, run_after=2023-10-19T20:42:00+00:00
[2023-10-19T22:43:47.306+0200] {processor.py:179} INFO - Processing /Users/nick/Desktop/airflow_dic/venv/lib/python3.11/site-packages/airflow/example_dags/example_sla_dag.py took 0.087 seconds
[2023-10-19T22:44:57.973+0200] {processor.py:157} INFO - Started process (PID=33879) to work on /Users/nick/Desktop/airflow_dic/venv/lib/python3.11/site-packages/airflow/example_dags/example_sla_dag.py
[2023-10-19T22:44:57.975+0200] {processor.py:829} INFO - Processing file /Users/nick/Desktop/airflow_dic/venv/lib/python3.11/site-packages/airflow/example_dags/example_sla_dag.py for tasks to queue
[2023-10-19T22:44:57.975+0200] {logging_mixin.py:151} INFO - [2023-10-19T22:44:57.975+0200] {dagbag.py:539} INFO - Filling up the DagBag from /Users/nick/Desktop/airflow_dic/venv/lib/python3.11/site-packages/airflow/example_dags/example_sla_dag.py
[2023-10-19T22:44:57.996+0200] {processor.py:839} INFO - DAG(s) dict_keys(['example_sla_dag']) retrieved from /Users/nick/Desktop/airflow_dic/venv/lib/python3.11/site-packages/airflow/example_dags/example_sla_dag.py
[2023-10-19T22:44:58.055+0200] {logging_mixin.py:151} INFO - [2023-10-19T22:44:58.054+0200] {dag.py:2915} INFO - Sync 1 DAGs
[2023-10-19T22:44:58.061+0200] {logging_mixin.py:151} INFO - [2023-10-19T22:44:58.061+0200] {dag.py:3696} INFO - Setting next_dagrun for example_sla_dag to 2023-10-19T20:42:00+00:00, run_after=2023-10-19T20:44:00+00:00
[2023-10-19T22:44:58.068+0200] {processor.py:179} INFO - Processing /Users/nick/Desktop/airflow_dic/venv/lib/python3.11/site-packages/airflow/example_dags/example_sla_dag.py took 0.095 seconds
[2023-10-19T22:45:40.628+0200] {processor.py:157} INFO - Started process (PID=33978) to work on /Users/nick/Desktop/airflow_dic/venv/lib/python3.11/site-packages/airflow/example_dags/example_sla_dag.py
[2023-10-19T22:45:40.629+0200] {processor.py:829} INFO - Processing file /Users/nick/Desktop/airflow_dic/venv/lib/python3.11/site-packages/airflow/example_dags/example_sla_dag.py for tasks to queue
[2023-10-19T22:45:40.629+0200] {logging_mixin.py:151} INFO - [2023-10-19T22:45:40.629+0200] {dagbag.py:539} INFO - Filling up the DagBag from /Users/nick/Desktop/airflow_dic/venv/lib/python3.11/site-packages/airflow/example_dags/example_sla_dag.py
[2023-10-19T22:45:40.649+0200] {processor.py:839} INFO - DAG(s) dict_keys(['example_sla_dag']) retrieved from /Users/nick/Desktop/airflow_dic/venv/lib/python3.11/site-packages/airflow/example_dags/example_sla_dag.py
[2023-10-19T22:45:40.702+0200] {logging_mixin.py:151} INFO - [2023-10-19T22:45:40.702+0200] {dag.py:2915} INFO - Sync 1 DAGs
[2023-10-19T22:45:40.708+0200] {logging_mixin.py:151} INFO - [2023-10-19T22:45:40.708+0200] {dag.py:3696} INFO - Setting next_dagrun for example_sla_dag to 2023-10-19T20:42:00+00:00, run_after=2023-10-19T20:44:00+00:00
[2023-10-19T22:45:40.714+0200] {processor.py:179} INFO - Processing /Users/nick/Desktop/airflow_dic/venv/lib/python3.11/site-packages/airflow/example_dags/example_sla_dag.py took 0.086 seconds
[2023-10-19T22:46:45.838+0200] {processor.py:157} INFO - Started process (PID=34103) to work on /Users/nick/Desktop/airflow_dic/venv/lib/python3.11/site-packages/airflow/example_dags/example_sla_dag.py
[2023-10-19T22:46:45.840+0200] {processor.py:829} INFO - Processing file /Users/nick/Desktop/airflow_dic/venv/lib/python3.11/site-packages/airflow/example_dags/example_sla_dag.py for tasks to queue
[2023-10-19T22:46:45.840+0200] {logging_mixin.py:151} INFO - [2023-10-19T22:46:45.840+0200] {dagbag.py:539} INFO - Filling up the DagBag from /Users/nick/Desktop/airflow_dic/venv/lib/python3.11/site-packages/airflow/example_dags/example_sla_dag.py
[2023-10-19T22:46:45.860+0200] {processor.py:839} INFO - DAG(s) dict_keys(['example_sla_dag']) retrieved from /Users/nick/Desktop/airflow_dic/venv/lib/python3.11/site-packages/airflow/example_dags/example_sla_dag.py
[2023-10-19T22:46:45.914+0200] {logging_mixin.py:151} INFO - [2023-10-19T22:46:45.913+0200] {dag.py:2915} INFO - Sync 1 DAGs
[2023-10-19T22:46:45.920+0200] {logging_mixin.py:151} INFO - [2023-10-19T22:46:45.920+0200] {dag.py:3696} INFO - Setting next_dagrun for example_sla_dag to 2023-10-19T20:44:00+00:00, run_after=2023-10-19T20:46:00+00:00
[2023-10-19T22:46:45.926+0200] {processor.py:179} INFO - Processing /Users/nick/Desktop/airflow_dic/venv/lib/python3.11/site-packages/airflow/example_dags/example_sla_dag.py took 0.089 seconds
[2023-10-19T22:47:53.235+0200] {processor.py:157} INFO - Started process (PID=34226) to work on /Users/nick/Desktop/airflow_dic/venv/lib/python3.11/site-packages/airflow/example_dags/example_sla_dag.py
[2023-10-19T22:47:53.236+0200] {processor.py:829} INFO - Processing file /Users/nick/Desktop/airflow_dic/venv/lib/python3.11/site-packages/airflow/example_dags/example_sla_dag.py for tasks to queue
[2023-10-19T22:47:53.237+0200] {logging_mixin.py:151} INFO - [2023-10-19T22:47:53.237+0200] {dagbag.py:539} INFO - Filling up the DagBag from /Users/nick/Desktop/airflow_dic/venv/lib/python3.11/site-packages/airflow/example_dags/example_sla_dag.py
[2023-10-19T22:47:53.256+0200] {processor.py:839} INFO - DAG(s) dict_keys(['example_sla_dag']) retrieved from /Users/nick/Desktop/airflow_dic/venv/lib/python3.11/site-packages/airflow/example_dags/example_sla_dag.py
[2023-10-19T22:47:53.309+0200] {logging_mixin.py:151} INFO - [2023-10-19T22:47:53.309+0200] {dag.py:2915} INFO - Sync 1 DAGs
[2023-10-19T22:47:53.316+0200] {logging_mixin.py:151} INFO - [2023-10-19T22:47:53.316+0200] {dag.py:3696} INFO - Setting next_dagrun for example_sla_dag to 2023-10-19T20:44:00+00:00, run_after=2023-10-19T20:46:00+00:00
[2023-10-19T22:47:53.322+0200] {processor.py:179} INFO - Processing /Users/nick/Desktop/airflow_dic/venv/lib/python3.11/site-packages/airflow/example_dags/example_sla_dag.py took 0.087 seconds
[2023-10-19T22:49:03.139+0200] {processor.py:157} INFO - Started process (PID=34370) to work on /Users/nick/Desktop/airflow_dic/venv/lib/python3.11/site-packages/airflow/example_dags/example_sla_dag.py
[2023-10-19T22:49:03.140+0200] {processor.py:829} INFO - Processing file /Users/nick/Desktop/airflow_dic/venv/lib/python3.11/site-packages/airflow/example_dags/example_sla_dag.py for tasks to queue
[2023-10-19T22:49:03.140+0200] {logging_mixin.py:151} INFO - [2023-10-19T22:49:03.140+0200] {dagbag.py:539} INFO - Filling up the DagBag from /Users/nick/Desktop/airflow_dic/venv/lib/python3.11/site-packages/airflow/example_dags/example_sla_dag.py
[2023-10-19T22:49:03.160+0200] {processor.py:839} INFO - DAG(s) dict_keys(['example_sla_dag']) retrieved from /Users/nick/Desktop/airflow_dic/venv/lib/python3.11/site-packages/airflow/example_dags/example_sla_dag.py
[2023-10-19T22:49:03.213+0200] {logging_mixin.py:151} INFO - [2023-10-19T22:49:03.213+0200] {dag.py:2915} INFO - Sync 1 DAGs
[2023-10-19T22:49:03.220+0200] {logging_mixin.py:151} INFO - [2023-10-19T22:49:03.220+0200] {dag.py:3696} INFO - Setting next_dagrun for example_sla_dag to 2023-10-19T20:46:00+00:00, run_after=2023-10-19T20:48:00+00:00
[2023-10-19T22:49:03.227+0200] {processor.py:179} INFO - Processing /Users/nick/Desktop/airflow_dic/venv/lib/python3.11/site-packages/airflow/example_dags/example_sla_dag.py took 0.089 seconds
[2023-10-19T22:50:12.147+0200] {processor.py:157} INFO - Started process (PID=34498) to work on /Users/nick/Desktop/airflow_dic/venv/lib/python3.11/site-packages/airflow/example_dags/example_sla_dag.py
[2023-10-19T22:50:12.148+0200] {processor.py:829} INFO - Processing file /Users/nick/Desktop/airflow_dic/venv/lib/python3.11/site-packages/airflow/example_dags/example_sla_dag.py for tasks to queue
[2023-10-19T22:50:12.148+0200] {logging_mixin.py:151} INFO - [2023-10-19T22:50:12.148+0200] {dagbag.py:539} INFO - Filling up the DagBag from /Users/nick/Desktop/airflow_dic/venv/lib/python3.11/site-packages/airflow/example_dags/example_sla_dag.py
[2023-10-19T22:50:12.168+0200] {processor.py:839} INFO - DAG(s) dict_keys(['example_sla_dag']) retrieved from /Users/nick/Desktop/airflow_dic/venv/lib/python3.11/site-packages/airflow/example_dags/example_sla_dag.py
[2023-10-19T22:50:12.223+0200] {logging_mixin.py:151} INFO - [2023-10-19T22:50:12.223+0200] {dag.py:2915} INFO - Sync 1 DAGs
[2023-10-19T22:50:12.230+0200] {logging_mixin.py:151} INFO - [2023-10-19T22:50:12.230+0200] {dag.py:3696} INFO - Setting next_dagrun for example_sla_dag to 2023-10-19T20:48:00+00:00, run_after=2023-10-19T20:50:00+00:00
[2023-10-19T22:50:12.236+0200] {processor.py:179} INFO - Processing /Users/nick/Desktop/airflow_dic/venv/lib/python3.11/site-packages/airflow/example_dags/example_sla_dag.py took 0.089 seconds
[2023-10-19T22:53:39.120+0200] {processor.py:157} INFO - Started process (PID=34817) to work on /Users/nick/Desktop/airflow_dic/venv/lib/python3.11/site-packages/airflow/example_dags/example_sla_dag.py
[2023-10-19T22:53:39.122+0200] {processor.py:829} INFO - Processing file /Users/nick/Desktop/airflow_dic/venv/lib/python3.11/site-packages/airflow/example_dags/example_sla_dag.py for tasks to queue
[2023-10-19T22:53:39.122+0200] {logging_mixin.py:151} INFO - [2023-10-19T22:53:39.122+0200] {dagbag.py:539} INFO - Filling up the DagBag from /Users/nick/Desktop/airflow_dic/venv/lib/python3.11/site-packages/airflow/example_dags/example_sla_dag.py
[2023-10-19T22:53:39.142+0200] {processor.py:839} INFO - DAG(s) dict_keys(['example_sla_dag']) retrieved from /Users/nick/Desktop/airflow_dic/venv/lib/python3.11/site-packages/airflow/example_dags/example_sla_dag.py
[2023-10-19T22:53:39.197+0200] {logging_mixin.py:151} INFO - [2023-10-19T22:53:39.197+0200] {dag.py:2915} INFO - Sync 1 DAGs
[2023-10-19T22:53:39.204+0200] {logging_mixin.py:151} INFO - [2023-10-19T22:53:39.204+0200] {dag.py:3696} INFO - Setting next_dagrun for example_sla_dag to 2023-10-19T20:50:00+00:00, run_after=2023-10-19T20:52:00+00:00
[2023-10-19T22:53:39.210+0200] {processor.py:179} INFO - Processing /Users/nick/Desktop/airflow_dic/venv/lib/python3.11/site-packages/airflow/example_dags/example_sla_dag.py took 0.090 seconds
[2023-10-19T22:54:42.162+0200] {processor.py:157} INFO - Started process (PID=34944) to work on /Users/nick/Desktop/airflow_dic/venv/lib/python3.11/site-packages/airflow/example_dags/example_sla_dag.py
[2023-10-19T22:54:42.165+0200] {processor.py:829} INFO - Processing file /Users/nick/Desktop/airflow_dic/venv/lib/python3.11/site-packages/airflow/example_dags/example_sla_dag.py for tasks to queue
[2023-10-19T22:54:42.165+0200] {logging_mixin.py:151} INFO - [2023-10-19T22:54:42.165+0200] {dagbag.py:539} INFO - Filling up the DagBag from /Users/nick/Desktop/airflow_dic/venv/lib/python3.11/site-packages/airflow/example_dags/example_sla_dag.py
[2023-10-19T22:54:42.185+0200] {processor.py:839} INFO - DAG(s) dict_keys(['example_sla_dag']) retrieved from /Users/nick/Desktop/airflow_dic/venv/lib/python3.11/site-packages/airflow/example_dags/example_sla_dag.py
[2023-10-19T22:54:42.238+0200] {logging_mixin.py:151} INFO - [2023-10-19T22:54:42.238+0200] {dag.py:2915} INFO - Sync 1 DAGs
[2023-10-19T22:54:42.244+0200] {logging_mixin.py:151} INFO - [2023-10-19T22:54:42.244+0200] {dag.py:3696} INFO - Setting next_dagrun for example_sla_dag to 2023-10-19T20:52:00+00:00, run_after=2023-10-19T20:54:00+00:00
[2023-10-19T22:54:42.251+0200] {processor.py:179} INFO - Processing /Users/nick/Desktop/airflow_dic/venv/lib/python3.11/site-packages/airflow/example_dags/example_sla_dag.py took 0.088 seconds
[2023-10-19T22:55:49.642+0200] {processor.py:157} INFO - Started process (PID=35082) to work on /Users/nick/Desktop/airflow_dic/venv/lib/python3.11/site-packages/airflow/example_dags/example_sla_dag.py
[2023-10-19T22:55:49.644+0200] {processor.py:829} INFO - Processing file /Users/nick/Desktop/airflow_dic/venv/lib/python3.11/site-packages/airflow/example_dags/example_sla_dag.py for tasks to queue
[2023-10-19T22:55:49.644+0200] {logging_mixin.py:151} INFO - [2023-10-19T22:55:49.644+0200] {dagbag.py:539} INFO - Filling up the DagBag from /Users/nick/Desktop/airflow_dic/venv/lib/python3.11/site-packages/airflow/example_dags/example_sla_dag.py
[2023-10-19T22:55:49.666+0200] {processor.py:839} INFO - DAG(s) dict_keys(['example_sla_dag']) retrieved from /Users/nick/Desktop/airflow_dic/venv/lib/python3.11/site-packages/airflow/example_dags/example_sla_dag.py
[2023-10-19T22:55:49.721+0200] {logging_mixin.py:151} INFO - [2023-10-19T22:55:49.721+0200] {dag.py:2915} INFO - Sync 1 DAGs
[2023-10-19T22:55:49.728+0200] {logging_mixin.py:151} INFO - [2023-10-19T22:55:49.728+0200] {dag.py:3696} INFO - Setting next_dagrun for example_sla_dag to 2023-10-19T20:52:00+00:00, run_after=2023-10-19T20:54:00+00:00
[2023-10-19T22:55:49.735+0200] {processor.py:179} INFO - Processing /Users/nick/Desktop/airflow_dic/venv/lib/python3.11/site-packages/airflow/example_dags/example_sla_dag.py took 0.093 seconds
[2023-10-19T22:56:59.756+0200] {processor.py:157} INFO - Started process (PID=35222) to work on /Users/nick/Desktop/airflow_dic/venv/lib/python3.11/site-packages/airflow/example_dags/example_sla_dag.py
[2023-10-19T22:56:59.757+0200] {processor.py:829} INFO - Processing file /Users/nick/Desktop/airflow_dic/venv/lib/python3.11/site-packages/airflow/example_dags/example_sla_dag.py for tasks to queue
[2023-10-19T22:56:59.757+0200] {logging_mixin.py:151} INFO - [2023-10-19T22:56:59.757+0200] {dagbag.py:539} INFO - Filling up the DagBag from /Users/nick/Desktop/airflow_dic/venv/lib/python3.11/site-packages/airflow/example_dags/example_sla_dag.py
[2023-10-19T22:56:59.780+0200] {processor.py:839} INFO - DAG(s) dict_keys(['example_sla_dag']) retrieved from /Users/nick/Desktop/airflow_dic/venv/lib/python3.11/site-packages/airflow/example_dags/example_sla_dag.py
[2023-10-19T22:56:59.836+0200] {logging_mixin.py:151} INFO - [2023-10-19T22:56:59.836+0200] {dag.py:2915} INFO - Sync 1 DAGs
[2023-10-19T22:56:59.843+0200] {logging_mixin.py:151} INFO - [2023-10-19T22:56:59.843+0200] {dag.py:3696} INFO - Setting next_dagrun for example_sla_dag to 2023-10-19T20:54:00+00:00, run_after=2023-10-19T20:56:00+00:00
[2023-10-19T22:56:59.849+0200] {processor.py:179} INFO - Processing /Users/nick/Desktop/airflow_dic/venv/lib/python3.11/site-packages/airflow/example_dags/example_sla_dag.py took 0.094 seconds
[2023-10-19T22:58:06.401+0200] {processor.py:157} INFO - Started process (PID=35353) to work on /Users/nick/Desktop/airflow_dic/venv/lib/python3.11/site-packages/airflow/example_dags/example_sla_dag.py
[2023-10-19T22:58:06.402+0200] {processor.py:829} INFO - Processing file /Users/nick/Desktop/airflow_dic/venv/lib/python3.11/site-packages/airflow/example_dags/example_sla_dag.py for tasks to queue
[2023-10-19T22:58:06.402+0200] {logging_mixin.py:151} INFO - [2023-10-19T22:58:06.402+0200] {dagbag.py:539} INFO - Filling up the DagBag from /Users/nick/Desktop/airflow_dic/venv/lib/python3.11/site-packages/airflow/example_dags/example_sla_dag.py
[2023-10-19T22:58:06.422+0200] {processor.py:839} INFO - DAG(s) dict_keys(['example_sla_dag']) retrieved from /Users/nick/Desktop/airflow_dic/venv/lib/python3.11/site-packages/airflow/example_dags/example_sla_dag.py
[2023-10-19T22:58:06.475+0200] {logging_mixin.py:151} INFO - [2023-10-19T22:58:06.475+0200] {dag.py:2915} INFO - Sync 1 DAGs
[2023-10-19T22:58:06.482+0200] {logging_mixin.py:151} INFO - [2023-10-19T22:58:06.482+0200] {dag.py:3696} INFO - Setting next_dagrun for example_sla_dag to 2023-10-19T20:56:00+00:00, run_after=2023-10-19T20:58:00+00:00
[2023-10-19T22:58:06.488+0200] {processor.py:179} INFO - Processing /Users/nick/Desktop/airflow_dic/venv/lib/python3.11/site-packages/airflow/example_dags/example_sla_dag.py took 0.088 seconds
[2023-10-19T22:59:12.654+0200] {processor.py:157} INFO - Started process (PID=35487) to work on /Users/nick/Desktop/airflow_dic/venv/lib/python3.11/site-packages/airflow/example_dags/example_sla_dag.py
[2023-10-19T22:59:12.655+0200] {processor.py:829} INFO - Processing file /Users/nick/Desktop/airflow_dic/venv/lib/python3.11/site-packages/airflow/example_dags/example_sla_dag.py for tasks to queue
[2023-10-19T22:59:12.656+0200] {logging_mixin.py:151} INFO - [2023-10-19T22:59:12.656+0200] {dagbag.py:539} INFO - Filling up the DagBag from /Users/nick/Desktop/airflow_dic/venv/lib/python3.11/site-packages/airflow/example_dags/example_sla_dag.py
[2023-10-19T22:59:12.676+0200] {processor.py:839} INFO - DAG(s) dict_keys(['example_sla_dag']) retrieved from /Users/nick/Desktop/airflow_dic/venv/lib/python3.11/site-packages/airflow/example_dags/example_sla_dag.py
[2023-10-19T22:59:12.731+0200] {logging_mixin.py:151} INFO - [2023-10-19T22:59:12.731+0200] {dag.py:2915} INFO - Sync 1 DAGs
[2023-10-19T22:59:12.738+0200] {logging_mixin.py:151} INFO - [2023-10-19T22:59:12.737+0200] {dag.py:3696} INFO - Setting next_dagrun for example_sla_dag to 2023-10-19T20:56:00+00:00, run_after=2023-10-19T20:58:00+00:00
[2023-10-19T22:59:12.744+0200] {processor.py:179} INFO - Processing /Users/nick/Desktop/airflow_dic/venv/lib/python3.11/site-packages/airflow/example_dags/example_sla_dag.py took 0.090 seconds
