[2023-10-19T22:18:53.127+0200] {processor.py:157} INFO - Started process (PID=28935) to work on /Users/nick/Desktop/airflow_dic/venv/lib/python3.11/site-packages/airflow/example_dags/example_dynamic_task_mapping.py
[2023-10-19T22:18:53.128+0200] {processor.py:829} INFO - Processing file /Users/nick/Desktop/airflow_dic/venv/lib/python3.11/site-packages/airflow/example_dags/example_dynamic_task_mapping.py for tasks to queue
[2023-10-19T22:18:53.128+0200] {logging_mixin.py:151} INFO - [2023-10-19T22:18:53.128+0200] {dagbag.py:539} INFO - Filling up the DagBag from /Users/nick/Desktop/airflow_dic/venv/lib/python3.11/site-packages/airflow/example_dags/example_dynamic_task_mapping.py
[2023-10-19T22:18:53.147+0200] {processor.py:839} INFO - DAG(s) dict_keys(['example_dynamic_task_mapping']) retrieved from /Users/nick/Desktop/airflow_dic/venv/lib/python3.11/site-packages/airflow/example_dags/example_dynamic_task_mapping.py
[2023-10-19T22:18:53.417+0200] {logging_mixin.py:151} INFO - [2023-10-19T22:18:53.417+0200] {manager.py:499} INFO - Created Permission View: %s
[2023-10-19T22:18:53.420+0200] {logging_mixin.py:151} INFO - [2023-10-19T22:18:53.420+0200] {manager.py:499} INFO - Created Permission View: %s
[2023-10-19T22:18:53.421+0200] {logging_mixin.py:151} INFO - [2023-10-19T22:18:53.421+0200] {manager.py:499} INFO - Created Permission View: %s
[2023-10-19T22:18:53.421+0200] {logging_mixin.py:151} INFO - [2023-10-19T22:18:53.421+0200] {security.py:708} INFO - Not syncing DAG-level permissions for DAG 'DAG:example_dynamic_task_mapping' as access control is unset.
[2023-10-19T22:18:53.422+0200] {logging_mixin.py:151} INFO - [2023-10-19T22:18:53.422+0200] {dag.py:2915} INFO - Sync 1 DAGs
[2023-10-19T22:18:53.424+0200] {logging_mixin.py:151} INFO - [2023-10-19T22:18:53.424+0200] {dag.py:2937} INFO - Creating ORM DAG for example_dynamic_task_mapping
[2023-10-19T22:18:53.427+0200] {logging_mixin.py:151} INFO - [2023-10-19T22:18:53.427+0200] {dag.py:3696} INFO - Setting next_dagrun for example_dynamic_task_mapping to 2022-03-04T00:00:00+00:00, run_after=2022-03-05T00:00:00+00:00
[2023-10-19T22:18:53.432+0200] {processor.py:179} INFO - Processing /Users/nick/Desktop/airflow_dic/venv/lib/python3.11/site-packages/airflow/example_dags/example_dynamic_task_mapping.py took 0.306 seconds
[2023-10-19T22:20:11.337+0200] {processor.py:157} INFO - Started process (PID=29085) to work on /Users/nick/Desktop/airflow_dic/venv/lib/python3.11/site-packages/airflow/example_dags/example_dynamic_task_mapping.py
[2023-10-19T22:20:11.339+0200] {processor.py:829} INFO - Processing file /Users/nick/Desktop/airflow_dic/venv/lib/python3.11/site-packages/airflow/example_dags/example_dynamic_task_mapping.py for tasks to queue
[2023-10-19T22:20:11.339+0200] {logging_mixin.py:151} INFO - [2023-10-19T22:20:11.339+0200] {dagbag.py:539} INFO - Filling up the DagBag from /Users/nick/Desktop/airflow_dic/venv/lib/python3.11/site-packages/airflow/example_dags/example_dynamic_task_mapping.py
[2023-10-19T22:20:11.360+0200] {processor.py:839} INFO - DAG(s) dict_keys(['example_dynamic_task_mapping']) retrieved from /Users/nick/Desktop/airflow_dic/venv/lib/python3.11/site-packages/airflow/example_dags/example_dynamic_task_mapping.py
[2023-10-19T22:20:11.417+0200] {logging_mixin.py:151} INFO - [2023-10-19T22:20:11.417+0200] {dag.py:2915} INFO - Sync 1 DAGs
[2023-10-19T22:20:11.423+0200] {logging_mixin.py:151} INFO - [2023-10-19T22:20:11.423+0200] {dag.py:3696} INFO - Setting next_dagrun for example_dynamic_task_mapping to 2022-03-04T00:00:00+00:00, run_after=2022-03-05T00:00:00+00:00
[2023-10-19T22:20:11.429+0200] {processor.py:179} INFO - Processing /Users/nick/Desktop/airflow_dic/venv/lib/python3.11/site-packages/airflow/example_dags/example_dynamic_task_mapping.py took 0.092 seconds
[2023-10-19T22:21:16.196+0200] {processor.py:157} INFO - Started process (PID=29218) to work on /Users/nick/Desktop/airflow_dic/venv/lib/python3.11/site-packages/airflow/example_dags/example_dynamic_task_mapping.py
[2023-10-19T22:21:16.198+0200] {processor.py:829} INFO - Processing file /Users/nick/Desktop/airflow_dic/venv/lib/python3.11/site-packages/airflow/example_dags/example_dynamic_task_mapping.py for tasks to queue
[2023-10-19T22:21:16.198+0200] {logging_mixin.py:151} INFO - [2023-10-19T22:21:16.198+0200] {dagbag.py:539} INFO - Filling up the DagBag from /Users/nick/Desktop/airflow_dic/venv/lib/python3.11/site-packages/airflow/example_dags/example_dynamic_task_mapping.py
[2023-10-19T22:21:16.217+0200] {processor.py:839} INFO - DAG(s) dict_keys(['example_dynamic_task_mapping']) retrieved from /Users/nick/Desktop/airflow_dic/venv/lib/python3.11/site-packages/airflow/example_dags/example_dynamic_task_mapping.py
[2023-10-19T22:21:16.270+0200] {logging_mixin.py:151} INFO - [2023-10-19T22:21:16.270+0200] {dag.py:2915} INFO - Sync 1 DAGs
[2023-10-19T22:21:16.276+0200] {logging_mixin.py:151} INFO - [2023-10-19T22:21:16.276+0200] {dag.py:3696} INFO - Setting next_dagrun for example_dynamic_task_mapping to 2022-03-04T00:00:00+00:00, run_after=2022-03-05T00:00:00+00:00
[2023-10-19T22:21:16.282+0200] {processor.py:179} INFO - Processing /Users/nick/Desktop/airflow_dic/venv/lib/python3.11/site-packages/airflow/example_dags/example_dynamic_task_mapping.py took 0.086 seconds
[2023-10-19T22:23:37.918+0200] {processor.py:157} INFO - Started process (PID=29504) to work on /Users/nick/Desktop/airflow_dic/venv/lib/python3.11/site-packages/airflow/example_dags/example_dynamic_task_mapping.py
[2023-10-19T22:23:37.920+0200] {processor.py:829} INFO - Processing file /Users/nick/Desktop/airflow_dic/venv/lib/python3.11/site-packages/airflow/example_dags/example_dynamic_task_mapping.py for tasks to queue
[2023-10-19T22:23:37.920+0200] {logging_mixin.py:151} INFO - [2023-10-19T22:23:37.920+0200] {dagbag.py:539} INFO - Filling up the DagBag from /Users/nick/Desktop/airflow_dic/venv/lib/python3.11/site-packages/airflow/example_dags/example_dynamic_task_mapping.py
[2023-10-19T22:23:37.940+0200] {processor.py:839} INFO - DAG(s) dict_keys(['example_dynamic_task_mapping']) retrieved from /Users/nick/Desktop/airflow_dic/venv/lib/python3.11/site-packages/airflow/example_dags/example_dynamic_task_mapping.py
[2023-10-19T22:23:37.994+0200] {logging_mixin.py:151} INFO - [2023-10-19T22:23:37.994+0200] {dag.py:2915} INFO - Sync 1 DAGs
[2023-10-19T22:23:38.000+0200] {logging_mixin.py:151} INFO - [2023-10-19T22:23:38.000+0200] {dag.py:3696} INFO - Setting next_dagrun for example_dynamic_task_mapping to 2022-03-04T00:00:00+00:00, run_after=2022-03-05T00:00:00+00:00
[2023-10-19T22:23:38.006+0200] {processor.py:179} INFO - Processing /Users/nick/Desktop/airflow_dic/venv/lib/python3.11/site-packages/airflow/example_dags/example_dynamic_task_mapping.py took 0.088 seconds
[2023-10-19T22:24:45.680+0200] {processor.py:157} INFO - Started process (PID=29644) to work on /Users/nick/Desktop/airflow_dic/venv/lib/python3.11/site-packages/airflow/example_dags/example_dynamic_task_mapping.py
[2023-10-19T22:24:45.681+0200] {processor.py:829} INFO - Processing file /Users/nick/Desktop/airflow_dic/venv/lib/python3.11/site-packages/airflow/example_dags/example_dynamic_task_mapping.py for tasks to queue
[2023-10-19T22:24:45.681+0200] {logging_mixin.py:151} INFO - [2023-10-19T22:24:45.681+0200] {dagbag.py:539} INFO - Filling up the DagBag from /Users/nick/Desktop/airflow_dic/venv/lib/python3.11/site-packages/airflow/example_dags/example_dynamic_task_mapping.py
[2023-10-19T22:24:45.701+0200] {processor.py:839} INFO - DAG(s) dict_keys(['example_dynamic_task_mapping']) retrieved from /Users/nick/Desktop/airflow_dic/venv/lib/python3.11/site-packages/airflow/example_dags/example_dynamic_task_mapping.py
[2023-10-19T22:24:45.757+0200] {logging_mixin.py:151} INFO - [2023-10-19T22:24:45.757+0200] {dag.py:2915} INFO - Sync 1 DAGs
[2023-10-19T22:24:45.763+0200] {logging_mixin.py:151} INFO - [2023-10-19T22:24:45.763+0200] {dag.py:3696} INFO - Setting next_dagrun for example_dynamic_task_mapping to 2022-03-04T00:00:00+00:00, run_after=2022-03-05T00:00:00+00:00
[2023-10-19T22:24:45.769+0200] {processor.py:179} INFO - Processing /Users/nick/Desktop/airflow_dic/venv/lib/python3.11/site-packages/airflow/example_dags/example_dynamic_task_mapping.py took 0.090 seconds
[2023-10-19T22:25:46.623+0200] {processor.py:157} INFO - Started process (PID=31639) to work on /Users/nick/Desktop/airflow_dic/venv/lib/python3.11/site-packages/airflow/example_dags/example_dynamic_task_mapping.py
[2023-10-19T22:25:46.625+0200] {processor.py:829} INFO - Processing file /Users/nick/Desktop/airflow_dic/venv/lib/python3.11/site-packages/airflow/example_dags/example_dynamic_task_mapping.py for tasks to queue
[2023-10-19T22:25:46.625+0200] {logging_mixin.py:151} INFO - [2023-10-19T22:25:46.625+0200] {dagbag.py:539} INFO - Filling up the DagBag from /Users/nick/Desktop/airflow_dic/venv/lib/python3.11/site-packages/airflow/example_dags/example_dynamic_task_mapping.py
[2023-10-19T22:25:46.649+0200] {processor.py:839} INFO - DAG(s) dict_keys(['example_dynamic_task_mapping']) retrieved from /Users/nick/Desktop/airflow_dic/venv/lib/python3.11/site-packages/airflow/example_dags/example_dynamic_task_mapping.py
[2023-10-19T22:25:46.969+0200] {logging_mixin.py:151} INFO - [2023-10-19T22:25:46.969+0200] {security.py:708} INFO - Not syncing DAG-level permissions for DAG 'DAG:example_dynamic_task_mapping' as access control is unset.
[2023-10-19T22:25:46.969+0200] {logging_mixin.py:151} INFO - [2023-10-19T22:25:46.969+0200] {dag.py:2915} INFO - Sync 1 DAGs
[2023-10-19T22:25:46.973+0200] {logging_mixin.py:151} INFO - [2023-10-19T22:25:46.973+0200] {dag.py:2937} INFO - Creating ORM DAG for example_dynamic_task_mapping
[2023-10-19T22:25:46.976+0200] {logging_mixin.py:151} INFO - [2023-10-19T22:25:46.976+0200] {dag.py:3696} INFO - Setting next_dagrun for example_dynamic_task_mapping to 2022-03-04T00:00:00+00:00, run_after=2022-03-05T00:00:00+00:00
[2023-10-19T22:25:46.983+0200] {processor.py:179} INFO - Processing /Users/nick/Desktop/airflow_dic/venv/lib/python3.11/site-packages/airflow/example_dags/example_dynamic_task_mapping.py took 0.361 seconds
[2023-10-19T22:28:08.863+0200] {processor.py:157} INFO - Started process (PID=31906) to work on /Users/nick/Desktop/airflow_dic/venv/lib/python3.11/site-packages/airflow/example_dags/example_dynamic_task_mapping.py
[2023-10-19T22:28:08.864+0200] {processor.py:829} INFO - Processing file /Users/nick/Desktop/airflow_dic/venv/lib/python3.11/site-packages/airflow/example_dags/example_dynamic_task_mapping.py for tasks to queue
[2023-10-19T22:28:08.865+0200] {logging_mixin.py:151} INFO - [2023-10-19T22:28:08.865+0200] {dagbag.py:539} INFO - Filling up the DagBag from /Users/nick/Desktop/airflow_dic/venv/lib/python3.11/site-packages/airflow/example_dags/example_dynamic_task_mapping.py
[2023-10-19T22:28:08.886+0200] {processor.py:839} INFO - DAG(s) dict_keys(['example_dynamic_task_mapping']) retrieved from /Users/nick/Desktop/airflow_dic/venv/lib/python3.11/site-packages/airflow/example_dags/example_dynamic_task_mapping.py
[2023-10-19T22:28:09.178+0200] {logging_mixin.py:151} INFO - [2023-10-19T22:28:09.178+0200] {security.py:708} INFO - Not syncing DAG-level permissions for DAG 'DAG:example_dynamic_task_mapping' as access control is unset.
[2023-10-19T22:28:09.179+0200] {logging_mixin.py:151} INFO - [2023-10-19T22:28:09.179+0200] {dag.py:2915} INFO - Sync 1 DAGs
[2023-10-19T22:28:09.182+0200] {logging_mixin.py:151} INFO - [2023-10-19T22:28:09.182+0200] {dag.py:2937} INFO - Creating ORM DAG for example_dynamic_task_mapping
[2023-10-19T22:28:09.189+0200] {logging_mixin.py:151} INFO - [2023-10-19T22:28:09.189+0200] {dag.py:3696} INFO - Setting next_dagrun for example_dynamic_task_mapping to 2022-03-04T00:00:00+00:00, run_after=2022-03-05T00:00:00+00:00
[2023-10-19T22:28:09.196+0200] {processor.py:179} INFO - Processing /Users/nick/Desktop/airflow_dic/venv/lib/python3.11/site-packages/airflow/example_dags/example_dynamic_task_mapping.py took 0.334 seconds
[2023-10-19T22:29:25.449+0200] {processor.py:157} INFO - Started process (PID=32075) to work on /Users/nick/Desktop/airflow_dic/venv/lib/python3.11/site-packages/airflow/example_dags/example_dynamic_task_mapping.py
[2023-10-19T22:29:25.450+0200] {processor.py:829} INFO - Processing file /Users/nick/Desktop/airflow_dic/venv/lib/python3.11/site-packages/airflow/example_dags/example_dynamic_task_mapping.py for tasks to queue
[2023-10-19T22:29:25.451+0200] {logging_mixin.py:151} INFO - [2023-10-19T22:29:25.451+0200] {dagbag.py:539} INFO - Filling up the DagBag from /Users/nick/Desktop/airflow_dic/venv/lib/python3.11/site-packages/airflow/example_dags/example_dynamic_task_mapping.py
[2023-10-19T22:29:25.470+0200] {processor.py:839} INFO - DAG(s) dict_keys(['example_dynamic_task_mapping']) retrieved from /Users/nick/Desktop/airflow_dic/venv/lib/python3.11/site-packages/airflow/example_dags/example_dynamic_task_mapping.py
[2023-10-19T22:29:25.524+0200] {logging_mixin.py:151} INFO - [2023-10-19T22:29:25.524+0200] {dag.py:2915} INFO - Sync 1 DAGs
[2023-10-19T22:29:25.529+0200] {logging_mixin.py:151} INFO - [2023-10-19T22:29:25.529+0200] {dag.py:3696} INFO - Setting next_dagrun for example_dynamic_task_mapping to 2022-03-04T00:00:00+00:00, run_after=2022-03-05T00:00:00+00:00
[2023-10-19T22:29:25.536+0200] {processor.py:179} INFO - Processing /Users/nick/Desktop/airflow_dic/venv/lib/python3.11/site-packages/airflow/example_dags/example_dynamic_task_mapping.py took 0.087 seconds
[2023-10-19T22:31:43.211+0200] {processor.py:157} INFO - Started process (PID=32343) to work on /Users/nick/Desktop/airflow_dic/venv/lib/python3.11/site-packages/airflow/example_dags/example_dynamic_task_mapping.py
[2023-10-19T22:31:43.212+0200] {processor.py:829} INFO - Processing file /Users/nick/Desktop/airflow_dic/venv/lib/python3.11/site-packages/airflow/example_dags/example_dynamic_task_mapping.py for tasks to queue
[2023-10-19T22:31:43.212+0200] {logging_mixin.py:151} INFO - [2023-10-19T22:31:43.212+0200] {dagbag.py:539} INFO - Filling up the DagBag from /Users/nick/Desktop/airflow_dic/venv/lib/python3.11/site-packages/airflow/example_dags/example_dynamic_task_mapping.py
[2023-10-19T22:31:43.232+0200] {processor.py:839} INFO - DAG(s) dict_keys(['example_dynamic_task_mapping']) retrieved from /Users/nick/Desktop/airflow_dic/venv/lib/python3.11/site-packages/airflow/example_dags/example_dynamic_task_mapping.py
[2023-10-19T22:31:43.289+0200] {logging_mixin.py:151} INFO - [2023-10-19T22:31:43.289+0200] {dag.py:2915} INFO - Sync 1 DAGs
[2023-10-19T22:31:43.295+0200] {logging_mixin.py:151} INFO - [2023-10-19T22:31:43.295+0200] {dag.py:3696} INFO - Setting next_dagrun for example_dynamic_task_mapping to 2022-03-04T00:00:00+00:00, run_after=2022-03-05T00:00:00+00:00
[2023-10-19T22:31:43.302+0200] {processor.py:179} INFO - Processing /Users/nick/Desktop/airflow_dic/venv/lib/python3.11/site-packages/airflow/example_dags/example_dynamic_task_mapping.py took 0.092 seconds
[2023-10-19T22:32:53.325+0200] {processor.py:157} INFO - Started process (PID=32470) to work on /Users/nick/Desktop/airflow_dic/venv/lib/python3.11/site-packages/airflow/example_dags/example_dynamic_task_mapping.py
[2023-10-19T22:32:53.327+0200] {processor.py:829} INFO - Processing file /Users/nick/Desktop/airflow_dic/venv/lib/python3.11/site-packages/airflow/example_dags/example_dynamic_task_mapping.py for tasks to queue
[2023-10-19T22:32:53.327+0200] {logging_mixin.py:151} INFO - [2023-10-19T22:32:53.327+0200] {dagbag.py:539} INFO - Filling up the DagBag from /Users/nick/Desktop/airflow_dic/venv/lib/python3.11/site-packages/airflow/example_dags/example_dynamic_task_mapping.py
[2023-10-19T22:32:53.346+0200] {processor.py:839} INFO - DAG(s) dict_keys(['example_dynamic_task_mapping']) retrieved from /Users/nick/Desktop/airflow_dic/venv/lib/python3.11/site-packages/airflow/example_dags/example_dynamic_task_mapping.py
[2023-10-19T22:32:53.400+0200] {logging_mixin.py:151} INFO - [2023-10-19T22:32:53.400+0200] {dag.py:2915} INFO - Sync 1 DAGs
[2023-10-19T22:32:53.405+0200] {logging_mixin.py:151} INFO - [2023-10-19T22:32:53.405+0200] {dag.py:3696} INFO - Setting next_dagrun for example_dynamic_task_mapping to 2022-03-04T00:00:00+00:00, run_after=2022-03-05T00:00:00+00:00
[2023-10-19T22:32:53.411+0200] {processor.py:179} INFO - Processing /Users/nick/Desktop/airflow_dic/venv/lib/python3.11/site-packages/airflow/example_dags/example_dynamic_task_mapping.py took 0.086 seconds
[2023-10-19T22:34:01.012+0200] {processor.py:157} INFO - Started process (PID=32607) to work on /Users/nick/Desktop/airflow_dic/venv/lib/python3.11/site-packages/airflow/example_dags/example_dynamic_task_mapping.py
[2023-10-19T22:34:01.014+0200] {processor.py:829} INFO - Processing file /Users/nick/Desktop/airflow_dic/venv/lib/python3.11/site-packages/airflow/example_dags/example_dynamic_task_mapping.py for tasks to queue
[2023-10-19T22:34:01.015+0200] {logging_mixin.py:151} INFO - [2023-10-19T22:34:01.015+0200] {dagbag.py:539} INFO - Filling up the DagBag from /Users/nick/Desktop/airflow_dic/venv/lib/python3.11/site-packages/airflow/example_dags/example_dynamic_task_mapping.py
[2023-10-19T22:34:01.034+0200] {processor.py:839} INFO - DAG(s) dict_keys(['example_dynamic_task_mapping']) retrieved from /Users/nick/Desktop/airflow_dic/venv/lib/python3.11/site-packages/airflow/example_dags/example_dynamic_task_mapping.py
[2023-10-19T22:34:01.089+0200] {logging_mixin.py:151} INFO - [2023-10-19T22:34:01.089+0200] {dag.py:2915} INFO - Sync 1 DAGs
[2023-10-19T22:34:01.095+0200] {logging_mixin.py:151} INFO - [2023-10-19T22:34:01.095+0200] {dag.py:3696} INFO - Setting next_dagrun for example_dynamic_task_mapping to 2022-03-04T00:00:00+00:00, run_after=2022-03-05T00:00:00+00:00
[2023-10-19T22:34:01.101+0200] {processor.py:179} INFO - Processing /Users/nick/Desktop/airflow_dic/venv/lib/python3.11/site-packages/airflow/example_dags/example_dynamic_task_mapping.py took 0.089 seconds
[2023-10-19T22:35:09.153+0200] {processor.py:157} INFO - Started process (PID=32771) to work on /Users/nick/Desktop/airflow_dic/venv/lib/python3.11/site-packages/airflow/example_dags/example_dynamic_task_mapping.py
[2023-10-19T22:35:09.155+0200] {processor.py:829} INFO - Processing file /Users/nick/Desktop/airflow_dic/venv/lib/python3.11/site-packages/airflow/example_dags/example_dynamic_task_mapping.py for tasks to queue
[2023-10-19T22:35:09.155+0200] {logging_mixin.py:151} INFO - [2023-10-19T22:35:09.155+0200] {dagbag.py:539} INFO - Filling up the DagBag from /Users/nick/Desktop/airflow_dic/venv/lib/python3.11/site-packages/airflow/example_dags/example_dynamic_task_mapping.py
[2023-10-19T22:35:09.177+0200] {processor.py:839} INFO - DAG(s) dict_keys(['example_dynamic_task_mapping']) retrieved from /Users/nick/Desktop/airflow_dic/venv/lib/python3.11/site-packages/airflow/example_dags/example_dynamic_task_mapping.py
[2023-10-19T22:35:09.240+0200] {logging_mixin.py:151} INFO - [2023-10-19T22:35:09.239+0200] {dag.py:2915} INFO - Sync 1 DAGs
[2023-10-19T22:35:09.246+0200] {logging_mixin.py:151} INFO - [2023-10-19T22:35:09.246+0200] {dag.py:3696} INFO - Setting next_dagrun for example_dynamic_task_mapping to 2022-03-04T00:00:00+00:00, run_after=2022-03-05T00:00:00+00:00
[2023-10-19T22:35:09.254+0200] {processor.py:179} INFO - Processing /Users/nick/Desktop/airflow_dic/venv/lib/python3.11/site-packages/airflow/example_dags/example_dynamic_task_mapping.py took 0.101 seconds
[2023-10-19T22:36:17.931+0200] {processor.py:157} INFO - Started process (PID=32903) to work on /Users/nick/Desktop/airflow_dic/venv/lib/python3.11/site-packages/airflow/example_dags/example_dynamic_task_mapping.py
[2023-10-19T22:36:17.932+0200] {processor.py:829} INFO - Processing file /Users/nick/Desktop/airflow_dic/venv/lib/python3.11/site-packages/airflow/example_dags/example_dynamic_task_mapping.py for tasks to queue
[2023-10-19T22:36:17.932+0200] {logging_mixin.py:151} INFO - [2023-10-19T22:36:17.932+0200] {dagbag.py:539} INFO - Filling up the DagBag from /Users/nick/Desktop/airflow_dic/venv/lib/python3.11/site-packages/airflow/example_dags/example_dynamic_task_mapping.py
[2023-10-19T22:36:17.951+0200] {processor.py:839} INFO - DAG(s) dict_keys(['example_dynamic_task_mapping']) retrieved from /Users/nick/Desktop/airflow_dic/venv/lib/python3.11/site-packages/airflow/example_dags/example_dynamic_task_mapping.py
[2023-10-19T22:36:18.004+0200] {logging_mixin.py:151} INFO - [2023-10-19T22:36:18.004+0200] {dag.py:2915} INFO - Sync 1 DAGs
[2023-10-19T22:36:18.010+0200] {logging_mixin.py:151} INFO - [2023-10-19T22:36:18.010+0200] {dag.py:3696} INFO - Setting next_dagrun for example_dynamic_task_mapping to 2022-03-04T00:00:00+00:00, run_after=2022-03-05T00:00:00+00:00
[2023-10-19T22:36:18.016+0200] {processor.py:179} INFO - Processing /Users/nick/Desktop/airflow_dic/venv/lib/python3.11/site-packages/airflow/example_dags/example_dynamic_task_mapping.py took 0.086 seconds
[2023-10-19T22:37:26.783+0200] {processor.py:157} INFO - Started process (PID=33036) to work on /Users/nick/Desktop/airflow_dic/venv/lib/python3.11/site-packages/airflow/example_dags/example_dynamic_task_mapping.py
[2023-10-19T22:37:26.784+0200] {processor.py:829} INFO - Processing file /Users/nick/Desktop/airflow_dic/venv/lib/python3.11/site-packages/airflow/example_dags/example_dynamic_task_mapping.py for tasks to queue
[2023-10-19T22:37:26.784+0200] {logging_mixin.py:151} INFO - [2023-10-19T22:37:26.784+0200] {dagbag.py:539} INFO - Filling up the DagBag from /Users/nick/Desktop/airflow_dic/venv/lib/python3.11/site-packages/airflow/example_dags/example_dynamic_task_mapping.py
[2023-10-19T22:37:26.803+0200] {processor.py:839} INFO - DAG(s) dict_keys(['example_dynamic_task_mapping']) retrieved from /Users/nick/Desktop/airflow_dic/venv/lib/python3.11/site-packages/airflow/example_dags/example_dynamic_task_mapping.py
[2023-10-19T22:37:26.857+0200] {logging_mixin.py:151} INFO - [2023-10-19T22:37:26.857+0200] {dag.py:2915} INFO - Sync 1 DAGs
[2023-10-19T22:37:26.863+0200] {logging_mixin.py:151} INFO - [2023-10-19T22:37:26.863+0200] {dag.py:3696} INFO - Setting next_dagrun for example_dynamic_task_mapping to 2022-03-04T00:00:00+00:00, run_after=2022-03-05T00:00:00+00:00
[2023-10-19T22:37:26.869+0200] {processor.py:179} INFO - Processing /Users/nick/Desktop/airflow_dic/venv/lib/python3.11/site-packages/airflow/example_dags/example_dynamic_task_mapping.py took 0.086 seconds
[2023-10-19T22:38:33.940+0200] {processor.py:157} INFO - Started process (PID=33161) to work on /Users/nick/Desktop/airflow_dic/venv/lib/python3.11/site-packages/airflow/example_dags/example_dynamic_task_mapping.py
[2023-10-19T22:38:33.941+0200] {processor.py:829} INFO - Processing file /Users/nick/Desktop/airflow_dic/venv/lib/python3.11/site-packages/airflow/example_dags/example_dynamic_task_mapping.py for tasks to queue
[2023-10-19T22:38:33.941+0200] {logging_mixin.py:151} INFO - [2023-10-19T22:38:33.941+0200] {dagbag.py:539} INFO - Filling up the DagBag from /Users/nick/Desktop/airflow_dic/venv/lib/python3.11/site-packages/airflow/example_dags/example_dynamic_task_mapping.py
[2023-10-19T22:38:33.960+0200] {processor.py:839} INFO - DAG(s) dict_keys(['example_dynamic_task_mapping']) retrieved from /Users/nick/Desktop/airflow_dic/venv/lib/python3.11/site-packages/airflow/example_dags/example_dynamic_task_mapping.py
[2023-10-19T22:38:34.014+0200] {logging_mixin.py:151} INFO - [2023-10-19T22:38:34.014+0200] {dag.py:2915} INFO - Sync 1 DAGs
[2023-10-19T22:38:34.019+0200] {logging_mixin.py:151} INFO - [2023-10-19T22:38:34.019+0200] {dag.py:3696} INFO - Setting next_dagrun for example_dynamic_task_mapping to 2022-03-04T00:00:00+00:00, run_after=2022-03-05T00:00:00+00:00
[2023-10-19T22:38:34.025+0200] {processor.py:179} INFO - Processing /Users/nick/Desktop/airflow_dic/venv/lib/python3.11/site-packages/airflow/example_dags/example_dynamic_task_mapping.py took 0.086 seconds
[2023-10-19T22:39:40.318+0200] {processor.py:157} INFO - Started process (PID=33287) to work on /Users/nick/Desktop/airflow_dic/venv/lib/python3.11/site-packages/airflow/example_dags/example_dynamic_task_mapping.py
[2023-10-19T22:39:40.319+0200] {processor.py:829} INFO - Processing file /Users/nick/Desktop/airflow_dic/venv/lib/python3.11/site-packages/airflow/example_dags/example_dynamic_task_mapping.py for tasks to queue
[2023-10-19T22:39:40.319+0200] {logging_mixin.py:151} INFO - [2023-10-19T22:39:40.319+0200] {dagbag.py:539} INFO - Filling up the DagBag from /Users/nick/Desktop/airflow_dic/venv/lib/python3.11/site-packages/airflow/example_dags/example_dynamic_task_mapping.py
[2023-10-19T22:39:40.338+0200] {processor.py:839} INFO - DAG(s) dict_keys(['example_dynamic_task_mapping']) retrieved from /Users/nick/Desktop/airflow_dic/venv/lib/python3.11/site-packages/airflow/example_dags/example_dynamic_task_mapping.py
[2023-10-19T22:39:40.391+0200] {logging_mixin.py:151} INFO - [2023-10-19T22:39:40.391+0200] {dag.py:2915} INFO - Sync 1 DAGs
[2023-10-19T22:39:40.396+0200] {logging_mixin.py:151} INFO - [2023-10-19T22:39:40.396+0200] {dag.py:3696} INFO - Setting next_dagrun for example_dynamic_task_mapping to 2022-03-04T00:00:00+00:00, run_after=2022-03-05T00:00:00+00:00
[2023-10-19T22:39:40.403+0200] {processor.py:179} INFO - Processing /Users/nick/Desktop/airflow_dic/venv/lib/python3.11/site-packages/airflow/example_dags/example_dynamic_task_mapping.py took 0.085 seconds
[2023-10-19T22:40:50.062+0200] {processor.py:157} INFO - Started process (PID=33417) to work on /Users/nick/Desktop/airflow_dic/venv/lib/python3.11/site-packages/airflow/example_dags/example_dynamic_task_mapping.py
[2023-10-19T22:40:50.064+0200] {processor.py:829} INFO - Processing file /Users/nick/Desktop/airflow_dic/venv/lib/python3.11/site-packages/airflow/example_dags/example_dynamic_task_mapping.py for tasks to queue
[2023-10-19T22:40:50.064+0200] {logging_mixin.py:151} INFO - [2023-10-19T22:40:50.064+0200] {dagbag.py:539} INFO - Filling up the DagBag from /Users/nick/Desktop/airflow_dic/venv/lib/python3.11/site-packages/airflow/example_dags/example_dynamic_task_mapping.py
[2023-10-19T22:40:50.085+0200] {processor.py:839} INFO - DAG(s) dict_keys(['example_dynamic_task_mapping']) retrieved from /Users/nick/Desktop/airflow_dic/venv/lib/python3.11/site-packages/airflow/example_dags/example_dynamic_task_mapping.py
[2023-10-19T22:40:50.140+0200] {logging_mixin.py:151} INFO - [2023-10-19T22:40:50.140+0200] {dag.py:2915} INFO - Sync 1 DAGs
[2023-10-19T22:40:50.145+0200] {logging_mixin.py:151} INFO - [2023-10-19T22:40:50.145+0200] {dag.py:3696} INFO - Setting next_dagrun for example_dynamic_task_mapping to 2022-03-04T00:00:00+00:00, run_after=2022-03-05T00:00:00+00:00
[2023-10-19T22:40:50.151+0200] {processor.py:179} INFO - Processing /Users/nick/Desktop/airflow_dic/venv/lib/python3.11/site-packages/airflow/example_dags/example_dynamic_task_mapping.py took 0.090 seconds
[2023-10-19T22:41:59.667+0200] {processor.py:157} INFO - Started process (PID=33546) to work on /Users/nick/Desktop/airflow_dic/venv/lib/python3.11/site-packages/airflow/example_dags/example_dynamic_task_mapping.py
[2023-10-19T22:41:59.668+0200] {processor.py:829} INFO - Processing file /Users/nick/Desktop/airflow_dic/venv/lib/python3.11/site-packages/airflow/example_dags/example_dynamic_task_mapping.py for tasks to queue
[2023-10-19T22:41:59.669+0200] {logging_mixin.py:151} INFO - [2023-10-19T22:41:59.669+0200] {dagbag.py:539} INFO - Filling up the DagBag from /Users/nick/Desktop/airflow_dic/venv/lib/python3.11/site-packages/airflow/example_dags/example_dynamic_task_mapping.py
[2023-10-19T22:41:59.688+0200] {processor.py:839} INFO - DAG(s) dict_keys(['example_dynamic_task_mapping']) retrieved from /Users/nick/Desktop/airflow_dic/venv/lib/python3.11/site-packages/airflow/example_dags/example_dynamic_task_mapping.py
[2023-10-19T22:41:59.742+0200] {logging_mixin.py:151} INFO - [2023-10-19T22:41:59.742+0200] {dag.py:2915} INFO - Sync 1 DAGs
[2023-10-19T22:41:59.748+0200] {logging_mixin.py:151} INFO - [2023-10-19T22:41:59.748+0200] {dag.py:3696} INFO - Setting next_dagrun for example_dynamic_task_mapping to 2022-03-04T00:00:00+00:00, run_after=2022-03-05T00:00:00+00:00
[2023-10-19T22:41:59.754+0200] {processor.py:179} INFO - Processing /Users/nick/Desktop/airflow_dic/venv/lib/python3.11/site-packages/airflow/example_dags/example_dynamic_task_mapping.py took 0.087 seconds
[2023-10-19T22:43:09.472+0200] {processor.py:157} INFO - Started process (PID=33673) to work on /Users/nick/Desktop/airflow_dic/venv/lib/python3.11/site-packages/airflow/example_dags/example_dynamic_task_mapping.py
[2023-10-19T22:43:09.473+0200] {processor.py:829} INFO - Processing file /Users/nick/Desktop/airflow_dic/venv/lib/python3.11/site-packages/airflow/example_dags/example_dynamic_task_mapping.py for tasks to queue
[2023-10-19T22:43:09.473+0200] {logging_mixin.py:151} INFO - [2023-10-19T22:43:09.473+0200] {dagbag.py:539} INFO - Filling up the DagBag from /Users/nick/Desktop/airflow_dic/venv/lib/python3.11/site-packages/airflow/example_dags/example_dynamic_task_mapping.py
[2023-10-19T22:43:09.492+0200] {processor.py:839} INFO - DAG(s) dict_keys(['example_dynamic_task_mapping']) retrieved from /Users/nick/Desktop/airflow_dic/venv/lib/python3.11/site-packages/airflow/example_dags/example_dynamic_task_mapping.py
[2023-10-19T22:43:09.545+0200] {logging_mixin.py:151} INFO - [2023-10-19T22:43:09.545+0200] {dag.py:2915} INFO - Sync 1 DAGs
[2023-10-19T22:43:09.550+0200] {logging_mixin.py:151} INFO - [2023-10-19T22:43:09.550+0200] {dag.py:3696} INFO - Setting next_dagrun for example_dynamic_task_mapping to 2022-03-04T00:00:00+00:00, run_after=2022-03-05T00:00:00+00:00
[2023-10-19T22:43:09.556+0200] {processor.py:179} INFO - Processing /Users/nick/Desktop/airflow_dic/venv/lib/python3.11/site-packages/airflow/example_dags/example_dynamic_task_mapping.py took 0.084 seconds
[2023-10-19T22:44:19.231+0200] {processor.py:157} INFO - Started process (PID=33808) to work on /Users/nick/Desktop/airflow_dic/venv/lib/python3.11/site-packages/airflow/example_dags/example_dynamic_task_mapping.py
[2023-10-19T22:44:19.234+0200] {processor.py:829} INFO - Processing file /Users/nick/Desktop/airflow_dic/venv/lib/python3.11/site-packages/airflow/example_dags/example_dynamic_task_mapping.py for tasks to queue
[2023-10-19T22:44:19.234+0200] {logging_mixin.py:151} INFO - [2023-10-19T22:44:19.234+0200] {dagbag.py:539} INFO - Filling up the DagBag from /Users/nick/Desktop/airflow_dic/venv/lib/python3.11/site-packages/airflow/example_dags/example_dynamic_task_mapping.py
[2023-10-19T22:44:19.253+0200] {processor.py:839} INFO - DAG(s) dict_keys(['example_dynamic_task_mapping']) retrieved from /Users/nick/Desktop/airflow_dic/venv/lib/python3.11/site-packages/airflow/example_dags/example_dynamic_task_mapping.py
[2023-10-19T22:44:19.306+0200] {logging_mixin.py:151} INFO - [2023-10-19T22:44:19.306+0200] {dag.py:2915} INFO - Sync 1 DAGs
[2023-10-19T22:44:19.311+0200] {logging_mixin.py:151} INFO - [2023-10-19T22:44:19.311+0200] {dag.py:3696} INFO - Setting next_dagrun for example_dynamic_task_mapping to 2022-03-04T00:00:00+00:00, run_after=2022-03-05T00:00:00+00:00
[2023-10-19T22:44:19.318+0200] {processor.py:179} INFO - Processing /Users/nick/Desktop/airflow_dic/venv/lib/python3.11/site-packages/airflow/example_dags/example_dynamic_task_mapping.py took 0.086 seconds
[2023-10-19T22:46:07.114+0200] {processor.py:157} INFO - Started process (PID=34029) to work on /Users/nick/Desktop/airflow_dic/venv/lib/python3.11/site-packages/airflow/example_dags/example_dynamic_task_mapping.py
[2023-10-19T22:46:07.115+0200] {processor.py:829} INFO - Processing file /Users/nick/Desktop/airflow_dic/venv/lib/python3.11/site-packages/airflow/example_dags/example_dynamic_task_mapping.py for tasks to queue
[2023-10-19T22:46:07.116+0200] {logging_mixin.py:151} INFO - [2023-10-19T22:46:07.116+0200] {dagbag.py:539} INFO - Filling up the DagBag from /Users/nick/Desktop/airflow_dic/venv/lib/python3.11/site-packages/airflow/example_dags/example_dynamic_task_mapping.py
[2023-10-19T22:46:07.135+0200] {processor.py:839} INFO - DAG(s) dict_keys(['example_dynamic_task_mapping']) retrieved from /Users/nick/Desktop/airflow_dic/venv/lib/python3.11/site-packages/airflow/example_dags/example_dynamic_task_mapping.py
[2023-10-19T22:46:07.190+0200] {logging_mixin.py:151} INFO - [2023-10-19T22:46:07.190+0200] {dag.py:2915} INFO - Sync 1 DAGs
[2023-10-19T22:46:07.196+0200] {logging_mixin.py:151} INFO - [2023-10-19T22:46:07.196+0200] {dag.py:3696} INFO - Setting next_dagrun for example_dynamic_task_mapping to 2022-03-04T00:00:00+00:00, run_after=2022-03-05T00:00:00+00:00
[2023-10-19T22:46:07.202+0200] {processor.py:179} INFO - Processing /Users/nick/Desktop/airflow_dic/venv/lib/python3.11/site-packages/airflow/example_dags/example_dynamic_task_mapping.py took 0.088 seconds
[2023-10-19T22:47:16.911+0200] {processor.py:157} INFO - Started process (PID=34160) to work on /Users/nick/Desktop/airflow_dic/venv/lib/python3.11/site-packages/airflow/example_dags/example_dynamic_task_mapping.py
[2023-10-19T22:47:16.913+0200] {processor.py:829} INFO - Processing file /Users/nick/Desktop/airflow_dic/venv/lib/python3.11/site-packages/airflow/example_dags/example_dynamic_task_mapping.py for tasks to queue
[2023-10-19T22:47:16.914+0200] {logging_mixin.py:151} INFO - [2023-10-19T22:47:16.914+0200] {dagbag.py:539} INFO - Filling up the DagBag from /Users/nick/Desktop/airflow_dic/venv/lib/python3.11/site-packages/airflow/example_dags/example_dynamic_task_mapping.py
[2023-10-19T22:47:16.933+0200] {processor.py:839} INFO - DAG(s) dict_keys(['example_dynamic_task_mapping']) retrieved from /Users/nick/Desktop/airflow_dic/venv/lib/python3.11/site-packages/airflow/example_dags/example_dynamic_task_mapping.py
[2023-10-19T22:47:16.986+0200] {logging_mixin.py:151} INFO - [2023-10-19T22:47:16.985+0200] {dag.py:2915} INFO - Sync 1 DAGs
[2023-10-19T22:47:16.991+0200] {logging_mixin.py:151} INFO - [2023-10-19T22:47:16.991+0200] {dag.py:3696} INFO - Setting next_dagrun for example_dynamic_task_mapping to 2022-03-04T00:00:00+00:00, run_after=2022-03-05T00:00:00+00:00
[2023-10-19T22:47:16.997+0200] {processor.py:179} INFO - Processing /Users/nick/Desktop/airflow_dic/venv/lib/python3.11/site-packages/airflow/example_dags/example_dynamic_task_mapping.py took 0.086 seconds
[2023-10-19T22:48:25.392+0200] {processor.py:157} INFO - Started process (PID=34293) to work on /Users/nick/Desktop/airflow_dic/venv/lib/python3.11/site-packages/airflow/example_dags/example_dynamic_task_mapping.py
[2023-10-19T22:48:25.393+0200] {processor.py:829} INFO - Processing file /Users/nick/Desktop/airflow_dic/venv/lib/python3.11/site-packages/airflow/example_dags/example_dynamic_task_mapping.py for tasks to queue
[2023-10-19T22:48:25.393+0200] {logging_mixin.py:151} INFO - [2023-10-19T22:48:25.393+0200] {dagbag.py:539} INFO - Filling up the DagBag from /Users/nick/Desktop/airflow_dic/venv/lib/python3.11/site-packages/airflow/example_dags/example_dynamic_task_mapping.py
[2023-10-19T22:48:25.412+0200] {processor.py:839} INFO - DAG(s) dict_keys(['example_dynamic_task_mapping']) retrieved from /Users/nick/Desktop/airflow_dic/venv/lib/python3.11/site-packages/airflow/example_dags/example_dynamic_task_mapping.py
[2023-10-19T22:48:25.467+0200] {logging_mixin.py:151} INFO - [2023-10-19T22:48:25.467+0200] {dag.py:2915} INFO - Sync 1 DAGs
[2023-10-19T22:48:25.473+0200] {logging_mixin.py:151} INFO - [2023-10-19T22:48:25.473+0200] {dag.py:3696} INFO - Setting next_dagrun for example_dynamic_task_mapping to 2022-03-04T00:00:00+00:00, run_after=2022-03-05T00:00:00+00:00
[2023-10-19T22:48:25.479+0200] {processor.py:179} INFO - Processing /Users/nick/Desktop/airflow_dic/venv/lib/python3.11/site-packages/airflow/example_dags/example_dynamic_task_mapping.py took 0.088 seconds
[2023-10-19T22:49:34.975+0200] {processor.py:157} INFO - Started process (PID=34431) to work on /Users/nick/Desktop/airflow_dic/venv/lib/python3.11/site-packages/airflow/example_dags/example_dynamic_task_mapping.py
[2023-10-19T22:49:34.976+0200] {processor.py:829} INFO - Processing file /Users/nick/Desktop/airflow_dic/venv/lib/python3.11/site-packages/airflow/example_dags/example_dynamic_task_mapping.py for tasks to queue
[2023-10-19T22:49:34.976+0200] {logging_mixin.py:151} INFO - [2023-10-19T22:49:34.976+0200] {dagbag.py:539} INFO - Filling up the DagBag from /Users/nick/Desktop/airflow_dic/venv/lib/python3.11/site-packages/airflow/example_dags/example_dynamic_task_mapping.py
[2023-10-19T22:49:34.995+0200] {processor.py:839} INFO - DAG(s) dict_keys(['example_dynamic_task_mapping']) retrieved from /Users/nick/Desktop/airflow_dic/venv/lib/python3.11/site-packages/airflow/example_dags/example_dynamic_task_mapping.py
[2023-10-19T22:49:35.048+0200] {logging_mixin.py:151} INFO - [2023-10-19T22:49:35.048+0200] {dag.py:2915} INFO - Sync 1 DAGs
[2023-10-19T22:49:35.054+0200] {logging_mixin.py:151} INFO - [2023-10-19T22:49:35.054+0200] {dag.py:3696} INFO - Setting next_dagrun for example_dynamic_task_mapping to 2022-03-04T00:00:00+00:00, run_after=2022-03-05T00:00:00+00:00
[2023-10-19T22:49:35.060+0200] {processor.py:179} INFO - Processing /Users/nick/Desktop/airflow_dic/venv/lib/python3.11/site-packages/airflow/example_dags/example_dynamic_task_mapping.py took 0.086 seconds
[2023-10-19T22:50:42.759+0200] {processor.py:157} INFO - Started process (PID=34553) to work on /Users/nick/Desktop/airflow_dic/venv/lib/python3.11/site-packages/airflow/example_dags/example_dynamic_task_mapping.py
[2023-10-19T22:50:42.761+0200] {processor.py:829} INFO - Processing file /Users/nick/Desktop/airflow_dic/venv/lib/python3.11/site-packages/airflow/example_dags/example_dynamic_task_mapping.py for tasks to queue
[2023-10-19T22:50:42.761+0200] {logging_mixin.py:151} INFO - [2023-10-19T22:50:42.761+0200] {dagbag.py:539} INFO - Filling up the DagBag from /Users/nick/Desktop/airflow_dic/venv/lib/python3.11/site-packages/airflow/example_dags/example_dynamic_task_mapping.py
[2023-10-19T22:50:42.782+0200] {processor.py:839} INFO - DAG(s) dict_keys(['example_dynamic_task_mapping']) retrieved from /Users/nick/Desktop/airflow_dic/venv/lib/python3.11/site-packages/airflow/example_dags/example_dynamic_task_mapping.py
[2023-10-19T22:50:42.848+0200] {logging_mixin.py:151} INFO - [2023-10-19T22:50:42.848+0200] {dag.py:2915} INFO - Sync 1 DAGs
[2023-10-19T22:50:42.855+0200] {logging_mixin.py:151} INFO - [2023-10-19T22:50:42.855+0200] {dag.py:3696} INFO - Setting next_dagrun for example_dynamic_task_mapping to 2022-03-04T00:00:00+00:00, run_after=2022-03-05T00:00:00+00:00
[2023-10-19T22:50:42.862+0200] {processor.py:179} INFO - Processing /Users/nick/Desktop/airflow_dic/venv/lib/python3.11/site-packages/airflow/example_dags/example_dynamic_task_mapping.py took 0.103 seconds
[2023-10-19T22:54:05.602+0200] {processor.py:157} INFO - Started process (PID=34866) to work on /Users/nick/Desktop/airflow_dic/venv/lib/python3.11/site-packages/airflow/example_dags/example_dynamic_task_mapping.py
[2023-10-19T22:54:05.603+0200] {processor.py:829} INFO - Processing file /Users/nick/Desktop/airflow_dic/venv/lib/python3.11/site-packages/airflow/example_dags/example_dynamic_task_mapping.py for tasks to queue
[2023-10-19T22:54:05.603+0200] {logging_mixin.py:151} INFO - [2023-10-19T22:54:05.603+0200] {dagbag.py:539} INFO - Filling up the DagBag from /Users/nick/Desktop/airflow_dic/venv/lib/python3.11/site-packages/airflow/example_dags/example_dynamic_task_mapping.py
[2023-10-19T22:54:05.622+0200] {processor.py:839} INFO - DAG(s) dict_keys(['example_dynamic_task_mapping']) retrieved from /Users/nick/Desktop/airflow_dic/venv/lib/python3.11/site-packages/airflow/example_dags/example_dynamic_task_mapping.py
[2023-10-19T22:54:05.676+0200] {logging_mixin.py:151} INFO - [2023-10-19T22:54:05.675+0200] {dag.py:2915} INFO - Sync 1 DAGs
[2023-10-19T22:54:05.681+0200] {logging_mixin.py:151} INFO - [2023-10-19T22:54:05.681+0200] {dag.py:3696} INFO - Setting next_dagrun for example_dynamic_task_mapping to 2022-03-04T00:00:00+00:00, run_after=2022-03-05T00:00:00+00:00
[2023-10-19T22:54:05.687+0200] {processor.py:179} INFO - Processing /Users/nick/Desktop/airflow_dic/venv/lib/python3.11/site-packages/airflow/example_dags/example_dynamic_task_mapping.py took 0.086 seconds
[2023-10-19T22:55:13.200+0200] {processor.py:157} INFO - Started process (PID=35005) to work on /Users/nick/Desktop/airflow_dic/venv/lib/python3.11/site-packages/airflow/example_dags/example_dynamic_task_mapping.py
[2023-10-19T22:55:13.202+0200] {processor.py:829} INFO - Processing file /Users/nick/Desktop/airflow_dic/venv/lib/python3.11/site-packages/airflow/example_dags/example_dynamic_task_mapping.py for tasks to queue
[2023-10-19T22:55:13.202+0200] {logging_mixin.py:151} INFO - [2023-10-19T22:55:13.202+0200] {dagbag.py:539} INFO - Filling up the DagBag from /Users/nick/Desktop/airflow_dic/venv/lib/python3.11/site-packages/airflow/example_dags/example_dynamic_task_mapping.py
[2023-10-19T22:55:13.221+0200] {processor.py:839} INFO - DAG(s) dict_keys(['example_dynamic_task_mapping']) retrieved from /Users/nick/Desktop/airflow_dic/venv/lib/python3.11/site-packages/airflow/example_dags/example_dynamic_task_mapping.py
[2023-10-19T22:55:13.275+0200] {logging_mixin.py:151} INFO - [2023-10-19T22:55:13.275+0200] {dag.py:2915} INFO - Sync 1 DAGs
[2023-10-19T22:55:13.281+0200] {logging_mixin.py:151} INFO - [2023-10-19T22:55:13.281+0200] {dag.py:3696} INFO - Setting next_dagrun for example_dynamic_task_mapping to 2022-03-04T00:00:00+00:00, run_after=2022-03-05T00:00:00+00:00
[2023-10-19T22:55:13.287+0200] {processor.py:179} INFO - Processing /Users/nick/Desktop/airflow_dic/venv/lib/python3.11/site-packages/airflow/example_dags/example_dynamic_task_mapping.py took 0.088 seconds
[2023-10-19T22:56:21.882+0200] {processor.py:157} INFO - Started process (PID=35141) to work on /Users/nick/Desktop/airflow_dic/venv/lib/python3.11/site-packages/airflow/example_dags/example_dynamic_task_mapping.py
[2023-10-19T22:56:21.883+0200] {processor.py:829} INFO - Processing file /Users/nick/Desktop/airflow_dic/venv/lib/python3.11/site-packages/airflow/example_dags/example_dynamic_task_mapping.py for tasks to queue
[2023-10-19T22:56:21.883+0200] {logging_mixin.py:151} INFO - [2023-10-19T22:56:21.883+0200] {dagbag.py:539} INFO - Filling up the DagBag from /Users/nick/Desktop/airflow_dic/venv/lib/python3.11/site-packages/airflow/example_dags/example_dynamic_task_mapping.py
[2023-10-19T22:56:21.902+0200] {processor.py:839} INFO - DAG(s) dict_keys(['example_dynamic_task_mapping']) retrieved from /Users/nick/Desktop/airflow_dic/venv/lib/python3.11/site-packages/airflow/example_dags/example_dynamic_task_mapping.py
[2023-10-19T22:56:21.956+0200] {logging_mixin.py:151} INFO - [2023-10-19T22:56:21.956+0200] {dag.py:2915} INFO - Sync 1 DAGs
[2023-10-19T22:56:21.962+0200] {logging_mixin.py:151} INFO - [2023-10-19T22:56:21.961+0200] {dag.py:3696} INFO - Setting next_dagrun for example_dynamic_task_mapping to 2022-03-04T00:00:00+00:00, run_after=2022-03-05T00:00:00+00:00
[2023-10-19T22:56:21.968+0200] {processor.py:179} INFO - Processing /Users/nick/Desktop/airflow_dic/venv/lib/python3.11/site-packages/airflow/example_dags/example_dynamic_task_mapping.py took 0.086 seconds
[2023-10-19T22:57:27.736+0200] {processor.py:157} INFO - Started process (PID=35275) to work on /Users/nick/Desktop/airflow_dic/venv/lib/python3.11/site-packages/airflow/example_dags/example_dynamic_task_mapping.py
[2023-10-19T22:57:27.737+0200] {processor.py:829} INFO - Processing file /Users/nick/Desktop/airflow_dic/venv/lib/python3.11/site-packages/airflow/example_dags/example_dynamic_task_mapping.py for tasks to queue
[2023-10-19T22:57:27.737+0200] {logging_mixin.py:151} INFO - [2023-10-19T22:57:27.737+0200] {dagbag.py:539} INFO - Filling up the DagBag from /Users/nick/Desktop/airflow_dic/venv/lib/python3.11/site-packages/airflow/example_dags/example_dynamic_task_mapping.py
[2023-10-19T22:57:27.756+0200] {processor.py:839} INFO - DAG(s) dict_keys(['example_dynamic_task_mapping']) retrieved from /Users/nick/Desktop/airflow_dic/venv/lib/python3.11/site-packages/airflow/example_dags/example_dynamic_task_mapping.py
[2023-10-19T22:57:27.811+0200] {logging_mixin.py:151} INFO - [2023-10-19T22:57:27.811+0200] {dag.py:2915} INFO - Sync 1 DAGs
[2023-10-19T22:57:27.817+0200] {logging_mixin.py:151} INFO - [2023-10-19T22:57:27.817+0200] {dag.py:3696} INFO - Setting next_dagrun for example_dynamic_task_mapping to 2022-03-04T00:00:00+00:00, run_after=2022-03-05T00:00:00+00:00
[2023-10-19T22:57:27.823+0200] {processor.py:179} INFO - Processing /Users/nick/Desktop/airflow_dic/venv/lib/python3.11/site-packages/airflow/example_dags/example_dynamic_task_mapping.py took 0.088 seconds
[2023-10-19T22:58:37.002+0200] {processor.py:157} INFO - Started process (PID=35413) to work on /Users/nick/Desktop/airflow_dic/venv/lib/python3.11/site-packages/airflow/example_dags/example_dynamic_task_mapping.py
[2023-10-19T22:58:37.003+0200] {processor.py:829} INFO - Processing file /Users/nick/Desktop/airflow_dic/venv/lib/python3.11/site-packages/airflow/example_dags/example_dynamic_task_mapping.py for tasks to queue
[2023-10-19T22:58:37.003+0200] {logging_mixin.py:151} INFO - [2023-10-19T22:58:37.003+0200] {dagbag.py:539} INFO - Filling up the DagBag from /Users/nick/Desktop/airflow_dic/venv/lib/python3.11/site-packages/airflow/example_dags/example_dynamic_task_mapping.py
[2023-10-19T22:58:37.022+0200] {processor.py:839} INFO - DAG(s) dict_keys(['example_dynamic_task_mapping']) retrieved from /Users/nick/Desktop/airflow_dic/venv/lib/python3.11/site-packages/airflow/example_dags/example_dynamic_task_mapping.py
[2023-10-19T22:58:37.075+0200] {logging_mixin.py:151} INFO - [2023-10-19T22:58:37.075+0200] {dag.py:2915} INFO - Sync 1 DAGs
[2023-10-19T22:58:37.080+0200] {logging_mixin.py:151} INFO - [2023-10-19T22:58:37.080+0200] {dag.py:3696} INFO - Setting next_dagrun for example_dynamic_task_mapping to 2022-03-04T00:00:00+00:00, run_after=2022-03-05T00:00:00+00:00
[2023-10-19T22:58:37.086+0200] {processor.py:179} INFO - Processing /Users/nick/Desktop/airflow_dic/venv/lib/python3.11/site-packages/airflow/example_dags/example_dynamic_task_mapping.py took 0.085 seconds
