[2023-10-19T22:19:07.703+0200] {processor.py:157} INFO - Started process (PID=28967) to work on /Users/nick/Desktop/airflow_dic/venv/lib/python3.11/site-packages/airflow/example_dags/example_branch_day_of_week_operator.py
[2023-10-19T22:19:07.704+0200] {processor.py:829} INFO - Processing file /Users/nick/Desktop/airflow_dic/venv/lib/python3.11/site-packages/airflow/example_dags/example_branch_day_of_week_operator.py for tasks to queue
[2023-10-19T22:19:07.705+0200] {logging_mixin.py:151} INFO - [2023-10-19T22:19:07.705+0200] {dagbag.py:539} INFO - Filling up the DagBag from /Users/nick/Desktop/airflow_dic/venv/lib/python3.11/site-packages/airflow/example_dags/example_branch_day_of_week_operator.py
[2023-10-19T22:19:07.716+0200] {processor.py:839} INFO - DAG(s) dict_keys(['example_weekday_branch_operator']) retrieved from /Users/nick/Desktop/airflow_dic/venv/lib/python3.11/site-packages/airflow/example_dags/example_branch_day_of_week_operator.py
[2023-10-19T22:19:07.987+0200] {logging_mixin.py:151} INFO - [2023-10-19T22:19:07.987+0200] {manager.py:499} INFO - Created Permission View: %s
[2023-10-19T22:19:07.990+0200] {logging_mixin.py:151} INFO - [2023-10-19T22:19:07.990+0200] {manager.py:499} INFO - Created Permission View: %s
[2023-10-19T22:19:07.992+0200] {logging_mixin.py:151} INFO - [2023-10-19T22:19:07.991+0200] {manager.py:499} INFO - Created Permission View: %s
[2023-10-19T22:19:07.992+0200] {logging_mixin.py:151} INFO - [2023-10-19T22:19:07.992+0200] {security.py:708} INFO - Not syncing DAG-level permissions for DAG 'DAG:example_weekday_branch_operator' as access control is unset.
[2023-10-19T22:19:07.992+0200] {logging_mixin.py:151} INFO - [2023-10-19T22:19:07.992+0200] {dag.py:2915} INFO - Sync 1 DAGs
[2023-10-19T22:19:07.995+0200] {logging_mixin.py:151} INFO - [2023-10-19T22:19:07.995+0200] {dag.py:2937} INFO - Creating ORM DAG for example_weekday_branch_operator
[2023-10-19T22:19:07.998+0200] {logging_mixin.py:151} INFO - [2023-10-19T22:19:07.998+0200] {dag.py:3696} INFO - Setting next_dagrun for example_weekday_branch_operator to 2023-10-18T00:00:00+00:00, run_after=2023-10-19T00:00:00+00:00
[2023-10-19T22:19:08.004+0200] {processor.py:179} INFO - Processing /Users/nick/Desktop/airflow_dic/venv/lib/python3.11/site-packages/airflow/example_dags/example_branch_day_of_week_operator.py took 0.301 seconds
[2023-10-19T22:20:22.569+0200] {processor.py:157} INFO - Started process (PID=29107) to work on /Users/nick/Desktop/airflow_dic/venv/lib/python3.11/site-packages/airflow/example_dags/example_branch_day_of_week_operator.py
[2023-10-19T22:20:22.570+0200] {processor.py:829} INFO - Processing file /Users/nick/Desktop/airflow_dic/venv/lib/python3.11/site-packages/airflow/example_dags/example_branch_day_of_week_operator.py for tasks to queue
[2023-10-19T22:20:22.571+0200] {logging_mixin.py:151} INFO - [2023-10-19T22:20:22.571+0200] {dagbag.py:539} INFO - Filling up the DagBag from /Users/nick/Desktop/airflow_dic/venv/lib/python3.11/site-packages/airflow/example_dags/example_branch_day_of_week_operator.py
[2023-10-19T22:20:22.581+0200] {processor.py:839} INFO - DAG(s) dict_keys(['example_weekday_branch_operator']) retrieved from /Users/nick/Desktop/airflow_dic/venv/lib/python3.11/site-packages/airflow/example_dags/example_branch_day_of_week_operator.py
[2023-10-19T22:20:22.636+0200] {logging_mixin.py:151} INFO - [2023-10-19T22:20:22.636+0200] {dag.py:2915} INFO - Sync 1 DAGs
[2023-10-19T22:20:22.642+0200] {logging_mixin.py:151} INFO - [2023-10-19T22:20:22.642+0200] {dag.py:3696} INFO - Setting next_dagrun for example_weekday_branch_operator to 2023-10-18T00:00:00+00:00, run_after=2023-10-19T00:00:00+00:00
[2023-10-19T22:20:22.648+0200] {processor.py:179} INFO - Processing /Users/nick/Desktop/airflow_dic/venv/lib/python3.11/site-packages/airflow/example_dags/example_branch_day_of_week_operator.py took 0.079 seconds
[2023-10-19T22:21:27.753+0200] {processor.py:157} INFO - Started process (PID=29240) to work on /Users/nick/Desktop/airflow_dic/venv/lib/python3.11/site-packages/airflow/example_dags/example_branch_day_of_week_operator.py
[2023-10-19T22:21:27.755+0200] {processor.py:829} INFO - Processing file /Users/nick/Desktop/airflow_dic/venv/lib/python3.11/site-packages/airflow/example_dags/example_branch_day_of_week_operator.py for tasks to queue
[2023-10-19T22:21:27.755+0200] {logging_mixin.py:151} INFO - [2023-10-19T22:21:27.755+0200] {dagbag.py:539} INFO - Filling up the DagBag from /Users/nick/Desktop/airflow_dic/venv/lib/python3.11/site-packages/airflow/example_dags/example_branch_day_of_week_operator.py
[2023-10-19T22:21:27.767+0200] {processor.py:839} INFO - DAG(s) dict_keys(['example_weekday_branch_operator']) retrieved from /Users/nick/Desktop/airflow_dic/venv/lib/python3.11/site-packages/airflow/example_dags/example_branch_day_of_week_operator.py
[2023-10-19T22:21:27.825+0200] {logging_mixin.py:151} INFO - [2023-10-19T22:21:27.825+0200] {dag.py:2915} INFO - Sync 1 DAGs
[2023-10-19T22:21:27.831+0200] {logging_mixin.py:151} INFO - [2023-10-19T22:21:27.831+0200] {dag.py:3696} INFO - Setting next_dagrun for example_weekday_branch_operator to 2023-10-18T00:00:00+00:00, run_after=2023-10-19T00:00:00+00:00
[2023-10-19T22:21:27.837+0200] {processor.py:179} INFO - Processing /Users/nick/Desktop/airflow_dic/venv/lib/python3.11/site-packages/airflow/example_dags/example_branch_day_of_week_operator.py took 0.084 seconds
[2023-10-19T22:23:49.446+0200] {processor.py:157} INFO - Started process (PID=29526) to work on /Users/nick/Desktop/airflow_dic/venv/lib/python3.11/site-packages/airflow/example_dags/example_branch_day_of_week_operator.py
[2023-10-19T22:23:49.448+0200] {processor.py:829} INFO - Processing file /Users/nick/Desktop/airflow_dic/venv/lib/python3.11/site-packages/airflow/example_dags/example_branch_day_of_week_operator.py for tasks to queue
[2023-10-19T22:23:49.448+0200] {logging_mixin.py:151} INFO - [2023-10-19T22:23:49.448+0200] {dagbag.py:539} INFO - Filling up the DagBag from /Users/nick/Desktop/airflow_dic/venv/lib/python3.11/site-packages/airflow/example_dags/example_branch_day_of_week_operator.py
[2023-10-19T22:23:49.459+0200] {processor.py:839} INFO - DAG(s) dict_keys(['example_weekday_branch_operator']) retrieved from /Users/nick/Desktop/airflow_dic/venv/lib/python3.11/site-packages/airflow/example_dags/example_branch_day_of_week_operator.py
[2023-10-19T22:23:49.515+0200] {logging_mixin.py:151} INFO - [2023-10-19T22:23:49.515+0200] {dag.py:2915} INFO - Sync 1 DAGs
[2023-10-19T22:23:49.521+0200] {logging_mixin.py:151} INFO - [2023-10-19T22:23:49.521+0200] {dag.py:3696} INFO - Setting next_dagrun for example_weekday_branch_operator to 2023-10-18T00:00:00+00:00, run_after=2023-10-19T00:00:00+00:00
[2023-10-19T22:23:49.527+0200] {processor.py:179} INFO - Processing /Users/nick/Desktop/airflow_dic/venv/lib/python3.11/site-packages/airflow/example_dags/example_branch_day_of_week_operator.py took 0.082 seconds
[2023-10-19T22:26:00.482+0200] {processor.py:157} INFO - Started process (PID=31665) to work on /Users/nick/Desktop/airflow_dic/venv/lib/python3.11/site-packages/airflow/example_dags/example_branch_day_of_week_operator.py
[2023-10-19T22:26:00.484+0200] {processor.py:829} INFO - Processing file /Users/nick/Desktop/airflow_dic/venv/lib/python3.11/site-packages/airflow/example_dags/example_branch_day_of_week_operator.py for tasks to queue
[2023-10-19T22:26:00.484+0200] {logging_mixin.py:151} INFO - [2023-10-19T22:26:00.484+0200] {dagbag.py:539} INFO - Filling up the DagBag from /Users/nick/Desktop/airflow_dic/venv/lib/python3.11/site-packages/airflow/example_dags/example_branch_day_of_week_operator.py
[2023-10-19T22:26:00.496+0200] {processor.py:839} INFO - DAG(s) dict_keys(['example_weekday_branch_operator']) retrieved from /Users/nick/Desktop/airflow_dic/venv/lib/python3.11/site-packages/airflow/example_dags/example_branch_day_of_week_operator.py
[2023-10-19T22:26:00.560+0200] {logging_mixin.py:151} INFO - [2023-10-19T22:26:00.560+0200] {dag.py:2915} INFO - Sync 1 DAGs
[2023-10-19T22:26:00.567+0200] {logging_mixin.py:151} INFO - [2023-10-19T22:26:00.567+0200] {dag.py:3696} INFO - Setting next_dagrun for example_weekday_branch_operator to 2023-10-18T00:00:00+00:00, run_after=2023-10-19T00:00:00+00:00
[2023-10-19T22:26:00.574+0200] {processor.py:179} INFO - Processing /Users/nick/Desktop/airflow_dic/venv/lib/python3.11/site-packages/airflow/example_dags/example_branch_day_of_week_operator.py took 0.093 seconds
[2023-10-19T22:28:23.698+0200] {processor.py:157} INFO - Started process (PID=31931) to work on /Users/nick/Desktop/airflow_dic/venv/lib/python3.11/site-packages/airflow/example_dags/example_branch_day_of_week_operator.py
[2023-10-19T22:28:23.699+0200] {processor.py:829} INFO - Processing file /Users/nick/Desktop/airflow_dic/venv/lib/python3.11/site-packages/airflow/example_dags/example_branch_day_of_week_operator.py for tasks to queue
[2023-10-19T22:28:23.699+0200] {logging_mixin.py:151} INFO - [2023-10-19T22:28:23.699+0200] {dagbag.py:539} INFO - Filling up the DagBag from /Users/nick/Desktop/airflow_dic/venv/lib/python3.11/site-packages/airflow/example_dags/example_branch_day_of_week_operator.py
[2023-10-19T22:28:23.710+0200] {processor.py:839} INFO - DAG(s) dict_keys(['example_weekday_branch_operator']) retrieved from /Users/nick/Desktop/airflow_dic/venv/lib/python3.11/site-packages/airflow/example_dags/example_branch_day_of_week_operator.py
[2023-10-19T22:28:23.994+0200] {logging_mixin.py:151} INFO - [2023-10-19T22:28:23.994+0200] {security.py:708} INFO - Not syncing DAG-level permissions for DAG 'DAG:example_weekday_branch_operator' as access control is unset.
[2023-10-19T22:28:23.995+0200] {logging_mixin.py:151} INFO - [2023-10-19T22:28:23.995+0200] {dag.py:2915} INFO - Sync 1 DAGs
[2023-10-19T22:28:23.997+0200] {logging_mixin.py:151} INFO - [2023-10-19T22:28:23.997+0200] {dag.py:2937} INFO - Creating ORM DAG for example_weekday_branch_operator
[2023-10-19T22:28:24.001+0200] {logging_mixin.py:151} INFO - [2023-10-19T22:28:24.001+0200] {dag.py:3696} INFO - Setting next_dagrun for example_weekday_branch_operator to 2023-10-18T00:00:00+00:00, run_after=2023-10-19T00:00:00+00:00
[2023-10-19T22:28:24.007+0200] {processor.py:179} INFO - Processing /Users/nick/Desktop/airflow_dic/venv/lib/python3.11/site-packages/airflow/example_dags/example_branch_day_of_week_operator.py took 0.310 seconds
[2023-10-19T22:29:36.730+0200] {processor.py:157} INFO - Started process (PID=32096) to work on /Users/nick/Desktop/airflow_dic/venv/lib/python3.11/site-packages/airflow/example_dags/example_branch_day_of_week_operator.py
[2023-10-19T22:29:36.731+0200] {processor.py:829} INFO - Processing file /Users/nick/Desktop/airflow_dic/venv/lib/python3.11/site-packages/airflow/example_dags/example_branch_day_of_week_operator.py for tasks to queue
[2023-10-19T22:29:36.732+0200] {logging_mixin.py:151} INFO - [2023-10-19T22:29:36.732+0200] {dagbag.py:539} INFO - Filling up the DagBag from /Users/nick/Desktop/airflow_dic/venv/lib/python3.11/site-packages/airflow/example_dags/example_branch_day_of_week_operator.py
[2023-10-19T22:29:36.742+0200] {processor.py:839} INFO - DAG(s) dict_keys(['example_weekday_branch_operator']) retrieved from /Users/nick/Desktop/airflow_dic/venv/lib/python3.11/site-packages/airflow/example_dags/example_branch_day_of_week_operator.py
[2023-10-19T22:29:36.798+0200] {logging_mixin.py:151} INFO - [2023-10-19T22:29:36.798+0200] {dag.py:2915} INFO - Sync 1 DAGs
[2023-10-19T22:29:36.804+0200] {logging_mixin.py:151} INFO - [2023-10-19T22:29:36.804+0200] {dag.py:3696} INFO - Setting next_dagrun for example_weekday_branch_operator to 2023-10-18T00:00:00+00:00, run_after=2023-10-19T00:00:00+00:00
[2023-10-19T22:29:36.811+0200] {processor.py:179} INFO - Processing /Users/nick/Desktop/airflow_dic/venv/lib/python3.11/site-packages/airflow/example_dags/example_branch_day_of_week_operator.py took 0.081 seconds
[2023-10-19T22:31:54.772+0200] {processor.py:157} INFO - Started process (PID=32364) to work on /Users/nick/Desktop/airflow_dic/venv/lib/python3.11/site-packages/airflow/example_dags/example_branch_day_of_week_operator.py
[2023-10-19T22:31:54.773+0200] {processor.py:829} INFO - Processing file /Users/nick/Desktop/airflow_dic/venv/lib/python3.11/site-packages/airflow/example_dags/example_branch_day_of_week_operator.py for tasks to queue
[2023-10-19T22:31:54.774+0200] {logging_mixin.py:151} INFO - [2023-10-19T22:31:54.773+0200] {dagbag.py:539} INFO - Filling up the DagBag from /Users/nick/Desktop/airflow_dic/venv/lib/python3.11/site-packages/airflow/example_dags/example_branch_day_of_week_operator.py
[2023-10-19T22:31:54.784+0200] {processor.py:839} INFO - DAG(s) dict_keys(['example_weekday_branch_operator']) retrieved from /Users/nick/Desktop/airflow_dic/venv/lib/python3.11/site-packages/airflow/example_dags/example_branch_day_of_week_operator.py
[2023-10-19T22:31:54.842+0200] {logging_mixin.py:151} INFO - [2023-10-19T22:31:54.842+0200] {dag.py:2915} INFO - Sync 1 DAGs
[2023-10-19T22:31:54.848+0200] {logging_mixin.py:151} INFO - [2023-10-19T22:31:54.848+0200] {dag.py:3696} INFO - Setting next_dagrun for example_weekday_branch_operator to 2023-10-18T00:00:00+00:00, run_after=2023-10-19T00:00:00+00:00
[2023-10-19T22:31:54.854+0200] {processor.py:179} INFO - Processing /Users/nick/Desktop/airflow_dic/venv/lib/python3.11/site-packages/airflow/example_dags/example_branch_day_of_week_operator.py took 0.083 seconds
[2023-10-19T22:33:03.778+0200] {processor.py:157} INFO - Started process (PID=32490) to work on /Users/nick/Desktop/airflow_dic/venv/lib/python3.11/site-packages/airflow/example_dags/example_branch_day_of_week_operator.py
[2023-10-19T22:33:03.779+0200] {processor.py:829} INFO - Processing file /Users/nick/Desktop/airflow_dic/venv/lib/python3.11/site-packages/airflow/example_dags/example_branch_day_of_week_operator.py for tasks to queue
[2023-10-19T22:33:03.779+0200] {logging_mixin.py:151} INFO - [2023-10-19T22:33:03.779+0200] {dagbag.py:539} INFO - Filling up the DagBag from /Users/nick/Desktop/airflow_dic/venv/lib/python3.11/site-packages/airflow/example_dags/example_branch_day_of_week_operator.py
[2023-10-19T22:33:03.790+0200] {processor.py:839} INFO - DAG(s) dict_keys(['example_weekday_branch_operator']) retrieved from /Users/nick/Desktop/airflow_dic/venv/lib/python3.11/site-packages/airflow/example_dags/example_branch_day_of_week_operator.py
[2023-10-19T22:33:03.846+0200] {logging_mixin.py:151} INFO - [2023-10-19T22:33:03.846+0200] {dag.py:2915} INFO - Sync 1 DAGs
[2023-10-19T22:33:03.851+0200] {logging_mixin.py:151} INFO - [2023-10-19T22:33:03.851+0200] {dag.py:3696} INFO - Setting next_dagrun for example_weekday_branch_operator to 2023-10-18T00:00:00+00:00, run_after=2023-10-19T00:00:00+00:00
[2023-10-19T22:33:03.858+0200] {processor.py:179} INFO - Processing /Users/nick/Desktop/airflow_dic/venv/lib/python3.11/site-packages/airflow/example_dags/example_branch_day_of_week_operator.py took 0.080 seconds
[2023-10-19T22:34:13.051+0200] {processor.py:157} INFO - Started process (PID=32630) to work on /Users/nick/Desktop/airflow_dic/venv/lib/python3.11/site-packages/airflow/example_dags/example_branch_day_of_week_operator.py
[2023-10-19T22:34:13.053+0200] {processor.py:829} INFO - Processing file /Users/nick/Desktop/airflow_dic/venv/lib/python3.11/site-packages/airflow/example_dags/example_branch_day_of_week_operator.py for tasks to queue
[2023-10-19T22:34:13.053+0200] {logging_mixin.py:151} INFO - [2023-10-19T22:34:13.053+0200] {dagbag.py:539} INFO - Filling up the DagBag from /Users/nick/Desktop/airflow_dic/venv/lib/python3.11/site-packages/airflow/example_dags/example_branch_day_of_week_operator.py
[2023-10-19T22:34:13.065+0200] {processor.py:839} INFO - DAG(s) dict_keys(['example_weekday_branch_operator']) retrieved from /Users/nick/Desktop/airflow_dic/venv/lib/python3.11/site-packages/airflow/example_dags/example_branch_day_of_week_operator.py
[2023-10-19T22:34:13.125+0200] {logging_mixin.py:151} INFO - [2023-10-19T22:34:13.125+0200] {dag.py:2915} INFO - Sync 1 DAGs
[2023-10-19T22:34:13.131+0200] {logging_mixin.py:151} INFO - [2023-10-19T22:34:13.131+0200] {dag.py:3696} INFO - Setting next_dagrun for example_weekday_branch_operator to 2023-10-18T00:00:00+00:00, run_after=2023-10-19T00:00:00+00:00
[2023-10-19T22:34:13.138+0200] {processor.py:179} INFO - Processing /Users/nick/Desktop/airflow_dic/venv/lib/python3.11/site-packages/airflow/example_dags/example_branch_day_of_week_operator.py took 0.087 seconds
[2023-10-19T22:35:20.401+0200] {processor.py:157} INFO - Started process (PID=32798) to work on /Users/nick/Desktop/airflow_dic/venv/lib/python3.11/site-packages/airflow/example_dags/example_branch_day_of_week_operator.py
[2023-10-19T22:35:20.403+0200] {processor.py:829} INFO - Processing file /Users/nick/Desktop/airflow_dic/venv/lib/python3.11/site-packages/airflow/example_dags/example_branch_day_of_week_operator.py for tasks to queue
[2023-10-19T22:35:20.403+0200] {logging_mixin.py:151} INFO - [2023-10-19T22:35:20.403+0200] {dagbag.py:539} INFO - Filling up the DagBag from /Users/nick/Desktop/airflow_dic/venv/lib/python3.11/site-packages/airflow/example_dags/example_branch_day_of_week_operator.py
[2023-10-19T22:35:20.414+0200] {processor.py:839} INFO - DAG(s) dict_keys(['example_weekday_branch_operator']) retrieved from /Users/nick/Desktop/airflow_dic/venv/lib/python3.11/site-packages/airflow/example_dags/example_branch_day_of_week_operator.py
[2023-10-19T22:35:20.474+0200] {logging_mixin.py:151} INFO - [2023-10-19T22:35:20.474+0200] {dag.py:2915} INFO - Sync 1 DAGs
[2023-10-19T22:35:20.480+0200] {logging_mixin.py:151} INFO - [2023-10-19T22:35:20.480+0200] {dag.py:3696} INFO - Setting next_dagrun for example_weekday_branch_operator to 2023-10-18T00:00:00+00:00, run_after=2023-10-19T00:00:00+00:00
[2023-10-19T22:35:20.486+0200] {processor.py:179} INFO - Processing /Users/nick/Desktop/airflow_dic/venv/lib/python3.11/site-packages/airflow/example_dags/example_branch_day_of_week_operator.py took 0.085 seconds
[2023-10-19T22:36:30.297+0200] {processor.py:157} INFO - Started process (PID=32930) to work on /Users/nick/Desktop/airflow_dic/venv/lib/python3.11/site-packages/airflow/example_dags/example_branch_day_of_week_operator.py
[2023-10-19T22:36:30.298+0200] {processor.py:829} INFO - Processing file /Users/nick/Desktop/airflow_dic/venv/lib/python3.11/site-packages/airflow/example_dags/example_branch_day_of_week_operator.py for tasks to queue
[2023-10-19T22:36:30.298+0200] {logging_mixin.py:151} INFO - [2023-10-19T22:36:30.298+0200] {dagbag.py:539} INFO - Filling up the DagBag from /Users/nick/Desktop/airflow_dic/venv/lib/python3.11/site-packages/airflow/example_dags/example_branch_day_of_week_operator.py
[2023-10-19T22:36:30.309+0200] {processor.py:839} INFO - DAG(s) dict_keys(['example_weekday_branch_operator']) retrieved from /Users/nick/Desktop/airflow_dic/venv/lib/python3.11/site-packages/airflow/example_dags/example_branch_day_of_week_operator.py
[2023-10-19T22:36:30.367+0200] {logging_mixin.py:151} INFO - [2023-10-19T22:36:30.367+0200] {dag.py:2915} INFO - Sync 1 DAGs
[2023-10-19T22:36:30.373+0200] {logging_mixin.py:151} INFO - [2023-10-19T22:36:30.373+0200] {dag.py:3696} INFO - Setting next_dagrun for example_weekday_branch_operator to 2023-10-18T00:00:00+00:00, run_after=2023-10-19T00:00:00+00:00
[2023-10-19T22:36:30.379+0200] {processor.py:179} INFO - Processing /Users/nick/Desktop/airflow_dic/venv/lib/python3.11/site-packages/airflow/example_dags/example_branch_day_of_week_operator.py took 0.082 seconds
[2023-10-19T22:37:38.310+0200] {processor.py:157} INFO - Started process (PID=33057) to work on /Users/nick/Desktop/airflow_dic/venv/lib/python3.11/site-packages/airflow/example_dags/example_branch_day_of_week_operator.py
[2023-10-19T22:37:38.311+0200] {processor.py:829} INFO - Processing file /Users/nick/Desktop/airflow_dic/venv/lib/python3.11/site-packages/airflow/example_dags/example_branch_day_of_week_operator.py for tasks to queue
[2023-10-19T22:37:38.311+0200] {logging_mixin.py:151} INFO - [2023-10-19T22:37:38.311+0200] {dagbag.py:539} INFO - Filling up the DagBag from /Users/nick/Desktop/airflow_dic/venv/lib/python3.11/site-packages/airflow/example_dags/example_branch_day_of_week_operator.py
[2023-10-19T22:37:38.321+0200] {processor.py:839} INFO - DAG(s) dict_keys(['example_weekday_branch_operator']) retrieved from /Users/nick/Desktop/airflow_dic/venv/lib/python3.11/site-packages/airflow/example_dags/example_branch_day_of_week_operator.py
[2023-10-19T22:37:38.376+0200] {logging_mixin.py:151} INFO - [2023-10-19T22:37:38.376+0200] {dag.py:2915} INFO - Sync 1 DAGs
[2023-10-19T22:37:38.381+0200] {logging_mixin.py:151} INFO - [2023-10-19T22:37:38.381+0200] {dag.py:3696} INFO - Setting next_dagrun for example_weekday_branch_operator to 2023-10-18T00:00:00+00:00, run_after=2023-10-19T00:00:00+00:00
[2023-10-19T22:37:38.388+0200] {processor.py:179} INFO - Processing /Users/nick/Desktop/airflow_dic/venv/lib/python3.11/site-packages/airflow/example_dags/example_branch_day_of_week_operator.py took 0.079 seconds
[2023-10-19T22:38:46.232+0200] {processor.py:157} INFO - Started process (PID=33182) to work on /Users/nick/Desktop/airflow_dic/venv/lib/python3.11/site-packages/airflow/example_dags/example_branch_day_of_week_operator.py
[2023-10-19T22:38:46.233+0200] {processor.py:829} INFO - Processing file /Users/nick/Desktop/airflow_dic/venv/lib/python3.11/site-packages/airflow/example_dags/example_branch_day_of_week_operator.py for tasks to queue
[2023-10-19T22:38:46.233+0200] {logging_mixin.py:151} INFO - [2023-10-19T22:38:46.233+0200] {dagbag.py:539} INFO - Filling up the DagBag from /Users/nick/Desktop/airflow_dic/venv/lib/python3.11/site-packages/airflow/example_dags/example_branch_day_of_week_operator.py
[2023-10-19T22:38:46.244+0200] {processor.py:839} INFO - DAG(s) dict_keys(['example_weekday_branch_operator']) retrieved from /Users/nick/Desktop/airflow_dic/venv/lib/python3.11/site-packages/airflow/example_dags/example_branch_day_of_week_operator.py
[2023-10-19T22:38:46.301+0200] {logging_mixin.py:151} INFO - [2023-10-19T22:38:46.301+0200] {dag.py:2915} INFO - Sync 1 DAGs
[2023-10-19T22:38:46.307+0200] {logging_mixin.py:151} INFO - [2023-10-19T22:38:46.306+0200] {dag.py:3696} INFO - Setting next_dagrun for example_weekday_branch_operator to 2023-10-18T00:00:00+00:00, run_after=2023-10-19T00:00:00+00:00
[2023-10-19T22:38:46.314+0200] {processor.py:179} INFO - Processing /Users/nick/Desktop/airflow_dic/venv/lib/python3.11/site-packages/airflow/example_dags/example_branch_day_of_week_operator.py took 0.082 seconds
[2023-10-19T22:39:52.614+0200] {processor.py:157} INFO - Started process (PID=33311) to work on /Users/nick/Desktop/airflow_dic/venv/lib/python3.11/site-packages/airflow/example_dags/example_branch_day_of_week_operator.py
[2023-10-19T22:39:52.615+0200] {processor.py:829} INFO - Processing file /Users/nick/Desktop/airflow_dic/venv/lib/python3.11/site-packages/airflow/example_dags/example_branch_day_of_week_operator.py for tasks to queue
[2023-10-19T22:39:52.615+0200] {logging_mixin.py:151} INFO - [2023-10-19T22:39:52.615+0200] {dagbag.py:539} INFO - Filling up the DagBag from /Users/nick/Desktop/airflow_dic/venv/lib/python3.11/site-packages/airflow/example_dags/example_branch_day_of_week_operator.py
[2023-10-19T22:39:52.625+0200] {processor.py:839} INFO - DAG(s) dict_keys(['example_weekday_branch_operator']) retrieved from /Users/nick/Desktop/airflow_dic/venv/lib/python3.11/site-packages/airflow/example_dags/example_branch_day_of_week_operator.py
[2023-10-19T22:39:52.680+0200] {logging_mixin.py:151} INFO - [2023-10-19T22:39:52.680+0200] {dag.py:2915} INFO - Sync 1 DAGs
[2023-10-19T22:39:52.686+0200] {logging_mixin.py:151} INFO - [2023-10-19T22:39:52.686+0200] {dag.py:3696} INFO - Setting next_dagrun for example_weekday_branch_operator to 2023-10-18T00:00:00+00:00, run_after=2023-10-19T00:00:00+00:00
[2023-10-19T22:39:52.692+0200] {processor.py:179} INFO - Processing /Users/nick/Desktop/airflow_dic/venv/lib/python3.11/site-packages/airflow/example_dags/example_branch_day_of_week_operator.py took 0.078 seconds
[2023-10-19T22:41:00.652+0200] {processor.py:157} INFO - Started process (PID=33436) to work on /Users/nick/Desktop/airflow_dic/venv/lib/python3.11/site-packages/airflow/example_dags/example_branch_day_of_week_operator.py
[2023-10-19T22:41:00.653+0200] {processor.py:829} INFO - Processing file /Users/nick/Desktop/airflow_dic/venv/lib/python3.11/site-packages/airflow/example_dags/example_branch_day_of_week_operator.py for tasks to queue
[2023-10-19T22:41:00.653+0200] {logging_mixin.py:151} INFO - [2023-10-19T22:41:00.653+0200] {dagbag.py:539} INFO - Filling up the DagBag from /Users/nick/Desktop/airflow_dic/venv/lib/python3.11/site-packages/airflow/example_dags/example_branch_day_of_week_operator.py
[2023-10-19T22:41:00.663+0200] {processor.py:839} INFO - DAG(s) dict_keys(['example_weekday_branch_operator']) retrieved from /Users/nick/Desktop/airflow_dic/venv/lib/python3.11/site-packages/airflow/example_dags/example_branch_day_of_week_operator.py
[2023-10-19T22:41:00.719+0200] {logging_mixin.py:151} INFO - [2023-10-19T22:41:00.719+0200] {dag.py:2915} INFO - Sync 1 DAGs
[2023-10-19T22:41:00.725+0200] {logging_mixin.py:151} INFO - [2023-10-19T22:41:00.725+0200] {dag.py:3696} INFO - Setting next_dagrun for example_weekday_branch_operator to 2023-10-18T00:00:00+00:00, run_after=2023-10-19T00:00:00+00:00
[2023-10-19T22:41:00.731+0200] {processor.py:179} INFO - Processing /Users/nick/Desktop/airflow_dic/venv/lib/python3.11/site-packages/airflow/example_dags/example_branch_day_of_week_operator.py took 0.080 seconds
[2023-10-19T22:42:11.921+0200] {processor.py:157} INFO - Started process (PID=33567) to work on /Users/nick/Desktop/airflow_dic/venv/lib/python3.11/site-packages/airflow/example_dags/example_branch_day_of_week_operator.py
[2023-10-19T22:42:11.922+0200] {processor.py:829} INFO - Processing file /Users/nick/Desktop/airflow_dic/venv/lib/python3.11/site-packages/airflow/example_dags/example_branch_day_of_week_operator.py for tasks to queue
[2023-10-19T22:42:11.922+0200] {logging_mixin.py:151} INFO - [2023-10-19T22:42:11.922+0200] {dagbag.py:539} INFO - Filling up the DagBag from /Users/nick/Desktop/airflow_dic/venv/lib/python3.11/site-packages/airflow/example_dags/example_branch_day_of_week_operator.py
[2023-10-19T22:42:11.933+0200] {processor.py:839} INFO - DAG(s) dict_keys(['example_weekday_branch_operator']) retrieved from /Users/nick/Desktop/airflow_dic/venv/lib/python3.11/site-packages/airflow/example_dags/example_branch_day_of_week_operator.py
[2023-10-19T22:42:11.990+0200] {logging_mixin.py:151} INFO - [2023-10-19T22:42:11.989+0200] {dag.py:2915} INFO - Sync 1 DAGs
[2023-10-19T22:42:11.995+0200] {logging_mixin.py:151} INFO - [2023-10-19T22:42:11.995+0200] {dag.py:3696} INFO - Setting next_dagrun for example_weekday_branch_operator to 2023-10-18T00:00:00+00:00, run_after=2023-10-19T00:00:00+00:00
[2023-10-19T22:42:12.002+0200] {processor.py:179} INFO - Processing /Users/nick/Desktop/airflow_dic/venv/lib/python3.11/site-packages/airflow/example_dags/example_branch_day_of_week_operator.py took 0.081 seconds
[2023-10-19T22:43:20.837+0200] {processor.py:157} INFO - Started process (PID=33693) to work on /Users/nick/Desktop/airflow_dic/venv/lib/python3.11/site-packages/airflow/example_dags/example_branch_day_of_week_operator.py
[2023-10-19T22:43:20.839+0200] {processor.py:829} INFO - Processing file /Users/nick/Desktop/airflow_dic/venv/lib/python3.11/site-packages/airflow/example_dags/example_branch_day_of_week_operator.py for tasks to queue
[2023-10-19T22:43:20.839+0200] {logging_mixin.py:151} INFO - [2023-10-19T22:43:20.839+0200] {dagbag.py:539} INFO - Filling up the DagBag from /Users/nick/Desktop/airflow_dic/venv/lib/python3.11/site-packages/airflow/example_dags/example_branch_day_of_week_operator.py
[2023-10-19T22:43:20.849+0200] {processor.py:839} INFO - DAG(s) dict_keys(['example_weekday_branch_operator']) retrieved from /Users/nick/Desktop/airflow_dic/venv/lib/python3.11/site-packages/airflow/example_dags/example_branch_day_of_week_operator.py
[2023-10-19T22:43:20.905+0200] {logging_mixin.py:151} INFO - [2023-10-19T22:43:20.904+0200] {dag.py:2915} INFO - Sync 1 DAGs
[2023-10-19T22:43:20.910+0200] {logging_mixin.py:151} INFO - [2023-10-19T22:43:20.910+0200] {dag.py:3696} INFO - Setting next_dagrun for example_weekday_branch_operator to 2023-10-18T00:00:00+00:00, run_after=2023-10-19T00:00:00+00:00
[2023-10-19T22:43:20.917+0200] {processor.py:179} INFO - Processing /Users/nick/Desktop/airflow_dic/venv/lib/python3.11/site-packages/airflow/example_dags/example_branch_day_of_week_operator.py took 0.079 seconds
[2023-10-19T22:44:31.671+0200] {processor.py:157} INFO - Started process (PID=33831) to work on /Users/nick/Desktop/airflow_dic/venv/lib/python3.11/site-packages/airflow/example_dags/example_branch_day_of_week_operator.py
[2023-10-19T22:44:31.673+0200] {processor.py:829} INFO - Processing file /Users/nick/Desktop/airflow_dic/venv/lib/python3.11/site-packages/airflow/example_dags/example_branch_day_of_week_operator.py for tasks to queue
[2023-10-19T22:44:31.673+0200] {logging_mixin.py:151} INFO - [2023-10-19T22:44:31.673+0200] {dagbag.py:539} INFO - Filling up the DagBag from /Users/nick/Desktop/airflow_dic/venv/lib/python3.11/site-packages/airflow/example_dags/example_branch_day_of_week_operator.py
[2023-10-19T22:44:31.684+0200] {processor.py:839} INFO - DAG(s) dict_keys(['example_weekday_branch_operator']) retrieved from /Users/nick/Desktop/airflow_dic/venv/lib/python3.11/site-packages/airflow/example_dags/example_branch_day_of_week_operator.py
[2023-10-19T22:44:31.740+0200] {logging_mixin.py:151} INFO - [2023-10-19T22:44:31.739+0200] {dag.py:2915} INFO - Sync 1 DAGs
[2023-10-19T22:44:31.745+0200] {logging_mixin.py:151} INFO - [2023-10-19T22:44:31.745+0200] {dag.py:3696} INFO - Setting next_dagrun for example_weekday_branch_operator to 2023-10-18T00:00:00+00:00, run_after=2023-10-19T00:00:00+00:00
[2023-10-19T22:44:31.751+0200] {processor.py:179} INFO - Processing /Users/nick/Desktop/airflow_dic/venv/lib/python3.11/site-packages/airflow/example_dags/example_branch_day_of_week_operator.py took 0.080 seconds
[2023-10-19T22:46:18.731+0200] {processor.py:157} INFO - Started process (PID=34051) to work on /Users/nick/Desktop/airflow_dic/venv/lib/python3.11/site-packages/airflow/example_dags/example_branch_day_of_week_operator.py
[2023-10-19T22:46:18.734+0200] {processor.py:829} INFO - Processing file /Users/nick/Desktop/airflow_dic/venv/lib/python3.11/site-packages/airflow/example_dags/example_branch_day_of_week_operator.py for tasks to queue
[2023-10-19T22:46:18.734+0200] {logging_mixin.py:151} INFO - [2023-10-19T22:46:18.734+0200] {dagbag.py:539} INFO - Filling up the DagBag from /Users/nick/Desktop/airflow_dic/venv/lib/python3.11/site-packages/airflow/example_dags/example_branch_day_of_week_operator.py
[2023-10-19T22:46:18.745+0200] {processor.py:839} INFO - DAG(s) dict_keys(['example_weekday_branch_operator']) retrieved from /Users/nick/Desktop/airflow_dic/venv/lib/python3.11/site-packages/airflow/example_dags/example_branch_day_of_week_operator.py
[2023-10-19T22:46:18.804+0200] {logging_mixin.py:151} INFO - [2023-10-19T22:46:18.804+0200] {dag.py:2915} INFO - Sync 1 DAGs
[2023-10-19T22:46:18.810+0200] {logging_mixin.py:151} INFO - [2023-10-19T22:46:18.810+0200] {dag.py:3696} INFO - Setting next_dagrun for example_weekday_branch_operator to 2023-10-18T00:00:00+00:00, run_after=2023-10-19T00:00:00+00:00
[2023-10-19T22:46:18.817+0200] {processor.py:179} INFO - Processing /Users/nick/Desktop/airflow_dic/venv/lib/python3.11/site-packages/airflow/example_dags/example_branch_day_of_week_operator.py took 0.086 seconds
[2023-10-19T22:47:28.450+0200] {processor.py:157} INFO - Started process (PID=34180) to work on /Users/nick/Desktop/airflow_dic/venv/lib/python3.11/site-packages/airflow/example_dags/example_branch_day_of_week_operator.py
[2023-10-19T22:47:28.452+0200] {processor.py:829} INFO - Processing file /Users/nick/Desktop/airflow_dic/venv/lib/python3.11/site-packages/airflow/example_dags/example_branch_day_of_week_operator.py for tasks to queue
[2023-10-19T22:47:28.452+0200] {logging_mixin.py:151} INFO - [2023-10-19T22:47:28.452+0200] {dagbag.py:539} INFO - Filling up the DagBag from /Users/nick/Desktop/airflow_dic/venv/lib/python3.11/site-packages/airflow/example_dags/example_branch_day_of_week_operator.py
[2023-10-19T22:47:28.462+0200] {processor.py:839} INFO - DAG(s) dict_keys(['example_weekday_branch_operator']) retrieved from /Users/nick/Desktop/airflow_dic/venv/lib/python3.11/site-packages/airflow/example_dags/example_branch_day_of_week_operator.py
[2023-10-19T22:47:28.517+0200] {logging_mixin.py:151} INFO - [2023-10-19T22:47:28.517+0200] {dag.py:2915} INFO - Sync 1 DAGs
[2023-10-19T22:47:28.523+0200] {logging_mixin.py:151} INFO - [2023-10-19T22:47:28.523+0200] {dag.py:3696} INFO - Setting next_dagrun for example_weekday_branch_operator to 2023-10-18T00:00:00+00:00, run_after=2023-10-19T00:00:00+00:00
[2023-10-19T22:47:28.529+0200] {processor.py:179} INFO - Processing /Users/nick/Desktop/airflow_dic/venv/lib/python3.11/site-packages/airflow/example_dags/example_branch_day_of_week_operator.py took 0.079 seconds
[2023-10-19T22:48:36.743+0200] {processor.py:157} INFO - Started process (PID=34313) to work on /Users/nick/Desktop/airflow_dic/venv/lib/python3.11/site-packages/airflow/example_dags/example_branch_day_of_week_operator.py
[2023-10-19T22:48:36.744+0200] {processor.py:829} INFO - Processing file /Users/nick/Desktop/airflow_dic/venv/lib/python3.11/site-packages/airflow/example_dags/example_branch_day_of_week_operator.py for tasks to queue
[2023-10-19T22:48:36.744+0200] {logging_mixin.py:151} INFO - [2023-10-19T22:48:36.744+0200] {dagbag.py:539} INFO - Filling up the DagBag from /Users/nick/Desktop/airflow_dic/venv/lib/python3.11/site-packages/airflow/example_dags/example_branch_day_of_week_operator.py
[2023-10-19T22:48:36.756+0200] {processor.py:839} INFO - DAG(s) dict_keys(['example_weekday_branch_operator']) retrieved from /Users/nick/Desktop/airflow_dic/venv/lib/python3.11/site-packages/airflow/example_dags/example_branch_day_of_week_operator.py
[2023-10-19T22:48:36.818+0200] {logging_mixin.py:151} INFO - [2023-10-19T22:48:36.818+0200] {dag.py:2915} INFO - Sync 1 DAGs
[2023-10-19T22:48:36.825+0200] {logging_mixin.py:151} INFO - [2023-10-19T22:48:36.825+0200] {dag.py:3696} INFO - Setting next_dagrun for example_weekday_branch_operator to 2023-10-18T00:00:00+00:00, run_after=2023-10-19T00:00:00+00:00
[2023-10-19T22:48:36.832+0200] {processor.py:179} INFO - Processing /Users/nick/Desktop/airflow_dic/venv/lib/python3.11/site-packages/airflow/example_dags/example_branch_day_of_week_operator.py took 0.090 seconds
[2023-10-19T22:49:46.189+0200] {processor.py:157} INFO - Started process (PID=34452) to work on /Users/nick/Desktop/airflow_dic/venv/lib/python3.11/site-packages/airflow/example_dags/example_branch_day_of_week_operator.py
[2023-10-19T22:49:46.191+0200] {processor.py:829} INFO - Processing file /Users/nick/Desktop/airflow_dic/venv/lib/python3.11/site-packages/airflow/example_dags/example_branch_day_of_week_operator.py for tasks to queue
[2023-10-19T22:49:46.191+0200] {logging_mixin.py:151} INFO - [2023-10-19T22:49:46.191+0200] {dagbag.py:539} INFO - Filling up the DagBag from /Users/nick/Desktop/airflow_dic/venv/lib/python3.11/site-packages/airflow/example_dags/example_branch_day_of_week_operator.py
[2023-10-19T22:49:46.201+0200] {processor.py:839} INFO - DAG(s) dict_keys(['example_weekday_branch_operator']) retrieved from /Users/nick/Desktop/airflow_dic/venv/lib/python3.11/site-packages/airflow/example_dags/example_branch_day_of_week_operator.py
[2023-10-19T22:49:46.256+0200] {logging_mixin.py:151} INFO - [2023-10-19T22:49:46.256+0200] {dag.py:2915} INFO - Sync 1 DAGs
[2023-10-19T22:49:46.262+0200] {logging_mixin.py:151} INFO - [2023-10-19T22:49:46.262+0200] {dag.py:3696} INFO - Setting next_dagrun for example_weekday_branch_operator to 2023-10-18T00:00:00+00:00, run_after=2023-10-19T00:00:00+00:00
[2023-10-19T22:49:46.268+0200] {processor.py:179} INFO - Processing /Users/nick/Desktop/airflow_dic/venv/lib/python3.11/site-packages/airflow/example_dags/example_branch_day_of_week_operator.py took 0.079 seconds
[2023-10-19T22:50:54.285+0200] {processor.py:157} INFO - Started process (PID=34576) to work on /Users/nick/Desktop/airflow_dic/venv/lib/python3.11/site-packages/airflow/example_dags/example_branch_day_of_week_operator.py
[2023-10-19T22:50:54.287+0200] {processor.py:829} INFO - Processing file /Users/nick/Desktop/airflow_dic/venv/lib/python3.11/site-packages/airflow/example_dags/example_branch_day_of_week_operator.py for tasks to queue
[2023-10-19T22:50:54.287+0200] {logging_mixin.py:151} INFO - [2023-10-19T22:50:54.287+0200] {dagbag.py:539} INFO - Filling up the DagBag from /Users/nick/Desktop/airflow_dic/venv/lib/python3.11/site-packages/airflow/example_dags/example_branch_day_of_week_operator.py
[2023-10-19T22:50:54.299+0200] {processor.py:839} INFO - DAG(s) dict_keys(['example_weekday_branch_operator']) retrieved from /Users/nick/Desktop/airflow_dic/venv/lib/python3.11/site-packages/airflow/example_dags/example_branch_day_of_week_operator.py
[2023-10-19T22:50:54.364+0200] {logging_mixin.py:151} INFO - [2023-10-19T22:50:54.364+0200] {dag.py:2915} INFO - Sync 1 DAGs
[2023-10-19T22:50:54.370+0200] {logging_mixin.py:151} INFO - [2023-10-19T22:50:54.370+0200] {dag.py:3696} INFO - Setting next_dagrun for example_weekday_branch_operator to 2023-10-18T00:00:00+00:00, run_after=2023-10-19T00:00:00+00:00
[2023-10-19T22:50:54.378+0200] {processor.py:179} INFO - Processing /Users/nick/Desktop/airflow_dic/venv/lib/python3.11/site-packages/airflow/example_dags/example_branch_day_of_week_operator.py took 0.093 seconds
[2023-10-19T22:54:17.182+0200] {processor.py:157} INFO - Started process (PID=34890) to work on /Users/nick/Desktop/airflow_dic/venv/lib/python3.11/site-packages/airflow/example_dags/example_branch_day_of_week_operator.py
[2023-10-19T22:54:17.184+0200] {processor.py:829} INFO - Processing file /Users/nick/Desktop/airflow_dic/venv/lib/python3.11/site-packages/airflow/example_dags/example_branch_day_of_week_operator.py for tasks to queue
[2023-10-19T22:54:17.184+0200] {logging_mixin.py:151} INFO - [2023-10-19T22:54:17.184+0200] {dagbag.py:539} INFO - Filling up the DagBag from /Users/nick/Desktop/airflow_dic/venv/lib/python3.11/site-packages/airflow/example_dags/example_branch_day_of_week_operator.py
[2023-10-19T22:54:17.194+0200] {processor.py:839} INFO - DAG(s) dict_keys(['example_weekday_branch_operator']) retrieved from /Users/nick/Desktop/airflow_dic/venv/lib/python3.11/site-packages/airflow/example_dags/example_branch_day_of_week_operator.py
[2023-10-19T22:54:17.256+0200] {logging_mixin.py:151} INFO - [2023-10-19T22:54:17.255+0200] {dag.py:2915} INFO - Sync 1 DAGs
[2023-10-19T22:54:17.261+0200] {logging_mixin.py:151} INFO - [2023-10-19T22:54:17.261+0200] {dag.py:3696} INFO - Setting next_dagrun for example_weekday_branch_operator to 2023-10-18T00:00:00+00:00, run_after=2023-10-19T00:00:00+00:00
[2023-10-19T22:54:17.268+0200] {processor.py:179} INFO - Processing /Users/nick/Desktop/airflow_dic/venv/lib/python3.11/site-packages/airflow/example_dags/example_branch_day_of_week_operator.py took 0.086 seconds
[2023-10-19T22:55:24.479+0200] {processor.py:157} INFO - Started process (PID=35032) to work on /Users/nick/Desktop/airflow_dic/venv/lib/python3.11/site-packages/airflow/example_dags/example_branch_day_of_week_operator.py
[2023-10-19T22:55:24.482+0200] {processor.py:829} INFO - Processing file /Users/nick/Desktop/airflow_dic/venv/lib/python3.11/site-packages/airflow/example_dags/example_branch_day_of_week_operator.py for tasks to queue
[2023-10-19T22:55:24.482+0200] {logging_mixin.py:151} INFO - [2023-10-19T22:55:24.482+0200] {dagbag.py:539} INFO - Filling up the DagBag from /Users/nick/Desktop/airflow_dic/venv/lib/python3.11/site-packages/airflow/example_dags/example_branch_day_of_week_operator.py
[2023-10-19T22:55:24.493+0200] {processor.py:839} INFO - DAG(s) dict_keys(['example_weekday_branch_operator']) retrieved from /Users/nick/Desktop/airflow_dic/venv/lib/python3.11/site-packages/airflow/example_dags/example_branch_day_of_week_operator.py
[2023-10-19T22:55:24.549+0200] {logging_mixin.py:151} INFO - [2023-10-19T22:55:24.548+0200] {dag.py:2915} INFO - Sync 1 DAGs
[2023-10-19T22:55:24.554+0200] {logging_mixin.py:151} INFO - [2023-10-19T22:55:24.554+0200] {dag.py:3696} INFO - Setting next_dagrun for example_weekday_branch_operator to 2023-10-18T00:00:00+00:00, run_after=2023-10-19T00:00:00+00:00
[2023-10-19T22:55:24.560+0200] {processor.py:179} INFO - Processing /Users/nick/Desktop/airflow_dic/venv/lib/python3.11/site-packages/airflow/example_dags/example_branch_day_of_week_operator.py took 0.081 seconds
[2023-10-19T22:56:33.574+0200] {processor.py:157} INFO - Started process (PID=35170) to work on /Users/nick/Desktop/airflow_dic/venv/lib/python3.11/site-packages/airflow/example_dags/example_branch_day_of_week_operator.py
[2023-10-19T22:56:33.576+0200] {processor.py:829} INFO - Processing file /Users/nick/Desktop/airflow_dic/venv/lib/python3.11/site-packages/airflow/example_dags/example_branch_day_of_week_operator.py for tasks to queue
[2023-10-19T22:56:33.576+0200] {logging_mixin.py:151} INFO - [2023-10-19T22:56:33.576+0200] {dagbag.py:539} INFO - Filling up the DagBag from /Users/nick/Desktop/airflow_dic/venv/lib/python3.11/site-packages/airflow/example_dags/example_branch_day_of_week_operator.py
[2023-10-19T22:56:33.587+0200] {processor.py:839} INFO - DAG(s) dict_keys(['example_weekday_branch_operator']) retrieved from /Users/nick/Desktop/airflow_dic/venv/lib/python3.11/site-packages/airflow/example_dags/example_branch_day_of_week_operator.py
[2023-10-19T22:56:33.646+0200] {logging_mixin.py:151} INFO - [2023-10-19T22:56:33.646+0200] {dag.py:2915} INFO - Sync 1 DAGs
[2023-10-19T22:56:33.652+0200] {logging_mixin.py:151} INFO - [2023-10-19T22:56:33.652+0200] {dag.py:3696} INFO - Setting next_dagrun for example_weekday_branch_operator to 2023-10-18T00:00:00+00:00, run_after=2023-10-19T00:00:00+00:00
[2023-10-19T22:56:33.659+0200] {processor.py:179} INFO - Processing /Users/nick/Desktop/airflow_dic/venv/lib/python3.11/site-packages/airflow/example_dags/example_branch_day_of_week_operator.py took 0.085 seconds
[2023-10-19T22:57:39.320+0200] {processor.py:157} INFO - Started process (PID=35296) to work on /Users/nick/Desktop/airflow_dic/venv/lib/python3.11/site-packages/airflow/example_dags/example_branch_day_of_week_operator.py
[2023-10-19T22:57:39.321+0200] {processor.py:829} INFO - Processing file /Users/nick/Desktop/airflow_dic/venv/lib/python3.11/site-packages/airflow/example_dags/example_branch_day_of_week_operator.py for tasks to queue
[2023-10-19T22:57:39.321+0200] {logging_mixin.py:151} INFO - [2023-10-19T22:57:39.321+0200] {dagbag.py:539} INFO - Filling up the DagBag from /Users/nick/Desktop/airflow_dic/venv/lib/python3.11/site-packages/airflow/example_dags/example_branch_day_of_week_operator.py
[2023-10-19T22:57:39.332+0200] {processor.py:839} INFO - DAG(s) dict_keys(['example_weekday_branch_operator']) retrieved from /Users/nick/Desktop/airflow_dic/venv/lib/python3.11/site-packages/airflow/example_dags/example_branch_day_of_week_operator.py
[2023-10-19T22:57:39.387+0200] {logging_mixin.py:151} INFO - [2023-10-19T22:57:39.387+0200] {dag.py:2915} INFO - Sync 1 DAGs
[2023-10-19T22:57:39.393+0200] {logging_mixin.py:151} INFO - [2023-10-19T22:57:39.393+0200] {dag.py:3696} INFO - Setting next_dagrun for example_weekday_branch_operator to 2023-10-18T00:00:00+00:00, run_after=2023-10-19T00:00:00+00:00
[2023-10-19T22:57:39.399+0200] {processor.py:179} INFO - Processing /Users/nick/Desktop/airflow_dic/venv/lib/python3.11/site-packages/airflow/example_dags/example_branch_day_of_week_operator.py took 0.080 seconds
[2023-10-19T22:58:48.179+0200] {processor.py:157} INFO - Started process (PID=35434) to work on /Users/nick/Desktop/airflow_dic/venv/lib/python3.11/site-packages/airflow/example_dags/example_branch_day_of_week_operator.py
[2023-10-19T22:58:48.181+0200] {processor.py:829} INFO - Processing file /Users/nick/Desktop/airflow_dic/venv/lib/python3.11/site-packages/airflow/example_dags/example_branch_day_of_week_operator.py for tasks to queue
[2023-10-19T22:58:48.181+0200] {logging_mixin.py:151} INFO - [2023-10-19T22:58:48.181+0200] {dagbag.py:539} INFO - Filling up the DagBag from /Users/nick/Desktop/airflow_dic/venv/lib/python3.11/site-packages/airflow/example_dags/example_branch_day_of_week_operator.py
[2023-10-19T22:58:48.191+0200] {processor.py:839} INFO - DAG(s) dict_keys(['example_weekday_branch_operator']) retrieved from /Users/nick/Desktop/airflow_dic/venv/lib/python3.11/site-packages/airflow/example_dags/example_branch_day_of_week_operator.py
[2023-10-19T22:58:48.249+0200] {logging_mixin.py:151} INFO - [2023-10-19T22:58:48.249+0200] {dag.py:2915} INFO - Sync 1 DAGs
[2023-10-19T22:58:48.255+0200] {logging_mixin.py:151} INFO - [2023-10-19T22:58:48.255+0200] {dag.py:3696} INFO - Setting next_dagrun for example_weekday_branch_operator to 2023-10-18T00:00:00+00:00, run_after=2023-10-19T00:00:00+00:00
[2023-10-19T22:58:48.261+0200] {processor.py:179} INFO - Processing /Users/nick/Desktop/airflow_dic/venv/lib/python3.11/site-packages/airflow/example_dags/example_branch_day_of_week_operator.py took 0.082 seconds
