[2023-10-19T22:18:38.879+0200] {processor.py:157} INFO - Started process (PID=28911) to work on /Users/nick/Desktop/airflow_dic/venv/lib/python3.11/site-packages/airflow/example_dags/example_params_trigger_ui.py
[2023-10-19T22:18:38.880+0200] {processor.py:829} INFO - Processing file /Users/nick/Desktop/airflow_dic/venv/lib/python3.11/site-packages/airflow/example_dags/example_params_trigger_ui.py for tasks to queue
[2023-10-19T22:18:38.881+0200] {logging_mixin.py:151} INFO - [2023-10-19T22:18:38.880+0200] {dagbag.py:539} INFO - Filling up the DagBag from /Users/nick/Desktop/airflow_dic/venv/lib/python3.11/site-packages/airflow/example_dags/example_params_trigger_ui.py
[2023-10-19T22:18:38.916+0200] {processor.py:839} INFO - DAG(s) dict_keys(['example_params_trigger_ui']) retrieved from /Users/nick/Desktop/airflow_dic/venv/lib/python3.11/site-packages/airflow/example_dags/example_params_trigger_ui.py
[2023-10-19T22:18:39.174+0200] {logging_mixin.py:151} INFO - [2023-10-19T22:18:39.173+0200] {manager.py:499} INFO - Created Permission View: %s
[2023-10-19T22:18:39.176+0200] {logging_mixin.py:151} INFO - [2023-10-19T22:18:39.176+0200] {manager.py:499} INFO - Created Permission View: %s
[2023-10-19T22:18:39.178+0200] {logging_mixin.py:151} INFO - [2023-10-19T22:18:39.178+0200] {manager.py:499} INFO - Created Permission View: %s
[2023-10-19T22:18:39.178+0200] {logging_mixin.py:151} INFO - [2023-10-19T22:18:39.178+0200] {security.py:708} INFO - Not syncing DAG-level permissions for DAG 'DAG:example_params_trigger_ui' as access control is unset.
[2023-10-19T22:18:39.178+0200] {logging_mixin.py:151} INFO - [2023-10-19T22:18:39.178+0200] {dag.py:2915} INFO - Sync 1 DAGs
[2023-10-19T22:18:39.182+0200] {logging_mixin.py:151} INFO - [2023-10-19T22:18:39.182+0200] {dag.py:2937} INFO - Creating ORM DAG for example_params_trigger_ui
[2023-10-19T22:18:39.182+0200] {logging_mixin.py:151} INFO - [2023-10-19T22:18:39.182+0200] {dag.py:3696} INFO - Setting next_dagrun for example_params_trigger_ui to None, run_after=None
[2023-10-19T22:18:39.187+0200] {processor.py:179} INFO - Processing /Users/nick/Desktop/airflow_dic/venv/lib/python3.11/site-packages/airflow/example_dags/example_params_trigger_ui.py took 0.308 seconds
[2023-10-19T22:19:50.625+0200] {processor.py:157} INFO - Started process (PID=29047) to work on /Users/nick/Desktop/airflow_dic/venv/lib/python3.11/site-packages/airflow/example_dags/example_params_trigger_ui.py
[2023-10-19T22:19:50.626+0200] {processor.py:829} INFO - Processing file /Users/nick/Desktop/airflow_dic/venv/lib/python3.11/site-packages/airflow/example_dags/example_params_trigger_ui.py for tasks to queue
[2023-10-19T22:19:50.626+0200] {logging_mixin.py:151} INFO - [2023-10-19T22:19:50.626+0200] {dagbag.py:539} INFO - Filling up the DagBag from /Users/nick/Desktop/airflow_dic/venv/lib/python3.11/site-packages/airflow/example_dags/example_params_trigger_ui.py
[2023-10-19T22:19:50.664+0200] {processor.py:839} INFO - DAG(s) dict_keys(['example_params_trigger_ui']) retrieved from /Users/nick/Desktop/airflow_dic/venv/lib/python3.11/site-packages/airflow/example_dags/example_params_trigger_ui.py
[2023-10-19T22:19:50.710+0200] {logging_mixin.py:151} INFO - [2023-10-19T22:19:50.709+0200] {dag.py:2915} INFO - Sync 1 DAGs
[2023-10-19T22:19:50.713+0200] {logging_mixin.py:151} INFO - [2023-10-19T22:19:50.713+0200] {dag.py:3696} INFO - Setting next_dagrun for example_params_trigger_ui to None, run_after=None
[2023-10-19T22:19:50.719+0200] {processor.py:179} INFO - Processing /Users/nick/Desktop/airflow_dic/venv/lib/python3.11/site-packages/airflow/example_dags/example_params_trigger_ui.py took 0.094 seconds
[2023-10-19T22:20:55.472+0200] {processor.py:157} INFO - Started process (PID=29174) to work on /Users/nick/Desktop/airflow_dic/venv/lib/python3.11/site-packages/airflow/example_dags/example_params_trigger_ui.py
[2023-10-19T22:20:55.473+0200] {processor.py:829} INFO - Processing file /Users/nick/Desktop/airflow_dic/venv/lib/python3.11/site-packages/airflow/example_dags/example_params_trigger_ui.py for tasks to queue
[2023-10-19T22:20:55.474+0200] {logging_mixin.py:151} INFO - [2023-10-19T22:20:55.473+0200] {dagbag.py:539} INFO - Filling up the DagBag from /Users/nick/Desktop/airflow_dic/venv/lib/python3.11/site-packages/airflow/example_dags/example_params_trigger_ui.py
[2023-10-19T22:20:55.514+0200] {processor.py:839} INFO - DAG(s) dict_keys(['example_params_trigger_ui']) retrieved from /Users/nick/Desktop/airflow_dic/venv/lib/python3.11/site-packages/airflow/example_dags/example_params_trigger_ui.py
[2023-10-19T22:20:55.570+0200] {logging_mixin.py:151} INFO - [2023-10-19T22:20:55.569+0200] {dag.py:2915} INFO - Sync 1 DAGs
[2023-10-19T22:20:55.574+0200] {logging_mixin.py:151} INFO - [2023-10-19T22:20:55.574+0200] {dag.py:3696} INFO - Setting next_dagrun for example_params_trigger_ui to None, run_after=None
[2023-10-19T22:20:55.581+0200] {processor.py:179} INFO - Processing /Users/nick/Desktop/airflow_dic/venv/lib/python3.11/site-packages/airflow/example_dags/example_params_trigger_ui.py took 0.110 seconds
[2023-10-19T22:22:44.968+0200] {processor.py:157} INFO - Started process (PID=29398) to work on /Users/nick/Desktop/airflow_dic/venv/lib/python3.11/site-packages/airflow/example_dags/example_params_trigger_ui.py
[2023-10-19T22:22:44.970+0200] {processor.py:829} INFO - Processing file /Users/nick/Desktop/airflow_dic/venv/lib/python3.11/site-packages/airflow/example_dags/example_params_trigger_ui.py for tasks to queue
[2023-10-19T22:22:44.970+0200] {logging_mixin.py:151} INFO - [2023-10-19T22:22:44.970+0200] {dagbag.py:539} INFO - Filling up the DagBag from /Users/nick/Desktop/airflow_dic/venv/lib/python3.11/site-packages/airflow/example_dags/example_params_trigger_ui.py
[2023-10-19T22:22:45.010+0200] {processor.py:839} INFO - DAG(s) dict_keys(['example_params_trigger_ui']) retrieved from /Users/nick/Desktop/airflow_dic/venv/lib/python3.11/site-packages/airflow/example_dags/example_params_trigger_ui.py
[2023-10-19T22:22:45.057+0200] {logging_mixin.py:151} INFO - [2023-10-19T22:22:45.057+0200] {dag.py:2915} INFO - Sync 1 DAGs
[2023-10-19T22:22:45.061+0200] {logging_mixin.py:151} INFO - [2023-10-19T22:22:45.061+0200] {dag.py:3696} INFO - Setting next_dagrun for example_params_trigger_ui to None, run_after=None
[2023-10-19T22:22:45.069+0200] {processor.py:179} INFO - Processing /Users/nick/Desktop/airflow_dic/venv/lib/python3.11/site-packages/airflow/example_dags/example_params_trigger_ui.py took 0.101 seconds
[2023-10-19T22:23:26.672+0200] {processor.py:157} INFO - Started process (PID=29484) to work on /Users/nick/Desktop/airflow_dic/venv/lib/python3.11/site-packages/airflow/example_dags/example_params_trigger_ui.py
[2023-10-19T22:23:26.673+0200] {processor.py:829} INFO - Processing file /Users/nick/Desktop/airflow_dic/venv/lib/python3.11/site-packages/airflow/example_dags/example_params_trigger_ui.py for tasks to queue
[2023-10-19T22:23:26.673+0200] {logging_mixin.py:151} INFO - [2023-10-19T22:23:26.673+0200] {dagbag.py:539} INFO - Filling up the DagBag from /Users/nick/Desktop/airflow_dic/venv/lib/python3.11/site-packages/airflow/example_dags/example_params_trigger_ui.py
[2023-10-19T22:23:26.710+0200] {processor.py:839} INFO - DAG(s) dict_keys(['example_params_trigger_ui']) retrieved from /Users/nick/Desktop/airflow_dic/venv/lib/python3.11/site-packages/airflow/example_dags/example_params_trigger_ui.py
[2023-10-19T22:23:26.757+0200] {logging_mixin.py:151} INFO - [2023-10-19T22:23:26.757+0200] {dag.py:2915} INFO - Sync 1 DAGs
[2023-10-19T22:23:26.761+0200] {logging_mixin.py:151} INFO - [2023-10-19T22:23:26.761+0200] {dag.py:3696} INFO - Setting next_dagrun for example_params_trigger_ui to None, run_after=None
[2023-10-19T22:23:26.767+0200] {processor.py:179} INFO - Processing /Users/nick/Desktop/airflow_dic/venv/lib/python3.11/site-packages/airflow/example_dags/example_params_trigger_ui.py took 0.096 seconds
[2023-10-19T22:24:34.448+0200] {processor.py:157} INFO - Started process (PID=29613) to work on /Users/nick/Desktop/airflow_dic/venv/lib/python3.11/site-packages/airflow/example_dags/example_params_trigger_ui.py
[2023-10-19T22:24:34.449+0200] {processor.py:829} INFO - Processing file /Users/nick/Desktop/airflow_dic/venv/lib/python3.11/site-packages/airflow/example_dags/example_params_trigger_ui.py for tasks to queue
[2023-10-19T22:24:34.449+0200] {logging_mixin.py:151} INFO - [2023-10-19T22:24:34.449+0200] {dagbag.py:539} INFO - Filling up the DagBag from /Users/nick/Desktop/airflow_dic/venv/lib/python3.11/site-packages/airflow/example_dags/example_params_trigger_ui.py
[2023-10-19T22:24:34.488+0200] {processor.py:839} INFO - DAG(s) dict_keys(['example_params_trigger_ui']) retrieved from /Users/nick/Desktop/airflow_dic/venv/lib/python3.11/site-packages/airflow/example_dags/example_params_trigger_ui.py
[2023-10-19T22:24:34.536+0200] {logging_mixin.py:151} INFO - [2023-10-19T22:24:34.536+0200] {dag.py:2915} INFO - Sync 1 DAGs
[2023-10-19T22:24:34.540+0200] {logging_mixin.py:151} INFO - [2023-10-19T22:24:34.540+0200] {dag.py:3696} INFO - Setting next_dagrun for example_params_trigger_ui to None, run_after=None
[2023-10-19T22:24:34.547+0200] {processor.py:179} INFO - Processing /Users/nick/Desktop/airflow_dic/venv/lib/python3.11/site-packages/airflow/example_dags/example_params_trigger_ui.py took 0.099 seconds
[2023-10-19T22:25:33.560+0200] {processor.py:157} INFO - Started process (PID=30033) to work on /Users/nick/Desktop/airflow_dic/venv/lib/python3.11/site-packages/airflow/example_dags/example_params_trigger_ui.py
[2023-10-19T22:25:33.561+0200] {processor.py:829} INFO - Processing file /Users/nick/Desktop/airflow_dic/venv/lib/python3.11/site-packages/airflow/example_dags/example_params_trigger_ui.py for tasks to queue
[2023-10-19T22:25:33.562+0200] {logging_mixin.py:151} INFO - [2023-10-19T22:25:33.562+0200] {dagbag.py:539} INFO - Filling up the DagBag from /Users/nick/Desktop/airflow_dic/venv/lib/python3.11/site-packages/airflow/example_dags/example_params_trigger_ui.py
[2023-10-19T22:25:33.610+0200] {processor.py:839} INFO - DAG(s) dict_keys(['example_params_trigger_ui']) retrieved from /Users/nick/Desktop/airflow_dic/venv/lib/python3.11/site-packages/airflow/example_dags/example_params_trigger_ui.py
[2023-10-19T22:25:33.669+0200] {logging_mixin.py:151} INFO - [2023-10-19T22:25:33.669+0200] {dag.py:2915} INFO - Sync 1 DAGs
[2023-10-19T22:25:33.673+0200] {logging_mixin.py:151} INFO - [2023-10-19T22:25:33.673+0200] {dag.py:3696} INFO - Setting next_dagrun for example_params_trigger_ui to None, run_after=None
[2023-10-19T22:25:33.688+0200] {processor.py:179} INFO - Processing /Users/nick/Desktop/airflow_dic/venv/lib/python3.11/site-packages/airflow/example_dags/example_params_trigger_ui.py took 0.128 seconds
[2023-10-19T22:26:48.023+0200] {processor.py:157} INFO - Started process (PID=31759) to work on /Users/nick/Desktop/airflow_dic/venv/lib/python3.11/site-packages/airflow/example_dags/example_params_trigger_ui.py
[2023-10-19T22:26:48.025+0200] {processor.py:829} INFO - Processing file /Users/nick/Desktop/airflow_dic/venv/lib/python3.11/site-packages/airflow/example_dags/example_params_trigger_ui.py for tasks to queue
[2023-10-19T22:26:48.031+0200] {logging_mixin.py:151} INFO - [2023-10-19T22:26:48.031+0200] {dagbag.py:539} INFO - Filling up the DagBag from /Users/nick/Desktop/airflow_dic/venv/lib/python3.11/site-packages/airflow/example_dags/example_params_trigger_ui.py
[2023-10-19T22:26:48.072+0200] {processor.py:839} INFO - DAG(s) dict_keys(['example_params_trigger_ui']) retrieved from /Users/nick/Desktop/airflow_dic/venv/lib/python3.11/site-packages/airflow/example_dags/example_params_trigger_ui.py
[2023-10-19T22:26:48.367+0200] {logging_mixin.py:151} INFO - [2023-10-19T22:26:48.367+0200] {security.py:708} INFO - Not syncing DAG-level permissions for DAG 'DAG:example_params_trigger_ui' as access control is unset.
[2023-10-19T22:26:48.367+0200] {logging_mixin.py:151} INFO - [2023-10-19T22:26:48.367+0200] {dag.py:2915} INFO - Sync 1 DAGs
[2023-10-19T22:26:48.371+0200] {logging_mixin.py:151} INFO - [2023-10-19T22:26:48.371+0200] {dag.py:2937} INFO - Creating ORM DAG for example_params_trigger_ui
[2023-10-19T22:26:48.371+0200] {logging_mixin.py:151} INFO - [2023-10-19T22:26:48.371+0200] {dag.py:3696} INFO - Setting next_dagrun for example_params_trigger_ui to None, run_after=None
[2023-10-19T22:26:48.379+0200] {processor.py:179} INFO - Processing /Users/nick/Desktop/airflow_dic/venv/lib/python3.11/site-packages/airflow/example_dags/example_params_trigger_ui.py took 0.356 seconds
[2023-10-19T22:27:57.013+0200] {processor.py:157} INFO - Started process (PID=31885) to work on /Users/nick/Desktop/airflow_dic/venv/lib/python3.11/site-packages/airflow/example_dags/example_params_trigger_ui.py
[2023-10-19T22:27:57.014+0200] {processor.py:829} INFO - Processing file /Users/nick/Desktop/airflow_dic/venv/lib/python3.11/site-packages/airflow/example_dags/example_params_trigger_ui.py for tasks to queue
[2023-10-19T22:27:57.014+0200] {logging_mixin.py:151} INFO - [2023-10-19T22:27:57.014+0200] {dagbag.py:539} INFO - Filling up the DagBag from /Users/nick/Desktop/airflow_dic/venv/lib/python3.11/site-packages/airflow/example_dags/example_params_trigger_ui.py
[2023-10-19T22:27:57.057+0200] {processor.py:839} INFO - DAG(s) dict_keys(['example_params_trigger_ui']) retrieved from /Users/nick/Desktop/airflow_dic/venv/lib/python3.11/site-packages/airflow/example_dags/example_params_trigger_ui.py
[2023-10-19T22:27:57.352+0200] {logging_mixin.py:151} INFO - [2023-10-19T22:27:57.352+0200] {security.py:708} INFO - Not syncing DAG-level permissions for DAG 'DAG:example_params_trigger_ui' as access control is unset.
[2023-10-19T22:27:57.352+0200] {logging_mixin.py:151} INFO - [2023-10-19T22:27:57.352+0200] {dag.py:2915} INFO - Sync 1 DAGs
[2023-10-19T22:27:57.356+0200] {logging_mixin.py:151} INFO - [2023-10-19T22:27:57.356+0200] {dag.py:2937} INFO - Creating ORM DAG for example_params_trigger_ui
[2023-10-19T22:27:57.356+0200] {logging_mixin.py:151} INFO - [2023-10-19T22:27:57.356+0200] {dag.py:3696} INFO - Setting next_dagrun for example_params_trigger_ui to None, run_after=None
[2023-10-19T22:27:57.363+0200] {processor.py:179} INFO - Processing /Users/nick/Desktop/airflow_dic/venv/lib/python3.11/site-packages/airflow/example_dags/example_params_trigger_ui.py took 0.351 seconds
[2023-10-19T22:29:06.251+0200] {processor.py:157} INFO - Started process (PID=32038) to work on /Users/nick/Desktop/airflow_dic/venv/lib/python3.11/site-packages/airflow/example_dags/example_params_trigger_ui.py
[2023-10-19T22:29:06.253+0200] {processor.py:829} INFO - Processing file /Users/nick/Desktop/airflow_dic/venv/lib/python3.11/site-packages/airflow/example_dags/example_params_trigger_ui.py for tasks to queue
[2023-10-19T22:29:06.253+0200] {logging_mixin.py:151} INFO - [2023-10-19T22:29:06.253+0200] {dagbag.py:539} INFO - Filling up the DagBag from /Users/nick/Desktop/airflow_dic/venv/lib/python3.11/site-packages/airflow/example_dags/example_params_trigger_ui.py
[2023-10-19T22:29:06.289+0200] {processor.py:839} INFO - DAG(s) dict_keys(['example_params_trigger_ui']) retrieved from /Users/nick/Desktop/airflow_dic/venv/lib/python3.11/site-packages/airflow/example_dags/example_params_trigger_ui.py
[2023-10-19T22:29:06.335+0200] {logging_mixin.py:151} INFO - [2023-10-19T22:29:06.335+0200] {dag.py:2915} INFO - Sync 1 DAGs
[2023-10-19T22:29:06.339+0200] {logging_mixin.py:151} INFO - [2023-10-19T22:29:06.339+0200] {dag.py:3696} INFO - Setting next_dagrun for example_params_trigger_ui to None, run_after=None
[2023-10-19T22:29:06.345+0200] {processor.py:179} INFO - Processing /Users/nick/Desktop/airflow_dic/venv/lib/python3.11/site-packages/airflow/example_dags/example_params_trigger_ui.py took 0.094 seconds
[2023-10-19T22:30:10.465+0200] {processor.py:157} INFO - Started process (PID=32160) to work on /Users/nick/Desktop/airflow_dic/venv/lib/python3.11/site-packages/airflow/example_dags/example_params_trigger_ui.py
[2023-10-19T22:30:10.466+0200] {processor.py:829} INFO - Processing file /Users/nick/Desktop/airflow_dic/venv/lib/python3.11/site-packages/airflow/example_dags/example_params_trigger_ui.py for tasks to queue
[2023-10-19T22:30:10.467+0200] {logging_mixin.py:151} INFO - [2023-10-19T22:30:10.467+0200] {dagbag.py:539} INFO - Filling up the DagBag from /Users/nick/Desktop/airflow_dic/venv/lib/python3.11/site-packages/airflow/example_dags/example_params_trigger_ui.py
[2023-10-19T22:30:10.503+0200] {processor.py:839} INFO - DAG(s) dict_keys(['example_params_trigger_ui']) retrieved from /Users/nick/Desktop/airflow_dic/venv/lib/python3.11/site-packages/airflow/example_dags/example_params_trigger_ui.py
[2023-10-19T22:30:10.548+0200] {logging_mixin.py:151} INFO - [2023-10-19T22:30:10.548+0200] {dag.py:2915} INFO - Sync 1 DAGs
[2023-10-19T22:30:10.552+0200] {logging_mixin.py:151} INFO - [2023-10-19T22:30:10.552+0200] {dag.py:3696} INFO - Setting next_dagrun for example_params_trigger_ui to None, run_after=None
[2023-10-19T22:30:10.558+0200] {processor.py:179} INFO - Processing /Users/nick/Desktop/airflow_dic/venv/lib/python3.11/site-packages/airflow/example_dags/example_params_trigger_ui.py took 0.093 seconds
[2023-10-19T22:31:31.992+0200] {processor.py:157} INFO - Started process (PID=32324) to work on /Users/nick/Desktop/airflow_dic/venv/lib/python3.11/site-packages/airflow/example_dags/example_params_trigger_ui.py
[2023-10-19T22:31:31.994+0200] {processor.py:829} INFO - Processing file /Users/nick/Desktop/airflow_dic/venv/lib/python3.11/site-packages/airflow/example_dags/example_params_trigger_ui.py for tasks to queue
[2023-10-19T22:31:31.994+0200] {logging_mixin.py:151} INFO - [2023-10-19T22:31:31.994+0200] {dagbag.py:539} INFO - Filling up the DagBag from /Users/nick/Desktop/airflow_dic/venv/lib/python3.11/site-packages/airflow/example_dags/example_params_trigger_ui.py
[2023-10-19T22:31:32.031+0200] {processor.py:839} INFO - DAG(s) dict_keys(['example_params_trigger_ui']) retrieved from /Users/nick/Desktop/airflow_dic/venv/lib/python3.11/site-packages/airflow/example_dags/example_params_trigger_ui.py
[2023-10-19T22:31:32.078+0200] {logging_mixin.py:151} INFO - [2023-10-19T22:31:32.078+0200] {dag.py:2915} INFO - Sync 1 DAGs
[2023-10-19T22:31:32.081+0200] {logging_mixin.py:151} INFO - [2023-10-19T22:31:32.081+0200] {dag.py:3696} INFO - Setting next_dagrun for example_params_trigger_ui to None, run_after=None
[2023-10-19T22:31:32.088+0200] {processor.py:179} INFO - Processing /Users/nick/Desktop/airflow_dic/venv/lib/python3.11/site-packages/airflow/example_dags/example_params_trigger_ui.py took 0.096 seconds
[2023-10-19T22:32:42.747+0200] {processor.py:157} INFO - Started process (PID=32450) to work on /Users/nick/Desktop/airflow_dic/venv/lib/python3.11/site-packages/airflow/example_dags/example_params_trigger_ui.py
[2023-10-19T22:32:42.748+0200] {processor.py:829} INFO - Processing file /Users/nick/Desktop/airflow_dic/venv/lib/python3.11/site-packages/airflow/example_dags/example_params_trigger_ui.py for tasks to queue
[2023-10-19T22:32:42.748+0200] {logging_mixin.py:151} INFO - [2023-10-19T22:32:42.748+0200] {dagbag.py:539} INFO - Filling up the DagBag from /Users/nick/Desktop/airflow_dic/venv/lib/python3.11/site-packages/airflow/example_dags/example_params_trigger_ui.py
[2023-10-19T22:32:42.785+0200] {processor.py:839} INFO - DAG(s) dict_keys(['example_params_trigger_ui']) retrieved from /Users/nick/Desktop/airflow_dic/venv/lib/python3.11/site-packages/airflow/example_dags/example_params_trigger_ui.py
[2023-10-19T22:32:42.832+0200] {logging_mixin.py:151} INFO - [2023-10-19T22:32:42.832+0200] {dag.py:2915} INFO - Sync 1 DAGs
[2023-10-19T22:32:42.836+0200] {logging_mixin.py:151} INFO - [2023-10-19T22:32:42.836+0200] {dag.py:3696} INFO - Setting next_dagrun for example_params_trigger_ui to None, run_after=None
[2023-10-19T22:32:42.842+0200] {processor.py:179} INFO - Processing /Users/nick/Desktop/airflow_dic/venv/lib/python3.11/site-packages/airflow/example_dags/example_params_trigger_ui.py took 0.096 seconds
[2023-10-19T22:33:50.420+0200] {processor.py:157} INFO - Started process (PID=32585) to work on /Users/nick/Desktop/airflow_dic/venv/lib/python3.11/site-packages/airflow/example_dags/example_params_trigger_ui.py
[2023-10-19T22:33:50.422+0200] {processor.py:829} INFO - Processing file /Users/nick/Desktop/airflow_dic/venv/lib/python3.11/site-packages/airflow/example_dags/example_params_trigger_ui.py for tasks to queue
[2023-10-19T22:33:50.422+0200] {logging_mixin.py:151} INFO - [2023-10-19T22:33:50.422+0200] {dagbag.py:539} INFO - Filling up the DagBag from /Users/nick/Desktop/airflow_dic/venv/lib/python3.11/site-packages/airflow/example_dags/example_params_trigger_ui.py
[2023-10-19T22:33:50.458+0200] {processor.py:839} INFO - DAG(s) dict_keys(['example_params_trigger_ui']) retrieved from /Users/nick/Desktop/airflow_dic/venv/lib/python3.11/site-packages/airflow/example_dags/example_params_trigger_ui.py
[2023-10-19T22:33:50.505+0200] {logging_mixin.py:151} INFO - [2023-10-19T22:33:50.505+0200] {dag.py:2915} INFO - Sync 1 DAGs
[2023-10-19T22:33:50.508+0200] {logging_mixin.py:151} INFO - [2023-10-19T22:33:50.508+0200] {dag.py:3696} INFO - Setting next_dagrun for example_params_trigger_ui to None, run_after=None
[2023-10-19T22:33:50.514+0200] {processor.py:179} INFO - Processing /Users/nick/Desktop/airflow_dic/venv/lib/python3.11/site-packages/airflow/example_dags/example_params_trigger_ui.py took 0.095 seconds
[2023-10-19T22:34:57.876+0200] {processor.py:157} INFO - Started process (PID=32732) to work on /Users/nick/Desktop/airflow_dic/venv/lib/python3.11/site-packages/airflow/example_dags/example_params_trigger_ui.py
[2023-10-19T22:34:57.878+0200] {processor.py:829} INFO - Processing file /Users/nick/Desktop/airflow_dic/venv/lib/python3.11/site-packages/airflow/example_dags/example_params_trigger_ui.py for tasks to queue
[2023-10-19T22:34:57.878+0200] {logging_mixin.py:151} INFO - [2023-10-19T22:34:57.878+0200] {dagbag.py:539} INFO - Filling up the DagBag from /Users/nick/Desktop/airflow_dic/venv/lib/python3.11/site-packages/airflow/example_dags/example_params_trigger_ui.py
[2023-10-19T22:34:57.915+0200] {processor.py:839} INFO - DAG(s) dict_keys(['example_params_trigger_ui']) retrieved from /Users/nick/Desktop/airflow_dic/venv/lib/python3.11/site-packages/airflow/example_dags/example_params_trigger_ui.py
[2023-10-19T22:34:57.960+0200] {logging_mixin.py:151} INFO - [2023-10-19T22:34:57.960+0200] {dag.py:2915} INFO - Sync 1 DAGs
[2023-10-19T22:34:57.964+0200] {logging_mixin.py:151} INFO - [2023-10-19T22:34:57.964+0200] {dag.py:3696} INFO - Setting next_dagrun for example_params_trigger_ui to None, run_after=None
[2023-10-19T22:34:57.970+0200] {processor.py:179} INFO - Processing /Users/nick/Desktop/airflow_dic/venv/lib/python3.11/site-packages/airflow/example_dags/example_params_trigger_ui.py took 0.095 seconds
[2023-10-19T22:36:06.074+0200] {processor.py:157} INFO - Started process (PID=32882) to work on /Users/nick/Desktop/airflow_dic/venv/lib/python3.11/site-packages/airflow/example_dags/example_params_trigger_ui.py
[2023-10-19T22:36:06.076+0200] {processor.py:829} INFO - Processing file /Users/nick/Desktop/airflow_dic/venv/lib/python3.11/site-packages/airflow/example_dags/example_params_trigger_ui.py for tasks to queue
[2023-10-19T22:36:06.076+0200] {logging_mixin.py:151} INFO - [2023-10-19T22:36:06.076+0200] {dagbag.py:539} INFO - Filling up the DagBag from /Users/nick/Desktop/airflow_dic/venv/lib/python3.11/site-packages/airflow/example_dags/example_params_trigger_ui.py
[2023-10-19T22:36:06.113+0200] {processor.py:839} INFO - DAG(s) dict_keys(['example_params_trigger_ui']) retrieved from /Users/nick/Desktop/airflow_dic/venv/lib/python3.11/site-packages/airflow/example_dags/example_params_trigger_ui.py
[2023-10-19T22:36:06.158+0200] {logging_mixin.py:151} INFO - [2023-10-19T22:36:06.158+0200] {dag.py:2915} INFO - Sync 1 DAGs
[2023-10-19T22:36:06.162+0200] {logging_mixin.py:151} INFO - [2023-10-19T22:36:06.162+0200] {dag.py:3696} INFO - Setting next_dagrun for example_params_trigger_ui to None, run_after=None
[2023-10-19T22:36:06.168+0200] {processor.py:179} INFO - Processing /Users/nick/Desktop/airflow_dic/venv/lib/python3.11/site-packages/airflow/example_dags/example_params_trigger_ui.py took 0.094 seconds
[2023-10-19T22:37:15.999+0200] {processor.py:157} INFO - Started process (PID=33014) to work on /Users/nick/Desktop/airflow_dic/venv/lib/python3.11/site-packages/airflow/example_dags/example_params_trigger_ui.py
[2023-10-19T22:37:16.000+0200] {processor.py:829} INFO - Processing file /Users/nick/Desktop/airflow_dic/venv/lib/python3.11/site-packages/airflow/example_dags/example_params_trigger_ui.py for tasks to queue
[2023-10-19T22:37:16.000+0200] {logging_mixin.py:151} INFO - [2023-10-19T22:37:16.000+0200] {dagbag.py:539} INFO - Filling up the DagBag from /Users/nick/Desktop/airflow_dic/venv/lib/python3.11/site-packages/airflow/example_dags/example_params_trigger_ui.py
[2023-10-19T22:37:16.036+0200] {processor.py:839} INFO - DAG(s) dict_keys(['example_params_trigger_ui']) retrieved from /Users/nick/Desktop/airflow_dic/venv/lib/python3.11/site-packages/airflow/example_dags/example_params_trigger_ui.py
[2023-10-19T22:37:16.081+0200] {logging_mixin.py:151} INFO - [2023-10-19T22:37:16.081+0200] {dag.py:2915} INFO - Sync 1 DAGs
[2023-10-19T22:37:16.084+0200] {logging_mixin.py:151} INFO - [2023-10-19T22:37:16.084+0200] {dag.py:3696} INFO - Setting next_dagrun for example_params_trigger_ui to None, run_after=None
[2023-10-19T22:37:16.090+0200] {processor.py:179} INFO - Processing /Users/nick/Desktop/airflow_dic/venv/lib/python3.11/site-packages/airflow/example_dags/example_params_trigger_ui.py took 0.092 seconds
[2023-10-19T22:38:22.767+0200] {processor.py:157} INFO - Started process (PID=33139) to work on /Users/nick/Desktop/airflow_dic/venv/lib/python3.11/site-packages/airflow/example_dags/example_params_trigger_ui.py
[2023-10-19T22:38:22.768+0200] {processor.py:829} INFO - Processing file /Users/nick/Desktop/airflow_dic/venv/lib/python3.11/site-packages/airflow/example_dags/example_params_trigger_ui.py for tasks to queue
[2023-10-19T22:38:22.768+0200] {logging_mixin.py:151} INFO - [2023-10-19T22:38:22.768+0200] {dagbag.py:539} INFO - Filling up the DagBag from /Users/nick/Desktop/airflow_dic/venv/lib/python3.11/site-packages/airflow/example_dags/example_params_trigger_ui.py
[2023-10-19T22:38:22.804+0200] {processor.py:839} INFO - DAG(s) dict_keys(['example_params_trigger_ui']) retrieved from /Users/nick/Desktop/airflow_dic/venv/lib/python3.11/site-packages/airflow/example_dags/example_params_trigger_ui.py
[2023-10-19T22:38:22.850+0200] {logging_mixin.py:151} INFO - [2023-10-19T22:38:22.850+0200] {dag.py:2915} INFO - Sync 1 DAGs
[2023-10-19T22:38:22.853+0200] {logging_mixin.py:151} INFO - [2023-10-19T22:38:22.853+0200] {dag.py:3696} INFO - Setting next_dagrun for example_params_trigger_ui to None, run_after=None
[2023-10-19T22:38:22.860+0200] {processor.py:179} INFO - Processing /Users/nick/Desktop/airflow_dic/venv/lib/python3.11/site-packages/airflow/example_dags/example_params_trigger_ui.py took 0.093 seconds
[2023-10-19T22:39:30.758+0200] {processor.py:157} INFO - Started process (PID=33266) to work on /Users/nick/Desktop/airflow_dic/venv/lib/python3.11/site-packages/airflow/example_dags/example_params_trigger_ui.py
[2023-10-19T22:39:30.759+0200] {processor.py:829} INFO - Processing file /Users/nick/Desktop/airflow_dic/venv/lib/python3.11/site-packages/airflow/example_dags/example_params_trigger_ui.py for tasks to queue
[2023-10-19T22:39:30.760+0200] {logging_mixin.py:151} INFO - [2023-10-19T22:39:30.759+0200] {dagbag.py:539} INFO - Filling up the DagBag from /Users/nick/Desktop/airflow_dic/venv/lib/python3.11/site-packages/airflow/example_dags/example_params_trigger_ui.py
[2023-10-19T22:39:30.801+0200] {processor.py:839} INFO - DAG(s) dict_keys(['example_params_trigger_ui']) retrieved from /Users/nick/Desktop/airflow_dic/venv/lib/python3.11/site-packages/airflow/example_dags/example_params_trigger_ui.py
[2023-10-19T22:39:30.848+0200] {logging_mixin.py:151} INFO - [2023-10-19T22:39:30.847+0200] {dag.py:2915} INFO - Sync 1 DAGs
[2023-10-19T22:39:30.851+0200] {logging_mixin.py:151} INFO - [2023-10-19T22:39:30.851+0200] {dag.py:3696} INFO - Setting next_dagrun for example_params_trigger_ui to None, run_after=None
[2023-10-19T22:39:30.857+0200] {processor.py:179} INFO - Processing /Users/nick/Desktop/airflow_dic/venv/lib/python3.11/site-packages/airflow/example_dags/example_params_trigger_ui.py took 0.100 seconds
[2023-10-19T22:40:38.341+0200] {processor.py:157} INFO - Started process (PID=33395) to work on /Users/nick/Desktop/airflow_dic/venv/lib/python3.11/site-packages/airflow/example_dags/example_params_trigger_ui.py
[2023-10-19T22:40:38.342+0200] {processor.py:829} INFO - Processing file /Users/nick/Desktop/airflow_dic/venv/lib/python3.11/site-packages/airflow/example_dags/example_params_trigger_ui.py for tasks to queue
[2023-10-19T22:40:38.342+0200] {logging_mixin.py:151} INFO - [2023-10-19T22:40:38.342+0200] {dagbag.py:539} INFO - Filling up the DagBag from /Users/nick/Desktop/airflow_dic/venv/lib/python3.11/site-packages/airflow/example_dags/example_params_trigger_ui.py
[2023-10-19T22:40:38.378+0200] {processor.py:839} INFO - DAG(s) dict_keys(['example_params_trigger_ui']) retrieved from /Users/nick/Desktop/airflow_dic/venv/lib/python3.11/site-packages/airflow/example_dags/example_params_trigger_ui.py
[2023-10-19T22:40:38.424+0200] {logging_mixin.py:151} INFO - [2023-10-19T22:40:38.423+0200] {dag.py:2915} INFO - Sync 1 DAGs
[2023-10-19T22:40:38.427+0200] {logging_mixin.py:151} INFO - [2023-10-19T22:40:38.427+0200] {dag.py:3696} INFO - Setting next_dagrun for example_params_trigger_ui to None, run_after=None
[2023-10-19T22:40:38.434+0200] {processor.py:179} INFO - Processing /Users/nick/Desktop/airflow_dic/venv/lib/python3.11/site-packages/airflow/example_dags/example_params_trigger_ui.py took 0.094 seconds
[2023-10-19T22:41:48.482+0200] {processor.py:157} INFO - Started process (PID=33526) to work on /Users/nick/Desktop/airflow_dic/venv/lib/python3.11/site-packages/airflow/example_dags/example_params_trigger_ui.py
[2023-10-19T22:41:48.484+0200] {processor.py:829} INFO - Processing file /Users/nick/Desktop/airflow_dic/venv/lib/python3.11/site-packages/airflow/example_dags/example_params_trigger_ui.py for tasks to queue
[2023-10-19T22:41:48.484+0200] {logging_mixin.py:151} INFO - [2023-10-19T22:41:48.484+0200] {dagbag.py:539} INFO - Filling up the DagBag from /Users/nick/Desktop/airflow_dic/venv/lib/python3.11/site-packages/airflow/example_dags/example_params_trigger_ui.py
[2023-10-19T22:41:48.520+0200] {processor.py:839} INFO - DAG(s) dict_keys(['example_params_trigger_ui']) retrieved from /Users/nick/Desktop/airflow_dic/venv/lib/python3.11/site-packages/airflow/example_dags/example_params_trigger_ui.py
[2023-10-19T22:41:48.565+0200] {logging_mixin.py:151} INFO - [2023-10-19T22:41:48.565+0200] {dag.py:2915} INFO - Sync 1 DAGs
[2023-10-19T22:41:48.568+0200] {logging_mixin.py:151} INFO - [2023-10-19T22:41:48.568+0200] {dag.py:3696} INFO - Setting next_dagrun for example_params_trigger_ui to None, run_after=None
[2023-10-19T22:41:48.575+0200] {processor.py:179} INFO - Processing /Users/nick/Desktop/airflow_dic/venv/lib/python3.11/site-packages/airflow/example_dags/example_params_trigger_ui.py took 0.092 seconds
[2023-10-19T22:42:58.424+0200] {processor.py:157} INFO - Started process (PID=33653) to work on /Users/nick/Desktop/airflow_dic/venv/lib/python3.11/site-packages/airflow/example_dags/example_params_trigger_ui.py
[2023-10-19T22:42:58.425+0200] {processor.py:829} INFO - Processing file /Users/nick/Desktop/airflow_dic/venv/lib/python3.11/site-packages/airflow/example_dags/example_params_trigger_ui.py for tasks to queue
[2023-10-19T22:42:58.425+0200] {logging_mixin.py:151} INFO - [2023-10-19T22:42:58.425+0200] {dagbag.py:539} INFO - Filling up the DagBag from /Users/nick/Desktop/airflow_dic/venv/lib/python3.11/site-packages/airflow/example_dags/example_params_trigger_ui.py
[2023-10-19T22:42:58.462+0200] {processor.py:839} INFO - DAG(s) dict_keys(['example_params_trigger_ui']) retrieved from /Users/nick/Desktop/airflow_dic/venv/lib/python3.11/site-packages/airflow/example_dags/example_params_trigger_ui.py
[2023-10-19T22:42:58.508+0200] {logging_mixin.py:151} INFO - [2023-10-19T22:42:58.508+0200] {dag.py:2915} INFO - Sync 1 DAGs
[2023-10-19T22:42:58.512+0200] {logging_mixin.py:151} INFO - [2023-10-19T22:42:58.512+0200] {dag.py:3696} INFO - Setting next_dagrun for example_params_trigger_ui to None, run_after=None
[2023-10-19T22:42:58.518+0200] {processor.py:179} INFO - Processing /Users/nick/Desktop/airflow_dic/venv/lib/python3.11/site-packages/airflow/example_dags/example_params_trigger_ui.py took 0.095 seconds
[2023-10-19T22:44:08.002+0200] {processor.py:157} INFO - Started process (PID=33786) to work on /Users/nick/Desktop/airflow_dic/venv/lib/python3.11/site-packages/airflow/example_dags/example_params_trigger_ui.py
[2023-10-19T22:44:08.004+0200] {processor.py:829} INFO - Processing file /Users/nick/Desktop/airflow_dic/venv/lib/python3.11/site-packages/airflow/example_dags/example_params_trigger_ui.py for tasks to queue
[2023-10-19T22:44:08.005+0200] {logging_mixin.py:151} INFO - [2023-10-19T22:44:08.005+0200] {dagbag.py:539} INFO - Filling up the DagBag from /Users/nick/Desktop/airflow_dic/venv/lib/python3.11/site-packages/airflow/example_dags/example_params_trigger_ui.py
[2023-10-19T22:44:08.041+0200] {processor.py:839} INFO - DAG(s) dict_keys(['example_params_trigger_ui']) retrieved from /Users/nick/Desktop/airflow_dic/venv/lib/python3.11/site-packages/airflow/example_dags/example_params_trigger_ui.py
[2023-10-19T22:44:08.087+0200] {logging_mixin.py:151} INFO - [2023-10-19T22:44:08.087+0200] {dag.py:2915} INFO - Sync 1 DAGs
[2023-10-19T22:44:08.090+0200] {logging_mixin.py:151} INFO - [2023-10-19T22:44:08.090+0200] {dag.py:3696} INFO - Setting next_dagrun for example_params_trigger_ui to None, run_after=None
[2023-10-19T22:44:08.096+0200] {processor.py:179} INFO - Processing /Users/nick/Desktop/airflow_dic/venv/lib/python3.11/site-packages/airflow/example_dags/example_params_trigger_ui.py took 0.094 seconds
[2023-10-19T22:45:55.827+0200] {processor.py:157} INFO - Started process (PID=34008) to work on /Users/nick/Desktop/airflow_dic/venv/lib/python3.11/site-packages/airflow/example_dags/example_params_trigger_ui.py
[2023-10-19T22:45:55.829+0200] {processor.py:829} INFO - Processing file /Users/nick/Desktop/airflow_dic/venv/lib/python3.11/site-packages/airflow/example_dags/example_params_trigger_ui.py for tasks to queue
[2023-10-19T22:45:55.829+0200] {logging_mixin.py:151} INFO - [2023-10-19T22:45:55.829+0200] {dagbag.py:539} INFO - Filling up the DagBag from /Users/nick/Desktop/airflow_dic/venv/lib/python3.11/site-packages/airflow/example_dags/example_params_trigger_ui.py
[2023-10-19T22:45:55.868+0200] {processor.py:839} INFO - DAG(s) dict_keys(['example_params_trigger_ui']) retrieved from /Users/nick/Desktop/airflow_dic/venv/lib/python3.11/site-packages/airflow/example_dags/example_params_trigger_ui.py
[2023-10-19T22:45:55.920+0200] {logging_mixin.py:151} INFO - [2023-10-19T22:45:55.920+0200] {dag.py:2915} INFO - Sync 1 DAGs
[2023-10-19T22:45:55.924+0200] {logging_mixin.py:151} INFO - [2023-10-19T22:45:55.924+0200] {dag.py:3696} INFO - Setting next_dagrun for example_params_trigger_ui to None, run_after=None
[2023-10-19T22:45:55.930+0200] {processor.py:179} INFO - Processing /Users/nick/Desktop/airflow_dic/venv/lib/python3.11/site-packages/airflow/example_dags/example_params_trigger_ui.py took 0.104 seconds
[2023-10-19T22:47:05.787+0200] {processor.py:157} INFO - Started process (PID=34139) to work on /Users/nick/Desktop/airflow_dic/venv/lib/python3.11/site-packages/airflow/example_dags/example_params_trigger_ui.py
[2023-10-19T22:47:05.790+0200] {processor.py:829} INFO - Processing file /Users/nick/Desktop/airflow_dic/venv/lib/python3.11/site-packages/airflow/example_dags/example_params_trigger_ui.py for tasks to queue
[2023-10-19T22:47:05.790+0200] {logging_mixin.py:151} INFO - [2023-10-19T22:47:05.790+0200] {dagbag.py:539} INFO - Filling up the DagBag from /Users/nick/Desktop/airflow_dic/venv/lib/python3.11/site-packages/airflow/example_dags/example_params_trigger_ui.py
[2023-10-19T22:47:05.826+0200] {processor.py:839} INFO - DAG(s) dict_keys(['example_params_trigger_ui']) retrieved from /Users/nick/Desktop/airflow_dic/venv/lib/python3.11/site-packages/airflow/example_dags/example_params_trigger_ui.py
[2023-10-19T22:47:05.871+0200] {logging_mixin.py:151} INFO - [2023-10-19T22:47:05.871+0200] {dag.py:2915} INFO - Sync 1 DAGs
[2023-10-19T22:47:05.875+0200] {logging_mixin.py:151} INFO - [2023-10-19T22:47:05.875+0200] {dag.py:3696} INFO - Setting next_dagrun for example_params_trigger_ui to None, run_after=None
[2023-10-19T22:47:05.881+0200] {processor.py:179} INFO - Processing /Users/nick/Desktop/airflow_dic/venv/lib/python3.11/site-packages/airflow/example_dags/example_params_trigger_ui.py took 0.094 seconds
[2023-10-19T22:48:14.788+0200] {processor.py:157} INFO - Started process (PID=34274) to work on /Users/nick/Desktop/airflow_dic/venv/lib/python3.11/site-packages/airflow/example_dags/example_params_trigger_ui.py
[2023-10-19T22:48:14.789+0200] {processor.py:829} INFO - Processing file /Users/nick/Desktop/airflow_dic/venv/lib/python3.11/site-packages/airflow/example_dags/example_params_trigger_ui.py for tasks to queue
[2023-10-19T22:48:14.789+0200] {logging_mixin.py:151} INFO - [2023-10-19T22:48:14.789+0200] {dagbag.py:539} INFO - Filling up the DagBag from /Users/nick/Desktop/airflow_dic/venv/lib/python3.11/site-packages/airflow/example_dags/example_params_trigger_ui.py
[2023-10-19T22:48:14.825+0200] {processor.py:839} INFO - DAG(s) dict_keys(['example_params_trigger_ui']) retrieved from /Users/nick/Desktop/airflow_dic/venv/lib/python3.11/site-packages/airflow/example_dags/example_params_trigger_ui.py
[2023-10-19T22:48:14.871+0200] {logging_mixin.py:151} INFO - [2023-10-19T22:48:14.870+0200] {dag.py:2915} INFO - Sync 1 DAGs
[2023-10-19T22:48:14.874+0200] {logging_mixin.py:151} INFO - [2023-10-19T22:48:14.874+0200] {dag.py:3696} INFO - Setting next_dagrun for example_params_trigger_ui to None, run_after=None
[2023-10-19T22:48:14.880+0200] {processor.py:179} INFO - Processing /Users/nick/Desktop/airflow_dic/venv/lib/python3.11/site-packages/airflow/example_dags/example_params_trigger_ui.py took 0.093 seconds
[2023-10-19T22:49:23.790+0200] {processor.py:157} INFO - Started process (PID=34409) to work on /Users/nick/Desktop/airflow_dic/venv/lib/python3.11/site-packages/airflow/example_dags/example_params_trigger_ui.py
[2023-10-19T22:49:23.791+0200] {processor.py:829} INFO - Processing file /Users/nick/Desktop/airflow_dic/venv/lib/python3.11/site-packages/airflow/example_dags/example_params_trigger_ui.py for tasks to queue
[2023-10-19T22:49:23.791+0200] {logging_mixin.py:151} INFO - [2023-10-19T22:49:23.791+0200] {dagbag.py:539} INFO - Filling up the DagBag from /Users/nick/Desktop/airflow_dic/venv/lib/python3.11/site-packages/airflow/example_dags/example_params_trigger_ui.py
[2023-10-19T22:49:23.827+0200] {processor.py:839} INFO - DAG(s) dict_keys(['example_params_trigger_ui']) retrieved from /Users/nick/Desktop/airflow_dic/venv/lib/python3.11/site-packages/airflow/example_dags/example_params_trigger_ui.py
[2023-10-19T22:49:23.872+0200] {logging_mixin.py:151} INFO - [2023-10-19T22:49:23.872+0200] {dag.py:2915} INFO - Sync 1 DAGs
[2023-10-19T22:49:23.876+0200] {logging_mixin.py:151} INFO - [2023-10-19T22:49:23.876+0200] {dag.py:3696} INFO - Setting next_dagrun for example_params_trigger_ui to None, run_after=None
[2023-10-19T22:49:23.882+0200] {processor.py:179} INFO - Processing /Users/nick/Desktop/airflow_dic/venv/lib/python3.11/site-packages/airflow/example_dags/example_params_trigger_ui.py took 0.093 seconds
[2023-10-19T22:50:30.754+0200] {processor.py:157} INFO - Started process (PID=34532) to work on /Users/nick/Desktop/airflow_dic/venv/lib/python3.11/site-packages/airflow/example_dags/example_params_trigger_ui.py
[2023-10-19T22:50:30.758+0200] {processor.py:829} INFO - Processing file /Users/nick/Desktop/airflow_dic/venv/lib/python3.11/site-packages/airflow/example_dags/example_params_trigger_ui.py for tasks to queue
[2023-10-19T22:50:30.758+0200] {logging_mixin.py:151} INFO - [2023-10-19T22:50:30.758+0200] {dagbag.py:539} INFO - Filling up the DagBag from /Users/nick/Desktop/airflow_dic/venv/lib/python3.11/site-packages/airflow/example_dags/example_params_trigger_ui.py
[2023-10-19T22:50:30.796+0200] {processor.py:839} INFO - DAG(s) dict_keys(['example_params_trigger_ui']) retrieved from /Users/nick/Desktop/airflow_dic/venv/lib/python3.11/site-packages/airflow/example_dags/example_params_trigger_ui.py
[2023-10-19T22:50:30.842+0200] {logging_mixin.py:151} INFO - [2023-10-19T22:50:30.841+0200] {dag.py:2915} INFO - Sync 1 DAGs
[2023-10-19T22:50:30.845+0200] {logging_mixin.py:151} INFO - [2023-10-19T22:50:30.845+0200] {dag.py:3696} INFO - Setting next_dagrun for example_params_trigger_ui to None, run_after=None
[2023-10-19T22:50:30.851+0200] {processor.py:179} INFO - Processing /Users/nick/Desktop/airflow_dic/venv/lib/python3.11/site-packages/airflow/example_dags/example_params_trigger_ui.py took 0.097 seconds
[2023-10-19T22:53:54.370+0200] {processor.py:157} INFO - Started process (PID=34846) to work on /Users/nick/Desktop/airflow_dic/venv/lib/python3.11/site-packages/airflow/example_dags/example_params_trigger_ui.py
[2023-10-19T22:53:54.371+0200] {processor.py:829} INFO - Processing file /Users/nick/Desktop/airflow_dic/venv/lib/python3.11/site-packages/airflow/example_dags/example_params_trigger_ui.py for tasks to queue
[2023-10-19T22:53:54.371+0200] {logging_mixin.py:151} INFO - [2023-10-19T22:53:54.371+0200] {dagbag.py:539} INFO - Filling up the DagBag from /Users/nick/Desktop/airflow_dic/venv/lib/python3.11/site-packages/airflow/example_dags/example_params_trigger_ui.py
[2023-10-19T22:53:54.410+0200] {processor.py:839} INFO - DAG(s) dict_keys(['example_params_trigger_ui']) retrieved from /Users/nick/Desktop/airflow_dic/venv/lib/python3.11/site-packages/airflow/example_dags/example_params_trigger_ui.py
[2023-10-19T22:53:54.458+0200] {logging_mixin.py:151} INFO - [2023-10-19T22:53:54.458+0200] {dag.py:2915} INFO - Sync 1 DAGs
[2023-10-19T22:53:54.462+0200] {logging_mixin.py:151} INFO - [2023-10-19T22:53:54.462+0200] {dag.py:3696} INFO - Setting next_dagrun for example_params_trigger_ui to None, run_after=None
[2023-10-19T22:53:54.468+0200] {processor.py:179} INFO - Processing /Users/nick/Desktop/airflow_dic/venv/lib/python3.11/site-packages/airflow/example_dags/example_params_trigger_ui.py took 0.099 seconds
[2023-10-19T22:55:02.050+0200] {processor.py:157} INFO - Started process (PID=34983) to work on /Users/nick/Desktop/airflow_dic/venv/lib/python3.11/site-packages/airflow/example_dags/example_params_trigger_ui.py
[2023-10-19T22:55:02.052+0200] {processor.py:829} INFO - Processing file /Users/nick/Desktop/airflow_dic/venv/lib/python3.11/site-packages/airflow/example_dags/example_params_trigger_ui.py for tasks to queue
[2023-10-19T22:55:02.052+0200] {logging_mixin.py:151} INFO - [2023-10-19T22:55:02.052+0200] {dagbag.py:539} INFO - Filling up the DagBag from /Users/nick/Desktop/airflow_dic/venv/lib/python3.11/site-packages/airflow/example_dags/example_params_trigger_ui.py
[2023-10-19T22:55:02.088+0200] {processor.py:839} INFO - DAG(s) dict_keys(['example_params_trigger_ui']) retrieved from /Users/nick/Desktop/airflow_dic/venv/lib/python3.11/site-packages/airflow/example_dags/example_params_trigger_ui.py
[2023-10-19T22:55:02.133+0200] {logging_mixin.py:151} INFO - [2023-10-19T22:55:02.133+0200] {dag.py:2915} INFO - Sync 1 DAGs
[2023-10-19T22:55:02.136+0200] {logging_mixin.py:151} INFO - [2023-10-19T22:55:02.136+0200] {dag.py:3696} INFO - Setting next_dagrun for example_params_trigger_ui to None, run_after=None
[2023-10-19T22:55:02.143+0200] {processor.py:179} INFO - Processing /Users/nick/Desktop/airflow_dic/venv/lib/python3.11/site-packages/airflow/example_dags/example_params_trigger_ui.py took 0.093 seconds
[2023-10-19T22:56:10.779+0200] {processor.py:157} INFO - Started process (PID=35119) to work on /Users/nick/Desktop/airflow_dic/venv/lib/python3.11/site-packages/airflow/example_dags/example_params_trigger_ui.py
[2023-10-19T22:56:10.780+0200] {processor.py:829} INFO - Processing file /Users/nick/Desktop/airflow_dic/venv/lib/python3.11/site-packages/airflow/example_dags/example_params_trigger_ui.py for tasks to queue
[2023-10-19T22:56:10.781+0200] {logging_mixin.py:151} INFO - [2023-10-19T22:56:10.780+0200] {dagbag.py:539} INFO - Filling up the DagBag from /Users/nick/Desktop/airflow_dic/venv/lib/python3.11/site-packages/airflow/example_dags/example_params_trigger_ui.py
[2023-10-19T22:56:10.817+0200] {processor.py:839} INFO - DAG(s) dict_keys(['example_params_trigger_ui']) retrieved from /Users/nick/Desktop/airflow_dic/venv/lib/python3.11/site-packages/airflow/example_dags/example_params_trigger_ui.py
[2023-10-19T22:56:10.862+0200] {logging_mixin.py:151} INFO - [2023-10-19T22:56:10.862+0200] {dag.py:2915} INFO - Sync 1 DAGs
[2023-10-19T22:56:10.866+0200] {logging_mixin.py:151} INFO - [2023-10-19T22:56:10.865+0200] {dag.py:3696} INFO - Setting next_dagrun for example_params_trigger_ui to None, run_after=None
[2023-10-19T22:56:10.872+0200] {processor.py:179} INFO - Processing /Users/nick/Desktop/airflow_dic/venv/lib/python3.11/site-packages/airflow/example_dags/example_params_trigger_ui.py took 0.093 seconds
[2023-10-19T22:57:16.565+0200] {processor.py:157} INFO - Started process (PID=35255) to work on /Users/nick/Desktop/airflow_dic/venv/lib/python3.11/site-packages/airflow/example_dags/example_params_trigger_ui.py
[2023-10-19T22:57:16.566+0200] {processor.py:829} INFO - Processing file /Users/nick/Desktop/airflow_dic/venv/lib/python3.11/site-packages/airflow/example_dags/example_params_trigger_ui.py for tasks to queue
[2023-10-19T22:57:16.566+0200] {logging_mixin.py:151} INFO - [2023-10-19T22:57:16.566+0200] {dagbag.py:539} INFO - Filling up the DagBag from /Users/nick/Desktop/airflow_dic/venv/lib/python3.11/site-packages/airflow/example_dags/example_params_trigger_ui.py
[2023-10-19T22:57:16.602+0200] {processor.py:839} INFO - DAG(s) dict_keys(['example_params_trigger_ui']) retrieved from /Users/nick/Desktop/airflow_dic/venv/lib/python3.11/site-packages/airflow/example_dags/example_params_trigger_ui.py
[2023-10-19T22:57:16.648+0200] {logging_mixin.py:151} INFO - [2023-10-19T22:57:16.647+0200] {dag.py:2915} INFO - Sync 1 DAGs
[2023-10-19T22:57:16.651+0200] {logging_mixin.py:151} INFO - [2023-10-19T22:57:16.651+0200] {dag.py:3696} INFO - Setting next_dagrun for example_params_trigger_ui to None, run_after=None
[2023-10-19T22:57:16.658+0200] {processor.py:179} INFO - Processing /Users/nick/Desktop/airflow_dic/venv/lib/python3.11/site-packages/airflow/example_dags/example_params_trigger_ui.py took 0.093 seconds
[2023-10-19T22:58:25.519+0200] {processor.py:157} INFO - Started process (PID=35391) to work on /Users/nick/Desktop/airflow_dic/venv/lib/python3.11/site-packages/airflow/example_dags/example_params_trigger_ui.py
[2023-10-19T22:58:25.521+0200] {processor.py:829} INFO - Processing file /Users/nick/Desktop/airflow_dic/venv/lib/python3.11/site-packages/airflow/example_dags/example_params_trigger_ui.py for tasks to queue
[2023-10-19T22:58:25.521+0200] {logging_mixin.py:151} INFO - [2023-10-19T22:58:25.521+0200] {dagbag.py:539} INFO - Filling up the DagBag from /Users/nick/Desktop/airflow_dic/venv/lib/python3.11/site-packages/airflow/example_dags/example_params_trigger_ui.py
[2023-10-19T22:58:25.556+0200] {processor.py:839} INFO - DAG(s) dict_keys(['example_params_trigger_ui']) retrieved from /Users/nick/Desktop/airflow_dic/venv/lib/python3.11/site-packages/airflow/example_dags/example_params_trigger_ui.py
[2023-10-19T22:58:25.601+0200] {logging_mixin.py:151} INFO - [2023-10-19T22:58:25.601+0200] {dag.py:2915} INFO - Sync 1 DAGs
[2023-10-19T22:58:25.605+0200] {logging_mixin.py:151} INFO - [2023-10-19T22:58:25.605+0200] {dag.py:3696} INFO - Setting next_dagrun for example_params_trigger_ui to None, run_after=None
[2023-10-19T22:58:25.611+0200] {processor.py:179} INFO - Processing /Users/nick/Desktop/airflow_dic/venv/lib/python3.11/site-packages/airflow/example_dags/example_params_trigger_ui.py took 0.092 seconds
[2023-10-19T22:59:33.314+0200] {processor.py:157} INFO - Started process (PID=35535) to work on /Users/nick/Desktop/airflow_dic/venv/lib/python3.11/site-packages/airflow/example_dags/example_params_trigger_ui.py
[2023-10-19T22:59:33.316+0200] {processor.py:829} INFO - Processing file /Users/nick/Desktop/airflow_dic/venv/lib/python3.11/site-packages/airflow/example_dags/example_params_trigger_ui.py for tasks to queue
[2023-10-19T22:59:33.316+0200] {logging_mixin.py:151} INFO - [2023-10-19T22:59:33.316+0200] {dagbag.py:539} INFO - Filling up the DagBag from /Users/nick/Desktop/airflow_dic/venv/lib/python3.11/site-packages/airflow/example_dags/example_params_trigger_ui.py
[2023-10-19T22:59:33.352+0200] {processor.py:839} INFO - DAG(s) dict_keys(['example_params_trigger_ui']) retrieved from /Users/nick/Desktop/airflow_dic/venv/lib/python3.11/site-packages/airflow/example_dags/example_params_trigger_ui.py
[2023-10-19T22:59:33.397+0200] {logging_mixin.py:151} INFO - [2023-10-19T22:59:33.397+0200] {dag.py:2915} INFO - Sync 1 DAGs
[2023-10-19T22:59:33.400+0200] {logging_mixin.py:151} INFO - [2023-10-19T22:59:33.400+0200] {dag.py:3696} INFO - Setting next_dagrun for example_params_trigger_ui to None, run_after=None
[2023-10-19T22:59:33.406+0200] {processor.py:179} INFO - Processing /Users/nick/Desktop/airflow_dic/venv/lib/python3.11/site-packages/airflow/example_dags/example_params_trigger_ui.py took 0.092 seconds
