[2023-10-19T22:18:40.738+0200] {processor.py:157} INFO - Started process (PID=28913) to work on /Users/nick/Desktop/airflow_dic/venv/lib/python3.11/site-packages/airflow/example_dags/example_nested_branch_dag.py
[2023-10-19T22:18:40.740+0200] {processor.py:829} INFO - Processing file /Users/nick/Desktop/airflow_dic/venv/lib/python3.11/site-packages/airflow/example_dags/example_nested_branch_dag.py for tasks to queue
[2023-10-19T22:18:40.740+0200] {logging_mixin.py:151} INFO - [2023-10-19T22:18:40.740+0200] {dagbag.py:539} INFO - Filling up the DagBag from /Users/nick/Desktop/airflow_dic/venv/lib/python3.11/site-packages/airflow/example_dags/example_nested_branch_dag.py
[2023-10-19T22:18:40.760+0200] {processor.py:839} INFO - DAG(s) dict_keys(['example_nested_branch_dag']) retrieved from /Users/nick/Desktop/airflow_dic/venv/lib/python3.11/site-packages/airflow/example_dags/example_nested_branch_dag.py
[2023-10-19T22:18:41.033+0200] {logging_mixin.py:151} INFO - [2023-10-19T22:18:41.033+0200] {manager.py:499} INFO - Created Permission View: %s
[2023-10-19T22:18:41.036+0200] {logging_mixin.py:151} INFO - [2023-10-19T22:18:41.036+0200] {manager.py:499} INFO - Created Permission View: %s
[2023-10-19T22:18:41.037+0200] {logging_mixin.py:151} INFO - [2023-10-19T22:18:41.037+0200] {manager.py:499} INFO - Created Permission View: %s
[2023-10-19T22:18:41.037+0200] {logging_mixin.py:151} INFO - [2023-10-19T22:18:41.037+0200] {security.py:708} INFO - Not syncing DAG-level permissions for DAG 'DAG:example_nested_branch_dag' as access control is unset.
[2023-10-19T22:18:41.037+0200] {logging_mixin.py:151} INFO - [2023-10-19T22:18:41.037+0200] {dag.py:2915} INFO - Sync 1 DAGs
[2023-10-19T22:18:41.040+0200] {logging_mixin.py:151} INFO - [2023-10-19T22:18:41.040+0200] {dag.py:2937} INFO - Creating ORM DAG for example_nested_branch_dag
[2023-10-19T22:18:41.044+0200] {logging_mixin.py:151} INFO - [2023-10-19T22:18:41.044+0200] {dag.py:3696} INFO - Setting next_dagrun for example_nested_branch_dag to 2023-10-18T00:00:00+00:00, run_after=2023-10-19T00:00:00+00:00
[2023-10-19T22:18:41.049+0200] {processor.py:179} INFO - Processing /Users/nick/Desktop/airflow_dic/venv/lib/python3.11/site-packages/airflow/example_dags/example_nested_branch_dag.py took 0.311 seconds
[2023-10-19T22:19:52.222+0200] {processor.py:157} INFO - Started process (PID=29049) to work on /Users/nick/Desktop/airflow_dic/venv/lib/python3.11/site-packages/airflow/example_dags/example_nested_branch_dag.py
[2023-10-19T22:19:52.225+0200] {processor.py:829} INFO - Processing file /Users/nick/Desktop/airflow_dic/venv/lib/python3.11/site-packages/airflow/example_dags/example_nested_branch_dag.py for tasks to queue
[2023-10-19T22:19:52.225+0200] {logging_mixin.py:151} INFO - [2023-10-19T22:19:52.225+0200] {dagbag.py:539} INFO - Filling up the DagBag from /Users/nick/Desktop/airflow_dic/venv/lib/python3.11/site-packages/airflow/example_dags/example_nested_branch_dag.py
[2023-10-19T22:19:52.245+0200] {processor.py:839} INFO - DAG(s) dict_keys(['example_nested_branch_dag']) retrieved from /Users/nick/Desktop/airflow_dic/venv/lib/python3.11/site-packages/airflow/example_dags/example_nested_branch_dag.py
[2023-10-19T22:19:52.298+0200] {logging_mixin.py:151} INFO - [2023-10-19T22:19:52.298+0200] {dag.py:2915} INFO - Sync 1 DAGs
[2023-10-19T22:19:52.304+0200] {logging_mixin.py:151} INFO - [2023-10-19T22:19:52.304+0200] {dag.py:3696} INFO - Setting next_dagrun for example_nested_branch_dag to 2023-10-18T00:00:00+00:00, run_after=2023-10-19T00:00:00+00:00
[2023-10-19T22:19:52.310+0200] {processor.py:179} INFO - Processing /Users/nick/Desktop/airflow_dic/venv/lib/python3.11/site-packages/airflow/example_dags/example_nested_branch_dag.py took 0.088 seconds
[2023-10-19T22:20:56.180+0200] {processor.py:157} INFO - Started process (PID=29178) to work on /Users/nick/Desktop/airflow_dic/venv/lib/python3.11/site-packages/airflow/example_dags/example_nested_branch_dag.py
[2023-10-19T22:20:56.181+0200] {processor.py:829} INFO - Processing file /Users/nick/Desktop/airflow_dic/venv/lib/python3.11/site-packages/airflow/example_dags/example_nested_branch_dag.py for tasks to queue
[2023-10-19T22:20:56.182+0200] {logging_mixin.py:151} INFO - [2023-10-19T22:20:56.181+0200] {dagbag.py:539} INFO - Filling up the DagBag from /Users/nick/Desktop/airflow_dic/venv/lib/python3.11/site-packages/airflow/example_dags/example_nested_branch_dag.py
[2023-10-19T22:20:56.204+0200] {processor.py:839} INFO - DAG(s) dict_keys(['example_nested_branch_dag']) retrieved from /Users/nick/Desktop/airflow_dic/venv/lib/python3.11/site-packages/airflow/example_dags/example_nested_branch_dag.py
[2023-10-19T22:20:56.261+0200] {logging_mixin.py:151} INFO - [2023-10-19T22:20:56.261+0200] {dag.py:2915} INFO - Sync 1 DAGs
[2023-10-19T22:20:56.268+0200] {logging_mixin.py:151} INFO - [2023-10-19T22:20:56.268+0200] {dag.py:3696} INFO - Setting next_dagrun for example_nested_branch_dag to 2023-10-18T00:00:00+00:00, run_after=2023-10-19T00:00:00+00:00
[2023-10-19T22:20:56.274+0200] {processor.py:179} INFO - Processing /Users/nick/Desktop/airflow_dic/venv/lib/python3.11/site-packages/airflow/example_dags/example_nested_branch_dag.py took 0.094 seconds
[2023-10-19T22:23:28.288+0200] {processor.py:157} INFO - Started process (PID=29486) to work on /Users/nick/Desktop/airflow_dic/venv/lib/python3.11/site-packages/airflow/example_dags/example_nested_branch_dag.py
[2023-10-19T22:23:28.290+0200] {processor.py:829} INFO - Processing file /Users/nick/Desktop/airflow_dic/venv/lib/python3.11/site-packages/airflow/example_dags/example_nested_branch_dag.py for tasks to queue
[2023-10-19T22:23:28.290+0200] {logging_mixin.py:151} INFO - [2023-10-19T22:23:28.290+0200] {dagbag.py:539} INFO - Filling up the DagBag from /Users/nick/Desktop/airflow_dic/venv/lib/python3.11/site-packages/airflow/example_dags/example_nested_branch_dag.py
[2023-10-19T22:23:28.310+0200] {processor.py:839} INFO - DAG(s) dict_keys(['example_nested_branch_dag']) retrieved from /Users/nick/Desktop/airflow_dic/venv/lib/python3.11/site-packages/airflow/example_dags/example_nested_branch_dag.py
[2023-10-19T22:23:28.365+0200] {logging_mixin.py:151} INFO - [2023-10-19T22:23:28.364+0200] {dag.py:2915} INFO - Sync 1 DAGs
[2023-10-19T22:23:28.371+0200] {logging_mixin.py:151} INFO - [2023-10-19T22:23:28.370+0200] {dag.py:3696} INFO - Setting next_dagrun for example_nested_branch_dag to 2023-10-18T00:00:00+00:00, run_after=2023-10-19T00:00:00+00:00
[2023-10-19T22:23:28.377+0200] {processor.py:179} INFO - Processing /Users/nick/Desktop/airflow_dic/venv/lib/python3.11/site-packages/airflow/example_dags/example_nested_branch_dag.py took 0.090 seconds
[2023-10-19T22:24:36.084+0200] {processor.py:157} INFO - Started process (PID=29616) to work on /Users/nick/Desktop/airflow_dic/venv/lib/python3.11/site-packages/airflow/example_dags/example_nested_branch_dag.py
[2023-10-19T22:24:36.086+0200] {processor.py:829} INFO - Processing file /Users/nick/Desktop/airflow_dic/venv/lib/python3.11/site-packages/airflow/example_dags/example_nested_branch_dag.py for tasks to queue
[2023-10-19T22:24:36.086+0200] {logging_mixin.py:151} INFO - [2023-10-19T22:24:36.086+0200] {dagbag.py:539} INFO - Filling up the DagBag from /Users/nick/Desktop/airflow_dic/venv/lib/python3.11/site-packages/airflow/example_dags/example_nested_branch_dag.py
[2023-10-19T22:24:36.106+0200] {processor.py:839} INFO - DAG(s) dict_keys(['example_nested_branch_dag']) retrieved from /Users/nick/Desktop/airflow_dic/venv/lib/python3.11/site-packages/airflow/example_dags/example_nested_branch_dag.py
[2023-10-19T22:24:36.159+0200] {logging_mixin.py:151} INFO - [2023-10-19T22:24:36.159+0200] {dag.py:2915} INFO - Sync 1 DAGs
[2023-10-19T22:24:36.165+0200] {logging_mixin.py:151} INFO - [2023-10-19T22:24:36.165+0200] {dag.py:3696} INFO - Setting next_dagrun for example_nested_branch_dag to 2023-10-18T00:00:00+00:00, run_after=2023-10-19T00:00:00+00:00
[2023-10-19T22:24:36.172+0200] {processor.py:179} INFO - Processing /Users/nick/Desktop/airflow_dic/venv/lib/python3.11/site-packages/airflow/example_dags/example_nested_branch_dag.py took 0.088 seconds
[2023-10-19T22:25:34.872+0200] {processor.py:157} INFO - Started process (PID=30495) to work on /Users/nick/Desktop/airflow_dic/venv/lib/python3.11/site-packages/airflow/example_dags/example_nested_branch_dag.py
[2023-10-19T22:25:34.874+0200] {processor.py:829} INFO - Processing file /Users/nick/Desktop/airflow_dic/venv/lib/python3.11/site-packages/airflow/example_dags/example_nested_branch_dag.py for tasks to queue
[2023-10-19T22:25:34.874+0200] {logging_mixin.py:151} INFO - [2023-10-19T22:25:34.874+0200] {dagbag.py:539} INFO - Filling up the DagBag from /Users/nick/Desktop/airflow_dic/venv/lib/python3.11/site-packages/airflow/example_dags/example_nested_branch_dag.py
[2023-10-19T22:25:34.896+0200] {processor.py:839} INFO - DAG(s) dict_keys(['example_nested_branch_dag']) retrieved from /Users/nick/Desktop/airflow_dic/venv/lib/python3.11/site-packages/airflow/example_dags/example_nested_branch_dag.py
[2023-10-19T22:25:34.959+0200] {logging_mixin.py:151} INFO - [2023-10-19T22:25:34.959+0200] {dag.py:2915} INFO - Sync 1 DAGs
[2023-10-19T22:25:34.966+0200] {logging_mixin.py:151} INFO - [2023-10-19T22:25:34.966+0200] {dag.py:3696} INFO - Setting next_dagrun for example_nested_branch_dag to 2023-10-18T00:00:00+00:00, run_after=2023-10-19T00:00:00+00:00
[2023-10-19T22:25:34.973+0200] {processor.py:179} INFO - Processing /Users/nick/Desktop/airflow_dic/venv/lib/python3.11/site-packages/airflow/example_dags/example_nested_branch_dag.py took 0.102 seconds
[2023-10-19T22:26:50.011+0200] {processor.py:157} INFO - Started process (PID=31763) to work on /Users/nick/Desktop/airflow_dic/venv/lib/python3.11/site-packages/airflow/example_dags/example_nested_branch_dag.py
[2023-10-19T22:26:50.012+0200] {processor.py:829} INFO - Processing file /Users/nick/Desktop/airflow_dic/venv/lib/python3.11/site-packages/airflow/example_dags/example_nested_branch_dag.py for tasks to queue
[2023-10-19T22:26:50.012+0200] {logging_mixin.py:151} INFO - [2023-10-19T22:26:50.012+0200] {dagbag.py:539} INFO - Filling up the DagBag from /Users/nick/Desktop/airflow_dic/venv/lib/python3.11/site-packages/airflow/example_dags/example_nested_branch_dag.py
[2023-10-19T22:26:50.034+0200] {processor.py:839} INFO - DAG(s) dict_keys(['example_nested_branch_dag']) retrieved from /Users/nick/Desktop/airflow_dic/venv/lib/python3.11/site-packages/airflow/example_dags/example_nested_branch_dag.py
[2023-10-19T22:26:50.316+0200] {logging_mixin.py:151} INFO - [2023-10-19T22:26:50.316+0200] {security.py:708} INFO - Not syncing DAG-level permissions for DAG 'DAG:example_nested_branch_dag' as access control is unset.
[2023-10-19T22:26:50.316+0200] {logging_mixin.py:151} INFO - [2023-10-19T22:26:50.316+0200] {dag.py:2915} INFO - Sync 1 DAGs
[2023-10-19T22:26:50.319+0200] {logging_mixin.py:151} INFO - [2023-10-19T22:26:50.319+0200] {dag.py:2937} INFO - Creating ORM DAG for example_nested_branch_dag
[2023-10-19T22:26:50.323+0200] {logging_mixin.py:151} INFO - [2023-10-19T22:26:50.323+0200] {dag.py:3696} INFO - Setting next_dagrun for example_nested_branch_dag to 2023-10-18T00:00:00+00:00, run_after=2023-10-19T00:00:00+00:00
[2023-10-19T22:26:50.330+0200] {processor.py:179} INFO - Processing /Users/nick/Desktop/airflow_dic/venv/lib/python3.11/site-packages/airflow/example_dags/example_nested_branch_dag.py took 0.319 seconds
[2023-10-19T22:27:58.003+0200] {processor.py:157} INFO - Started process (PID=31887) to work on /Users/nick/Desktop/airflow_dic/venv/lib/python3.11/site-packages/airflow/example_dags/example_nested_branch_dag.py
[2023-10-19T22:27:58.004+0200] {processor.py:829} INFO - Processing file /Users/nick/Desktop/airflow_dic/venv/lib/python3.11/site-packages/airflow/example_dags/example_nested_branch_dag.py for tasks to queue
[2023-10-19T22:27:58.005+0200] {logging_mixin.py:151} INFO - [2023-10-19T22:27:58.005+0200] {dagbag.py:539} INFO - Filling up the DagBag from /Users/nick/Desktop/airflow_dic/venv/lib/python3.11/site-packages/airflow/example_dags/example_nested_branch_dag.py
[2023-10-19T22:27:58.027+0200] {processor.py:839} INFO - DAG(s) dict_keys(['example_nested_branch_dag']) retrieved from /Users/nick/Desktop/airflow_dic/venv/lib/python3.11/site-packages/airflow/example_dags/example_nested_branch_dag.py
[2023-10-19T22:27:58.331+0200] {logging_mixin.py:151} INFO - [2023-10-19T22:27:58.331+0200] {security.py:708} INFO - Not syncing DAG-level permissions for DAG 'DAG:example_nested_branch_dag' as access control is unset.
[2023-10-19T22:27:58.331+0200] {logging_mixin.py:151} INFO - [2023-10-19T22:27:58.331+0200] {dag.py:2915} INFO - Sync 1 DAGs
[2023-10-19T22:27:58.334+0200] {logging_mixin.py:151} INFO - [2023-10-19T22:27:58.334+0200] {dag.py:2937} INFO - Creating ORM DAG for example_nested_branch_dag
[2023-10-19T22:27:58.338+0200] {logging_mixin.py:151} INFO - [2023-10-19T22:27:58.338+0200] {dag.py:3696} INFO - Setting next_dagrun for example_nested_branch_dag to 2023-10-18T00:00:00+00:00, run_after=2023-10-19T00:00:00+00:00
[2023-10-19T22:27:58.345+0200] {processor.py:179} INFO - Processing /Users/nick/Desktop/airflow_dic/venv/lib/python3.11/site-packages/airflow/example_dags/example_nested_branch_dag.py took 0.342 seconds
[2023-10-19T22:29:15.811+0200] {processor.py:157} INFO - Started process (PID=32058) to work on /Users/nick/Desktop/airflow_dic/venv/lib/python3.11/site-packages/airflow/example_dags/example_nested_branch_dag.py
[2023-10-19T22:29:15.812+0200] {processor.py:829} INFO - Processing file /Users/nick/Desktop/airflow_dic/venv/lib/python3.11/site-packages/airflow/example_dags/example_nested_branch_dag.py for tasks to queue
[2023-10-19T22:29:15.812+0200] {logging_mixin.py:151} INFO - [2023-10-19T22:29:15.812+0200] {dagbag.py:539} INFO - Filling up the DagBag from /Users/nick/Desktop/airflow_dic/venv/lib/python3.11/site-packages/airflow/example_dags/example_nested_branch_dag.py
[2023-10-19T22:29:15.832+0200] {processor.py:839} INFO - DAG(s) dict_keys(['example_nested_branch_dag']) retrieved from /Users/nick/Desktop/airflow_dic/venv/lib/python3.11/site-packages/airflow/example_dags/example_nested_branch_dag.py
[2023-10-19T22:29:15.886+0200] {logging_mixin.py:151} INFO - [2023-10-19T22:29:15.886+0200] {dag.py:2915} INFO - Sync 1 DAGs
[2023-10-19T22:29:15.892+0200] {logging_mixin.py:151} INFO - [2023-10-19T22:29:15.892+0200] {dag.py:3696} INFO - Setting next_dagrun for example_nested_branch_dag to 2023-10-18T00:00:00+00:00, run_after=2023-10-19T00:00:00+00:00
[2023-10-19T22:29:15.898+0200] {processor.py:179} INFO - Processing /Users/nick/Desktop/airflow_dic/venv/lib/python3.11/site-packages/airflow/example_dags/example_nested_branch_dag.py took 0.087 seconds
[2023-10-19T22:30:20.788+0200] {processor.py:157} INFO - Started process (PID=32179) to work on /Users/nick/Desktop/airflow_dic/venv/lib/python3.11/site-packages/airflow/example_dags/example_nested_branch_dag.py
[2023-10-19T22:30:20.789+0200] {processor.py:829} INFO - Processing file /Users/nick/Desktop/airflow_dic/venv/lib/python3.11/site-packages/airflow/example_dags/example_nested_branch_dag.py for tasks to queue
[2023-10-19T22:30:20.789+0200] {logging_mixin.py:151} INFO - [2023-10-19T22:30:20.789+0200] {dagbag.py:539} INFO - Filling up the DagBag from /Users/nick/Desktop/airflow_dic/venv/lib/python3.11/site-packages/airflow/example_dags/example_nested_branch_dag.py
[2023-10-19T22:30:20.810+0200] {processor.py:839} INFO - DAG(s) dict_keys(['example_nested_branch_dag']) retrieved from /Users/nick/Desktop/airflow_dic/venv/lib/python3.11/site-packages/airflow/example_dags/example_nested_branch_dag.py
[2023-10-19T22:30:20.863+0200] {logging_mixin.py:151} INFO - [2023-10-19T22:30:20.863+0200] {dag.py:2915} INFO - Sync 1 DAGs
[2023-10-19T22:30:20.869+0200] {logging_mixin.py:151} INFO - [2023-10-19T22:30:20.869+0200] {dag.py:3696} INFO - Setting next_dagrun for example_nested_branch_dag to 2023-10-18T00:00:00+00:00, run_after=2023-10-19T00:00:00+00:00
[2023-10-19T22:30:20.875+0200] {processor.py:179} INFO - Processing /Users/nick/Desktop/airflow_dic/venv/lib/python3.11/site-packages/airflow/example_dags/example_nested_branch_dag.py took 0.088 seconds
[2023-10-19T22:31:33.595+0200] {processor.py:157} INFO - Started process (PID=32326) to work on /Users/nick/Desktop/airflow_dic/venv/lib/python3.11/site-packages/airflow/example_dags/example_nested_branch_dag.py
[2023-10-19T22:31:33.599+0200] {processor.py:829} INFO - Processing file /Users/nick/Desktop/airflow_dic/venv/lib/python3.11/site-packages/airflow/example_dags/example_nested_branch_dag.py for tasks to queue
[2023-10-19T22:31:33.599+0200] {logging_mixin.py:151} INFO - [2023-10-19T22:31:33.599+0200] {dagbag.py:539} INFO - Filling up the DagBag from /Users/nick/Desktop/airflow_dic/venv/lib/python3.11/site-packages/airflow/example_dags/example_nested_branch_dag.py
[2023-10-19T22:31:33.620+0200] {processor.py:839} INFO - DAG(s) dict_keys(['example_nested_branch_dag']) retrieved from /Users/nick/Desktop/airflow_dic/venv/lib/python3.11/site-packages/airflow/example_dags/example_nested_branch_dag.py
[2023-10-19T22:31:33.676+0200] {logging_mixin.py:151} INFO - [2023-10-19T22:31:33.676+0200] {dag.py:2915} INFO - Sync 1 DAGs
[2023-10-19T22:31:33.682+0200] {logging_mixin.py:151} INFO - [2023-10-19T22:31:33.682+0200] {dag.py:3696} INFO - Setting next_dagrun for example_nested_branch_dag to 2023-10-18T00:00:00+00:00, run_after=2023-10-19T00:00:00+00:00
[2023-10-19T22:31:33.688+0200] {processor.py:179} INFO - Processing /Users/nick/Desktop/airflow_dic/venv/lib/python3.11/site-packages/airflow/example_dags/example_nested_branch_dag.py took 0.094 seconds
[2023-10-19T22:32:43.461+0200] {processor.py:157} INFO - Started process (PID=32452) to work on /Users/nick/Desktop/airflow_dic/venv/lib/python3.11/site-packages/airflow/example_dags/example_nested_branch_dag.py
[2023-10-19T22:32:43.462+0200] {processor.py:829} INFO - Processing file /Users/nick/Desktop/airflow_dic/venv/lib/python3.11/site-packages/airflow/example_dags/example_nested_branch_dag.py for tasks to queue
[2023-10-19T22:32:43.462+0200] {logging_mixin.py:151} INFO - [2023-10-19T22:32:43.462+0200] {dagbag.py:539} INFO - Filling up the DagBag from /Users/nick/Desktop/airflow_dic/venv/lib/python3.11/site-packages/airflow/example_dags/example_nested_branch_dag.py
[2023-10-19T22:32:43.483+0200] {processor.py:839} INFO - DAG(s) dict_keys(['example_nested_branch_dag']) retrieved from /Users/nick/Desktop/airflow_dic/venv/lib/python3.11/site-packages/airflow/example_dags/example_nested_branch_dag.py
[2023-10-19T22:32:43.540+0200] {logging_mixin.py:151} INFO - [2023-10-19T22:32:43.540+0200] {dag.py:2915} INFO - Sync 1 DAGs
[2023-10-19T22:32:43.546+0200] {logging_mixin.py:151} INFO - [2023-10-19T22:32:43.546+0200] {dag.py:3696} INFO - Setting next_dagrun for example_nested_branch_dag to 2023-10-18T00:00:00+00:00, run_after=2023-10-19T00:00:00+00:00
[2023-10-19T22:32:43.552+0200] {processor.py:179} INFO - Processing /Users/nick/Desktop/airflow_dic/venv/lib/python3.11/site-packages/airflow/example_dags/example_nested_branch_dag.py took 0.092 seconds
[2023-10-19T22:33:51.091+0200] {processor.py:157} INFO - Started process (PID=32586) to work on /Users/nick/Desktop/airflow_dic/venv/lib/python3.11/site-packages/airflow/example_dags/example_nested_branch_dag.py
[2023-10-19T22:33:51.093+0200] {processor.py:829} INFO - Processing file /Users/nick/Desktop/airflow_dic/venv/lib/python3.11/site-packages/airflow/example_dags/example_nested_branch_dag.py for tasks to queue
[2023-10-19T22:33:51.093+0200] {logging_mixin.py:151} INFO - [2023-10-19T22:33:51.093+0200] {dagbag.py:539} INFO - Filling up the DagBag from /Users/nick/Desktop/airflow_dic/venv/lib/python3.11/site-packages/airflow/example_dags/example_nested_branch_dag.py
[2023-10-19T22:33:51.114+0200] {processor.py:839} INFO - DAG(s) dict_keys(['example_nested_branch_dag']) retrieved from /Users/nick/Desktop/airflow_dic/venv/lib/python3.11/site-packages/airflow/example_dags/example_nested_branch_dag.py
[2023-10-19T22:33:51.168+0200] {logging_mixin.py:151} INFO - [2023-10-19T22:33:51.168+0200] {dag.py:2915} INFO - Sync 1 DAGs
[2023-10-19T22:33:51.174+0200] {logging_mixin.py:151} INFO - [2023-10-19T22:33:51.174+0200] {dag.py:3696} INFO - Setting next_dagrun for example_nested_branch_dag to 2023-10-18T00:00:00+00:00, run_after=2023-10-19T00:00:00+00:00
[2023-10-19T22:33:51.180+0200] {processor.py:179} INFO - Processing /Users/nick/Desktop/airflow_dic/venv/lib/python3.11/site-packages/airflow/example_dags/example_nested_branch_dag.py took 0.089 seconds
[2023-10-19T22:34:59.489+0200] {processor.py:157} INFO - Started process (PID=32735) to work on /Users/nick/Desktop/airflow_dic/venv/lib/python3.11/site-packages/airflow/example_dags/example_nested_branch_dag.py
[2023-10-19T22:34:59.491+0200] {processor.py:829} INFO - Processing file /Users/nick/Desktop/airflow_dic/venv/lib/python3.11/site-packages/airflow/example_dags/example_nested_branch_dag.py for tasks to queue
[2023-10-19T22:34:59.491+0200] {logging_mixin.py:151} INFO - [2023-10-19T22:34:59.491+0200] {dagbag.py:539} INFO - Filling up the DagBag from /Users/nick/Desktop/airflow_dic/venv/lib/python3.11/site-packages/airflow/example_dags/example_nested_branch_dag.py
[2023-10-19T22:34:59.514+0200] {processor.py:839} INFO - DAG(s) dict_keys(['example_nested_branch_dag']) retrieved from /Users/nick/Desktop/airflow_dic/venv/lib/python3.11/site-packages/airflow/example_dags/example_nested_branch_dag.py
[2023-10-19T22:34:59.572+0200] {logging_mixin.py:151} INFO - [2023-10-19T22:34:59.572+0200] {dag.py:2915} INFO - Sync 1 DAGs
[2023-10-19T22:34:59.578+0200] {logging_mixin.py:151} INFO - [2023-10-19T22:34:59.578+0200] {dag.py:3696} INFO - Setting next_dagrun for example_nested_branch_dag to 2023-10-18T00:00:00+00:00, run_after=2023-10-19T00:00:00+00:00
[2023-10-19T22:34:59.585+0200] {processor.py:179} INFO - Processing /Users/nick/Desktop/airflow_dic/venv/lib/python3.11/site-packages/airflow/example_dags/example_nested_branch_dag.py took 0.096 seconds
[2023-10-19T22:36:07.695+0200] {processor.py:157} INFO - Started process (PID=32885) to work on /Users/nick/Desktop/airflow_dic/venv/lib/python3.11/site-packages/airflow/example_dags/example_nested_branch_dag.py
[2023-10-19T22:36:07.696+0200] {processor.py:829} INFO - Processing file /Users/nick/Desktop/airflow_dic/venv/lib/python3.11/site-packages/airflow/example_dags/example_nested_branch_dag.py for tasks to queue
[2023-10-19T22:36:07.696+0200] {logging_mixin.py:151} INFO - [2023-10-19T22:36:07.696+0200] {dagbag.py:539} INFO - Filling up the DagBag from /Users/nick/Desktop/airflow_dic/venv/lib/python3.11/site-packages/airflow/example_dags/example_nested_branch_dag.py
[2023-10-19T22:36:07.716+0200] {processor.py:839} INFO - DAG(s) dict_keys(['example_nested_branch_dag']) retrieved from /Users/nick/Desktop/airflow_dic/venv/lib/python3.11/site-packages/airflow/example_dags/example_nested_branch_dag.py
[2023-10-19T22:36:07.770+0200] {logging_mixin.py:151} INFO - [2023-10-19T22:36:07.770+0200] {dag.py:2915} INFO - Sync 1 DAGs
[2023-10-19T22:36:07.776+0200] {logging_mixin.py:151} INFO - [2023-10-19T22:36:07.776+0200] {dag.py:3696} INFO - Setting next_dagrun for example_nested_branch_dag to 2023-10-18T00:00:00+00:00, run_after=2023-10-19T00:00:00+00:00
[2023-10-19T22:36:07.782+0200] {processor.py:179} INFO - Processing /Users/nick/Desktop/airflow_dic/venv/lib/python3.11/site-packages/airflow/example_dags/example_nested_branch_dag.py took 0.088 seconds
[2023-10-19T22:37:16.824+0200] {processor.py:157} INFO - Started process (PID=33016) to work on /Users/nick/Desktop/airflow_dic/venv/lib/python3.11/site-packages/airflow/example_dags/example_nested_branch_dag.py
[2023-10-19T22:37:16.825+0200] {processor.py:829} INFO - Processing file /Users/nick/Desktop/airflow_dic/venv/lib/python3.11/site-packages/airflow/example_dags/example_nested_branch_dag.py for tasks to queue
[2023-10-19T22:37:16.825+0200] {logging_mixin.py:151} INFO - [2023-10-19T22:37:16.825+0200] {dagbag.py:539} INFO - Filling up the DagBag from /Users/nick/Desktop/airflow_dic/venv/lib/python3.11/site-packages/airflow/example_dags/example_nested_branch_dag.py
[2023-10-19T22:37:16.845+0200] {processor.py:839} INFO - DAG(s) dict_keys(['example_nested_branch_dag']) retrieved from /Users/nick/Desktop/airflow_dic/venv/lib/python3.11/site-packages/airflow/example_dags/example_nested_branch_dag.py
[2023-10-19T22:37:16.899+0200] {logging_mixin.py:151} INFO - [2023-10-19T22:37:16.899+0200] {dag.py:2915} INFO - Sync 1 DAGs
[2023-10-19T22:37:16.905+0200] {logging_mixin.py:151} INFO - [2023-10-19T22:37:16.905+0200] {dag.py:3696} INFO - Setting next_dagrun for example_nested_branch_dag to 2023-10-18T00:00:00+00:00, run_after=2023-10-19T00:00:00+00:00
[2023-10-19T22:37:16.911+0200] {processor.py:179} INFO - Processing /Users/nick/Desktop/airflow_dic/venv/lib/python3.11/site-packages/airflow/example_dags/example_nested_branch_dag.py took 0.087 seconds
[2023-10-19T22:38:24.372+0200] {processor.py:157} INFO - Started process (PID=33141) to work on /Users/nick/Desktop/airflow_dic/venv/lib/python3.11/site-packages/airflow/example_dags/example_nested_branch_dag.py
[2023-10-19T22:38:24.373+0200] {processor.py:829} INFO - Processing file /Users/nick/Desktop/airflow_dic/venv/lib/python3.11/site-packages/airflow/example_dags/example_nested_branch_dag.py for tasks to queue
[2023-10-19T22:38:24.374+0200] {logging_mixin.py:151} INFO - [2023-10-19T22:38:24.374+0200] {dagbag.py:539} INFO - Filling up the DagBag from /Users/nick/Desktop/airflow_dic/venv/lib/python3.11/site-packages/airflow/example_dags/example_nested_branch_dag.py
[2023-10-19T22:38:24.393+0200] {processor.py:839} INFO - DAG(s) dict_keys(['example_nested_branch_dag']) retrieved from /Users/nick/Desktop/airflow_dic/venv/lib/python3.11/site-packages/airflow/example_dags/example_nested_branch_dag.py
[2023-10-19T22:38:24.447+0200] {logging_mixin.py:151} INFO - [2023-10-19T22:38:24.447+0200] {dag.py:2915} INFO - Sync 1 DAGs
[2023-10-19T22:38:24.453+0200] {logging_mixin.py:151} INFO - [2023-10-19T22:38:24.453+0200] {dag.py:3696} INFO - Setting next_dagrun for example_nested_branch_dag to 2023-10-18T00:00:00+00:00, run_after=2023-10-19T00:00:00+00:00
[2023-10-19T22:38:24.459+0200] {processor.py:179} INFO - Processing /Users/nick/Desktop/airflow_dic/venv/lib/python3.11/site-packages/airflow/example_dags/example_nested_branch_dag.py took 0.087 seconds
[2023-10-19T22:39:32.384+0200] {processor.py:157} INFO - Started process (PID=33272) to work on /Users/nick/Desktop/airflow_dic/venv/lib/python3.11/site-packages/airflow/example_dags/example_nested_branch_dag.py
[2023-10-19T22:39:32.386+0200] {processor.py:829} INFO - Processing file /Users/nick/Desktop/airflow_dic/venv/lib/python3.11/site-packages/airflow/example_dags/example_nested_branch_dag.py for tasks to queue
[2023-10-19T22:39:32.386+0200] {logging_mixin.py:151} INFO - [2023-10-19T22:39:32.386+0200] {dagbag.py:539} INFO - Filling up the DagBag from /Users/nick/Desktop/airflow_dic/venv/lib/python3.11/site-packages/airflow/example_dags/example_nested_branch_dag.py
[2023-10-19T22:39:32.406+0200] {processor.py:839} INFO - DAG(s) dict_keys(['example_nested_branch_dag']) retrieved from /Users/nick/Desktop/airflow_dic/venv/lib/python3.11/site-packages/airflow/example_dags/example_nested_branch_dag.py
[2023-10-19T22:39:32.462+0200] {logging_mixin.py:151} INFO - [2023-10-19T22:39:32.461+0200] {dag.py:2915} INFO - Sync 1 DAGs
[2023-10-19T22:39:32.468+0200] {logging_mixin.py:151} INFO - [2023-10-19T22:39:32.468+0200] {dag.py:3696} INFO - Setting next_dagrun for example_nested_branch_dag to 2023-10-18T00:00:00+00:00, run_after=2023-10-19T00:00:00+00:00
[2023-10-19T22:39:32.474+0200] {processor.py:179} INFO - Processing /Users/nick/Desktop/airflow_dic/venv/lib/python3.11/site-packages/airflow/example_dags/example_nested_branch_dag.py took 0.090 seconds
[2023-10-19T22:40:39.973+0200] {processor.py:157} INFO - Started process (PID=33397) to work on /Users/nick/Desktop/airflow_dic/venv/lib/python3.11/site-packages/airflow/example_dags/example_nested_branch_dag.py
[2023-10-19T22:40:39.975+0200] {processor.py:829} INFO - Processing file /Users/nick/Desktop/airflow_dic/venv/lib/python3.11/site-packages/airflow/example_dags/example_nested_branch_dag.py for tasks to queue
[2023-10-19T22:40:39.975+0200] {logging_mixin.py:151} INFO - [2023-10-19T22:40:39.975+0200] {dagbag.py:539} INFO - Filling up the DagBag from /Users/nick/Desktop/airflow_dic/venv/lib/python3.11/site-packages/airflow/example_dags/example_nested_branch_dag.py
[2023-10-19T22:40:40.000+0200] {processor.py:839} INFO - DAG(s) dict_keys(['example_nested_branch_dag']) retrieved from /Users/nick/Desktop/airflow_dic/venv/lib/python3.11/site-packages/airflow/example_dags/example_nested_branch_dag.py
[2023-10-19T22:40:40.065+0200] {logging_mixin.py:151} INFO - [2023-10-19T22:40:40.064+0200] {dag.py:2915} INFO - Sync 1 DAGs
[2023-10-19T22:40:40.072+0200] {logging_mixin.py:151} INFO - [2023-10-19T22:40:40.072+0200] {dag.py:3696} INFO - Setting next_dagrun for example_nested_branch_dag to 2023-10-18T00:00:00+00:00, run_after=2023-10-19T00:00:00+00:00
[2023-10-19T22:40:40.080+0200] {processor.py:179} INFO - Processing /Users/nick/Desktop/airflow_dic/venv/lib/python3.11/site-packages/airflow/example_dags/example_nested_branch_dag.py took 0.107 seconds
[2023-10-19T22:41:50.093+0200] {processor.py:157} INFO - Started process (PID=33529) to work on /Users/nick/Desktop/airflow_dic/venv/lib/python3.11/site-packages/airflow/example_dags/example_nested_branch_dag.py
[2023-10-19T22:41:50.094+0200] {processor.py:829} INFO - Processing file /Users/nick/Desktop/airflow_dic/venv/lib/python3.11/site-packages/airflow/example_dags/example_nested_branch_dag.py for tasks to queue
[2023-10-19T22:41:50.094+0200] {logging_mixin.py:151} INFO - [2023-10-19T22:41:50.094+0200] {dagbag.py:539} INFO - Filling up the DagBag from /Users/nick/Desktop/airflow_dic/venv/lib/python3.11/site-packages/airflow/example_dags/example_nested_branch_dag.py
[2023-10-19T22:41:50.114+0200] {processor.py:839} INFO - DAG(s) dict_keys(['example_nested_branch_dag']) retrieved from /Users/nick/Desktop/airflow_dic/venv/lib/python3.11/site-packages/airflow/example_dags/example_nested_branch_dag.py
[2023-10-19T22:41:50.168+0200] {logging_mixin.py:151} INFO - [2023-10-19T22:41:50.168+0200] {dag.py:2915} INFO - Sync 1 DAGs
[2023-10-19T22:41:50.174+0200] {logging_mixin.py:151} INFO - [2023-10-19T22:41:50.174+0200] {dag.py:3696} INFO - Setting next_dagrun for example_nested_branch_dag to 2023-10-18T00:00:00+00:00, run_after=2023-10-19T00:00:00+00:00
[2023-10-19T22:41:50.181+0200] {processor.py:179} INFO - Processing /Users/nick/Desktop/airflow_dic/venv/lib/python3.11/site-packages/airflow/example_dags/example_nested_branch_dag.py took 0.088 seconds
[2023-10-19T22:42:59.388+0200] {processor.py:157} INFO - Started process (PID=33655) to work on /Users/nick/Desktop/airflow_dic/venv/lib/python3.11/site-packages/airflow/example_dags/example_nested_branch_dag.py
[2023-10-19T22:42:59.390+0200] {processor.py:829} INFO - Processing file /Users/nick/Desktop/airflow_dic/venv/lib/python3.11/site-packages/airflow/example_dags/example_nested_branch_dag.py for tasks to queue
[2023-10-19T22:42:59.390+0200] {logging_mixin.py:151} INFO - [2023-10-19T22:42:59.390+0200] {dagbag.py:539} INFO - Filling up the DagBag from /Users/nick/Desktop/airflow_dic/venv/lib/python3.11/site-packages/airflow/example_dags/example_nested_branch_dag.py
[2023-10-19T22:42:59.411+0200] {processor.py:839} INFO - DAG(s) dict_keys(['example_nested_branch_dag']) retrieved from /Users/nick/Desktop/airflow_dic/venv/lib/python3.11/site-packages/airflow/example_dags/example_nested_branch_dag.py
[2023-10-19T22:42:59.468+0200] {logging_mixin.py:151} INFO - [2023-10-19T22:42:59.468+0200] {dag.py:2915} INFO - Sync 1 DAGs
[2023-10-19T22:42:59.475+0200] {logging_mixin.py:151} INFO - [2023-10-19T22:42:59.475+0200] {dag.py:3696} INFO - Setting next_dagrun for example_nested_branch_dag to 2023-10-18T00:00:00+00:00, run_after=2023-10-19T00:00:00+00:00
[2023-10-19T22:42:59.482+0200] {processor.py:179} INFO - Processing /Users/nick/Desktop/airflow_dic/venv/lib/python3.11/site-packages/airflow/example_dags/example_nested_branch_dag.py took 0.094 seconds
[2023-10-19T22:44:09.634+0200] {processor.py:157} INFO - Started process (PID=33789) to work on /Users/nick/Desktop/airflow_dic/venv/lib/python3.11/site-packages/airflow/example_dags/example_nested_branch_dag.py
[2023-10-19T22:44:09.636+0200] {processor.py:829} INFO - Processing file /Users/nick/Desktop/airflow_dic/venv/lib/python3.11/site-packages/airflow/example_dags/example_nested_branch_dag.py for tasks to queue
[2023-10-19T22:44:09.636+0200] {logging_mixin.py:151} INFO - [2023-10-19T22:44:09.636+0200] {dagbag.py:539} INFO - Filling up the DagBag from /Users/nick/Desktop/airflow_dic/venv/lib/python3.11/site-packages/airflow/example_dags/example_nested_branch_dag.py
[2023-10-19T22:44:09.657+0200] {processor.py:839} INFO - DAG(s) dict_keys(['example_nested_branch_dag']) retrieved from /Users/nick/Desktop/airflow_dic/venv/lib/python3.11/site-packages/airflow/example_dags/example_nested_branch_dag.py
[2023-10-19T22:44:09.711+0200] {logging_mixin.py:151} INFO - [2023-10-19T22:44:09.711+0200] {dag.py:2915} INFO - Sync 1 DAGs
[2023-10-19T22:44:09.718+0200] {logging_mixin.py:151} INFO - [2023-10-19T22:44:09.717+0200] {dag.py:3696} INFO - Setting next_dagrun for example_nested_branch_dag to 2023-10-18T00:00:00+00:00, run_after=2023-10-19T00:00:00+00:00
[2023-10-19T22:44:09.724+0200] {processor.py:179} INFO - Processing /Users/nick/Desktop/airflow_dic/venv/lib/python3.11/site-packages/airflow/example_dags/example_nested_branch_dag.py took 0.090 seconds
[2023-10-19T22:45:57.462+0200] {processor.py:157} INFO - Started process (PID=34010) to work on /Users/nick/Desktop/airflow_dic/venv/lib/python3.11/site-packages/airflow/example_dags/example_nested_branch_dag.py
[2023-10-19T22:45:57.463+0200] {processor.py:829} INFO - Processing file /Users/nick/Desktop/airflow_dic/venv/lib/python3.11/site-packages/airflow/example_dags/example_nested_branch_dag.py for tasks to queue
[2023-10-19T22:45:57.463+0200] {logging_mixin.py:151} INFO - [2023-10-19T22:45:57.463+0200] {dagbag.py:539} INFO - Filling up the DagBag from /Users/nick/Desktop/airflow_dic/venv/lib/python3.11/site-packages/airflow/example_dags/example_nested_branch_dag.py
[2023-10-19T22:45:57.484+0200] {processor.py:839} INFO - DAG(s) dict_keys(['example_nested_branch_dag']) retrieved from /Users/nick/Desktop/airflow_dic/venv/lib/python3.11/site-packages/airflow/example_dags/example_nested_branch_dag.py
[2023-10-19T22:45:57.539+0200] {logging_mixin.py:151} INFO - [2023-10-19T22:45:57.539+0200] {dag.py:2915} INFO - Sync 1 DAGs
[2023-10-19T22:45:57.545+0200] {logging_mixin.py:151} INFO - [2023-10-19T22:45:57.545+0200] {dag.py:3696} INFO - Setting next_dagrun for example_nested_branch_dag to 2023-10-18T00:00:00+00:00, run_after=2023-10-19T00:00:00+00:00
[2023-10-19T22:45:57.551+0200] {processor.py:179} INFO - Processing /Users/nick/Desktop/airflow_dic/venv/lib/python3.11/site-packages/airflow/example_dags/example_nested_branch_dag.py took 0.090 seconds
[2023-10-19T22:47:07.380+0200] {processor.py:157} INFO - Started process (PID=34142) to work on /Users/nick/Desktop/airflow_dic/venv/lib/python3.11/site-packages/airflow/example_dags/example_nested_branch_dag.py
[2023-10-19T22:47:07.382+0200] {processor.py:829} INFO - Processing file /Users/nick/Desktop/airflow_dic/venv/lib/python3.11/site-packages/airflow/example_dags/example_nested_branch_dag.py for tasks to queue
[2023-10-19T22:47:07.382+0200] {logging_mixin.py:151} INFO - [2023-10-19T22:47:07.382+0200] {dagbag.py:539} INFO - Filling up the DagBag from /Users/nick/Desktop/airflow_dic/venv/lib/python3.11/site-packages/airflow/example_dags/example_nested_branch_dag.py
[2023-10-19T22:47:07.402+0200] {processor.py:839} INFO - DAG(s) dict_keys(['example_nested_branch_dag']) retrieved from /Users/nick/Desktop/airflow_dic/venv/lib/python3.11/site-packages/airflow/example_dags/example_nested_branch_dag.py
[2023-10-19T22:47:07.455+0200] {logging_mixin.py:151} INFO - [2023-10-19T22:47:07.455+0200] {dag.py:2915} INFO - Sync 1 DAGs
[2023-10-19T22:47:07.461+0200] {logging_mixin.py:151} INFO - [2023-10-19T22:47:07.461+0200] {dag.py:3696} INFO - Setting next_dagrun for example_nested_branch_dag to 2023-10-18T00:00:00+00:00, run_after=2023-10-19T00:00:00+00:00
[2023-10-19T22:47:07.467+0200] {processor.py:179} INFO - Processing /Users/nick/Desktop/airflow_dic/venv/lib/python3.11/site-packages/airflow/example_dags/example_nested_branch_dag.py took 0.088 seconds
[2023-10-19T22:48:15.545+0200] {processor.py:157} INFO - Started process (PID=34275) to work on /Users/nick/Desktop/airflow_dic/venv/lib/python3.11/site-packages/airflow/example_dags/example_nested_branch_dag.py
[2023-10-19T22:48:15.546+0200] {processor.py:829} INFO - Processing file /Users/nick/Desktop/airflow_dic/venv/lib/python3.11/site-packages/airflow/example_dags/example_nested_branch_dag.py for tasks to queue
[2023-10-19T22:48:15.546+0200] {logging_mixin.py:151} INFO - [2023-10-19T22:48:15.546+0200] {dagbag.py:539} INFO - Filling up the DagBag from /Users/nick/Desktop/airflow_dic/venv/lib/python3.11/site-packages/airflow/example_dags/example_nested_branch_dag.py
[2023-10-19T22:48:15.566+0200] {processor.py:839} INFO - DAG(s) dict_keys(['example_nested_branch_dag']) retrieved from /Users/nick/Desktop/airflow_dic/venv/lib/python3.11/site-packages/airflow/example_dags/example_nested_branch_dag.py
[2023-10-19T22:48:15.620+0200] {logging_mixin.py:151} INFO - [2023-10-19T22:48:15.620+0200] {dag.py:2915} INFO - Sync 1 DAGs
[2023-10-19T22:48:15.626+0200] {logging_mixin.py:151} INFO - [2023-10-19T22:48:15.626+0200] {dag.py:3696} INFO - Setting next_dagrun for example_nested_branch_dag to 2023-10-18T00:00:00+00:00, run_after=2023-10-19T00:00:00+00:00
[2023-10-19T22:48:15.632+0200] {processor.py:179} INFO - Processing /Users/nick/Desktop/airflow_dic/venv/lib/python3.11/site-packages/airflow/example_dags/example_nested_branch_dag.py took 0.087 seconds
[2023-10-19T22:49:25.408+0200] {processor.py:157} INFO - Started process (PID=34412) to work on /Users/nick/Desktop/airflow_dic/venv/lib/python3.11/site-packages/airflow/example_dags/example_nested_branch_dag.py
[2023-10-19T22:49:25.409+0200] {processor.py:829} INFO - Processing file /Users/nick/Desktop/airflow_dic/venv/lib/python3.11/site-packages/airflow/example_dags/example_nested_branch_dag.py for tasks to queue
[2023-10-19T22:49:25.410+0200] {logging_mixin.py:151} INFO - [2023-10-19T22:49:25.409+0200] {dagbag.py:539} INFO - Filling up the DagBag from /Users/nick/Desktop/airflow_dic/venv/lib/python3.11/site-packages/airflow/example_dags/example_nested_branch_dag.py
[2023-10-19T22:49:25.429+0200] {processor.py:839} INFO - DAG(s) dict_keys(['example_nested_branch_dag']) retrieved from /Users/nick/Desktop/airflow_dic/venv/lib/python3.11/site-packages/airflow/example_dags/example_nested_branch_dag.py
[2023-10-19T22:49:25.484+0200] {logging_mixin.py:151} INFO - [2023-10-19T22:49:25.484+0200] {dag.py:2915} INFO - Sync 1 DAGs
[2023-10-19T22:49:25.491+0200] {logging_mixin.py:151} INFO - [2023-10-19T22:49:25.491+0200] {dag.py:3696} INFO - Setting next_dagrun for example_nested_branch_dag to 2023-10-18T00:00:00+00:00, run_after=2023-10-19T00:00:00+00:00
[2023-10-19T22:49:25.497+0200] {processor.py:179} INFO - Processing /Users/nick/Desktop/airflow_dic/venv/lib/python3.11/site-packages/airflow/example_dags/example_nested_branch_dag.py took 0.090 seconds
[2023-10-19T22:50:32.375+0200] {processor.py:157} INFO - Started process (PID=34535) to work on /Users/nick/Desktop/airflow_dic/venv/lib/python3.11/site-packages/airflow/example_dags/example_nested_branch_dag.py
[2023-10-19T22:50:32.376+0200] {processor.py:829} INFO - Processing file /Users/nick/Desktop/airflow_dic/venv/lib/python3.11/site-packages/airflow/example_dags/example_nested_branch_dag.py for tasks to queue
[2023-10-19T22:50:32.377+0200] {logging_mixin.py:151} INFO - [2023-10-19T22:50:32.377+0200] {dagbag.py:539} INFO - Filling up the DagBag from /Users/nick/Desktop/airflow_dic/venv/lib/python3.11/site-packages/airflow/example_dags/example_nested_branch_dag.py
[2023-10-19T22:50:32.397+0200] {processor.py:839} INFO - DAG(s) dict_keys(['example_nested_branch_dag']) retrieved from /Users/nick/Desktop/airflow_dic/venv/lib/python3.11/site-packages/airflow/example_dags/example_nested_branch_dag.py
[2023-10-19T22:50:32.450+0200] {logging_mixin.py:151} INFO - [2023-10-19T22:50:32.450+0200] {dag.py:2915} INFO - Sync 1 DAGs
[2023-10-19T22:50:32.456+0200] {logging_mixin.py:151} INFO - [2023-10-19T22:50:32.456+0200] {dag.py:3696} INFO - Setting next_dagrun for example_nested_branch_dag to 2023-10-18T00:00:00+00:00, run_after=2023-10-19T00:00:00+00:00
[2023-10-19T22:50:32.463+0200] {processor.py:179} INFO - Processing /Users/nick/Desktop/airflow_dic/venv/lib/python3.11/site-packages/airflow/example_dags/example_nested_branch_dag.py took 0.088 seconds
[2023-10-19T22:53:56.011+0200] {processor.py:157} INFO - Started process (PID=34849) to work on /Users/nick/Desktop/airflow_dic/venv/lib/python3.11/site-packages/airflow/example_dags/example_nested_branch_dag.py
[2023-10-19T22:53:56.013+0200] {processor.py:829} INFO - Processing file /Users/nick/Desktop/airflow_dic/venv/lib/python3.11/site-packages/airflow/example_dags/example_nested_branch_dag.py for tasks to queue
[2023-10-19T22:53:56.013+0200] {logging_mixin.py:151} INFO - [2023-10-19T22:53:56.013+0200] {dagbag.py:539} INFO - Filling up the DagBag from /Users/nick/Desktop/airflow_dic/venv/lib/python3.11/site-packages/airflow/example_dags/example_nested_branch_dag.py
[2023-10-19T22:53:56.035+0200] {processor.py:839} INFO - DAG(s) dict_keys(['example_nested_branch_dag']) retrieved from /Users/nick/Desktop/airflow_dic/venv/lib/python3.11/site-packages/airflow/example_dags/example_nested_branch_dag.py
[2023-10-19T22:53:56.097+0200] {logging_mixin.py:151} INFO - [2023-10-19T22:53:56.097+0200] {dag.py:2915} INFO - Sync 1 DAGs
[2023-10-19T22:53:56.104+0200] {logging_mixin.py:151} INFO - [2023-10-19T22:53:56.104+0200] {dag.py:3696} INFO - Setting next_dagrun for example_nested_branch_dag to 2023-10-18T00:00:00+00:00, run_after=2023-10-19T00:00:00+00:00
[2023-10-19T22:53:56.111+0200] {processor.py:179} INFO - Processing /Users/nick/Desktop/airflow_dic/venv/lib/python3.11/site-packages/airflow/example_dags/example_nested_branch_dag.py took 0.100 seconds
[2023-10-19T22:55:03.653+0200] {processor.py:157} INFO - Started process (PID=34986) to work on /Users/nick/Desktop/airflow_dic/venv/lib/python3.11/site-packages/airflow/example_dags/example_nested_branch_dag.py
[2023-10-19T22:55:03.656+0200] {processor.py:829} INFO - Processing file /Users/nick/Desktop/airflow_dic/venv/lib/python3.11/site-packages/airflow/example_dags/example_nested_branch_dag.py for tasks to queue
[2023-10-19T22:55:03.656+0200] {logging_mixin.py:151} INFO - [2023-10-19T22:55:03.656+0200] {dagbag.py:539} INFO - Filling up the DagBag from /Users/nick/Desktop/airflow_dic/venv/lib/python3.11/site-packages/airflow/example_dags/example_nested_branch_dag.py
[2023-10-19T22:55:03.676+0200] {processor.py:839} INFO - DAG(s) dict_keys(['example_nested_branch_dag']) retrieved from /Users/nick/Desktop/airflow_dic/venv/lib/python3.11/site-packages/airflow/example_dags/example_nested_branch_dag.py
[2023-10-19T22:55:03.730+0200] {logging_mixin.py:151} INFO - [2023-10-19T22:55:03.730+0200] {dag.py:2915} INFO - Sync 1 DAGs
[2023-10-19T22:55:03.736+0200] {logging_mixin.py:151} INFO - [2023-10-19T22:55:03.736+0200] {dag.py:3696} INFO - Setting next_dagrun for example_nested_branch_dag to 2023-10-18T00:00:00+00:00, run_after=2023-10-19T00:00:00+00:00
[2023-10-19T22:55:03.742+0200] {processor.py:179} INFO - Processing /Users/nick/Desktop/airflow_dic/venv/lib/python3.11/site-packages/airflow/example_dags/example_nested_branch_dag.py took 0.089 seconds
[2023-10-19T22:56:12.371+0200] {processor.py:157} INFO - Started process (PID=35121) to work on /Users/nick/Desktop/airflow_dic/venv/lib/python3.11/site-packages/airflow/example_dags/example_nested_branch_dag.py
[2023-10-19T22:56:12.372+0200] {processor.py:829} INFO - Processing file /Users/nick/Desktop/airflow_dic/venv/lib/python3.11/site-packages/airflow/example_dags/example_nested_branch_dag.py for tasks to queue
[2023-10-19T22:56:12.373+0200] {logging_mixin.py:151} INFO - [2023-10-19T22:56:12.373+0200] {dagbag.py:539} INFO - Filling up the DagBag from /Users/nick/Desktop/airflow_dic/venv/lib/python3.11/site-packages/airflow/example_dags/example_nested_branch_dag.py
[2023-10-19T22:56:12.393+0200] {processor.py:839} INFO - DAG(s) dict_keys(['example_nested_branch_dag']) retrieved from /Users/nick/Desktop/airflow_dic/venv/lib/python3.11/site-packages/airflow/example_dags/example_nested_branch_dag.py
[2023-10-19T22:56:12.450+0200] {logging_mixin.py:151} INFO - [2023-10-19T22:56:12.450+0200] {dag.py:2915} INFO - Sync 1 DAGs
[2023-10-19T22:56:12.456+0200] {logging_mixin.py:151} INFO - [2023-10-19T22:56:12.456+0200] {dag.py:3696} INFO - Setting next_dagrun for example_nested_branch_dag to 2023-10-18T00:00:00+00:00, run_after=2023-10-19T00:00:00+00:00
[2023-10-19T22:56:12.462+0200] {processor.py:179} INFO - Processing /Users/nick/Desktop/airflow_dic/venv/lib/python3.11/site-packages/airflow/example_dags/example_nested_branch_dag.py took 0.091 seconds
[2023-10-19T22:57:18.160+0200] {processor.py:157} INFO - Started process (PID=35258) to work on /Users/nick/Desktop/airflow_dic/venv/lib/python3.11/site-packages/airflow/example_dags/example_nested_branch_dag.py
[2023-10-19T22:57:18.161+0200] {processor.py:829} INFO - Processing file /Users/nick/Desktop/airflow_dic/venv/lib/python3.11/site-packages/airflow/example_dags/example_nested_branch_dag.py for tasks to queue
[2023-10-19T22:57:18.161+0200] {logging_mixin.py:151} INFO - [2023-10-19T22:57:18.161+0200] {dagbag.py:539} INFO - Filling up the DagBag from /Users/nick/Desktop/airflow_dic/venv/lib/python3.11/site-packages/airflow/example_dags/example_nested_branch_dag.py
[2023-10-19T22:57:18.181+0200] {processor.py:839} INFO - DAG(s) dict_keys(['example_nested_branch_dag']) retrieved from /Users/nick/Desktop/airflow_dic/venv/lib/python3.11/site-packages/airflow/example_dags/example_nested_branch_dag.py
[2023-10-19T22:57:18.235+0200] {logging_mixin.py:151} INFO - [2023-10-19T22:57:18.234+0200] {dag.py:2915} INFO - Sync 1 DAGs
[2023-10-19T22:57:18.240+0200] {logging_mixin.py:151} INFO - [2023-10-19T22:57:18.240+0200] {dag.py:3696} INFO - Setting next_dagrun for example_nested_branch_dag to 2023-10-18T00:00:00+00:00, run_after=2023-10-19T00:00:00+00:00
[2023-10-19T22:57:18.247+0200] {processor.py:179} INFO - Processing /Users/nick/Desktop/airflow_dic/venv/lib/python3.11/site-packages/airflow/example_dags/example_nested_branch_dag.py took 0.087 seconds
[2023-10-19T22:58:26.618+0200] {processor.py:157} INFO - Started process (PID=35394) to work on /Users/nick/Desktop/airflow_dic/venv/lib/python3.11/site-packages/airflow/example_dags/example_nested_branch_dag.py
[2023-10-19T22:58:26.619+0200] {processor.py:829} INFO - Processing file /Users/nick/Desktop/airflow_dic/venv/lib/python3.11/site-packages/airflow/example_dags/example_nested_branch_dag.py for tasks to queue
[2023-10-19T22:58:26.619+0200] {logging_mixin.py:151} INFO - [2023-10-19T22:58:26.619+0200] {dagbag.py:539} INFO - Filling up the DagBag from /Users/nick/Desktop/airflow_dic/venv/lib/python3.11/site-packages/airflow/example_dags/example_nested_branch_dag.py
[2023-10-19T22:58:26.639+0200] {processor.py:839} INFO - DAG(s) dict_keys(['example_nested_branch_dag']) retrieved from /Users/nick/Desktop/airflow_dic/venv/lib/python3.11/site-packages/airflow/example_dags/example_nested_branch_dag.py
[2023-10-19T22:58:26.694+0200] {logging_mixin.py:151} INFO - [2023-10-19T22:58:26.694+0200] {dag.py:2915} INFO - Sync 1 DAGs
[2023-10-19T22:58:26.700+0200] {logging_mixin.py:151} INFO - [2023-10-19T22:58:26.700+0200] {dag.py:3696} INFO - Setting next_dagrun for example_nested_branch_dag to 2023-10-18T00:00:00+00:00, run_after=2023-10-19T00:00:00+00:00
[2023-10-19T22:58:26.706+0200] {processor.py:179} INFO - Processing /Users/nick/Desktop/airflow_dic/venv/lib/python3.11/site-packages/airflow/example_dags/example_nested_branch_dag.py took 0.089 seconds
[2023-10-19T22:59:34.909+0200] {processor.py:157} INFO - Started process (PID=35537) to work on /Users/nick/Desktop/airflow_dic/venv/lib/python3.11/site-packages/airflow/example_dags/example_nested_branch_dag.py
[2023-10-19T22:59:34.910+0200] {processor.py:829} INFO - Processing file /Users/nick/Desktop/airflow_dic/venv/lib/python3.11/site-packages/airflow/example_dags/example_nested_branch_dag.py for tasks to queue
[2023-10-19T22:59:34.911+0200] {logging_mixin.py:151} INFO - [2023-10-19T22:59:34.911+0200] {dagbag.py:539} INFO - Filling up the DagBag from /Users/nick/Desktop/airflow_dic/venv/lib/python3.11/site-packages/airflow/example_dags/example_nested_branch_dag.py
[2023-10-19T22:59:34.931+0200] {processor.py:839} INFO - DAG(s) dict_keys(['example_nested_branch_dag']) retrieved from /Users/nick/Desktop/airflow_dic/venv/lib/python3.11/site-packages/airflow/example_dags/example_nested_branch_dag.py
[2023-10-19T22:59:34.984+0200] {logging_mixin.py:151} INFO - [2023-10-19T22:59:34.984+0200] {dag.py:2915} INFO - Sync 1 DAGs
[2023-10-19T22:59:34.990+0200] {logging_mixin.py:151} INFO - [2023-10-19T22:59:34.990+0200] {dag.py:3696} INFO - Setting next_dagrun for example_nested_branch_dag to 2023-10-18T00:00:00+00:00, run_after=2023-10-19T00:00:00+00:00
[2023-10-19T22:59:34.997+0200] {processor.py:179} INFO - Processing /Users/nick/Desktop/airflow_dic/venv/lib/python3.11/site-packages/airflow/example_dags/example_nested_branch_dag.py took 0.088 seconds
