[2023-10-19T22:17:04.131+0200] {processor.py:157} INFO - Started process (PID=28735) to work on /Users/nick/Desktop/airflow_dic/venv/lib/python3.11/site-packages/airflow/example_dags/tutorial_taskflow_api.py
[2023-10-19T22:17:04.132+0200] {processor.py:829} INFO - Processing file /Users/nick/Desktop/airflow_dic/venv/lib/python3.11/site-packages/airflow/example_dags/tutorial_taskflow_api.py for tasks to queue
[2023-10-19T22:17:04.132+0200] {logging_mixin.py:151} INFO - [2023-10-19T22:17:04.132+0200] {dagbag.py:539} INFO - Filling up the DagBag from /Users/nick/Desktop/airflow_dic/venv/lib/python3.11/site-packages/airflow/example_dags/tutorial_taskflow_api.py
[2023-10-19T22:17:04.152+0200] {processor.py:839} INFO - DAG(s) dict_keys(['tutorial_taskflow_api']) retrieved from /Users/nick/Desktop/airflow_dic/venv/lib/python3.11/site-packages/airflow/example_dags/tutorial_taskflow_api.py
[2023-10-19T22:17:04.432+0200] {logging_mixin.py:151} INFO - [2023-10-19T22:17:04.432+0200] {manager.py:499} INFO - Created Permission View: %s
[2023-10-19T22:17:04.434+0200] {logging_mixin.py:151} INFO - [2023-10-19T22:17:04.434+0200] {manager.py:499} INFO - Created Permission View: %s
[2023-10-19T22:17:04.436+0200] {logging_mixin.py:151} INFO - [2023-10-19T22:17:04.436+0200] {manager.py:499} INFO - Created Permission View: %s
[2023-10-19T22:17:04.436+0200] {logging_mixin.py:151} INFO - [2023-10-19T22:17:04.436+0200] {security.py:708} INFO - Not syncing DAG-level permissions for DAG 'DAG:tutorial_taskflow_api' as access control is unset.
[2023-10-19T22:17:04.436+0200] {logging_mixin.py:151} INFO - [2023-10-19T22:17:04.436+0200] {dag.py:2915} INFO - Sync 1 DAGs
[2023-10-19T22:17:04.439+0200] {logging_mixin.py:151} INFO - [2023-10-19T22:17:04.439+0200] {dag.py:2937} INFO - Creating ORM DAG for tutorial_taskflow_api
[2023-10-19T22:17:04.439+0200] {logging_mixin.py:151} INFO - [2023-10-19T22:17:04.439+0200] {dag.py:3696} INFO - Setting next_dagrun for tutorial_taskflow_api to None, run_after=None
[2023-10-19T22:17:04.445+0200] {processor.py:179} INFO - Processing /Users/nick/Desktop/airflow_dic/venv/lib/python3.11/site-packages/airflow/example_dags/tutorial_taskflow_api.py took 0.315 seconds
[2023-10-19T22:18:06.525+0200] {processor.py:157} INFO - Started process (PID=28850) to work on /Users/nick/Desktop/airflow_dic/venv/lib/python3.11/site-packages/airflow/example_dags/tutorial_taskflow_api.py
[2023-10-19T22:18:06.526+0200] {processor.py:829} INFO - Processing file /Users/nick/Desktop/airflow_dic/venv/lib/python3.11/site-packages/airflow/example_dags/tutorial_taskflow_api.py for tasks to queue
[2023-10-19T22:18:06.526+0200] {logging_mixin.py:151} INFO - [2023-10-19T22:18:06.526+0200] {dagbag.py:539} INFO - Filling up the DagBag from /Users/nick/Desktop/airflow_dic/venv/lib/python3.11/site-packages/airflow/example_dags/tutorial_taskflow_api.py
[2023-10-19T22:18:06.546+0200] {processor.py:839} INFO - DAG(s) dict_keys(['tutorial_taskflow_api']) retrieved from /Users/nick/Desktop/airflow_dic/venv/lib/python3.11/site-packages/airflow/example_dags/tutorial_taskflow_api.py
[2023-10-19T22:18:06.603+0200] {logging_mixin.py:151} INFO - [2023-10-19T22:18:06.603+0200] {dag.py:2915} INFO - Sync 1 DAGs
[2023-10-19T22:18:06.607+0200] {logging_mixin.py:151} INFO - [2023-10-19T22:18:06.607+0200] {dag.py:3696} INFO - Setting next_dagrun for tutorial_taskflow_api to None, run_after=None
[2023-10-19T22:18:06.614+0200] {processor.py:179} INFO - Processing /Users/nick/Desktop/airflow_dic/venv/lib/python3.11/site-packages/airflow/example_dags/tutorial_taskflow_api.py took 0.089 seconds
[2023-10-19T22:19:20.170+0200] {processor.py:157} INFO - Started process (PID=28989) to work on /Users/nick/Desktop/airflow_dic/venv/lib/python3.11/site-packages/airflow/example_dags/tutorial_taskflow_api.py
[2023-10-19T22:19:20.173+0200] {processor.py:829} INFO - Processing file /Users/nick/Desktop/airflow_dic/venv/lib/python3.11/site-packages/airflow/example_dags/tutorial_taskflow_api.py for tasks to queue
[2023-10-19T22:19:20.173+0200] {logging_mixin.py:151} INFO - [2023-10-19T22:19:20.173+0200] {dagbag.py:539} INFO - Filling up the DagBag from /Users/nick/Desktop/airflow_dic/venv/lib/python3.11/site-packages/airflow/example_dags/tutorial_taskflow_api.py
[2023-10-19T22:19:20.192+0200] {processor.py:839} INFO - DAG(s) dict_keys(['tutorial_taskflow_api']) retrieved from /Users/nick/Desktop/airflow_dic/venv/lib/python3.11/site-packages/airflow/example_dags/tutorial_taskflow_api.py
[2023-10-19T22:19:20.245+0200] {logging_mixin.py:151} INFO - [2023-10-19T22:19:20.245+0200] {dag.py:2915} INFO - Sync 1 DAGs
[2023-10-19T22:19:20.249+0200] {logging_mixin.py:151} INFO - [2023-10-19T22:19:20.249+0200] {dag.py:3696} INFO - Setting next_dagrun for tutorial_taskflow_api to None, run_after=None
[2023-10-19T22:19:20.255+0200] {processor.py:179} INFO - Processing /Users/nick/Desktop/airflow_dic/venv/lib/python3.11/site-packages/airflow/example_dags/tutorial_taskflow_api.py took 0.085 seconds
[2023-10-19T22:19:59.254+0200] {processor.py:157} INFO - Started process (PID=29063) to work on /Users/nick/Desktop/airflow_dic/venv/lib/python3.11/site-packages/airflow/example_dags/tutorial_taskflow_api.py
[2023-10-19T22:19:59.255+0200] {processor.py:829} INFO - Processing file /Users/nick/Desktop/airflow_dic/venv/lib/python3.11/site-packages/airflow/example_dags/tutorial_taskflow_api.py for tasks to queue
[2023-10-19T22:19:59.255+0200] {logging_mixin.py:151} INFO - [2023-10-19T22:19:59.255+0200] {dagbag.py:539} INFO - Filling up the DagBag from /Users/nick/Desktop/airflow_dic/venv/lib/python3.11/site-packages/airflow/example_dags/tutorial_taskflow_api.py
[2023-10-19T22:19:59.274+0200] {processor.py:839} INFO - DAG(s) dict_keys(['tutorial_taskflow_api']) retrieved from /Users/nick/Desktop/airflow_dic/venv/lib/python3.11/site-packages/airflow/example_dags/tutorial_taskflow_api.py
[2023-10-19T22:19:59.327+0200] {logging_mixin.py:151} INFO - [2023-10-19T22:19:59.327+0200] {dag.py:2915} INFO - Sync 1 DAGs
[2023-10-19T22:19:59.330+0200] {logging_mixin.py:151} INFO - [2023-10-19T22:19:59.330+0200] {dag.py:3696} INFO - Setting next_dagrun for tutorial_taskflow_api to None, run_after=None
[2023-10-19T22:19:59.337+0200] {processor.py:179} INFO - Processing /Users/nick/Desktop/airflow_dic/venv/lib/python3.11/site-packages/airflow/example_dags/tutorial_taskflow_api.py took 0.083 seconds
[2023-10-19T22:21:03.395+0200] {processor.py:157} INFO - Started process (PID=29192) to work on /Users/nick/Desktop/airflow_dic/venv/lib/python3.11/site-packages/airflow/example_dags/tutorial_taskflow_api.py
[2023-10-19T22:21:03.397+0200] {processor.py:829} INFO - Processing file /Users/nick/Desktop/airflow_dic/venv/lib/python3.11/site-packages/airflow/example_dags/tutorial_taskflow_api.py for tasks to queue
[2023-10-19T22:21:03.397+0200] {logging_mixin.py:151} INFO - [2023-10-19T22:21:03.397+0200] {dagbag.py:539} INFO - Filling up the DagBag from /Users/nick/Desktop/airflow_dic/venv/lib/python3.11/site-packages/airflow/example_dags/tutorial_taskflow_api.py
[2023-10-19T22:21:03.416+0200] {processor.py:839} INFO - DAG(s) dict_keys(['tutorial_taskflow_api']) retrieved from /Users/nick/Desktop/airflow_dic/venv/lib/python3.11/site-packages/airflow/example_dags/tutorial_taskflow_api.py
[2023-10-19T22:21:03.470+0200] {logging_mixin.py:151} INFO - [2023-10-19T22:21:03.469+0200] {dag.py:2915} INFO - Sync 1 DAGs
[2023-10-19T22:21:03.473+0200] {logging_mixin.py:151} INFO - [2023-10-19T22:21:03.473+0200] {dag.py:3696} INFO - Setting next_dagrun for tutorial_taskflow_api to None, run_after=None
[2023-10-19T22:21:03.479+0200] {processor.py:179} INFO - Processing /Users/nick/Desktop/airflow_dic/venv/lib/python3.11/site-packages/airflow/example_dags/tutorial_taskflow_api.py took 0.085 seconds
[2023-10-19T22:22:14.596+0200] {processor.py:157} INFO - Started process (PID=29338) to work on /Users/nick/Desktop/airflow_dic/venv/lib/python3.11/site-packages/airflow/example_dags/tutorial_taskflow_api.py
[2023-10-19T22:22:14.597+0200] {processor.py:829} INFO - Processing file /Users/nick/Desktop/airflow_dic/venv/lib/python3.11/site-packages/airflow/example_dags/tutorial_taskflow_api.py for tasks to queue
[2023-10-19T22:22:14.597+0200] {logging_mixin.py:151} INFO - [2023-10-19T22:22:14.597+0200] {dagbag.py:539} INFO - Filling up the DagBag from /Users/nick/Desktop/airflow_dic/venv/lib/python3.11/site-packages/airflow/example_dags/tutorial_taskflow_api.py
[2023-10-19T22:22:14.619+0200] {processor.py:839} INFO - DAG(s) dict_keys(['tutorial_taskflow_api']) retrieved from /Users/nick/Desktop/airflow_dic/venv/lib/python3.11/site-packages/airflow/example_dags/tutorial_taskflow_api.py
[2023-10-19T22:22:14.681+0200] {logging_mixin.py:151} INFO - [2023-10-19T22:22:14.681+0200] {dag.py:2915} INFO - Sync 1 DAGs
[2023-10-19T22:22:14.685+0200] {logging_mixin.py:151} INFO - [2023-10-19T22:22:14.685+0200] {dag.py:3696} INFO - Setting next_dagrun for tutorial_taskflow_api to None, run_after=None
[2023-10-19T22:22:14.693+0200] {processor.py:179} INFO - Processing /Users/nick/Desktop/airflow_dic/venv/lib/python3.11/site-packages/airflow/example_dags/tutorial_taskflow_api.py took 0.097 seconds
[2023-10-19T22:22:56.347+0200] {processor.py:157} INFO - Started process (PID=29421) to work on /Users/nick/Desktop/airflow_dic/venv/lib/python3.11/site-packages/airflow/example_dags/tutorial_taskflow_api.py
[2023-10-19T22:22:56.349+0200] {processor.py:829} INFO - Processing file /Users/nick/Desktop/airflow_dic/venv/lib/python3.11/site-packages/airflow/example_dags/tutorial_taskflow_api.py for tasks to queue
[2023-10-19T22:22:56.349+0200] {logging_mixin.py:151} INFO - [2023-10-19T22:22:56.349+0200] {dagbag.py:539} INFO - Filling up the DagBag from /Users/nick/Desktop/airflow_dic/venv/lib/python3.11/site-packages/airflow/example_dags/tutorial_taskflow_api.py
[2023-10-19T22:22:56.369+0200] {processor.py:839} INFO - DAG(s) dict_keys(['tutorial_taskflow_api']) retrieved from /Users/nick/Desktop/airflow_dic/venv/lib/python3.11/site-packages/airflow/example_dags/tutorial_taskflow_api.py
[2023-10-19T22:22:56.423+0200] {logging_mixin.py:151} INFO - [2023-10-19T22:22:56.423+0200] {dag.py:2915} INFO - Sync 1 DAGs
[2023-10-19T22:22:56.426+0200] {logging_mixin.py:151} INFO - [2023-10-19T22:22:56.426+0200] {dag.py:3696} INFO - Setting next_dagrun for tutorial_taskflow_api to None, run_after=None
[2023-10-19T22:22:56.432+0200] {processor.py:179} INFO - Processing /Users/nick/Desktop/airflow_dic/venv/lib/python3.11/site-packages/airflow/example_dags/tutorial_taskflow_api.py took 0.085 seconds
[2023-10-19T22:23:59.929+0200] {processor.py:157} INFO - Started process (PID=29548) to work on /Users/nick/Desktop/airflow_dic/venv/lib/python3.11/site-packages/airflow/example_dags/tutorial_taskflow_api.py
[2023-10-19T22:23:59.930+0200] {processor.py:829} INFO - Processing file /Users/nick/Desktop/airflow_dic/venv/lib/python3.11/site-packages/airflow/example_dags/tutorial_taskflow_api.py for tasks to queue
[2023-10-19T22:23:59.931+0200] {logging_mixin.py:151} INFO - [2023-10-19T22:23:59.931+0200] {dagbag.py:539} INFO - Filling up the DagBag from /Users/nick/Desktop/airflow_dic/venv/lib/python3.11/site-packages/airflow/example_dags/tutorial_taskflow_api.py
[2023-10-19T22:23:59.951+0200] {processor.py:839} INFO - DAG(s) dict_keys(['tutorial_taskflow_api']) retrieved from /Users/nick/Desktop/airflow_dic/venv/lib/python3.11/site-packages/airflow/example_dags/tutorial_taskflow_api.py
[2023-10-19T22:24:00.009+0200] {logging_mixin.py:151} INFO - [2023-10-19T22:24:00.009+0200] {dag.py:2915} INFO - Sync 1 DAGs
[2023-10-19T22:24:00.012+0200] {logging_mixin.py:151} INFO - [2023-10-19T22:24:00.012+0200] {dag.py:3696} INFO - Setting next_dagrun for tutorial_taskflow_api to None, run_after=None
[2023-10-19T22:24:00.020+0200] {processor.py:179} INFO - Processing /Users/nick/Desktop/airflow_dic/venv/lib/python3.11/site-packages/airflow/example_dags/tutorial_taskflow_api.py took 0.091 seconds
[2023-10-19T22:25:01.780+0200] {processor.py:157} INFO - Started process (PID=29686) to work on /Users/nick/Desktop/airflow_dic/venv/lib/python3.11/site-packages/airflow/example_dags/tutorial_taskflow_api.py
[2023-10-19T22:25:01.782+0200] {processor.py:829} INFO - Processing file /Users/nick/Desktop/airflow_dic/venv/lib/python3.11/site-packages/airflow/example_dags/tutorial_taskflow_api.py for tasks to queue
[2023-10-19T22:25:01.782+0200] {logging_mixin.py:151} INFO - [2023-10-19T22:25:01.782+0200] {dagbag.py:539} INFO - Filling up the DagBag from /Users/nick/Desktop/airflow_dic/venv/lib/python3.11/site-packages/airflow/example_dags/tutorial_taskflow_api.py
[2023-10-19T22:25:01.804+0200] {processor.py:839} INFO - DAG(s) dict_keys(['tutorial_taskflow_api']) retrieved from /Users/nick/Desktop/airflow_dic/venv/lib/python3.11/site-packages/airflow/example_dags/tutorial_taskflow_api.py
[2023-10-19T22:25:01.864+0200] {logging_mixin.py:151} INFO - [2023-10-19T22:25:01.864+0200] {dag.py:2915} INFO - Sync 1 DAGs
[2023-10-19T22:25:01.868+0200] {logging_mixin.py:151} INFO - [2023-10-19T22:25:01.868+0200] {dag.py:3696} INFO - Setting next_dagrun for tutorial_taskflow_api to None, run_after=None
[2023-10-19T22:25:01.874+0200] {processor.py:179} INFO - Processing /Users/nick/Desktop/airflow_dic/venv/lib/python3.11/site-packages/airflow/example_dags/tutorial_taskflow_api.py took 0.095 seconds
[2023-10-19T22:26:13.104+0200] {processor.py:157} INFO - Started process (PID=31693) to work on /Users/nick/Desktop/airflow_dic/venv/lib/python3.11/site-packages/airflow/example_dags/tutorial_taskflow_api.py
[2023-10-19T22:26:13.106+0200] {processor.py:829} INFO - Processing file /Users/nick/Desktop/airflow_dic/venv/lib/python3.11/site-packages/airflow/example_dags/tutorial_taskflow_api.py for tasks to queue
[2023-10-19T22:26:13.106+0200] {logging_mixin.py:151} INFO - [2023-10-19T22:26:13.106+0200] {dagbag.py:539} INFO - Filling up the DagBag from /Users/nick/Desktop/airflow_dic/venv/lib/python3.11/site-packages/airflow/example_dags/tutorial_taskflow_api.py
[2023-10-19T22:26:13.126+0200] {processor.py:839} INFO - DAG(s) dict_keys(['tutorial_taskflow_api']) retrieved from /Users/nick/Desktop/airflow_dic/venv/lib/python3.11/site-packages/airflow/example_dags/tutorial_taskflow_api.py
[2023-10-19T22:26:13.183+0200] {logging_mixin.py:151} INFO - [2023-10-19T22:26:13.182+0200] {dag.py:2915} INFO - Sync 1 DAGs
[2023-10-19T22:26:13.186+0200] {logging_mixin.py:151} INFO - [2023-10-19T22:26:13.186+0200] {dag.py:3696} INFO - Setting next_dagrun for tutorial_taskflow_api to None, run_after=None
[2023-10-19T22:26:13.193+0200] {processor.py:179} INFO - Processing /Users/nick/Desktop/airflow_dic/venv/lib/python3.11/site-packages/airflow/example_dags/tutorial_taskflow_api.py took 0.089 seconds
[2023-10-19T22:26:58.954+0200] {processor.py:157} INFO - Started process (PID=31779) to work on /Users/nick/Desktop/airflow_dic/venv/lib/python3.11/site-packages/airflow/example_dags/tutorial_taskflow_api.py
[2023-10-19T22:26:58.955+0200] {processor.py:829} INFO - Processing file /Users/nick/Desktop/airflow_dic/venv/lib/python3.11/site-packages/airflow/example_dags/tutorial_taskflow_api.py for tasks to queue
[2023-10-19T22:26:58.956+0200] {logging_mixin.py:151} INFO - [2023-10-19T22:26:58.956+0200] {dagbag.py:539} INFO - Filling up the DagBag from /Users/nick/Desktop/airflow_dic/venv/lib/python3.11/site-packages/airflow/example_dags/tutorial_taskflow_api.py
[2023-10-19T22:26:58.975+0200] {processor.py:839} INFO - DAG(s) dict_keys(['tutorial_taskflow_api']) retrieved from /Users/nick/Desktop/airflow_dic/venv/lib/python3.11/site-packages/airflow/example_dags/tutorial_taskflow_api.py
[2023-10-19T22:26:59.247+0200] {logging_mixin.py:151} INFO - [2023-10-19T22:26:59.246+0200] {security.py:708} INFO - Not syncing DAG-level permissions for DAG 'DAG:tutorial_taskflow_api' as access control is unset.
[2023-10-19T22:26:59.247+0200] {logging_mixin.py:151} INFO - [2023-10-19T22:26:59.247+0200] {dag.py:2915} INFO - Sync 1 DAGs
[2023-10-19T22:26:59.249+0200] {logging_mixin.py:151} INFO - [2023-10-19T22:26:59.249+0200] {dag.py:2937} INFO - Creating ORM DAG for tutorial_taskflow_api
[2023-10-19T22:26:59.249+0200] {logging_mixin.py:151} INFO - [2023-10-19T22:26:59.249+0200] {dag.py:3696} INFO - Setting next_dagrun for tutorial_taskflow_api to None, run_after=None
[2023-10-19T22:26:59.256+0200] {processor.py:179} INFO - Processing /Users/nick/Desktop/airflow_dic/venv/lib/python3.11/site-packages/airflow/example_dags/tutorial_taskflow_api.py took 0.302 seconds
[2023-10-19T22:27:19.316+0200] {processor.py:157} INFO - Started process (PID=31822) to work on /Users/nick/Desktop/airflow_dic/venv/lib/python3.11/site-packages/airflow/example_dags/tutorial_taskflow_api.py
[2023-10-19T22:27:19.318+0200] {processor.py:829} INFO - Processing file /Users/nick/Desktop/airflow_dic/venv/lib/python3.11/site-packages/airflow/example_dags/tutorial_taskflow_api.py for tasks to queue
[2023-10-19T22:27:19.318+0200] {logging_mixin.py:151} INFO - [2023-10-19T22:27:19.318+0200] {dagbag.py:539} INFO - Filling up the DagBag from /Users/nick/Desktop/airflow_dic/venv/lib/python3.11/site-packages/airflow/example_dags/tutorial_taskflow_api.py
[2023-10-19T22:27:19.338+0200] {processor.py:839} INFO - DAG(s) dict_keys(['tutorial_taskflow_api']) retrieved from /Users/nick/Desktop/airflow_dic/venv/lib/python3.11/site-packages/airflow/example_dags/tutorial_taskflow_api.py
[2023-10-19T22:27:19.352+0200] {logging_mixin.py:151} INFO - [2023-10-19T22:27:19.352+0200] {dag.py:2915} INFO - Sync 1 DAGs
[2023-10-19T22:27:19.379+0200] {logging_mixin.py:151} INFO - [2023-10-19T22:27:19.379+0200] {dag.py:3696} INFO - Setting next_dagrun for tutorial_taskflow_api to None, run_after=None
[2023-10-19T22:27:19.386+0200] {processor.py:179} INFO - Processing /Users/nick/Desktop/airflow_dic/venv/lib/python3.11/site-packages/airflow/example_dags/tutorial_taskflow_api.py took 0.070 seconds
[2023-10-19T22:28:35.190+0200] {processor.py:157} INFO - Started process (PID=31959) to work on /Users/nick/Desktop/airflow_dic/venv/lib/python3.11/site-packages/airflow/example_dags/tutorial_taskflow_api.py
[2023-10-19T22:28:35.191+0200] {processor.py:829} INFO - Processing file /Users/nick/Desktop/airflow_dic/venv/lib/python3.11/site-packages/airflow/example_dags/tutorial_taskflow_api.py for tasks to queue
[2023-10-19T22:28:35.191+0200] {logging_mixin.py:151} INFO - [2023-10-19T22:28:35.191+0200] {dagbag.py:539} INFO - Filling up the DagBag from /Users/nick/Desktop/airflow_dic/venv/lib/python3.11/site-packages/airflow/example_dags/tutorial_taskflow_api.py
[2023-10-19T22:28:35.210+0200] {processor.py:839} INFO - DAG(s) dict_keys(['tutorial_taskflow_api']) retrieved from /Users/nick/Desktop/airflow_dic/venv/lib/python3.11/site-packages/airflow/example_dags/tutorial_taskflow_api.py
[2023-10-19T22:28:35.264+0200] {logging_mixin.py:151} INFO - [2023-10-19T22:28:35.264+0200] {dag.py:2915} INFO - Sync 1 DAGs
[2023-10-19T22:28:35.267+0200] {logging_mixin.py:151} INFO - [2023-10-19T22:28:35.267+0200] {dag.py:3696} INFO - Setting next_dagrun for tutorial_taskflow_api to None, run_after=None
[2023-10-19T22:28:35.273+0200] {processor.py:179} INFO - Processing /Users/nick/Desktop/airflow_dic/venv/lib/python3.11/site-packages/airflow/example_dags/tutorial_taskflow_api.py took 0.084 seconds
[2023-10-19T22:29:13.341+0200] {processor.py:157} INFO - Started process (PID=32053) to work on /Users/nick/Desktop/airflow_dic/venv/lib/python3.11/site-packages/airflow/example_dags/tutorial_taskflow_api.py
[2023-10-19T22:29:13.343+0200] {processor.py:829} INFO - Processing file /Users/nick/Desktop/airflow_dic/venv/lib/python3.11/site-packages/airflow/example_dags/tutorial_taskflow_api.py for tasks to queue
[2023-10-19T22:29:13.343+0200] {logging_mixin.py:151} INFO - [2023-10-19T22:29:13.343+0200] {dagbag.py:539} INFO - Filling up the DagBag from /Users/nick/Desktop/airflow_dic/venv/lib/python3.11/site-packages/airflow/example_dags/tutorial_taskflow_api.py
[2023-10-19T22:29:13.366+0200] {processor.py:839} INFO - DAG(s) dict_keys(['tutorial_taskflow_api']) retrieved from /Users/nick/Desktop/airflow_dic/venv/lib/python3.11/site-packages/airflow/example_dags/tutorial_taskflow_api.py
[2023-10-19T22:29:13.428+0200] {logging_mixin.py:151} INFO - [2023-10-19T22:29:13.427+0200] {dag.py:2915} INFO - Sync 1 DAGs
[2023-10-19T22:29:13.432+0200] {logging_mixin.py:151} INFO - [2023-10-19T22:29:13.432+0200] {dag.py:3696} INFO - Setting next_dagrun for tutorial_taskflow_api to None, run_after=None
[2023-10-19T22:29:13.439+0200] {processor.py:179} INFO - Processing /Users/nick/Desktop/airflow_dic/venv/lib/python3.11/site-packages/airflow/example_dags/tutorial_taskflow_api.py took 0.098 seconds
[2023-10-19T22:30:17.972+0200] {processor.py:157} INFO - Started process (PID=32173) to work on /Users/nick/Desktop/airflow_dic/venv/lib/python3.11/site-packages/airflow/example_dags/tutorial_taskflow_api.py
[2023-10-19T22:30:17.974+0200] {processor.py:829} INFO - Processing file /Users/nick/Desktop/airflow_dic/venv/lib/python3.11/site-packages/airflow/example_dags/tutorial_taskflow_api.py for tasks to queue
[2023-10-19T22:30:17.974+0200] {logging_mixin.py:151} INFO - [2023-10-19T22:30:17.974+0200] {dagbag.py:539} INFO - Filling up the DagBag from /Users/nick/Desktop/airflow_dic/venv/lib/python3.11/site-packages/airflow/example_dags/tutorial_taskflow_api.py
[2023-10-19T22:30:17.993+0200] {processor.py:839} INFO - DAG(s) dict_keys(['tutorial_taskflow_api']) retrieved from /Users/nick/Desktop/airflow_dic/venv/lib/python3.11/site-packages/airflow/example_dags/tutorial_taskflow_api.py
[2023-10-19T22:30:18.046+0200] {logging_mixin.py:151} INFO - [2023-10-19T22:30:18.046+0200] {dag.py:2915} INFO - Sync 1 DAGs
[2023-10-19T22:30:18.050+0200] {logging_mixin.py:151} INFO - [2023-10-19T22:30:18.050+0200] {dag.py:3696} INFO - Setting next_dagrun for tutorial_taskflow_api to None, run_after=None
[2023-10-19T22:30:18.056+0200] {processor.py:179} INFO - Processing /Users/nick/Desktop/airflow_dic/venv/lib/python3.11/site-packages/airflow/example_dags/tutorial_taskflow_api.py took 0.084 seconds
[2023-10-19T22:30:43.073+0200] {processor.py:157} INFO - Started process (PID=32226) to work on /Users/nick/Desktop/airflow_dic/venv/lib/python3.11/site-packages/airflow/example_dags/tutorial_taskflow_api.py
[2023-10-19T22:30:43.074+0200] {processor.py:829} INFO - Processing file /Users/nick/Desktop/airflow_dic/venv/lib/python3.11/site-packages/airflow/example_dags/tutorial_taskflow_api.py for tasks to queue
[2023-10-19T22:30:43.075+0200] {logging_mixin.py:151} INFO - [2023-10-19T22:30:43.074+0200] {dagbag.py:539} INFO - Filling up the DagBag from /Users/nick/Desktop/airflow_dic/venv/lib/python3.11/site-packages/airflow/example_dags/tutorial_taskflow_api.py
[2023-10-19T22:30:43.094+0200] {processor.py:839} INFO - DAG(s) dict_keys(['tutorial_taskflow_api']) retrieved from /Users/nick/Desktop/airflow_dic/venv/lib/python3.11/site-packages/airflow/example_dags/tutorial_taskflow_api.py
[2023-10-19T22:30:43.147+0200] {logging_mixin.py:151} INFO - [2023-10-19T22:30:43.147+0200] {dag.py:2915} INFO - Sync 1 DAGs
[2023-10-19T22:30:43.151+0200] {logging_mixin.py:151} INFO - [2023-10-19T22:30:43.151+0200] {dag.py:3696} INFO - Setting next_dagrun for tutorial_taskflow_api to None, run_after=None
[2023-10-19T22:30:43.157+0200] {processor.py:179} INFO - Processing /Users/nick/Desktop/airflow_dic/venv/lib/python3.11/site-packages/airflow/example_dags/tutorial_taskflow_api.py took 0.084 seconds
[2023-10-19T22:31:01.506+0200] {processor.py:157} INFO - Started process (PID=32268) to work on /Users/nick/Desktop/airflow_dic/venv/lib/python3.11/site-packages/airflow/example_dags/tutorial_taskflow_api.py
[2023-10-19T22:31:01.508+0200] {processor.py:829} INFO - Processing file /Users/nick/Desktop/airflow_dic/venv/lib/python3.11/site-packages/airflow/example_dags/tutorial_taskflow_api.py for tasks to queue
[2023-10-19T22:31:01.508+0200] {logging_mixin.py:151} INFO - [2023-10-19T22:31:01.508+0200] {dagbag.py:539} INFO - Filling up the DagBag from /Users/nick/Desktop/airflow_dic/venv/lib/python3.11/site-packages/airflow/example_dags/tutorial_taskflow_api.py
[2023-10-19T22:31:01.530+0200] {processor.py:839} INFO - DAG(s) dict_keys(['tutorial_taskflow_api']) retrieved from /Users/nick/Desktop/airflow_dic/venv/lib/python3.11/site-packages/airflow/example_dags/tutorial_taskflow_api.py
[2023-10-19T22:31:01.587+0200] {logging_mixin.py:151} INFO - [2023-10-19T22:31:01.587+0200] {dag.py:2915} INFO - Sync 1 DAGs
[2023-10-19T22:31:01.591+0200] {logging_mixin.py:151} INFO - [2023-10-19T22:31:01.591+0200] {dag.py:3696} INFO - Setting next_dagrun for tutorial_taskflow_api to None, run_after=None
[2023-10-19T22:31:01.598+0200] {processor.py:179} INFO - Processing /Users/nick/Desktop/airflow_dic/venv/lib/python3.11/site-packages/airflow/example_dags/tutorial_taskflow_api.py took 0.092 seconds
[2023-10-19T22:32:05.282+0200] {processor.py:157} INFO - Started process (PID=32383) to work on /Users/nick/Desktop/airflow_dic/venv/lib/python3.11/site-packages/airflow/example_dags/tutorial_taskflow_api.py
[2023-10-19T22:32:05.283+0200] {processor.py:829} INFO - Processing file /Users/nick/Desktop/airflow_dic/venv/lib/python3.11/site-packages/airflow/example_dags/tutorial_taskflow_api.py for tasks to queue
[2023-10-19T22:32:05.284+0200] {logging_mixin.py:151} INFO - [2023-10-19T22:32:05.284+0200] {dagbag.py:539} INFO - Filling up the DagBag from /Users/nick/Desktop/airflow_dic/venv/lib/python3.11/site-packages/airflow/example_dags/tutorial_taskflow_api.py
[2023-10-19T22:32:05.304+0200] {processor.py:839} INFO - DAG(s) dict_keys(['tutorial_taskflow_api']) retrieved from /Users/nick/Desktop/airflow_dic/venv/lib/python3.11/site-packages/airflow/example_dags/tutorial_taskflow_api.py
[2023-10-19T22:32:05.361+0200] {logging_mixin.py:151} INFO - [2023-10-19T22:32:05.361+0200] {dag.py:2915} INFO - Sync 1 DAGs
[2023-10-19T22:32:05.365+0200] {logging_mixin.py:151} INFO - [2023-10-19T22:32:05.365+0200] {dag.py:3696} INFO - Setting next_dagrun for tutorial_taskflow_api to None, run_after=None
[2023-10-19T22:32:05.372+0200] {processor.py:179} INFO - Processing /Users/nick/Desktop/airflow_dic/venv/lib/python3.11/site-packages/airflow/example_dags/tutorial_taskflow_api.py took 0.090 seconds
[2023-10-19T22:33:13.398+0200] {processor.py:157} INFO - Started process (PID=32508) to work on /Users/nick/Desktop/airflow_dic/venv/lib/python3.11/site-packages/airflow/example_dags/tutorial_taskflow_api.py
[2023-10-19T22:33:13.400+0200] {processor.py:829} INFO - Processing file /Users/nick/Desktop/airflow_dic/venv/lib/python3.11/site-packages/airflow/example_dags/tutorial_taskflow_api.py for tasks to queue
[2023-10-19T22:33:13.400+0200] {logging_mixin.py:151} INFO - [2023-10-19T22:33:13.400+0200] {dagbag.py:539} INFO - Filling up the DagBag from /Users/nick/Desktop/airflow_dic/venv/lib/python3.11/site-packages/airflow/example_dags/tutorial_taskflow_api.py
[2023-10-19T22:33:13.421+0200] {processor.py:839} INFO - DAG(s) dict_keys(['tutorial_taskflow_api']) retrieved from /Users/nick/Desktop/airflow_dic/venv/lib/python3.11/site-packages/airflow/example_dags/tutorial_taskflow_api.py
[2023-10-19T22:33:13.480+0200] {logging_mixin.py:151} INFO - [2023-10-19T22:33:13.480+0200] {dag.py:2915} INFO - Sync 1 DAGs
[2023-10-19T22:33:13.485+0200] {logging_mixin.py:151} INFO - [2023-10-19T22:33:13.484+0200] {dag.py:3696} INFO - Setting next_dagrun for tutorial_taskflow_api to None, run_after=None
[2023-10-19T22:33:13.492+0200] {processor.py:179} INFO - Processing /Users/nick/Desktop/airflow_dic/venv/lib/python3.11/site-packages/airflow/example_dags/tutorial_taskflow_api.py took 0.094 seconds
[2023-10-19T22:34:24.231+0200] {processor.py:157} INFO - Started process (PID=32649) to work on /Users/nick/Desktop/airflow_dic/venv/lib/python3.11/site-packages/airflow/example_dags/tutorial_taskflow_api.py
[2023-10-19T22:34:24.233+0200] {processor.py:829} INFO - Processing file /Users/nick/Desktop/airflow_dic/venv/lib/python3.11/site-packages/airflow/example_dags/tutorial_taskflow_api.py for tasks to queue
[2023-10-19T22:34:24.234+0200] {logging_mixin.py:151} INFO - [2023-10-19T22:34:24.234+0200] {dagbag.py:539} INFO - Filling up the DagBag from /Users/nick/Desktop/airflow_dic/venv/lib/python3.11/site-packages/airflow/example_dags/tutorial_taskflow_api.py
[2023-10-19T22:34:24.253+0200] {processor.py:839} INFO - DAG(s) dict_keys(['tutorial_taskflow_api']) retrieved from /Users/nick/Desktop/airflow_dic/venv/lib/python3.11/site-packages/airflow/example_dags/tutorial_taskflow_api.py
[2023-10-19T22:34:24.306+0200] {logging_mixin.py:151} INFO - [2023-10-19T22:34:24.306+0200] {dag.py:2915} INFO - Sync 1 DAGs
[2023-10-19T22:34:24.309+0200] {logging_mixin.py:151} INFO - [2023-10-19T22:34:24.309+0200] {dag.py:3696} INFO - Setting next_dagrun for tutorial_taskflow_api to None, run_after=None
[2023-10-19T22:34:24.316+0200] {processor.py:179} INFO - Processing /Users/nick/Desktop/airflow_dic/venv/lib/python3.11/site-packages/airflow/example_dags/tutorial_taskflow_api.py took 0.085 seconds
[2023-10-19T22:35:31.581+0200] {processor.py:157} INFO - Started process (PID=32817) to work on /Users/nick/Desktop/airflow_dic/venv/lib/python3.11/site-packages/airflow/example_dags/tutorial_taskflow_api.py
[2023-10-19T22:35:31.584+0200] {processor.py:829} INFO - Processing file /Users/nick/Desktop/airflow_dic/venv/lib/python3.11/site-packages/airflow/example_dags/tutorial_taskflow_api.py for tasks to queue
[2023-10-19T22:35:31.584+0200] {logging_mixin.py:151} INFO - [2023-10-19T22:35:31.584+0200] {dagbag.py:539} INFO - Filling up the DagBag from /Users/nick/Desktop/airflow_dic/venv/lib/python3.11/site-packages/airflow/example_dags/tutorial_taskflow_api.py
[2023-10-19T22:35:31.603+0200] {processor.py:839} INFO - DAG(s) dict_keys(['tutorial_taskflow_api']) retrieved from /Users/nick/Desktop/airflow_dic/venv/lib/python3.11/site-packages/airflow/example_dags/tutorial_taskflow_api.py
[2023-10-19T22:35:31.657+0200] {logging_mixin.py:151} INFO - [2023-10-19T22:35:31.657+0200] {dag.py:2915} INFO - Sync 1 DAGs
[2023-10-19T22:35:31.660+0200] {logging_mixin.py:151} INFO - [2023-10-19T22:35:31.660+0200] {dag.py:3696} INFO - Setting next_dagrun for tutorial_taskflow_api to None, run_after=None
[2023-10-19T22:35:31.666+0200] {processor.py:179} INFO - Processing /Users/nick/Desktop/airflow_dic/venv/lib/python3.11/site-packages/airflow/example_dags/tutorial_taskflow_api.py took 0.085 seconds
[2023-10-19T22:36:41.341+0200] {processor.py:157} INFO - Started process (PID=32949) to work on /Users/nick/Desktop/airflow_dic/venv/lib/python3.11/site-packages/airflow/example_dags/tutorial_taskflow_api.py
[2023-10-19T22:36:41.343+0200] {processor.py:829} INFO - Processing file /Users/nick/Desktop/airflow_dic/venv/lib/python3.11/site-packages/airflow/example_dags/tutorial_taskflow_api.py for tasks to queue
[2023-10-19T22:36:41.343+0200] {logging_mixin.py:151} INFO - [2023-10-19T22:36:41.343+0200] {dagbag.py:539} INFO - Filling up the DagBag from /Users/nick/Desktop/airflow_dic/venv/lib/python3.11/site-packages/airflow/example_dags/tutorial_taskflow_api.py
[2023-10-19T22:36:41.362+0200] {processor.py:839} INFO - DAG(s) dict_keys(['tutorial_taskflow_api']) retrieved from /Users/nick/Desktop/airflow_dic/venv/lib/python3.11/site-packages/airflow/example_dags/tutorial_taskflow_api.py
[2023-10-19T22:36:41.416+0200] {logging_mixin.py:151} INFO - [2023-10-19T22:36:41.415+0200] {dag.py:2915} INFO - Sync 1 DAGs
[2023-10-19T22:36:41.419+0200] {logging_mixin.py:151} INFO - [2023-10-19T22:36:41.419+0200] {dag.py:3696} INFO - Setting next_dagrun for tutorial_taskflow_api to None, run_after=None
[2023-10-19T22:36:41.425+0200] {processor.py:179} INFO - Processing /Users/nick/Desktop/airflow_dic/venv/lib/python3.11/site-packages/airflow/example_dags/tutorial_taskflow_api.py took 0.084 seconds
[2023-10-19T22:37:49.275+0200] {processor.py:157} INFO - Started process (PID=33077) to work on /Users/nick/Desktop/airflow_dic/venv/lib/python3.11/site-packages/airflow/example_dags/tutorial_taskflow_api.py
[2023-10-19T22:37:49.276+0200] {processor.py:829} INFO - Processing file /Users/nick/Desktop/airflow_dic/venv/lib/python3.11/site-packages/airflow/example_dags/tutorial_taskflow_api.py for tasks to queue
[2023-10-19T22:37:49.276+0200] {logging_mixin.py:151} INFO - [2023-10-19T22:37:49.276+0200] {dagbag.py:539} INFO - Filling up the DagBag from /Users/nick/Desktop/airflow_dic/venv/lib/python3.11/site-packages/airflow/example_dags/tutorial_taskflow_api.py
[2023-10-19T22:37:49.295+0200] {processor.py:839} INFO - DAG(s) dict_keys(['tutorial_taskflow_api']) retrieved from /Users/nick/Desktop/airflow_dic/venv/lib/python3.11/site-packages/airflow/example_dags/tutorial_taskflow_api.py
[2023-10-19T22:37:49.351+0200] {logging_mixin.py:151} INFO - [2023-10-19T22:37:49.351+0200] {dag.py:2915} INFO - Sync 1 DAGs
[2023-10-19T22:37:49.355+0200] {logging_mixin.py:151} INFO - [2023-10-19T22:37:49.354+0200] {dag.py:3696} INFO - Setting next_dagrun for tutorial_taskflow_api to None, run_after=None
[2023-10-19T22:37:49.361+0200] {processor.py:179} INFO - Processing /Users/nick/Desktop/airflow_dic/venv/lib/python3.11/site-packages/airflow/example_dags/tutorial_taskflow_api.py took 0.086 seconds
[2023-10-19T22:38:55.893+0200] {processor.py:157} INFO - Started process (PID=33204) to work on /Users/nick/Desktop/airflow_dic/venv/lib/python3.11/site-packages/airflow/example_dags/tutorial_taskflow_api.py
[2023-10-19T22:38:55.894+0200] {processor.py:829} INFO - Processing file /Users/nick/Desktop/airflow_dic/venv/lib/python3.11/site-packages/airflow/example_dags/tutorial_taskflow_api.py for tasks to queue
[2023-10-19T22:38:55.894+0200] {logging_mixin.py:151} INFO - [2023-10-19T22:38:55.894+0200] {dagbag.py:539} INFO - Filling up the DagBag from /Users/nick/Desktop/airflow_dic/venv/lib/python3.11/site-packages/airflow/example_dags/tutorial_taskflow_api.py
[2023-10-19T22:38:55.913+0200] {processor.py:839} INFO - DAG(s) dict_keys(['tutorial_taskflow_api']) retrieved from /Users/nick/Desktop/airflow_dic/venv/lib/python3.11/site-packages/airflow/example_dags/tutorial_taskflow_api.py
[2023-10-19T22:38:55.967+0200] {logging_mixin.py:151} INFO - [2023-10-19T22:38:55.967+0200] {dag.py:2915} INFO - Sync 1 DAGs
[2023-10-19T22:38:55.970+0200] {logging_mixin.py:151} INFO - [2023-10-19T22:38:55.970+0200] {dag.py:3696} INFO - Setting next_dagrun for tutorial_taskflow_api to None, run_after=None
[2023-10-19T22:38:55.977+0200] {processor.py:179} INFO - Processing /Users/nick/Desktop/airflow_dic/venv/lib/python3.11/site-packages/airflow/example_dags/tutorial_taskflow_api.py took 0.084 seconds
[2023-10-19T22:40:02.163+0200] {processor.py:157} INFO - Started process (PID=33327) to work on /Users/nick/Desktop/airflow_dic/venv/lib/python3.11/site-packages/airflow/example_dags/tutorial_taskflow_api.py
[2023-10-19T22:40:02.165+0200] {processor.py:829} INFO - Processing file /Users/nick/Desktop/airflow_dic/venv/lib/python3.11/site-packages/airflow/example_dags/tutorial_taskflow_api.py for tasks to queue
[2023-10-19T22:40:02.165+0200] {logging_mixin.py:151} INFO - [2023-10-19T22:40:02.165+0200] {dagbag.py:539} INFO - Filling up the DagBag from /Users/nick/Desktop/airflow_dic/venv/lib/python3.11/site-packages/airflow/example_dags/tutorial_taskflow_api.py
[2023-10-19T22:40:02.184+0200] {processor.py:839} INFO - DAG(s) dict_keys(['tutorial_taskflow_api']) retrieved from /Users/nick/Desktop/airflow_dic/venv/lib/python3.11/site-packages/airflow/example_dags/tutorial_taskflow_api.py
[2023-10-19T22:40:02.236+0200] {logging_mixin.py:151} INFO - [2023-10-19T22:40:02.236+0200] {dag.py:2915} INFO - Sync 1 DAGs
[2023-10-19T22:40:02.240+0200] {logging_mixin.py:151} INFO - [2023-10-19T22:40:02.239+0200] {dag.py:3696} INFO - Setting next_dagrun for tutorial_taskflow_api to None, run_after=None
[2023-10-19T22:40:02.246+0200] {processor.py:179} INFO - Processing /Users/nick/Desktop/airflow_dic/venv/lib/python3.11/site-packages/airflow/example_dags/tutorial_taskflow_api.py took 0.083 seconds
[2023-10-19T22:41:12.178+0200] {processor.py:157} INFO - Started process (PID=33455) to work on /Users/nick/Desktop/airflow_dic/venv/lib/python3.11/site-packages/airflow/example_dags/tutorial_taskflow_api.py
[2023-10-19T22:41:12.180+0200] {processor.py:829} INFO - Processing file /Users/nick/Desktop/airflow_dic/venv/lib/python3.11/site-packages/airflow/example_dags/tutorial_taskflow_api.py for tasks to queue
[2023-10-19T22:41:12.180+0200] {logging_mixin.py:151} INFO - [2023-10-19T22:41:12.180+0200] {dagbag.py:539} INFO - Filling up the DagBag from /Users/nick/Desktop/airflow_dic/venv/lib/python3.11/site-packages/airflow/example_dags/tutorial_taskflow_api.py
[2023-10-19T22:41:12.199+0200] {processor.py:839} INFO - DAG(s) dict_keys(['tutorial_taskflow_api']) retrieved from /Users/nick/Desktop/airflow_dic/venv/lib/python3.11/site-packages/airflow/example_dags/tutorial_taskflow_api.py
[2023-10-19T22:41:12.252+0200] {logging_mixin.py:151} INFO - [2023-10-19T22:41:12.252+0200] {dag.py:2915} INFO - Sync 1 DAGs
[2023-10-19T22:41:12.256+0200] {logging_mixin.py:151} INFO - [2023-10-19T22:41:12.256+0200] {dag.py:3696} INFO - Setting next_dagrun for tutorial_taskflow_api to None, run_after=None
[2023-10-19T22:41:12.262+0200] {processor.py:179} INFO - Processing /Users/nick/Desktop/airflow_dic/venv/lib/python3.11/site-packages/airflow/example_dags/tutorial_taskflow_api.py took 0.084 seconds
[2023-10-19T22:42:22.535+0200] {processor.py:157} INFO - Started process (PID=33588) to work on /Users/nick/Desktop/airflow_dic/venv/lib/python3.11/site-packages/airflow/example_dags/tutorial_taskflow_api.py
[2023-10-19T22:42:22.536+0200] {processor.py:829} INFO - Processing file /Users/nick/Desktop/airflow_dic/venv/lib/python3.11/site-packages/airflow/example_dags/tutorial_taskflow_api.py for tasks to queue
[2023-10-19T22:42:22.536+0200] {logging_mixin.py:151} INFO - [2023-10-19T22:42:22.536+0200] {dagbag.py:539} INFO - Filling up the DagBag from /Users/nick/Desktop/airflow_dic/venv/lib/python3.11/site-packages/airflow/example_dags/tutorial_taskflow_api.py
[2023-10-19T22:42:22.557+0200] {processor.py:839} INFO - DAG(s) dict_keys(['tutorial_taskflow_api']) retrieved from /Users/nick/Desktop/airflow_dic/venv/lib/python3.11/site-packages/airflow/example_dags/tutorial_taskflow_api.py
[2023-10-19T22:42:22.610+0200] {logging_mixin.py:151} INFO - [2023-10-19T22:42:22.610+0200] {dag.py:2915} INFO - Sync 1 DAGs
[2023-10-19T22:42:22.614+0200] {logging_mixin.py:151} INFO - [2023-10-19T22:42:22.614+0200] {dag.py:3696} INFO - Setting next_dagrun for tutorial_taskflow_api to None, run_after=None
[2023-10-19T22:42:22.620+0200] {processor.py:179} INFO - Processing /Users/nick/Desktop/airflow_dic/venv/lib/python3.11/site-packages/airflow/example_dags/tutorial_taskflow_api.py took 0.085 seconds
[2023-10-19T22:43:31.610+0200] {processor.py:157} INFO - Started process (PID=33712) to work on /Users/nick/Desktop/airflow_dic/venv/lib/python3.11/site-packages/airflow/example_dags/tutorial_taskflow_api.py
[2023-10-19T22:43:31.611+0200] {processor.py:829} INFO - Processing file /Users/nick/Desktop/airflow_dic/venv/lib/python3.11/site-packages/airflow/example_dags/tutorial_taskflow_api.py for tasks to queue
[2023-10-19T22:43:31.612+0200] {logging_mixin.py:151} INFO - [2023-10-19T22:43:31.612+0200] {dagbag.py:539} INFO - Filling up the DagBag from /Users/nick/Desktop/airflow_dic/venv/lib/python3.11/site-packages/airflow/example_dags/tutorial_taskflow_api.py
[2023-10-19T22:43:31.631+0200] {processor.py:839} INFO - DAG(s) dict_keys(['tutorial_taskflow_api']) retrieved from /Users/nick/Desktop/airflow_dic/venv/lib/python3.11/site-packages/airflow/example_dags/tutorial_taskflow_api.py
[2023-10-19T22:43:31.697+0200] {logging_mixin.py:151} INFO - [2023-10-19T22:43:31.696+0200] {dag.py:2915} INFO - Sync 1 DAGs
[2023-10-19T22:43:31.701+0200] {logging_mixin.py:151} INFO - [2023-10-19T22:43:31.700+0200] {dag.py:3696} INFO - Setting next_dagrun for tutorial_taskflow_api to None, run_after=None
[2023-10-19T22:43:31.707+0200] {processor.py:179} INFO - Processing /Users/nick/Desktop/airflow_dic/venv/lib/python3.11/site-packages/airflow/example_dags/tutorial_taskflow_api.py took 0.098 seconds
[2023-10-19T22:44:42.755+0200] {processor.py:157} INFO - Started process (PID=33851) to work on /Users/nick/Desktop/airflow_dic/venv/lib/python3.11/site-packages/airflow/example_dags/tutorial_taskflow_api.py
[2023-10-19T22:44:42.757+0200] {processor.py:829} INFO - Processing file /Users/nick/Desktop/airflow_dic/venv/lib/python3.11/site-packages/airflow/example_dags/tutorial_taskflow_api.py for tasks to queue
[2023-10-19T22:44:42.757+0200] {logging_mixin.py:151} INFO - [2023-10-19T22:44:42.757+0200] {dagbag.py:539} INFO - Filling up the DagBag from /Users/nick/Desktop/airflow_dic/venv/lib/python3.11/site-packages/airflow/example_dags/tutorial_taskflow_api.py
[2023-10-19T22:44:42.776+0200] {processor.py:839} INFO - DAG(s) dict_keys(['tutorial_taskflow_api']) retrieved from /Users/nick/Desktop/airflow_dic/venv/lib/python3.11/site-packages/airflow/example_dags/tutorial_taskflow_api.py
[2023-10-19T22:44:42.828+0200] {logging_mixin.py:151} INFO - [2023-10-19T22:44:42.828+0200] {dag.py:2915} INFO - Sync 1 DAGs
[2023-10-19T22:44:42.832+0200] {logging_mixin.py:151} INFO - [2023-10-19T22:44:42.832+0200] {dag.py:3696} INFO - Setting next_dagrun for tutorial_taskflow_api to None, run_after=None
[2023-10-19T22:44:42.838+0200] {processor.py:179} INFO - Processing /Users/nick/Desktop/airflow_dic/venv/lib/python3.11/site-packages/airflow/example_dags/tutorial_taskflow_api.py took 0.084 seconds
[2023-10-19T22:45:25.384+0200] {processor.py:157} INFO - Started process (PID=33941) to work on /Users/nick/Desktop/airflow_dic/venv/lib/python3.11/site-packages/airflow/example_dags/tutorial_taskflow_api.py
[2023-10-19T22:45:25.386+0200] {processor.py:829} INFO - Processing file /Users/nick/Desktop/airflow_dic/venv/lib/python3.11/site-packages/airflow/example_dags/tutorial_taskflow_api.py for tasks to queue
[2023-10-19T22:45:25.386+0200] {logging_mixin.py:151} INFO - [2023-10-19T22:45:25.386+0200] {dagbag.py:539} INFO - Filling up the DagBag from /Users/nick/Desktop/airflow_dic/venv/lib/python3.11/site-packages/airflow/example_dags/tutorial_taskflow_api.py
[2023-10-19T22:45:25.407+0200] {processor.py:839} INFO - DAG(s) dict_keys(['tutorial_taskflow_api']) retrieved from /Users/nick/Desktop/airflow_dic/venv/lib/python3.11/site-packages/airflow/example_dags/tutorial_taskflow_api.py
[2023-10-19T22:45:25.467+0200] {logging_mixin.py:151} INFO - [2023-10-19T22:45:25.467+0200] {dag.py:2915} INFO - Sync 1 DAGs
[2023-10-19T22:45:25.471+0200] {logging_mixin.py:151} INFO - [2023-10-19T22:45:25.471+0200] {dag.py:3696} INFO - Setting next_dagrun for tutorial_taskflow_api to None, run_after=None
[2023-10-19T22:45:25.478+0200] {processor.py:179} INFO - Processing /Users/nick/Desktop/airflow_dic/venv/lib/python3.11/site-packages/airflow/example_dags/tutorial_taskflow_api.py took 0.094 seconds
[2023-10-19T22:46:30.690+0200] {processor.py:157} INFO - Started process (PID=34074) to work on /Users/nick/Desktop/airflow_dic/venv/lib/python3.11/site-packages/airflow/example_dags/tutorial_taskflow_api.py
[2023-10-19T22:46:30.692+0200] {processor.py:829} INFO - Processing file /Users/nick/Desktop/airflow_dic/venv/lib/python3.11/site-packages/airflow/example_dags/tutorial_taskflow_api.py for tasks to queue
[2023-10-19T22:46:30.692+0200] {logging_mixin.py:151} INFO - [2023-10-19T22:46:30.692+0200] {dagbag.py:539} INFO - Filling up the DagBag from /Users/nick/Desktop/airflow_dic/venv/lib/python3.11/site-packages/airflow/example_dags/tutorial_taskflow_api.py
[2023-10-19T22:46:30.712+0200] {processor.py:839} INFO - DAG(s) dict_keys(['tutorial_taskflow_api']) retrieved from /Users/nick/Desktop/airflow_dic/venv/lib/python3.11/site-packages/airflow/example_dags/tutorial_taskflow_api.py
[2023-10-19T22:46:30.772+0200] {logging_mixin.py:151} INFO - [2023-10-19T22:46:30.771+0200] {dag.py:2915} INFO - Sync 1 DAGs
[2023-10-19T22:46:30.775+0200] {logging_mixin.py:151} INFO - [2023-10-19T22:46:30.775+0200] {dag.py:3696} INFO - Setting next_dagrun for tutorial_taskflow_api to None, run_after=None
[2023-10-19T22:46:30.783+0200] {processor.py:179} INFO - Processing /Users/nick/Desktop/airflow_dic/venv/lib/python3.11/site-packages/airflow/example_dags/tutorial_taskflow_api.py took 0.093 seconds
[2023-10-19T22:47:38.044+0200] {processor.py:157} INFO - Started process (PID=34198) to work on /Users/nick/Desktop/airflow_dic/venv/lib/python3.11/site-packages/airflow/example_dags/tutorial_taskflow_api.py
[2023-10-19T22:47:38.046+0200] {processor.py:829} INFO - Processing file /Users/nick/Desktop/airflow_dic/venv/lib/python3.11/site-packages/airflow/example_dags/tutorial_taskflow_api.py for tasks to queue
[2023-10-19T22:47:38.046+0200] {logging_mixin.py:151} INFO - [2023-10-19T22:47:38.046+0200] {dagbag.py:539} INFO - Filling up the DagBag from /Users/nick/Desktop/airflow_dic/venv/lib/python3.11/site-packages/airflow/example_dags/tutorial_taskflow_api.py
[2023-10-19T22:47:38.065+0200] {processor.py:839} INFO - DAG(s) dict_keys(['tutorial_taskflow_api']) retrieved from /Users/nick/Desktop/airflow_dic/venv/lib/python3.11/site-packages/airflow/example_dags/tutorial_taskflow_api.py
[2023-10-19T22:47:38.118+0200] {logging_mixin.py:151} INFO - [2023-10-19T22:47:38.118+0200] {dag.py:2915} INFO - Sync 1 DAGs
[2023-10-19T22:47:38.122+0200] {logging_mixin.py:151} INFO - [2023-10-19T22:47:38.122+0200] {dag.py:3696} INFO - Setting next_dagrun for tutorial_taskflow_api to None, run_after=None
[2023-10-19T22:47:38.128+0200] {processor.py:179} INFO - Processing /Users/nick/Desktop/airflow_dic/venv/lib/python3.11/site-packages/airflow/example_dags/tutorial_taskflow_api.py took 0.084 seconds
[2023-10-19T22:48:47.808+0200] {processor.py:157} INFO - Started process (PID=34335) to work on /Users/nick/Desktop/airflow_dic/venv/lib/python3.11/site-packages/airflow/example_dags/tutorial_taskflow_api.py
[2023-10-19T22:48:47.810+0200] {processor.py:829} INFO - Processing file /Users/nick/Desktop/airflow_dic/venv/lib/python3.11/site-packages/airflow/example_dags/tutorial_taskflow_api.py for tasks to queue
[2023-10-19T22:48:47.810+0200] {logging_mixin.py:151} INFO - [2023-10-19T22:48:47.810+0200] {dagbag.py:539} INFO - Filling up the DagBag from /Users/nick/Desktop/airflow_dic/venv/lib/python3.11/site-packages/airflow/example_dags/tutorial_taskflow_api.py
[2023-10-19T22:48:47.831+0200] {processor.py:839} INFO - DAG(s) dict_keys(['tutorial_taskflow_api']) retrieved from /Users/nick/Desktop/airflow_dic/venv/lib/python3.11/site-packages/airflow/example_dags/tutorial_taskflow_api.py
[2023-10-19T22:48:47.886+0200] {logging_mixin.py:151} INFO - [2023-10-19T22:48:47.886+0200] {dag.py:2915} INFO - Sync 1 DAGs
[2023-10-19T22:48:47.889+0200] {logging_mixin.py:151} INFO - [2023-10-19T22:48:47.889+0200] {dag.py:3696} INFO - Setting next_dagrun for tutorial_taskflow_api to None, run_after=None
[2023-10-19T22:48:47.896+0200] {processor.py:179} INFO - Processing /Users/nick/Desktop/airflow_dic/venv/lib/python3.11/site-packages/airflow/example_dags/tutorial_taskflow_api.py took 0.088 seconds
[2023-10-19T22:49:57.324+0200] {processor.py:157} INFO - Started process (PID=34471) to work on /Users/nick/Desktop/airflow_dic/venv/lib/python3.11/site-packages/airflow/example_dags/tutorial_taskflow_api.py
[2023-10-19T22:49:57.325+0200] {processor.py:829} INFO - Processing file /Users/nick/Desktop/airflow_dic/venv/lib/python3.11/site-packages/airflow/example_dags/tutorial_taskflow_api.py for tasks to queue
[2023-10-19T22:49:57.325+0200] {logging_mixin.py:151} INFO - [2023-10-19T22:49:57.325+0200] {dagbag.py:539} INFO - Filling up the DagBag from /Users/nick/Desktop/airflow_dic/venv/lib/python3.11/site-packages/airflow/example_dags/tutorial_taskflow_api.py
[2023-10-19T22:49:57.344+0200] {processor.py:839} INFO - DAG(s) dict_keys(['tutorial_taskflow_api']) retrieved from /Users/nick/Desktop/airflow_dic/venv/lib/python3.11/site-packages/airflow/example_dags/tutorial_taskflow_api.py
[2023-10-19T22:49:57.398+0200] {logging_mixin.py:151} INFO - [2023-10-19T22:49:57.398+0200] {dag.py:2915} INFO - Sync 1 DAGs
[2023-10-19T22:49:57.401+0200] {logging_mixin.py:151} INFO - [2023-10-19T22:49:57.401+0200] {dag.py:3696} INFO - Setting next_dagrun for tutorial_taskflow_api to None, run_after=None
[2023-10-19T22:49:57.408+0200] {processor.py:179} INFO - Processing /Users/nick/Desktop/airflow_dic/venv/lib/python3.11/site-packages/airflow/example_dags/tutorial_taskflow_api.py took 0.084 seconds
[2023-10-19T22:53:23.842+0200] {processor.py:157} INFO - Started process (PID=34781) to work on /Users/nick/Desktop/airflow_dic/venv/lib/python3.11/site-packages/airflow/example_dags/tutorial_taskflow_api.py
[2023-10-19T22:53:23.843+0200] {processor.py:829} INFO - Processing file /Users/nick/Desktop/airflow_dic/venv/lib/python3.11/site-packages/airflow/example_dags/tutorial_taskflow_api.py for tasks to queue
[2023-10-19T22:53:23.844+0200] {logging_mixin.py:151} INFO - [2023-10-19T22:53:23.843+0200] {dagbag.py:539} INFO - Filling up the DagBag from /Users/nick/Desktop/airflow_dic/venv/lib/python3.11/site-packages/airflow/example_dags/tutorial_taskflow_api.py
[2023-10-19T22:53:23.862+0200] {processor.py:839} INFO - DAG(s) dict_keys(['tutorial_taskflow_api']) retrieved from /Users/nick/Desktop/airflow_dic/venv/lib/python3.11/site-packages/airflow/example_dags/tutorial_taskflow_api.py
[2023-10-19T22:53:23.915+0200] {logging_mixin.py:151} INFO - [2023-10-19T22:53:23.915+0200] {dag.py:2915} INFO - Sync 1 DAGs
[2023-10-19T22:53:23.919+0200] {logging_mixin.py:151} INFO - [2023-10-19T22:53:23.919+0200] {dag.py:3696} INFO - Setting next_dagrun for tutorial_taskflow_api to None, run_after=None
[2023-10-19T22:53:23.925+0200] {processor.py:179} INFO - Processing /Users/nick/Desktop/airflow_dic/venv/lib/python3.11/site-packages/airflow/example_dags/tutorial_taskflow_api.py took 0.083 seconds
[2023-10-19T22:54:27.553+0200] {processor.py:157} INFO - Started process (PID=34909) to work on /Users/nick/Desktop/airflow_dic/venv/lib/python3.11/site-packages/airflow/example_dags/tutorial_taskflow_api.py
[2023-10-19T22:54:27.555+0200] {processor.py:829} INFO - Processing file /Users/nick/Desktop/airflow_dic/venv/lib/python3.11/site-packages/airflow/example_dags/tutorial_taskflow_api.py for tasks to queue
[2023-10-19T22:54:27.555+0200] {logging_mixin.py:151} INFO - [2023-10-19T22:54:27.555+0200] {dagbag.py:539} INFO - Filling up the DagBag from /Users/nick/Desktop/airflow_dic/venv/lib/python3.11/site-packages/airflow/example_dags/tutorial_taskflow_api.py
[2023-10-19T22:54:27.574+0200] {processor.py:839} INFO - DAG(s) dict_keys(['tutorial_taskflow_api']) retrieved from /Users/nick/Desktop/airflow_dic/venv/lib/python3.11/site-packages/airflow/example_dags/tutorial_taskflow_api.py
[2023-10-19T22:54:27.632+0200] {logging_mixin.py:151} INFO - [2023-10-19T22:54:27.632+0200] {dag.py:2915} INFO - Sync 1 DAGs
[2023-10-19T22:54:27.635+0200] {logging_mixin.py:151} INFO - [2023-10-19T22:54:27.635+0200] {dag.py:3696} INFO - Setting next_dagrun for tutorial_taskflow_api to None, run_after=None
[2023-10-19T22:54:27.642+0200] {processor.py:179} INFO - Processing /Users/nick/Desktop/airflow_dic/venv/lib/python3.11/site-packages/airflow/example_dags/tutorial_taskflow_api.py took 0.089 seconds
[2023-10-19T22:55:34.032+0200] {processor.py:157} INFO - Started process (PID=35052) to work on /Users/nick/Desktop/airflow_dic/venv/lib/python3.11/site-packages/airflow/example_dags/tutorial_taskflow_api.py
[2023-10-19T22:55:34.034+0200] {processor.py:829} INFO - Processing file /Users/nick/Desktop/airflow_dic/venv/lib/python3.11/site-packages/airflow/example_dags/tutorial_taskflow_api.py for tasks to queue
[2023-10-19T22:55:34.034+0200] {logging_mixin.py:151} INFO - [2023-10-19T22:55:34.034+0200] {dagbag.py:539} INFO - Filling up the DagBag from /Users/nick/Desktop/airflow_dic/venv/lib/python3.11/site-packages/airflow/example_dags/tutorial_taskflow_api.py
[2023-10-19T22:55:34.053+0200] {processor.py:839} INFO - DAG(s) dict_keys(['tutorial_taskflow_api']) retrieved from /Users/nick/Desktop/airflow_dic/venv/lib/python3.11/site-packages/airflow/example_dags/tutorial_taskflow_api.py
[2023-10-19T22:55:34.107+0200] {logging_mixin.py:151} INFO - [2023-10-19T22:55:34.107+0200] {dag.py:2915} INFO - Sync 1 DAGs
[2023-10-19T22:55:34.110+0200] {logging_mixin.py:151} INFO - [2023-10-19T22:55:34.110+0200] {dag.py:3696} INFO - Setting next_dagrun for tutorial_taskflow_api to None, run_after=None
[2023-10-19T22:55:34.116+0200] {processor.py:179} INFO - Processing /Users/nick/Desktop/airflow_dic/venv/lib/python3.11/site-packages/airflow/example_dags/tutorial_taskflow_api.py took 0.084 seconds
[2023-10-19T22:56:44.186+0200] {processor.py:157} INFO - Started process (PID=35191) to work on /Users/nick/Desktop/airflow_dic/venv/lib/python3.11/site-packages/airflow/example_dags/tutorial_taskflow_api.py
[2023-10-19T22:56:44.187+0200] {processor.py:829} INFO - Processing file /Users/nick/Desktop/airflow_dic/venv/lib/python3.11/site-packages/airflow/example_dags/tutorial_taskflow_api.py for tasks to queue
[2023-10-19T22:56:44.188+0200] {logging_mixin.py:151} INFO - [2023-10-19T22:56:44.187+0200] {dagbag.py:539} INFO - Filling up the DagBag from /Users/nick/Desktop/airflow_dic/venv/lib/python3.11/site-packages/airflow/example_dags/tutorial_taskflow_api.py
[2023-10-19T22:56:44.207+0200] {processor.py:839} INFO - DAG(s) dict_keys(['tutorial_taskflow_api']) retrieved from /Users/nick/Desktop/airflow_dic/venv/lib/python3.11/site-packages/airflow/example_dags/tutorial_taskflow_api.py
[2023-10-19T22:56:44.260+0200] {logging_mixin.py:151} INFO - [2023-10-19T22:56:44.260+0200] {dag.py:2915} INFO - Sync 1 DAGs
[2023-10-19T22:56:44.263+0200] {logging_mixin.py:151} INFO - [2023-10-19T22:56:44.263+0200] {dag.py:3696} INFO - Setting next_dagrun for tutorial_taskflow_api to None, run_after=None
[2023-10-19T22:56:44.269+0200] {processor.py:179} INFO - Processing /Users/nick/Desktop/airflow_dic/venv/lib/python3.11/site-packages/airflow/example_dags/tutorial_taskflow_api.py took 0.084 seconds
[2023-10-19T22:57:51.168+0200] {processor.py:157} INFO - Started process (PID=35318) to work on /Users/nick/Desktop/airflow_dic/venv/lib/python3.11/site-packages/airflow/example_dags/tutorial_taskflow_api.py
[2023-10-19T22:57:51.169+0200] {processor.py:829} INFO - Processing file /Users/nick/Desktop/airflow_dic/venv/lib/python3.11/site-packages/airflow/example_dags/tutorial_taskflow_api.py for tasks to queue
[2023-10-19T22:57:51.170+0200] {logging_mixin.py:151} INFO - [2023-10-19T22:57:51.170+0200] {dagbag.py:539} INFO - Filling up the DagBag from /Users/nick/Desktop/airflow_dic/venv/lib/python3.11/site-packages/airflow/example_dags/tutorial_taskflow_api.py
[2023-10-19T22:57:51.188+0200] {processor.py:839} INFO - DAG(s) dict_keys(['tutorial_taskflow_api']) retrieved from /Users/nick/Desktop/airflow_dic/venv/lib/python3.11/site-packages/airflow/example_dags/tutorial_taskflow_api.py
[2023-10-19T22:57:51.241+0200] {logging_mixin.py:151} INFO - [2023-10-19T22:57:51.241+0200] {dag.py:2915} INFO - Sync 1 DAGs
[2023-10-19T22:57:51.245+0200] {logging_mixin.py:151} INFO - [2023-10-19T22:57:51.244+0200] {dag.py:3696} INFO - Setting next_dagrun for tutorial_taskflow_api to None, run_after=None
[2023-10-19T22:57:51.251+0200] {processor.py:179} INFO - Processing /Users/nick/Desktop/airflow_dic/venv/lib/python3.11/site-packages/airflow/example_dags/tutorial_taskflow_api.py took 0.083 seconds
[2023-10-19T22:58:57.437+0200] {processor.py:157} INFO - Started process (PID=35452) to work on /Users/nick/Desktop/airflow_dic/venv/lib/python3.11/site-packages/airflow/example_dags/tutorial_taskflow_api.py
[2023-10-19T22:58:57.439+0200] {processor.py:829} INFO - Processing file /Users/nick/Desktop/airflow_dic/venv/lib/python3.11/site-packages/airflow/example_dags/tutorial_taskflow_api.py for tasks to queue
[2023-10-19T22:58:57.439+0200] {logging_mixin.py:151} INFO - [2023-10-19T22:58:57.439+0200] {dagbag.py:539} INFO - Filling up the DagBag from /Users/nick/Desktop/airflow_dic/venv/lib/python3.11/site-packages/airflow/example_dags/tutorial_taskflow_api.py
[2023-10-19T22:58:57.458+0200] {processor.py:839} INFO - DAG(s) dict_keys(['tutorial_taskflow_api']) retrieved from /Users/nick/Desktop/airflow_dic/venv/lib/python3.11/site-packages/airflow/example_dags/tutorial_taskflow_api.py
[2023-10-19T22:58:57.512+0200] {logging_mixin.py:151} INFO - [2023-10-19T22:58:57.512+0200] {dag.py:2915} INFO - Sync 1 DAGs
[2023-10-19T22:58:57.516+0200] {logging_mixin.py:151} INFO - [2023-10-19T22:58:57.516+0200] {dag.py:3696} INFO - Setting next_dagrun for tutorial_taskflow_api to None, run_after=None
[2023-10-19T22:58:57.523+0200] {processor.py:179} INFO - Processing /Users/nick/Desktop/airflow_dic/venv/lib/python3.11/site-packages/airflow/example_dags/tutorial_taskflow_api.py took 0.086 seconds
[2023-10-19T22:59:55.005+0200] {processor.py:157} INFO - Started process (PID=35575) to work on /Users/nick/Desktop/airflow_dic/venv/lib/python3.11/site-packages/airflow/example_dags/tutorial_taskflow_api.py
[2023-10-19T22:59:55.006+0200] {processor.py:829} INFO - Processing file /Users/nick/Desktop/airflow_dic/venv/lib/python3.11/site-packages/airflow/example_dags/tutorial_taskflow_api.py for tasks to queue
[2023-10-19T22:59:55.007+0200] {logging_mixin.py:151} INFO - [2023-10-19T22:59:55.007+0200] {dagbag.py:539} INFO - Filling up the DagBag from /Users/nick/Desktop/airflow_dic/venv/lib/python3.11/site-packages/airflow/example_dags/tutorial_taskflow_api.py
[2023-10-19T22:59:55.026+0200] {processor.py:839} INFO - DAG(s) dict_keys(['tutorial_taskflow_api']) retrieved from /Users/nick/Desktop/airflow_dic/venv/lib/python3.11/site-packages/airflow/example_dags/tutorial_taskflow_api.py
[2023-10-19T22:59:55.079+0200] {logging_mixin.py:151} INFO - [2023-10-19T22:59:55.079+0200] {dag.py:2915} INFO - Sync 1 DAGs
[2023-10-19T22:59:55.082+0200] {logging_mixin.py:151} INFO - [2023-10-19T22:59:55.082+0200] {dag.py:3696} INFO - Setting next_dagrun for tutorial_taskflow_api to None, run_after=None
[2023-10-19T22:59:55.089+0200] {processor.py:179} INFO - Processing /Users/nick/Desktop/airflow_dic/venv/lib/python3.11/site-packages/airflow/example_dags/tutorial_taskflow_api.py took 0.084 seconds
