[2024-11-04T11:05:25.824+0100] {processor.py:186} INFO - Started process (PID=17579) to work on /Users/nick/Desktop/Code/MSTeams_pipeline/airflow/lib/python3.11/site-packages/airflow/example_dags/example_dataset_alias_with_no_taskflow.py
[2024-11-04T11:05:25.824+0100] {processor.py:914} INFO - Processing file /Users/nick/Desktop/Code/MSTeams_pipeline/airflow/lib/python3.11/site-packages/airflow/example_dags/example_dataset_alias_with_no_taskflow.py for tasks to queue
[2024-11-04T11:05:25.824+0100] {logging_mixin.py:190} INFO - [2024-11-04T11:05:25.824+0100] {dagbag.py:588} INFO - Filling up the DagBag from /Users/nick/Desktop/Code/MSTeams_pipeline/airflow/lib/python3.11/site-packages/airflow/example_dags/example_dataset_alias_with_no_taskflow.py
[2024-11-04T11:05:25.874+0100] {processor.py:925} INFO - DAG(s) 'dataset_s3_bucket_consumer_with_no_taskflow', 'dataset_alias_example_alias_consumer_with_no_taskflow', 'dataset_alias_example_alias_producer_with_no_taskflow', 'dataset_s3_bucket_producer_with_no_taskflow' retrieved from /Users/nick/Desktop/Code/MSTeams_pipeline/airflow/lib/python3.11/site-packages/airflow/example_dags/example_dataset_alias_with_no_taskflow.py
[2024-11-04T11:05:25.947+0100] {logging_mixin.py:190} INFO - [2024-11-04T11:05:25.947+0100] {dag.py:3239} INFO - Sync 4 DAGs
[2024-11-04T11:05:25.953+0100] {logging_mixin.py:190} INFO - [2024-11-04T11:05:25.953+0100] {dag.py:4180} INFO - Setting next_dagrun for dataset_alias_example_alias_consumer_with_no_taskflow to None, run_after=None
[2024-11-04T11:05:25.954+0100] {logging_mixin.py:190} INFO - [2024-11-04T11:05:25.954+0100] {dag.py:4180} INFO - Setting next_dagrun for dataset_alias_example_alias_producer_with_no_taskflow to None, run_after=None
[2024-11-04T11:05:25.954+0100] {logging_mixin.py:190} INFO - [2024-11-04T11:05:25.954+0100] {dag.py:4180} INFO - Setting next_dagrun for dataset_s3_bucket_consumer_with_no_taskflow to None, run_after=None
[2024-11-04T11:05:25.954+0100] {logging_mixin.py:190} INFO - [2024-11-04T11:05:25.954+0100] {dag.py:4180} INFO - Setting next_dagrun for dataset_s3_bucket_producer_with_no_taskflow to None, run_after=None
[2024-11-04T11:05:25.961+0100] {processor.py:208} INFO - Processing /Users/nick/Desktop/Code/MSTeams_pipeline/airflow/lib/python3.11/site-packages/airflow/example_dags/example_dataset_alias_with_no_taskflow.py took 0.139 seconds
[2024-11-04T11:07:53.716+0100] {processor.py:186} INFO - Started process (PID=19315) to work on /Users/nick/Desktop/Code/MSTeams_pipeline/airflow/lib/python3.11/site-packages/airflow/example_dags/example_dataset_alias_with_no_taskflow.py
[2024-11-04T11:07:53.716+0100] {processor.py:914} INFO - Processing file /Users/nick/Desktop/Code/MSTeams_pipeline/airflow/lib/python3.11/site-packages/airflow/example_dags/example_dataset_alias_with_no_taskflow.py for tasks to queue
[2024-11-04T11:07:53.717+0100] {logging_mixin.py:190} INFO - [2024-11-04T11:07:53.717+0100] {dagbag.py:588} INFO - Filling up the DagBag from /Users/nick/Desktop/Code/MSTeams_pipeline/airflow/lib/python3.11/site-packages/airflow/example_dags/example_dataset_alias_with_no_taskflow.py
[2024-11-04T11:07:53.774+0100] {processor.py:925} INFO - DAG(s) 'dataset_alias_example_alias_consumer_with_no_taskflow', 'dataset_s3_bucket_producer_with_no_taskflow', 'dataset_alias_example_alias_producer_with_no_taskflow', 'dataset_s3_bucket_consumer_with_no_taskflow' retrieved from /Users/nick/Desktop/Code/MSTeams_pipeline/airflow/lib/python3.11/site-packages/airflow/example_dags/example_dataset_alias_with_no_taskflow.py
[2024-11-04T11:07:53.783+0100] {logging_mixin.py:190} INFO - [2024-11-04T11:07:53.783+0100] {dag.py:3239} INFO - Sync 4 DAGs
[2024-11-04T11:07:53.817+0100] {logging_mixin.py:190} INFO - [2024-11-04T11:07:53.817+0100] {dag.py:4180} INFO - Setting next_dagrun for dataset_alias_example_alias_consumer_with_no_taskflow to None, run_after=None
[2024-11-04T11:07:53.817+0100] {logging_mixin.py:190} INFO - [2024-11-04T11:07:53.817+0100] {dag.py:4180} INFO - Setting next_dagrun for dataset_alias_example_alias_producer_with_no_taskflow to None, run_after=None
[2024-11-04T11:07:53.818+0100] {logging_mixin.py:190} INFO - [2024-11-04T11:07:53.818+0100] {dag.py:4180} INFO - Setting next_dagrun for dataset_s3_bucket_consumer_with_no_taskflow to None, run_after=None
[2024-11-04T11:07:53.818+0100] {logging_mixin.py:190} INFO - [2024-11-04T11:07:53.818+0100] {dag.py:4180} INFO - Setting next_dagrun for dataset_s3_bucket_producer_with_no_taskflow to None, run_after=None
[2024-11-04T11:07:53.826+0100] {processor.py:208} INFO - Processing /Users/nick/Desktop/Code/MSTeams_pipeline/airflow/lib/python3.11/site-packages/airflow/example_dags/example_dataset_alias_with_no_taskflow.py took 0.111 seconds
[2024-11-04T11:11:39.223+0100] {processor.py:186} INFO - Started process (PID=21917) to work on /Users/nick/Desktop/Code/MSTeams_pipeline/airflow/lib/python3.11/site-packages/airflow/example_dags/example_dataset_alias_with_no_taskflow.py
[2024-11-04T11:11:39.224+0100] {processor.py:914} INFO - Processing file /Users/nick/Desktop/Code/MSTeams_pipeline/airflow/lib/python3.11/site-packages/airflow/example_dags/example_dataset_alias_with_no_taskflow.py for tasks to queue
[2024-11-04T11:11:39.224+0100] {logging_mixin.py:190} INFO - [2024-11-04T11:11:39.224+0100] {dagbag.py:588} INFO - Filling up the DagBag from /Users/nick/Desktop/Code/MSTeams_pipeline/airflow/lib/python3.11/site-packages/airflow/example_dags/example_dataset_alias_with_no_taskflow.py
[2024-11-04T11:11:39.278+0100] {processor.py:925} INFO - DAG(s) 'dataset_s3_bucket_consumer_with_no_taskflow', 'dataset_alias_example_alias_consumer_with_no_taskflow', 'dataset_alias_example_alias_producer_with_no_taskflow', 'dataset_s3_bucket_producer_with_no_taskflow' retrieved from /Users/nick/Desktop/Code/MSTeams_pipeline/airflow/lib/python3.11/site-packages/airflow/example_dags/example_dataset_alias_with_no_taskflow.py
[2024-11-04T11:11:39.287+0100] {logging_mixin.py:190} INFO - [2024-11-04T11:11:39.287+0100] {dag.py:3239} INFO - Sync 4 DAGs
[2024-11-04T11:11:39.324+0100] {logging_mixin.py:190} INFO - [2024-11-04T11:11:39.323+0100] {dag.py:4180} INFO - Setting next_dagrun for dataset_alias_example_alias_consumer_with_no_taskflow to None, run_after=None
[2024-11-04T11:11:39.324+0100] {logging_mixin.py:190} INFO - [2024-11-04T11:11:39.324+0100] {dag.py:4180} INFO - Setting next_dagrun for dataset_alias_example_alias_producer_with_no_taskflow to None, run_after=None
[2024-11-04T11:11:39.325+0100] {logging_mixin.py:190} INFO - [2024-11-04T11:11:39.325+0100] {dag.py:4180} INFO - Setting next_dagrun for dataset_s3_bucket_consumer_with_no_taskflow to None, run_after=None
[2024-11-04T11:11:39.325+0100] {logging_mixin.py:190} INFO - [2024-11-04T11:11:39.325+0100] {dag.py:4180} INFO - Setting next_dagrun for dataset_s3_bucket_producer_with_no_taskflow to None, run_after=None
[2024-11-04T11:11:39.334+0100] {processor.py:208} INFO - Processing /Users/nick/Desktop/Code/MSTeams_pipeline/airflow/lib/python3.11/site-packages/airflow/example_dags/example_dataset_alias_with_no_taskflow.py took 0.112 seconds
[2024-11-04T11:15:53.241+0100] {processor.py:186} INFO - Started process (PID=25324) to work on /Users/nick/airflow/airflow_venv/lib/python3.11/site-packages/airflow/example_dags/example_dataset_alias_with_no_taskflow.py
[2024-11-04T11:15:53.241+0100] {processor.py:914} INFO - Processing file /Users/nick/airflow/airflow_venv/lib/python3.11/site-packages/airflow/example_dags/example_dataset_alias_with_no_taskflow.py for tasks to queue
[2024-11-04T11:15:53.241+0100] {logging_mixin.py:190} INFO - [2024-11-04T11:15:53.241+0100] {dagbag.py:588} INFO - Filling up the DagBag from /Users/nick/airflow/airflow_venv/lib/python3.11/site-packages/airflow/example_dags/example_dataset_alias_with_no_taskflow.py
[2024-11-04T11:15:53.291+0100] {processor.py:925} INFO - DAG(s) 'dataset_alias_example_alias_producer_with_no_taskflow', 'dataset_s3_bucket_producer_with_no_taskflow', 'dataset_alias_example_alias_consumer_with_no_taskflow', 'dataset_s3_bucket_consumer_with_no_taskflow' retrieved from /Users/nick/airflow/airflow_venv/lib/python3.11/site-packages/airflow/example_dags/example_dataset_alias_with_no_taskflow.py
[2024-11-04T11:15:53.364+0100] {logging_mixin.py:190} INFO - [2024-11-04T11:15:53.364+0100] {dag.py:3239} INFO - Sync 4 DAGs
[2024-11-04T11:15:53.370+0100] {logging_mixin.py:190} INFO - [2024-11-04T11:15:53.370+0100] {dag.py:4180} INFO - Setting next_dagrun for dataset_alias_example_alias_consumer_with_no_taskflow to None, run_after=None
[2024-11-04T11:15:53.371+0100] {logging_mixin.py:190} INFO - [2024-11-04T11:15:53.371+0100] {dag.py:4180} INFO - Setting next_dagrun for dataset_alias_example_alias_producer_with_no_taskflow to None, run_after=None
[2024-11-04T11:15:53.371+0100] {logging_mixin.py:190} INFO - [2024-11-04T11:15:53.371+0100] {dag.py:4180} INFO - Setting next_dagrun for dataset_s3_bucket_consumer_with_no_taskflow to None, run_after=None
[2024-11-04T11:15:53.371+0100] {logging_mixin.py:190} INFO - [2024-11-04T11:15:53.371+0100] {dag.py:4180} INFO - Setting next_dagrun for dataset_s3_bucket_producer_with_no_taskflow to None, run_after=None
[2024-11-04T11:15:53.379+0100] {processor.py:208} INFO - Processing /Users/nick/airflow/airflow_venv/lib/python3.11/site-packages/airflow/example_dags/example_dataset_alias_with_no_taskflow.py took 0.140 seconds
[2024-11-04T11:17:38.742+0100] {processor.py:186} INFO - Started process (PID=26909) to work on /Users/nick/airflow/airflow_venv/lib/python3.11/site-packages/airflow/example_dags/example_dataset_alias_with_no_taskflow.py
[2024-11-04T11:17:38.742+0100] {processor.py:914} INFO - Processing file /Users/nick/airflow/airflow_venv/lib/python3.11/site-packages/airflow/example_dags/example_dataset_alias_with_no_taskflow.py for tasks to queue
[2024-11-04T11:17:38.743+0100] {logging_mixin.py:190} INFO - [2024-11-04T11:17:38.743+0100] {dagbag.py:588} INFO - Filling up the DagBag from /Users/nick/airflow/airflow_venv/lib/python3.11/site-packages/airflow/example_dags/example_dataset_alias_with_no_taskflow.py
[2024-11-04T11:17:38.792+0100] {processor.py:925} INFO - DAG(s) 'dataset_s3_bucket_producer_with_no_taskflow', 'dataset_alias_example_alias_consumer_with_no_taskflow', 'dataset_alias_example_alias_producer_with_no_taskflow', 'dataset_s3_bucket_consumer_with_no_taskflow' retrieved from /Users/nick/airflow/airflow_venv/lib/python3.11/site-packages/airflow/example_dags/example_dataset_alias_with_no_taskflow.py
[2024-11-04T11:17:38.801+0100] {logging_mixin.py:190} INFO - [2024-11-04T11:17:38.800+0100] {dag.py:3239} INFO - Sync 4 DAGs
[2024-11-04T11:17:38.831+0100] {logging_mixin.py:190} INFO - [2024-11-04T11:17:38.831+0100] {dag.py:4180} INFO - Setting next_dagrun for dataset_alias_example_alias_consumer_with_no_taskflow to None, run_after=None
[2024-11-04T11:17:38.832+0100] {logging_mixin.py:190} INFO - [2024-11-04T11:17:38.832+0100] {dag.py:4180} INFO - Setting next_dagrun for dataset_alias_example_alias_producer_with_no_taskflow to None, run_after=None
[2024-11-04T11:17:38.832+0100] {logging_mixin.py:190} INFO - [2024-11-04T11:17:38.832+0100] {dag.py:4180} INFO - Setting next_dagrun for dataset_s3_bucket_consumer_with_no_taskflow to None, run_after=None
[2024-11-04T11:17:38.832+0100] {logging_mixin.py:190} INFO - [2024-11-04T11:17:38.832+0100] {dag.py:4180} INFO - Setting next_dagrun for dataset_s3_bucket_producer_with_no_taskflow to None, run_after=None
[2024-11-04T11:17:38.839+0100] {processor.py:208} INFO - Processing /Users/nick/airflow/airflow_venv/lib/python3.11/site-packages/airflow/example_dags/example_dataset_alias_with_no_taskflow.py took 0.098 seconds
[2024-11-04T11:20:02.985+0100] {processor.py:186} INFO - Started process (PID=28618) to work on /Users/nick/airflow/airflow_venv/lib/python3.11/site-packages/airflow/example_dags/example_dataset_alias_with_no_taskflow.py
[2024-11-04T11:20:02.986+0100] {processor.py:914} INFO - Processing file /Users/nick/airflow/airflow_venv/lib/python3.11/site-packages/airflow/example_dags/example_dataset_alias_with_no_taskflow.py for tasks to queue
[2024-11-04T11:20:02.987+0100] {logging_mixin.py:190} INFO - [2024-11-04T11:20:02.986+0100] {dagbag.py:588} INFO - Filling up the DagBag from /Users/nick/airflow/airflow_venv/lib/python3.11/site-packages/airflow/example_dags/example_dataset_alias_with_no_taskflow.py
[2024-11-04T11:20:03.042+0100] {processor.py:925} INFO - DAG(s) 'dataset_s3_bucket_producer_with_no_taskflow', 'dataset_alias_example_alias_consumer_with_no_taskflow', 'dataset_s3_bucket_consumer_with_no_taskflow', 'dataset_alias_example_alias_producer_with_no_taskflow' retrieved from /Users/nick/airflow/airflow_venv/lib/python3.11/site-packages/airflow/example_dags/example_dataset_alias_with_no_taskflow.py
[2024-11-04T11:20:03.050+0100] {logging_mixin.py:190} INFO - [2024-11-04T11:20:03.050+0100] {dag.py:3239} INFO - Sync 4 DAGs
[2024-11-04T11:20:03.091+0100] {logging_mixin.py:190} INFO - [2024-11-04T11:20:03.091+0100] {dag.py:4180} INFO - Setting next_dagrun for dataset_alias_example_alias_consumer_with_no_taskflow to None, run_after=None
[2024-11-04T11:20:03.092+0100] {logging_mixin.py:190} INFO - [2024-11-04T11:20:03.092+0100] {dag.py:4180} INFO - Setting next_dagrun for dataset_alias_example_alias_producer_with_no_taskflow to None, run_after=None
[2024-11-04T11:20:03.093+0100] {logging_mixin.py:190} INFO - [2024-11-04T11:20:03.093+0100] {dag.py:4180} INFO - Setting next_dagrun for dataset_s3_bucket_consumer_with_no_taskflow to None, run_after=None
[2024-11-04T11:20:03.094+0100] {logging_mixin.py:190} INFO - [2024-11-04T11:20:03.094+0100] {dag.py:4180} INFO - Setting next_dagrun for dataset_s3_bucket_producer_with_no_taskflow to None, run_after=None
[2024-11-04T11:20:03.102+0100] {processor.py:208} INFO - Processing /Users/nick/airflow/airflow_venv/lib/python3.11/site-packages/airflow/example_dags/example_dataset_alias_with_no_taskflow.py took 0.118 seconds
[2024-11-04T11:22:35.029+0100] {processor.py:186} INFO - Started process (PID=30402) to work on /Users/nick/airflow/airflow_venv/lib/python3.11/site-packages/airflow/example_dags/example_dataset_alias_with_no_taskflow.py
[2024-11-04T11:22:35.030+0100] {processor.py:914} INFO - Processing file /Users/nick/airflow/airflow_venv/lib/python3.11/site-packages/airflow/example_dags/example_dataset_alias_with_no_taskflow.py for tasks to queue
[2024-11-04T11:22:35.030+0100] {logging_mixin.py:190} INFO - [2024-11-04T11:22:35.030+0100] {dagbag.py:588} INFO - Filling up the DagBag from /Users/nick/airflow/airflow_venv/lib/python3.11/site-packages/airflow/example_dags/example_dataset_alias_with_no_taskflow.py
[2024-11-04T11:22:35.083+0100] {processor.py:925} INFO - DAG(s) 'dataset_alias_example_alias_producer_with_no_taskflow', 'dataset_alias_example_alias_consumer_with_no_taskflow', 'dataset_s3_bucket_producer_with_no_taskflow', 'dataset_s3_bucket_consumer_with_no_taskflow' retrieved from /Users/nick/airflow/airflow_venv/lib/python3.11/site-packages/airflow/example_dags/example_dataset_alias_with_no_taskflow.py
[2024-11-04T11:22:35.092+0100] {logging_mixin.py:190} INFO - [2024-11-04T11:22:35.092+0100] {dag.py:3239} INFO - Sync 4 DAGs
[2024-11-04T11:22:35.126+0100] {logging_mixin.py:190} INFO - [2024-11-04T11:22:35.126+0100] {dag.py:4180} INFO - Setting next_dagrun for dataset_alias_example_alias_consumer_with_no_taskflow to None, run_after=None
[2024-11-04T11:22:35.127+0100] {logging_mixin.py:190} INFO - [2024-11-04T11:22:35.127+0100] {dag.py:4180} INFO - Setting next_dagrun for dataset_alias_example_alias_producer_with_no_taskflow to None, run_after=None
[2024-11-04T11:22:35.128+0100] {logging_mixin.py:190} INFO - [2024-11-04T11:22:35.128+0100] {dag.py:4180} INFO - Setting next_dagrun for dataset_s3_bucket_consumer_with_no_taskflow to None, run_after=None
[2024-11-04T11:22:35.128+0100] {logging_mixin.py:190} INFO - [2024-11-04T11:22:35.128+0100] {dag.py:4180} INFO - Setting next_dagrun for dataset_s3_bucket_producer_with_no_taskflow to None, run_after=None
[2024-11-04T11:22:35.136+0100] {processor.py:208} INFO - Processing /Users/nick/airflow/airflow_venv/lib/python3.11/site-packages/airflow/example_dags/example_dataset_alias_with_no_taskflow.py took 0.110 seconds
