[2024-11-04T11:05:01.259+0100] {processor.py:186} INFO - Started process (PID=17187) to work on /Users/nick/Desktop/Code/MSTeams_pipeline/airflow/lib/python3.11/site-packages/airflow/example_dags/example_params_ui_tutorial.py
[2024-11-04T11:05:01.259+0100] {processor.py:914} INFO - Processing file /Users/nick/Desktop/Code/MSTeams_pipeline/airflow/lib/python3.11/site-packages/airflow/example_dags/example_params_ui_tutorial.py for tasks to queue
[2024-11-04T11:05:01.259+0100] {logging_mixin.py:190} INFO - [2024-11-04T11:05:01.259+0100] {dagbag.py:588} INFO - Filling up the DagBag from /Users/nick/Desktop/Code/MSTeams_pipeline/airflow/lib/python3.11/site-packages/airflow/example_dags/example_params_ui_tutorial.py
[2024-11-04T11:05:01.274+0100] {processor.py:925} INFO - DAG(s) 'example_params_ui_tutorial' retrieved from /Users/nick/Desktop/Code/MSTeams_pipeline/airflow/lib/python3.11/site-packages/airflow/example_dags/example_params_ui_tutorial.py
[2024-11-04T11:05:01.370+0100] {logging_mixin.py:190} INFO - [2024-11-04T11:05:01.370+0100] {dag.py:3239} INFO - Sync 1 DAGs
[2024-11-04T11:05:01.374+0100] {logging_mixin.py:190} INFO - [2024-11-04T11:05:01.374+0100] {dag.py:4180} INFO - Setting next_dagrun for example_params_ui_tutorial to None, run_after=None
[2024-11-04T11:05:01.382+0100] {processor.py:208} INFO - Processing /Users/nick/Desktop/Code/MSTeams_pipeline/airflow/lib/python3.11/site-packages/airflow/example_dags/example_params_ui_tutorial.py took 0.124 seconds
[2024-11-04T11:06:46.725+0100] {processor.py:186} INFO - Started process (PID=18468) to work on /Users/nick/Desktop/Code/MSTeams_pipeline/airflow/lib/python3.11/site-packages/airflow/example_dags/example_params_ui_tutorial.py
[2024-11-04T11:06:46.726+0100] {processor.py:914} INFO - Processing file /Users/nick/Desktop/Code/MSTeams_pipeline/airflow/lib/python3.11/site-packages/airflow/example_dags/example_params_ui_tutorial.py for tasks to queue
[2024-11-04T11:06:46.726+0100] {logging_mixin.py:190} INFO - [2024-11-04T11:06:46.726+0100] {dagbag.py:588} INFO - Filling up the DagBag from /Users/nick/Desktop/Code/MSTeams_pipeline/airflow/lib/python3.11/site-packages/airflow/example_dags/example_params_ui_tutorial.py
[2024-11-04T11:06:46.740+0100] {processor.py:925} INFO - DAG(s) 'example_params_ui_tutorial' retrieved from /Users/nick/Desktop/Code/MSTeams_pipeline/airflow/lib/python3.11/site-packages/airflow/example_dags/example_params_ui_tutorial.py
[2024-11-04T11:06:46.782+0100] {logging_mixin.py:190} INFO - [2024-11-04T11:06:46.782+0100] {dag.py:3239} INFO - Sync 1 DAGs
[2024-11-04T11:06:46.813+0100] {logging_mixin.py:190} INFO - [2024-11-04T11:06:46.813+0100] {dag.py:4180} INFO - Setting next_dagrun for example_params_ui_tutorial to None, run_after=None
[2024-11-04T11:06:46.820+0100] {processor.py:208} INFO - Processing /Users/nick/Desktop/Code/MSTeams_pipeline/airflow/lib/python3.11/site-packages/airflow/example_dags/example_params_ui_tutorial.py took 0.097 seconds
[2024-11-04T11:09:12.556+0100] {processor.py:186} INFO - Started process (PID=20155) to work on /Users/nick/Desktop/Code/MSTeams_pipeline/airflow/lib/python3.11/site-packages/airflow/example_dags/example_params_ui_tutorial.py
[2024-11-04T11:09:12.557+0100] {processor.py:914} INFO - Processing file /Users/nick/Desktop/Code/MSTeams_pipeline/airflow/lib/python3.11/site-packages/airflow/example_dags/example_params_ui_tutorial.py for tasks to queue
[2024-11-04T11:09:12.558+0100] {logging_mixin.py:190} INFO - [2024-11-04T11:09:12.557+0100] {dagbag.py:588} INFO - Filling up the DagBag from /Users/nick/Desktop/Code/MSTeams_pipeline/airflow/lib/python3.11/site-packages/airflow/example_dags/example_params_ui_tutorial.py
[2024-11-04T11:09:12.571+0100] {processor.py:925} INFO - DAG(s) 'example_params_ui_tutorial' retrieved from /Users/nick/Desktop/Code/MSTeams_pipeline/airflow/lib/python3.11/site-packages/airflow/example_dags/example_params_ui_tutorial.py
[2024-11-04T11:09:12.612+0100] {logging_mixin.py:190} INFO - [2024-11-04T11:09:12.612+0100] {dag.py:3239} INFO - Sync 1 DAGs
[2024-11-04T11:09:12.642+0100] {logging_mixin.py:190} INFO - [2024-11-04T11:09:12.642+0100] {dag.py:4180} INFO - Setting next_dagrun for example_params_ui_tutorial to None, run_after=None
[2024-11-04T11:09:12.649+0100] {processor.py:208} INFO - Processing /Users/nick/Desktop/Code/MSTeams_pipeline/airflow/lib/python3.11/site-packages/airflow/example_dags/example_params_ui_tutorial.py took 0.095 seconds
[2024-11-04T11:11:16.606+0100] {processor.py:186} INFO - Started process (PID=21652) to work on /Users/nick/Desktop/Code/MSTeams_pipeline/airflow/lib/python3.11/site-packages/airflow/example_dags/example_params_ui_tutorial.py
[2024-11-04T11:11:16.607+0100] {processor.py:914} INFO - Processing file /Users/nick/Desktop/Code/MSTeams_pipeline/airflow/lib/python3.11/site-packages/airflow/example_dags/example_params_ui_tutorial.py for tasks to queue
[2024-11-04T11:11:16.608+0100] {logging_mixin.py:190} INFO - [2024-11-04T11:11:16.607+0100] {dagbag.py:588} INFO - Filling up the DagBag from /Users/nick/Desktop/Code/MSTeams_pipeline/airflow/lib/python3.11/site-packages/airflow/example_dags/example_params_ui_tutorial.py
[2024-11-04T11:11:16.623+0100] {processor.py:925} INFO - DAG(s) 'example_params_ui_tutorial' retrieved from /Users/nick/Desktop/Code/MSTeams_pipeline/airflow/lib/python3.11/site-packages/airflow/example_dags/example_params_ui_tutorial.py
[2024-11-04T11:11:16.669+0100] {logging_mixin.py:190} INFO - [2024-11-04T11:11:16.669+0100] {dag.py:3239} INFO - Sync 1 DAGs
[2024-11-04T11:11:16.700+0100] {logging_mixin.py:190} INFO - [2024-11-04T11:11:16.700+0100] {dag.py:4180} INFO - Setting next_dagrun for example_params_ui_tutorial to None, run_after=None
[2024-11-04T11:11:16.707+0100] {processor.py:208} INFO - Processing /Users/nick/Desktop/Code/MSTeams_pipeline/airflow/lib/python3.11/site-packages/airflow/example_dags/example_params_ui_tutorial.py took 0.102 seconds
[2024-11-04T11:15:29.643+0100] {processor.py:186} INFO - Started process (PID=25089) to work on /Users/nick/airflow/airflow_venv/lib/python3.11/site-packages/airflow/example_dags/example_params_ui_tutorial.py
[2024-11-04T11:15:29.643+0100] {processor.py:914} INFO - Processing file /Users/nick/airflow/airflow_venv/lib/python3.11/site-packages/airflow/example_dags/example_params_ui_tutorial.py for tasks to queue
[2024-11-04T11:15:29.643+0100] {logging_mixin.py:190} INFO - [2024-11-04T11:15:29.643+0100] {dagbag.py:588} INFO - Filling up the DagBag from /Users/nick/airflow/airflow_venv/lib/python3.11/site-packages/airflow/example_dags/example_params_ui_tutorial.py
[2024-11-04T11:15:29.658+0100] {processor.py:925} INFO - DAG(s) 'example_params_ui_tutorial' retrieved from /Users/nick/airflow/airflow_venv/lib/python3.11/site-packages/airflow/example_dags/example_params_ui_tutorial.py
[2024-11-04T11:15:29.758+0100] {logging_mixin.py:190} INFO - [2024-11-04T11:15:29.758+0100] {dag.py:3239} INFO - Sync 1 DAGs
[2024-11-04T11:15:29.762+0100] {logging_mixin.py:190} INFO - [2024-11-04T11:15:29.762+0100] {dag.py:4180} INFO - Setting next_dagrun for example_params_ui_tutorial to None, run_after=None
[2024-11-04T11:15:29.771+0100] {processor.py:208} INFO - Processing /Users/nick/airflow/airflow_venv/lib/python3.11/site-packages/airflow/example_dags/example_params_ui_tutorial.py took 0.129 seconds
[2024-11-04T11:17:13.832+0100] {processor.py:186} INFO - Started process (PID=26673) to work on /Users/nick/airflow/airflow_venv/lib/python3.11/site-packages/airflow/example_dags/example_params_ui_tutorial.py
[2024-11-04T11:17:13.832+0100] {processor.py:914} INFO - Processing file /Users/nick/airflow/airflow_venv/lib/python3.11/site-packages/airflow/example_dags/example_params_ui_tutorial.py for tasks to queue
[2024-11-04T11:17:13.832+0100] {logging_mixin.py:190} INFO - [2024-11-04T11:17:13.832+0100] {dagbag.py:588} INFO - Filling up the DagBag from /Users/nick/airflow/airflow_venv/lib/python3.11/site-packages/airflow/example_dags/example_params_ui_tutorial.py
[2024-11-04T11:17:13.846+0100] {processor.py:925} INFO - DAG(s) 'example_params_ui_tutorial' retrieved from /Users/nick/airflow/airflow_venv/lib/python3.11/site-packages/airflow/example_dags/example_params_ui_tutorial.py
[2024-11-04T11:17:13.885+0100] {logging_mixin.py:190} INFO - [2024-11-04T11:17:13.885+0100] {dag.py:3239} INFO - Sync 1 DAGs
[2024-11-04T11:17:13.912+0100] {logging_mixin.py:190} INFO - [2024-11-04T11:17:13.912+0100] {dag.py:4180} INFO - Setting next_dagrun for example_params_ui_tutorial to None, run_after=None
[2024-11-04T11:17:13.919+0100] {processor.py:208} INFO - Processing /Users/nick/airflow/airflow_venv/lib/python3.11/site-packages/airflow/example_dags/example_params_ui_tutorial.py took 0.088 seconds
[2024-11-04T11:19:38.019+0100] {processor.py:186} INFO - Started process (PID=28376) to work on /Users/nick/airflow/airflow_venv/lib/python3.11/site-packages/airflow/example_dags/example_params_ui_tutorial.py
[2024-11-04T11:19:38.020+0100] {processor.py:914} INFO - Processing file /Users/nick/airflow/airflow_venv/lib/python3.11/site-packages/airflow/example_dags/example_params_ui_tutorial.py for tasks to queue
[2024-11-04T11:19:38.020+0100] {logging_mixin.py:190} INFO - [2024-11-04T11:19:38.020+0100] {dagbag.py:588} INFO - Filling up the DagBag from /Users/nick/airflow/airflow_venv/lib/python3.11/site-packages/airflow/example_dags/example_params_ui_tutorial.py
[2024-11-04T11:19:38.034+0100] {processor.py:925} INFO - DAG(s) 'example_params_ui_tutorial' retrieved from /Users/nick/airflow/airflow_venv/lib/python3.11/site-packages/airflow/example_dags/example_params_ui_tutorial.py
[2024-11-04T11:19:38.080+0100] {logging_mixin.py:190} INFO - [2024-11-04T11:19:38.080+0100] {dag.py:3239} INFO - Sync 1 DAGs
[2024-11-04T11:19:38.112+0100] {logging_mixin.py:190} INFO - [2024-11-04T11:19:38.112+0100] {dag.py:4180} INFO - Setting next_dagrun for example_params_ui_tutorial to None, run_after=None
[2024-11-04T11:19:38.120+0100] {processor.py:208} INFO - Processing /Users/nick/airflow/airflow_venv/lib/python3.11/site-packages/airflow/example_dags/example_params_ui_tutorial.py took 0.102 seconds
[2024-11-04T11:22:09.879+0100] {processor.py:186} INFO - Started process (PID=30058) to work on /Users/nick/airflow/airflow_venv/lib/python3.11/site-packages/airflow/example_dags/example_params_ui_tutorial.py
[2024-11-04T11:22:09.880+0100] {processor.py:914} INFO - Processing file /Users/nick/airflow/airflow_venv/lib/python3.11/site-packages/airflow/example_dags/example_params_ui_tutorial.py for tasks to queue
[2024-11-04T11:22:09.880+0100] {logging_mixin.py:190} INFO - [2024-11-04T11:22:09.880+0100] {dagbag.py:588} INFO - Filling up the DagBag from /Users/nick/airflow/airflow_venv/lib/python3.11/site-packages/airflow/example_dags/example_params_ui_tutorial.py
[2024-11-04T11:22:09.894+0100] {processor.py:925} INFO - DAG(s) 'example_params_ui_tutorial' retrieved from /Users/nick/airflow/airflow_venv/lib/python3.11/site-packages/airflow/example_dags/example_params_ui_tutorial.py
[2024-11-04T11:22:09.938+0100] {logging_mixin.py:190} INFO - [2024-11-04T11:22:09.938+0100] {dag.py:3239} INFO - Sync 1 DAGs
[2024-11-04T11:22:09.971+0100] {logging_mixin.py:190} INFO - [2024-11-04T11:22:09.970+0100] {dag.py:4180} INFO - Setting next_dagrun for example_params_ui_tutorial to None, run_after=None
[2024-11-04T11:22:09.984+0100] {processor.py:208} INFO - Processing /Users/nick/airflow/airflow_venv/lib/python3.11/site-packages/airflow/example_dags/example_params_ui_tutorial.py took 0.106 seconds
