[2024-11-04T11:04:48.378+0100] {processor.py:186} INFO - Started process (PID=17040) to work on /Users/nick/Desktop/Code/MSTeams_pipeline/airflow/lib/python3.11/site-packages/airflow/example_dags/example_setup_teardown_taskflow.py
[2024-11-04T11:04:48.378+0100] {processor.py:914} INFO - Processing file /Users/nick/Desktop/Code/MSTeams_pipeline/airflow/lib/python3.11/site-packages/airflow/example_dags/example_setup_teardown_taskflow.py for tasks to queue
[2024-11-04T11:04:48.378+0100] {logging_mixin.py:190} INFO - [2024-11-04T11:04:48.378+0100] {dagbag.py:588} INFO - Filling up the DagBag from /Users/nick/Desktop/Code/MSTeams_pipeline/airflow/lib/python3.11/site-packages/airflow/example_dags/example_setup_teardown_taskflow.py
[2024-11-04T11:04:48.392+0100] {processor.py:925} INFO - DAG(s) 'example_setup_teardown_taskflow' retrieved from /Users/nick/Desktop/Code/MSTeams_pipeline/airflow/lib/python3.11/site-packages/airflow/example_dags/example_setup_teardown_taskflow.py
[2024-11-04T11:04:48.487+0100] {logging_mixin.py:190} INFO - [2024-11-04T11:04:48.487+0100] {dag.py:3239} INFO - Sync 1 DAGs
[2024-11-04T11:04:48.491+0100] {logging_mixin.py:190} INFO - [2024-11-04T11:04:48.491+0100] {dag.py:4180} INFO - Setting next_dagrun for example_setup_teardown_taskflow to None, run_after=None
[2024-11-04T11:04:48.497+0100] {processor.py:208} INFO - Processing /Users/nick/Desktop/Code/MSTeams_pipeline/airflow/lib/python3.11/site-packages/airflow/example_dags/example_setup_teardown_taskflow.py took 0.120 seconds
[2024-11-04T11:06:33.843+0100] {processor.py:186} INFO - Started process (PID=18331) to work on /Users/nick/Desktop/Code/MSTeams_pipeline/airflow/lib/python3.11/site-packages/airflow/example_dags/example_setup_teardown_taskflow.py
[2024-11-04T11:06:33.843+0100] {processor.py:914} INFO - Processing file /Users/nick/Desktop/Code/MSTeams_pipeline/airflow/lib/python3.11/site-packages/airflow/example_dags/example_setup_teardown_taskflow.py for tasks to queue
[2024-11-04T11:06:33.844+0100] {logging_mixin.py:190} INFO - [2024-11-04T11:06:33.844+0100] {dagbag.py:588} INFO - Filling up the DagBag from /Users/nick/Desktop/Code/MSTeams_pipeline/airflow/lib/python3.11/site-packages/airflow/example_dags/example_setup_teardown_taskflow.py
[2024-11-04T11:06:33.859+0100] {processor.py:925} INFO - DAG(s) 'example_setup_teardown_taskflow' retrieved from /Users/nick/Desktop/Code/MSTeams_pipeline/airflow/lib/python3.11/site-packages/airflow/example_dags/example_setup_teardown_taskflow.py
[2024-11-04T11:06:33.892+0100] {logging_mixin.py:190} INFO - [2024-11-04T11:06:33.892+0100] {dag.py:3239} INFO - Sync 1 DAGs
[2024-11-04T11:06:33.921+0100] {logging_mixin.py:190} INFO - [2024-11-04T11:06:33.921+0100] {dag.py:4180} INFO - Setting next_dagrun for example_setup_teardown_taskflow to None, run_after=None
[2024-11-04T11:06:33.927+0100] {processor.py:208} INFO - Processing /Users/nick/Desktop/Code/MSTeams_pipeline/airflow/lib/python3.11/site-packages/airflow/example_dags/example_setup_teardown_taskflow.py took 0.086 seconds
[2024-11-04T11:07:47.866+0100] {processor.py:186} INFO - Started process (PID=19206) to work on /Users/nick/Desktop/Code/MSTeams_pipeline/airflow/lib/python3.11/site-packages/airflow/example_dags/example_setup_teardown_taskflow.py
[2024-11-04T11:07:47.867+0100] {processor.py:914} INFO - Processing file /Users/nick/Desktop/Code/MSTeams_pipeline/airflow/lib/python3.11/site-packages/airflow/example_dags/example_setup_teardown_taskflow.py for tasks to queue
[2024-11-04T11:07:47.867+0100] {logging_mixin.py:190} INFO - [2024-11-04T11:07:47.867+0100] {dagbag.py:588} INFO - Filling up the DagBag from /Users/nick/Desktop/Code/MSTeams_pipeline/airflow/lib/python3.11/site-packages/airflow/example_dags/example_setup_teardown_taskflow.py
[2024-11-04T11:07:47.882+0100] {processor.py:925} INFO - DAG(s) 'example_setup_teardown_taskflow' retrieved from /Users/nick/Desktop/Code/MSTeams_pipeline/airflow/lib/python3.11/site-packages/airflow/example_dags/example_setup_teardown_taskflow.py
[2024-11-04T11:07:47.916+0100] {logging_mixin.py:190} INFO - [2024-11-04T11:07:47.916+0100] {dag.py:3239} INFO - Sync 1 DAGs
[2024-11-04T11:07:47.944+0100] {logging_mixin.py:190} INFO - [2024-11-04T11:07:47.944+0100] {dag.py:4180} INFO - Setting next_dagrun for example_setup_teardown_taskflow to None, run_after=None
[2024-11-04T11:07:47.950+0100] {processor.py:208} INFO - Processing /Users/nick/Desktop/Code/MSTeams_pipeline/airflow/lib/python3.11/site-packages/airflow/example_dags/example_setup_teardown_taskflow.py took 0.086 seconds
[2024-11-04T11:09:01.016+0100] {processor.py:186} INFO - Started process (PID=20035) to work on /Users/nick/Desktop/Code/MSTeams_pipeline/airflow/lib/python3.11/site-packages/airflow/example_dags/example_setup_teardown_taskflow.py
[2024-11-04T11:09:01.016+0100] {processor.py:914} INFO - Processing file /Users/nick/Desktop/Code/MSTeams_pipeline/airflow/lib/python3.11/site-packages/airflow/example_dags/example_setup_teardown_taskflow.py for tasks to queue
[2024-11-04T11:09:01.017+0100] {logging_mixin.py:190} INFO - [2024-11-04T11:09:01.017+0100] {dagbag.py:588} INFO - Filling up the DagBag from /Users/nick/Desktop/Code/MSTeams_pipeline/airflow/lib/python3.11/site-packages/airflow/example_dags/example_setup_teardown_taskflow.py
[2024-11-04T11:09:01.033+0100] {processor.py:925} INFO - DAG(s) 'example_setup_teardown_taskflow' retrieved from /Users/nick/Desktop/Code/MSTeams_pipeline/airflow/lib/python3.11/site-packages/airflow/example_dags/example_setup_teardown_taskflow.py
[2024-11-04T11:09:01.068+0100] {logging_mixin.py:190} INFO - [2024-11-04T11:09:01.068+0100] {dag.py:3239} INFO - Sync 1 DAGs
[2024-11-04T11:09:01.099+0100] {logging_mixin.py:190} INFO - [2024-11-04T11:09:01.099+0100] {dag.py:4180} INFO - Setting next_dagrun for example_setup_teardown_taskflow to None, run_after=None
[2024-11-04T11:09:01.106+0100] {processor.py:208} INFO - Processing /Users/nick/Desktop/Code/MSTeams_pipeline/airflow/lib/python3.11/site-packages/airflow/example_dags/example_setup_teardown_taskflow.py took 0.092 seconds
[2024-11-04T11:11:03.910+0100] {processor.py:186} INFO - Started process (PID=21498) to work on /Users/nick/Desktop/Code/MSTeams_pipeline/airflow/lib/python3.11/site-packages/airflow/example_dags/example_setup_teardown_taskflow.py
[2024-11-04T11:11:03.911+0100] {processor.py:914} INFO - Processing file /Users/nick/Desktop/Code/MSTeams_pipeline/airflow/lib/python3.11/site-packages/airflow/example_dags/example_setup_teardown_taskflow.py for tasks to queue
[2024-11-04T11:11:03.911+0100] {logging_mixin.py:190} INFO - [2024-11-04T11:11:03.911+0100] {dagbag.py:588} INFO - Filling up the DagBag from /Users/nick/Desktop/Code/MSTeams_pipeline/airflow/lib/python3.11/site-packages/airflow/example_dags/example_setup_teardown_taskflow.py
[2024-11-04T11:11:03.926+0100] {processor.py:925} INFO - DAG(s) 'example_setup_teardown_taskflow' retrieved from /Users/nick/Desktop/Code/MSTeams_pipeline/airflow/lib/python3.11/site-packages/airflow/example_dags/example_setup_teardown_taskflow.py
[2024-11-04T11:11:03.963+0100] {logging_mixin.py:190} INFO - [2024-11-04T11:11:03.962+0100] {dag.py:3239} INFO - Sync 1 DAGs
[2024-11-04T11:11:03.992+0100] {logging_mixin.py:190} INFO - [2024-11-04T11:11:03.992+0100] {dag.py:4180} INFO - Setting next_dagrun for example_setup_teardown_taskflow to None, run_after=None
[2024-11-04T11:11:03.999+0100] {processor.py:208} INFO - Processing /Users/nick/Desktop/Code/MSTeams_pipeline/airflow/lib/python3.11/site-packages/airflow/example_dags/example_setup_teardown_taskflow.py took 0.091 seconds
[2024-11-04T11:15:17.502+0100] {processor.py:186} INFO - Started process (PID=24876) to work on /Users/nick/airflow/airflow_venv/lib/python3.11/site-packages/airflow/example_dags/example_setup_teardown_taskflow.py
[2024-11-04T11:15:17.503+0100] {processor.py:914} INFO - Processing file /Users/nick/airflow/airflow_venv/lib/python3.11/site-packages/airflow/example_dags/example_setup_teardown_taskflow.py for tasks to queue
[2024-11-04T11:15:17.503+0100] {logging_mixin.py:190} INFO - [2024-11-04T11:15:17.503+0100] {dagbag.py:588} INFO - Filling up the DagBag from /Users/nick/airflow/airflow_venv/lib/python3.11/site-packages/airflow/example_dags/example_setup_teardown_taskflow.py
[2024-11-04T11:15:17.517+0100] {processor.py:925} INFO - DAG(s) 'example_setup_teardown_taskflow' retrieved from /Users/nick/airflow/airflow_venv/lib/python3.11/site-packages/airflow/example_dags/example_setup_teardown_taskflow.py
[2024-11-04T11:15:17.607+0100] {logging_mixin.py:190} INFO - [2024-11-04T11:15:17.607+0100] {dag.py:3239} INFO - Sync 1 DAGs
[2024-11-04T11:15:17.610+0100] {logging_mixin.py:190} INFO - [2024-11-04T11:15:17.610+0100] {dag.py:4180} INFO - Setting next_dagrun for example_setup_teardown_taskflow to None, run_after=None
[2024-11-04T11:15:17.618+0100] {processor.py:208} INFO - Processing /Users/nick/airflow/airflow_venv/lib/python3.11/site-packages/airflow/example_dags/example_setup_teardown_taskflow.py took 0.117 seconds
[2024-11-04T11:17:01.376+0100] {processor.py:186} INFO - Started process (PID=26423) to work on /Users/nick/airflow/airflow_venv/lib/python3.11/site-packages/airflow/example_dags/example_setup_teardown_taskflow.py
[2024-11-04T11:17:01.376+0100] {processor.py:914} INFO - Processing file /Users/nick/airflow/airflow_venv/lib/python3.11/site-packages/airflow/example_dags/example_setup_teardown_taskflow.py for tasks to queue
[2024-11-04T11:17:01.377+0100] {logging_mixin.py:190} INFO - [2024-11-04T11:17:01.377+0100] {dagbag.py:588} INFO - Filling up the DagBag from /Users/nick/airflow/airflow_venv/lib/python3.11/site-packages/airflow/example_dags/example_setup_teardown_taskflow.py
[2024-11-04T11:17:01.392+0100] {processor.py:925} INFO - DAG(s) 'example_setup_teardown_taskflow' retrieved from /Users/nick/airflow/airflow_venv/lib/python3.11/site-packages/airflow/example_dags/example_setup_teardown_taskflow.py
[2024-11-04T11:17:01.428+0100] {logging_mixin.py:190} INFO - [2024-11-04T11:17:01.428+0100] {dag.py:3239} INFO - Sync 1 DAGs
[2024-11-04T11:17:01.460+0100] {logging_mixin.py:190} INFO - [2024-11-04T11:17:01.460+0100] {dag.py:4180} INFO - Setting next_dagrun for example_setup_teardown_taskflow to None, run_after=None
[2024-11-04T11:17:01.467+0100] {processor.py:208} INFO - Processing /Users/nick/airflow/airflow_venv/lib/python3.11/site-packages/airflow/example_dags/example_setup_teardown_taskflow.py took 0.092 seconds
[2024-11-04T11:18:17.958+0100] {processor.py:186} INFO - Started process (PID=27403) to work on /Users/nick/airflow/airflow_venv/lib/python3.11/site-packages/airflow/example_dags/example_setup_teardown_taskflow.py
[2024-11-04T11:18:17.959+0100] {processor.py:914} INFO - Processing file /Users/nick/airflow/airflow_venv/lib/python3.11/site-packages/airflow/example_dags/example_setup_teardown_taskflow.py for tasks to queue
[2024-11-04T11:18:17.959+0100] {logging_mixin.py:190} INFO - [2024-11-04T11:18:17.959+0100] {dagbag.py:588} INFO - Filling up the DagBag from /Users/nick/airflow/airflow_venv/lib/python3.11/site-packages/airflow/example_dags/example_setup_teardown_taskflow.py
[2024-11-04T11:18:17.972+0100] {processor.py:925} INFO - DAG(s) 'example_setup_teardown_taskflow' retrieved from /Users/nick/airflow/airflow_venv/lib/python3.11/site-packages/airflow/example_dags/example_setup_teardown_taskflow.py
[2024-11-04T11:18:18.005+0100] {logging_mixin.py:190} INFO - [2024-11-04T11:18:18.005+0100] {dag.py:3239} INFO - Sync 1 DAGs
[2024-11-04T11:18:18.035+0100] {logging_mixin.py:190} INFO - [2024-11-04T11:18:18.035+0100] {dag.py:4180} INFO - Setting next_dagrun for example_setup_teardown_taskflow to None, run_after=None
[2024-11-04T11:18:18.042+0100] {processor.py:208} INFO - Processing /Users/nick/airflow/airflow_venv/lib/python3.11/site-packages/airflow/example_dags/example_setup_teardown_taskflow.py took 0.085 seconds
[2024-11-04T11:19:32.936+0100] {processor.py:186} INFO - Started process (PID=28272) to work on /Users/nick/airflow/airflow_venv/lib/python3.11/site-packages/airflow/example_dags/example_setup_teardown_taskflow.py
[2024-11-04T11:19:32.936+0100] {processor.py:914} INFO - Processing file /Users/nick/airflow/airflow_venv/lib/python3.11/site-packages/airflow/example_dags/example_setup_teardown_taskflow.py for tasks to queue
[2024-11-04T11:19:32.936+0100] {logging_mixin.py:190} INFO - [2024-11-04T11:19:32.936+0100] {dagbag.py:588} INFO - Filling up the DagBag from /Users/nick/airflow/airflow_venv/lib/python3.11/site-packages/airflow/example_dags/example_setup_teardown_taskflow.py
[2024-11-04T11:19:32.951+0100] {processor.py:925} INFO - DAG(s) 'example_setup_teardown_taskflow' retrieved from /Users/nick/airflow/airflow_venv/lib/python3.11/site-packages/airflow/example_dags/example_setup_teardown_taskflow.py
[2024-11-04T11:19:32.987+0100] {logging_mixin.py:190} INFO - [2024-11-04T11:19:32.987+0100] {dag.py:3239} INFO - Sync 1 DAGs
[2024-11-04T11:19:33.018+0100] {logging_mixin.py:190} INFO - [2024-11-04T11:19:33.018+0100] {dag.py:4180} INFO - Setting next_dagrun for example_setup_teardown_taskflow to None, run_after=None
[2024-11-04T11:19:33.025+0100] {processor.py:208} INFO - Processing /Users/nick/airflow/airflow_venv/lib/python3.11/site-packages/airflow/example_dags/example_setup_teardown_taskflow.py took 0.090 seconds
[2024-11-04T11:20:46.216+0100] {processor.py:186} INFO - Started process (PID=29115) to work on /Users/nick/airflow/airflow_venv/lib/python3.11/site-packages/airflow/example_dags/example_setup_teardown_taskflow.py
[2024-11-04T11:20:46.216+0100] {processor.py:914} INFO - Processing file /Users/nick/airflow/airflow_venv/lib/python3.11/site-packages/airflow/example_dags/example_setup_teardown_taskflow.py for tasks to queue
[2024-11-04T11:20:46.217+0100] {logging_mixin.py:190} INFO - [2024-11-04T11:20:46.217+0100] {dagbag.py:588} INFO - Filling up the DagBag from /Users/nick/airflow/airflow_venv/lib/python3.11/site-packages/airflow/example_dags/example_setup_teardown_taskflow.py
[2024-11-04T11:20:46.238+0100] {processor.py:925} INFO - DAG(s) 'example_setup_teardown_taskflow' retrieved from /Users/nick/airflow/airflow_venv/lib/python3.11/site-packages/airflow/example_dags/example_setup_teardown_taskflow.py
[2024-11-04T11:20:46.296+0100] {logging_mixin.py:190} INFO - [2024-11-04T11:20:46.296+0100] {dag.py:3239} INFO - Sync 1 DAGs
[2024-11-04T11:20:46.337+0100] {logging_mixin.py:190} INFO - [2024-11-04T11:20:46.337+0100] {dag.py:4180} INFO - Setting next_dagrun for example_setup_teardown_taskflow to None, run_after=None
[2024-11-04T11:20:46.345+0100] {processor.py:208} INFO - Processing /Users/nick/airflow/airflow_venv/lib/python3.11/site-packages/airflow/example_dags/example_setup_teardown_taskflow.py took 0.132 seconds
[2024-11-04T11:22:02.884+0100] {processor.py:186} INFO - Started process (PID=30048) to work on /Users/nick/airflow/airflow_venv/lib/python3.11/site-packages/airflow/example_dags/example_setup_teardown_taskflow.py
[2024-11-04T11:22:02.884+0100] {processor.py:914} INFO - Processing file /Users/nick/airflow/airflow_venv/lib/python3.11/site-packages/airflow/example_dags/example_setup_teardown_taskflow.py for tasks to queue
[2024-11-04T11:22:02.885+0100] {logging_mixin.py:190} INFO - [2024-11-04T11:22:02.885+0100] {dagbag.py:588} INFO - Filling up the DagBag from /Users/nick/airflow/airflow_venv/lib/python3.11/site-packages/airflow/example_dags/example_setup_teardown_taskflow.py
[2024-11-04T11:22:02.899+0100] {processor.py:925} INFO - DAG(s) 'example_setup_teardown_taskflow' retrieved from /Users/nick/airflow/airflow_venv/lib/python3.11/site-packages/airflow/example_dags/example_setup_teardown_taskflow.py
[2024-11-04T11:22:02.938+0100] {logging_mixin.py:190} INFO - [2024-11-04T11:22:02.938+0100] {dag.py:3239} INFO - Sync 1 DAGs
[2024-11-04T11:22:02.970+0100] {logging_mixin.py:190} INFO - [2024-11-04T11:22:02.970+0100] {dag.py:4180} INFO - Setting next_dagrun for example_setup_teardown_taskflow to None, run_after=None
[2024-11-04T11:22:02.977+0100] {processor.py:208} INFO - Processing /Users/nick/airflow/airflow_venv/lib/python3.11/site-packages/airflow/example_dags/example_setup_teardown_taskflow.py took 0.094 seconds
[2024-11-04T11:23:17.745+0100] {processor.py:186} INFO - Started process (PID=30864) to work on /Users/nick/airflow/airflow_venv/lib/python3.11/site-packages/airflow/example_dags/example_setup_teardown_taskflow.py
[2024-11-04T11:23:17.745+0100] {processor.py:914} INFO - Processing file /Users/nick/airflow/airflow_venv/lib/python3.11/site-packages/airflow/example_dags/example_setup_teardown_taskflow.py for tasks to queue
[2024-11-04T11:23:17.746+0100] {logging_mixin.py:190} INFO - [2024-11-04T11:23:17.746+0100] {dagbag.py:588} INFO - Filling up the DagBag from /Users/nick/airflow/airflow_venv/lib/python3.11/site-packages/airflow/example_dags/example_setup_teardown_taskflow.py
[2024-11-04T11:23:17.760+0100] {processor.py:925} INFO - DAG(s) 'example_setup_teardown_taskflow' retrieved from /Users/nick/airflow/airflow_venv/lib/python3.11/site-packages/airflow/example_dags/example_setup_teardown_taskflow.py
[2024-11-04T11:23:17.795+0100] {logging_mixin.py:190} INFO - [2024-11-04T11:23:17.795+0100] {dag.py:3239} INFO - Sync 1 DAGs
[2024-11-04T11:23:17.826+0100] {logging_mixin.py:190} INFO - [2024-11-04T11:23:17.826+0100] {dag.py:4180} INFO - Setting next_dagrun for example_setup_teardown_taskflow to None, run_after=None
[2024-11-04T11:23:17.834+0100] {processor.py:208} INFO - Processing /Users/nick/airflow/airflow_venv/lib/python3.11/site-packages/airflow/example_dags/example_setup_teardown_taskflow.py took 0.091 seconds
[2024-11-04T11:28:25.162+0100] {processor.py:186} INFO - Started process (PID=34646) to work on /Users/nick/airflow/airflow_venv/lib/python3.11/site-packages/airflow/example_dags/example_setup_teardown_taskflow.py
[2024-11-04T11:28:25.162+0100] {processor.py:914} INFO - Processing file /Users/nick/airflow/airflow_venv/lib/python3.11/site-packages/airflow/example_dags/example_setup_teardown_taskflow.py for tasks to queue
[2024-11-04T11:28:25.162+0100] {logging_mixin.py:190} INFO - [2024-11-04T11:28:25.162+0100] {dagbag.py:588} INFO - Filling up the DagBag from /Users/nick/airflow/airflow_venv/lib/python3.11/site-packages/airflow/example_dags/example_setup_teardown_taskflow.py
[2024-11-04T11:28:25.178+0100] {processor.py:925} INFO - DAG(s) 'example_setup_teardown_taskflow' retrieved from /Users/nick/airflow/airflow_venv/lib/python3.11/site-packages/airflow/example_dags/example_setup_teardown_taskflow.py
[2024-11-04T11:28:25.215+0100] {logging_mixin.py:190} INFO - [2024-11-04T11:28:25.215+0100] {dag.py:3239} INFO - Sync 1 DAGs
[2024-11-04T11:28:25.257+0100] {logging_mixin.py:190} INFO - [2024-11-04T11:28:25.256+0100] {dag.py:4180} INFO - Setting next_dagrun for example_setup_teardown_taskflow to None, run_after=None
[2024-11-04T11:28:25.265+0100] {processor.py:208} INFO - Processing /Users/nick/airflow/airflow_venv/lib/python3.11/site-packages/airflow/example_dags/example_setup_teardown_taskflow.py took 0.105 seconds
