[2024-11-04T11:04:57.515+0100] {processor.py:186} INFO - Started process (PID=17180) to work on /Users/nick/Desktop/Code/MSTeams_pipeline/airflow/lib/python3.11/site-packages/airflow/example_dags/example_python_decorator.py
[2024-11-04T11:04:57.516+0100] {processor.py:914} INFO - Processing file /Users/nick/Desktop/Code/MSTeams_pipeline/airflow/lib/python3.11/site-packages/airflow/example_dags/example_python_decorator.py for tasks to queue
[2024-11-04T11:04:57.516+0100] {logging_mixin.py:190} INFO - [2024-11-04T11:04:57.516+0100] {dagbag.py:588} INFO - Filling up the DagBag from /Users/nick/Desktop/Code/MSTeams_pipeline/airflow/lib/python3.11/site-packages/airflow/example_dags/example_python_decorator.py
[2024-11-04T11:04:57.531+0100] {processor.py:925} INFO - DAG(s) 'example_python_decorator' retrieved from /Users/nick/Desktop/Code/MSTeams_pipeline/airflow/lib/python3.11/site-packages/airflow/example_dags/example_python_decorator.py
[2024-11-04T11:04:57.618+0100] {logging_mixin.py:190} INFO - [2024-11-04T11:04:57.617+0100] {dag.py:3239} INFO - Sync 1 DAGs
[2024-11-04T11:04:57.621+0100] {logging_mixin.py:190} INFO - [2024-11-04T11:04:57.621+0100] {dag.py:4180} INFO - Setting next_dagrun for example_python_decorator to None, run_after=None
[2024-11-04T11:04:57.627+0100] {processor.py:208} INFO - Processing /Users/nick/Desktop/Code/MSTeams_pipeline/airflow/lib/python3.11/site-packages/airflow/example_dags/example_python_decorator.py took 0.113 seconds
[2024-11-04T11:06:42.987+0100] {processor.py:186} INFO - Started process (PID=18465) to work on /Users/nick/Desktop/Code/MSTeams_pipeline/airflow/lib/python3.11/site-packages/airflow/example_dags/example_python_decorator.py
[2024-11-04T11:06:42.988+0100] {processor.py:914} INFO - Processing file /Users/nick/Desktop/Code/MSTeams_pipeline/airflow/lib/python3.11/site-packages/airflow/example_dags/example_python_decorator.py for tasks to queue
[2024-11-04T11:06:42.988+0100] {logging_mixin.py:190} INFO - [2024-11-04T11:06:42.988+0100] {dagbag.py:588} INFO - Filling up the DagBag from /Users/nick/Desktop/Code/MSTeams_pipeline/airflow/lib/python3.11/site-packages/airflow/example_dags/example_python_decorator.py
[2024-11-04T11:06:43.004+0100] {processor.py:925} INFO - DAG(s) 'example_python_decorator' retrieved from /Users/nick/Desktop/Code/MSTeams_pipeline/airflow/lib/python3.11/site-packages/airflow/example_dags/example_python_decorator.py
[2024-11-04T11:06:43.095+0100] {logging_mixin.py:190} INFO - [2024-11-04T11:06:43.095+0100] {dag.py:3239} INFO - Sync 1 DAGs
[2024-11-04T11:06:43.098+0100] {logging_mixin.py:190} INFO - [2024-11-04T11:06:43.098+0100] {dag.py:4180} INFO - Setting next_dagrun for example_python_decorator to None, run_after=None
[2024-11-04T11:06:43.106+0100] {processor.py:208} INFO - Processing /Users/nick/Desktop/Code/MSTeams_pipeline/airflow/lib/python3.11/site-packages/airflow/example_dags/example_python_decorator.py took 0.120 seconds
[2024-11-04T11:09:09.906+0100] {processor.py:186} INFO - Started process (PID=20147) to work on /Users/nick/Desktop/Code/MSTeams_pipeline/airflow/lib/python3.11/site-packages/airflow/example_dags/example_python_decorator.py
[2024-11-04T11:09:09.906+0100] {processor.py:914} INFO - Processing file /Users/nick/Desktop/Code/MSTeams_pipeline/airflow/lib/python3.11/site-packages/airflow/example_dags/example_python_decorator.py for tasks to queue
[2024-11-04T11:09:09.907+0100] {logging_mixin.py:190} INFO - [2024-11-04T11:09:09.907+0100] {dagbag.py:588} INFO - Filling up the DagBag from /Users/nick/Desktop/Code/MSTeams_pipeline/airflow/lib/python3.11/site-packages/airflow/example_dags/example_python_decorator.py
[2024-11-04T11:09:09.924+0100] {processor.py:925} INFO - DAG(s) 'example_python_decorator' retrieved from /Users/nick/Desktop/Code/MSTeams_pipeline/airflow/lib/python3.11/site-packages/airflow/example_dags/example_python_decorator.py
[2024-11-04T11:09:10.025+0100] {logging_mixin.py:190} INFO - [2024-11-04T11:09:10.025+0100] {dag.py:3239} INFO - Sync 1 DAGs
[2024-11-04T11:09:10.028+0100] {logging_mixin.py:190} INFO - [2024-11-04T11:09:10.028+0100] {dag.py:4180} INFO - Setting next_dagrun for example_python_decorator to None, run_after=None
[2024-11-04T11:09:10.035+0100] {processor.py:208} INFO - Processing /Users/nick/Desktop/Code/MSTeams_pipeline/airflow/lib/python3.11/site-packages/airflow/example_dags/example_python_decorator.py took 0.131 seconds
[2024-11-04T11:11:13.597+0100] {processor.py:186} INFO - Started process (PID=21648) to work on /Users/nick/Desktop/Code/MSTeams_pipeline/airflow/lib/python3.11/site-packages/airflow/example_dags/example_python_decorator.py
[2024-11-04T11:11:13.598+0100] {processor.py:914} INFO - Processing file /Users/nick/Desktop/Code/MSTeams_pipeline/airflow/lib/python3.11/site-packages/airflow/example_dags/example_python_decorator.py for tasks to queue
[2024-11-04T11:11:13.598+0100] {logging_mixin.py:190} INFO - [2024-11-04T11:11:13.598+0100] {dagbag.py:588} INFO - Filling up the DagBag from /Users/nick/Desktop/Code/MSTeams_pipeline/airflow/lib/python3.11/site-packages/airflow/example_dags/example_python_decorator.py
[2024-11-04T11:11:13.618+0100] {processor.py:925} INFO - DAG(s) 'example_python_decorator' retrieved from /Users/nick/Desktop/Code/MSTeams_pipeline/airflow/lib/python3.11/site-packages/airflow/example_dags/example_python_decorator.py
[2024-11-04T11:11:13.718+0100] {logging_mixin.py:190} INFO - [2024-11-04T11:11:13.717+0100] {dag.py:3239} INFO - Sync 1 DAGs
[2024-11-04T11:11:13.721+0100] {logging_mixin.py:190} INFO - [2024-11-04T11:11:13.721+0100] {dag.py:4180} INFO - Setting next_dagrun for example_python_decorator to None, run_after=None
[2024-11-04T11:11:13.728+0100] {processor.py:208} INFO - Processing /Users/nick/Desktop/Code/MSTeams_pipeline/airflow/lib/python3.11/site-packages/airflow/example_dags/example_python_decorator.py took 0.132 seconds
[2024-11-04T11:15:25.725+0100] {processor.py:186} INFO - Started process (PID=24987) to work on /Users/nick/airflow/airflow_venv/lib/python3.11/site-packages/airflow/example_dags/example_python_decorator.py
[2024-11-04T11:15:25.726+0100] {processor.py:914} INFO - Processing file /Users/nick/airflow/airflow_venv/lib/python3.11/site-packages/airflow/example_dags/example_python_decorator.py for tasks to queue
[2024-11-04T11:15:25.726+0100] {logging_mixin.py:190} INFO - [2024-11-04T11:15:25.726+0100] {dagbag.py:588} INFO - Filling up the DagBag from /Users/nick/airflow/airflow_venv/lib/python3.11/site-packages/airflow/example_dags/example_python_decorator.py
[2024-11-04T11:15:25.742+0100] {processor.py:925} INFO - DAG(s) 'example_python_decorator' retrieved from /Users/nick/airflow/airflow_venv/lib/python3.11/site-packages/airflow/example_dags/example_python_decorator.py
[2024-11-04T11:15:25.833+0100] {logging_mixin.py:190} INFO - [2024-11-04T11:15:25.833+0100] {dag.py:3239} INFO - Sync 1 DAGs
[2024-11-04T11:15:25.837+0100] {logging_mixin.py:190} INFO - [2024-11-04T11:15:25.837+0100] {dag.py:4180} INFO - Setting next_dagrun for example_python_decorator to None, run_after=None
[2024-11-04T11:15:25.844+0100] {processor.py:208} INFO - Processing /Users/nick/airflow/airflow_venv/lib/python3.11/site-packages/airflow/example_dags/example_python_decorator.py took 0.120 seconds
[2024-11-04T11:17:10.165+0100] {processor.py:186} INFO - Started process (PID=26556) to work on /Users/nick/airflow/airflow_venv/lib/python3.11/site-packages/airflow/example_dags/example_python_decorator.py
[2024-11-04T11:17:10.165+0100] {processor.py:914} INFO - Processing file /Users/nick/airflow/airflow_venv/lib/python3.11/site-packages/airflow/example_dags/example_python_decorator.py for tasks to queue
[2024-11-04T11:17:10.166+0100] {logging_mixin.py:190} INFO - [2024-11-04T11:17:10.166+0100] {dagbag.py:588} INFO - Filling up the DagBag from /Users/nick/airflow/airflow_venv/lib/python3.11/site-packages/airflow/example_dags/example_python_decorator.py
[2024-11-04T11:17:10.181+0100] {processor.py:925} INFO - DAG(s) 'example_python_decorator' retrieved from /Users/nick/airflow/airflow_venv/lib/python3.11/site-packages/airflow/example_dags/example_python_decorator.py
[2024-11-04T11:17:10.271+0100] {logging_mixin.py:190} INFO - [2024-11-04T11:17:10.271+0100] {dag.py:3239} INFO - Sync 1 DAGs
[2024-11-04T11:17:10.274+0100] {logging_mixin.py:190} INFO - [2024-11-04T11:17:10.274+0100] {dag.py:4180} INFO - Setting next_dagrun for example_python_decorator to None, run_after=None
[2024-11-04T11:17:10.281+0100] {processor.py:208} INFO - Processing /Users/nick/airflow/airflow_venv/lib/python3.11/site-packages/airflow/example_dags/example_python_decorator.py took 0.117 seconds
[2024-11-04T11:19:34.895+0100] {processor.py:186} INFO - Started process (PID=28274) to work on /Users/nick/airflow/airflow_venv/lib/python3.11/site-packages/airflow/example_dags/example_python_decorator.py
[2024-11-04T11:19:34.895+0100] {processor.py:914} INFO - Processing file /Users/nick/airflow/airflow_venv/lib/python3.11/site-packages/airflow/example_dags/example_python_decorator.py for tasks to queue
[2024-11-04T11:19:34.895+0100] {logging_mixin.py:190} INFO - [2024-11-04T11:19:34.895+0100] {dagbag.py:588} INFO - Filling up the DagBag from /Users/nick/airflow/airflow_venv/lib/python3.11/site-packages/airflow/example_dags/example_python_decorator.py
[2024-11-04T11:19:34.912+0100] {processor.py:925} INFO - DAG(s) 'example_python_decorator' retrieved from /Users/nick/airflow/airflow_venv/lib/python3.11/site-packages/airflow/example_dags/example_python_decorator.py
[2024-11-04T11:19:35.011+0100] {logging_mixin.py:190} INFO - [2024-11-04T11:19:35.010+0100] {dag.py:3239} INFO - Sync 1 DAGs
[2024-11-04T11:19:35.014+0100] {logging_mixin.py:190} INFO - [2024-11-04T11:19:35.014+0100] {dag.py:4180} INFO - Setting next_dagrun for example_python_decorator to None, run_after=None
[2024-11-04T11:19:35.022+0100] {processor.py:208} INFO - Processing /Users/nick/airflow/airflow_venv/lib/python3.11/site-packages/airflow/example_dags/example_python_decorator.py took 0.128 seconds
[2024-11-04T11:22:06.657+0100] {processor.py:186} INFO - Started process (PID=30056) to work on /Users/nick/airflow/airflow_venv/lib/python3.11/site-packages/airflow/example_dags/example_python_decorator.py
[2024-11-04T11:22:06.657+0100] {processor.py:914} INFO - Processing file /Users/nick/airflow/airflow_venv/lib/python3.11/site-packages/airflow/example_dags/example_python_decorator.py for tasks to queue
[2024-11-04T11:22:06.658+0100] {logging_mixin.py:190} INFO - [2024-11-04T11:22:06.658+0100] {dagbag.py:588} INFO - Filling up the DagBag from /Users/nick/airflow/airflow_venv/lib/python3.11/site-packages/airflow/example_dags/example_python_decorator.py
[2024-11-04T11:22:06.673+0100] {processor.py:925} INFO - DAG(s) 'example_python_decorator' retrieved from /Users/nick/airflow/airflow_venv/lib/python3.11/site-packages/airflow/example_dags/example_python_decorator.py
[2024-11-04T11:22:06.769+0100] {logging_mixin.py:190} INFO - [2024-11-04T11:22:06.769+0100] {dag.py:3239} INFO - Sync 1 DAGs
[2024-11-04T11:22:06.772+0100] {logging_mixin.py:190} INFO - [2024-11-04T11:22:06.772+0100] {dag.py:4180} INFO - Setting next_dagrun for example_python_decorator to None, run_after=None
[2024-11-04T11:22:06.778+0100] {processor.py:208} INFO - Processing /Users/nick/airflow/airflow_venv/lib/python3.11/site-packages/airflow/example_dags/example_python_decorator.py took 0.123 seconds
