[2024-11-04T11:04:36.942+0100] {processor.py:186} INFO - Started process (PID=16896) to work on /Users/nick/Desktop/Code/MSTeams_pipeline/airflow/lib/python3.11/site-packages/airflow/example_dags/example_task_group_decorator.py
[2024-11-04T11:04:36.943+0100] {processor.py:914} INFO - Processing file /Users/nick/Desktop/Code/MSTeams_pipeline/airflow/lib/python3.11/site-packages/airflow/example_dags/example_task_group_decorator.py for tasks to queue
[2024-11-04T11:04:36.943+0100] {logging_mixin.py:190} INFO - [2024-11-04T11:04:36.943+0100] {dagbag.py:588} INFO - Filling up the DagBag from /Users/nick/Desktop/Code/MSTeams_pipeline/airflow/lib/python3.11/site-packages/airflow/example_dags/example_task_group_decorator.py
[2024-11-04T11:04:36.960+0100] {processor.py:925} INFO - DAG(s) 'example_task_group_decorator' retrieved from /Users/nick/Desktop/Code/MSTeams_pipeline/airflow/lib/python3.11/site-packages/airflow/example_dags/example_task_group_decorator.py
[2024-11-04T11:04:36.962+0100] {logging_mixin.py:190} INFO - [2024-11-04T11:04:36.961+0100] {dag.py:3239} INFO - Sync 1 DAGs
[2024-11-04T11:04:36.991+0100] {logging_mixin.py:190} INFO - [2024-11-04T11:04:36.991+0100] {dag.py:4180} INFO - Setting next_dagrun for example_task_group_decorator to None, run_after=None
[2024-11-04T11:04:37.020+0100] {processor.py:208} INFO - Processing /Users/nick/Desktop/Code/MSTeams_pipeline/airflow/lib/python3.11/site-packages/airflow/example_dags/example_task_group_decorator.py took 0.079 seconds
[2024-11-04T11:06:21.526+0100] {processor.py:186} INFO - Started process (PID=18209) to work on /Users/nick/Desktop/Code/MSTeams_pipeline/airflow/lib/python3.11/site-packages/airflow/example_dags/example_task_group_decorator.py
[2024-11-04T11:06:21.527+0100] {processor.py:914} INFO - Processing file /Users/nick/Desktop/Code/MSTeams_pipeline/airflow/lib/python3.11/site-packages/airflow/example_dags/example_task_group_decorator.py for tasks to queue
[2024-11-04T11:06:21.527+0100] {logging_mixin.py:190} INFO - [2024-11-04T11:06:21.527+0100] {dagbag.py:588} INFO - Filling up the DagBag from /Users/nick/Desktop/Code/MSTeams_pipeline/airflow/lib/python3.11/site-packages/airflow/example_dags/example_task_group_decorator.py
[2024-11-04T11:06:21.544+0100] {processor.py:925} INFO - DAG(s) 'example_task_group_decorator' retrieved from /Users/nick/Desktop/Code/MSTeams_pipeline/airflow/lib/python3.11/site-packages/airflow/example_dags/example_task_group_decorator.py
[2024-11-04T11:06:21.632+0100] {logging_mixin.py:190} INFO - [2024-11-04T11:06:21.632+0100] {dag.py:3239} INFO - Sync 1 DAGs
[2024-11-04T11:06:21.635+0100] {logging_mixin.py:190} INFO - [2024-11-04T11:06:21.635+0100] {dag.py:4180} INFO - Setting next_dagrun for example_task_group_decorator to None, run_after=None
[2024-11-04T11:06:21.642+0100] {processor.py:208} INFO - Processing /Users/nick/Desktop/Code/MSTeams_pipeline/airflow/lib/python3.11/site-packages/airflow/example_dags/example_task_group_decorator.py took 0.118 seconds
[2024-11-04T11:07:36.371+0100] {processor.py:186} INFO - Started process (PID=19093) to work on /Users/nick/Desktop/Code/MSTeams_pipeline/airflow/lib/python3.11/site-packages/airflow/example_dags/example_task_group_decorator.py
[2024-11-04T11:07:36.372+0100] {processor.py:914} INFO - Processing file /Users/nick/Desktop/Code/MSTeams_pipeline/airflow/lib/python3.11/site-packages/airflow/example_dags/example_task_group_decorator.py for tasks to queue
[2024-11-04T11:07:36.372+0100] {logging_mixin.py:190} INFO - [2024-11-04T11:07:36.372+0100] {dagbag.py:588} INFO - Filling up the DagBag from /Users/nick/Desktop/Code/MSTeams_pipeline/airflow/lib/python3.11/site-packages/airflow/example_dags/example_task_group_decorator.py
[2024-11-04T11:07:36.390+0100] {processor.py:925} INFO - DAG(s) 'example_task_group_decorator' retrieved from /Users/nick/Desktop/Code/MSTeams_pipeline/airflow/lib/python3.11/site-packages/airflow/example_dags/example_task_group_decorator.py
[2024-11-04T11:07:36.426+0100] {logging_mixin.py:190} INFO - [2024-11-04T11:07:36.426+0100] {dag.py:3239} INFO - Sync 1 DAGs
[2024-11-04T11:07:36.455+0100] {logging_mixin.py:190} INFO - [2024-11-04T11:07:36.455+0100] {dag.py:4180} INFO - Setting next_dagrun for example_task_group_decorator to None, run_after=None
[2024-11-04T11:07:36.462+0100] {processor.py:208} INFO - Processing /Users/nick/Desktop/Code/MSTeams_pipeline/airflow/lib/python3.11/site-packages/airflow/example_dags/example_task_group_decorator.py took 0.092 seconds
[2024-11-04T11:08:51.067+0100] {processor.py:186} INFO - Started process (PID=19918) to work on /Users/nick/Desktop/Code/MSTeams_pipeline/airflow/lib/python3.11/site-packages/airflow/example_dags/example_task_group_decorator.py
[2024-11-04T11:08:51.067+0100] {processor.py:914} INFO - Processing file /Users/nick/Desktop/Code/MSTeams_pipeline/airflow/lib/python3.11/site-packages/airflow/example_dags/example_task_group_decorator.py for tasks to queue
[2024-11-04T11:08:51.068+0100] {logging_mixin.py:190} INFO - [2024-11-04T11:08:51.068+0100] {dagbag.py:588} INFO - Filling up the DagBag from /Users/nick/Desktop/Code/MSTeams_pipeline/airflow/lib/python3.11/site-packages/airflow/example_dags/example_task_group_decorator.py
[2024-11-04T11:08:51.090+0100] {processor.py:925} INFO - DAG(s) 'example_task_group_decorator' retrieved from /Users/nick/Desktop/Code/MSTeams_pipeline/airflow/lib/python3.11/site-packages/airflow/example_dags/example_task_group_decorator.py
[2024-11-04T11:08:51.131+0100] {logging_mixin.py:190} INFO - [2024-11-04T11:08:51.131+0100] {dag.py:3239} INFO - Sync 1 DAGs
[2024-11-04T11:08:51.166+0100] {logging_mixin.py:190} INFO - [2024-11-04T11:08:51.166+0100] {dag.py:4180} INFO - Setting next_dagrun for example_task_group_decorator to None, run_after=None
[2024-11-04T11:08:51.174+0100] {processor.py:208} INFO - Processing /Users/nick/Desktop/Code/MSTeams_pipeline/airflow/lib/python3.11/site-packages/airflow/example_dags/example_task_group_decorator.py took 0.111 seconds
[2024-11-04T11:10:52.442+0100] {processor.py:186} INFO - Started process (PID=21348) to work on /Users/nick/Desktop/Code/MSTeams_pipeline/airflow/lib/python3.11/site-packages/airflow/example_dags/example_task_group_decorator.py
[2024-11-04T11:10:52.443+0100] {processor.py:914} INFO - Processing file /Users/nick/Desktop/Code/MSTeams_pipeline/airflow/lib/python3.11/site-packages/airflow/example_dags/example_task_group_decorator.py for tasks to queue
[2024-11-04T11:10:52.443+0100] {logging_mixin.py:190} INFO - [2024-11-04T11:10:52.443+0100] {dagbag.py:588} INFO - Filling up the DagBag from /Users/nick/Desktop/Code/MSTeams_pipeline/airflow/lib/python3.11/site-packages/airflow/example_dags/example_task_group_decorator.py
[2024-11-04T11:10:52.460+0100] {processor.py:925} INFO - DAG(s) 'example_task_group_decorator' retrieved from /Users/nick/Desktop/Code/MSTeams_pipeline/airflow/lib/python3.11/site-packages/airflow/example_dags/example_task_group_decorator.py
[2024-11-04T11:10:52.495+0100] {logging_mixin.py:190} INFO - [2024-11-04T11:10:52.495+0100] {dag.py:3239} INFO - Sync 1 DAGs
[2024-11-04T11:10:52.525+0100] {logging_mixin.py:190} INFO - [2024-11-04T11:10:52.524+0100] {dag.py:4180} INFO - Setting next_dagrun for example_task_group_decorator to None, run_after=None
[2024-11-04T11:10:52.532+0100] {processor.py:208} INFO - Processing /Users/nick/Desktop/Code/MSTeams_pipeline/airflow/lib/python3.11/site-packages/airflow/example_dags/example_task_group_decorator.py took 0.091 seconds
[2024-11-04T11:12:38.675+0100] {processor.py:186} INFO - Started process (PID=22853) to work on /Users/nick/Desktop/Code/MSTeams_pipeline/airflow/lib/python3.11/site-packages/airflow/example_dags/example_task_group_decorator.py
[2024-11-04T11:12:38.675+0100] {processor.py:914} INFO - Processing file /Users/nick/Desktop/Code/MSTeams_pipeline/airflow/lib/python3.11/site-packages/airflow/example_dags/example_task_group_decorator.py for tasks to queue
[2024-11-04T11:12:38.675+0100] {logging_mixin.py:190} INFO - [2024-11-04T11:12:38.675+0100] {dagbag.py:588} INFO - Filling up the DagBag from /Users/nick/Desktop/Code/MSTeams_pipeline/airflow/lib/python3.11/site-packages/airflow/example_dags/example_task_group_decorator.py
[2024-11-04T11:12:38.693+0100] {processor.py:925} INFO - DAG(s) 'example_task_group_decorator' retrieved from /Users/nick/Desktop/Code/MSTeams_pipeline/airflow/lib/python3.11/site-packages/airflow/example_dags/example_task_group_decorator.py
[2024-11-04T11:12:38.731+0100] {logging_mixin.py:190} INFO - [2024-11-04T11:12:38.731+0100] {dag.py:3239} INFO - Sync 1 DAGs
[2024-11-04T11:12:38.763+0100] {logging_mixin.py:190} INFO - [2024-11-04T11:12:38.762+0100] {dag.py:4180} INFO - Setting next_dagrun for example_task_group_decorator to None, run_after=None
[2024-11-04T11:12:38.770+0100] {processor.py:208} INFO - Processing /Users/nick/Desktop/Code/MSTeams_pipeline/airflow/lib/python3.11/site-packages/airflow/example_dags/example_task_group_decorator.py took 0.097 seconds
[2024-11-04T11:15:04.174+0100] {processor.py:186} INFO - Started process (PID=24759) to work on /Users/nick/airflow/airflow_venv/lib/python3.11/site-packages/airflow/example_dags/example_task_group_decorator.py
[2024-11-04T11:15:04.174+0100] {processor.py:914} INFO - Processing file /Users/nick/airflow/airflow_venv/lib/python3.11/site-packages/airflow/example_dags/example_task_group_decorator.py for tasks to queue
[2024-11-04T11:15:04.174+0100] {logging_mixin.py:190} INFO - [2024-11-04T11:15:04.174+0100] {dagbag.py:588} INFO - Filling up the DagBag from /Users/nick/airflow/airflow_venv/lib/python3.11/site-packages/airflow/example_dags/example_task_group_decorator.py
[2024-11-04T11:15:04.190+0100] {processor.py:925} INFO - DAG(s) 'example_task_group_decorator' retrieved from /Users/nick/airflow/airflow_venv/lib/python3.11/site-packages/airflow/example_dags/example_task_group_decorator.py
[2024-11-04T11:15:04.279+0100] {logging_mixin.py:190} INFO - [2024-11-04T11:15:04.279+0100] {dag.py:3239} INFO - Sync 1 DAGs
[2024-11-04T11:15:04.282+0100] {logging_mixin.py:190} INFO - [2024-11-04T11:15:04.282+0100] {dag.py:4180} INFO - Setting next_dagrun for example_task_group_decorator to None, run_after=None
[2024-11-04T11:15:04.289+0100] {processor.py:208} INFO - Processing /Users/nick/airflow/airflow_venv/lib/python3.11/site-packages/airflow/example_dags/example_task_group_decorator.py took 0.117 seconds
[2024-11-04T11:16:50.108+0100] {processor.py:186} INFO - Started process (PID=26253) to work on /Users/nick/airflow/airflow_venv/lib/python3.11/site-packages/airflow/example_dags/example_task_group_decorator.py
[2024-11-04T11:16:50.109+0100] {processor.py:914} INFO - Processing file /Users/nick/airflow/airflow_venv/lib/python3.11/site-packages/airflow/example_dags/example_task_group_decorator.py for tasks to queue
[2024-11-04T11:16:50.109+0100] {logging_mixin.py:190} INFO - [2024-11-04T11:16:50.109+0100] {dagbag.py:588} INFO - Filling up the DagBag from /Users/nick/airflow/airflow_venv/lib/python3.11/site-packages/airflow/example_dags/example_task_group_decorator.py
[2024-11-04T11:16:50.124+0100] {processor.py:925} INFO - DAG(s) 'example_task_group_decorator' retrieved from /Users/nick/airflow/airflow_venv/lib/python3.11/site-packages/airflow/example_dags/example_task_group_decorator.py
[2024-11-04T11:16:50.159+0100] {logging_mixin.py:190} INFO - [2024-11-04T11:16:50.159+0100] {dag.py:3239} INFO - Sync 1 DAGs
[2024-11-04T11:16:50.189+0100] {logging_mixin.py:190} INFO - [2024-11-04T11:16:50.189+0100] {dag.py:4180} INFO - Setting next_dagrun for example_task_group_decorator to None, run_after=None
[2024-11-04T11:16:50.196+0100] {processor.py:208} INFO - Processing /Users/nick/airflow/airflow_venv/lib/python3.11/site-packages/airflow/example_dags/example_task_group_decorator.py took 0.089 seconds
[2024-11-04T11:18:06.811+0100] {processor.py:186} INFO - Started process (PID=27270) to work on /Users/nick/airflow/airflow_venv/lib/python3.11/site-packages/airflow/example_dags/example_task_group_decorator.py
[2024-11-04T11:18:06.812+0100] {processor.py:914} INFO - Processing file /Users/nick/airflow/airflow_venv/lib/python3.11/site-packages/airflow/example_dags/example_task_group_decorator.py for tasks to queue
[2024-11-04T11:18:06.812+0100] {logging_mixin.py:190} INFO - [2024-11-04T11:18:06.812+0100] {dagbag.py:588} INFO - Filling up the DagBag from /Users/nick/airflow/airflow_venv/lib/python3.11/site-packages/airflow/example_dags/example_task_group_decorator.py
[2024-11-04T11:18:06.828+0100] {processor.py:925} INFO - DAG(s) 'example_task_group_decorator' retrieved from /Users/nick/airflow/airflow_venv/lib/python3.11/site-packages/airflow/example_dags/example_task_group_decorator.py
[2024-11-04T11:18:06.863+0100] {logging_mixin.py:190} INFO - [2024-11-04T11:18:06.862+0100] {dag.py:3239} INFO - Sync 1 DAGs
[2024-11-04T11:18:06.891+0100] {logging_mixin.py:190} INFO - [2024-11-04T11:18:06.891+0100] {dag.py:4180} INFO - Setting next_dagrun for example_task_group_decorator to None, run_after=None
[2024-11-04T11:18:06.898+0100] {processor.py:208} INFO - Processing /Users/nick/airflow/airflow_venv/lib/python3.11/site-packages/airflow/example_dags/example_task_group_decorator.py took 0.088 seconds
[2024-11-04T11:19:19.623+0100] {processor.py:186} INFO - Started process (PID=28159) to work on /Users/nick/airflow/airflow_venv/lib/python3.11/site-packages/airflow/example_dags/example_task_group_decorator.py
[2024-11-04T11:19:19.624+0100] {processor.py:914} INFO - Processing file /Users/nick/airflow/airflow_venv/lib/python3.11/site-packages/airflow/example_dags/example_task_group_decorator.py for tasks to queue
[2024-11-04T11:19:19.624+0100] {logging_mixin.py:190} INFO - [2024-11-04T11:19:19.624+0100] {dagbag.py:588} INFO - Filling up the DagBag from /Users/nick/airflow/airflow_venv/lib/python3.11/site-packages/airflow/example_dags/example_task_group_decorator.py
[2024-11-04T11:19:19.645+0100] {processor.py:925} INFO - DAG(s) 'example_task_group_decorator' retrieved from /Users/nick/airflow/airflow_venv/lib/python3.11/site-packages/airflow/example_dags/example_task_group_decorator.py
[2024-11-04T11:19:19.683+0100] {logging_mixin.py:190} INFO - [2024-11-04T11:19:19.683+0100] {dag.py:3239} INFO - Sync 1 DAGs
[2024-11-04T11:19:19.715+0100] {logging_mixin.py:190} INFO - [2024-11-04T11:19:19.714+0100] {dag.py:4180} INFO - Setting next_dagrun for example_task_group_decorator to None, run_after=None
[2024-11-04T11:19:19.723+0100] {processor.py:208} INFO - Processing /Users/nick/airflow/airflow_venv/lib/python3.11/site-packages/airflow/example_dags/example_task_group_decorator.py took 0.101 seconds
[2024-11-04T11:20:33.173+0100] {processor.py:186} INFO - Started process (PID=28991) to work on /Users/nick/airflow/airflow_venv/lib/python3.11/site-packages/airflow/example_dags/example_task_group_decorator.py
[2024-11-04T11:20:33.174+0100] {processor.py:914} INFO - Processing file /Users/nick/airflow/airflow_venv/lib/python3.11/site-packages/airflow/example_dags/example_task_group_decorator.py for tasks to queue
[2024-11-04T11:20:33.174+0100] {logging_mixin.py:190} INFO - [2024-11-04T11:20:33.174+0100] {dagbag.py:588} INFO - Filling up the DagBag from /Users/nick/airflow/airflow_venv/lib/python3.11/site-packages/airflow/example_dags/example_task_group_decorator.py
[2024-11-04T11:20:33.191+0100] {processor.py:925} INFO - DAG(s) 'example_task_group_decorator' retrieved from /Users/nick/airflow/airflow_venv/lib/python3.11/site-packages/airflow/example_dags/example_task_group_decorator.py
[2024-11-04T11:20:33.227+0100] {logging_mixin.py:190} INFO - [2024-11-04T11:20:33.226+0100] {dag.py:3239} INFO - Sync 1 DAGs
[2024-11-04T11:20:33.259+0100] {logging_mixin.py:190} INFO - [2024-11-04T11:20:33.259+0100] {dag.py:4180} INFO - Setting next_dagrun for example_task_group_decorator to None, run_after=None
[2024-11-04T11:20:33.266+0100] {processor.py:208} INFO - Processing /Users/nick/airflow/airflow_venv/lib/python3.11/site-packages/airflow/example_dags/example_task_group_decorator.py took 0.094 seconds
[2024-11-04T11:21:50.210+0100] {processor.py:186} INFO - Started process (PID=29833) to work on /Users/nick/airflow/airflow_venv/lib/python3.11/site-packages/airflow/example_dags/example_task_group_decorator.py
[2024-11-04T11:21:50.211+0100] {processor.py:914} INFO - Processing file /Users/nick/airflow/airflow_venv/lib/python3.11/site-packages/airflow/example_dags/example_task_group_decorator.py for tasks to queue
[2024-11-04T11:21:50.211+0100] {logging_mixin.py:190} INFO - [2024-11-04T11:21:50.211+0100] {dagbag.py:588} INFO - Filling up the DagBag from /Users/nick/airflow/airflow_venv/lib/python3.11/site-packages/airflow/example_dags/example_task_group_decorator.py
[2024-11-04T11:21:50.227+0100] {processor.py:925} INFO - DAG(s) 'example_task_group_decorator' retrieved from /Users/nick/airflow/airflow_venv/lib/python3.11/site-packages/airflow/example_dags/example_task_group_decorator.py
[2024-11-04T11:21:50.265+0100] {logging_mixin.py:190} INFO - [2024-11-04T11:21:50.265+0100] {dag.py:3239} INFO - Sync 1 DAGs
[2024-11-04T11:21:50.298+0100] {logging_mixin.py:190} INFO - [2024-11-04T11:21:50.298+0100] {dag.py:4180} INFO - Setting next_dagrun for example_task_group_decorator to None, run_after=None
[2024-11-04T11:21:50.307+0100] {processor.py:208} INFO - Processing /Users/nick/airflow/airflow_venv/lib/python3.11/site-packages/airflow/example_dags/example_task_group_decorator.py took 0.099 seconds
[2024-11-04T11:23:06.613+0100] {processor.py:186} INFO - Started process (PID=30750) to work on /Users/nick/airflow/airflow_venv/lib/python3.11/site-packages/airflow/example_dags/example_task_group_decorator.py
[2024-11-04T11:23:06.614+0100] {processor.py:914} INFO - Processing file /Users/nick/airflow/airflow_venv/lib/python3.11/site-packages/airflow/example_dags/example_task_group_decorator.py for tasks to queue
[2024-11-04T11:23:06.614+0100] {logging_mixin.py:190} INFO - [2024-11-04T11:23:06.614+0100] {dagbag.py:588} INFO - Filling up the DagBag from /Users/nick/airflow/airflow_venv/lib/python3.11/site-packages/airflow/example_dags/example_task_group_decorator.py
[2024-11-04T11:23:06.631+0100] {processor.py:925} INFO - DAG(s) 'example_task_group_decorator' retrieved from /Users/nick/airflow/airflow_venv/lib/python3.11/site-packages/airflow/example_dags/example_task_group_decorator.py
[2024-11-04T11:23:06.667+0100] {logging_mixin.py:190} INFO - [2024-11-04T11:23:06.667+0100] {dag.py:3239} INFO - Sync 1 DAGs
[2024-11-04T11:23:06.699+0100] {logging_mixin.py:190} INFO - [2024-11-04T11:23:06.699+0100] {dag.py:4180} INFO - Setting next_dagrun for example_task_group_decorator to None, run_after=None
[2024-11-04T11:23:06.706+0100] {processor.py:208} INFO - Processing /Users/nick/airflow/airflow_venv/lib/python3.11/site-packages/airflow/example_dags/example_task_group_decorator.py took 0.093 seconds
[2024-11-04T11:28:13.355+0100] {processor.py:186} INFO - Started process (PID=34524) to work on /Users/nick/airflow/airflow_venv/lib/python3.11/site-packages/airflow/example_dags/example_task_group_decorator.py
[2024-11-04T11:28:13.355+0100] {processor.py:914} INFO - Processing file /Users/nick/airflow/airflow_venv/lib/python3.11/site-packages/airflow/example_dags/example_task_group_decorator.py for tasks to queue
[2024-11-04T11:28:13.355+0100] {logging_mixin.py:190} INFO - [2024-11-04T11:28:13.355+0100] {dagbag.py:588} INFO - Filling up the DagBag from /Users/nick/airflow/airflow_venv/lib/python3.11/site-packages/airflow/example_dags/example_task_group_decorator.py
[2024-11-04T11:28:13.372+0100] {processor.py:925} INFO - DAG(s) 'example_task_group_decorator' retrieved from /Users/nick/airflow/airflow_venv/lib/python3.11/site-packages/airflow/example_dags/example_task_group_decorator.py
[2024-11-04T11:28:13.411+0100] {logging_mixin.py:190} INFO - [2024-11-04T11:28:13.411+0100] {dag.py:3239} INFO - Sync 1 DAGs
[2024-11-04T11:28:13.442+0100] {logging_mixin.py:190} INFO - [2024-11-04T11:28:13.442+0100] {dag.py:4180} INFO - Setting next_dagrun for example_task_group_decorator to None, run_after=None
[2024-11-04T11:28:13.450+0100] {processor.py:208} INFO - Processing /Users/nick/airflow/airflow_venv/lib/python3.11/site-packages/airflow/example_dags/example_task_group_decorator.py took 0.096 seconds
