[2024-11-04T11:05:38.724+0100] {processor.py:186} INFO - Started process (PID=17714) to work on /Users/nick/Desktop/Code/MSTeams_pipeline/airflow/lib/python3.11/site-packages/airflow/example_dags/example_branch_labels.py
[2024-11-04T11:05:38.725+0100] {processor.py:914} INFO - Processing file /Users/nick/Desktop/Code/MSTeams_pipeline/airflow/lib/python3.11/site-packages/airflow/example_dags/example_branch_labels.py for tasks to queue
[2024-11-04T11:05:38.725+0100] {logging_mixin.py:190} INFO - [2024-11-04T11:05:38.725+0100] {dagbag.py:588} INFO - Filling up the DagBag from /Users/nick/Desktop/Code/MSTeams_pipeline/airflow/lib/python3.11/site-packages/airflow/example_dags/example_branch_labels.py
[2024-11-04T11:05:38.729+0100] {processor.py:925} INFO - DAG(s) 'example_branch_labels' retrieved from /Users/nick/Desktop/Code/MSTeams_pipeline/airflow/lib/python3.11/site-packages/airflow/example_dags/example_branch_labels.py
[2024-11-04T11:05:38.823+0100] {logging_mixin.py:190} INFO - [2024-11-04T11:05:38.823+0100] {dag.py:3239} INFO - Sync 1 DAGs
[2024-11-04T11:05:38.830+0100] {logging_mixin.py:190} INFO - [2024-11-04T11:05:38.829+0100] {dag.py:4180} INFO - Setting next_dagrun for example_branch_labels to 2024-11-03 00:00:00+00:00, run_after=2024-11-04 00:00:00+00:00
[2024-11-04T11:05:38.837+0100] {processor.py:208} INFO - Processing /Users/nick/Desktop/Code/MSTeams_pipeline/airflow/lib/python3.11/site-packages/airflow/example_dags/example_branch_labels.py took 0.114 seconds
[2024-11-04T11:08:06.509+0100] {processor.py:186} INFO - Started process (PID=19434) to work on /Users/nick/Desktop/Code/MSTeams_pipeline/airflow/lib/python3.11/site-packages/airflow/example_dags/example_branch_labels.py
[2024-11-04T11:08:06.509+0100] {processor.py:914} INFO - Processing file /Users/nick/Desktop/Code/MSTeams_pipeline/airflow/lib/python3.11/site-packages/airflow/example_dags/example_branch_labels.py for tasks to queue
[2024-11-04T11:08:06.510+0100] {logging_mixin.py:190} INFO - [2024-11-04T11:08:06.510+0100] {dagbag.py:588} INFO - Filling up the DagBag from /Users/nick/Desktop/Code/MSTeams_pipeline/airflow/lib/python3.11/site-packages/airflow/example_dags/example_branch_labels.py
[2024-11-04T11:08:06.514+0100] {processor.py:925} INFO - DAG(s) 'example_branch_labels' retrieved from /Users/nick/Desktop/Code/MSTeams_pipeline/airflow/lib/python3.11/site-packages/airflow/example_dags/example_branch_labels.py
[2024-11-04T11:08:06.549+0100] {logging_mixin.py:190} INFO - [2024-11-04T11:08:06.549+0100] {dag.py:3239} INFO - Sync 1 DAGs
[2024-11-04T11:08:06.555+0100] {logging_mixin.py:190} INFO - [2024-11-04T11:08:06.555+0100] {dag.py:4180} INFO - Setting next_dagrun for example_branch_labels to 2024-11-03 00:00:00+00:00, run_after=2024-11-04 00:00:00+00:00
[2024-11-04T11:08:06.562+0100] {processor.py:208} INFO - Processing /Users/nick/Desktop/Code/MSTeams_pipeline/airflow/lib/python3.11/site-packages/airflow/example_dags/example_branch_labels.py took 0.055 seconds
[2024-11-04T11:11:52.077+0100] {processor.py:186} INFO - Started process (PID=22148) to work on /Users/nick/Desktop/Code/MSTeams_pipeline/airflow/lib/python3.11/site-packages/airflow/example_dags/example_branch_labels.py
[2024-11-04T11:11:52.078+0100] {processor.py:914} INFO - Processing file /Users/nick/Desktop/Code/MSTeams_pipeline/airflow/lib/python3.11/site-packages/airflow/example_dags/example_branch_labels.py for tasks to queue
[2024-11-04T11:11:52.078+0100] {logging_mixin.py:190} INFO - [2024-11-04T11:11:52.078+0100] {dagbag.py:588} INFO - Filling up the DagBag from /Users/nick/Desktop/Code/MSTeams_pipeline/airflow/lib/python3.11/site-packages/airflow/example_dags/example_branch_labels.py
[2024-11-04T11:11:52.081+0100] {processor.py:925} INFO - DAG(s) 'example_branch_labels' retrieved from /Users/nick/Desktop/Code/MSTeams_pipeline/airflow/lib/python3.11/site-packages/airflow/example_dags/example_branch_labels.py
[2024-11-04T11:11:52.119+0100] {logging_mixin.py:190} INFO - [2024-11-04T11:11:52.119+0100] {dag.py:3239} INFO - Sync 1 DAGs
[2024-11-04T11:11:52.125+0100] {logging_mixin.py:190} INFO - [2024-11-04T11:11:52.125+0100] {dag.py:4180} INFO - Setting next_dagrun for example_branch_labels to 2024-11-03 00:00:00+00:00, run_after=2024-11-04 00:00:00+00:00
[2024-11-04T11:11:52.132+0100] {processor.py:208} INFO - Processing /Users/nick/Desktop/Code/MSTeams_pipeline/airflow/lib/python3.11/site-packages/airflow/example_dags/example_branch_labels.py took 0.057 seconds
[2024-11-04T11:16:07.144+0100] {processor.py:186} INFO - Started process (PID=25527) to work on /Users/nick/airflow/airflow_venv/lib/python3.11/site-packages/airflow/example_dags/example_branch_labels.py
[2024-11-04T11:16:07.145+0100] {processor.py:914} INFO - Processing file /Users/nick/airflow/airflow_venv/lib/python3.11/site-packages/airflow/example_dags/example_branch_labels.py for tasks to queue
[2024-11-04T11:16:07.145+0100] {logging_mixin.py:190} INFO - [2024-11-04T11:16:07.145+0100] {dagbag.py:588} INFO - Filling up the DagBag from /Users/nick/airflow/airflow_venv/lib/python3.11/site-packages/airflow/example_dags/example_branch_labels.py
[2024-11-04T11:16:07.149+0100] {processor.py:925} INFO - DAG(s) 'example_branch_labels' retrieved from /Users/nick/airflow/airflow_venv/lib/python3.11/site-packages/airflow/example_dags/example_branch_labels.py
[2024-11-04T11:16:07.237+0100] {logging_mixin.py:190} INFO - [2024-11-04T11:16:07.237+0100] {dag.py:3239} INFO - Sync 1 DAGs
[2024-11-04T11:16:07.244+0100] {logging_mixin.py:190} INFO - [2024-11-04T11:16:07.243+0100] {dag.py:4180} INFO - Setting next_dagrun for example_branch_labels to 2024-11-03 00:00:00+00:00, run_after=2024-11-04 00:00:00+00:00
[2024-11-04T11:16:07.250+0100] {processor.py:208} INFO - Processing /Users/nick/airflow/airflow_venv/lib/python3.11/site-packages/airflow/example_dags/example_branch_labels.py took 0.107 seconds
[2024-11-04T11:18:37.531+0100] {processor.py:186} INFO - Started process (PID=27634) to work on /Users/nick/airflow/airflow_venv/lib/python3.11/site-packages/airflow/example_dags/example_branch_labels.py
[2024-11-04T11:18:37.532+0100] {processor.py:914} INFO - Processing file /Users/nick/airflow/airflow_venv/lib/python3.11/site-packages/airflow/example_dags/example_branch_labels.py for tasks to queue
[2024-11-04T11:18:37.532+0100] {logging_mixin.py:190} INFO - [2024-11-04T11:18:37.532+0100] {dagbag.py:588} INFO - Filling up the DagBag from /Users/nick/airflow/airflow_venv/lib/python3.11/site-packages/airflow/example_dags/example_branch_labels.py
[2024-11-04T11:18:37.535+0100] {processor.py:925} INFO - DAG(s) 'example_branch_labels' retrieved from /Users/nick/airflow/airflow_venv/lib/python3.11/site-packages/airflow/example_dags/example_branch_labels.py
[2024-11-04T11:18:37.569+0100] {logging_mixin.py:190} INFO - [2024-11-04T11:18:37.569+0100] {dag.py:3239} INFO - Sync 1 DAGs
[2024-11-04T11:18:37.575+0100] {logging_mixin.py:190} INFO - [2024-11-04T11:18:37.575+0100] {dag.py:4180} INFO - Setting next_dagrun for example_branch_labels to 2024-11-03 00:00:00+00:00, run_after=2024-11-04 00:00:00+00:00
[2024-11-04T11:18:37.582+0100] {processor.py:208} INFO - Processing /Users/nick/airflow/airflow_venv/lib/python3.11/site-packages/airflow/example_dags/example_branch_labels.py took 0.052 seconds
[2024-11-04T11:21:06.991+0100] {processor.py:186} INFO - Started process (PID=29350) to work on /Users/nick/airflow/airflow_venv/lib/python3.11/site-packages/airflow/example_dags/example_branch_labels.py
[2024-11-04T11:21:06.992+0100] {processor.py:914} INFO - Processing file /Users/nick/airflow/airflow_venv/lib/python3.11/site-packages/airflow/example_dags/example_branch_labels.py for tasks to queue
[2024-11-04T11:21:06.992+0100] {logging_mixin.py:190} INFO - [2024-11-04T11:21:06.992+0100] {dagbag.py:588} INFO - Filling up the DagBag from /Users/nick/airflow/airflow_venv/lib/python3.11/site-packages/airflow/example_dags/example_branch_labels.py
[2024-11-04T11:21:06.995+0100] {processor.py:925} INFO - DAG(s) 'example_branch_labels' retrieved from /Users/nick/airflow/airflow_venv/lib/python3.11/site-packages/airflow/example_dags/example_branch_labels.py
[2024-11-04T11:21:07.033+0100] {logging_mixin.py:190} INFO - [2024-11-04T11:21:07.033+0100] {dag.py:3239} INFO - Sync 1 DAGs
[2024-11-04T11:21:07.039+0100] {logging_mixin.py:190} INFO - [2024-11-04T11:21:07.039+0100] {dag.py:4180} INFO - Setting next_dagrun for example_branch_labels to 2024-11-03 00:00:00+00:00, run_after=2024-11-04 00:00:00+00:00
[2024-11-04T11:21:07.046+0100] {processor.py:208} INFO - Processing /Users/nick/airflow/airflow_venv/lib/python3.11/site-packages/airflow/example_dags/example_branch_labels.py took 0.056 seconds
[2024-11-04T11:23:36.750+0100] {processor.py:186} INFO - Started process (PID=31084) to work on /Users/nick/airflow/airflow_venv/lib/python3.11/site-packages/airflow/example_dags/example_branch_labels.py
[2024-11-04T11:23:36.751+0100] {processor.py:914} INFO - Processing file /Users/nick/airflow/airflow_venv/lib/python3.11/site-packages/airflow/example_dags/example_branch_labels.py for tasks to queue
[2024-11-04T11:23:36.752+0100] {logging_mixin.py:190} INFO - [2024-11-04T11:23:36.752+0100] {dagbag.py:588} INFO - Filling up the DagBag from /Users/nick/airflow/airflow_venv/lib/python3.11/site-packages/airflow/example_dags/example_branch_labels.py
[2024-11-04T11:23:36.755+0100] {processor.py:925} INFO - DAG(s) 'example_branch_labels' retrieved from /Users/nick/airflow/airflow_venv/lib/python3.11/site-packages/airflow/example_dags/example_branch_labels.py
[2024-11-04T11:23:36.793+0100] {logging_mixin.py:190} INFO - [2024-11-04T11:23:36.793+0100] {dag.py:3239} INFO - Sync 1 DAGs
[2024-11-04T11:23:36.800+0100] {logging_mixin.py:190} INFO - [2024-11-04T11:23:36.800+0100] {dag.py:4180} INFO - Setting next_dagrun for example_branch_labels to 2024-11-03 00:00:00+00:00, run_after=2024-11-04 00:00:00+00:00
[2024-11-04T11:23:36.807+0100] {processor.py:208} INFO - Processing /Users/nick/airflow/airflow_venv/lib/python3.11/site-packages/airflow/example_dags/example_branch_labels.py took 0.058 seconds
