[2024-11-04T11:04:40.673+0100] {processor.py:186} INFO - Started process (PID=16912) to work on /Users/nick/Desktop/Code/MSTeams_pipeline/airflow/lib/python3.11/site-packages/airflow/example_dags/example_subdag_operator.py
[2024-11-04T11:04:40.673+0100] {processor.py:914} INFO - Processing file /Users/nick/Desktop/Code/MSTeams_pipeline/airflow/lib/python3.11/site-packages/airflow/example_dags/example_subdag_operator.py for tasks to queue
[2024-11-04T11:04:40.673+0100] {logging_mixin.py:190} INFO - [2024-11-04T11:04:40.673+0100] {dagbag.py:588} INFO - Filling up the DagBag from /Users/nick/Desktop/Code/MSTeams_pipeline/airflow/lib/python3.11/site-packages/airflow/example_dags/example_subdag_operator.py
[2024-11-04T11:04:40.710+0100] {processor.py:925} INFO - DAG(s) 'example_subdag_operator.section-1', 'example_subdag_operator.section-2', 'example_subdag_operator' retrieved from /Users/nick/Desktop/Code/MSTeams_pipeline/airflow/lib/python3.11/site-packages/airflow/example_dags/example_subdag_operator.py
[2024-11-04T11:04:40.716+0100] {logging_mixin.py:190} INFO - [2024-11-04T11:04:40.716+0100] {workday.py:41} WARNING - Could not import pandas. Holidays will not be considered.
[2024-11-04T11:04:40.780+0100] {logging_mixin.py:190} INFO - [2024-11-04T11:04:40.780+0100] {dag.py:3239} INFO - Sync 3 DAGs
[2024-11-04T11:04:40.787+0100] {logging_mixin.py:190} INFO - [2024-11-04T11:04:40.787+0100] {dag.py:4180} INFO - Setting next_dagrun for example_subdag_operator to 2022-01-01 00:00:00+00:00, run_after=2022-01-01 00:00:00+00:00
[2024-11-04T11:04:40.788+0100] {logging_mixin.py:190} INFO - [2024-11-04T11:04:40.788+0100] {dag.py:4180} INFO - Setting next_dagrun for example_subdag_operator.section-1 to None, run_after=None
[2024-11-04T11:04:40.788+0100] {logging_mixin.py:190} INFO - [2024-11-04T11:04:40.788+0100] {dag.py:4180} INFO - Setting next_dagrun for example_subdag_operator.section-2 to None, run_after=None
[2024-11-04T11:04:40.790+0100] {logging_mixin.py:190} INFO - [2024-11-04T11:04:40.790+0100] {dag.py:3239} INFO - Sync 2 DAGs
[2024-11-04T11:04:40.792+0100] {logging_mixin.py:190} INFO - [2024-11-04T11:04:40.792+0100] {dag.py:4180} INFO - Setting next_dagrun for example_subdag_operator.section-1 to None, run_after=None
[2024-11-04T11:04:40.792+0100] {logging_mixin.py:190} INFO - [2024-11-04T11:04:40.792+0100] {dag.py:4180} INFO - Setting next_dagrun for example_subdag_operator.section-2 to None, run_after=None
[2024-11-04T11:04:40.797+0100] {processor.py:208} INFO - Processing /Users/nick/Desktop/Code/MSTeams_pipeline/airflow/lib/python3.11/site-packages/airflow/example_dags/example_subdag_operator.py took 0.126 seconds
[2024-11-04T11:06:25.350+0100] {processor.py:186} INFO - Started process (PID=18220) to work on /Users/nick/Desktop/Code/MSTeams_pipeline/airflow/lib/python3.11/site-packages/airflow/example_dags/example_subdag_operator.py
[2024-11-04T11:06:25.352+0100] {processor.py:914} INFO - Processing file /Users/nick/Desktop/Code/MSTeams_pipeline/airflow/lib/python3.11/site-packages/airflow/example_dags/example_subdag_operator.py for tasks to queue
[2024-11-04T11:06:25.352+0100] {logging_mixin.py:190} INFO - [2024-11-04T11:06:25.352+0100] {dagbag.py:588} INFO - Filling up the DagBag from /Users/nick/Desktop/Code/MSTeams_pipeline/airflow/lib/python3.11/site-packages/airflow/example_dags/example_subdag_operator.py
[2024-11-04T11:06:25.386+0100] {processor.py:925} INFO - DAG(s) 'example_subdag_operator.section-1', 'example_subdag_operator.section-2', 'example_subdag_operator' retrieved from /Users/nick/Desktop/Code/MSTeams_pipeline/airflow/lib/python3.11/site-packages/airflow/example_dags/example_subdag_operator.py
[2024-11-04T11:06:25.391+0100] {logging_mixin.py:190} INFO - [2024-11-04T11:06:25.391+0100] {workday.py:41} WARNING - Could not import pandas. Holidays will not be considered.
[2024-11-04T11:06:25.396+0100] {logging_mixin.py:190} INFO - [2024-11-04T11:06:25.396+0100] {dag.py:3239} INFO - Sync 3 DAGs
[2024-11-04T11:06:25.402+0100] {logging_mixin.py:190} INFO - [2024-11-04T11:06:25.402+0100] {dag.py:4180} INFO - Setting next_dagrun for example_subdag_operator to 2022-01-01 00:00:00+00:00, run_after=2022-01-01 00:00:00+00:00
[2024-11-04T11:06:25.403+0100] {logging_mixin.py:190} INFO - [2024-11-04T11:06:25.403+0100] {dag.py:4180} INFO - Setting next_dagrun for example_subdag_operator.section-1 to None, run_after=None
[2024-11-04T11:06:25.403+0100] {logging_mixin.py:190} INFO - [2024-11-04T11:06:25.403+0100] {dag.py:4180} INFO - Setting next_dagrun for example_subdag_operator.section-2 to None, run_after=None
[2024-11-04T11:06:25.405+0100] {logging_mixin.py:190} INFO - [2024-11-04T11:06:25.405+0100] {dag.py:3239} INFO - Sync 2 DAGs
[2024-11-04T11:06:25.406+0100] {logging_mixin.py:190} INFO - [2024-11-04T11:06:25.406+0100] {dag.py:4180} INFO - Setting next_dagrun for example_subdag_operator.section-1 to None, run_after=None
[2024-11-04T11:06:25.406+0100] {logging_mixin.py:190} INFO - [2024-11-04T11:06:25.406+0100] {dag.py:4180} INFO - Setting next_dagrun for example_subdag_operator.section-2 to None, run_after=None
[2024-11-04T11:06:25.411+0100] {processor.py:208} INFO - Processing /Users/nick/Desktop/Code/MSTeams_pipeline/airflow/lib/python3.11/site-packages/airflow/example_dags/example_subdag_operator.py took 0.061 seconds
[2024-11-04T11:07:40.060+0100] {processor.py:186} INFO - Started process (PID=19095) to work on /Users/nick/Desktop/Code/MSTeams_pipeline/airflow/lib/python3.11/site-packages/airflow/example_dags/example_subdag_operator.py
[2024-11-04T11:07:40.061+0100] {processor.py:914} INFO - Processing file /Users/nick/Desktop/Code/MSTeams_pipeline/airflow/lib/python3.11/site-packages/airflow/example_dags/example_subdag_operator.py for tasks to queue
[2024-11-04T11:07:40.061+0100] {logging_mixin.py:190} INFO - [2024-11-04T11:07:40.061+0100] {dagbag.py:588} INFO - Filling up the DagBag from /Users/nick/Desktop/Code/MSTeams_pipeline/airflow/lib/python3.11/site-packages/airflow/example_dags/example_subdag_operator.py
[2024-11-04T11:07:40.098+0100] {processor.py:925} INFO - DAG(s) 'example_subdag_operator.section-1', 'example_subdag_operator.section-2', 'example_subdag_operator' retrieved from /Users/nick/Desktop/Code/MSTeams_pipeline/airflow/lib/python3.11/site-packages/airflow/example_dags/example_subdag_operator.py
[2024-11-04T11:07:40.104+0100] {logging_mixin.py:190} INFO - [2024-11-04T11:07:40.104+0100] {workday.py:41} WARNING - Could not import pandas. Holidays will not be considered.
[2024-11-04T11:07:40.111+0100] {logging_mixin.py:190} INFO - [2024-11-04T11:07:40.110+0100] {dag.py:3239} INFO - Sync 3 DAGs
[2024-11-04T11:07:40.117+0100] {logging_mixin.py:190} INFO - [2024-11-04T11:07:40.117+0100] {dag.py:4180} INFO - Setting next_dagrun for example_subdag_operator to 2022-01-01 00:00:00+00:00, run_after=2022-01-01 00:00:00+00:00
[2024-11-04T11:07:40.118+0100] {logging_mixin.py:190} INFO - [2024-11-04T11:07:40.118+0100] {dag.py:4180} INFO - Setting next_dagrun for example_subdag_operator.section-1 to None, run_after=None
[2024-11-04T11:07:40.118+0100] {logging_mixin.py:190} INFO - [2024-11-04T11:07:40.118+0100] {dag.py:4180} INFO - Setting next_dagrun for example_subdag_operator.section-2 to None, run_after=None
[2024-11-04T11:07:40.120+0100] {logging_mixin.py:190} INFO - [2024-11-04T11:07:40.120+0100] {dag.py:3239} INFO - Sync 2 DAGs
[2024-11-04T11:07:40.122+0100] {logging_mixin.py:190} INFO - [2024-11-04T11:07:40.122+0100] {dag.py:4180} INFO - Setting next_dagrun for example_subdag_operator.section-1 to None, run_after=None
[2024-11-04T11:07:40.122+0100] {logging_mixin.py:190} INFO - [2024-11-04T11:07:40.122+0100] {dag.py:4180} INFO - Setting next_dagrun for example_subdag_operator.section-2 to None, run_after=None
[2024-11-04T11:07:40.128+0100] {processor.py:208} INFO - Processing /Users/nick/Desktop/Code/MSTeams_pipeline/airflow/lib/python3.11/site-packages/airflow/example_dags/example_subdag_operator.py took 0.070 seconds
[2024-11-04T11:08:54.050+0100] {processor.py:186} INFO - Started process (PID=20022) to work on /Users/nick/Desktop/Code/MSTeams_pipeline/airflow/lib/python3.11/site-packages/airflow/example_dags/example_subdag_operator.py
[2024-11-04T11:08:54.051+0100] {processor.py:914} INFO - Processing file /Users/nick/Desktop/Code/MSTeams_pipeline/airflow/lib/python3.11/site-packages/airflow/example_dags/example_subdag_operator.py for tasks to queue
[2024-11-04T11:08:54.052+0100] {logging_mixin.py:190} INFO - [2024-11-04T11:08:54.051+0100] {dagbag.py:588} INFO - Filling up the DagBag from /Users/nick/Desktop/Code/MSTeams_pipeline/airflow/lib/python3.11/site-packages/airflow/example_dags/example_subdag_operator.py
[2024-11-04T11:08:54.090+0100] {processor.py:925} INFO - DAG(s) 'example_subdag_operator.section-1', 'example_subdag_operator.section-2', 'example_subdag_operator' retrieved from /Users/nick/Desktop/Code/MSTeams_pipeline/airflow/lib/python3.11/site-packages/airflow/example_dags/example_subdag_operator.py
[2024-11-04T11:08:54.096+0100] {logging_mixin.py:190} INFO - [2024-11-04T11:08:54.096+0100] {workday.py:41} WARNING - Could not import pandas. Holidays will not be considered.
[2024-11-04T11:08:54.102+0100] {logging_mixin.py:190} INFO - [2024-11-04T11:08:54.102+0100] {dag.py:3239} INFO - Sync 3 DAGs
[2024-11-04T11:08:54.108+0100] {logging_mixin.py:190} INFO - [2024-11-04T11:08:54.108+0100] {dag.py:4180} INFO - Setting next_dagrun for example_subdag_operator to 2022-01-01 00:00:00+00:00, run_after=2022-01-01 00:00:00+00:00
[2024-11-04T11:08:54.110+0100] {logging_mixin.py:190} INFO - [2024-11-04T11:08:54.110+0100] {dag.py:4180} INFO - Setting next_dagrun for example_subdag_operator.section-1 to None, run_after=None
[2024-11-04T11:08:54.110+0100] {logging_mixin.py:190} INFO - [2024-11-04T11:08:54.110+0100] {dag.py:4180} INFO - Setting next_dagrun for example_subdag_operator.section-2 to None, run_after=None
[2024-11-04T11:08:54.112+0100] {logging_mixin.py:190} INFO - [2024-11-04T11:08:54.112+0100] {dag.py:3239} INFO - Sync 2 DAGs
[2024-11-04T11:08:54.113+0100] {logging_mixin.py:190} INFO - [2024-11-04T11:08:54.113+0100] {dag.py:4180} INFO - Setting next_dagrun for example_subdag_operator.section-1 to None, run_after=None
[2024-11-04T11:08:54.114+0100] {logging_mixin.py:190} INFO - [2024-11-04T11:08:54.114+0100] {dag.py:4180} INFO - Setting next_dagrun for example_subdag_operator.section-2 to None, run_after=None
[2024-11-04T11:08:54.119+0100] {processor.py:208} INFO - Processing /Users/nick/Desktop/Code/MSTeams_pipeline/airflow/lib/python3.11/site-packages/airflow/example_dags/example_subdag_operator.py took 0.070 seconds
[2024-11-04T11:10:54.449+0100] {processor.py:186} INFO - Started process (PID=21360) to work on /Users/nick/Desktop/Code/MSTeams_pipeline/airflow/lib/python3.11/site-packages/airflow/example_dags/example_subdag_operator.py
[2024-11-04T11:10:54.450+0100] {processor.py:914} INFO - Processing file /Users/nick/Desktop/Code/MSTeams_pipeline/airflow/lib/python3.11/site-packages/airflow/example_dags/example_subdag_operator.py for tasks to queue
[2024-11-04T11:10:54.451+0100] {logging_mixin.py:190} INFO - [2024-11-04T11:10:54.451+0100] {dagbag.py:588} INFO - Filling up the DagBag from /Users/nick/Desktop/Code/MSTeams_pipeline/airflow/lib/python3.11/site-packages/airflow/example_dags/example_subdag_operator.py
[2024-11-04T11:10:54.490+0100] {processor.py:925} INFO - DAG(s) 'example_subdag_operator.section-1', 'example_subdag_operator.section-2', 'example_subdag_operator' retrieved from /Users/nick/Desktop/Code/MSTeams_pipeline/airflow/lib/python3.11/site-packages/airflow/example_dags/example_subdag_operator.py
[2024-11-04T11:10:54.684+0100] {logging_mixin.py:190} INFO - [2024-11-04T11:10:54.684+0100] {dag.py:3239} INFO - Sync 3 DAGs
[2024-11-04T11:10:54.691+0100] {logging_mixin.py:190} INFO - [2024-11-04T11:10:54.691+0100] {dag.py:4180} INFO - Setting next_dagrun for example_subdag_operator to 2022-01-01 00:00:00+00:00, run_after=2022-01-01 00:00:00+00:00
[2024-11-04T11:10:54.693+0100] {logging_mixin.py:190} INFO - [2024-11-04T11:10:54.693+0100] {dag.py:4180} INFO - Setting next_dagrun for example_subdag_operator.section-1 to None, run_after=None
[2024-11-04T11:10:54.693+0100] {logging_mixin.py:190} INFO - [2024-11-04T11:10:54.693+0100] {dag.py:4180} INFO - Setting next_dagrun for example_subdag_operator.section-2 to None, run_after=None
[2024-11-04T11:10:54.696+0100] {logging_mixin.py:190} INFO - [2024-11-04T11:10:54.696+0100] {dag.py:3239} INFO - Sync 2 DAGs
[2024-11-04T11:10:54.697+0100] {logging_mixin.py:190} INFO - [2024-11-04T11:10:54.697+0100] {dag.py:4180} INFO - Setting next_dagrun for example_subdag_operator.section-1 to None, run_after=None
[2024-11-04T11:10:54.697+0100] {logging_mixin.py:190} INFO - [2024-11-04T11:10:54.697+0100] {dag.py:4180} INFO - Setting next_dagrun for example_subdag_operator.section-2 to None, run_after=None
[2024-11-04T11:10:54.702+0100] {processor.py:208} INFO - Processing /Users/nick/Desktop/Code/MSTeams_pipeline/airflow/lib/python3.11/site-packages/airflow/example_dags/example_subdag_operator.py took 0.255 seconds
[2024-11-04T11:12:41.768+0100] {processor.py:186} INFO - Started process (PID=22858) to work on /Users/nick/Desktop/Code/MSTeams_pipeline/airflow/lib/python3.11/site-packages/airflow/example_dags/example_subdag_operator.py
[2024-11-04T11:12:41.768+0100] {processor.py:914} INFO - Processing file /Users/nick/Desktop/Code/MSTeams_pipeline/airflow/lib/python3.11/site-packages/airflow/example_dags/example_subdag_operator.py for tasks to queue
[2024-11-04T11:12:41.768+0100] {logging_mixin.py:190} INFO - [2024-11-04T11:12:41.768+0100] {dagbag.py:588} INFO - Filling up the DagBag from /Users/nick/Desktop/Code/MSTeams_pipeline/airflow/lib/python3.11/site-packages/airflow/example_dags/example_subdag_operator.py
[2024-11-04T11:12:41.803+0100] {processor.py:925} INFO - DAG(s) 'example_subdag_operator.section-1', 'example_subdag_operator.section-2', 'example_subdag_operator' retrieved from /Users/nick/Desktop/Code/MSTeams_pipeline/airflow/lib/python3.11/site-packages/airflow/example_dags/example_subdag_operator.py
[2024-11-04T11:12:41.967+0100] {logging_mixin.py:190} INFO - [2024-11-04T11:12:41.967+0100] {dag.py:3239} INFO - Sync 3 DAGs
[2024-11-04T11:12:41.973+0100] {logging_mixin.py:190} INFO - [2024-11-04T11:12:41.973+0100] {dag.py:4180} INFO - Setting next_dagrun for example_subdag_operator to 2022-01-01 00:00:00+00:00, run_after=2022-01-01 00:00:00+00:00
[2024-11-04T11:12:41.974+0100] {logging_mixin.py:190} INFO - [2024-11-04T11:12:41.974+0100] {dag.py:4180} INFO - Setting next_dagrun for example_subdag_operator.section-1 to None, run_after=None
[2024-11-04T11:12:41.974+0100] {logging_mixin.py:190} INFO - [2024-11-04T11:12:41.974+0100] {dag.py:4180} INFO - Setting next_dagrun for example_subdag_operator.section-2 to None, run_after=None
[2024-11-04T11:12:41.976+0100] {logging_mixin.py:190} INFO - [2024-11-04T11:12:41.976+0100] {dag.py:3239} INFO - Sync 2 DAGs
[2024-11-04T11:12:41.977+0100] {logging_mixin.py:190} INFO - [2024-11-04T11:12:41.977+0100] {dag.py:4180} INFO - Setting next_dagrun for example_subdag_operator.section-1 to None, run_after=None
[2024-11-04T11:12:41.978+0100] {logging_mixin.py:190} INFO - [2024-11-04T11:12:41.978+0100] {dag.py:4180} INFO - Setting next_dagrun for example_subdag_operator.section-2 to None, run_after=None
[2024-11-04T11:12:41.981+0100] {processor.py:208} INFO - Processing /Users/nick/Desktop/Code/MSTeams_pipeline/airflow/lib/python3.11/site-packages/airflow/example_dags/example_subdag_operator.py took 0.215 seconds
[2024-11-04T11:15:08.855+0100] {processor.py:186} INFO - Started process (PID=24864) to work on /Users/nick/airflow/airflow_venv/lib/python3.11/site-packages/airflow/example_dags/example_subdag_operator.py
[2024-11-04T11:15:08.855+0100] {processor.py:914} INFO - Processing file /Users/nick/airflow/airflow_venv/lib/python3.11/site-packages/airflow/example_dags/example_subdag_operator.py for tasks to queue
[2024-11-04T11:15:08.856+0100] {logging_mixin.py:190} INFO - [2024-11-04T11:15:08.856+0100] {dagbag.py:588} INFO - Filling up the DagBag from /Users/nick/airflow/airflow_venv/lib/python3.11/site-packages/airflow/example_dags/example_subdag_operator.py
[2024-11-04T11:15:08.892+0100] {processor.py:925} INFO - DAG(s) 'example_subdag_operator.section-1', 'example_subdag_operator.section-2', 'example_subdag_operator' retrieved from /Users/nick/airflow/airflow_venv/lib/python3.11/site-packages/airflow/example_dags/example_subdag_operator.py
[2024-11-04T11:15:08.898+0100] {logging_mixin.py:190} INFO - [2024-11-04T11:15:08.898+0100] {workday.py:41} WARNING - Could not import pandas. Holidays will not be considered.
[2024-11-04T11:15:08.959+0100] {logging_mixin.py:190} INFO - [2024-11-04T11:15:08.959+0100] {dag.py:3239} INFO - Sync 3 DAGs
[2024-11-04T11:15:08.965+0100] {logging_mixin.py:190} INFO - [2024-11-04T11:15:08.965+0100] {dag.py:4180} INFO - Setting next_dagrun for example_subdag_operator to 2022-01-01 00:00:00+00:00, run_after=2022-01-01 00:00:00+00:00
[2024-11-04T11:15:08.966+0100] {logging_mixin.py:190} INFO - [2024-11-04T11:15:08.965+0100] {dag.py:4180} INFO - Setting next_dagrun for example_subdag_operator.section-1 to None, run_after=None
[2024-11-04T11:15:08.966+0100] {logging_mixin.py:190} INFO - [2024-11-04T11:15:08.966+0100] {dag.py:4180} INFO - Setting next_dagrun for example_subdag_operator.section-2 to None, run_after=None
[2024-11-04T11:15:08.969+0100] {logging_mixin.py:190} INFO - [2024-11-04T11:15:08.968+0100] {dag.py:3239} INFO - Sync 2 DAGs
[2024-11-04T11:15:08.970+0100] {logging_mixin.py:190} INFO - [2024-11-04T11:15:08.970+0100] {dag.py:4180} INFO - Setting next_dagrun for example_subdag_operator.section-1 to None, run_after=None
[2024-11-04T11:15:08.970+0100] {logging_mixin.py:190} INFO - [2024-11-04T11:15:08.970+0100] {dag.py:4180} INFO - Setting next_dagrun for example_subdag_operator.section-2 to None, run_after=None
[2024-11-04T11:15:08.974+0100] {processor.py:208} INFO - Processing /Users/nick/airflow/airflow_venv/lib/python3.11/site-packages/airflow/example_dags/example_subdag_operator.py took 0.120 seconds
[2024-11-04T11:16:53.695+0100] {processor.py:186} INFO - Started process (PID=26379) to work on /Users/nick/airflow/airflow_venv/lib/python3.11/site-packages/airflow/example_dags/example_subdag_operator.py
[2024-11-04T11:16:53.695+0100] {processor.py:914} INFO - Processing file /Users/nick/airflow/airflow_venv/lib/python3.11/site-packages/airflow/example_dags/example_subdag_operator.py for tasks to queue
[2024-11-04T11:16:53.695+0100] {logging_mixin.py:190} INFO - [2024-11-04T11:16:53.695+0100] {dagbag.py:588} INFO - Filling up the DagBag from /Users/nick/airflow/airflow_venv/lib/python3.11/site-packages/airflow/example_dags/example_subdag_operator.py
[2024-11-04T11:16:53.731+0100] {processor.py:925} INFO - DAG(s) 'example_subdag_operator.section-1', 'example_subdag_operator.section-2', 'example_subdag_operator' retrieved from /Users/nick/airflow/airflow_venv/lib/python3.11/site-packages/airflow/example_dags/example_subdag_operator.py
[2024-11-04T11:16:53.737+0100] {logging_mixin.py:190} INFO - [2024-11-04T11:16:53.736+0100] {workday.py:41} WARNING - Could not import pandas. Holidays will not be considered.
[2024-11-04T11:16:53.743+0100] {logging_mixin.py:190} INFO - [2024-11-04T11:16:53.743+0100] {dag.py:3239} INFO - Sync 3 DAGs
[2024-11-04T11:16:53.749+0100] {logging_mixin.py:190} INFO - [2024-11-04T11:16:53.749+0100] {dag.py:4180} INFO - Setting next_dagrun for example_subdag_operator to 2022-01-01 00:00:00+00:00, run_after=2022-01-01 00:00:00+00:00
[2024-11-04T11:16:53.750+0100] {logging_mixin.py:190} INFO - [2024-11-04T11:16:53.750+0100] {dag.py:4180} INFO - Setting next_dagrun for example_subdag_operator.section-1 to None, run_after=None
[2024-11-04T11:16:53.751+0100] {logging_mixin.py:190} INFO - [2024-11-04T11:16:53.750+0100] {dag.py:4180} INFO - Setting next_dagrun for example_subdag_operator.section-2 to None, run_after=None
[2024-11-04T11:16:53.753+0100] {logging_mixin.py:190} INFO - [2024-11-04T11:16:53.753+0100] {dag.py:3239} INFO - Sync 2 DAGs
[2024-11-04T11:16:53.754+0100] {logging_mixin.py:190} INFO - [2024-11-04T11:16:53.754+0100] {dag.py:4180} INFO - Setting next_dagrun for example_subdag_operator.section-1 to None, run_after=None
[2024-11-04T11:16:53.754+0100] {logging_mixin.py:190} INFO - [2024-11-04T11:16:53.754+0100] {dag.py:4180} INFO - Setting next_dagrun for example_subdag_operator.section-2 to None, run_after=None
[2024-11-04T11:16:53.759+0100] {processor.py:208} INFO - Processing /Users/nick/airflow/airflow_venv/lib/python3.11/site-packages/airflow/example_dags/example_subdag_operator.py took 0.065 seconds
[2024-11-04T11:18:10.405+0100] {processor.py:186} INFO - Started process (PID=27273) to work on /Users/nick/airflow/airflow_venv/lib/python3.11/site-packages/airflow/example_dags/example_subdag_operator.py
[2024-11-04T11:18:10.406+0100] {processor.py:914} INFO - Processing file /Users/nick/airflow/airflow_venv/lib/python3.11/site-packages/airflow/example_dags/example_subdag_operator.py for tasks to queue
[2024-11-04T11:18:10.406+0100] {logging_mixin.py:190} INFO - [2024-11-04T11:18:10.406+0100] {dagbag.py:588} INFO - Filling up the DagBag from /Users/nick/airflow/airflow_venv/lib/python3.11/site-packages/airflow/example_dags/example_subdag_operator.py
[2024-11-04T11:18:10.441+0100] {processor.py:925} INFO - DAG(s) 'example_subdag_operator.section-1', 'example_subdag_operator.section-2', 'example_subdag_operator' retrieved from /Users/nick/airflow/airflow_venv/lib/python3.11/site-packages/airflow/example_dags/example_subdag_operator.py
[2024-11-04T11:18:10.446+0100] {logging_mixin.py:190} INFO - [2024-11-04T11:18:10.446+0100] {workday.py:41} WARNING - Could not import pandas. Holidays will not be considered.
[2024-11-04T11:18:10.451+0100] {logging_mixin.py:190} INFO - [2024-11-04T11:18:10.451+0100] {dag.py:3239} INFO - Sync 3 DAGs
[2024-11-04T11:18:10.457+0100] {logging_mixin.py:190} INFO - [2024-11-04T11:18:10.457+0100] {dag.py:4180} INFO - Setting next_dagrun for example_subdag_operator to 2022-01-01 00:00:00+00:00, run_after=2022-01-01 00:00:00+00:00
[2024-11-04T11:18:10.458+0100] {logging_mixin.py:190} INFO - [2024-11-04T11:18:10.458+0100] {dag.py:4180} INFO - Setting next_dagrun for example_subdag_operator.section-1 to None, run_after=None
[2024-11-04T11:18:10.459+0100] {logging_mixin.py:190} INFO - [2024-11-04T11:18:10.458+0100] {dag.py:4180} INFO - Setting next_dagrun for example_subdag_operator.section-2 to None, run_after=None
[2024-11-04T11:18:10.460+0100] {logging_mixin.py:190} INFO - [2024-11-04T11:18:10.460+0100] {dag.py:3239} INFO - Sync 2 DAGs
[2024-11-04T11:18:10.462+0100] {logging_mixin.py:190} INFO - [2024-11-04T11:18:10.462+0100] {dag.py:4180} INFO - Setting next_dagrun for example_subdag_operator.section-1 to None, run_after=None
[2024-11-04T11:18:10.462+0100] {logging_mixin.py:190} INFO - [2024-11-04T11:18:10.462+0100] {dag.py:4180} INFO - Setting next_dagrun for example_subdag_operator.section-2 to None, run_after=None
[2024-11-04T11:18:10.466+0100] {processor.py:208} INFO - Processing /Users/nick/airflow/airflow_venv/lib/python3.11/site-packages/airflow/example_dags/example_subdag_operator.py took 0.062 seconds
[2024-11-04T11:19:23.435+0100] {processor.py:186} INFO - Started process (PID=28161) to work on /Users/nick/airflow/airflow_venv/lib/python3.11/site-packages/airflow/example_dags/example_subdag_operator.py
[2024-11-04T11:19:23.435+0100] {processor.py:914} INFO - Processing file /Users/nick/airflow/airflow_venv/lib/python3.11/site-packages/airflow/example_dags/example_subdag_operator.py for tasks to queue
[2024-11-04T11:19:23.436+0100] {logging_mixin.py:190} INFO - [2024-11-04T11:19:23.436+0100] {dagbag.py:588} INFO - Filling up the DagBag from /Users/nick/airflow/airflow_venv/lib/python3.11/site-packages/airflow/example_dags/example_subdag_operator.py
[2024-11-04T11:19:23.473+0100] {processor.py:925} INFO - DAG(s) 'example_subdag_operator.section-1', 'example_subdag_operator.section-2', 'example_subdag_operator' retrieved from /Users/nick/airflow/airflow_venv/lib/python3.11/site-packages/airflow/example_dags/example_subdag_operator.py
[2024-11-04T11:19:23.479+0100] {logging_mixin.py:190} INFO - [2024-11-04T11:19:23.479+0100] {workday.py:41} WARNING - Could not import pandas. Holidays will not be considered.
[2024-11-04T11:19:23.485+0100] {logging_mixin.py:190} INFO - [2024-11-04T11:19:23.485+0100] {dag.py:3239} INFO - Sync 3 DAGs
[2024-11-04T11:19:23.491+0100] {logging_mixin.py:190} INFO - [2024-11-04T11:19:23.491+0100] {dag.py:4180} INFO - Setting next_dagrun for example_subdag_operator to 2022-01-01 00:00:00+00:00, run_after=2022-01-01 00:00:00+00:00
[2024-11-04T11:19:23.492+0100] {logging_mixin.py:190} INFO - [2024-11-04T11:19:23.492+0100] {dag.py:4180} INFO - Setting next_dagrun for example_subdag_operator.section-1 to None, run_after=None
[2024-11-04T11:19:23.492+0100] {logging_mixin.py:190} INFO - [2024-11-04T11:19:23.492+0100] {dag.py:4180} INFO - Setting next_dagrun for example_subdag_operator.section-2 to None, run_after=None
[2024-11-04T11:19:23.495+0100] {logging_mixin.py:190} INFO - [2024-11-04T11:19:23.494+0100] {dag.py:3239} INFO - Sync 2 DAGs
[2024-11-04T11:19:23.496+0100] {logging_mixin.py:190} INFO - [2024-11-04T11:19:23.496+0100] {dag.py:4180} INFO - Setting next_dagrun for example_subdag_operator.section-1 to None, run_after=None
[2024-11-04T11:19:23.496+0100] {logging_mixin.py:190} INFO - [2024-11-04T11:19:23.496+0100] {dag.py:4180} INFO - Setting next_dagrun for example_subdag_operator.section-2 to None, run_after=None
[2024-11-04T11:19:23.502+0100] {processor.py:208} INFO - Processing /Users/nick/airflow/airflow_venv/lib/python3.11/site-packages/airflow/example_dags/example_subdag_operator.py took 0.068 seconds
[2024-11-04T11:20:37.005+0100] {processor.py:186} INFO - Started process (PID=28994) to work on /Users/nick/airflow/airflow_venv/lib/python3.11/site-packages/airflow/example_dags/example_subdag_operator.py
[2024-11-04T11:20:37.006+0100] {processor.py:914} INFO - Processing file /Users/nick/airflow/airflow_venv/lib/python3.11/site-packages/airflow/example_dags/example_subdag_operator.py for tasks to queue
[2024-11-04T11:20:37.006+0100] {logging_mixin.py:190} INFO - [2024-11-04T11:20:37.006+0100] {dagbag.py:588} INFO - Filling up the DagBag from /Users/nick/airflow/airflow_venv/lib/python3.11/site-packages/airflow/example_dags/example_subdag_operator.py
[2024-11-04T11:20:37.055+0100] {processor.py:925} INFO - DAG(s) 'example_subdag_operator.section-1', 'example_subdag_operator.section-2', 'example_subdag_operator' retrieved from /Users/nick/airflow/airflow_venv/lib/python3.11/site-packages/airflow/example_dags/example_subdag_operator.py
[2024-11-04T11:20:37.061+0100] {logging_mixin.py:190} INFO - [2024-11-04T11:20:37.061+0100] {workday.py:41} WARNING - Could not import pandas. Holidays will not be considered.
[2024-11-04T11:20:37.067+0100] {logging_mixin.py:190} INFO - [2024-11-04T11:20:37.067+0100] {dag.py:3239} INFO - Sync 3 DAGs
[2024-11-04T11:20:37.074+0100] {logging_mixin.py:190} INFO - [2024-11-04T11:20:37.074+0100] {dag.py:4180} INFO - Setting next_dagrun for example_subdag_operator to 2022-01-01 00:00:00+00:00, run_after=2022-01-01 00:00:00+00:00
[2024-11-04T11:20:37.075+0100] {logging_mixin.py:190} INFO - [2024-11-04T11:20:37.075+0100] {dag.py:4180} INFO - Setting next_dagrun for example_subdag_operator.section-1 to None, run_after=None
[2024-11-04T11:20:37.076+0100] {logging_mixin.py:190} INFO - [2024-11-04T11:20:37.076+0100] {dag.py:4180} INFO - Setting next_dagrun for example_subdag_operator.section-2 to None, run_after=None
[2024-11-04T11:20:37.078+0100] {logging_mixin.py:190} INFO - [2024-11-04T11:20:37.078+0100] {dag.py:3239} INFO - Sync 2 DAGs
[2024-11-04T11:20:37.080+0100] {logging_mixin.py:190} INFO - [2024-11-04T11:20:37.080+0100] {dag.py:4180} INFO - Setting next_dagrun for example_subdag_operator.section-1 to None, run_after=None
[2024-11-04T11:20:37.080+0100] {logging_mixin.py:190} INFO - [2024-11-04T11:20:37.080+0100] {dag.py:4180} INFO - Setting next_dagrun for example_subdag_operator.section-2 to None, run_after=None
[2024-11-04T11:20:37.086+0100] {processor.py:208} INFO - Processing /Users/nick/airflow/airflow_venv/lib/python3.11/site-packages/airflow/example_dags/example_subdag_operator.py took 0.083 seconds
[2024-11-04T11:21:53.999+0100] {processor.py:186} INFO - Started process (PID=29937) to work on /Users/nick/airflow/airflow_venv/lib/python3.11/site-packages/airflow/example_dags/example_subdag_operator.py
[2024-11-04T11:21:53.999+0100] {processor.py:914} INFO - Processing file /Users/nick/airflow/airflow_venv/lib/python3.11/site-packages/airflow/example_dags/example_subdag_operator.py for tasks to queue
[2024-11-04T11:21:53.999+0100] {logging_mixin.py:190} INFO - [2024-11-04T11:21:53.999+0100] {dagbag.py:588} INFO - Filling up the DagBag from /Users/nick/airflow/airflow_venv/lib/python3.11/site-packages/airflow/example_dags/example_subdag_operator.py
[2024-11-04T11:21:54.037+0100] {processor.py:925} INFO - DAG(s) 'example_subdag_operator.section-1', 'example_subdag_operator.section-2', 'example_subdag_operator' retrieved from /Users/nick/airflow/airflow_venv/lib/python3.11/site-packages/airflow/example_dags/example_subdag_operator.py
[2024-11-04T11:21:54.043+0100] {logging_mixin.py:190} INFO - [2024-11-04T11:21:54.043+0100] {workday.py:41} WARNING - Could not import pandas. Holidays will not be considered.
[2024-11-04T11:21:54.049+0100] {logging_mixin.py:190} INFO - [2024-11-04T11:21:54.049+0100] {dag.py:3239} INFO - Sync 3 DAGs
[2024-11-04T11:21:54.056+0100] {logging_mixin.py:190} INFO - [2024-11-04T11:21:54.056+0100] {dag.py:4180} INFO - Setting next_dagrun for example_subdag_operator to 2022-01-01 00:00:00+00:00, run_after=2022-01-01 00:00:00+00:00
[2024-11-04T11:21:54.057+0100] {logging_mixin.py:190} INFO - [2024-11-04T11:21:54.057+0100] {dag.py:4180} INFO - Setting next_dagrun for example_subdag_operator.section-1 to None, run_after=None
[2024-11-04T11:21:54.057+0100] {logging_mixin.py:190} INFO - [2024-11-04T11:21:54.057+0100] {dag.py:4180} INFO - Setting next_dagrun for example_subdag_operator.section-2 to None, run_after=None
[2024-11-04T11:21:54.059+0100] {logging_mixin.py:190} INFO - [2024-11-04T11:21:54.059+0100] {dag.py:3239} INFO - Sync 2 DAGs
[2024-11-04T11:21:54.061+0100] {logging_mixin.py:190} INFO - [2024-11-04T11:21:54.061+0100] {dag.py:4180} INFO - Setting next_dagrun for example_subdag_operator.section-1 to None, run_after=None
[2024-11-04T11:21:54.061+0100] {logging_mixin.py:190} INFO - [2024-11-04T11:21:54.061+0100] {dag.py:4180} INFO - Setting next_dagrun for example_subdag_operator.section-2 to None, run_after=None
[2024-11-04T11:21:54.066+0100] {processor.py:208} INFO - Processing /Users/nick/airflow/airflow_venv/lib/python3.11/site-packages/airflow/example_dags/example_subdag_operator.py took 0.069 seconds
[2024-11-04T11:23:10.375+0100] {processor.py:186} INFO - Started process (PID=30752) to work on /Users/nick/airflow/airflow_venv/lib/python3.11/site-packages/airflow/example_dags/example_subdag_operator.py
[2024-11-04T11:23:10.375+0100] {processor.py:914} INFO - Processing file /Users/nick/airflow/airflow_venv/lib/python3.11/site-packages/airflow/example_dags/example_subdag_operator.py for tasks to queue
[2024-11-04T11:23:10.375+0100] {logging_mixin.py:190} INFO - [2024-11-04T11:23:10.375+0100] {dagbag.py:588} INFO - Filling up the DagBag from /Users/nick/airflow/airflow_venv/lib/python3.11/site-packages/airflow/example_dags/example_subdag_operator.py
[2024-11-04T11:23:10.411+0100] {processor.py:925} INFO - DAG(s) 'example_subdag_operator.section-1', 'example_subdag_operator.section-2', 'example_subdag_operator' retrieved from /Users/nick/airflow/airflow_venv/lib/python3.11/site-packages/airflow/example_dags/example_subdag_operator.py
[2024-11-04T11:23:10.417+0100] {logging_mixin.py:190} INFO - [2024-11-04T11:23:10.417+0100] {workday.py:41} WARNING - Could not import pandas. Holidays will not be considered.
[2024-11-04T11:23:10.422+0100] {logging_mixin.py:190} INFO - [2024-11-04T11:23:10.422+0100] {dag.py:3239} INFO - Sync 3 DAGs
[2024-11-04T11:23:10.428+0100] {logging_mixin.py:190} INFO - [2024-11-04T11:23:10.428+0100] {dag.py:4180} INFO - Setting next_dagrun for example_subdag_operator to 2022-01-01 00:00:00+00:00, run_after=2022-01-01 00:00:00+00:00
[2024-11-04T11:23:10.429+0100] {logging_mixin.py:190} INFO - [2024-11-04T11:23:10.429+0100] {dag.py:4180} INFO - Setting next_dagrun for example_subdag_operator.section-1 to None, run_after=None
[2024-11-04T11:23:10.429+0100] {logging_mixin.py:190} INFO - [2024-11-04T11:23:10.429+0100] {dag.py:4180} INFO - Setting next_dagrun for example_subdag_operator.section-2 to None, run_after=None
[2024-11-04T11:23:10.431+0100] {logging_mixin.py:190} INFO - [2024-11-04T11:23:10.431+0100] {dag.py:3239} INFO - Sync 2 DAGs
[2024-11-04T11:23:10.432+0100] {logging_mixin.py:190} INFO - [2024-11-04T11:23:10.432+0100] {dag.py:4180} INFO - Setting next_dagrun for example_subdag_operator.section-1 to None, run_after=None
[2024-11-04T11:23:10.432+0100] {logging_mixin.py:190} INFO - [2024-11-04T11:23:10.432+0100] {dag.py:4180} INFO - Setting next_dagrun for example_subdag_operator.section-2 to None, run_after=None
[2024-11-04T11:23:10.437+0100] {processor.py:208} INFO - Processing /Users/nick/airflow/airflow_venv/lib/python3.11/site-packages/airflow/example_dags/example_subdag_operator.py took 0.064 seconds
[2024-11-04T11:28:17.122+0100] {processor.py:186} INFO - Started process (PID=34532) to work on /Users/nick/airflow/airflow_venv/lib/python3.11/site-packages/airflow/example_dags/example_subdag_operator.py
[2024-11-04T11:28:17.123+0100] {processor.py:914} INFO - Processing file /Users/nick/airflow/airflow_venv/lib/python3.11/site-packages/airflow/example_dags/example_subdag_operator.py for tasks to queue
[2024-11-04T11:28:17.123+0100] {logging_mixin.py:190} INFO - [2024-11-04T11:28:17.123+0100] {dagbag.py:588} INFO - Filling up the DagBag from /Users/nick/airflow/airflow_venv/lib/python3.11/site-packages/airflow/example_dags/example_subdag_operator.py
[2024-11-04T11:28:17.221+0100] {processor.py:925} INFO - DAG(s) 'example_subdag_operator.section-1', 'example_subdag_operator.section-2', 'example_subdag_operator' retrieved from /Users/nick/airflow/airflow_venv/lib/python3.11/site-packages/airflow/example_dags/example_subdag_operator.py
[2024-11-04T11:28:17.407+0100] {logging_mixin.py:190} INFO - [2024-11-04T11:28:17.407+0100] {dag.py:3239} INFO - Sync 3 DAGs
[2024-11-04T11:28:17.414+0100] {logging_mixin.py:190} INFO - [2024-11-04T11:28:17.414+0100] {dag.py:4180} INFO - Setting next_dagrun for example_subdag_operator to 2022-01-01 00:00:00+00:00, run_after=2022-01-01 00:00:00+00:00
[2024-11-04T11:28:17.415+0100] {logging_mixin.py:190} INFO - [2024-11-04T11:28:17.415+0100] {dag.py:4180} INFO - Setting next_dagrun for example_subdag_operator.section-1 to None, run_after=None
[2024-11-04T11:28:17.416+0100] {logging_mixin.py:190} INFO - [2024-11-04T11:28:17.416+0100] {dag.py:4180} INFO - Setting next_dagrun for example_subdag_operator.section-2 to None, run_after=None
[2024-11-04T11:28:17.418+0100] {logging_mixin.py:190} INFO - [2024-11-04T11:28:17.418+0100] {dag.py:3239} INFO - Sync 2 DAGs
[2024-11-04T11:28:17.419+0100] {logging_mixin.py:190} INFO - [2024-11-04T11:28:17.419+0100] {dag.py:4180} INFO - Setting next_dagrun for example_subdag_operator.section-1 to None, run_after=None
[2024-11-04T11:28:17.419+0100] {logging_mixin.py:190} INFO - [2024-11-04T11:28:17.419+0100] {dag.py:4180} INFO - Setting next_dagrun for example_subdag_operator.section-2 to None, run_after=None
[2024-11-04T11:28:17.424+0100] {processor.py:208} INFO - Processing /Users/nick/airflow/airflow_venv/lib/python3.11/site-packages/airflow/example_dags/example_subdag_operator.py took 0.304 seconds
