[2024-11-04T11:04:46.505+0100] {processor.py:186} INFO - Started process (PID=17034) to work on /Users/nick/Desktop/Code/MSTeams_pipeline/airflow/lib/python3.11/site-packages/airflow/example_dags/example_short_circuit_decorator.py
[2024-11-04T11:04:46.506+0100] {processor.py:914} INFO - Processing file /Users/nick/Desktop/Code/MSTeams_pipeline/airflow/lib/python3.11/site-packages/airflow/example_dags/example_short_circuit_decorator.py for tasks to queue
[2024-11-04T11:04:46.506+0100] {logging_mixin.py:190} INFO - [2024-11-04T11:04:46.506+0100] {dagbag.py:588} INFO - Filling up the DagBag from /Users/nick/Desktop/Code/MSTeams_pipeline/airflow/lib/python3.11/site-packages/airflow/example_dags/example_short_circuit_decorator.py
[2024-11-04T11:04:46.520+0100] {processor.py:925} INFO - DAG(s) 'example_short_circuit_decorator' retrieved from /Users/nick/Desktop/Code/MSTeams_pipeline/airflow/lib/python3.11/site-packages/airflow/example_dags/example_short_circuit_decorator.py
[2024-11-04T11:04:46.607+0100] {logging_mixin.py:190} INFO - [2024-11-04T11:04:46.607+0100] {dag.py:3239} INFO - Sync 1 DAGs
[2024-11-04T11:04:46.610+0100] {logging_mixin.py:190} INFO - [2024-11-04T11:04:46.610+0100] {dag.py:4180} INFO - Setting next_dagrun for example_short_circuit_decorator to None, run_after=None
[2024-11-04T11:04:46.617+0100] {processor.py:208} INFO - Processing /Users/nick/Desktop/Code/MSTeams_pipeline/airflow/lib/python3.11/site-packages/airflow/example_dags/example_short_circuit_decorator.py took 0.112 seconds
[2024-11-04T11:06:31.967+0100] {processor.py:186} INFO - Started process (PID=18330) to work on /Users/nick/Desktop/Code/MSTeams_pipeline/airflow/lib/python3.11/site-packages/airflow/example_dags/example_short_circuit_decorator.py
[2024-11-04T11:06:31.968+0100] {processor.py:914} INFO - Processing file /Users/nick/Desktop/Code/MSTeams_pipeline/airflow/lib/python3.11/site-packages/airflow/example_dags/example_short_circuit_decorator.py for tasks to queue
[2024-11-04T11:06:31.968+0100] {logging_mixin.py:190} INFO - [2024-11-04T11:06:31.968+0100] {dagbag.py:588} INFO - Filling up the DagBag from /Users/nick/Desktop/Code/MSTeams_pipeline/airflow/lib/python3.11/site-packages/airflow/example_dags/example_short_circuit_decorator.py
[2024-11-04T11:06:31.983+0100] {processor.py:925} INFO - DAG(s) 'example_short_circuit_decorator' retrieved from /Users/nick/Desktop/Code/MSTeams_pipeline/airflow/lib/python3.11/site-packages/airflow/example_dags/example_short_circuit_decorator.py
[2024-11-04T11:06:32.017+0100] {logging_mixin.py:190} INFO - [2024-11-04T11:06:32.017+0100] {dag.py:3239} INFO - Sync 1 DAGs
[2024-11-04T11:06:32.045+0100] {logging_mixin.py:190} INFO - [2024-11-04T11:06:32.045+0100] {dag.py:4180} INFO - Setting next_dagrun for example_short_circuit_decorator to None, run_after=None
[2024-11-04T11:06:32.051+0100] {processor.py:208} INFO - Processing /Users/nick/Desktop/Code/MSTeams_pipeline/airflow/lib/python3.11/site-packages/airflow/example_dags/example_short_circuit_decorator.py took 0.086 seconds
[2024-11-04T11:07:46.845+0100] {processor.py:186} INFO - Started process (PID=19205) to work on /Users/nick/Desktop/Code/MSTeams_pipeline/airflow/lib/python3.11/site-packages/airflow/example_dags/example_short_circuit_decorator.py
[2024-11-04T11:07:46.846+0100] {processor.py:914} INFO - Processing file /Users/nick/Desktop/Code/MSTeams_pipeline/airflow/lib/python3.11/site-packages/airflow/example_dags/example_short_circuit_decorator.py for tasks to queue
[2024-11-04T11:07:46.846+0100] {logging_mixin.py:190} INFO - [2024-11-04T11:07:46.846+0100] {dagbag.py:588} INFO - Filling up the DagBag from /Users/nick/Desktop/Code/MSTeams_pipeline/airflow/lib/python3.11/site-packages/airflow/example_dags/example_short_circuit_decorator.py
[2024-11-04T11:07:46.864+0100] {processor.py:925} INFO - DAG(s) 'example_short_circuit_decorator' retrieved from /Users/nick/Desktop/Code/MSTeams_pipeline/airflow/lib/python3.11/site-packages/airflow/example_dags/example_short_circuit_decorator.py
[2024-11-04T11:07:46.900+0100] {logging_mixin.py:190} INFO - [2024-11-04T11:07:46.899+0100] {dag.py:3239} INFO - Sync 1 DAGs
[2024-11-04T11:07:46.929+0100] {logging_mixin.py:190} INFO - [2024-11-04T11:07:46.929+0100] {dag.py:4180} INFO - Setting next_dagrun for example_short_circuit_decorator to None, run_after=None
[2024-11-04T11:07:46.936+0100] {processor.py:208} INFO - Processing /Users/nick/Desktop/Code/MSTeams_pipeline/airflow/lib/python3.11/site-packages/airflow/example_dags/example_short_circuit_decorator.py took 0.092 seconds
[2024-11-04T11:09:00.136+0100] {processor.py:186} INFO - Started process (PID=20033) to work on /Users/nick/Desktop/Code/MSTeams_pipeline/airflow/lib/python3.11/site-packages/airflow/example_dags/example_short_circuit_decorator.py
[2024-11-04T11:09:00.136+0100] {processor.py:914} INFO - Processing file /Users/nick/Desktop/Code/MSTeams_pipeline/airflow/lib/python3.11/site-packages/airflow/example_dags/example_short_circuit_decorator.py for tasks to queue
[2024-11-04T11:09:00.137+0100] {logging_mixin.py:190} INFO - [2024-11-04T11:09:00.137+0100] {dagbag.py:588} INFO - Filling up the DagBag from /Users/nick/Desktop/Code/MSTeams_pipeline/airflow/lib/python3.11/site-packages/airflow/example_dags/example_short_circuit_decorator.py
[2024-11-04T11:09:00.152+0100] {processor.py:925} INFO - DAG(s) 'example_short_circuit_decorator' retrieved from /Users/nick/Desktop/Code/MSTeams_pipeline/airflow/lib/python3.11/site-packages/airflow/example_dags/example_short_circuit_decorator.py
[2024-11-04T11:09:00.188+0100] {logging_mixin.py:190} INFO - [2024-11-04T11:09:00.188+0100] {dag.py:3239} INFO - Sync 1 DAGs
[2024-11-04T11:09:00.221+0100] {logging_mixin.py:190} INFO - [2024-11-04T11:09:00.221+0100] {dag.py:4180} INFO - Setting next_dagrun for example_short_circuit_decorator to None, run_after=None
[2024-11-04T11:09:00.229+0100] {processor.py:208} INFO - Processing /Users/nick/Desktop/Code/MSTeams_pipeline/airflow/lib/python3.11/site-packages/airflow/example_dags/example_short_circuit_decorator.py took 0.094 seconds
[2024-11-04T11:11:02.059+0100] {processor.py:186} INFO - Started process (PID=21489) to work on /Users/nick/Desktop/Code/MSTeams_pipeline/airflow/lib/python3.11/site-packages/airflow/example_dags/example_short_circuit_decorator.py
[2024-11-04T11:11:02.059+0100] {processor.py:914} INFO - Processing file /Users/nick/Desktop/Code/MSTeams_pipeline/airflow/lib/python3.11/site-packages/airflow/example_dags/example_short_circuit_decorator.py for tasks to queue
[2024-11-04T11:11:02.059+0100] {logging_mixin.py:190} INFO - [2024-11-04T11:11:02.059+0100] {dagbag.py:588} INFO - Filling up the DagBag from /Users/nick/Desktop/Code/MSTeams_pipeline/airflow/lib/python3.11/site-packages/airflow/example_dags/example_short_circuit_decorator.py
[2024-11-04T11:11:02.077+0100] {processor.py:925} INFO - DAG(s) 'example_short_circuit_decorator' retrieved from /Users/nick/Desktop/Code/MSTeams_pipeline/airflow/lib/python3.11/site-packages/airflow/example_dags/example_short_circuit_decorator.py
[2024-11-04T11:11:02.112+0100] {logging_mixin.py:190} INFO - [2024-11-04T11:11:02.112+0100] {dag.py:3239} INFO - Sync 1 DAGs
[2024-11-04T11:11:02.142+0100] {logging_mixin.py:190} INFO - [2024-11-04T11:11:02.142+0100] {dag.py:4180} INFO - Setting next_dagrun for example_short_circuit_decorator to None, run_after=None
[2024-11-04T11:11:02.148+0100] {processor.py:208} INFO - Processing /Users/nick/Desktop/Code/MSTeams_pipeline/airflow/lib/python3.11/site-packages/airflow/example_dags/example_short_circuit_decorator.py took 0.091 seconds
[2024-11-04T11:12:49.321+0100] {processor.py:186} INFO - Started process (PID=22976) to work on /Users/nick/Desktop/Code/MSTeams_pipeline/airflow/lib/python3.11/site-packages/airflow/example_dags/example_short_circuit_decorator.py
[2024-11-04T11:12:49.321+0100] {processor.py:914} INFO - Processing file /Users/nick/Desktop/Code/MSTeams_pipeline/airflow/lib/python3.11/site-packages/airflow/example_dags/example_short_circuit_decorator.py for tasks to queue
[2024-11-04T11:12:49.322+0100] {logging_mixin.py:190} INFO - [2024-11-04T11:12:49.322+0100] {dagbag.py:588} INFO - Filling up the DagBag from /Users/nick/Desktop/Code/MSTeams_pipeline/airflow/lib/python3.11/site-packages/airflow/example_dags/example_short_circuit_decorator.py
[2024-11-04T11:12:49.338+0100] {processor.py:925} INFO - DAG(s) 'example_short_circuit_decorator' retrieved from /Users/nick/Desktop/Code/MSTeams_pipeline/airflow/lib/python3.11/site-packages/airflow/example_dags/example_short_circuit_decorator.py
[2024-11-04T11:12:49.373+0100] {logging_mixin.py:190} INFO - [2024-11-04T11:12:49.373+0100] {dag.py:3239} INFO - Sync 1 DAGs
[2024-11-04T11:12:49.401+0100] {logging_mixin.py:190} INFO - [2024-11-04T11:12:49.401+0100] {dag.py:4180} INFO - Setting next_dagrun for example_short_circuit_decorator to None, run_after=None
[2024-11-04T11:12:49.408+0100] {processor.py:208} INFO - Processing /Users/nick/Desktop/Code/MSTeams_pipeline/airflow/lib/python3.11/site-packages/airflow/example_dags/example_short_circuit_decorator.py took 0.089 seconds
[2024-11-04T11:15:15.655+0100] {processor.py:186} INFO - Started process (PID=24875) to work on /Users/nick/airflow/airflow_venv/lib/python3.11/site-packages/airflow/example_dags/example_short_circuit_decorator.py
[2024-11-04T11:15:15.656+0100] {processor.py:914} INFO - Processing file /Users/nick/airflow/airflow_venv/lib/python3.11/site-packages/airflow/example_dags/example_short_circuit_decorator.py for tasks to queue
[2024-11-04T11:15:15.656+0100] {logging_mixin.py:190} INFO - [2024-11-04T11:15:15.656+0100] {dagbag.py:588} INFO - Filling up the DagBag from /Users/nick/airflow/airflow_venv/lib/python3.11/site-packages/airflow/example_dags/example_short_circuit_decorator.py
[2024-11-04T11:15:15.671+0100] {processor.py:925} INFO - DAG(s) 'example_short_circuit_decorator' retrieved from /Users/nick/airflow/airflow_venv/lib/python3.11/site-packages/airflow/example_dags/example_short_circuit_decorator.py
[2024-11-04T11:15:15.762+0100] {logging_mixin.py:190} INFO - [2024-11-04T11:15:15.762+0100] {dag.py:3239} INFO - Sync 1 DAGs
[2024-11-04T11:15:15.765+0100] {logging_mixin.py:190} INFO - [2024-11-04T11:15:15.765+0100] {dag.py:4180} INFO - Setting next_dagrun for example_short_circuit_decorator to None, run_after=None
[2024-11-04T11:15:15.772+0100] {processor.py:208} INFO - Processing /Users/nick/airflow/airflow_venv/lib/python3.11/site-packages/airflow/example_dags/example_short_circuit_decorator.py took 0.118 seconds
[2024-11-04T11:17:00.274+0100] {processor.py:186} INFO - Started process (PID=26410) to work on /Users/nick/airflow/airflow_venv/lib/python3.11/site-packages/airflow/example_dags/example_short_circuit_decorator.py
[2024-11-04T11:17:00.274+0100] {processor.py:914} INFO - Processing file /Users/nick/airflow/airflow_venv/lib/python3.11/site-packages/airflow/example_dags/example_short_circuit_decorator.py for tasks to queue
[2024-11-04T11:17:00.275+0100] {logging_mixin.py:190} INFO - [2024-11-04T11:17:00.275+0100] {dagbag.py:588} INFO - Filling up the DagBag from /Users/nick/airflow/airflow_venv/lib/python3.11/site-packages/airflow/example_dags/example_short_circuit_decorator.py
[2024-11-04T11:17:00.291+0100] {processor.py:925} INFO - DAG(s) 'example_short_circuit_decorator' retrieved from /Users/nick/airflow/airflow_venv/lib/python3.11/site-packages/airflow/example_dags/example_short_circuit_decorator.py
[2024-11-04T11:17:00.324+0100] {logging_mixin.py:190} INFO - [2024-11-04T11:17:00.324+0100] {dag.py:3239} INFO - Sync 1 DAGs
[2024-11-04T11:17:00.352+0100] {logging_mixin.py:190} INFO - [2024-11-04T11:17:00.352+0100] {dag.py:4180} INFO - Setting next_dagrun for example_short_circuit_decorator to None, run_after=None
[2024-11-04T11:17:00.360+0100] {processor.py:208} INFO - Processing /Users/nick/airflow/airflow_venv/lib/python3.11/site-packages/airflow/example_dags/example_short_circuit_decorator.py took 0.087 seconds
[2024-11-04T11:18:16.810+0100] {processor.py:186} INFO - Started process (PID=27387) to work on /Users/nick/airflow/airflow_venv/lib/python3.11/site-packages/airflow/example_dags/example_short_circuit_decorator.py
[2024-11-04T11:18:16.810+0100] {processor.py:914} INFO - Processing file /Users/nick/airflow/airflow_venv/lib/python3.11/site-packages/airflow/example_dags/example_short_circuit_decorator.py for tasks to queue
[2024-11-04T11:18:16.810+0100] {logging_mixin.py:190} INFO - [2024-11-04T11:18:16.810+0100] {dagbag.py:588} INFO - Filling up the DagBag from /Users/nick/airflow/airflow_venv/lib/python3.11/site-packages/airflow/example_dags/example_short_circuit_decorator.py
[2024-11-04T11:18:16.824+0100] {processor.py:925} INFO - DAG(s) 'example_short_circuit_decorator' retrieved from /Users/nick/airflow/airflow_venv/lib/python3.11/site-packages/airflow/example_dags/example_short_circuit_decorator.py
[2024-11-04T11:18:16.857+0100] {logging_mixin.py:190} INFO - [2024-11-04T11:18:16.857+0100] {dag.py:3239} INFO - Sync 1 DAGs
[2024-11-04T11:18:16.884+0100] {logging_mixin.py:190} INFO - [2024-11-04T11:18:16.884+0100] {dag.py:4180} INFO - Setting next_dagrun for example_short_circuit_decorator to None, run_after=None
[2024-11-04T11:18:16.891+0100] {processor.py:208} INFO - Processing /Users/nick/airflow/airflow_venv/lib/python3.11/site-packages/airflow/example_dags/example_short_circuit_decorator.py took 0.082 seconds
[2024-11-04T11:19:31.041+0100] {processor.py:186} INFO - Started process (PID=28271) to work on /Users/nick/airflow/airflow_venv/lib/python3.11/site-packages/airflow/example_dags/example_short_circuit_decorator.py
[2024-11-04T11:19:31.041+0100] {processor.py:914} INFO - Processing file /Users/nick/airflow/airflow_venv/lib/python3.11/site-packages/airflow/example_dags/example_short_circuit_decorator.py for tasks to queue
[2024-11-04T11:19:31.041+0100] {logging_mixin.py:190} INFO - [2024-11-04T11:19:31.041+0100] {dagbag.py:588} INFO - Filling up the DagBag from /Users/nick/airflow/airflow_venv/lib/python3.11/site-packages/airflow/example_dags/example_short_circuit_decorator.py
[2024-11-04T11:19:31.055+0100] {processor.py:925} INFO - DAG(s) 'example_short_circuit_decorator' retrieved from /Users/nick/airflow/airflow_venv/lib/python3.11/site-packages/airflow/example_dags/example_short_circuit_decorator.py
[2024-11-04T11:19:31.092+0100] {logging_mixin.py:190} INFO - [2024-11-04T11:19:31.092+0100] {dag.py:3239} INFO - Sync 1 DAGs
[2024-11-04T11:19:31.126+0100] {logging_mixin.py:190} INFO - [2024-11-04T11:19:31.126+0100] {dag.py:4180} INFO - Setting next_dagrun for example_short_circuit_decorator to None, run_after=None
[2024-11-04T11:19:31.133+0100] {processor.py:208} INFO - Processing /Users/nick/airflow/airflow_venv/lib/python3.11/site-packages/airflow/example_dags/example_short_circuit_decorator.py took 0.094 seconds
[2024-11-04T11:20:44.103+0100] {processor.py:186} INFO - Started process (PID=29105) to work on /Users/nick/airflow/airflow_venv/lib/python3.11/site-packages/airflow/example_dags/example_short_circuit_decorator.py
[2024-11-04T11:20:44.103+0100] {processor.py:914} INFO - Processing file /Users/nick/airflow/airflow_venv/lib/python3.11/site-packages/airflow/example_dags/example_short_circuit_decorator.py for tasks to queue
[2024-11-04T11:20:44.103+0100] {logging_mixin.py:190} INFO - [2024-11-04T11:20:44.103+0100] {dagbag.py:588} INFO - Filling up the DagBag from /Users/nick/airflow/airflow_venv/lib/python3.11/site-packages/airflow/example_dags/example_short_circuit_decorator.py
[2024-11-04T11:20:44.119+0100] {processor.py:925} INFO - DAG(s) 'example_short_circuit_decorator' retrieved from /Users/nick/airflow/airflow_venv/lib/python3.11/site-packages/airflow/example_dags/example_short_circuit_decorator.py
[2024-11-04T11:20:44.156+0100] {logging_mixin.py:190} INFO - [2024-11-04T11:20:44.156+0100] {dag.py:3239} INFO - Sync 1 DAGs
[2024-11-04T11:20:44.188+0100] {logging_mixin.py:190} INFO - [2024-11-04T11:20:44.187+0100] {dag.py:4180} INFO - Setting next_dagrun for example_short_circuit_decorator to None, run_after=None
[2024-11-04T11:20:44.196+0100] {processor.py:208} INFO - Processing /Users/nick/airflow/airflow_venv/lib/python3.11/site-packages/airflow/example_dags/example_short_circuit_decorator.py took 0.094 seconds
[2024-11-04T11:22:00.963+0100] {processor.py:186} INFO - Started process (PID=29947) to work on /Users/nick/airflow/airflow_venv/lib/python3.11/site-packages/airflow/example_dags/example_short_circuit_decorator.py
[2024-11-04T11:22:00.964+0100] {processor.py:914} INFO - Processing file /Users/nick/airflow/airflow_venv/lib/python3.11/site-packages/airflow/example_dags/example_short_circuit_decorator.py for tasks to queue
[2024-11-04T11:22:00.964+0100] {logging_mixin.py:190} INFO - [2024-11-04T11:22:00.964+0100] {dagbag.py:588} INFO - Filling up the DagBag from /Users/nick/airflow/airflow_venv/lib/python3.11/site-packages/airflow/example_dags/example_short_circuit_decorator.py
[2024-11-04T11:22:00.979+0100] {processor.py:925} INFO - DAG(s) 'example_short_circuit_decorator' retrieved from /Users/nick/airflow/airflow_venv/lib/python3.11/site-packages/airflow/example_dags/example_short_circuit_decorator.py
[2024-11-04T11:22:01.016+0100] {logging_mixin.py:190} INFO - [2024-11-04T11:22:01.016+0100] {dag.py:3239} INFO - Sync 1 DAGs
[2024-11-04T11:22:01.049+0100] {logging_mixin.py:190} INFO - [2024-11-04T11:22:01.048+0100] {dag.py:4180} INFO - Setting next_dagrun for example_short_circuit_decorator to None, run_after=None
[2024-11-04T11:22:01.056+0100] {processor.py:208} INFO - Processing /Users/nick/airflow/airflow_venv/lib/python3.11/site-packages/airflow/example_dags/example_short_circuit_decorator.py took 0.095 seconds
[2024-11-04T11:23:16.863+0100] {processor.py:186} INFO - Started process (PID=30863) to work on /Users/nick/airflow/airflow_venv/lib/python3.11/site-packages/airflow/example_dags/example_short_circuit_decorator.py
[2024-11-04T11:23:16.864+0100] {processor.py:914} INFO - Processing file /Users/nick/airflow/airflow_venv/lib/python3.11/site-packages/airflow/example_dags/example_short_circuit_decorator.py for tasks to queue
[2024-11-04T11:23:16.864+0100] {logging_mixin.py:190} INFO - [2024-11-04T11:23:16.864+0100] {dagbag.py:588} INFO - Filling up the DagBag from /Users/nick/airflow/airflow_venv/lib/python3.11/site-packages/airflow/example_dags/example_short_circuit_decorator.py
[2024-11-04T11:23:16.878+0100] {processor.py:925} INFO - DAG(s) 'example_short_circuit_decorator' retrieved from /Users/nick/airflow/airflow_venv/lib/python3.11/site-packages/airflow/example_dags/example_short_circuit_decorator.py
[2024-11-04T11:23:16.916+0100] {logging_mixin.py:190} INFO - [2024-11-04T11:23:16.915+0100] {dag.py:3239} INFO - Sync 1 DAGs
[2024-11-04T11:23:16.948+0100] {logging_mixin.py:190} INFO - [2024-11-04T11:23:16.948+0100] {dag.py:4180} INFO - Setting next_dagrun for example_short_circuit_decorator to None, run_after=None
[2024-11-04T11:23:16.956+0100] {processor.py:208} INFO - Processing /Users/nick/airflow/airflow_venv/lib/python3.11/site-packages/airflow/example_dags/example_short_circuit_decorator.py took 0.095 seconds
[2024-11-04T11:28:24.273+0100] {processor.py:186} INFO - Started process (PID=34640) to work on /Users/nick/airflow/airflow_venv/lib/python3.11/site-packages/airflow/example_dags/example_short_circuit_decorator.py
[2024-11-04T11:28:24.274+0100] {processor.py:914} INFO - Processing file /Users/nick/airflow/airflow_venv/lib/python3.11/site-packages/airflow/example_dags/example_short_circuit_decorator.py for tasks to queue
[2024-11-04T11:28:24.275+0100] {logging_mixin.py:190} INFO - [2024-11-04T11:28:24.275+0100] {dagbag.py:588} INFO - Filling up the DagBag from /Users/nick/airflow/airflow_venv/lib/python3.11/site-packages/airflow/example_dags/example_short_circuit_decorator.py
[2024-11-04T11:28:24.290+0100] {processor.py:925} INFO - DAG(s) 'example_short_circuit_decorator' retrieved from /Users/nick/airflow/airflow_venv/lib/python3.11/site-packages/airflow/example_dags/example_short_circuit_decorator.py
[2024-11-04T11:28:24.328+0100] {logging_mixin.py:190} INFO - [2024-11-04T11:28:24.327+0100] {dag.py:3239} INFO - Sync 1 DAGs
[2024-11-04T11:28:24.361+0100] {logging_mixin.py:190} INFO - [2024-11-04T11:28:24.361+0100] {dag.py:4180} INFO - Setting next_dagrun for example_short_circuit_decorator to None, run_after=None
[2024-11-04T11:28:24.368+0100] {processor.py:208} INFO - Processing /Users/nick/airflow/airflow_venv/lib/python3.11/site-packages/airflow/example_dags/example_short_circuit_decorator.py took 0.096 seconds
