[2024-11-04T11:04:26.607+0100] {processor.py:186} INFO - Started process (PID=16759) to work on /Users/nick/Desktop/Code/MSTeams_pipeline/airflow/lib/python3.11/site-packages/airflow/example_dags/example_xcomargs.py
[2024-11-04T11:04:26.607+0100] {processor.py:914} INFO - Processing file /Users/nick/Desktop/Code/MSTeams_pipeline/airflow/lib/python3.11/site-packages/airflow/example_dags/example_xcomargs.py for tasks to queue
[2024-11-04T11:04:26.608+0100] {logging_mixin.py:190} INFO - [2024-11-04T11:04:26.608+0100] {dagbag.py:588} INFO - Filling up the DagBag from /Users/nick/Desktop/Code/MSTeams_pipeline/airflow/lib/python3.11/site-packages/airflow/example_dags/example_xcomargs.py
[2024-11-04T11:04:26.622+0100] {processor.py:925} INFO - DAG(s) 'example_xcom_args', 'example_xcom_args_with_operators' retrieved from /Users/nick/Desktop/Code/MSTeams_pipeline/airflow/lib/python3.11/site-packages/airflow/example_dags/example_xcomargs.py
[2024-11-04T11:04:26.625+0100] {logging_mixin.py:190} INFO - [2024-11-04T11:04:26.625+0100] {dag.py:3239} INFO - Sync 2 DAGs
[2024-11-04T11:04:26.653+0100] {logging_mixin.py:190} INFO - [2024-11-04T11:04:26.653+0100] {dag.py:4180} INFO - Setting next_dagrun for example_xcom_args to None, run_after=None
[2024-11-04T11:04:26.655+0100] {logging_mixin.py:190} INFO - [2024-11-04T11:04:26.655+0100] {dag.py:4180} INFO - Setting next_dagrun for example_xcom_args_with_operators to None, run_after=None
[2024-11-04T11:04:26.687+0100] {processor.py:208} INFO - Processing /Users/nick/Desktop/Code/MSTeams_pipeline/airflow/lib/python3.11/site-packages/airflow/example_dags/example_xcomargs.py took 0.081 seconds
[2024-11-04T11:06:10.630+0100] {processor.py:186} INFO - Started process (PID=18072) to work on /Users/nick/Desktop/Code/MSTeams_pipeline/airflow/lib/python3.11/site-packages/airflow/example_dags/example_xcomargs.py
[2024-11-04T11:06:10.631+0100] {processor.py:914} INFO - Processing file /Users/nick/Desktop/Code/MSTeams_pipeline/airflow/lib/python3.11/site-packages/airflow/example_dags/example_xcomargs.py for tasks to queue
[2024-11-04T11:06:10.632+0100] {logging_mixin.py:190} INFO - [2024-11-04T11:06:10.632+0100] {dagbag.py:588} INFO - Filling up the DagBag from /Users/nick/Desktop/Code/MSTeams_pipeline/airflow/lib/python3.11/site-packages/airflow/example_dags/example_xcomargs.py
[2024-11-04T11:06:10.646+0100] {processor.py:925} INFO - DAG(s) 'example_xcom_args', 'example_xcom_args_with_operators' retrieved from /Users/nick/Desktop/Code/MSTeams_pipeline/airflow/lib/python3.11/site-packages/airflow/example_dags/example_xcomargs.py
[2024-11-04T11:06:10.736+0100] {logging_mixin.py:190} INFO - [2024-11-04T11:06:10.736+0100] {dag.py:3239} INFO - Sync 2 DAGs
[2024-11-04T11:06:10.739+0100] {logging_mixin.py:190} INFO - [2024-11-04T11:06:10.739+0100] {dag.py:4180} INFO - Setting next_dagrun for example_xcom_args to None, run_after=None
[2024-11-04T11:06:10.740+0100] {logging_mixin.py:190} INFO - [2024-11-04T11:06:10.740+0100] {dag.py:4180} INFO - Setting next_dagrun for example_xcom_args_with_operators to None, run_after=None
[2024-11-04T11:06:10.745+0100] {processor.py:208} INFO - Processing /Users/nick/Desktop/Code/MSTeams_pipeline/airflow/lib/python3.11/site-packages/airflow/example_dags/example_xcomargs.py took 0.117 seconds
[2024-11-04T11:07:26.798+0100] {processor.py:186} INFO - Started process (PID=18971) to work on /Users/nick/Desktop/Code/MSTeams_pipeline/airflow/lib/python3.11/site-packages/airflow/example_dags/example_xcomargs.py
[2024-11-04T11:07:26.799+0100] {processor.py:914} INFO - Processing file /Users/nick/Desktop/Code/MSTeams_pipeline/airflow/lib/python3.11/site-packages/airflow/example_dags/example_xcomargs.py for tasks to queue
[2024-11-04T11:07:26.799+0100] {logging_mixin.py:190} INFO - [2024-11-04T11:07:26.799+0100] {dagbag.py:588} INFO - Filling up the DagBag from /Users/nick/Desktop/Code/MSTeams_pipeline/airflow/lib/python3.11/site-packages/airflow/example_dags/example_xcomargs.py
[2024-11-04T11:07:26.813+0100] {processor.py:925} INFO - DAG(s) 'example_xcom_args', 'example_xcom_args_with_operators' retrieved from /Users/nick/Desktop/Code/MSTeams_pipeline/airflow/lib/python3.11/site-packages/airflow/example_dags/example_xcomargs.py
[2024-11-04T11:07:26.848+0100] {logging_mixin.py:190} INFO - [2024-11-04T11:07:26.848+0100] {dag.py:3239} INFO - Sync 2 DAGs
[2024-11-04T11:07:26.877+0100] {logging_mixin.py:190} INFO - [2024-11-04T11:07:26.877+0100] {dag.py:4180} INFO - Setting next_dagrun for example_xcom_args to None, run_after=None
[2024-11-04T11:07:26.878+0100] {logging_mixin.py:190} INFO - [2024-11-04T11:07:26.878+0100] {dag.py:4180} INFO - Setting next_dagrun for example_xcom_args_with_operators to None, run_after=None
[2024-11-04T11:07:26.884+0100] {processor.py:208} INFO - Processing /Users/nick/Desktop/Code/MSTeams_pipeline/airflow/lib/python3.11/site-packages/airflow/example_dags/example_xcomargs.py took 0.087 seconds
[2024-11-04T11:08:40.057+0100] {processor.py:186} INFO - Started process (PID=19798) to work on /Users/nick/Desktop/Code/MSTeams_pipeline/airflow/lib/python3.11/site-packages/airflow/example_dags/example_xcomargs.py
[2024-11-04T11:08:40.058+0100] {processor.py:914} INFO - Processing file /Users/nick/Desktop/Code/MSTeams_pipeline/airflow/lib/python3.11/site-packages/airflow/example_dags/example_xcomargs.py for tasks to queue
[2024-11-04T11:08:40.058+0100] {logging_mixin.py:190} INFO - [2024-11-04T11:08:40.058+0100] {dagbag.py:588} INFO - Filling up the DagBag from /Users/nick/Desktop/Code/MSTeams_pipeline/airflow/lib/python3.11/site-packages/airflow/example_dags/example_xcomargs.py
[2024-11-04T11:08:40.074+0100] {processor.py:925} INFO - DAG(s) 'example_xcom_args', 'example_xcom_args_with_operators' retrieved from /Users/nick/Desktop/Code/MSTeams_pipeline/airflow/lib/python3.11/site-packages/airflow/example_dags/example_xcomargs.py
[2024-11-04T11:08:40.111+0100] {logging_mixin.py:190} INFO - [2024-11-04T11:08:40.111+0100] {dag.py:3239} INFO - Sync 2 DAGs
[2024-11-04T11:08:40.140+0100] {logging_mixin.py:190} INFO - [2024-11-04T11:08:40.140+0100] {dag.py:4180} INFO - Setting next_dagrun for example_xcom_args to None, run_after=None
[2024-11-04T11:08:40.142+0100] {logging_mixin.py:190} INFO - [2024-11-04T11:08:40.141+0100] {dag.py:4180} INFO - Setting next_dagrun for example_xcom_args_with_operators to None, run_after=None
[2024-11-04T11:08:40.147+0100] {processor.py:208} INFO - Processing /Users/nick/Desktop/Code/MSTeams_pipeline/airflow/lib/python3.11/site-packages/airflow/example_dags/example_xcomargs.py took 0.092 seconds
[2024-11-04T11:10:40.885+0100] {processor.py:186} INFO - Started process (PID=21203) to work on /Users/nick/Desktop/Code/MSTeams_pipeline/airflow/lib/python3.11/site-packages/airflow/example_dags/example_xcomargs.py
[2024-11-04T11:10:40.885+0100] {processor.py:914} INFO - Processing file /Users/nick/Desktop/Code/MSTeams_pipeline/airflow/lib/python3.11/site-packages/airflow/example_dags/example_xcomargs.py for tasks to queue
[2024-11-04T11:10:40.885+0100] {logging_mixin.py:190} INFO - [2024-11-04T11:10:40.885+0100] {dagbag.py:588} INFO - Filling up the DagBag from /Users/nick/Desktop/Code/MSTeams_pipeline/airflow/lib/python3.11/site-packages/airflow/example_dags/example_xcomargs.py
[2024-11-04T11:10:40.900+0100] {processor.py:925} INFO - DAG(s) 'example_xcom_args_with_operators', 'example_xcom_args' retrieved from /Users/nick/Desktop/Code/MSTeams_pipeline/airflow/lib/python3.11/site-packages/airflow/example_dags/example_xcomargs.py
[2024-11-04T11:10:40.935+0100] {logging_mixin.py:190} INFO - [2024-11-04T11:10:40.935+0100] {dag.py:3239} INFO - Sync 2 DAGs
[2024-11-04T11:10:40.964+0100] {logging_mixin.py:190} INFO - [2024-11-04T11:10:40.964+0100] {dag.py:4180} INFO - Setting next_dagrun for example_xcom_args to None, run_after=None
[2024-11-04T11:10:40.965+0100] {logging_mixin.py:190} INFO - [2024-11-04T11:10:40.965+0100] {dag.py:4180} INFO - Setting next_dagrun for example_xcom_args_with_operators to None, run_after=None
[2024-11-04T11:10:40.971+0100] {processor.py:208} INFO - Processing /Users/nick/Desktop/Code/MSTeams_pipeline/airflow/lib/python3.11/site-packages/airflow/example_dags/example_xcomargs.py took 0.088 seconds
[2024-11-04T11:12:27.805+0100] {processor.py:186} INFO - Started process (PID=22715) to work on /Users/nick/Desktop/Code/MSTeams_pipeline/airflow/lib/python3.11/site-packages/airflow/example_dags/example_xcomargs.py
[2024-11-04T11:12:27.806+0100] {processor.py:914} INFO - Processing file /Users/nick/Desktop/Code/MSTeams_pipeline/airflow/lib/python3.11/site-packages/airflow/example_dags/example_xcomargs.py for tasks to queue
[2024-11-04T11:12:27.806+0100] {logging_mixin.py:190} INFO - [2024-11-04T11:12:27.806+0100] {dagbag.py:588} INFO - Filling up the DagBag from /Users/nick/Desktop/Code/MSTeams_pipeline/airflow/lib/python3.11/site-packages/airflow/example_dags/example_xcomargs.py
[2024-11-04T11:12:27.820+0100] {processor.py:925} INFO - DAG(s) 'example_xcom_args', 'example_xcom_args_with_operators' retrieved from /Users/nick/Desktop/Code/MSTeams_pipeline/airflow/lib/python3.11/site-packages/airflow/example_dags/example_xcomargs.py
[2024-11-04T11:12:27.857+0100] {logging_mixin.py:190} INFO - [2024-11-04T11:12:27.856+0100] {dag.py:3239} INFO - Sync 2 DAGs
[2024-11-04T11:12:27.889+0100] {logging_mixin.py:190} INFO - [2024-11-04T11:12:27.889+0100] {dag.py:4180} INFO - Setting next_dagrun for example_xcom_args to None, run_after=None
[2024-11-04T11:12:27.891+0100] {logging_mixin.py:190} INFO - [2024-11-04T11:12:27.890+0100] {dag.py:4180} INFO - Setting next_dagrun for example_xcom_args_with_operators to None, run_after=None
[2024-11-04T11:12:27.897+0100] {processor.py:208} INFO - Processing /Users/nick/Desktop/Code/MSTeams_pipeline/airflow/lib/python3.11/site-packages/airflow/example_dags/example_xcomargs.py took 0.093 seconds
[2024-11-04T11:14:53.627+0100] {processor.py:186} INFO - Started process (PID=24646) to work on /Users/nick/airflow/airflow_venv/lib/python3.11/site-packages/airflow/example_dags/example_xcomargs.py
[2024-11-04T11:14:53.627+0100] {processor.py:914} INFO - Processing file /Users/nick/airflow/airflow_venv/lib/python3.11/site-packages/airflow/example_dags/example_xcomargs.py for tasks to queue
[2024-11-04T11:14:53.627+0100] {logging_mixin.py:190} INFO - [2024-11-04T11:14:53.627+0100] {dagbag.py:588} INFO - Filling up the DagBag from /Users/nick/airflow/airflow_venv/lib/python3.11/site-packages/airflow/example_dags/example_xcomargs.py
[2024-11-04T11:14:53.641+0100] {processor.py:925} INFO - DAG(s) 'example_xcom_args_with_operators', 'example_xcom_args' retrieved from /Users/nick/airflow/airflow_venv/lib/python3.11/site-packages/airflow/example_dags/example_xcomargs.py
[2024-11-04T11:14:53.729+0100] {logging_mixin.py:190} INFO - [2024-11-04T11:14:53.729+0100] {dag.py:3239} INFO - Sync 2 DAGs
[2024-11-04T11:14:53.733+0100] {logging_mixin.py:190} INFO - [2024-11-04T11:14:53.733+0100] {dag.py:4180} INFO - Setting next_dagrun for example_xcom_args to None, run_after=None
[2024-11-04T11:14:53.733+0100] {logging_mixin.py:190} INFO - [2024-11-04T11:14:53.733+0100] {dag.py:4180} INFO - Setting next_dagrun for example_xcom_args_with_operators to None, run_after=None
[2024-11-04T11:14:53.740+0100] {processor.py:208} INFO - Processing /Users/nick/airflow/airflow_venv/lib/python3.11/site-packages/airflow/example_dags/example_xcomargs.py took 0.115 seconds
[2024-11-04T11:16:40.664+0100] {processor.py:186} INFO - Started process (PID=26117) to work on /Users/nick/airflow/airflow_venv/lib/python3.11/site-packages/airflow/example_dags/example_xcomargs.py
[2024-11-04T11:16:40.665+0100] {processor.py:914} INFO - Processing file /Users/nick/airflow/airflow_venv/lib/python3.11/site-packages/airflow/example_dags/example_xcomargs.py for tasks to queue
[2024-11-04T11:16:40.666+0100] {logging_mixin.py:190} INFO - [2024-11-04T11:16:40.666+0100] {dagbag.py:588} INFO - Filling up the DagBag from /Users/nick/airflow/airflow_venv/lib/python3.11/site-packages/airflow/example_dags/example_xcomargs.py
[2024-11-04T11:16:40.680+0100] {processor.py:925} INFO - DAG(s) 'example_xcom_args_with_operators', 'example_xcom_args' retrieved from /Users/nick/airflow/airflow_venv/lib/python3.11/site-packages/airflow/example_dags/example_xcomargs.py
[2024-11-04T11:16:40.714+0100] {logging_mixin.py:190} INFO - [2024-11-04T11:16:40.714+0100] {dag.py:3239} INFO - Sync 2 DAGs
[2024-11-04T11:16:40.744+0100] {logging_mixin.py:190} INFO - [2024-11-04T11:16:40.744+0100] {dag.py:4180} INFO - Setting next_dagrun for example_xcom_args to None, run_after=None
[2024-11-04T11:16:40.745+0100] {logging_mixin.py:190} INFO - [2024-11-04T11:16:40.745+0100] {dag.py:4180} INFO - Setting next_dagrun for example_xcom_args_with_operators to None, run_after=None
[2024-11-04T11:16:40.751+0100] {processor.py:208} INFO - Processing /Users/nick/airflow/airflow_venv/lib/python3.11/site-packages/airflow/example_dags/example_xcomargs.py took 0.088 seconds
[2024-11-04T11:17:57.413+0100] {processor.py:186} INFO - Started process (PID=27152) to work on /Users/nick/airflow/airflow_venv/lib/python3.11/site-packages/airflow/example_dags/example_xcomargs.py
[2024-11-04T11:17:57.414+0100] {processor.py:914} INFO - Processing file /Users/nick/airflow/airflow_venv/lib/python3.11/site-packages/airflow/example_dags/example_xcomargs.py for tasks to queue
[2024-11-04T11:17:57.414+0100] {logging_mixin.py:190} INFO - [2024-11-04T11:17:57.414+0100] {dagbag.py:588} INFO - Filling up the DagBag from /Users/nick/airflow/airflow_venv/lib/python3.11/site-packages/airflow/example_dags/example_xcomargs.py
[2024-11-04T11:17:57.428+0100] {processor.py:925} INFO - DAG(s) 'example_xcom_args', 'example_xcom_args_with_operators' retrieved from /Users/nick/airflow/airflow_venv/lib/python3.11/site-packages/airflow/example_dags/example_xcomargs.py
[2024-11-04T11:17:57.461+0100] {logging_mixin.py:190} INFO - [2024-11-04T11:17:57.461+0100] {dag.py:3239} INFO - Sync 2 DAGs
[2024-11-04T11:17:57.488+0100] {logging_mixin.py:190} INFO - [2024-11-04T11:17:57.488+0100] {dag.py:4180} INFO - Setting next_dagrun for example_xcom_args to None, run_after=None
[2024-11-04T11:17:57.489+0100] {logging_mixin.py:190} INFO - [2024-11-04T11:17:57.489+0100] {dag.py:4180} INFO - Setting next_dagrun for example_xcom_args_with_operators to None, run_after=None
[2024-11-04T11:17:57.495+0100] {processor.py:208} INFO - Processing /Users/nick/airflow/airflow_venv/lib/python3.11/site-packages/airflow/example_dags/example_xcomargs.py took 0.083 seconds
[2024-11-04T11:19:08.573+0100] {processor.py:186} INFO - Started process (PID=28030) to work on /Users/nick/airflow/airflow_venv/lib/python3.11/site-packages/airflow/example_dags/example_xcomargs.py
[2024-11-04T11:19:08.573+0100] {processor.py:914} INFO - Processing file /Users/nick/airflow/airflow_venv/lib/python3.11/site-packages/airflow/example_dags/example_xcomargs.py for tasks to queue
[2024-11-04T11:19:08.573+0100] {logging_mixin.py:190} INFO - [2024-11-04T11:19:08.573+0100] {dagbag.py:588} INFO - Filling up the DagBag from /Users/nick/airflow/airflow_venv/lib/python3.11/site-packages/airflow/example_dags/example_xcomargs.py
[2024-11-04T11:19:08.587+0100] {processor.py:925} INFO - DAG(s) 'example_xcom_args_with_operators', 'example_xcom_args' retrieved from /Users/nick/airflow/airflow_venv/lib/python3.11/site-packages/airflow/example_dags/example_xcomargs.py
[2024-11-04T11:19:08.632+0100] {logging_mixin.py:190} INFO - [2024-11-04T11:19:08.631+0100] {dag.py:3239} INFO - Sync 2 DAGs
[2024-11-04T11:19:08.666+0100] {logging_mixin.py:190} INFO - [2024-11-04T11:19:08.665+0100] {dag.py:4180} INFO - Setting next_dagrun for example_xcom_args to None, run_after=None
[2024-11-04T11:19:08.667+0100] {logging_mixin.py:190} INFO - [2024-11-04T11:19:08.667+0100] {dag.py:4180} INFO - Setting next_dagrun for example_xcom_args_with_operators to None, run_after=None
[2024-11-04T11:19:08.674+0100] {processor.py:208} INFO - Processing /Users/nick/airflow/airflow_venv/lib/python3.11/site-packages/airflow/example_dags/example_xcomargs.py took 0.102 seconds
[2024-11-04T11:20:21.859+0100] {processor.py:186} INFO - Started process (PID=28876) to work on /Users/nick/airflow/airflow_venv/lib/python3.11/site-packages/airflow/example_dags/example_xcomargs.py
[2024-11-04T11:20:21.859+0100] {processor.py:914} INFO - Processing file /Users/nick/airflow/airflow_venv/lib/python3.11/site-packages/airflow/example_dags/example_xcomargs.py for tasks to queue
[2024-11-04T11:20:21.860+0100] {logging_mixin.py:190} INFO - [2024-11-04T11:20:21.860+0100] {dagbag.py:588} INFO - Filling up the DagBag from /Users/nick/airflow/airflow_venv/lib/python3.11/site-packages/airflow/example_dags/example_xcomargs.py
[2024-11-04T11:20:21.874+0100] {processor.py:925} INFO - DAG(s) 'example_xcom_args', 'example_xcom_args_with_operators' retrieved from /Users/nick/airflow/airflow_venv/lib/python3.11/site-packages/airflow/example_dags/example_xcomargs.py
[2024-11-04T11:20:21.918+0100] {logging_mixin.py:190} INFO - [2024-11-04T11:20:21.918+0100] {dag.py:3239} INFO - Sync 2 DAGs
[2024-11-04T11:20:21.950+0100] {logging_mixin.py:190} INFO - [2024-11-04T11:20:21.950+0100] {dag.py:4180} INFO - Setting next_dagrun for example_xcom_args to None, run_after=None
[2024-11-04T11:20:21.952+0100] {logging_mixin.py:190} INFO - [2024-11-04T11:20:21.952+0100] {dag.py:4180} INFO - Setting next_dagrun for example_xcom_args_with_operators to None, run_after=None
[2024-11-04T11:20:21.959+0100] {processor.py:208} INFO - Processing /Users/nick/airflow/airflow_venv/lib/python3.11/site-packages/airflow/example_dags/example_xcomargs.py took 0.101 seconds
[2024-11-04T11:21:38.667+0100] {processor.py:186} INFO - Started process (PID=29698) to work on /Users/nick/airflow/airflow_venv/lib/python3.11/site-packages/airflow/example_dags/example_xcomargs.py
[2024-11-04T11:21:38.667+0100] {processor.py:914} INFO - Processing file /Users/nick/airflow/airflow_venv/lib/python3.11/site-packages/airflow/example_dags/example_xcomargs.py for tasks to queue
[2024-11-04T11:21:38.667+0100] {logging_mixin.py:190} INFO - [2024-11-04T11:21:38.667+0100] {dagbag.py:588} INFO - Filling up the DagBag from /Users/nick/airflow/airflow_venv/lib/python3.11/site-packages/airflow/example_dags/example_xcomargs.py
[2024-11-04T11:21:38.683+0100] {processor.py:925} INFO - DAG(s) 'example_xcom_args', 'example_xcom_args_with_operators' retrieved from /Users/nick/airflow/airflow_venv/lib/python3.11/site-packages/airflow/example_dags/example_xcomargs.py
[2024-11-04T11:21:38.723+0100] {logging_mixin.py:190} INFO - [2024-11-04T11:21:38.723+0100] {dag.py:3239} INFO - Sync 2 DAGs
[2024-11-04T11:21:38.756+0100] {logging_mixin.py:190} INFO - [2024-11-04T11:21:38.756+0100] {dag.py:4180} INFO - Setting next_dagrun for example_xcom_args to None, run_after=None
[2024-11-04T11:21:38.757+0100] {logging_mixin.py:190} INFO - [2024-11-04T11:21:38.757+0100] {dag.py:4180} INFO - Setting next_dagrun for example_xcom_args_with_operators to None, run_after=None
[2024-11-04T11:21:38.764+0100] {processor.py:208} INFO - Processing /Users/nick/airflow/airflow_venv/lib/python3.11/site-packages/airflow/example_dags/example_xcomargs.py took 0.098 seconds
[2024-11-04T11:22:55.991+0100] {processor.py:186} INFO - Started process (PID=30634) to work on /Users/nick/airflow/airflow_venv/lib/python3.11/site-packages/airflow/example_dags/example_xcomargs.py
[2024-11-04T11:22:55.992+0100] {processor.py:914} INFO - Processing file /Users/nick/airflow/airflow_venv/lib/python3.11/site-packages/airflow/example_dags/example_xcomargs.py for tasks to queue
[2024-11-04T11:22:55.992+0100] {logging_mixin.py:190} INFO - [2024-11-04T11:22:55.992+0100] {dagbag.py:588} INFO - Filling up the DagBag from /Users/nick/airflow/airflow_venv/lib/python3.11/site-packages/airflow/example_dags/example_xcomargs.py
[2024-11-04T11:22:56.006+0100] {processor.py:925} INFO - DAG(s) 'example_xcom_args_with_operators', 'example_xcom_args' retrieved from /Users/nick/airflow/airflow_venv/lib/python3.11/site-packages/airflow/example_dags/example_xcomargs.py
[2024-11-04T11:22:56.041+0100] {logging_mixin.py:190} INFO - [2024-11-04T11:22:56.041+0100] {dag.py:3239} INFO - Sync 2 DAGs
[2024-11-04T11:22:56.071+0100] {logging_mixin.py:190} INFO - [2024-11-04T11:22:56.071+0100] {dag.py:4180} INFO - Setting next_dagrun for example_xcom_args to None, run_after=None
[2024-11-04T11:22:56.072+0100] {logging_mixin.py:190} INFO - [2024-11-04T11:22:56.072+0100] {dag.py:4180} INFO - Setting next_dagrun for example_xcom_args_with_operators to None, run_after=None
[2024-11-04T11:22:56.078+0100] {processor.py:208} INFO - Processing /Users/nick/airflow/airflow_venv/lib/python3.11/site-packages/airflow/example_dags/example_xcomargs.py took 0.089 seconds
[2024-11-04T11:26:04.242+0100] {processor.py:186} INFO - Started process (PID=32828) to work on /Users/nick/airflow/airflow_venv/lib/python3.11/site-packages/airflow/example_dags/example_xcomargs.py
[2024-11-04T11:26:04.243+0100] {processor.py:914} INFO - Processing file /Users/nick/airflow/airflow_venv/lib/python3.11/site-packages/airflow/example_dags/example_xcomargs.py for tasks to queue
[2024-11-04T11:26:04.243+0100] {logging_mixin.py:190} INFO - [2024-11-04T11:26:04.243+0100] {dagbag.py:588} INFO - Filling up the DagBag from /Users/nick/airflow/airflow_venv/lib/python3.11/site-packages/airflow/example_dags/example_xcomargs.py
[2024-11-04T11:26:04.260+0100] {processor.py:925} INFO - DAG(s) 'example_xcom_args_with_operators', 'example_xcom_args' retrieved from /Users/nick/airflow/airflow_venv/lib/python3.11/site-packages/airflow/example_dags/example_xcomargs.py
[2024-11-04T11:26:04.295+0100] {logging_mixin.py:190} INFO - [2024-11-04T11:26:04.294+0100] {dag.py:3239} INFO - Sync 2 DAGs
[2024-11-04T11:26:04.330+0100] {logging_mixin.py:190} INFO - [2024-11-04T11:26:04.329+0100] {dag.py:4180} INFO - Setting next_dagrun for example_xcom_args to None, run_after=None
[2024-11-04T11:26:04.331+0100] {logging_mixin.py:190} INFO - [2024-11-04T11:26:04.331+0100] {dag.py:4180} INFO - Setting next_dagrun for example_xcom_args_with_operators to None, run_after=None
[2024-11-04T11:26:04.337+0100] {processor.py:208} INFO - Processing /Users/nick/airflow/airflow_venv/lib/python3.11/site-packages/airflow/example_dags/example_xcomargs.py took 0.097 seconds
[2024-11-04T11:28:01.082+0100] {processor.py:186} INFO - Started process (PID=34356) to work on /Users/nick/airflow/airflow_venv/lib/python3.11/site-packages/airflow/example_dags/example_xcomargs.py
[2024-11-04T11:28:01.083+0100] {processor.py:914} INFO - Processing file /Users/nick/airflow/airflow_venv/lib/python3.11/site-packages/airflow/example_dags/example_xcomargs.py for tasks to queue
[2024-11-04T11:28:01.083+0100] {logging_mixin.py:190} INFO - [2024-11-04T11:28:01.083+0100] {dagbag.py:588} INFO - Filling up the DagBag from /Users/nick/airflow/airflow_venv/lib/python3.11/site-packages/airflow/example_dags/example_xcomargs.py
[2024-11-04T11:28:01.098+0100] {processor.py:925} INFO - DAG(s) 'example_xcom_args', 'example_xcom_args_with_operators' retrieved from /Users/nick/airflow/airflow_venv/lib/python3.11/site-packages/airflow/example_dags/example_xcomargs.py
[2024-11-04T11:28:01.137+0100] {logging_mixin.py:190} INFO - [2024-11-04T11:28:01.137+0100] {dag.py:3239} INFO - Sync 2 DAGs
[2024-11-04T11:28:01.169+0100] {logging_mixin.py:190} INFO - [2024-11-04T11:28:01.169+0100] {dag.py:4180} INFO - Setting next_dagrun for example_xcom_args to None, run_after=None
[2024-11-04T11:28:01.171+0100] {logging_mixin.py:190} INFO - [2024-11-04T11:28:01.171+0100] {dag.py:4180} INFO - Setting next_dagrun for example_xcom_args_with_operators to None, run_after=None
[2024-11-04T11:28:01.178+0100] {processor.py:208} INFO - Processing /Users/nick/airflow/airflow_venv/lib/python3.11/site-packages/airflow/example_dags/example_xcomargs.py took 0.097 seconds
