[2024-11-04T11:05:32.976+0100] {processor.py:186} INFO - Started process (PID=17589) to work on /Users/nick/Desktop/Code/MSTeams_pipeline/airflow/lib/python3.11/site-packages/airflow/example_dags/example_branch_python_dop_operator_3.py
[2024-11-04T11:05:32.976+0100] {processor.py:914} INFO - Processing file /Users/nick/Desktop/Code/MSTeams_pipeline/airflow/lib/python3.11/site-packages/airflow/example_dags/example_branch_python_dop_operator_3.py for tasks to queue
[2024-11-04T11:05:32.977+0100] {logging_mixin.py:190} INFO - [2024-11-04T11:05:32.976+0100] {dagbag.py:588} INFO - Filling up the DagBag from /Users/nick/Desktop/Code/MSTeams_pipeline/airflow/lib/python3.11/site-packages/airflow/example_dags/example_branch_python_dop_operator_3.py
[2024-11-04T11:05:32.991+0100] {processor.py:925} INFO - DAG(s) 'example_branch_dop_operator_v3' retrieved from /Users/nick/Desktop/Code/MSTeams_pipeline/airflow/lib/python3.11/site-packages/airflow/example_dags/example_branch_python_dop_operator_3.py
[2024-11-04T11:05:33.077+0100] {logging_mixin.py:190} INFO - [2024-11-04T11:05:33.077+0100] {dag.py:3239} INFO - Sync 1 DAGs
[2024-11-04T11:05:33.084+0100] {logging_mixin.py:190} INFO - [2024-11-04T11:05:33.083+0100] {dag.py:4180} INFO - Setting next_dagrun for example_branch_dop_operator_v3 to 2024-11-04 10:04:00+00:00, run_after=2024-11-04 10:05:00+00:00
[2024-11-04T11:05:33.091+0100] {processor.py:208} INFO - Processing /Users/nick/Desktop/Code/MSTeams_pipeline/airflow/lib/python3.11/site-packages/airflow/example_dags/example_branch_python_dop_operator_3.py took 0.116 seconds
[2024-11-04T11:08:01.249+0100] {processor.py:186} INFO - Started process (PID=19325) to work on /Users/nick/Desktop/Code/MSTeams_pipeline/airflow/lib/python3.11/site-packages/airflow/example_dags/example_branch_python_dop_operator_3.py
[2024-11-04T11:08:01.249+0100] {processor.py:914} INFO - Processing file /Users/nick/Desktop/Code/MSTeams_pipeline/airflow/lib/python3.11/site-packages/airflow/example_dags/example_branch_python_dop_operator_3.py for tasks to queue
[2024-11-04T11:08:01.250+0100] {logging_mixin.py:190} INFO - [2024-11-04T11:08:01.250+0100] {dagbag.py:588} INFO - Filling up the DagBag from /Users/nick/Desktop/Code/MSTeams_pipeline/airflow/lib/python3.11/site-packages/airflow/example_dags/example_branch_python_dop_operator_3.py
[2024-11-04T11:08:01.265+0100] {processor.py:925} INFO - DAG(s) 'example_branch_dop_operator_v3' retrieved from /Users/nick/Desktop/Code/MSTeams_pipeline/airflow/lib/python3.11/site-packages/airflow/example_dags/example_branch_python_dop_operator_3.py
[2024-11-04T11:08:01.305+0100] {logging_mixin.py:190} INFO - [2024-11-04T11:08:01.305+0100] {dag.py:3239} INFO - Sync 1 DAGs
[2024-11-04T11:08:01.340+0100] {logging_mixin.py:190} INFO - [2024-11-04T11:08:01.340+0100] {dag.py:4180} INFO - Setting next_dagrun for example_branch_dop_operator_v3 to 2024-11-04 10:07:00+00:00, run_after=2024-11-04 10:08:00+00:00
[2024-11-04T11:08:01.347+0100] {processor.py:208} INFO - Processing /Users/nick/Desktop/Code/MSTeams_pipeline/airflow/lib/python3.11/site-packages/airflow/example_dags/example_branch_python_dop_operator_3.py took 0.100 seconds
[2024-11-04T11:11:46.332+0100] {processor.py:186} INFO - Started process (PID=22043) to work on /Users/nick/Desktop/Code/MSTeams_pipeline/airflow/lib/python3.11/site-packages/airflow/example_dags/example_branch_python_dop_operator_3.py
[2024-11-04T11:11:46.332+0100] {processor.py:914} INFO - Processing file /Users/nick/Desktop/Code/MSTeams_pipeline/airflow/lib/python3.11/site-packages/airflow/example_dags/example_branch_python_dop_operator_3.py for tasks to queue
[2024-11-04T11:11:46.332+0100] {logging_mixin.py:190} INFO - [2024-11-04T11:11:46.332+0100] {dagbag.py:588} INFO - Filling up the DagBag from /Users/nick/Desktop/Code/MSTeams_pipeline/airflow/lib/python3.11/site-packages/airflow/example_dags/example_branch_python_dop_operator_3.py
[2024-11-04T11:11:46.348+0100] {processor.py:925} INFO - DAG(s) 'example_branch_dop_operator_v3' retrieved from /Users/nick/Desktop/Code/MSTeams_pipeline/airflow/lib/python3.11/site-packages/airflow/example_dags/example_branch_python_dop_operator_3.py
[2024-11-04T11:11:46.382+0100] {logging_mixin.py:190} INFO - [2024-11-04T11:11:46.381+0100] {dag.py:3239} INFO - Sync 1 DAGs
[2024-11-04T11:11:46.416+0100] {logging_mixin.py:190} INFO - [2024-11-04T11:11:46.416+0100] {dag.py:4180} INFO - Setting next_dagrun for example_branch_dop_operator_v3 to 2024-11-04 10:10:00+00:00, run_after=2024-11-04 10:11:00+00:00
[2024-11-04T11:11:46.423+0100] {processor.py:208} INFO - Processing /Users/nick/Desktop/Code/MSTeams_pipeline/airflow/lib/python3.11/site-packages/airflow/example_dags/example_branch_python_dop_operator_3.py took 0.093 seconds
[2024-11-04T11:16:00.704+0100] {processor.py:186} INFO - Started process (PID=25482) to work on /Users/nick/airflow/airflow_venv/lib/python3.11/site-packages/airflow/example_dags/example_branch_python_dop_operator_3.py
[2024-11-04T11:16:00.705+0100] {processor.py:914} INFO - Processing file /Users/nick/airflow/airflow_venv/lib/python3.11/site-packages/airflow/example_dags/example_branch_python_dop_operator_3.py for tasks to queue
[2024-11-04T11:16:00.705+0100] {logging_mixin.py:190} INFO - [2024-11-04T11:16:00.705+0100] {dagbag.py:588} INFO - Filling up the DagBag from /Users/nick/airflow/airflow_venv/lib/python3.11/site-packages/airflow/example_dags/example_branch_python_dop_operator_3.py
[2024-11-04T11:16:00.719+0100] {processor.py:925} INFO - DAG(s) 'example_branch_dop_operator_v3' retrieved from /Users/nick/airflow/airflow_venv/lib/python3.11/site-packages/airflow/example_dags/example_branch_python_dop_operator_3.py
[2024-11-04T11:16:00.809+0100] {logging_mixin.py:190} INFO - [2024-11-04T11:16:00.808+0100] {dag.py:3239} INFO - Sync 1 DAGs
[2024-11-04T11:16:00.816+0100] {logging_mixin.py:190} INFO - [2024-11-04T11:16:00.816+0100] {dag.py:4180} INFO - Setting next_dagrun for example_branch_dop_operator_v3 to 2024-11-04 10:15:00+00:00, run_after=2024-11-04 10:16:00+00:00
[2024-11-04T11:16:00.823+0100] {processor.py:208} INFO - Processing /Users/nick/airflow/airflow_venv/lib/python3.11/site-packages/airflow/example_dags/example_branch_python_dop_operator_3.py took 0.120 seconds
[2024-11-04T11:18:32.093+0100] {processor.py:186} INFO - Started process (PID=27521) to work on /Users/nick/airflow/airflow_venv/lib/python3.11/site-packages/airflow/example_dags/example_branch_python_dop_operator_3.py
[2024-11-04T11:18:32.094+0100] {processor.py:914} INFO - Processing file /Users/nick/airflow/airflow_venv/lib/python3.11/site-packages/airflow/example_dags/example_branch_python_dop_operator_3.py for tasks to queue
[2024-11-04T11:18:32.094+0100] {logging_mixin.py:190} INFO - [2024-11-04T11:18:32.094+0100] {dagbag.py:588} INFO - Filling up the DagBag from /Users/nick/airflow/airflow_venv/lib/python3.11/site-packages/airflow/example_dags/example_branch_python_dop_operator_3.py
[2024-11-04T11:18:32.108+0100] {processor.py:925} INFO - DAG(s) 'example_branch_dop_operator_v3' retrieved from /Users/nick/airflow/airflow_venv/lib/python3.11/site-packages/airflow/example_dags/example_branch_python_dop_operator_3.py
[2024-11-04T11:18:32.139+0100] {logging_mixin.py:190} INFO - [2024-11-04T11:18:32.139+0100] {dag.py:3239} INFO - Sync 1 DAGs
[2024-11-04T11:18:32.171+0100] {logging_mixin.py:190} INFO - [2024-11-04T11:18:32.171+0100] {dag.py:4180} INFO - Setting next_dagrun for example_branch_dop_operator_v3 to 2024-11-04 10:17:00+00:00, run_after=2024-11-04 10:18:00+00:00
[2024-11-04T11:18:32.178+0100] {processor.py:208} INFO - Processing /Users/nick/airflow/airflow_venv/lib/python3.11/site-packages/airflow/example_dags/example_branch_python_dop_operator_3.py took 0.086 seconds
[2024-11-04T11:21:01.903+0100] {processor.py:186} INFO - Started process (PID=29340) to work on /Users/nick/airflow/airflow_venv/lib/python3.11/site-packages/airflow/example_dags/example_branch_python_dop_operator_3.py
[2024-11-04T11:21:01.904+0100] {processor.py:914} INFO - Processing file /Users/nick/airflow/airflow_venv/lib/python3.11/site-packages/airflow/example_dags/example_branch_python_dop_operator_3.py for tasks to queue
[2024-11-04T11:21:01.904+0100] {logging_mixin.py:190} INFO - [2024-11-04T11:21:01.904+0100] {dagbag.py:588} INFO - Filling up the DagBag from /Users/nick/airflow/airflow_venv/lib/python3.11/site-packages/airflow/example_dags/example_branch_python_dop_operator_3.py
[2024-11-04T11:21:01.920+0100] {processor.py:925} INFO - DAG(s) 'example_branch_dop_operator_v3' retrieved from /Users/nick/airflow/airflow_venv/lib/python3.11/site-packages/airflow/example_dags/example_branch_python_dop_operator_3.py
[2024-11-04T11:21:01.955+0100] {logging_mixin.py:190} INFO - [2024-11-04T11:21:01.954+0100] {dag.py:3239} INFO - Sync 1 DAGs
[2024-11-04T11:21:01.988+0100] {logging_mixin.py:190} INFO - [2024-11-04T11:21:01.988+0100] {dag.py:4180} INFO - Setting next_dagrun for example_branch_dop_operator_v3 to 2024-11-04 10:20:00+00:00, run_after=2024-11-04 10:21:00+00:00
[2024-11-04T11:21:01.996+0100] {processor.py:208} INFO - Processing /Users/nick/airflow/airflow_venv/lib/python3.11/site-packages/airflow/example_dags/example_branch_python_dop_operator_3.py took 0.093 seconds
[2024-11-04T11:23:32.630+0100] {processor.py:186} INFO - Started process (PID=30980) to work on /Users/nick/airflow/airflow_venv/lib/python3.11/site-packages/airflow/example_dags/example_branch_python_dop_operator_3.py
[2024-11-04T11:23:32.630+0100] {processor.py:914} INFO - Processing file /Users/nick/airflow/airflow_venv/lib/python3.11/site-packages/airflow/example_dags/example_branch_python_dop_operator_3.py for tasks to queue
[2024-11-04T11:23:32.631+0100] {logging_mixin.py:190} INFO - [2024-11-04T11:23:32.631+0100] {dagbag.py:588} INFO - Filling up the DagBag from /Users/nick/airflow/airflow_venv/lib/python3.11/site-packages/airflow/example_dags/example_branch_python_dop_operator_3.py
[2024-11-04T11:23:32.646+0100] {processor.py:925} INFO - DAG(s) 'example_branch_dop_operator_v3' retrieved from /Users/nick/airflow/airflow_venv/lib/python3.11/site-packages/airflow/example_dags/example_branch_python_dop_operator_3.py
[2024-11-04T11:23:32.682+0100] {logging_mixin.py:190} INFO - [2024-11-04T11:23:32.682+0100] {dag.py:3239} INFO - Sync 1 DAGs
[2024-11-04T11:23:32.718+0100] {logging_mixin.py:190} INFO - [2024-11-04T11:23:32.718+0100] {dag.py:4180} INFO - Setting next_dagrun for example_branch_dop_operator_v3 to 2024-11-04 10:22:00+00:00, run_after=2024-11-04 10:23:00+00:00
[2024-11-04T11:23:32.724+0100] {processor.py:208} INFO - Processing /Users/nick/airflow/airflow_venv/lib/python3.11/site-packages/airflow/example_dags/example_branch_python_dop_operator_3.py took 0.096 seconds
