[2024-11-04T11:04:30.329+0100] {processor.py:186} INFO - Started process (PID=16770) to work on /Users/nick/Desktop/Code/MSTeams_pipeline/airflow/lib/python3.11/site-packages/airflow/example_dags/example_workday_timetable.py
[2024-11-04T11:04:30.330+0100] {processor.py:914} INFO - Processing file /Users/nick/Desktop/Code/MSTeams_pipeline/airflow/lib/python3.11/site-packages/airflow/example_dags/example_workday_timetable.py for tasks to queue
[2024-11-04T11:04:30.330+0100] {logging_mixin.py:190} INFO - [2024-11-04T11:04:30.330+0100] {dagbag.py:588} INFO - Filling up the DagBag from /Users/nick/Desktop/Code/MSTeams_pipeline/airflow/lib/python3.11/site-packages/airflow/example_dags/example_workday_timetable.py
[2024-11-04T11:04:30.331+0100] {logging_mixin.py:190} INFO - [2024-11-04T11:04:30.331+0100] {workday.py:41} WARNING - Could not import pandas. Holidays will not be considered.
[2024-11-04T11:04:30.333+0100] {processor.py:925} INFO - DAG(s) 'example_workday_timetable' retrieved from /Users/nick/Desktop/Code/MSTeams_pipeline/airflow/lib/python3.11/site-packages/airflow/example_dags/example_workday_timetable.py
[2024-11-04T11:04:30.335+0100] {logging_mixin.py:190} INFO - [2024-11-04T11:04:30.335+0100] {dag.py:3239} INFO - Sync 1 DAGs
[2024-11-04T11:04:30.371+0100] {logging_mixin.py:190} INFO - [2024-11-04T11:04:30.371+0100] {dag.py:4180} INFO - Setting next_dagrun for example_workday_timetable to 2021-01-01 00:00:00+00:00, run_after=2021-01-02 00:00:00+00:00
[2024-11-04T11:04:30.379+0100] {processor.py:208} INFO - Processing /Users/nick/Desktop/Code/MSTeams_pipeline/airflow/lib/python3.11/site-packages/airflow/example_dags/example_workday_timetable.py took 0.052 seconds
[2024-11-04T11:06:14.359+0100] {processor.py:186} INFO - Started process (PID=18074) to work on /Users/nick/Desktop/Code/MSTeams_pipeline/airflow/lib/python3.11/site-packages/airflow/example_dags/example_workday_timetable.py
[2024-11-04T11:06:14.360+0100] {processor.py:914} INFO - Processing file /Users/nick/Desktop/Code/MSTeams_pipeline/airflow/lib/python3.11/site-packages/airflow/example_dags/example_workday_timetable.py for tasks to queue
[2024-11-04T11:06:14.361+0100] {logging_mixin.py:190} INFO - [2024-11-04T11:06:14.360+0100] {dagbag.py:588} INFO - Filling up the DagBag from /Users/nick/Desktop/Code/MSTeams_pipeline/airflow/lib/python3.11/site-packages/airflow/example_dags/example_workday_timetable.py
[2024-11-04T11:06:14.361+0100] {logging_mixin.py:190} INFO - [2024-11-04T11:06:14.361+0100] {workday.py:41} WARNING - Could not import pandas. Holidays will not be considered.
[2024-11-04T11:06:14.363+0100] {processor.py:925} INFO - DAG(s) 'example_workday_timetable' retrieved from /Users/nick/Desktop/Code/MSTeams_pipeline/airflow/lib/python3.11/site-packages/airflow/example_dags/example_workday_timetable.py
[2024-11-04T11:06:14.395+0100] {logging_mixin.py:190} INFO - [2024-11-04T11:06:14.395+0100] {workday.py:41} WARNING - Could not import pandas. Holidays will not be considered.
[2024-11-04T11:06:14.458+0100] {logging_mixin.py:190} INFO - [2024-11-04T11:06:14.458+0100] {dag.py:3239} INFO - Sync 1 DAGs
[2024-11-04T11:06:14.464+0100] {logging_mixin.py:190} INFO - [2024-11-04T11:06:14.464+0100] {dag.py:4180} INFO - Setting next_dagrun for example_workday_timetable to 2021-01-01 00:00:00+00:00, run_after=2021-01-02 00:00:00+00:00
[2024-11-04T11:06:14.470+0100] {processor.py:208} INFO - Processing /Users/nick/Desktop/Code/MSTeams_pipeline/airflow/lib/python3.11/site-packages/airflow/example_dags/example_workday_timetable.py took 0.112 seconds
[2024-11-04T11:07:30.514+0100] {processor.py:186} INFO - Started process (PID=19077) to work on /Users/nick/Desktop/Code/MSTeams_pipeline/airflow/lib/python3.11/site-packages/airflow/example_dags/example_workday_timetable.py
[2024-11-04T11:07:30.514+0100] {processor.py:914} INFO - Processing file /Users/nick/Desktop/Code/MSTeams_pipeline/airflow/lib/python3.11/site-packages/airflow/example_dags/example_workday_timetable.py for tasks to queue
[2024-11-04T11:07:30.515+0100] {logging_mixin.py:190} INFO - [2024-11-04T11:07:30.515+0100] {dagbag.py:588} INFO - Filling up the DagBag from /Users/nick/Desktop/Code/MSTeams_pipeline/airflow/lib/python3.11/site-packages/airflow/example_dags/example_workday_timetable.py
[2024-11-04T11:07:30.516+0100] {logging_mixin.py:190} INFO - [2024-11-04T11:07:30.516+0100] {workday.py:41} WARNING - Could not import pandas. Holidays will not be considered.
[2024-11-04T11:07:30.518+0100] {processor.py:925} INFO - DAG(s) 'example_workday_timetable' retrieved from /Users/nick/Desktop/Code/MSTeams_pipeline/airflow/lib/python3.11/site-packages/airflow/example_dags/example_workday_timetable.py
[2024-11-04T11:07:30.547+0100] {logging_mixin.py:190} INFO - [2024-11-04T11:07:30.547+0100] {workday.py:41} WARNING - Could not import pandas. Holidays will not be considered.
[2024-11-04T11:07:30.554+0100] {logging_mixin.py:190} INFO - [2024-11-04T11:07:30.554+0100] {dag.py:3239} INFO - Sync 1 DAGs
[2024-11-04T11:07:30.560+0100] {logging_mixin.py:190} INFO - [2024-11-04T11:07:30.559+0100] {dag.py:4180} INFO - Setting next_dagrun for example_workday_timetable to 2021-01-01 00:00:00+00:00, run_after=2021-01-02 00:00:00+00:00
[2024-11-04T11:07:30.566+0100] {processor.py:208} INFO - Processing /Users/nick/Desktop/Code/MSTeams_pipeline/airflow/lib/python3.11/site-packages/airflow/example_dags/example_workday_timetable.py took 0.053 seconds
[2024-11-04T11:08:43.862+0100] {processor.py:186} INFO - Started process (PID=19904) to work on /Users/nick/Desktop/Code/MSTeams_pipeline/airflow/lib/python3.11/site-packages/airflow/example_dags/example_workday_timetable.py
[2024-11-04T11:08:43.863+0100] {processor.py:914} INFO - Processing file /Users/nick/Desktop/Code/MSTeams_pipeline/airflow/lib/python3.11/site-packages/airflow/example_dags/example_workday_timetable.py for tasks to queue
[2024-11-04T11:08:43.864+0100] {logging_mixin.py:190} INFO - [2024-11-04T11:08:43.864+0100] {dagbag.py:588} INFO - Filling up the DagBag from /Users/nick/Desktop/Code/MSTeams_pipeline/airflow/lib/python3.11/site-packages/airflow/example_dags/example_workday_timetable.py
[2024-11-04T11:08:43.865+0100] {logging_mixin.py:190} INFO - [2024-11-04T11:08:43.865+0100] {workday.py:41} WARNING - Could not import pandas. Holidays will not be considered.
[2024-11-04T11:08:43.867+0100] {processor.py:925} INFO - DAG(s) 'example_workday_timetable' retrieved from /Users/nick/Desktop/Code/MSTeams_pipeline/airflow/lib/python3.11/site-packages/airflow/example_dags/example_workday_timetable.py
[2024-11-04T11:08:43.900+0100] {logging_mixin.py:190} INFO - [2024-11-04T11:08:43.900+0100] {workday.py:41} WARNING - Could not import pandas. Holidays will not be considered.
[2024-11-04T11:08:43.908+0100] {logging_mixin.py:190} INFO - [2024-11-04T11:08:43.908+0100] {dag.py:3239} INFO - Sync 1 DAGs
[2024-11-04T11:08:43.914+0100] {logging_mixin.py:190} INFO - [2024-11-04T11:08:43.914+0100] {dag.py:4180} INFO - Setting next_dagrun for example_workday_timetable to 2021-01-01 00:00:00+00:00, run_after=2021-01-02 00:00:00+00:00
[2024-11-04T11:08:43.921+0100] {processor.py:208} INFO - Processing /Users/nick/Desktop/Code/MSTeams_pipeline/airflow/lib/python3.11/site-packages/airflow/example_dags/example_workday_timetable.py took 0.060 seconds
[2024-11-04T11:10:44.736+0100] {processor.py:186} INFO - Started process (PID=21226) to work on /Users/nick/Desktop/Code/MSTeams_pipeline/airflow/lib/python3.11/site-packages/airflow/example_dags/example_workday_timetable.py
[2024-11-04T11:10:44.738+0100] {processor.py:914} INFO - Processing file /Users/nick/Desktop/Code/MSTeams_pipeline/airflow/lib/python3.11/site-packages/airflow/example_dags/example_workday_timetable.py for tasks to queue
[2024-11-04T11:10:44.738+0100] {logging_mixin.py:190} INFO - [2024-11-04T11:10:44.738+0100] {dagbag.py:588} INFO - Filling up the DagBag from /Users/nick/Desktop/Code/MSTeams_pipeline/airflow/lib/python3.11/site-packages/airflow/example_dags/example_workday_timetable.py
[2024-11-04T11:10:44.899+0100] {processor.py:925} INFO - DAG(s) 'example_workday_timetable' retrieved from /Users/nick/Desktop/Code/MSTeams_pipeline/airflow/lib/python3.11/site-packages/airflow/example_dags/example_workday_timetable.py
[2024-11-04T11:10:44.934+0100] {logging_mixin.py:190} INFO - [2024-11-04T11:10:44.934+0100] {dag.py:3239} INFO - Sync 1 DAGs
[2024-11-04T11:10:44.951+0100] {logging_mixin.py:190} INFO - [2024-11-04T11:10:44.951+0100] {dag.py:4180} INFO - Setting next_dagrun for example_workday_timetable to 2021-01-04 00:00:00+00:00, run_after=2021-01-05 00:00:00+00:00
[2024-11-04T11:10:44.957+0100] {processor.py:208} INFO - Processing /Users/nick/Desktop/Code/MSTeams_pipeline/airflow/lib/python3.11/site-packages/airflow/example_dags/example_workday_timetable.py took 0.222 seconds
[2024-11-04T11:12:31.025+0100] {processor.py:186} INFO - Started process (PID=22717) to work on /Users/nick/Desktop/Code/MSTeams_pipeline/airflow/lib/python3.11/site-packages/airflow/example_dags/example_workday_timetable.py
[2024-11-04T11:12:31.026+0100] {processor.py:914} INFO - Processing file /Users/nick/Desktop/Code/MSTeams_pipeline/airflow/lib/python3.11/site-packages/airflow/example_dags/example_workday_timetable.py for tasks to queue
[2024-11-04T11:12:31.026+0100] {logging_mixin.py:190} INFO - [2024-11-04T11:12:31.026+0100] {dagbag.py:588} INFO - Filling up the DagBag from /Users/nick/Desktop/Code/MSTeams_pipeline/airflow/lib/python3.11/site-packages/airflow/example_dags/example_workday_timetable.py
[2024-11-04T11:12:31.209+0100] {processor.py:925} INFO - DAG(s) 'example_workday_timetable' retrieved from /Users/nick/Desktop/Code/MSTeams_pipeline/airflow/lib/python3.11/site-packages/airflow/example_dags/example_workday_timetable.py
[2024-11-04T11:12:31.249+0100] {logging_mixin.py:190} INFO - [2024-11-04T11:12:31.249+0100] {dag.py:3239} INFO - Sync 1 DAGs
[2024-11-04T11:12:31.268+0100] {logging_mixin.py:190} INFO - [2024-11-04T11:12:31.267+0100] {dag.py:4180} INFO - Setting next_dagrun for example_workday_timetable to 2021-01-04 00:00:00+00:00, run_after=2021-01-05 00:00:00+00:00
[2024-11-04T11:12:31.276+0100] {processor.py:208} INFO - Processing /Users/nick/Desktop/Code/MSTeams_pipeline/airflow/lib/python3.11/site-packages/airflow/example_dags/example_workday_timetable.py took 0.254 seconds
[2024-11-04T11:14:57.333+0100] {processor.py:186} INFO - Started process (PID=24720) to work on /Users/nick/airflow/airflow_venv/lib/python3.11/site-packages/airflow/example_dags/example_workday_timetable.py
[2024-11-04T11:14:57.334+0100] {processor.py:914} INFO - Processing file /Users/nick/airflow/airflow_venv/lib/python3.11/site-packages/airflow/example_dags/example_workday_timetable.py for tasks to queue
[2024-11-04T11:14:57.334+0100] {logging_mixin.py:190} INFO - [2024-11-04T11:14:57.334+0100] {dagbag.py:588} INFO - Filling up the DagBag from /Users/nick/airflow/airflow_venv/lib/python3.11/site-packages/airflow/example_dags/example_workday_timetable.py
[2024-11-04T11:14:57.335+0100] {logging_mixin.py:190} INFO - [2024-11-04T11:14:57.335+0100] {workday.py:41} WARNING - Could not import pandas. Holidays will not be considered.
[2024-11-04T11:14:57.337+0100] {processor.py:925} INFO - DAG(s) 'example_workday_timetable' retrieved from /Users/nick/airflow/airflow_venv/lib/python3.11/site-packages/airflow/example_dags/example_workday_timetable.py
[2024-11-04T11:14:57.368+0100] {logging_mixin.py:190} INFO - [2024-11-04T11:14:57.367+0100] {workday.py:41} WARNING - Could not import pandas. Holidays will not be considered.
[2024-11-04T11:14:57.436+0100] {logging_mixin.py:190} INFO - [2024-11-04T11:14:57.436+0100] {dag.py:3239} INFO - Sync 1 DAGs
[2024-11-04T11:14:57.443+0100] {logging_mixin.py:190} INFO - [2024-11-04T11:14:57.442+0100] {dag.py:4180} INFO - Setting next_dagrun for example_workday_timetable to 2021-01-01 00:00:00+00:00, run_after=2021-01-02 00:00:00+00:00
[2024-11-04T11:14:57.481+0100] {processor.py:208} INFO - Processing /Users/nick/airflow/airflow_venv/lib/python3.11/site-packages/airflow/example_dags/example_workday_timetable.py took 0.149 seconds
[2024-11-04T11:16:44.330+0100] {processor.py:186} INFO - Started process (PID=26241) to work on /Users/nick/airflow/airflow_venv/lib/python3.11/site-packages/airflow/example_dags/example_workday_timetable.py
[2024-11-04T11:16:44.331+0100] {processor.py:914} INFO - Processing file /Users/nick/airflow/airflow_venv/lib/python3.11/site-packages/airflow/example_dags/example_workday_timetable.py for tasks to queue
[2024-11-04T11:16:44.331+0100] {logging_mixin.py:190} INFO - [2024-11-04T11:16:44.331+0100] {dagbag.py:588} INFO - Filling up the DagBag from /Users/nick/airflow/airflow_venv/lib/python3.11/site-packages/airflow/example_dags/example_workday_timetable.py
[2024-11-04T11:16:44.332+0100] {logging_mixin.py:190} INFO - [2024-11-04T11:16:44.332+0100] {workday.py:41} WARNING - Could not import pandas. Holidays will not be considered.
[2024-11-04T11:16:44.334+0100] {processor.py:925} INFO - DAG(s) 'example_workday_timetable' retrieved from /Users/nick/airflow/airflow_venv/lib/python3.11/site-packages/airflow/example_dags/example_workday_timetable.py
[2024-11-04T11:16:44.365+0100] {logging_mixin.py:190} INFO - [2024-11-04T11:16:44.365+0100] {workday.py:41} WARNING - Could not import pandas. Holidays will not be considered.
[2024-11-04T11:16:44.371+0100] {logging_mixin.py:190} INFO - [2024-11-04T11:16:44.371+0100] {dag.py:3239} INFO - Sync 1 DAGs
[2024-11-04T11:16:44.377+0100] {logging_mixin.py:190} INFO - [2024-11-04T11:16:44.377+0100] {dag.py:4180} INFO - Setting next_dagrun for example_workday_timetable to 2021-01-01 00:00:00+00:00, run_after=2021-01-02 00:00:00+00:00
[2024-11-04T11:16:44.383+0100] {processor.py:208} INFO - Processing /Users/nick/airflow/airflow_venv/lib/python3.11/site-packages/airflow/example_dags/example_workday_timetable.py took 0.054 seconds
[2024-11-04T11:18:01.039+0100] {processor.py:186} INFO - Started process (PID=27157) to work on /Users/nick/airflow/airflow_venv/lib/python3.11/site-packages/airflow/example_dags/example_workday_timetable.py
[2024-11-04T11:18:01.039+0100] {processor.py:914} INFO - Processing file /Users/nick/airflow/airflow_venv/lib/python3.11/site-packages/airflow/example_dags/example_workday_timetable.py for tasks to queue
[2024-11-04T11:18:01.039+0100] {logging_mixin.py:190} INFO - [2024-11-04T11:18:01.039+0100] {dagbag.py:588} INFO - Filling up the DagBag from /Users/nick/airflow/airflow_venv/lib/python3.11/site-packages/airflow/example_dags/example_workday_timetable.py
[2024-11-04T11:18:01.041+0100] {logging_mixin.py:190} INFO - [2024-11-04T11:18:01.041+0100] {workday.py:41} WARNING - Could not import pandas. Holidays will not be considered.
[2024-11-04T11:18:01.043+0100] {processor.py:925} INFO - DAG(s) 'example_workday_timetable' retrieved from /Users/nick/airflow/airflow_venv/lib/python3.11/site-packages/airflow/example_dags/example_workday_timetable.py
[2024-11-04T11:18:01.074+0100] {logging_mixin.py:190} INFO - [2024-11-04T11:18:01.074+0100] {workday.py:41} WARNING - Could not import pandas. Holidays will not be considered.
[2024-11-04T11:18:01.081+0100] {logging_mixin.py:190} INFO - [2024-11-04T11:18:01.081+0100] {dag.py:3239} INFO - Sync 1 DAGs
[2024-11-04T11:18:01.087+0100] {logging_mixin.py:190} INFO - [2024-11-04T11:18:01.087+0100] {dag.py:4180} INFO - Setting next_dagrun for example_workday_timetable to 2021-01-01 00:00:00+00:00, run_after=2021-01-02 00:00:00+00:00
[2024-11-04T11:18:01.094+0100] {processor.py:208} INFO - Processing /Users/nick/airflow/airflow_venv/lib/python3.11/site-packages/airflow/example_dags/example_workday_timetable.py took 0.057 seconds
[2024-11-04T11:19:12.521+0100] {processor.py:186} INFO - Started process (PID=28037) to work on /Users/nick/airflow/airflow_venv/lib/python3.11/site-packages/airflow/example_dags/example_workday_timetable.py
[2024-11-04T11:19:12.521+0100] {processor.py:914} INFO - Processing file /Users/nick/airflow/airflow_venv/lib/python3.11/site-packages/airflow/example_dags/example_workday_timetable.py for tasks to queue
[2024-11-04T11:19:12.522+0100] {logging_mixin.py:190} INFO - [2024-11-04T11:19:12.522+0100] {dagbag.py:588} INFO - Filling up the DagBag from /Users/nick/airflow/airflow_venv/lib/python3.11/site-packages/airflow/example_dags/example_workday_timetable.py
[2024-11-04T11:19:12.522+0100] {logging_mixin.py:190} INFO - [2024-11-04T11:19:12.522+0100] {workday.py:41} WARNING - Could not import pandas. Holidays will not be considered.
[2024-11-04T11:19:12.524+0100] {processor.py:925} INFO - DAG(s) 'example_workday_timetable' retrieved from /Users/nick/airflow/airflow_venv/lib/python3.11/site-packages/airflow/example_dags/example_workday_timetable.py
[2024-11-04T11:19:12.555+0100] {logging_mixin.py:190} INFO - [2024-11-04T11:19:12.555+0100] {workday.py:41} WARNING - Could not import pandas. Holidays will not be considered.
[2024-11-04T11:19:12.562+0100] {logging_mixin.py:190} INFO - [2024-11-04T11:19:12.562+0100] {dag.py:3239} INFO - Sync 1 DAGs
[2024-11-04T11:19:12.568+0100] {logging_mixin.py:190} INFO - [2024-11-04T11:19:12.568+0100] {dag.py:4180} INFO - Setting next_dagrun for example_workday_timetable to 2021-01-01 00:00:00+00:00, run_after=2021-01-02 00:00:00+00:00
[2024-11-04T11:19:12.575+0100] {processor.py:208} INFO - Processing /Users/nick/airflow/airflow_venv/lib/python3.11/site-packages/airflow/example_dags/example_workday_timetable.py took 0.056 seconds
[2024-11-04T11:20:25.785+0100] {processor.py:186} INFO - Started process (PID=28881) to work on /Users/nick/airflow/airflow_venv/lib/python3.11/site-packages/airflow/example_dags/example_workday_timetable.py
[2024-11-04T11:20:25.787+0100] {processor.py:914} INFO - Processing file /Users/nick/airflow/airflow_venv/lib/python3.11/site-packages/airflow/example_dags/example_workday_timetable.py for tasks to queue
[2024-11-04T11:20:25.788+0100] {logging_mixin.py:190} INFO - [2024-11-04T11:20:25.788+0100] {dagbag.py:588} INFO - Filling up the DagBag from /Users/nick/airflow/airflow_venv/lib/python3.11/site-packages/airflow/example_dags/example_workday_timetable.py
[2024-11-04T11:20:25.792+0100] {logging_mixin.py:190} INFO - [2024-11-04T11:20:25.792+0100] {workday.py:41} WARNING - Could not import pandas. Holidays will not be considered.
[2024-11-04T11:20:25.802+0100] {processor.py:925} INFO - DAG(s) 'example_workday_timetable' retrieved from /Users/nick/airflow/airflow_venv/lib/python3.11/site-packages/airflow/example_dags/example_workday_timetable.py
[2024-11-04T11:20:25.844+0100] {logging_mixin.py:190} INFO - [2024-11-04T11:20:25.844+0100] {workday.py:41} WARNING - Could not import pandas. Holidays will not be considered.
[2024-11-04T11:20:25.851+0100] {logging_mixin.py:190} INFO - [2024-11-04T11:20:25.851+0100] {dag.py:3239} INFO - Sync 1 DAGs
[2024-11-04T11:20:25.857+0100] {logging_mixin.py:190} INFO - [2024-11-04T11:20:25.857+0100] {dag.py:4180} INFO - Setting next_dagrun for example_workday_timetable to 2021-01-01 00:00:00+00:00, run_after=2021-01-02 00:00:00+00:00
[2024-11-04T11:20:25.864+0100] {processor.py:208} INFO - Processing /Users/nick/airflow/airflow_venv/lib/python3.11/site-packages/airflow/example_dags/example_workday_timetable.py took 0.081 seconds
[2024-11-04T11:21:42.521+0100] {processor.py:186} INFO - Started process (PID=29800) to work on /Users/nick/airflow/airflow_venv/lib/python3.11/site-packages/airflow/example_dags/example_workday_timetable.py
[2024-11-04T11:21:42.521+0100] {processor.py:914} INFO - Processing file /Users/nick/airflow/airflow_venv/lib/python3.11/site-packages/airflow/example_dags/example_workday_timetable.py for tasks to queue
[2024-11-04T11:21:42.521+0100] {logging_mixin.py:190} INFO - [2024-11-04T11:21:42.521+0100] {dagbag.py:588} INFO - Filling up the DagBag from /Users/nick/airflow/airflow_venv/lib/python3.11/site-packages/airflow/example_dags/example_workday_timetable.py
[2024-11-04T11:21:42.522+0100] {logging_mixin.py:190} INFO - [2024-11-04T11:21:42.522+0100] {workday.py:41} WARNING - Could not import pandas. Holidays will not be considered.
[2024-11-04T11:21:42.524+0100] {processor.py:925} INFO - DAG(s) 'example_workday_timetable' retrieved from /Users/nick/airflow/airflow_venv/lib/python3.11/site-packages/airflow/example_dags/example_workday_timetable.py
[2024-11-04T11:21:42.557+0100] {logging_mixin.py:190} INFO - [2024-11-04T11:21:42.556+0100] {workday.py:41} WARNING - Could not import pandas. Holidays will not be considered.
[2024-11-04T11:21:42.564+0100] {logging_mixin.py:190} INFO - [2024-11-04T11:21:42.564+0100] {dag.py:3239} INFO - Sync 1 DAGs
[2024-11-04T11:21:42.571+0100] {logging_mixin.py:190} INFO - [2024-11-04T11:21:42.570+0100] {dag.py:4180} INFO - Setting next_dagrun for example_workday_timetable to 2021-01-01 00:00:00+00:00, run_after=2021-01-02 00:00:00+00:00
[2024-11-04T11:21:42.577+0100] {processor.py:208} INFO - Processing /Users/nick/airflow/airflow_venv/lib/python3.11/site-packages/airflow/example_dags/example_workday_timetable.py took 0.058 seconds
[2024-11-04T11:22:59.186+0100] {processor.py:186} INFO - Started process (PID=30638) to work on /Users/nick/airflow/airflow_venv/lib/python3.11/site-packages/airflow/example_dags/example_workday_timetable.py
[2024-11-04T11:22:59.187+0100] {processor.py:914} INFO - Processing file /Users/nick/airflow/airflow_venv/lib/python3.11/site-packages/airflow/example_dags/example_workday_timetable.py for tasks to queue
[2024-11-04T11:22:59.187+0100] {logging_mixin.py:190} INFO - [2024-11-04T11:22:59.187+0100] {dagbag.py:588} INFO - Filling up the DagBag from /Users/nick/airflow/airflow_venv/lib/python3.11/site-packages/airflow/example_dags/example_workday_timetable.py
[2024-11-04T11:22:59.188+0100] {logging_mixin.py:190} INFO - [2024-11-04T11:22:59.188+0100] {workday.py:41} WARNING - Could not import pandas. Holidays will not be considered.
[2024-11-04T11:22:59.190+0100] {processor.py:925} INFO - DAG(s) 'example_workday_timetable' retrieved from /Users/nick/airflow/airflow_venv/lib/python3.11/site-packages/airflow/example_dags/example_workday_timetable.py
[2024-11-04T11:22:59.223+0100] {logging_mixin.py:190} INFO - [2024-11-04T11:22:59.223+0100] {workday.py:41} WARNING - Could not import pandas. Holidays will not be considered.
[2024-11-04T11:22:59.230+0100] {logging_mixin.py:190} INFO - [2024-11-04T11:22:59.230+0100] {dag.py:3239} INFO - Sync 1 DAGs
[2024-11-04T11:22:59.236+0100] {logging_mixin.py:190} INFO - [2024-11-04T11:22:59.236+0100] {dag.py:4180} INFO - Setting next_dagrun for example_workday_timetable to 2021-01-01 00:00:00+00:00, run_after=2021-01-02 00:00:00+00:00
[2024-11-04T11:22:59.243+0100] {processor.py:208} INFO - Processing /Users/nick/airflow/airflow_venv/lib/python3.11/site-packages/airflow/example_dags/example_workday_timetable.py took 0.058 seconds
[2024-11-04T11:26:08.400+0100] {processor.py:186} INFO - Started process (PID=32933) to work on /Users/nick/airflow/airflow_venv/lib/python3.11/site-packages/airflow/example_dags/example_workday_timetable.py
[2024-11-04T11:26:08.400+0100] {processor.py:914} INFO - Processing file /Users/nick/airflow/airflow_venv/lib/python3.11/site-packages/airflow/example_dags/example_workday_timetable.py for tasks to queue
[2024-11-04T11:26:08.401+0100] {logging_mixin.py:190} INFO - [2024-11-04T11:26:08.401+0100] {dagbag.py:588} INFO - Filling up the DagBag from /Users/nick/airflow/airflow_venv/lib/python3.11/site-packages/airflow/example_dags/example_workday_timetable.py
[2024-11-04T11:26:08.570+0100] {processor.py:925} INFO - DAG(s) 'example_workday_timetable' retrieved from /Users/nick/airflow/airflow_venv/lib/python3.11/site-packages/airflow/example_dags/example_workday_timetable.py
[2024-11-04T11:26:08.608+0100] {logging_mixin.py:190} INFO - [2024-11-04T11:26:08.608+0100] {dag.py:3239} INFO - Sync 1 DAGs
[2024-11-04T11:26:08.625+0100] {logging_mixin.py:190} INFO - [2024-11-04T11:26:08.625+0100] {dag.py:4180} INFO - Setting next_dagrun for example_workday_timetable to 2021-01-04 00:00:00+00:00, run_after=2021-01-05 00:00:00+00:00
[2024-11-04T11:26:08.632+0100] {processor.py:208} INFO - Processing /Users/nick/airflow/airflow_venv/lib/python3.11/site-packages/airflow/example_dags/example_workday_timetable.py took 0.234 seconds
[2024-11-04T11:28:05.720+0100] {processor.py:186} INFO - Started process (PID=34415) to work on /Users/nick/airflow/airflow_venv/lib/python3.11/site-packages/airflow/example_dags/example_workday_timetable.py
[2024-11-04T11:28:05.720+0100] {processor.py:914} INFO - Processing file /Users/nick/airflow/airflow_venv/lib/python3.11/site-packages/airflow/example_dags/example_workday_timetable.py for tasks to queue
[2024-11-04T11:28:05.720+0100] {logging_mixin.py:190} INFO - [2024-11-04T11:28:05.720+0100] {dagbag.py:588} INFO - Filling up the DagBag from /Users/nick/airflow/airflow_venv/lib/python3.11/site-packages/airflow/example_dags/example_workday_timetable.py
[2024-11-04T11:28:05.894+0100] {processor.py:925} INFO - DAG(s) 'example_workday_timetable' retrieved from /Users/nick/airflow/airflow_venv/lib/python3.11/site-packages/airflow/example_dags/example_workday_timetable.py
[2024-11-04T11:28:05.934+0100] {logging_mixin.py:190} INFO - [2024-11-04T11:28:05.934+0100] {dag.py:3239} INFO - Sync 1 DAGs
[2024-11-04T11:28:05.953+0100] {logging_mixin.py:190} INFO - [2024-11-04T11:28:05.953+0100] {dag.py:4180} INFO - Setting next_dagrun for example_workday_timetable to 2021-01-04 00:00:00+00:00, run_after=2021-01-05 00:00:00+00:00
[2024-11-04T11:28:05.961+0100] {processor.py:208} INFO - Processing /Users/nick/airflow/airflow_venv/lib/python3.11/site-packages/airflow/example_dags/example_workday_timetable.py took 0.243 seconds
