[2024-11-04T11:05:16.458+0100] {processor.py:186} INFO - Started process (PID=17464) to work on /Users/nick/Desktop/Code/MSTeams_pipeline/airflow/lib/python3.11/site-packages/airflow/example_dags/example_external_task_marker_dag.py
[2024-11-04T11:05:16.459+0100] {processor.py:914} INFO - Processing file /Users/nick/Desktop/Code/MSTeams_pipeline/airflow/lib/python3.11/site-packages/airflow/example_dags/example_external_task_marker_dag.py for tasks to queue
[2024-11-04T11:05:16.459+0100] {logging_mixin.py:190} INFO - [2024-11-04T11:05:16.459+0100] {dagbag.py:588} INFO - Filling up the DagBag from /Users/nick/Desktop/Code/MSTeams_pipeline/airflow/lib/python3.11/site-packages/airflow/example_dags/example_external_task_marker_dag.py
[2024-11-04T11:05:16.464+0100] {processor.py:925} INFO - DAG(s) 'example_external_task_marker_child', 'example_external_task_marker_parent' retrieved from /Users/nick/Desktop/Code/MSTeams_pipeline/airflow/lib/python3.11/site-packages/airflow/example_dags/example_external_task_marker_dag.py
[2024-11-04T11:05:16.495+0100] {logging_mixin.py:190} INFO - [2024-11-04T11:05:16.495+0100] {workday.py:41} WARNING - Could not import pandas. Holidays will not be considered.
[2024-11-04T11:05:16.559+0100] {logging_mixin.py:190} INFO - [2024-11-04T11:05:16.558+0100] {dag.py:3239} INFO - Sync 2 DAGs
[2024-11-04T11:05:16.562+0100] {logging_mixin.py:190} INFO - [2024-11-04T11:05:16.562+0100] {dag.py:4180} INFO - Setting next_dagrun for example_external_task_marker_child to None, run_after=None
[2024-11-04T11:05:16.563+0100] {logging_mixin.py:190} INFO - [2024-11-04T11:05:16.563+0100] {dag.py:4180} INFO - Setting next_dagrun for example_external_task_marker_parent to None, run_after=None
[2024-11-04T11:05:16.569+0100] {processor.py:208} INFO - Processing /Users/nick/Desktop/Code/MSTeams_pipeline/airflow/lib/python3.11/site-packages/airflow/example_dags/example_external_task_marker_dag.py took 0.112 seconds
[2024-11-04T11:07:01.866+0100] {processor.py:186} INFO - Started process (PID=18706) to work on /Users/nick/Desktop/Code/MSTeams_pipeline/airflow/lib/python3.11/site-packages/airflow/example_dags/example_external_task_marker_dag.py
[2024-11-04T11:07:01.867+0100] {processor.py:914} INFO - Processing file /Users/nick/Desktop/Code/MSTeams_pipeline/airflow/lib/python3.11/site-packages/airflow/example_dags/example_external_task_marker_dag.py for tasks to queue
[2024-11-04T11:07:01.867+0100] {logging_mixin.py:190} INFO - [2024-11-04T11:07:01.867+0100] {dagbag.py:588} INFO - Filling up the DagBag from /Users/nick/Desktop/Code/MSTeams_pipeline/airflow/lib/python3.11/site-packages/airflow/example_dags/example_external_task_marker_dag.py
[2024-11-04T11:07:01.872+0100] {processor.py:925} INFO - DAG(s) 'example_external_task_marker_parent', 'example_external_task_marker_child' retrieved from /Users/nick/Desktop/Code/MSTeams_pipeline/airflow/lib/python3.11/site-packages/airflow/example_dags/example_external_task_marker_dag.py
[2024-11-04T11:07:01.906+0100] {logging_mixin.py:190} INFO - [2024-11-04T11:07:01.905+0100] {workday.py:41} WARNING - Could not import pandas. Holidays will not be considered.
[2024-11-04T11:07:01.910+0100] {logging_mixin.py:190} INFO - [2024-11-04T11:07:01.910+0100] {dag.py:3239} INFO - Sync 2 DAGs
[2024-11-04T11:07:01.914+0100] {logging_mixin.py:190} INFO - [2024-11-04T11:07:01.914+0100] {dag.py:4180} INFO - Setting next_dagrun for example_external_task_marker_child to None, run_after=None
[2024-11-04T11:07:01.915+0100] {logging_mixin.py:190} INFO - [2024-11-04T11:07:01.915+0100] {dag.py:4180} INFO - Setting next_dagrun for example_external_task_marker_parent to None, run_after=None
[2024-11-04T11:07:01.921+0100] {processor.py:208} INFO - Processing /Users/nick/Desktop/Code/MSTeams_pipeline/airflow/lib/python3.11/site-packages/airflow/example_dags/example_external_task_marker_dag.py took 0.056 seconds
[2024-11-04T11:09:28.857+0100] {processor.py:186} INFO - Started process (PID=20377) to work on /Users/nick/Desktop/Code/MSTeams_pipeline/airflow/lib/python3.11/site-packages/airflow/example_dags/example_external_task_marker_dag.py
[2024-11-04T11:09:28.858+0100] {processor.py:914} INFO - Processing file /Users/nick/Desktop/Code/MSTeams_pipeline/airflow/lib/python3.11/site-packages/airflow/example_dags/example_external_task_marker_dag.py for tasks to queue
[2024-11-04T11:09:28.859+0100] {logging_mixin.py:190} INFO - [2024-11-04T11:09:28.859+0100] {dagbag.py:588} INFO - Filling up the DagBag from /Users/nick/Desktop/Code/MSTeams_pipeline/airflow/lib/python3.11/site-packages/airflow/example_dags/example_external_task_marker_dag.py
[2024-11-04T11:09:28.863+0100] {processor.py:925} INFO - DAG(s) 'example_external_task_marker_parent', 'example_external_task_marker_child' retrieved from /Users/nick/Desktop/Code/MSTeams_pipeline/airflow/lib/python3.11/site-packages/airflow/example_dags/example_external_task_marker_dag.py
[2024-11-04T11:09:28.897+0100] {logging_mixin.py:190} INFO - [2024-11-04T11:09:28.897+0100] {workday.py:41} WARNING - Could not import pandas. Holidays will not be considered.
[2024-11-04T11:09:28.901+0100] {logging_mixin.py:190} INFO - [2024-11-04T11:09:28.901+0100] {dag.py:3239} INFO - Sync 2 DAGs
[2024-11-04T11:09:28.905+0100] {logging_mixin.py:190} INFO - [2024-11-04T11:09:28.905+0100] {dag.py:4180} INFO - Setting next_dagrun for example_external_task_marker_child to None, run_after=None
[2024-11-04T11:09:28.906+0100] {logging_mixin.py:190} INFO - [2024-11-04T11:09:28.906+0100] {dag.py:4180} INFO - Setting next_dagrun for example_external_task_marker_parent to None, run_after=None
[2024-11-04T11:09:28.912+0100] {processor.py:208} INFO - Processing /Users/nick/Desktop/Code/MSTeams_pipeline/airflow/lib/python3.11/site-packages/airflow/example_dags/example_external_task_marker_dag.py took 0.056 seconds
[2024-11-04T11:11:30.759+0100] {processor.py:186} INFO - Started process (PID=21891) to work on /Users/nick/Desktop/Code/MSTeams_pipeline/airflow/lib/python3.11/site-packages/airflow/example_dags/example_external_task_marker_dag.py
[2024-11-04T11:11:30.760+0100] {processor.py:914} INFO - Processing file /Users/nick/Desktop/Code/MSTeams_pipeline/airflow/lib/python3.11/site-packages/airflow/example_dags/example_external_task_marker_dag.py for tasks to queue
[2024-11-04T11:11:30.760+0100] {logging_mixin.py:190} INFO - [2024-11-04T11:11:30.760+0100] {dagbag.py:588} INFO - Filling up the DagBag from /Users/nick/Desktop/Code/MSTeams_pipeline/airflow/lib/python3.11/site-packages/airflow/example_dags/example_external_task_marker_dag.py
[2024-11-04T11:11:30.764+0100] {processor.py:925} INFO - DAG(s) 'example_external_task_marker_child', 'example_external_task_marker_parent' retrieved from /Users/nick/Desktop/Code/MSTeams_pipeline/airflow/lib/python3.11/site-packages/airflow/example_dags/example_external_task_marker_dag.py
[2024-11-04T11:11:30.958+0100] {logging_mixin.py:190} INFO - [2024-11-04T11:11:30.957+0100] {dag.py:3239} INFO - Sync 2 DAGs
[2024-11-04T11:11:30.962+0100] {logging_mixin.py:190} INFO - [2024-11-04T11:11:30.962+0100] {dag.py:4180} INFO - Setting next_dagrun for example_external_task_marker_child to None, run_after=None
[2024-11-04T11:11:30.963+0100] {logging_mixin.py:190} INFO - [2024-11-04T11:11:30.963+0100] {dag.py:4180} INFO - Setting next_dagrun for example_external_task_marker_parent to None, run_after=None
[2024-11-04T11:11:30.969+0100] {processor.py:208} INFO - Processing /Users/nick/Desktop/Code/MSTeams_pipeline/airflow/lib/python3.11/site-packages/airflow/example_dags/example_external_task_marker_dag.py took 0.211 seconds
[2024-11-04T11:15:44.242+0100] {processor.py:186} INFO - Started process (PID=25210) to work on /Users/nick/airflow/airflow_venv/lib/python3.11/site-packages/airflow/example_dags/example_external_task_marker_dag.py
[2024-11-04T11:15:44.242+0100] {processor.py:914} INFO - Processing file /Users/nick/airflow/airflow_venv/lib/python3.11/site-packages/airflow/example_dags/example_external_task_marker_dag.py for tasks to queue
[2024-11-04T11:15:44.242+0100] {logging_mixin.py:190} INFO - [2024-11-04T11:15:44.242+0100] {dagbag.py:588} INFO - Filling up the DagBag from /Users/nick/airflow/airflow_venv/lib/python3.11/site-packages/airflow/example_dags/example_external_task_marker_dag.py
[2024-11-04T11:15:44.247+0100] {processor.py:925} INFO - DAG(s) 'example_external_task_marker_parent', 'example_external_task_marker_child' retrieved from /Users/nick/airflow/airflow_venv/lib/python3.11/site-packages/airflow/example_dags/example_external_task_marker_dag.py
[2024-11-04T11:15:44.335+0100] {logging_mixin.py:190} INFO - [2024-11-04T11:15:44.335+0100] {workday.py:41} WARNING - Could not import pandas. Holidays will not be considered.
[2024-11-04T11:15:44.343+0100] {logging_mixin.py:190} INFO - [2024-11-04T11:15:44.343+0100] {dag.py:3239} INFO - Sync 2 DAGs
[2024-11-04T11:15:44.347+0100] {logging_mixin.py:190} INFO - [2024-11-04T11:15:44.347+0100] {dag.py:4180} INFO - Setting next_dagrun for example_external_task_marker_child to None, run_after=None
[2024-11-04T11:15:44.347+0100] {logging_mixin.py:190} INFO - [2024-11-04T11:15:44.347+0100] {dag.py:4180} INFO - Setting next_dagrun for example_external_task_marker_parent to None, run_after=None
[2024-11-04T11:15:44.355+0100] {processor.py:208} INFO - Processing /Users/nick/airflow/airflow_venv/lib/python3.11/site-packages/airflow/example_dags/example_external_task_marker_dag.py took 0.115 seconds
[2024-11-04T11:17:29.645+0100] {processor.py:186} INFO - Started process (PID=26795) to work on /Users/nick/airflow/airflow_venv/lib/python3.11/site-packages/airflow/example_dags/example_external_task_marker_dag.py
[2024-11-04T11:17:29.645+0100] {processor.py:914} INFO - Processing file /Users/nick/airflow/airflow_venv/lib/python3.11/site-packages/airflow/example_dags/example_external_task_marker_dag.py for tasks to queue
[2024-11-04T11:17:29.646+0100] {logging_mixin.py:190} INFO - [2024-11-04T11:17:29.646+0100] {dagbag.py:588} INFO - Filling up the DagBag from /Users/nick/airflow/airflow_venv/lib/python3.11/site-packages/airflow/example_dags/example_external_task_marker_dag.py
[2024-11-04T11:17:29.650+0100] {processor.py:925} INFO - DAG(s) 'example_external_task_marker_parent', 'example_external_task_marker_child' retrieved from /Users/nick/airflow/airflow_venv/lib/python3.11/site-packages/airflow/example_dags/example_external_task_marker_dag.py
[2024-11-04T11:17:29.682+0100] {logging_mixin.py:190} INFO - [2024-11-04T11:17:29.682+0100] {workday.py:41} WARNING - Could not import pandas. Holidays will not be considered.
[2024-11-04T11:17:29.686+0100] {logging_mixin.py:190} INFO - [2024-11-04T11:17:29.686+0100] {dag.py:3239} INFO - Sync 2 DAGs
[2024-11-04T11:17:29.690+0100] {logging_mixin.py:190} INFO - [2024-11-04T11:17:29.690+0100] {dag.py:4180} INFO - Setting next_dagrun for example_external_task_marker_child to None, run_after=None
[2024-11-04T11:17:29.691+0100] {logging_mixin.py:190} INFO - [2024-11-04T11:17:29.691+0100] {dag.py:4180} INFO - Setting next_dagrun for example_external_task_marker_parent to None, run_after=None
[2024-11-04T11:17:29.697+0100] {processor.py:208} INFO - Processing /Users/nick/airflow/airflow_venv/lib/python3.11/site-packages/airflow/example_dags/example_external_task_marker_dag.py took 0.053 seconds
[2024-11-04T11:19:54.002+0100] {processor.py:186} INFO - Started process (PID=28504) to work on /Users/nick/airflow/airflow_venv/lib/python3.11/site-packages/airflow/example_dags/example_external_task_marker_dag.py
[2024-11-04T11:19:54.003+0100] {processor.py:914} INFO - Processing file /Users/nick/airflow/airflow_venv/lib/python3.11/site-packages/airflow/example_dags/example_external_task_marker_dag.py for tasks to queue
[2024-11-04T11:19:54.003+0100] {logging_mixin.py:190} INFO - [2024-11-04T11:19:54.003+0100] {dagbag.py:588} INFO - Filling up the DagBag from /Users/nick/airflow/airflow_venv/lib/python3.11/site-packages/airflow/example_dags/example_external_task_marker_dag.py
[2024-11-04T11:19:54.008+0100] {processor.py:925} INFO - DAG(s) 'example_external_task_marker_parent', 'example_external_task_marker_child' retrieved from /Users/nick/airflow/airflow_venv/lib/python3.11/site-packages/airflow/example_dags/example_external_task_marker_dag.py
[2024-11-04T11:19:54.044+0100] {logging_mixin.py:190} INFO - [2024-11-04T11:19:54.044+0100] {workday.py:41} WARNING - Could not import pandas. Holidays will not be considered.
[2024-11-04T11:19:54.049+0100] {logging_mixin.py:190} INFO - [2024-11-04T11:19:54.049+0100] {dag.py:3239} INFO - Sync 2 DAGs
[2024-11-04T11:19:54.053+0100] {logging_mixin.py:190} INFO - [2024-11-04T11:19:54.053+0100] {dag.py:4180} INFO - Setting next_dagrun for example_external_task_marker_child to None, run_after=None
[2024-11-04T11:19:54.054+0100] {logging_mixin.py:190} INFO - [2024-11-04T11:19:54.054+0100] {dag.py:4180} INFO - Setting next_dagrun for example_external_task_marker_parent to None, run_after=None
[2024-11-04T11:19:54.060+0100] {processor.py:208} INFO - Processing /Users/nick/airflow/airflow_venv/lib/python3.11/site-packages/airflow/example_dags/example_external_task_marker_dag.py took 0.059 seconds
[2024-11-04T11:22:25.763+0100] {processor.py:186} INFO - Started process (PID=30296) to work on /Users/nick/airflow/airflow_venv/lib/python3.11/site-packages/airflow/example_dags/example_external_task_marker_dag.py
[2024-11-04T11:22:25.763+0100] {processor.py:914} INFO - Processing file /Users/nick/airflow/airflow_venv/lib/python3.11/site-packages/airflow/example_dags/example_external_task_marker_dag.py for tasks to queue
[2024-11-04T11:22:25.764+0100] {logging_mixin.py:190} INFO - [2024-11-04T11:22:25.763+0100] {dagbag.py:588} INFO - Filling up the DagBag from /Users/nick/airflow/airflow_venv/lib/python3.11/site-packages/airflow/example_dags/example_external_task_marker_dag.py
[2024-11-04T11:22:25.768+0100] {processor.py:925} INFO - DAG(s) 'example_external_task_marker_child', 'example_external_task_marker_parent' retrieved from /Users/nick/airflow/airflow_venv/lib/python3.11/site-packages/airflow/example_dags/example_external_task_marker_dag.py
[2024-11-04T11:22:25.800+0100] {logging_mixin.py:190} INFO - [2024-11-04T11:22:25.800+0100] {workday.py:41} WARNING - Could not import pandas. Holidays will not be considered.
[2024-11-04T11:22:25.806+0100] {logging_mixin.py:190} INFO - [2024-11-04T11:22:25.806+0100] {dag.py:3239} INFO - Sync 2 DAGs
[2024-11-04T11:22:25.810+0100] {logging_mixin.py:190} INFO - [2024-11-04T11:22:25.810+0100] {dag.py:4180} INFO - Setting next_dagrun for example_external_task_marker_child to None, run_after=None
[2024-11-04T11:22:25.811+0100] {logging_mixin.py:190} INFO - [2024-11-04T11:22:25.811+0100] {dag.py:4180} INFO - Setting next_dagrun for example_external_task_marker_parent to None, run_after=None
[2024-11-04T11:22:25.817+0100] {processor.py:208} INFO - Processing /Users/nick/airflow/airflow_venv/lib/python3.11/site-packages/airflow/example_dags/example_external_task_marker_dag.py took 0.056 seconds
