[2024-11-04T11:05:06.848+0100] {processor.py:186} INFO - Started process (PID=17316) to work on /Users/nick/Desktop/Code/MSTeams_pipeline/airflow/lib/python3.11/site-packages/airflow/example_dags/example_nested_branch_dag.py
[2024-11-04T11:05:06.848+0100] {processor.py:914} INFO - Processing file /Users/nick/Desktop/Code/MSTeams_pipeline/airflow/lib/python3.11/site-packages/airflow/example_dags/example_nested_branch_dag.py for tasks to queue
[2024-11-04T11:05:06.849+0100] {logging_mixin.py:190} INFO - [2024-11-04T11:05:06.849+0100] {dagbag.py:588} INFO - Filling up the DagBag from /Users/nick/Desktop/Code/MSTeams_pipeline/airflow/lib/python3.11/site-packages/airflow/example_dags/example_nested_branch_dag.py
[2024-11-04T11:05:06.863+0100] {processor.py:925} INFO - DAG(s) 'example_nested_branch_dag' retrieved from /Users/nick/Desktop/Code/MSTeams_pipeline/airflow/lib/python3.11/site-packages/airflow/example_dags/example_nested_branch_dag.py
[2024-11-04T11:05:06.949+0100] {logging_mixin.py:190} INFO - [2024-11-04T11:05:06.949+0100] {dag.py:3239} INFO - Sync 1 DAGs
[2024-11-04T11:05:06.955+0100] {logging_mixin.py:190} INFO - [2024-11-04T11:05:06.955+0100] {dag.py:4180} INFO - Setting next_dagrun for example_nested_branch_dag to 2024-11-03 00:00:00+00:00, run_after=2024-11-04 00:00:00+00:00
[2024-11-04T11:05:06.962+0100] {processor.py:208} INFO - Processing /Users/nick/Desktop/Code/MSTeams_pipeline/airflow/lib/python3.11/site-packages/airflow/example_dags/example_nested_branch_dag.py took 0.115 seconds
[2024-11-04T11:06:50.740+0100] {processor.py:186} INFO - Started process (PID=18583) to work on /Users/nick/Desktop/Code/MSTeams_pipeline/airflow/lib/python3.11/site-packages/airflow/example_dags/example_nested_branch_dag.py
[2024-11-04T11:06:50.740+0100] {processor.py:914} INFO - Processing file /Users/nick/Desktop/Code/MSTeams_pipeline/airflow/lib/python3.11/site-packages/airflow/example_dags/example_nested_branch_dag.py for tasks to queue
[2024-11-04T11:06:50.741+0100] {logging_mixin.py:190} INFO - [2024-11-04T11:06:50.741+0100] {dagbag.py:588} INFO - Filling up the DagBag from /Users/nick/Desktop/Code/MSTeams_pipeline/airflow/lib/python3.11/site-packages/airflow/example_dags/example_nested_branch_dag.py
[2024-11-04T11:06:50.755+0100] {processor.py:925} INFO - DAG(s) 'example_nested_branch_dag' retrieved from /Users/nick/Desktop/Code/MSTeams_pipeline/airflow/lib/python3.11/site-packages/airflow/example_dags/example_nested_branch_dag.py
[2024-11-04T11:06:50.793+0100] {logging_mixin.py:190} INFO - [2024-11-04T11:06:50.793+0100] {dag.py:3239} INFO - Sync 1 DAGs
[2024-11-04T11:06:50.825+0100] {logging_mixin.py:190} INFO - [2024-11-04T11:06:50.825+0100] {dag.py:4180} INFO - Setting next_dagrun for example_nested_branch_dag to 2024-11-03 00:00:00+00:00, run_after=2024-11-04 00:00:00+00:00
[2024-11-04T11:06:50.831+0100] {processor.py:208} INFO - Processing /Users/nick/Desktop/Code/MSTeams_pipeline/airflow/lib/python3.11/site-packages/airflow/example_dags/example_nested_branch_dag.py took 0.093 seconds
[2024-11-04T11:09:18.182+0100] {processor.py:186} INFO - Started process (PID=20263) to work on /Users/nick/Desktop/Code/MSTeams_pipeline/airflow/lib/python3.11/site-packages/airflow/example_dags/example_nested_branch_dag.py
[2024-11-04T11:09:18.183+0100] {processor.py:914} INFO - Processing file /Users/nick/Desktop/Code/MSTeams_pipeline/airflow/lib/python3.11/site-packages/airflow/example_dags/example_nested_branch_dag.py for tasks to queue
[2024-11-04T11:09:18.183+0100] {logging_mixin.py:190} INFO - [2024-11-04T11:09:18.183+0100] {dagbag.py:588} INFO - Filling up the DagBag from /Users/nick/Desktop/Code/MSTeams_pipeline/airflow/lib/python3.11/site-packages/airflow/example_dags/example_nested_branch_dag.py
[2024-11-04T11:09:18.198+0100] {processor.py:925} INFO - DAG(s) 'example_nested_branch_dag' retrieved from /Users/nick/Desktop/Code/MSTeams_pipeline/airflow/lib/python3.11/site-packages/airflow/example_dags/example_nested_branch_dag.py
[2024-11-04T11:09:18.235+0100] {logging_mixin.py:190} INFO - [2024-11-04T11:09:18.235+0100] {dag.py:3239} INFO - Sync 1 DAGs
[2024-11-04T11:09:18.266+0100] {logging_mixin.py:190} INFO - [2024-11-04T11:09:18.266+0100] {dag.py:4180} INFO - Setting next_dagrun for example_nested_branch_dag to 2024-11-03 00:00:00+00:00, run_after=2024-11-04 00:00:00+00:00
[2024-11-04T11:09:18.272+0100] {processor.py:208} INFO - Processing /Users/nick/Desktop/Code/MSTeams_pipeline/airflow/lib/python3.11/site-packages/airflow/example_dags/example_nested_branch_dag.py took 0.093 seconds
[2024-11-04T11:11:21.349+0100] {processor.py:186} INFO - Started process (PID=21768) to work on /Users/nick/Desktop/Code/MSTeams_pipeline/airflow/lib/python3.11/site-packages/airflow/example_dags/example_nested_branch_dag.py
[2024-11-04T11:11:21.350+0100] {processor.py:914} INFO - Processing file /Users/nick/Desktop/Code/MSTeams_pipeline/airflow/lib/python3.11/site-packages/airflow/example_dags/example_nested_branch_dag.py for tasks to queue
[2024-11-04T11:11:21.350+0100] {logging_mixin.py:190} INFO - [2024-11-04T11:11:21.350+0100] {dagbag.py:588} INFO - Filling up the DagBag from /Users/nick/Desktop/Code/MSTeams_pipeline/airflow/lib/python3.11/site-packages/airflow/example_dags/example_nested_branch_dag.py
[2024-11-04T11:11:21.365+0100] {processor.py:925} INFO - DAG(s) 'example_nested_branch_dag' retrieved from /Users/nick/Desktop/Code/MSTeams_pipeline/airflow/lib/python3.11/site-packages/airflow/example_dags/example_nested_branch_dag.py
[2024-11-04T11:11:21.402+0100] {logging_mixin.py:190} INFO - [2024-11-04T11:11:21.402+0100] {dag.py:3239} INFO - Sync 1 DAGs
[2024-11-04T11:11:21.437+0100] {logging_mixin.py:190} INFO - [2024-11-04T11:11:21.437+0100] {dag.py:4180} INFO - Setting next_dagrun for example_nested_branch_dag to 2024-11-03 00:00:00+00:00, run_after=2024-11-04 00:00:00+00:00
[2024-11-04T11:11:21.444+0100] {processor.py:208} INFO - Processing /Users/nick/Desktop/Code/MSTeams_pipeline/airflow/lib/python3.11/site-packages/airflow/example_dags/example_nested_branch_dag.py took 0.096 seconds
[2024-11-04T11:15:35.272+0100] {processor.py:186} INFO - Started process (PID=25098) to work on /Users/nick/airflow/airflow_venv/lib/python3.11/site-packages/airflow/example_dags/example_nested_branch_dag.py
[2024-11-04T11:15:35.272+0100] {processor.py:914} INFO - Processing file /Users/nick/airflow/airflow_venv/lib/python3.11/site-packages/airflow/example_dags/example_nested_branch_dag.py for tasks to queue
[2024-11-04T11:15:35.272+0100] {logging_mixin.py:190} INFO - [2024-11-04T11:15:35.272+0100] {dagbag.py:588} INFO - Filling up the DagBag from /Users/nick/airflow/airflow_venv/lib/python3.11/site-packages/airflow/example_dags/example_nested_branch_dag.py
[2024-11-04T11:15:35.287+0100] {processor.py:925} INFO - DAG(s) 'example_nested_branch_dag' retrieved from /Users/nick/airflow/airflow_venv/lib/python3.11/site-packages/airflow/example_dags/example_nested_branch_dag.py
[2024-11-04T11:15:35.380+0100] {logging_mixin.py:190} INFO - [2024-11-04T11:15:35.380+0100] {dag.py:3239} INFO - Sync 1 DAGs
[2024-11-04T11:15:35.386+0100] {logging_mixin.py:190} INFO - [2024-11-04T11:15:35.386+0100] {dag.py:4180} INFO - Setting next_dagrun for example_nested_branch_dag to 2024-11-03 00:00:00+00:00, run_after=2024-11-04 00:00:00+00:00
[2024-11-04T11:15:35.393+0100] {processor.py:208} INFO - Processing /Users/nick/airflow/airflow_venv/lib/python3.11/site-packages/airflow/example_dags/example_nested_branch_dag.py took 0.123 seconds
[2024-11-04T11:17:19.156+0100] {processor.py:186} INFO - Started process (PID=26681) to work on /Users/nick/airflow/airflow_venv/lib/python3.11/site-packages/airflow/example_dags/example_nested_branch_dag.py
[2024-11-04T11:17:19.156+0100] {processor.py:914} INFO - Processing file /Users/nick/airflow/airflow_venv/lib/python3.11/site-packages/airflow/example_dags/example_nested_branch_dag.py for tasks to queue
[2024-11-04T11:17:19.157+0100] {logging_mixin.py:190} INFO - [2024-11-04T11:17:19.157+0100] {dagbag.py:588} INFO - Filling up the DagBag from /Users/nick/airflow/airflow_venv/lib/python3.11/site-packages/airflow/example_dags/example_nested_branch_dag.py
[2024-11-04T11:17:19.171+0100] {processor.py:925} INFO - DAG(s) 'example_nested_branch_dag' retrieved from /Users/nick/airflow/airflow_venv/lib/python3.11/site-packages/airflow/example_dags/example_nested_branch_dag.py
[2024-11-04T11:17:19.206+0100] {logging_mixin.py:190} INFO - [2024-11-04T11:17:19.205+0100] {dag.py:3239} INFO - Sync 1 DAGs
[2024-11-04T11:17:19.238+0100] {logging_mixin.py:190} INFO - [2024-11-04T11:17:19.238+0100] {dag.py:4180} INFO - Setting next_dagrun for example_nested_branch_dag to 2024-11-03 00:00:00+00:00, run_after=2024-11-04 00:00:00+00:00
[2024-11-04T11:17:19.244+0100] {processor.py:208} INFO - Processing /Users/nick/airflow/airflow_venv/lib/python3.11/site-packages/airflow/example_dags/example_nested_branch_dag.py took 0.090 seconds
[2024-11-04T11:19:42.756+0100] {processor.py:186} INFO - Started process (PID=28389) to work on /Users/nick/airflow/airflow_venv/lib/python3.11/site-packages/airflow/example_dags/example_nested_branch_dag.py
[2024-11-04T11:19:42.757+0100] {processor.py:914} INFO - Processing file /Users/nick/airflow/airflow_venv/lib/python3.11/site-packages/airflow/example_dags/example_nested_branch_dag.py for tasks to queue
[2024-11-04T11:19:42.757+0100] {logging_mixin.py:190} INFO - [2024-11-04T11:19:42.757+0100] {dagbag.py:588} INFO - Filling up the DagBag from /Users/nick/airflow/airflow_venv/lib/python3.11/site-packages/airflow/example_dags/example_nested_branch_dag.py
[2024-11-04T11:19:42.772+0100] {processor.py:925} INFO - DAG(s) 'example_nested_branch_dag' retrieved from /Users/nick/airflow/airflow_venv/lib/python3.11/site-packages/airflow/example_dags/example_nested_branch_dag.py
[2024-11-04T11:19:42.809+0100] {logging_mixin.py:190} INFO - [2024-11-04T11:19:42.809+0100] {dag.py:3239} INFO - Sync 1 DAGs
[2024-11-04T11:19:42.845+0100] {logging_mixin.py:190} INFO - [2024-11-04T11:19:42.844+0100] {dag.py:4180} INFO - Setting next_dagrun for example_nested_branch_dag to 2024-11-03 00:00:00+00:00, run_after=2024-11-04 00:00:00+00:00
[2024-11-04T11:19:42.852+0100] {processor.py:208} INFO - Processing /Users/nick/airflow/airflow_venv/lib/python3.11/site-packages/airflow/example_dags/example_nested_branch_dag.py took 0.097 seconds
[2024-11-04T11:22:15.519+0100] {processor.py:186} INFO - Started process (PID=30167) to work on /Users/nick/airflow/airflow_venv/lib/python3.11/site-packages/airflow/example_dags/example_nested_branch_dag.py
[2024-11-04T11:22:15.519+0100] {processor.py:914} INFO - Processing file /Users/nick/airflow/airflow_venv/lib/python3.11/site-packages/airflow/example_dags/example_nested_branch_dag.py for tasks to queue
[2024-11-04T11:22:15.520+0100] {logging_mixin.py:190} INFO - [2024-11-04T11:22:15.520+0100] {dagbag.py:588} INFO - Filling up the DagBag from /Users/nick/airflow/airflow_venv/lib/python3.11/site-packages/airflow/example_dags/example_nested_branch_dag.py
[2024-11-04T11:22:15.534+0100] {processor.py:925} INFO - DAG(s) 'example_nested_branch_dag' retrieved from /Users/nick/airflow/airflow_venv/lib/python3.11/site-packages/airflow/example_dags/example_nested_branch_dag.py
[2024-11-04T11:22:15.569+0100] {logging_mixin.py:190} INFO - [2024-11-04T11:22:15.568+0100] {dag.py:3239} INFO - Sync 1 DAGs
[2024-11-04T11:22:15.603+0100] {logging_mixin.py:190} INFO - [2024-11-04T11:22:15.603+0100] {dag.py:4180} INFO - Setting next_dagrun for example_nested_branch_dag to 2024-11-03 00:00:00+00:00, run_after=2024-11-04 00:00:00+00:00
[2024-11-04T11:22:15.610+0100] {processor.py:208} INFO - Processing /Users/nick/airflow/airflow_venv/lib/python3.11/site-packages/airflow/example_dags/example_nested_branch_dag.py took 0.092 seconds
