[2024-11-04T11:04:44.638+0100] {processor.py:186} INFO - Started process (PID=17025) to work on /Users/nick/Desktop/Code/MSTeams_pipeline/airflow/lib/python3.11/site-packages/airflow/example_dags/example_short_circuit_operator.py
[2024-11-04T11:04:44.639+0100] {processor.py:914} INFO - Processing file /Users/nick/Desktop/Code/MSTeams_pipeline/airflow/lib/python3.11/site-packages/airflow/example_dags/example_short_circuit_operator.py for tasks to queue
[2024-11-04T11:04:44.639+0100] {logging_mixin.py:190} INFO - [2024-11-04T11:04:44.639+0100] {dagbag.py:588} INFO - Filling up the DagBag from /Users/nick/Desktop/Code/MSTeams_pipeline/airflow/lib/python3.11/site-packages/airflow/example_dags/example_short_circuit_operator.py
[2024-11-04T11:04:44.649+0100] {processor.py:925} INFO - DAG(s) 'example_short_circuit_operator' retrieved from /Users/nick/Desktop/Code/MSTeams_pipeline/airflow/lib/python3.11/site-packages/airflow/example_dags/example_short_circuit_operator.py
[2024-11-04T11:04:44.737+0100] {logging_mixin.py:190} INFO - [2024-11-04T11:04:44.737+0100] {dag.py:3239} INFO - Sync 1 DAGs
[2024-11-04T11:04:44.740+0100] {logging_mixin.py:190} INFO - [2024-11-04T11:04:44.740+0100] {dag.py:4180} INFO - Setting next_dagrun for example_short_circuit_operator to None, run_after=None
[2024-11-04T11:04:44.747+0100] {processor.py:208} INFO - Processing /Users/nick/Desktop/Code/MSTeams_pipeline/airflow/lib/python3.11/site-packages/airflow/example_dags/example_short_circuit_operator.py took 0.110 seconds
[2024-11-04T11:06:30.414+0100] {processor.py:186} INFO - Started process (PID=18329) to work on /Users/nick/Desktop/Code/MSTeams_pipeline/airflow/lib/python3.11/site-packages/airflow/example_dags/example_short_circuit_operator.py
[2024-11-04T11:06:30.414+0100] {processor.py:914} INFO - Processing file /Users/nick/Desktop/Code/MSTeams_pipeline/airflow/lib/python3.11/site-packages/airflow/example_dags/example_short_circuit_operator.py for tasks to queue
[2024-11-04T11:06:30.415+0100] {logging_mixin.py:190} INFO - [2024-11-04T11:06:30.415+0100] {dagbag.py:588} INFO - Filling up the DagBag from /Users/nick/Desktop/Code/MSTeams_pipeline/airflow/lib/python3.11/site-packages/airflow/example_dags/example_short_circuit_operator.py
[2024-11-04T11:06:30.425+0100] {processor.py:925} INFO - DAG(s) 'example_short_circuit_operator' retrieved from /Users/nick/Desktop/Code/MSTeams_pipeline/airflow/lib/python3.11/site-packages/airflow/example_dags/example_short_circuit_operator.py
[2024-11-04T11:06:30.461+0100] {logging_mixin.py:190} INFO - [2024-11-04T11:06:30.461+0100] {dag.py:3239} INFO - Sync 1 DAGs
[2024-11-04T11:06:30.465+0100] {logging_mixin.py:190} INFO - [2024-11-04T11:06:30.465+0100] {dag.py:4180} INFO - Setting next_dagrun for example_short_circuit_operator to None, run_after=None
[2024-11-04T11:06:30.497+0100] {processor.py:208} INFO - Processing /Users/nick/Desktop/Code/MSTeams_pipeline/airflow/lib/python3.11/site-packages/airflow/example_dags/example_short_circuit_operator.py took 0.084 seconds
[2024-11-04T11:07:44.992+0100] {processor.py:186} INFO - Started process (PID=19204) to work on /Users/nick/Desktop/Code/MSTeams_pipeline/airflow/lib/python3.11/site-packages/airflow/example_dags/example_short_circuit_operator.py
[2024-11-04T11:07:44.993+0100] {processor.py:914} INFO - Processing file /Users/nick/Desktop/Code/MSTeams_pipeline/airflow/lib/python3.11/site-packages/airflow/example_dags/example_short_circuit_operator.py for tasks to queue
[2024-11-04T11:07:44.993+0100] {logging_mixin.py:190} INFO - [2024-11-04T11:07:44.993+0100] {dagbag.py:588} INFO - Filling up the DagBag from /Users/nick/Desktop/Code/MSTeams_pipeline/airflow/lib/python3.11/site-packages/airflow/example_dags/example_short_circuit_operator.py
[2024-11-04T11:07:45.004+0100] {processor.py:925} INFO - DAG(s) 'example_short_circuit_operator' retrieved from /Users/nick/Desktop/Code/MSTeams_pipeline/airflow/lib/python3.11/site-packages/airflow/example_dags/example_short_circuit_operator.py
[2024-11-04T11:07:45.039+0100] {logging_mixin.py:190} INFO - [2024-11-04T11:07:45.039+0100] {dag.py:3239} INFO - Sync 1 DAGs
[2024-11-04T11:07:45.043+0100] {logging_mixin.py:190} INFO - [2024-11-04T11:07:45.043+0100] {dag.py:4180} INFO - Setting next_dagrun for example_short_circuit_operator to None, run_after=None
[2024-11-04T11:07:45.076+0100] {processor.py:208} INFO - Processing /Users/nick/Desktop/Code/MSTeams_pipeline/airflow/lib/python3.11/site-packages/airflow/example_dags/example_short_circuit_operator.py took 0.085 seconds
[2024-11-04T11:08:58.192+0100] {processor.py:186} INFO - Started process (PID=20032) to work on /Users/nick/Desktop/Code/MSTeams_pipeline/airflow/lib/python3.11/site-packages/airflow/example_dags/example_short_circuit_operator.py
[2024-11-04T11:08:58.193+0100] {processor.py:914} INFO - Processing file /Users/nick/Desktop/Code/MSTeams_pipeline/airflow/lib/python3.11/site-packages/airflow/example_dags/example_short_circuit_operator.py for tasks to queue
[2024-11-04T11:08:58.193+0100] {logging_mixin.py:190} INFO - [2024-11-04T11:08:58.193+0100] {dagbag.py:588} INFO - Filling up the DagBag from /Users/nick/Desktop/Code/MSTeams_pipeline/airflow/lib/python3.11/site-packages/airflow/example_dags/example_short_circuit_operator.py
[2024-11-04T11:08:58.205+0100] {processor.py:925} INFO - DAG(s) 'example_short_circuit_operator' retrieved from /Users/nick/Desktop/Code/MSTeams_pipeline/airflow/lib/python3.11/site-packages/airflow/example_dags/example_short_circuit_operator.py
[2024-11-04T11:08:58.243+0100] {logging_mixin.py:190} INFO - [2024-11-04T11:08:58.243+0100] {dag.py:3239} INFO - Sync 1 DAGs
[2024-11-04T11:08:58.247+0100] {logging_mixin.py:190} INFO - [2024-11-04T11:08:58.247+0100] {dag.py:4180} INFO - Setting next_dagrun for example_short_circuit_operator to None, run_after=None
[2024-11-04T11:08:58.284+0100] {processor.py:208} INFO - Processing /Users/nick/Desktop/Code/MSTeams_pipeline/airflow/lib/python3.11/site-packages/airflow/example_dags/example_short_circuit_operator.py took 0.093 seconds
[2024-11-04T11:11:00.183+0100] {processor.py:186} INFO - Started process (PID=21480) to work on /Users/nick/Desktop/Code/MSTeams_pipeline/airflow/lib/python3.11/site-packages/airflow/example_dags/example_short_circuit_operator.py
[2024-11-04T11:11:00.184+0100] {processor.py:914} INFO - Processing file /Users/nick/Desktop/Code/MSTeams_pipeline/airflow/lib/python3.11/site-packages/airflow/example_dags/example_short_circuit_operator.py for tasks to queue
[2024-11-04T11:11:00.184+0100] {logging_mixin.py:190} INFO - [2024-11-04T11:11:00.184+0100] {dagbag.py:588} INFO - Filling up the DagBag from /Users/nick/Desktop/Code/MSTeams_pipeline/airflow/lib/python3.11/site-packages/airflow/example_dags/example_short_circuit_operator.py
[2024-11-04T11:11:00.194+0100] {processor.py:925} INFO - DAG(s) 'example_short_circuit_operator' retrieved from /Users/nick/Desktop/Code/MSTeams_pipeline/airflow/lib/python3.11/site-packages/airflow/example_dags/example_short_circuit_operator.py
[2024-11-04T11:11:00.231+0100] {logging_mixin.py:190} INFO - [2024-11-04T11:11:00.231+0100] {dag.py:3239} INFO - Sync 1 DAGs
[2024-11-04T11:11:00.235+0100] {logging_mixin.py:190} INFO - [2024-11-04T11:11:00.235+0100] {dag.py:4180} INFO - Setting next_dagrun for example_short_circuit_operator to None, run_after=None
[2024-11-04T11:11:00.270+0100] {processor.py:208} INFO - Processing /Users/nick/Desktop/Code/MSTeams_pipeline/airflow/lib/python3.11/site-packages/airflow/example_dags/example_short_circuit_operator.py took 0.088 seconds
[2024-11-04T11:12:47.384+0100] {processor.py:186} INFO - Started process (PID=22975) to work on /Users/nick/Desktop/Code/MSTeams_pipeline/airflow/lib/python3.11/site-packages/airflow/example_dags/example_short_circuit_operator.py
[2024-11-04T11:12:47.384+0100] {processor.py:914} INFO - Processing file /Users/nick/Desktop/Code/MSTeams_pipeline/airflow/lib/python3.11/site-packages/airflow/example_dags/example_short_circuit_operator.py for tasks to queue
[2024-11-04T11:12:47.384+0100] {logging_mixin.py:190} INFO - [2024-11-04T11:12:47.384+0100] {dagbag.py:588} INFO - Filling up the DagBag from /Users/nick/Desktop/Code/MSTeams_pipeline/airflow/lib/python3.11/site-packages/airflow/example_dags/example_short_circuit_operator.py
[2024-11-04T11:12:47.394+0100] {processor.py:925} INFO - DAG(s) 'example_short_circuit_operator' retrieved from /Users/nick/Desktop/Code/MSTeams_pipeline/airflow/lib/python3.11/site-packages/airflow/example_dags/example_short_circuit_operator.py
[2024-11-04T11:12:47.429+0100] {logging_mixin.py:190} INFO - [2024-11-04T11:12:47.429+0100] {dag.py:3239} INFO - Sync 1 DAGs
[2024-11-04T11:12:47.433+0100] {logging_mixin.py:190} INFO - [2024-11-04T11:12:47.433+0100] {dag.py:4180} INFO - Setting next_dagrun for example_short_circuit_operator to None, run_after=None
[2024-11-04T11:12:47.464+0100] {processor.py:208} INFO - Processing /Users/nick/Desktop/Code/MSTeams_pipeline/airflow/lib/python3.11/site-packages/airflow/example_dags/example_short_circuit_operator.py took 0.082 seconds
[2024-11-04T11:15:14.364+0100] {processor.py:186} INFO - Started process (PID=24874) to work on /Users/nick/airflow/airflow_venv/lib/python3.11/site-packages/airflow/example_dags/example_short_circuit_operator.py
[2024-11-04T11:15:14.365+0100] {processor.py:914} INFO - Processing file /Users/nick/airflow/airflow_venv/lib/python3.11/site-packages/airflow/example_dags/example_short_circuit_operator.py for tasks to queue
[2024-11-04T11:15:14.365+0100] {logging_mixin.py:190} INFO - [2024-11-04T11:15:14.365+0100] {dagbag.py:588} INFO - Filling up the DagBag from /Users/nick/airflow/airflow_venv/lib/python3.11/site-packages/airflow/example_dags/example_short_circuit_operator.py
[2024-11-04T11:15:14.376+0100] {processor.py:925} INFO - DAG(s) 'example_short_circuit_operator' retrieved from /Users/nick/airflow/airflow_venv/lib/python3.11/site-packages/airflow/example_dags/example_short_circuit_operator.py
[2024-11-04T11:15:14.468+0100] {logging_mixin.py:190} INFO - [2024-11-04T11:15:14.468+0100] {dag.py:3239} INFO - Sync 1 DAGs
[2024-11-04T11:15:14.471+0100] {logging_mixin.py:190} INFO - [2024-11-04T11:15:14.471+0100] {dag.py:4180} INFO - Setting next_dagrun for example_short_circuit_operator to None, run_after=None
[2024-11-04T11:15:14.478+0100] {processor.py:208} INFO - Processing /Users/nick/airflow/airflow_venv/lib/python3.11/site-packages/airflow/example_dags/example_short_circuit_operator.py took 0.115 seconds
[2024-11-04T11:16:58.362+0100] {processor.py:186} INFO - Started process (PID=26408) to work on /Users/nick/airflow/airflow_venv/lib/python3.11/site-packages/airflow/example_dags/example_short_circuit_operator.py
[2024-11-04T11:16:58.363+0100] {processor.py:914} INFO - Processing file /Users/nick/airflow/airflow_venv/lib/python3.11/site-packages/airflow/example_dags/example_short_circuit_operator.py for tasks to queue
[2024-11-04T11:16:58.363+0100] {logging_mixin.py:190} INFO - [2024-11-04T11:16:58.363+0100] {dagbag.py:588} INFO - Filling up the DagBag from /Users/nick/airflow/airflow_venv/lib/python3.11/site-packages/airflow/example_dags/example_short_circuit_operator.py
[2024-11-04T11:16:58.374+0100] {processor.py:925} INFO - DAG(s) 'example_short_circuit_operator' retrieved from /Users/nick/airflow/airflow_venv/lib/python3.11/site-packages/airflow/example_dags/example_short_circuit_operator.py
[2024-11-04T11:16:58.413+0100] {logging_mixin.py:190} INFO - [2024-11-04T11:16:58.412+0100] {dag.py:3239} INFO - Sync 1 DAGs
[2024-11-04T11:16:58.417+0100] {logging_mixin.py:190} INFO - [2024-11-04T11:16:58.417+0100] {dag.py:4180} INFO - Setting next_dagrun for example_short_circuit_operator to None, run_after=None
[2024-11-04T11:16:58.452+0100] {processor.py:208} INFO - Processing /Users/nick/airflow/airflow_venv/lib/python3.11/site-packages/airflow/example_dags/example_short_circuit_operator.py took 0.091 seconds
[2024-11-04T11:18:15.718+0100] {processor.py:186} INFO - Started process (PID=27381) to work on /Users/nick/airflow/airflow_venv/lib/python3.11/site-packages/airflow/example_dags/example_short_circuit_operator.py
[2024-11-04T11:18:15.718+0100] {processor.py:914} INFO - Processing file /Users/nick/airflow/airflow_venv/lib/python3.11/site-packages/airflow/example_dags/example_short_circuit_operator.py for tasks to queue
[2024-11-04T11:18:15.718+0100] {logging_mixin.py:190} INFO - [2024-11-04T11:18:15.718+0100] {dagbag.py:588} INFO - Filling up the DagBag from /Users/nick/airflow/airflow_venv/lib/python3.11/site-packages/airflow/example_dags/example_short_circuit_operator.py
[2024-11-04T11:18:15.728+0100] {processor.py:925} INFO - DAG(s) 'example_short_circuit_operator' retrieved from /Users/nick/airflow/airflow_venv/lib/python3.11/site-packages/airflow/example_dags/example_short_circuit_operator.py
[2024-11-04T11:18:15.762+0100] {logging_mixin.py:190} INFO - [2024-11-04T11:18:15.762+0100] {dag.py:3239} INFO - Sync 1 DAGs
[2024-11-04T11:18:15.766+0100] {logging_mixin.py:190} INFO - [2024-11-04T11:18:15.766+0100] {dag.py:4180} INFO - Setting next_dagrun for example_short_circuit_operator to None, run_after=None
[2024-11-04T11:18:15.798+0100] {processor.py:208} INFO - Processing /Users/nick/airflow/airflow_venv/lib/python3.11/site-packages/airflow/example_dags/example_short_circuit_operator.py took 0.082 seconds
[2024-11-04T11:19:29.160+0100] {processor.py:186} INFO - Started process (PID=28270) to work on /Users/nick/airflow/airflow_venv/lib/python3.11/site-packages/airflow/example_dags/example_short_circuit_operator.py
[2024-11-04T11:19:29.160+0100] {processor.py:914} INFO - Processing file /Users/nick/airflow/airflow_venv/lib/python3.11/site-packages/airflow/example_dags/example_short_circuit_operator.py for tasks to queue
[2024-11-04T11:19:29.161+0100] {logging_mixin.py:190} INFO - [2024-11-04T11:19:29.161+0100] {dagbag.py:588} INFO - Filling up the DagBag from /Users/nick/airflow/airflow_venv/lib/python3.11/site-packages/airflow/example_dags/example_short_circuit_operator.py
[2024-11-04T11:19:29.172+0100] {processor.py:925} INFO - DAG(s) 'example_short_circuit_operator' retrieved from /Users/nick/airflow/airflow_venv/lib/python3.11/site-packages/airflow/example_dags/example_short_circuit_operator.py
[2024-11-04T11:19:29.210+0100] {logging_mixin.py:190} INFO - [2024-11-04T11:19:29.210+0100] {dag.py:3239} INFO - Sync 1 DAGs
[2024-11-04T11:19:29.214+0100] {logging_mixin.py:190} INFO - [2024-11-04T11:19:29.214+0100] {dag.py:4180} INFO - Setting next_dagrun for example_short_circuit_operator to None, run_after=None
[2024-11-04T11:19:29.251+0100] {processor.py:208} INFO - Processing /Users/nick/airflow/airflow_venv/lib/python3.11/site-packages/airflow/example_dags/example_short_circuit_operator.py took 0.092 seconds
[2024-11-04T11:20:42.202+0100] {processor.py:186} INFO - Started process (PID=29102) to work on /Users/nick/airflow/airflow_venv/lib/python3.11/site-packages/airflow/example_dags/example_short_circuit_operator.py
[2024-11-04T11:20:42.202+0100] {processor.py:914} INFO - Processing file /Users/nick/airflow/airflow_venv/lib/python3.11/site-packages/airflow/example_dags/example_short_circuit_operator.py for tasks to queue
[2024-11-04T11:20:42.202+0100] {logging_mixin.py:190} INFO - [2024-11-04T11:20:42.202+0100] {dagbag.py:588} INFO - Filling up the DagBag from /Users/nick/airflow/airflow_venv/lib/python3.11/site-packages/airflow/example_dags/example_short_circuit_operator.py
[2024-11-04T11:20:42.213+0100] {processor.py:925} INFO - DAG(s) 'example_short_circuit_operator' retrieved from /Users/nick/airflow/airflow_venv/lib/python3.11/site-packages/airflow/example_dags/example_short_circuit_operator.py
[2024-11-04T11:20:42.250+0100] {logging_mixin.py:190} INFO - [2024-11-04T11:20:42.250+0100] {dag.py:3239} INFO - Sync 1 DAGs
[2024-11-04T11:20:42.254+0100] {logging_mixin.py:190} INFO - [2024-11-04T11:20:42.254+0100] {dag.py:4180} INFO - Setting next_dagrun for example_short_circuit_operator to None, run_after=None
[2024-11-04T11:20:42.291+0100] {processor.py:208} INFO - Processing /Users/nick/airflow/airflow_venv/lib/python3.11/site-packages/airflow/example_dags/example_short_circuit_operator.py took 0.091 seconds
[2024-11-04T11:21:59.078+0100] {processor.py:186} INFO - Started process (PID=29946) to work on /Users/nick/airflow/airflow_venv/lib/python3.11/site-packages/airflow/example_dags/example_short_circuit_operator.py
[2024-11-04T11:21:59.078+0100] {processor.py:914} INFO - Processing file /Users/nick/airflow/airflow_venv/lib/python3.11/site-packages/airflow/example_dags/example_short_circuit_operator.py for tasks to queue
[2024-11-04T11:21:59.078+0100] {logging_mixin.py:190} INFO - [2024-11-04T11:21:59.078+0100] {dagbag.py:588} INFO - Filling up the DagBag from /Users/nick/airflow/airflow_venv/lib/python3.11/site-packages/airflow/example_dags/example_short_circuit_operator.py
[2024-11-04T11:21:59.090+0100] {processor.py:925} INFO - DAG(s) 'example_short_circuit_operator' retrieved from /Users/nick/airflow/airflow_venv/lib/python3.11/site-packages/airflow/example_dags/example_short_circuit_operator.py
[2024-11-04T11:21:59.126+0100] {logging_mixin.py:190} INFO - [2024-11-04T11:21:59.126+0100] {dag.py:3239} INFO - Sync 1 DAGs
[2024-11-04T11:21:59.130+0100] {logging_mixin.py:190} INFO - [2024-11-04T11:21:59.130+0100] {dag.py:4180} INFO - Setting next_dagrun for example_short_circuit_operator to None, run_after=None
[2024-11-04T11:21:59.167+0100] {processor.py:208} INFO - Processing /Users/nick/airflow/airflow_venv/lib/python3.11/site-packages/airflow/example_dags/example_short_circuit_operator.py took 0.091 seconds
[2024-11-04T11:23:15.004+0100] {processor.py:186} INFO - Started process (PID=30857) to work on /Users/nick/airflow/airflow_venv/lib/python3.11/site-packages/airflow/example_dags/example_short_circuit_operator.py
[2024-11-04T11:23:15.004+0100] {processor.py:914} INFO - Processing file /Users/nick/airflow/airflow_venv/lib/python3.11/site-packages/airflow/example_dags/example_short_circuit_operator.py for tasks to queue
[2024-11-04T11:23:15.005+0100] {logging_mixin.py:190} INFO - [2024-11-04T11:23:15.005+0100] {dagbag.py:588} INFO - Filling up the DagBag from /Users/nick/airflow/airflow_venv/lib/python3.11/site-packages/airflow/example_dags/example_short_circuit_operator.py
[2024-11-04T11:23:15.014+0100] {processor.py:925} INFO - DAG(s) 'example_short_circuit_operator' retrieved from /Users/nick/airflow/airflow_venv/lib/python3.11/site-packages/airflow/example_dags/example_short_circuit_operator.py
[2024-11-04T11:23:15.050+0100] {logging_mixin.py:190} INFO - [2024-11-04T11:23:15.050+0100] {dag.py:3239} INFO - Sync 1 DAGs
[2024-11-04T11:23:15.054+0100] {logging_mixin.py:190} INFO - [2024-11-04T11:23:15.054+0100] {dag.py:4180} INFO - Setting next_dagrun for example_short_circuit_operator to None, run_after=None
[2024-11-04T11:23:15.087+0100] {processor.py:208} INFO - Processing /Users/nick/airflow/airflow_venv/lib/python3.11/site-packages/airflow/example_dags/example_short_circuit_operator.py took 0.085 seconds
[2024-11-04T11:28:23.138+0100] {processor.py:186} INFO - Started process (PID=34639) to work on /Users/nick/airflow/airflow_venv/lib/python3.11/site-packages/airflow/example_dags/example_short_circuit_operator.py
[2024-11-04T11:28:23.139+0100] {processor.py:914} INFO - Processing file /Users/nick/airflow/airflow_venv/lib/python3.11/site-packages/airflow/example_dags/example_short_circuit_operator.py for tasks to queue
[2024-11-04T11:28:23.139+0100] {logging_mixin.py:190} INFO - [2024-11-04T11:28:23.139+0100] {dagbag.py:588} INFO - Filling up the DagBag from /Users/nick/airflow/airflow_venv/lib/python3.11/site-packages/airflow/example_dags/example_short_circuit_operator.py
[2024-11-04T11:28:23.150+0100] {processor.py:925} INFO - DAG(s) 'example_short_circuit_operator' retrieved from /Users/nick/airflow/airflow_venv/lib/python3.11/site-packages/airflow/example_dags/example_short_circuit_operator.py
[2024-11-04T11:28:23.187+0100] {logging_mixin.py:190} INFO - [2024-11-04T11:28:23.186+0100] {dag.py:3239} INFO - Sync 1 DAGs
[2024-11-04T11:28:23.191+0100] {logging_mixin.py:190} INFO - [2024-11-04T11:28:23.191+0100] {dag.py:4180} INFO - Setting next_dagrun for example_short_circuit_operator to None, run_after=None
[2024-11-04T11:28:23.226+0100] {processor.py:208} INFO - Processing /Users/nick/airflow/airflow_venv/lib/python3.11/site-packages/airflow/example_dags/example_short_circuit_operator.py took 0.090 seconds
