[2024-11-04T11:04:50.240+0100] {processor.py:186} INFO - Started process (PID=17050) to work on /Users/nick/Desktop/Code/MSTeams_pipeline/airflow/lib/python3.11/site-packages/airflow/example_dags/example_setup_teardown.py
[2024-11-04T11:04:50.240+0100] {processor.py:914} INFO - Processing file /Users/nick/Desktop/Code/MSTeams_pipeline/airflow/lib/python3.11/site-packages/airflow/example_dags/example_setup_teardown.py for tasks to queue
[2024-11-04T11:04:50.240+0100] {logging_mixin.py:190} INFO - [2024-11-04T11:04:50.240+0100] {dagbag.py:588} INFO - Filling up the DagBag from /Users/nick/Desktop/Code/MSTeams_pipeline/airflow/lib/python3.11/site-packages/airflow/example_dags/example_setup_teardown.py
[2024-11-04T11:04:50.243+0100] {processor.py:925} INFO - DAG(s) 'example_setup_teardown' retrieved from /Users/nick/Desktop/Code/MSTeams_pipeline/airflow/lib/python3.11/site-packages/airflow/example_dags/example_setup_teardown.py
[2024-11-04T11:04:50.333+0100] {logging_mixin.py:190} INFO - [2024-11-04T11:04:50.333+0100] {dag.py:3239} INFO - Sync 1 DAGs
[2024-11-04T11:04:50.337+0100] {logging_mixin.py:190} INFO - [2024-11-04T11:04:50.337+0100] {dag.py:4180} INFO - Setting next_dagrun for example_setup_teardown to None, run_after=None
[2024-11-04T11:04:50.344+0100] {processor.py:208} INFO - Processing /Users/nick/Desktop/Code/MSTeams_pipeline/airflow/lib/python3.11/site-packages/airflow/example_dags/example_setup_teardown.py took 0.105 seconds
[2024-11-04T11:06:35.720+0100] {processor.py:186} INFO - Started process (PID=18335) to work on /Users/nick/Desktop/Code/MSTeams_pipeline/airflow/lib/python3.11/site-packages/airflow/example_dags/example_setup_teardown.py
[2024-11-04T11:06:35.721+0100] {processor.py:914} INFO - Processing file /Users/nick/Desktop/Code/MSTeams_pipeline/airflow/lib/python3.11/site-packages/airflow/example_dags/example_setup_teardown.py for tasks to queue
[2024-11-04T11:06:35.721+0100] {logging_mixin.py:190} INFO - [2024-11-04T11:06:35.721+0100] {dagbag.py:588} INFO - Filling up the DagBag from /Users/nick/Desktop/Code/MSTeams_pipeline/airflow/lib/python3.11/site-packages/airflow/example_dags/example_setup_teardown.py
[2024-11-04T11:06:35.725+0100] {processor.py:925} INFO - DAG(s) 'example_setup_teardown' retrieved from /Users/nick/Desktop/Code/MSTeams_pipeline/airflow/lib/python3.11/site-packages/airflow/example_dags/example_setup_teardown.py
[2024-11-04T11:06:35.761+0100] {logging_mixin.py:190} INFO - [2024-11-04T11:06:35.761+0100] {dag.py:3239} INFO - Sync 1 DAGs
[2024-11-04T11:06:35.765+0100] {logging_mixin.py:190} INFO - [2024-11-04T11:06:35.765+0100] {dag.py:4180} INFO - Setting next_dagrun for example_setup_teardown to None, run_after=None
[2024-11-04T11:06:35.771+0100] {processor.py:208} INFO - Processing /Users/nick/Desktop/Code/MSTeams_pipeline/airflow/lib/python3.11/site-packages/airflow/example_dags/example_setup_teardown.py took 0.052 seconds
[2024-11-04T11:07:49.735+0100] {processor.py:186} INFO - Started process (PID=19207) to work on /Users/nick/Desktop/Code/MSTeams_pipeline/airflow/lib/python3.11/site-packages/airflow/example_dags/example_setup_teardown.py
[2024-11-04T11:07:49.735+0100] {processor.py:914} INFO - Processing file /Users/nick/Desktop/Code/MSTeams_pipeline/airflow/lib/python3.11/site-packages/airflow/example_dags/example_setup_teardown.py for tasks to queue
[2024-11-04T11:07:49.736+0100] {logging_mixin.py:190} INFO - [2024-11-04T11:07:49.736+0100] {dagbag.py:588} INFO - Filling up the DagBag from /Users/nick/Desktop/Code/MSTeams_pipeline/airflow/lib/python3.11/site-packages/airflow/example_dags/example_setup_teardown.py
[2024-11-04T11:07:49.739+0100] {processor.py:925} INFO - DAG(s) 'example_setup_teardown' retrieved from /Users/nick/Desktop/Code/MSTeams_pipeline/airflow/lib/python3.11/site-packages/airflow/example_dags/example_setup_teardown.py
[2024-11-04T11:07:49.775+0100] {logging_mixin.py:190} INFO - [2024-11-04T11:07:49.775+0100] {dag.py:3239} INFO - Sync 1 DAGs
[2024-11-04T11:07:49.779+0100] {logging_mixin.py:190} INFO - [2024-11-04T11:07:49.779+0100] {dag.py:4180} INFO - Setting next_dagrun for example_setup_teardown to None, run_after=None
[2024-11-04T11:07:49.785+0100] {processor.py:208} INFO - Processing /Users/nick/Desktop/Code/MSTeams_pipeline/airflow/lib/python3.11/site-packages/airflow/example_dags/example_setup_teardown.py took 0.053 seconds
[2024-11-04T11:09:02.952+0100] {processor.py:186} INFO - Started process (PID=20037) to work on /Users/nick/Desktop/Code/MSTeams_pipeline/airflow/lib/python3.11/site-packages/airflow/example_dags/example_setup_teardown.py
[2024-11-04T11:09:02.954+0100] {processor.py:914} INFO - Processing file /Users/nick/Desktop/Code/MSTeams_pipeline/airflow/lib/python3.11/site-packages/airflow/example_dags/example_setup_teardown.py for tasks to queue
[2024-11-04T11:09:02.954+0100] {logging_mixin.py:190} INFO - [2024-11-04T11:09:02.954+0100] {dagbag.py:588} INFO - Filling up the DagBag from /Users/nick/Desktop/Code/MSTeams_pipeline/airflow/lib/python3.11/site-packages/airflow/example_dags/example_setup_teardown.py
[2024-11-04T11:09:02.958+0100] {processor.py:925} INFO - DAG(s) 'example_setup_teardown' retrieved from /Users/nick/Desktop/Code/MSTeams_pipeline/airflow/lib/python3.11/site-packages/airflow/example_dags/example_setup_teardown.py
[2024-11-04T11:09:02.994+0100] {logging_mixin.py:190} INFO - [2024-11-04T11:09:02.994+0100] {dag.py:3239} INFO - Sync 1 DAGs
[2024-11-04T11:09:02.998+0100] {logging_mixin.py:190} INFO - [2024-11-04T11:09:02.998+0100] {dag.py:4180} INFO - Setting next_dagrun for example_setup_teardown to None, run_after=None
[2024-11-04T11:09:03.005+0100] {processor.py:208} INFO - Processing /Users/nick/Desktop/Code/MSTeams_pipeline/airflow/lib/python3.11/site-packages/airflow/example_dags/example_setup_teardown.py took 0.054 seconds
[2024-11-04T11:11:05.776+0100] {processor.py:186} INFO - Started process (PID=21504) to work on /Users/nick/Desktop/Code/MSTeams_pipeline/airflow/lib/python3.11/site-packages/airflow/example_dags/example_setup_teardown.py
[2024-11-04T11:11:05.777+0100] {processor.py:914} INFO - Processing file /Users/nick/Desktop/Code/MSTeams_pipeline/airflow/lib/python3.11/site-packages/airflow/example_dags/example_setup_teardown.py for tasks to queue
[2024-11-04T11:11:05.777+0100] {logging_mixin.py:190} INFO - [2024-11-04T11:11:05.777+0100] {dagbag.py:588} INFO - Filling up the DagBag from /Users/nick/Desktop/Code/MSTeams_pipeline/airflow/lib/python3.11/site-packages/airflow/example_dags/example_setup_teardown.py
[2024-11-04T11:11:05.781+0100] {processor.py:925} INFO - DAG(s) 'example_setup_teardown' retrieved from /Users/nick/Desktop/Code/MSTeams_pipeline/airflow/lib/python3.11/site-packages/airflow/example_dags/example_setup_teardown.py
[2024-11-04T11:11:05.816+0100] {logging_mixin.py:190} INFO - [2024-11-04T11:11:05.816+0100] {dag.py:3239} INFO - Sync 1 DAGs
[2024-11-04T11:11:05.820+0100] {logging_mixin.py:190} INFO - [2024-11-04T11:11:05.820+0100] {dag.py:4180} INFO - Setting next_dagrun for example_setup_teardown to None, run_after=None
[2024-11-04T11:11:05.828+0100] {processor.py:208} INFO - Processing /Users/nick/Desktop/Code/MSTeams_pipeline/airflow/lib/python3.11/site-packages/airflow/example_dags/example_setup_teardown.py took 0.053 seconds
[2024-11-04T11:15:19.365+0100] {processor.py:186} INFO - Started process (PID=24977) to work on /Users/nick/airflow/airflow_venv/lib/python3.11/site-packages/airflow/example_dags/example_setup_teardown.py
[2024-11-04T11:15:19.366+0100] {processor.py:914} INFO - Processing file /Users/nick/airflow/airflow_venv/lib/python3.11/site-packages/airflow/example_dags/example_setup_teardown.py for tasks to queue
[2024-11-04T11:15:19.366+0100] {logging_mixin.py:190} INFO - [2024-11-04T11:15:19.366+0100] {dagbag.py:588} INFO - Filling up the DagBag from /Users/nick/airflow/airflow_venv/lib/python3.11/site-packages/airflow/example_dags/example_setup_teardown.py
[2024-11-04T11:15:19.369+0100] {processor.py:925} INFO - DAG(s) 'example_setup_teardown' retrieved from /Users/nick/airflow/airflow_venv/lib/python3.11/site-packages/airflow/example_dags/example_setup_teardown.py
[2024-11-04T11:15:19.457+0100] {logging_mixin.py:190} INFO - [2024-11-04T11:15:19.456+0100] {dag.py:3239} INFO - Sync 1 DAGs
[2024-11-04T11:15:19.460+0100] {logging_mixin.py:190} INFO - [2024-11-04T11:15:19.460+0100] {dag.py:4180} INFO - Setting next_dagrun for example_setup_teardown to None, run_after=None
[2024-11-04T11:15:19.467+0100] {processor.py:208} INFO - Processing /Users/nick/airflow/airflow_venv/lib/python3.11/site-packages/airflow/example_dags/example_setup_teardown.py took 0.103 seconds
[2024-11-04T11:17:03.247+0100] {processor.py:186} INFO - Started process (PID=26518) to work on /Users/nick/airflow/airflow_venv/lib/python3.11/site-packages/airflow/example_dags/example_setup_teardown.py
[2024-11-04T11:17:03.248+0100] {processor.py:914} INFO - Processing file /Users/nick/airflow/airflow_venv/lib/python3.11/site-packages/airflow/example_dags/example_setup_teardown.py for tasks to queue
[2024-11-04T11:17:03.248+0100] {logging_mixin.py:190} INFO - [2024-11-04T11:17:03.248+0100] {dagbag.py:588} INFO - Filling up the DagBag from /Users/nick/airflow/airflow_venv/lib/python3.11/site-packages/airflow/example_dags/example_setup_teardown.py
[2024-11-04T11:17:03.251+0100] {processor.py:925} INFO - DAG(s) 'example_setup_teardown' retrieved from /Users/nick/airflow/airflow_venv/lib/python3.11/site-packages/airflow/example_dags/example_setup_teardown.py
[2024-11-04T11:17:03.285+0100] {logging_mixin.py:190} INFO - [2024-11-04T11:17:03.285+0100] {dag.py:3239} INFO - Sync 1 DAGs
[2024-11-04T11:17:03.289+0100] {logging_mixin.py:190} INFO - [2024-11-04T11:17:03.289+0100] {dag.py:4180} INFO - Setting next_dagrun for example_setup_teardown to None, run_after=None
[2024-11-04T11:17:03.296+0100] {processor.py:208} INFO - Processing /Users/nick/airflow/airflow_venv/lib/python3.11/site-packages/airflow/example_dags/example_setup_teardown.py took 0.050 seconds
[2024-11-04T11:18:19.765+0100] {processor.py:186} INFO - Started process (PID=27404) to work on /Users/nick/airflow/airflow_venv/lib/python3.11/site-packages/airflow/example_dags/example_setup_teardown.py
[2024-11-04T11:18:19.765+0100] {processor.py:914} INFO - Processing file /Users/nick/airflow/airflow_venv/lib/python3.11/site-packages/airflow/example_dags/example_setup_teardown.py for tasks to queue
[2024-11-04T11:18:19.766+0100] {logging_mixin.py:190} INFO - [2024-11-04T11:18:19.766+0100] {dagbag.py:588} INFO - Filling up the DagBag from /Users/nick/airflow/airflow_venv/lib/python3.11/site-packages/airflow/example_dags/example_setup_teardown.py
[2024-11-04T11:18:19.769+0100] {processor.py:925} INFO - DAG(s) 'example_setup_teardown' retrieved from /Users/nick/airflow/airflow_venv/lib/python3.11/site-packages/airflow/example_dags/example_setup_teardown.py
[2024-11-04T11:18:19.806+0100] {logging_mixin.py:190} INFO - [2024-11-04T11:18:19.806+0100] {dag.py:3239} INFO - Sync 1 DAGs
[2024-11-04T11:18:19.811+0100] {logging_mixin.py:190} INFO - [2024-11-04T11:18:19.810+0100] {dag.py:4180} INFO - Setting next_dagrun for example_setup_teardown to None, run_after=None
[2024-11-04T11:18:19.817+0100] {processor.py:208} INFO - Processing /Users/nick/airflow/airflow_venv/lib/python3.11/site-packages/airflow/example_dags/example_setup_teardown.py took 0.054 seconds
[2024-11-04T11:20:48.177+0100] {processor.py:186} INFO - Started process (PID=29121) to work on /Users/nick/airflow/airflow_venv/lib/python3.11/site-packages/airflow/example_dags/example_setup_teardown.py
[2024-11-04T11:20:48.177+0100] {processor.py:914} INFO - Processing file /Users/nick/airflow/airflow_venv/lib/python3.11/site-packages/airflow/example_dags/example_setup_teardown.py for tasks to queue
[2024-11-04T11:20:48.178+0100] {logging_mixin.py:190} INFO - [2024-11-04T11:20:48.178+0100] {dagbag.py:588} INFO - Filling up the DagBag from /Users/nick/airflow/airflow_venv/lib/python3.11/site-packages/airflow/example_dags/example_setup_teardown.py
[2024-11-04T11:20:48.181+0100] {processor.py:925} INFO - DAG(s) 'example_setup_teardown' retrieved from /Users/nick/airflow/airflow_venv/lib/python3.11/site-packages/airflow/example_dags/example_setup_teardown.py
[2024-11-04T11:20:48.220+0100] {logging_mixin.py:190} INFO - [2024-11-04T11:20:48.220+0100] {dag.py:3239} INFO - Sync 1 DAGs
[2024-11-04T11:20:48.224+0100] {logging_mixin.py:190} INFO - [2024-11-04T11:20:48.224+0100] {dag.py:4180} INFO - Setting next_dagrun for example_setup_teardown to None, run_after=None
[2024-11-04T11:20:48.231+0100] {processor.py:208} INFO - Processing /Users/nick/airflow/airflow_venv/lib/python3.11/site-packages/airflow/example_dags/example_setup_teardown.py took 0.056 seconds
[2024-11-04T11:22:04.821+0100] {processor.py:186} INFO - Started process (PID=30055) to work on /Users/nick/airflow/airflow_venv/lib/python3.11/site-packages/airflow/example_dags/example_setup_teardown.py
[2024-11-04T11:22:04.822+0100] {processor.py:914} INFO - Processing file /Users/nick/airflow/airflow_venv/lib/python3.11/site-packages/airflow/example_dags/example_setup_teardown.py for tasks to queue
[2024-11-04T11:22:04.822+0100] {logging_mixin.py:190} INFO - [2024-11-04T11:22:04.822+0100] {dagbag.py:588} INFO - Filling up the DagBag from /Users/nick/airflow/airflow_venv/lib/python3.11/site-packages/airflow/example_dags/example_setup_teardown.py
[2024-11-04T11:22:04.825+0100] {processor.py:925} INFO - DAG(s) 'example_setup_teardown' retrieved from /Users/nick/airflow/airflow_venv/lib/python3.11/site-packages/airflow/example_dags/example_setup_teardown.py
[2024-11-04T11:22:04.862+0100] {logging_mixin.py:190} INFO - [2024-11-04T11:22:04.862+0100] {dag.py:3239} INFO - Sync 1 DAGs
[2024-11-04T11:22:04.866+0100] {logging_mixin.py:190} INFO - [2024-11-04T11:22:04.866+0100] {dag.py:4180} INFO - Setting next_dagrun for example_setup_teardown to None, run_after=None
[2024-11-04T11:22:04.873+0100] {processor.py:208} INFO - Processing /Users/nick/airflow/airflow_venv/lib/python3.11/site-packages/airflow/example_dags/example_setup_teardown.py took 0.054 seconds
[2024-11-04T11:23:19.585+0100] {processor.py:186} INFO - Started process (PID=30865) to work on /Users/nick/airflow/airflow_venv/lib/python3.11/site-packages/airflow/example_dags/example_setup_teardown.py
[2024-11-04T11:23:19.585+0100] {processor.py:914} INFO - Processing file /Users/nick/airflow/airflow_venv/lib/python3.11/site-packages/airflow/example_dags/example_setup_teardown.py for tasks to queue
[2024-11-04T11:23:19.585+0100] {logging_mixin.py:190} INFO - [2024-11-04T11:23:19.585+0100] {dagbag.py:588} INFO - Filling up the DagBag from /Users/nick/airflow/airflow_venv/lib/python3.11/site-packages/airflow/example_dags/example_setup_teardown.py
[2024-11-04T11:23:19.589+0100] {processor.py:925} INFO - DAG(s) 'example_setup_teardown' retrieved from /Users/nick/airflow/airflow_venv/lib/python3.11/site-packages/airflow/example_dags/example_setup_teardown.py
[2024-11-04T11:23:19.624+0100] {logging_mixin.py:190} INFO - [2024-11-04T11:23:19.624+0100] {dag.py:3239} INFO - Sync 1 DAGs
[2024-11-04T11:23:19.628+0100] {logging_mixin.py:190} INFO - [2024-11-04T11:23:19.628+0100] {dag.py:4180} INFO - Setting next_dagrun for example_setup_teardown to None, run_after=None
[2024-11-04T11:23:19.636+0100] {processor.py:208} INFO - Processing /Users/nick/airflow/airflow_venv/lib/python3.11/site-packages/airflow/example_dags/example_setup_teardown.py took 0.053 seconds
[2024-11-04T11:28:27.106+0100] {processor.py:186} INFO - Started process (PID=34648) to work on /Users/nick/airflow/airflow_venv/lib/python3.11/site-packages/airflow/example_dags/example_setup_teardown.py
[2024-11-04T11:28:27.107+0100] {processor.py:914} INFO - Processing file /Users/nick/airflow/airflow_venv/lib/python3.11/site-packages/airflow/example_dags/example_setup_teardown.py for tasks to queue
[2024-11-04T11:28:27.107+0100] {logging_mixin.py:190} INFO - [2024-11-04T11:28:27.107+0100] {dagbag.py:588} INFO - Filling up the DagBag from /Users/nick/airflow/airflow_venv/lib/python3.11/site-packages/airflow/example_dags/example_setup_teardown.py
[2024-11-04T11:28:27.111+0100] {processor.py:925} INFO - DAG(s) 'example_setup_teardown' retrieved from /Users/nick/airflow/airflow_venv/lib/python3.11/site-packages/airflow/example_dags/example_setup_teardown.py
[2024-11-04T11:28:27.150+0100] {logging_mixin.py:190} INFO - [2024-11-04T11:28:27.150+0100] {dag.py:3239} INFO - Sync 1 DAGs
[2024-11-04T11:28:27.154+0100] {logging_mixin.py:190} INFO - [2024-11-04T11:28:27.154+0100] {dag.py:4180} INFO - Setting next_dagrun for example_setup_teardown to None, run_after=None
[2024-11-04T11:28:27.162+0100] {processor.py:208} INFO - Processing /Users/nick/airflow/airflow_venv/lib/python3.11/site-packages/airflow/example_dags/example_setup_teardown.py took 0.057 seconds
