[2024-11-04T11:05:12.452+0100] {processor.py:186} INFO - Started process (PID=17339) to work on /Users/nick/Desktop/Code/MSTeams_pipeline/airflow/lib/python3.11/site-packages/airflow/example_dags/example_latest_only.py
[2024-11-04T11:05:12.452+0100] {processor.py:914} INFO - Processing file /Users/nick/Desktop/Code/MSTeams_pipeline/airflow/lib/python3.11/site-packages/airflow/example_dags/example_latest_only.py for tasks to queue
[2024-11-04T11:05:12.452+0100] {logging_mixin.py:190} INFO - [2024-11-04T11:05:12.452+0100] {dagbag.py:588} INFO - Filling up the DagBag from /Users/nick/Desktop/Code/MSTeams_pipeline/airflow/lib/python3.11/site-packages/airflow/example_dags/example_latest_only.py
[2024-11-04T11:05:12.455+0100] {processor.py:925} INFO - DAG(s) 'latest_only' retrieved from /Users/nick/Desktop/Code/MSTeams_pipeline/airflow/lib/python3.11/site-packages/airflow/example_dags/example_latest_only.py
[2024-11-04T11:05:12.545+0100] {logging_mixin.py:190} INFO - [2024-11-04T11:05:12.545+0100] {dag.py:3239} INFO - Sync 1 DAGs
[2024-11-04T11:05:12.552+0100] {logging_mixin.py:190} INFO - [2024-11-04T11:05:12.552+0100] {dag.py:4180} INFO - Setting next_dagrun for latest_only to 2024-11-04 04:00:00+00:00, run_after=2024-11-04 08:00:00+00:00
[2024-11-04T11:05:12.558+0100] {processor.py:208} INFO - Processing /Users/nick/Desktop/Code/MSTeams_pipeline/airflow/lib/python3.11/site-packages/airflow/example_dags/example_latest_only.py took 0.108 seconds
[2024-11-04T11:06:56.303+0100] {processor.py:186} INFO - Started process (PID=18596) to work on /Users/nick/Desktop/Code/MSTeams_pipeline/airflow/lib/python3.11/site-packages/airflow/example_dags/example_latest_only.py
[2024-11-04T11:06:56.305+0100] {processor.py:914} INFO - Processing file /Users/nick/Desktop/Code/MSTeams_pipeline/airflow/lib/python3.11/site-packages/airflow/example_dags/example_latest_only.py for tasks to queue
[2024-11-04T11:06:56.305+0100] {logging_mixin.py:190} INFO - [2024-11-04T11:06:56.305+0100] {dagbag.py:588} INFO - Filling up the DagBag from /Users/nick/Desktop/Code/MSTeams_pipeline/airflow/lib/python3.11/site-packages/airflow/example_dags/example_latest_only.py
[2024-11-04T11:06:56.308+0100] {processor.py:925} INFO - DAG(s) 'latest_only' retrieved from /Users/nick/Desktop/Code/MSTeams_pipeline/airflow/lib/python3.11/site-packages/airflow/example_dags/example_latest_only.py
[2024-11-04T11:06:56.342+0100] {logging_mixin.py:190} INFO - [2024-11-04T11:06:56.342+0100] {dag.py:3239} INFO - Sync 1 DAGs
[2024-11-04T11:06:56.349+0100] {logging_mixin.py:190} INFO - [2024-11-04T11:06:56.349+0100] {dag.py:4180} INFO - Setting next_dagrun for latest_only to 2024-11-04 04:00:00+00:00, run_after=2024-11-04 08:00:00+00:00
[2024-11-04T11:06:56.355+0100] {processor.py:208} INFO - Processing /Users/nick/Desktop/Code/MSTeams_pipeline/airflow/lib/python3.11/site-packages/airflow/example_dags/example_latest_only.py took 0.054 seconds
[2024-11-04T11:09:23.245+0100] {processor.py:186} INFO - Started process (PID=20268) to work on /Users/nick/Desktop/Code/MSTeams_pipeline/airflow/lib/python3.11/site-packages/airflow/example_dags/example_latest_only.py
[2024-11-04T11:09:23.245+0100] {processor.py:914} INFO - Processing file /Users/nick/Desktop/Code/MSTeams_pipeline/airflow/lib/python3.11/site-packages/airflow/example_dags/example_latest_only.py for tasks to queue
[2024-11-04T11:09:23.246+0100] {logging_mixin.py:190} INFO - [2024-11-04T11:09:23.246+0100] {dagbag.py:588} INFO - Filling up the DagBag from /Users/nick/Desktop/Code/MSTeams_pipeline/airflow/lib/python3.11/site-packages/airflow/example_dags/example_latest_only.py
[2024-11-04T11:09:23.249+0100] {processor.py:925} INFO - DAG(s) 'latest_only' retrieved from /Users/nick/Desktop/Code/MSTeams_pipeline/airflow/lib/python3.11/site-packages/airflow/example_dags/example_latest_only.py
[2024-11-04T11:09:23.285+0100] {logging_mixin.py:190} INFO - [2024-11-04T11:09:23.285+0100] {dag.py:3239} INFO - Sync 1 DAGs
[2024-11-04T11:09:23.293+0100] {logging_mixin.py:190} INFO - [2024-11-04T11:09:23.293+0100] {dag.py:4180} INFO - Setting next_dagrun for latest_only to 2024-11-04 04:00:00+00:00, run_after=2024-11-04 08:00:00+00:00
[2024-11-04T11:09:23.301+0100] {processor.py:208} INFO - Processing /Users/nick/Desktop/Code/MSTeams_pipeline/airflow/lib/python3.11/site-packages/airflow/example_dags/example_latest_only.py took 0.057 seconds
[2024-11-04T11:11:25.210+0100] {processor.py:186} INFO - Started process (PID=21787) to work on /Users/nick/Desktop/Code/MSTeams_pipeline/airflow/lib/python3.11/site-packages/airflow/example_dags/example_latest_only.py
[2024-11-04T11:11:25.211+0100] {processor.py:914} INFO - Processing file /Users/nick/Desktop/Code/MSTeams_pipeline/airflow/lib/python3.11/site-packages/airflow/example_dags/example_latest_only.py for tasks to queue
[2024-11-04T11:11:25.211+0100] {logging_mixin.py:190} INFO - [2024-11-04T11:11:25.211+0100] {dagbag.py:588} INFO - Filling up the DagBag from /Users/nick/Desktop/Code/MSTeams_pipeline/airflow/lib/python3.11/site-packages/airflow/example_dags/example_latest_only.py
[2024-11-04T11:11:25.213+0100] {processor.py:925} INFO - DAG(s) 'latest_only' retrieved from /Users/nick/Desktop/Code/MSTeams_pipeline/airflow/lib/python3.11/site-packages/airflow/example_dags/example_latest_only.py
[2024-11-04T11:11:25.247+0100] {logging_mixin.py:190} INFO - [2024-11-04T11:11:25.247+0100] {dag.py:3239} INFO - Sync 1 DAGs
[2024-11-04T11:11:25.253+0100] {logging_mixin.py:190} INFO - [2024-11-04T11:11:25.253+0100] {dag.py:4180} INFO - Setting next_dagrun for latest_only to 2024-11-04 04:00:00+00:00, run_after=2024-11-04 08:00:00+00:00
[2024-11-04T11:11:25.259+0100] {processor.py:208} INFO - Processing /Users/nick/Desktop/Code/MSTeams_pipeline/airflow/lib/python3.11/site-packages/airflow/example_dags/example_latest_only.py took 0.050 seconds
[2024-11-04T11:15:39.695+0100] {processor.py:186} INFO - Started process (PID=25201) to work on /Users/nick/airflow/airflow_venv/lib/python3.11/site-packages/airflow/example_dags/example_latest_only.py
[2024-11-04T11:15:39.695+0100] {processor.py:914} INFO - Processing file /Users/nick/airflow/airflow_venv/lib/python3.11/site-packages/airflow/example_dags/example_latest_only.py for tasks to queue
[2024-11-04T11:15:39.695+0100] {logging_mixin.py:190} INFO - [2024-11-04T11:15:39.695+0100] {dagbag.py:588} INFO - Filling up the DagBag from /Users/nick/airflow/airflow_venv/lib/python3.11/site-packages/airflow/example_dags/example_latest_only.py
[2024-11-04T11:15:39.698+0100] {processor.py:925} INFO - DAG(s) 'latest_only' retrieved from /Users/nick/airflow/airflow_venv/lib/python3.11/site-packages/airflow/example_dags/example_latest_only.py
[2024-11-04T11:15:39.784+0100] {logging_mixin.py:190} INFO - [2024-11-04T11:15:39.784+0100] {dag.py:3239} INFO - Sync 1 DAGs
[2024-11-04T11:15:39.790+0100] {logging_mixin.py:190} INFO - [2024-11-04T11:15:39.790+0100] {dag.py:4180} INFO - Setting next_dagrun for latest_only to 2024-11-04 04:00:00+00:00, run_after=2024-11-04 08:00:00+00:00
[2024-11-04T11:15:39.797+0100] {processor.py:208} INFO - Processing /Users/nick/airflow/airflow_venv/lib/python3.11/site-packages/airflow/example_dags/example_latest_only.py took 0.103 seconds
[2024-11-04T11:17:24.482+0100] {processor.py:186} INFO - Started process (PID=26787) to work on /Users/nick/airflow/airflow_venv/lib/python3.11/site-packages/airflow/example_dags/example_latest_only.py
[2024-11-04T11:17:24.483+0100] {processor.py:914} INFO - Processing file /Users/nick/airflow/airflow_venv/lib/python3.11/site-packages/airflow/example_dags/example_latest_only.py for tasks to queue
[2024-11-04T11:17:24.483+0100] {logging_mixin.py:190} INFO - [2024-11-04T11:17:24.483+0100] {dagbag.py:588} INFO - Filling up the DagBag from /Users/nick/airflow/airflow_venv/lib/python3.11/site-packages/airflow/example_dags/example_latest_only.py
[2024-11-04T11:17:24.486+0100] {processor.py:925} INFO - DAG(s) 'latest_only' retrieved from /Users/nick/airflow/airflow_venv/lib/python3.11/site-packages/airflow/example_dags/example_latest_only.py
[2024-11-04T11:17:24.520+0100] {logging_mixin.py:190} INFO - [2024-11-04T11:17:24.520+0100] {dag.py:3239} INFO - Sync 1 DAGs
[2024-11-04T11:17:24.526+0100] {logging_mixin.py:190} INFO - [2024-11-04T11:17:24.526+0100] {dag.py:4180} INFO - Setting next_dagrun for latest_only to 2024-11-04 04:00:00+00:00, run_after=2024-11-04 08:00:00+00:00
[2024-11-04T11:17:24.533+0100] {processor.py:208} INFO - Processing /Users/nick/airflow/airflow_venv/lib/python3.11/site-packages/airflow/example_dags/example_latest_only.py took 0.053 seconds
[2024-11-04T11:19:48.327+0100] {processor.py:186} INFO - Started process (PID=28495) to work on /Users/nick/airflow/airflow_venv/lib/python3.11/site-packages/airflow/example_dags/example_latest_only.py
[2024-11-04T11:19:48.327+0100] {processor.py:914} INFO - Processing file /Users/nick/airflow/airflow_venv/lib/python3.11/site-packages/airflow/example_dags/example_latest_only.py for tasks to queue
[2024-11-04T11:19:48.328+0100] {logging_mixin.py:190} INFO - [2024-11-04T11:19:48.328+0100] {dagbag.py:588} INFO - Filling up the DagBag from /Users/nick/airflow/airflow_venv/lib/python3.11/site-packages/airflow/example_dags/example_latest_only.py
[2024-11-04T11:19:48.330+0100] {processor.py:925} INFO - DAG(s) 'latest_only' retrieved from /Users/nick/airflow/airflow_venv/lib/python3.11/site-packages/airflow/example_dags/example_latest_only.py
[2024-11-04T11:19:48.367+0100] {logging_mixin.py:190} INFO - [2024-11-04T11:19:48.367+0100] {dag.py:3239} INFO - Sync 1 DAGs
[2024-11-04T11:19:48.373+0100] {logging_mixin.py:190} INFO - [2024-11-04T11:19:48.373+0100] {dag.py:4180} INFO - Setting next_dagrun for latest_only to 2024-11-04 04:00:00+00:00, run_after=2024-11-04 08:00:00+00:00
[2024-11-04T11:19:48.380+0100] {processor.py:208} INFO - Processing /Users/nick/airflow/airflow_venv/lib/python3.11/site-packages/airflow/example_dags/example_latest_only.py took 0.055 seconds
[2024-11-04T11:22:20.774+0100] {processor.py:186} INFO - Started process (PID=30185) to work on /Users/nick/airflow/airflow_venv/lib/python3.11/site-packages/airflow/example_dags/example_latest_only.py
[2024-11-04T11:22:20.775+0100] {processor.py:914} INFO - Processing file /Users/nick/airflow/airflow_venv/lib/python3.11/site-packages/airflow/example_dags/example_latest_only.py for tasks to queue
[2024-11-04T11:22:20.775+0100] {logging_mixin.py:190} INFO - [2024-11-04T11:22:20.775+0100] {dagbag.py:588} INFO - Filling up the DagBag from /Users/nick/airflow/airflow_venv/lib/python3.11/site-packages/airflow/example_dags/example_latest_only.py
[2024-11-04T11:22:20.778+0100] {processor.py:925} INFO - DAG(s) 'latest_only' retrieved from /Users/nick/airflow/airflow_venv/lib/python3.11/site-packages/airflow/example_dags/example_latest_only.py
[2024-11-04T11:22:20.813+0100] {logging_mixin.py:190} INFO - [2024-11-04T11:22:20.813+0100] {dag.py:3239} INFO - Sync 1 DAGs
[2024-11-04T11:22:20.819+0100] {logging_mixin.py:190} INFO - [2024-11-04T11:22:20.819+0100] {dag.py:4180} INFO - Setting next_dagrun for latest_only to 2024-11-04 04:00:00+00:00, run_after=2024-11-04 08:00:00+00:00
[2024-11-04T11:22:20.825+0100] {processor.py:208} INFO - Processing /Users/nick/airflow/airflow_venv/lib/python3.11/site-packages/airflow/example_dags/example_latest_only.py took 0.052 seconds
