[2024-11-04T11:05:23.936+0100] {processor.py:186} INFO - Started process (PID=17578) to work on /Users/nick/Desktop/Code/MSTeams_pipeline/airflow/lib/python3.11/site-packages/airflow/example_dags/example_datasets.py
[2024-11-04T11:05:23.936+0100] {processor.py:914} INFO - Processing file /Users/nick/Desktop/Code/MSTeams_pipeline/airflow/lib/python3.11/site-packages/airflow/example_dags/example_datasets.py for tasks to queue
[2024-11-04T11:05:23.936+0100] {logging_mixin.py:190} INFO - [2024-11-04T11:05:23.936+0100] {dagbag.py:588} INFO - Filling up the DagBag from /Users/nick/Desktop/Code/MSTeams_pipeline/airflow/lib/python3.11/site-packages/airflow/example_dags/example_datasets.py
[2024-11-04T11:05:23.953+0100] {processor.py:925} INFO - DAG(s) 'consume_1_or_2_with_dataset_expressions', 'dataset_consumes_1_and_2', 'consume_1_or_both_2_and_3_with_dataset_expressions', 'dataset_consumes_1', 'consume_1_and_2_with_dataset_expressions', 'dataset_consumes_1_never_scheduled', 'dataset_produces_1', 'conditional_dataset_and_time_based_timetable', 'dataset_produces_2', 'dataset_consumes_unknown_never_scheduled' retrieved from /Users/nick/Desktop/Code/MSTeams_pipeline/airflow/lib/python3.11/site-packages/airflow/example_dags/example_datasets.py
[2024-11-04T11:05:24.081+0100] {logging_mixin.py:190} INFO - [2024-11-04T11:05:24.081+0100] {dag.py:3239} INFO - Sync 10 DAGs
[2024-11-04T11:05:24.088+0100] {logging_mixin.py:190} INFO - [2024-11-04T11:05:24.088+0100] {dag.py:4180} INFO - Setting next_dagrun for conditional_dataset_and_time_based_timetable to 2024-10-30 01:00:00+00:00, run_after=2024-10-30 01:00:00+00:00
[2024-11-04T11:05:24.089+0100] {logging_mixin.py:190} INFO - [2024-11-04T11:05:24.089+0100] {dag.py:4180} INFO - Setting next_dagrun for consume_1_and_2_with_dataset_expressions to None, run_after=None
[2024-11-04T11:05:24.090+0100] {logging_mixin.py:190} INFO - [2024-11-04T11:05:24.090+0100] {dag.py:4180} INFO - Setting next_dagrun for consume_1_or_2_with_dataset_expressions to None, run_after=None
[2024-11-04T11:05:24.090+0100] {logging_mixin.py:190} INFO - [2024-11-04T11:05:24.090+0100] {dag.py:4180} INFO - Setting next_dagrun for consume_1_or_both_2_and_3_with_dataset_expressions to None, run_after=None
[2024-11-04T11:05:24.090+0100] {logging_mixin.py:190} INFO - [2024-11-04T11:05:24.090+0100] {dag.py:4180} INFO - Setting next_dagrun for dataset_consumes_1 to None, run_after=None
[2024-11-04T11:05:24.090+0100] {logging_mixin.py:190} INFO - [2024-11-04T11:05:24.090+0100] {dag.py:4180} INFO - Setting next_dagrun for dataset_consumes_1_and_2 to None, run_after=None
[2024-11-04T11:05:24.091+0100] {logging_mixin.py:190} INFO - [2024-11-04T11:05:24.091+0100] {dag.py:4180} INFO - Setting next_dagrun for dataset_consumes_1_never_scheduled to None, run_after=None
[2024-11-04T11:05:24.091+0100] {logging_mixin.py:190} INFO - [2024-11-04T11:05:24.091+0100] {dag.py:4180} INFO - Setting next_dagrun for dataset_consumes_unknown_never_scheduled to None, run_after=None
[2024-11-04T11:05:24.091+0100] {logging_mixin.py:190} INFO - [2024-11-04T11:05:24.091+0100] {dag.py:4180} INFO - Setting next_dagrun for dataset_produces_1 to 2024-11-03 00:00:00+00:00, run_after=2024-11-04 00:00:00+00:00
[2024-11-04T11:05:24.092+0100] {logging_mixin.py:190} INFO - [2024-11-04T11:05:24.092+0100] {dag.py:4180} INFO - Setting next_dagrun for dataset_produces_2 to None, run_after=None
[2024-11-04T11:05:24.101+0100] {processor.py:208} INFO - Processing /Users/nick/Desktop/Code/MSTeams_pipeline/airflow/lib/python3.11/site-packages/airflow/example_dags/example_datasets.py took 0.167 seconds
[2024-11-04T11:07:52.758+0100] {processor.py:186} INFO - Started process (PID=19314) to work on /Users/nick/Desktop/Code/MSTeams_pipeline/airflow/lib/python3.11/site-packages/airflow/example_dags/example_datasets.py
[2024-11-04T11:07:52.758+0100] {processor.py:914} INFO - Processing file /Users/nick/Desktop/Code/MSTeams_pipeline/airflow/lib/python3.11/site-packages/airflow/example_dags/example_datasets.py for tasks to queue
[2024-11-04T11:07:52.759+0100] {logging_mixin.py:190} INFO - [2024-11-04T11:07:52.759+0100] {dagbag.py:588} INFO - Filling up the DagBag from /Users/nick/Desktop/Code/MSTeams_pipeline/airflow/lib/python3.11/site-packages/airflow/example_dags/example_datasets.py
[2024-11-04T11:07:52.780+0100] {processor.py:925} INFO - DAG(s) 'consume_1_or_2_with_dataset_expressions', 'consume_1_and_2_with_dataset_expressions', 'conditional_dataset_and_time_based_timetable', 'dataset_consumes_unknown_never_scheduled', 'dataset_consumes_1_never_scheduled', 'dataset_produces_2', 'dataset_consumes_1_and_2', 'dataset_produces_1', 'dataset_consumes_1', 'consume_1_or_both_2_and_3_with_dataset_expressions' retrieved from /Users/nick/Desktop/Code/MSTeams_pipeline/airflow/lib/python3.11/site-packages/airflow/example_dags/example_datasets.py
[2024-11-04T11:07:52.824+0100] {logging_mixin.py:190} INFO - [2024-11-04T11:07:52.824+0100] {dag.py:3239} INFO - Sync 10 DAGs
[2024-11-04T11:07:52.832+0100] {logging_mixin.py:190} INFO - [2024-11-04T11:07:52.832+0100] {dag.py:4180} INFO - Setting next_dagrun for conditional_dataset_and_time_based_timetable to 2024-10-30 01:00:00+00:00, run_after=2024-10-30 01:00:00+00:00
[2024-11-04T11:07:52.833+0100] {logging_mixin.py:190} INFO - [2024-11-04T11:07:52.833+0100] {dag.py:4180} INFO - Setting next_dagrun for consume_1_and_2_with_dataset_expressions to None, run_after=None
[2024-11-04T11:07:52.834+0100] {logging_mixin.py:190} INFO - [2024-11-04T11:07:52.834+0100] {dag.py:4180} INFO - Setting next_dagrun for consume_1_or_2_with_dataset_expressions to None, run_after=None
[2024-11-04T11:07:52.834+0100] {logging_mixin.py:190} INFO - [2024-11-04T11:07:52.834+0100] {dag.py:4180} INFO - Setting next_dagrun for consume_1_or_both_2_and_3_with_dataset_expressions to None, run_after=None
[2024-11-04T11:07:52.834+0100] {logging_mixin.py:190} INFO - [2024-11-04T11:07:52.834+0100] {dag.py:4180} INFO - Setting next_dagrun for dataset_consumes_1 to None, run_after=None
[2024-11-04T11:07:52.835+0100] {logging_mixin.py:190} INFO - [2024-11-04T11:07:52.835+0100] {dag.py:4180} INFO - Setting next_dagrun for dataset_consumes_1_and_2 to None, run_after=None
[2024-11-04T11:07:52.835+0100] {logging_mixin.py:190} INFO - [2024-11-04T11:07:52.835+0100] {dag.py:4180} INFO - Setting next_dagrun for dataset_consumes_1_never_scheduled to None, run_after=None
[2024-11-04T11:07:52.835+0100] {logging_mixin.py:190} INFO - [2024-11-04T11:07:52.835+0100] {dag.py:4180} INFO - Setting next_dagrun for dataset_consumes_unknown_never_scheduled to None, run_after=None
[2024-11-04T11:07:52.836+0100] {logging_mixin.py:190} INFO - [2024-11-04T11:07:52.836+0100] {dag.py:4180} INFO - Setting next_dagrun for dataset_produces_1 to 2024-11-03 00:00:00+00:00, run_after=2024-11-04 00:00:00+00:00
[2024-11-04T11:07:52.836+0100] {logging_mixin.py:190} INFO - [2024-11-04T11:07:52.836+0100] {dag.py:4180} INFO - Setting next_dagrun for dataset_produces_2 to None, run_after=None
[2024-11-04T11:07:52.873+0100] {processor.py:208} INFO - Processing /Users/nick/Desktop/Code/MSTeams_pipeline/airflow/lib/python3.11/site-packages/airflow/example_dags/example_datasets.py took 0.117 seconds
[2024-11-04T11:11:38.091+0100] {processor.py:186} INFO - Started process (PID=21916) to work on /Users/nick/Desktop/Code/MSTeams_pipeline/airflow/lib/python3.11/site-packages/airflow/example_dags/example_datasets.py
[2024-11-04T11:11:38.091+0100] {processor.py:914} INFO - Processing file /Users/nick/Desktop/Code/MSTeams_pipeline/airflow/lib/python3.11/site-packages/airflow/example_dags/example_datasets.py for tasks to queue
[2024-11-04T11:11:38.092+0100] {logging_mixin.py:190} INFO - [2024-11-04T11:11:38.092+0100] {dagbag.py:588} INFO - Filling up the DagBag from /Users/nick/Desktop/Code/MSTeams_pipeline/airflow/lib/python3.11/site-packages/airflow/example_dags/example_datasets.py
[2024-11-04T11:11:38.109+0100] {processor.py:925} INFO - DAG(s) 'dataset_produces_2', 'dataset_consumes_unknown_never_scheduled', 'dataset_consumes_1', 'dataset_produces_1', 'conditional_dataset_and_time_based_timetable', 'dataset_consumes_1_never_scheduled', 'consume_1_and_2_with_dataset_expressions', 'dataset_consumes_1_and_2', 'consume_1_or_2_with_dataset_expressions', 'consume_1_or_both_2_and_3_with_dataset_expressions' retrieved from /Users/nick/Desktop/Code/MSTeams_pipeline/airflow/lib/python3.11/site-packages/airflow/example_dags/example_datasets.py
[2024-11-04T11:11:38.150+0100] {logging_mixin.py:190} INFO - [2024-11-04T11:11:38.150+0100] {dag.py:3239} INFO - Sync 10 DAGs
[2024-11-04T11:11:38.158+0100] {logging_mixin.py:190} INFO - [2024-11-04T11:11:38.157+0100] {dag.py:4180} INFO - Setting next_dagrun for conditional_dataset_and_time_based_timetable to 2024-10-30 01:00:00+00:00, run_after=2024-10-30 01:00:00+00:00
[2024-11-04T11:11:38.159+0100] {logging_mixin.py:190} INFO - [2024-11-04T11:11:38.159+0100] {dag.py:4180} INFO - Setting next_dagrun for consume_1_and_2_with_dataset_expressions to None, run_after=None
[2024-11-04T11:11:38.160+0100] {logging_mixin.py:190} INFO - [2024-11-04T11:11:38.160+0100] {dag.py:4180} INFO - Setting next_dagrun for consume_1_or_2_with_dataset_expressions to None, run_after=None
[2024-11-04T11:11:38.160+0100] {logging_mixin.py:190} INFO - [2024-11-04T11:11:38.160+0100] {dag.py:4180} INFO - Setting next_dagrun for consume_1_or_both_2_and_3_with_dataset_expressions to None, run_after=None
[2024-11-04T11:11:38.160+0100] {logging_mixin.py:190} INFO - [2024-11-04T11:11:38.160+0100] {dag.py:4180} INFO - Setting next_dagrun for dataset_consumes_1 to None, run_after=None
[2024-11-04T11:11:38.160+0100] {logging_mixin.py:190} INFO - [2024-11-04T11:11:38.160+0100] {dag.py:4180} INFO - Setting next_dagrun for dataset_consumes_1_and_2 to None, run_after=None
[2024-11-04T11:11:38.161+0100] {logging_mixin.py:190} INFO - [2024-11-04T11:11:38.161+0100] {dag.py:4180} INFO - Setting next_dagrun for dataset_consumes_1_never_scheduled to None, run_after=None
[2024-11-04T11:11:38.161+0100] {logging_mixin.py:190} INFO - [2024-11-04T11:11:38.161+0100] {dag.py:4180} INFO - Setting next_dagrun for dataset_consumes_unknown_never_scheduled to None, run_after=None
[2024-11-04T11:11:38.162+0100] {logging_mixin.py:190} INFO - [2024-11-04T11:11:38.162+0100] {dag.py:4180} INFO - Setting next_dagrun for dataset_produces_1 to 2024-11-03 00:00:00+00:00, run_after=2024-11-04 00:00:00+00:00
[2024-11-04T11:11:38.162+0100] {logging_mixin.py:190} INFO - [2024-11-04T11:11:38.162+0100] {dag.py:4180} INFO - Setting next_dagrun for dataset_produces_2 to None, run_after=None
[2024-11-04T11:11:38.198+0100] {processor.py:208} INFO - Processing /Users/nick/Desktop/Code/MSTeams_pipeline/airflow/lib/python3.11/site-packages/airflow/example_dags/example_datasets.py took 0.109 seconds
[2024-11-04T11:15:51.651+0100] {processor.py:186} INFO - Started process (PID=25315) to work on /Users/nick/airflow/airflow_venv/lib/python3.11/site-packages/airflow/example_dags/example_datasets.py
[2024-11-04T11:15:51.651+0100] {processor.py:914} INFO - Processing file /Users/nick/airflow/airflow_venv/lib/python3.11/site-packages/airflow/example_dags/example_datasets.py for tasks to queue
[2024-11-04T11:15:51.652+0100] {logging_mixin.py:190} INFO - [2024-11-04T11:15:51.652+0100] {dagbag.py:588} INFO - Filling up the DagBag from /Users/nick/airflow/airflow_venv/lib/python3.11/site-packages/airflow/example_dags/example_datasets.py
[2024-11-04T11:15:51.668+0100] {processor.py:925} INFO - DAG(s) 'dataset_consumes_unknown_never_scheduled', 'conditional_dataset_and_time_based_timetable', 'dataset_consumes_1', 'dataset_produces_2', 'dataset_consumes_1_never_scheduled', 'dataset_produces_1', 'dataset_consumes_1_and_2', 'consume_1_or_both_2_and_3_with_dataset_expressions', 'consume_1_and_2_with_dataset_expressions', 'consume_1_or_2_with_dataset_expressions' retrieved from /Users/nick/airflow/airflow_venv/lib/python3.11/site-packages/airflow/example_dags/example_datasets.py
[2024-11-04T11:15:51.802+0100] {logging_mixin.py:190} INFO - [2024-11-04T11:15:51.801+0100] {dag.py:3239} INFO - Sync 10 DAGs
[2024-11-04T11:15:51.809+0100] {logging_mixin.py:190} INFO - [2024-11-04T11:15:51.809+0100] {dag.py:4180} INFO - Setting next_dagrun for conditional_dataset_and_time_based_timetable to 2024-10-30 01:00:00+00:00, run_after=2024-10-30 01:00:00+00:00
[2024-11-04T11:15:51.810+0100] {logging_mixin.py:190} INFO - [2024-11-04T11:15:51.809+0100] {dag.py:4180} INFO - Setting next_dagrun for consume_1_and_2_with_dataset_expressions to None, run_after=None
[2024-11-04T11:15:51.810+0100] {logging_mixin.py:190} INFO - [2024-11-04T11:15:51.810+0100] {dag.py:4180} INFO - Setting next_dagrun for consume_1_or_2_with_dataset_expressions to None, run_after=None
[2024-11-04T11:15:51.811+0100] {logging_mixin.py:190} INFO - [2024-11-04T11:15:51.811+0100] {dag.py:4180} INFO - Setting next_dagrun for consume_1_or_both_2_and_3_with_dataset_expressions to None, run_after=None
[2024-11-04T11:15:51.811+0100] {logging_mixin.py:190} INFO - [2024-11-04T11:15:51.811+0100] {dag.py:4180} INFO - Setting next_dagrun for dataset_consumes_1 to None, run_after=None
[2024-11-04T11:15:51.811+0100] {logging_mixin.py:190} INFO - [2024-11-04T11:15:51.811+0100] {dag.py:4180} INFO - Setting next_dagrun for dataset_consumes_1_and_2 to None, run_after=None
[2024-11-04T11:15:51.812+0100] {logging_mixin.py:190} INFO - [2024-11-04T11:15:51.811+0100] {dag.py:4180} INFO - Setting next_dagrun for dataset_consumes_1_never_scheduled to None, run_after=None
[2024-11-04T11:15:51.812+0100] {logging_mixin.py:190} INFO - [2024-11-04T11:15:51.812+0100] {dag.py:4180} INFO - Setting next_dagrun for dataset_consumes_unknown_never_scheduled to None, run_after=None
[2024-11-04T11:15:51.812+0100] {logging_mixin.py:190} INFO - [2024-11-04T11:15:51.812+0100] {dag.py:4180} INFO - Setting next_dagrun for dataset_produces_1 to 2024-11-03 00:00:00+00:00, run_after=2024-11-04 00:00:00+00:00
[2024-11-04T11:15:51.813+0100] {logging_mixin.py:190} INFO - [2024-11-04T11:15:51.813+0100] {dag.py:4180} INFO - Setting next_dagrun for dataset_produces_2 to None, run_after=None
[2024-11-04T11:15:51.824+0100] {processor.py:208} INFO - Processing /Users/nick/airflow/airflow_venv/lib/python3.11/site-packages/airflow/example_dags/example_datasets.py took 0.174 seconds
[2024-11-04T11:17:36.918+0100] {processor.py:186} INFO - Started process (PID=26906) to work on /Users/nick/airflow/airflow_venv/lib/python3.11/site-packages/airflow/example_dags/example_datasets.py
[2024-11-04T11:17:36.919+0100] {processor.py:914} INFO - Processing file /Users/nick/airflow/airflow_venv/lib/python3.11/site-packages/airflow/example_dags/example_datasets.py for tasks to queue
[2024-11-04T11:17:36.919+0100] {logging_mixin.py:190} INFO - [2024-11-04T11:17:36.919+0100] {dagbag.py:588} INFO - Filling up the DagBag from /Users/nick/airflow/airflow_venv/lib/python3.11/site-packages/airflow/example_dags/example_datasets.py
[2024-11-04T11:17:36.935+0100] {processor.py:925} INFO - DAG(s) 'dataset_consumes_1', 'consume_1_or_2_with_dataset_expressions', 'dataset_produces_1', 'consume_1_or_both_2_and_3_with_dataset_expressions', 'dataset_consumes_unknown_never_scheduled', 'conditional_dataset_and_time_based_timetable', 'consume_1_and_2_with_dataset_expressions', 'dataset_consumes_1_and_2', 'dataset_consumes_1_never_scheduled', 'dataset_produces_2' retrieved from /Users/nick/airflow/airflow_venv/lib/python3.11/site-packages/airflow/example_dags/example_datasets.py
[2024-11-04T11:17:36.973+0100] {logging_mixin.py:190} INFO - [2024-11-04T11:17:36.973+0100] {dag.py:3239} INFO - Sync 10 DAGs
[2024-11-04T11:17:36.980+0100] {logging_mixin.py:190} INFO - [2024-11-04T11:17:36.980+0100] {dag.py:4180} INFO - Setting next_dagrun for conditional_dataset_and_time_based_timetable to 2024-10-30 01:00:00+00:00, run_after=2024-10-30 01:00:00+00:00
[2024-11-04T11:17:36.981+0100] {logging_mixin.py:190} INFO - [2024-11-04T11:17:36.981+0100] {dag.py:4180} INFO - Setting next_dagrun for consume_1_and_2_with_dataset_expressions to None, run_after=None
[2024-11-04T11:17:36.982+0100] {logging_mixin.py:190} INFO - [2024-11-04T11:17:36.982+0100] {dag.py:4180} INFO - Setting next_dagrun for consume_1_or_2_with_dataset_expressions to None, run_after=None
[2024-11-04T11:17:36.982+0100] {logging_mixin.py:190} INFO - [2024-11-04T11:17:36.982+0100] {dag.py:4180} INFO - Setting next_dagrun for consume_1_or_both_2_and_3_with_dataset_expressions to None, run_after=None
[2024-11-04T11:17:36.982+0100] {logging_mixin.py:190} INFO - [2024-11-04T11:17:36.982+0100] {dag.py:4180} INFO - Setting next_dagrun for dataset_consumes_1 to None, run_after=None
[2024-11-04T11:17:36.982+0100] {logging_mixin.py:190} INFO - [2024-11-04T11:17:36.982+0100] {dag.py:4180} INFO - Setting next_dagrun for dataset_consumes_1_and_2 to None, run_after=None
[2024-11-04T11:17:36.983+0100] {logging_mixin.py:190} INFO - [2024-11-04T11:17:36.983+0100] {dag.py:4180} INFO - Setting next_dagrun for dataset_consumes_1_never_scheduled to None, run_after=None
[2024-11-04T11:17:36.983+0100] {logging_mixin.py:190} INFO - [2024-11-04T11:17:36.983+0100] {dag.py:4180} INFO - Setting next_dagrun for dataset_consumes_unknown_never_scheduled to None, run_after=None
[2024-11-04T11:17:36.984+0100] {logging_mixin.py:190} INFO - [2024-11-04T11:17:36.984+0100] {dag.py:4180} INFO - Setting next_dagrun for dataset_produces_1 to 2024-11-03 00:00:00+00:00, run_after=2024-11-04 00:00:00+00:00
[2024-11-04T11:17:36.984+0100] {logging_mixin.py:190} INFO - [2024-11-04T11:17:36.984+0100] {dag.py:4180} INFO - Setting next_dagrun for dataset_produces_2 to None, run_after=None
[2024-11-04T11:17:37.018+0100] {processor.py:208} INFO - Processing /Users/nick/airflow/airflow_venv/lib/python3.11/site-packages/airflow/example_dags/example_datasets.py took 0.101 seconds
[2024-11-04T11:20:01.077+0100] {processor.py:186} INFO - Started process (PID=28614) to work on /Users/nick/airflow/airflow_venv/lib/python3.11/site-packages/airflow/example_dags/example_datasets.py
[2024-11-04T11:20:01.077+0100] {processor.py:914} INFO - Processing file /Users/nick/airflow/airflow_venv/lib/python3.11/site-packages/airflow/example_dags/example_datasets.py for tasks to queue
[2024-11-04T11:20:01.077+0100] {logging_mixin.py:190} INFO - [2024-11-04T11:20:01.077+0100] {dagbag.py:588} INFO - Filling up the DagBag from /Users/nick/airflow/airflow_venv/lib/python3.11/site-packages/airflow/example_dags/example_datasets.py
[2024-11-04T11:20:01.094+0100] {processor.py:925} INFO - DAG(s) 'dataset_consumes_1_and_2', 'consume_1_or_2_with_dataset_expressions', 'dataset_consumes_unknown_never_scheduled', 'dataset_produces_2', 'consume_1_or_both_2_and_3_with_dataset_expressions', 'dataset_produces_1', 'dataset_consumes_1', 'dataset_consumes_1_never_scheduled', 'conditional_dataset_and_time_based_timetable', 'consume_1_and_2_with_dataset_expressions' retrieved from /Users/nick/airflow/airflow_venv/lib/python3.11/site-packages/airflow/example_dags/example_datasets.py
[2024-11-04T11:20:01.139+0100] {logging_mixin.py:190} INFO - [2024-11-04T11:20:01.139+0100] {dag.py:3239} INFO - Sync 10 DAGs
[2024-11-04T11:20:01.147+0100] {logging_mixin.py:190} INFO - [2024-11-04T11:20:01.147+0100] {dag.py:4180} INFO - Setting next_dagrun for conditional_dataset_and_time_based_timetable to 2024-10-30 01:00:00+00:00, run_after=2024-10-30 01:00:00+00:00
[2024-11-04T11:20:01.149+0100] {logging_mixin.py:190} INFO - [2024-11-04T11:20:01.149+0100] {dag.py:4180} INFO - Setting next_dagrun for consume_1_and_2_with_dataset_expressions to None, run_after=None
[2024-11-04T11:20:01.150+0100] {logging_mixin.py:190} INFO - [2024-11-04T11:20:01.149+0100] {dag.py:4180} INFO - Setting next_dagrun for consume_1_or_2_with_dataset_expressions to None, run_after=None
[2024-11-04T11:20:01.150+0100] {logging_mixin.py:190} INFO - [2024-11-04T11:20:01.150+0100] {dag.py:4180} INFO - Setting next_dagrun for consume_1_or_both_2_and_3_with_dataset_expressions to None, run_after=None
[2024-11-04T11:20:01.150+0100] {logging_mixin.py:190} INFO - [2024-11-04T11:20:01.150+0100] {dag.py:4180} INFO - Setting next_dagrun for dataset_consumes_1 to None, run_after=None
[2024-11-04T11:20:01.151+0100] {logging_mixin.py:190} INFO - [2024-11-04T11:20:01.150+0100] {dag.py:4180} INFO - Setting next_dagrun for dataset_consumes_1_and_2 to None, run_after=None
[2024-11-04T11:20:01.151+0100] {logging_mixin.py:190} INFO - [2024-11-04T11:20:01.151+0100] {dag.py:4180} INFO - Setting next_dagrun for dataset_consumes_1_never_scheduled to None, run_after=None
[2024-11-04T11:20:01.151+0100] {logging_mixin.py:190} INFO - [2024-11-04T11:20:01.151+0100] {dag.py:4180} INFO - Setting next_dagrun for dataset_consumes_unknown_never_scheduled to None, run_after=None
[2024-11-04T11:20:01.152+0100] {logging_mixin.py:190} INFO - [2024-11-04T11:20:01.152+0100] {dag.py:4180} INFO - Setting next_dagrun for dataset_produces_1 to 2024-11-03 00:00:00+00:00, run_after=2024-11-04 00:00:00+00:00
[2024-11-04T11:20:01.152+0100] {logging_mixin.py:190} INFO - [2024-11-04T11:20:01.152+0100] {dag.py:4180} INFO - Setting next_dagrun for dataset_produces_2 to None, run_after=None
[2024-11-04T11:20:01.192+0100] {processor.py:208} INFO - Processing /Users/nick/airflow/airflow_venv/lib/python3.11/site-packages/airflow/example_dags/example_datasets.py took 0.117 seconds
[2024-11-04T11:22:33.123+0100] {processor.py:186} INFO - Started process (PID=30400) to work on /Users/nick/airflow/airflow_venv/lib/python3.11/site-packages/airflow/example_dags/example_datasets.py
[2024-11-04T11:22:33.124+0100] {processor.py:914} INFO - Processing file /Users/nick/airflow/airflow_venv/lib/python3.11/site-packages/airflow/example_dags/example_datasets.py for tasks to queue
[2024-11-04T11:22:33.124+0100] {logging_mixin.py:190} INFO - [2024-11-04T11:22:33.124+0100] {dagbag.py:588} INFO - Filling up the DagBag from /Users/nick/airflow/airflow_venv/lib/python3.11/site-packages/airflow/example_dags/example_datasets.py
[2024-11-04T11:22:33.139+0100] {processor.py:925} INFO - DAG(s) 'conditional_dataset_and_time_based_timetable', 'dataset_consumes_1_and_2', 'consume_1_and_2_with_dataset_expressions', 'dataset_produces_1', 'dataset_consumes_1_never_scheduled', 'dataset_produces_2', 'consume_1_or_both_2_and_3_with_dataset_expressions', 'dataset_consumes_1', 'dataset_consumes_unknown_never_scheduled', 'consume_1_or_2_with_dataset_expressions' retrieved from /Users/nick/airflow/airflow_venv/lib/python3.11/site-packages/airflow/example_dags/example_datasets.py
[2024-11-04T11:22:33.183+0100] {logging_mixin.py:190} INFO - [2024-11-04T11:22:33.183+0100] {dag.py:3239} INFO - Sync 10 DAGs
[2024-11-04T11:22:33.190+0100] {logging_mixin.py:190} INFO - [2024-11-04T11:22:33.190+0100] {dag.py:4180} INFO - Setting next_dagrun for conditional_dataset_and_time_based_timetable to 2024-10-30 01:00:00+00:00, run_after=2024-10-30 01:00:00+00:00
[2024-11-04T11:22:33.192+0100] {logging_mixin.py:190} INFO - [2024-11-04T11:22:33.192+0100] {dag.py:4180} INFO - Setting next_dagrun for consume_1_and_2_with_dataset_expressions to None, run_after=None
[2024-11-04T11:22:33.192+0100] {logging_mixin.py:190} INFO - [2024-11-04T11:22:33.192+0100] {dag.py:4180} INFO - Setting next_dagrun for consume_1_or_2_with_dataset_expressions to None, run_after=None
[2024-11-04T11:22:33.193+0100] {logging_mixin.py:190} INFO - [2024-11-04T11:22:33.193+0100] {dag.py:4180} INFO - Setting next_dagrun for consume_1_or_both_2_and_3_with_dataset_expressions to None, run_after=None
[2024-11-04T11:22:33.193+0100] {logging_mixin.py:190} INFO - [2024-11-04T11:22:33.193+0100] {dag.py:4180} INFO - Setting next_dagrun for dataset_consumes_1 to None, run_after=None
[2024-11-04T11:22:33.193+0100] {logging_mixin.py:190} INFO - [2024-11-04T11:22:33.193+0100] {dag.py:4180} INFO - Setting next_dagrun for dataset_consumes_1_and_2 to None, run_after=None
[2024-11-04T11:22:33.193+0100] {logging_mixin.py:190} INFO - [2024-11-04T11:22:33.193+0100] {dag.py:4180} INFO - Setting next_dagrun for dataset_consumes_1_never_scheduled to None, run_after=None
[2024-11-04T11:22:33.194+0100] {logging_mixin.py:190} INFO - [2024-11-04T11:22:33.194+0100] {dag.py:4180} INFO - Setting next_dagrun for dataset_consumes_unknown_never_scheduled to None, run_after=None
[2024-11-04T11:22:33.194+0100] {logging_mixin.py:190} INFO - [2024-11-04T11:22:33.194+0100] {dag.py:4180} INFO - Setting next_dagrun for dataset_produces_1 to 2024-11-03 00:00:00+00:00, run_after=2024-11-04 00:00:00+00:00
[2024-11-04T11:22:33.195+0100] {logging_mixin.py:190} INFO - [2024-11-04T11:22:33.195+0100] {dag.py:4180} INFO - Setting next_dagrun for dataset_produces_2 to None, run_after=None
[2024-11-04T11:22:33.233+0100] {processor.py:208} INFO - Processing /Users/nick/airflow/airflow_venv/lib/python3.11/site-packages/airflow/example_dags/example_datasets.py took 0.111 seconds
