[2024-11-04T11:04:42.747+0100] {processor.py:186} INFO - Started process (PID=17021) to work on /Users/nick/Desktop/Code/MSTeams_pipeline/airflow/lib/python3.11/site-packages/airflow/example_dags/example_skip_dag.py
[2024-11-04T11:04:42.747+0100] {processor.py:914} INFO - Processing file /Users/nick/Desktop/Code/MSTeams_pipeline/airflow/lib/python3.11/site-packages/airflow/example_dags/example_skip_dag.py for tasks to queue
[2024-11-04T11:04:42.748+0100] {logging_mixin.py:190} INFO - [2024-11-04T11:04:42.748+0100] {dagbag.py:588} INFO - Filling up the DagBag from /Users/nick/Desktop/Code/MSTeams_pipeline/airflow/lib/python3.11/site-packages/airflow/example_dags/example_skip_dag.py
[2024-11-04T11:04:42.751+0100] {processor.py:925} INFO - DAG(s) 'example_skip_dag' retrieved from /Users/nick/Desktop/Code/MSTeams_pipeline/airflow/lib/python3.11/site-packages/airflow/example_dags/example_skip_dag.py
[2024-11-04T11:04:42.845+0100] {logging_mixin.py:190} INFO - [2024-11-04T11:04:42.845+0100] {dag.py:3239} INFO - Sync 1 DAGs
[2024-11-04T11:04:42.852+0100] {logging_mixin.py:190} INFO - [2024-11-04T11:04:42.852+0100] {dag.py:4180} INFO - Setting next_dagrun for example_skip_dag to 2024-11-03 00:00:00+00:00, run_after=2024-11-04 00:00:00+00:00
[2024-11-04T11:04:42.860+0100] {processor.py:208} INFO - Processing /Users/nick/Desktop/Code/MSTeams_pipeline/airflow/lib/python3.11/site-packages/airflow/example_dags/example_skip_dag.py took 0.115 seconds
[2024-11-04T11:06:28.619+0100] {processor.py:186} INFO - Started process (PID=18322) to work on /Users/nick/Desktop/Code/MSTeams_pipeline/airflow/lib/python3.11/site-packages/airflow/example_dags/example_skip_dag.py
[2024-11-04T11:06:28.619+0100] {processor.py:914} INFO - Processing file /Users/nick/Desktop/Code/MSTeams_pipeline/airflow/lib/python3.11/site-packages/airflow/example_dags/example_skip_dag.py for tasks to queue
[2024-11-04T11:06:28.620+0100] {logging_mixin.py:190} INFO - [2024-11-04T11:06:28.620+0100] {dagbag.py:588} INFO - Filling up the DagBag from /Users/nick/Desktop/Code/MSTeams_pipeline/airflow/lib/python3.11/site-packages/airflow/example_dags/example_skip_dag.py
[2024-11-04T11:06:28.623+0100] {processor.py:925} INFO - DAG(s) 'example_skip_dag' retrieved from /Users/nick/Desktop/Code/MSTeams_pipeline/airflow/lib/python3.11/site-packages/airflow/example_dags/example_skip_dag.py
[2024-11-04T11:06:28.661+0100] {logging_mixin.py:190} INFO - [2024-11-04T11:06:28.661+0100] {dag.py:3239} INFO - Sync 1 DAGs
[2024-11-04T11:06:28.668+0100] {logging_mixin.py:190} INFO - [2024-11-04T11:06:28.668+0100] {dag.py:4180} INFO - Setting next_dagrun for example_skip_dag to 2024-11-03 00:00:00+00:00, run_after=2024-11-04 00:00:00+00:00
[2024-11-04T11:06:28.675+0100] {processor.py:208} INFO - Processing /Users/nick/Desktop/Code/MSTeams_pipeline/airflow/lib/python3.11/site-packages/airflow/example_dags/example_skip_dag.py took 0.058 seconds
[2024-11-04T11:07:43.037+0100] {processor.py:186} INFO - Started process (PID=19198) to work on /Users/nick/Desktop/Code/MSTeams_pipeline/airflow/lib/python3.11/site-packages/airflow/example_dags/example_skip_dag.py
[2024-11-04T11:07:43.038+0100] {processor.py:914} INFO - Processing file /Users/nick/Desktop/Code/MSTeams_pipeline/airflow/lib/python3.11/site-packages/airflow/example_dags/example_skip_dag.py for tasks to queue
[2024-11-04T11:07:43.038+0100] {logging_mixin.py:190} INFO - [2024-11-04T11:07:43.038+0100] {dagbag.py:588} INFO - Filling up the DagBag from /Users/nick/Desktop/Code/MSTeams_pipeline/airflow/lib/python3.11/site-packages/airflow/example_dags/example_skip_dag.py
[2024-11-04T11:07:43.041+0100] {processor.py:925} INFO - DAG(s) 'example_skip_dag' retrieved from /Users/nick/Desktop/Code/MSTeams_pipeline/airflow/lib/python3.11/site-packages/airflow/example_dags/example_skip_dag.py
[2024-11-04T11:07:43.078+0100] {logging_mixin.py:190} INFO - [2024-11-04T11:07:43.077+0100] {dag.py:3239} INFO - Sync 1 DAGs
[2024-11-04T11:07:43.084+0100] {logging_mixin.py:190} INFO - [2024-11-04T11:07:43.084+0100] {dag.py:4180} INFO - Setting next_dagrun for example_skip_dag to 2024-11-03 00:00:00+00:00, run_after=2024-11-04 00:00:00+00:00
[2024-11-04T11:07:43.091+0100] {processor.py:208} INFO - Processing /Users/nick/Desktop/Code/MSTeams_pipeline/airflow/lib/python3.11/site-packages/airflow/example_dags/example_skip_dag.py took 0.055 seconds
[2024-11-04T11:08:57.118+0100] {processor.py:186} INFO - Started process (PID=20030) to work on /Users/nick/Desktop/Code/MSTeams_pipeline/airflow/lib/python3.11/site-packages/airflow/example_dags/example_skip_dag.py
[2024-11-04T11:08:57.119+0100] {processor.py:914} INFO - Processing file /Users/nick/Desktop/Code/MSTeams_pipeline/airflow/lib/python3.11/site-packages/airflow/example_dags/example_skip_dag.py for tasks to queue
[2024-11-04T11:08:57.119+0100] {logging_mixin.py:190} INFO - [2024-11-04T11:08:57.119+0100] {dagbag.py:588} INFO - Filling up the DagBag from /Users/nick/Desktop/Code/MSTeams_pipeline/airflow/lib/python3.11/site-packages/airflow/example_dags/example_skip_dag.py
[2024-11-04T11:08:57.122+0100] {processor.py:925} INFO - DAG(s) 'example_skip_dag' retrieved from /Users/nick/Desktop/Code/MSTeams_pipeline/airflow/lib/python3.11/site-packages/airflow/example_dags/example_skip_dag.py
[2024-11-04T11:08:57.161+0100] {logging_mixin.py:190} INFO - [2024-11-04T11:08:57.160+0100] {dag.py:3239} INFO - Sync 1 DAGs
[2024-11-04T11:08:57.167+0100] {logging_mixin.py:190} INFO - [2024-11-04T11:08:57.167+0100] {dag.py:4180} INFO - Setting next_dagrun for example_skip_dag to 2024-11-03 00:00:00+00:00, run_after=2024-11-04 00:00:00+00:00
[2024-11-04T11:08:57.176+0100] {processor.py:208} INFO - Processing /Users/nick/Desktop/Code/MSTeams_pipeline/airflow/lib/python3.11/site-packages/airflow/example_dags/example_skip_dag.py took 0.059 seconds
[2024-11-04T11:10:58.375+0100] {processor.py:186} INFO - Started process (PID=21477) to work on /Users/nick/Desktop/Code/MSTeams_pipeline/airflow/lib/python3.11/site-packages/airflow/example_dags/example_skip_dag.py
[2024-11-04T11:10:58.375+0100] {processor.py:914} INFO - Processing file /Users/nick/Desktop/Code/MSTeams_pipeline/airflow/lib/python3.11/site-packages/airflow/example_dags/example_skip_dag.py for tasks to queue
[2024-11-04T11:10:58.376+0100] {logging_mixin.py:190} INFO - [2024-11-04T11:10:58.376+0100] {dagbag.py:588} INFO - Filling up the DagBag from /Users/nick/Desktop/Code/MSTeams_pipeline/airflow/lib/python3.11/site-packages/airflow/example_dags/example_skip_dag.py
[2024-11-04T11:10:58.379+0100] {processor.py:925} INFO - DAG(s) 'example_skip_dag' retrieved from /Users/nick/Desktop/Code/MSTeams_pipeline/airflow/lib/python3.11/site-packages/airflow/example_dags/example_skip_dag.py
[2024-11-04T11:10:58.413+0100] {logging_mixin.py:190} INFO - [2024-11-04T11:10:58.413+0100] {dag.py:3239} INFO - Sync 1 DAGs
[2024-11-04T11:10:58.419+0100] {logging_mixin.py:190} INFO - [2024-11-04T11:10:58.419+0100] {dag.py:4180} INFO - Setting next_dagrun for example_skip_dag to 2024-11-03 00:00:00+00:00, run_after=2024-11-04 00:00:00+00:00
[2024-11-04T11:10:58.425+0100] {processor.py:208} INFO - Processing /Users/nick/Desktop/Code/MSTeams_pipeline/airflow/lib/python3.11/site-packages/airflow/example_dags/example_skip_dag.py took 0.052 seconds
[2024-11-04T11:12:45.606+0100] {processor.py:186} INFO - Started process (PID=22963) to work on /Users/nick/Desktop/Code/MSTeams_pipeline/airflow/lib/python3.11/site-packages/airflow/example_dags/example_skip_dag.py
[2024-11-04T11:12:45.607+0100] {processor.py:914} INFO - Processing file /Users/nick/Desktop/Code/MSTeams_pipeline/airflow/lib/python3.11/site-packages/airflow/example_dags/example_skip_dag.py for tasks to queue
[2024-11-04T11:12:45.607+0100] {logging_mixin.py:190} INFO - [2024-11-04T11:12:45.607+0100] {dagbag.py:588} INFO - Filling up the DagBag from /Users/nick/Desktop/Code/MSTeams_pipeline/airflow/lib/python3.11/site-packages/airflow/example_dags/example_skip_dag.py
[2024-11-04T11:12:45.610+0100] {processor.py:925} INFO - DAG(s) 'example_skip_dag' retrieved from /Users/nick/Desktop/Code/MSTeams_pipeline/airflow/lib/python3.11/site-packages/airflow/example_dags/example_skip_dag.py
[2024-11-04T11:12:45.645+0100] {logging_mixin.py:190} INFO - [2024-11-04T11:12:45.645+0100] {dag.py:3239} INFO - Sync 1 DAGs
[2024-11-04T11:12:45.651+0100] {logging_mixin.py:190} INFO - [2024-11-04T11:12:45.651+0100] {dag.py:4180} INFO - Setting next_dagrun for example_skip_dag to 2024-11-03 00:00:00+00:00, run_after=2024-11-04 00:00:00+00:00
[2024-11-04T11:12:45.657+0100] {processor.py:208} INFO - Processing /Users/nick/Desktop/Code/MSTeams_pipeline/airflow/lib/python3.11/site-packages/airflow/example_dags/example_skip_dag.py took 0.052 seconds
[2024-11-04T11:15:12.478+0100] {processor.py:186} INFO - Started process (PID=24873) to work on /Users/nick/airflow/airflow_venv/lib/python3.11/site-packages/airflow/example_dags/example_skip_dag.py
[2024-11-04T11:15:12.479+0100] {processor.py:914} INFO - Processing file /Users/nick/airflow/airflow_venv/lib/python3.11/site-packages/airflow/example_dags/example_skip_dag.py for tasks to queue
[2024-11-04T11:15:12.479+0100] {logging_mixin.py:190} INFO - [2024-11-04T11:15:12.479+0100] {dagbag.py:588} INFO - Filling up the DagBag from /Users/nick/airflow/airflow_venv/lib/python3.11/site-packages/airflow/example_dags/example_skip_dag.py
[2024-11-04T11:15:12.483+0100] {processor.py:925} INFO - DAG(s) 'example_skip_dag' retrieved from /Users/nick/airflow/airflow_venv/lib/python3.11/site-packages/airflow/example_dags/example_skip_dag.py
[2024-11-04T11:15:12.574+0100] {logging_mixin.py:190} INFO - [2024-11-04T11:15:12.574+0100] {dag.py:3239} INFO - Sync 1 DAGs
[2024-11-04T11:15:12.580+0100] {logging_mixin.py:190} INFO - [2024-11-04T11:15:12.580+0100] {dag.py:4180} INFO - Setting next_dagrun for example_skip_dag to 2024-11-03 00:00:00+00:00, run_after=2024-11-04 00:00:00+00:00
[2024-11-04T11:15:12.586+0100] {processor.py:208} INFO - Processing /Users/nick/airflow/airflow_venv/lib/python3.11/site-packages/airflow/example_dags/example_skip_dag.py took 0.109 seconds
[2024-11-04T11:16:57.435+0100] {processor.py:186} INFO - Started process (PID=26398) to work on /Users/nick/airflow/airflow_venv/lib/python3.11/site-packages/airflow/example_dags/example_skip_dag.py
[2024-11-04T11:16:57.436+0100] {processor.py:914} INFO - Processing file /Users/nick/airflow/airflow_venv/lib/python3.11/site-packages/airflow/example_dags/example_skip_dag.py for tasks to queue
[2024-11-04T11:16:57.436+0100] {logging_mixin.py:190} INFO - [2024-11-04T11:16:57.436+0100] {dagbag.py:588} INFO - Filling up the DagBag from /Users/nick/airflow/airflow_venv/lib/python3.11/site-packages/airflow/example_dags/example_skip_dag.py
[2024-11-04T11:16:57.440+0100] {processor.py:925} INFO - DAG(s) 'example_skip_dag' retrieved from /Users/nick/airflow/airflow_venv/lib/python3.11/site-packages/airflow/example_dags/example_skip_dag.py
[2024-11-04T11:16:57.478+0100] {logging_mixin.py:190} INFO - [2024-11-04T11:16:57.478+0100] {dag.py:3239} INFO - Sync 1 DAGs
[2024-11-04T11:16:57.485+0100] {logging_mixin.py:190} INFO - [2024-11-04T11:16:57.484+0100] {dag.py:4180} INFO - Setting next_dagrun for example_skip_dag to 2024-11-03 00:00:00+00:00, run_after=2024-11-04 00:00:00+00:00
[2024-11-04T11:16:57.492+0100] {processor.py:208} INFO - Processing /Users/nick/airflow/airflow_venv/lib/python3.11/site-packages/airflow/example_dags/example_skip_dag.py took 0.059 seconds
[2024-11-04T11:18:13.971+0100] {processor.py:186} INFO - Started process (PID=27376) to work on /Users/nick/airflow/airflow_venv/lib/python3.11/site-packages/airflow/example_dags/example_skip_dag.py
[2024-11-04T11:18:13.971+0100] {processor.py:914} INFO - Processing file /Users/nick/airflow/airflow_venv/lib/python3.11/site-packages/airflow/example_dags/example_skip_dag.py for tasks to queue
[2024-11-04T11:18:13.972+0100] {logging_mixin.py:190} INFO - [2024-11-04T11:18:13.972+0100] {dagbag.py:588} INFO - Filling up the DagBag from /Users/nick/airflow/airflow_venv/lib/python3.11/site-packages/airflow/example_dags/example_skip_dag.py
[2024-11-04T11:18:13.974+0100] {processor.py:925} INFO - DAG(s) 'example_skip_dag' retrieved from /Users/nick/airflow/airflow_venv/lib/python3.11/site-packages/airflow/example_dags/example_skip_dag.py
[2024-11-04T11:18:14.008+0100] {logging_mixin.py:190} INFO - [2024-11-04T11:18:14.008+0100] {dag.py:3239} INFO - Sync 1 DAGs
[2024-11-04T11:18:14.014+0100] {logging_mixin.py:190} INFO - [2024-11-04T11:18:14.014+0100] {dag.py:4180} INFO - Setting next_dagrun for example_skip_dag to 2024-11-03 00:00:00+00:00, run_after=2024-11-04 00:00:00+00:00
[2024-11-04T11:18:14.020+0100] {processor.py:208} INFO - Processing /Users/nick/airflow/airflow_venv/lib/python3.11/site-packages/airflow/example_dags/example_skip_dag.py took 0.050 seconds
[2024-11-04T11:19:27.246+0100] {processor.py:186} INFO - Started process (PID=28264) to work on /Users/nick/airflow/airflow_venv/lib/python3.11/site-packages/airflow/example_dags/example_skip_dag.py
[2024-11-04T11:19:27.247+0100] {processor.py:914} INFO - Processing file /Users/nick/airflow/airflow_venv/lib/python3.11/site-packages/airflow/example_dags/example_skip_dag.py for tasks to queue
[2024-11-04T11:19:27.247+0100] {logging_mixin.py:190} INFO - [2024-11-04T11:19:27.247+0100] {dagbag.py:588} INFO - Filling up the DagBag from /Users/nick/airflow/airflow_venv/lib/python3.11/site-packages/airflow/example_dags/example_skip_dag.py
[2024-11-04T11:19:27.250+0100] {processor.py:925} INFO - DAG(s) 'example_skip_dag' retrieved from /Users/nick/airflow/airflow_venv/lib/python3.11/site-packages/airflow/example_dags/example_skip_dag.py
[2024-11-04T11:19:27.287+0100] {logging_mixin.py:190} INFO - [2024-11-04T11:19:27.287+0100] {dag.py:3239} INFO - Sync 1 DAGs
[2024-11-04T11:19:27.294+0100] {logging_mixin.py:190} INFO - [2024-11-04T11:19:27.294+0100] {dag.py:4180} INFO - Setting next_dagrun for example_skip_dag to 2024-11-03 00:00:00+00:00, run_after=2024-11-04 00:00:00+00:00
[2024-11-04T11:19:27.301+0100] {processor.py:208} INFO - Processing /Users/nick/airflow/airflow_venv/lib/python3.11/site-packages/airflow/example_dags/example_skip_dag.py took 0.057 seconds
[2024-11-04T11:20:40.585+0100] {processor.py:186} INFO - Started process (PID=29096) to work on /Users/nick/airflow/airflow_venv/lib/python3.11/site-packages/airflow/example_dags/example_skip_dag.py
[2024-11-04T11:20:40.586+0100] {processor.py:914} INFO - Processing file /Users/nick/airflow/airflow_venv/lib/python3.11/site-packages/airflow/example_dags/example_skip_dag.py for tasks to queue
[2024-11-04T11:20:40.586+0100] {logging_mixin.py:190} INFO - [2024-11-04T11:20:40.586+0100] {dagbag.py:588} INFO - Filling up the DagBag from /Users/nick/airflow/airflow_venv/lib/python3.11/site-packages/airflow/example_dags/example_skip_dag.py
[2024-11-04T11:20:40.589+0100] {processor.py:925} INFO - DAG(s) 'example_skip_dag' retrieved from /Users/nick/airflow/airflow_venv/lib/python3.11/site-packages/airflow/example_dags/example_skip_dag.py
[2024-11-04T11:20:40.625+0100] {logging_mixin.py:190} INFO - [2024-11-04T11:20:40.625+0100] {dag.py:3239} INFO - Sync 1 DAGs
[2024-11-04T11:20:40.631+0100] {logging_mixin.py:190} INFO - [2024-11-04T11:20:40.631+0100] {dag.py:4180} INFO - Setting next_dagrun for example_skip_dag to 2024-11-03 00:00:00+00:00, run_after=2024-11-04 00:00:00+00:00
[2024-11-04T11:20:40.638+0100] {processor.py:208} INFO - Processing /Users/nick/airflow/airflow_venv/lib/python3.11/site-packages/airflow/example_dags/example_skip_dag.py took 0.055 seconds
[2024-11-04T11:21:57.220+0100] {processor.py:186} INFO - Started process (PID=29945) to work on /Users/nick/airflow/airflow_venv/lib/python3.11/site-packages/airflow/example_dags/example_skip_dag.py
[2024-11-04T11:21:57.220+0100] {processor.py:914} INFO - Processing file /Users/nick/airflow/airflow_venv/lib/python3.11/site-packages/airflow/example_dags/example_skip_dag.py for tasks to queue
[2024-11-04T11:21:57.220+0100] {logging_mixin.py:190} INFO - [2024-11-04T11:21:57.220+0100] {dagbag.py:588} INFO - Filling up the DagBag from /Users/nick/airflow/airflow_venv/lib/python3.11/site-packages/airflow/example_dags/example_skip_dag.py
[2024-11-04T11:21:57.223+0100] {processor.py:925} INFO - DAG(s) 'example_skip_dag' retrieved from /Users/nick/airflow/airflow_venv/lib/python3.11/site-packages/airflow/example_dags/example_skip_dag.py
[2024-11-04T11:21:57.262+0100] {logging_mixin.py:190} INFO - [2024-11-04T11:21:57.262+0100] {dag.py:3239} INFO - Sync 1 DAGs
[2024-11-04T11:21:57.268+0100] {logging_mixin.py:190} INFO - [2024-11-04T11:21:57.268+0100] {dag.py:4180} INFO - Setting next_dagrun for example_skip_dag to 2024-11-03 00:00:00+00:00, run_after=2024-11-04 00:00:00+00:00
[2024-11-04T11:21:57.275+0100] {processor.py:208} INFO - Processing /Users/nick/airflow/airflow_venv/lib/python3.11/site-packages/airflow/example_dags/example_skip_dag.py took 0.057 seconds
[2024-11-04T11:23:13.182+0100] {processor.py:186} INFO - Started process (PID=30755) to work on /Users/nick/airflow/airflow_venv/lib/python3.11/site-packages/airflow/example_dags/example_skip_dag.py
[2024-11-04T11:23:13.182+0100] {processor.py:914} INFO - Processing file /Users/nick/airflow/airflow_venv/lib/python3.11/site-packages/airflow/example_dags/example_skip_dag.py for tasks to queue
[2024-11-04T11:23:13.183+0100] {logging_mixin.py:190} INFO - [2024-11-04T11:23:13.183+0100] {dagbag.py:588} INFO - Filling up the DagBag from /Users/nick/airflow/airflow_venv/lib/python3.11/site-packages/airflow/example_dags/example_skip_dag.py
[2024-11-04T11:23:13.185+0100] {processor.py:925} INFO - DAG(s) 'example_skip_dag' retrieved from /Users/nick/airflow/airflow_venv/lib/python3.11/site-packages/airflow/example_dags/example_skip_dag.py
[2024-11-04T11:23:13.223+0100] {logging_mixin.py:190} INFO - [2024-11-04T11:23:13.223+0100] {dag.py:3239} INFO - Sync 1 DAGs
[2024-11-04T11:23:13.230+0100] {logging_mixin.py:190} INFO - [2024-11-04T11:23:13.230+0100] {dag.py:4180} INFO - Setting next_dagrun for example_skip_dag to 2024-11-03 00:00:00+00:00, run_after=2024-11-04 00:00:00+00:00
[2024-11-04T11:23:13.237+0100] {processor.py:208} INFO - Processing /Users/nick/airflow/airflow_venv/lib/python3.11/site-packages/airflow/example_dags/example_skip_dag.py took 0.056 seconds
[2024-11-04T11:28:21.270+0100] {processor.py:186} INFO - Started process (PID=34534) to work on /Users/nick/airflow/airflow_venv/lib/python3.11/site-packages/airflow/example_dags/example_skip_dag.py
[2024-11-04T11:28:21.271+0100] {processor.py:914} INFO - Processing file /Users/nick/airflow/airflow_venv/lib/python3.11/site-packages/airflow/example_dags/example_skip_dag.py for tasks to queue
[2024-11-04T11:28:21.271+0100] {logging_mixin.py:190} INFO - [2024-11-04T11:28:21.271+0100] {dagbag.py:588} INFO - Filling up the DagBag from /Users/nick/airflow/airflow_venv/lib/python3.11/site-packages/airflow/example_dags/example_skip_dag.py
[2024-11-04T11:28:21.274+0100] {processor.py:925} INFO - DAG(s) 'example_skip_dag' retrieved from /Users/nick/airflow/airflow_venv/lib/python3.11/site-packages/airflow/example_dags/example_skip_dag.py
[2024-11-04T11:28:21.313+0100] {logging_mixin.py:190} INFO - [2024-11-04T11:28:21.313+0100] {dag.py:3239} INFO - Sync 1 DAGs
[2024-11-04T11:28:21.320+0100] {logging_mixin.py:190} INFO - [2024-11-04T11:28:21.320+0100] {dag.py:4180} INFO - Setting next_dagrun for example_skip_dag to 2024-11-03 00:00:00+00:00, run_after=2024-11-04 00:00:00+00:00
[2024-11-04T11:28:21.327+0100] {processor.py:208} INFO - Processing /Users/nick/airflow/airflow_venv/lib/python3.11/site-packages/airflow/example_dags/example_skip_dag.py took 0.058 seconds
