[2024-11-04T11:05:27.770+0100] {processor.py:186} INFO - Started process (PID=17585) to work on /Users/nick/Desktop/Code/MSTeams_pipeline/airflow/lib/python3.11/site-packages/airflow/example_dags/example_dataset_alias.py
[2024-11-04T11:05:27.770+0100] {processor.py:914} INFO - Processing file /Users/nick/Desktop/Code/MSTeams_pipeline/airflow/lib/python3.11/site-packages/airflow/example_dags/example_dataset_alias.py for tasks to queue
[2024-11-04T11:05:27.770+0100] {logging_mixin.py:190} INFO - [2024-11-04T11:05:27.770+0100] {dagbag.py:588} INFO - Filling up the DagBag from /Users/nick/Desktop/Code/MSTeams_pipeline/airflow/lib/python3.11/site-packages/airflow/example_dags/example_dataset_alias.py
[2024-11-04T11:05:27.826+0100] {processor.py:925} INFO - DAG(s) 'dataset_s3_bucket_consumer', 'dataset_s3_bucket_producer', 'dataset_alias_example_alias_consumer', 'dataset_alias_example_alias_producer' retrieved from /Users/nick/Desktop/Code/MSTeams_pipeline/airflow/lib/python3.11/site-packages/airflow/example_dags/example_dataset_alias.py
[2024-11-04T11:05:27.901+0100] {logging_mixin.py:190} INFO - [2024-11-04T11:05:27.901+0100] {dag.py:3239} INFO - Sync 4 DAGs
[2024-11-04T11:05:27.907+0100] {logging_mixin.py:190} INFO - [2024-11-04T11:05:27.907+0100] {dag.py:4180} INFO - Setting next_dagrun for dataset_alias_example_alias_consumer to None, run_after=None
[2024-11-04T11:05:27.908+0100] {logging_mixin.py:190} INFO - [2024-11-04T11:05:27.908+0100] {dag.py:4180} INFO - Setting next_dagrun for dataset_alias_example_alias_producer to None, run_after=None
[2024-11-04T11:05:27.908+0100] {logging_mixin.py:190} INFO - [2024-11-04T11:05:27.908+0100] {dag.py:4180} INFO - Setting next_dagrun for dataset_s3_bucket_consumer to None, run_after=None
[2024-11-04T11:05:27.909+0100] {logging_mixin.py:190} INFO - [2024-11-04T11:05:27.909+0100] {dag.py:4180} INFO - Setting next_dagrun for dataset_s3_bucket_producer to None, run_after=None
[2024-11-04T11:05:27.916+0100] {processor.py:208} INFO - Processing /Users/nick/Desktop/Code/MSTeams_pipeline/airflow/lib/python3.11/site-packages/airflow/example_dags/example_dataset_alias.py took 0.148 seconds
[2024-11-04T11:07:55.599+0100] {processor.py:186} INFO - Started process (PID=19321) to work on /Users/nick/Desktop/Code/MSTeams_pipeline/airflow/lib/python3.11/site-packages/airflow/example_dags/example_dataset_alias.py
[2024-11-04T11:07:55.600+0100] {processor.py:914} INFO - Processing file /Users/nick/Desktop/Code/MSTeams_pipeline/airflow/lib/python3.11/site-packages/airflow/example_dags/example_dataset_alias.py for tasks to queue
[2024-11-04T11:07:55.601+0100] {logging_mixin.py:190} INFO - [2024-11-04T11:07:55.601+0100] {dagbag.py:588} INFO - Filling up the DagBag from /Users/nick/Desktop/Code/MSTeams_pipeline/airflow/lib/python3.11/site-packages/airflow/example_dags/example_dataset_alias.py
[2024-11-04T11:07:55.659+0100] {processor.py:925} INFO - DAG(s) 'dataset_alias_example_alias_producer', 'dataset_s3_bucket_producer', 'dataset_s3_bucket_consumer', 'dataset_alias_example_alias_consumer' retrieved from /Users/nick/Desktop/Code/MSTeams_pipeline/airflow/lib/python3.11/site-packages/airflow/example_dags/example_dataset_alias.py
[2024-11-04T11:07:55.696+0100] {logging_mixin.py:190} INFO - [2024-11-04T11:07:55.695+0100] {dag.py:3239} INFO - Sync 4 DAGs
[2024-11-04T11:07:55.701+0100] {logging_mixin.py:190} INFO - [2024-11-04T11:07:55.701+0100] {dag.py:4180} INFO - Setting next_dagrun for dataset_alias_example_alias_consumer to None, run_after=None
[2024-11-04T11:07:55.702+0100] {logging_mixin.py:190} INFO - [2024-11-04T11:07:55.702+0100] {dag.py:4180} INFO - Setting next_dagrun for dataset_alias_example_alias_producer to None, run_after=None
[2024-11-04T11:07:55.703+0100] {logging_mixin.py:190} INFO - [2024-11-04T11:07:55.702+0100] {dag.py:4180} INFO - Setting next_dagrun for dataset_s3_bucket_consumer to None, run_after=None
[2024-11-04T11:07:55.703+0100] {logging_mixin.py:190} INFO - [2024-11-04T11:07:55.703+0100] {dag.py:4180} INFO - Setting next_dagrun for dataset_s3_bucket_producer to None, run_after=None
[2024-11-04T11:07:55.710+0100] {processor.py:208} INFO - Processing /Users/nick/Desktop/Code/MSTeams_pipeline/airflow/lib/python3.11/site-packages/airflow/example_dags/example_dataset_alias.py took 0.113 seconds
[2024-11-04T11:11:40.595+0100] {processor.py:186} INFO - Started process (PID=22034) to work on /Users/nick/Desktop/Code/MSTeams_pipeline/airflow/lib/python3.11/site-packages/airflow/example_dags/example_dataset_alias.py
[2024-11-04T11:11:40.595+0100] {processor.py:914} INFO - Processing file /Users/nick/Desktop/Code/MSTeams_pipeline/airflow/lib/python3.11/site-packages/airflow/example_dags/example_dataset_alias.py for tasks to queue
[2024-11-04T11:11:40.596+0100] {logging_mixin.py:190} INFO - [2024-11-04T11:11:40.596+0100] {dagbag.py:588} INFO - Filling up the DagBag from /Users/nick/Desktop/Code/MSTeams_pipeline/airflow/lib/python3.11/site-packages/airflow/example_dags/example_dataset_alias.py
[2024-11-04T11:11:40.655+0100] {processor.py:925} INFO - DAG(s) 'dataset_alias_example_alias_consumer', 'dataset_alias_example_alias_producer', 'dataset_s3_bucket_producer', 'dataset_s3_bucket_consumer' retrieved from /Users/nick/Desktop/Code/MSTeams_pipeline/airflow/lib/python3.11/site-packages/airflow/example_dags/example_dataset_alias.py
[2024-11-04T11:11:40.695+0100] {logging_mixin.py:190} INFO - [2024-11-04T11:11:40.695+0100] {dag.py:3239} INFO - Sync 4 DAGs
[2024-11-04T11:11:40.702+0100] {logging_mixin.py:190} INFO - [2024-11-04T11:11:40.702+0100] {dag.py:4180} INFO - Setting next_dagrun for dataset_alias_example_alias_consumer to None, run_after=None
[2024-11-04T11:11:40.703+0100] {logging_mixin.py:190} INFO - [2024-11-04T11:11:40.703+0100] {dag.py:4180} INFO - Setting next_dagrun for dataset_alias_example_alias_producer to None, run_after=None
[2024-11-04T11:11:40.703+0100] {logging_mixin.py:190} INFO - [2024-11-04T11:11:40.703+0100] {dag.py:4180} INFO - Setting next_dagrun for dataset_s3_bucket_consumer to None, run_after=None
[2024-11-04T11:11:40.704+0100] {logging_mixin.py:190} INFO - [2024-11-04T11:11:40.703+0100] {dag.py:4180} INFO - Setting next_dagrun for dataset_s3_bucket_producer to None, run_after=None
[2024-11-04T11:11:40.712+0100] {processor.py:208} INFO - Processing /Users/nick/Desktop/Code/MSTeams_pipeline/airflow/lib/python3.11/site-packages/airflow/example_dags/example_dataset_alias.py took 0.119 seconds
[2024-11-04T11:15:55.139+0100] {processor.py:186} INFO - Started process (PID=25327) to work on /Users/nick/airflow/airflow_venv/lib/python3.11/site-packages/airflow/example_dags/example_dataset_alias.py
[2024-11-04T11:15:55.139+0100] {processor.py:914} INFO - Processing file /Users/nick/airflow/airflow_venv/lib/python3.11/site-packages/airflow/example_dags/example_dataset_alias.py for tasks to queue
[2024-11-04T11:15:55.140+0100] {logging_mixin.py:190} INFO - [2024-11-04T11:15:55.140+0100] {dagbag.py:588} INFO - Filling up the DagBag from /Users/nick/airflow/airflow_venv/lib/python3.11/site-packages/airflow/example_dags/example_dataset_alias.py
[2024-11-04T11:15:55.193+0100] {processor.py:925} INFO - DAG(s) 'dataset_alias_example_alias_consumer', 'dataset_alias_example_alias_producer', 'dataset_s3_bucket_consumer', 'dataset_s3_bucket_producer' retrieved from /Users/nick/airflow/airflow_venv/lib/python3.11/site-packages/airflow/example_dags/example_dataset_alias.py
[2024-11-04T11:15:55.265+0100] {logging_mixin.py:190} INFO - [2024-11-04T11:15:55.264+0100] {dag.py:3239} INFO - Sync 4 DAGs
[2024-11-04T11:15:55.271+0100] {logging_mixin.py:190} INFO - [2024-11-04T11:15:55.271+0100] {dag.py:4180} INFO - Setting next_dagrun for dataset_alias_example_alias_consumer to None, run_after=None
[2024-11-04T11:15:55.271+0100] {logging_mixin.py:190} INFO - [2024-11-04T11:15:55.271+0100] {dag.py:4180} INFO - Setting next_dagrun for dataset_alias_example_alias_producer to None, run_after=None
[2024-11-04T11:15:55.272+0100] {logging_mixin.py:190} INFO - [2024-11-04T11:15:55.272+0100] {dag.py:4180} INFO - Setting next_dagrun for dataset_s3_bucket_consumer to None, run_after=None
[2024-11-04T11:15:55.272+0100] {logging_mixin.py:190} INFO - [2024-11-04T11:15:55.272+0100] {dag.py:4180} INFO - Setting next_dagrun for dataset_s3_bucket_producer to None, run_after=None
[2024-11-04T11:15:55.279+0100] {processor.py:208} INFO - Processing /Users/nick/airflow/airflow_venv/lib/python3.11/site-packages/airflow/example_dags/example_dataset_alias.py took 0.141 seconds
[2024-11-04T11:18:26.639+0100] {processor.py:186} INFO - Started process (PID=27514) to work on /Users/nick/airflow/airflow_venv/lib/python3.11/site-packages/airflow/example_dags/example_dataset_alias.py
[2024-11-04T11:18:26.640+0100] {processor.py:914} INFO - Processing file /Users/nick/airflow/airflow_venv/lib/python3.11/site-packages/airflow/example_dags/example_dataset_alias.py for tasks to queue
[2024-11-04T11:18:26.640+0100] {logging_mixin.py:190} INFO - [2024-11-04T11:18:26.640+0100] {dagbag.py:588} INFO - Filling up the DagBag from /Users/nick/airflow/airflow_venv/lib/python3.11/site-packages/airflow/example_dags/example_dataset_alias.py
[2024-11-04T11:18:26.694+0100] {processor.py:925} INFO - DAG(s) 'dataset_s3_bucket_consumer', 'dataset_s3_bucket_producer', 'dataset_alias_example_alias_producer', 'dataset_alias_example_alias_consumer' retrieved from /Users/nick/airflow/airflow_venv/lib/python3.11/site-packages/airflow/example_dags/example_dataset_alias.py
[2024-11-04T11:18:26.727+0100] {logging_mixin.py:190} INFO - [2024-11-04T11:18:26.727+0100] {dag.py:3239} INFO - Sync 4 DAGs
[2024-11-04T11:18:26.733+0100] {logging_mixin.py:190} INFO - [2024-11-04T11:18:26.732+0100] {dag.py:4180} INFO - Setting next_dagrun for dataset_alias_example_alias_consumer to None, run_after=None
[2024-11-04T11:18:26.733+0100] {logging_mixin.py:190} INFO - [2024-11-04T11:18:26.733+0100] {dag.py:4180} INFO - Setting next_dagrun for dataset_alias_example_alias_producer to None, run_after=None
[2024-11-04T11:18:26.734+0100] {logging_mixin.py:190} INFO - [2024-11-04T11:18:26.733+0100] {dag.py:4180} INFO - Setting next_dagrun for dataset_s3_bucket_consumer to None, run_after=None
[2024-11-04T11:18:26.734+0100] {logging_mixin.py:190} INFO - [2024-11-04T11:18:26.734+0100] {dag.py:4180} INFO - Setting next_dagrun for dataset_s3_bucket_producer to None, run_after=None
[2024-11-04T11:18:26.741+0100] {processor.py:208} INFO - Processing /Users/nick/airflow/airflow_venv/lib/python3.11/site-packages/airflow/example_dags/example_dataset_alias.py took 0.103 seconds
[2024-11-04T11:20:56.246+0100] {processor.py:186} INFO - Started process (PID=29237) to work on /Users/nick/airflow/airflow_venv/lib/python3.11/site-packages/airflow/example_dags/example_dataset_alias.py
[2024-11-04T11:20:56.247+0100] {processor.py:914} INFO - Processing file /Users/nick/airflow/airflow_venv/lib/python3.11/site-packages/airflow/example_dags/example_dataset_alias.py for tasks to queue
[2024-11-04T11:20:56.249+0100] {logging_mixin.py:190} INFO - [2024-11-04T11:20:56.249+0100] {dagbag.py:588} INFO - Filling up the DagBag from /Users/nick/airflow/airflow_venv/lib/python3.11/site-packages/airflow/example_dags/example_dataset_alias.py
[2024-11-04T11:20:56.315+0100] {processor.py:925} INFO - DAG(s) 'dataset_s3_bucket_consumer', 'dataset_alias_example_alias_consumer', 'dataset_alias_example_alias_producer', 'dataset_s3_bucket_producer' retrieved from /Users/nick/airflow/airflow_venv/lib/python3.11/site-packages/airflow/example_dags/example_dataset_alias.py
[2024-11-04T11:20:56.362+0100] {logging_mixin.py:190} INFO - [2024-11-04T11:20:56.362+0100] {dag.py:3239} INFO - Sync 4 DAGs
[2024-11-04T11:20:56.369+0100] {logging_mixin.py:190} INFO - [2024-11-04T11:20:56.369+0100] {dag.py:4180} INFO - Setting next_dagrun for dataset_alias_example_alias_consumer to None, run_after=None
[2024-11-04T11:20:56.370+0100] {logging_mixin.py:190} INFO - [2024-11-04T11:20:56.370+0100] {dag.py:4180} INFO - Setting next_dagrun for dataset_alias_example_alias_producer to None, run_after=None
[2024-11-04T11:20:56.370+0100] {logging_mixin.py:190} INFO - [2024-11-04T11:20:56.370+0100] {dag.py:4180} INFO - Setting next_dagrun for dataset_s3_bucket_consumer to None, run_after=None
[2024-11-04T11:20:56.371+0100] {logging_mixin.py:190} INFO - [2024-11-04T11:20:56.371+0100] {dag.py:4180} INFO - Setting next_dagrun for dataset_s3_bucket_producer to None, run_after=None
[2024-11-04T11:20:56.379+0100] {processor.py:208} INFO - Processing /Users/nick/airflow/airflow_venv/lib/python3.11/site-packages/airflow/example_dags/example_dataset_alias.py took 0.135 seconds
[2024-11-04T11:23:26.763+0100] {processor.py:186} INFO - Started process (PID=30972) to work on /Users/nick/airflow/airflow_venv/lib/python3.11/site-packages/airflow/example_dags/example_dataset_alias.py
[2024-11-04T11:23:26.763+0100] {processor.py:914} INFO - Processing file /Users/nick/airflow/airflow_venv/lib/python3.11/site-packages/airflow/example_dags/example_dataset_alias.py for tasks to queue
[2024-11-04T11:23:26.763+0100] {logging_mixin.py:190} INFO - [2024-11-04T11:23:26.763+0100] {dagbag.py:588} INFO - Filling up the DagBag from /Users/nick/airflow/airflow_venv/lib/python3.11/site-packages/airflow/example_dags/example_dataset_alias.py
[2024-11-04T11:23:26.824+0100] {processor.py:925} INFO - DAG(s) 'dataset_s3_bucket_consumer', 'dataset_alias_example_alias_producer', 'dataset_s3_bucket_producer', 'dataset_alias_example_alias_consumer' retrieved from /Users/nick/airflow/airflow_venv/lib/python3.11/site-packages/airflow/example_dags/example_dataset_alias.py
[2024-11-04T11:23:26.863+0100] {logging_mixin.py:190} INFO - [2024-11-04T11:23:26.862+0100] {dag.py:3239} INFO - Sync 4 DAGs
[2024-11-04T11:23:26.870+0100] {logging_mixin.py:190} INFO - [2024-11-04T11:23:26.870+0100] {dag.py:4180} INFO - Setting next_dagrun for dataset_alias_example_alias_consumer to None, run_after=None
[2024-11-04T11:23:26.871+0100] {logging_mixin.py:190} INFO - [2024-11-04T11:23:26.871+0100] {dag.py:4180} INFO - Setting next_dagrun for dataset_alias_example_alias_producer to None, run_after=None
[2024-11-04T11:23:26.872+0100] {logging_mixin.py:190} INFO - [2024-11-04T11:23:26.871+0100] {dag.py:4180} INFO - Setting next_dagrun for dataset_s3_bucket_consumer to None, run_after=None
[2024-11-04T11:23:26.872+0100] {logging_mixin.py:190} INFO - [2024-11-04T11:23:26.872+0100] {dag.py:4180} INFO - Setting next_dagrun for dataset_s3_bucket_producer to None, run_after=None
[2024-11-04T11:23:26.880+0100] {processor.py:208} INFO - Processing /Users/nick/airflow/airflow_venv/lib/python3.11/site-packages/airflow/example_dags/example_dataset_alias.py took 0.119 seconds
