[2024-11-04T11:05:15.199+0100] {processor.py:186} INFO - Started process (PID=17454) to work on /Users/nick/Desktop/Code/MSTeams_pipeline/airflow/lib/python3.11/site-packages/airflow/example_dags/example_inlet_event_extra.py
[2024-11-04T11:05:15.199+0100] {processor.py:914} INFO - Processing file /Users/nick/Desktop/Code/MSTeams_pipeline/airflow/lib/python3.11/site-packages/airflow/example_dags/example_inlet_event_extra.py for tasks to queue
[2024-11-04T11:05:15.200+0100] {logging_mixin.py:190} INFO - [2024-11-04T11:05:15.200+0100] {dagbag.py:588} INFO - Filling up the DagBag from /Users/nick/Desktop/Code/MSTeams_pipeline/airflow/lib/python3.11/site-packages/airflow/example_dags/example_inlet_event_extra.py
[2024-11-04T11:05:15.227+0100] {processor.py:925} INFO - DAG(s) 'read_dataset_event', 'read_dataset_event_from_classic' retrieved from /Users/nick/Desktop/Code/MSTeams_pipeline/airflow/lib/python3.11/site-packages/airflow/example_dags/example_inlet_event_extra.py
[2024-11-04T11:05:15.319+0100] {logging_mixin.py:190} INFO - [2024-11-04T11:05:15.319+0100] {dag.py:3239} INFO - Sync 2 DAGs
[2024-11-04T11:05:15.327+0100] {logging_mixin.py:190} INFO - [2024-11-04T11:05:15.327+0100] {dag.py:4180} INFO - Setting next_dagrun for read_dataset_event to 2024-11-03 00:00:00+00:00, run_after=2024-11-04 00:00:00+00:00
[2024-11-04T11:05:15.328+0100] {logging_mixin.py:190} INFO - [2024-11-04T11:05:15.328+0100] {dag.py:4180} INFO - Setting next_dagrun for read_dataset_event_from_classic to 2024-11-03 00:00:00+00:00, run_after=2024-11-04 00:00:00+00:00
[2024-11-04T11:05:15.334+0100] {processor.py:208} INFO - Processing /Users/nick/Desktop/Code/MSTeams_pipeline/airflow/lib/python3.11/site-packages/airflow/example_dags/example_inlet_event_extra.py took 0.136 seconds
[2024-11-04T11:06:59.983+0100] {processor.py:186} INFO - Started process (PID=18698) to work on /Users/nick/Desktop/Code/MSTeams_pipeline/airflow/lib/python3.11/site-packages/airflow/example_dags/example_inlet_event_extra.py
[2024-11-04T11:06:59.986+0100] {processor.py:914} INFO - Processing file /Users/nick/Desktop/Code/MSTeams_pipeline/airflow/lib/python3.11/site-packages/airflow/example_dags/example_inlet_event_extra.py for tasks to queue
[2024-11-04T11:06:59.987+0100] {logging_mixin.py:190} INFO - [2024-11-04T11:06:59.986+0100] {dagbag.py:588} INFO - Filling up the DagBag from /Users/nick/Desktop/Code/MSTeams_pipeline/airflow/lib/python3.11/site-packages/airflow/example_dags/example_inlet_event_extra.py
[2024-11-04T11:07:00.014+0100] {processor.py:925} INFO - DAG(s) 'read_dataset_event_from_classic', 'read_dataset_event' retrieved from /Users/nick/Desktop/Code/MSTeams_pipeline/airflow/lib/python3.11/site-packages/airflow/example_dags/example_inlet_event_extra.py
[2024-11-04T11:07:00.049+0100] {logging_mixin.py:190} INFO - [2024-11-04T11:07:00.049+0100] {dag.py:3239} INFO - Sync 2 DAGs
[2024-11-04T11:07:00.084+0100] {logging_mixin.py:190} INFO - [2024-11-04T11:07:00.084+0100] {dag.py:4180} INFO - Setting next_dagrun for read_dataset_event to 2024-11-03 00:00:00+00:00, run_after=2024-11-04 00:00:00+00:00
[2024-11-04T11:07:00.085+0100] {logging_mixin.py:190} INFO - [2024-11-04T11:07:00.085+0100] {dag.py:4180} INFO - Setting next_dagrun for read_dataset_event_from_classic to 2024-11-03 00:00:00+00:00, run_after=2024-11-04 00:00:00+00:00
[2024-11-04T11:07:00.092+0100] {processor.py:208} INFO - Processing /Users/nick/Desktop/Code/MSTeams_pipeline/airflow/lib/python3.11/site-packages/airflow/example_dags/example_inlet_event_extra.py took 0.110 seconds
[2024-11-04T11:09:26.945+0100] {processor.py:186} INFO - Started process (PID=20371) to work on /Users/nick/Desktop/Code/MSTeams_pipeline/airflow/lib/python3.11/site-packages/airflow/example_dags/example_inlet_event_extra.py
[2024-11-04T11:09:26.945+0100] {processor.py:914} INFO - Processing file /Users/nick/Desktop/Code/MSTeams_pipeline/airflow/lib/python3.11/site-packages/airflow/example_dags/example_inlet_event_extra.py for tasks to queue
[2024-11-04T11:09:26.946+0100] {logging_mixin.py:190} INFO - [2024-11-04T11:09:26.946+0100] {dagbag.py:588} INFO - Filling up the DagBag from /Users/nick/Desktop/Code/MSTeams_pipeline/airflow/lib/python3.11/site-packages/airflow/example_dags/example_inlet_event_extra.py
[2024-11-04T11:09:26.975+0100] {processor.py:925} INFO - DAG(s) 'read_dataset_event_from_classic', 'read_dataset_event' retrieved from /Users/nick/Desktop/Code/MSTeams_pipeline/airflow/lib/python3.11/site-packages/airflow/example_dags/example_inlet_event_extra.py
[2024-11-04T11:09:27.011+0100] {logging_mixin.py:190} INFO - [2024-11-04T11:09:27.011+0100] {dag.py:3239} INFO - Sync 2 DAGs
[2024-11-04T11:09:27.060+0100] {logging_mixin.py:190} INFO - [2024-11-04T11:09:27.060+0100] {dag.py:4180} INFO - Setting next_dagrun for read_dataset_event to 2024-11-03 00:00:00+00:00, run_after=2024-11-04 00:00:00+00:00
[2024-11-04T11:09:27.062+0100] {logging_mixin.py:190} INFO - [2024-11-04T11:09:27.062+0100] {dag.py:4180} INFO - Setting next_dagrun for read_dataset_event_from_classic to 2024-11-03 00:00:00+00:00, run_after=2024-11-04 00:00:00+00:00
[2024-11-04T11:09:27.070+0100] {processor.py:208} INFO - Processing /Users/nick/Desktop/Code/MSTeams_pipeline/airflow/lib/python3.11/site-packages/airflow/example_dags/example_inlet_event_extra.py took 0.127 seconds
[2024-11-04T11:11:28.872+0100] {processor.py:186} INFO - Started process (PID=21790) to work on /Users/nick/Desktop/Code/MSTeams_pipeline/airflow/lib/python3.11/site-packages/airflow/example_dags/example_inlet_event_extra.py
[2024-11-04T11:11:28.873+0100] {processor.py:914} INFO - Processing file /Users/nick/Desktop/Code/MSTeams_pipeline/airflow/lib/python3.11/site-packages/airflow/example_dags/example_inlet_event_extra.py for tasks to queue
[2024-11-04T11:11:28.879+0100] {logging_mixin.py:190} INFO - [2024-11-04T11:11:28.874+0100] {dagbag.py:588} INFO - Filling up the DagBag from /Users/nick/Desktop/Code/MSTeams_pipeline/airflow/lib/python3.11/site-packages/airflow/example_dags/example_inlet_event_extra.py
[2024-11-04T11:11:28.913+0100] {processor.py:925} INFO - DAG(s) 'read_dataset_event_from_classic', 'read_dataset_event' retrieved from /Users/nick/Desktop/Code/MSTeams_pipeline/airflow/lib/python3.11/site-packages/airflow/example_dags/example_inlet_event_extra.py
[2024-11-04T11:11:28.951+0100] {logging_mixin.py:190} INFO - [2024-11-04T11:11:28.951+0100] {dag.py:3239} INFO - Sync 2 DAGs
[2024-11-04T11:11:28.986+0100] {logging_mixin.py:190} INFO - [2024-11-04T11:11:28.986+0100] {dag.py:4180} INFO - Setting next_dagrun for read_dataset_event to 2024-11-03 00:00:00+00:00, run_after=2024-11-04 00:00:00+00:00
[2024-11-04T11:11:28.988+0100] {logging_mixin.py:190} INFO - [2024-11-04T11:11:28.988+0100] {dag.py:4180} INFO - Setting next_dagrun for read_dataset_event_from_classic to 2024-11-03 00:00:00+00:00, run_after=2024-11-04 00:00:00+00:00
[2024-11-04T11:11:28.994+0100] {processor.py:208} INFO - Processing /Users/nick/Desktop/Code/MSTeams_pipeline/airflow/lib/python3.11/site-packages/airflow/example_dags/example_inlet_event_extra.py took 0.124 seconds
[2024-11-04T11:15:42.370+0100] {processor.py:186} INFO - Started process (PID=25208) to work on /Users/nick/airflow/airflow_venv/lib/python3.11/site-packages/airflow/example_dags/example_inlet_event_extra.py
[2024-11-04T11:15:42.370+0100] {processor.py:914} INFO - Processing file /Users/nick/airflow/airflow_venv/lib/python3.11/site-packages/airflow/example_dags/example_inlet_event_extra.py for tasks to queue
[2024-11-04T11:15:42.370+0100] {logging_mixin.py:190} INFO - [2024-11-04T11:15:42.370+0100] {dagbag.py:588} INFO - Filling up the DagBag from /Users/nick/airflow/airflow_venv/lib/python3.11/site-packages/airflow/example_dags/example_inlet_event_extra.py
[2024-11-04T11:15:42.394+0100] {processor.py:925} INFO - DAG(s) 'read_dataset_event', 'read_dataset_event_from_classic' retrieved from /Users/nick/airflow/airflow_venv/lib/python3.11/site-packages/airflow/example_dags/example_inlet_event_extra.py
[2024-11-04T11:15:42.487+0100] {logging_mixin.py:190} INFO - [2024-11-04T11:15:42.487+0100] {dag.py:3239} INFO - Sync 2 DAGs
[2024-11-04T11:15:42.494+0100] {logging_mixin.py:190} INFO - [2024-11-04T11:15:42.493+0100] {dag.py:4180} INFO - Setting next_dagrun for read_dataset_event to 2024-11-03 00:00:00+00:00, run_after=2024-11-04 00:00:00+00:00
[2024-11-04T11:15:42.495+0100] {logging_mixin.py:190} INFO - [2024-11-04T11:15:42.495+0100] {dag.py:4180} INFO - Setting next_dagrun for read_dataset_event_from_classic to 2024-11-03 00:00:00+00:00, run_after=2024-11-04 00:00:00+00:00
[2024-11-04T11:15:42.501+0100] {processor.py:208} INFO - Processing /Users/nick/airflow/airflow_venv/lib/python3.11/site-packages/airflow/example_dags/example_inlet_event_extra.py took 0.133 seconds
[2024-11-04T11:17:28.041+0100] {processor.py:186} INFO - Started process (PID=26794) to work on /Users/nick/airflow/airflow_venv/lib/python3.11/site-packages/airflow/example_dags/example_inlet_event_extra.py
[2024-11-04T11:17:28.041+0100] {processor.py:914} INFO - Processing file /Users/nick/airflow/airflow_venv/lib/python3.11/site-packages/airflow/example_dags/example_inlet_event_extra.py for tasks to queue
[2024-11-04T11:17:28.042+0100] {logging_mixin.py:190} INFO - [2024-11-04T11:17:28.042+0100] {dagbag.py:588} INFO - Filling up the DagBag from /Users/nick/airflow/airflow_venv/lib/python3.11/site-packages/airflow/example_dags/example_inlet_event_extra.py
[2024-11-04T11:17:28.067+0100] {processor.py:925} INFO - DAG(s) 'read_dataset_event_from_classic', 'read_dataset_event' retrieved from /Users/nick/airflow/airflow_venv/lib/python3.11/site-packages/airflow/example_dags/example_inlet_event_extra.py
[2024-11-04T11:17:28.099+0100] {logging_mixin.py:190} INFO - [2024-11-04T11:17:28.099+0100] {dag.py:3239} INFO - Sync 2 DAGs
[2024-11-04T11:17:28.129+0100] {logging_mixin.py:190} INFO - [2024-11-04T11:17:28.129+0100] {dag.py:4180} INFO - Setting next_dagrun for read_dataset_event to 2024-11-03 00:00:00+00:00, run_after=2024-11-04 00:00:00+00:00
[2024-11-04T11:17:28.131+0100] {logging_mixin.py:190} INFO - [2024-11-04T11:17:28.130+0100] {dag.py:4180} INFO - Setting next_dagrun for read_dataset_event_from_classic to 2024-11-03 00:00:00+00:00, run_after=2024-11-04 00:00:00+00:00
[2024-11-04T11:17:28.136+0100] {processor.py:208} INFO - Processing /Users/nick/airflow/airflow_venv/lib/python3.11/site-packages/airflow/example_dags/example_inlet_event_extra.py took 0.096 seconds
[2024-11-04T11:19:52.020+0100] {processor.py:186} INFO - Started process (PID=28502) to work on /Users/nick/airflow/airflow_venv/lib/python3.11/site-packages/airflow/example_dags/example_inlet_event_extra.py
[2024-11-04T11:19:52.020+0100] {processor.py:914} INFO - Processing file /Users/nick/airflow/airflow_venv/lib/python3.11/site-packages/airflow/example_dags/example_inlet_event_extra.py for tasks to queue
[2024-11-04T11:19:52.020+0100] {logging_mixin.py:190} INFO - [2024-11-04T11:19:52.020+0100] {dagbag.py:588} INFO - Filling up the DagBag from /Users/nick/airflow/airflow_venv/lib/python3.11/site-packages/airflow/example_dags/example_inlet_event_extra.py
[2024-11-04T11:19:52.046+0100] {processor.py:925} INFO - DAG(s) 'read_dataset_event_from_classic', 'read_dataset_event' retrieved from /Users/nick/airflow/airflow_venv/lib/python3.11/site-packages/airflow/example_dags/example_inlet_event_extra.py
[2024-11-04T11:19:52.083+0100] {logging_mixin.py:190} INFO - [2024-11-04T11:19:52.083+0100] {dag.py:3239} INFO - Sync 2 DAGs
[2024-11-04T11:19:52.118+0100] {logging_mixin.py:190} INFO - [2024-11-04T11:19:52.118+0100] {dag.py:4180} INFO - Setting next_dagrun for read_dataset_event to 2024-11-03 00:00:00+00:00, run_after=2024-11-04 00:00:00+00:00
[2024-11-04T11:19:52.120+0100] {logging_mixin.py:190} INFO - [2024-11-04T11:19:52.120+0100] {dag.py:4180} INFO - Setting next_dagrun for read_dataset_event_from_classic to 2024-11-03 00:00:00+00:00, run_after=2024-11-04 00:00:00+00:00
[2024-11-04T11:19:52.126+0100] {processor.py:208} INFO - Processing /Users/nick/airflow/airflow_venv/lib/python3.11/site-packages/airflow/example_dags/example_inlet_event_extra.py took 0.108 seconds
[2024-11-04T11:22:24.402+0100] {processor.py:186} INFO - Started process (PID=30290) to work on /Users/nick/airflow/airflow_venv/lib/python3.11/site-packages/airflow/example_dags/example_inlet_event_extra.py
[2024-11-04T11:22:24.403+0100] {processor.py:914} INFO - Processing file /Users/nick/airflow/airflow_venv/lib/python3.11/site-packages/airflow/example_dags/example_inlet_event_extra.py for tasks to queue
[2024-11-04T11:22:24.403+0100] {logging_mixin.py:190} INFO - [2024-11-04T11:22:24.403+0100] {dagbag.py:588} INFO - Filling up the DagBag from /Users/nick/airflow/airflow_venv/lib/python3.11/site-packages/airflow/example_dags/example_inlet_event_extra.py
[2024-11-04T11:22:24.429+0100] {processor.py:925} INFO - DAG(s) 'read_dataset_event_from_classic', 'read_dataset_event' retrieved from /Users/nick/airflow/airflow_venv/lib/python3.11/site-packages/airflow/example_dags/example_inlet_event_extra.py
[2024-11-04T11:22:24.466+0100] {logging_mixin.py:190} INFO - [2024-11-04T11:22:24.465+0100] {dag.py:3239} INFO - Sync 2 DAGs
[2024-11-04T11:22:24.498+0100] {logging_mixin.py:190} INFO - [2024-11-04T11:22:24.498+0100] {dag.py:4180} INFO - Setting next_dagrun for read_dataset_event to 2024-11-03 00:00:00+00:00, run_after=2024-11-04 00:00:00+00:00
[2024-11-04T11:22:24.500+0100] {logging_mixin.py:190} INFO - [2024-11-04T11:22:24.500+0100] {dag.py:4180} INFO - Setting next_dagrun for read_dataset_event_from_classic to 2024-11-03 00:00:00+00:00, run_after=2024-11-04 00:00:00+00:00
[2024-11-04T11:22:24.507+0100] {processor.py:208} INFO - Processing /Users/nick/airflow/airflow_venv/lib/python3.11/site-packages/airflow/example_dags/example_inlet_event_extra.py took 0.106 seconds
