[2024-11-04T11:05:20.229+0100] {processor.py:186} INFO - Started process (PID=17475) to work on /Users/nick/Desktop/Code/MSTeams_pipeline/airflow/lib/python3.11/site-packages/airflow/example_dags/example_dynamic_task_mapping.py
[2024-11-04T11:05:20.229+0100] {processor.py:914} INFO - Processing file /Users/nick/Desktop/Code/MSTeams_pipeline/airflow/lib/python3.11/site-packages/airflow/example_dags/example_dynamic_task_mapping.py for tasks to queue
[2024-11-04T11:05:20.229+0100] {logging_mixin.py:190} INFO - [2024-11-04T11:05:20.229+0100] {dagbag.py:588} INFO - Filling up the DagBag from /Users/nick/Desktop/Code/MSTeams_pipeline/airflow/lib/python3.11/site-packages/airflow/example_dags/example_dynamic_task_mapping.py
[2024-11-04T11:05:20.244+0100] {processor.py:925} INFO - DAG(s) 'example_dynamic_task_mapping' retrieved from /Users/nick/Desktop/Code/MSTeams_pipeline/airflow/lib/python3.11/site-packages/airflow/example_dags/example_dynamic_task_mapping.py
[2024-11-04T11:05:20.349+0100] {logging_mixin.py:190} INFO - [2024-11-04T11:05:20.348+0100] {dag.py:3239} INFO - Sync 1 DAGs
[2024-11-04T11:05:20.352+0100] {logging_mixin.py:190} INFO - [2024-11-04T11:05:20.352+0100] {dag.py:4180} INFO - Setting next_dagrun for example_dynamic_task_mapping to None, run_after=None
[2024-11-04T11:05:20.359+0100] {processor.py:208} INFO - Processing /Users/nick/Desktop/Code/MSTeams_pipeline/airflow/lib/python3.11/site-packages/airflow/example_dags/example_dynamic_task_mapping.py took 0.132 seconds
[2024-11-04T11:07:05.496+0100] {processor.py:186} INFO - Started process (PID=18708) to work on /Users/nick/Desktop/Code/MSTeams_pipeline/airflow/lib/python3.11/site-packages/airflow/example_dags/example_dynamic_task_mapping.py
[2024-11-04T11:07:05.497+0100] {processor.py:914} INFO - Processing file /Users/nick/Desktop/Code/MSTeams_pipeline/airflow/lib/python3.11/site-packages/airflow/example_dags/example_dynamic_task_mapping.py for tasks to queue
[2024-11-04T11:07:05.498+0100] {logging_mixin.py:190} INFO - [2024-11-04T11:07:05.498+0100] {dagbag.py:588} INFO - Filling up the DagBag from /Users/nick/Desktop/Code/MSTeams_pipeline/airflow/lib/python3.11/site-packages/airflow/example_dags/example_dynamic_task_mapping.py
[2024-11-04T11:07:05.513+0100] {processor.py:925} INFO - DAG(s) 'example_dynamic_task_mapping' retrieved from /Users/nick/Desktop/Code/MSTeams_pipeline/airflow/lib/python3.11/site-packages/airflow/example_dags/example_dynamic_task_mapping.py
[2024-11-04T11:07:05.548+0100] {logging_mixin.py:190} INFO - [2024-11-04T11:07:05.547+0100] {dag.py:3239} INFO - Sync 1 DAGs
[2024-11-04T11:07:05.578+0100] {logging_mixin.py:190} INFO - [2024-11-04T11:07:05.578+0100] {dag.py:4180} INFO - Setting next_dagrun for example_dynamic_task_mapping to None, run_after=None
[2024-11-04T11:07:05.585+0100] {processor.py:208} INFO - Processing /Users/nick/Desktop/Code/MSTeams_pipeline/airflow/lib/python3.11/site-packages/airflow/example_dags/example_dynamic_task_mapping.py took 0.090 seconds
[2024-11-04T11:09:32.167+0100] {processor.py:186} INFO - Started process (PID=20380) to work on /Users/nick/Desktop/Code/MSTeams_pipeline/airflow/lib/python3.11/site-packages/airflow/example_dags/example_dynamic_task_mapping.py
[2024-11-04T11:09:32.168+0100] {processor.py:914} INFO - Processing file /Users/nick/Desktop/Code/MSTeams_pipeline/airflow/lib/python3.11/site-packages/airflow/example_dags/example_dynamic_task_mapping.py for tasks to queue
[2024-11-04T11:09:32.168+0100] {logging_mixin.py:190} INFO - [2024-11-04T11:09:32.168+0100] {dagbag.py:588} INFO - Filling up the DagBag from /Users/nick/Desktop/Code/MSTeams_pipeline/airflow/lib/python3.11/site-packages/airflow/example_dags/example_dynamic_task_mapping.py
[2024-11-04T11:09:32.182+0100] {processor.py:925} INFO - DAG(s) 'example_dynamic_task_mapping' retrieved from /Users/nick/Desktop/Code/MSTeams_pipeline/airflow/lib/python3.11/site-packages/airflow/example_dags/example_dynamic_task_mapping.py
[2024-11-04T11:09:32.217+0100] {logging_mixin.py:190} INFO - [2024-11-04T11:09:32.216+0100] {dag.py:3239} INFO - Sync 1 DAGs
[2024-11-04T11:09:32.249+0100] {logging_mixin.py:190} INFO - [2024-11-04T11:09:32.249+0100] {dag.py:4180} INFO - Setting next_dagrun for example_dynamic_task_mapping to None, run_after=None
[2024-11-04T11:09:32.256+0100] {processor.py:208} INFO - Processing /Users/nick/Desktop/Code/MSTeams_pipeline/airflow/lib/python3.11/site-packages/airflow/example_dags/example_dynamic_task_mapping.py took 0.091 seconds
[2024-11-04T11:11:34.685+0100] {processor.py:186} INFO - Started process (PID=21908) to work on /Users/nick/Desktop/Code/MSTeams_pipeline/airflow/lib/python3.11/site-packages/airflow/example_dags/example_dynamic_task_mapping.py
[2024-11-04T11:11:34.685+0100] {processor.py:914} INFO - Processing file /Users/nick/Desktop/Code/MSTeams_pipeline/airflow/lib/python3.11/site-packages/airflow/example_dags/example_dynamic_task_mapping.py for tasks to queue
[2024-11-04T11:11:34.686+0100] {logging_mixin.py:190} INFO - [2024-11-04T11:11:34.686+0100] {dagbag.py:588} INFO - Filling up the DagBag from /Users/nick/Desktop/Code/MSTeams_pipeline/airflow/lib/python3.11/site-packages/airflow/example_dags/example_dynamic_task_mapping.py
[2024-11-04T11:11:34.705+0100] {processor.py:925} INFO - DAG(s) 'example_dynamic_task_mapping' retrieved from /Users/nick/Desktop/Code/MSTeams_pipeline/airflow/lib/python3.11/site-packages/airflow/example_dags/example_dynamic_task_mapping.py
[2024-11-04T11:11:34.739+0100] {logging_mixin.py:190} INFO - [2024-11-04T11:11:34.739+0100] {dag.py:3239} INFO - Sync 1 DAGs
[2024-11-04T11:11:34.771+0100] {logging_mixin.py:190} INFO - [2024-11-04T11:11:34.771+0100] {dag.py:4180} INFO - Setting next_dagrun for example_dynamic_task_mapping to None, run_after=None
[2024-11-04T11:11:34.779+0100] {processor.py:208} INFO - Processing /Users/nick/Desktop/Code/MSTeams_pipeline/airflow/lib/python3.11/site-packages/airflow/example_dags/example_dynamic_task_mapping.py took 0.096 seconds
[2024-11-04T11:15:47.923+0100] {processor.py:186} INFO - Started process (PID=25213) to work on /Users/nick/airflow/airflow_venv/lib/python3.11/site-packages/airflow/example_dags/example_dynamic_task_mapping.py
[2024-11-04T11:15:47.924+0100] {processor.py:914} INFO - Processing file /Users/nick/airflow/airflow_venv/lib/python3.11/site-packages/airflow/example_dags/example_dynamic_task_mapping.py for tasks to queue
[2024-11-04T11:15:47.924+0100] {logging_mixin.py:190} INFO - [2024-11-04T11:15:47.924+0100] {dagbag.py:588} INFO - Filling up the DagBag from /Users/nick/airflow/airflow_venv/lib/python3.11/site-packages/airflow/example_dags/example_dynamic_task_mapping.py
[2024-11-04T11:15:47.937+0100] {processor.py:925} INFO - DAG(s) 'example_dynamic_task_mapping' retrieved from /Users/nick/airflow/airflow_venv/lib/python3.11/site-packages/airflow/example_dags/example_dynamic_task_mapping.py
[2024-11-04T11:15:48.039+0100] {logging_mixin.py:190} INFO - [2024-11-04T11:15:48.039+0100] {dag.py:3239} INFO - Sync 1 DAGs
[2024-11-04T11:15:48.043+0100] {logging_mixin.py:190} INFO - [2024-11-04T11:15:48.043+0100] {dag.py:4180} INFO - Setting next_dagrun for example_dynamic_task_mapping to None, run_after=None
[2024-11-04T11:15:48.050+0100] {processor.py:208} INFO - Processing /Users/nick/airflow/airflow_venv/lib/python3.11/site-packages/airflow/example_dags/example_dynamic_task_mapping.py took 0.128 seconds
[2024-11-04T11:17:33.142+0100] {processor.py:186} INFO - Started process (PID=26898) to work on /Users/nick/airflow/airflow_venv/lib/python3.11/site-packages/airflow/example_dags/example_dynamic_task_mapping.py
[2024-11-04T11:17:33.143+0100] {processor.py:914} INFO - Processing file /Users/nick/airflow/airflow_venv/lib/python3.11/site-packages/airflow/example_dags/example_dynamic_task_mapping.py for tasks to queue
[2024-11-04T11:17:33.143+0100] {logging_mixin.py:190} INFO - [2024-11-04T11:17:33.143+0100] {dagbag.py:588} INFO - Filling up the DagBag from /Users/nick/airflow/airflow_venv/lib/python3.11/site-packages/airflow/example_dags/example_dynamic_task_mapping.py
[2024-11-04T11:17:33.156+0100] {processor.py:925} INFO - DAG(s) 'example_dynamic_task_mapping' retrieved from /Users/nick/airflow/airflow_venv/lib/python3.11/site-packages/airflow/example_dags/example_dynamic_task_mapping.py
[2024-11-04T11:17:33.187+0100] {logging_mixin.py:190} INFO - [2024-11-04T11:17:33.187+0100] {dag.py:3239} INFO - Sync 1 DAGs
[2024-11-04T11:17:33.214+0100] {logging_mixin.py:190} INFO - [2024-11-04T11:17:33.214+0100] {dag.py:4180} INFO - Setting next_dagrun for example_dynamic_task_mapping to None, run_after=None
[2024-11-04T11:17:33.220+0100] {processor.py:208} INFO - Processing /Users/nick/airflow/airflow_venv/lib/python3.11/site-packages/airflow/example_dags/example_dynamic_task_mapping.py took 0.080 seconds
[2024-11-04T11:19:57.798+0100] {processor.py:186} INFO - Started process (PID=28606) to work on /Users/nick/airflow/airflow_venv/lib/python3.11/site-packages/airflow/example_dags/example_dynamic_task_mapping.py
[2024-11-04T11:19:57.799+0100] {processor.py:914} INFO - Processing file /Users/nick/airflow/airflow_venv/lib/python3.11/site-packages/airflow/example_dags/example_dynamic_task_mapping.py for tasks to queue
[2024-11-04T11:19:57.799+0100] {logging_mixin.py:190} INFO - [2024-11-04T11:19:57.799+0100] {dagbag.py:588} INFO - Filling up the DagBag from /Users/nick/airflow/airflow_venv/lib/python3.11/site-packages/airflow/example_dags/example_dynamic_task_mapping.py
[2024-11-04T11:19:57.823+0100] {processor.py:925} INFO - DAG(s) 'example_dynamic_task_mapping' retrieved from /Users/nick/airflow/airflow_venv/lib/python3.11/site-packages/airflow/example_dags/example_dynamic_task_mapping.py
[2024-11-04T11:19:57.860+0100] {logging_mixin.py:190} INFO - [2024-11-04T11:19:57.860+0100] {dag.py:3239} INFO - Sync 1 DAGs
[2024-11-04T11:19:57.891+0100] {logging_mixin.py:190} INFO - [2024-11-04T11:19:57.891+0100] {dag.py:4180} INFO - Setting next_dagrun for example_dynamic_task_mapping to None, run_after=None
[2024-11-04T11:19:57.898+0100] {processor.py:208} INFO - Processing /Users/nick/airflow/airflow_venv/lib/python3.11/site-packages/airflow/example_dags/example_dynamic_task_mapping.py took 0.102 seconds
[2024-11-04T11:22:29.432+0100] {processor.py:186} INFO - Started process (PID=30298) to work on /Users/nick/airflow/airflow_venv/lib/python3.11/site-packages/airflow/example_dags/example_dynamic_task_mapping.py
[2024-11-04T11:22:29.432+0100] {processor.py:914} INFO - Processing file /Users/nick/airflow/airflow_venv/lib/python3.11/site-packages/airflow/example_dags/example_dynamic_task_mapping.py for tasks to queue
[2024-11-04T11:22:29.432+0100] {logging_mixin.py:190} INFO - [2024-11-04T11:22:29.432+0100] {dagbag.py:588} INFO - Filling up the DagBag from /Users/nick/airflow/airflow_venv/lib/python3.11/site-packages/airflow/example_dags/example_dynamic_task_mapping.py
[2024-11-04T11:22:29.445+0100] {processor.py:925} INFO - DAG(s) 'example_dynamic_task_mapping' retrieved from /Users/nick/airflow/airflow_venv/lib/python3.11/site-packages/airflow/example_dags/example_dynamic_task_mapping.py
[2024-11-04T11:22:29.480+0100] {logging_mixin.py:190} INFO - [2024-11-04T11:22:29.479+0100] {dag.py:3239} INFO - Sync 1 DAGs
[2024-11-04T11:22:29.510+0100] {logging_mixin.py:190} INFO - [2024-11-04T11:22:29.510+0100] {dag.py:4180} INFO - Setting next_dagrun for example_dynamic_task_mapping to None, run_after=None
[2024-11-04T11:22:29.517+0100] {processor.py:208} INFO - Processing /Users/nick/airflow/airflow_venv/lib/python3.11/site-packages/airflow/example_dags/example_dynamic_task_mapping.py took 0.087 seconds
