[2024-11-04T11:05:34.965+0100] {processor.py:186} INFO - Started process (PID=17695) to work on /Users/nick/Desktop/Code/MSTeams_pipeline/airflow/lib/python3.11/site-packages/airflow/example_dags/example_branch_operator_decorator.py
[2024-11-04T11:05:34.966+0100] {processor.py:914} INFO - Processing file /Users/nick/Desktop/Code/MSTeams_pipeline/airflow/lib/python3.11/site-packages/airflow/example_dags/example_branch_operator_decorator.py for tasks to queue
[2024-11-04T11:05:34.966+0100] {logging_mixin.py:190} INFO - [2024-11-04T11:05:34.966+0100] {dagbag.py:588} INFO - Filling up the DagBag from /Users/nick/Desktop/Code/MSTeams_pipeline/airflow/lib/python3.11/site-packages/airflow/example_dags/example_branch_operator_decorator.py
[2024-11-04T11:05:34.987+0100] {processor.py:925} INFO - DAG(s) 'example_branch_python_operator_decorator' retrieved from /Users/nick/Desktop/Code/MSTeams_pipeline/airflow/lib/python3.11/site-packages/airflow/example_dags/example_branch_operator_decorator.py
[2024-11-04T11:05:35.091+0100] {logging_mixin.py:190} INFO - [2024-11-04T11:05:35.091+0100] {dag.py:3239} INFO - Sync 1 DAGs
[2024-11-04T11:05:35.097+0100] {logging_mixin.py:190} INFO - [2024-11-04T11:05:35.097+0100] {dag.py:4180} INFO - Setting next_dagrun for example_branch_python_operator_decorator to 2024-11-03 00:00:00+00:00, run_after=2024-11-04 00:00:00+00:00
[2024-11-04T11:05:35.104+0100] {processor.py:208} INFO - Processing /Users/nick/Desktop/Code/MSTeams_pipeline/airflow/lib/python3.11/site-packages/airflow/example_dags/example_branch_operator_decorator.py took 0.141 seconds
[2024-11-04T11:08:03.135+0100] {processor.py:186} INFO - Started process (PID=19427) to work on /Users/nick/Desktop/Code/MSTeams_pipeline/airflow/lib/python3.11/site-packages/airflow/example_dags/example_branch_operator_decorator.py
[2024-11-04T11:08:03.135+0100] {processor.py:914} INFO - Processing file /Users/nick/Desktop/Code/MSTeams_pipeline/airflow/lib/python3.11/site-packages/airflow/example_dags/example_branch_operator_decorator.py for tasks to queue
[2024-11-04T11:08:03.136+0100] {logging_mixin.py:190} INFO - [2024-11-04T11:08:03.136+0100] {dagbag.py:588} INFO - Filling up the DagBag from /Users/nick/Desktop/Code/MSTeams_pipeline/airflow/lib/python3.11/site-packages/airflow/example_dags/example_branch_operator_decorator.py
[2024-11-04T11:08:03.155+0100] {processor.py:925} INFO - DAG(s) 'example_branch_python_operator_decorator' retrieved from /Users/nick/Desktop/Code/MSTeams_pipeline/airflow/lib/python3.11/site-packages/airflow/example_dags/example_branch_operator_decorator.py
[2024-11-04T11:08:03.250+0100] {logging_mixin.py:190} INFO - [2024-11-04T11:08:03.250+0100] {dag.py:3239} INFO - Sync 1 DAGs
[2024-11-04T11:08:03.257+0100] {logging_mixin.py:190} INFO - [2024-11-04T11:08:03.257+0100] {dag.py:4180} INFO - Setting next_dagrun for example_branch_python_operator_decorator to 2024-11-03 00:00:00+00:00, run_after=2024-11-04 00:00:00+00:00
[2024-11-04T11:08:03.264+0100] {processor.py:208} INFO - Processing /Users/nick/Desktop/Code/MSTeams_pipeline/airflow/lib/python3.11/site-packages/airflow/example_dags/example_branch_operator_decorator.py took 0.131 seconds
[2024-11-04T11:11:48.193+0100] {processor.py:186} INFO - Started process (PID=22045) to work on /Users/nick/Desktop/Code/MSTeams_pipeline/airflow/lib/python3.11/site-packages/airflow/example_dags/example_branch_operator_decorator.py
[2024-11-04T11:11:48.193+0100] {processor.py:914} INFO - Processing file /Users/nick/Desktop/Code/MSTeams_pipeline/airflow/lib/python3.11/site-packages/airflow/example_dags/example_branch_operator_decorator.py for tasks to queue
[2024-11-04T11:11:48.194+0100] {logging_mixin.py:190} INFO - [2024-11-04T11:11:48.194+0100] {dagbag.py:588} INFO - Filling up the DagBag from /Users/nick/Desktop/Code/MSTeams_pipeline/airflow/lib/python3.11/site-packages/airflow/example_dags/example_branch_operator_decorator.py
[2024-11-04T11:11:48.213+0100] {processor.py:925} INFO - DAG(s) 'example_branch_python_operator_decorator' retrieved from /Users/nick/Desktop/Code/MSTeams_pipeline/airflow/lib/python3.11/site-packages/airflow/example_dags/example_branch_operator_decorator.py
[2024-11-04T11:11:48.310+0100] {logging_mixin.py:190} INFO - [2024-11-04T11:11:48.309+0100] {dag.py:3239} INFO - Sync 1 DAGs
[2024-11-04T11:11:48.317+0100] {logging_mixin.py:190} INFO - [2024-11-04T11:11:48.317+0100] {dag.py:4180} INFO - Setting next_dagrun for example_branch_python_operator_decorator to 2024-11-03 00:00:00+00:00, run_after=2024-11-04 00:00:00+00:00
[2024-11-04T11:11:48.324+0100] {processor.py:208} INFO - Processing /Users/nick/Desktop/Code/MSTeams_pipeline/airflow/lib/python3.11/site-packages/airflow/example_dags/example_branch_operator_decorator.py took 0.133 seconds
[2024-11-04T11:16:02.575+0100] {processor.py:186} INFO - Started process (PID=25492) to work on /Users/nick/airflow/airflow_venv/lib/python3.11/site-packages/airflow/example_dags/example_branch_operator_decorator.py
[2024-11-04T11:16:02.575+0100] {processor.py:914} INFO - Processing file /Users/nick/airflow/airflow_venv/lib/python3.11/site-packages/airflow/example_dags/example_branch_operator_decorator.py for tasks to queue
[2024-11-04T11:16:02.575+0100] {logging_mixin.py:190} INFO - [2024-11-04T11:16:02.575+0100] {dagbag.py:588} INFO - Filling up the DagBag from /Users/nick/airflow/airflow_venv/lib/python3.11/site-packages/airflow/example_dags/example_branch_operator_decorator.py
[2024-11-04T11:16:02.593+0100] {processor.py:925} INFO - DAG(s) 'example_branch_python_operator_decorator' retrieved from /Users/nick/airflow/airflow_venv/lib/python3.11/site-packages/airflow/example_dags/example_branch_operator_decorator.py
[2024-11-04T11:16:02.683+0100] {logging_mixin.py:190} INFO - [2024-11-04T11:16:02.683+0100] {dag.py:3239} INFO - Sync 1 DAGs
[2024-11-04T11:16:02.689+0100] {logging_mixin.py:190} INFO - [2024-11-04T11:16:02.689+0100] {dag.py:4180} INFO - Setting next_dagrun for example_branch_python_operator_decorator to 2024-11-03 00:00:00+00:00, run_after=2024-11-04 00:00:00+00:00
[2024-11-04T11:16:02.697+0100] {processor.py:208} INFO - Processing /Users/nick/airflow/airflow_venv/lib/python3.11/site-packages/airflow/example_dags/example_branch_operator_decorator.py took 0.123 seconds
[2024-11-04T11:18:33.791+0100] {processor.py:186} INFO - Started process (PID=27623) to work on /Users/nick/airflow/airflow_venv/lib/python3.11/site-packages/airflow/example_dags/example_branch_operator_decorator.py
[2024-11-04T11:18:33.791+0100] {processor.py:914} INFO - Processing file /Users/nick/airflow/airflow_venv/lib/python3.11/site-packages/airflow/example_dags/example_branch_operator_decorator.py for tasks to queue
[2024-11-04T11:18:33.792+0100] {logging_mixin.py:190} INFO - [2024-11-04T11:18:33.791+0100] {dagbag.py:588} INFO - Filling up the DagBag from /Users/nick/airflow/airflow_venv/lib/python3.11/site-packages/airflow/example_dags/example_branch_operator_decorator.py
[2024-11-04T11:18:33.812+0100] {processor.py:925} INFO - DAG(s) 'example_branch_python_operator_decorator' retrieved from /Users/nick/airflow/airflow_venv/lib/python3.11/site-packages/airflow/example_dags/example_branch_operator_decorator.py
[2024-11-04T11:18:33.904+0100] {logging_mixin.py:190} INFO - [2024-11-04T11:18:33.904+0100] {dag.py:3239} INFO - Sync 1 DAGs
[2024-11-04T11:18:33.910+0100] {logging_mixin.py:190} INFO - [2024-11-04T11:18:33.910+0100] {dag.py:4180} INFO - Setting next_dagrun for example_branch_python_operator_decorator to 2024-11-03 00:00:00+00:00, run_after=2024-11-04 00:00:00+00:00
[2024-11-04T11:18:33.916+0100] {processor.py:208} INFO - Processing /Users/nick/airflow/airflow_venv/lib/python3.11/site-packages/airflow/example_dags/example_branch_operator_decorator.py took 0.127 seconds
[2024-11-04T11:21:03.109+0100] {processor.py:186} INFO - Started process (PID=29346) to work on /Users/nick/airflow/airflow_venv/lib/python3.11/site-packages/airflow/example_dags/example_branch_operator_decorator.py
[2024-11-04T11:21:03.110+0100] {processor.py:914} INFO - Processing file /Users/nick/airflow/airflow_venv/lib/python3.11/site-packages/airflow/example_dags/example_branch_operator_decorator.py for tasks to queue
[2024-11-04T11:21:03.110+0100] {logging_mixin.py:190} INFO - [2024-11-04T11:21:03.110+0100] {dagbag.py:588} INFO - Filling up the DagBag from /Users/nick/airflow/airflow_venv/lib/python3.11/site-packages/airflow/example_dags/example_branch_operator_decorator.py
[2024-11-04T11:21:03.130+0100] {processor.py:925} INFO - DAG(s) 'example_branch_python_operator_decorator' retrieved from /Users/nick/airflow/airflow_venv/lib/python3.11/site-packages/airflow/example_dags/example_branch_operator_decorator.py
[2024-11-04T11:21:03.227+0100] {logging_mixin.py:190} INFO - [2024-11-04T11:21:03.227+0100] {dag.py:3239} INFO - Sync 1 DAGs
[2024-11-04T11:21:03.234+0100] {logging_mixin.py:190} INFO - [2024-11-04T11:21:03.234+0100] {dag.py:4180} INFO - Setting next_dagrun for example_branch_python_operator_decorator to 2024-11-03 00:00:00+00:00, run_after=2024-11-04 00:00:00+00:00
[2024-11-04T11:21:03.242+0100] {processor.py:208} INFO - Processing /Users/nick/airflow/airflow_venv/lib/python3.11/site-packages/airflow/example_dags/example_branch_operator_decorator.py took 0.134 seconds
[2024-11-04T11:23:33.747+0100] {processor.py:186} INFO - Started process (PID=30981) to work on /Users/nick/airflow/airflow_venv/lib/python3.11/site-packages/airflow/example_dags/example_branch_operator_decorator.py
[2024-11-04T11:23:33.747+0100] {processor.py:914} INFO - Processing file /Users/nick/airflow/airflow_venv/lib/python3.11/site-packages/airflow/example_dags/example_branch_operator_decorator.py for tasks to queue
[2024-11-04T11:23:33.748+0100] {logging_mixin.py:190} INFO - [2024-11-04T11:23:33.748+0100] {dagbag.py:588} INFO - Filling up the DagBag from /Users/nick/airflow/airflow_venv/lib/python3.11/site-packages/airflow/example_dags/example_branch_operator_decorator.py
[2024-11-04T11:23:33.769+0100] {processor.py:925} INFO - DAG(s) 'example_branch_python_operator_decorator' retrieved from /Users/nick/airflow/airflow_venv/lib/python3.11/site-packages/airflow/example_dags/example_branch_operator_decorator.py
[2024-11-04T11:23:33.872+0100] {logging_mixin.py:190} INFO - [2024-11-04T11:23:33.871+0100] {dag.py:3239} INFO - Sync 1 DAGs
[2024-11-04T11:23:33.879+0100] {logging_mixin.py:190} INFO - [2024-11-04T11:23:33.879+0100] {dag.py:4180} INFO - Setting next_dagrun for example_branch_python_operator_decorator to 2024-11-03 00:00:00+00:00, run_after=2024-11-04 00:00:00+00:00
[2024-11-04T11:23:33.886+0100] {processor.py:208} INFO - Processing /Users/nick/airflow/airflow_venv/lib/python3.11/site-packages/airflow/example_dags/example_branch_operator_decorator.py took 0.141 seconds
