[2024-11-04T11:05:42.597+0100] {processor.py:186} INFO - Started process (PID=17717) to work on /Users/nick/Desktop/Code/MSTeams_pipeline/airflow/lib/python3.11/site-packages/airflow/example_dags/example_branch_datetime_operator.py
[2024-11-04T11:05:42.598+0100] {processor.py:914} INFO - Processing file /Users/nick/Desktop/Code/MSTeams_pipeline/airflow/lib/python3.11/site-packages/airflow/example_dags/example_branch_datetime_operator.py for tasks to queue
[2024-11-04T11:05:42.598+0100] {logging_mixin.py:190} INFO - [2024-11-04T11:05:42.598+0100] {dagbag.py:588} INFO - Filling up the DagBag from /Users/nick/Desktop/Code/MSTeams_pipeline/airflow/lib/python3.11/site-packages/airflow/example_dags/example_branch_datetime_operator.py
[2024-11-04T11:05:42.603+0100] {processor.py:925} INFO - DAG(s) 'example_branch_datetime_operator_2', 'example_branch_datetime_operator_3', 'example_branch_datetime_operator' retrieved from /Users/nick/Desktop/Code/MSTeams_pipeline/airflow/lib/python3.11/site-packages/airflow/example_dags/example_branch_datetime_operator.py
[2024-11-04T11:05:42.712+0100] {logging_mixin.py:190} INFO - [2024-11-04T11:05:42.711+0100] {dag.py:3239} INFO - Sync 3 DAGs
[2024-11-04T11:05:42.719+0100] {logging_mixin.py:190} INFO - [2024-11-04T11:05:42.719+0100] {dag.py:4180} INFO - Setting next_dagrun for example_branch_datetime_operator to 2024-11-03 00:00:00+00:00, run_after=2024-11-04 00:00:00+00:00
[2024-11-04T11:05:42.720+0100] {logging_mixin.py:190} INFO - [2024-11-04T11:05:42.720+0100] {dag.py:4180} INFO - Setting next_dagrun for example_branch_datetime_operator_2 to 2024-11-03 00:00:00+00:00, run_after=2024-11-04 00:00:00+00:00
[2024-11-04T11:05:42.721+0100] {logging_mixin.py:190} INFO - [2024-11-04T11:05:42.721+0100] {dag.py:4180} INFO - Setting next_dagrun for example_branch_datetime_operator_3 to 2024-11-03 00:00:00+00:00, run_after=2024-11-04 00:00:00+00:00
[2024-11-04T11:05:42.727+0100] {processor.py:208} INFO - Processing /Users/nick/Desktop/Code/MSTeams_pipeline/airflow/lib/python3.11/site-packages/airflow/example_dags/example_branch_datetime_operator.py took 0.131 seconds
[2024-11-04T11:08:10.118+0100] {processor.py:186} INFO - Started process (PID=19437) to work on /Users/nick/Desktop/Code/MSTeams_pipeline/airflow/lib/python3.11/site-packages/airflow/example_dags/example_branch_datetime_operator.py
[2024-11-04T11:08:10.119+0100] {processor.py:914} INFO - Processing file /Users/nick/Desktop/Code/MSTeams_pipeline/airflow/lib/python3.11/site-packages/airflow/example_dags/example_branch_datetime_operator.py for tasks to queue
[2024-11-04T11:08:10.120+0100] {logging_mixin.py:190} INFO - [2024-11-04T11:08:10.120+0100] {dagbag.py:588} INFO - Filling up the DagBag from /Users/nick/Desktop/Code/MSTeams_pipeline/airflow/lib/python3.11/site-packages/airflow/example_dags/example_branch_datetime_operator.py
[2024-11-04T11:08:10.124+0100] {processor.py:925} INFO - DAG(s) 'example_branch_datetime_operator', 'example_branch_datetime_operator_2', 'example_branch_datetime_operator_3' retrieved from /Users/nick/Desktop/Code/MSTeams_pipeline/airflow/lib/python3.11/site-packages/airflow/example_dags/example_branch_datetime_operator.py
[2024-11-04T11:08:10.164+0100] {logging_mixin.py:190} INFO - [2024-11-04T11:08:10.163+0100] {dag.py:3239} INFO - Sync 3 DAGs
[2024-11-04T11:08:10.171+0100] {logging_mixin.py:190} INFO - [2024-11-04T11:08:10.171+0100] {dag.py:4180} INFO - Setting next_dagrun for example_branch_datetime_operator to 2024-11-03 00:00:00+00:00, run_after=2024-11-04 00:00:00+00:00
[2024-11-04T11:08:10.173+0100] {logging_mixin.py:190} INFO - [2024-11-04T11:08:10.173+0100] {dag.py:4180} INFO - Setting next_dagrun for example_branch_datetime_operator_2 to 2024-11-03 00:00:00+00:00, run_after=2024-11-04 00:00:00+00:00
[2024-11-04T11:08:10.174+0100] {logging_mixin.py:190} INFO - [2024-11-04T11:08:10.174+0100] {dag.py:4180} INFO - Setting next_dagrun for example_branch_datetime_operator_3 to 2024-11-03 00:00:00+00:00, run_after=2024-11-04 00:00:00+00:00
[2024-11-04T11:08:10.180+0100] {processor.py:208} INFO - Processing /Users/nick/Desktop/Code/MSTeams_pipeline/airflow/lib/python3.11/site-packages/airflow/example_dags/example_branch_datetime_operator.py took 0.064 seconds
[2024-11-04T11:11:55.059+0100] {processor.py:186} INFO - Started process (PID=22158) to work on /Users/nick/Desktop/Code/MSTeams_pipeline/airflow/lib/python3.11/site-packages/airflow/example_dags/example_branch_datetime_operator.py
[2024-11-04T11:11:55.060+0100] {processor.py:914} INFO - Processing file /Users/nick/Desktop/Code/MSTeams_pipeline/airflow/lib/python3.11/site-packages/airflow/example_dags/example_branch_datetime_operator.py for tasks to queue
[2024-11-04T11:11:55.060+0100] {logging_mixin.py:190} INFO - [2024-11-04T11:11:55.060+0100] {dagbag.py:588} INFO - Filling up the DagBag from /Users/nick/Desktop/Code/MSTeams_pipeline/airflow/lib/python3.11/site-packages/airflow/example_dags/example_branch_datetime_operator.py
[2024-11-04T11:11:55.064+0100] {processor.py:925} INFO - DAG(s) 'example_branch_datetime_operator_2', 'example_branch_datetime_operator_3', 'example_branch_datetime_operator' retrieved from /Users/nick/Desktop/Code/MSTeams_pipeline/airflow/lib/python3.11/site-packages/airflow/example_dags/example_branch_datetime_operator.py
[2024-11-04T11:11:55.100+0100] {logging_mixin.py:190} INFO - [2024-11-04T11:11:55.100+0100] {dag.py:3239} INFO - Sync 3 DAGs
[2024-11-04T11:11:55.106+0100] {logging_mixin.py:190} INFO - [2024-11-04T11:11:55.106+0100] {dag.py:4180} INFO - Setting next_dagrun for example_branch_datetime_operator to 2024-11-03 00:00:00+00:00, run_after=2024-11-04 00:00:00+00:00
[2024-11-04T11:11:55.108+0100] {logging_mixin.py:190} INFO - [2024-11-04T11:11:55.108+0100] {dag.py:4180} INFO - Setting next_dagrun for example_branch_datetime_operator_2 to 2024-11-03 00:00:00+00:00, run_after=2024-11-04 00:00:00+00:00
[2024-11-04T11:11:55.108+0100] {logging_mixin.py:190} INFO - [2024-11-04T11:11:55.108+0100] {dag.py:4180} INFO - Setting next_dagrun for example_branch_datetime_operator_3 to 2024-11-03 00:00:00+00:00, run_after=2024-11-04 00:00:00+00:00
[2024-11-04T11:11:55.114+0100] {processor.py:208} INFO - Processing /Users/nick/Desktop/Code/MSTeams_pipeline/airflow/lib/python3.11/site-packages/airflow/example_dags/example_branch_datetime_operator.py took 0.056 seconds
[2024-11-04T11:16:10.958+0100] {processor.py:186} INFO - Started process (PID=25657) to work on /Users/nick/airflow/airflow_venv/lib/python3.11/site-packages/airflow/example_dags/example_branch_datetime_operator.py
[2024-11-04T11:16:10.959+0100] {processor.py:914} INFO - Processing file /Users/nick/airflow/airflow_venv/lib/python3.11/site-packages/airflow/example_dags/example_branch_datetime_operator.py for tasks to queue
[2024-11-04T11:16:10.959+0100] {logging_mixin.py:190} INFO - [2024-11-04T11:16:10.959+0100] {dagbag.py:588} INFO - Filling up the DagBag from /Users/nick/airflow/airflow_venv/lib/python3.11/site-packages/airflow/example_dags/example_branch_datetime_operator.py
[2024-11-04T11:16:10.964+0100] {processor.py:925} INFO - DAG(s) 'example_branch_datetime_operator_2', 'example_branch_datetime_operator', 'example_branch_datetime_operator_3' retrieved from /Users/nick/airflow/airflow_venv/lib/python3.11/site-packages/airflow/example_dags/example_branch_datetime_operator.py
[2024-11-04T11:16:11.064+0100] {logging_mixin.py:190} INFO - [2024-11-04T11:16:11.064+0100] {dag.py:3239} INFO - Sync 3 DAGs
[2024-11-04T11:16:11.071+0100] {logging_mixin.py:190} INFO - [2024-11-04T11:16:11.071+0100] {dag.py:4180} INFO - Setting next_dagrun for example_branch_datetime_operator to 2024-11-03 00:00:00+00:00, run_after=2024-11-04 00:00:00+00:00
[2024-11-04T11:16:11.072+0100] {logging_mixin.py:190} INFO - [2024-11-04T11:16:11.072+0100] {dag.py:4180} INFO - Setting next_dagrun for example_branch_datetime_operator_2 to 2024-11-03 00:00:00+00:00, run_after=2024-11-04 00:00:00+00:00
[2024-11-04T11:16:11.073+0100] {logging_mixin.py:190} INFO - [2024-11-04T11:16:11.073+0100] {dag.py:4180} INFO - Setting next_dagrun for example_branch_datetime_operator_3 to 2024-11-03 00:00:00+00:00, run_after=2024-11-04 00:00:00+00:00
[2024-11-04T11:16:11.079+0100] {processor.py:208} INFO - Processing /Users/nick/airflow/airflow_venv/lib/python3.11/site-packages/airflow/example_dags/example_branch_datetime_operator.py took 0.122 seconds
[2024-11-04T11:18:39.624+0100] {processor.py:186} INFO - Started process (PID=27636) to work on /Users/nick/airflow/airflow_venv/lib/python3.11/site-packages/airflow/example_dags/example_branch_datetime_operator.py
[2024-11-04T11:18:39.624+0100] {processor.py:914} INFO - Processing file /Users/nick/airflow/airflow_venv/lib/python3.11/site-packages/airflow/example_dags/example_branch_datetime_operator.py for tasks to queue
[2024-11-04T11:18:39.625+0100] {logging_mixin.py:190} INFO - [2024-11-04T11:18:39.625+0100] {dagbag.py:588} INFO - Filling up the DagBag from /Users/nick/airflow/airflow_venv/lib/python3.11/site-packages/airflow/example_dags/example_branch_datetime_operator.py
[2024-11-04T11:18:39.629+0100] {processor.py:925} INFO - DAG(s) 'example_branch_datetime_operator_2', 'example_branch_datetime_operator_3', 'example_branch_datetime_operator' retrieved from /Users/nick/airflow/airflow_venv/lib/python3.11/site-packages/airflow/example_dags/example_branch_datetime_operator.py
[2024-11-04T11:18:39.665+0100] {logging_mixin.py:190} INFO - [2024-11-04T11:18:39.665+0100] {dag.py:3239} INFO - Sync 3 DAGs
[2024-11-04T11:18:39.671+0100] {logging_mixin.py:190} INFO - [2024-11-04T11:18:39.671+0100] {dag.py:4180} INFO - Setting next_dagrun for example_branch_datetime_operator to 2024-11-03 00:00:00+00:00, run_after=2024-11-04 00:00:00+00:00
[2024-11-04T11:18:39.673+0100] {logging_mixin.py:190} INFO - [2024-11-04T11:18:39.673+0100] {dag.py:4180} INFO - Setting next_dagrun for example_branch_datetime_operator_2 to 2024-11-03 00:00:00+00:00, run_after=2024-11-04 00:00:00+00:00
[2024-11-04T11:18:39.673+0100] {logging_mixin.py:190} INFO - [2024-11-04T11:18:39.673+0100] {dag.py:4180} INFO - Setting next_dagrun for example_branch_datetime_operator_3 to 2024-11-03 00:00:00+00:00, run_after=2024-11-04 00:00:00+00:00
[2024-11-04T11:18:39.690+0100] {processor.py:208} INFO - Processing /Users/nick/airflow/airflow_venv/lib/python3.11/site-packages/airflow/example_dags/example_branch_datetime_operator.py took 0.067 seconds
[2024-11-04T11:21:10.017+0100] {processor.py:186} INFO - Started process (PID=29452) to work on /Users/nick/airflow/airflow_venv/lib/python3.11/site-packages/airflow/example_dags/example_branch_datetime_operator.py
[2024-11-04T11:21:10.017+0100] {processor.py:914} INFO - Processing file /Users/nick/airflow/airflow_venv/lib/python3.11/site-packages/airflow/example_dags/example_branch_datetime_operator.py for tasks to queue
[2024-11-04T11:21:10.017+0100] {logging_mixin.py:190} INFO - [2024-11-04T11:21:10.017+0100] {dagbag.py:588} INFO - Filling up the DagBag from /Users/nick/airflow/airflow_venv/lib/python3.11/site-packages/airflow/example_dags/example_branch_datetime_operator.py
[2024-11-04T11:21:10.022+0100] {processor.py:925} INFO - DAG(s) 'example_branch_datetime_operator_3', 'example_branch_datetime_operator', 'example_branch_datetime_operator_2' retrieved from /Users/nick/airflow/airflow_venv/lib/python3.11/site-packages/airflow/example_dags/example_branch_datetime_operator.py
[2024-11-04T11:21:10.062+0100] {logging_mixin.py:190} INFO - [2024-11-04T11:21:10.062+0100] {dag.py:3239} INFO - Sync 3 DAGs
[2024-11-04T11:21:10.069+0100] {logging_mixin.py:190} INFO - [2024-11-04T11:21:10.069+0100] {dag.py:4180} INFO - Setting next_dagrun for example_branch_datetime_operator to 2024-11-03 00:00:00+00:00, run_after=2024-11-04 00:00:00+00:00
[2024-11-04T11:21:10.071+0100] {logging_mixin.py:190} INFO - [2024-11-04T11:21:10.071+0100] {dag.py:4180} INFO - Setting next_dagrun for example_branch_datetime_operator_2 to 2024-11-03 00:00:00+00:00, run_after=2024-11-04 00:00:00+00:00
[2024-11-04T11:21:10.071+0100] {logging_mixin.py:190} INFO - [2024-11-04T11:21:10.071+0100] {dag.py:4180} INFO - Setting next_dagrun for example_branch_datetime_operator_3 to 2024-11-03 00:00:00+00:00, run_after=2024-11-04 00:00:00+00:00
[2024-11-04T11:21:10.078+0100] {processor.py:208} INFO - Processing /Users/nick/airflow/airflow_venv/lib/python3.11/site-packages/airflow/example_dags/example_branch_datetime_operator.py took 0.064 seconds
[2024-11-04T11:23:40.544+0100] {processor.py:186} INFO - Started process (PID=31129) to work on /Users/nick/airflow/airflow_venv/lib/python3.11/site-packages/airflow/example_dags/example_branch_datetime_operator.py
[2024-11-04T11:23:40.545+0100] {processor.py:914} INFO - Processing file /Users/nick/airflow/airflow_venv/lib/python3.11/site-packages/airflow/example_dags/example_branch_datetime_operator.py for tasks to queue
[2024-11-04T11:23:40.545+0100] {logging_mixin.py:190} INFO - [2024-11-04T11:23:40.545+0100] {dagbag.py:588} INFO - Filling up the DagBag from /Users/nick/airflow/airflow_venv/lib/python3.11/site-packages/airflow/example_dags/example_branch_datetime_operator.py
[2024-11-04T11:23:40.549+0100] {processor.py:925} INFO - DAG(s) 'example_branch_datetime_operator_3', 'example_branch_datetime_operator', 'example_branch_datetime_operator_2' retrieved from /Users/nick/airflow/airflow_venv/lib/python3.11/site-packages/airflow/example_dags/example_branch_datetime_operator.py
[2024-11-04T11:23:40.588+0100] {logging_mixin.py:190} INFO - [2024-11-04T11:23:40.588+0100] {dag.py:3239} INFO - Sync 3 DAGs
[2024-11-04T11:23:40.595+0100] {logging_mixin.py:190} INFO - [2024-11-04T11:23:40.595+0100] {dag.py:4180} INFO - Setting next_dagrun for example_branch_datetime_operator to 2024-11-03 00:00:00+00:00, run_after=2024-11-04 00:00:00+00:00
[2024-11-04T11:23:40.596+0100] {logging_mixin.py:190} INFO - [2024-11-04T11:23:40.596+0100] {dag.py:4180} INFO - Setting next_dagrun for example_branch_datetime_operator_2 to 2024-11-03 00:00:00+00:00, run_after=2024-11-04 00:00:00+00:00
[2024-11-04T11:23:40.597+0100] {logging_mixin.py:190} INFO - [2024-11-04T11:23:40.597+0100] {dag.py:4180} INFO - Setting next_dagrun for example_branch_datetime_operator_3 to 2024-11-03 00:00:00+00:00, run_after=2024-11-04 00:00:00+00:00
[2024-11-04T11:23:40.604+0100] {processor.py:208} INFO - Processing /Users/nick/airflow/airflow_venv/lib/python3.11/site-packages/airflow/example_dags/example_branch_datetime_operator.py took 0.061 seconds
