[2024-11-04T11:05:04.921+0100] {processor.py:186} INFO - Started process (PID=17296) to work on /Users/nick/Desktop/Code/MSTeams_pipeline/airflow/lib/python3.11/site-packages/airflow/example_dags/example_outlet_event_extra.py
[2024-11-04T11:05:04.922+0100] {processor.py:914} INFO - Processing file /Users/nick/Desktop/Code/MSTeams_pipeline/airflow/lib/python3.11/site-packages/airflow/example_dags/example_outlet_event_extra.py for tasks to queue
[2024-11-04T11:05:04.922+0100] {logging_mixin.py:190} INFO - [2024-11-04T11:05:04.922+0100] {dagbag.py:588} INFO - Filling up the DagBag from /Users/nick/Desktop/Code/MSTeams_pipeline/airflow/lib/python3.11/site-packages/airflow/example_dags/example_outlet_event_extra.py
[2024-11-04T11:05:04.948+0100] {processor.py:925} INFO - DAG(s) 'dataset_with_extra_by_context', 'dataset_with_extra_from_classic_operator', 'dataset_with_extra_by_yield' retrieved from /Users/nick/Desktop/Code/MSTeams_pipeline/airflow/lib/python3.11/site-packages/airflow/example_dags/example_outlet_event_extra.py
[2024-11-04T11:05:05.040+0100] {logging_mixin.py:190} INFO - [2024-11-04T11:05:05.040+0100] {dag.py:3239} INFO - Sync 3 DAGs
[2024-11-04T11:05:05.046+0100] {logging_mixin.py:190} INFO - [2024-11-04T11:05:05.046+0100] {dag.py:4180} INFO - Setting next_dagrun for dataset_with_extra_by_context to 2024-11-03 00:00:00+00:00, run_after=2024-11-04 00:00:00+00:00
[2024-11-04T11:05:05.048+0100] {logging_mixin.py:190} INFO - [2024-11-04T11:05:05.047+0100] {dag.py:4180} INFO - Setting next_dagrun for dataset_with_extra_by_yield to 2024-11-03 00:00:00+00:00, run_after=2024-11-04 00:00:00+00:00
[2024-11-04T11:05:05.048+0100] {logging_mixin.py:190} INFO - [2024-11-04T11:05:05.048+0100] {dag.py:4180} INFO - Setting next_dagrun for dataset_with_extra_from_classic_operator to 2024-11-03 00:00:00+00:00, run_after=2024-11-04 00:00:00+00:00
[2024-11-04T11:05:05.055+0100] {processor.py:208} INFO - Processing /Users/nick/Desktop/Code/MSTeams_pipeline/airflow/lib/python3.11/site-packages/airflow/example_dags/example_outlet_event_extra.py took 0.135 seconds
[2024-11-04T11:06:49.637+0100] {processor.py:186} INFO - Started process (PID=18576) to work on /Users/nick/Desktop/Code/MSTeams_pipeline/airflow/lib/python3.11/site-packages/airflow/example_dags/example_outlet_event_extra.py
[2024-11-04T11:06:49.638+0100] {processor.py:914} INFO - Processing file /Users/nick/Desktop/Code/MSTeams_pipeline/airflow/lib/python3.11/site-packages/airflow/example_dags/example_outlet_event_extra.py for tasks to queue
[2024-11-04T11:06:49.638+0100] {logging_mixin.py:190} INFO - [2024-11-04T11:06:49.638+0100] {dagbag.py:588} INFO - Filling up the DagBag from /Users/nick/Desktop/Code/MSTeams_pipeline/airflow/lib/python3.11/site-packages/airflow/example_dags/example_outlet_event_extra.py
[2024-11-04T11:06:49.673+0100] {processor.py:925} INFO - DAG(s) 'dataset_with_extra_by_yield', 'dataset_with_extra_by_context', 'dataset_with_extra_from_classic_operator' retrieved from /Users/nick/Desktop/Code/MSTeams_pipeline/airflow/lib/python3.11/site-packages/airflow/example_dags/example_outlet_event_extra.py
[2024-11-04T11:06:49.713+0100] {logging_mixin.py:190} INFO - [2024-11-04T11:06:49.712+0100] {dag.py:3239} INFO - Sync 3 DAGs
[2024-11-04T11:06:49.747+0100] {logging_mixin.py:190} INFO - [2024-11-04T11:06:49.747+0100] {dag.py:4180} INFO - Setting next_dagrun for dataset_with_extra_by_context to 2024-11-03 00:00:00+00:00, run_after=2024-11-04 00:00:00+00:00
[2024-11-04T11:06:49.749+0100] {logging_mixin.py:190} INFO - [2024-11-04T11:06:49.748+0100] {dag.py:4180} INFO - Setting next_dagrun for dataset_with_extra_by_yield to 2024-11-03 00:00:00+00:00, run_after=2024-11-04 00:00:00+00:00
[2024-11-04T11:06:49.749+0100] {logging_mixin.py:190} INFO - [2024-11-04T11:06:49.749+0100] {dag.py:4180} INFO - Setting next_dagrun for dataset_with_extra_from_classic_operator to 2024-11-03 00:00:00+00:00, run_after=2024-11-04 00:00:00+00:00
[2024-11-04T11:06:49.758+0100] {processor.py:208} INFO - Processing /Users/nick/Desktop/Code/MSTeams_pipeline/airflow/lib/python3.11/site-packages/airflow/example_dags/example_outlet_event_extra.py took 0.122 seconds
[2024-11-04T11:09:16.290+0100] {processor.py:186} INFO - Started process (PID=20257) to work on /Users/nick/Desktop/Code/MSTeams_pipeline/airflow/lib/python3.11/site-packages/airflow/example_dags/example_outlet_event_extra.py
[2024-11-04T11:09:16.292+0100] {processor.py:914} INFO - Processing file /Users/nick/Desktop/Code/MSTeams_pipeline/airflow/lib/python3.11/site-packages/airflow/example_dags/example_outlet_event_extra.py for tasks to queue
[2024-11-04T11:09:16.292+0100] {logging_mixin.py:190} INFO - [2024-11-04T11:09:16.292+0100] {dagbag.py:588} INFO - Filling up the DagBag from /Users/nick/Desktop/Code/MSTeams_pipeline/airflow/lib/python3.11/site-packages/airflow/example_dags/example_outlet_event_extra.py
[2024-11-04T11:09:16.322+0100] {processor.py:925} INFO - DAG(s) 'dataset_with_extra_by_context', 'dataset_with_extra_from_classic_operator', 'dataset_with_extra_by_yield' retrieved from /Users/nick/Desktop/Code/MSTeams_pipeline/airflow/lib/python3.11/site-packages/airflow/example_dags/example_outlet_event_extra.py
[2024-11-04T11:09:16.361+0100] {logging_mixin.py:190} INFO - [2024-11-04T11:09:16.361+0100] {dag.py:3239} INFO - Sync 3 DAGs
[2024-11-04T11:09:16.398+0100] {logging_mixin.py:190} INFO - [2024-11-04T11:09:16.395+0100] {dag.py:4180} INFO - Setting next_dagrun for dataset_with_extra_by_context to 2024-11-03 00:00:00+00:00, run_after=2024-11-04 00:00:00+00:00
[2024-11-04T11:09:16.399+0100] {logging_mixin.py:190} INFO - [2024-11-04T11:09:16.399+0100] {dag.py:4180} INFO - Setting next_dagrun for dataset_with_extra_by_yield to 2024-11-03 00:00:00+00:00, run_after=2024-11-04 00:00:00+00:00
[2024-11-04T11:09:16.400+0100] {logging_mixin.py:190} INFO - [2024-11-04T11:09:16.400+0100] {dag.py:4180} INFO - Setting next_dagrun for dataset_with_extra_from_classic_operator to 2024-11-03 00:00:00+00:00, run_after=2024-11-04 00:00:00+00:00
[2024-11-04T11:09:16.408+0100] {processor.py:208} INFO - Processing /Users/nick/Desktop/Code/MSTeams_pipeline/airflow/lib/python3.11/site-packages/airflow/example_dags/example_outlet_event_extra.py took 0.120 seconds
[2024-11-04T11:11:19.426+0100] {processor.py:186} INFO - Started process (PID=21767) to work on /Users/nick/Desktop/Code/MSTeams_pipeline/airflow/lib/python3.11/site-packages/airflow/example_dags/example_outlet_event_extra.py
[2024-11-04T11:11:19.428+0100] {processor.py:914} INFO - Processing file /Users/nick/Desktop/Code/MSTeams_pipeline/airflow/lib/python3.11/site-packages/airflow/example_dags/example_outlet_event_extra.py for tasks to queue
[2024-11-04T11:11:19.429+0100] {logging_mixin.py:190} INFO - [2024-11-04T11:11:19.428+0100] {dagbag.py:588} INFO - Filling up the DagBag from /Users/nick/Desktop/Code/MSTeams_pipeline/airflow/lib/python3.11/site-packages/airflow/example_dags/example_outlet_event_extra.py
[2024-11-04T11:11:19.458+0100] {processor.py:925} INFO - DAG(s) 'dataset_with_extra_from_classic_operator', 'dataset_with_extra_by_context', 'dataset_with_extra_by_yield' retrieved from /Users/nick/Desktop/Code/MSTeams_pipeline/airflow/lib/python3.11/site-packages/airflow/example_dags/example_outlet_event_extra.py
[2024-11-04T11:11:19.495+0100] {logging_mixin.py:190} INFO - [2024-11-04T11:11:19.495+0100] {dag.py:3239} INFO - Sync 3 DAGs
[2024-11-04T11:11:19.530+0100] {logging_mixin.py:190} INFO - [2024-11-04T11:11:19.530+0100] {dag.py:4180} INFO - Setting next_dagrun for dataset_with_extra_by_context to 2024-11-03 00:00:00+00:00, run_after=2024-11-04 00:00:00+00:00
[2024-11-04T11:11:19.532+0100] {logging_mixin.py:190} INFO - [2024-11-04T11:11:19.532+0100] {dag.py:4180} INFO - Setting next_dagrun for dataset_with_extra_by_yield to 2024-11-03 00:00:00+00:00, run_after=2024-11-04 00:00:00+00:00
[2024-11-04T11:11:19.533+0100] {logging_mixin.py:190} INFO - [2024-11-04T11:11:19.533+0100] {dag.py:4180} INFO - Setting next_dagrun for dataset_with_extra_from_classic_operator to 2024-11-03 00:00:00+00:00, run_after=2024-11-04 00:00:00+00:00
[2024-11-04T11:11:19.541+0100] {processor.py:208} INFO - Processing /Users/nick/Desktop/Code/MSTeams_pipeline/airflow/lib/python3.11/site-packages/airflow/example_dags/example_outlet_event_extra.py took 0.116 seconds
[2024-11-04T11:15:33.400+0100] {processor.py:186} INFO - Started process (PID=25097) to work on /Users/nick/airflow/airflow_venv/lib/python3.11/site-packages/airflow/example_dags/example_outlet_event_extra.py
[2024-11-04T11:15:33.401+0100] {processor.py:914} INFO - Processing file /Users/nick/airflow/airflow_venv/lib/python3.11/site-packages/airflow/example_dags/example_outlet_event_extra.py for tasks to queue
[2024-11-04T11:15:33.401+0100] {logging_mixin.py:190} INFO - [2024-11-04T11:15:33.401+0100] {dagbag.py:588} INFO - Filling up the DagBag from /Users/nick/airflow/airflow_venv/lib/python3.11/site-packages/airflow/example_dags/example_outlet_event_extra.py
[2024-11-04T11:15:33.429+0100] {processor.py:925} INFO - DAG(s) 'dataset_with_extra_by_context', 'dataset_with_extra_from_classic_operator', 'dataset_with_extra_by_yield' retrieved from /Users/nick/airflow/airflow_venv/lib/python3.11/site-packages/airflow/example_dags/example_outlet_event_extra.py
[2024-11-04T11:15:33.521+0100] {logging_mixin.py:190} INFO - [2024-11-04T11:15:33.521+0100] {dag.py:3239} INFO - Sync 3 DAGs
[2024-11-04T11:15:33.528+0100] {logging_mixin.py:190} INFO - [2024-11-04T11:15:33.527+0100] {dag.py:4180} INFO - Setting next_dagrun for dataset_with_extra_by_context to 2024-11-03 00:00:00+00:00, run_after=2024-11-04 00:00:00+00:00
[2024-11-04T11:15:33.529+0100] {logging_mixin.py:190} INFO - [2024-11-04T11:15:33.529+0100] {dag.py:4180} INFO - Setting next_dagrun for dataset_with_extra_by_yield to 2024-11-03 00:00:00+00:00, run_after=2024-11-04 00:00:00+00:00
[2024-11-04T11:15:33.529+0100] {logging_mixin.py:190} INFO - [2024-11-04T11:15:33.529+0100] {dag.py:4180} INFO - Setting next_dagrun for dataset_with_extra_from_classic_operator to 2024-11-03 00:00:00+00:00, run_after=2024-11-04 00:00:00+00:00
[2024-11-04T11:15:33.537+0100] {processor.py:208} INFO - Processing /Users/nick/airflow/airflow_venv/lib/python3.11/site-packages/airflow/example_dags/example_outlet_event_extra.py took 0.138 seconds
[2024-11-04T11:17:17.453+0100] {processor.py:186} INFO - Started process (PID=26680) to work on /Users/nick/airflow/airflow_venv/lib/python3.11/site-packages/airflow/example_dags/example_outlet_event_extra.py
[2024-11-04T11:17:17.453+0100] {processor.py:914} INFO - Processing file /Users/nick/airflow/airflow_venv/lib/python3.11/site-packages/airflow/example_dags/example_outlet_event_extra.py for tasks to queue
[2024-11-04T11:17:17.453+0100] {logging_mixin.py:190} INFO - [2024-11-04T11:17:17.453+0100] {dagbag.py:588} INFO - Filling up the DagBag from /Users/nick/airflow/airflow_venv/lib/python3.11/site-packages/airflow/example_dags/example_outlet_event_extra.py
[2024-11-04T11:17:17.480+0100] {processor.py:925} INFO - DAG(s) 'dataset_with_extra_by_context', 'dataset_with_extra_from_classic_operator', 'dataset_with_extra_by_yield' retrieved from /Users/nick/airflow/airflow_venv/lib/python3.11/site-packages/airflow/example_dags/example_outlet_event_extra.py
[2024-11-04T11:17:17.514+0100] {logging_mixin.py:190} INFO - [2024-11-04T11:17:17.514+0100] {dag.py:3239} INFO - Sync 3 DAGs
[2024-11-04T11:17:17.546+0100] {logging_mixin.py:190} INFO - [2024-11-04T11:17:17.546+0100] {dag.py:4180} INFO - Setting next_dagrun for dataset_with_extra_by_context to 2024-11-03 00:00:00+00:00, run_after=2024-11-04 00:00:00+00:00
[2024-11-04T11:17:17.548+0100] {logging_mixin.py:190} INFO - [2024-11-04T11:17:17.548+0100] {dag.py:4180} INFO - Setting next_dagrun for dataset_with_extra_by_yield to 2024-11-03 00:00:00+00:00, run_after=2024-11-04 00:00:00+00:00
[2024-11-04T11:17:17.549+0100] {logging_mixin.py:190} INFO - [2024-11-04T11:17:17.548+0100] {dag.py:4180} INFO - Setting next_dagrun for dataset_with_extra_from_classic_operator to 2024-11-03 00:00:00+00:00, run_after=2024-11-04 00:00:00+00:00
[2024-11-04T11:17:17.555+0100] {processor.py:208} INFO - Processing /Users/nick/airflow/airflow_venv/lib/python3.11/site-packages/airflow/example_dags/example_outlet_event_extra.py took 0.104 seconds
[2024-11-04T11:19:40.822+0100] {processor.py:186} INFO - Started process (PID=28388) to work on /Users/nick/airflow/airflow_venv/lib/python3.11/site-packages/airflow/example_dags/example_outlet_event_extra.py
[2024-11-04T11:19:40.823+0100] {processor.py:914} INFO - Processing file /Users/nick/airflow/airflow_venv/lib/python3.11/site-packages/airflow/example_dags/example_outlet_event_extra.py for tasks to queue
[2024-11-04T11:19:40.823+0100] {logging_mixin.py:190} INFO - [2024-11-04T11:19:40.823+0100] {dagbag.py:588} INFO - Filling up the DagBag from /Users/nick/airflow/airflow_venv/lib/python3.11/site-packages/airflow/example_dags/example_outlet_event_extra.py
[2024-11-04T11:19:40.850+0100] {processor.py:925} INFO - DAG(s) 'dataset_with_extra_from_classic_operator', 'dataset_with_extra_by_yield', 'dataset_with_extra_by_context' retrieved from /Users/nick/airflow/airflow_venv/lib/python3.11/site-packages/airflow/example_dags/example_outlet_event_extra.py
[2024-11-04T11:19:40.888+0100] {logging_mixin.py:190} INFO - [2024-11-04T11:19:40.888+0100] {dag.py:3239} INFO - Sync 3 DAGs
[2024-11-04T11:19:40.922+0100] {logging_mixin.py:190} INFO - [2024-11-04T11:19:40.921+0100] {dag.py:4180} INFO - Setting next_dagrun for dataset_with_extra_by_context to 2024-11-03 00:00:00+00:00, run_after=2024-11-04 00:00:00+00:00
[2024-11-04T11:19:40.923+0100] {logging_mixin.py:190} INFO - [2024-11-04T11:19:40.923+0100] {dag.py:4180} INFO - Setting next_dagrun for dataset_with_extra_by_yield to 2024-11-03 00:00:00+00:00, run_after=2024-11-04 00:00:00+00:00
[2024-11-04T11:19:40.924+0100] {logging_mixin.py:190} INFO - [2024-11-04T11:19:40.924+0100] {dag.py:4180} INFO - Setting next_dagrun for dataset_with_extra_from_classic_operator to 2024-11-03 00:00:00+00:00, run_after=2024-11-04 00:00:00+00:00
[2024-11-04T11:19:40.932+0100] {processor.py:208} INFO - Processing /Users/nick/airflow/airflow_venv/lib/python3.11/site-packages/airflow/example_dags/example_outlet_event_extra.py took 0.111 seconds
[2024-11-04T11:22:13.648+0100] {processor.py:186} INFO - Started process (PID=30160) to work on /Users/nick/airflow/airflow_venv/lib/python3.11/site-packages/airflow/example_dags/example_outlet_event_extra.py
[2024-11-04T11:22:13.649+0100] {processor.py:914} INFO - Processing file /Users/nick/airflow/airflow_venv/lib/python3.11/site-packages/airflow/example_dags/example_outlet_event_extra.py for tasks to queue
[2024-11-04T11:22:13.649+0100] {logging_mixin.py:190} INFO - [2024-11-04T11:22:13.649+0100] {dagbag.py:588} INFO - Filling up the DagBag from /Users/nick/airflow/airflow_venv/lib/python3.11/site-packages/airflow/example_dags/example_outlet_event_extra.py
[2024-11-04T11:22:13.679+0100] {processor.py:925} INFO - DAG(s) 'dataset_with_extra_from_classic_operator', 'dataset_with_extra_by_context', 'dataset_with_extra_by_yield' retrieved from /Users/nick/airflow/airflow_venv/lib/python3.11/site-packages/airflow/example_dags/example_outlet_event_extra.py
[2024-11-04T11:22:13.715+0100] {logging_mixin.py:190} INFO - [2024-11-04T11:22:13.715+0100] {dag.py:3239} INFO - Sync 3 DAGs
[2024-11-04T11:22:13.750+0100] {logging_mixin.py:190} INFO - [2024-11-04T11:22:13.750+0100] {dag.py:4180} INFO - Setting next_dagrun for dataset_with_extra_by_context to 2024-11-03 00:00:00+00:00, run_after=2024-11-04 00:00:00+00:00
[2024-11-04T11:22:13.751+0100] {logging_mixin.py:190} INFO - [2024-11-04T11:22:13.751+0100] {dag.py:4180} INFO - Setting next_dagrun for dataset_with_extra_by_yield to 2024-11-03 00:00:00+00:00, run_after=2024-11-04 00:00:00+00:00
[2024-11-04T11:22:13.752+0100] {logging_mixin.py:190} INFO - [2024-11-04T11:22:13.752+0100] {dag.py:4180} INFO - Setting next_dagrun for dataset_with_extra_from_classic_operator to 2024-11-03 00:00:00+00:00, run_after=2024-11-04 00:00:00+00:00
[2024-11-04T11:22:13.759+0100] {processor.py:208} INFO - Processing /Users/nick/airflow/airflow_venv/lib/python3.11/site-packages/airflow/example_dags/example_outlet_event_extra.py took 0.113 seconds
