[2024-11-04T11:05:40.609+0100] {processor.py:186} INFO - Started process (PID=17716) to work on /Users/nick/Desktop/Code/MSTeams_pipeline/airflow/lib/python3.11/site-packages/airflow/example_dags/example_branch_day_of_week_operator.py
[2024-11-04T11:05:40.609+0100] {processor.py:914} INFO - Processing file /Users/nick/Desktop/Code/MSTeams_pipeline/airflow/lib/python3.11/site-packages/airflow/example_dags/example_branch_day_of_week_operator.py for tasks to queue
[2024-11-04T11:05:40.610+0100] {logging_mixin.py:190} INFO - [2024-11-04T11:05:40.610+0100] {dagbag.py:588} INFO - Filling up the DagBag from /Users/nick/Desktop/Code/MSTeams_pipeline/airflow/lib/python3.11/site-packages/airflow/example_dags/example_branch_day_of_week_operator.py
[2024-11-04T11:05:40.613+0100] {processor.py:925} INFO - DAG(s) 'example_weekday_branch_operator' retrieved from /Users/nick/Desktop/Code/MSTeams_pipeline/airflow/lib/python3.11/site-packages/airflow/example_dags/example_branch_day_of_week_operator.py
[2024-11-04T11:05:40.708+0100] {logging_mixin.py:190} INFO - [2024-11-04T11:05:40.707+0100] {dag.py:3239} INFO - Sync 1 DAGs
[2024-11-04T11:05:40.715+0100] {logging_mixin.py:190} INFO - [2024-11-04T11:05:40.715+0100] {dag.py:4180} INFO - Setting next_dagrun for example_weekday_branch_operator to 2024-11-03 00:00:00+00:00, run_after=2024-11-04 00:00:00+00:00
[2024-11-04T11:05:40.722+0100] {processor.py:208} INFO - Processing /Users/nick/Desktop/Code/MSTeams_pipeline/airflow/lib/python3.11/site-packages/airflow/example_dags/example_branch_day_of_week_operator.py took 0.114 seconds
[2024-11-04T11:08:08.304+0100] {processor.py:186} INFO - Started process (PID=19436) to work on /Users/nick/Desktop/Code/MSTeams_pipeline/airflow/lib/python3.11/site-packages/airflow/example_dags/example_branch_day_of_week_operator.py
[2024-11-04T11:08:08.305+0100] {processor.py:914} INFO - Processing file /Users/nick/Desktop/Code/MSTeams_pipeline/airflow/lib/python3.11/site-packages/airflow/example_dags/example_branch_day_of_week_operator.py for tasks to queue
[2024-11-04T11:08:08.305+0100] {logging_mixin.py:190} INFO - [2024-11-04T11:08:08.305+0100] {dagbag.py:588} INFO - Filling up the DagBag from /Users/nick/Desktop/Code/MSTeams_pipeline/airflow/lib/python3.11/site-packages/airflow/example_dags/example_branch_day_of_week_operator.py
[2024-11-04T11:08:08.309+0100] {processor.py:925} INFO - DAG(s) 'example_weekday_branch_operator' retrieved from /Users/nick/Desktop/Code/MSTeams_pipeline/airflow/lib/python3.11/site-packages/airflow/example_dags/example_branch_day_of_week_operator.py
[2024-11-04T11:08:08.344+0100] {logging_mixin.py:190} INFO - [2024-11-04T11:08:08.344+0100] {dag.py:3239} INFO - Sync 1 DAGs
[2024-11-04T11:08:08.350+0100] {logging_mixin.py:190} INFO - [2024-11-04T11:08:08.350+0100] {dag.py:4180} INFO - Setting next_dagrun for example_weekday_branch_operator to 2024-11-03 00:00:00+00:00, run_after=2024-11-04 00:00:00+00:00
[2024-11-04T11:08:08.357+0100] {processor.py:208} INFO - Processing /Users/nick/Desktop/Code/MSTeams_pipeline/airflow/lib/python3.11/site-packages/airflow/example_dags/example_branch_day_of_week_operator.py took 0.055 seconds
[2024-11-04T11:11:53.899+0100] {processor.py:186} INFO - Started process (PID=22149) to work on /Users/nick/Desktop/Code/MSTeams_pipeline/airflow/lib/python3.11/site-packages/airflow/example_dags/example_branch_day_of_week_operator.py
[2024-11-04T11:11:53.900+0100] {processor.py:914} INFO - Processing file /Users/nick/Desktop/Code/MSTeams_pipeline/airflow/lib/python3.11/site-packages/airflow/example_dags/example_branch_day_of_week_operator.py for tasks to queue
[2024-11-04T11:11:53.900+0100] {logging_mixin.py:190} INFO - [2024-11-04T11:11:53.900+0100] {dagbag.py:588} INFO - Filling up the DagBag from /Users/nick/Desktop/Code/MSTeams_pipeline/airflow/lib/python3.11/site-packages/airflow/example_dags/example_branch_day_of_week_operator.py
[2024-11-04T11:11:53.904+0100] {processor.py:925} INFO - DAG(s) 'example_weekday_branch_operator' retrieved from /Users/nick/Desktop/Code/MSTeams_pipeline/airflow/lib/python3.11/site-packages/airflow/example_dags/example_branch_day_of_week_operator.py
[2024-11-04T11:11:53.941+0100] {logging_mixin.py:190} INFO - [2024-11-04T11:11:53.941+0100] {dag.py:3239} INFO - Sync 1 DAGs
[2024-11-04T11:11:53.948+0100] {logging_mixin.py:190} INFO - [2024-11-04T11:11:53.948+0100] {dag.py:4180} INFO - Setting next_dagrun for example_weekday_branch_operator to 2024-11-03 00:00:00+00:00, run_after=2024-11-04 00:00:00+00:00
[2024-11-04T11:11:53.955+0100] {processor.py:208} INFO - Processing /Users/nick/Desktop/Code/MSTeams_pipeline/airflow/lib/python3.11/site-packages/airflow/example_dags/example_branch_day_of_week_operator.py took 0.058 seconds
[2024-11-04T11:16:09.031+0100] {processor.py:186} INFO - Started process (PID=25544) to work on /Users/nick/airflow/airflow_venv/lib/python3.11/site-packages/airflow/example_dags/example_branch_day_of_week_operator.py
[2024-11-04T11:16:09.031+0100] {processor.py:914} INFO - Processing file /Users/nick/airflow/airflow_venv/lib/python3.11/site-packages/airflow/example_dags/example_branch_day_of_week_operator.py for tasks to queue
[2024-11-04T11:16:09.031+0100] {logging_mixin.py:190} INFO - [2024-11-04T11:16:09.031+0100] {dagbag.py:588} INFO - Filling up the DagBag from /Users/nick/airflow/airflow_venv/lib/python3.11/site-packages/airflow/example_dags/example_branch_day_of_week_operator.py
[2024-11-04T11:16:09.035+0100] {processor.py:925} INFO - DAG(s) 'example_weekday_branch_operator' retrieved from /Users/nick/airflow/airflow_venv/lib/python3.11/site-packages/airflow/example_dags/example_branch_day_of_week_operator.py
[2024-11-04T11:16:09.124+0100] {logging_mixin.py:190} INFO - [2024-11-04T11:16:09.124+0100] {dag.py:3239} INFO - Sync 1 DAGs
[2024-11-04T11:16:09.131+0100] {logging_mixin.py:190} INFO - [2024-11-04T11:16:09.131+0100] {dag.py:4180} INFO - Setting next_dagrun for example_weekday_branch_operator to 2024-11-03 00:00:00+00:00, run_after=2024-11-04 00:00:00+00:00
[2024-11-04T11:16:09.137+0100] {processor.py:208} INFO - Processing /Users/nick/airflow/airflow_venv/lib/python3.11/site-packages/airflow/example_dags/example_branch_day_of_week_operator.py took 0.108 seconds
[2024-11-04T11:18:38.798+0100] {processor.py:186} INFO - Started process (PID=27635) to work on /Users/nick/airflow/airflow_venv/lib/python3.11/site-packages/airflow/example_dags/example_branch_day_of_week_operator.py
[2024-11-04T11:18:38.798+0100] {processor.py:914} INFO - Processing file /Users/nick/airflow/airflow_venv/lib/python3.11/site-packages/airflow/example_dags/example_branch_day_of_week_operator.py for tasks to queue
[2024-11-04T11:18:38.799+0100] {logging_mixin.py:190} INFO - [2024-11-04T11:18:38.799+0100] {dagbag.py:588} INFO - Filling up the DagBag from /Users/nick/airflow/airflow_venv/lib/python3.11/site-packages/airflow/example_dags/example_branch_day_of_week_operator.py
[2024-11-04T11:18:38.802+0100] {processor.py:925} INFO - DAG(s) 'example_weekday_branch_operator' retrieved from /Users/nick/airflow/airflow_venv/lib/python3.11/site-packages/airflow/example_dags/example_branch_day_of_week_operator.py
[2024-11-04T11:18:38.837+0100] {logging_mixin.py:190} INFO - [2024-11-04T11:18:38.837+0100] {dag.py:3239} INFO - Sync 1 DAGs
[2024-11-04T11:18:38.844+0100] {logging_mixin.py:190} INFO - [2024-11-04T11:18:38.844+0100] {dag.py:4180} INFO - Setting next_dagrun for example_weekday_branch_operator to 2024-11-03 00:00:00+00:00, run_after=2024-11-04 00:00:00+00:00
[2024-11-04T11:18:38.851+0100] {processor.py:208} INFO - Processing /Users/nick/airflow/airflow_venv/lib/python3.11/site-packages/airflow/example_dags/example_branch_day_of_week_operator.py took 0.054 seconds
[2024-11-04T11:21:08.150+0100] {processor.py:186} INFO - Started process (PID=29351) to work on /Users/nick/airflow/airflow_venv/lib/python3.11/site-packages/airflow/example_dags/example_branch_day_of_week_operator.py
[2024-11-04T11:21:08.150+0100] {processor.py:914} INFO - Processing file /Users/nick/airflow/airflow_venv/lib/python3.11/site-packages/airflow/example_dags/example_branch_day_of_week_operator.py for tasks to queue
[2024-11-04T11:21:08.151+0100] {logging_mixin.py:190} INFO - [2024-11-04T11:21:08.151+0100] {dagbag.py:588} INFO - Filling up the DagBag from /Users/nick/airflow/airflow_venv/lib/python3.11/site-packages/airflow/example_dags/example_branch_day_of_week_operator.py
[2024-11-04T11:21:08.154+0100] {processor.py:925} INFO - DAG(s) 'example_weekday_branch_operator' retrieved from /Users/nick/airflow/airflow_venv/lib/python3.11/site-packages/airflow/example_dags/example_branch_day_of_week_operator.py
[2024-11-04T11:21:08.192+0100] {logging_mixin.py:190} INFO - [2024-11-04T11:21:08.192+0100] {dag.py:3239} INFO - Sync 1 DAGs
[2024-11-04T11:21:08.199+0100] {logging_mixin.py:190} INFO - [2024-11-04T11:21:08.199+0100] {dag.py:4180} INFO - Setting next_dagrun for example_weekday_branch_operator to 2024-11-03 00:00:00+00:00, run_after=2024-11-04 00:00:00+00:00
[2024-11-04T11:21:08.206+0100] {processor.py:208} INFO - Processing /Users/nick/airflow/airflow_venv/lib/python3.11/site-packages/airflow/example_dags/example_branch_day_of_week_operator.py took 0.058 seconds
[2024-11-04T11:23:38.676+0100] {processor.py:186} INFO - Started process (PID=31126) to work on /Users/nick/airflow/airflow_venv/lib/python3.11/site-packages/airflow/example_dags/example_branch_day_of_week_operator.py
[2024-11-04T11:23:38.677+0100] {processor.py:914} INFO - Processing file /Users/nick/airflow/airflow_venv/lib/python3.11/site-packages/airflow/example_dags/example_branch_day_of_week_operator.py for tasks to queue
[2024-11-04T11:23:38.677+0100] {logging_mixin.py:190} INFO - [2024-11-04T11:23:38.677+0100] {dagbag.py:588} INFO - Filling up the DagBag from /Users/nick/airflow/airflow_venv/lib/python3.11/site-packages/airflow/example_dags/example_branch_day_of_week_operator.py
[2024-11-04T11:23:38.681+0100] {processor.py:925} INFO - DAG(s) 'example_weekday_branch_operator' retrieved from /Users/nick/airflow/airflow_venv/lib/python3.11/site-packages/airflow/example_dags/example_branch_day_of_week_operator.py
[2024-11-04T11:23:38.719+0100] {logging_mixin.py:190} INFO - [2024-11-04T11:23:38.719+0100] {dag.py:3239} INFO - Sync 1 DAGs
[2024-11-04T11:23:38.726+0100] {logging_mixin.py:190} INFO - [2024-11-04T11:23:38.726+0100] {dag.py:4180} INFO - Setting next_dagrun for example_weekday_branch_operator to 2024-11-03 00:00:00+00:00, run_after=2024-11-04 00:00:00+00:00
[2024-11-04T11:23:38.733+0100] {processor.py:208} INFO - Processing /Users/nick/airflow/airflow_venv/lib/python3.11/site-packages/airflow/example_dags/example_branch_day_of_week_operator.py took 0.058 seconds
