[2024-11-04T11:05:03.010+0100] {processor.py:186} INFO - Started process (PID=17289) to work on /Users/nick/Desktop/Code/MSTeams_pipeline/airflow/lib/python3.11/site-packages/airflow/example_dags/example_params_trigger_ui.py
[2024-11-04T11:05:03.010+0100] {processor.py:914} INFO - Processing file /Users/nick/Desktop/Code/MSTeams_pipeline/airflow/lib/python3.11/site-packages/airflow/example_dags/example_params_trigger_ui.py for tasks to queue
[2024-11-04T11:05:03.011+0100] {logging_mixin.py:190} INFO - [2024-11-04T11:05:03.011+0100] {dagbag.py:588} INFO - Filling up the DagBag from /Users/nick/Desktop/Code/MSTeams_pipeline/airflow/lib/python3.11/site-packages/airflow/example_dags/example_params_trigger_ui.py
[2024-11-04T11:05:03.026+0100] {processor.py:925} INFO - DAG(s) 'example_params_trigger_ui' retrieved from /Users/nick/Desktop/Code/MSTeams_pipeline/airflow/lib/python3.11/site-packages/airflow/example_dags/example_params_trigger_ui.py
[2024-11-04T11:05:03.132+0100] {logging_mixin.py:190} INFO - [2024-11-04T11:05:03.132+0100] {dag.py:3239} INFO - Sync 1 DAGs
[2024-11-04T11:05:03.136+0100] {logging_mixin.py:190} INFO - [2024-11-04T11:05:03.136+0100] {dag.py:4180} INFO - Setting next_dagrun for example_params_trigger_ui to None, run_after=None
[2024-11-04T11:05:03.144+0100] {processor.py:208} INFO - Processing /Users/nick/Desktop/Code/MSTeams_pipeline/airflow/lib/python3.11/site-packages/airflow/example_dags/example_params_trigger_ui.py took 0.136 seconds
[2024-11-04T11:06:47.744+0100] {processor.py:186} INFO - Started process (PID=18575) to work on /Users/nick/Desktop/Code/MSTeams_pipeline/airflow/lib/python3.11/site-packages/airflow/example_dags/example_params_trigger_ui.py
[2024-11-04T11:06:47.745+0100] {processor.py:914} INFO - Processing file /Users/nick/Desktop/Code/MSTeams_pipeline/airflow/lib/python3.11/site-packages/airflow/example_dags/example_params_trigger_ui.py for tasks to queue
[2024-11-04T11:06:47.745+0100] {logging_mixin.py:190} INFO - [2024-11-04T11:06:47.745+0100] {dagbag.py:588} INFO - Filling up the DagBag from /Users/nick/Desktop/Code/MSTeams_pipeline/airflow/lib/python3.11/site-packages/airflow/example_dags/example_params_trigger_ui.py
[2024-11-04T11:06:47.760+0100] {processor.py:925} INFO - DAG(s) 'example_params_trigger_ui' retrieved from /Users/nick/Desktop/Code/MSTeams_pipeline/airflow/lib/python3.11/site-packages/airflow/example_dags/example_params_trigger_ui.py
[2024-11-04T11:06:47.800+0100] {logging_mixin.py:190} INFO - [2024-11-04T11:06:47.800+0100] {dag.py:3239} INFO - Sync 1 DAGs
[2024-11-04T11:06:47.835+0100] {logging_mixin.py:190} INFO - [2024-11-04T11:06:47.835+0100] {dag.py:4180} INFO - Setting next_dagrun for example_params_trigger_ui to None, run_after=None
[2024-11-04T11:06:47.843+0100] {processor.py:208} INFO - Processing /Users/nick/Desktop/Code/MSTeams_pipeline/airflow/lib/python3.11/site-packages/airflow/example_dags/example_params_trigger_ui.py took 0.101 seconds
[2024-11-04T11:09:14.405+0100] {processor.py:186} INFO - Started process (PID=20256) to work on /Users/nick/Desktop/Code/MSTeams_pipeline/airflow/lib/python3.11/site-packages/airflow/example_dags/example_params_trigger_ui.py
[2024-11-04T11:09:14.406+0100] {processor.py:914} INFO - Processing file /Users/nick/Desktop/Code/MSTeams_pipeline/airflow/lib/python3.11/site-packages/airflow/example_dags/example_params_trigger_ui.py for tasks to queue
[2024-11-04T11:09:14.407+0100] {logging_mixin.py:190} INFO - [2024-11-04T11:09:14.407+0100] {dagbag.py:588} INFO - Filling up the DagBag from /Users/nick/Desktop/Code/MSTeams_pipeline/airflow/lib/python3.11/site-packages/airflow/example_dags/example_params_trigger_ui.py
[2024-11-04T11:09:14.425+0100] {processor.py:925} INFO - DAG(s) 'example_params_trigger_ui' retrieved from /Users/nick/Desktop/Code/MSTeams_pipeline/airflow/lib/python3.11/site-packages/airflow/example_dags/example_params_trigger_ui.py
[2024-11-04T11:09:14.472+0100] {logging_mixin.py:190} INFO - [2024-11-04T11:09:14.472+0100] {dag.py:3239} INFO - Sync 1 DAGs
[2024-11-04T11:09:14.504+0100] {logging_mixin.py:190} INFO - [2024-11-04T11:09:14.504+0100] {dag.py:4180} INFO - Setting next_dagrun for example_params_trigger_ui to None, run_after=None
[2024-11-04T11:09:14.512+0100] {processor.py:208} INFO - Processing /Users/nick/Desktop/Code/MSTeams_pipeline/airflow/lib/python3.11/site-packages/airflow/example_dags/example_params_trigger_ui.py took 0.107 seconds
[2024-11-04T11:11:17.536+0100] {processor.py:186} INFO - Started process (PID=21658) to work on /Users/nick/Desktop/Code/MSTeams_pipeline/airflow/lib/python3.11/site-packages/airflow/example_dags/example_params_trigger_ui.py
[2024-11-04T11:11:17.537+0100] {processor.py:914} INFO - Processing file /Users/nick/Desktop/Code/MSTeams_pipeline/airflow/lib/python3.11/site-packages/airflow/example_dags/example_params_trigger_ui.py for tasks to queue
[2024-11-04T11:11:17.538+0100] {logging_mixin.py:190} INFO - [2024-11-04T11:11:17.538+0100] {dagbag.py:588} INFO - Filling up the DagBag from /Users/nick/Desktop/Code/MSTeams_pipeline/airflow/lib/python3.11/site-packages/airflow/example_dags/example_params_trigger_ui.py
[2024-11-04T11:11:17.553+0100] {processor.py:925} INFO - DAG(s) 'example_params_trigger_ui' retrieved from /Users/nick/Desktop/Code/MSTeams_pipeline/airflow/lib/python3.11/site-packages/airflow/example_dags/example_params_trigger_ui.py
[2024-11-04T11:11:17.595+0100] {logging_mixin.py:190} INFO - [2024-11-04T11:11:17.595+0100] {dag.py:3239} INFO - Sync 1 DAGs
[2024-11-04T11:11:17.624+0100] {logging_mixin.py:190} INFO - [2024-11-04T11:11:17.624+0100] {dag.py:4180} INFO - Setting next_dagrun for example_params_trigger_ui to None, run_after=None
[2024-11-04T11:11:17.630+0100] {processor.py:208} INFO - Processing /Users/nick/Desktop/Code/MSTeams_pipeline/airflow/lib/python3.11/site-packages/airflow/example_dags/example_params_trigger_ui.py took 0.096 seconds
[2024-11-04T11:15:31.530+0100] {processor.py:186} INFO - Started process (PID=25090) to work on /Users/nick/airflow/airflow_venv/lib/python3.11/site-packages/airflow/example_dags/example_params_trigger_ui.py
[2024-11-04T11:15:31.530+0100] {processor.py:914} INFO - Processing file /Users/nick/airflow/airflow_venv/lib/python3.11/site-packages/airflow/example_dags/example_params_trigger_ui.py for tasks to queue
[2024-11-04T11:15:31.531+0100] {logging_mixin.py:190} INFO - [2024-11-04T11:15:31.531+0100] {dagbag.py:588} INFO - Filling up the DagBag from /Users/nick/airflow/airflow_venv/lib/python3.11/site-packages/airflow/example_dags/example_params_trigger_ui.py
[2024-11-04T11:15:31.544+0100] {processor.py:925} INFO - DAG(s) 'example_params_trigger_ui' retrieved from /Users/nick/airflow/airflow_venv/lib/python3.11/site-packages/airflow/example_dags/example_params_trigger_ui.py
[2024-11-04T11:15:31.639+0100] {logging_mixin.py:190} INFO - [2024-11-04T11:15:31.639+0100] {dag.py:3239} INFO - Sync 1 DAGs
[2024-11-04T11:15:31.642+0100] {logging_mixin.py:190} INFO - [2024-11-04T11:15:31.642+0100] {dag.py:4180} INFO - Setting next_dagrun for example_params_trigger_ui to None, run_after=None
[2024-11-04T11:15:31.649+0100] {processor.py:208} INFO - Processing /Users/nick/airflow/airflow_venv/lib/python3.11/site-packages/airflow/example_dags/example_params_trigger_ui.py took 0.121 seconds
[2024-11-04T11:17:15.638+0100] {processor.py:186} INFO - Started process (PID=26679) to work on /Users/nick/airflow/airflow_venv/lib/python3.11/site-packages/airflow/example_dags/example_params_trigger_ui.py
[2024-11-04T11:17:15.638+0100] {processor.py:914} INFO - Processing file /Users/nick/airflow/airflow_venv/lib/python3.11/site-packages/airflow/example_dags/example_params_trigger_ui.py for tasks to queue
[2024-11-04T11:17:15.639+0100] {logging_mixin.py:190} INFO - [2024-11-04T11:17:15.639+0100] {dagbag.py:588} INFO - Filling up the DagBag from /Users/nick/airflow/airflow_venv/lib/python3.11/site-packages/airflow/example_dags/example_params_trigger_ui.py
[2024-11-04T11:17:15.653+0100] {processor.py:925} INFO - DAG(s) 'example_params_trigger_ui' retrieved from /Users/nick/airflow/airflow_venv/lib/python3.11/site-packages/airflow/example_dags/example_params_trigger_ui.py
[2024-11-04T11:17:15.692+0100] {logging_mixin.py:190} INFO - [2024-11-04T11:17:15.692+0100] {dag.py:3239} INFO - Sync 1 DAGs
[2024-11-04T11:17:15.720+0100] {logging_mixin.py:190} INFO - [2024-11-04T11:17:15.720+0100] {dag.py:4180} INFO - Setting next_dagrun for example_params_trigger_ui to None, run_after=None
[2024-11-04T11:17:15.727+0100] {processor.py:208} INFO - Processing /Users/nick/airflow/airflow_venv/lib/python3.11/site-packages/airflow/example_dags/example_params_trigger_ui.py took 0.091 seconds
[2024-11-04T11:19:39.638+0100] {processor.py:186} INFO - Started process (PID=28387) to work on /Users/nick/airflow/airflow_venv/lib/python3.11/site-packages/airflow/example_dags/example_params_trigger_ui.py
[2024-11-04T11:19:39.638+0100] {processor.py:914} INFO - Processing file /Users/nick/airflow/airflow_venv/lib/python3.11/site-packages/airflow/example_dags/example_params_trigger_ui.py for tasks to queue
[2024-11-04T11:19:39.639+0100] {logging_mixin.py:190} INFO - [2024-11-04T11:19:39.638+0100] {dagbag.py:588} INFO - Filling up the DagBag from /Users/nick/airflow/airflow_venv/lib/python3.11/site-packages/airflow/example_dags/example_params_trigger_ui.py
[2024-11-04T11:19:39.683+0100] {processor.py:925} INFO - DAG(s) 'example_params_trigger_ui' retrieved from /Users/nick/airflow/airflow_venv/lib/python3.11/site-packages/airflow/example_dags/example_params_trigger_ui.py
[2024-11-04T11:19:39.731+0100] {logging_mixin.py:190} INFO - [2024-11-04T11:19:39.731+0100] {dag.py:3239} INFO - Sync 1 DAGs
[2024-11-04T11:19:39.764+0100] {logging_mixin.py:190} INFO - [2024-11-04T11:19:39.764+0100] {dag.py:4180} INFO - Setting next_dagrun for example_params_trigger_ui to None, run_after=None
[2024-11-04T11:19:39.781+0100] {processor.py:208} INFO - Processing /Users/nick/airflow/airflow_venv/lib/python3.11/site-packages/airflow/example_dags/example_params_trigger_ui.py took 0.146 seconds
[2024-11-04T11:22:11.732+0100] {processor.py:186} INFO - Started process (PID=30159) to work on /Users/nick/airflow/airflow_venv/lib/python3.11/site-packages/airflow/example_dags/example_params_trigger_ui.py
[2024-11-04T11:22:11.732+0100] {processor.py:914} INFO - Processing file /Users/nick/airflow/airflow_venv/lib/python3.11/site-packages/airflow/example_dags/example_params_trigger_ui.py for tasks to queue
[2024-11-04T11:22:11.733+0100] {logging_mixin.py:190} INFO - [2024-11-04T11:22:11.733+0100] {dagbag.py:588} INFO - Filling up the DagBag from /Users/nick/airflow/airflow_venv/lib/python3.11/site-packages/airflow/example_dags/example_params_trigger_ui.py
[2024-11-04T11:22:11.748+0100] {processor.py:925} INFO - DAG(s) 'example_params_trigger_ui' retrieved from /Users/nick/airflow/airflow_venv/lib/python3.11/site-packages/airflow/example_dags/example_params_trigger_ui.py
[2024-11-04T11:22:11.792+0100] {logging_mixin.py:190} INFO - [2024-11-04T11:22:11.792+0100] {dag.py:3239} INFO - Sync 1 DAGs
[2024-11-04T11:22:11.827+0100] {logging_mixin.py:190} INFO - [2024-11-04T11:22:11.827+0100] {dag.py:4180} INFO - Setting next_dagrun for example_params_trigger_ui to None, run_after=None
[2024-11-04T11:22:11.835+0100] {processor.py:208} INFO - Processing /Users/nick/airflow/airflow_venv/lib/python3.11/site-packages/airflow/example_dags/example_params_trigger_ui.py took 0.105 seconds
