[2024-11-04T11:04:31.648+0100] {processor.py:186} INFO - Started process (PID=16875) to work on /Users/nick/Desktop/Code/MSTeams_pipeline/airflow/lib/python3.11/site-packages/airflow/example_dags/example_trigger_target_dag.py
[2024-11-04T11:04:31.648+0100] {processor.py:914} INFO - Processing file /Users/nick/Desktop/Code/MSTeams_pipeline/airflow/lib/python3.11/site-packages/airflow/example_dags/example_trigger_target_dag.py for tasks to queue
[2024-11-04T11:04:31.649+0100] {logging_mixin.py:190} INFO - [2024-11-04T11:04:31.649+0100] {dagbag.py:588} INFO - Filling up the DagBag from /Users/nick/Desktop/Code/MSTeams_pipeline/airflow/lib/python3.11/site-packages/airflow/example_dags/example_trigger_target_dag.py
[2024-11-04T11:04:31.662+0100] {processor.py:925} INFO - DAG(s) 'example_trigger_target_dag' retrieved from /Users/nick/Desktop/Code/MSTeams_pipeline/airflow/lib/python3.11/site-packages/airflow/example_dags/example_trigger_target_dag.py
[2024-11-04T11:04:31.664+0100] {logging_mixin.py:190} INFO - [2024-11-04T11:04:31.664+0100] {dag.py:3239} INFO - Sync 1 DAGs
[2024-11-04T11:04:31.693+0100] {logging_mixin.py:190} INFO - [2024-11-04T11:04:31.693+0100] {dag.py:4180} INFO - Setting next_dagrun for example_trigger_target_dag to None, run_after=None
[2024-11-04T11:04:31.724+0100] {processor.py:208} INFO - Processing /Users/nick/Desktop/Code/MSTeams_pipeline/airflow/lib/python3.11/site-packages/airflow/example_dags/example_trigger_target_dag.py took 0.077 seconds
[2024-11-04T11:06:16.087+0100] {processor.py:186} INFO - Started process (PID=18081) to work on /Users/nick/Desktop/Code/MSTeams_pipeline/airflow/lib/python3.11/site-packages/airflow/example_dags/example_trigger_target_dag.py
[2024-11-04T11:06:16.088+0100] {processor.py:914} INFO - Processing file /Users/nick/Desktop/Code/MSTeams_pipeline/airflow/lib/python3.11/site-packages/airflow/example_dags/example_trigger_target_dag.py for tasks to queue
[2024-11-04T11:06:16.088+0100] {logging_mixin.py:190} INFO - [2024-11-04T11:06:16.088+0100] {dagbag.py:588} INFO - Filling up the DagBag from /Users/nick/Desktop/Code/MSTeams_pipeline/airflow/lib/python3.11/site-packages/airflow/example_dags/example_trigger_target_dag.py
[2024-11-04T11:06:16.102+0100] {processor.py:925} INFO - DAG(s) 'example_trigger_target_dag' retrieved from /Users/nick/Desktop/Code/MSTeams_pipeline/airflow/lib/python3.11/site-packages/airflow/example_dags/example_trigger_target_dag.py
[2024-11-04T11:06:16.189+0100] {logging_mixin.py:190} INFO - [2024-11-04T11:06:16.189+0100] {dag.py:3239} INFO - Sync 1 DAGs
[2024-11-04T11:06:16.193+0100] {logging_mixin.py:190} INFO - [2024-11-04T11:06:16.193+0100] {dag.py:4180} INFO - Setting next_dagrun for example_trigger_target_dag to None, run_after=None
[2024-11-04T11:06:16.200+0100] {processor.py:208} INFO - Processing /Users/nick/Desktop/Code/MSTeams_pipeline/airflow/lib/python3.11/site-packages/airflow/example_dags/example_trigger_target_dag.py took 0.115 seconds
[2024-11-04T11:07:32.139+0100] {processor.py:186} INFO - Started process (PID=19078) to work on /Users/nick/Desktop/Code/MSTeams_pipeline/airflow/lib/python3.11/site-packages/airflow/example_dags/example_trigger_target_dag.py
[2024-11-04T11:07:32.140+0100] {processor.py:914} INFO - Processing file /Users/nick/Desktop/Code/MSTeams_pipeline/airflow/lib/python3.11/site-packages/airflow/example_dags/example_trigger_target_dag.py for tasks to queue
[2024-11-04T11:07:32.141+0100] {logging_mixin.py:190} INFO - [2024-11-04T11:07:32.141+0100] {dagbag.py:588} INFO - Filling up the DagBag from /Users/nick/Desktop/Code/MSTeams_pipeline/airflow/lib/python3.11/site-packages/airflow/example_dags/example_trigger_target_dag.py
[2024-11-04T11:07:32.153+0100] {processor.py:925} INFO - DAG(s) 'example_trigger_target_dag' retrieved from /Users/nick/Desktop/Code/MSTeams_pipeline/airflow/lib/python3.11/site-packages/airflow/example_dags/example_trigger_target_dag.py
[2024-11-04T11:07:32.188+0100] {logging_mixin.py:190} INFO - [2024-11-04T11:07:32.188+0100] {dag.py:3239} INFO - Sync 1 DAGs
[2024-11-04T11:07:32.229+0100] {logging_mixin.py:190} INFO - [2024-11-04T11:07:32.229+0100] {dag.py:4180} INFO - Setting next_dagrun for example_trigger_target_dag to None, run_after=None
[2024-11-04T11:07:32.237+0100] {processor.py:208} INFO - Processing /Users/nick/Desktop/Code/MSTeams_pipeline/airflow/lib/python3.11/site-packages/airflow/example_dags/example_trigger_target_dag.py took 0.099 seconds
[2024-11-04T11:08:45.740+0100] {processor.py:186} INFO - Started process (PID=19905) to work on /Users/nick/Desktop/Code/MSTeams_pipeline/airflow/lib/python3.11/site-packages/airflow/example_dags/example_trigger_target_dag.py
[2024-11-04T11:08:45.741+0100] {processor.py:914} INFO - Processing file /Users/nick/Desktop/Code/MSTeams_pipeline/airflow/lib/python3.11/site-packages/airflow/example_dags/example_trigger_target_dag.py for tasks to queue
[2024-11-04T11:08:45.741+0100] {logging_mixin.py:190} INFO - [2024-11-04T11:08:45.741+0100] {dagbag.py:588} INFO - Filling up the DagBag from /Users/nick/Desktop/Code/MSTeams_pipeline/airflow/lib/python3.11/site-packages/airflow/example_dags/example_trigger_target_dag.py
[2024-11-04T11:08:45.755+0100] {processor.py:925} INFO - DAG(s) 'example_trigger_target_dag' retrieved from /Users/nick/Desktop/Code/MSTeams_pipeline/airflow/lib/python3.11/site-packages/airflow/example_dags/example_trigger_target_dag.py
[2024-11-04T11:08:45.820+0100] {logging_mixin.py:190} INFO - [2024-11-04T11:08:45.819+0100] {dag.py:3239} INFO - Sync 1 DAGs
[2024-11-04T11:08:45.855+0100] {logging_mixin.py:190} INFO - [2024-11-04T11:08:45.855+0100] {dag.py:4180} INFO - Setting next_dagrun for example_trigger_target_dag to None, run_after=None
[2024-11-04T11:08:45.902+0100] {processor.py:208} INFO - Processing /Users/nick/Desktop/Code/MSTeams_pipeline/airflow/lib/python3.11/site-packages/airflow/example_dags/example_trigger_target_dag.py took 0.163 seconds
[2024-11-04T11:10:46.813+0100] {processor.py:186} INFO - Started process (PID=21234) to work on /Users/nick/Desktop/Code/MSTeams_pipeline/airflow/lib/python3.11/site-packages/airflow/example_dags/example_trigger_target_dag.py
[2024-11-04T11:10:46.814+0100] {processor.py:914} INFO - Processing file /Users/nick/Desktop/Code/MSTeams_pipeline/airflow/lib/python3.11/site-packages/airflow/example_dags/example_trigger_target_dag.py for tasks to queue
[2024-11-04T11:10:46.814+0100] {logging_mixin.py:190} INFO - [2024-11-04T11:10:46.814+0100] {dagbag.py:588} INFO - Filling up the DagBag from /Users/nick/Desktop/Code/MSTeams_pipeline/airflow/lib/python3.11/site-packages/airflow/example_dags/example_trigger_target_dag.py
[2024-11-04T11:10:46.829+0100] {processor.py:925} INFO - DAG(s) 'example_trigger_target_dag' retrieved from /Users/nick/Desktop/Code/MSTeams_pipeline/airflow/lib/python3.11/site-packages/airflow/example_dags/example_trigger_target_dag.py
[2024-11-04T11:10:46.862+0100] {logging_mixin.py:190} INFO - [2024-11-04T11:10:46.862+0100] {dag.py:3239} INFO - Sync 1 DAGs
[2024-11-04T11:10:46.896+0100] {logging_mixin.py:190} INFO - [2024-11-04T11:10:46.895+0100] {dag.py:4180} INFO - Setting next_dagrun for example_trigger_target_dag to None, run_after=None
[2024-11-04T11:10:46.912+0100] {processor.py:208} INFO - Processing /Users/nick/Desktop/Code/MSTeams_pipeline/airflow/lib/python3.11/site-packages/airflow/example_dags/example_trigger_target_dag.py took 0.100 seconds
[2024-11-04T11:12:33.103+0100] {processor.py:186} INFO - Started process (PID=22843) to work on /Users/nick/Desktop/Code/MSTeams_pipeline/airflow/lib/python3.11/site-packages/airflow/example_dags/example_trigger_target_dag.py
[2024-11-04T11:12:33.103+0100] {processor.py:914} INFO - Processing file /Users/nick/Desktop/Code/MSTeams_pipeline/airflow/lib/python3.11/site-packages/airflow/example_dags/example_trigger_target_dag.py for tasks to queue
[2024-11-04T11:12:33.103+0100] {logging_mixin.py:190} INFO - [2024-11-04T11:12:33.103+0100] {dagbag.py:588} INFO - Filling up the DagBag from /Users/nick/Desktop/Code/MSTeams_pipeline/airflow/lib/python3.11/site-packages/airflow/example_dags/example_trigger_target_dag.py
[2024-11-04T11:12:33.118+0100] {processor.py:925} INFO - DAG(s) 'example_trigger_target_dag' retrieved from /Users/nick/Desktop/Code/MSTeams_pipeline/airflow/lib/python3.11/site-packages/airflow/example_dags/example_trigger_target_dag.py
[2024-11-04T11:12:33.154+0100] {logging_mixin.py:190} INFO - [2024-11-04T11:12:33.153+0100] {dag.py:3239} INFO - Sync 1 DAGs
[2024-11-04T11:12:33.184+0100] {logging_mixin.py:190} INFO - [2024-11-04T11:12:33.184+0100] {dag.py:4180} INFO - Setting next_dagrun for example_trigger_target_dag to None, run_after=None
[2024-11-04T11:12:33.192+0100] {processor.py:208} INFO - Processing /Users/nick/Desktop/Code/MSTeams_pipeline/airflow/lib/python3.11/site-packages/airflow/example_dags/example_trigger_target_dag.py took 0.091 seconds
[2024-11-04T11:14:58.687+0100] {processor.py:186} INFO - Started process (PID=24749) to work on /Users/nick/airflow/airflow_venv/lib/python3.11/site-packages/airflow/example_dags/example_trigger_target_dag.py
[2024-11-04T11:14:58.687+0100] {processor.py:914} INFO - Processing file /Users/nick/airflow/airflow_venv/lib/python3.11/site-packages/airflow/example_dags/example_trigger_target_dag.py for tasks to queue
[2024-11-04T11:14:58.688+0100] {logging_mixin.py:190} INFO - [2024-11-04T11:14:58.687+0100] {dagbag.py:588} INFO - Filling up the DagBag from /Users/nick/airflow/airflow_venv/lib/python3.11/site-packages/airflow/example_dags/example_trigger_target_dag.py
[2024-11-04T11:14:58.701+0100] {processor.py:925} INFO - DAG(s) 'example_trigger_target_dag' retrieved from /Users/nick/airflow/airflow_venv/lib/python3.11/site-packages/airflow/example_dags/example_trigger_target_dag.py
[2024-11-04T11:14:58.789+0100] {logging_mixin.py:190} INFO - [2024-11-04T11:14:58.789+0100] {dag.py:3239} INFO - Sync 1 DAGs
[2024-11-04T11:14:58.793+0100] {logging_mixin.py:190} INFO - [2024-11-04T11:14:58.793+0100] {dag.py:4180} INFO - Setting next_dagrun for example_trigger_target_dag to None, run_after=None
[2024-11-04T11:14:58.800+0100] {processor.py:208} INFO - Processing /Users/nick/airflow/airflow_venv/lib/python3.11/site-packages/airflow/example_dags/example_trigger_target_dag.py took 0.115 seconds
[2024-11-04T11:16:46.129+0100] {processor.py:186} INFO - Started process (PID=26245) to work on /Users/nick/airflow/airflow_venv/lib/python3.11/site-packages/airflow/example_dags/example_trigger_target_dag.py
[2024-11-04T11:16:46.130+0100] {processor.py:914} INFO - Processing file /Users/nick/airflow/airflow_venv/lib/python3.11/site-packages/airflow/example_dags/example_trigger_target_dag.py for tasks to queue
[2024-11-04T11:16:46.130+0100] {logging_mixin.py:190} INFO - [2024-11-04T11:16:46.130+0100] {dagbag.py:588} INFO - Filling up the DagBag from /Users/nick/airflow/airflow_venv/lib/python3.11/site-packages/airflow/example_dags/example_trigger_target_dag.py
[2024-11-04T11:16:46.143+0100] {processor.py:925} INFO - DAG(s) 'example_trigger_target_dag' retrieved from /Users/nick/airflow/airflow_venv/lib/python3.11/site-packages/airflow/example_dags/example_trigger_target_dag.py
[2024-11-04T11:16:46.175+0100] {logging_mixin.py:190} INFO - [2024-11-04T11:16:46.174+0100] {dag.py:3239} INFO - Sync 1 DAGs
[2024-11-04T11:16:46.204+0100] {logging_mixin.py:190} INFO - [2024-11-04T11:16:46.203+0100] {dag.py:4180} INFO - Setting next_dagrun for example_trigger_target_dag to None, run_after=None
[2024-11-04T11:16:46.210+0100] {processor.py:208} INFO - Processing /Users/nick/airflow/airflow_venv/lib/python3.11/site-packages/airflow/example_dags/example_trigger_target_dag.py took 0.083 seconds
[2024-11-04T11:18:02.109+0100] {processor.py:186} INFO - Started process (PID=27158) to work on /Users/nick/airflow/airflow_venv/lib/python3.11/site-packages/airflow/example_dags/example_trigger_target_dag.py
[2024-11-04T11:18:02.110+0100] {processor.py:914} INFO - Processing file /Users/nick/airflow/airflow_venv/lib/python3.11/site-packages/airflow/example_dags/example_trigger_target_dag.py for tasks to queue
[2024-11-04T11:18:02.110+0100] {logging_mixin.py:190} INFO - [2024-11-04T11:18:02.110+0100] {dagbag.py:588} INFO - Filling up the DagBag from /Users/nick/airflow/airflow_venv/lib/python3.11/site-packages/airflow/example_dags/example_trigger_target_dag.py
[2024-11-04T11:18:02.123+0100] {processor.py:925} INFO - DAG(s) 'example_trigger_target_dag' retrieved from /Users/nick/airflow/airflow_venv/lib/python3.11/site-packages/airflow/example_dags/example_trigger_target_dag.py
[2024-11-04T11:18:02.154+0100] {logging_mixin.py:190} INFO - [2024-11-04T11:18:02.154+0100] {dag.py:3239} INFO - Sync 1 DAGs
[2024-11-04T11:18:02.184+0100] {logging_mixin.py:190} INFO - [2024-11-04T11:18:02.184+0100] {dag.py:4180} INFO - Setting next_dagrun for example_trigger_target_dag to None, run_after=None
[2024-11-04T11:18:02.191+0100] {processor.py:208} INFO - Processing /Users/nick/airflow/airflow_venv/lib/python3.11/site-packages/airflow/example_dags/example_trigger_target_dag.py took 0.083 seconds
[2024-11-04T11:19:14.411+0100] {processor.py:186} INFO - Started process (PID=28039) to work on /Users/nick/airflow/airflow_venv/lib/python3.11/site-packages/airflow/example_dags/example_trigger_target_dag.py
[2024-11-04T11:19:14.411+0100] {processor.py:914} INFO - Processing file /Users/nick/airflow/airflow_venv/lib/python3.11/site-packages/airflow/example_dags/example_trigger_target_dag.py for tasks to queue
[2024-11-04T11:19:14.411+0100] {logging_mixin.py:190} INFO - [2024-11-04T11:19:14.411+0100] {dagbag.py:588} INFO - Filling up the DagBag from /Users/nick/airflow/airflow_venv/lib/python3.11/site-packages/airflow/example_dags/example_trigger_target_dag.py
[2024-11-04T11:19:14.425+0100] {processor.py:925} INFO - DAG(s) 'example_trigger_target_dag' retrieved from /Users/nick/airflow/airflow_venv/lib/python3.11/site-packages/airflow/example_dags/example_trigger_target_dag.py
[2024-11-04T11:19:14.461+0100] {logging_mixin.py:190} INFO - [2024-11-04T11:19:14.461+0100] {dag.py:3239} INFO - Sync 1 DAGs
[2024-11-04T11:19:14.494+0100] {logging_mixin.py:190} INFO - [2024-11-04T11:19:14.494+0100] {dag.py:4180} INFO - Setting next_dagrun for example_trigger_target_dag to None, run_after=None
[2024-11-04T11:19:14.500+0100] {processor.py:208} INFO - Processing /Users/nick/airflow/airflow_venv/lib/python3.11/site-packages/airflow/example_dags/example_trigger_target_dag.py took 0.091 seconds
[2024-11-04T11:20:27.798+0100] {processor.py:186} INFO - Started process (PID=28882) to work on /Users/nick/airflow/airflow_venv/lib/python3.11/site-packages/airflow/example_dags/example_trigger_target_dag.py
[2024-11-04T11:20:27.799+0100] {processor.py:914} INFO - Processing file /Users/nick/airflow/airflow_venv/lib/python3.11/site-packages/airflow/example_dags/example_trigger_target_dag.py for tasks to queue
[2024-11-04T11:20:27.799+0100] {logging_mixin.py:190} INFO - [2024-11-04T11:20:27.799+0100] {dagbag.py:588} INFO - Filling up the DagBag from /Users/nick/airflow/airflow_venv/lib/python3.11/site-packages/airflow/example_dags/example_trigger_target_dag.py
[2024-11-04T11:20:27.813+0100] {processor.py:925} INFO - DAG(s) 'example_trigger_target_dag' retrieved from /Users/nick/airflow/airflow_venv/lib/python3.11/site-packages/airflow/example_dags/example_trigger_target_dag.py
[2024-11-04T11:20:27.852+0100] {logging_mixin.py:190} INFO - [2024-11-04T11:20:27.852+0100] {dag.py:3239} INFO - Sync 1 DAGs
[2024-11-04T11:20:27.889+0100] {logging_mixin.py:190} INFO - [2024-11-04T11:20:27.889+0100] {dag.py:4180} INFO - Setting next_dagrun for example_trigger_target_dag to None, run_after=None
[2024-11-04T11:20:27.897+0100] {processor.py:208} INFO - Processing /Users/nick/airflow/airflow_venv/lib/python3.11/site-packages/airflow/example_dags/example_trigger_target_dag.py took 0.100 seconds
[2024-11-04T11:21:44.423+0100] {processor.py:186} INFO - Started process (PID=29807) to work on /Users/nick/airflow/airflow_venv/lib/python3.11/site-packages/airflow/example_dags/example_trigger_target_dag.py
[2024-11-04T11:21:44.424+0100] {processor.py:914} INFO - Processing file /Users/nick/airflow/airflow_venv/lib/python3.11/site-packages/airflow/example_dags/example_trigger_target_dag.py for tasks to queue
[2024-11-04T11:21:44.424+0100] {logging_mixin.py:190} INFO - [2024-11-04T11:21:44.424+0100] {dagbag.py:588} INFO - Filling up the DagBag from /Users/nick/airflow/airflow_venv/lib/python3.11/site-packages/airflow/example_dags/example_trigger_target_dag.py
[2024-11-04T11:21:44.437+0100] {processor.py:925} INFO - DAG(s) 'example_trigger_target_dag' retrieved from /Users/nick/airflow/airflow_venv/lib/python3.11/site-packages/airflow/example_dags/example_trigger_target_dag.py
[2024-11-04T11:21:44.473+0100] {logging_mixin.py:190} INFO - [2024-11-04T11:21:44.473+0100] {dag.py:3239} INFO - Sync 1 DAGs
[2024-11-04T11:21:44.506+0100] {logging_mixin.py:190} INFO - [2024-11-04T11:21:44.505+0100] {dag.py:4180} INFO - Setting next_dagrun for example_trigger_target_dag to None, run_after=None
[2024-11-04T11:21:44.513+0100] {processor.py:208} INFO - Processing /Users/nick/airflow/airflow_venv/lib/python3.11/site-packages/airflow/example_dags/example_trigger_target_dag.py took 0.092 seconds
[2024-11-04T11:23:01.015+0100] {processor.py:186} INFO - Started process (PID=30639) to work on /Users/nick/airflow/airflow_venv/lib/python3.11/site-packages/airflow/example_dags/example_trigger_target_dag.py
[2024-11-04T11:23:01.016+0100] {processor.py:914} INFO - Processing file /Users/nick/airflow/airflow_venv/lib/python3.11/site-packages/airflow/example_dags/example_trigger_target_dag.py for tasks to queue
[2024-11-04T11:23:01.016+0100] {logging_mixin.py:190} INFO - [2024-11-04T11:23:01.016+0100] {dagbag.py:588} INFO - Filling up the DagBag from /Users/nick/airflow/airflow_venv/lib/python3.11/site-packages/airflow/example_dags/example_trigger_target_dag.py
[2024-11-04T11:23:01.029+0100] {processor.py:925} INFO - DAG(s) 'example_trigger_target_dag' retrieved from /Users/nick/airflow/airflow_venv/lib/python3.11/site-packages/airflow/example_dags/example_trigger_target_dag.py
[2024-11-04T11:23:01.063+0100] {logging_mixin.py:190} INFO - [2024-11-04T11:23:01.063+0100] {dag.py:3239} INFO - Sync 1 DAGs
[2024-11-04T11:23:01.095+0100] {logging_mixin.py:190} INFO - [2024-11-04T11:23:01.095+0100] {dag.py:4180} INFO - Setting next_dagrun for example_trigger_target_dag to None, run_after=None
[2024-11-04T11:23:01.102+0100] {processor.py:208} INFO - Processing /Users/nick/airflow/airflow_venv/lib/python3.11/site-packages/airflow/example_dags/example_trigger_target_dag.py took 0.089 seconds
[2024-11-04T11:26:10.463+0100] {processor.py:186} INFO - Started process (PID=32934) to work on /Users/nick/airflow/airflow_venv/lib/python3.11/site-packages/airflow/example_dags/example_trigger_target_dag.py
[2024-11-04T11:26:10.464+0100] {processor.py:914} INFO - Processing file /Users/nick/airflow/airflow_venv/lib/python3.11/site-packages/airflow/example_dags/example_trigger_target_dag.py for tasks to queue
[2024-11-04T11:26:10.464+0100] {logging_mixin.py:190} INFO - [2024-11-04T11:26:10.464+0100] {dagbag.py:588} INFO - Filling up the DagBag from /Users/nick/airflow/airflow_venv/lib/python3.11/site-packages/airflow/example_dags/example_trigger_target_dag.py
[2024-11-04T11:26:10.478+0100] {processor.py:925} INFO - DAG(s) 'example_trigger_target_dag' retrieved from /Users/nick/airflow/airflow_venv/lib/python3.11/site-packages/airflow/example_dags/example_trigger_target_dag.py
[2024-11-04T11:26:10.513+0100] {logging_mixin.py:190} INFO - [2024-11-04T11:26:10.512+0100] {dag.py:3239} INFO - Sync 1 DAGs
[2024-11-04T11:26:10.544+0100] {logging_mixin.py:190} INFO - [2024-11-04T11:26:10.543+0100] {dag.py:4180} INFO - Setting next_dagrun for example_trigger_target_dag to None, run_after=None
[2024-11-04T11:26:10.551+0100] {processor.py:208} INFO - Processing /Users/nick/airflow/airflow_venv/lib/python3.11/site-packages/airflow/example_dags/example_trigger_target_dag.py took 0.090 seconds
[2024-11-04T11:28:07.819+0100] {processor.py:186} INFO - Started process (PID=34417) to work on /Users/nick/airflow/airflow_venv/lib/python3.11/site-packages/airflow/example_dags/example_trigger_target_dag.py
[2024-11-04T11:28:07.820+0100] {processor.py:914} INFO - Processing file /Users/nick/airflow/airflow_venv/lib/python3.11/site-packages/airflow/example_dags/example_trigger_target_dag.py for tasks to queue
[2024-11-04T11:28:07.820+0100] {logging_mixin.py:190} INFO - [2024-11-04T11:28:07.820+0100] {dagbag.py:588} INFO - Filling up the DagBag from /Users/nick/airflow/airflow_venv/lib/python3.11/site-packages/airflow/example_dags/example_trigger_target_dag.py
[2024-11-04T11:28:07.835+0100] {processor.py:925} INFO - DAG(s) 'example_trigger_target_dag' retrieved from /Users/nick/airflow/airflow_venv/lib/python3.11/site-packages/airflow/example_dags/example_trigger_target_dag.py
[2024-11-04T11:28:07.870+0100] {logging_mixin.py:190} INFO - [2024-11-04T11:28:07.870+0100] {dag.py:3239} INFO - Sync 1 DAGs
[2024-11-04T11:28:07.902+0100] {logging_mixin.py:190} INFO - [2024-11-04T11:28:07.901+0100] {dag.py:4180} INFO - Setting next_dagrun for example_trigger_target_dag to None, run_after=None
[2024-11-04T11:28:07.909+0100] {processor.py:208} INFO - Processing /Users/nick/airflow/airflow_venv/lib/python3.11/site-packages/airflow/example_dags/example_trigger_target_dag.py took 0.091 seconds
