[2024-11-04T11:05:44.496+0100] {processor.py:186} INFO - Started process (PID=17720) to work on /Users/nick/Desktop/Code/MSTeams_pipeline/airflow/lib/python3.11/site-packages/airflow/example_dags/example_bash_operator.py
[2024-11-04T11:05:44.496+0100] {processor.py:914} INFO - Processing file /Users/nick/Desktop/Code/MSTeams_pipeline/airflow/lib/python3.11/site-packages/airflow/example_dags/example_bash_operator.py for tasks to queue
[2024-11-04T11:05:44.496+0100] {logging_mixin.py:190} INFO - [2024-11-04T11:05:44.496+0100] {dagbag.py:588} INFO - Filling up the DagBag from /Users/nick/Desktop/Code/MSTeams_pipeline/airflow/lib/python3.11/site-packages/airflow/example_dags/example_bash_operator.py
[2024-11-04T11:05:44.501+0100] {processor.py:925} INFO - DAG(s) 'example_bash_operator' retrieved from /Users/nick/Desktop/Code/MSTeams_pipeline/airflow/lib/python3.11/site-packages/airflow/example_dags/example_bash_operator.py
[2024-11-04T11:05:44.592+0100] {logging_mixin.py:190} INFO - [2024-11-04T11:05:44.592+0100] {dag.py:3239} INFO - Sync 1 DAGs
[2024-11-04T11:05:44.598+0100] {logging_mixin.py:190} INFO - [2024-11-04T11:05:44.598+0100] {dag.py:4180} INFO - Setting next_dagrun for example_bash_operator to 2024-11-03 00:00:00+00:00, run_after=2024-11-04 00:00:00+00:00
[2024-11-04T11:05:44.605+0100] {processor.py:208} INFO - Processing /Users/nick/Desktop/Code/MSTeams_pipeline/airflow/lib/python3.11/site-packages/airflow/example_dags/example_bash_operator.py took 0.110 seconds
[2024-11-04T11:08:11.681+0100] {processor.py:186} INFO - Started process (PID=19439) to work on /Users/nick/Desktop/Code/MSTeams_pipeline/airflow/lib/python3.11/site-packages/airflow/example_dags/example_bash_operator.py
[2024-11-04T11:08:11.681+0100] {processor.py:914} INFO - Processing file /Users/nick/Desktop/Code/MSTeams_pipeline/airflow/lib/python3.11/site-packages/airflow/example_dags/example_bash_operator.py for tasks to queue
[2024-11-04T11:08:11.682+0100] {logging_mixin.py:190} INFO - [2024-11-04T11:08:11.682+0100] {dagbag.py:588} INFO - Filling up the DagBag from /Users/nick/Desktop/Code/MSTeams_pipeline/airflow/lib/python3.11/site-packages/airflow/example_dags/example_bash_operator.py
[2024-11-04T11:08:11.688+0100] {processor.py:925} INFO - DAG(s) 'example_bash_operator' retrieved from /Users/nick/Desktop/Code/MSTeams_pipeline/airflow/lib/python3.11/site-packages/airflow/example_dags/example_bash_operator.py
[2024-11-04T11:08:11.727+0100] {logging_mixin.py:190} INFO - [2024-11-04T11:08:11.726+0100] {dag.py:3239} INFO - Sync 1 DAGs
[2024-11-04T11:08:11.733+0100] {logging_mixin.py:190} INFO - [2024-11-04T11:08:11.733+0100] {dag.py:4180} INFO - Setting next_dagrun for example_bash_operator to 2024-11-03 00:00:00+00:00, run_after=2024-11-04 00:00:00+00:00
[2024-11-04T11:08:11.740+0100] {processor.py:208} INFO - Processing /Users/nick/Desktop/Code/MSTeams_pipeline/airflow/lib/python3.11/site-packages/airflow/example_dags/example_bash_operator.py took 0.061 seconds
[2024-11-04T11:11:56.888+0100] {processor.py:186} INFO - Started process (PID=22159) to work on /Users/nick/Desktop/Code/MSTeams_pipeline/airflow/lib/python3.11/site-packages/airflow/example_dags/example_bash_operator.py
[2024-11-04T11:11:56.889+0100] {processor.py:914} INFO - Processing file /Users/nick/Desktop/Code/MSTeams_pipeline/airflow/lib/python3.11/site-packages/airflow/example_dags/example_bash_operator.py for tasks to queue
[2024-11-04T11:11:56.889+0100] {logging_mixin.py:190} INFO - [2024-11-04T11:11:56.889+0100] {dagbag.py:588} INFO - Filling up the DagBag from /Users/nick/Desktop/Code/MSTeams_pipeline/airflow/lib/python3.11/site-packages/airflow/example_dags/example_bash_operator.py
[2024-11-04T11:11:56.893+0100] {processor.py:925} INFO - DAG(s) 'example_bash_operator' retrieved from /Users/nick/Desktop/Code/MSTeams_pipeline/airflow/lib/python3.11/site-packages/airflow/example_dags/example_bash_operator.py
[2024-11-04T11:11:56.930+0100] {logging_mixin.py:190} INFO - [2024-11-04T11:11:56.930+0100] {dag.py:3239} INFO - Sync 1 DAGs
[2024-11-04T11:11:56.937+0100] {logging_mixin.py:190} INFO - [2024-11-04T11:11:56.937+0100] {dag.py:4180} INFO - Setting next_dagrun for example_bash_operator to 2024-11-03 00:00:00+00:00, run_after=2024-11-04 00:00:00+00:00
[2024-11-04T11:11:56.945+0100] {processor.py:208} INFO - Processing /Users/nick/Desktop/Code/MSTeams_pipeline/airflow/lib/python3.11/site-packages/airflow/example_dags/example_bash_operator.py took 0.058 seconds
[2024-11-04T11:16:16.370+0100] {processor.py:186} INFO - Started process (PID=25702) to work on /Users/nick/airflow/airflow_venv/lib/python3.11/site-packages/airflow/example_dags/example_bash_operator.py
[2024-11-04T11:16:16.370+0100] {processor.py:914} INFO - Processing file /Users/nick/airflow/airflow_venv/lib/python3.11/site-packages/airflow/example_dags/example_bash_operator.py for tasks to queue
[2024-11-04T11:16:16.370+0100] {logging_mixin.py:190} INFO - [2024-11-04T11:16:16.370+0100] {dagbag.py:588} INFO - Filling up the DagBag from /Users/nick/airflow/airflow_venv/lib/python3.11/site-packages/airflow/example_dags/example_bash_operator.py
[2024-11-04T11:16:16.375+0100] {processor.py:925} INFO - DAG(s) 'example_bash_operator' retrieved from /Users/nick/airflow/airflow_venv/lib/python3.11/site-packages/airflow/example_dags/example_bash_operator.py
[2024-11-04T11:16:16.466+0100] {logging_mixin.py:190} INFO - [2024-11-04T11:16:16.466+0100] {dag.py:3239} INFO - Sync 1 DAGs
[2024-11-04T11:16:16.473+0100] {logging_mixin.py:190} INFO - [2024-11-04T11:16:16.472+0100] {dag.py:4180} INFO - Setting next_dagrun for example_bash_operator to 2024-11-03 00:00:00+00:00, run_after=2024-11-04 00:00:00+00:00
[2024-11-04T11:16:16.480+0100] {processor.py:208} INFO - Processing /Users/nick/airflow/airflow_venv/lib/python3.11/site-packages/airflow/example_dags/example_bash_operator.py took 0.112 seconds
[2024-11-04T11:18:41.418+0100] {processor.py:186} INFO - Started process (PID=27643) to work on /Users/nick/airflow/airflow_venv/lib/python3.11/site-packages/airflow/example_dags/example_bash_operator.py
[2024-11-04T11:18:41.418+0100] {processor.py:914} INFO - Processing file /Users/nick/airflow/airflow_venv/lib/python3.11/site-packages/airflow/example_dags/example_bash_operator.py for tasks to queue
[2024-11-04T11:18:41.418+0100] {logging_mixin.py:190} INFO - [2024-11-04T11:18:41.418+0100] {dagbag.py:588} INFO - Filling up the DagBag from /Users/nick/airflow/airflow_venv/lib/python3.11/site-packages/airflow/example_dags/example_bash_operator.py
[2024-11-04T11:18:41.422+0100] {processor.py:925} INFO - DAG(s) 'example_bash_operator' retrieved from /Users/nick/airflow/airflow_venv/lib/python3.11/site-packages/airflow/example_dags/example_bash_operator.py
[2024-11-04T11:18:41.459+0100] {logging_mixin.py:190} INFO - [2024-11-04T11:18:41.459+0100] {dag.py:3239} INFO - Sync 1 DAGs
[2024-11-04T11:18:41.465+0100] {logging_mixin.py:190} INFO - [2024-11-04T11:18:41.465+0100] {dag.py:4180} INFO - Setting next_dagrun for example_bash_operator to 2024-11-03 00:00:00+00:00, run_after=2024-11-04 00:00:00+00:00
[2024-11-04T11:18:41.472+0100] {processor.py:208} INFO - Processing /Users/nick/airflow/airflow_venv/lib/python3.11/site-packages/airflow/example_dags/example_bash_operator.py took 0.055 seconds
[2024-11-04T11:21:10.967+0100] {processor.py:186} INFO - Started process (PID=29453) to work on /Users/nick/airflow/airflow_venv/lib/python3.11/site-packages/airflow/example_dags/example_bash_operator.py
[2024-11-04T11:21:10.967+0100] {processor.py:914} INFO - Processing file /Users/nick/airflow/airflow_venv/lib/python3.11/site-packages/airflow/example_dags/example_bash_operator.py for tasks to queue
[2024-11-04T11:21:10.967+0100] {logging_mixin.py:190} INFO - [2024-11-04T11:21:10.967+0100] {dagbag.py:588} INFO - Filling up the DagBag from /Users/nick/airflow/airflow_venv/lib/python3.11/site-packages/airflow/example_dags/example_bash_operator.py
[2024-11-04T11:21:10.972+0100] {processor.py:925} INFO - DAG(s) 'example_bash_operator' retrieved from /Users/nick/airflow/airflow_venv/lib/python3.11/site-packages/airflow/example_dags/example_bash_operator.py
[2024-11-04T11:21:11.012+0100] {logging_mixin.py:190} INFO - [2024-11-04T11:21:11.012+0100] {dag.py:3239} INFO - Sync 1 DAGs
[2024-11-04T11:21:11.019+0100] {logging_mixin.py:190} INFO - [2024-11-04T11:21:11.019+0100] {dag.py:4180} INFO - Setting next_dagrun for example_bash_operator to 2024-11-03 00:00:00+00:00, run_after=2024-11-04 00:00:00+00:00
[2024-11-04T11:21:11.026+0100] {processor.py:208} INFO - Processing /Users/nick/airflow/airflow_venv/lib/python3.11/site-packages/airflow/example_dags/example_bash_operator.py took 0.061 seconds
[2024-11-04T11:23:42.334+0100] {processor.py:186} INFO - Started process (PID=31130) to work on /Users/nick/airflow/airflow_venv/lib/python3.11/site-packages/airflow/example_dags/example_bash_operator.py
[2024-11-04T11:23:42.334+0100] {processor.py:914} INFO - Processing file /Users/nick/airflow/airflow_venv/lib/python3.11/site-packages/airflow/example_dags/example_bash_operator.py for tasks to queue
[2024-11-04T11:23:42.334+0100] {logging_mixin.py:190} INFO - [2024-11-04T11:23:42.334+0100] {dagbag.py:588} INFO - Filling up the DagBag from /Users/nick/airflow/airflow_venv/lib/python3.11/site-packages/airflow/example_dags/example_bash_operator.py
[2024-11-04T11:23:42.339+0100] {processor.py:925} INFO - DAG(s) 'example_bash_operator' retrieved from /Users/nick/airflow/airflow_venv/lib/python3.11/site-packages/airflow/example_dags/example_bash_operator.py
[2024-11-04T11:23:42.378+0100] {logging_mixin.py:190} INFO - [2024-11-04T11:23:42.378+0100] {dag.py:3239} INFO - Sync 1 DAGs
[2024-11-04T11:23:42.385+0100] {logging_mixin.py:190} INFO - [2024-11-04T11:23:42.385+0100] {dag.py:4180} INFO - Setting next_dagrun for example_bash_operator to 2024-11-03 00:00:00+00:00, run_after=2024-11-04 00:00:00+00:00
[2024-11-04T11:23:42.392+0100] {processor.py:208} INFO - Processing /Users/nick/airflow/airflow_venv/lib/python3.11/site-packages/airflow/example_dags/example_bash_operator.py took 0.060 seconds
