[2024-11-04T11:04:20.802+0100] {processor.py:186} INFO - Started process (PID=16730) to work on /Users/nick/Desktop/Code/MSTeams_pipeline/airflow/lib/python3.11/site-packages/airflow/example_dags/tutorial_taskflow_api.py
[2024-11-04T11:04:20.803+0100] {processor.py:914} INFO - Processing file /Users/nick/Desktop/Code/MSTeams_pipeline/airflow/lib/python3.11/site-packages/airflow/example_dags/tutorial_taskflow_api.py for tasks to queue
[2024-11-04T11:04:20.803+0100] {logging_mixin.py:190} INFO - [2024-11-04T11:04:20.803+0100] {dagbag.py:588} INFO - Filling up the DagBag from /Users/nick/Desktop/Code/MSTeams_pipeline/airflow/lib/python3.11/site-packages/airflow/example_dags/tutorial_taskflow_api.py
[2024-11-04T11:04:20.817+0100] {processor.py:925} INFO - DAG(s) 'tutorial_taskflow_api' retrieved from /Users/nick/Desktop/Code/MSTeams_pipeline/airflow/lib/python3.11/site-packages/airflow/example_dags/tutorial_taskflow_api.py
[2024-11-04T11:04:20.820+0100] {logging_mixin.py:190} INFO - [2024-11-04T11:04:20.820+0100] {dag.py:3239} INFO - Sync 1 DAGs
[2024-11-04T11:04:20.851+0100] {logging_mixin.py:190} INFO - [2024-11-04T11:04:20.851+0100] {dag.py:4180} INFO - Setting next_dagrun for tutorial_taskflow_api to None, run_after=None
[2024-11-04T11:04:20.885+0100] {processor.py:208} INFO - Processing /Users/nick/Desktop/Code/MSTeams_pipeline/airflow/lib/python3.11/site-packages/airflow/example_dags/tutorial_taskflow_api.py took 0.084 seconds
[2024-11-04T11:06:03.195+0100] {processor.py:186} INFO - Started process (PID=17960) to work on /Users/nick/Desktop/Code/MSTeams_pipeline/airflow/lib/python3.11/site-packages/airflow/example_dags/tutorial_taskflow_api.py
[2024-11-04T11:06:03.196+0100] {processor.py:914} INFO - Processing file /Users/nick/Desktop/Code/MSTeams_pipeline/airflow/lib/python3.11/site-packages/airflow/example_dags/tutorial_taskflow_api.py for tasks to queue
[2024-11-04T11:06:03.196+0100] {logging_mixin.py:190} INFO - [2024-11-04T11:06:03.196+0100] {dagbag.py:588} INFO - Filling up the DagBag from /Users/nick/Desktop/Code/MSTeams_pipeline/airflow/lib/python3.11/site-packages/airflow/example_dags/tutorial_taskflow_api.py
[2024-11-04T11:06:03.210+0100] {processor.py:925} INFO - DAG(s) 'tutorial_taskflow_api' retrieved from /Users/nick/Desktop/Code/MSTeams_pipeline/airflow/lib/python3.11/site-packages/airflow/example_dags/tutorial_taskflow_api.py
[2024-11-04T11:06:03.297+0100] {logging_mixin.py:190} INFO - [2024-11-04T11:06:03.296+0100] {dag.py:3239} INFO - Sync 1 DAGs
[2024-11-04T11:06:03.300+0100] {logging_mixin.py:190} INFO - [2024-11-04T11:06:03.300+0100] {dag.py:4180} INFO - Setting next_dagrun for tutorial_taskflow_api to None, run_after=None
[2024-11-04T11:06:03.306+0100] {processor.py:208} INFO - Processing /Users/nick/Desktop/Code/MSTeams_pipeline/airflow/lib/python3.11/site-packages/airflow/example_dags/tutorial_taskflow_api.py took 0.112 seconds
[2024-11-04T11:07:19.180+0100] {processor.py:186} INFO - Started process (PID=18847) to work on /Users/nick/Desktop/Code/MSTeams_pipeline/airflow/lib/python3.11/site-packages/airflow/example_dags/tutorial_taskflow_api.py
[2024-11-04T11:07:19.181+0100] {processor.py:914} INFO - Processing file /Users/nick/Desktop/Code/MSTeams_pipeline/airflow/lib/python3.11/site-packages/airflow/example_dags/tutorial_taskflow_api.py for tasks to queue
[2024-11-04T11:07:19.182+0100] {logging_mixin.py:190} INFO - [2024-11-04T11:07:19.182+0100] {dagbag.py:588} INFO - Filling up the DagBag from /Users/nick/Desktop/Code/MSTeams_pipeline/airflow/lib/python3.11/site-packages/airflow/example_dags/tutorial_taskflow_api.py
[2024-11-04T11:07:19.197+0100] {processor.py:925} INFO - DAG(s) 'tutorial_taskflow_api' retrieved from /Users/nick/Desktop/Code/MSTeams_pipeline/airflow/lib/python3.11/site-packages/airflow/example_dags/tutorial_taskflow_api.py
[2024-11-04T11:07:19.235+0100] {logging_mixin.py:190} INFO - [2024-11-04T11:07:19.235+0100] {dag.py:3239} INFO - Sync 1 DAGs
[2024-11-04T11:07:19.267+0100] {logging_mixin.py:190} INFO - [2024-11-04T11:07:19.267+0100] {dag.py:4180} INFO - Setting next_dagrun for tutorial_taskflow_api to None, run_after=None
[2024-11-04T11:07:19.275+0100] {processor.py:208} INFO - Processing /Users/nick/Desktop/Code/MSTeams_pipeline/airflow/lib/python3.11/site-packages/airflow/example_dags/tutorial_taskflow_api.py took 0.096 seconds
[2024-11-04T11:08:32.483+0100] {processor.py:186} INFO - Started process (PID=19688) to work on /Users/nick/Desktop/Code/MSTeams_pipeline/airflow/lib/python3.11/site-packages/airflow/example_dags/tutorial_taskflow_api.py
[2024-11-04T11:08:32.484+0100] {processor.py:914} INFO - Processing file /Users/nick/Desktop/Code/MSTeams_pipeline/airflow/lib/python3.11/site-packages/airflow/example_dags/tutorial_taskflow_api.py for tasks to queue
[2024-11-04T11:08:32.485+0100] {logging_mixin.py:190} INFO - [2024-11-04T11:08:32.484+0100] {dagbag.py:588} INFO - Filling up the DagBag from /Users/nick/Desktop/Code/MSTeams_pipeline/airflow/lib/python3.11/site-packages/airflow/example_dags/tutorial_taskflow_api.py
[2024-11-04T11:08:32.501+0100] {processor.py:925} INFO - DAG(s) 'tutorial_taskflow_api' retrieved from /Users/nick/Desktop/Code/MSTeams_pipeline/airflow/lib/python3.11/site-packages/airflow/example_dags/tutorial_taskflow_api.py
[2024-11-04T11:08:32.540+0100] {logging_mixin.py:190} INFO - [2024-11-04T11:08:32.539+0100] {dag.py:3239} INFO - Sync 1 DAGs
[2024-11-04T11:08:32.573+0100] {logging_mixin.py:190} INFO - [2024-11-04T11:08:32.573+0100] {dag.py:4180} INFO - Setting next_dagrun for tutorial_taskflow_api to None, run_after=None
[2024-11-04T11:08:32.581+0100] {processor.py:208} INFO - Processing /Users/nick/Desktop/Code/MSTeams_pipeline/airflow/lib/python3.11/site-packages/airflow/example_dags/tutorial_taskflow_api.py took 0.101 seconds
[2024-11-04T11:09:46.452+0100] {processor.py:186} INFO - Started process (PID=20594) to work on /Users/nick/Desktop/Code/MSTeams_pipeline/airflow/lib/python3.11/site-packages/airflow/example_dags/tutorial_taskflow_api.py
[2024-11-04T11:09:46.453+0100] {processor.py:914} INFO - Processing file /Users/nick/Desktop/Code/MSTeams_pipeline/airflow/lib/python3.11/site-packages/airflow/example_dags/tutorial_taskflow_api.py for tasks to queue
[2024-11-04T11:09:46.453+0100] {logging_mixin.py:190} INFO - [2024-11-04T11:09:46.453+0100] {dagbag.py:588} INFO - Filling up the DagBag from /Users/nick/Desktop/Code/MSTeams_pipeline/airflow/lib/python3.11/site-packages/airflow/example_dags/tutorial_taskflow_api.py
[2024-11-04T11:09:46.467+0100] {processor.py:925} INFO - DAG(s) 'tutorial_taskflow_api' retrieved from /Users/nick/Desktop/Code/MSTeams_pipeline/airflow/lib/python3.11/site-packages/airflow/example_dags/tutorial_taskflow_api.py
[2024-11-04T11:09:46.499+0100] {logging_mixin.py:190} INFO - [2024-11-04T11:09:46.499+0100] {dag.py:3239} INFO - Sync 1 DAGs
[2024-11-04T11:09:46.530+0100] {logging_mixin.py:190} INFO - [2024-11-04T11:09:46.530+0100] {dag.py:4180} INFO - Setting next_dagrun for tutorial_taskflow_api to None, run_after=None
[2024-11-04T11:09:46.537+0100] {processor.py:208} INFO - Processing /Users/nick/Desktop/Code/MSTeams_pipeline/airflow/lib/python3.11/site-packages/airflow/example_dags/tutorial_taskflow_api.py took 0.086 seconds
[2024-11-04T11:10:33.923+0100] {processor.py:186} INFO - Started process (PID=21080) to work on /Users/nick/Desktop/Code/MSTeams_pipeline/airflow/lib/python3.11/site-packages/airflow/example_dags/tutorial_taskflow_api.py
[2024-11-04T11:10:33.924+0100] {processor.py:914} INFO - Processing file /Users/nick/Desktop/Code/MSTeams_pipeline/airflow/lib/python3.11/site-packages/airflow/example_dags/tutorial_taskflow_api.py for tasks to queue
[2024-11-04T11:10:33.924+0100] {logging_mixin.py:190} INFO - [2024-11-04T11:10:33.924+0100] {dagbag.py:588} INFO - Filling up the DagBag from /Users/nick/Desktop/Code/MSTeams_pipeline/airflow/lib/python3.11/site-packages/airflow/example_dags/tutorial_taskflow_api.py
[2024-11-04T11:10:33.937+0100] {processor.py:925} INFO - DAG(s) 'tutorial_taskflow_api' retrieved from /Users/nick/Desktop/Code/MSTeams_pipeline/airflow/lib/python3.11/site-packages/airflow/example_dags/tutorial_taskflow_api.py
[2024-11-04T11:10:33.970+0100] {logging_mixin.py:190} INFO - [2024-11-04T11:10:33.970+0100] {dag.py:3239} INFO - Sync 1 DAGs
[2024-11-04T11:10:34.000+0100] {logging_mixin.py:190} INFO - [2024-11-04T11:10:34.000+0100] {dag.py:4180} INFO - Setting next_dagrun for tutorial_taskflow_api to None, run_after=None
[2024-11-04T11:10:34.008+0100] {processor.py:208} INFO - Processing /Users/nick/Desktop/Code/MSTeams_pipeline/airflow/lib/python3.11/site-packages/airflow/example_dags/tutorial_taskflow_api.py took 0.085 seconds
[2024-11-04T11:12:21.939+0100] {processor.py:186} INFO - Started process (PID=22593) to work on /Users/nick/Desktop/Code/MSTeams_pipeline/airflow/lib/python3.11/site-packages/airflow/example_dags/tutorial_taskflow_api.py
[2024-11-04T11:12:21.939+0100] {processor.py:914} INFO - Processing file /Users/nick/Desktop/Code/MSTeams_pipeline/airflow/lib/python3.11/site-packages/airflow/example_dags/tutorial_taskflow_api.py for tasks to queue
[2024-11-04T11:12:21.940+0100] {logging_mixin.py:190} INFO - [2024-11-04T11:12:21.940+0100] {dagbag.py:588} INFO - Filling up the DagBag from /Users/nick/Desktop/Code/MSTeams_pipeline/airflow/lib/python3.11/site-packages/airflow/example_dags/tutorial_taskflow_api.py
[2024-11-04T11:12:21.954+0100] {processor.py:925} INFO - DAG(s) 'tutorial_taskflow_api' retrieved from /Users/nick/Desktop/Code/MSTeams_pipeline/airflow/lib/python3.11/site-packages/airflow/example_dags/tutorial_taskflow_api.py
[2024-11-04T11:12:21.987+0100] {logging_mixin.py:190} INFO - [2024-11-04T11:12:21.987+0100] {dag.py:3239} INFO - Sync 1 DAGs
[2024-11-04T11:12:22.017+0100] {logging_mixin.py:190} INFO - [2024-11-04T11:12:22.017+0100] {dag.py:4180} INFO - Setting next_dagrun for tutorial_taskflow_api to None, run_after=None
[2024-11-04T11:12:22.023+0100] {processor.py:208} INFO - Processing /Users/nick/Desktop/Code/MSTeams_pipeline/airflow/lib/python3.11/site-packages/airflow/example_dags/tutorial_taskflow_api.py took 0.086 seconds
[2024-11-04T11:14:47.853+0100] {processor.py:186} INFO - Started process (PID=24635) to work on /Users/nick/airflow/airflow_venv/lib/python3.11/site-packages/airflow/example_dags/tutorial_taskflow_api.py
[2024-11-04T11:14:47.854+0100] {processor.py:914} INFO - Processing file /Users/nick/airflow/airflow_venv/lib/python3.11/site-packages/airflow/example_dags/tutorial_taskflow_api.py for tasks to queue
[2024-11-04T11:14:47.854+0100] {logging_mixin.py:190} INFO - [2024-11-04T11:14:47.854+0100] {dagbag.py:588} INFO - Filling up the DagBag from /Users/nick/airflow/airflow_venv/lib/python3.11/site-packages/airflow/example_dags/tutorial_taskflow_api.py
[2024-11-04T11:14:47.867+0100] {processor.py:925} INFO - DAG(s) 'tutorial_taskflow_api' retrieved from /Users/nick/airflow/airflow_venv/lib/python3.11/site-packages/airflow/example_dags/tutorial_taskflow_api.py
[2024-11-04T11:14:47.955+0100] {logging_mixin.py:190} INFO - [2024-11-04T11:14:47.954+0100] {dag.py:3239} INFO - Sync 1 DAGs
[2024-11-04T11:14:47.958+0100] {logging_mixin.py:190} INFO - [2024-11-04T11:14:47.958+0100] {dag.py:4180} INFO - Setting next_dagrun for tutorial_taskflow_api to None, run_after=None
[2024-11-04T11:14:47.965+0100] {processor.py:208} INFO - Processing /Users/nick/airflow/airflow_venv/lib/python3.11/site-packages/airflow/example_dags/tutorial_taskflow_api.py took 0.113 seconds
[2024-11-04T11:16:34.830+0100] {processor.py:186} INFO - Started process (PID=26094) to work on /Users/nick/airflow/airflow_venv/lib/python3.11/site-packages/airflow/example_dags/tutorial_taskflow_api.py
[2024-11-04T11:16:34.830+0100] {processor.py:914} INFO - Processing file /Users/nick/airflow/airflow_venv/lib/python3.11/site-packages/airflow/example_dags/tutorial_taskflow_api.py for tasks to queue
[2024-11-04T11:16:34.830+0100] {logging_mixin.py:190} INFO - [2024-11-04T11:16:34.830+0100] {dagbag.py:588} INFO - Filling up the DagBag from /Users/nick/airflow/airflow_venv/lib/python3.11/site-packages/airflow/example_dags/tutorial_taskflow_api.py
[2024-11-04T11:16:34.844+0100] {processor.py:925} INFO - DAG(s) 'tutorial_taskflow_api' retrieved from /Users/nick/airflow/airflow_venv/lib/python3.11/site-packages/airflow/example_dags/tutorial_taskflow_api.py
[2024-11-04T11:16:34.875+0100] {logging_mixin.py:190} INFO - [2024-11-04T11:16:34.875+0100] {dag.py:3239} INFO - Sync 1 DAGs
[2024-11-04T11:16:34.903+0100] {logging_mixin.py:190} INFO - [2024-11-04T11:16:34.903+0100] {dag.py:4180} INFO - Setting next_dagrun for tutorial_taskflow_api to None, run_after=None
[2024-11-04T11:16:34.909+0100] {processor.py:208} INFO - Processing /Users/nick/airflow/airflow_venv/lib/python3.11/site-packages/airflow/example_dags/tutorial_taskflow_api.py took 0.081 seconds
[2024-11-04T11:17:51.300+0100] {processor.py:186} INFO - Started process (PID=27040) to work on /Users/nick/airflow/airflow_venv/lib/python3.11/site-packages/airflow/example_dags/tutorial_taskflow_api.py
[2024-11-04T11:17:51.300+0100] {processor.py:914} INFO - Processing file /Users/nick/airflow/airflow_venv/lib/python3.11/site-packages/airflow/example_dags/tutorial_taskflow_api.py for tasks to queue
[2024-11-04T11:17:51.301+0100] {logging_mixin.py:190} INFO - [2024-11-04T11:17:51.301+0100] {dagbag.py:588} INFO - Filling up the DagBag from /Users/nick/airflow/airflow_venv/lib/python3.11/site-packages/airflow/example_dags/tutorial_taskflow_api.py
[2024-11-04T11:17:51.314+0100] {processor.py:925} INFO - DAG(s) 'tutorial_taskflow_api' retrieved from /Users/nick/airflow/airflow_venv/lib/python3.11/site-packages/airflow/example_dags/tutorial_taskflow_api.py
[2024-11-04T11:17:51.346+0100] {logging_mixin.py:190} INFO - [2024-11-04T11:17:51.346+0100] {dag.py:3239} INFO - Sync 1 DAGs
[2024-11-04T11:17:51.373+0100] {logging_mixin.py:190} INFO - [2024-11-04T11:17:51.373+0100] {dag.py:4180} INFO - Setting next_dagrun for tutorial_taskflow_api to None, run_after=None
[2024-11-04T11:17:51.380+0100] {processor.py:208} INFO - Processing /Users/nick/airflow/airflow_venv/lib/python3.11/site-packages/airflow/example_dags/tutorial_taskflow_api.py took 0.081 seconds
[2024-11-04T11:19:02.699+0100] {processor.py:186} INFO - Started process (PID=27916) to work on /Users/nick/airflow/airflow_venv/lib/python3.11/site-packages/airflow/example_dags/tutorial_taskflow_api.py
[2024-11-04T11:19:02.699+0100] {processor.py:914} INFO - Processing file /Users/nick/airflow/airflow_venv/lib/python3.11/site-packages/airflow/example_dags/tutorial_taskflow_api.py for tasks to queue
[2024-11-04T11:19:02.700+0100] {logging_mixin.py:190} INFO - [2024-11-04T11:19:02.700+0100] {dagbag.py:588} INFO - Filling up the DagBag from /Users/nick/airflow/airflow_venv/lib/python3.11/site-packages/airflow/example_dags/tutorial_taskflow_api.py
[2024-11-04T11:19:02.713+0100] {processor.py:925} INFO - DAG(s) 'tutorial_taskflow_api' retrieved from /Users/nick/airflow/airflow_venv/lib/python3.11/site-packages/airflow/example_dags/tutorial_taskflow_api.py
[2024-11-04T11:19:02.749+0100] {logging_mixin.py:190} INFO - [2024-11-04T11:19:02.748+0100] {dag.py:3239} INFO - Sync 1 DAGs
[2024-11-04T11:19:02.779+0100] {logging_mixin.py:190} INFO - [2024-11-04T11:19:02.779+0100] {dag.py:4180} INFO - Setting next_dagrun for tutorial_taskflow_api to None, run_after=None
[2024-11-04T11:19:02.787+0100] {processor.py:208} INFO - Processing /Users/nick/airflow/airflow_venv/lib/python3.11/site-packages/airflow/example_dags/tutorial_taskflow_api.py took 0.089 seconds
[2024-11-04T11:20:14.753+0100] {processor.py:186} INFO - Started process (PID=28752) to work on /Users/nick/airflow/airflow_venv/lib/python3.11/site-packages/airflow/example_dags/tutorial_taskflow_api.py
[2024-11-04T11:20:14.753+0100] {processor.py:914} INFO - Processing file /Users/nick/airflow/airflow_venv/lib/python3.11/site-packages/airflow/example_dags/tutorial_taskflow_api.py for tasks to queue
[2024-11-04T11:20:14.753+0100] {logging_mixin.py:190} INFO - [2024-11-04T11:20:14.753+0100] {dagbag.py:588} INFO - Filling up the DagBag from /Users/nick/airflow/airflow_venv/lib/python3.11/site-packages/airflow/example_dags/tutorial_taskflow_api.py
[2024-11-04T11:20:14.767+0100] {processor.py:925} INFO - DAG(s) 'tutorial_taskflow_api' retrieved from /Users/nick/airflow/airflow_venv/lib/python3.11/site-packages/airflow/example_dags/tutorial_taskflow_api.py
[2024-11-04T11:20:14.801+0100] {logging_mixin.py:190} INFO - [2024-11-04T11:20:14.801+0100] {dag.py:3239} INFO - Sync 1 DAGs
[2024-11-04T11:20:14.833+0100] {logging_mixin.py:190} INFO - [2024-11-04T11:20:14.833+0100] {dag.py:4180} INFO - Setting next_dagrun for tutorial_taskflow_api to None, run_after=None
[2024-11-04T11:20:14.840+0100] {processor.py:208} INFO - Processing /Users/nick/airflow/airflow_venv/lib/python3.11/site-packages/airflow/example_dags/tutorial_taskflow_api.py took 0.088 seconds
[2024-11-04T11:21:32.744+0100] {processor.py:186} INFO - Started process (PID=29688) to work on /Users/nick/airflow/airflow_venv/lib/python3.11/site-packages/airflow/example_dags/tutorial_taskflow_api.py
[2024-11-04T11:21:32.744+0100] {processor.py:914} INFO - Processing file /Users/nick/airflow/airflow_venv/lib/python3.11/site-packages/airflow/example_dags/tutorial_taskflow_api.py for tasks to queue
[2024-11-04T11:21:32.745+0100] {logging_mixin.py:190} INFO - [2024-11-04T11:21:32.745+0100] {dagbag.py:588} INFO - Filling up the DagBag from /Users/nick/airflow/airflow_venv/lib/python3.11/site-packages/airflow/example_dags/tutorial_taskflow_api.py
[2024-11-04T11:21:32.759+0100] {processor.py:925} INFO - DAG(s) 'tutorial_taskflow_api' retrieved from /Users/nick/airflow/airflow_venv/lib/python3.11/site-packages/airflow/example_dags/tutorial_taskflow_api.py
[2024-11-04T11:21:32.795+0100] {logging_mixin.py:190} INFO - [2024-11-04T11:21:32.795+0100] {dag.py:3239} INFO - Sync 1 DAGs
[2024-11-04T11:21:32.830+0100] {logging_mixin.py:190} INFO - [2024-11-04T11:21:32.830+0100] {dag.py:4180} INFO - Setting next_dagrun for tutorial_taskflow_api to None, run_after=None
[2024-11-04T11:21:32.838+0100] {processor.py:208} INFO - Processing /Users/nick/airflow/airflow_venv/lib/python3.11/site-packages/airflow/example_dags/tutorial_taskflow_api.py took 0.096 seconds
[2024-11-04T11:22:48.317+0100] {processor.py:186} INFO - Started process (PID=30521) to work on /Users/nick/airflow/airflow_venv/lib/python3.11/site-packages/airflow/example_dags/tutorial_taskflow_api.py
[2024-11-04T11:22:48.317+0100] {processor.py:914} INFO - Processing file /Users/nick/airflow/airflow_venv/lib/python3.11/site-packages/airflow/example_dags/tutorial_taskflow_api.py for tasks to queue
[2024-11-04T11:22:48.317+0100] {logging_mixin.py:190} INFO - [2024-11-04T11:22:48.317+0100] {dagbag.py:588} INFO - Filling up the DagBag from /Users/nick/airflow/airflow_venv/lib/python3.11/site-packages/airflow/example_dags/tutorial_taskflow_api.py
[2024-11-04T11:22:48.330+0100] {processor.py:925} INFO - DAG(s) 'tutorial_taskflow_api' retrieved from /Users/nick/airflow/airflow_venv/lib/python3.11/site-packages/airflow/example_dags/tutorial_taskflow_api.py
[2024-11-04T11:22:48.365+0100] {logging_mixin.py:190} INFO - [2024-11-04T11:22:48.365+0100] {dag.py:3239} INFO - Sync 1 DAGs
[2024-11-04T11:22:48.397+0100] {logging_mixin.py:190} INFO - [2024-11-04T11:22:48.397+0100] {dag.py:4180} INFO - Setting next_dagrun for tutorial_taskflow_api to None, run_after=None
[2024-11-04T11:22:48.407+0100] {processor.py:208} INFO - Processing /Users/nick/airflow/airflow_venv/lib/python3.11/site-packages/airflow/example_dags/tutorial_taskflow_api.py took 0.092 seconds
[2024-11-04T11:25:57.153+0100] {processor.py:186} INFO - Started process (PID=32711) to work on /Users/nick/airflow/airflow_venv/lib/python3.11/site-packages/airflow/example_dags/tutorial_taskflow_api.py
[2024-11-04T11:25:57.154+0100] {processor.py:914} INFO - Processing file /Users/nick/airflow/airflow_venv/lib/python3.11/site-packages/airflow/example_dags/tutorial_taskflow_api.py for tasks to queue
[2024-11-04T11:25:57.154+0100] {logging_mixin.py:190} INFO - [2024-11-04T11:25:57.154+0100] {dagbag.py:588} INFO - Filling up the DagBag from /Users/nick/airflow/airflow_venv/lib/python3.11/site-packages/airflow/example_dags/tutorial_taskflow_api.py
[2024-11-04T11:25:57.168+0100] {processor.py:925} INFO - DAG(s) 'tutorial_taskflow_api' retrieved from /Users/nick/airflow/airflow_venv/lib/python3.11/site-packages/airflow/example_dags/tutorial_taskflow_api.py
[2024-11-04T11:25:57.205+0100] {logging_mixin.py:190} INFO - [2024-11-04T11:25:57.205+0100] {dag.py:3239} INFO - Sync 1 DAGs
[2024-11-04T11:25:57.240+0100] {logging_mixin.py:190} INFO - [2024-11-04T11:25:57.240+0100] {dag.py:4180} INFO - Setting next_dagrun for tutorial_taskflow_api to None, run_after=None
[2024-11-04T11:25:57.249+0100] {processor.py:208} INFO - Processing /Users/nick/airflow/airflow_venv/lib/python3.11/site-packages/airflow/example_dags/tutorial_taskflow_api.py took 0.097 seconds
[2024-11-04T11:27:54.224+0100] {processor.py:186} INFO - Started process (PID=34290) to work on /Users/nick/airflow/airflow_venv/lib/python3.11/site-packages/airflow/example_dags/tutorial_taskflow_api.py
[2024-11-04T11:27:54.224+0100] {processor.py:914} INFO - Processing file /Users/nick/airflow/airflow_venv/lib/python3.11/site-packages/airflow/example_dags/tutorial_taskflow_api.py for tasks to queue
[2024-11-04T11:27:54.224+0100] {logging_mixin.py:190} INFO - [2024-11-04T11:27:54.224+0100] {dagbag.py:588} INFO - Filling up the DagBag from /Users/nick/airflow/airflow_venv/lib/python3.11/site-packages/airflow/example_dags/tutorial_taskflow_api.py
[2024-11-04T11:27:54.238+0100] {processor.py:925} INFO - DAG(s) 'tutorial_taskflow_api' retrieved from /Users/nick/airflow/airflow_venv/lib/python3.11/site-packages/airflow/example_dags/tutorial_taskflow_api.py
[2024-11-04T11:27:54.273+0100] {logging_mixin.py:190} INFO - [2024-11-04T11:27:54.273+0100] {dag.py:3239} INFO - Sync 1 DAGs
[2024-11-04T11:27:54.304+0100] {logging_mixin.py:190} INFO - [2024-11-04T11:27:54.303+0100] {dag.py:4180} INFO - Setting next_dagrun for tutorial_taskflow_api to None, run_after=None
[2024-11-04T11:27:54.311+0100] {processor.py:208} INFO - Processing /Users/nick/airflow/airflow_venv/lib/python3.11/site-packages/airflow/example_dags/tutorial_taskflow_api.py took 0.088 seconds
