[2024-11-04T11:04:19.291+0100] {processor.py:186} INFO - Started process (PID=16629) to work on /Users/nick/Desktop/Code/MSTeams_pipeline/airflow/lib/python3.11/site-packages/airflow/example_dags/tutorial_taskflow_api_virtualenv.py
[2024-11-04T11:04:19.291+0100] {processor.py:914} INFO - Processing file /Users/nick/Desktop/Code/MSTeams_pipeline/airflow/lib/python3.11/site-packages/airflow/example_dags/tutorial_taskflow_api_virtualenv.py for tasks to queue
[2024-11-04T11:04:19.291+0100] {logging_mixin.py:190} INFO - [2024-11-04T11:04:19.291+0100] {dagbag.py:588} INFO - Filling up the DagBag from /Users/nick/Desktop/Code/MSTeams_pipeline/airflow/lib/python3.11/site-packages/airflow/example_dags/tutorial_taskflow_api_virtualenv.py
[2024-11-04T11:04:19.306+0100] {processor.py:925} INFO - DAG(s) 'tutorial_taskflow_api_virtualenv' retrieved from /Users/nick/Desktop/Code/MSTeams_pipeline/airflow/lib/python3.11/site-packages/airflow/example_dags/tutorial_taskflow_api_virtualenv.py
[2024-11-04T11:04:19.308+0100] {logging_mixin.py:190} INFO - [2024-11-04T11:04:19.308+0100] {dag.py:3239} INFO - Sync 1 DAGs
[2024-11-04T11:04:19.341+0100] {logging_mixin.py:190} INFO - [2024-11-04T11:04:19.341+0100] {dag.py:4180} INFO - Setting next_dagrun for tutorial_taskflow_api_virtualenv to None, run_after=None
[2024-11-04T11:04:19.376+0100] {processor.py:208} INFO - Processing /Users/nick/Desktop/Code/MSTeams_pipeline/airflow/lib/python3.11/site-packages/airflow/example_dags/tutorial_taskflow_api_virtualenv.py took 0.087 seconds
[2024-11-04T11:06:01.380+0100] {processor.py:186} INFO - Started process (PID=17951) to work on /Users/nick/Desktop/Code/MSTeams_pipeline/airflow/lib/python3.11/site-packages/airflow/example_dags/tutorial_taskflow_api_virtualenv.py
[2024-11-04T11:06:01.381+0100] {processor.py:914} INFO - Processing file /Users/nick/Desktop/Code/MSTeams_pipeline/airflow/lib/python3.11/site-packages/airflow/example_dags/tutorial_taskflow_api_virtualenv.py for tasks to queue
[2024-11-04T11:06:01.381+0100] {logging_mixin.py:190} INFO - [2024-11-04T11:06:01.381+0100] {dagbag.py:588} INFO - Filling up the DagBag from /Users/nick/Desktop/Code/MSTeams_pipeline/airflow/lib/python3.11/site-packages/airflow/example_dags/tutorial_taskflow_api_virtualenv.py
[2024-11-04T11:06:01.395+0100] {processor.py:925} INFO - DAG(s) 'tutorial_taskflow_api_virtualenv' retrieved from /Users/nick/Desktop/Code/MSTeams_pipeline/airflow/lib/python3.11/site-packages/airflow/example_dags/tutorial_taskflow_api_virtualenv.py
[2024-11-04T11:06:01.479+0100] {logging_mixin.py:190} INFO - [2024-11-04T11:06:01.478+0100] {dag.py:3239} INFO - Sync 1 DAGs
[2024-11-04T11:06:01.482+0100] {logging_mixin.py:190} INFO - [2024-11-04T11:06:01.482+0100] {dag.py:4180} INFO - Setting next_dagrun for tutorial_taskflow_api_virtualenv to None, run_after=None
[2024-11-04T11:06:01.488+0100] {processor.py:208} INFO - Processing /Users/nick/Desktop/Code/MSTeams_pipeline/airflow/lib/python3.11/site-packages/airflow/example_dags/tutorial_taskflow_api_virtualenv.py took 0.109 seconds
[2024-11-04T11:07:17.034+0100] {processor.py:186} INFO - Started process (PID=18845) to work on /Users/nick/Desktop/Code/MSTeams_pipeline/airflow/lib/python3.11/site-packages/airflow/example_dags/tutorial_taskflow_api_virtualenv.py
[2024-11-04T11:07:17.036+0100] {processor.py:914} INFO - Processing file /Users/nick/Desktop/Code/MSTeams_pipeline/airflow/lib/python3.11/site-packages/airflow/example_dags/tutorial_taskflow_api_virtualenv.py for tasks to queue
[2024-11-04T11:07:17.036+0100] {logging_mixin.py:190} INFO - [2024-11-04T11:07:17.036+0100] {dagbag.py:588} INFO - Filling up the DagBag from /Users/nick/Desktop/Code/MSTeams_pipeline/airflow/lib/python3.11/site-packages/airflow/example_dags/tutorial_taskflow_api_virtualenv.py
[2024-11-04T11:07:17.054+0100] {processor.py:925} INFO - DAG(s) 'tutorial_taskflow_api_virtualenv' retrieved from /Users/nick/Desktop/Code/MSTeams_pipeline/airflow/lib/python3.11/site-packages/airflow/example_dags/tutorial_taskflow_api_virtualenv.py
[2024-11-04T11:07:17.196+0100] {logging_mixin.py:190} INFO - [2024-11-04T11:07:17.196+0100] {dag.py:3239} INFO - Sync 1 DAGs
[2024-11-04T11:07:17.200+0100] {logging_mixin.py:190} INFO - [2024-11-04T11:07:17.200+0100] {dag.py:4180} INFO - Setting next_dagrun for tutorial_taskflow_api_virtualenv to None, run_after=None
[2024-11-04T11:07:17.208+0100] {processor.py:208} INFO - Processing /Users/nick/Desktop/Code/MSTeams_pipeline/airflow/lib/python3.11/site-packages/airflow/example_dags/tutorial_taskflow_api_virtualenv.py took 0.175 seconds
[2024-11-04T11:08:30.569+0100] {processor.py:186} INFO - Started process (PID=19687) to work on /Users/nick/Desktop/Code/MSTeams_pipeline/airflow/lib/python3.11/site-packages/airflow/example_dags/tutorial_taskflow_api_virtualenv.py
[2024-11-04T11:08:30.569+0100] {processor.py:914} INFO - Processing file /Users/nick/Desktop/Code/MSTeams_pipeline/airflow/lib/python3.11/site-packages/airflow/example_dags/tutorial_taskflow_api_virtualenv.py for tasks to queue
[2024-11-04T11:08:30.570+0100] {logging_mixin.py:190} INFO - [2024-11-04T11:08:30.570+0100] {dagbag.py:588} INFO - Filling up the DagBag from /Users/nick/Desktop/Code/MSTeams_pipeline/airflow/lib/python3.11/site-packages/airflow/example_dags/tutorial_taskflow_api_virtualenv.py
[2024-11-04T11:08:30.586+0100] {processor.py:925} INFO - DAG(s) 'tutorial_taskflow_api_virtualenv' retrieved from /Users/nick/Desktop/Code/MSTeams_pipeline/airflow/lib/python3.11/site-packages/airflow/example_dags/tutorial_taskflow_api_virtualenv.py
[2024-11-04T11:08:30.681+0100] {logging_mixin.py:190} INFO - [2024-11-04T11:08:30.681+0100] {dag.py:3239} INFO - Sync 1 DAGs
[2024-11-04T11:08:30.685+0100] {logging_mixin.py:190} INFO - [2024-11-04T11:08:30.685+0100] {dag.py:4180} INFO - Setting next_dagrun for tutorial_taskflow_api_virtualenv to None, run_after=None
[2024-11-04T11:08:30.693+0100] {processor.py:208} INFO - Processing /Users/nick/Desktop/Code/MSTeams_pipeline/airflow/lib/python3.11/site-packages/airflow/example_dags/tutorial_taskflow_api_virtualenv.py took 0.126 seconds
[2024-11-04T11:09:44.548+0100] {processor.py:186} INFO - Started process (PID=20493) to work on /Users/nick/Desktop/Code/MSTeams_pipeline/airflow/lib/python3.11/site-packages/airflow/example_dags/tutorial_taskflow_api_virtualenv.py
[2024-11-04T11:09:44.548+0100] {processor.py:914} INFO - Processing file /Users/nick/Desktop/Code/MSTeams_pipeline/airflow/lib/python3.11/site-packages/airflow/example_dags/tutorial_taskflow_api_virtualenv.py for tasks to queue
[2024-11-04T11:09:44.548+0100] {logging_mixin.py:190} INFO - [2024-11-04T11:09:44.548+0100] {dagbag.py:588} INFO - Filling up the DagBag from /Users/nick/Desktop/Code/MSTeams_pipeline/airflow/lib/python3.11/site-packages/airflow/example_dags/tutorial_taskflow_api_virtualenv.py
[2024-11-04T11:09:44.577+0100] {processor.py:925} INFO - DAG(s) 'tutorial_taskflow_api_virtualenv' retrieved from /Users/nick/Desktop/Code/MSTeams_pipeline/airflow/lib/python3.11/site-packages/airflow/example_dags/tutorial_taskflow_api_virtualenv.py
[2024-11-04T11:09:44.672+0100] {logging_mixin.py:190} INFO - [2024-11-04T11:09:44.672+0100] {dag.py:3239} INFO - Sync 1 DAGs
[2024-11-04T11:09:44.676+0100] {logging_mixin.py:190} INFO - [2024-11-04T11:09:44.675+0100] {dag.py:4180} INFO - Setting next_dagrun for tutorial_taskflow_api_virtualenv to None, run_after=None
[2024-11-04T11:09:44.683+0100] {processor.py:208} INFO - Processing /Users/nick/Desktop/Code/MSTeams_pipeline/airflow/lib/python3.11/site-packages/airflow/example_dags/tutorial_taskflow_api_virtualenv.py took 0.137 seconds
[2024-11-04T11:10:32.027+0100] {processor.py:186} INFO - Started process (PID=21079) to work on /Users/nick/Desktop/Code/MSTeams_pipeline/airflow/lib/python3.11/site-packages/airflow/example_dags/tutorial_taskflow_api_virtualenv.py
[2024-11-04T11:10:32.029+0100] {processor.py:914} INFO - Processing file /Users/nick/Desktop/Code/MSTeams_pipeline/airflow/lib/python3.11/site-packages/airflow/example_dags/tutorial_taskflow_api_virtualenv.py for tasks to queue
[2024-11-04T11:10:32.030+0100] {logging_mixin.py:190} INFO - [2024-11-04T11:10:32.030+0100] {dagbag.py:588} INFO - Filling up the DagBag from /Users/nick/Desktop/Code/MSTeams_pipeline/airflow/lib/python3.11/site-packages/airflow/example_dags/tutorial_taskflow_api_virtualenv.py
[2024-11-04T11:10:32.045+0100] {processor.py:925} INFO - DAG(s) 'tutorial_taskflow_api_virtualenv' retrieved from /Users/nick/Desktop/Code/MSTeams_pipeline/airflow/lib/python3.11/site-packages/airflow/example_dags/tutorial_taskflow_api_virtualenv.py
[2024-11-04T11:10:32.134+0100] {logging_mixin.py:190} INFO - [2024-11-04T11:10:32.134+0100] {dag.py:3239} INFO - Sync 1 DAGs
[2024-11-04T11:10:32.138+0100] {logging_mixin.py:190} INFO - [2024-11-04T11:10:32.138+0100] {dag.py:4180} INFO - Setting next_dagrun for tutorial_taskflow_api_virtualenv to None, run_after=None
[2024-11-04T11:10:32.144+0100] {processor.py:208} INFO - Processing /Users/nick/Desktop/Code/MSTeams_pipeline/airflow/lib/python3.11/site-packages/airflow/example_dags/tutorial_taskflow_api_virtualenv.py took 0.118 seconds
[2024-11-04T11:12:20.032+0100] {processor.py:186} INFO - Started process (PID=22588) to work on /Users/nick/Desktop/Code/MSTeams_pipeline/airflow/lib/python3.11/site-packages/airflow/example_dags/tutorial_taskflow_api_virtualenv.py
[2024-11-04T11:12:20.032+0100] {processor.py:914} INFO - Processing file /Users/nick/Desktop/Code/MSTeams_pipeline/airflow/lib/python3.11/site-packages/airflow/example_dags/tutorial_taskflow_api_virtualenv.py for tasks to queue
[2024-11-04T11:12:20.032+0100] {logging_mixin.py:190} INFO - [2024-11-04T11:12:20.032+0100] {dagbag.py:588} INFO - Filling up the DagBag from /Users/nick/Desktop/Code/MSTeams_pipeline/airflow/lib/python3.11/site-packages/airflow/example_dags/tutorial_taskflow_api_virtualenv.py
[2024-11-04T11:12:20.047+0100] {processor.py:925} INFO - DAG(s) 'tutorial_taskflow_api_virtualenv' retrieved from /Users/nick/Desktop/Code/MSTeams_pipeline/airflow/lib/python3.11/site-packages/airflow/example_dags/tutorial_taskflow_api_virtualenv.py
[2024-11-04T11:12:20.138+0100] {logging_mixin.py:190} INFO - [2024-11-04T11:12:20.138+0100] {dag.py:3239} INFO - Sync 1 DAGs
[2024-11-04T11:12:20.142+0100] {logging_mixin.py:190} INFO - [2024-11-04T11:12:20.142+0100] {dag.py:4180} INFO - Setting next_dagrun for tutorial_taskflow_api_virtualenv to None, run_after=None
[2024-11-04T11:12:20.149+0100] {processor.py:208} INFO - Processing /Users/nick/Desktop/Code/MSTeams_pipeline/airflow/lib/python3.11/site-packages/airflow/example_dags/tutorial_taskflow_api_virtualenv.py took 0.119 seconds
[2024-11-04T11:14:46.460+0100] {processor.py:186} INFO - Started process (PID=24534) to work on /Users/nick/airflow/airflow_venv/lib/python3.11/site-packages/airflow/example_dags/tutorial_taskflow_api_virtualenv.py
[2024-11-04T11:14:46.460+0100] {processor.py:914} INFO - Processing file /Users/nick/airflow/airflow_venv/lib/python3.11/site-packages/airflow/example_dags/tutorial_taskflow_api_virtualenv.py for tasks to queue
[2024-11-04T11:14:46.460+0100] {logging_mixin.py:190} INFO - [2024-11-04T11:14:46.460+0100] {dagbag.py:588} INFO - Filling up the DagBag from /Users/nick/airflow/airflow_venv/lib/python3.11/site-packages/airflow/example_dags/tutorial_taskflow_api_virtualenv.py
[2024-11-04T11:14:46.476+0100] {processor.py:925} INFO - DAG(s) 'tutorial_taskflow_api_virtualenv' retrieved from /Users/nick/airflow/airflow_venv/lib/python3.11/site-packages/airflow/example_dags/tutorial_taskflow_api_virtualenv.py
[2024-11-04T11:14:46.569+0100] {logging_mixin.py:190} INFO - [2024-11-04T11:14:46.568+0100] {dag.py:3239} INFO - Sync 1 DAGs
[2024-11-04T11:14:46.572+0100] {logging_mixin.py:190} INFO - [2024-11-04T11:14:46.572+0100] {dag.py:4180} INFO - Setting next_dagrun for tutorial_taskflow_api_virtualenv to None, run_after=None
[2024-11-04T11:14:46.579+0100] {processor.py:208} INFO - Processing /Users/nick/airflow/airflow_venv/lib/python3.11/site-packages/airflow/example_dags/tutorial_taskflow_api_virtualenv.py took 0.121 seconds
[2024-11-04T11:16:32.989+0100] {processor.py:186} INFO - Started process (PID=26081) to work on /Users/nick/airflow/airflow_venv/lib/python3.11/site-packages/airflow/example_dags/tutorial_taskflow_api_virtualenv.py
[2024-11-04T11:16:32.989+0100] {processor.py:914} INFO - Processing file /Users/nick/airflow/airflow_venv/lib/python3.11/site-packages/airflow/example_dags/tutorial_taskflow_api_virtualenv.py for tasks to queue
[2024-11-04T11:16:32.990+0100] {logging_mixin.py:190} INFO - [2024-11-04T11:16:32.990+0100] {dagbag.py:588} INFO - Filling up the DagBag from /Users/nick/airflow/airflow_venv/lib/python3.11/site-packages/airflow/example_dags/tutorial_taskflow_api_virtualenv.py
[2024-11-04T11:16:33.004+0100] {processor.py:925} INFO - DAG(s) 'tutorial_taskflow_api_virtualenv' retrieved from /Users/nick/airflow/airflow_venv/lib/python3.11/site-packages/airflow/example_dags/tutorial_taskflow_api_virtualenv.py
[2024-11-04T11:16:33.098+0100] {logging_mixin.py:190} INFO - [2024-11-04T11:16:33.098+0100] {dag.py:3239} INFO - Sync 1 DAGs
[2024-11-04T11:16:33.101+0100] {logging_mixin.py:190} INFO - [2024-11-04T11:16:33.101+0100] {dag.py:4180} INFO - Setting next_dagrun for tutorial_taskflow_api_virtualenv to None, run_after=None
[2024-11-04T11:16:33.107+0100] {processor.py:208} INFO - Processing /Users/nick/airflow/airflow_venv/lib/python3.11/site-packages/airflow/example_dags/tutorial_taskflow_api_virtualenv.py took 0.120 seconds
[2024-11-04T11:17:49.854+0100] {processor.py:186} INFO - Started process (PID=27038) to work on /Users/nick/airflow/airflow_venv/lib/python3.11/site-packages/airflow/example_dags/tutorial_taskflow_api_virtualenv.py
[2024-11-04T11:17:49.855+0100] {processor.py:914} INFO - Processing file /Users/nick/airflow/airflow_venv/lib/python3.11/site-packages/airflow/example_dags/tutorial_taskflow_api_virtualenv.py for tasks to queue
[2024-11-04T11:17:49.855+0100] {logging_mixin.py:190} INFO - [2024-11-04T11:17:49.855+0100] {dagbag.py:588} INFO - Filling up the DagBag from /Users/nick/airflow/airflow_venv/lib/python3.11/site-packages/airflow/example_dags/tutorial_taskflow_api_virtualenv.py
[2024-11-04T11:17:49.869+0100] {processor.py:925} INFO - DAG(s) 'tutorial_taskflow_api_virtualenv' retrieved from /Users/nick/airflow/airflow_venv/lib/python3.11/site-packages/airflow/example_dags/tutorial_taskflow_api_virtualenv.py
[2024-11-04T11:17:49.963+0100] {logging_mixin.py:190} INFO - [2024-11-04T11:17:49.962+0100] {dag.py:3239} INFO - Sync 1 DAGs
[2024-11-04T11:17:49.966+0100] {logging_mixin.py:190} INFO - [2024-11-04T11:17:49.966+0100] {dag.py:4180} INFO - Setting next_dagrun for tutorial_taskflow_api_virtualenv to None, run_after=None
[2024-11-04T11:17:49.973+0100] {processor.py:208} INFO - Processing /Users/nick/airflow/airflow_venv/lib/python3.11/site-packages/airflow/example_dags/tutorial_taskflow_api_virtualenv.py took 0.120 seconds
[2024-11-04T11:19:00.765+0100] {processor.py:186} INFO - Started process (PID=27915) to work on /Users/nick/airflow/airflow_venv/lib/python3.11/site-packages/airflow/example_dags/tutorial_taskflow_api_virtualenv.py
[2024-11-04T11:19:00.766+0100] {processor.py:914} INFO - Processing file /Users/nick/airflow/airflow_venv/lib/python3.11/site-packages/airflow/example_dags/tutorial_taskflow_api_virtualenv.py for tasks to queue
[2024-11-04T11:19:00.766+0100] {logging_mixin.py:190} INFO - [2024-11-04T11:19:00.766+0100] {dagbag.py:588} INFO - Filling up the DagBag from /Users/nick/airflow/airflow_venv/lib/python3.11/site-packages/airflow/example_dags/tutorial_taskflow_api_virtualenv.py
[2024-11-04T11:19:00.780+0100] {processor.py:925} INFO - DAG(s) 'tutorial_taskflow_api_virtualenv' retrieved from /Users/nick/airflow/airflow_venv/lib/python3.11/site-packages/airflow/example_dags/tutorial_taskflow_api_virtualenv.py
[2024-11-04T11:19:00.882+0100] {logging_mixin.py:190} INFO - [2024-11-04T11:19:00.881+0100] {dag.py:3239} INFO - Sync 1 DAGs
[2024-11-04T11:19:00.886+0100] {logging_mixin.py:190} INFO - [2024-11-04T11:19:00.885+0100] {dag.py:4180} INFO - Setting next_dagrun for tutorial_taskflow_api_virtualenv to None, run_after=None
[2024-11-04T11:19:00.893+0100] {processor.py:208} INFO - Processing /Users/nick/airflow/airflow_venv/lib/python3.11/site-packages/airflow/example_dags/tutorial_taskflow_api_virtualenv.py took 0.129 seconds
[2024-11-04T11:20:13.829+0100] {processor.py:186} INFO - Started process (PID=28751) to work on /Users/nick/airflow/airflow_venv/lib/python3.11/site-packages/airflow/example_dags/tutorial_taskflow_api_virtualenv.py
[2024-11-04T11:20:13.830+0100] {processor.py:914} INFO - Processing file /Users/nick/airflow/airflow_venv/lib/python3.11/site-packages/airflow/example_dags/tutorial_taskflow_api_virtualenv.py for tasks to queue
[2024-11-04T11:20:13.830+0100] {logging_mixin.py:190} INFO - [2024-11-04T11:20:13.830+0100] {dagbag.py:588} INFO - Filling up the DagBag from /Users/nick/airflow/airflow_venv/lib/python3.11/site-packages/airflow/example_dags/tutorial_taskflow_api_virtualenv.py
[2024-11-04T11:20:13.844+0100] {processor.py:925} INFO - DAG(s) 'tutorial_taskflow_api_virtualenv' retrieved from /Users/nick/airflow/airflow_venv/lib/python3.11/site-packages/airflow/example_dags/tutorial_taskflow_api_virtualenv.py
[2024-11-04T11:20:13.942+0100] {logging_mixin.py:190} INFO - [2024-11-04T11:20:13.941+0100] {dag.py:3239} INFO - Sync 1 DAGs
[2024-11-04T11:20:13.946+0100] {logging_mixin.py:190} INFO - [2024-11-04T11:20:13.946+0100] {dag.py:4180} INFO - Setting next_dagrun for tutorial_taskflow_api_virtualenv to None, run_after=None
[2024-11-04T11:20:13.953+0100] {processor.py:208} INFO - Processing /Users/nick/airflow/airflow_venv/lib/python3.11/site-packages/airflow/example_dags/tutorial_taskflow_api_virtualenv.py took 0.125 seconds
[2024-11-04T11:21:30.772+0100] {processor.py:186} INFO - Started process (PID=29687) to work on /Users/nick/airflow/airflow_venv/lib/python3.11/site-packages/airflow/example_dags/tutorial_taskflow_api_virtualenv.py
[2024-11-04T11:21:30.772+0100] {processor.py:914} INFO - Processing file /Users/nick/airflow/airflow_venv/lib/python3.11/site-packages/airflow/example_dags/tutorial_taskflow_api_virtualenv.py for tasks to queue
[2024-11-04T11:21:30.773+0100] {logging_mixin.py:190} INFO - [2024-11-04T11:21:30.772+0100] {dagbag.py:588} INFO - Filling up the DagBag from /Users/nick/airflow/airflow_venv/lib/python3.11/site-packages/airflow/example_dags/tutorial_taskflow_api_virtualenv.py
[2024-11-04T11:21:30.789+0100] {processor.py:925} INFO - DAG(s) 'tutorial_taskflow_api_virtualenv' retrieved from /Users/nick/airflow/airflow_venv/lib/python3.11/site-packages/airflow/example_dags/tutorial_taskflow_api_virtualenv.py
[2024-11-04T11:21:30.891+0100] {logging_mixin.py:190} INFO - [2024-11-04T11:21:30.891+0100] {dag.py:3239} INFO - Sync 1 DAGs
[2024-11-04T11:21:30.895+0100] {logging_mixin.py:190} INFO - [2024-11-04T11:21:30.895+0100] {dag.py:4180} INFO - Setting next_dagrun for tutorial_taskflow_api_virtualenv to None, run_after=None
[2024-11-04T11:21:30.904+0100] {processor.py:208} INFO - Processing /Users/nick/airflow/airflow_venv/lib/python3.11/site-packages/airflow/example_dags/tutorial_taskflow_api_virtualenv.py took 0.134 seconds
[2024-11-04T11:22:46.409+0100] {processor.py:186} INFO - Started process (PID=30520) to work on /Users/nick/airflow/airflow_venv/lib/python3.11/site-packages/airflow/example_dags/tutorial_taskflow_api_virtualenv.py
[2024-11-04T11:22:46.409+0100] {processor.py:914} INFO - Processing file /Users/nick/airflow/airflow_venv/lib/python3.11/site-packages/airflow/example_dags/tutorial_taskflow_api_virtualenv.py for tasks to queue
[2024-11-04T11:22:46.409+0100] {logging_mixin.py:190} INFO - [2024-11-04T11:22:46.409+0100] {dagbag.py:588} INFO - Filling up the DagBag from /Users/nick/airflow/airflow_venv/lib/python3.11/site-packages/airflow/example_dags/tutorial_taskflow_api_virtualenv.py
[2024-11-04T11:22:46.424+0100] {processor.py:925} INFO - DAG(s) 'tutorial_taskflow_api_virtualenv' retrieved from /Users/nick/airflow/airflow_venv/lib/python3.11/site-packages/airflow/example_dags/tutorial_taskflow_api_virtualenv.py
[2024-11-04T11:22:46.515+0100] {logging_mixin.py:190} INFO - [2024-11-04T11:22:46.515+0100] {dag.py:3239} INFO - Sync 1 DAGs
[2024-11-04T11:22:46.518+0100] {logging_mixin.py:190} INFO - [2024-11-04T11:22:46.518+0100] {dag.py:4180} INFO - Setting next_dagrun for tutorial_taskflow_api_virtualenv to None, run_after=None
[2024-11-04T11:22:46.526+0100] {processor.py:208} INFO - Processing /Users/nick/airflow/airflow_venv/lib/python3.11/site-packages/airflow/example_dags/tutorial_taskflow_api_virtualenv.py took 0.120 seconds
[2024-11-04T11:25:55.042+0100] {processor.py:186} INFO - Started process (PID=32708) to work on /Users/nick/airflow/airflow_venv/lib/python3.11/site-packages/airflow/example_dags/tutorial_taskflow_api_virtualenv.py
[2024-11-04T11:25:55.043+0100] {processor.py:914} INFO - Processing file /Users/nick/airflow/airflow_venv/lib/python3.11/site-packages/airflow/example_dags/tutorial_taskflow_api_virtualenv.py for tasks to queue
[2024-11-04T11:25:55.043+0100] {logging_mixin.py:190} INFO - [2024-11-04T11:25:55.043+0100] {dagbag.py:588} INFO - Filling up the DagBag from /Users/nick/airflow/airflow_venv/lib/python3.11/site-packages/airflow/example_dags/tutorial_taskflow_api_virtualenv.py
[2024-11-04T11:25:55.058+0100] {processor.py:925} INFO - DAG(s) 'tutorial_taskflow_api_virtualenv' retrieved from /Users/nick/airflow/airflow_venv/lib/python3.11/site-packages/airflow/example_dags/tutorial_taskflow_api_virtualenv.py
[2024-11-04T11:25:55.152+0100] {logging_mixin.py:190} INFO - [2024-11-04T11:25:55.152+0100] {dag.py:3239} INFO - Sync 1 DAGs
[2024-11-04T11:25:55.156+0100] {logging_mixin.py:190} INFO - [2024-11-04T11:25:55.156+0100] {dag.py:4180} INFO - Setting next_dagrun for tutorial_taskflow_api_virtualenv to None, run_after=None
[2024-11-04T11:25:55.163+0100] {processor.py:208} INFO - Processing /Users/nick/airflow/airflow_venv/lib/python3.11/site-packages/airflow/example_dags/tutorial_taskflow_api_virtualenv.py took 0.122 seconds
[2024-11-04T11:27:52.281+0100] {processor.py:186} INFO - Started process (PID=34284) to work on /Users/nick/airflow/airflow_venv/lib/python3.11/site-packages/airflow/example_dags/tutorial_taskflow_api_virtualenv.py
[2024-11-04T11:27:52.282+0100] {processor.py:914} INFO - Processing file /Users/nick/airflow/airflow_venv/lib/python3.11/site-packages/airflow/example_dags/tutorial_taskflow_api_virtualenv.py for tasks to queue
[2024-11-04T11:27:52.282+0100] {logging_mixin.py:190} INFO - [2024-11-04T11:27:52.282+0100] {dagbag.py:588} INFO - Filling up the DagBag from /Users/nick/airflow/airflow_venv/lib/python3.11/site-packages/airflow/example_dags/tutorial_taskflow_api_virtualenv.py
[2024-11-04T11:27:52.297+0100] {processor.py:925} INFO - DAG(s) 'tutorial_taskflow_api_virtualenv' retrieved from /Users/nick/airflow/airflow_venv/lib/python3.11/site-packages/airflow/example_dags/tutorial_taskflow_api_virtualenv.py
[2024-11-04T11:27:52.396+0100] {logging_mixin.py:190} INFO - [2024-11-04T11:27:52.396+0100] {dag.py:3239} INFO - Sync 1 DAGs
[2024-11-04T11:27:52.400+0100] {logging_mixin.py:190} INFO - [2024-11-04T11:27:52.400+0100] {dag.py:4180} INFO - Setting next_dagrun for tutorial_taskflow_api_virtualenv to None, run_after=None
[2024-11-04T11:27:52.408+0100] {processor.py:208} INFO - Processing /Users/nick/airflow/airflow_venv/lib/python3.11/site-packages/airflow/example_dags/tutorial_taskflow_api_virtualenv.py took 0.129 seconds
