[2024-11-04T14:06:22.776+0100] {local_task_job_runner.py:123} INFO - ::group::Pre task execution logs
[2024-11-04T14:06:22.818+0100] {taskinstance.py:2612} INFO - Dependencies all met for dep_context=non-requeueable deps ti=<TaskInstance: first_airflow_dag.get_datetime scheduled__2024-11-04T10:40:00+00:00 [queued]>
[2024-11-04T14:06:22.821+0100] {taskinstance.py:2612} INFO - Dependencies all met for dep_context=requeueable deps ti=<TaskInstance: first_airflow_dag.get_datetime scheduled__2024-11-04T10:40:00+00:00 [queued]>
[2024-11-04T14:06:22.821+0100] {taskinstance.py:2865} INFO - Starting attempt 2 of 1
[2024-11-04T14:06:22.826+0100] {taskinstance.py:2888} INFO - Executing <Task(BashOperator): get_datetime> on 2024-11-04 10:40:00+00:00
[2024-11-04T14:06:22.829+0100] {standard_task_runner.py:72} INFO - Started process 36486 to run task
[2024-11-04T14:06:22.832+0100] {standard_task_runner.py:104} INFO - Running: ['airflow', 'tasks', 'run', 'first_airflow_dag', 'get_datetime', 'scheduled__2024-11-04T10:40:00+00:00', '--job-id', '1783', '--raw', '--subdir', 'DAGS_FOLDER/first_dag.py', '--cfg-path', '/var/folders/4w/73_t653s0rz1z847_g217g2h0000gn/T/tmputx34k7x']
[2024-11-04T14:06:22.834+0100] {standard_task_runner.py:105} INFO - Job 1783: Subtask get_datetime
[2024-11-04T14:06:22.855+0100] {task_command.py:467} INFO - Running <TaskInstance: first_airflow_dag.get_datetime scheduled__2024-11-04T10:40:00+00:00 [running]> on host mbp21-14
[2024-11-04T14:06:22.882+0100] {taskinstance.py:3131} INFO - Exporting env vars: AIRFLOW_CTX_DAG_OWNER='airflow' AIRFLOW_CTX_DAG_ID='first_airflow_dag' AIRFLOW_CTX_TASK_ID='get_datetime' AIRFLOW_CTX_EXECUTION_DATE='2024-11-04T10:40:00+00:00' AIRFLOW_CTX_TRY_NUMBER='2' AIRFLOW_CTX_DAG_RUN_ID='scheduled__2024-11-04T10:40:00+00:00'
[2024-11-04T14:06:22.882+0100] {taskinstance.py:731} INFO - ::endgroup::
[2024-11-04T14:06:22.890+0100] {subprocess.py:63} INFO - Tmp dir root location: /var/folders/4w/73_t653s0rz1z847_g217g2h0000gn/T
[2024-11-04T14:06:22.891+0100] {subprocess.py:75} INFO - Running command: ['/bin/bash', '-c', 'date']
[2024-11-04T14:06:22.895+0100] {subprocess.py:86} INFO - Output:
[2024-11-04T14:06:22.899+0100] {subprocess.py:93} INFO - Mo  4 Nov 2024 14:06:22 CET
[2024-11-04T14:06:22.900+0100] {subprocess.py:97} INFO - Command exited with return code 0
[2024-11-04T14:06:22.907+0100] {taskinstance.py:340} INFO - ::group::Post task execution logs
[2024-11-04T14:06:22.908+0100] {taskinstance.py:352} INFO - Marking task as SUCCESS. dag_id=first_airflow_dag, task_id=get_datetime, run_id=scheduled__2024-11-04T10:40:00+00:00, execution_date=20241104T104000, start_date=20241104T130622, end_date=20241104T130622
[2024-11-04T14:06:22.937+0100] {local_task_job_runner.py:266} INFO - Task exited with return code 0
[2024-11-04T14:06:22.947+0100] {taskinstance.py:3900} INFO - 1 downstream tasks scheduled from follow-on schedule check
[2024-11-04T14:06:22.949+0100] {local_task_job_runner.py:245} INFO - ::endgroup::
