[2023-10-19T22:16:56.405+0200] {processor.py:157} INFO - Started process (PID=28720) to work on /Users/nick/Desktop/airflow_dic/venv/lib/python3.11/site-packages/airflow/example_dags/subdags/subdag.py
[2023-10-19T22:16:56.406+0200] {processor.py:829} INFO - Processing file /Users/nick/Desktop/airflow_dic/venv/lib/python3.11/site-packages/airflow/example_dags/subdags/subdag.py for tasks to queue
[2023-10-19T22:16:56.407+0200] {logging_mixin.py:151} INFO - [2023-10-19T22:16:56.407+0200] {dagbag.py:539} INFO - Filling up the DagBag from /Users/nick/Desktop/airflow_dic/venv/lib/python3.11/site-packages/airflow/example_dags/subdags/subdag.py
[2023-10-19T22:16:56.407+0200] {processor.py:841} WARNING - No viable dags retrieved from /Users/nick/Desktop/airflow_dic/venv/lib/python3.11/site-packages/airflow/example_dags/subdags/subdag.py
[2023-10-19T22:16:56.449+0200] {processor.py:179} INFO - Processing /Users/nick/Desktop/airflow_dic/venv/lib/python3.11/site-packages/airflow/example_dags/subdags/subdag.py took 0.044 seconds
[2023-10-19T22:17:58.788+0200] {processor.py:157} INFO - Started process (PID=28838) to work on /Users/nick/Desktop/airflow_dic/venv/lib/python3.11/site-packages/airflow/example_dags/subdags/subdag.py
[2023-10-19T22:17:58.790+0200] {processor.py:829} INFO - Processing file /Users/nick/Desktop/airflow_dic/venv/lib/python3.11/site-packages/airflow/example_dags/subdags/subdag.py for tasks to queue
[2023-10-19T22:17:58.790+0200] {logging_mixin.py:151} INFO - [2023-10-19T22:17:58.790+0200] {dagbag.py:539} INFO - Filling up the DagBag from /Users/nick/Desktop/airflow_dic/venv/lib/python3.11/site-packages/airflow/example_dags/subdags/subdag.py
[2023-10-19T22:17:58.790+0200] {processor.py:841} WARNING - No viable dags retrieved from /Users/nick/Desktop/airflow_dic/venv/lib/python3.11/site-packages/airflow/example_dags/subdags/subdag.py
[2023-10-19T22:17:58.832+0200] {processor.py:179} INFO - Processing /Users/nick/Desktop/airflow_dic/venv/lib/python3.11/site-packages/airflow/example_dags/subdags/subdag.py took 0.044 seconds
[2023-10-19T22:19:12.772+0200] {processor.py:157} INFO - Started process (PID=28976) to work on /Users/nick/Desktop/airflow_dic/venv/lib/python3.11/site-packages/airflow/example_dags/subdags/subdag.py
[2023-10-19T22:19:12.775+0200] {processor.py:829} INFO - Processing file /Users/nick/Desktop/airflow_dic/venv/lib/python3.11/site-packages/airflow/example_dags/subdags/subdag.py for tasks to queue
[2023-10-19T22:19:12.775+0200] {logging_mixin.py:151} INFO - [2023-10-19T22:19:12.775+0200] {dagbag.py:539} INFO - Filling up the DagBag from /Users/nick/Desktop/airflow_dic/venv/lib/python3.11/site-packages/airflow/example_dags/subdags/subdag.py
[2023-10-19T22:19:12.776+0200] {processor.py:841} WARNING - No viable dags retrieved from /Users/nick/Desktop/airflow_dic/venv/lib/python3.11/site-packages/airflow/example_dags/subdags/subdag.py
[2023-10-19T22:19:12.818+0200] {processor.py:179} INFO - Processing /Users/nick/Desktop/airflow_dic/venv/lib/python3.11/site-packages/airflow/example_dags/subdags/subdag.py took 0.046 seconds
[2023-10-19T22:19:53.170+0200] {processor.py:157} INFO - Started process (PID=29051) to work on /Users/nick/Desktop/airflow_dic/venv/lib/python3.11/site-packages/airflow/example_dags/subdags/subdag.py
[2023-10-19T22:19:53.171+0200] {processor.py:829} INFO - Processing file /Users/nick/Desktop/airflow_dic/venv/lib/python3.11/site-packages/airflow/example_dags/subdags/subdag.py for tasks to queue
[2023-10-19T22:19:53.171+0200] {logging_mixin.py:151} INFO - [2023-10-19T22:19:53.171+0200] {dagbag.py:539} INFO - Filling up the DagBag from /Users/nick/Desktop/airflow_dic/venv/lib/python3.11/site-packages/airflow/example_dags/subdags/subdag.py
[2023-10-19T22:19:53.172+0200] {processor.py:841} WARNING - No viable dags retrieved from /Users/nick/Desktop/airflow_dic/venv/lib/python3.11/site-packages/airflow/example_dags/subdags/subdag.py
[2023-10-19T22:19:53.213+0200] {processor.py:179} INFO - Processing /Users/nick/Desktop/airflow_dic/venv/lib/python3.11/site-packages/airflow/example_dags/subdags/subdag.py took 0.044 seconds
[2023-10-19T22:20:26.538+0200] {processor.py:157} INFO - Started process (PID=29114) to work on /Users/nick/Desktop/airflow_dic/venv/lib/python3.11/site-packages/airflow/example_dags/subdags/subdag.py
[2023-10-19T22:20:26.539+0200] {processor.py:829} INFO - Processing file /Users/nick/Desktop/airflow_dic/venv/lib/python3.11/site-packages/airflow/example_dags/subdags/subdag.py for tasks to queue
[2023-10-19T22:20:26.539+0200] {logging_mixin.py:151} INFO - [2023-10-19T22:20:26.539+0200] {dagbag.py:539} INFO - Filling up the DagBag from /Users/nick/Desktop/airflow_dic/venv/lib/python3.11/site-packages/airflow/example_dags/subdags/subdag.py
[2023-10-19T22:20:26.540+0200] {processor.py:841} WARNING - No viable dags retrieved from /Users/nick/Desktop/airflow_dic/venv/lib/python3.11/site-packages/airflow/example_dags/subdags/subdag.py
[2023-10-19T22:20:26.582+0200] {processor.py:179} INFO - Processing /Users/nick/Desktop/airflow_dic/venv/lib/python3.11/site-packages/airflow/example_dags/subdags/subdag.py took 0.044 seconds
[2023-10-19T22:20:57.843+0200] {processor.py:157} INFO - Started process (PID=29182) to work on /Users/nick/Desktop/airflow_dic/venv/lib/python3.11/site-packages/airflow/example_dags/subdags/subdag.py
[2023-10-19T22:20:57.844+0200] {processor.py:829} INFO - Processing file /Users/nick/Desktop/airflow_dic/venv/lib/python3.11/site-packages/airflow/example_dags/subdags/subdag.py for tasks to queue
[2023-10-19T22:20:57.845+0200] {logging_mixin.py:151} INFO - [2023-10-19T22:20:57.845+0200] {dagbag.py:539} INFO - Filling up the DagBag from /Users/nick/Desktop/airflow_dic/venv/lib/python3.11/site-packages/airflow/example_dags/subdags/subdag.py
[2023-10-19T22:20:57.846+0200] {processor.py:841} WARNING - No viable dags retrieved from /Users/nick/Desktop/airflow_dic/venv/lib/python3.11/site-packages/airflow/example_dags/subdags/subdag.py
[2023-10-19T22:20:57.888+0200] {processor.py:179} INFO - Processing /Users/nick/Desktop/airflow_dic/venv/lib/python3.11/site-packages/airflow/example_dags/subdags/subdag.py took 0.046 seconds
[2023-10-19T22:21:31.750+0200] {processor.py:157} INFO - Started process (PID=29248) to work on /Users/nick/Desktop/airflow_dic/venv/lib/python3.11/site-packages/airflow/example_dags/subdags/subdag.py
[2023-10-19T22:21:31.752+0200] {processor.py:829} INFO - Processing file /Users/nick/Desktop/airflow_dic/venv/lib/python3.11/site-packages/airflow/example_dags/subdags/subdag.py for tasks to queue
[2023-10-19T22:21:31.752+0200] {logging_mixin.py:151} INFO - [2023-10-19T22:21:31.752+0200] {dagbag.py:539} INFO - Filling up the DagBag from /Users/nick/Desktop/airflow_dic/venv/lib/python3.11/site-packages/airflow/example_dags/subdags/subdag.py
[2023-10-19T22:21:31.753+0200] {processor.py:841} WARNING - No viable dags retrieved from /Users/nick/Desktop/airflow_dic/venv/lib/python3.11/site-packages/airflow/example_dags/subdags/subdag.py
[2023-10-19T22:21:31.798+0200] {processor.py:179} INFO - Processing /Users/nick/Desktop/airflow_dic/venv/lib/python3.11/site-packages/airflow/example_dags/subdags/subdag.py took 0.048 seconds
[2023-10-19T22:22:06.790+0200] {processor.py:157} INFO - Started process (PID=29318) to work on /Users/nick/Desktop/airflow_dic/venv/lib/python3.11/site-packages/airflow/example_dags/subdags/subdag.py
[2023-10-19T22:22:06.791+0200] {processor.py:829} INFO - Processing file /Users/nick/Desktop/airflow_dic/venv/lib/python3.11/site-packages/airflow/example_dags/subdags/subdag.py for tasks to queue
[2023-10-19T22:22:06.791+0200] {logging_mixin.py:151} INFO - [2023-10-19T22:22:06.791+0200] {dagbag.py:539} INFO - Filling up the DagBag from /Users/nick/Desktop/airflow_dic/venv/lib/python3.11/site-packages/airflow/example_dags/subdags/subdag.py
[2023-10-19T22:22:06.792+0200] {processor.py:841} WARNING - No viable dags retrieved from /Users/nick/Desktop/airflow_dic/venv/lib/python3.11/site-packages/airflow/example_dags/subdags/subdag.py
[2023-10-19T22:22:06.834+0200] {processor.py:179} INFO - Processing /Users/nick/Desktop/airflow_dic/venv/lib/python3.11/site-packages/airflow/example_dags/subdags/subdag.py took 0.044 seconds
[2023-10-19T22:22:48.574+0200] {processor.py:157} INFO - Started process (PID=29408) to work on /Users/nick/Desktop/airflow_dic/venv/lib/python3.11/site-packages/airflow/example_dags/subdags/subdag.py
[2023-10-19T22:22:48.575+0200] {processor.py:829} INFO - Processing file /Users/nick/Desktop/airflow_dic/venv/lib/python3.11/site-packages/airflow/example_dags/subdags/subdag.py for tasks to queue
[2023-10-19T22:22:48.576+0200] {logging_mixin.py:151} INFO - [2023-10-19T22:22:48.575+0200] {dagbag.py:539} INFO - Filling up the DagBag from /Users/nick/Desktop/airflow_dic/venv/lib/python3.11/site-packages/airflow/example_dags/subdags/subdag.py
[2023-10-19T22:22:48.576+0200] {processor.py:841} WARNING - No viable dags retrieved from /Users/nick/Desktop/airflow_dic/venv/lib/python3.11/site-packages/airflow/example_dags/subdags/subdag.py
[2023-10-19T22:22:48.619+0200] {processor.py:179} INFO - Processing /Users/nick/Desktop/airflow_dic/venv/lib/python3.11/site-packages/airflow/example_dags/subdags/subdag.py took 0.045 seconds
[2023-10-19T22:23:53.365+0200] {processor.py:157} INFO - Started process (PID=29533) to work on /Users/nick/Desktop/airflow_dic/venv/lib/python3.11/site-packages/airflow/example_dags/subdags/subdag.py
[2023-10-19T22:23:53.366+0200] {processor.py:829} INFO - Processing file /Users/nick/Desktop/airflow_dic/venv/lib/python3.11/site-packages/airflow/example_dags/subdags/subdag.py for tasks to queue
[2023-10-19T22:23:53.366+0200] {logging_mixin.py:151} INFO - [2023-10-19T22:23:53.366+0200] {dagbag.py:539} INFO - Filling up the DagBag from /Users/nick/Desktop/airflow_dic/venv/lib/python3.11/site-packages/airflow/example_dags/subdags/subdag.py
[2023-10-19T22:23:53.367+0200] {processor.py:841} WARNING - No viable dags retrieved from /Users/nick/Desktop/airflow_dic/venv/lib/python3.11/site-packages/airflow/example_dags/subdags/subdag.py
[2023-10-19T22:23:53.411+0200] {processor.py:179} INFO - Processing /Users/nick/Desktop/airflow_dic/venv/lib/python3.11/site-packages/airflow/example_dags/subdags/subdag.py took 0.047 seconds
[2023-10-19T22:24:27.274+0200] {processor.py:157} INFO - Started process (PID=29599) to work on /Users/nick/Desktop/airflow_dic/venv/lib/python3.11/site-packages/airflow/example_dags/subdags/subdag.py
[2023-10-19T22:24:27.275+0200] {processor.py:829} INFO - Processing file /Users/nick/Desktop/airflow_dic/venv/lib/python3.11/site-packages/airflow/example_dags/subdags/subdag.py for tasks to queue
[2023-10-19T22:24:27.276+0200] {logging_mixin.py:151} INFO - [2023-10-19T22:24:27.276+0200] {dagbag.py:539} INFO - Filling up the DagBag from /Users/nick/Desktop/airflow_dic/venv/lib/python3.11/site-packages/airflow/example_dags/subdags/subdag.py
[2023-10-19T22:24:27.276+0200] {processor.py:841} WARNING - No viable dags retrieved from /Users/nick/Desktop/airflow_dic/venv/lib/python3.11/site-packages/airflow/example_dags/subdags/subdag.py
[2023-10-19T22:24:27.319+0200] {processor.py:179} INFO - Processing /Users/nick/Desktop/airflow_dic/venv/lib/python3.11/site-packages/airflow/example_dags/subdags/subdag.py took 0.045 seconds
[2023-10-19T22:24:53.891+0200] {processor.py:157} INFO - Started process (PID=29663) to work on /Users/nick/Desktop/airflow_dic/venv/lib/python3.11/site-packages/airflow/example_dags/subdags/subdag.py
[2023-10-19T22:24:53.892+0200] {processor.py:829} INFO - Processing file /Users/nick/Desktop/airflow_dic/venv/lib/python3.11/site-packages/airflow/example_dags/subdags/subdag.py for tasks to queue
[2023-10-19T22:24:53.892+0200] {logging_mixin.py:151} INFO - [2023-10-19T22:24:53.892+0200] {dagbag.py:539} INFO - Filling up the DagBag from /Users/nick/Desktop/airflow_dic/venv/lib/python3.11/site-packages/airflow/example_dags/subdags/subdag.py
[2023-10-19T22:24:53.893+0200] {processor.py:841} WARNING - No viable dags retrieved from /Users/nick/Desktop/airflow_dic/venv/lib/python3.11/site-packages/airflow/example_dags/subdags/subdag.py
[2023-10-19T22:24:53.935+0200] {processor.py:179} INFO - Processing /Users/nick/Desktop/airflow_dic/venv/lib/python3.11/site-packages/airflow/example_dags/subdags/subdag.py took 0.044 seconds
[2023-10-19T22:26:05.899+0200] {processor.py:157} INFO - Started process (PID=31680) to work on /Users/nick/Desktop/airflow_dic/venv/lib/python3.11/site-packages/airflow/example_dags/subdags/subdag.py
[2023-10-19T22:26:05.901+0200] {processor.py:829} INFO - Processing file /Users/nick/Desktop/airflow_dic/venv/lib/python3.11/site-packages/airflow/example_dags/subdags/subdag.py for tasks to queue
[2023-10-19T22:26:05.901+0200] {logging_mixin.py:151} INFO - [2023-10-19T22:26:05.901+0200] {dagbag.py:539} INFO - Filling up the DagBag from /Users/nick/Desktop/airflow_dic/venv/lib/python3.11/site-packages/airflow/example_dags/subdags/subdag.py
[2023-10-19T22:26:05.902+0200] {processor.py:841} WARNING - No viable dags retrieved from /Users/nick/Desktop/airflow_dic/venv/lib/python3.11/site-packages/airflow/example_dags/subdags/subdag.py
[2023-10-19T22:26:05.945+0200] {processor.py:179} INFO - Processing /Users/nick/Desktop/airflow_dic/venv/lib/python3.11/site-packages/airflow/example_dags/subdags/subdag.py took 0.047 seconds
[2023-10-19T22:26:51.968+0200] {processor.py:157} INFO - Started process (PID=31766) to work on /Users/nick/Desktop/airflow_dic/venv/lib/python3.11/site-packages/airflow/example_dags/subdags/subdag.py
[2023-10-19T22:26:51.970+0200] {processor.py:829} INFO - Processing file /Users/nick/Desktop/airflow_dic/venv/lib/python3.11/site-packages/airflow/example_dags/subdags/subdag.py for tasks to queue
[2023-10-19T22:26:51.970+0200] {logging_mixin.py:151} INFO - [2023-10-19T22:26:51.970+0200] {dagbag.py:539} INFO - Filling up the DagBag from /Users/nick/Desktop/airflow_dic/venv/lib/python3.11/site-packages/airflow/example_dags/subdags/subdag.py
[2023-10-19T22:26:51.970+0200] {processor.py:841} WARNING - No viable dags retrieved from /Users/nick/Desktop/airflow_dic/venv/lib/python3.11/site-packages/airflow/example_dags/subdags/subdag.py
[2023-10-19T22:26:52.015+0200] {processor.py:179} INFO - Processing /Users/nick/Desktop/airflow_dic/venv/lib/python3.11/site-packages/airflow/example_dags/subdags/subdag.py took 0.047 seconds
[2023-10-19T22:27:11.498+0200] {processor.py:157} INFO - Started process (PID=31802) to work on /Users/nick/Desktop/airflow_dic/venv/lib/python3.11/site-packages/airflow/example_dags/subdags/subdag.py
[2023-10-19T22:27:11.500+0200] {processor.py:829} INFO - Processing file /Users/nick/Desktop/airflow_dic/venv/lib/python3.11/site-packages/airflow/example_dags/subdags/subdag.py for tasks to queue
[2023-10-19T22:27:11.500+0200] {logging_mixin.py:151} INFO - [2023-10-19T22:27:11.500+0200] {dagbag.py:539} INFO - Filling up the DagBag from /Users/nick/Desktop/airflow_dic/venv/lib/python3.11/site-packages/airflow/example_dags/subdags/subdag.py
[2023-10-19T22:27:11.501+0200] {processor.py:841} WARNING - No viable dags retrieved from /Users/nick/Desktop/airflow_dic/venv/lib/python3.11/site-packages/airflow/example_dags/subdags/subdag.py
[2023-10-19T22:27:11.543+0200] {processor.py:179} INFO - Processing /Users/nick/Desktop/airflow_dic/venv/lib/python3.11/site-packages/airflow/example_dags/subdags/subdag.py took 0.045 seconds
[2023-10-19T22:28:28.749+0200] {processor.py:157} INFO - Started process (PID=31943) to work on /Users/nick/Desktop/airflow_dic/venv/lib/python3.11/site-packages/airflow/example_dags/subdags/subdag.py
[2023-10-19T22:28:28.751+0200] {processor.py:829} INFO - Processing file /Users/nick/Desktop/airflow_dic/venv/lib/python3.11/site-packages/airflow/example_dags/subdags/subdag.py for tasks to queue
[2023-10-19T22:28:28.751+0200] {logging_mixin.py:151} INFO - [2023-10-19T22:28:28.751+0200] {dagbag.py:539} INFO - Filling up the DagBag from /Users/nick/Desktop/airflow_dic/venv/lib/python3.11/site-packages/airflow/example_dags/subdags/subdag.py
[2023-10-19T22:28:28.752+0200] {processor.py:841} WARNING - No viable dags retrieved from /Users/nick/Desktop/airflow_dic/venv/lib/python3.11/site-packages/airflow/example_dags/subdags/subdag.py
[2023-10-19T22:28:28.797+0200] {processor.py:179} INFO - Processing /Users/nick/Desktop/airflow_dic/venv/lib/python3.11/site-packages/airflow/example_dags/subdags/subdag.py took 0.048 seconds
[2023-10-19T22:29:07.369+0200] {processor.py:157} INFO - Started process (PID=32040) to work on /Users/nick/Desktop/airflow_dic/venv/lib/python3.11/site-packages/airflow/example_dags/subdags/subdag.py
[2023-10-19T22:29:07.371+0200] {processor.py:829} INFO - Processing file /Users/nick/Desktop/airflow_dic/venv/lib/python3.11/site-packages/airflow/example_dags/subdags/subdag.py for tasks to queue
[2023-10-19T22:29:07.371+0200] {logging_mixin.py:151} INFO - [2023-10-19T22:29:07.371+0200] {dagbag.py:539} INFO - Filling up the DagBag from /Users/nick/Desktop/airflow_dic/venv/lib/python3.11/site-packages/airflow/example_dags/subdags/subdag.py
[2023-10-19T22:29:07.371+0200] {processor.py:841} WARNING - No viable dags retrieved from /Users/nick/Desktop/airflow_dic/venv/lib/python3.11/site-packages/airflow/example_dags/subdags/subdag.py
[2023-10-19T22:29:07.413+0200] {processor.py:179} INFO - Processing /Users/nick/Desktop/airflow_dic/venv/lib/python3.11/site-packages/airflow/example_dags/subdags/subdag.py took 0.044 seconds
[2023-10-19T22:29:40.523+0200] {processor.py:157} INFO - Started process (PID=32104) to work on /Users/nick/Desktop/airflow_dic/venv/lib/python3.11/site-packages/airflow/example_dags/subdags/subdag.py
[2023-10-19T22:29:40.524+0200] {processor.py:829} INFO - Processing file /Users/nick/Desktop/airflow_dic/venv/lib/python3.11/site-packages/airflow/example_dags/subdags/subdag.py for tasks to queue
[2023-10-19T22:29:40.524+0200] {logging_mixin.py:151} INFO - [2023-10-19T22:29:40.524+0200] {dagbag.py:539} INFO - Filling up the DagBag from /Users/nick/Desktop/airflow_dic/venv/lib/python3.11/site-packages/airflow/example_dags/subdags/subdag.py
[2023-10-19T22:29:40.525+0200] {processor.py:841} WARNING - No viable dags retrieved from /Users/nick/Desktop/airflow_dic/venv/lib/python3.11/site-packages/airflow/example_dags/subdags/subdag.py
[2023-10-19T22:29:40.567+0200] {processor.py:179} INFO - Processing /Users/nick/Desktop/airflow_dic/venv/lib/python3.11/site-packages/airflow/example_dags/subdags/subdag.py took 0.044 seconds
[2023-10-19T22:30:12.086+0200] {processor.py:157} INFO - Started process (PID=32162) to work on /Users/nick/Desktop/airflow_dic/venv/lib/python3.11/site-packages/airflow/example_dags/subdags/subdag.py
[2023-10-19T22:30:12.088+0200] {processor.py:829} INFO - Processing file /Users/nick/Desktop/airflow_dic/venv/lib/python3.11/site-packages/airflow/example_dags/subdags/subdag.py for tasks to queue
[2023-10-19T22:30:12.088+0200] {logging_mixin.py:151} INFO - [2023-10-19T22:30:12.088+0200] {dagbag.py:539} INFO - Filling up the DagBag from /Users/nick/Desktop/airflow_dic/venv/lib/python3.11/site-packages/airflow/example_dags/subdags/subdag.py
[2023-10-19T22:30:12.089+0200] {processor.py:841} WARNING - No viable dags retrieved from /Users/nick/Desktop/airflow_dic/venv/lib/python3.11/site-packages/airflow/example_dags/subdags/subdag.py
[2023-10-19T22:30:12.131+0200] {processor.py:179} INFO - Processing /Users/nick/Desktop/airflow_dic/venv/lib/python3.11/site-packages/airflow/example_dags/subdags/subdag.py took 0.045 seconds
[2023-10-19T22:30:35.278+0200] {processor.py:157} INFO - Started process (PID=32206) to work on /Users/nick/Desktop/airflow_dic/venv/lib/python3.11/site-packages/airflow/example_dags/subdags/subdag.py
[2023-10-19T22:30:35.279+0200] {processor.py:829} INFO - Processing file /Users/nick/Desktop/airflow_dic/venv/lib/python3.11/site-packages/airflow/example_dags/subdags/subdag.py for tasks to queue
[2023-10-19T22:30:35.279+0200] {logging_mixin.py:151} INFO - [2023-10-19T22:30:35.279+0200] {dagbag.py:539} INFO - Filling up the DagBag from /Users/nick/Desktop/airflow_dic/venv/lib/python3.11/site-packages/airflow/example_dags/subdags/subdag.py
[2023-10-19T22:30:35.280+0200] {processor.py:841} WARNING - No viable dags retrieved from /Users/nick/Desktop/airflow_dic/venv/lib/python3.11/site-packages/airflow/example_dags/subdags/subdag.py
[2023-10-19T22:30:35.325+0200] {processor.py:179} INFO - Processing /Users/nick/Desktop/airflow_dic/venv/lib/python3.11/site-packages/airflow/example_dags/subdags/subdag.py took 0.047 seconds
[2023-10-19T22:30:53.698+0200] {processor.py:157} INFO - Started process (PID=32252) to work on /Users/nick/Desktop/airflow_dic/venv/lib/python3.11/site-packages/airflow/example_dags/subdags/subdag.py
[2023-10-19T22:30:53.699+0200] {processor.py:829} INFO - Processing file /Users/nick/Desktop/airflow_dic/venv/lib/python3.11/site-packages/airflow/example_dags/subdags/subdag.py for tasks to queue
[2023-10-19T22:30:53.699+0200] {logging_mixin.py:151} INFO - [2023-10-19T22:30:53.699+0200] {dagbag.py:539} INFO - Filling up the DagBag from /Users/nick/Desktop/airflow_dic/venv/lib/python3.11/site-packages/airflow/example_dags/subdags/subdag.py
[2023-10-19T22:30:53.700+0200] {processor.py:841} WARNING - No viable dags retrieved from /Users/nick/Desktop/airflow_dic/venv/lib/python3.11/site-packages/airflow/example_dags/subdags/subdag.py
[2023-10-19T22:30:53.742+0200] {processor.py:179} INFO - Processing /Users/nick/Desktop/airflow_dic/venv/lib/python3.11/site-packages/airflow/example_dags/subdags/subdag.py took 0.044 seconds
[2023-10-19T22:31:58.739+0200] {processor.py:157} INFO - Started process (PID=32371) to work on /Users/nick/Desktop/airflow_dic/venv/lib/python3.11/site-packages/airflow/example_dags/subdags/subdag.py
[2023-10-19T22:31:58.740+0200] {processor.py:829} INFO - Processing file /Users/nick/Desktop/airflow_dic/venv/lib/python3.11/site-packages/airflow/example_dags/subdags/subdag.py for tasks to queue
[2023-10-19T22:31:58.741+0200] {logging_mixin.py:151} INFO - [2023-10-19T22:31:58.741+0200] {dagbag.py:539} INFO - Filling up the DagBag from /Users/nick/Desktop/airflow_dic/venv/lib/python3.11/site-packages/airflow/example_dags/subdags/subdag.py
[2023-10-19T22:31:58.741+0200] {processor.py:841} WARNING - No viable dags retrieved from /Users/nick/Desktop/airflow_dic/venv/lib/python3.11/site-packages/airflow/example_dags/subdags/subdag.py
[2023-10-19T22:31:58.785+0200] {processor.py:179} INFO - Processing /Users/nick/Desktop/airflow_dic/venv/lib/python3.11/site-packages/airflow/example_dags/subdags/subdag.py took 0.047 seconds
[2023-10-19T22:32:33.927+0200] {processor.py:157} INFO - Started process (PID=32434) to work on /Users/nick/Desktop/airflow_dic/venv/lib/python3.11/site-packages/airflow/example_dags/subdags/subdag.py
[2023-10-19T22:32:33.929+0200] {processor.py:829} INFO - Processing file /Users/nick/Desktop/airflow_dic/venv/lib/python3.11/site-packages/airflow/example_dags/subdags/subdag.py for tasks to queue
[2023-10-19T22:32:33.929+0200] {logging_mixin.py:151} INFO - [2023-10-19T22:32:33.929+0200] {dagbag.py:539} INFO - Filling up the DagBag from /Users/nick/Desktop/airflow_dic/venv/lib/python3.11/site-packages/airflow/example_dags/subdags/subdag.py
[2023-10-19T22:32:33.930+0200] {processor.py:841} WARNING - No viable dags retrieved from /Users/nick/Desktop/airflow_dic/venv/lib/python3.11/site-packages/airflow/example_dags/subdags/subdag.py
[2023-10-19T22:32:33.977+0200] {processor.py:179} INFO - Processing /Users/nick/Desktop/airflow_dic/venv/lib/python3.11/site-packages/airflow/example_dags/subdags/subdag.py took 0.050 seconds
[2023-10-19T22:33:07.807+0200] {processor.py:157} INFO - Started process (PID=32497) to work on /Users/nick/Desktop/airflow_dic/venv/lib/python3.11/site-packages/airflow/example_dags/subdags/subdag.py
[2023-10-19T22:33:07.809+0200] {processor.py:829} INFO - Processing file /Users/nick/Desktop/airflow_dic/venv/lib/python3.11/site-packages/airflow/example_dags/subdags/subdag.py for tasks to queue
[2023-10-19T22:33:07.809+0200] {logging_mixin.py:151} INFO - [2023-10-19T22:33:07.809+0200] {dagbag.py:539} INFO - Filling up the DagBag from /Users/nick/Desktop/airflow_dic/venv/lib/python3.11/site-packages/airflow/example_dags/subdags/subdag.py
[2023-10-19T22:33:07.810+0200] {processor.py:841} WARNING - No viable dags retrieved from /Users/nick/Desktop/airflow_dic/venv/lib/python3.11/site-packages/airflow/example_dags/subdags/subdag.py
[2023-10-19T22:33:07.853+0200] {processor.py:179} INFO - Processing /Users/nick/Desktop/airflow_dic/venv/lib/python3.11/site-packages/airflow/example_dags/subdags/subdag.py took 0.046 seconds
[2023-10-19T22:33:41.575+0200] {processor.py:157} INFO - Started process (PID=32565) to work on /Users/nick/Desktop/airflow_dic/venv/lib/python3.11/site-packages/airflow/example_dags/subdags/subdag.py
[2023-10-19T22:33:41.577+0200] {processor.py:829} INFO - Processing file /Users/nick/Desktop/airflow_dic/venv/lib/python3.11/site-packages/airflow/example_dags/subdags/subdag.py for tasks to queue
[2023-10-19T22:33:41.577+0200] {logging_mixin.py:151} INFO - [2023-10-19T22:33:41.577+0200] {dagbag.py:539} INFO - Filling up the DagBag from /Users/nick/Desktop/airflow_dic/venv/lib/python3.11/site-packages/airflow/example_dags/subdags/subdag.py
[2023-10-19T22:33:41.578+0200] {processor.py:841} WARNING - No viable dags retrieved from /Users/nick/Desktop/airflow_dic/venv/lib/python3.11/site-packages/airflow/example_dags/subdags/subdag.py
[2023-10-19T22:33:41.620+0200] {processor.py:179} INFO - Processing /Users/nick/Desktop/airflow_dic/venv/lib/python3.11/site-packages/airflow/example_dags/subdags/subdag.py took 0.046 seconds
[2023-10-19T22:34:17.162+0200] {processor.py:157} INFO - Started process (PID=32637) to work on /Users/nick/Desktop/airflow_dic/venv/lib/python3.11/site-packages/airflow/example_dags/subdags/subdag.py
[2023-10-19T22:34:17.163+0200] {processor.py:829} INFO - Processing file /Users/nick/Desktop/airflow_dic/venv/lib/python3.11/site-packages/airflow/example_dags/subdags/subdag.py for tasks to queue
[2023-10-19T22:34:17.163+0200] {logging_mixin.py:151} INFO - [2023-10-19T22:34:17.163+0200] {dagbag.py:539} INFO - Filling up the DagBag from /Users/nick/Desktop/airflow_dic/venv/lib/python3.11/site-packages/airflow/example_dags/subdags/subdag.py
[2023-10-19T22:34:17.165+0200] {processor.py:841} WARNING - No viable dags retrieved from /Users/nick/Desktop/airflow_dic/venv/lib/python3.11/site-packages/airflow/example_dags/subdags/subdag.py
[2023-10-19T22:34:17.207+0200] {processor.py:179} INFO - Processing /Users/nick/Desktop/airflow_dic/venv/lib/python3.11/site-packages/airflow/example_dags/subdags/subdag.py took 0.046 seconds
[2023-10-19T22:34:52.311+0200] {processor.py:157} INFO - Started process (PID=32721) to work on /Users/nick/Desktop/airflow_dic/venv/lib/python3.11/site-packages/airflow/example_dags/subdags/subdag.py
[2023-10-19T22:34:52.312+0200] {processor.py:829} INFO - Processing file /Users/nick/Desktop/airflow_dic/venv/lib/python3.11/site-packages/airflow/example_dags/subdags/subdag.py for tasks to queue
[2023-10-19T22:34:52.312+0200] {logging_mixin.py:151} INFO - [2023-10-19T22:34:52.312+0200] {dagbag.py:539} INFO - Filling up the DagBag from /Users/nick/Desktop/airflow_dic/venv/lib/python3.11/site-packages/airflow/example_dags/subdags/subdag.py
[2023-10-19T22:34:52.313+0200] {processor.py:841} WARNING - No viable dags retrieved from /Users/nick/Desktop/airflow_dic/venv/lib/python3.11/site-packages/airflow/example_dags/subdags/subdag.py
[2023-10-19T22:34:52.356+0200] {processor.py:179} INFO - Processing /Users/nick/Desktop/airflow_dic/venv/lib/python3.11/site-packages/airflow/example_dags/subdags/subdag.py took 0.045 seconds
[2023-10-19T22:35:24.747+0200] {processor.py:157} INFO - Started process (PID=32806) to work on /Users/nick/Desktop/airflow_dic/venv/lib/python3.11/site-packages/airflow/example_dags/subdags/subdag.py
[2023-10-19T22:35:24.749+0200] {processor.py:829} INFO - Processing file /Users/nick/Desktop/airflow_dic/venv/lib/python3.11/site-packages/airflow/example_dags/subdags/subdag.py for tasks to queue
[2023-10-19T22:35:24.750+0200] {logging_mixin.py:151} INFO - [2023-10-19T22:35:24.750+0200] {dagbag.py:539} INFO - Filling up the DagBag from /Users/nick/Desktop/airflow_dic/venv/lib/python3.11/site-packages/airflow/example_dags/subdags/subdag.py
[2023-10-19T22:35:24.751+0200] {processor.py:841} WARNING - No viable dags retrieved from /Users/nick/Desktop/airflow_dic/venv/lib/python3.11/site-packages/airflow/example_dags/subdags/subdag.py
[2023-10-19T22:35:24.793+0200] {processor.py:179} INFO - Processing /Users/nick/Desktop/airflow_dic/venv/lib/python3.11/site-packages/airflow/example_dags/subdags/subdag.py took 0.046 seconds
[2023-10-19T22:35:59.589+0200] {processor.py:157} INFO - Started process (PID=32870) to work on /Users/nick/Desktop/airflow_dic/venv/lib/python3.11/site-packages/airflow/example_dags/subdags/subdag.py
[2023-10-19T22:35:59.590+0200] {processor.py:829} INFO - Processing file /Users/nick/Desktop/airflow_dic/venv/lib/python3.11/site-packages/airflow/example_dags/subdags/subdag.py for tasks to queue
[2023-10-19T22:35:59.590+0200] {logging_mixin.py:151} INFO - [2023-10-19T22:35:59.590+0200] {dagbag.py:539} INFO - Filling up the DagBag from /Users/nick/Desktop/airflow_dic/venv/lib/python3.11/site-packages/airflow/example_dags/subdags/subdag.py
[2023-10-19T22:35:59.591+0200] {processor.py:841} WARNING - No viable dags retrieved from /Users/nick/Desktop/airflow_dic/venv/lib/python3.11/site-packages/airflow/example_dags/subdags/subdag.py
[2023-10-19T22:35:59.633+0200] {processor.py:179} INFO - Processing /Users/nick/Desktop/airflow_dic/venv/lib/python3.11/site-packages/airflow/example_dags/subdags/subdag.py took 0.044 seconds
[2023-10-19T22:36:34.231+0200] {processor.py:157} INFO - Started process (PID=32938) to work on /Users/nick/Desktop/airflow_dic/venv/lib/python3.11/site-packages/airflow/example_dags/subdags/subdag.py
[2023-10-19T22:36:34.232+0200] {processor.py:829} INFO - Processing file /Users/nick/Desktop/airflow_dic/venv/lib/python3.11/site-packages/airflow/example_dags/subdags/subdag.py for tasks to queue
[2023-10-19T22:36:34.232+0200] {logging_mixin.py:151} INFO - [2023-10-19T22:36:34.232+0200] {dagbag.py:539} INFO - Filling up the DagBag from /Users/nick/Desktop/airflow_dic/venv/lib/python3.11/site-packages/airflow/example_dags/subdags/subdag.py
[2023-10-19T22:36:34.233+0200] {processor.py:841} WARNING - No viable dags retrieved from /Users/nick/Desktop/airflow_dic/venv/lib/python3.11/site-packages/airflow/example_dags/subdags/subdag.py
[2023-10-19T22:36:34.275+0200] {processor.py:179} INFO - Processing /Users/nick/Desktop/airflow_dic/venv/lib/python3.11/site-packages/airflow/example_dags/subdags/subdag.py took 0.044 seconds
[2023-10-19T22:37:08.224+0200] {processor.py:157} INFO - Started process (PID=33000) to work on /Users/nick/Desktop/airflow_dic/venv/lib/python3.11/site-packages/airflow/example_dags/subdags/subdag.py
[2023-10-19T22:37:08.225+0200] {processor.py:829} INFO - Processing file /Users/nick/Desktop/airflow_dic/venv/lib/python3.11/site-packages/airflow/example_dags/subdags/subdag.py for tasks to queue
[2023-10-19T22:37:08.226+0200] {logging_mixin.py:151} INFO - [2023-10-19T22:37:08.226+0200] {dagbag.py:539} INFO - Filling up the DagBag from /Users/nick/Desktop/airflow_dic/venv/lib/python3.11/site-packages/airflow/example_dags/subdags/subdag.py
[2023-10-19T22:37:08.226+0200] {processor.py:841} WARNING - No viable dags retrieved from /Users/nick/Desktop/airflow_dic/venv/lib/python3.11/site-packages/airflow/example_dags/subdags/subdag.py
[2023-10-19T22:37:08.268+0200] {processor.py:179} INFO - Processing /Users/nick/Desktop/airflow_dic/venv/lib/python3.11/site-packages/airflow/example_dags/subdags/subdag.py took 0.044 seconds
[2023-10-19T22:37:43.050+0200] {processor.py:157} INFO - Started process (PID=33065) to work on /Users/nick/Desktop/airflow_dic/venv/lib/python3.11/site-packages/airflow/example_dags/subdags/subdag.py
[2023-10-19T22:37:43.051+0200] {processor.py:829} INFO - Processing file /Users/nick/Desktop/airflow_dic/venv/lib/python3.11/site-packages/airflow/example_dags/subdags/subdag.py for tasks to queue
[2023-10-19T22:37:43.051+0200] {logging_mixin.py:151} INFO - [2023-10-19T22:37:43.051+0200] {dagbag.py:539} INFO - Filling up the DagBag from /Users/nick/Desktop/airflow_dic/venv/lib/python3.11/site-packages/airflow/example_dags/subdags/subdag.py
[2023-10-19T22:37:43.052+0200] {processor.py:841} WARNING - No viable dags retrieved from /Users/nick/Desktop/airflow_dic/venv/lib/python3.11/site-packages/airflow/example_dags/subdags/subdag.py
[2023-10-19T22:37:43.093+0200] {processor.py:179} INFO - Processing /Users/nick/Desktop/airflow_dic/venv/lib/python3.11/site-packages/airflow/example_dags/subdags/subdag.py took 0.044 seconds
[2023-10-19T22:38:16.383+0200] {processor.py:157} INFO - Started process (PID=33127) to work on /Users/nick/Desktop/airflow_dic/venv/lib/python3.11/site-packages/airflow/example_dags/subdags/subdag.py
[2023-10-19T22:38:16.384+0200] {processor.py:829} INFO - Processing file /Users/nick/Desktop/airflow_dic/venv/lib/python3.11/site-packages/airflow/example_dags/subdags/subdag.py for tasks to queue
[2023-10-19T22:38:16.385+0200] {logging_mixin.py:151} INFO - [2023-10-19T22:38:16.384+0200] {dagbag.py:539} INFO - Filling up the DagBag from /Users/nick/Desktop/airflow_dic/venv/lib/python3.11/site-packages/airflow/example_dags/subdags/subdag.py
[2023-10-19T22:38:16.385+0200] {processor.py:841} WARNING - No viable dags retrieved from /Users/nick/Desktop/airflow_dic/venv/lib/python3.11/site-packages/airflow/example_dags/subdags/subdag.py
[2023-10-19T22:38:16.427+0200] {processor.py:179} INFO - Processing /Users/nick/Desktop/airflow_dic/venv/lib/python3.11/site-packages/airflow/example_dags/subdags/subdag.py took 0.044 seconds
[2023-10-19T22:38:50.274+0200] {processor.py:157} INFO - Started process (PID=33189) to work on /Users/nick/Desktop/airflow_dic/venv/lib/python3.11/site-packages/airflow/example_dags/subdags/subdag.py
[2023-10-19T22:38:50.276+0200] {processor.py:829} INFO - Processing file /Users/nick/Desktop/airflow_dic/venv/lib/python3.11/site-packages/airflow/example_dags/subdags/subdag.py for tasks to queue
[2023-10-19T22:38:50.276+0200] {logging_mixin.py:151} INFO - [2023-10-19T22:38:50.276+0200] {dagbag.py:539} INFO - Filling up the DagBag from /Users/nick/Desktop/airflow_dic/venv/lib/python3.11/site-packages/airflow/example_dags/subdags/subdag.py
[2023-10-19T22:38:50.277+0200] {processor.py:841} WARNING - No viable dags retrieved from /Users/nick/Desktop/airflow_dic/venv/lib/python3.11/site-packages/airflow/example_dags/subdags/subdag.py
[2023-10-19T22:38:50.327+0200] {processor.py:179} INFO - Processing /Users/nick/Desktop/airflow_dic/venv/lib/python3.11/site-packages/airflow/example_dags/subdags/subdag.py took 0.053 seconds
[2023-10-19T22:39:23.541+0200] {processor.py:157} INFO - Started process (PID=33254) to work on /Users/nick/Desktop/airflow_dic/venv/lib/python3.11/site-packages/airflow/example_dags/subdags/subdag.py
[2023-10-19T22:39:23.542+0200] {processor.py:829} INFO - Processing file /Users/nick/Desktop/airflow_dic/venv/lib/python3.11/site-packages/airflow/example_dags/subdags/subdag.py for tasks to queue
[2023-10-19T22:39:23.542+0200] {logging_mixin.py:151} INFO - [2023-10-19T22:39:23.542+0200] {dagbag.py:539} INFO - Filling up the DagBag from /Users/nick/Desktop/airflow_dic/venv/lib/python3.11/site-packages/airflow/example_dags/subdags/subdag.py
[2023-10-19T22:39:23.543+0200] {processor.py:841} WARNING - No viable dags retrieved from /Users/nick/Desktop/airflow_dic/venv/lib/python3.11/site-packages/airflow/example_dags/subdags/subdag.py
[2023-10-19T22:39:23.585+0200] {processor.py:179} INFO - Processing /Users/nick/Desktop/airflow_dic/venv/lib/python3.11/site-packages/airflow/example_dags/subdags/subdag.py took 0.044 seconds
[2023-10-19T22:39:56.614+0200] {processor.py:157} INFO - Started process (PID=33318) to work on /Users/nick/Desktop/airflow_dic/venv/lib/python3.11/site-packages/airflow/example_dags/subdags/subdag.py
[2023-10-19T22:39:56.615+0200] {processor.py:829} INFO - Processing file /Users/nick/Desktop/airflow_dic/venv/lib/python3.11/site-packages/airflow/example_dags/subdags/subdag.py for tasks to queue
[2023-10-19T22:39:56.615+0200] {logging_mixin.py:151} INFO - [2023-10-19T22:39:56.615+0200] {dagbag.py:539} INFO - Filling up the DagBag from /Users/nick/Desktop/airflow_dic/venv/lib/python3.11/site-packages/airflow/example_dags/subdags/subdag.py
[2023-10-19T22:39:56.616+0200] {processor.py:841} WARNING - No viable dags retrieved from /Users/nick/Desktop/airflow_dic/venv/lib/python3.11/site-packages/airflow/example_dags/subdags/subdag.py
[2023-10-19T22:39:56.658+0200] {processor.py:179} INFO - Processing /Users/nick/Desktop/airflow_dic/venv/lib/python3.11/site-packages/airflow/example_dags/subdags/subdag.py took 0.044 seconds
[2023-10-19T22:40:30.119+0200] {processor.py:157} INFO - Started process (PID=33379) to work on /Users/nick/Desktop/airflow_dic/venv/lib/python3.11/site-packages/airflow/example_dags/subdags/subdag.py
[2023-10-19T22:40:30.120+0200] {processor.py:829} INFO - Processing file /Users/nick/Desktop/airflow_dic/venv/lib/python3.11/site-packages/airflow/example_dags/subdags/subdag.py for tasks to queue
[2023-10-19T22:40:30.120+0200] {logging_mixin.py:151} INFO - [2023-10-19T22:40:30.120+0200] {dagbag.py:539} INFO - Filling up the DagBag from /Users/nick/Desktop/airflow_dic/venv/lib/python3.11/site-packages/airflow/example_dags/subdags/subdag.py
[2023-10-19T22:40:30.121+0200] {processor.py:841} WARNING - No viable dags retrieved from /Users/nick/Desktop/airflow_dic/venv/lib/python3.11/site-packages/airflow/example_dags/subdags/subdag.py
[2023-10-19T22:40:30.163+0200] {processor.py:179} INFO - Processing /Users/nick/Desktop/airflow_dic/venv/lib/python3.11/site-packages/airflow/example_dags/subdags/subdag.py took 0.044 seconds
[2023-10-19T22:41:05.399+0200] {processor.py:157} INFO - Started process (PID=33444) to work on /Users/nick/Desktop/airflow_dic/venv/lib/python3.11/site-packages/airflow/example_dags/subdags/subdag.py
[2023-10-19T22:41:05.400+0200] {processor.py:829} INFO - Processing file /Users/nick/Desktop/airflow_dic/venv/lib/python3.11/site-packages/airflow/example_dags/subdags/subdag.py for tasks to queue
[2023-10-19T22:41:05.400+0200] {logging_mixin.py:151} INFO - [2023-10-19T22:41:05.400+0200] {dagbag.py:539} INFO - Filling up the DagBag from /Users/nick/Desktop/airflow_dic/venv/lib/python3.11/site-packages/airflow/example_dags/subdags/subdag.py
[2023-10-19T22:41:05.401+0200] {processor.py:841} WARNING - No viable dags retrieved from /Users/nick/Desktop/airflow_dic/venv/lib/python3.11/site-packages/airflow/example_dags/subdags/subdag.py
[2023-10-19T22:41:05.443+0200] {processor.py:179} INFO - Processing /Users/nick/Desktop/airflow_dic/venv/lib/python3.11/site-packages/airflow/example_dags/subdags/subdag.py took 0.045 seconds
[2023-10-19T22:41:40.562+0200] {processor.py:157} INFO - Started process (PID=33511) to work on /Users/nick/Desktop/airflow_dic/venv/lib/python3.11/site-packages/airflow/example_dags/subdags/subdag.py
[2023-10-19T22:41:40.564+0200] {processor.py:829} INFO - Processing file /Users/nick/Desktop/airflow_dic/venv/lib/python3.11/site-packages/airflow/example_dags/subdags/subdag.py for tasks to queue
[2023-10-19T22:41:40.564+0200] {logging_mixin.py:151} INFO - [2023-10-19T22:41:40.564+0200] {dagbag.py:539} INFO - Filling up the DagBag from /Users/nick/Desktop/airflow_dic/venv/lib/python3.11/site-packages/airflow/example_dags/subdags/subdag.py
[2023-10-19T22:41:40.565+0200] {processor.py:841} WARNING - No viable dags retrieved from /Users/nick/Desktop/airflow_dic/venv/lib/python3.11/site-packages/airflow/example_dags/subdags/subdag.py
[2023-10-19T22:41:40.608+0200] {processor.py:179} INFO - Processing /Users/nick/Desktop/airflow_dic/venv/lib/python3.11/site-packages/airflow/example_dags/subdags/subdag.py took 0.046 seconds
[2023-10-19T22:42:15.989+0200] {processor.py:157} INFO - Started process (PID=33575) to work on /Users/nick/Desktop/airflow_dic/venv/lib/python3.11/site-packages/airflow/example_dags/subdags/subdag.py
[2023-10-19T22:42:15.990+0200] {processor.py:829} INFO - Processing file /Users/nick/Desktop/airflow_dic/venv/lib/python3.11/site-packages/airflow/example_dags/subdags/subdag.py for tasks to queue
[2023-10-19T22:42:15.990+0200] {logging_mixin.py:151} INFO - [2023-10-19T22:42:15.990+0200] {dagbag.py:539} INFO - Filling up the DagBag from /Users/nick/Desktop/airflow_dic/venv/lib/python3.11/site-packages/airflow/example_dags/subdags/subdag.py
[2023-10-19T22:42:15.991+0200] {processor.py:841} WARNING - No viable dags retrieved from /Users/nick/Desktop/airflow_dic/venv/lib/python3.11/site-packages/airflow/example_dags/subdags/subdag.py
[2023-10-19T22:42:16.033+0200] {processor.py:179} INFO - Processing /Users/nick/Desktop/airflow_dic/venv/lib/python3.11/site-packages/airflow/example_dags/subdags/subdag.py took 0.045 seconds
[2023-10-19T22:42:51.211+0200] {processor.py:157} INFO - Started process (PID=33640) to work on /Users/nick/Desktop/airflow_dic/venv/lib/python3.11/site-packages/airflow/example_dags/subdags/subdag.py
[2023-10-19T22:42:51.212+0200] {processor.py:829} INFO - Processing file /Users/nick/Desktop/airflow_dic/venv/lib/python3.11/site-packages/airflow/example_dags/subdags/subdag.py for tasks to queue
[2023-10-19T22:42:51.213+0200] {logging_mixin.py:151} INFO - [2023-10-19T22:42:51.213+0200] {dagbag.py:539} INFO - Filling up the DagBag from /Users/nick/Desktop/airflow_dic/venv/lib/python3.11/site-packages/airflow/example_dags/subdags/subdag.py
[2023-10-19T22:42:51.213+0200] {processor.py:841} WARNING - No viable dags retrieved from /Users/nick/Desktop/airflow_dic/venv/lib/python3.11/site-packages/airflow/example_dags/subdags/subdag.py
[2023-10-19T22:42:51.257+0200] {processor.py:179} INFO - Processing /Users/nick/Desktop/airflow_dic/venv/lib/python3.11/site-packages/airflow/example_dags/subdags/subdag.py took 0.047 seconds
[2023-10-19T22:43:24.832+0200] {processor.py:157} INFO - Started process (PID=33701) to work on /Users/nick/Desktop/airflow_dic/venv/lib/python3.11/site-packages/airflow/example_dags/subdags/subdag.py
[2023-10-19T22:43:24.833+0200] {processor.py:829} INFO - Processing file /Users/nick/Desktop/airflow_dic/venv/lib/python3.11/site-packages/airflow/example_dags/subdags/subdag.py for tasks to queue
[2023-10-19T22:43:24.834+0200] {logging_mixin.py:151} INFO - [2023-10-19T22:43:24.834+0200] {dagbag.py:539} INFO - Filling up the DagBag from /Users/nick/Desktop/airflow_dic/venv/lib/python3.11/site-packages/airflow/example_dags/subdags/subdag.py
[2023-10-19T22:43:24.834+0200] {processor.py:841} WARNING - No viable dags retrieved from /Users/nick/Desktop/airflow_dic/venv/lib/python3.11/site-packages/airflow/example_dags/subdags/subdag.py
[2023-10-19T22:43:24.876+0200] {processor.py:179} INFO - Processing /Users/nick/Desktop/airflow_dic/venv/lib/python3.11/site-packages/airflow/example_dags/subdags/subdag.py took 0.044 seconds
[2023-10-19T22:44:00.007+0200] {processor.py:157} INFO - Started process (PID=33767) to work on /Users/nick/Desktop/airflow_dic/venv/lib/python3.11/site-packages/airflow/example_dags/subdags/subdag.py
[2023-10-19T22:44:00.008+0200] {processor.py:829} INFO - Processing file /Users/nick/Desktop/airflow_dic/venv/lib/python3.11/site-packages/airflow/example_dags/subdags/subdag.py for tasks to queue
[2023-10-19T22:44:00.008+0200] {logging_mixin.py:151} INFO - [2023-10-19T22:44:00.008+0200] {dagbag.py:539} INFO - Filling up the DagBag from /Users/nick/Desktop/airflow_dic/venv/lib/python3.11/site-packages/airflow/example_dags/subdags/subdag.py
[2023-10-19T22:44:00.009+0200] {processor.py:841} WARNING - No viable dags retrieved from /Users/nick/Desktop/airflow_dic/venv/lib/python3.11/site-packages/airflow/example_dags/subdags/subdag.py
[2023-10-19T22:44:00.052+0200] {processor.py:179} INFO - Processing /Users/nick/Desktop/airflow_dic/venv/lib/python3.11/site-packages/airflow/example_dags/subdags/subdag.py took 0.045 seconds
[2023-10-19T22:44:35.601+0200] {processor.py:157} INFO - Started process (PID=33838) to work on /Users/nick/Desktop/airflow_dic/venv/lib/python3.11/site-packages/airflow/example_dags/subdags/subdag.py
[2023-10-19T22:44:35.604+0200] {processor.py:829} INFO - Processing file /Users/nick/Desktop/airflow_dic/venv/lib/python3.11/site-packages/airflow/example_dags/subdags/subdag.py for tasks to queue
[2023-10-19T22:44:35.604+0200] {logging_mixin.py:151} INFO - [2023-10-19T22:44:35.604+0200] {dagbag.py:539} INFO - Filling up the DagBag from /Users/nick/Desktop/airflow_dic/venv/lib/python3.11/site-packages/airflow/example_dags/subdags/subdag.py
[2023-10-19T22:44:35.605+0200] {processor.py:841} WARNING - No viable dags retrieved from /Users/nick/Desktop/airflow_dic/venv/lib/python3.11/site-packages/airflow/example_dags/subdags/subdag.py
[2023-10-19T22:44:35.647+0200] {processor.py:179} INFO - Processing /Users/nick/Desktop/airflow_dic/venv/lib/python3.11/site-packages/airflow/example_dags/subdags/subdag.py took 0.045 seconds
[2023-10-19T22:45:10.669+0200] {processor.py:157} INFO - Started process (PID=33905) to work on /Users/nick/Desktop/airflow_dic/venv/lib/python3.11/site-packages/airflow/example_dags/subdags/subdag.py
[2023-10-19T22:45:10.670+0200] {processor.py:829} INFO - Processing file /Users/nick/Desktop/airflow_dic/venv/lib/python3.11/site-packages/airflow/example_dags/subdags/subdag.py for tasks to queue
[2023-10-19T22:45:10.671+0200] {logging_mixin.py:151} INFO - [2023-10-19T22:45:10.670+0200] {dagbag.py:539} INFO - Filling up the DagBag from /Users/nick/Desktop/airflow_dic/venv/lib/python3.11/site-packages/airflow/example_dags/subdags/subdag.py
[2023-10-19T22:45:10.671+0200] {processor.py:841} WARNING - No viable dags retrieved from /Users/nick/Desktop/airflow_dic/venv/lib/python3.11/site-packages/airflow/example_dags/subdags/subdag.py
[2023-10-19T22:45:10.713+0200] {processor.py:179} INFO - Processing /Users/nick/Desktop/airflow_dic/venv/lib/python3.11/site-packages/airflow/example_dags/subdags/subdag.py took 0.044 seconds
[2023-10-19T22:45:17.608+0200] {processor.py:157} INFO - Started process (PID=33922) to work on /Users/nick/Desktop/airflow_dic/venv/lib/python3.11/site-packages/airflow/example_dags/subdags/subdag.py
[2023-10-19T22:45:17.610+0200] {processor.py:829} INFO - Processing file /Users/nick/Desktop/airflow_dic/venv/lib/python3.11/site-packages/airflow/example_dags/subdags/subdag.py for tasks to queue
[2023-10-19T22:45:17.610+0200] {logging_mixin.py:151} INFO - [2023-10-19T22:45:17.610+0200] {dagbag.py:539} INFO - Filling up the DagBag from /Users/nick/Desktop/airflow_dic/venv/lib/python3.11/site-packages/airflow/example_dags/subdags/subdag.py
[2023-10-19T22:45:17.611+0200] {processor.py:841} WARNING - No viable dags retrieved from /Users/nick/Desktop/airflow_dic/venv/lib/python3.11/site-packages/airflow/example_dags/subdags/subdag.py
[2023-10-19T22:45:17.652+0200] {processor.py:179} INFO - Processing /Users/nick/Desktop/airflow_dic/venv/lib/python3.11/site-packages/airflow/example_dags/subdags/subdag.py took 0.044 seconds
[2023-10-19T22:46:23.527+0200] {processor.py:157} INFO - Started process (PID=34061) to work on /Users/nick/Desktop/airflow_dic/venv/lib/python3.11/site-packages/airflow/example_dags/subdags/subdag.py
[2023-10-19T22:46:23.529+0200] {processor.py:829} INFO - Processing file /Users/nick/Desktop/airflow_dic/venv/lib/python3.11/site-packages/airflow/example_dags/subdags/subdag.py for tasks to queue
[2023-10-19T22:46:23.529+0200] {logging_mixin.py:151} INFO - [2023-10-19T22:46:23.529+0200] {dagbag.py:539} INFO - Filling up the DagBag from /Users/nick/Desktop/airflow_dic/venv/lib/python3.11/site-packages/airflow/example_dags/subdags/subdag.py
[2023-10-19T22:46:23.530+0200] {processor.py:841} WARNING - No viable dags retrieved from /Users/nick/Desktop/airflow_dic/venv/lib/python3.11/site-packages/airflow/example_dags/subdags/subdag.py
[2023-10-19T22:46:23.572+0200] {processor.py:179} INFO - Processing /Users/nick/Desktop/airflow_dic/venv/lib/python3.11/site-packages/airflow/example_dags/subdags/subdag.py took 0.046 seconds
[2023-10-19T22:46:58.601+0200] {processor.py:157} INFO - Started process (PID=34126) to work on /Users/nick/Desktop/airflow_dic/venv/lib/python3.11/site-packages/airflow/example_dags/subdags/subdag.py
[2023-10-19T22:46:58.604+0200] {processor.py:829} INFO - Processing file /Users/nick/Desktop/airflow_dic/venv/lib/python3.11/site-packages/airflow/example_dags/subdags/subdag.py for tasks to queue
[2023-10-19T22:46:58.604+0200] {logging_mixin.py:151} INFO - [2023-10-19T22:46:58.604+0200] {dagbag.py:539} INFO - Filling up the DagBag from /Users/nick/Desktop/airflow_dic/venv/lib/python3.11/site-packages/airflow/example_dags/subdags/subdag.py
[2023-10-19T22:46:58.605+0200] {processor.py:841} WARNING - No viable dags retrieved from /Users/nick/Desktop/airflow_dic/venv/lib/python3.11/site-packages/airflow/example_dags/subdags/subdag.py
[2023-10-19T22:46:58.646+0200] {processor.py:179} INFO - Processing /Users/nick/Desktop/airflow_dic/venv/lib/python3.11/site-packages/airflow/example_dags/subdags/subdag.py took 0.045 seconds
[2023-10-19T22:47:31.898+0200] {processor.py:157} INFO - Started process (PID=34187) to work on /Users/nick/Desktop/airflow_dic/venv/lib/python3.11/site-packages/airflow/example_dags/subdags/subdag.py
[2023-10-19T22:47:31.899+0200] {processor.py:829} INFO - Processing file /Users/nick/Desktop/airflow_dic/venv/lib/python3.11/site-packages/airflow/example_dags/subdags/subdag.py for tasks to queue
[2023-10-19T22:47:31.899+0200] {logging_mixin.py:151} INFO - [2023-10-19T22:47:31.899+0200] {dagbag.py:539} INFO - Filling up the DagBag from /Users/nick/Desktop/airflow_dic/venv/lib/python3.11/site-packages/airflow/example_dags/subdags/subdag.py
[2023-10-19T22:47:31.900+0200] {processor.py:841} WARNING - No viable dags retrieved from /Users/nick/Desktop/airflow_dic/venv/lib/python3.11/site-packages/airflow/example_dags/subdags/subdag.py
[2023-10-19T22:47:31.941+0200] {processor.py:179} INFO - Processing /Users/nick/Desktop/airflow_dic/venv/lib/python3.11/site-packages/airflow/example_dags/subdags/subdag.py took 0.044 seconds
[2023-10-19T22:48:05.991+0200] {processor.py:157} INFO - Started process (PID=34255) to work on /Users/nick/Desktop/airflow_dic/venv/lib/python3.11/site-packages/airflow/example_dags/subdags/subdag.py
[2023-10-19T22:48:05.992+0200] {processor.py:829} INFO - Processing file /Users/nick/Desktop/airflow_dic/venv/lib/python3.11/site-packages/airflow/example_dags/subdags/subdag.py for tasks to queue
[2023-10-19T22:48:05.992+0200] {logging_mixin.py:151} INFO - [2023-10-19T22:48:05.992+0200] {dagbag.py:539} INFO - Filling up the DagBag from /Users/nick/Desktop/airflow_dic/venv/lib/python3.11/site-packages/airflow/example_dags/subdags/subdag.py
[2023-10-19T22:48:05.993+0200] {processor.py:841} WARNING - No viable dags retrieved from /Users/nick/Desktop/airflow_dic/venv/lib/python3.11/site-packages/airflow/example_dags/subdags/subdag.py
[2023-10-19T22:48:06.035+0200] {processor.py:179} INFO - Processing /Users/nick/Desktop/airflow_dic/venv/lib/python3.11/site-packages/airflow/example_dags/subdags/subdag.py took 0.044 seconds
[2023-10-19T22:48:40.698+0200] {processor.py:157} INFO - Started process (PID=34321) to work on /Users/nick/Desktop/airflow_dic/venv/lib/python3.11/site-packages/airflow/example_dags/subdags/subdag.py
[2023-10-19T22:48:40.699+0200] {processor.py:829} INFO - Processing file /Users/nick/Desktop/airflow_dic/venv/lib/python3.11/site-packages/airflow/example_dags/subdags/subdag.py for tasks to queue
[2023-10-19T22:48:40.699+0200] {logging_mixin.py:151} INFO - [2023-10-19T22:48:40.699+0200] {dagbag.py:539} INFO - Filling up the DagBag from /Users/nick/Desktop/airflow_dic/venv/lib/python3.11/site-packages/airflow/example_dags/subdags/subdag.py
[2023-10-19T22:48:40.700+0200] {processor.py:841} WARNING - No viable dags retrieved from /Users/nick/Desktop/airflow_dic/venv/lib/python3.11/site-packages/airflow/example_dags/subdags/subdag.py
[2023-10-19T22:48:40.742+0200] {processor.py:179} INFO - Processing /Users/nick/Desktop/airflow_dic/venv/lib/python3.11/site-packages/airflow/example_dags/subdags/subdag.py took 0.044 seconds
[2023-10-19T22:49:15.982+0200] {processor.py:157} INFO - Started process (PID=34395) to work on /Users/nick/Desktop/airflow_dic/venv/lib/python3.11/site-packages/airflow/example_dags/subdags/subdag.py
[2023-10-19T22:49:15.983+0200] {processor.py:829} INFO - Processing file /Users/nick/Desktop/airflow_dic/venv/lib/python3.11/site-packages/airflow/example_dags/subdags/subdag.py for tasks to queue
[2023-10-19T22:49:15.983+0200] {logging_mixin.py:151} INFO - [2023-10-19T22:49:15.983+0200] {dagbag.py:539} INFO - Filling up the DagBag from /Users/nick/Desktop/airflow_dic/venv/lib/python3.11/site-packages/airflow/example_dags/subdags/subdag.py
[2023-10-19T22:49:15.984+0200] {processor.py:841} WARNING - No viable dags retrieved from /Users/nick/Desktop/airflow_dic/venv/lib/python3.11/site-packages/airflow/example_dags/subdags/subdag.py
[2023-10-19T22:49:16.027+0200] {processor.py:179} INFO - Processing /Users/nick/Desktop/airflow_dic/venv/lib/python3.11/site-packages/airflow/example_dags/subdags/subdag.py took 0.045 seconds
[2023-10-19T22:49:50.178+0200] {processor.py:157} INFO - Started process (PID=34458) to work on /Users/nick/Desktop/airflow_dic/venv/lib/python3.11/site-packages/airflow/example_dags/subdags/subdag.py
[2023-10-19T22:49:50.179+0200] {processor.py:829} INFO - Processing file /Users/nick/Desktop/airflow_dic/venv/lib/python3.11/site-packages/airflow/example_dags/subdags/subdag.py for tasks to queue
[2023-10-19T22:49:50.179+0200] {logging_mixin.py:151} INFO - [2023-10-19T22:49:50.179+0200] {dagbag.py:539} INFO - Filling up the DagBag from /Users/nick/Desktop/airflow_dic/venv/lib/python3.11/site-packages/airflow/example_dags/subdags/subdag.py
[2023-10-19T22:49:50.180+0200] {processor.py:841} WARNING - No viable dags retrieved from /Users/nick/Desktop/airflow_dic/venv/lib/python3.11/site-packages/airflow/example_dags/subdags/subdag.py
[2023-10-19T22:49:50.222+0200] {processor.py:179} INFO - Processing /Users/nick/Desktop/airflow_dic/venv/lib/python3.11/site-packages/airflow/example_dags/subdags/subdag.py took 0.044 seconds
[2023-10-19T22:50:24.368+0200] {processor.py:157} INFO - Started process (PID=34520) to work on /Users/nick/Desktop/airflow_dic/venv/lib/python3.11/site-packages/airflow/example_dags/subdags/subdag.py
[2023-10-19T22:50:24.369+0200] {processor.py:829} INFO - Processing file /Users/nick/Desktop/airflow_dic/venv/lib/python3.11/site-packages/airflow/example_dags/subdags/subdag.py for tasks to queue
[2023-10-19T22:50:24.369+0200] {logging_mixin.py:151} INFO - [2023-10-19T22:50:24.369+0200] {dagbag.py:539} INFO - Filling up the DagBag from /Users/nick/Desktop/airflow_dic/venv/lib/python3.11/site-packages/airflow/example_dags/subdags/subdag.py
[2023-10-19T22:50:24.370+0200] {processor.py:841} WARNING - No viable dags retrieved from /Users/nick/Desktop/airflow_dic/venv/lib/python3.11/site-packages/airflow/example_dags/subdags/subdag.py
[2023-10-19T22:50:24.411+0200] {processor.py:179} INFO - Processing /Users/nick/Desktop/airflow_dic/venv/lib/python3.11/site-packages/airflow/example_dags/subdags/subdag.py took 0.044 seconds
[2023-10-19T22:53:16.011+0200] {processor.py:157} INFO - Started process (PID=34760) to work on /Users/nick/Desktop/airflow_dic/venv/lib/python3.11/site-packages/airflow/example_dags/subdags/subdag.py
[2023-10-19T22:53:16.012+0200] {processor.py:829} INFO - Processing file /Users/nick/Desktop/airflow_dic/venv/lib/python3.11/site-packages/airflow/example_dags/subdags/subdag.py for tasks to queue
[2023-10-19T22:53:16.012+0200] {logging_mixin.py:151} INFO - [2023-10-19T22:53:16.012+0200] {dagbag.py:539} INFO - Filling up the DagBag from /Users/nick/Desktop/airflow_dic/venv/lib/python3.11/site-packages/airflow/example_dags/subdags/subdag.py
[2023-10-19T22:53:16.013+0200] {processor.py:841} WARNING - No viable dags retrieved from /Users/nick/Desktop/airflow_dic/venv/lib/python3.11/site-packages/airflow/example_dags/subdags/subdag.py
[2023-10-19T22:53:16.056+0200] {processor.py:179} INFO - Processing /Users/nick/Desktop/airflow_dic/venv/lib/python3.11/site-packages/airflow/example_dags/subdags/subdag.py took 0.046 seconds
[2023-10-19T22:54:21.043+0200] {processor.py:157} INFO - Started process (PID=34897) to work on /Users/nick/Desktop/airflow_dic/venv/lib/python3.11/site-packages/airflow/example_dags/subdags/subdag.py
[2023-10-19T22:54:21.044+0200] {processor.py:829} INFO - Processing file /Users/nick/Desktop/airflow_dic/venv/lib/python3.11/site-packages/airflow/example_dags/subdags/subdag.py for tasks to queue
[2023-10-19T22:54:21.044+0200] {logging_mixin.py:151} INFO - [2023-10-19T22:54:21.044+0200] {dagbag.py:539} INFO - Filling up the DagBag from /Users/nick/Desktop/airflow_dic/venv/lib/python3.11/site-packages/airflow/example_dags/subdags/subdag.py
[2023-10-19T22:54:21.045+0200] {processor.py:841} WARNING - No viable dags retrieved from /Users/nick/Desktop/airflow_dic/venv/lib/python3.11/site-packages/airflow/example_dags/subdags/subdag.py
[2023-10-19T22:54:21.090+0200] {processor.py:179} INFO - Processing /Users/nick/Desktop/airflow_dic/venv/lib/python3.11/site-packages/airflow/example_dags/subdags/subdag.py took 0.047 seconds
[2023-10-19T22:54:54.897+0200] {processor.py:157} INFO - Started process (PID=34970) to work on /Users/nick/Desktop/airflow_dic/venv/lib/python3.11/site-packages/airflow/example_dags/subdags/subdag.py
[2023-10-19T22:54:54.899+0200] {processor.py:829} INFO - Processing file /Users/nick/Desktop/airflow_dic/venv/lib/python3.11/site-packages/airflow/example_dags/subdags/subdag.py for tasks to queue
[2023-10-19T22:54:54.900+0200] {logging_mixin.py:151} INFO - [2023-10-19T22:54:54.900+0200] {dagbag.py:539} INFO - Filling up the DagBag from /Users/nick/Desktop/airflow_dic/venv/lib/python3.11/site-packages/airflow/example_dags/subdags/subdag.py
[2023-10-19T22:54:54.900+0200] {processor.py:841} WARNING - No viable dags retrieved from /Users/nick/Desktop/airflow_dic/venv/lib/python3.11/site-packages/airflow/example_dags/subdags/subdag.py
[2023-10-19T22:54:54.943+0200] {processor.py:179} INFO - Processing /Users/nick/Desktop/airflow_dic/venv/lib/python3.11/site-packages/airflow/example_dags/subdags/subdag.py took 0.046 seconds
[2023-10-19T22:55:28.470+0200] {processor.py:157} INFO - Started process (PID=35040) to work on /Users/nick/Desktop/airflow_dic/venv/lib/python3.11/site-packages/airflow/example_dags/subdags/subdag.py
[2023-10-19T22:55:28.472+0200] {processor.py:829} INFO - Processing file /Users/nick/Desktop/airflow_dic/venv/lib/python3.11/site-packages/airflow/example_dags/subdags/subdag.py for tasks to queue
[2023-10-19T22:55:28.472+0200] {logging_mixin.py:151} INFO - [2023-10-19T22:55:28.472+0200] {dagbag.py:539} INFO - Filling up the DagBag from /Users/nick/Desktop/airflow_dic/venv/lib/python3.11/site-packages/airflow/example_dags/subdags/subdag.py
[2023-10-19T22:55:28.472+0200] {processor.py:841} WARNING - No viable dags retrieved from /Users/nick/Desktop/airflow_dic/venv/lib/python3.11/site-packages/airflow/example_dags/subdags/subdag.py
[2023-10-19T22:55:28.514+0200] {processor.py:179} INFO - Processing /Users/nick/Desktop/airflow_dic/venv/lib/python3.11/site-packages/airflow/example_dags/subdags/subdag.py took 0.044 seconds
[2023-10-19T22:56:02.030+0200] {processor.py:157} INFO - Started process (PID=35103) to work on /Users/nick/Desktop/airflow_dic/venv/lib/python3.11/site-packages/airflow/example_dags/subdags/subdag.py
[2023-10-19T22:56:02.031+0200] {processor.py:829} INFO - Processing file /Users/nick/Desktop/airflow_dic/venv/lib/python3.11/site-packages/airflow/example_dags/subdags/subdag.py for tasks to queue
[2023-10-19T22:56:02.032+0200] {logging_mixin.py:151} INFO - [2023-10-19T22:56:02.031+0200] {dagbag.py:539} INFO - Filling up the DagBag from /Users/nick/Desktop/airflow_dic/venv/lib/python3.11/site-packages/airflow/example_dags/subdags/subdag.py
[2023-10-19T22:56:02.032+0200] {processor.py:841} WARNING - No viable dags retrieved from /Users/nick/Desktop/airflow_dic/venv/lib/python3.11/site-packages/airflow/example_dags/subdags/subdag.py
[2023-10-19T22:56:02.075+0200] {processor.py:179} INFO - Processing /Users/nick/Desktop/airflow_dic/venv/lib/python3.11/site-packages/airflow/example_dags/subdags/subdag.py took 0.046 seconds
[2023-10-19T22:56:37.488+0200] {processor.py:157} INFO - Started process (PID=35179) to work on /Users/nick/Desktop/airflow_dic/venv/lib/python3.11/site-packages/airflow/example_dags/subdags/subdag.py
[2023-10-19T22:56:37.489+0200] {processor.py:829} INFO - Processing file /Users/nick/Desktop/airflow_dic/venv/lib/python3.11/site-packages/airflow/example_dags/subdags/subdag.py for tasks to queue
[2023-10-19T22:56:37.489+0200] {logging_mixin.py:151} INFO - [2023-10-19T22:56:37.489+0200] {dagbag.py:539} INFO - Filling up the DagBag from /Users/nick/Desktop/airflow_dic/venv/lib/python3.11/site-packages/airflow/example_dags/subdags/subdag.py
[2023-10-19T22:56:37.490+0200] {processor.py:841} WARNING - No viable dags retrieved from /Users/nick/Desktop/airflow_dic/venv/lib/python3.11/site-packages/airflow/example_dags/subdags/subdag.py
[2023-10-19T22:56:37.537+0200] {processor.py:179} INFO - Processing /Users/nick/Desktop/airflow_dic/venv/lib/python3.11/site-packages/airflow/example_dags/subdags/subdag.py took 0.050 seconds
[2023-10-19T22:57:10.997+0200] {processor.py:157} INFO - Started process (PID=35243) to work on /Users/nick/Desktop/airflow_dic/venv/lib/python3.11/site-packages/airflow/example_dags/subdags/subdag.py
[2023-10-19T22:57:10.998+0200] {processor.py:829} INFO - Processing file /Users/nick/Desktop/airflow_dic/venv/lib/python3.11/site-packages/airflow/example_dags/subdags/subdag.py for tasks to queue
[2023-10-19T22:57:10.999+0200] {logging_mixin.py:151} INFO - [2023-10-19T22:57:10.999+0200] {dagbag.py:539} INFO - Filling up the DagBag from /Users/nick/Desktop/airflow_dic/venv/lib/python3.11/site-packages/airflow/example_dags/subdags/subdag.py
[2023-10-19T22:57:10.999+0200] {processor.py:841} WARNING - No viable dags retrieved from /Users/nick/Desktop/airflow_dic/venv/lib/python3.11/site-packages/airflow/example_dags/subdags/subdag.py
[2023-10-19T22:57:11.044+0200] {processor.py:179} INFO - Processing /Users/nick/Desktop/airflow_dic/venv/lib/python3.11/site-packages/airflow/example_dags/subdags/subdag.py took 0.047 seconds
[2023-10-19T22:57:44.094+0200] {processor.py:157} INFO - Started process (PID=35303) to work on /Users/nick/Desktop/airflow_dic/venv/lib/python3.11/site-packages/airflow/example_dags/subdags/subdag.py
[2023-10-19T22:57:44.096+0200] {processor.py:829} INFO - Processing file /Users/nick/Desktop/airflow_dic/venv/lib/python3.11/site-packages/airflow/example_dags/subdags/subdag.py for tasks to queue
[2023-10-19T22:57:44.096+0200] {logging_mixin.py:151} INFO - [2023-10-19T22:57:44.096+0200] {dagbag.py:539} INFO - Filling up the DagBag from /Users/nick/Desktop/airflow_dic/venv/lib/python3.11/site-packages/airflow/example_dags/subdags/subdag.py
[2023-10-19T22:57:44.097+0200] {processor.py:841} WARNING - No viable dags retrieved from /Users/nick/Desktop/airflow_dic/venv/lib/python3.11/site-packages/airflow/example_dags/subdags/subdag.py
[2023-10-19T22:57:44.138+0200] {processor.py:179} INFO - Processing /Users/nick/Desktop/airflow_dic/venv/lib/python3.11/site-packages/airflow/example_dags/subdags/subdag.py took 0.044 seconds
[2023-10-19T22:58:17.945+0200] {processor.py:157} INFO - Started process (PID=35378) to work on /Users/nick/Desktop/airflow_dic/venv/lib/python3.11/site-packages/airflow/example_dags/subdags/subdag.py
[2023-10-19T22:58:17.946+0200] {processor.py:829} INFO - Processing file /Users/nick/Desktop/airflow_dic/venv/lib/python3.11/site-packages/airflow/example_dags/subdags/subdag.py for tasks to queue
[2023-10-19T22:58:17.946+0200] {logging_mixin.py:151} INFO - [2023-10-19T22:58:17.946+0200] {dagbag.py:539} INFO - Filling up the DagBag from /Users/nick/Desktop/airflow_dic/venv/lib/python3.11/site-packages/airflow/example_dags/subdags/subdag.py
[2023-10-19T22:58:17.947+0200] {processor.py:841} WARNING - No viable dags retrieved from /Users/nick/Desktop/airflow_dic/venv/lib/python3.11/site-packages/airflow/example_dags/subdags/subdag.py
[2023-10-19T22:58:17.989+0200] {processor.py:179} INFO - Processing /Users/nick/Desktop/airflow_dic/venv/lib/python3.11/site-packages/airflow/example_dags/subdags/subdag.py took 0.044 seconds
[2023-10-19T22:58:51.218+0200] {processor.py:157} INFO - Started process (PID=35441) to work on /Users/nick/Desktop/airflow_dic/venv/lib/python3.11/site-packages/airflow/example_dags/subdags/subdag.py
[2023-10-19T22:58:51.220+0200] {processor.py:829} INFO - Processing file /Users/nick/Desktop/airflow_dic/venv/lib/python3.11/site-packages/airflow/example_dags/subdags/subdag.py for tasks to queue
[2023-10-19T22:58:51.220+0200] {logging_mixin.py:151} INFO - [2023-10-19T22:58:51.220+0200] {dagbag.py:539} INFO - Filling up the DagBag from /Users/nick/Desktop/airflow_dic/venv/lib/python3.11/site-packages/airflow/example_dags/subdags/subdag.py
[2023-10-19T22:58:51.221+0200] {processor.py:841} WARNING - No viable dags retrieved from /Users/nick/Desktop/airflow_dic/venv/lib/python3.11/site-packages/airflow/example_dags/subdags/subdag.py
[2023-10-19T22:58:51.266+0200] {processor.py:179} INFO - Processing /Users/nick/Desktop/airflow_dic/venv/lib/python3.11/site-packages/airflow/example_dags/subdags/subdag.py took 0.048 seconds
[2023-10-19T22:59:25.414+0200] {processor.py:157} INFO - Started process (PID=35517) to work on /Users/nick/Desktop/airflow_dic/venv/lib/python3.11/site-packages/airflow/example_dags/subdags/subdag.py
[2023-10-19T22:59:25.415+0200] {processor.py:829} INFO - Processing file /Users/nick/Desktop/airflow_dic/venv/lib/python3.11/site-packages/airflow/example_dags/subdags/subdag.py for tasks to queue
[2023-10-19T22:59:25.415+0200] {logging_mixin.py:151} INFO - [2023-10-19T22:59:25.415+0200] {dagbag.py:539} INFO - Filling up the DagBag from /Users/nick/Desktop/airflow_dic/venv/lib/python3.11/site-packages/airflow/example_dags/subdags/subdag.py
[2023-10-19T22:59:25.416+0200] {processor.py:841} WARNING - No viable dags retrieved from /Users/nick/Desktop/airflow_dic/venv/lib/python3.11/site-packages/airflow/example_dags/subdags/subdag.py
[2023-10-19T22:59:25.459+0200] {processor.py:179} INFO - Processing /Users/nick/Desktop/airflow_dic/venv/lib/python3.11/site-packages/airflow/example_dags/subdags/subdag.py took 0.046 seconds
[2023-10-19T22:59:47.242+0200] {processor.py:157} INFO - Started process (PID=35561) to work on /Users/nick/Desktop/airflow_dic/venv/lib/python3.11/site-packages/airflow/example_dags/subdags/subdag.py
[2023-10-19T22:59:47.244+0200] {processor.py:829} INFO - Processing file /Users/nick/Desktop/airflow_dic/venv/lib/python3.11/site-packages/airflow/example_dags/subdags/subdag.py for tasks to queue
[2023-10-19T22:59:47.244+0200] {logging_mixin.py:151} INFO - [2023-10-19T22:59:47.244+0200] {dagbag.py:539} INFO - Filling up the DagBag from /Users/nick/Desktop/airflow_dic/venv/lib/python3.11/site-packages/airflow/example_dags/subdags/subdag.py
[2023-10-19T22:59:47.244+0200] {processor.py:841} WARNING - No viable dags retrieved from /Users/nick/Desktop/airflow_dic/venv/lib/python3.11/site-packages/airflow/example_dags/subdags/subdag.py
[2023-10-19T22:59:47.287+0200] {processor.py:179} INFO - Processing /Users/nick/Desktop/airflow_dic/venv/lib/python3.11/site-packages/airflow/example_dags/subdags/subdag.py took 0.045 seconds
