[2024-11-04T11:04:15.763+0100] {processor.py:186} INFO - Started process (PID=16600) to work on /Users/nick/Desktop/Code/MSTeams_pipeline/airflow/lib/python3.11/site-packages/airflow/example_dags/plugins/event_listener.py
[2024-11-04T11:04:15.763+0100] {processor.py:914} INFO - Processing file /Users/nick/Desktop/Code/MSTeams_pipeline/airflow/lib/python3.11/site-packages/airflow/example_dags/plugins/event_listener.py for tasks to queue
[2024-11-04T11:04:15.764+0100] {logging_mixin.py:190} INFO - [2024-11-04T11:04:15.763+0100] {dagbag.py:588} INFO - Filling up the DagBag from /Users/nick/Desktop/Code/MSTeams_pipeline/airflow/lib/python3.11/site-packages/airflow/example_dags/plugins/event_listener.py
[2024-11-04T11:04:15.764+0100] {processor.py:927} WARNING - No viable dags retrieved from /Users/nick/Desktop/Code/MSTeams_pipeline/airflow/lib/python3.11/site-packages/airflow/example_dags/plugins/event_listener.py
[2024-11-04T11:04:15.793+0100] {processor.py:208} INFO - Processing /Users/nick/Desktop/Code/MSTeams_pipeline/airflow/lib/python3.11/site-packages/airflow/example_dags/plugins/event_listener.py took 0.031 seconds
[2024-11-04T11:05:58.488+0100] {processor.py:186} INFO - Started process (PID=17948) to work on /Users/nick/Desktop/Code/MSTeams_pipeline/airflow/lib/python3.11/site-packages/airflow/example_dags/plugins/event_listener.py
[2024-11-04T11:05:58.489+0100] {processor.py:914} INFO - Processing file /Users/nick/Desktop/Code/MSTeams_pipeline/airflow/lib/python3.11/site-packages/airflow/example_dags/plugins/event_listener.py for tasks to queue
[2024-11-04T11:05:58.490+0100] {logging_mixin.py:190} INFO - [2024-11-04T11:05:58.490+0100] {dagbag.py:588} INFO - Filling up the DagBag from /Users/nick/Desktop/Code/MSTeams_pipeline/airflow/lib/python3.11/site-packages/airflow/example_dags/plugins/event_listener.py
[2024-11-04T11:05:58.490+0100] {processor.py:927} WARNING - No viable dags retrieved from /Users/nick/Desktop/Code/MSTeams_pipeline/airflow/lib/python3.11/site-packages/airflow/example_dags/plugins/event_listener.py
[2024-11-04T11:05:58.520+0100] {processor.py:208} INFO - Processing /Users/nick/Desktop/Code/MSTeams_pipeline/airflow/lib/python3.11/site-packages/airflow/example_dags/plugins/event_listener.py took 0.033 seconds
[2024-11-04T11:07:13.400+0100] {processor.py:186} INFO - Started process (PID=18837) to work on /Users/nick/Desktop/Code/MSTeams_pipeline/airflow/lib/python3.11/site-packages/airflow/example_dags/plugins/event_listener.py
[2024-11-04T11:07:13.401+0100] {processor.py:914} INFO - Processing file /Users/nick/Desktop/Code/MSTeams_pipeline/airflow/lib/python3.11/site-packages/airflow/example_dags/plugins/event_listener.py for tasks to queue
[2024-11-04T11:07:13.402+0100] {logging_mixin.py:190} INFO - [2024-11-04T11:07:13.401+0100] {dagbag.py:588} INFO - Filling up the DagBag from /Users/nick/Desktop/Code/MSTeams_pipeline/airflow/lib/python3.11/site-packages/airflow/example_dags/plugins/event_listener.py
[2024-11-04T11:07:13.402+0100] {processor.py:927} WARNING - No viable dags retrieved from /Users/nick/Desktop/Code/MSTeams_pipeline/airflow/lib/python3.11/site-packages/airflow/example_dags/plugins/event_listener.py
[2024-11-04T11:07:13.432+0100] {processor.py:208} INFO - Processing /Users/nick/Desktop/Code/MSTeams_pipeline/airflow/lib/python3.11/site-packages/airflow/example_dags/plugins/event_listener.py took 0.033 seconds
[2024-11-04T11:08:26.847+0100] {processor.py:186} INFO - Started process (PID=19682) to work on /Users/nick/Desktop/Code/MSTeams_pipeline/airflow/lib/python3.11/site-packages/airflow/example_dags/plugins/event_listener.py
[2024-11-04T11:08:26.847+0100] {processor.py:914} INFO - Processing file /Users/nick/Desktop/Code/MSTeams_pipeline/airflow/lib/python3.11/site-packages/airflow/example_dags/plugins/event_listener.py for tasks to queue
[2024-11-04T11:08:26.848+0100] {logging_mixin.py:190} INFO - [2024-11-04T11:08:26.848+0100] {dagbag.py:588} INFO - Filling up the DagBag from /Users/nick/Desktop/Code/MSTeams_pipeline/airflow/lib/python3.11/site-packages/airflow/example_dags/plugins/event_listener.py
[2024-11-04T11:08:26.849+0100] {processor.py:927} WARNING - No viable dags retrieved from /Users/nick/Desktop/Code/MSTeams_pipeline/airflow/lib/python3.11/site-packages/airflow/example_dags/plugins/event_listener.py
[2024-11-04T11:08:26.888+0100] {processor.py:208} INFO - Processing /Users/nick/Desktop/Code/MSTeams_pipeline/airflow/lib/python3.11/site-packages/airflow/example_dags/plugins/event_listener.py took 0.043 seconds
[2024-11-04T11:09:40.937+0100] {processor.py:186} INFO - Started process (PID=20491) to work on /Users/nick/Desktop/Code/MSTeams_pipeline/airflow/lib/python3.11/site-packages/airflow/example_dags/plugins/event_listener.py
[2024-11-04T11:09:40.938+0100] {processor.py:914} INFO - Processing file /Users/nick/Desktop/Code/MSTeams_pipeline/airflow/lib/python3.11/site-packages/airflow/example_dags/plugins/event_listener.py for tasks to queue
[2024-11-04T11:09:40.939+0100] {logging_mixin.py:190} INFO - [2024-11-04T11:09:40.939+0100] {dagbag.py:588} INFO - Filling up the DagBag from /Users/nick/Desktop/Code/MSTeams_pipeline/airflow/lib/python3.11/site-packages/airflow/example_dags/plugins/event_listener.py
[2024-11-04T11:09:40.939+0100] {processor.py:927} WARNING - No viable dags retrieved from /Users/nick/Desktop/Code/MSTeams_pipeline/airflow/lib/python3.11/site-packages/airflow/example_dags/plugins/event_listener.py
[2024-11-04T11:09:40.971+0100] {processor.py:208} INFO - Processing /Users/nick/Desktop/Code/MSTeams_pipeline/airflow/lib/python3.11/site-packages/airflow/example_dags/plugins/event_listener.py took 0.035 seconds
[2024-11-04T11:10:28.353+0100] {processor.py:186} INFO - Started process (PID=21069) to work on /Users/nick/Desktop/Code/MSTeams_pipeline/airflow/lib/python3.11/site-packages/airflow/example_dags/plugins/event_listener.py
[2024-11-04T11:10:28.354+0100] {processor.py:914} INFO - Processing file /Users/nick/Desktop/Code/MSTeams_pipeline/airflow/lib/python3.11/site-packages/airflow/example_dags/plugins/event_listener.py for tasks to queue
[2024-11-04T11:10:28.354+0100] {logging_mixin.py:190} INFO - [2024-11-04T11:10:28.354+0100] {dagbag.py:588} INFO - Filling up the DagBag from /Users/nick/Desktop/Code/MSTeams_pipeline/airflow/lib/python3.11/site-packages/airflow/example_dags/plugins/event_listener.py
[2024-11-04T11:10:28.355+0100] {processor.py:927} WARNING - No viable dags retrieved from /Users/nick/Desktop/Code/MSTeams_pipeline/airflow/lib/python3.11/site-packages/airflow/example_dags/plugins/event_listener.py
[2024-11-04T11:10:28.386+0100] {processor.py:208} INFO - Processing /Users/nick/Desktop/Code/MSTeams_pipeline/airflow/lib/python3.11/site-packages/airflow/example_dags/plugins/event_listener.py took 0.034 seconds
[2024-11-04T11:12:16.203+0100] {processor.py:186} INFO - Started process (PID=22434) to work on /Users/nick/Desktop/Code/MSTeams_pipeline/airflow/lib/python3.11/site-packages/airflow/example_dags/plugins/event_listener.py
[2024-11-04T11:12:16.203+0100] {processor.py:914} INFO - Processing file /Users/nick/Desktop/Code/MSTeams_pipeline/airflow/lib/python3.11/site-packages/airflow/example_dags/plugins/event_listener.py for tasks to queue
[2024-11-04T11:12:16.204+0100] {logging_mixin.py:190} INFO - [2024-11-04T11:12:16.204+0100] {dagbag.py:588} INFO - Filling up the DagBag from /Users/nick/Desktop/Code/MSTeams_pipeline/airflow/lib/python3.11/site-packages/airflow/example_dags/plugins/event_listener.py
[2024-11-04T11:12:16.205+0100] {processor.py:927} WARNING - No viable dags retrieved from /Users/nick/Desktop/Code/MSTeams_pipeline/airflow/lib/python3.11/site-packages/airflow/example_dags/plugins/event_listener.py
[2024-11-04T11:12:16.257+0100] {processor.py:208} INFO - Processing /Users/nick/Desktop/Code/MSTeams_pipeline/airflow/lib/python3.11/site-packages/airflow/example_dags/plugins/event_listener.py took 0.056 seconds
[2024-11-04T11:14:42.875+0100] {processor.py:186} INFO - Started process (PID=24531) to work on /Users/nick/airflow/airflow_venv/lib/python3.11/site-packages/airflow/example_dags/plugins/event_listener.py
[2024-11-04T11:14:42.876+0100] {processor.py:914} INFO - Processing file /Users/nick/airflow/airflow_venv/lib/python3.11/site-packages/airflow/example_dags/plugins/event_listener.py for tasks to queue
[2024-11-04T11:14:42.876+0100] {logging_mixin.py:190} INFO - [2024-11-04T11:14:42.876+0100] {dagbag.py:588} INFO - Filling up the DagBag from /Users/nick/airflow/airflow_venv/lib/python3.11/site-packages/airflow/example_dags/plugins/event_listener.py
[2024-11-04T11:14:42.877+0100] {processor.py:927} WARNING - No viable dags retrieved from /Users/nick/airflow/airflow_venv/lib/python3.11/site-packages/airflow/example_dags/plugins/event_listener.py
[2024-11-04T11:14:42.907+0100] {processor.py:208} INFO - Processing /Users/nick/airflow/airflow_venv/lib/python3.11/site-packages/airflow/example_dags/plugins/event_listener.py took 0.033 seconds
[2024-11-04T11:16:29.433+0100] {processor.py:186} INFO - Started process (PID=25944) to work on /Users/nick/airflow/airflow_venv/lib/python3.11/site-packages/airflow/example_dags/plugins/event_listener.py
[2024-11-04T11:16:29.433+0100] {processor.py:914} INFO - Processing file /Users/nick/airflow/airflow_venv/lib/python3.11/site-packages/airflow/example_dags/plugins/event_listener.py for tasks to queue
[2024-11-04T11:16:29.434+0100] {logging_mixin.py:190} INFO - [2024-11-04T11:16:29.434+0100] {dagbag.py:588} INFO - Filling up the DagBag from /Users/nick/airflow/airflow_venv/lib/python3.11/site-packages/airflow/example_dags/plugins/event_listener.py
[2024-11-04T11:16:29.435+0100] {processor.py:927} WARNING - No viable dags retrieved from /Users/nick/airflow/airflow_venv/lib/python3.11/site-packages/airflow/example_dags/plugins/event_listener.py
[2024-11-04T11:16:29.466+0100] {processor.py:208} INFO - Processing /Users/nick/airflow/airflow_venv/lib/python3.11/site-packages/airflow/example_dags/plugins/event_listener.py took 0.035 seconds
[2024-11-04T11:17:47.258+0100] {processor.py:186} INFO - Started process (PID=27034) to work on /Users/nick/airflow/airflow_venv/lib/python3.11/site-packages/airflow/example_dags/plugins/event_listener.py
[2024-11-04T11:17:47.259+0100] {processor.py:914} INFO - Processing file /Users/nick/airflow/airflow_venv/lib/python3.11/site-packages/airflow/example_dags/plugins/event_listener.py for tasks to queue
[2024-11-04T11:17:47.259+0100] {logging_mixin.py:190} INFO - [2024-11-04T11:17:47.259+0100] {dagbag.py:588} INFO - Filling up the DagBag from /Users/nick/airflow/airflow_venv/lib/python3.11/site-packages/airflow/example_dags/plugins/event_listener.py
[2024-11-04T11:17:47.259+0100] {processor.py:927} WARNING - No viable dags retrieved from /Users/nick/airflow/airflow_venv/lib/python3.11/site-packages/airflow/example_dags/plugins/event_listener.py
[2024-11-04T11:17:47.289+0100] {processor.py:208} INFO - Processing /Users/nick/airflow/airflow_venv/lib/python3.11/site-packages/airflow/example_dags/plugins/event_listener.py took 0.032 seconds
[2024-11-04T11:18:57.199+0100] {processor.py:186} INFO - Started process (PID=27897) to work on /Users/nick/airflow/airflow_venv/lib/python3.11/site-packages/airflow/example_dags/plugins/event_listener.py
[2024-11-04T11:18:57.199+0100] {processor.py:914} INFO - Processing file /Users/nick/airflow/airflow_venv/lib/python3.11/site-packages/airflow/example_dags/plugins/event_listener.py for tasks to queue
[2024-11-04T11:18:57.199+0100] {logging_mixin.py:190} INFO - [2024-11-04T11:18:57.199+0100] {dagbag.py:588} INFO - Filling up the DagBag from /Users/nick/airflow/airflow_venv/lib/python3.11/site-packages/airflow/example_dags/plugins/event_listener.py
[2024-11-04T11:18:57.200+0100] {processor.py:927} WARNING - No viable dags retrieved from /Users/nick/airflow/airflow_venv/lib/python3.11/site-packages/airflow/example_dags/plugins/event_listener.py
[2024-11-04T11:18:57.233+0100] {processor.py:208} INFO - Processing /Users/nick/airflow/airflow_venv/lib/python3.11/site-packages/airflow/example_dags/plugins/event_listener.py took 0.035 seconds
[2024-11-04T11:20:10.117+0100] {processor.py:186} INFO - Started process (PID=28736) to work on /Users/nick/airflow/airflow_venv/lib/python3.11/site-packages/airflow/example_dags/plugins/event_listener.py
[2024-11-04T11:20:10.118+0100] {processor.py:914} INFO - Processing file /Users/nick/airflow/airflow_venv/lib/python3.11/site-packages/airflow/example_dags/plugins/event_listener.py for tasks to queue
[2024-11-04T11:20:10.118+0100] {logging_mixin.py:190} INFO - [2024-11-04T11:20:10.118+0100] {dagbag.py:588} INFO - Filling up the DagBag from /Users/nick/airflow/airflow_venv/lib/python3.11/site-packages/airflow/example_dags/plugins/event_listener.py
[2024-11-04T11:20:10.118+0100] {processor.py:927} WARNING - No viable dags retrieved from /Users/nick/airflow/airflow_venv/lib/python3.11/site-packages/airflow/example_dags/plugins/event_listener.py
[2024-11-04T11:20:10.150+0100] {processor.py:208} INFO - Processing /Users/nick/airflow/airflow_venv/lib/python3.11/site-packages/airflow/example_dags/plugins/event_listener.py took 0.034 seconds
[2024-11-04T11:21:26.965+0100] {processor.py:186} INFO - Started process (PID=29582) to work on /Users/nick/airflow/airflow_venv/lib/python3.11/site-packages/airflow/example_dags/plugins/event_listener.py
[2024-11-04T11:21:26.966+0100] {processor.py:914} INFO - Processing file /Users/nick/airflow/airflow_venv/lib/python3.11/site-packages/airflow/example_dags/plugins/event_listener.py for tasks to queue
[2024-11-04T11:21:26.966+0100] {logging_mixin.py:190} INFO - [2024-11-04T11:21:26.966+0100] {dagbag.py:588} INFO - Filling up the DagBag from /Users/nick/airflow/airflow_venv/lib/python3.11/site-packages/airflow/example_dags/plugins/event_listener.py
[2024-11-04T11:21:26.966+0100] {processor.py:927} WARNING - No viable dags retrieved from /Users/nick/airflow/airflow_venv/lib/python3.11/site-packages/airflow/example_dags/plugins/event_listener.py
[2024-11-04T11:21:27.070+0100] {processor.py:208} INFO - Processing /Users/nick/airflow/airflow_venv/lib/python3.11/site-packages/airflow/example_dags/plugins/event_listener.py took 0.107 seconds
[2024-11-04T11:22:43.260+0100] {processor.py:186} INFO - Started process (PID=30512) to work on /Users/nick/airflow/airflow_venv/lib/python3.11/site-packages/airflow/example_dags/plugins/event_listener.py
[2024-11-04T11:22:43.260+0100] {processor.py:914} INFO - Processing file /Users/nick/airflow/airflow_venv/lib/python3.11/site-packages/airflow/example_dags/plugins/event_listener.py for tasks to queue
[2024-11-04T11:22:43.260+0100] {logging_mixin.py:190} INFO - [2024-11-04T11:22:43.260+0100] {dagbag.py:588} INFO - Filling up the DagBag from /Users/nick/airflow/airflow_venv/lib/python3.11/site-packages/airflow/example_dags/plugins/event_listener.py
[2024-11-04T11:22:43.261+0100] {processor.py:927} WARNING - No viable dags retrieved from /Users/nick/airflow/airflow_venv/lib/python3.11/site-packages/airflow/example_dags/plugins/event_listener.py
[2024-11-04T11:22:43.293+0100] {processor.py:208} INFO - Processing /Users/nick/airflow/airflow_venv/lib/python3.11/site-packages/airflow/example_dags/plugins/event_listener.py took 0.034 seconds
[2024-11-04T11:23:58.771+0100] {processor.py:186} INFO - Started process (PID=31374) to work on /Users/nick/airflow/airflow_venv/lib/python3.11/site-packages/airflow/example_dags/plugins/event_listener.py
[2024-11-04T11:23:58.771+0100] {processor.py:914} INFO - Processing file /Users/nick/airflow/airflow_venv/lib/python3.11/site-packages/airflow/example_dags/plugins/event_listener.py for tasks to queue
[2024-11-04T11:23:58.772+0100] {logging_mixin.py:190} INFO - [2024-11-04T11:23:58.772+0100] {dagbag.py:588} INFO - Filling up the DagBag from /Users/nick/airflow/airflow_venv/lib/python3.11/site-packages/airflow/example_dags/plugins/event_listener.py
[2024-11-04T11:23:58.772+0100] {processor.py:927} WARNING - No viable dags retrieved from /Users/nick/airflow/airflow_venv/lib/python3.11/site-packages/airflow/example_dags/plugins/event_listener.py
[2024-11-04T11:23:58.804+0100] {processor.py:208} INFO - Processing /Users/nick/airflow/airflow_venv/lib/python3.11/site-packages/airflow/example_dags/plugins/event_listener.py took 0.035 seconds
[2024-11-04T11:25:52.101+0100] {processor.py:186} INFO - Started process (PID=32706) to work on /Users/nick/airflow/airflow_venv/lib/python3.11/site-packages/airflow/example_dags/plugins/event_listener.py
[2024-11-04T11:25:52.101+0100] {processor.py:914} INFO - Processing file /Users/nick/airflow/airflow_venv/lib/python3.11/site-packages/airflow/example_dags/plugins/event_listener.py for tasks to queue
[2024-11-04T11:25:52.101+0100] {logging_mixin.py:190} INFO - [2024-11-04T11:25:52.101+0100] {dagbag.py:588} INFO - Filling up the DagBag from /Users/nick/airflow/airflow_venv/lib/python3.11/site-packages/airflow/example_dags/plugins/event_listener.py
[2024-11-04T11:25:52.102+0100] {processor.py:927} WARNING - No viable dags retrieved from /Users/nick/airflow/airflow_venv/lib/python3.11/site-packages/airflow/example_dags/plugins/event_listener.py
[2024-11-04T11:25:52.133+0100] {processor.py:208} INFO - Processing /Users/nick/airflow/airflow_venv/lib/python3.11/site-packages/airflow/example_dags/plugins/event_listener.py took 0.034 seconds
[2024-11-04T11:27:49.541+0100] {processor.py:186} INFO - Started process (PID=34178) to work on /Users/nick/airflow/airflow_venv/lib/python3.11/site-packages/airflow/example_dags/plugins/event_listener.py
[2024-11-04T11:27:49.542+0100] {processor.py:914} INFO - Processing file /Users/nick/airflow/airflow_venv/lib/python3.11/site-packages/airflow/example_dags/plugins/event_listener.py for tasks to queue
[2024-11-04T11:27:49.542+0100] {logging_mixin.py:190} INFO - [2024-11-04T11:27:49.542+0100] {dagbag.py:588} INFO - Filling up the DagBag from /Users/nick/airflow/airflow_venv/lib/python3.11/site-packages/airflow/example_dags/plugins/event_listener.py
[2024-11-04T11:27:49.542+0100] {processor.py:927} WARNING - No viable dags retrieved from /Users/nick/airflow/airflow_venv/lib/python3.11/site-packages/airflow/example_dags/plugins/event_listener.py
[2024-11-04T11:27:49.575+0100] {processor.py:208} INFO - Processing /Users/nick/airflow/airflow_venv/lib/python3.11/site-packages/airflow/example_dags/plugins/event_listener.py took 0.036 seconds
