[2024-11-04T11:04:14.941+0100] {processor.py:186} INFO - Started process (PID=16595) to work on /Users/nick/Desktop/Code/MSTeams_pipeline/airflow/lib/python3.11/site-packages/airflow/example_dags/plugins/listener_plugin.py
[2024-11-04T11:04:14.941+0100] {processor.py:914} INFO - Processing file /Users/nick/Desktop/Code/MSTeams_pipeline/airflow/lib/python3.11/site-packages/airflow/example_dags/plugins/listener_plugin.py for tasks to queue
[2024-11-04T11:04:14.941+0100] {logging_mixin.py:190} INFO - [2024-11-04T11:04:14.941+0100] {dagbag.py:588} INFO - Filling up the DagBag from /Users/nick/Desktop/Code/MSTeams_pipeline/airflow/lib/python3.11/site-packages/airflow/example_dags/plugins/listener_plugin.py
[2024-11-04T11:04:14.942+0100] {processor.py:927} WARNING - No viable dags retrieved from /Users/nick/Desktop/Code/MSTeams_pipeline/airflow/lib/python3.11/site-packages/airflow/example_dags/plugins/listener_plugin.py
[2024-11-04T11:04:14.972+0100] {processor.py:208} INFO - Processing /Users/nick/Desktop/Code/MSTeams_pipeline/airflow/lib/python3.11/site-packages/airflow/example_dags/plugins/listener_plugin.py took 0.032 seconds
[2024-11-04T11:05:56.694+0100] {processor.py:186} INFO - Started process (PID=17942) to work on /Users/nick/Desktop/Code/MSTeams_pipeline/airflow/lib/python3.11/site-packages/airflow/example_dags/plugins/listener_plugin.py
[2024-11-04T11:05:56.696+0100] {processor.py:914} INFO - Processing file /Users/nick/Desktop/Code/MSTeams_pipeline/airflow/lib/python3.11/site-packages/airflow/example_dags/plugins/listener_plugin.py for tasks to queue
[2024-11-04T11:05:56.696+0100] {logging_mixin.py:190} INFO - [2024-11-04T11:05:56.696+0100] {dagbag.py:588} INFO - Filling up the DagBag from /Users/nick/Desktop/Code/MSTeams_pipeline/airflow/lib/python3.11/site-packages/airflow/example_dags/plugins/listener_plugin.py
[2024-11-04T11:05:56.697+0100] {processor.py:927} WARNING - No viable dags retrieved from /Users/nick/Desktop/Code/MSTeams_pipeline/airflow/lib/python3.11/site-packages/airflow/example_dags/plugins/listener_plugin.py
[2024-11-04T11:05:56.732+0100] {processor.py:208} INFO - Processing /Users/nick/Desktop/Code/MSTeams_pipeline/airflow/lib/python3.11/site-packages/airflow/example_dags/plugins/listener_plugin.py took 0.039 seconds
[2024-11-04T11:07:12.660+0100] {processor.py:186} INFO - Started process (PID=18833) to work on /Users/nick/Desktop/Code/MSTeams_pipeline/airflow/lib/python3.11/site-packages/airflow/example_dags/plugins/listener_plugin.py
[2024-11-04T11:07:12.661+0100] {processor.py:914} INFO - Processing file /Users/nick/Desktop/Code/MSTeams_pipeline/airflow/lib/python3.11/site-packages/airflow/example_dags/plugins/listener_plugin.py for tasks to queue
[2024-11-04T11:07:12.662+0100] {logging_mixin.py:190} INFO - [2024-11-04T11:07:12.662+0100] {dagbag.py:588} INFO - Filling up the DagBag from /Users/nick/Desktop/Code/MSTeams_pipeline/airflow/lib/python3.11/site-packages/airflow/example_dags/plugins/listener_plugin.py
[2024-11-04T11:07:12.662+0100] {processor.py:927} WARNING - No viable dags retrieved from /Users/nick/Desktop/Code/MSTeams_pipeline/airflow/lib/python3.11/site-packages/airflow/example_dags/plugins/listener_plugin.py
[2024-11-04T11:07:12.691+0100] {processor.py:208} INFO - Processing /Users/nick/Desktop/Code/MSTeams_pipeline/airflow/lib/python3.11/site-packages/airflow/example_dags/plugins/listener_plugin.py took 0.033 seconds
[2024-11-04T11:08:26.013+0100] {processor.py:186} INFO - Started process (PID=19681) to work on /Users/nick/Desktop/Code/MSTeams_pipeline/airflow/lib/python3.11/site-packages/airflow/example_dags/plugins/listener_plugin.py
[2024-11-04T11:08:26.013+0100] {processor.py:914} INFO - Processing file /Users/nick/Desktop/Code/MSTeams_pipeline/airflow/lib/python3.11/site-packages/airflow/example_dags/plugins/listener_plugin.py for tasks to queue
[2024-11-04T11:08:26.014+0100] {logging_mixin.py:190} INFO - [2024-11-04T11:08:26.014+0100] {dagbag.py:588} INFO - Filling up the DagBag from /Users/nick/Desktop/Code/MSTeams_pipeline/airflow/lib/python3.11/site-packages/airflow/example_dags/plugins/listener_plugin.py
[2024-11-04T11:08:26.015+0100] {processor.py:927} WARNING - No viable dags retrieved from /Users/nick/Desktop/Code/MSTeams_pipeline/airflow/lib/python3.11/site-packages/airflow/example_dags/plugins/listener_plugin.py
[2024-11-04T11:08:26.047+0100] {processor.py:208} INFO - Processing /Users/nick/Desktop/Code/MSTeams_pipeline/airflow/lib/python3.11/site-packages/airflow/example_dags/plugins/listener_plugin.py took 0.036 seconds
[2024-11-04T11:09:39.535+0100] {processor.py:186} INFO - Started process (PID=20489) to work on /Users/nick/Desktop/Code/MSTeams_pipeline/airflow/lib/python3.11/site-packages/airflow/example_dags/plugins/listener_plugin.py
[2024-11-04T11:09:39.536+0100] {processor.py:914} INFO - Processing file /Users/nick/Desktop/Code/MSTeams_pipeline/airflow/lib/python3.11/site-packages/airflow/example_dags/plugins/listener_plugin.py for tasks to queue
[2024-11-04T11:09:39.536+0100] {logging_mixin.py:190} INFO - [2024-11-04T11:09:39.536+0100] {dagbag.py:588} INFO - Filling up the DagBag from /Users/nick/Desktop/Code/MSTeams_pipeline/airflow/lib/python3.11/site-packages/airflow/example_dags/plugins/listener_plugin.py
[2024-11-04T11:09:39.538+0100] {processor.py:927} WARNING - No viable dags retrieved from /Users/nick/Desktop/Code/MSTeams_pipeline/airflow/lib/python3.11/site-packages/airflow/example_dags/plugins/listener_plugin.py
[2024-11-04T11:09:39.569+0100] {processor.py:208} INFO - Processing /Users/nick/Desktop/Code/MSTeams_pipeline/airflow/lib/python3.11/site-packages/airflow/example_dags/plugins/listener_plugin.py took 0.035 seconds
[2024-11-04T11:10:26.565+0100] {processor.py:186} INFO - Started process (PID=21068) to work on /Users/nick/Desktop/Code/MSTeams_pipeline/airflow/lib/python3.11/site-packages/airflow/example_dags/plugins/listener_plugin.py
[2024-11-04T11:10:26.566+0100] {processor.py:914} INFO - Processing file /Users/nick/Desktop/Code/MSTeams_pipeline/airflow/lib/python3.11/site-packages/airflow/example_dags/plugins/listener_plugin.py for tasks to queue
[2024-11-04T11:10:26.566+0100] {logging_mixin.py:190} INFO - [2024-11-04T11:10:26.566+0100] {dagbag.py:588} INFO - Filling up the DagBag from /Users/nick/Desktop/Code/MSTeams_pipeline/airflow/lib/python3.11/site-packages/airflow/example_dags/plugins/listener_plugin.py
[2024-11-04T11:10:26.567+0100] {processor.py:927} WARNING - No viable dags retrieved from /Users/nick/Desktop/Code/MSTeams_pipeline/airflow/lib/python3.11/site-packages/airflow/example_dags/plugins/listener_plugin.py
[2024-11-04T11:10:26.599+0100] {processor.py:208} INFO - Processing /Users/nick/Desktop/Code/MSTeams_pipeline/airflow/lib/python3.11/site-packages/airflow/example_dags/plugins/listener_plugin.py took 0.035 seconds
[2024-11-04T11:12:14.283+0100] {processor.py:186} INFO - Started process (PID=22408) to work on /Users/nick/Desktop/Code/MSTeams_pipeline/airflow/lib/python3.11/site-packages/airflow/example_dags/plugins/listener_plugin.py
[2024-11-04T11:12:14.284+0100] {processor.py:914} INFO - Processing file /Users/nick/Desktop/Code/MSTeams_pipeline/airflow/lib/python3.11/site-packages/airflow/example_dags/plugins/listener_plugin.py for tasks to queue
[2024-11-04T11:12:14.284+0100] {logging_mixin.py:190} INFO - [2024-11-04T11:12:14.284+0100] {dagbag.py:588} INFO - Filling up the DagBag from /Users/nick/Desktop/Code/MSTeams_pipeline/airflow/lib/python3.11/site-packages/airflow/example_dags/plugins/listener_plugin.py
[2024-11-04T11:12:14.285+0100] {processor.py:927} WARNING - No viable dags retrieved from /Users/nick/Desktop/Code/MSTeams_pipeline/airflow/lib/python3.11/site-packages/airflow/example_dags/plugins/listener_plugin.py
[2024-11-04T11:12:14.317+0100] {processor.py:208} INFO - Processing /Users/nick/Desktop/Code/MSTeams_pipeline/airflow/lib/python3.11/site-packages/airflow/example_dags/plugins/listener_plugin.py took 0.035 seconds
[2024-11-04T11:14:41.742+0100] {processor.py:186} INFO - Started process (PID=24529) to work on /Users/nick/airflow/airflow_venv/lib/python3.11/site-packages/airflow/example_dags/plugins/listener_plugin.py
[2024-11-04T11:14:41.743+0100] {processor.py:914} INFO - Processing file /Users/nick/airflow/airflow_venv/lib/python3.11/site-packages/airflow/example_dags/plugins/listener_plugin.py for tasks to queue
[2024-11-04T11:14:41.743+0100] {logging_mixin.py:190} INFO - [2024-11-04T11:14:41.743+0100] {dagbag.py:588} INFO - Filling up the DagBag from /Users/nick/airflow/airflow_venv/lib/python3.11/site-packages/airflow/example_dags/plugins/listener_plugin.py
[2024-11-04T11:14:41.744+0100] {processor.py:927} WARNING - No viable dags retrieved from /Users/nick/airflow/airflow_venv/lib/python3.11/site-packages/airflow/example_dags/plugins/listener_plugin.py
[2024-11-04T11:14:41.774+0100] {processor.py:208} INFO - Processing /Users/nick/airflow/airflow_venv/lib/python3.11/site-packages/airflow/example_dags/plugins/listener_plugin.py took 0.032 seconds
[2024-11-04T11:16:27.676+0100] {processor.py:186} INFO - Started process (PID=25929) to work on /Users/nick/airflow/airflow_venv/lib/python3.11/site-packages/airflow/example_dags/plugins/listener_plugin.py
[2024-11-04T11:16:27.676+0100] {processor.py:914} INFO - Processing file /Users/nick/airflow/airflow_venv/lib/python3.11/site-packages/airflow/example_dags/plugins/listener_plugin.py for tasks to queue
[2024-11-04T11:16:27.677+0100] {logging_mixin.py:190} INFO - [2024-11-04T11:16:27.677+0100] {dagbag.py:588} INFO - Filling up the DagBag from /Users/nick/airflow/airflow_venv/lib/python3.11/site-packages/airflow/example_dags/plugins/listener_plugin.py
[2024-11-04T11:16:27.678+0100] {processor.py:927} WARNING - No viable dags retrieved from /Users/nick/airflow/airflow_venv/lib/python3.11/site-packages/airflow/example_dags/plugins/listener_plugin.py
[2024-11-04T11:16:27.709+0100] {processor.py:208} INFO - Processing /Users/nick/airflow/airflow_venv/lib/python3.11/site-packages/airflow/example_dags/plugins/listener_plugin.py took 0.034 seconds
[2024-11-04T11:17:45.513+0100] {processor.py:186} INFO - Started process (PID=27023) to work on /Users/nick/airflow/airflow_venv/lib/python3.11/site-packages/airflow/example_dags/plugins/listener_plugin.py
[2024-11-04T11:17:45.514+0100] {processor.py:914} INFO - Processing file /Users/nick/airflow/airflow_venv/lib/python3.11/site-packages/airflow/example_dags/plugins/listener_plugin.py for tasks to queue
[2024-11-04T11:17:45.514+0100] {logging_mixin.py:190} INFO - [2024-11-04T11:17:45.514+0100] {dagbag.py:588} INFO - Filling up the DagBag from /Users/nick/airflow/airflow_venv/lib/python3.11/site-packages/airflow/example_dags/plugins/listener_plugin.py
[2024-11-04T11:17:45.515+0100] {processor.py:927} WARNING - No viable dags retrieved from /Users/nick/airflow/airflow_venv/lib/python3.11/site-packages/airflow/example_dags/plugins/listener_plugin.py
[2024-11-04T11:17:45.545+0100] {processor.py:208} INFO - Processing /Users/nick/airflow/airflow_venv/lib/python3.11/site-packages/airflow/example_dags/plugins/listener_plugin.py took 0.032 seconds
[2024-11-04T11:18:55.429+0100] {processor.py:186} INFO - Started process (PID=27888) to work on /Users/nick/airflow/airflow_venv/lib/python3.11/site-packages/airflow/example_dags/plugins/listener_plugin.py
[2024-11-04T11:18:55.430+0100] {processor.py:914} INFO - Processing file /Users/nick/airflow/airflow_venv/lib/python3.11/site-packages/airflow/example_dags/plugins/listener_plugin.py for tasks to queue
[2024-11-04T11:18:55.430+0100] {logging_mixin.py:190} INFO - [2024-11-04T11:18:55.430+0100] {dagbag.py:588} INFO - Filling up the DagBag from /Users/nick/airflow/airflow_venv/lib/python3.11/site-packages/airflow/example_dags/plugins/listener_plugin.py
[2024-11-04T11:18:55.431+0100] {processor.py:927} WARNING - No viable dags retrieved from /Users/nick/airflow/airflow_venv/lib/python3.11/site-packages/airflow/example_dags/plugins/listener_plugin.py
[2024-11-04T11:18:55.462+0100] {processor.py:208} INFO - Processing /Users/nick/airflow/airflow_venv/lib/python3.11/site-packages/airflow/example_dags/plugins/listener_plugin.py took 0.034 seconds
[2024-11-04T11:20:08.946+0100] {processor.py:186} INFO - Started process (PID=28735) to work on /Users/nick/airflow/airflow_venv/lib/python3.11/site-packages/airflow/example_dags/plugins/listener_plugin.py
[2024-11-04T11:20:08.946+0100] {processor.py:914} INFO - Processing file /Users/nick/airflow/airflow_venv/lib/python3.11/site-packages/airflow/example_dags/plugins/listener_plugin.py for tasks to queue
[2024-11-04T11:20:08.947+0100] {logging_mixin.py:190} INFO - [2024-11-04T11:20:08.947+0100] {dagbag.py:588} INFO - Filling up the DagBag from /Users/nick/airflow/airflow_venv/lib/python3.11/site-packages/airflow/example_dags/plugins/listener_plugin.py
[2024-11-04T11:20:08.947+0100] {processor.py:927} WARNING - No viable dags retrieved from /Users/nick/airflow/airflow_venv/lib/python3.11/site-packages/airflow/example_dags/plugins/listener_plugin.py
[2024-11-04T11:20:08.980+0100] {processor.py:208} INFO - Processing /Users/nick/airflow/airflow_venv/lib/python3.11/site-packages/airflow/example_dags/plugins/listener_plugin.py took 0.036 seconds
[2024-11-04T11:21:24.884+0100] {processor.py:186} INFO - Started process (PID=29581) to work on /Users/nick/airflow/airflow_venv/lib/python3.11/site-packages/airflow/example_dags/plugins/listener_plugin.py
[2024-11-04T11:21:24.884+0100] {processor.py:914} INFO - Processing file /Users/nick/airflow/airflow_venv/lib/python3.11/site-packages/airflow/example_dags/plugins/listener_plugin.py for tasks to queue
[2024-11-04T11:21:24.885+0100] {logging_mixin.py:190} INFO - [2024-11-04T11:21:24.885+0100] {dagbag.py:588} INFO - Filling up the DagBag from /Users/nick/airflow/airflow_venv/lib/python3.11/site-packages/airflow/example_dags/plugins/listener_plugin.py
[2024-11-04T11:21:24.885+0100] {processor.py:927} WARNING - No viable dags retrieved from /Users/nick/airflow/airflow_venv/lib/python3.11/site-packages/airflow/example_dags/plugins/listener_plugin.py
[2024-11-04T11:21:24.921+0100] {processor.py:208} INFO - Processing /Users/nick/airflow/airflow_venv/lib/python3.11/site-packages/airflow/example_dags/plugins/listener_plugin.py took 0.039 seconds
[2024-11-04T11:22:41.477+0100] {processor.py:186} INFO - Started process (PID=30411) to work on /Users/nick/airflow/airflow_venv/lib/python3.11/site-packages/airflow/example_dags/plugins/listener_plugin.py
[2024-11-04T11:22:41.478+0100] {processor.py:914} INFO - Processing file /Users/nick/airflow/airflow_venv/lib/python3.11/site-packages/airflow/example_dags/plugins/listener_plugin.py for tasks to queue
[2024-11-04T11:22:41.478+0100] {logging_mixin.py:190} INFO - [2024-11-04T11:22:41.478+0100] {dagbag.py:588} INFO - Filling up the DagBag from /Users/nick/airflow/airflow_venv/lib/python3.11/site-packages/airflow/example_dags/plugins/listener_plugin.py
[2024-11-04T11:22:41.479+0100] {processor.py:927} WARNING - No viable dags retrieved from /Users/nick/airflow/airflow_venv/lib/python3.11/site-packages/airflow/example_dags/plugins/listener_plugin.py
[2024-11-04T11:22:41.510+0100] {processor.py:208} INFO - Processing /Users/nick/airflow/airflow_venv/lib/python3.11/site-packages/airflow/example_dags/plugins/listener_plugin.py took 0.034 seconds
[2024-11-04T11:23:56.974+0100] {processor.py:186} INFO - Started process (PID=31365) to work on /Users/nick/airflow/airflow_venv/lib/python3.11/site-packages/airflow/example_dags/plugins/listener_plugin.py
[2024-11-04T11:23:56.975+0100] {processor.py:914} INFO - Processing file /Users/nick/airflow/airflow_venv/lib/python3.11/site-packages/airflow/example_dags/plugins/listener_plugin.py for tasks to queue
[2024-11-04T11:23:56.975+0100] {logging_mixin.py:190} INFO - [2024-11-04T11:23:56.975+0100] {dagbag.py:588} INFO - Filling up the DagBag from /Users/nick/airflow/airflow_venv/lib/python3.11/site-packages/airflow/example_dags/plugins/listener_plugin.py
[2024-11-04T11:23:56.976+0100] {processor.py:927} WARNING - No viable dags retrieved from /Users/nick/airflow/airflow_venv/lib/python3.11/site-packages/airflow/example_dags/plugins/listener_plugin.py
[2024-11-04T11:23:57.009+0100] {processor.py:208} INFO - Processing /Users/nick/airflow/airflow_venv/lib/python3.11/site-packages/airflow/example_dags/plugins/listener_plugin.py took 0.036 seconds
[2024-11-04T11:25:50.298+0100] {processor.py:186} INFO - Started process (PID=32705) to work on /Users/nick/airflow/airflow_venv/lib/python3.11/site-packages/airflow/example_dags/plugins/listener_plugin.py
[2024-11-04T11:25:50.299+0100] {processor.py:914} INFO - Processing file /Users/nick/airflow/airflow_venv/lib/python3.11/site-packages/airflow/example_dags/plugins/listener_plugin.py for tasks to queue
[2024-11-04T11:25:50.299+0100] {logging_mixin.py:190} INFO - [2024-11-04T11:25:50.299+0100] {dagbag.py:588} INFO - Filling up the DagBag from /Users/nick/airflow/airflow_venv/lib/python3.11/site-packages/airflow/example_dags/plugins/listener_plugin.py
[2024-11-04T11:25:50.300+0100] {processor.py:927} WARNING - No viable dags retrieved from /Users/nick/airflow/airflow_venv/lib/python3.11/site-packages/airflow/example_dags/plugins/listener_plugin.py
[2024-11-04T11:25:50.332+0100] {processor.py:208} INFO - Processing /Users/nick/airflow/airflow_venv/lib/python3.11/site-packages/airflow/example_dags/plugins/listener_plugin.py took 0.035 seconds
[2024-11-04T11:27:47.703+0100] {processor.py:186} INFO - Started process (PID=34177) to work on /Users/nick/airflow/airflow_venv/lib/python3.11/site-packages/airflow/example_dags/plugins/listener_plugin.py
[2024-11-04T11:27:47.703+0100] {processor.py:914} INFO - Processing file /Users/nick/airflow/airflow_venv/lib/python3.11/site-packages/airflow/example_dags/plugins/listener_plugin.py for tasks to queue
[2024-11-04T11:27:47.704+0100] {logging_mixin.py:190} INFO - [2024-11-04T11:27:47.703+0100] {dagbag.py:588} INFO - Filling up the DagBag from /Users/nick/airflow/airflow_venv/lib/python3.11/site-packages/airflow/example_dags/plugins/listener_plugin.py
[2024-11-04T11:27:47.704+0100] {processor.py:927} WARNING - No viable dags retrieved from /Users/nick/airflow/airflow_venv/lib/python3.11/site-packages/airflow/example_dags/plugins/listener_plugin.py
[2024-11-04T11:27:47.735+0100] {processor.py:208} INFO - Processing /Users/nick/airflow/airflow_venv/lib/python3.11/site-packages/airflow/example_dags/plugins/listener_plugin.py took 0.034 seconds
