[2024-11-04T11:04:13.182+0100] {processor.py:186} INFO - Started process (PID=16589) to work on /Users/nick/Desktop/Code/MSTeams_pipeline/airflow/lib/python3.11/site-packages/airflow/example_dags/plugins/workday.py
[2024-11-04T11:04:13.183+0100] {processor.py:914} INFO - Processing file /Users/nick/Desktop/Code/MSTeams_pipeline/airflow/lib/python3.11/site-packages/airflow/example_dags/plugins/workday.py for tasks to queue
[2024-11-04T11:04:13.183+0100] {logging_mixin.py:190} INFO - [2024-11-04T11:04:13.183+0100] {dagbag.py:588} INFO - Filling up the DagBag from /Users/nick/Desktop/Code/MSTeams_pipeline/airflow/lib/python3.11/site-packages/airflow/example_dags/plugins/workday.py
[2024-11-04T11:04:13.183+0100] {logging_mixin.py:190} INFO - [2024-11-04T11:04:13.183+0100] {workday.py:41} WARNING - Could not import pandas. Holidays will not be considered.
[2024-11-04T11:04:13.184+0100] {processor.py:927} WARNING - No viable dags retrieved from /Users/nick/Desktop/Code/MSTeams_pipeline/airflow/lib/python3.11/site-packages/airflow/example_dags/plugins/workday.py
[2024-11-04T11:04:13.214+0100] {processor.py:208} INFO - Processing /Users/nick/Desktop/Code/MSTeams_pipeline/airflow/lib/python3.11/site-packages/airflow/example_dags/plugins/workday.py took 0.033 seconds
[2024-11-04T11:05:55.648+0100] {processor.py:186} INFO - Started process (PID=17941) to work on /Users/nick/Desktop/Code/MSTeams_pipeline/airflow/lib/python3.11/site-packages/airflow/example_dags/plugins/workday.py
[2024-11-04T11:05:55.649+0100] {processor.py:914} INFO - Processing file /Users/nick/Desktop/Code/MSTeams_pipeline/airflow/lib/python3.11/site-packages/airflow/example_dags/plugins/workday.py for tasks to queue
[2024-11-04T11:05:55.650+0100] {logging_mixin.py:190} INFO - [2024-11-04T11:05:55.649+0100] {dagbag.py:588} INFO - Filling up the DagBag from /Users/nick/Desktop/Code/MSTeams_pipeline/airflow/lib/python3.11/site-packages/airflow/example_dags/plugins/workday.py
[2024-11-04T11:05:55.650+0100] {logging_mixin.py:190} INFO - [2024-11-04T11:05:55.650+0100] {workday.py:41} WARNING - Could not import pandas. Holidays will not be considered.
[2024-11-04T11:05:55.650+0100] {processor.py:927} WARNING - No viable dags retrieved from /Users/nick/Desktop/Code/MSTeams_pipeline/airflow/lib/python3.11/site-packages/airflow/example_dags/plugins/workday.py
[2024-11-04T11:05:55.680+0100] {processor.py:208} INFO - Processing /Users/nick/Desktop/Code/MSTeams_pipeline/airflow/lib/python3.11/site-packages/airflow/example_dags/plugins/workday.py took 0.033 seconds
[2024-11-04T11:07:10.847+0100] {processor.py:186} INFO - Started process (PID=18827) to work on /Users/nick/Desktop/Code/MSTeams_pipeline/airflow/lib/python3.11/site-packages/airflow/example_dags/plugins/workday.py
[2024-11-04T11:07:10.849+0100] {processor.py:914} INFO - Processing file /Users/nick/Desktop/Code/MSTeams_pipeline/airflow/lib/python3.11/site-packages/airflow/example_dags/plugins/workday.py for tasks to queue
[2024-11-04T11:07:10.849+0100] {logging_mixin.py:190} INFO - [2024-11-04T11:07:10.849+0100] {dagbag.py:588} INFO - Filling up the DagBag from /Users/nick/Desktop/Code/MSTeams_pipeline/airflow/lib/python3.11/site-packages/airflow/example_dags/plugins/workday.py
[2024-11-04T11:07:10.850+0100] {logging_mixin.py:190} INFO - [2024-11-04T11:07:10.850+0100] {workday.py:41} WARNING - Could not import pandas. Holidays will not be considered.
[2024-11-04T11:07:10.850+0100] {processor.py:927} WARNING - No viable dags retrieved from /Users/nick/Desktop/Code/MSTeams_pipeline/airflow/lib/python3.11/site-packages/airflow/example_dags/plugins/workday.py
[2024-11-04T11:07:10.880+0100] {processor.py:208} INFO - Processing /Users/nick/Desktop/Code/MSTeams_pipeline/airflow/lib/python3.11/site-packages/airflow/example_dags/plugins/workday.py took 0.034 seconds
[2024-11-04T11:08:24.184+0100] {processor.py:186} INFO - Started process (PID=19675) to work on /Users/nick/Desktop/Code/MSTeams_pipeline/airflow/lib/python3.11/site-packages/airflow/example_dags/plugins/workday.py
[2024-11-04T11:08:24.185+0100] {processor.py:914} INFO - Processing file /Users/nick/Desktop/Code/MSTeams_pipeline/airflow/lib/python3.11/site-packages/airflow/example_dags/plugins/workday.py for tasks to queue
[2024-11-04T11:08:24.185+0100] {logging_mixin.py:190} INFO - [2024-11-04T11:08:24.185+0100] {dagbag.py:588} INFO - Filling up the DagBag from /Users/nick/Desktop/Code/MSTeams_pipeline/airflow/lib/python3.11/site-packages/airflow/example_dags/plugins/workday.py
[2024-11-04T11:08:24.186+0100] {logging_mixin.py:190} INFO - [2024-11-04T11:08:24.186+0100] {workday.py:41} WARNING - Could not import pandas. Holidays will not be considered.
[2024-11-04T11:08:24.186+0100] {processor.py:927} WARNING - No viable dags retrieved from /Users/nick/Desktop/Code/MSTeams_pipeline/airflow/lib/python3.11/site-packages/airflow/example_dags/plugins/workday.py
[2024-11-04T11:08:24.221+0100] {processor.py:208} INFO - Processing /Users/nick/Desktop/Code/MSTeams_pipeline/airflow/lib/python3.11/site-packages/airflow/example_dags/plugins/workday.py took 0.038 seconds
[2024-11-04T11:09:37.709+0100] {processor.py:186} INFO - Started process (PID=20483) to work on /Users/nick/Desktop/Code/MSTeams_pipeline/airflow/lib/python3.11/site-packages/airflow/example_dags/plugins/workday.py
[2024-11-04T11:09:37.709+0100] {processor.py:914} INFO - Processing file /Users/nick/Desktop/Code/MSTeams_pipeline/airflow/lib/python3.11/site-packages/airflow/example_dags/plugins/workday.py for tasks to queue
[2024-11-04T11:09:37.709+0100] {logging_mixin.py:190} INFO - [2024-11-04T11:09:37.709+0100] {dagbag.py:588} INFO - Filling up the DagBag from /Users/nick/Desktop/Code/MSTeams_pipeline/airflow/lib/python3.11/site-packages/airflow/example_dags/plugins/workday.py
[2024-11-04T11:09:37.710+0100] {logging_mixin.py:190} INFO - [2024-11-04T11:09:37.710+0100] {workday.py:41} WARNING - Could not import pandas. Holidays will not be considered.
[2024-11-04T11:09:37.710+0100] {processor.py:927} WARNING - No viable dags retrieved from /Users/nick/Desktop/Code/MSTeams_pipeline/airflow/lib/python3.11/site-packages/airflow/example_dags/plugins/workday.py
[2024-11-04T11:09:37.742+0100] {processor.py:208} INFO - Processing /Users/nick/Desktop/Code/MSTeams_pipeline/airflow/lib/python3.11/site-packages/airflow/example_dags/plugins/workday.py took 0.034 seconds
[2024-11-04T11:10:24.620+0100] {processor.py:186} INFO - Started process (PID=20967) to work on /Users/nick/Desktop/Code/MSTeams_pipeline/airflow/lib/python3.11/site-packages/airflow/example_dags/plugins/workday.py
[2024-11-04T11:10:24.621+0100] {processor.py:914} INFO - Processing file /Users/nick/Desktop/Code/MSTeams_pipeline/airflow/lib/python3.11/site-packages/airflow/example_dags/plugins/workday.py for tasks to queue
[2024-11-04T11:10:24.621+0100] {logging_mixin.py:190} INFO - [2024-11-04T11:10:24.621+0100] {dagbag.py:588} INFO - Filling up the DagBag from /Users/nick/Desktop/Code/MSTeams_pipeline/airflow/lib/python3.11/site-packages/airflow/example_dags/plugins/workday.py
[2024-11-04T11:10:24.777+0100] {processor.py:927} WARNING - No viable dags retrieved from /Users/nick/Desktop/Code/MSTeams_pipeline/airflow/lib/python3.11/site-packages/airflow/example_dags/plugins/workday.py
[2024-11-04T11:10:24.807+0100] {processor.py:208} INFO - Processing /Users/nick/Desktop/Code/MSTeams_pipeline/airflow/lib/python3.11/site-packages/airflow/example_dags/plugins/workday.py took 0.189 seconds
[2024-11-04T11:12:12.315+0100] {processor.py:186} INFO - Started process (PID=22407) to work on /Users/nick/Desktop/Code/MSTeams_pipeline/airflow/lib/python3.11/site-packages/airflow/example_dags/plugins/workday.py
[2024-11-04T11:12:12.315+0100] {processor.py:914} INFO - Processing file /Users/nick/Desktop/Code/MSTeams_pipeline/airflow/lib/python3.11/site-packages/airflow/example_dags/plugins/workday.py for tasks to queue
[2024-11-04T11:12:12.315+0100] {logging_mixin.py:190} INFO - [2024-11-04T11:12:12.315+0100] {dagbag.py:588} INFO - Filling up the DagBag from /Users/nick/Desktop/Code/MSTeams_pipeline/airflow/lib/python3.11/site-packages/airflow/example_dags/plugins/workday.py
[2024-11-04T11:12:12.469+0100] {processor.py:927} WARNING - No viable dags retrieved from /Users/nick/Desktop/Code/MSTeams_pipeline/airflow/lib/python3.11/site-packages/airflow/example_dags/plugins/workday.py
[2024-11-04T11:12:12.500+0100] {processor.py:208} INFO - Processing /Users/nick/Desktop/Code/MSTeams_pipeline/airflow/lib/python3.11/site-packages/airflow/example_dags/plugins/workday.py took 0.186 seconds
[2024-11-04T11:14:40.139+0100] {processor.py:186} INFO - Started process (PID=24527) to work on /Users/nick/airflow/airflow_venv/lib/python3.11/site-packages/airflow/example_dags/plugins/workday.py
[2024-11-04T11:14:40.140+0100] {processor.py:914} INFO - Processing file /Users/nick/airflow/airflow_venv/lib/python3.11/site-packages/airflow/example_dags/plugins/workday.py for tasks to queue
[2024-11-04T11:14:40.140+0100] {logging_mixin.py:190} INFO - [2024-11-04T11:14:40.140+0100] {dagbag.py:588} INFO - Filling up the DagBag from /Users/nick/airflow/airflow_venv/lib/python3.11/site-packages/airflow/example_dags/plugins/workday.py
[2024-11-04T11:14:40.140+0100] {logging_mixin.py:190} INFO - [2024-11-04T11:14:40.140+0100] {workday.py:41} WARNING - Could not import pandas. Holidays will not be considered.
[2024-11-04T11:14:40.140+0100] {processor.py:927} WARNING - No viable dags retrieved from /Users/nick/airflow/airflow_venv/lib/python3.11/site-packages/airflow/example_dags/plugins/workday.py
[2024-11-04T11:14:40.170+0100] {processor.py:208} INFO - Processing /Users/nick/airflow/airflow_venv/lib/python3.11/site-packages/airflow/example_dags/plugins/workday.py took 0.033 seconds
[2024-11-04T11:16:26.810+0100] {processor.py:186} INFO - Started process (PID=25919) to work on /Users/nick/airflow/airflow_venv/lib/python3.11/site-packages/airflow/example_dags/plugins/workday.py
[2024-11-04T11:16:26.810+0100] {processor.py:914} INFO - Processing file /Users/nick/airflow/airflow_venv/lib/python3.11/site-packages/airflow/example_dags/plugins/workday.py for tasks to queue
[2024-11-04T11:16:26.810+0100] {logging_mixin.py:190} INFO - [2024-11-04T11:16:26.810+0100] {dagbag.py:588} INFO - Filling up the DagBag from /Users/nick/airflow/airflow_venv/lib/python3.11/site-packages/airflow/example_dags/plugins/workday.py
[2024-11-04T11:16:26.811+0100] {logging_mixin.py:190} INFO - [2024-11-04T11:16:26.811+0100] {workday.py:41} WARNING - Could not import pandas. Holidays will not be considered.
[2024-11-04T11:16:26.811+0100] {processor.py:927} WARNING - No viable dags retrieved from /Users/nick/airflow/airflow_venv/lib/python3.11/site-packages/airflow/example_dags/plugins/workday.py
[2024-11-04T11:16:26.841+0100] {processor.py:208} INFO - Processing /Users/nick/airflow/airflow_venv/lib/python3.11/site-packages/airflow/example_dags/plugins/workday.py took 0.033 seconds
[2024-11-04T11:17:44.100+0100] {processor.py:186} INFO - Started process (PID=27022) to work on /Users/nick/airflow/airflow_venv/lib/python3.11/site-packages/airflow/example_dags/plugins/workday.py
[2024-11-04T11:17:44.100+0100] {processor.py:914} INFO - Processing file /Users/nick/airflow/airflow_venv/lib/python3.11/site-packages/airflow/example_dags/plugins/workday.py for tasks to queue
[2024-11-04T11:17:44.101+0100] {logging_mixin.py:190} INFO - [2024-11-04T11:17:44.100+0100] {dagbag.py:588} INFO - Filling up the DagBag from /Users/nick/airflow/airflow_venv/lib/python3.11/site-packages/airflow/example_dags/plugins/workday.py
[2024-11-04T11:17:44.101+0100] {logging_mixin.py:190} INFO - [2024-11-04T11:17:44.101+0100] {workday.py:41} WARNING - Could not import pandas. Holidays will not be considered.
[2024-11-04T11:17:44.101+0100] {processor.py:927} WARNING - No viable dags retrieved from /Users/nick/airflow/airflow_venv/lib/python3.11/site-packages/airflow/example_dags/plugins/workday.py
[2024-11-04T11:17:44.131+0100] {processor.py:208} INFO - Processing /Users/nick/airflow/airflow_venv/lib/python3.11/site-packages/airflow/example_dags/plugins/workday.py took 0.033 seconds
[2024-11-04T11:18:53.626+0100] {processor.py:186} INFO - Started process (PID=27783) to work on /Users/nick/airflow/airflow_venv/lib/python3.11/site-packages/airflow/example_dags/plugins/workday.py
[2024-11-04T11:18:53.626+0100] {processor.py:914} INFO - Processing file /Users/nick/airflow/airflow_venv/lib/python3.11/site-packages/airflow/example_dags/plugins/workday.py for tasks to queue
[2024-11-04T11:18:53.627+0100] {logging_mixin.py:190} INFO - [2024-11-04T11:18:53.627+0100] {dagbag.py:588} INFO - Filling up the DagBag from /Users/nick/airflow/airflow_venv/lib/python3.11/site-packages/airflow/example_dags/plugins/workday.py
[2024-11-04T11:18:53.627+0100] {logging_mixin.py:190} INFO - [2024-11-04T11:18:53.627+0100] {workday.py:41} WARNING - Could not import pandas. Holidays will not be considered.
[2024-11-04T11:18:53.627+0100] {processor.py:927} WARNING - No viable dags retrieved from /Users/nick/airflow/airflow_venv/lib/python3.11/site-packages/airflow/example_dags/plugins/workday.py
[2024-11-04T11:18:53.659+0100] {processor.py:208} INFO - Processing /Users/nick/airflow/airflow_venv/lib/python3.11/site-packages/airflow/example_dags/plugins/workday.py took 0.034 seconds
[2024-11-04T11:20:07.837+0100] {processor.py:186} INFO - Started process (PID=28734) to work on /Users/nick/airflow/airflow_venv/lib/python3.11/site-packages/airflow/example_dags/plugins/workday.py
[2024-11-04T11:20:07.838+0100] {processor.py:914} INFO - Processing file /Users/nick/airflow/airflow_venv/lib/python3.11/site-packages/airflow/example_dags/plugins/workday.py for tasks to queue
[2024-11-04T11:20:07.838+0100] {logging_mixin.py:190} INFO - [2024-11-04T11:20:07.838+0100] {dagbag.py:588} INFO - Filling up the DagBag from /Users/nick/airflow/airflow_venv/lib/python3.11/site-packages/airflow/example_dags/plugins/workday.py
[2024-11-04T11:20:07.838+0100] {logging_mixin.py:190} INFO - [2024-11-04T11:20:07.838+0100] {workday.py:41} WARNING - Could not import pandas. Holidays will not be considered.
[2024-11-04T11:20:07.838+0100] {processor.py:927} WARNING - No viable dags retrieved from /Users/nick/airflow/airflow_venv/lib/python3.11/site-packages/airflow/example_dags/plugins/workday.py
[2024-11-04T11:20:07.871+0100] {processor.py:208} INFO - Processing /Users/nick/airflow/airflow_venv/lib/python3.11/site-packages/airflow/example_dags/plugins/workday.py took 0.036 seconds
[2024-11-04T11:21:23.490+0100] {processor.py:186} INFO - Started process (PID=29579) to work on /Users/nick/airflow/airflow_venv/lib/python3.11/site-packages/airflow/example_dags/plugins/workday.py
[2024-11-04T11:21:23.491+0100] {processor.py:914} INFO - Processing file /Users/nick/airflow/airflow_venv/lib/python3.11/site-packages/airflow/example_dags/plugins/workday.py for tasks to queue
[2024-11-04T11:21:23.491+0100] {logging_mixin.py:190} INFO - [2024-11-04T11:21:23.491+0100] {dagbag.py:588} INFO - Filling up the DagBag from /Users/nick/airflow/airflow_venv/lib/python3.11/site-packages/airflow/example_dags/plugins/workday.py
[2024-11-04T11:21:23.492+0100] {logging_mixin.py:190} INFO - [2024-11-04T11:21:23.492+0100] {workday.py:41} WARNING - Could not import pandas. Holidays will not be considered.
[2024-11-04T11:21:23.492+0100] {processor.py:927} WARNING - No viable dags retrieved from /Users/nick/airflow/airflow_venv/lib/python3.11/site-packages/airflow/example_dags/plugins/workday.py
[2024-11-04T11:21:23.528+0100] {processor.py:208} INFO - Processing /Users/nick/airflow/airflow_venv/lib/python3.11/site-packages/airflow/example_dags/plugins/workday.py took 0.039 seconds
[2024-11-04T11:22:39.786+0100] {processor.py:186} INFO - Started process (PID=30410) to work on /Users/nick/airflow/airflow_venv/lib/python3.11/site-packages/airflow/example_dags/plugins/workday.py
[2024-11-04T11:22:39.786+0100] {processor.py:914} INFO - Processing file /Users/nick/airflow/airflow_venv/lib/python3.11/site-packages/airflow/example_dags/plugins/workday.py for tasks to queue
[2024-11-04T11:22:39.787+0100] {logging_mixin.py:190} INFO - [2024-11-04T11:22:39.786+0100] {dagbag.py:588} INFO - Filling up the DagBag from /Users/nick/airflow/airflow_venv/lib/python3.11/site-packages/airflow/example_dags/plugins/workday.py
[2024-11-04T11:22:39.787+0100] {logging_mixin.py:190} INFO - [2024-11-04T11:22:39.787+0100] {workday.py:41} WARNING - Could not import pandas. Holidays will not be considered.
[2024-11-04T11:22:39.787+0100] {processor.py:927} WARNING - No viable dags retrieved from /Users/nick/airflow/airflow_venv/lib/python3.11/site-packages/airflow/example_dags/plugins/workday.py
[2024-11-04T11:22:39.819+0100] {processor.py:208} INFO - Processing /Users/nick/airflow/airflow_venv/lib/python3.11/site-packages/airflow/example_dags/plugins/workday.py took 0.035 seconds
[2024-11-04T11:23:55.171+0100] {processor.py:186} INFO - Started process (PID=31364) to work on /Users/nick/airflow/airflow_venv/lib/python3.11/site-packages/airflow/example_dags/plugins/workday.py
[2024-11-04T11:23:55.171+0100] {processor.py:914} INFO - Processing file /Users/nick/airflow/airflow_venv/lib/python3.11/site-packages/airflow/example_dags/plugins/workday.py for tasks to queue
[2024-11-04T11:23:55.171+0100] {logging_mixin.py:190} INFO - [2024-11-04T11:23:55.171+0100] {dagbag.py:588} INFO - Filling up the DagBag from /Users/nick/airflow/airflow_venv/lib/python3.11/site-packages/airflow/example_dags/plugins/workday.py
[2024-11-04T11:23:55.172+0100] {logging_mixin.py:190} INFO - [2024-11-04T11:23:55.172+0100] {workday.py:41} WARNING - Could not import pandas. Holidays will not be considered.
[2024-11-04T11:23:55.172+0100] {processor.py:927} WARNING - No viable dags retrieved from /Users/nick/airflow/airflow_venv/lib/python3.11/site-packages/airflow/example_dags/plugins/workday.py
[2024-11-04T11:23:55.204+0100] {processor.py:208} INFO - Processing /Users/nick/airflow/airflow_venv/lib/python3.11/site-packages/airflow/example_dags/plugins/workday.py took 0.035 seconds
[2024-11-04T11:25:48.312+0100] {processor.py:186} INFO - Started process (PID=32699) to work on /Users/nick/airflow/airflow_venv/lib/python3.11/site-packages/airflow/example_dags/plugins/workday.py
[2024-11-04T11:25:48.312+0100] {processor.py:914} INFO - Processing file /Users/nick/airflow/airflow_venv/lib/python3.11/site-packages/airflow/example_dags/plugins/workday.py for tasks to queue
[2024-11-04T11:25:48.313+0100] {logging_mixin.py:190} INFO - [2024-11-04T11:25:48.313+0100] {dagbag.py:588} INFO - Filling up the DagBag from /Users/nick/airflow/airflow_venv/lib/python3.11/site-packages/airflow/example_dags/plugins/workday.py
[2024-11-04T11:25:48.473+0100] {processor.py:927} WARNING - No viable dags retrieved from /Users/nick/airflow/airflow_venv/lib/python3.11/site-packages/airflow/example_dags/plugins/workday.py
[2024-11-04T11:25:48.505+0100] {processor.py:208} INFO - Processing /Users/nick/airflow/airflow_venv/lib/python3.11/site-packages/airflow/example_dags/plugins/workday.py took 0.194 seconds
[2024-11-04T11:27:45.670+0100] {processor.py:186} INFO - Started process (PID=34176) to work on /Users/nick/airflow/airflow_venv/lib/python3.11/site-packages/airflow/example_dags/plugins/workday.py
[2024-11-04T11:27:45.671+0100] {processor.py:914} INFO - Processing file /Users/nick/airflow/airflow_venv/lib/python3.11/site-packages/airflow/example_dags/plugins/workday.py for tasks to queue
[2024-11-04T11:27:45.671+0100] {logging_mixin.py:190} INFO - [2024-11-04T11:27:45.671+0100] {dagbag.py:588} INFO - Filling up the DagBag from /Users/nick/airflow/airflow_venv/lib/python3.11/site-packages/airflow/example_dags/plugins/workday.py
[2024-11-04T11:27:45.834+0100] {processor.py:927} WARNING - No viable dags retrieved from /Users/nick/airflow/airflow_venv/lib/python3.11/site-packages/airflow/example_dags/plugins/workday.py
[2024-11-04T11:27:45.868+0100] {processor.py:208} INFO - Processing /Users/nick/airflow/airflow_venv/lib/python3.11/site-packages/airflow/example_dags/plugins/workday.py took 0.199 seconds
