[2023-10-21T14:28:12.741+0200] {processor.py:157} INFO - Started process (PID=65075) to work on /Library/Frameworks/Python.framework/Versions/3.11/lib/python3.11/site-packages/airflow/example_dags/example_sensors.py
[2023-10-21T14:28:12.742+0200] {processor.py:829} INFO - Processing file /Library/Frameworks/Python.framework/Versions/3.11/lib/python3.11/site-packages/airflow/example_dags/example_sensors.py for tasks to queue
[2023-10-21T14:28:12.743+0200] {logging_mixin.py:151} INFO - [2023-10-21T14:28:12.743+0200] {dagbag.py:536} INFO - Filling up the DagBag from /Library/Frameworks/Python.framework/Versions/3.11/lib/python3.11/site-packages/airflow/example_dags/example_sensors.py
[2023-10-21T14:28:12.754+0200] {processor.py:839} INFO - DAG(s) dict_keys(['example_sensors']) retrieved from /Library/Frameworks/Python.framework/Versions/3.11/lib/python3.11/site-packages/airflow/example_dags/example_sensors.py
[2023-10-21T14:28:13.050+0200] {logging_mixin.py:151} INFO - [2023-10-21T14:28:13.049+0200] {dag.py:2941} INFO - Sync 1 DAGs
[2023-10-21T14:28:13.052+0200] {logging_mixin.py:151} INFO - [2023-10-21T14:28:13.052+0200] {dag.py:3722} INFO - Setting next_dagrun for example_sensors to None, run_after=None
[2023-10-21T14:28:13.059+0200] {processor.py:179} INFO - Processing /Library/Frameworks/Python.framework/Versions/3.11/lib/python3.11/site-packages/airflow/example_dags/example_sensors.py took 0.319 seconds
[2023-10-21T14:29:26.193+0200] {processor.py:157} INFO - Started process (PID=65239) to work on /Library/Frameworks/Python.framework/Versions/3.11/lib/python3.11/site-packages/airflow/example_dags/example_sensors.py
[2023-10-21T14:29:26.196+0200] {processor.py:829} INFO - Processing file /Library/Frameworks/Python.framework/Versions/3.11/lib/python3.11/site-packages/airflow/example_dags/example_sensors.py for tasks to queue
[2023-10-21T14:29:26.196+0200] {logging_mixin.py:151} INFO - [2023-10-21T14:29:26.196+0200] {dagbag.py:536} INFO - Filling up the DagBag from /Library/Frameworks/Python.framework/Versions/3.11/lib/python3.11/site-packages/airflow/example_dags/example_sensors.py
[2023-10-21T14:29:26.208+0200] {processor.py:839} INFO - DAG(s) dict_keys(['example_sensors']) retrieved from /Library/Frameworks/Python.framework/Versions/3.11/lib/python3.11/site-packages/airflow/example_dags/example_sensors.py
[2023-10-21T14:29:26.285+0200] {logging_mixin.py:151} INFO - [2023-10-21T14:29:26.285+0200] {dag.py:2941} INFO - Sync 1 DAGs
[2023-10-21T14:29:26.288+0200] {logging_mixin.py:151} INFO - [2023-10-21T14:29:26.288+0200] {dag.py:3722} INFO - Setting next_dagrun for example_sensors to None, run_after=None
[2023-10-21T14:29:26.295+0200] {processor.py:179} INFO - Processing /Library/Frameworks/Python.framework/Versions/3.11/lib/python3.11/site-packages/airflow/example_dags/example_sensors.py took 0.101 seconds
[2023-10-21T14:30:37.725+0200] {processor.py:157} INFO - Started process (PID=65380) to work on /Library/Frameworks/Python.framework/Versions/3.11/lib/python3.11/site-packages/airflow/example_dags/example_sensors.py
[2023-10-21T14:30:37.728+0200] {processor.py:829} INFO - Processing file /Library/Frameworks/Python.framework/Versions/3.11/lib/python3.11/site-packages/airflow/example_dags/example_sensors.py for tasks to queue
[2023-10-21T14:30:37.728+0200] {logging_mixin.py:151} INFO - [2023-10-21T14:30:37.728+0200] {dagbag.py:536} INFO - Filling up the DagBag from /Library/Frameworks/Python.framework/Versions/3.11/lib/python3.11/site-packages/airflow/example_dags/example_sensors.py
[2023-10-21T14:30:37.739+0200] {processor.py:839} INFO - DAG(s) dict_keys(['example_sensors']) retrieved from /Library/Frameworks/Python.framework/Versions/3.11/lib/python3.11/site-packages/airflow/example_dags/example_sensors.py
[2023-10-21T14:30:37.815+0200] {logging_mixin.py:151} INFO - [2023-10-21T14:30:37.815+0200] {dag.py:2941} INFO - Sync 1 DAGs
[2023-10-21T14:30:37.819+0200] {logging_mixin.py:151} INFO - [2023-10-21T14:30:37.819+0200] {dag.py:3722} INFO - Setting next_dagrun for example_sensors to None, run_after=None
[2023-10-21T14:30:37.825+0200] {processor.py:179} INFO - Processing /Library/Frameworks/Python.framework/Versions/3.11/lib/python3.11/site-packages/airflow/example_dags/example_sensors.py took 0.100 seconds
[2023-10-21T14:31:49.954+0200] {processor.py:157} INFO - Started process (PID=65530) to work on /Library/Frameworks/Python.framework/Versions/3.11/lib/python3.11/site-packages/airflow/example_dags/example_sensors.py
[2023-10-21T14:31:49.956+0200] {processor.py:829} INFO - Processing file /Library/Frameworks/Python.framework/Versions/3.11/lib/python3.11/site-packages/airflow/example_dags/example_sensors.py for tasks to queue
[2023-10-21T14:31:49.956+0200] {logging_mixin.py:151} INFO - [2023-10-21T14:31:49.956+0200] {dagbag.py:536} INFO - Filling up the DagBag from /Library/Frameworks/Python.framework/Versions/3.11/lib/python3.11/site-packages/airflow/example_dags/example_sensors.py
[2023-10-21T14:31:49.968+0200] {processor.py:839} INFO - DAG(s) dict_keys(['example_sensors']) retrieved from /Library/Frameworks/Python.framework/Versions/3.11/lib/python3.11/site-packages/airflow/example_dags/example_sensors.py
[2023-10-21T14:31:50.045+0200] {logging_mixin.py:151} INFO - [2023-10-21T14:31:50.045+0200] {dag.py:2941} INFO - Sync 1 DAGs
[2023-10-21T14:31:50.048+0200] {logging_mixin.py:151} INFO - [2023-10-21T14:31:50.048+0200] {dag.py:3722} INFO - Setting next_dagrun for example_sensors to None, run_after=None
[2023-10-21T14:31:50.055+0200] {processor.py:179} INFO - Processing /Library/Frameworks/Python.framework/Versions/3.11/lib/python3.11/site-packages/airflow/example_dags/example_sensors.py took 0.102 seconds
[2023-10-21T14:33:02.398+0200] {processor.py:157} INFO - Started process (PID=65690) to work on /Library/Frameworks/Python.framework/Versions/3.11/lib/python3.11/site-packages/airflow/example_dags/example_sensors.py
[2023-10-21T14:33:02.400+0200] {processor.py:829} INFO - Processing file /Library/Frameworks/Python.framework/Versions/3.11/lib/python3.11/site-packages/airflow/example_dags/example_sensors.py for tasks to queue
[2023-10-21T14:33:02.400+0200] {logging_mixin.py:151} INFO - [2023-10-21T14:33:02.400+0200] {dagbag.py:536} INFO - Filling up the DagBag from /Library/Frameworks/Python.framework/Versions/3.11/lib/python3.11/site-packages/airflow/example_dags/example_sensors.py
[2023-10-21T14:33:02.412+0200] {processor.py:839} INFO - DAG(s) dict_keys(['example_sensors']) retrieved from /Library/Frameworks/Python.framework/Versions/3.11/lib/python3.11/site-packages/airflow/example_dags/example_sensors.py
[2023-10-21T14:33:02.490+0200] {logging_mixin.py:151} INFO - [2023-10-21T14:33:02.490+0200] {dag.py:2941} INFO - Sync 1 DAGs
[2023-10-21T14:33:02.494+0200] {logging_mixin.py:151} INFO - [2023-10-21T14:33:02.494+0200] {dag.py:3722} INFO - Setting next_dagrun for example_sensors to None, run_after=None
[2023-10-21T14:33:02.500+0200] {processor.py:179} INFO - Processing /Library/Frameworks/Python.framework/Versions/3.11/lib/python3.11/site-packages/airflow/example_dags/example_sensors.py took 0.103 seconds
[2023-10-21T14:34:11.794+0200] {processor.py:157} INFO - Started process (PID=65905) to work on /Library/Frameworks/Python.framework/Versions/3.11/lib/python3.11/site-packages/airflow/example_dags/example_sensors.py
[2023-10-21T14:34:11.796+0200] {processor.py:829} INFO - Processing file /Library/Frameworks/Python.framework/Versions/3.11/lib/python3.11/site-packages/airflow/example_dags/example_sensors.py for tasks to queue
[2023-10-21T14:34:11.796+0200] {logging_mixin.py:151} INFO - [2023-10-21T14:34:11.796+0200] {dagbag.py:536} INFO - Filling up the DagBag from /Library/Frameworks/Python.framework/Versions/3.11/lib/python3.11/site-packages/airflow/example_dags/example_sensors.py
[2023-10-21T14:34:11.808+0200] {processor.py:839} INFO - DAG(s) dict_keys(['example_sensors']) retrieved from /Library/Frameworks/Python.framework/Versions/3.11/lib/python3.11/site-packages/airflow/example_dags/example_sensors.py
[2023-10-21T14:34:11.889+0200] {logging_mixin.py:151} INFO - [2023-10-21T14:34:11.888+0200] {dag.py:2941} INFO - Sync 1 DAGs
[2023-10-21T14:34:11.892+0200] {logging_mixin.py:151} INFO - [2023-10-21T14:34:11.892+0200] {dag.py:3722} INFO - Setting next_dagrun for example_sensors to None, run_after=None
[2023-10-21T14:34:11.899+0200] {processor.py:179} INFO - Processing /Library/Frameworks/Python.framework/Versions/3.11/lib/python3.11/site-packages/airflow/example_dags/example_sensors.py took 0.105 seconds
[2023-10-21T14:35:22.552+0200] {processor.py:157} INFO - Started process (PID=66080) to work on /Library/Frameworks/Python.framework/Versions/3.11/lib/python3.11/site-packages/airflow/example_dags/example_sensors.py
[2023-10-21T14:35:22.554+0200] {processor.py:829} INFO - Processing file /Library/Frameworks/Python.framework/Versions/3.11/lib/python3.11/site-packages/airflow/example_dags/example_sensors.py for tasks to queue
[2023-10-21T14:35:22.554+0200] {logging_mixin.py:151} INFO - [2023-10-21T14:35:22.554+0200] {dagbag.py:536} INFO - Filling up the DagBag from /Library/Frameworks/Python.framework/Versions/3.11/lib/python3.11/site-packages/airflow/example_dags/example_sensors.py
[2023-10-21T14:35:22.564+0200] {processor.py:839} INFO - DAG(s) dict_keys(['example_sensors']) retrieved from /Library/Frameworks/Python.framework/Versions/3.11/lib/python3.11/site-packages/airflow/example_dags/example_sensors.py
[2023-10-21T14:35:22.641+0200] {logging_mixin.py:151} INFO - [2023-10-21T14:35:22.641+0200] {dag.py:2941} INFO - Sync 1 DAGs
[2023-10-21T14:35:22.645+0200] {logging_mixin.py:151} INFO - [2023-10-21T14:35:22.645+0200] {dag.py:3722} INFO - Setting next_dagrun for example_sensors to None, run_after=None
[2023-10-21T14:35:22.651+0200] {processor.py:179} INFO - Processing /Library/Frameworks/Python.framework/Versions/3.11/lib/python3.11/site-packages/airflow/example_dags/example_sensors.py took 0.100 seconds
[2023-10-21T14:45:38.124+0200] {processor.py:157} INFO - Started process (PID=66977) to work on /Library/Frameworks/Python.framework/Versions/3.11/lib/python3.11/site-packages/airflow/example_dags/example_sensors.py
[2023-10-21T14:45:38.125+0200] {processor.py:829} INFO - Processing file /Library/Frameworks/Python.framework/Versions/3.11/lib/python3.11/site-packages/airflow/example_dags/example_sensors.py for tasks to queue
[2023-10-21T14:45:38.126+0200] {logging_mixin.py:151} INFO - [2023-10-21T14:45:38.126+0200] {dagbag.py:536} INFO - Filling up the DagBag from /Library/Frameworks/Python.framework/Versions/3.11/lib/python3.11/site-packages/airflow/example_dags/example_sensors.py
[2023-10-21T14:45:38.137+0200] {processor.py:839} INFO - DAG(s) dict_keys(['example_sensors']) retrieved from /Library/Frameworks/Python.framework/Versions/3.11/lib/python3.11/site-packages/airflow/example_dags/example_sensors.py
[2023-10-21T14:45:38.215+0200] {logging_mixin.py:151} INFO - [2023-10-21T14:45:38.214+0200] {dag.py:2941} INFO - Sync 1 DAGs
[2023-10-21T14:45:38.218+0200] {logging_mixin.py:151} INFO - [2023-10-21T14:45:38.218+0200] {dag.py:3722} INFO - Setting next_dagrun for example_sensors to None, run_after=None
[2023-10-21T14:45:38.225+0200] {processor.py:179} INFO - Processing /Library/Frameworks/Python.framework/Versions/3.11/lib/python3.11/site-packages/airflow/example_dags/example_sensors.py took 0.101 seconds
[2023-10-21T14:46:41.370+0200] {processor.py:157} INFO - Started process (PID=67110) to work on /Library/Frameworks/Python.framework/Versions/3.11/lib/python3.11/site-packages/airflow/example_dags/example_sensors.py
[2023-10-21T14:46:41.373+0200] {processor.py:829} INFO - Processing file /Library/Frameworks/Python.framework/Versions/3.11/lib/python3.11/site-packages/airflow/example_dags/example_sensors.py for tasks to queue
[2023-10-21T14:46:41.373+0200] {logging_mixin.py:151} INFO - [2023-10-21T14:46:41.373+0200] {dagbag.py:536} INFO - Filling up the DagBag from /Library/Frameworks/Python.framework/Versions/3.11/lib/python3.11/site-packages/airflow/example_dags/example_sensors.py
[2023-10-21T14:46:41.385+0200] {processor.py:839} INFO - DAG(s) dict_keys(['example_sensors']) retrieved from /Library/Frameworks/Python.framework/Versions/3.11/lib/python3.11/site-packages/airflow/example_dags/example_sensors.py
[2023-10-21T14:46:41.464+0200] {logging_mixin.py:151} INFO - [2023-10-21T14:46:41.464+0200] {dag.py:2941} INFO - Sync 1 DAGs
[2023-10-21T14:46:41.468+0200] {logging_mixin.py:151} INFO - [2023-10-21T14:46:41.468+0200] {dag.py:3722} INFO - Setting next_dagrun for example_sensors to None, run_after=None
[2023-10-21T14:46:41.474+0200] {processor.py:179} INFO - Processing /Library/Frameworks/Python.framework/Versions/3.11/lib/python3.11/site-packages/airflow/example_dags/example_sensors.py took 0.105 seconds
[2023-10-21T14:51:35.314+0200] {processor.py:157} INFO - Started process (PID=67753) to work on /Library/Frameworks/Python.framework/Versions/3.11/lib/python3.11/site-packages/airflow/example_dags/example_sensors.py
[2023-10-21T14:51:35.316+0200] {processor.py:829} INFO - Processing file /Library/Frameworks/Python.framework/Versions/3.11/lib/python3.11/site-packages/airflow/example_dags/example_sensors.py for tasks to queue
[2023-10-21T14:51:35.317+0200] {logging_mixin.py:151} INFO - [2023-10-21T14:51:35.317+0200] {dagbag.py:536} INFO - Filling up the DagBag from /Library/Frameworks/Python.framework/Versions/3.11/lib/python3.11/site-packages/airflow/example_dags/example_sensors.py
[2023-10-21T14:51:35.328+0200] {processor.py:839} INFO - DAG(s) dict_keys(['example_sensors']) retrieved from /Library/Frameworks/Python.framework/Versions/3.11/lib/python3.11/site-packages/airflow/example_dags/example_sensors.py
[2023-10-21T14:51:35.348+0200] {logging_mixin.py:151} INFO - [2023-10-21T14:51:35.348+0200] {dag.py:2941} INFO - Sync 1 DAGs
[2023-10-21T14:51:35.376+0200] {logging_mixin.py:151} INFO - [2023-10-21T14:51:35.376+0200] {dag.py:3722} INFO - Setting next_dagrun for example_sensors to None, run_after=None
[2023-10-21T14:51:35.383+0200] {processor.py:179} INFO - Processing /Library/Frameworks/Python.framework/Versions/3.11/lib/python3.11/site-packages/airflow/example_dags/example_sensors.py took 0.069 seconds
[2023-10-21T14:52:39.360+0200] {processor.py:157} INFO - Started process (PID=67887) to work on /Library/Frameworks/Python.framework/Versions/3.11/lib/python3.11/site-packages/airflow/example_dags/example_sensors.py
[2023-10-21T14:52:39.362+0200] {processor.py:829} INFO - Processing file /Library/Frameworks/Python.framework/Versions/3.11/lib/python3.11/site-packages/airflow/example_dags/example_sensors.py for tasks to queue
[2023-10-21T14:52:39.362+0200] {logging_mixin.py:151} INFO - [2023-10-21T14:52:39.362+0200] {dagbag.py:536} INFO - Filling up the DagBag from /Library/Frameworks/Python.framework/Versions/3.11/lib/python3.11/site-packages/airflow/example_dags/example_sensors.py
[2023-10-21T14:52:39.373+0200] {processor.py:839} INFO - DAG(s) dict_keys(['example_sensors']) retrieved from /Library/Frameworks/Python.framework/Versions/3.11/lib/python3.11/site-packages/airflow/example_dags/example_sensors.py
[2023-10-21T14:52:39.451+0200] {logging_mixin.py:151} INFO - [2023-10-21T14:52:39.451+0200] {dag.py:2941} INFO - Sync 1 DAGs
[2023-10-21T14:52:39.454+0200] {logging_mixin.py:151} INFO - [2023-10-21T14:52:39.454+0200] {dag.py:3722} INFO - Setting next_dagrun for example_sensors to None, run_after=None
[2023-10-21T14:52:39.461+0200] {processor.py:179} INFO - Processing /Library/Frameworks/Python.framework/Versions/3.11/lib/python3.11/site-packages/airflow/example_dags/example_sensors.py took 0.101 seconds
[2023-10-21T14:53:50.194+0200] {processor.py:157} INFO - Started process (PID=68019) to work on /Library/Frameworks/Python.framework/Versions/3.11/lib/python3.11/site-packages/airflow/example_dags/example_sensors.py
[2023-10-21T14:53:50.196+0200] {processor.py:829} INFO - Processing file /Library/Frameworks/Python.framework/Versions/3.11/lib/python3.11/site-packages/airflow/example_dags/example_sensors.py for tasks to queue
[2023-10-21T14:53:50.196+0200] {logging_mixin.py:151} INFO - [2023-10-21T14:53:50.196+0200] {dagbag.py:536} INFO - Filling up the DagBag from /Library/Frameworks/Python.framework/Versions/3.11/lib/python3.11/site-packages/airflow/example_dags/example_sensors.py
[2023-10-21T14:53:50.207+0200] {processor.py:839} INFO - DAG(s) dict_keys(['example_sensors']) retrieved from /Library/Frameworks/Python.framework/Versions/3.11/lib/python3.11/site-packages/airflow/example_dags/example_sensors.py
[2023-10-21T14:53:50.292+0200] {logging_mixin.py:151} INFO - [2023-10-21T14:53:50.292+0200] {dag.py:2941} INFO - Sync 1 DAGs
[2023-10-21T14:53:50.296+0200] {logging_mixin.py:151} INFO - [2023-10-21T14:53:50.296+0200] {dag.py:3722} INFO - Setting next_dagrun for example_sensors to None, run_after=None
[2023-10-21T14:53:50.303+0200] {processor.py:179} INFO - Processing /Library/Frameworks/Python.framework/Versions/3.11/lib/python3.11/site-packages/airflow/example_dags/example_sensors.py took 0.109 seconds
[2023-10-21T14:55:02.164+0200] {processor.py:157} INFO - Started process (PID=68175) to work on /Library/Frameworks/Python.framework/Versions/3.11/lib/python3.11/site-packages/airflow/example_dags/example_sensors.py
[2023-10-21T14:55:02.167+0200] {processor.py:829} INFO - Processing file /Library/Frameworks/Python.framework/Versions/3.11/lib/python3.11/site-packages/airflow/example_dags/example_sensors.py for tasks to queue
[2023-10-21T14:55:02.167+0200] {logging_mixin.py:151} INFO - [2023-10-21T14:55:02.167+0200] {dagbag.py:536} INFO - Filling up the DagBag from /Library/Frameworks/Python.framework/Versions/3.11/lib/python3.11/site-packages/airflow/example_dags/example_sensors.py
[2023-10-21T14:55:02.179+0200] {processor.py:839} INFO - DAG(s) dict_keys(['example_sensors']) retrieved from /Library/Frameworks/Python.framework/Versions/3.11/lib/python3.11/site-packages/airflow/example_dags/example_sensors.py
[2023-10-21T14:55:02.257+0200] {logging_mixin.py:151} INFO - [2023-10-21T14:55:02.257+0200] {dag.py:2941} INFO - Sync 1 DAGs
[2023-10-21T14:55:02.260+0200] {logging_mixin.py:151} INFO - [2023-10-21T14:55:02.260+0200] {dag.py:3722} INFO - Setting next_dagrun for example_sensors to None, run_after=None
[2023-10-21T14:55:02.267+0200] {processor.py:179} INFO - Processing /Library/Frameworks/Python.framework/Versions/3.11/lib/python3.11/site-packages/airflow/example_dags/example_sensors.py took 0.103 seconds
[2023-10-21T14:56:10.850+0200] {processor.py:157} INFO - Started process (PID=68315) to work on /Library/Frameworks/Python.framework/Versions/3.11/lib/python3.11/site-packages/airflow/example_dags/example_sensors.py
[2023-10-21T14:56:10.853+0200] {processor.py:829} INFO - Processing file /Library/Frameworks/Python.framework/Versions/3.11/lib/python3.11/site-packages/airflow/example_dags/example_sensors.py for tasks to queue
[2023-10-21T14:56:10.854+0200] {logging_mixin.py:151} INFO - [2023-10-21T14:56:10.853+0200] {dagbag.py:536} INFO - Filling up the DagBag from /Library/Frameworks/Python.framework/Versions/3.11/lib/python3.11/site-packages/airflow/example_dags/example_sensors.py
[2023-10-21T14:56:10.868+0200] {processor.py:839} INFO - DAG(s) dict_keys(['example_sensors']) retrieved from /Library/Frameworks/Python.framework/Versions/3.11/lib/python3.11/site-packages/airflow/example_dags/example_sensors.py
[2023-10-21T14:56:10.959+0200] {logging_mixin.py:151} INFO - [2023-10-21T14:56:10.958+0200] {dag.py:2941} INFO - Sync 1 DAGs
[2023-10-21T14:56:10.962+0200] {logging_mixin.py:151} INFO - [2023-10-21T14:56:10.962+0200] {dag.py:3722} INFO - Setting next_dagrun for example_sensors to None, run_after=None
[2023-10-21T14:56:10.970+0200] {processor.py:179} INFO - Processing /Library/Frameworks/Python.framework/Versions/3.11/lib/python3.11/site-packages/airflow/example_dags/example_sensors.py took 0.120 seconds
