[2023-10-21T14:28:29.070+0200] {processor.py:157} INFO - Started process (PID=65108) to work on /Library/Frameworks/Python.framework/Versions/3.11/lib/python3.11/site-packages/airflow/example_dags/example_latest_only.py
[2023-10-21T14:28:29.072+0200] {processor.py:829} INFO - Processing file /Library/Frameworks/Python.framework/Versions/3.11/lib/python3.11/site-packages/airflow/example_dags/example_latest_only.py for tasks to queue
[2023-10-21T14:28:29.072+0200] {logging_mixin.py:151} INFO - [2023-10-21T14:28:29.072+0200] {dagbag.py:536} INFO - Filling up the DagBag from /Library/Frameworks/Python.framework/Versions/3.11/lib/python3.11/site-packages/airflow/example_dags/example_latest_only.py
[2023-10-21T14:28:29.081+0200] {processor.py:839} INFO - DAG(s) dict_keys(['latest_only']) retrieved from /Library/Frameworks/Python.framework/Versions/3.11/lib/python3.11/site-packages/airflow/example_dags/example_latest_only.py
[2023-10-21T14:28:29.380+0200] {logging_mixin.py:151} INFO - [2023-10-21T14:28:29.380+0200] {dag.py:2941} INFO - Sync 1 DAGs
[2023-10-21T14:28:29.385+0200] {logging_mixin.py:151} INFO - [2023-10-21T14:28:29.385+0200] {dag.py:3722} INFO - Setting next_dagrun for latest_only to 2023-10-21T08:28:29.385436+00:00, run_after=2023-10-21T12:28:29.385436+00:00
[2023-10-21T14:28:29.392+0200] {processor.py:179} INFO - Processing /Library/Frameworks/Python.framework/Versions/3.11/lib/python3.11/site-packages/airflow/example_dags/example_latest_only.py took 0.323 seconds
[2023-10-21T14:29:50.261+0200] {processor.py:157} INFO - Started process (PID=65291) to work on /Library/Frameworks/Python.framework/Versions/3.11/lib/python3.11/site-packages/airflow/example_dags/example_latest_only.py
[2023-10-21T14:29:50.263+0200] {processor.py:829} INFO - Processing file /Library/Frameworks/Python.framework/Versions/3.11/lib/python3.11/site-packages/airflow/example_dags/example_latest_only.py for tasks to queue
[2023-10-21T14:29:50.264+0200] {logging_mixin.py:151} INFO - [2023-10-21T14:29:50.264+0200] {dagbag.py:536} INFO - Filling up the DagBag from /Library/Frameworks/Python.framework/Versions/3.11/lib/python3.11/site-packages/airflow/example_dags/example_latest_only.py
[2023-10-21T14:29:50.272+0200] {processor.py:839} INFO - DAG(s) dict_keys(['latest_only']) retrieved from /Library/Frameworks/Python.framework/Versions/3.11/lib/python3.11/site-packages/airflow/example_dags/example_latest_only.py
[2023-10-21T14:29:50.343+0200] {logging_mixin.py:151} INFO - [2023-10-21T14:29:50.343+0200] {dag.py:2941} INFO - Sync 1 DAGs
[2023-10-21T14:29:50.349+0200] {logging_mixin.py:151} INFO - [2023-10-21T14:29:50.349+0200] {dag.py:3722} INFO - Setting next_dagrun for latest_only to 2023-10-21T08:29:50.348979+00:00, run_after=2023-10-21T12:29:50.348979+00:00
[2023-10-21T14:29:50.355+0200] {processor.py:179} INFO - Processing /Library/Frameworks/Python.framework/Versions/3.11/lib/python3.11/site-packages/airflow/example_dags/example_latest_only.py took 0.094 seconds
[2023-10-21T14:31:00.127+0200] {processor.py:157} INFO - Started process (PID=65427) to work on /Library/Frameworks/Python.framework/Versions/3.11/lib/python3.11/site-packages/airflow/example_dags/example_latest_only.py
[2023-10-21T14:31:00.129+0200] {processor.py:829} INFO - Processing file /Library/Frameworks/Python.framework/Versions/3.11/lib/python3.11/site-packages/airflow/example_dags/example_latest_only.py for tasks to queue
[2023-10-21T14:31:00.129+0200] {logging_mixin.py:151} INFO - [2023-10-21T14:31:00.129+0200] {dagbag.py:536} INFO - Filling up the DagBag from /Library/Frameworks/Python.framework/Versions/3.11/lib/python3.11/site-packages/airflow/example_dags/example_latest_only.py
[2023-10-21T14:31:00.138+0200] {processor.py:839} INFO - DAG(s) dict_keys(['latest_only']) retrieved from /Library/Frameworks/Python.framework/Versions/3.11/lib/python3.11/site-packages/airflow/example_dags/example_latest_only.py
[2023-10-21T14:31:00.156+0200] {logging_mixin.py:151} INFO - [2023-10-21T14:31:00.156+0200] {dag.py:2941} INFO - Sync 1 DAGs
[2023-10-21T14:31:00.184+0200] {logging_mixin.py:151} INFO - [2023-10-21T14:31:00.184+0200] {dag.py:3722} INFO - Setting next_dagrun for latest_only to 2023-10-21T08:31:00.184138+00:00, run_after=2023-10-21T12:31:00.184138+00:00
[2023-10-21T14:31:00.190+0200] {processor.py:179} INFO - Processing /Library/Frameworks/Python.framework/Versions/3.11/lib/python3.11/site-packages/airflow/example_dags/example_latest_only.py took 0.063 seconds
[2023-10-21T14:32:13.067+0200] {processor.py:157} INFO - Started process (PID=65581) to work on /Library/Frameworks/Python.framework/Versions/3.11/lib/python3.11/site-packages/airflow/example_dags/example_latest_only.py
[2023-10-21T14:32:13.069+0200] {processor.py:829} INFO - Processing file /Library/Frameworks/Python.framework/Versions/3.11/lib/python3.11/site-packages/airflow/example_dags/example_latest_only.py for tasks to queue
[2023-10-21T14:32:13.069+0200] {logging_mixin.py:151} INFO - [2023-10-21T14:32:13.069+0200] {dagbag.py:536} INFO - Filling up the DagBag from /Library/Frameworks/Python.framework/Versions/3.11/lib/python3.11/site-packages/airflow/example_dags/example_latest_only.py
[2023-10-21T14:32:13.079+0200] {processor.py:839} INFO - DAG(s) dict_keys(['latest_only']) retrieved from /Library/Frameworks/Python.framework/Versions/3.11/lib/python3.11/site-packages/airflow/example_dags/example_latest_only.py
[2023-10-21T14:32:13.153+0200] {logging_mixin.py:151} INFO - [2023-10-21T14:32:13.153+0200] {dag.py:2941} INFO - Sync 1 DAGs
[2023-10-21T14:32:13.159+0200] {logging_mixin.py:151} INFO - [2023-10-21T14:32:13.159+0200] {dag.py:3722} INFO - Setting next_dagrun for latest_only to 2023-10-21T08:32:13.159183+00:00, run_after=2023-10-21T12:32:13.159183+00:00
[2023-10-21T14:32:13.165+0200] {processor.py:179} INFO - Processing /Library/Frameworks/Python.framework/Versions/3.11/lib/python3.11/site-packages/airflow/example_dags/example_latest_only.py took 0.099 seconds
[2023-10-21T14:33:24.398+0200] {processor.py:157} INFO - Started process (PID=65733) to work on /Library/Frameworks/Python.framework/Versions/3.11/lib/python3.11/site-packages/airflow/example_dags/example_latest_only.py
[2023-10-21T14:33:24.400+0200] {processor.py:829} INFO - Processing file /Library/Frameworks/Python.framework/Versions/3.11/lib/python3.11/site-packages/airflow/example_dags/example_latest_only.py for tasks to queue
[2023-10-21T14:33:24.401+0200] {logging_mixin.py:151} INFO - [2023-10-21T14:33:24.401+0200] {dagbag.py:536} INFO - Filling up the DagBag from /Library/Frameworks/Python.framework/Versions/3.11/lib/python3.11/site-packages/airflow/example_dags/example_latest_only.py
[2023-10-21T14:33:24.409+0200] {processor.py:839} INFO - DAG(s) dict_keys(['latest_only']) retrieved from /Library/Frameworks/Python.framework/Versions/3.11/lib/python3.11/site-packages/airflow/example_dags/example_latest_only.py
[2023-10-21T14:33:24.481+0200] {logging_mixin.py:151} INFO - [2023-10-21T14:33:24.481+0200] {dag.py:2941} INFO - Sync 1 DAGs
[2023-10-21T14:33:24.487+0200] {logging_mixin.py:151} INFO - [2023-10-21T14:33:24.487+0200] {dag.py:3722} INFO - Setting next_dagrun for latest_only to 2023-10-21T08:33:24.486970+00:00, run_after=2023-10-21T12:33:24.486970+00:00
[2023-10-21T14:33:24.493+0200] {processor.py:179} INFO - Processing /Library/Frameworks/Python.framework/Versions/3.11/lib/python3.11/site-packages/airflow/example_dags/example_latest_only.py took 0.096 seconds
[2023-10-21T14:34:34.240+0200] {processor.py:157} INFO - Started process (PID=65947) to work on /Library/Frameworks/Python.framework/Versions/3.11/lib/python3.11/site-packages/airflow/example_dags/example_latest_only.py
[2023-10-21T14:34:34.243+0200] {processor.py:829} INFO - Processing file /Library/Frameworks/Python.framework/Versions/3.11/lib/python3.11/site-packages/airflow/example_dags/example_latest_only.py for tasks to queue
[2023-10-21T14:34:34.243+0200] {logging_mixin.py:151} INFO - [2023-10-21T14:34:34.243+0200] {dagbag.py:536} INFO - Filling up the DagBag from /Library/Frameworks/Python.framework/Versions/3.11/lib/python3.11/site-packages/airflow/example_dags/example_latest_only.py
[2023-10-21T14:34:34.251+0200] {processor.py:839} INFO - DAG(s) dict_keys(['latest_only']) retrieved from /Library/Frameworks/Python.framework/Versions/3.11/lib/python3.11/site-packages/airflow/example_dags/example_latest_only.py
[2023-10-21T14:34:34.325+0200] {logging_mixin.py:151} INFO - [2023-10-21T14:34:34.324+0200] {dag.py:2941} INFO - Sync 1 DAGs
[2023-10-21T14:34:34.331+0200] {logging_mixin.py:151} INFO - [2023-10-21T14:34:34.331+0200] {dag.py:3722} INFO - Setting next_dagrun for latest_only to 2023-10-21T08:34:34.331080+00:00, run_after=2023-10-21T12:34:34.331080+00:00
[2023-10-21T14:34:34.337+0200] {processor.py:179} INFO - Processing /Library/Frameworks/Python.framework/Versions/3.11/lib/python3.11/site-packages/airflow/example_dags/example_latest_only.py took 0.097 seconds
[2023-10-21T14:35:46.069+0200] {processor.py:157} INFO - Started process (PID=66123) to work on /Library/Frameworks/Python.framework/Versions/3.11/lib/python3.11/site-packages/airflow/example_dags/example_latest_only.py
[2023-10-21T14:35:46.070+0200] {processor.py:829} INFO - Processing file /Library/Frameworks/Python.framework/Versions/3.11/lib/python3.11/site-packages/airflow/example_dags/example_latest_only.py for tasks to queue
[2023-10-21T14:35:46.071+0200] {logging_mixin.py:151} INFO - [2023-10-21T14:35:46.070+0200] {dagbag.py:536} INFO - Filling up the DagBag from /Library/Frameworks/Python.framework/Versions/3.11/lib/python3.11/site-packages/airflow/example_dags/example_latest_only.py
[2023-10-21T14:35:46.079+0200] {processor.py:839} INFO - DAG(s) dict_keys(['latest_only']) retrieved from /Library/Frameworks/Python.framework/Versions/3.11/lib/python3.11/site-packages/airflow/example_dags/example_latest_only.py
[2023-10-21T14:35:46.150+0200] {logging_mixin.py:151} INFO - [2023-10-21T14:35:46.150+0200] {dag.py:2941} INFO - Sync 1 DAGs
[2023-10-21T14:35:46.156+0200] {logging_mixin.py:151} INFO - [2023-10-21T14:35:46.156+0200] {dag.py:3722} INFO - Setting next_dagrun for latest_only to 2023-10-21T08:35:46.156597+00:00, run_after=2023-10-21T12:35:46.156597+00:00
[2023-10-21T14:35:46.163+0200] {processor.py:179} INFO - Processing /Library/Frameworks/Python.framework/Versions/3.11/lib/python3.11/site-packages/airflow/example_dags/example_latest_only.py took 0.095 seconds
[2023-10-21T14:45:50.058+0200] {processor.py:157} INFO - Started process (PID=67001) to work on /Library/Frameworks/Python.framework/Versions/3.11/lib/python3.11/site-packages/airflow/example_dags/example_latest_only.py
[2023-10-21T14:45:50.060+0200] {processor.py:829} INFO - Processing file /Library/Frameworks/Python.framework/Versions/3.11/lib/python3.11/site-packages/airflow/example_dags/example_latest_only.py for tasks to queue
[2023-10-21T14:45:50.060+0200] {logging_mixin.py:151} INFO - [2023-10-21T14:45:50.060+0200] {dagbag.py:536} INFO - Filling up the DagBag from /Library/Frameworks/Python.framework/Versions/3.11/lib/python3.11/site-packages/airflow/example_dags/example_latest_only.py
[2023-10-21T14:45:50.068+0200] {processor.py:839} INFO - DAG(s) dict_keys(['latest_only']) retrieved from /Library/Frameworks/Python.framework/Versions/3.11/lib/python3.11/site-packages/airflow/example_dags/example_latest_only.py
[2023-10-21T14:45:50.140+0200] {logging_mixin.py:151} INFO - [2023-10-21T14:45:50.140+0200] {dag.py:2941} INFO - Sync 1 DAGs
[2023-10-21T14:45:50.146+0200] {logging_mixin.py:151} INFO - [2023-10-21T14:45:50.146+0200] {dag.py:3722} INFO - Setting next_dagrun for latest_only to 2023-10-21T08:45:50.146140+00:00, run_after=2023-10-21T12:45:50.146140+00:00
[2023-10-21T14:45:50.152+0200] {processor.py:179} INFO - Processing /Library/Frameworks/Python.framework/Versions/3.11/lib/python3.11/site-packages/airflow/example_dags/example_latest_only.py took 0.094 seconds
[2023-10-21T14:51:47.228+0200] {processor.py:157} INFO - Started process (PID=67777) to work on /Library/Frameworks/Python.framework/Versions/3.11/lib/python3.11/site-packages/airflow/example_dags/example_latest_only.py
[2023-10-21T14:51:47.231+0200] {processor.py:829} INFO - Processing file /Library/Frameworks/Python.framework/Versions/3.11/lib/python3.11/site-packages/airflow/example_dags/example_latest_only.py for tasks to queue
[2023-10-21T14:51:47.231+0200] {logging_mixin.py:151} INFO - [2023-10-21T14:51:47.231+0200] {dagbag.py:536} INFO - Filling up the DagBag from /Library/Frameworks/Python.framework/Versions/3.11/lib/python3.11/site-packages/airflow/example_dags/example_latest_only.py
[2023-10-21T14:51:47.240+0200] {processor.py:839} INFO - DAG(s) dict_keys(['latest_only']) retrieved from /Library/Frameworks/Python.framework/Versions/3.11/lib/python3.11/site-packages/airflow/example_dags/example_latest_only.py
[2023-10-21T14:51:47.258+0200] {logging_mixin.py:151} INFO - [2023-10-21T14:51:47.258+0200] {dag.py:2941} INFO - Sync 1 DAGs
[2023-10-21T14:51:47.286+0200] {logging_mixin.py:151} INFO - [2023-10-21T14:51:47.286+0200] {dag.py:3722} INFO - Setting next_dagrun for latest_only to 2023-10-21T08:51:47.286000+00:00, run_after=2023-10-21T12:51:47.286000+00:00
[2023-10-21T14:51:47.292+0200] {processor.py:179} INFO - Processing /Library/Frameworks/Python.framework/Versions/3.11/lib/python3.11/site-packages/airflow/example_dags/example_latest_only.py took 0.064 seconds
[2023-10-21T14:52:57.636+0200] {processor.py:157} INFO - Started process (PID=67920) to work on /Library/Frameworks/Python.framework/Versions/3.11/lib/python3.11/site-packages/airflow/example_dags/example_latest_only.py
[2023-10-21T14:52:57.638+0200] {processor.py:829} INFO - Processing file /Library/Frameworks/Python.framework/Versions/3.11/lib/python3.11/site-packages/airflow/example_dags/example_latest_only.py for tasks to queue
[2023-10-21T14:52:57.638+0200] {logging_mixin.py:151} INFO - [2023-10-21T14:52:57.638+0200] {dagbag.py:536} INFO - Filling up the DagBag from /Library/Frameworks/Python.framework/Versions/3.11/lib/python3.11/site-packages/airflow/example_dags/example_latest_only.py
[2023-10-21T14:52:57.646+0200] {processor.py:839} INFO - DAG(s) dict_keys(['latest_only']) retrieved from /Library/Frameworks/Python.framework/Versions/3.11/lib/python3.11/site-packages/airflow/example_dags/example_latest_only.py
[2023-10-21T14:52:57.722+0200] {logging_mixin.py:151} INFO - [2023-10-21T14:52:57.722+0200] {dag.py:2941} INFO - Sync 1 DAGs
[2023-10-21T14:52:57.728+0200] {logging_mixin.py:151} INFO - [2023-10-21T14:52:57.728+0200] {dag.py:3722} INFO - Setting next_dagrun for latest_only to 2023-10-21T08:52:57.728208+00:00, run_after=2023-10-21T12:52:57.728208+00:00
[2023-10-21T14:52:57.734+0200] {processor.py:179} INFO - Processing /Library/Frameworks/Python.framework/Versions/3.11/lib/python3.11/site-packages/airflow/example_dags/example_latest_only.py took 0.099 seconds
[2023-10-21T14:54:08.431+0200] {processor.py:157} INFO - Started process (PID=68053) to work on /Library/Frameworks/Python.framework/Versions/3.11/lib/python3.11/site-packages/airflow/example_dags/example_latest_only.py
[2023-10-21T14:54:08.432+0200] {processor.py:829} INFO - Processing file /Library/Frameworks/Python.framework/Versions/3.11/lib/python3.11/site-packages/airflow/example_dags/example_latest_only.py for tasks to queue
[2023-10-21T14:54:08.433+0200] {logging_mixin.py:151} INFO - [2023-10-21T14:54:08.433+0200] {dagbag.py:536} INFO - Filling up the DagBag from /Library/Frameworks/Python.framework/Versions/3.11/lib/python3.11/site-packages/airflow/example_dags/example_latest_only.py
[2023-10-21T14:54:08.441+0200] {processor.py:839} INFO - DAG(s) dict_keys(['latest_only']) retrieved from /Library/Frameworks/Python.framework/Versions/3.11/lib/python3.11/site-packages/airflow/example_dags/example_latest_only.py
[2023-10-21T14:54:08.512+0200] {logging_mixin.py:151} INFO - [2023-10-21T14:54:08.512+0200] {dag.py:2941} INFO - Sync 1 DAGs
[2023-10-21T14:54:08.518+0200] {logging_mixin.py:151} INFO - [2023-10-21T14:54:08.518+0200] {dag.py:3722} INFO - Setting next_dagrun for latest_only to 2023-10-21T08:54:08.518383+00:00, run_after=2023-10-21T12:54:08.518383+00:00
[2023-10-21T14:54:08.524+0200] {processor.py:179} INFO - Processing /Library/Frameworks/Python.framework/Versions/3.11/lib/python3.11/site-packages/airflow/example_dags/example_latest_only.py took 0.094 seconds
[2023-10-21T14:55:18.679+0200] {processor.py:157} INFO - Started process (PID=68205) to work on /Library/Frameworks/Python.framework/Versions/3.11/lib/python3.11/site-packages/airflow/example_dags/example_latest_only.py
[2023-10-21T14:55:18.682+0200] {processor.py:829} INFO - Processing file /Library/Frameworks/Python.framework/Versions/3.11/lib/python3.11/site-packages/airflow/example_dags/example_latest_only.py for tasks to queue
[2023-10-21T14:55:18.682+0200] {logging_mixin.py:151} INFO - [2023-10-21T14:55:18.682+0200] {dagbag.py:536} INFO - Filling up the DagBag from /Library/Frameworks/Python.framework/Versions/3.11/lib/python3.11/site-packages/airflow/example_dags/example_latest_only.py
[2023-10-21T14:55:18.691+0200] {processor.py:839} INFO - DAG(s) dict_keys(['latest_only']) retrieved from /Library/Frameworks/Python.framework/Versions/3.11/lib/python3.11/site-packages/airflow/example_dags/example_latest_only.py
[2023-10-21T14:55:18.763+0200] {logging_mixin.py:151} INFO - [2023-10-21T14:55:18.763+0200] {dag.py:2941} INFO - Sync 1 DAGs
[2023-10-21T14:55:18.769+0200] {logging_mixin.py:151} INFO - [2023-10-21T14:55:18.769+0200] {dag.py:3722} INFO - Setting next_dagrun for latest_only to 2023-10-21T08:55:18.769003+00:00, run_after=2023-10-21T12:55:18.769003+00:00
[2023-10-21T14:55:18.775+0200] {processor.py:179} INFO - Processing /Library/Frameworks/Python.framework/Versions/3.11/lib/python3.11/site-packages/airflow/example_dags/example_latest_only.py took 0.096 seconds
