[2023-10-21T14:28:33.363+0200] {processor.py:157} INFO - Started process (PID=65115) to work on /Library/Frameworks/Python.framework/Versions/3.11/lib/python3.11/site-packages/airflow/example_dags/example_dynamic_task_mapping_with_no_taskflow_operators.py
[2023-10-21T14:28:33.365+0200] {processor.py:829} INFO - Processing file /Library/Frameworks/Python.framework/Versions/3.11/lib/python3.11/site-packages/airflow/example_dags/example_dynamic_task_mapping_with_no_taskflow_operators.py for tasks to queue
[2023-10-21T14:28:33.365+0200] {logging_mixin.py:151} INFO - [2023-10-21T14:28:33.365+0200] {dagbag.py:536} INFO - Filling up the DagBag from /Library/Frameworks/Python.framework/Versions/3.11/lib/python3.11/site-packages/airflow/example_dags/example_dynamic_task_mapping_with_no_taskflow_operators.py
[2023-10-21T14:28:33.374+0200] {processor.py:839} INFO - DAG(s) dict_keys(['example_dynamic_task_mapping_with_no_taskflow_operators']) retrieved from /Library/Frameworks/Python.framework/Versions/3.11/lib/python3.11/site-packages/airflow/example_dags/example_dynamic_task_mapping_with_no_taskflow_operators.py
[2023-10-21T14:28:33.686+0200] {logging_mixin.py:151} INFO - [2023-10-21T14:28:33.686+0200] {dag.py:2941} INFO - Sync 1 DAGs
[2023-10-21T14:28:33.691+0200] {logging_mixin.py:151} INFO - [2023-10-21T14:28:33.691+0200] {dag.py:3722} INFO - Setting next_dagrun for example_dynamic_task_mapping_with_no_taskflow_operators to 2023-10-20T12:28:33.691858+00:00, run_after=2023-10-21T12:28:33.691858+00:00
[2023-10-21T14:28:33.700+0200] {processor.py:179} INFO - Processing /Library/Frameworks/Python.framework/Versions/3.11/lib/python3.11/site-packages/airflow/example_dags/example_dynamic_task_mapping_with_no_taskflow_operators.py took 0.337 seconds
[2023-10-21T14:29:54.260+0200] {processor.py:157} INFO - Started process (PID=65298) to work on /Library/Frameworks/Python.framework/Versions/3.11/lib/python3.11/site-packages/airflow/example_dags/example_dynamic_task_mapping_with_no_taskflow_operators.py
[2023-10-21T14:29:54.263+0200] {processor.py:829} INFO - Processing file /Library/Frameworks/Python.framework/Versions/3.11/lib/python3.11/site-packages/airflow/example_dags/example_dynamic_task_mapping_with_no_taskflow_operators.py for tasks to queue
[2023-10-21T14:29:54.263+0200] {logging_mixin.py:151} INFO - [2023-10-21T14:29:54.263+0200] {dagbag.py:536} INFO - Filling up the DagBag from /Library/Frameworks/Python.framework/Versions/3.11/lib/python3.11/site-packages/airflow/example_dags/example_dynamic_task_mapping_with_no_taskflow_operators.py
[2023-10-21T14:29:54.271+0200] {processor.py:839} INFO - DAG(s) dict_keys(['example_dynamic_task_mapping_with_no_taskflow_operators']) retrieved from /Library/Frameworks/Python.framework/Versions/3.11/lib/python3.11/site-packages/airflow/example_dags/example_dynamic_task_mapping_with_no_taskflow_operators.py
[2023-10-21T14:29:54.342+0200] {logging_mixin.py:151} INFO - [2023-10-21T14:29:54.342+0200] {dag.py:2941} INFO - Sync 1 DAGs
[2023-10-21T14:29:54.347+0200] {logging_mixin.py:151} INFO - [2023-10-21T14:29:54.347+0200] {dag.py:3722} INFO - Setting next_dagrun for example_dynamic_task_mapping_with_no_taskflow_operators to 2023-10-20T12:29:54.347549+00:00, run_after=2023-10-21T12:29:54.347549+00:00
[2023-10-21T14:29:54.354+0200] {processor.py:179} INFO - Processing /Library/Frameworks/Python.framework/Versions/3.11/lib/python3.11/site-packages/airflow/example_dags/example_dynamic_task_mapping_with_no_taskflow_operators.py took 0.094 seconds
[2023-10-21T14:31:04.723+0200] {processor.py:157} INFO - Started process (PID=65434) to work on /Library/Frameworks/Python.framework/Versions/3.11/lib/python3.11/site-packages/airflow/example_dags/example_dynamic_task_mapping_with_no_taskflow_operators.py
[2023-10-21T14:31:04.725+0200] {processor.py:829} INFO - Processing file /Library/Frameworks/Python.framework/Versions/3.11/lib/python3.11/site-packages/airflow/example_dags/example_dynamic_task_mapping_with_no_taskflow_operators.py for tasks to queue
[2023-10-21T14:31:04.725+0200] {logging_mixin.py:151} INFO - [2023-10-21T14:31:04.725+0200] {dagbag.py:536} INFO - Filling up the DagBag from /Library/Frameworks/Python.framework/Versions/3.11/lib/python3.11/site-packages/airflow/example_dags/example_dynamic_task_mapping_with_no_taskflow_operators.py
[2023-10-21T14:31:04.733+0200] {processor.py:839} INFO - DAG(s) dict_keys(['example_dynamic_task_mapping_with_no_taskflow_operators']) retrieved from /Library/Frameworks/Python.framework/Versions/3.11/lib/python3.11/site-packages/airflow/example_dags/example_dynamic_task_mapping_with_no_taskflow_operators.py
[2023-10-21T14:31:04.752+0200] {logging_mixin.py:151} INFO - [2023-10-21T14:31:04.752+0200] {dag.py:2941} INFO - Sync 1 DAGs
[2023-10-21T14:31:04.780+0200] {logging_mixin.py:151} INFO - [2023-10-21T14:31:04.779+0200] {dag.py:3722} INFO - Setting next_dagrun for example_dynamic_task_mapping_with_no_taskflow_operators to 2023-10-20T12:31:04.779930+00:00, run_after=2023-10-21T12:31:04.779930+00:00
[2023-10-21T14:31:04.786+0200] {processor.py:179} INFO - Processing /Library/Frameworks/Python.framework/Versions/3.11/lib/python3.11/site-packages/airflow/example_dags/example_dynamic_task_mapping_with_no_taskflow_operators.py took 0.063 seconds
[2023-10-21T14:32:17.410+0200] {processor.py:157} INFO - Started process (PID=65592) to work on /Library/Frameworks/Python.framework/Versions/3.11/lib/python3.11/site-packages/airflow/example_dags/example_dynamic_task_mapping_with_no_taskflow_operators.py
[2023-10-21T14:32:17.413+0200] {processor.py:829} INFO - Processing file /Library/Frameworks/Python.framework/Versions/3.11/lib/python3.11/site-packages/airflow/example_dags/example_dynamic_task_mapping_with_no_taskflow_operators.py for tasks to queue
[2023-10-21T14:32:17.413+0200] {logging_mixin.py:151} INFO - [2023-10-21T14:32:17.413+0200] {dagbag.py:536} INFO - Filling up the DagBag from /Library/Frameworks/Python.framework/Versions/3.11/lib/python3.11/site-packages/airflow/example_dags/example_dynamic_task_mapping_with_no_taskflow_operators.py
[2023-10-21T14:32:17.422+0200] {processor.py:839} INFO - DAG(s) dict_keys(['example_dynamic_task_mapping_with_no_taskflow_operators']) retrieved from /Library/Frameworks/Python.framework/Versions/3.11/lib/python3.11/site-packages/airflow/example_dags/example_dynamic_task_mapping_with_no_taskflow_operators.py
[2023-10-21T14:32:17.493+0200] {logging_mixin.py:151} INFO - [2023-10-21T14:32:17.493+0200] {dag.py:2941} INFO - Sync 1 DAGs
[2023-10-21T14:32:17.498+0200] {logging_mixin.py:151} INFO - [2023-10-21T14:32:17.498+0200] {dag.py:3722} INFO - Setting next_dagrun for example_dynamic_task_mapping_with_no_taskflow_operators to 2023-10-20T12:32:17.498349+00:00, run_after=2023-10-21T12:32:17.498349+00:00
[2023-10-21T14:32:17.505+0200] {processor.py:179} INFO - Processing /Library/Frameworks/Python.framework/Versions/3.11/lib/python3.11/site-packages/airflow/example_dags/example_dynamic_task_mapping_with_no_taskflow_operators.py took 0.095 seconds
[2023-10-21T14:33:27.743+0200] {processor.py:157} INFO - Started process (PID=65740) to work on /Library/Frameworks/Python.framework/Versions/3.11/lib/python3.11/site-packages/airflow/example_dags/example_dynamic_task_mapping_with_no_taskflow_operators.py
[2023-10-21T14:33:27.745+0200] {processor.py:829} INFO - Processing file /Library/Frameworks/Python.framework/Versions/3.11/lib/python3.11/site-packages/airflow/example_dags/example_dynamic_task_mapping_with_no_taskflow_operators.py for tasks to queue
[2023-10-21T14:33:27.746+0200] {logging_mixin.py:151} INFO - [2023-10-21T14:33:27.745+0200] {dagbag.py:536} INFO - Filling up the DagBag from /Library/Frameworks/Python.framework/Versions/3.11/lib/python3.11/site-packages/airflow/example_dags/example_dynamic_task_mapping_with_no_taskflow_operators.py
[2023-10-21T14:33:27.762+0200] {processor.py:839} INFO - DAG(s) dict_keys(['example_dynamic_task_mapping_with_no_taskflow_operators']) retrieved from /Library/Frameworks/Python.framework/Versions/3.11/lib/python3.11/site-packages/airflow/example_dags/example_dynamic_task_mapping_with_no_taskflow_operators.py
[2023-10-21T14:33:27.878+0200] {logging_mixin.py:151} INFO - [2023-10-21T14:33:27.877+0200] {dag.py:2941} INFO - Sync 1 DAGs
[2023-10-21T14:33:27.885+0200] {logging_mixin.py:151} INFO - [2023-10-21T14:33:27.885+0200] {dag.py:3722} INFO - Setting next_dagrun for example_dynamic_task_mapping_with_no_taskflow_operators to 2023-10-20T12:33:27.885588+00:00, run_after=2023-10-21T12:33:27.885588+00:00
[2023-10-21T14:33:27.898+0200] {processor.py:179} INFO - Processing /Library/Frameworks/Python.framework/Versions/3.11/lib/python3.11/site-packages/airflow/example_dags/example_dynamic_task_mapping_with_no_taskflow_operators.py took 0.155 seconds
[2023-10-21T14:34:38.237+0200] {processor.py:157} INFO - Started process (PID=65956) to work on /Library/Frameworks/Python.framework/Versions/3.11/lib/python3.11/site-packages/airflow/example_dags/example_dynamic_task_mapping_with_no_taskflow_operators.py
[2023-10-21T14:34:38.239+0200] {processor.py:829} INFO - Processing file /Library/Frameworks/Python.framework/Versions/3.11/lib/python3.11/site-packages/airflow/example_dags/example_dynamic_task_mapping_with_no_taskflow_operators.py for tasks to queue
[2023-10-21T14:34:38.239+0200] {logging_mixin.py:151} INFO - [2023-10-21T14:34:38.239+0200] {dagbag.py:536} INFO - Filling up the DagBag from /Library/Frameworks/Python.framework/Versions/3.11/lib/python3.11/site-packages/airflow/example_dags/example_dynamic_task_mapping_with_no_taskflow_operators.py
[2023-10-21T14:34:38.248+0200] {processor.py:839} INFO - DAG(s) dict_keys(['example_dynamic_task_mapping_with_no_taskflow_operators']) retrieved from /Library/Frameworks/Python.framework/Versions/3.11/lib/python3.11/site-packages/airflow/example_dags/example_dynamic_task_mapping_with_no_taskflow_operators.py
[2023-10-21T14:34:38.320+0200] {logging_mixin.py:151} INFO - [2023-10-21T14:34:38.320+0200] {dag.py:2941} INFO - Sync 1 DAGs
[2023-10-21T14:34:38.325+0200] {logging_mixin.py:151} INFO - [2023-10-21T14:34:38.325+0200] {dag.py:3722} INFO - Setting next_dagrun for example_dynamic_task_mapping_with_no_taskflow_operators to 2023-10-20T12:34:38.325487+00:00, run_after=2023-10-21T12:34:38.325487+00:00
[2023-10-21T14:34:38.332+0200] {processor.py:179} INFO - Processing /Library/Frameworks/Python.framework/Versions/3.11/lib/python3.11/site-packages/airflow/example_dags/example_dynamic_task_mapping_with_no_taskflow_operators.py took 0.096 seconds
[2023-10-21T14:35:50.061+0200] {processor.py:157} INFO - Started process (PID=66133) to work on /Library/Frameworks/Python.framework/Versions/3.11/lib/python3.11/site-packages/airflow/example_dags/example_dynamic_task_mapping_with_no_taskflow_operators.py
[2023-10-21T14:35:50.062+0200] {processor.py:829} INFO - Processing file /Library/Frameworks/Python.framework/Versions/3.11/lib/python3.11/site-packages/airflow/example_dags/example_dynamic_task_mapping_with_no_taskflow_operators.py for tasks to queue
[2023-10-21T14:35:50.063+0200] {logging_mixin.py:151} INFO - [2023-10-21T14:35:50.063+0200] {dagbag.py:536} INFO - Filling up the DagBag from /Library/Frameworks/Python.framework/Versions/3.11/lib/python3.11/site-packages/airflow/example_dags/example_dynamic_task_mapping_with_no_taskflow_operators.py
[2023-10-21T14:35:50.071+0200] {processor.py:839} INFO - DAG(s) dict_keys(['example_dynamic_task_mapping_with_no_taskflow_operators']) retrieved from /Library/Frameworks/Python.framework/Versions/3.11/lib/python3.11/site-packages/airflow/example_dags/example_dynamic_task_mapping_with_no_taskflow_operators.py
[2023-10-21T14:35:50.142+0200] {logging_mixin.py:151} INFO - [2023-10-21T14:35:50.142+0200] {dag.py:2941} INFO - Sync 1 DAGs
[2023-10-21T14:35:50.147+0200] {logging_mixin.py:151} INFO - [2023-10-21T14:35:50.147+0200] {dag.py:3722} INFO - Setting next_dagrun for example_dynamic_task_mapping_with_no_taskflow_operators to 2023-10-20T12:35:50.147646+00:00, run_after=2023-10-21T12:35:50.147646+00:00
[2023-10-21T14:35:50.154+0200] {processor.py:179} INFO - Processing /Library/Frameworks/Python.framework/Versions/3.11/lib/python3.11/site-packages/airflow/example_dags/example_dynamic_task_mapping_with_no_taskflow_operators.py took 0.094 seconds
[2023-10-21T14:45:54.922+0200] {processor.py:157} INFO - Started process (PID=67009) to work on /Library/Frameworks/Python.framework/Versions/3.11/lib/python3.11/site-packages/airflow/example_dags/example_dynamic_task_mapping_with_no_taskflow_operators.py
[2023-10-21T14:45:54.924+0200] {processor.py:829} INFO - Processing file /Library/Frameworks/Python.framework/Versions/3.11/lib/python3.11/site-packages/airflow/example_dags/example_dynamic_task_mapping_with_no_taskflow_operators.py for tasks to queue
[2023-10-21T14:45:54.924+0200] {logging_mixin.py:151} INFO - [2023-10-21T14:45:54.924+0200] {dagbag.py:536} INFO - Filling up the DagBag from /Library/Frameworks/Python.framework/Versions/3.11/lib/python3.11/site-packages/airflow/example_dags/example_dynamic_task_mapping_with_no_taskflow_operators.py
[2023-10-21T14:45:54.932+0200] {processor.py:839} INFO - DAG(s) dict_keys(['example_dynamic_task_mapping_with_no_taskflow_operators']) retrieved from /Library/Frameworks/Python.framework/Versions/3.11/lib/python3.11/site-packages/airflow/example_dags/example_dynamic_task_mapping_with_no_taskflow_operators.py
[2023-10-21T14:45:55.004+0200] {logging_mixin.py:151} INFO - [2023-10-21T14:45:55.004+0200] {dag.py:2941} INFO - Sync 1 DAGs
[2023-10-21T14:45:55.009+0200] {logging_mixin.py:151} INFO - [2023-10-21T14:45:55.009+0200] {dag.py:3722} INFO - Setting next_dagrun for example_dynamic_task_mapping_with_no_taskflow_operators to 2023-10-20T12:45:55.009388+00:00, run_after=2023-10-21T12:45:55.009388+00:00
[2023-10-21T14:45:55.016+0200] {processor.py:179} INFO - Processing /Library/Frameworks/Python.framework/Versions/3.11/lib/python3.11/site-packages/airflow/example_dags/example_dynamic_task_mapping_with_no_taskflow_operators.py took 0.094 seconds
[2023-10-21T14:51:51.980+0200] {processor.py:157} INFO - Started process (PID=67789) to work on /Library/Frameworks/Python.framework/Versions/3.11/lib/python3.11/site-packages/airflow/example_dags/example_dynamic_task_mapping_with_no_taskflow_operators.py
[2023-10-21T14:51:51.982+0200] {processor.py:829} INFO - Processing file /Library/Frameworks/Python.framework/Versions/3.11/lib/python3.11/site-packages/airflow/example_dags/example_dynamic_task_mapping_with_no_taskflow_operators.py for tasks to queue
[2023-10-21T14:51:51.983+0200] {logging_mixin.py:151} INFO - [2023-10-21T14:51:51.983+0200] {dagbag.py:536} INFO - Filling up the DagBag from /Library/Frameworks/Python.framework/Versions/3.11/lib/python3.11/site-packages/airflow/example_dags/example_dynamic_task_mapping_with_no_taskflow_operators.py
[2023-10-21T14:51:51.993+0200] {processor.py:839} INFO - DAG(s) dict_keys(['example_dynamic_task_mapping_with_no_taskflow_operators']) retrieved from /Library/Frameworks/Python.framework/Versions/3.11/lib/python3.11/site-packages/airflow/example_dags/example_dynamic_task_mapping_with_no_taskflow_operators.py
[2023-10-21T14:51:52.014+0200] {logging_mixin.py:151} INFO - [2023-10-21T14:51:52.014+0200] {dag.py:2941} INFO - Sync 1 DAGs
[2023-10-21T14:51:52.043+0200] {logging_mixin.py:151} INFO - [2023-10-21T14:51:52.043+0200] {dag.py:3722} INFO - Setting next_dagrun for example_dynamic_task_mapping_with_no_taskflow_operators to 2023-10-20T12:51:52.043158+00:00, run_after=2023-10-21T12:51:52.043158+00:00
[2023-10-21T14:51:52.050+0200] {processor.py:179} INFO - Processing /Library/Frameworks/Python.framework/Versions/3.11/lib/python3.11/site-packages/airflow/example_dags/example_dynamic_task_mapping_with_no_taskflow_operators.py took 0.070 seconds
[2023-10-21T14:53:01.632+0200] {processor.py:157} INFO - Started process (PID=67928) to work on /Library/Frameworks/Python.framework/Versions/3.11/lib/python3.11/site-packages/airflow/example_dags/example_dynamic_task_mapping_with_no_taskflow_operators.py
[2023-10-21T14:53:01.634+0200] {processor.py:829} INFO - Processing file /Library/Frameworks/Python.framework/Versions/3.11/lib/python3.11/site-packages/airflow/example_dags/example_dynamic_task_mapping_with_no_taskflow_operators.py for tasks to queue
[2023-10-21T14:53:01.634+0200] {logging_mixin.py:151} INFO - [2023-10-21T14:53:01.634+0200] {dagbag.py:536} INFO - Filling up the DagBag from /Library/Frameworks/Python.framework/Versions/3.11/lib/python3.11/site-packages/airflow/example_dags/example_dynamic_task_mapping_with_no_taskflow_operators.py
[2023-10-21T14:53:01.642+0200] {processor.py:839} INFO - DAG(s) dict_keys(['example_dynamic_task_mapping_with_no_taskflow_operators']) retrieved from /Library/Frameworks/Python.framework/Versions/3.11/lib/python3.11/site-packages/airflow/example_dags/example_dynamic_task_mapping_with_no_taskflow_operators.py
[2023-10-21T14:53:01.714+0200] {logging_mixin.py:151} INFO - [2023-10-21T14:53:01.714+0200] {dag.py:2941} INFO - Sync 1 DAGs
[2023-10-21T14:53:01.719+0200] {logging_mixin.py:151} INFO - [2023-10-21T14:53:01.719+0200] {dag.py:3722} INFO - Setting next_dagrun for example_dynamic_task_mapping_with_no_taskflow_operators to 2023-10-20T12:53:01.719388+00:00, run_after=2023-10-21T12:53:01.719388+00:00
[2023-10-21T14:53:01.726+0200] {processor.py:179} INFO - Processing /Library/Frameworks/Python.framework/Versions/3.11/lib/python3.11/site-packages/airflow/example_dags/example_dynamic_task_mapping_with_no_taskflow_operators.py took 0.094 seconds
[2023-10-21T14:54:12.710+0200] {processor.py:157} INFO - Started process (PID=68066) to work on /Library/Frameworks/Python.framework/Versions/3.11/lib/python3.11/site-packages/airflow/example_dags/example_dynamic_task_mapping_with_no_taskflow_operators.py
[2023-10-21T14:54:12.712+0200] {processor.py:829} INFO - Processing file /Library/Frameworks/Python.framework/Versions/3.11/lib/python3.11/site-packages/airflow/example_dags/example_dynamic_task_mapping_with_no_taskflow_operators.py for tasks to queue
[2023-10-21T14:54:12.712+0200] {logging_mixin.py:151} INFO - [2023-10-21T14:54:12.712+0200] {dagbag.py:536} INFO - Filling up the DagBag from /Library/Frameworks/Python.framework/Versions/3.11/lib/python3.11/site-packages/airflow/example_dags/example_dynamic_task_mapping_with_no_taskflow_operators.py
[2023-10-21T14:54:12.721+0200] {processor.py:839} INFO - DAG(s) dict_keys(['example_dynamic_task_mapping_with_no_taskflow_operators']) retrieved from /Library/Frameworks/Python.framework/Versions/3.11/lib/python3.11/site-packages/airflow/example_dags/example_dynamic_task_mapping_with_no_taskflow_operators.py
[2023-10-21T14:54:12.797+0200] {logging_mixin.py:151} INFO - [2023-10-21T14:54:12.797+0200] {dag.py:2941} INFO - Sync 1 DAGs
[2023-10-21T14:54:12.803+0200] {logging_mixin.py:151} INFO - [2023-10-21T14:54:12.803+0200] {dag.py:3722} INFO - Setting next_dagrun for example_dynamic_task_mapping_with_no_taskflow_operators to 2023-10-20T12:54:12.803037+00:00, run_after=2023-10-21T12:54:12.803037+00:00
[2023-10-21T14:54:12.810+0200] {processor.py:179} INFO - Processing /Library/Frameworks/Python.framework/Versions/3.11/lib/python3.11/site-packages/airflow/example_dags/example_dynamic_task_mapping_with_no_taskflow_operators.py took 0.100 seconds
[2023-10-21T14:55:22.680+0200] {processor.py:157} INFO - Started process (PID=68212) to work on /Library/Frameworks/Python.framework/Versions/3.11/lib/python3.11/site-packages/airflow/example_dags/example_dynamic_task_mapping_with_no_taskflow_operators.py
[2023-10-21T14:55:22.683+0200] {processor.py:829} INFO - Processing file /Library/Frameworks/Python.framework/Versions/3.11/lib/python3.11/site-packages/airflow/example_dags/example_dynamic_task_mapping_with_no_taskflow_operators.py for tasks to queue
[2023-10-21T14:55:22.684+0200] {logging_mixin.py:151} INFO - [2023-10-21T14:55:22.683+0200] {dagbag.py:536} INFO - Filling up the DagBag from /Library/Frameworks/Python.framework/Versions/3.11/lib/python3.11/site-packages/airflow/example_dags/example_dynamic_task_mapping_with_no_taskflow_operators.py
[2023-10-21T14:55:22.692+0200] {processor.py:839} INFO - DAG(s) dict_keys(['example_dynamic_task_mapping_with_no_taskflow_operators']) retrieved from /Library/Frameworks/Python.framework/Versions/3.11/lib/python3.11/site-packages/airflow/example_dags/example_dynamic_task_mapping_with_no_taskflow_operators.py
[2023-10-21T14:55:22.763+0200] {logging_mixin.py:151} INFO - [2023-10-21T14:55:22.763+0200] {dag.py:2941} INFO - Sync 1 DAGs
[2023-10-21T14:55:22.768+0200] {logging_mixin.py:151} INFO - [2023-10-21T14:55:22.768+0200] {dag.py:3722} INFO - Setting next_dagrun for example_dynamic_task_mapping_with_no_taskflow_operators to 2023-10-20T12:55:22.768825+00:00, run_after=2023-10-21T12:55:22.768825+00:00
[2023-10-21T14:55:22.775+0200] {processor.py:179} INFO - Processing /Library/Frameworks/Python.framework/Versions/3.11/lib/python3.11/site-packages/airflow/example_dags/example_dynamic_task_mapping_with_no_taskflow_operators.py took 0.095 seconds
