[2023-10-21T14:28:00.964+0200] {processor.py:157} INFO - Started process (PID=65047) to work on /Library/Frameworks/Python.framework/Versions/3.11/lib/python3.11/site-packages/airflow/example_dags/example_subdag_operator.py
[2023-10-21T14:28:00.966+0200] {processor.py:829} INFO - Processing file /Library/Frameworks/Python.framework/Versions/3.11/lib/python3.11/site-packages/airflow/example_dags/example_subdag_operator.py for tasks to queue
[2023-10-21T14:28:00.966+0200] {logging_mixin.py:151} INFO - [2023-10-21T14:28:00.966+0200] {dagbag.py:536} INFO - Filling up the DagBag from /Library/Frameworks/Python.framework/Versions/3.11/lib/python3.11/site-packages/airflow/example_dags/example_subdag_operator.py
[2023-10-21T14:28:01.013+0200] {processor.py:839} INFO - DAG(s) dict_keys(['example_subdag_operator.section-1', 'example_subdag_operator.section-2', 'example_subdag_operator']) retrieved from /Library/Frameworks/Python.framework/Versions/3.11/lib/python3.11/site-packages/airflow/example_dags/example_subdag_operator.py
[2023-10-21T14:28:01.277+0200] {logging_mixin.py:151} INFO - [2023-10-21T14:28:01.277+0200] {dag.py:2941} INFO - Sync 3 DAGs
[2023-10-21T14:28:01.282+0200] {logging_mixin.py:151} INFO - [2023-10-21T14:28:01.282+0200] {dag.py:3722} INFO - Setting next_dagrun for example_subdag_operator to 2022-01-01T00:00:00+00:00, run_after=2022-01-01T00:00:00+00:00
[2023-10-21T14:28:01.283+0200] {logging_mixin.py:151} INFO - [2023-10-21T14:28:01.283+0200] {dag.py:3722} INFO - Setting next_dagrun for example_subdag_operator.section-1 to None, run_after=None
[2023-10-21T14:28:01.283+0200] {logging_mixin.py:151} INFO - [2023-10-21T14:28:01.283+0200] {dag.py:3722} INFO - Setting next_dagrun for example_subdag_operator.section-2 to None, run_after=None
[2023-10-21T14:28:01.286+0200] {logging_mixin.py:151} INFO - [2023-10-21T14:28:01.286+0200] {dag.py:2941} INFO - Sync 2 DAGs
[2023-10-21T14:28:01.287+0200] {logging_mixin.py:151} INFO - [2023-10-21T14:28:01.287+0200] {dag.py:3722} INFO - Setting next_dagrun for example_subdag_operator.section-1 to None, run_after=None
[2023-10-21T14:28:01.287+0200] {logging_mixin.py:151} INFO - [2023-10-21T14:28:01.287+0200] {dag.py:3722} INFO - Setting next_dagrun for example_subdag_operator.section-2 to None, run_after=None
[2023-10-21T14:28:01.291+0200] {processor.py:179} INFO - Processing /Library/Frameworks/Python.framework/Versions/3.11/lib/python3.11/site-packages/airflow/example_dags/example_subdag_operator.py took 0.327 seconds
[2023-10-21T14:29:16.567+0200] {processor.py:157} INFO - Started process (PID=65203) to work on /Library/Frameworks/Python.framework/Versions/3.11/lib/python3.11/site-packages/airflow/example_dags/example_subdag_operator.py
[2023-10-21T14:29:16.570+0200] {processor.py:829} INFO - Processing file /Library/Frameworks/Python.framework/Versions/3.11/lib/python3.11/site-packages/airflow/example_dags/example_subdag_operator.py for tasks to queue
[2023-10-21T14:29:16.570+0200] {logging_mixin.py:151} INFO - [2023-10-21T14:29:16.570+0200] {dagbag.py:536} INFO - Filling up the DagBag from /Library/Frameworks/Python.framework/Versions/3.11/lib/python3.11/site-packages/airflow/example_dags/example_subdag_operator.py
[2023-10-21T14:29:16.616+0200] {processor.py:839} INFO - DAG(s) dict_keys(['example_subdag_operator.section-1', 'example_subdag_operator.section-2', 'example_subdag_operator']) retrieved from /Library/Frameworks/Python.framework/Versions/3.11/lib/python3.11/site-packages/airflow/example_dags/example_subdag_operator.py
[2023-10-21T14:29:16.658+0200] {logging_mixin.py:151} INFO - [2023-10-21T14:29:16.658+0200] {dag.py:2941} INFO - Sync 3 DAGs
[2023-10-21T14:29:16.664+0200] {logging_mixin.py:151} INFO - [2023-10-21T14:29:16.664+0200] {dag.py:3722} INFO - Setting next_dagrun for example_subdag_operator to 2022-01-01T00:00:00+00:00, run_after=2022-01-01T00:00:00+00:00
[2023-10-21T14:29:16.665+0200] {logging_mixin.py:151} INFO - [2023-10-21T14:29:16.665+0200] {dag.py:3722} INFO - Setting next_dagrun for example_subdag_operator.section-1 to None, run_after=None
[2023-10-21T14:29:16.665+0200] {logging_mixin.py:151} INFO - [2023-10-21T14:29:16.665+0200] {dag.py:3722} INFO - Setting next_dagrun for example_subdag_operator.section-2 to None, run_after=None
[2023-10-21T14:29:16.667+0200] {logging_mixin.py:151} INFO - [2023-10-21T14:29:16.667+0200] {dag.py:2941} INFO - Sync 2 DAGs
[2023-10-21T14:29:16.668+0200] {logging_mixin.py:151} INFO - [2023-10-21T14:29:16.668+0200] {dag.py:3722} INFO - Setting next_dagrun for example_subdag_operator.section-1 to None, run_after=None
[2023-10-21T14:29:16.668+0200] {logging_mixin.py:151} INFO - [2023-10-21T14:29:16.668+0200] {dag.py:3722} INFO - Setting next_dagrun for example_subdag_operator.section-2 to None, run_after=None
[2023-10-21T14:29:16.672+0200] {processor.py:179} INFO - Processing /Library/Frameworks/Python.framework/Versions/3.11/lib/python3.11/site-packages/airflow/example_dags/example_subdag_operator.py took 0.105 seconds
[2023-10-21T14:30:27.853+0200] {processor.py:157} INFO - Started process (PID=65363) to work on /Library/Frameworks/Python.framework/Versions/3.11/lib/python3.11/site-packages/airflow/example_dags/example_subdag_operator.py
[2023-10-21T14:30:27.855+0200] {processor.py:829} INFO - Processing file /Library/Frameworks/Python.framework/Versions/3.11/lib/python3.11/site-packages/airflow/example_dags/example_subdag_operator.py for tasks to queue
[2023-10-21T14:30:27.856+0200] {logging_mixin.py:151} INFO - [2023-10-21T14:30:27.856+0200] {dagbag.py:536} INFO - Filling up the DagBag from /Library/Frameworks/Python.framework/Versions/3.11/lib/python3.11/site-packages/airflow/example_dags/example_subdag_operator.py
[2023-10-21T14:30:27.904+0200] {processor.py:839} INFO - DAG(s) dict_keys(['example_subdag_operator.section-1', 'example_subdag_operator.section-2', 'example_subdag_operator']) retrieved from /Library/Frameworks/Python.framework/Versions/3.11/lib/python3.11/site-packages/airflow/example_dags/example_subdag_operator.py
[2023-10-21T14:30:27.948+0200] {logging_mixin.py:151} INFO - [2023-10-21T14:30:27.948+0200] {dag.py:2941} INFO - Sync 3 DAGs
[2023-10-21T14:30:27.954+0200] {logging_mixin.py:151} INFO - [2023-10-21T14:30:27.954+0200] {dag.py:3722} INFO - Setting next_dagrun for example_subdag_operator to 2022-01-01T00:00:00+00:00, run_after=2022-01-01T00:00:00+00:00
[2023-10-21T14:30:27.955+0200] {logging_mixin.py:151} INFO - [2023-10-21T14:30:27.955+0200] {dag.py:3722} INFO - Setting next_dagrun for example_subdag_operator.section-1 to None, run_after=None
[2023-10-21T14:30:27.955+0200] {logging_mixin.py:151} INFO - [2023-10-21T14:30:27.955+0200] {dag.py:3722} INFO - Setting next_dagrun for example_subdag_operator.section-2 to None, run_after=None
[2023-10-21T14:30:27.957+0200] {logging_mixin.py:151} INFO - [2023-10-21T14:30:27.957+0200] {dag.py:2941} INFO - Sync 2 DAGs
[2023-10-21T14:30:27.958+0200] {logging_mixin.py:151} INFO - [2023-10-21T14:30:27.958+0200] {dag.py:3722} INFO - Setting next_dagrun for example_subdag_operator.section-1 to None, run_after=None
[2023-10-21T14:30:27.958+0200] {logging_mixin.py:151} INFO - [2023-10-21T14:30:27.958+0200] {dag.py:3722} INFO - Setting next_dagrun for example_subdag_operator.section-2 to None, run_after=None
[2023-10-21T14:30:27.962+0200] {processor.py:179} INFO - Processing /Library/Frameworks/Python.framework/Versions/3.11/lib/python3.11/site-packages/airflow/example_dags/example_subdag_operator.py took 0.110 seconds
[2023-10-21T14:31:39.930+0200] {processor.py:157} INFO - Started process (PID=65511) to work on /Library/Frameworks/Python.framework/Versions/3.11/lib/python3.11/site-packages/airflow/example_dags/example_subdag_operator.py
[2023-10-21T14:31:39.933+0200] {processor.py:829} INFO - Processing file /Library/Frameworks/Python.framework/Versions/3.11/lib/python3.11/site-packages/airflow/example_dags/example_subdag_operator.py for tasks to queue
[2023-10-21T14:31:39.933+0200] {logging_mixin.py:151} INFO - [2023-10-21T14:31:39.933+0200] {dagbag.py:536} INFO - Filling up the DagBag from /Library/Frameworks/Python.framework/Versions/3.11/lib/python3.11/site-packages/airflow/example_dags/example_subdag_operator.py
[2023-10-21T14:31:39.982+0200] {processor.py:839} INFO - DAG(s) dict_keys(['example_subdag_operator.section-1', 'example_subdag_operator.section-2', 'example_subdag_operator']) retrieved from /Library/Frameworks/Python.framework/Versions/3.11/lib/python3.11/site-packages/airflow/example_dags/example_subdag_operator.py
[2023-10-21T14:31:40.025+0200] {logging_mixin.py:151} INFO - [2023-10-21T14:31:40.025+0200] {dag.py:2941} INFO - Sync 3 DAGs
[2023-10-21T14:31:40.030+0200] {logging_mixin.py:151} INFO - [2023-10-21T14:31:40.030+0200] {dag.py:3722} INFO - Setting next_dagrun for example_subdag_operator to 2022-01-01T00:00:00+00:00, run_after=2022-01-01T00:00:00+00:00
[2023-10-21T14:31:40.031+0200] {logging_mixin.py:151} INFO - [2023-10-21T14:31:40.031+0200] {dag.py:3722} INFO - Setting next_dagrun for example_subdag_operator.section-1 to None, run_after=None
[2023-10-21T14:31:40.032+0200] {logging_mixin.py:151} INFO - [2023-10-21T14:31:40.032+0200] {dag.py:3722} INFO - Setting next_dagrun for example_subdag_operator.section-2 to None, run_after=None
[2023-10-21T14:31:40.033+0200] {logging_mixin.py:151} INFO - [2023-10-21T14:31:40.033+0200] {dag.py:2941} INFO - Sync 2 DAGs
[2023-10-21T14:31:40.035+0200] {logging_mixin.py:151} INFO - [2023-10-21T14:31:40.035+0200] {dag.py:3722} INFO - Setting next_dagrun for example_subdag_operator.section-1 to None, run_after=None
[2023-10-21T14:31:40.035+0200] {logging_mixin.py:151} INFO - [2023-10-21T14:31:40.035+0200] {dag.py:3722} INFO - Setting next_dagrun for example_subdag_operator.section-2 to None, run_after=None
[2023-10-21T14:31:40.039+0200] {processor.py:179} INFO - Processing /Library/Frameworks/Python.framework/Versions/3.11/lib/python3.11/site-packages/airflow/example_dags/example_subdag_operator.py took 0.109 seconds
[2023-10-21T14:32:51.853+0200] {processor.py:157} INFO - Started process (PID=65660) to work on /Library/Frameworks/Python.framework/Versions/3.11/lib/python3.11/site-packages/airflow/example_dags/example_subdag_operator.py
[2023-10-21T14:32:51.855+0200] {processor.py:829} INFO - Processing file /Library/Frameworks/Python.framework/Versions/3.11/lib/python3.11/site-packages/airflow/example_dags/example_subdag_operator.py for tasks to queue
[2023-10-21T14:32:51.856+0200] {logging_mixin.py:151} INFO - [2023-10-21T14:32:51.856+0200] {dagbag.py:536} INFO - Filling up the DagBag from /Library/Frameworks/Python.framework/Versions/3.11/lib/python3.11/site-packages/airflow/example_dags/example_subdag_operator.py
[2023-10-21T14:32:51.905+0200] {processor.py:839} INFO - DAG(s) dict_keys(['example_subdag_operator.section-1', 'example_subdag_operator.section-2', 'example_subdag_operator']) retrieved from /Library/Frameworks/Python.framework/Versions/3.11/lib/python3.11/site-packages/airflow/example_dags/example_subdag_operator.py
[2023-10-21T14:32:51.948+0200] {logging_mixin.py:151} INFO - [2023-10-21T14:32:51.948+0200] {dag.py:2941} INFO - Sync 3 DAGs
[2023-10-21T14:32:51.954+0200] {logging_mixin.py:151} INFO - [2023-10-21T14:32:51.954+0200] {dag.py:3722} INFO - Setting next_dagrun for example_subdag_operator to 2022-01-01T00:00:00+00:00, run_after=2022-01-01T00:00:00+00:00
[2023-10-21T14:32:51.955+0200] {logging_mixin.py:151} INFO - [2023-10-21T14:32:51.955+0200] {dag.py:3722} INFO - Setting next_dagrun for example_subdag_operator.section-1 to None, run_after=None
[2023-10-21T14:32:51.955+0200] {logging_mixin.py:151} INFO - [2023-10-21T14:32:51.955+0200] {dag.py:3722} INFO - Setting next_dagrun for example_subdag_operator.section-2 to None, run_after=None
[2023-10-21T14:32:51.957+0200] {logging_mixin.py:151} INFO - [2023-10-21T14:32:51.957+0200] {dag.py:2941} INFO - Sync 2 DAGs
[2023-10-21T14:32:51.958+0200] {logging_mixin.py:151} INFO - [2023-10-21T14:32:51.958+0200] {dag.py:3722} INFO - Setting next_dagrun for example_subdag_operator.section-1 to None, run_after=None
[2023-10-21T14:32:51.958+0200] {logging_mixin.py:151} INFO - [2023-10-21T14:32:51.958+0200] {dag.py:3722} INFO - Setting next_dagrun for example_subdag_operator.section-2 to None, run_after=None
[2023-10-21T14:32:51.962+0200] {processor.py:179} INFO - Processing /Library/Frameworks/Python.framework/Versions/3.11/lib/python3.11/site-packages/airflow/example_dags/example_subdag_operator.py took 0.109 seconds
[2023-10-21T14:34:02.225+0200] {processor.py:157} INFO - Started process (PID=65888) to work on /Library/Frameworks/Python.framework/Versions/3.11/lib/python3.11/site-packages/airflow/example_dags/example_subdag_operator.py
[2023-10-21T14:34:02.228+0200] {processor.py:829} INFO - Processing file /Library/Frameworks/Python.framework/Versions/3.11/lib/python3.11/site-packages/airflow/example_dags/example_subdag_operator.py for tasks to queue
[2023-10-21T14:34:02.228+0200] {logging_mixin.py:151} INFO - [2023-10-21T14:34:02.228+0200] {dagbag.py:536} INFO - Filling up the DagBag from /Library/Frameworks/Python.framework/Versions/3.11/lib/python3.11/site-packages/airflow/example_dags/example_subdag_operator.py
[2023-10-21T14:34:02.275+0200] {processor.py:839} INFO - DAG(s) dict_keys(['example_subdag_operator.section-1', 'example_subdag_operator.section-2', 'example_subdag_operator']) retrieved from /Library/Frameworks/Python.framework/Versions/3.11/lib/python3.11/site-packages/airflow/example_dags/example_subdag_operator.py
[2023-10-21T14:34:02.317+0200] {logging_mixin.py:151} INFO - [2023-10-21T14:34:02.317+0200] {dag.py:2941} INFO - Sync 3 DAGs
[2023-10-21T14:34:02.322+0200] {logging_mixin.py:151} INFO - [2023-10-21T14:34:02.322+0200] {dag.py:3722} INFO - Setting next_dagrun for example_subdag_operator to 2022-01-01T00:00:00+00:00, run_after=2022-01-01T00:00:00+00:00
[2023-10-21T14:34:02.323+0200] {logging_mixin.py:151} INFO - [2023-10-21T14:34:02.323+0200] {dag.py:3722} INFO - Setting next_dagrun for example_subdag_operator.section-1 to None, run_after=None
[2023-10-21T14:34:02.323+0200] {logging_mixin.py:151} INFO - [2023-10-21T14:34:02.323+0200] {dag.py:3722} INFO - Setting next_dagrun for example_subdag_operator.section-2 to None, run_after=None
[2023-10-21T14:34:02.325+0200] {logging_mixin.py:151} INFO - [2023-10-21T14:34:02.325+0200] {dag.py:2941} INFO - Sync 2 DAGs
[2023-10-21T14:34:02.326+0200] {logging_mixin.py:151} INFO - [2023-10-21T14:34:02.326+0200] {dag.py:3722} INFO - Setting next_dagrun for example_subdag_operator.section-1 to None, run_after=None
[2023-10-21T14:34:02.326+0200] {logging_mixin.py:151} INFO - [2023-10-21T14:34:02.326+0200] {dag.py:3722} INFO - Setting next_dagrun for example_subdag_operator.section-2 to None, run_after=None
[2023-10-21T14:34:02.330+0200] {processor.py:179} INFO - Processing /Library/Frameworks/Python.framework/Versions/3.11/lib/python3.11/site-packages/airflow/example_dags/example_subdag_operator.py took 0.105 seconds
[2023-10-21T14:35:11.889+0200] {processor.py:157} INFO - Started process (PID=66049) to work on /Library/Frameworks/Python.framework/Versions/3.11/lib/python3.11/site-packages/airflow/example_dags/example_subdag_operator.py
[2023-10-21T14:35:11.891+0200] {processor.py:829} INFO - Processing file /Library/Frameworks/Python.framework/Versions/3.11/lib/python3.11/site-packages/airflow/example_dags/example_subdag_operator.py for tasks to queue
[2023-10-21T14:35:11.891+0200] {logging_mixin.py:151} INFO - [2023-10-21T14:35:11.891+0200] {dagbag.py:536} INFO - Filling up the DagBag from /Library/Frameworks/Python.framework/Versions/3.11/lib/python3.11/site-packages/airflow/example_dags/example_subdag_operator.py
[2023-10-21T14:35:11.938+0200] {processor.py:839} INFO - DAG(s) dict_keys(['example_subdag_operator.section-1', 'example_subdag_operator.section-2', 'example_subdag_operator']) retrieved from /Library/Frameworks/Python.framework/Versions/3.11/lib/python3.11/site-packages/airflow/example_dags/example_subdag_operator.py
[2023-10-21T14:35:11.982+0200] {logging_mixin.py:151} INFO - [2023-10-21T14:35:11.982+0200] {dag.py:2941} INFO - Sync 3 DAGs
[2023-10-21T14:35:11.987+0200] {logging_mixin.py:151} INFO - [2023-10-21T14:35:11.987+0200] {dag.py:3722} INFO - Setting next_dagrun for example_subdag_operator to 2022-01-01T00:00:00+00:00, run_after=2022-01-01T00:00:00+00:00
[2023-10-21T14:35:11.988+0200] {logging_mixin.py:151} INFO - [2023-10-21T14:35:11.988+0200] {dag.py:3722} INFO - Setting next_dagrun for example_subdag_operator.section-1 to None, run_after=None
[2023-10-21T14:35:11.989+0200] {logging_mixin.py:151} INFO - [2023-10-21T14:35:11.989+0200] {dag.py:3722} INFO - Setting next_dagrun for example_subdag_operator.section-2 to None, run_after=None
[2023-10-21T14:35:11.990+0200] {logging_mixin.py:151} INFO - [2023-10-21T14:35:11.990+0200] {dag.py:2941} INFO - Sync 2 DAGs
[2023-10-21T14:35:11.991+0200] {logging_mixin.py:151} INFO - [2023-10-21T14:35:11.991+0200] {dag.py:3722} INFO - Setting next_dagrun for example_subdag_operator.section-1 to None, run_after=None
[2023-10-21T14:35:11.992+0200] {logging_mixin.py:151} INFO - [2023-10-21T14:35:11.992+0200] {dag.py:3722} INFO - Setting next_dagrun for example_subdag_operator.section-2 to None, run_after=None
[2023-10-21T14:35:11.996+0200] {processor.py:179} INFO - Processing /Library/Frameworks/Python.framework/Versions/3.11/lib/python3.11/site-packages/airflow/example_dags/example_subdag_operator.py took 0.107 seconds
[2023-10-21T14:45:27.689+0200] {processor.py:157} INFO - Started process (PID=66958) to work on /Library/Frameworks/Python.framework/Versions/3.11/lib/python3.11/site-packages/airflow/example_dags/example_subdag_operator.py
[2023-10-21T14:45:27.691+0200] {processor.py:829} INFO - Processing file /Library/Frameworks/Python.framework/Versions/3.11/lib/python3.11/site-packages/airflow/example_dags/example_subdag_operator.py for tasks to queue
[2023-10-21T14:45:27.691+0200] {logging_mixin.py:151} INFO - [2023-10-21T14:45:27.691+0200] {dagbag.py:536} INFO - Filling up the DagBag from /Library/Frameworks/Python.framework/Versions/3.11/lib/python3.11/site-packages/airflow/example_dags/example_subdag_operator.py
[2023-10-21T14:45:27.738+0200] {processor.py:839} INFO - DAG(s) dict_keys(['example_subdag_operator.section-1', 'example_subdag_operator.section-2', 'example_subdag_operator']) retrieved from /Library/Frameworks/Python.framework/Versions/3.11/lib/python3.11/site-packages/airflow/example_dags/example_subdag_operator.py
[2023-10-21T14:45:27.745+0200] {logging_mixin.py:151} INFO - [2023-10-21T14:45:27.745+0200] {dag.py:2941} INFO - Sync 3 DAGs
[2023-10-21T14:45:27.750+0200] {logging_mixin.py:151} INFO - [2023-10-21T14:45:27.750+0200] {dag.py:3722} INFO - Setting next_dagrun for example_subdag_operator to 2022-01-01T00:00:00+00:00, run_after=2022-01-01T00:00:00+00:00
[2023-10-21T14:45:27.751+0200] {logging_mixin.py:151} INFO - [2023-10-21T14:45:27.751+0200] {dag.py:3722} INFO - Setting next_dagrun for example_subdag_operator.section-1 to None, run_after=None
[2023-10-21T14:45:27.752+0200] {logging_mixin.py:151} INFO - [2023-10-21T14:45:27.751+0200] {dag.py:3722} INFO - Setting next_dagrun for example_subdag_operator.section-2 to None, run_after=None
[2023-10-21T14:45:27.753+0200] {logging_mixin.py:151} INFO - [2023-10-21T14:45:27.753+0200] {dag.py:2941} INFO - Sync 2 DAGs
[2023-10-21T14:45:27.754+0200] {logging_mixin.py:151} INFO - [2023-10-21T14:45:27.754+0200] {dag.py:3722} INFO - Setting next_dagrun for example_subdag_operator.section-1 to None, run_after=None
[2023-10-21T14:45:27.754+0200] {logging_mixin.py:151} INFO - [2023-10-21T14:45:27.754+0200] {dag.py:3722} INFO - Setting next_dagrun for example_subdag_operator.section-2 to None, run_after=None
[2023-10-21T14:45:27.759+0200] {processor.py:179} INFO - Processing /Library/Frameworks/Python.framework/Versions/3.11/lib/python3.11/site-packages/airflow/example_dags/example_subdag_operator.py took 0.070 seconds
[2023-10-21T14:46:30.790+0200] {processor.py:157} INFO - Started process (PID=67081) to work on /Library/Frameworks/Python.framework/Versions/3.11/lib/python3.11/site-packages/airflow/example_dags/example_subdag_operator.py
[2023-10-21T14:46:30.792+0200] {processor.py:829} INFO - Processing file /Library/Frameworks/Python.framework/Versions/3.11/lib/python3.11/site-packages/airflow/example_dags/example_subdag_operator.py for tasks to queue
[2023-10-21T14:46:30.792+0200] {logging_mixin.py:151} INFO - [2023-10-21T14:46:30.792+0200] {dagbag.py:536} INFO - Filling up the DagBag from /Library/Frameworks/Python.framework/Versions/3.11/lib/python3.11/site-packages/airflow/example_dags/example_subdag_operator.py
[2023-10-21T14:46:30.839+0200] {processor.py:839} INFO - DAG(s) dict_keys(['example_subdag_operator.section-1', 'example_subdag_operator.section-2', 'example_subdag_operator']) retrieved from /Library/Frameworks/Python.framework/Versions/3.11/lib/python3.11/site-packages/airflow/example_dags/example_subdag_operator.py
[2023-10-21T14:46:30.882+0200] {logging_mixin.py:151} INFO - [2023-10-21T14:46:30.882+0200] {dag.py:2941} INFO - Sync 3 DAGs
[2023-10-21T14:46:30.888+0200] {logging_mixin.py:151} INFO - [2023-10-21T14:46:30.888+0200] {dag.py:3722} INFO - Setting next_dagrun for example_subdag_operator to 2022-01-01T00:00:00+00:00, run_after=2022-01-01T00:00:00+00:00
[2023-10-21T14:46:30.889+0200] {logging_mixin.py:151} INFO - [2023-10-21T14:46:30.889+0200] {dag.py:3722} INFO - Setting next_dagrun for example_subdag_operator.section-1 to None, run_after=None
[2023-10-21T14:46:30.889+0200] {logging_mixin.py:151} INFO - [2023-10-21T14:46:30.889+0200] {dag.py:3722} INFO - Setting next_dagrun for example_subdag_operator.section-2 to None, run_after=None
[2023-10-21T14:46:30.891+0200] {logging_mixin.py:151} INFO - [2023-10-21T14:46:30.891+0200] {dag.py:2941} INFO - Sync 2 DAGs
[2023-10-21T14:46:30.892+0200] {logging_mixin.py:151} INFO - [2023-10-21T14:46:30.892+0200] {dag.py:3722} INFO - Setting next_dagrun for example_subdag_operator.section-1 to None, run_after=None
[2023-10-21T14:46:30.892+0200] {logging_mixin.py:151} INFO - [2023-10-21T14:46:30.892+0200] {dag.py:3722} INFO - Setting next_dagrun for example_subdag_operator.section-2 to None, run_after=None
[2023-10-21T14:46:30.896+0200] {processor.py:179} INFO - Processing /Library/Frameworks/Python.framework/Versions/3.11/lib/python3.11/site-packages/airflow/example_dags/example_subdag_operator.py took 0.106 seconds
[2023-10-21T14:51:24.816+0200] {processor.py:157} INFO - Started process (PID=67728) to work on /Library/Frameworks/Python.framework/Versions/3.11/lib/python3.11/site-packages/airflow/example_dags/example_subdag_operator.py
[2023-10-21T14:51:24.819+0200] {processor.py:829} INFO - Processing file /Library/Frameworks/Python.framework/Versions/3.11/lib/python3.11/site-packages/airflow/example_dags/example_subdag_operator.py for tasks to queue
[2023-10-21T14:51:24.819+0200] {logging_mixin.py:151} INFO - [2023-10-21T14:51:24.819+0200] {dagbag.py:536} INFO - Filling up the DagBag from /Library/Frameworks/Python.framework/Versions/3.11/lib/python3.11/site-packages/airflow/example_dags/example_subdag_operator.py
[2023-10-21T14:51:24.865+0200] {processor.py:839} INFO - DAG(s) dict_keys(['example_subdag_operator.section-1', 'example_subdag_operator.section-2', 'example_subdag_operator']) retrieved from /Library/Frameworks/Python.framework/Versions/3.11/lib/python3.11/site-packages/airflow/example_dags/example_subdag_operator.py
[2023-10-21T14:51:24.908+0200] {logging_mixin.py:151} INFO - [2023-10-21T14:51:24.908+0200] {dag.py:2941} INFO - Sync 3 DAGs
[2023-10-21T14:51:24.913+0200] {logging_mixin.py:151} INFO - [2023-10-21T14:51:24.913+0200] {dag.py:3722} INFO - Setting next_dagrun for example_subdag_operator to 2022-01-01T00:00:00+00:00, run_after=2022-01-01T00:00:00+00:00
[2023-10-21T14:51:24.914+0200] {logging_mixin.py:151} INFO - [2023-10-21T14:51:24.914+0200] {dag.py:3722} INFO - Setting next_dagrun for example_subdag_operator.section-1 to None, run_after=None
[2023-10-21T14:51:24.914+0200] {logging_mixin.py:151} INFO - [2023-10-21T14:51:24.914+0200] {dag.py:3722} INFO - Setting next_dagrun for example_subdag_operator.section-2 to None, run_after=None
[2023-10-21T14:51:24.916+0200] {logging_mixin.py:151} INFO - [2023-10-21T14:51:24.916+0200] {dag.py:2941} INFO - Sync 2 DAGs
[2023-10-21T14:51:24.917+0200] {logging_mixin.py:151} INFO - [2023-10-21T14:51:24.917+0200] {dag.py:3722} INFO - Setting next_dagrun for example_subdag_operator.section-1 to None, run_after=None
[2023-10-21T14:51:24.917+0200] {logging_mixin.py:151} INFO - [2023-10-21T14:51:24.917+0200] {dag.py:3722} INFO - Setting next_dagrun for example_subdag_operator.section-2 to None, run_after=None
[2023-10-21T14:51:24.921+0200] {processor.py:179} INFO - Processing /Library/Frameworks/Python.framework/Versions/3.11/lib/python3.11/site-packages/airflow/example_dags/example_subdag_operator.py took 0.105 seconds
[2023-10-21T14:52:29.799+0200] {processor.py:157} INFO - Started process (PID=67869) to work on /Library/Frameworks/Python.framework/Versions/3.11/lib/python3.11/site-packages/airflow/example_dags/example_subdag_operator.py
[2023-10-21T14:52:29.801+0200] {processor.py:829} INFO - Processing file /Library/Frameworks/Python.framework/Versions/3.11/lib/python3.11/site-packages/airflow/example_dags/example_subdag_operator.py for tasks to queue
[2023-10-21T14:52:29.802+0200] {logging_mixin.py:151} INFO - [2023-10-21T14:52:29.802+0200] {dagbag.py:536} INFO - Filling up the DagBag from /Library/Frameworks/Python.framework/Versions/3.11/lib/python3.11/site-packages/airflow/example_dags/example_subdag_operator.py
[2023-10-21T14:52:29.850+0200] {processor.py:839} INFO - DAG(s) dict_keys(['example_subdag_operator.section-1', 'example_subdag_operator.section-2', 'example_subdag_operator']) retrieved from /Library/Frameworks/Python.framework/Versions/3.11/lib/python3.11/site-packages/airflow/example_dags/example_subdag_operator.py
[2023-10-21T14:52:29.896+0200] {logging_mixin.py:151} INFO - [2023-10-21T14:52:29.896+0200] {dag.py:2941} INFO - Sync 3 DAGs
[2023-10-21T14:52:29.902+0200] {logging_mixin.py:151} INFO - [2023-10-21T14:52:29.902+0200] {dag.py:3722} INFO - Setting next_dagrun for example_subdag_operator to 2022-01-01T00:00:00+00:00, run_after=2022-01-01T00:00:00+00:00
[2023-10-21T14:52:29.903+0200] {logging_mixin.py:151} INFO - [2023-10-21T14:52:29.903+0200] {dag.py:3722} INFO - Setting next_dagrun for example_subdag_operator.section-1 to None, run_after=None
[2023-10-21T14:52:29.903+0200] {logging_mixin.py:151} INFO - [2023-10-21T14:52:29.903+0200] {dag.py:3722} INFO - Setting next_dagrun for example_subdag_operator.section-2 to None, run_after=None
[2023-10-21T14:52:29.905+0200] {logging_mixin.py:151} INFO - [2023-10-21T14:52:29.905+0200] {dag.py:2941} INFO - Sync 2 DAGs
[2023-10-21T14:52:29.906+0200] {logging_mixin.py:151} INFO - [2023-10-21T14:52:29.906+0200] {dag.py:3722} INFO - Setting next_dagrun for example_subdag_operator.section-1 to None, run_after=None
[2023-10-21T14:52:29.906+0200] {logging_mixin.py:151} INFO - [2023-10-21T14:52:29.906+0200] {dag.py:3722} INFO - Setting next_dagrun for example_subdag_operator.section-2 to None, run_after=None
[2023-10-21T14:52:29.911+0200] {processor.py:179} INFO - Processing /Library/Frameworks/Python.framework/Versions/3.11/lib/python3.11/site-packages/airflow/example_dags/example_subdag_operator.py took 0.112 seconds
[2023-10-21T14:53:39.560+0200] {processor.py:157} INFO - Started process (PID=67996) to work on /Library/Frameworks/Python.framework/Versions/3.11/lib/python3.11/site-packages/airflow/example_dags/example_subdag_operator.py
[2023-10-21T14:53:39.562+0200] {processor.py:829} INFO - Processing file /Library/Frameworks/Python.framework/Versions/3.11/lib/python3.11/site-packages/airflow/example_dags/example_subdag_operator.py for tasks to queue
[2023-10-21T14:53:39.562+0200] {logging_mixin.py:151} INFO - [2023-10-21T14:53:39.562+0200] {dagbag.py:536} INFO - Filling up the DagBag from /Library/Frameworks/Python.framework/Versions/3.11/lib/python3.11/site-packages/airflow/example_dags/example_subdag_operator.py
[2023-10-21T14:53:39.607+0200] {processor.py:839} INFO - DAG(s) dict_keys(['example_subdag_operator.section-1', 'example_subdag_operator.section-2', 'example_subdag_operator']) retrieved from /Library/Frameworks/Python.framework/Versions/3.11/lib/python3.11/site-packages/airflow/example_dags/example_subdag_operator.py
[2023-10-21T14:53:39.649+0200] {logging_mixin.py:151} INFO - [2023-10-21T14:53:39.649+0200] {dag.py:2941} INFO - Sync 3 DAGs
[2023-10-21T14:53:39.655+0200] {logging_mixin.py:151} INFO - [2023-10-21T14:53:39.655+0200] {dag.py:3722} INFO - Setting next_dagrun for example_subdag_operator to 2022-01-01T00:00:00+00:00, run_after=2022-01-01T00:00:00+00:00
[2023-10-21T14:53:39.656+0200] {logging_mixin.py:151} INFO - [2023-10-21T14:53:39.656+0200] {dag.py:3722} INFO - Setting next_dagrun for example_subdag_operator.section-1 to None, run_after=None
[2023-10-21T14:53:39.656+0200] {logging_mixin.py:151} INFO - [2023-10-21T14:53:39.656+0200] {dag.py:3722} INFO - Setting next_dagrun for example_subdag_operator.section-2 to None, run_after=None
[2023-10-21T14:53:39.658+0200] {logging_mixin.py:151} INFO - [2023-10-21T14:53:39.657+0200] {dag.py:2941} INFO - Sync 2 DAGs
[2023-10-21T14:53:39.659+0200] {logging_mixin.py:151} INFO - [2023-10-21T14:53:39.659+0200] {dag.py:3722} INFO - Setting next_dagrun for example_subdag_operator.section-1 to None, run_after=None
[2023-10-21T14:53:39.659+0200] {logging_mixin.py:151} INFO - [2023-10-21T14:53:39.659+0200] {dag.py:3722} INFO - Setting next_dagrun for example_subdag_operator.section-2 to None, run_after=None
[2023-10-21T14:53:39.663+0200] {processor.py:179} INFO - Processing /Library/Frameworks/Python.framework/Versions/3.11/lib/python3.11/site-packages/airflow/example_dags/example_subdag_operator.py took 0.103 seconds
[2023-10-21T14:54:51.659+0200] {processor.py:157} INFO - Started process (PID=68140) to work on /Library/Frameworks/Python.framework/Versions/3.11/lib/python3.11/site-packages/airflow/example_dags/example_subdag_operator.py
[2023-10-21T14:54:51.661+0200] {processor.py:829} INFO - Processing file /Library/Frameworks/Python.framework/Versions/3.11/lib/python3.11/site-packages/airflow/example_dags/example_subdag_operator.py for tasks to queue
[2023-10-21T14:54:51.661+0200] {logging_mixin.py:151} INFO - [2023-10-21T14:54:51.661+0200] {dagbag.py:536} INFO - Filling up the DagBag from /Library/Frameworks/Python.framework/Versions/3.11/lib/python3.11/site-packages/airflow/example_dags/example_subdag_operator.py
[2023-10-21T14:54:51.710+0200] {processor.py:839} INFO - DAG(s) dict_keys(['example_subdag_operator.section-1', 'example_subdag_operator.section-2', 'example_subdag_operator']) retrieved from /Library/Frameworks/Python.framework/Versions/3.11/lib/python3.11/site-packages/airflow/example_dags/example_subdag_operator.py
[2023-10-21T14:54:51.753+0200] {logging_mixin.py:151} INFO - [2023-10-21T14:54:51.753+0200] {dag.py:2941} INFO - Sync 3 DAGs
[2023-10-21T14:54:51.759+0200] {logging_mixin.py:151} INFO - [2023-10-21T14:54:51.759+0200] {dag.py:3722} INFO - Setting next_dagrun for example_subdag_operator to 2022-01-01T00:00:00+00:00, run_after=2022-01-01T00:00:00+00:00
[2023-10-21T14:54:51.760+0200] {logging_mixin.py:151} INFO - [2023-10-21T14:54:51.760+0200] {dag.py:3722} INFO - Setting next_dagrun for example_subdag_operator.section-1 to None, run_after=None
[2023-10-21T14:54:51.761+0200] {logging_mixin.py:151} INFO - [2023-10-21T14:54:51.761+0200] {dag.py:3722} INFO - Setting next_dagrun for example_subdag_operator.section-2 to None, run_after=None
[2023-10-21T14:54:51.762+0200] {logging_mixin.py:151} INFO - [2023-10-21T14:54:51.762+0200] {dag.py:2941} INFO - Sync 2 DAGs
[2023-10-21T14:54:51.764+0200] {logging_mixin.py:151} INFO - [2023-10-21T14:54:51.763+0200] {dag.py:3722} INFO - Setting next_dagrun for example_subdag_operator.section-1 to None, run_after=None
[2023-10-21T14:54:51.764+0200] {logging_mixin.py:151} INFO - [2023-10-21T14:54:51.764+0200] {dag.py:3722} INFO - Setting next_dagrun for example_subdag_operator.section-2 to None, run_after=None
[2023-10-21T14:54:51.768+0200] {processor.py:179} INFO - Processing /Library/Frameworks/Python.framework/Versions/3.11/lib/python3.11/site-packages/airflow/example_dags/example_subdag_operator.py took 0.109 seconds
[2023-10-21T14:56:01.239+0200] {processor.py:157} INFO - Started process (PID=68295) to work on /Library/Frameworks/Python.framework/Versions/3.11/lib/python3.11/site-packages/airflow/example_dags/example_subdag_operator.py
[2023-10-21T14:56:01.241+0200] {processor.py:829} INFO - Processing file /Library/Frameworks/Python.framework/Versions/3.11/lib/python3.11/site-packages/airflow/example_dags/example_subdag_operator.py for tasks to queue
[2023-10-21T14:56:01.241+0200] {logging_mixin.py:151} INFO - [2023-10-21T14:56:01.241+0200] {dagbag.py:536} INFO - Filling up the DagBag from /Library/Frameworks/Python.framework/Versions/3.11/lib/python3.11/site-packages/airflow/example_dags/example_subdag_operator.py
[2023-10-21T14:56:01.287+0200] {processor.py:839} INFO - DAG(s) dict_keys(['example_subdag_operator.section-1', 'example_subdag_operator.section-2', 'example_subdag_operator']) retrieved from /Library/Frameworks/Python.framework/Versions/3.11/lib/python3.11/site-packages/airflow/example_dags/example_subdag_operator.py
[2023-10-21T14:56:01.330+0200] {logging_mixin.py:151} INFO - [2023-10-21T14:56:01.330+0200] {dag.py:2941} INFO - Sync 3 DAGs
[2023-10-21T14:56:01.335+0200] {logging_mixin.py:151} INFO - [2023-10-21T14:56:01.335+0200] {dag.py:3722} INFO - Setting next_dagrun for example_subdag_operator to 2022-01-01T00:00:00+00:00, run_after=2022-01-01T00:00:00+00:00
[2023-10-21T14:56:01.336+0200] {logging_mixin.py:151} INFO - [2023-10-21T14:56:01.336+0200] {dag.py:3722} INFO - Setting next_dagrun for example_subdag_operator.section-1 to None, run_after=None
[2023-10-21T14:56:01.336+0200] {logging_mixin.py:151} INFO - [2023-10-21T14:56:01.336+0200] {dag.py:3722} INFO - Setting next_dagrun for example_subdag_operator.section-2 to None, run_after=None
[2023-10-21T14:56:01.338+0200] {logging_mixin.py:151} INFO - [2023-10-21T14:56:01.338+0200] {dag.py:2941} INFO - Sync 2 DAGs
[2023-10-21T14:56:01.339+0200] {logging_mixin.py:151} INFO - [2023-10-21T14:56:01.339+0200] {dag.py:3722} INFO - Setting next_dagrun for example_subdag_operator.section-1 to None, run_after=None
[2023-10-21T14:56:01.339+0200] {logging_mixin.py:151} INFO - [2023-10-21T14:56:01.339+0200] {dag.py:3722} INFO - Setting next_dagrun for example_subdag_operator.section-2 to None, run_after=None
[2023-10-21T14:56:01.344+0200] {processor.py:179} INFO - Processing /Library/Frameworks/Python.framework/Versions/3.11/lib/python3.11/site-packages/airflow/example_dags/example_subdag_operator.py took 0.105 seconds
