[2023-10-21T14:28:50.860+0200] {processor.py:157} INFO - Started process (PID=65144) to work on /Library/Frameworks/Python.framework/Versions/3.11/lib/python3.11/site-packages/airflow/example_dags/example_branch_datetime_operator.py
[2023-10-21T14:28:50.861+0200] {processor.py:829} INFO - Processing file /Library/Frameworks/Python.framework/Versions/3.11/lib/python3.11/site-packages/airflow/example_dags/example_branch_datetime_operator.py for tasks to queue
[2023-10-21T14:28:50.862+0200] {logging_mixin.py:151} INFO - [2023-10-21T14:28:50.862+0200] {dagbag.py:536} INFO - Filling up the DagBag from /Library/Frameworks/Python.framework/Versions/3.11/lib/python3.11/site-packages/airflow/example_dags/example_branch_datetime_operator.py
[2023-10-21T14:28:50.873+0200] {processor.py:839} INFO - DAG(s) dict_keys(['example_branch_datetime_operator', 'example_branch_datetime_operator_3', 'example_branch_datetime_operator_2']) retrieved from /Library/Frameworks/Python.framework/Versions/3.11/lib/python3.11/site-packages/airflow/example_dags/example_branch_datetime_operator.py
[2023-10-21T14:28:51.168+0200] {logging_mixin.py:151} INFO - [2023-10-21T14:28:51.168+0200] {dag.py:2941} INFO - Sync 3 DAGs
[2023-10-21T14:28:51.173+0200] {logging_mixin.py:151} INFO - [2023-10-21T14:28:51.173+0200] {dag.py:3722} INFO - Setting next_dagrun for example_branch_datetime_operator to 2023-10-20T00:00:00+00:00, run_after=2023-10-21T00:00:00+00:00
[2023-10-21T14:28:51.174+0200] {logging_mixin.py:151} INFO - [2023-10-21T14:28:51.174+0200] {dag.py:3722} INFO - Setting next_dagrun for example_branch_datetime_operator_2 to 2023-10-20T00:00:00+00:00, run_after=2023-10-21T00:00:00+00:00
[2023-10-21T14:28:51.175+0200] {logging_mixin.py:151} INFO - [2023-10-21T14:28:51.175+0200] {dag.py:3722} INFO - Setting next_dagrun for example_branch_datetime_operator_3 to 2023-10-20T00:00:00+00:00, run_after=2023-10-21T00:00:00+00:00
[2023-10-21T14:28:51.182+0200] {processor.py:179} INFO - Processing /Library/Frameworks/Python.framework/Versions/3.11/lib/python3.11/site-packages/airflow/example_dags/example_branch_datetime_operator.py took 0.322 seconds
[2023-10-21T14:30:08.207+0200] {processor.py:157} INFO - Started process (PID=65328) to work on /Library/Frameworks/Python.framework/Versions/3.11/lib/python3.11/site-packages/airflow/example_dags/example_branch_datetime_operator.py
[2023-10-21T14:30:08.209+0200] {processor.py:829} INFO - Processing file /Library/Frameworks/Python.framework/Versions/3.11/lib/python3.11/site-packages/airflow/example_dags/example_branch_datetime_operator.py for tasks to queue
[2023-10-21T14:30:08.209+0200] {logging_mixin.py:151} INFO - [2023-10-21T14:30:08.209+0200] {dagbag.py:536} INFO - Filling up the DagBag from /Library/Frameworks/Python.framework/Versions/3.11/lib/python3.11/site-packages/airflow/example_dags/example_branch_datetime_operator.py
[2023-10-21T14:30:08.219+0200] {processor.py:839} INFO - DAG(s) dict_keys(['example_branch_datetime_operator_3', 'example_branch_datetime_operator_2', 'example_branch_datetime_operator']) retrieved from /Library/Frameworks/Python.framework/Versions/3.11/lib/python3.11/site-packages/airflow/example_dags/example_branch_datetime_operator.py
[2023-10-21T14:30:08.293+0200] {logging_mixin.py:151} INFO - [2023-10-21T14:30:08.293+0200] {dag.py:2941} INFO - Sync 3 DAGs
[2023-10-21T14:30:08.299+0200] {logging_mixin.py:151} INFO - [2023-10-21T14:30:08.299+0200] {dag.py:3722} INFO - Setting next_dagrun for example_branch_datetime_operator to 2023-10-20T00:00:00+00:00, run_after=2023-10-21T00:00:00+00:00
[2023-10-21T14:30:08.300+0200] {logging_mixin.py:151} INFO - [2023-10-21T14:30:08.300+0200] {dag.py:3722} INFO - Setting next_dagrun for example_branch_datetime_operator_2 to 2023-10-20T00:00:00+00:00, run_after=2023-10-21T00:00:00+00:00
[2023-10-21T14:30:08.301+0200] {logging_mixin.py:151} INFO - [2023-10-21T14:30:08.301+0200] {dag.py:3722} INFO - Setting next_dagrun for example_branch_datetime_operator_3 to 2023-10-20T00:00:00+00:00, run_after=2023-10-21T00:00:00+00:00
[2023-10-21T14:30:08.307+0200] {processor.py:179} INFO - Processing /Library/Frameworks/Python.framework/Versions/3.11/lib/python3.11/site-packages/airflow/example_dags/example_branch_datetime_operator.py took 0.100 seconds
[2023-10-21T14:31:19.474+0200] {processor.py:157} INFO - Started process (PID=65470) to work on /Library/Frameworks/Python.framework/Versions/3.11/lib/python3.11/site-packages/airflow/example_dags/example_branch_datetime_operator.py
[2023-10-21T14:31:19.477+0200] {processor.py:829} INFO - Processing file /Library/Frameworks/Python.framework/Versions/3.11/lib/python3.11/site-packages/airflow/example_dags/example_branch_datetime_operator.py for tasks to queue
[2023-10-21T14:31:19.477+0200] {logging_mixin.py:151} INFO - [2023-10-21T14:31:19.477+0200] {dagbag.py:536} INFO - Filling up the DagBag from /Library/Frameworks/Python.framework/Versions/3.11/lib/python3.11/site-packages/airflow/example_dags/example_branch_datetime_operator.py
[2023-10-21T14:31:19.488+0200] {processor.py:839} INFO - DAG(s) dict_keys(['example_branch_datetime_operator', 'example_branch_datetime_operator_2', 'example_branch_datetime_operator_3']) retrieved from /Library/Frameworks/Python.framework/Versions/3.11/lib/python3.11/site-packages/airflow/example_dags/example_branch_datetime_operator.py
[2023-10-21T14:31:19.567+0200] {logging_mixin.py:151} INFO - [2023-10-21T14:31:19.567+0200] {dag.py:2941} INFO - Sync 3 DAGs
[2023-10-21T14:31:19.574+0200] {logging_mixin.py:151} INFO - [2023-10-21T14:31:19.574+0200] {dag.py:3722} INFO - Setting next_dagrun for example_branch_datetime_operator to 2023-10-20T00:00:00+00:00, run_after=2023-10-21T00:00:00+00:00
[2023-10-21T14:31:19.575+0200] {logging_mixin.py:151} INFO - [2023-10-21T14:31:19.575+0200] {dag.py:3722} INFO - Setting next_dagrun for example_branch_datetime_operator_2 to 2023-10-20T00:00:00+00:00, run_after=2023-10-21T00:00:00+00:00
[2023-10-21T14:31:19.576+0200] {logging_mixin.py:151} INFO - [2023-10-21T14:31:19.576+0200] {dag.py:3722} INFO - Setting next_dagrun for example_branch_datetime_operator_3 to 2023-10-20T00:00:00+00:00, run_after=2023-10-21T00:00:00+00:00
[2023-10-21T14:31:19.581+0200] {processor.py:179} INFO - Processing /Library/Frameworks/Python.framework/Versions/3.11/lib/python3.11/site-packages/airflow/example_dags/example_branch_datetime_operator.py took 0.108 seconds
[2023-10-21T14:32:31.612+0200] {processor.py:157} INFO - Started process (PID=65617) to work on /Library/Frameworks/Python.framework/Versions/3.11/lib/python3.11/site-packages/airflow/example_dags/example_branch_datetime_operator.py
[2023-10-21T14:32:31.614+0200] {processor.py:829} INFO - Processing file /Library/Frameworks/Python.framework/Versions/3.11/lib/python3.11/site-packages/airflow/example_dags/example_branch_datetime_operator.py for tasks to queue
[2023-10-21T14:32:31.615+0200] {logging_mixin.py:151} INFO - [2023-10-21T14:32:31.614+0200] {dagbag.py:536} INFO - Filling up the DagBag from /Library/Frameworks/Python.framework/Versions/3.11/lib/python3.11/site-packages/airflow/example_dags/example_branch_datetime_operator.py
[2023-10-21T14:32:31.625+0200] {processor.py:839} INFO - DAG(s) dict_keys(['example_branch_datetime_operator', 'example_branch_datetime_operator_3', 'example_branch_datetime_operator_2']) retrieved from /Library/Frameworks/Python.framework/Versions/3.11/lib/python3.11/site-packages/airflow/example_dags/example_branch_datetime_operator.py
[2023-10-21T14:32:31.698+0200] {logging_mixin.py:151} INFO - [2023-10-21T14:32:31.698+0200] {dag.py:2941} INFO - Sync 3 DAGs
[2023-10-21T14:32:31.705+0200] {logging_mixin.py:151} INFO - [2023-10-21T14:32:31.705+0200] {dag.py:3722} INFO - Setting next_dagrun for example_branch_datetime_operator to 2023-10-20T00:00:00+00:00, run_after=2023-10-21T00:00:00+00:00
[2023-10-21T14:32:31.706+0200] {logging_mixin.py:151} INFO - [2023-10-21T14:32:31.706+0200] {dag.py:3722} INFO - Setting next_dagrun for example_branch_datetime_operator_2 to 2023-10-20T00:00:00+00:00, run_after=2023-10-21T00:00:00+00:00
[2023-10-21T14:32:31.707+0200] {logging_mixin.py:151} INFO - [2023-10-21T14:32:31.707+0200] {dag.py:3722} INFO - Setting next_dagrun for example_branch_datetime_operator_3 to 2023-10-20T00:00:00+00:00, run_after=2023-10-21T00:00:00+00:00
[2023-10-21T14:32:31.712+0200] {processor.py:179} INFO - Processing /Library/Frameworks/Python.framework/Versions/3.11/lib/python3.11/site-packages/airflow/example_dags/example_branch_datetime_operator.py took 0.101 seconds
[2023-10-21T14:33:42.026+0200] {processor.py:157} INFO - Started process (PID=65797) to work on /Library/Frameworks/Python.framework/Versions/3.11/lib/python3.11/site-packages/airflow/example_dags/example_branch_datetime_operator.py
[2023-10-21T14:33:42.028+0200] {processor.py:829} INFO - Processing file /Library/Frameworks/Python.framework/Versions/3.11/lib/python3.11/site-packages/airflow/example_dags/example_branch_datetime_operator.py for tasks to queue
[2023-10-21T14:33:42.029+0200] {logging_mixin.py:151} INFO - [2023-10-21T14:33:42.028+0200] {dagbag.py:536} INFO - Filling up the DagBag from /Library/Frameworks/Python.framework/Versions/3.11/lib/python3.11/site-packages/airflow/example_dags/example_branch_datetime_operator.py
[2023-10-21T14:33:42.041+0200] {processor.py:839} INFO - DAG(s) dict_keys(['example_branch_datetime_operator_3', 'example_branch_datetime_operator_2', 'example_branch_datetime_operator']) retrieved from /Library/Frameworks/Python.framework/Versions/3.11/lib/python3.11/site-packages/airflow/example_dags/example_branch_datetime_operator.py
[2023-10-21T14:33:42.130+0200] {logging_mixin.py:151} INFO - [2023-10-21T14:33:42.130+0200] {dag.py:2941} INFO - Sync 3 DAGs
[2023-10-21T14:33:42.138+0200] {logging_mixin.py:151} INFO - [2023-10-21T14:33:42.138+0200] {dag.py:3722} INFO - Setting next_dagrun for example_branch_datetime_operator to 2023-10-20T00:00:00+00:00, run_after=2023-10-21T00:00:00+00:00
[2023-10-21T14:33:42.140+0200] {logging_mixin.py:151} INFO - [2023-10-21T14:33:42.140+0200] {dag.py:3722} INFO - Setting next_dagrun for example_branch_datetime_operator_2 to 2023-10-20T00:00:00+00:00, run_after=2023-10-21T00:00:00+00:00
[2023-10-21T14:33:42.141+0200] {logging_mixin.py:151} INFO - [2023-10-21T14:33:42.141+0200] {dag.py:3722} INFO - Setting next_dagrun for example_branch_datetime_operator_3 to 2023-10-20T00:00:00+00:00, run_after=2023-10-21T00:00:00+00:00
[2023-10-21T14:33:42.148+0200] {processor.py:179} INFO - Processing /Library/Frameworks/Python.framework/Versions/3.11/lib/python3.11/site-packages/airflow/example_dags/example_branch_datetime_operator.py took 0.122 seconds
[2023-10-21T14:34:52.582+0200] {processor.py:157} INFO - Started process (PID=65986) to work on /Library/Frameworks/Python.framework/Versions/3.11/lib/python3.11/site-packages/airflow/example_dags/example_branch_datetime_operator.py
[2023-10-21T14:34:52.583+0200] {processor.py:829} INFO - Processing file /Library/Frameworks/Python.framework/Versions/3.11/lib/python3.11/site-packages/airflow/example_dags/example_branch_datetime_operator.py for tasks to queue
[2023-10-21T14:34:52.583+0200] {logging_mixin.py:151} INFO - [2023-10-21T14:34:52.583+0200] {dagbag.py:536} INFO - Filling up the DagBag from /Library/Frameworks/Python.framework/Versions/3.11/lib/python3.11/site-packages/airflow/example_dags/example_branch_datetime_operator.py
[2023-10-21T14:34:52.595+0200] {processor.py:839} INFO - DAG(s) dict_keys(['example_branch_datetime_operator', 'example_branch_datetime_operator_2', 'example_branch_datetime_operator_3']) retrieved from /Library/Frameworks/Python.framework/Versions/3.11/lib/python3.11/site-packages/airflow/example_dags/example_branch_datetime_operator.py
[2023-10-21T14:34:52.667+0200] {logging_mixin.py:151} INFO - [2023-10-21T14:34:52.667+0200] {dag.py:2941} INFO - Sync 3 DAGs
[2023-10-21T14:34:52.674+0200] {logging_mixin.py:151} INFO - [2023-10-21T14:34:52.674+0200] {dag.py:3722} INFO - Setting next_dagrun for example_branch_datetime_operator to 2023-10-20T00:00:00+00:00, run_after=2023-10-21T00:00:00+00:00
[2023-10-21T14:34:52.675+0200] {logging_mixin.py:151} INFO - [2023-10-21T14:34:52.675+0200] {dag.py:3722} INFO - Setting next_dagrun for example_branch_datetime_operator_2 to 2023-10-20T00:00:00+00:00, run_after=2023-10-21T00:00:00+00:00
[2023-10-21T14:34:52.676+0200] {logging_mixin.py:151} INFO - [2023-10-21T14:34:52.676+0200] {dag.py:3722} INFO - Setting next_dagrun for example_branch_datetime_operator_3 to 2023-10-20T00:00:00+00:00, run_after=2023-10-21T00:00:00+00:00
[2023-10-21T14:34:52.681+0200] {processor.py:179} INFO - Processing /Library/Frameworks/Python.framework/Versions/3.11/lib/python3.11/site-packages/airflow/example_dags/example_branch_datetime_operator.py took 0.100 seconds
[2023-10-21T14:36:04.472+0200] {processor.py:157} INFO - Started process (PID=66159) to work on /Library/Frameworks/Python.framework/Versions/3.11/lib/python3.11/site-packages/airflow/example_dags/example_branch_datetime_operator.py
[2023-10-21T14:36:04.474+0200] {processor.py:829} INFO - Processing file /Library/Frameworks/Python.framework/Versions/3.11/lib/python3.11/site-packages/airflow/example_dags/example_branch_datetime_operator.py for tasks to queue
[2023-10-21T14:36:04.474+0200] {logging_mixin.py:151} INFO - [2023-10-21T14:36:04.474+0200] {dagbag.py:536} INFO - Filling up the DagBag from /Library/Frameworks/Python.framework/Versions/3.11/lib/python3.11/site-packages/airflow/example_dags/example_branch_datetime_operator.py
[2023-10-21T14:36:04.484+0200] {processor.py:839} INFO - DAG(s) dict_keys(['example_branch_datetime_operator', 'example_branch_datetime_operator_2', 'example_branch_datetime_operator_3']) retrieved from /Library/Frameworks/Python.framework/Versions/3.11/lib/python3.11/site-packages/airflow/example_dags/example_branch_datetime_operator.py
[2023-10-21T14:36:04.557+0200] {logging_mixin.py:151} INFO - [2023-10-21T14:36:04.556+0200] {dag.py:2941} INFO - Sync 3 DAGs
[2023-10-21T14:36:04.563+0200] {logging_mixin.py:151} INFO - [2023-10-21T14:36:04.563+0200] {dag.py:3722} INFO - Setting next_dagrun for example_branch_datetime_operator to 2023-10-20T00:00:00+00:00, run_after=2023-10-21T00:00:00+00:00
[2023-10-21T14:36:04.564+0200] {logging_mixin.py:151} INFO - [2023-10-21T14:36:04.564+0200] {dag.py:3722} INFO - Setting next_dagrun for example_branch_datetime_operator_2 to 2023-10-20T00:00:00+00:00, run_after=2023-10-21T00:00:00+00:00
[2023-10-21T14:36:04.565+0200] {logging_mixin.py:151} INFO - [2023-10-21T14:36:04.565+0200] {dag.py:3722} INFO - Setting next_dagrun for example_branch_datetime_operator_3 to 2023-10-20T00:00:00+00:00, run_after=2023-10-21T00:00:00+00:00
[2023-10-21T14:36:04.570+0200] {processor.py:179} INFO - Processing /Library/Frameworks/Python.framework/Versions/3.11/lib/python3.11/site-packages/airflow/example_dags/example_branch_datetime_operator.py took 0.099 seconds
[2023-10-21T14:46:07.898+0200] {processor.py:157} INFO - Started process (PID=67032) to work on /Library/Frameworks/Python.framework/Versions/3.11/lib/python3.11/site-packages/airflow/example_dags/example_branch_datetime_operator.py
[2023-10-21T14:46:07.900+0200] {processor.py:829} INFO - Processing file /Library/Frameworks/Python.framework/Versions/3.11/lib/python3.11/site-packages/airflow/example_dags/example_branch_datetime_operator.py for tasks to queue
[2023-10-21T14:46:07.900+0200] {logging_mixin.py:151} INFO - [2023-10-21T14:46:07.900+0200] {dagbag.py:536} INFO - Filling up the DagBag from /Library/Frameworks/Python.framework/Versions/3.11/lib/python3.11/site-packages/airflow/example_dags/example_branch_datetime_operator.py
[2023-10-21T14:46:07.910+0200] {processor.py:839} INFO - DAG(s) dict_keys(['example_branch_datetime_operator_3', 'example_branch_datetime_operator_2', 'example_branch_datetime_operator']) retrieved from /Library/Frameworks/Python.framework/Versions/3.11/lib/python3.11/site-packages/airflow/example_dags/example_branch_datetime_operator.py
[2023-10-21T14:46:07.983+0200] {logging_mixin.py:151} INFO - [2023-10-21T14:46:07.983+0200] {dag.py:2941} INFO - Sync 3 DAGs
[2023-10-21T14:46:07.989+0200] {logging_mixin.py:151} INFO - [2023-10-21T14:46:07.989+0200] {dag.py:3722} INFO - Setting next_dagrun for example_branch_datetime_operator to 2023-10-20T00:00:00+00:00, run_after=2023-10-21T00:00:00+00:00
[2023-10-21T14:46:07.990+0200] {logging_mixin.py:151} INFO - [2023-10-21T14:46:07.990+0200] {dag.py:3722} INFO - Setting next_dagrun for example_branch_datetime_operator_2 to 2023-10-20T00:00:00+00:00, run_after=2023-10-21T00:00:00+00:00
[2023-10-21T14:46:07.991+0200] {logging_mixin.py:151} INFO - [2023-10-21T14:46:07.991+0200] {dag.py:3722} INFO - Setting next_dagrun for example_branch_datetime_operator_3 to 2023-10-20T00:00:00+00:00, run_after=2023-10-21T00:00:00+00:00
[2023-10-21T14:46:07.997+0200] {processor.py:179} INFO - Processing /Library/Frameworks/Python.framework/Versions/3.11/lib/python3.11/site-packages/airflow/example_dags/example_branch_datetime_operator.py took 0.099 seconds
[2023-10-21T14:52:04.967+0200] {processor.py:157} INFO - Started process (PID=67812) to work on /Library/Frameworks/Python.framework/Versions/3.11/lib/python3.11/site-packages/airflow/example_dags/example_branch_datetime_operator.py
[2023-10-21T14:52:04.969+0200] {processor.py:829} INFO - Processing file /Library/Frameworks/Python.framework/Versions/3.11/lib/python3.11/site-packages/airflow/example_dags/example_branch_datetime_operator.py for tasks to queue
[2023-10-21T14:52:04.970+0200] {logging_mixin.py:151} INFO - [2023-10-21T14:52:04.970+0200] {dagbag.py:536} INFO - Filling up the DagBag from /Library/Frameworks/Python.framework/Versions/3.11/lib/python3.11/site-packages/airflow/example_dags/example_branch_datetime_operator.py
[2023-10-21T14:52:04.980+0200] {processor.py:839} INFO - DAG(s) dict_keys(['example_branch_datetime_operator_2', 'example_branch_datetime_operator', 'example_branch_datetime_operator_3']) retrieved from /Library/Frameworks/Python.framework/Versions/3.11/lib/python3.11/site-packages/airflow/example_dags/example_branch_datetime_operator.py
[2023-10-21T14:52:05.053+0200] {logging_mixin.py:151} INFO - [2023-10-21T14:52:05.053+0200] {dag.py:2941} INFO - Sync 3 DAGs
[2023-10-21T14:52:05.059+0200] {logging_mixin.py:151} INFO - [2023-10-21T14:52:05.059+0200] {dag.py:3722} INFO - Setting next_dagrun for example_branch_datetime_operator to 2023-10-20T00:00:00+00:00, run_after=2023-10-21T00:00:00+00:00
[2023-10-21T14:52:05.061+0200] {logging_mixin.py:151} INFO - [2023-10-21T14:52:05.060+0200] {dag.py:3722} INFO - Setting next_dagrun for example_branch_datetime_operator_2 to 2023-10-20T00:00:00+00:00, run_after=2023-10-21T00:00:00+00:00
[2023-10-21T14:52:05.061+0200] {logging_mixin.py:151} INFO - [2023-10-21T14:52:05.061+0200] {dag.py:3722} INFO - Setting next_dagrun for example_branch_datetime_operator_3 to 2023-10-20T00:00:00+00:00, run_after=2023-10-21T00:00:00+00:00
[2023-10-21T14:52:05.067+0200] {processor.py:179} INFO - Processing /Library/Frameworks/Python.framework/Versions/3.11/lib/python3.11/site-packages/airflow/example_dags/example_branch_datetime_operator.py took 0.100 seconds
[2023-10-21T14:53:16.420+0200] {processor.py:157} INFO - Started process (PID=67952) to work on /Library/Frameworks/Python.framework/Versions/3.11/lib/python3.11/site-packages/airflow/example_dags/example_branch_datetime_operator.py
[2023-10-21T14:53:16.421+0200] {processor.py:829} INFO - Processing file /Library/Frameworks/Python.framework/Versions/3.11/lib/python3.11/site-packages/airflow/example_dags/example_branch_datetime_operator.py for tasks to queue
[2023-10-21T14:53:16.422+0200] {logging_mixin.py:151} INFO - [2023-10-21T14:53:16.421+0200] {dagbag.py:536} INFO - Filling up the DagBag from /Library/Frameworks/Python.framework/Versions/3.11/lib/python3.11/site-packages/airflow/example_dags/example_branch_datetime_operator.py
[2023-10-21T14:53:16.431+0200] {processor.py:839} INFO - DAG(s) dict_keys(['example_branch_datetime_operator_3', 'example_branch_datetime_operator', 'example_branch_datetime_operator_2']) retrieved from /Library/Frameworks/Python.framework/Versions/3.11/lib/python3.11/site-packages/airflow/example_dags/example_branch_datetime_operator.py
[2023-10-21T14:53:16.507+0200] {logging_mixin.py:151} INFO - [2023-10-21T14:53:16.507+0200] {dag.py:2941} INFO - Sync 3 DAGs
[2023-10-21T14:53:16.513+0200] {logging_mixin.py:151} INFO - [2023-10-21T14:53:16.513+0200] {dag.py:3722} INFO - Setting next_dagrun for example_branch_datetime_operator to 2023-10-20T00:00:00+00:00, run_after=2023-10-21T00:00:00+00:00
[2023-10-21T14:53:16.514+0200] {logging_mixin.py:151} INFO - [2023-10-21T14:53:16.514+0200] {dag.py:3722} INFO - Setting next_dagrun for example_branch_datetime_operator_2 to 2023-10-20T00:00:00+00:00, run_after=2023-10-21T00:00:00+00:00
[2023-10-21T14:53:16.515+0200] {logging_mixin.py:151} INFO - [2023-10-21T14:53:16.515+0200] {dag.py:3722} INFO - Setting next_dagrun for example_branch_datetime_operator_3 to 2023-10-20T00:00:00+00:00, run_after=2023-10-21T00:00:00+00:00
[2023-10-21T14:53:16.520+0200] {processor.py:179} INFO - Processing /Library/Frameworks/Python.framework/Versions/3.11/lib/python3.11/site-packages/airflow/example_dags/example_branch_datetime_operator.py took 0.101 seconds
[2023-10-21T14:54:28.582+0200] {processor.py:157} INFO - Started process (PID=68096) to work on /Library/Frameworks/Python.framework/Versions/3.11/lib/python3.11/site-packages/airflow/example_dags/example_branch_datetime_operator.py
[2023-10-21T14:54:28.585+0200] {processor.py:829} INFO - Processing file /Library/Frameworks/Python.framework/Versions/3.11/lib/python3.11/site-packages/airflow/example_dags/example_branch_datetime_operator.py for tasks to queue
[2023-10-21T14:54:28.585+0200] {logging_mixin.py:151} INFO - [2023-10-21T14:54:28.585+0200] {dagbag.py:536} INFO - Filling up the DagBag from /Library/Frameworks/Python.framework/Versions/3.11/lib/python3.11/site-packages/airflow/example_dags/example_branch_datetime_operator.py
[2023-10-21T14:54:28.595+0200] {processor.py:839} INFO - DAG(s) dict_keys(['example_branch_datetime_operator_3', 'example_branch_datetime_operator', 'example_branch_datetime_operator_2']) retrieved from /Library/Frameworks/Python.framework/Versions/3.11/lib/python3.11/site-packages/airflow/example_dags/example_branch_datetime_operator.py
[2023-10-21T14:54:28.670+0200] {logging_mixin.py:151} INFO - [2023-10-21T14:54:28.670+0200] {dag.py:2941} INFO - Sync 3 DAGs
[2023-10-21T14:54:28.676+0200] {logging_mixin.py:151} INFO - [2023-10-21T14:54:28.676+0200] {dag.py:3722} INFO - Setting next_dagrun for example_branch_datetime_operator to 2023-10-20T00:00:00+00:00, run_after=2023-10-21T00:00:00+00:00
[2023-10-21T14:54:28.678+0200] {logging_mixin.py:151} INFO - [2023-10-21T14:54:28.678+0200] {dag.py:3722} INFO - Setting next_dagrun for example_branch_datetime_operator_2 to 2023-10-20T00:00:00+00:00, run_after=2023-10-21T00:00:00+00:00
[2023-10-21T14:54:28.678+0200] {logging_mixin.py:151} INFO - [2023-10-21T14:54:28.678+0200] {dag.py:3722} INFO - Setting next_dagrun for example_branch_datetime_operator_3 to 2023-10-20T00:00:00+00:00, run_after=2023-10-21T00:00:00+00:00
[2023-10-21T14:54:28.684+0200] {processor.py:179} INFO - Processing /Library/Frameworks/Python.framework/Versions/3.11/lib/python3.11/site-packages/airflow/example_dags/example_branch_datetime_operator.py took 0.102 seconds
[2023-10-21T14:55:37.607+0200] {processor.py:157} INFO - Started process (PID=68240) to work on /Library/Frameworks/Python.framework/Versions/3.11/lib/python3.11/site-packages/airflow/example_dags/example_branch_datetime_operator.py
[2023-10-21T14:55:37.610+0200] {processor.py:829} INFO - Processing file /Library/Frameworks/Python.framework/Versions/3.11/lib/python3.11/site-packages/airflow/example_dags/example_branch_datetime_operator.py for tasks to queue
[2023-10-21T14:55:37.610+0200] {logging_mixin.py:151} INFO - [2023-10-21T14:55:37.610+0200] {dagbag.py:536} INFO - Filling up the DagBag from /Library/Frameworks/Python.framework/Versions/3.11/lib/python3.11/site-packages/airflow/example_dags/example_branch_datetime_operator.py
[2023-10-21T14:55:37.620+0200] {processor.py:839} INFO - DAG(s) dict_keys(['example_branch_datetime_operator_2', 'example_branch_datetime_operator_3', 'example_branch_datetime_operator']) retrieved from /Library/Frameworks/Python.framework/Versions/3.11/lib/python3.11/site-packages/airflow/example_dags/example_branch_datetime_operator.py
[2023-10-21T14:55:37.696+0200] {logging_mixin.py:151} INFO - [2023-10-21T14:55:37.696+0200] {dag.py:2941} INFO - Sync 3 DAGs
[2023-10-21T14:55:37.702+0200] {logging_mixin.py:151} INFO - [2023-10-21T14:55:37.702+0200] {dag.py:3722} INFO - Setting next_dagrun for example_branch_datetime_operator to 2023-10-20T00:00:00+00:00, run_after=2023-10-21T00:00:00+00:00
[2023-10-21T14:55:37.704+0200] {logging_mixin.py:151} INFO - [2023-10-21T14:55:37.704+0200] {dag.py:3722} INFO - Setting next_dagrun for example_branch_datetime_operator_2 to 2023-10-20T00:00:00+00:00, run_after=2023-10-21T00:00:00+00:00
[2023-10-21T14:55:37.704+0200] {logging_mixin.py:151} INFO - [2023-10-21T14:55:37.704+0200] {dag.py:3722} INFO - Setting next_dagrun for example_branch_datetime_operator_3 to 2023-10-20T00:00:00+00:00, run_after=2023-10-21T00:00:00+00:00
[2023-10-21T14:55:37.710+0200] {processor.py:179} INFO - Processing /Library/Frameworks/Python.framework/Versions/3.11/lib/python3.11/site-packages/airflow/example_dags/example_branch_datetime_operator.py took 0.104 seconds
