[2023-10-21T14:28:47.075+0200] {processor.py:157} INFO - Started process (PID=65139) to work on /Library/Frameworks/Python.framework/Versions/3.11/lib/python3.11/site-packages/airflow/example_dags/example_branch_labels.py
[2023-10-21T14:28:47.076+0200] {processor.py:829} INFO - Processing file /Library/Frameworks/Python.framework/Versions/3.11/lib/python3.11/site-packages/airflow/example_dags/example_branch_labels.py for tasks to queue
[2023-10-21T14:28:47.077+0200] {logging_mixin.py:151} INFO - [2023-10-21T14:28:47.077+0200] {dagbag.py:536} INFO - Filling up the DagBag from /Library/Frameworks/Python.framework/Versions/3.11/lib/python3.11/site-packages/airflow/example_dags/example_branch_labels.py
[2023-10-21T14:28:47.086+0200] {processor.py:839} INFO - DAG(s) dict_keys(['example_branch_labels']) retrieved from /Library/Frameworks/Python.framework/Versions/3.11/lib/python3.11/site-packages/airflow/example_dags/example_branch_labels.py
[2023-10-21T14:28:47.376+0200] {logging_mixin.py:151} INFO - [2023-10-21T14:28:47.376+0200] {dag.py:2941} INFO - Sync 1 DAGs
[2023-10-21T14:28:47.382+0200] {logging_mixin.py:151} INFO - [2023-10-21T14:28:47.382+0200] {dag.py:3722} INFO - Setting next_dagrun for example_branch_labels to 2023-10-20T00:00:00+00:00, run_after=2023-10-21T00:00:00+00:00
[2023-10-21T14:28:47.389+0200] {processor.py:179} INFO - Processing /Library/Frameworks/Python.framework/Versions/3.11/lib/python3.11/site-packages/airflow/example_dags/example_branch_labels.py took 0.315 seconds
[2023-10-21T14:30:05.478+0200] {processor.py:157} INFO - Started process (PID=65321) to work on /Library/Frameworks/Python.framework/Versions/3.11/lib/python3.11/site-packages/airflow/example_dags/example_branch_labels.py
[2023-10-21T14:30:05.481+0200] {processor.py:829} INFO - Processing file /Library/Frameworks/Python.framework/Versions/3.11/lib/python3.11/site-packages/airflow/example_dags/example_branch_labels.py for tasks to queue
[2023-10-21T14:30:05.481+0200] {logging_mixin.py:151} INFO - [2023-10-21T14:30:05.481+0200] {dagbag.py:536} INFO - Filling up the DagBag from /Library/Frameworks/Python.framework/Versions/3.11/lib/python3.11/site-packages/airflow/example_dags/example_branch_labels.py
[2023-10-21T14:30:05.490+0200] {processor.py:839} INFO - DAG(s) dict_keys(['example_branch_labels']) retrieved from /Library/Frameworks/Python.framework/Versions/3.11/lib/python3.11/site-packages/airflow/example_dags/example_branch_labels.py
[2023-10-21T14:30:05.562+0200] {logging_mixin.py:151} INFO - [2023-10-21T14:30:05.562+0200] {dag.py:2941} INFO - Sync 1 DAGs
[2023-10-21T14:30:05.568+0200] {logging_mixin.py:151} INFO - [2023-10-21T14:30:05.568+0200] {dag.py:3722} INFO - Setting next_dagrun for example_branch_labels to 2023-10-20T00:00:00+00:00, run_after=2023-10-21T00:00:00+00:00
[2023-10-21T14:30:05.574+0200] {processor.py:179} INFO - Processing /Library/Frameworks/Python.framework/Versions/3.11/lib/python3.11/site-packages/airflow/example_dags/example_branch_labels.py took 0.096 seconds
[2023-10-21T14:31:17.143+0200] {processor.py:157} INFO - Started process (PID=65463) to work on /Library/Frameworks/Python.framework/Versions/3.11/lib/python3.11/site-packages/airflow/example_dags/example_branch_labels.py
[2023-10-21T14:31:17.146+0200] {processor.py:829} INFO - Processing file /Library/Frameworks/Python.framework/Versions/3.11/lib/python3.11/site-packages/airflow/example_dags/example_branch_labels.py for tasks to queue
[2023-10-21T14:31:17.146+0200] {logging_mixin.py:151} INFO - [2023-10-21T14:31:17.146+0200] {dagbag.py:536} INFO - Filling up the DagBag from /Library/Frameworks/Python.framework/Versions/3.11/lib/python3.11/site-packages/airflow/example_dags/example_branch_labels.py
[2023-10-21T14:31:17.156+0200] {processor.py:839} INFO - DAG(s) dict_keys(['example_branch_labels']) retrieved from /Library/Frameworks/Python.framework/Versions/3.11/lib/python3.11/site-packages/airflow/example_dags/example_branch_labels.py
[2023-10-21T14:31:17.237+0200] {logging_mixin.py:151} INFO - [2023-10-21T14:31:17.237+0200] {dag.py:2941} INFO - Sync 1 DAGs
[2023-10-21T14:31:17.244+0200] {logging_mixin.py:151} INFO - [2023-10-21T14:31:17.244+0200] {dag.py:3722} INFO - Setting next_dagrun for example_branch_labels to 2023-10-20T00:00:00+00:00, run_after=2023-10-21T00:00:00+00:00
[2023-10-21T14:31:17.251+0200] {processor.py:179} INFO - Processing /Library/Frameworks/Python.framework/Versions/3.11/lib/python3.11/site-packages/airflow/example_dags/example_branch_labels.py took 0.108 seconds
[2023-10-21T14:32:29.261+0200] {processor.py:157} INFO - Started process (PID=65613) to work on /Library/Frameworks/Python.framework/Versions/3.11/lib/python3.11/site-packages/airflow/example_dags/example_branch_labels.py
[2023-10-21T14:32:29.264+0200] {processor.py:829} INFO - Processing file /Library/Frameworks/Python.framework/Versions/3.11/lib/python3.11/site-packages/airflow/example_dags/example_branch_labels.py for tasks to queue
[2023-10-21T14:32:29.264+0200] {logging_mixin.py:151} INFO - [2023-10-21T14:32:29.264+0200] {dagbag.py:536} INFO - Filling up the DagBag from /Library/Frameworks/Python.framework/Versions/3.11/lib/python3.11/site-packages/airflow/example_dags/example_branch_labels.py
[2023-10-21T14:32:29.273+0200] {processor.py:839} INFO - DAG(s) dict_keys(['example_branch_labels']) retrieved from /Library/Frameworks/Python.framework/Versions/3.11/lib/python3.11/site-packages/airflow/example_dags/example_branch_labels.py
[2023-10-21T14:32:29.346+0200] {logging_mixin.py:151} INFO - [2023-10-21T14:32:29.345+0200] {dag.py:2941} INFO - Sync 1 DAGs
[2023-10-21T14:32:29.352+0200] {logging_mixin.py:151} INFO - [2023-10-21T14:32:29.352+0200] {dag.py:3722} INFO - Setting next_dagrun for example_branch_labels to 2023-10-20T00:00:00+00:00, run_after=2023-10-21T00:00:00+00:00
[2023-10-21T14:32:29.358+0200] {processor.py:179} INFO - Processing /Library/Frameworks/Python.framework/Versions/3.11/lib/python3.11/site-packages/airflow/example_dags/example_branch_labels.py took 0.097 seconds
[2023-10-21T14:33:39.603+0200] {processor.py:157} INFO - Started process (PID=65775) to work on /Library/Frameworks/Python.framework/Versions/3.11/lib/python3.11/site-packages/airflow/example_dags/example_branch_labels.py
[2023-10-21T14:33:39.605+0200] {processor.py:829} INFO - Processing file /Library/Frameworks/Python.framework/Versions/3.11/lib/python3.11/site-packages/airflow/example_dags/example_branch_labels.py for tasks to queue
[2023-10-21T14:33:39.606+0200] {logging_mixin.py:151} INFO - [2023-10-21T14:33:39.605+0200] {dagbag.py:536} INFO - Filling up the DagBag from /Library/Frameworks/Python.framework/Versions/3.11/lib/python3.11/site-packages/airflow/example_dags/example_branch_labels.py
[2023-10-21T14:33:39.615+0200] {processor.py:839} INFO - DAG(s) dict_keys(['example_branch_labels']) retrieved from /Library/Frameworks/Python.framework/Versions/3.11/lib/python3.11/site-packages/airflow/example_dags/example_branch_labels.py
[2023-10-21T14:33:39.686+0200] {logging_mixin.py:151} INFO - [2023-10-21T14:33:39.686+0200] {dag.py:2941} INFO - Sync 1 DAGs
[2023-10-21T14:33:39.692+0200] {logging_mixin.py:151} INFO - [2023-10-21T14:33:39.692+0200] {dag.py:3722} INFO - Setting next_dagrun for example_branch_labels to 2023-10-20T00:00:00+00:00, run_after=2023-10-21T00:00:00+00:00
[2023-10-21T14:33:39.698+0200] {processor.py:179} INFO - Processing /Library/Frameworks/Python.framework/Versions/3.11/lib/python3.11/site-packages/airflow/example_dags/example_branch_labels.py took 0.096 seconds
[2023-10-21T14:34:49.421+0200] {processor.py:157} INFO - Started process (PID=65981) to work on /Library/Frameworks/Python.framework/Versions/3.11/lib/python3.11/site-packages/airflow/example_dags/example_branch_labels.py
[2023-10-21T14:34:49.423+0200] {processor.py:829} INFO - Processing file /Library/Frameworks/Python.framework/Versions/3.11/lib/python3.11/site-packages/airflow/example_dags/example_branch_labels.py for tasks to queue
[2023-10-21T14:34:49.424+0200] {logging_mixin.py:151} INFO - [2023-10-21T14:34:49.423+0200] {dagbag.py:536} INFO - Filling up the DagBag from /Library/Frameworks/Python.framework/Versions/3.11/lib/python3.11/site-packages/airflow/example_dags/example_branch_labels.py
[2023-10-21T14:34:49.433+0200] {processor.py:839} INFO - DAG(s) dict_keys(['example_branch_labels']) retrieved from /Library/Frameworks/Python.framework/Versions/3.11/lib/python3.11/site-packages/airflow/example_dags/example_branch_labels.py
[2023-10-21T14:34:49.507+0200] {logging_mixin.py:151} INFO - [2023-10-21T14:34:49.507+0200] {dag.py:2941} INFO - Sync 1 DAGs
[2023-10-21T14:34:49.513+0200] {logging_mixin.py:151} INFO - [2023-10-21T14:34:49.513+0200] {dag.py:3722} INFO - Setting next_dagrun for example_branch_labels to 2023-10-20T00:00:00+00:00, run_after=2023-10-21T00:00:00+00:00
[2023-10-21T14:34:49.520+0200] {processor.py:179} INFO - Processing /Library/Frameworks/Python.framework/Versions/3.11/lib/python3.11/site-packages/airflow/example_dags/example_branch_labels.py took 0.100 seconds
[2023-10-21T14:36:01.260+0200] {processor.py:157} INFO - Started process (PID=66154) to work on /Library/Frameworks/Python.framework/Versions/3.11/lib/python3.11/site-packages/airflow/example_dags/example_branch_labels.py
[2023-10-21T14:36:01.262+0200] {processor.py:829} INFO - Processing file /Library/Frameworks/Python.framework/Versions/3.11/lib/python3.11/site-packages/airflow/example_dags/example_branch_labels.py for tasks to queue
[2023-10-21T14:36:01.262+0200] {logging_mixin.py:151} INFO - [2023-10-21T14:36:01.262+0200] {dagbag.py:536} INFO - Filling up the DagBag from /Library/Frameworks/Python.framework/Versions/3.11/lib/python3.11/site-packages/airflow/example_dags/example_branch_labels.py
[2023-10-21T14:36:01.271+0200] {processor.py:839} INFO - DAG(s) dict_keys(['example_branch_labels']) retrieved from /Library/Frameworks/Python.framework/Versions/3.11/lib/python3.11/site-packages/airflow/example_dags/example_branch_labels.py
[2023-10-21T14:36:01.342+0200] {logging_mixin.py:151} INFO - [2023-10-21T14:36:01.342+0200] {dag.py:2941} INFO - Sync 1 DAGs
[2023-10-21T14:36:01.348+0200] {logging_mixin.py:151} INFO - [2023-10-21T14:36:01.348+0200] {dag.py:3722} INFO - Setting next_dagrun for example_branch_labels to 2023-10-20T00:00:00+00:00, run_after=2023-10-21T00:00:00+00:00
[2023-10-21T14:36:01.354+0200] {processor.py:179} INFO - Processing /Library/Frameworks/Python.framework/Versions/3.11/lib/python3.11/site-packages/airflow/example_dags/example_branch_labels.py took 0.094 seconds
[2023-10-21T14:46:06.511+0200] {processor.py:157} INFO - Started process (PID=67029) to work on /Library/Frameworks/Python.framework/Versions/3.11/lib/python3.11/site-packages/airflow/example_dags/example_branch_labels.py
[2023-10-21T14:46:06.513+0200] {processor.py:829} INFO - Processing file /Library/Frameworks/Python.framework/Versions/3.11/lib/python3.11/site-packages/airflow/example_dags/example_branch_labels.py for tasks to queue
[2023-10-21T14:46:06.513+0200] {logging_mixin.py:151} INFO - [2023-10-21T14:46:06.513+0200] {dagbag.py:536} INFO - Filling up the DagBag from /Library/Frameworks/Python.framework/Versions/3.11/lib/python3.11/site-packages/airflow/example_dags/example_branch_labels.py
[2023-10-21T14:46:06.522+0200] {processor.py:839} INFO - DAG(s) dict_keys(['example_branch_labels']) retrieved from /Library/Frameworks/Python.framework/Versions/3.11/lib/python3.11/site-packages/airflow/example_dags/example_branch_labels.py
[2023-10-21T14:46:06.594+0200] {logging_mixin.py:151} INFO - [2023-10-21T14:46:06.594+0200] {dag.py:2941} INFO - Sync 1 DAGs
[2023-10-21T14:46:06.600+0200] {logging_mixin.py:151} INFO - [2023-10-21T14:46:06.600+0200] {dag.py:3722} INFO - Setting next_dagrun for example_branch_labels to 2023-10-20T00:00:00+00:00, run_after=2023-10-21T00:00:00+00:00
[2023-10-21T14:46:06.606+0200] {processor.py:179} INFO - Processing /Library/Frameworks/Python.framework/Versions/3.11/lib/python3.11/site-packages/airflow/example_dags/example_branch_labels.py took 0.095 seconds
[2023-10-21T14:52:02.986+0200] {processor.py:157} INFO - Started process (PID=67809) to work on /Library/Frameworks/Python.framework/Versions/3.11/lib/python3.11/site-packages/airflow/example_dags/example_branch_labels.py
[2023-10-21T14:52:02.989+0200] {processor.py:829} INFO - Processing file /Library/Frameworks/Python.framework/Versions/3.11/lib/python3.11/site-packages/airflow/example_dags/example_branch_labels.py for tasks to queue
[2023-10-21T14:52:02.989+0200] {logging_mixin.py:151} INFO - [2023-10-21T14:52:02.989+0200] {dagbag.py:536} INFO - Filling up the DagBag from /Library/Frameworks/Python.framework/Versions/3.11/lib/python3.11/site-packages/airflow/example_dags/example_branch_labels.py
[2023-10-21T14:52:02.998+0200] {processor.py:839} INFO - DAG(s) dict_keys(['example_branch_labels']) retrieved from /Library/Frameworks/Python.framework/Versions/3.11/lib/python3.11/site-packages/airflow/example_dags/example_branch_labels.py
[2023-10-21T14:52:03.070+0200] {logging_mixin.py:151} INFO - [2023-10-21T14:52:03.070+0200] {dag.py:2941} INFO - Sync 1 DAGs
[2023-10-21T14:52:03.076+0200] {logging_mixin.py:151} INFO - [2023-10-21T14:52:03.076+0200] {dag.py:3722} INFO - Setting next_dagrun for example_branch_labels to 2023-10-20T00:00:00+00:00, run_after=2023-10-21T00:00:00+00:00
[2023-10-21T14:52:03.082+0200] {processor.py:179} INFO - Processing /Library/Frameworks/Python.framework/Versions/3.11/lib/python3.11/site-packages/airflow/example_dags/example_branch_labels.py took 0.096 seconds
[2023-10-21T14:53:13.158+0200] {processor.py:157} INFO - Started process (PID=67947) to work on /Library/Frameworks/Python.framework/Versions/3.11/lib/python3.11/site-packages/airflow/example_dags/example_branch_labels.py
[2023-10-21T14:53:13.160+0200] {processor.py:829} INFO - Processing file /Library/Frameworks/Python.framework/Versions/3.11/lib/python3.11/site-packages/airflow/example_dags/example_branch_labels.py for tasks to queue
[2023-10-21T14:53:13.160+0200] {logging_mixin.py:151} INFO - [2023-10-21T14:53:13.160+0200] {dagbag.py:536} INFO - Filling up the DagBag from /Library/Frameworks/Python.framework/Versions/3.11/lib/python3.11/site-packages/airflow/example_dags/example_branch_labels.py
[2023-10-21T14:53:13.169+0200] {processor.py:839} INFO - DAG(s) dict_keys(['example_branch_labels']) retrieved from /Library/Frameworks/Python.framework/Versions/3.11/lib/python3.11/site-packages/airflow/example_dags/example_branch_labels.py
[2023-10-21T14:53:13.241+0200] {logging_mixin.py:151} INFO - [2023-10-21T14:53:13.240+0200] {dag.py:2941} INFO - Sync 1 DAGs
[2023-10-21T14:53:13.247+0200] {logging_mixin.py:151} INFO - [2023-10-21T14:53:13.247+0200] {dag.py:3722} INFO - Setting next_dagrun for example_branch_labels to 2023-10-20T00:00:00+00:00, run_after=2023-10-21T00:00:00+00:00
[2023-10-21T14:53:13.253+0200] {processor.py:179} INFO - Processing /Library/Frameworks/Python.framework/Versions/3.11/lib/python3.11/site-packages/airflow/example_dags/example_branch_labels.py took 0.095 seconds
[2023-10-21T14:54:25.294+0200] {processor.py:157} INFO - Started process (PID=68091) to work on /Library/Frameworks/Python.framework/Versions/3.11/lib/python3.11/site-packages/airflow/example_dags/example_branch_labels.py
[2023-10-21T14:54:25.297+0200] {processor.py:829} INFO - Processing file /Library/Frameworks/Python.framework/Versions/3.11/lib/python3.11/site-packages/airflow/example_dags/example_branch_labels.py for tasks to queue
[2023-10-21T14:54:25.297+0200] {logging_mixin.py:151} INFO - [2023-10-21T14:54:25.297+0200] {dagbag.py:536} INFO - Filling up the DagBag from /Library/Frameworks/Python.framework/Versions/3.11/lib/python3.11/site-packages/airflow/example_dags/example_branch_labels.py
[2023-10-21T14:54:25.306+0200] {processor.py:839} INFO - DAG(s) dict_keys(['example_branch_labels']) retrieved from /Library/Frameworks/Python.framework/Versions/3.11/lib/python3.11/site-packages/airflow/example_dags/example_branch_labels.py
[2023-10-21T14:54:25.378+0200] {logging_mixin.py:151} INFO - [2023-10-21T14:54:25.378+0200] {dag.py:2941} INFO - Sync 1 DAGs
[2023-10-21T14:54:25.385+0200] {logging_mixin.py:151} INFO - [2023-10-21T14:54:25.385+0200] {dag.py:3722} INFO - Setting next_dagrun for example_branch_labels to 2023-10-20T00:00:00+00:00, run_after=2023-10-21T00:00:00+00:00
[2023-10-21T14:54:25.391+0200] {processor.py:179} INFO - Processing /Library/Frameworks/Python.framework/Versions/3.11/lib/python3.11/site-packages/airflow/example_dags/example_branch_labels.py took 0.097 seconds
[2023-10-21T14:55:34.403+0200] {processor.py:157} INFO - Started process (PID=68233) to work on /Library/Frameworks/Python.framework/Versions/3.11/lib/python3.11/site-packages/airflow/example_dags/example_branch_labels.py
[2023-10-21T14:55:34.405+0200] {processor.py:829} INFO - Processing file /Library/Frameworks/Python.framework/Versions/3.11/lib/python3.11/site-packages/airflow/example_dags/example_branch_labels.py for tasks to queue
[2023-10-21T14:55:34.406+0200] {logging_mixin.py:151} INFO - [2023-10-21T14:55:34.406+0200] {dagbag.py:536} INFO - Filling up the DagBag from /Library/Frameworks/Python.framework/Versions/3.11/lib/python3.11/site-packages/airflow/example_dags/example_branch_labels.py
[2023-10-21T14:55:34.415+0200] {processor.py:839} INFO - DAG(s) dict_keys(['example_branch_labels']) retrieved from /Library/Frameworks/Python.framework/Versions/3.11/lib/python3.11/site-packages/airflow/example_dags/example_branch_labels.py
[2023-10-21T14:55:34.487+0200] {logging_mixin.py:151} INFO - [2023-10-21T14:55:34.486+0200] {dag.py:2941} INFO - Sync 1 DAGs
[2023-10-21T14:55:34.493+0200] {logging_mixin.py:151} INFO - [2023-10-21T14:55:34.493+0200] {dag.py:3722} INFO - Setting next_dagrun for example_branch_labels to 2023-10-20T00:00:00+00:00, run_after=2023-10-21T00:00:00+00:00
[2023-10-21T14:55:34.498+0200] {processor.py:179} INFO - Processing /Library/Frameworks/Python.framework/Versions/3.11/lib/python3.11/site-packages/airflow/example_dags/example_branch_labels.py took 0.096 seconds
