[2023-10-21T14:28:35.307+0200] {processor.py:157} INFO - Started process (PID=65118) to work on /Library/Frameworks/Python.framework/Versions/3.11/lib/python3.11/site-packages/airflow/example_dags/example_dynamic_task_mapping.py
[2023-10-21T14:28:35.308+0200] {processor.py:829} INFO - Processing file /Library/Frameworks/Python.framework/Versions/3.11/lib/python3.11/site-packages/airflow/example_dags/example_dynamic_task_mapping.py for tasks to queue
[2023-10-21T14:28:35.309+0200] {logging_mixin.py:151} INFO - [2023-10-21T14:28:35.309+0200] {dagbag.py:536} INFO - Filling up the DagBag from /Library/Frameworks/Python.framework/Versions/3.11/lib/python3.11/site-packages/airflow/example_dags/example_dynamic_task_mapping.py
[2023-10-21T14:28:35.327+0200] {processor.py:839} INFO - DAG(s) dict_keys(['example_dynamic_task_mapping']) retrieved from /Library/Frameworks/Python.framework/Versions/3.11/lib/python3.11/site-packages/airflow/example_dags/example_dynamic_task_mapping.py
[2023-10-21T14:28:35.638+0200] {logging_mixin.py:151} INFO - [2023-10-21T14:28:35.637+0200] {dag.py:2941} INFO - Sync 1 DAGs
[2023-10-21T14:28:35.643+0200] {logging_mixin.py:151} INFO - [2023-10-21T14:28:35.643+0200] {dag.py:3722} INFO - Setting next_dagrun for example_dynamic_task_mapping to 2022-03-04T00:00:00+00:00, run_after=2022-03-05T00:00:00+00:00
[2023-10-21T14:28:35.650+0200] {processor.py:179} INFO - Processing /Library/Frameworks/Python.framework/Versions/3.11/lib/python3.11/site-packages/airflow/example_dags/example_dynamic_task_mapping.py took 0.343 seconds
[2023-10-21T14:29:55.899+0200] {processor.py:157} INFO - Started process (PID=65300) to work on /Library/Frameworks/Python.framework/Versions/3.11/lib/python3.11/site-packages/airflow/example_dags/example_dynamic_task_mapping.py
[2023-10-21T14:29:55.901+0200] {processor.py:829} INFO - Processing file /Library/Frameworks/Python.framework/Versions/3.11/lib/python3.11/site-packages/airflow/example_dags/example_dynamic_task_mapping.py for tasks to queue
[2023-10-21T14:29:55.902+0200] {logging_mixin.py:151} INFO - [2023-10-21T14:29:55.901+0200] {dagbag.py:536} INFO - Filling up the DagBag from /Library/Frameworks/Python.framework/Versions/3.11/lib/python3.11/site-packages/airflow/example_dags/example_dynamic_task_mapping.py
[2023-10-21T14:29:55.921+0200] {processor.py:839} INFO - DAG(s) dict_keys(['example_dynamic_task_mapping']) retrieved from /Library/Frameworks/Python.framework/Versions/3.11/lib/python3.11/site-packages/airflow/example_dags/example_dynamic_task_mapping.py
[2023-10-21T14:29:55.993+0200] {logging_mixin.py:151} INFO - [2023-10-21T14:29:55.993+0200] {dag.py:2941} INFO - Sync 1 DAGs
[2023-10-21T14:29:55.999+0200] {logging_mixin.py:151} INFO - [2023-10-21T14:29:55.999+0200] {dag.py:3722} INFO - Setting next_dagrun for example_dynamic_task_mapping to 2022-03-04T00:00:00+00:00, run_after=2022-03-05T00:00:00+00:00
[2023-10-21T14:29:56.005+0200] {processor.py:179} INFO - Processing /Library/Frameworks/Python.framework/Versions/3.11/lib/python3.11/site-packages/airflow/example_dags/example_dynamic_task_mapping.py took 0.106 seconds
[2023-10-21T14:31:06.314+0200] {processor.py:157} INFO - Started process (PID=65437) to work on /Library/Frameworks/Python.framework/Versions/3.11/lib/python3.11/site-packages/airflow/example_dags/example_dynamic_task_mapping.py
[2023-10-21T14:31:06.315+0200] {processor.py:829} INFO - Processing file /Library/Frameworks/Python.framework/Versions/3.11/lib/python3.11/site-packages/airflow/example_dags/example_dynamic_task_mapping.py for tasks to queue
[2023-10-21T14:31:06.315+0200] {logging_mixin.py:151} INFO - [2023-10-21T14:31:06.315+0200] {dagbag.py:536} INFO - Filling up the DagBag from /Library/Frameworks/Python.framework/Versions/3.11/lib/python3.11/site-packages/airflow/example_dags/example_dynamic_task_mapping.py
[2023-10-21T14:31:06.334+0200] {processor.py:839} INFO - DAG(s) dict_keys(['example_dynamic_task_mapping']) retrieved from /Library/Frameworks/Python.framework/Versions/3.11/lib/python3.11/site-packages/airflow/example_dags/example_dynamic_task_mapping.py
[2023-10-21T14:31:06.351+0200] {logging_mixin.py:151} INFO - [2023-10-21T14:31:06.350+0200] {dag.py:2941} INFO - Sync 1 DAGs
[2023-10-21T14:31:06.378+0200] {logging_mixin.py:151} INFO - [2023-10-21T14:31:06.378+0200] {dag.py:3722} INFO - Setting next_dagrun for example_dynamic_task_mapping to 2022-03-04T00:00:00+00:00, run_after=2022-03-05T00:00:00+00:00
[2023-10-21T14:31:06.384+0200] {processor.py:179} INFO - Processing /Library/Frameworks/Python.framework/Versions/3.11/lib/python3.11/site-packages/airflow/example_dags/example_dynamic_task_mapping.py took 0.071 seconds
[2023-10-21T14:32:18.711+0200] {processor.py:157} INFO - Started process (PID=65594) to work on /Library/Frameworks/Python.framework/Versions/3.11/lib/python3.11/site-packages/airflow/example_dags/example_dynamic_task_mapping.py
[2023-10-21T14:32:18.714+0200] {processor.py:829} INFO - Processing file /Library/Frameworks/Python.framework/Versions/3.11/lib/python3.11/site-packages/airflow/example_dags/example_dynamic_task_mapping.py for tasks to queue
[2023-10-21T14:32:18.714+0200] {logging_mixin.py:151} INFO - [2023-10-21T14:32:18.714+0200] {dagbag.py:536} INFO - Filling up the DagBag from /Library/Frameworks/Python.framework/Versions/3.11/lib/python3.11/site-packages/airflow/example_dags/example_dynamic_task_mapping.py
[2023-10-21T14:32:18.734+0200] {processor.py:839} INFO - DAG(s) dict_keys(['example_dynamic_task_mapping']) retrieved from /Library/Frameworks/Python.framework/Versions/3.11/lib/python3.11/site-packages/airflow/example_dags/example_dynamic_task_mapping.py
[2023-10-21T14:32:18.809+0200] {logging_mixin.py:151} INFO - [2023-10-21T14:32:18.808+0200] {dag.py:2941} INFO - Sync 1 DAGs
[2023-10-21T14:32:18.814+0200] {logging_mixin.py:151} INFO - [2023-10-21T14:32:18.814+0200] {dag.py:3722} INFO - Setting next_dagrun for example_dynamic_task_mapping to 2022-03-04T00:00:00+00:00, run_after=2022-03-05T00:00:00+00:00
[2023-10-21T14:32:18.820+0200] {processor.py:179} INFO - Processing /Library/Frameworks/Python.framework/Versions/3.11/lib/python3.11/site-packages/airflow/example_dags/example_dynamic_task_mapping.py took 0.109 seconds
[2023-10-21T14:33:29.533+0200] {processor.py:157} INFO - Started process (PID=65742) to work on /Library/Frameworks/Python.framework/Versions/3.11/lib/python3.11/site-packages/airflow/example_dags/example_dynamic_task_mapping.py
[2023-10-21T14:33:29.535+0200] {processor.py:829} INFO - Processing file /Library/Frameworks/Python.framework/Versions/3.11/lib/python3.11/site-packages/airflow/example_dags/example_dynamic_task_mapping.py for tasks to queue
[2023-10-21T14:33:29.535+0200] {logging_mixin.py:151} INFO - [2023-10-21T14:33:29.535+0200] {dagbag.py:536} INFO - Filling up the DagBag from /Library/Frameworks/Python.framework/Versions/3.11/lib/python3.11/site-packages/airflow/example_dags/example_dynamic_task_mapping.py
[2023-10-21T14:33:29.555+0200] {processor.py:839} INFO - DAG(s) dict_keys(['example_dynamic_task_mapping']) retrieved from /Library/Frameworks/Python.framework/Versions/3.11/lib/python3.11/site-packages/airflow/example_dags/example_dynamic_task_mapping.py
[2023-10-21T14:33:29.633+0200] {logging_mixin.py:151} INFO - [2023-10-21T14:33:29.633+0200] {dag.py:2941} INFO - Sync 1 DAGs
[2023-10-21T14:33:29.638+0200] {logging_mixin.py:151} INFO - [2023-10-21T14:33:29.638+0200] {dag.py:3722} INFO - Setting next_dagrun for example_dynamic_task_mapping to 2022-03-04T00:00:00+00:00, run_after=2022-03-05T00:00:00+00:00
[2023-10-21T14:33:29.645+0200] {processor.py:179} INFO - Processing /Library/Frameworks/Python.framework/Versions/3.11/lib/python3.11/site-packages/airflow/example_dags/example_dynamic_task_mapping.py took 0.113 seconds
[2023-10-21T14:34:39.250+0200] {processor.py:157} INFO - Started process (PID=65958) to work on /Library/Frameworks/Python.framework/Versions/3.11/lib/python3.11/site-packages/airflow/example_dags/example_dynamic_task_mapping.py
[2023-10-21T14:34:39.252+0200] {processor.py:829} INFO - Processing file /Library/Frameworks/Python.framework/Versions/3.11/lib/python3.11/site-packages/airflow/example_dags/example_dynamic_task_mapping.py for tasks to queue
[2023-10-21T14:34:39.252+0200] {logging_mixin.py:151} INFO - [2023-10-21T14:34:39.252+0200] {dagbag.py:536} INFO - Filling up the DagBag from /Library/Frameworks/Python.framework/Versions/3.11/lib/python3.11/site-packages/airflow/example_dags/example_dynamic_task_mapping.py
[2023-10-21T14:34:39.271+0200] {processor.py:839} INFO - DAG(s) dict_keys(['example_dynamic_task_mapping']) retrieved from /Library/Frameworks/Python.framework/Versions/3.11/lib/python3.11/site-packages/airflow/example_dags/example_dynamic_task_mapping.py
[2023-10-21T14:34:39.341+0200] {logging_mixin.py:151} INFO - [2023-10-21T14:34:39.341+0200] {dag.py:2941} INFO - Sync 1 DAGs
[2023-10-21T14:34:39.346+0200] {logging_mixin.py:151} INFO - [2023-10-21T14:34:39.346+0200] {dag.py:3722} INFO - Setting next_dagrun for example_dynamic_task_mapping to 2022-03-04T00:00:00+00:00, run_after=2022-03-05T00:00:00+00:00
[2023-10-21T14:34:39.352+0200] {processor.py:179} INFO - Processing /Library/Frameworks/Python.framework/Versions/3.11/lib/python3.11/site-packages/airflow/example_dags/example_dynamic_task_mapping.py took 0.103 seconds
[2023-10-21T14:35:51.672+0200] {processor.py:157} INFO - Started process (PID=66136) to work on /Library/Frameworks/Python.framework/Versions/3.11/lib/python3.11/site-packages/airflow/example_dags/example_dynamic_task_mapping.py
[2023-10-21T14:35:51.674+0200] {processor.py:829} INFO - Processing file /Library/Frameworks/Python.framework/Versions/3.11/lib/python3.11/site-packages/airflow/example_dags/example_dynamic_task_mapping.py for tasks to queue
[2023-10-21T14:35:51.674+0200] {logging_mixin.py:151} INFO - [2023-10-21T14:35:51.674+0200] {dagbag.py:536} INFO - Filling up the DagBag from /Library/Frameworks/Python.framework/Versions/3.11/lib/python3.11/site-packages/airflow/example_dags/example_dynamic_task_mapping.py
[2023-10-21T14:35:51.692+0200] {processor.py:839} INFO - DAG(s) dict_keys(['example_dynamic_task_mapping']) retrieved from /Library/Frameworks/Python.framework/Versions/3.11/lib/python3.11/site-packages/airflow/example_dags/example_dynamic_task_mapping.py
[2023-10-21T14:35:51.762+0200] {logging_mixin.py:151} INFO - [2023-10-21T14:35:51.762+0200] {dag.py:2941} INFO - Sync 1 DAGs
[2023-10-21T14:35:51.767+0200] {logging_mixin.py:151} INFO - [2023-10-21T14:35:51.767+0200] {dag.py:3722} INFO - Setting next_dagrun for example_dynamic_task_mapping to 2022-03-04T00:00:00+00:00, run_after=2022-03-05T00:00:00+00:00
[2023-10-21T14:35:51.774+0200] {processor.py:179} INFO - Processing /Library/Frameworks/Python.framework/Versions/3.11/lib/python3.11/site-packages/airflow/example_dags/example_dynamic_task_mapping.py took 0.101 seconds
[2023-10-21T14:45:55.671+0200] {processor.py:157} INFO - Started process (PID=67011) to work on /Library/Frameworks/Python.framework/Versions/3.11/lib/python3.11/site-packages/airflow/example_dags/example_dynamic_task_mapping.py
[2023-10-21T14:45:55.673+0200] {processor.py:829} INFO - Processing file /Library/Frameworks/Python.framework/Versions/3.11/lib/python3.11/site-packages/airflow/example_dags/example_dynamic_task_mapping.py for tasks to queue
[2023-10-21T14:45:55.673+0200] {logging_mixin.py:151} INFO - [2023-10-21T14:45:55.673+0200] {dagbag.py:536} INFO - Filling up the DagBag from /Library/Frameworks/Python.framework/Versions/3.11/lib/python3.11/site-packages/airflow/example_dags/example_dynamic_task_mapping.py
[2023-10-21T14:45:55.691+0200] {processor.py:839} INFO - DAG(s) dict_keys(['example_dynamic_task_mapping']) retrieved from /Library/Frameworks/Python.framework/Versions/3.11/lib/python3.11/site-packages/airflow/example_dags/example_dynamic_task_mapping.py
[2023-10-21T14:45:55.761+0200] {logging_mixin.py:151} INFO - [2023-10-21T14:45:55.761+0200] {dag.py:2941} INFO - Sync 1 DAGs
[2023-10-21T14:45:55.767+0200] {logging_mixin.py:151} INFO - [2023-10-21T14:45:55.766+0200] {dag.py:3722} INFO - Setting next_dagrun for example_dynamic_task_mapping to 2022-03-04T00:00:00+00:00, run_after=2022-03-05T00:00:00+00:00
[2023-10-21T14:45:55.773+0200] {processor.py:179} INFO - Processing /Library/Frameworks/Python.framework/Versions/3.11/lib/python3.11/site-packages/airflow/example_dags/example_dynamic_task_mapping.py took 0.102 seconds
[2023-10-21T14:51:52.805+0200] {processor.py:157} INFO - Started process (PID=67791) to work on /Library/Frameworks/Python.framework/Versions/3.11/lib/python3.11/site-packages/airflow/example_dags/example_dynamic_task_mapping.py
[2023-10-21T14:51:52.808+0200] {processor.py:829} INFO - Processing file /Library/Frameworks/Python.framework/Versions/3.11/lib/python3.11/site-packages/airflow/example_dags/example_dynamic_task_mapping.py for tasks to queue
[2023-10-21T14:51:52.808+0200] {logging_mixin.py:151} INFO - [2023-10-21T14:51:52.808+0200] {dagbag.py:536} INFO - Filling up the DagBag from /Library/Frameworks/Python.framework/Versions/3.11/lib/python3.11/site-packages/airflow/example_dags/example_dynamic_task_mapping.py
[2023-10-21T14:51:52.826+0200] {processor.py:839} INFO - DAG(s) dict_keys(['example_dynamic_task_mapping']) retrieved from /Library/Frameworks/Python.framework/Versions/3.11/lib/python3.11/site-packages/airflow/example_dags/example_dynamic_task_mapping.py
[2023-10-21T14:51:52.843+0200] {logging_mixin.py:151} INFO - [2023-10-21T14:51:52.843+0200] {dag.py:2941} INFO - Sync 1 DAGs
[2023-10-21T14:51:52.870+0200] {logging_mixin.py:151} INFO - [2023-10-21T14:51:52.870+0200] {dag.py:3722} INFO - Setting next_dagrun for example_dynamic_task_mapping to 2022-03-04T00:00:00+00:00, run_after=2022-03-05T00:00:00+00:00
[2023-10-21T14:51:52.877+0200] {processor.py:179} INFO - Processing /Library/Frameworks/Python.framework/Versions/3.11/lib/python3.11/site-packages/airflow/example_dags/example_dynamic_task_mapping.py took 0.072 seconds
[2023-10-21T14:53:03.006+0200] {processor.py:157} INFO - Started process (PID=67930) to work on /Library/Frameworks/Python.framework/Versions/3.11/lib/python3.11/site-packages/airflow/example_dags/example_dynamic_task_mapping.py
[2023-10-21T14:53:03.007+0200] {processor.py:829} INFO - Processing file /Library/Frameworks/Python.framework/Versions/3.11/lib/python3.11/site-packages/airflow/example_dags/example_dynamic_task_mapping.py for tasks to queue
[2023-10-21T14:53:03.008+0200] {logging_mixin.py:151} INFO - [2023-10-21T14:53:03.007+0200] {dagbag.py:536} INFO - Filling up the DagBag from /Library/Frameworks/Python.framework/Versions/3.11/lib/python3.11/site-packages/airflow/example_dags/example_dynamic_task_mapping.py
[2023-10-21T14:53:03.026+0200] {processor.py:839} INFO - DAG(s) dict_keys(['example_dynamic_task_mapping']) retrieved from /Library/Frameworks/Python.framework/Versions/3.11/lib/python3.11/site-packages/airflow/example_dags/example_dynamic_task_mapping.py
[2023-10-21T14:53:03.095+0200] {logging_mixin.py:151} INFO - [2023-10-21T14:53:03.095+0200] {dag.py:2941} INFO - Sync 1 DAGs
[2023-10-21T14:53:03.100+0200] {logging_mixin.py:151} INFO - [2023-10-21T14:53:03.100+0200] {dag.py:3722} INFO - Setting next_dagrun for example_dynamic_task_mapping to 2022-03-04T00:00:00+00:00, run_after=2022-03-05T00:00:00+00:00
[2023-10-21T14:53:03.106+0200] {processor.py:179} INFO - Processing /Library/Frameworks/Python.framework/Versions/3.11/lib/python3.11/site-packages/airflow/example_dags/example_dynamic_task_mapping.py took 0.101 seconds
[2023-10-21T14:54:14.378+0200] {processor.py:157} INFO - Started process (PID=68069) to work on /Library/Frameworks/Python.framework/Versions/3.11/lib/python3.11/site-packages/airflow/example_dags/example_dynamic_task_mapping.py
[2023-10-21T14:54:14.380+0200] {processor.py:829} INFO - Processing file /Library/Frameworks/Python.framework/Versions/3.11/lib/python3.11/site-packages/airflow/example_dags/example_dynamic_task_mapping.py for tasks to queue
[2023-10-21T14:54:14.380+0200] {logging_mixin.py:151} INFO - [2023-10-21T14:54:14.380+0200] {dagbag.py:536} INFO - Filling up the DagBag from /Library/Frameworks/Python.framework/Versions/3.11/lib/python3.11/site-packages/airflow/example_dags/example_dynamic_task_mapping.py
[2023-10-21T14:54:14.401+0200] {processor.py:839} INFO - DAG(s) dict_keys(['example_dynamic_task_mapping']) retrieved from /Library/Frameworks/Python.framework/Versions/3.11/lib/python3.11/site-packages/airflow/example_dags/example_dynamic_task_mapping.py
[2023-10-21T14:54:14.476+0200] {logging_mixin.py:151} INFO - [2023-10-21T14:54:14.475+0200] {dag.py:2941} INFO - Sync 1 DAGs
[2023-10-21T14:54:14.481+0200] {logging_mixin.py:151} INFO - [2023-10-21T14:54:14.481+0200] {dag.py:3722} INFO - Setting next_dagrun for example_dynamic_task_mapping to 2022-03-04T00:00:00+00:00, run_after=2022-03-05T00:00:00+00:00
[2023-10-21T14:54:14.488+0200] {processor.py:179} INFO - Processing /Library/Frameworks/Python.framework/Versions/3.11/lib/python3.11/site-packages/airflow/example_dags/example_dynamic_task_mapping.py took 0.110 seconds
[2023-10-21T14:55:23.782+0200] {processor.py:157} INFO - Started process (PID=68216) to work on /Library/Frameworks/Python.framework/Versions/3.11/lib/python3.11/site-packages/airflow/example_dags/example_dynamic_task_mapping.py
[2023-10-21T14:55:23.784+0200] {processor.py:829} INFO - Processing file /Library/Frameworks/Python.framework/Versions/3.11/lib/python3.11/site-packages/airflow/example_dags/example_dynamic_task_mapping.py for tasks to queue
[2023-10-21T14:55:23.785+0200] {logging_mixin.py:151} INFO - [2023-10-21T14:55:23.785+0200] {dagbag.py:536} INFO - Filling up the DagBag from /Library/Frameworks/Python.framework/Versions/3.11/lib/python3.11/site-packages/airflow/example_dags/example_dynamic_task_mapping.py
[2023-10-21T14:55:23.803+0200] {processor.py:839} INFO - DAG(s) dict_keys(['example_dynamic_task_mapping']) retrieved from /Library/Frameworks/Python.framework/Versions/3.11/lib/python3.11/site-packages/airflow/example_dags/example_dynamic_task_mapping.py
[2023-10-21T14:55:23.872+0200] {logging_mixin.py:151} INFO - [2023-10-21T14:55:23.872+0200] {dag.py:2941} INFO - Sync 1 DAGs
[2023-10-21T14:55:23.878+0200] {logging_mixin.py:151} INFO - [2023-10-21T14:55:23.877+0200] {dag.py:3722} INFO - Setting next_dagrun for example_dynamic_task_mapping to 2022-03-04T00:00:00+00:00, run_after=2022-03-05T00:00:00+00:00
[2023-10-21T14:55:23.884+0200] {processor.py:179} INFO - Processing /Library/Frameworks/Python.framework/Versions/3.11/lib/python3.11/site-packages/airflow/example_dags/example_dynamic_task_mapping.py took 0.102 seconds
