[2023-10-21T14:27:06.676+0200] {processor.py:157} INFO - Started process (PID=64963) to work on /Library/Frameworks/Python.framework/Versions/3.11/lib/python3.11/site-packages/airflow/example_dags/example_trigger_target_dag.py
[2023-10-21T14:27:06.678+0200] {processor.py:829} INFO - Processing file /Library/Frameworks/Python.framework/Versions/3.11/lib/python3.11/site-packages/airflow/example_dags/example_trigger_target_dag.py for tasks to queue
[2023-10-21T14:27:06.678+0200] {logging_mixin.py:151} INFO - [2023-10-21T14:27:06.678+0200] {dagbag.py:536} INFO - Filling up the DagBag from /Library/Frameworks/Python.framework/Versions/3.11/lib/python3.11/site-packages/airflow/example_dags/example_trigger_target_dag.py
[2023-10-21T14:27:06.697+0200] {processor.py:839} INFO - DAG(s) dict_keys(['example_trigger_target_dag']) retrieved from /Library/Frameworks/Python.framework/Versions/3.11/lib/python3.11/site-packages/airflow/example_dags/example_trigger_target_dag.py
[2023-10-21T14:27:06.991+0200] {logging_mixin.py:151} INFO - [2023-10-21T14:27:06.991+0200] {dag.py:2941} INFO - Sync 1 DAGs
[2023-10-21T14:27:06.994+0200] {logging_mixin.py:151} INFO - [2023-10-21T14:27:06.994+0200] {dag.py:3722} INFO - Setting next_dagrun for example_trigger_target_dag to None, run_after=None
[2023-10-21T14:27:07.001+0200] {processor.py:179} INFO - Processing /Library/Frameworks/Python.framework/Versions/3.11/lib/python3.11/site-packages/airflow/example_dags/example_trigger_target_dag.py took 0.325 seconds
[2023-10-21T14:27:54.090+0200] {processor.py:157} INFO - Started process (PID=65035) to work on /Library/Frameworks/Python.framework/Versions/3.11/lib/python3.11/site-packages/airflow/example_dags/example_trigger_target_dag.py
[2023-10-21T14:27:54.093+0200] {processor.py:829} INFO - Processing file /Library/Frameworks/Python.framework/Versions/3.11/lib/python3.11/site-packages/airflow/example_dags/example_trigger_target_dag.py for tasks to queue
[2023-10-21T14:27:54.093+0200] {logging_mixin.py:151} INFO - [2023-10-21T14:27:54.093+0200] {dagbag.py:536} INFO - Filling up the DagBag from /Library/Frameworks/Python.framework/Versions/3.11/lib/python3.11/site-packages/airflow/example_dags/example_trigger_target_dag.py
[2023-10-21T14:27:54.112+0200] {processor.py:839} INFO - DAG(s) dict_keys(['example_trigger_target_dag']) retrieved from /Library/Frameworks/Python.framework/Versions/3.11/lib/python3.11/site-packages/airflow/example_dags/example_trigger_target_dag.py
[2023-10-21T14:27:54.182+0200] {logging_mixin.py:151} INFO - [2023-10-21T14:27:54.181+0200] {dag.py:2941} INFO - Sync 1 DAGs
[2023-10-21T14:27:54.185+0200] {logging_mixin.py:151} INFO - [2023-10-21T14:27:54.184+0200] {dag.py:3722} INFO - Setting next_dagrun for example_trigger_target_dag to None, run_after=None
[2023-10-21T14:27:54.191+0200] {processor.py:179} INFO - Processing /Library/Frameworks/Python.framework/Versions/3.11/lib/python3.11/site-packages/airflow/example_dags/example_trigger_target_dag.py took 0.101 seconds
[2023-10-21T14:29:09.259+0200] {processor.py:157} INFO - Started process (PID=65182) to work on /Library/Frameworks/Python.framework/Versions/3.11/lib/python3.11/site-packages/airflow/example_dags/example_trigger_target_dag.py
[2023-10-21T14:29:09.261+0200] {processor.py:829} INFO - Processing file /Library/Frameworks/Python.framework/Versions/3.11/lib/python3.11/site-packages/airflow/example_dags/example_trigger_target_dag.py for tasks to queue
[2023-10-21T14:29:09.262+0200] {logging_mixin.py:151} INFO - [2023-10-21T14:29:09.262+0200] {dagbag.py:536} INFO - Filling up the DagBag from /Library/Frameworks/Python.framework/Versions/3.11/lib/python3.11/site-packages/airflow/example_dags/example_trigger_target_dag.py
[2023-10-21T14:29:09.284+0200] {processor.py:839} INFO - DAG(s) dict_keys(['example_trigger_target_dag']) retrieved from /Library/Frameworks/Python.framework/Versions/3.11/lib/python3.11/site-packages/airflow/example_dags/example_trigger_target_dag.py
[2023-10-21T14:29:09.363+0200] {logging_mixin.py:151} INFO - [2023-10-21T14:29:09.363+0200] {dag.py:2941} INFO - Sync 1 DAGs
[2023-10-21T14:29:09.367+0200] {logging_mixin.py:151} INFO - [2023-10-21T14:29:09.366+0200] {dag.py:3722} INFO - Setting next_dagrun for example_trigger_target_dag to None, run_after=None
[2023-10-21T14:29:09.374+0200] {processor.py:179} INFO - Processing /Library/Frameworks/Python.framework/Versions/3.11/lib/python3.11/site-packages/airflow/example_dags/example_trigger_target_dag.py took 0.115 seconds
[2023-10-21T14:30:21.506+0200] {processor.py:157} INFO - Started process (PID=65351) to work on /Library/Frameworks/Python.framework/Versions/3.11/lib/python3.11/site-packages/airflow/example_dags/example_trigger_target_dag.py
[2023-10-21T14:30:21.509+0200] {processor.py:829} INFO - Processing file /Library/Frameworks/Python.framework/Versions/3.11/lib/python3.11/site-packages/airflow/example_dags/example_trigger_target_dag.py for tasks to queue
[2023-10-21T14:30:21.509+0200] {logging_mixin.py:151} INFO - [2023-10-21T14:30:21.509+0200] {dagbag.py:536} INFO - Filling up the DagBag from /Library/Frameworks/Python.framework/Versions/3.11/lib/python3.11/site-packages/airflow/example_dags/example_trigger_target_dag.py
[2023-10-21T14:30:21.528+0200] {processor.py:839} INFO - DAG(s) dict_keys(['example_trigger_target_dag']) retrieved from /Library/Frameworks/Python.framework/Versions/3.11/lib/python3.11/site-packages/airflow/example_dags/example_trigger_target_dag.py
[2023-10-21T14:30:21.597+0200] {logging_mixin.py:151} INFO - [2023-10-21T14:30:21.597+0200] {dag.py:2941} INFO - Sync 1 DAGs
[2023-10-21T14:30:21.600+0200] {logging_mixin.py:151} INFO - [2023-10-21T14:30:21.600+0200] {dag.py:3722} INFO - Setting next_dagrun for example_trigger_target_dag to None, run_after=None
[2023-10-21T14:30:21.607+0200] {processor.py:179} INFO - Processing /Library/Frameworks/Python.framework/Versions/3.11/lib/python3.11/site-packages/airflow/example_dags/example_trigger_target_dag.py took 0.101 seconds
[2023-10-21T14:31:32.726+0200] {processor.py:157} INFO - Started process (PID=65497) to work on /Library/Frameworks/Python.framework/Versions/3.11/lib/python3.11/site-packages/airflow/example_dags/example_trigger_target_dag.py
[2023-10-21T14:31:32.729+0200] {processor.py:829} INFO - Processing file /Library/Frameworks/Python.framework/Versions/3.11/lib/python3.11/site-packages/airflow/example_dags/example_trigger_target_dag.py for tasks to queue
[2023-10-21T14:31:32.729+0200] {logging_mixin.py:151} INFO - [2023-10-21T14:31:32.729+0200] {dagbag.py:536} INFO - Filling up the DagBag from /Library/Frameworks/Python.framework/Versions/3.11/lib/python3.11/site-packages/airflow/example_dags/example_trigger_target_dag.py
[2023-10-21T14:31:32.748+0200] {processor.py:839} INFO - DAG(s) dict_keys(['example_trigger_target_dag']) retrieved from /Library/Frameworks/Python.framework/Versions/3.11/lib/python3.11/site-packages/airflow/example_dags/example_trigger_target_dag.py
[2023-10-21T14:31:32.818+0200] {logging_mixin.py:151} INFO - [2023-10-21T14:31:32.817+0200] {dag.py:2941} INFO - Sync 1 DAGs
[2023-10-21T14:31:32.820+0200] {logging_mixin.py:151} INFO - [2023-10-21T14:31:32.820+0200] {dag.py:3722} INFO - Setting next_dagrun for example_trigger_target_dag to None, run_after=None
[2023-10-21T14:31:32.827+0200] {processor.py:179} INFO - Processing /Library/Frameworks/Python.framework/Versions/3.11/lib/python3.11/site-packages/airflow/example_dags/example_trigger_target_dag.py took 0.101 seconds
[2023-10-21T14:32:43.691+0200] {processor.py:157} INFO - Started process (PID=65643) to work on /Library/Frameworks/Python.framework/Versions/3.11/lib/python3.11/site-packages/airflow/example_dags/example_trigger_target_dag.py
[2023-10-21T14:32:43.694+0200] {processor.py:829} INFO - Processing file /Library/Frameworks/Python.framework/Versions/3.11/lib/python3.11/site-packages/airflow/example_dags/example_trigger_target_dag.py for tasks to queue
[2023-10-21T14:32:43.694+0200] {logging_mixin.py:151} INFO - [2023-10-21T14:32:43.694+0200] {dagbag.py:536} INFO - Filling up the DagBag from /Library/Frameworks/Python.framework/Versions/3.11/lib/python3.11/site-packages/airflow/example_dags/example_trigger_target_dag.py
[2023-10-21T14:32:43.713+0200] {processor.py:839} INFO - DAG(s) dict_keys(['example_trigger_target_dag']) retrieved from /Library/Frameworks/Python.framework/Versions/3.11/lib/python3.11/site-packages/airflow/example_dags/example_trigger_target_dag.py
[2023-10-21T14:32:43.787+0200] {logging_mixin.py:151} INFO - [2023-10-21T14:32:43.787+0200] {dag.py:2941} INFO - Sync 1 DAGs
[2023-10-21T14:32:43.790+0200] {logging_mixin.py:151} INFO - [2023-10-21T14:32:43.790+0200] {dag.py:3722} INFO - Setting next_dagrun for example_trigger_target_dag to None, run_after=None
[2023-10-21T14:32:43.797+0200] {processor.py:179} INFO - Processing /Library/Frameworks/Python.framework/Versions/3.11/lib/python3.11/site-packages/airflow/example_dags/example_trigger_target_dag.py took 0.106 seconds
[2023-10-21T14:33:54.940+0200] {processor.py:157} INFO - Started process (PID=65872) to work on /Library/Frameworks/Python.framework/Versions/3.11/lib/python3.11/site-packages/airflow/example_dags/example_trigger_target_dag.py
[2023-10-21T14:33:54.942+0200] {processor.py:829} INFO - Processing file /Library/Frameworks/Python.framework/Versions/3.11/lib/python3.11/site-packages/airflow/example_dags/example_trigger_target_dag.py for tasks to queue
[2023-10-21T14:33:54.943+0200] {logging_mixin.py:151} INFO - [2023-10-21T14:33:54.942+0200] {dagbag.py:536} INFO - Filling up the DagBag from /Library/Frameworks/Python.framework/Versions/3.11/lib/python3.11/site-packages/airflow/example_dags/example_trigger_target_dag.py
[2023-10-21T14:33:54.962+0200] {processor.py:839} INFO - DAG(s) dict_keys(['example_trigger_target_dag']) retrieved from /Library/Frameworks/Python.framework/Versions/3.11/lib/python3.11/site-packages/airflow/example_dags/example_trigger_target_dag.py
[2023-10-21T14:33:55.033+0200] {logging_mixin.py:151} INFO - [2023-10-21T14:33:55.032+0200] {dag.py:2941} INFO - Sync 1 DAGs
[2023-10-21T14:33:55.036+0200] {logging_mixin.py:151} INFO - [2023-10-21T14:33:55.036+0200] {dag.py:3722} INFO - Setting next_dagrun for example_trigger_target_dag to None, run_after=None
[2023-10-21T14:33:55.042+0200] {processor.py:179} INFO - Processing /Library/Frameworks/Python.framework/Versions/3.11/lib/python3.11/site-packages/airflow/example_dags/example_trigger_target_dag.py took 0.102 seconds
[2023-10-21T14:35:05.600+0200] {processor.py:157} INFO - Started process (PID=66012) to work on /Library/Frameworks/Python.framework/Versions/3.11/lib/python3.11/site-packages/airflow/example_dags/example_trigger_target_dag.py
[2023-10-21T14:35:05.602+0200] {processor.py:829} INFO - Processing file /Library/Frameworks/Python.framework/Versions/3.11/lib/python3.11/site-packages/airflow/example_dags/example_trigger_target_dag.py for tasks to queue
[2023-10-21T14:35:05.602+0200] {logging_mixin.py:151} INFO - [2023-10-21T14:35:05.602+0200] {dagbag.py:536} INFO - Filling up the DagBag from /Library/Frameworks/Python.framework/Versions/3.11/lib/python3.11/site-packages/airflow/example_dags/example_trigger_target_dag.py
[2023-10-21T14:35:05.624+0200] {processor.py:839} INFO - DAG(s) dict_keys(['example_trigger_target_dag']) retrieved from /Library/Frameworks/Python.framework/Versions/3.11/lib/python3.11/site-packages/airflow/example_dags/example_trigger_target_dag.py
[2023-10-21T14:35:05.695+0200] {logging_mixin.py:151} INFO - [2023-10-21T14:35:05.695+0200] {dag.py:2941} INFO - Sync 1 DAGs
[2023-10-21T14:35:05.698+0200] {logging_mixin.py:151} INFO - [2023-10-21T14:35:05.698+0200] {dag.py:3722} INFO - Setting next_dagrun for example_trigger_target_dag to None, run_after=None
[2023-10-21T14:35:05.705+0200] {processor.py:179} INFO - Processing /Library/Frameworks/Python.framework/Versions/3.11/lib/python3.11/site-packages/airflow/example_dags/example_trigger_target_dag.py took 0.106 seconds
[2023-10-21T14:36:15.105+0200] {processor.py:157} INFO - Started process (PID=66178) to work on /Library/Frameworks/Python.framework/Versions/3.11/lib/python3.11/site-packages/airflow/example_dags/example_trigger_target_dag.py
[2023-10-21T14:36:15.106+0200] {processor.py:829} INFO - Processing file /Library/Frameworks/Python.framework/Versions/3.11/lib/python3.11/site-packages/airflow/example_dags/example_trigger_target_dag.py for tasks to queue
[2023-10-21T14:36:15.107+0200] {logging_mixin.py:151} INFO - [2023-10-21T14:36:15.107+0200] {dagbag.py:536} INFO - Filling up the DagBag from /Library/Frameworks/Python.framework/Versions/3.11/lib/python3.11/site-packages/airflow/example_dags/example_trigger_target_dag.py
[2023-10-21T14:36:15.129+0200] {processor.py:839} INFO - DAG(s) dict_keys(['example_trigger_target_dag']) retrieved from /Library/Frameworks/Python.framework/Versions/3.11/lib/python3.11/site-packages/airflow/example_dags/example_trigger_target_dag.py
[2023-10-21T14:36:15.200+0200] {logging_mixin.py:151} INFO - [2023-10-21T14:36:15.200+0200] {dag.py:2941} INFO - Sync 1 DAGs
[2023-10-21T14:36:15.203+0200] {logging_mixin.py:151} INFO - [2023-10-21T14:36:15.203+0200] {dag.py:3722} INFO - Setting next_dagrun for example_trigger_target_dag to None, run_after=None
[2023-10-21T14:36:15.210+0200] {processor.py:179} INFO - Processing /Library/Frameworks/Python.framework/Versions/3.11/lib/python3.11/site-packages/airflow/example_dags/example_trigger_target_dag.py took 0.106 seconds
[2023-10-21T14:45:20.843+0200] {processor.py:157} INFO - Started process (PID=66947) to work on /Library/Frameworks/Python.framework/Versions/3.11/lib/python3.11/site-packages/airflow/example_dags/example_trigger_target_dag.py
[2023-10-21T14:45:20.844+0200] {processor.py:829} INFO - Processing file /Library/Frameworks/Python.framework/Versions/3.11/lib/python3.11/site-packages/airflow/example_dags/example_trigger_target_dag.py for tasks to queue
[2023-10-21T14:45:20.844+0200] {logging_mixin.py:151} INFO - [2023-10-21T14:45:20.844+0200] {dagbag.py:536} INFO - Filling up the DagBag from /Library/Frameworks/Python.framework/Versions/3.11/lib/python3.11/site-packages/airflow/example_dags/example_trigger_target_dag.py
[2023-10-21T14:45:20.863+0200] {processor.py:839} INFO - DAG(s) dict_keys(['example_trigger_target_dag']) retrieved from /Library/Frameworks/Python.framework/Versions/3.11/lib/python3.11/site-packages/airflow/example_dags/example_trigger_target_dag.py
[2023-10-21T14:45:20.880+0200] {logging_mixin.py:151} INFO - [2023-10-21T14:45:20.880+0200] {dag.py:2941} INFO - Sync 1 DAGs
[2023-10-21T14:45:20.905+0200] {logging_mixin.py:151} INFO - [2023-10-21T14:45:20.905+0200] {dag.py:3722} INFO - Setting next_dagrun for example_trigger_target_dag to None, run_after=None
[2023-10-21T14:45:20.912+0200] {processor.py:179} INFO - Processing /Library/Frameworks/Python.framework/Versions/3.11/lib/python3.11/site-packages/airflow/example_dags/example_trigger_target_dag.py took 0.070 seconds
[2023-10-21T14:46:24.523+0200] {processor.py:157} INFO - Started process (PID=67063) to work on /Library/Frameworks/Python.framework/Versions/3.11/lib/python3.11/site-packages/airflow/example_dags/example_trigger_target_dag.py
[2023-10-21T14:46:24.525+0200] {processor.py:829} INFO - Processing file /Library/Frameworks/Python.framework/Versions/3.11/lib/python3.11/site-packages/airflow/example_dags/example_trigger_target_dag.py for tasks to queue
[2023-10-21T14:46:24.525+0200] {logging_mixin.py:151} INFO - [2023-10-21T14:46:24.525+0200] {dagbag.py:536} INFO - Filling up the DagBag from /Library/Frameworks/Python.framework/Versions/3.11/lib/python3.11/site-packages/airflow/example_dags/example_trigger_target_dag.py
[2023-10-21T14:46:24.546+0200] {processor.py:839} INFO - DAG(s) dict_keys(['example_trigger_target_dag']) retrieved from /Library/Frameworks/Python.framework/Versions/3.11/lib/python3.11/site-packages/airflow/example_dags/example_trigger_target_dag.py
[2023-10-21T14:46:24.622+0200] {logging_mixin.py:151} INFO - [2023-10-21T14:46:24.622+0200] {dag.py:2941} INFO - Sync 1 DAGs
[2023-10-21T14:46:24.626+0200] {logging_mixin.py:151} INFO - [2023-10-21T14:46:24.626+0200] {dag.py:3722} INFO - Setting next_dagrun for example_trigger_target_dag to None, run_after=None
[2023-10-21T14:46:24.633+0200] {processor.py:179} INFO - Processing /Library/Frameworks/Python.framework/Versions/3.11/lib/python3.11/site-packages/airflow/example_dags/example_trigger_target_dag.py took 0.110 seconds
[2023-10-21T14:51:18.030+0200] {processor.py:157} INFO - Started process (PID=67715) to work on /Library/Frameworks/Python.framework/Versions/3.11/lib/python3.11/site-packages/airflow/example_dags/example_trigger_target_dag.py
[2023-10-21T14:51:18.033+0200] {processor.py:829} INFO - Processing file /Library/Frameworks/Python.framework/Versions/3.11/lib/python3.11/site-packages/airflow/example_dags/example_trigger_target_dag.py for tasks to queue
[2023-10-21T14:51:18.033+0200] {logging_mixin.py:151} INFO - [2023-10-21T14:51:18.033+0200] {dagbag.py:536} INFO - Filling up the DagBag from /Library/Frameworks/Python.framework/Versions/3.11/lib/python3.11/site-packages/airflow/example_dags/example_trigger_target_dag.py
[2023-10-21T14:51:18.052+0200] {processor.py:839} INFO - DAG(s) dict_keys(['example_trigger_target_dag']) retrieved from /Library/Frameworks/Python.framework/Versions/3.11/lib/python3.11/site-packages/airflow/example_dags/example_trigger_target_dag.py
[2023-10-21T14:51:18.122+0200] {logging_mixin.py:151} INFO - [2023-10-21T14:51:18.122+0200] {dag.py:2941} INFO - Sync 1 DAGs
[2023-10-21T14:51:18.125+0200] {logging_mixin.py:151} INFO - [2023-10-21T14:51:18.125+0200] {dag.py:3722} INFO - Setting next_dagrun for example_trigger_target_dag to None, run_after=None
[2023-10-21T14:51:18.132+0200] {processor.py:179} INFO - Processing /Library/Frameworks/Python.framework/Versions/3.11/lib/python3.11/site-packages/airflow/example_dags/example_trigger_target_dag.py took 0.102 seconds
[2023-10-21T14:52:22.536+0200] {processor.py:157} INFO - Started process (PID=67849) to work on /Library/Frameworks/Python.framework/Versions/3.11/lib/python3.11/site-packages/airflow/example_dags/example_trigger_target_dag.py
[2023-10-21T14:52:22.538+0200] {processor.py:829} INFO - Processing file /Library/Frameworks/Python.framework/Versions/3.11/lib/python3.11/site-packages/airflow/example_dags/example_trigger_target_dag.py for tasks to queue
[2023-10-21T14:52:22.538+0200] {logging_mixin.py:151} INFO - [2023-10-21T14:52:22.538+0200] {dagbag.py:536} INFO - Filling up the DagBag from /Library/Frameworks/Python.framework/Versions/3.11/lib/python3.11/site-packages/airflow/example_dags/example_trigger_target_dag.py
[2023-10-21T14:52:22.559+0200] {processor.py:839} INFO - DAG(s) dict_keys(['example_trigger_target_dag']) retrieved from /Library/Frameworks/Python.framework/Versions/3.11/lib/python3.11/site-packages/airflow/example_dags/example_trigger_target_dag.py
[2023-10-21T14:52:22.637+0200] {logging_mixin.py:151} INFO - [2023-10-21T14:52:22.637+0200] {dag.py:2941} INFO - Sync 1 DAGs
[2023-10-21T14:52:22.640+0200] {logging_mixin.py:151} INFO - [2023-10-21T14:52:22.640+0200] {dag.py:3722} INFO - Setting next_dagrun for example_trigger_target_dag to None, run_after=None
[2023-10-21T14:52:22.647+0200] {processor.py:179} INFO - Processing /Library/Frameworks/Python.framework/Versions/3.11/lib/python3.11/site-packages/airflow/example_dags/example_trigger_target_dag.py took 0.111 seconds
[2023-10-21T14:53:32.630+0200] {processor.py:157} INFO - Started process (PID=67985) to work on /Library/Frameworks/Python.framework/Versions/3.11/lib/python3.11/site-packages/airflow/example_dags/example_trigger_target_dag.py
[2023-10-21T14:53:32.632+0200] {processor.py:829} INFO - Processing file /Library/Frameworks/Python.framework/Versions/3.11/lib/python3.11/site-packages/airflow/example_dags/example_trigger_target_dag.py for tasks to queue
[2023-10-21T14:53:32.632+0200] {logging_mixin.py:151} INFO - [2023-10-21T14:53:32.632+0200] {dagbag.py:536} INFO - Filling up the DagBag from /Library/Frameworks/Python.framework/Versions/3.11/lib/python3.11/site-packages/airflow/example_dags/example_trigger_target_dag.py
[2023-10-21T14:53:32.651+0200] {processor.py:839} INFO - DAG(s) dict_keys(['example_trigger_target_dag']) retrieved from /Library/Frameworks/Python.framework/Versions/3.11/lib/python3.11/site-packages/airflow/example_dags/example_trigger_target_dag.py
[2023-10-21T14:53:32.720+0200] {logging_mixin.py:151} INFO - [2023-10-21T14:53:32.720+0200] {dag.py:2941} INFO - Sync 1 DAGs
[2023-10-21T14:53:32.723+0200] {logging_mixin.py:151} INFO - [2023-10-21T14:53:32.723+0200] {dag.py:3722} INFO - Setting next_dagrun for example_trigger_target_dag to None, run_after=None
[2023-10-21T14:53:32.729+0200] {processor.py:179} INFO - Processing /Library/Frameworks/Python.framework/Versions/3.11/lib/python3.11/site-packages/airflow/example_dags/example_trigger_target_dag.py took 0.099 seconds
[2023-10-21T14:54:45.385+0200] {processor.py:157} INFO - Started process (PID=68126) to work on /Library/Frameworks/Python.framework/Versions/3.11/lib/python3.11/site-packages/airflow/example_dags/example_trigger_target_dag.py
[2023-10-21T14:54:45.388+0200] {processor.py:829} INFO - Processing file /Library/Frameworks/Python.framework/Versions/3.11/lib/python3.11/site-packages/airflow/example_dags/example_trigger_target_dag.py for tasks to queue
[2023-10-21T14:54:45.388+0200] {logging_mixin.py:151} INFO - [2023-10-21T14:54:45.388+0200] {dagbag.py:536} INFO - Filling up the DagBag from /Library/Frameworks/Python.framework/Versions/3.11/lib/python3.11/site-packages/airflow/example_dags/example_trigger_target_dag.py
[2023-10-21T14:54:45.407+0200] {processor.py:839} INFO - DAG(s) dict_keys(['example_trigger_target_dag']) retrieved from /Library/Frameworks/Python.framework/Versions/3.11/lib/python3.11/site-packages/airflow/example_dags/example_trigger_target_dag.py
[2023-10-21T14:54:45.478+0200] {logging_mixin.py:151} INFO - [2023-10-21T14:54:45.477+0200] {dag.py:2941} INFO - Sync 1 DAGs
[2023-10-21T14:54:45.481+0200] {logging_mixin.py:151} INFO - [2023-10-21T14:54:45.480+0200] {dag.py:3722} INFO - Setting next_dagrun for example_trigger_target_dag to None, run_after=None
[2023-10-21T14:54:45.487+0200] {processor.py:179} INFO - Processing /Library/Frameworks/Python.framework/Versions/3.11/lib/python3.11/site-packages/airflow/example_dags/example_trigger_target_dag.py took 0.102 seconds
[2023-10-21T14:55:54.456+0200] {processor.py:157} INFO - Started process (PID=68283) to work on /Library/Frameworks/Python.framework/Versions/3.11/lib/python3.11/site-packages/airflow/example_dags/example_trigger_target_dag.py
[2023-10-21T14:55:54.459+0200] {processor.py:829} INFO - Processing file /Library/Frameworks/Python.framework/Versions/3.11/lib/python3.11/site-packages/airflow/example_dags/example_trigger_target_dag.py for tasks to queue
[2023-10-21T14:55:54.459+0200] {logging_mixin.py:151} INFO - [2023-10-21T14:55:54.459+0200] {dagbag.py:536} INFO - Filling up the DagBag from /Library/Frameworks/Python.framework/Versions/3.11/lib/python3.11/site-packages/airflow/example_dags/example_trigger_target_dag.py
[2023-10-21T14:55:54.478+0200] {processor.py:839} INFO - DAG(s) dict_keys(['example_trigger_target_dag']) retrieved from /Library/Frameworks/Python.framework/Versions/3.11/lib/python3.11/site-packages/airflow/example_dags/example_trigger_target_dag.py
[2023-10-21T14:55:54.548+0200] {logging_mixin.py:151} INFO - [2023-10-21T14:55:54.548+0200] {dag.py:2941} INFO - Sync 1 DAGs
[2023-10-21T14:55:54.551+0200] {logging_mixin.py:151} INFO - [2023-10-21T14:55:54.551+0200] {dag.py:3722} INFO - Setting next_dagrun for example_trigger_target_dag to None, run_after=None
[2023-10-21T14:55:54.557+0200] {processor.py:179} INFO - Processing /Library/Frameworks/Python.framework/Versions/3.11/lib/python3.11/site-packages/airflow/example_dags/example_trigger_target_dag.py took 0.101 seconds
