[2023-10-21T14:28:02.870+0200] {processor.py:157} INFO - Started process (PID=65051) to work on /Library/Frameworks/Python.framework/Versions/3.11/lib/python3.11/site-packages/airflow/example_dags/example_sla_dag.py
[2023-10-21T14:28:02.872+0200] {processor.py:829} INFO - Processing file /Library/Frameworks/Python.framework/Versions/3.11/lib/python3.11/site-packages/airflow/example_dags/example_sla_dag.py for tasks to queue
[2023-10-21T14:28:02.873+0200] {logging_mixin.py:151} INFO - [2023-10-21T14:28:02.872+0200] {dagbag.py:536} INFO - Filling up the DagBag from /Library/Frameworks/Python.framework/Versions/3.11/lib/python3.11/site-packages/airflow/example_dags/example_sla_dag.py
[2023-10-21T14:28:02.895+0200] {processor.py:839} INFO - DAG(s) dict_keys(['example_sla_dag']) retrieved from /Library/Frameworks/Python.framework/Versions/3.11/lib/python3.11/site-packages/airflow/example_dags/example_sla_dag.py
[2023-10-21T14:28:03.228+0200] {logging_mixin.py:151} INFO - [2023-10-21T14:28:03.227+0200] {dag.py:2941} INFO - Sync 1 DAGs
[2023-10-21T14:28:03.234+0200] {logging_mixin.py:151} INFO - [2023-10-21T14:28:03.234+0200] {dag.py:3722} INFO - Setting next_dagrun for example_sla_dag to 2023-10-21T12:26:00+00:00, run_after=2023-10-21T12:28:00+00:00
[2023-10-21T14:28:03.241+0200] {processor.py:179} INFO - Processing /Library/Frameworks/Python.framework/Versions/3.11/lib/python3.11/site-packages/airflow/example_dags/example_sla_dag.py took 0.371 seconds
[2023-10-21T14:29:18.193+0200] {processor.py:157} INFO - Started process (PID=65207) to work on /Library/Frameworks/Python.framework/Versions/3.11/lib/python3.11/site-packages/airflow/example_dags/example_sla_dag.py
[2023-10-21T14:29:18.196+0200] {processor.py:829} INFO - Processing file /Library/Frameworks/Python.framework/Versions/3.11/lib/python3.11/site-packages/airflow/example_dags/example_sla_dag.py for tasks to queue
[2023-10-21T14:29:18.196+0200] {logging_mixin.py:151} INFO - [2023-10-21T14:29:18.196+0200] {dagbag.py:536} INFO - Filling up the DagBag from /Library/Frameworks/Python.framework/Versions/3.11/lib/python3.11/site-packages/airflow/example_dags/example_sla_dag.py
[2023-10-21T14:29:18.215+0200] {processor.py:839} INFO - DAG(s) dict_keys(['example_sla_dag']) retrieved from /Library/Frameworks/Python.framework/Versions/3.11/lib/python3.11/site-packages/airflow/example_dags/example_sla_dag.py
[2023-10-21T14:29:18.291+0200] {logging_mixin.py:151} INFO - [2023-10-21T14:29:18.290+0200] {dag.py:2941} INFO - Sync 1 DAGs
[2023-10-21T14:29:18.297+0200] {logging_mixin.py:151} INFO - [2023-10-21T14:29:18.297+0200] {dag.py:3722} INFO - Setting next_dagrun for example_sla_dag to 2023-10-21T12:26:00+00:00, run_after=2023-10-21T12:28:00+00:00
[2023-10-21T14:29:18.303+0200] {processor.py:179} INFO - Processing /Library/Frameworks/Python.framework/Versions/3.11/lib/python3.11/site-packages/airflow/example_dags/example_sla_dag.py took 0.110 seconds
[2023-10-21T14:30:29.505+0200] {processor.py:157} INFO - Started process (PID=65366) to work on /Library/Frameworks/Python.framework/Versions/3.11/lib/python3.11/site-packages/airflow/example_dags/example_sla_dag.py
[2023-10-21T14:30:29.508+0200] {processor.py:829} INFO - Processing file /Library/Frameworks/Python.framework/Versions/3.11/lib/python3.11/site-packages/airflow/example_dags/example_sla_dag.py for tasks to queue
[2023-10-21T14:30:29.508+0200] {logging_mixin.py:151} INFO - [2023-10-21T14:30:29.508+0200] {dagbag.py:536} INFO - Filling up the DagBag from /Library/Frameworks/Python.framework/Versions/3.11/lib/python3.11/site-packages/airflow/example_dags/example_sla_dag.py
[2023-10-21T14:30:29.527+0200] {processor.py:839} INFO - DAG(s) dict_keys(['example_sla_dag']) retrieved from /Library/Frameworks/Python.framework/Versions/3.11/lib/python3.11/site-packages/airflow/example_dags/example_sla_dag.py
[2023-10-21T14:30:29.596+0200] {logging_mixin.py:151} INFO - [2023-10-21T14:30:29.596+0200] {dag.py:2941} INFO - Sync 1 DAGs
[2023-10-21T14:30:29.602+0200] {logging_mixin.py:151} INFO - [2023-10-21T14:30:29.602+0200] {dag.py:3722} INFO - Setting next_dagrun for example_sla_dag to 2023-10-21T12:28:00+00:00, run_after=2023-10-21T12:30:00+00:00
[2023-10-21T14:30:29.608+0200] {processor.py:179} INFO - Processing /Library/Frameworks/Python.framework/Versions/3.11/lib/python3.11/site-packages/airflow/example_dags/example_sla_dag.py took 0.103 seconds
[2023-10-21T14:31:40.698+0200] {processor.py:157} INFO - Started process (PID=65513) to work on /Library/Frameworks/Python.framework/Versions/3.11/lib/python3.11/site-packages/airflow/example_dags/example_sla_dag.py
[2023-10-21T14:31:40.701+0200] {processor.py:829} INFO - Processing file /Library/Frameworks/Python.framework/Versions/3.11/lib/python3.11/site-packages/airflow/example_dags/example_sla_dag.py for tasks to queue
[2023-10-21T14:31:40.701+0200] {logging_mixin.py:151} INFO - [2023-10-21T14:31:40.701+0200] {dagbag.py:536} INFO - Filling up the DagBag from /Library/Frameworks/Python.framework/Versions/3.11/lib/python3.11/site-packages/airflow/example_dags/example_sla_dag.py
[2023-10-21T14:31:40.720+0200] {processor.py:839} INFO - DAG(s) dict_keys(['example_sla_dag']) retrieved from /Library/Frameworks/Python.framework/Versions/3.11/lib/python3.11/site-packages/airflow/example_dags/example_sla_dag.py
[2023-10-21T14:31:40.789+0200] {logging_mixin.py:151} INFO - [2023-10-21T14:31:40.789+0200] {dag.py:2941} INFO - Sync 1 DAGs
[2023-10-21T14:31:40.795+0200] {logging_mixin.py:151} INFO - [2023-10-21T14:31:40.795+0200] {dag.py:3722} INFO - Setting next_dagrun for example_sla_dag to 2023-10-21T12:28:00+00:00, run_after=2023-10-21T12:30:00+00:00
[2023-10-21T14:31:40.801+0200] {processor.py:179} INFO - Processing /Library/Frameworks/Python.framework/Versions/3.11/lib/python3.11/site-packages/airflow/example_dags/example_sla_dag.py took 0.103 seconds
[2023-10-21T14:32:53.507+0200] {processor.py:157} INFO - Started process (PID=65667) to work on /Library/Frameworks/Python.framework/Versions/3.11/lib/python3.11/site-packages/airflow/example_dags/example_sla_dag.py
[2023-10-21T14:32:53.509+0200] {processor.py:829} INFO - Processing file /Library/Frameworks/Python.framework/Versions/3.11/lib/python3.11/site-packages/airflow/example_dags/example_sla_dag.py for tasks to queue
[2023-10-21T14:32:53.510+0200] {logging_mixin.py:151} INFO - [2023-10-21T14:32:53.510+0200] {dagbag.py:536} INFO - Filling up the DagBag from /Library/Frameworks/Python.framework/Versions/3.11/lib/python3.11/site-packages/airflow/example_dags/example_sla_dag.py
[2023-10-21T14:32:53.530+0200] {processor.py:839} INFO - DAG(s) dict_keys(['example_sla_dag']) retrieved from /Library/Frameworks/Python.framework/Versions/3.11/lib/python3.11/site-packages/airflow/example_dags/example_sla_dag.py
[2023-10-21T14:32:53.602+0200] {logging_mixin.py:151} INFO - [2023-10-21T14:32:53.602+0200] {dag.py:2941} INFO - Sync 1 DAGs
[2023-10-21T14:32:53.608+0200] {logging_mixin.py:151} INFO - [2023-10-21T14:32:53.608+0200] {dag.py:3722} INFO - Setting next_dagrun for example_sla_dag to 2023-10-21T12:30:00+00:00, run_after=2023-10-21T12:32:00+00:00
[2023-10-21T14:32:53.614+0200] {processor.py:179} INFO - Processing /Library/Frameworks/Python.framework/Versions/3.11/lib/python3.11/site-packages/airflow/example_dags/example_sla_dag.py took 0.108 seconds
[2023-10-21T14:34:03.845+0200] {processor.py:157} INFO - Started process (PID=65891) to work on /Library/Frameworks/Python.framework/Versions/3.11/lib/python3.11/site-packages/airflow/example_dags/example_sla_dag.py
[2023-10-21T14:34:03.848+0200] {processor.py:829} INFO - Processing file /Library/Frameworks/Python.framework/Versions/3.11/lib/python3.11/site-packages/airflow/example_dags/example_sla_dag.py for tasks to queue
[2023-10-21T14:34:03.848+0200] {logging_mixin.py:151} INFO - [2023-10-21T14:34:03.848+0200] {dagbag.py:536} INFO - Filling up the DagBag from /Library/Frameworks/Python.framework/Versions/3.11/lib/python3.11/site-packages/airflow/example_dags/example_sla_dag.py
[2023-10-21T14:34:03.868+0200] {processor.py:839} INFO - DAG(s) dict_keys(['example_sla_dag']) retrieved from /Library/Frameworks/Python.framework/Versions/3.11/lib/python3.11/site-packages/airflow/example_dags/example_sla_dag.py
[2023-10-21T14:34:03.938+0200] {logging_mixin.py:151} INFO - [2023-10-21T14:34:03.937+0200] {dag.py:2941} INFO - Sync 1 DAGs
[2023-10-21T14:34:03.944+0200] {logging_mixin.py:151} INFO - [2023-10-21T14:34:03.944+0200] {dag.py:3722} INFO - Setting next_dagrun for example_sla_dag to 2023-10-21T12:32:00+00:00, run_after=2023-10-21T12:34:00+00:00
[2023-10-21T14:34:03.950+0200] {processor.py:179} INFO - Processing /Library/Frameworks/Python.framework/Versions/3.11/lib/python3.11/site-packages/airflow/example_dags/example_sla_dag.py took 0.105 seconds
[2023-10-21T14:35:13.511+0200] {processor.py:157} INFO - Started process (PID=66055) to work on /Library/Frameworks/Python.framework/Versions/3.11/lib/python3.11/site-packages/airflow/example_dags/example_sla_dag.py
[2023-10-21T14:35:13.513+0200] {processor.py:829} INFO - Processing file /Library/Frameworks/Python.framework/Versions/3.11/lib/python3.11/site-packages/airflow/example_dags/example_sla_dag.py for tasks to queue
[2023-10-21T14:35:13.513+0200] {logging_mixin.py:151} INFO - [2023-10-21T14:35:13.513+0200] {dagbag.py:536} INFO - Filling up the DagBag from /Library/Frameworks/Python.framework/Versions/3.11/lib/python3.11/site-packages/airflow/example_dags/example_sla_dag.py
[2023-10-21T14:35:13.532+0200] {processor.py:839} INFO - DAG(s) dict_keys(['example_sla_dag']) retrieved from /Library/Frameworks/Python.framework/Versions/3.11/lib/python3.11/site-packages/airflow/example_dags/example_sla_dag.py
[2023-10-21T14:35:13.601+0200] {logging_mixin.py:151} INFO - [2023-10-21T14:35:13.601+0200] {dag.py:2941} INFO - Sync 1 DAGs
[2023-10-21T14:35:13.607+0200] {logging_mixin.py:151} INFO - [2023-10-21T14:35:13.607+0200] {dag.py:3722} INFO - Setting next_dagrun for example_sla_dag to 2023-10-21T12:32:00+00:00, run_after=2023-10-21T12:34:00+00:00
[2023-10-21T14:35:13.613+0200] {processor.py:179} INFO - Processing /Library/Frameworks/Python.framework/Versions/3.11/lib/python3.11/site-packages/airflow/example_dags/example_sla_dag.py took 0.102 seconds
[2023-10-21T14:45:29.272+0200] {processor.py:157} INFO - Started process (PID=66962) to work on /Library/Frameworks/Python.framework/Versions/3.11/lib/python3.11/site-packages/airflow/example_dags/example_sla_dag.py
[2023-10-21T14:45:29.274+0200] {processor.py:829} INFO - Processing file /Library/Frameworks/Python.framework/Versions/3.11/lib/python3.11/site-packages/airflow/example_dags/example_sla_dag.py for tasks to queue
[2023-10-21T14:45:29.274+0200] {logging_mixin.py:151} INFO - [2023-10-21T14:45:29.274+0200] {dagbag.py:536} INFO - Filling up the DagBag from /Library/Frameworks/Python.framework/Versions/3.11/lib/python3.11/site-packages/airflow/example_dags/example_sla_dag.py
[2023-10-21T14:45:29.294+0200] {processor.py:839} INFO - DAG(s) dict_keys(['example_sla_dag']) retrieved from /Library/Frameworks/Python.framework/Versions/3.11/lib/python3.11/site-packages/airflow/example_dags/example_sla_dag.py
[2023-10-21T14:45:29.311+0200] {logging_mixin.py:151} INFO - [2023-10-21T14:45:29.311+0200] {dag.py:2941} INFO - Sync 1 DAGs
[2023-10-21T14:45:29.339+0200] {logging_mixin.py:151} INFO - [2023-10-21T14:45:29.339+0200] {dag.py:3722} INFO - Setting next_dagrun for example_sla_dag to 2023-10-21T12:42:00+00:00, run_after=2023-10-21T12:44:00+00:00
[2023-10-21T14:45:29.346+0200] {processor.py:179} INFO - Processing /Library/Frameworks/Python.framework/Versions/3.11/lib/python3.11/site-packages/airflow/example_dags/example_sla_dag.py took 0.075 seconds
[2023-10-21T14:46:32.428+0200] {processor.py:157} INFO - Started process (PID=67085) to work on /Library/Frameworks/Python.framework/Versions/3.11/lib/python3.11/site-packages/airflow/example_dags/example_sla_dag.py
[2023-10-21T14:46:32.429+0200] {processor.py:829} INFO - Processing file /Library/Frameworks/Python.framework/Versions/3.11/lib/python3.11/site-packages/airflow/example_dags/example_sla_dag.py for tasks to queue
[2023-10-21T14:46:32.429+0200] {logging_mixin.py:151} INFO - [2023-10-21T14:46:32.429+0200] {dagbag.py:536} INFO - Filling up the DagBag from /Library/Frameworks/Python.framework/Versions/3.11/lib/python3.11/site-packages/airflow/example_dags/example_sla_dag.py
[2023-10-21T14:46:32.448+0200] {processor.py:839} INFO - DAG(s) dict_keys(['example_sla_dag']) retrieved from /Library/Frameworks/Python.framework/Versions/3.11/lib/python3.11/site-packages/airflow/example_dags/example_sla_dag.py
[2023-10-21T14:46:32.519+0200] {logging_mixin.py:151} INFO - [2023-10-21T14:46:32.519+0200] {dag.py:2941} INFO - Sync 1 DAGs
[2023-10-21T14:46:32.525+0200] {logging_mixin.py:151} INFO - [2023-10-21T14:46:32.525+0200] {dag.py:3722} INFO - Setting next_dagrun for example_sla_dag to 2023-10-21T12:44:00+00:00, run_after=2023-10-21T12:46:00+00:00
[2023-10-21T14:46:32.531+0200] {processor.py:179} INFO - Processing /Library/Frameworks/Python.framework/Versions/3.11/lib/python3.11/site-packages/airflow/example_dags/example_sla_dag.py took 0.104 seconds
[2023-10-21T14:51:26.439+0200] {processor.py:157} INFO - Started process (PID=67730) to work on /Library/Frameworks/Python.framework/Versions/3.11/lib/python3.11/site-packages/airflow/example_dags/example_sla_dag.py
[2023-10-21T14:51:26.442+0200] {processor.py:829} INFO - Processing file /Library/Frameworks/Python.framework/Versions/3.11/lib/python3.11/site-packages/airflow/example_dags/example_sla_dag.py for tasks to queue
[2023-10-21T14:51:26.442+0200] {logging_mixin.py:151} INFO - [2023-10-21T14:51:26.442+0200] {dagbag.py:536} INFO - Filling up the DagBag from /Library/Frameworks/Python.framework/Versions/3.11/lib/python3.11/site-packages/airflow/example_dags/example_sla_dag.py
[2023-10-21T14:51:26.461+0200] {processor.py:839} INFO - DAG(s) dict_keys(['example_sla_dag']) retrieved from /Library/Frameworks/Python.framework/Versions/3.11/lib/python3.11/site-packages/airflow/example_dags/example_sla_dag.py
[2023-10-21T14:51:26.531+0200] {logging_mixin.py:151} INFO - [2023-10-21T14:51:26.531+0200] {dag.py:2941} INFO - Sync 1 DAGs
[2023-10-21T14:51:26.537+0200] {logging_mixin.py:151} INFO - [2023-10-21T14:51:26.537+0200] {dag.py:3722} INFO - Setting next_dagrun for example_sla_dag to 2023-10-21T12:48:00+00:00, run_after=2023-10-21T12:50:00+00:00
[2023-10-21T14:51:26.543+0200] {processor.py:179} INFO - Processing /Library/Frameworks/Python.framework/Versions/3.11/lib/python3.11/site-packages/airflow/example_dags/example_sla_dag.py took 0.104 seconds
[2023-10-21T14:52:31.464+0200] {processor.py:157} INFO - Started process (PID=67872) to work on /Library/Frameworks/Python.framework/Versions/3.11/lib/python3.11/site-packages/airflow/example_dags/example_sla_dag.py
[2023-10-21T14:52:31.466+0200] {processor.py:829} INFO - Processing file /Library/Frameworks/Python.framework/Versions/3.11/lib/python3.11/site-packages/airflow/example_dags/example_sla_dag.py for tasks to queue
[2023-10-21T14:52:31.466+0200] {logging_mixin.py:151} INFO - [2023-10-21T14:52:31.466+0200] {dagbag.py:536} INFO - Filling up the DagBag from /Library/Frameworks/Python.framework/Versions/3.11/lib/python3.11/site-packages/airflow/example_dags/example_sla_dag.py
[2023-10-21T14:52:31.486+0200] {processor.py:839} INFO - DAG(s) dict_keys(['example_sla_dag']) retrieved from /Library/Frameworks/Python.framework/Versions/3.11/lib/python3.11/site-packages/airflow/example_dags/example_sla_dag.py
[2023-10-21T14:52:31.555+0200] {logging_mixin.py:151} INFO - [2023-10-21T14:52:31.555+0200] {dag.py:2941} INFO - Sync 1 DAGs
[2023-10-21T14:52:31.562+0200] {logging_mixin.py:151} INFO - [2023-10-21T14:52:31.562+0200] {dag.py:3722} INFO - Setting next_dagrun for example_sla_dag to 2023-10-21T12:50:00+00:00, run_after=2023-10-21T12:52:00+00:00
[2023-10-21T14:52:31.568+0200] {processor.py:179} INFO - Processing /Library/Frameworks/Python.framework/Versions/3.11/lib/python3.11/site-packages/airflow/example_dags/example_sla_dag.py took 0.104 seconds
[2023-10-21T14:53:41.197+0200] {processor.py:157} INFO - Started process (PID=67999) to work on /Library/Frameworks/Python.framework/Versions/3.11/lib/python3.11/site-packages/airflow/example_dags/example_sla_dag.py
[2023-10-21T14:53:41.199+0200] {processor.py:829} INFO - Processing file /Library/Frameworks/Python.framework/Versions/3.11/lib/python3.11/site-packages/airflow/example_dags/example_sla_dag.py for tasks to queue
[2023-10-21T14:53:41.199+0200] {logging_mixin.py:151} INFO - [2023-10-21T14:53:41.199+0200] {dagbag.py:536} INFO - Filling up the DagBag from /Library/Frameworks/Python.framework/Versions/3.11/lib/python3.11/site-packages/airflow/example_dags/example_sla_dag.py
[2023-10-21T14:53:41.218+0200] {processor.py:839} INFO - DAG(s) dict_keys(['example_sla_dag']) retrieved from /Library/Frameworks/Python.framework/Versions/3.11/lib/python3.11/site-packages/airflow/example_dags/example_sla_dag.py
[2023-10-21T14:53:41.287+0200] {logging_mixin.py:151} INFO - [2023-10-21T14:53:41.287+0200] {dag.py:2941} INFO - Sync 1 DAGs
[2023-10-21T14:53:41.293+0200] {logging_mixin.py:151} INFO - [2023-10-21T14:53:41.293+0200] {dag.py:3722} INFO - Setting next_dagrun for example_sla_dag to 2023-10-21T12:50:00+00:00, run_after=2023-10-21T12:52:00+00:00
[2023-10-21T14:53:41.299+0200] {processor.py:179} INFO - Processing /Library/Frameworks/Python.framework/Versions/3.11/lib/python3.11/site-packages/airflow/example_dags/example_sla_dag.py took 0.102 seconds
[2023-10-21T14:54:52.741+0200] {processor.py:157} INFO - Started process (PID=68143) to work on /Library/Frameworks/Python.framework/Versions/3.11/lib/python3.11/site-packages/airflow/example_dags/example_sla_dag.py
[2023-10-21T14:54:52.744+0200] {processor.py:829} INFO - Processing file /Library/Frameworks/Python.framework/Versions/3.11/lib/python3.11/site-packages/airflow/example_dags/example_sla_dag.py for tasks to queue
[2023-10-21T14:54:52.744+0200] {logging_mixin.py:151} INFO - [2023-10-21T14:54:52.744+0200] {dagbag.py:536} INFO - Filling up the DagBag from /Library/Frameworks/Python.framework/Versions/3.11/lib/python3.11/site-packages/airflow/example_dags/example_sla_dag.py
[2023-10-21T14:54:52.763+0200] {processor.py:839} INFO - DAG(s) dict_keys(['example_sla_dag']) retrieved from /Library/Frameworks/Python.framework/Versions/3.11/lib/python3.11/site-packages/airflow/example_dags/example_sla_dag.py
[2023-10-21T14:54:52.832+0200] {logging_mixin.py:151} INFO - [2023-10-21T14:54:52.832+0200] {dag.py:2941} INFO - Sync 1 DAGs
[2023-10-21T14:54:52.839+0200] {logging_mixin.py:151} INFO - [2023-10-21T14:54:52.838+0200] {dag.py:3722} INFO - Setting next_dagrun for example_sla_dag to 2023-10-21T12:52:00+00:00, run_after=2023-10-21T12:54:00+00:00
[2023-10-21T14:54:52.845+0200] {processor.py:179} INFO - Processing /Library/Frameworks/Python.framework/Versions/3.11/lib/python3.11/site-packages/airflow/example_dags/example_sla_dag.py took 0.104 seconds
[2023-10-21T14:56:02.911+0200] {processor.py:157} INFO - Started process (PID=68299) to work on /Library/Frameworks/Python.framework/Versions/3.11/lib/python3.11/site-packages/airflow/example_dags/example_sla_dag.py
[2023-10-21T14:56:02.913+0200] {processor.py:829} INFO - Processing file /Library/Frameworks/Python.framework/Versions/3.11/lib/python3.11/site-packages/airflow/example_dags/example_sla_dag.py for tasks to queue
[2023-10-21T14:56:02.913+0200] {logging_mixin.py:151} INFO - [2023-10-21T14:56:02.913+0200] {dagbag.py:536} INFO - Filling up the DagBag from /Library/Frameworks/Python.framework/Versions/3.11/lib/python3.11/site-packages/airflow/example_dags/example_sla_dag.py
[2023-10-21T14:56:02.934+0200] {processor.py:839} INFO - DAG(s) dict_keys(['example_sla_dag']) retrieved from /Library/Frameworks/Python.framework/Versions/3.11/lib/python3.11/site-packages/airflow/example_dags/example_sla_dag.py
[2023-10-21T14:56:03.009+0200] {logging_mixin.py:151} INFO - [2023-10-21T14:56:03.009+0200] {dag.py:2941} INFO - Sync 1 DAGs
[2023-10-21T14:56:03.015+0200] {logging_mixin.py:151} INFO - [2023-10-21T14:56:03.015+0200] {dag.py:3722} INFO - Setting next_dagrun for example_sla_dag to 2023-10-21T12:54:00+00:00, run_after=2023-10-21T12:56:00+00:00
[2023-10-21T14:56:03.022+0200] {processor.py:179} INFO - Processing /Library/Frameworks/Python.framework/Versions/3.11/lib/python3.11/site-packages/airflow/example_dags/example_sla_dag.py took 0.111 seconds
