[2023-10-21T14:28:42.328+0200] {processor.py:157} INFO - Started process (PID=65129) to work on /Library/Frameworks/Python.framework/Versions/3.11/lib/python3.11/site-packages/airflow/example_dags/example_branch_python_dop_operator_3.py
[2023-10-21T14:28:42.330+0200] {processor.py:829} INFO - Processing file /Library/Frameworks/Python.framework/Versions/3.11/lib/python3.11/site-packages/airflow/example_dags/example_branch_python_dop_operator_3.py for tasks to queue
[2023-10-21T14:28:42.330+0200] {logging_mixin.py:151} INFO - [2023-10-21T14:28:42.330+0200] {dagbag.py:536} INFO - Filling up the DagBag from /Library/Frameworks/Python.framework/Versions/3.11/lib/python3.11/site-packages/airflow/example_dags/example_branch_python_dop_operator_3.py
[2023-10-21T14:28:42.350+0200] {processor.py:839} INFO - DAG(s) dict_keys(['example_branch_dop_operator_v3']) retrieved from /Library/Frameworks/Python.framework/Versions/3.11/lib/python3.11/site-packages/airflow/example_dags/example_branch_python_dop_operator_3.py
[2023-10-21T14:28:42.640+0200] {logging_mixin.py:151} INFO - [2023-10-21T14:28:42.640+0200] {dag.py:2941} INFO - Sync 1 DAGs
[2023-10-21T14:28:42.646+0200] {logging_mixin.py:151} INFO - [2023-10-21T14:28:42.646+0200] {dag.py:3722} INFO - Setting next_dagrun for example_branch_dop_operator_v3 to 2023-10-21T12:27:00+00:00, run_after=2023-10-21T12:28:00+00:00
[2023-10-21T14:28:42.653+0200] {processor.py:179} INFO - Processing /Library/Frameworks/Python.framework/Versions/3.11/lib/python3.11/site-packages/airflow/example_dags/example_branch_python_dop_operator_3.py took 0.325 seconds
[2023-10-21T14:30:01.527+0200] {processor.py:157} INFO - Started process (PID=65314) to work on /Library/Frameworks/Python.framework/Versions/3.11/lib/python3.11/site-packages/airflow/example_dags/example_branch_python_dop_operator_3.py
[2023-10-21T14:30:01.529+0200] {processor.py:829} INFO - Processing file /Library/Frameworks/Python.framework/Versions/3.11/lib/python3.11/site-packages/airflow/example_dags/example_branch_python_dop_operator_3.py for tasks to queue
[2023-10-21T14:30:01.530+0200] {logging_mixin.py:151} INFO - [2023-10-21T14:30:01.530+0200] {dagbag.py:536} INFO - Filling up the DagBag from /Library/Frameworks/Python.framework/Versions/3.11/lib/python3.11/site-packages/airflow/example_dags/example_branch_python_dop_operator_3.py
[2023-10-21T14:30:01.549+0200] {processor.py:839} INFO - DAG(s) dict_keys(['example_branch_dop_operator_v3']) retrieved from /Library/Frameworks/Python.framework/Versions/3.11/lib/python3.11/site-packages/airflow/example_dags/example_branch_python_dop_operator_3.py
[2023-10-21T14:30:01.619+0200] {logging_mixin.py:151} INFO - [2023-10-21T14:30:01.619+0200] {dag.py:2941} INFO - Sync 1 DAGs
[2023-10-21T14:30:01.626+0200] {logging_mixin.py:151} INFO - [2023-10-21T14:30:01.626+0200] {dag.py:3722} INFO - Setting next_dagrun for example_branch_dop_operator_v3 to 2023-10-21T12:29:00+00:00, run_after=2023-10-21T12:30:00+00:00
[2023-10-21T14:30:01.632+0200] {processor.py:179} INFO - Processing /Library/Frameworks/Python.framework/Versions/3.11/lib/python3.11/site-packages/airflow/example_dags/example_branch_python_dop_operator_3.py took 0.105 seconds
[2023-10-21T14:31:12.197+0200] {processor.py:157} INFO - Started process (PID=65453) to work on /Library/Frameworks/Python.framework/Versions/3.11/lib/python3.11/site-packages/airflow/example_dags/example_branch_python_dop_operator_3.py
[2023-10-21T14:31:12.200+0200] {processor.py:829} INFO - Processing file /Library/Frameworks/Python.framework/Versions/3.11/lib/python3.11/site-packages/airflow/example_dags/example_branch_python_dop_operator_3.py for tasks to queue
[2023-10-21T14:31:12.200+0200] {logging_mixin.py:151} INFO - [2023-10-21T14:31:12.200+0200] {dagbag.py:536} INFO - Filling up the DagBag from /Library/Frameworks/Python.framework/Versions/3.11/lib/python3.11/site-packages/airflow/example_dags/example_branch_python_dop_operator_3.py
[2023-10-21T14:31:12.220+0200] {processor.py:839} INFO - DAG(s) dict_keys(['example_branch_dop_operator_v3']) retrieved from /Library/Frameworks/Python.framework/Versions/3.11/lib/python3.11/site-packages/airflow/example_dags/example_branch_python_dop_operator_3.py
[2023-10-21T14:31:12.290+0200] {logging_mixin.py:151} INFO - [2023-10-21T14:31:12.290+0200] {dag.py:2941} INFO - Sync 1 DAGs
[2023-10-21T14:31:12.297+0200] {logging_mixin.py:151} INFO - [2023-10-21T14:31:12.297+0200] {dag.py:3722} INFO - Setting next_dagrun for example_branch_dop_operator_v3 to 2023-10-21T12:30:00+00:00, run_after=2023-10-21T12:31:00+00:00
[2023-10-21T14:31:12.303+0200] {processor.py:179} INFO - Processing /Library/Frameworks/Python.framework/Versions/3.11/lib/python3.11/site-packages/airflow/example_dags/example_branch_python_dop_operator_3.py took 0.106 seconds
[2023-10-21T14:32:24.361+0200] {processor.py:157} INFO - Started process (PID=65604) to work on /Library/Frameworks/Python.framework/Versions/3.11/lib/python3.11/site-packages/airflow/example_dags/example_branch_python_dop_operator_3.py
[2023-10-21T14:32:24.364+0200] {processor.py:829} INFO - Processing file /Library/Frameworks/Python.framework/Versions/3.11/lib/python3.11/site-packages/airflow/example_dags/example_branch_python_dop_operator_3.py for tasks to queue
[2023-10-21T14:32:24.364+0200] {logging_mixin.py:151} INFO - [2023-10-21T14:32:24.364+0200] {dagbag.py:536} INFO - Filling up the DagBag from /Library/Frameworks/Python.framework/Versions/3.11/lib/python3.11/site-packages/airflow/example_dags/example_branch_python_dop_operator_3.py
[2023-10-21T14:32:24.384+0200] {processor.py:839} INFO - DAG(s) dict_keys(['example_branch_dop_operator_v3']) retrieved from /Library/Frameworks/Python.framework/Versions/3.11/lib/python3.11/site-packages/airflow/example_dags/example_branch_python_dop_operator_3.py
[2023-10-21T14:32:24.453+0200] {logging_mixin.py:151} INFO - [2023-10-21T14:32:24.453+0200] {dag.py:2941} INFO - Sync 1 DAGs
[2023-10-21T14:32:24.460+0200] {logging_mixin.py:151} INFO - [2023-10-21T14:32:24.459+0200] {dag.py:3722} INFO - Setting next_dagrun for example_branch_dop_operator_v3 to 2023-10-21T12:31:00+00:00, run_after=2023-10-21T12:32:00+00:00
[2023-10-21T14:32:24.466+0200] {processor.py:179} INFO - Processing /Library/Frameworks/Python.framework/Versions/3.11/lib/python3.11/site-packages/airflow/example_dags/example_branch_python_dop_operator_3.py took 0.105 seconds
[2023-10-21T14:33:35.123+0200] {processor.py:157} INFO - Started process (PID=65767) to work on /Library/Frameworks/Python.framework/Versions/3.11/lib/python3.11/site-packages/airflow/example_dags/example_branch_python_dop_operator_3.py
[2023-10-21T14:33:35.126+0200] {processor.py:829} INFO - Processing file /Library/Frameworks/Python.framework/Versions/3.11/lib/python3.11/site-packages/airflow/example_dags/example_branch_python_dop_operator_3.py for tasks to queue
[2023-10-21T14:33:35.126+0200] {logging_mixin.py:151} INFO - [2023-10-21T14:33:35.126+0200] {dagbag.py:536} INFO - Filling up the DagBag from /Library/Frameworks/Python.framework/Versions/3.11/lib/python3.11/site-packages/airflow/example_dags/example_branch_python_dop_operator_3.py
[2023-10-21T14:33:35.146+0200] {processor.py:839} INFO - DAG(s) dict_keys(['example_branch_dop_operator_v3']) retrieved from /Library/Frameworks/Python.framework/Versions/3.11/lib/python3.11/site-packages/airflow/example_dags/example_branch_python_dop_operator_3.py
[2023-10-21T14:33:35.215+0200] {logging_mixin.py:151} INFO - [2023-10-21T14:33:35.215+0200] {dag.py:2941} INFO - Sync 1 DAGs
[2023-10-21T14:33:35.222+0200] {logging_mixin.py:151} INFO - [2023-10-21T14:33:35.222+0200] {dag.py:3722} INFO - Setting next_dagrun for example_branch_dop_operator_v3 to 2023-10-21T12:32:00+00:00, run_after=2023-10-21T12:33:00+00:00
[2023-10-21T14:33:35.228+0200] {processor.py:179} INFO - Processing /Library/Frameworks/Python.framework/Versions/3.11/lib/python3.11/site-packages/airflow/example_dags/example_branch_python_dop_operator_3.py took 0.105 seconds
[2023-10-21T14:34:45.437+0200] {processor.py:157} INFO - Started process (PID=65973) to work on /Library/Frameworks/Python.framework/Versions/3.11/lib/python3.11/site-packages/airflow/example_dags/example_branch_python_dop_operator_3.py
[2023-10-21T14:34:45.440+0200] {processor.py:829} INFO - Processing file /Library/Frameworks/Python.framework/Versions/3.11/lib/python3.11/site-packages/airflow/example_dags/example_branch_python_dop_operator_3.py for tasks to queue
[2023-10-21T14:34:45.440+0200] {logging_mixin.py:151} INFO - [2023-10-21T14:34:45.440+0200] {dagbag.py:536} INFO - Filling up the DagBag from /Library/Frameworks/Python.framework/Versions/3.11/lib/python3.11/site-packages/airflow/example_dags/example_branch_python_dop_operator_3.py
[2023-10-21T14:34:45.460+0200] {processor.py:839} INFO - DAG(s) dict_keys(['example_branch_dop_operator_v3']) retrieved from /Library/Frameworks/Python.framework/Versions/3.11/lib/python3.11/site-packages/airflow/example_dags/example_branch_python_dop_operator_3.py
[2023-10-21T14:34:45.530+0200] {logging_mixin.py:151} INFO - [2023-10-21T14:34:45.529+0200] {dag.py:2941} INFO - Sync 1 DAGs
[2023-10-21T14:34:45.536+0200] {logging_mixin.py:151} INFO - [2023-10-21T14:34:45.536+0200] {dag.py:3722} INFO - Setting next_dagrun for example_branch_dop_operator_v3 to 2023-10-21T12:33:00+00:00, run_after=2023-10-21T12:34:00+00:00
[2023-10-21T14:34:45.542+0200] {processor.py:179} INFO - Processing /Library/Frameworks/Python.framework/Versions/3.11/lib/python3.11/site-packages/airflow/example_dags/example_branch_python_dop_operator_3.py took 0.105 seconds
[2023-10-21T14:35:57.313+0200] {processor.py:157} INFO - Started process (PID=66145) to work on /Library/Frameworks/Python.framework/Versions/3.11/lib/python3.11/site-packages/airflow/example_dags/example_branch_python_dop_operator_3.py
[2023-10-21T14:35:57.315+0200] {processor.py:829} INFO - Processing file /Library/Frameworks/Python.framework/Versions/3.11/lib/python3.11/site-packages/airflow/example_dags/example_branch_python_dop_operator_3.py for tasks to queue
[2023-10-21T14:35:57.315+0200] {logging_mixin.py:151} INFO - [2023-10-21T14:35:57.315+0200] {dagbag.py:536} INFO - Filling up the DagBag from /Library/Frameworks/Python.framework/Versions/3.11/lib/python3.11/site-packages/airflow/example_dags/example_branch_python_dop_operator_3.py
[2023-10-21T14:35:57.336+0200] {processor.py:839} INFO - DAG(s) dict_keys(['example_branch_dop_operator_v3']) retrieved from /Library/Frameworks/Python.framework/Versions/3.11/lib/python3.11/site-packages/airflow/example_dags/example_branch_python_dop_operator_3.py
[2023-10-21T14:35:57.410+0200] {logging_mixin.py:151} INFO - [2023-10-21T14:35:57.410+0200] {dag.py:2941} INFO - Sync 1 DAGs
[2023-10-21T14:35:57.417+0200] {logging_mixin.py:151} INFO - [2023-10-21T14:35:57.417+0200] {dag.py:3722} INFO - Setting next_dagrun for example_branch_dop_operator_v3 to 2023-10-21T12:34:00+00:00, run_after=2023-10-21T12:35:00+00:00
[2023-10-21T14:35:57.423+0200] {processor.py:179} INFO - Processing /Library/Frameworks/Python.framework/Versions/3.11/lib/python3.11/site-packages/airflow/example_dags/example_branch_python_dop_operator_3.py took 0.111 seconds
[2023-10-21T14:46:02.549+0200] {processor.py:157} INFO - Started process (PID=67022) to work on /Library/Frameworks/Python.framework/Versions/3.11/lib/python3.11/site-packages/airflow/example_dags/example_branch_python_dop_operator_3.py
[2023-10-21T14:46:02.551+0200] {processor.py:829} INFO - Processing file /Library/Frameworks/Python.framework/Versions/3.11/lib/python3.11/site-packages/airflow/example_dags/example_branch_python_dop_operator_3.py for tasks to queue
[2023-10-21T14:46:02.551+0200] {logging_mixin.py:151} INFO - [2023-10-21T14:46:02.551+0200] {dagbag.py:536} INFO - Filling up the DagBag from /Library/Frameworks/Python.framework/Versions/3.11/lib/python3.11/site-packages/airflow/example_dags/example_branch_python_dop_operator_3.py
[2023-10-21T14:46:02.570+0200] {processor.py:839} INFO - DAG(s) dict_keys(['example_branch_dop_operator_v3']) retrieved from /Library/Frameworks/Python.framework/Versions/3.11/lib/python3.11/site-packages/airflow/example_dags/example_branch_python_dop_operator_3.py
[2023-10-21T14:46:02.639+0200] {logging_mixin.py:151} INFO - [2023-10-21T14:46:02.639+0200] {dag.py:2941} INFO - Sync 1 DAGs
[2023-10-21T14:46:02.646+0200] {logging_mixin.py:151} INFO - [2023-10-21T14:46:02.646+0200] {dag.py:3722} INFO - Setting next_dagrun for example_branch_dop_operator_v3 to 2023-10-21T12:45:00+00:00, run_after=2023-10-21T12:46:00+00:00
[2023-10-21T14:46:02.652+0200] {processor.py:179} INFO - Processing /Library/Frameworks/Python.framework/Versions/3.11/lib/python3.11/site-packages/airflow/example_dags/example_branch_python_dop_operator_3.py took 0.104 seconds
[2023-10-21T14:51:58.394+0200] {processor.py:157} INFO - Started process (PID=67800) to work on /Library/Frameworks/Python.framework/Versions/3.11/lib/python3.11/site-packages/airflow/example_dags/example_branch_python_dop_operator_3.py
[2023-10-21T14:51:58.397+0200] {processor.py:829} INFO - Processing file /Library/Frameworks/Python.framework/Versions/3.11/lib/python3.11/site-packages/airflow/example_dags/example_branch_python_dop_operator_3.py for tasks to queue
[2023-10-21T14:51:58.397+0200] {logging_mixin.py:151} INFO - [2023-10-21T14:51:58.397+0200] {dagbag.py:536} INFO - Filling up the DagBag from /Library/Frameworks/Python.framework/Versions/3.11/lib/python3.11/site-packages/airflow/example_dags/example_branch_python_dop_operator_3.py
[2023-10-21T14:51:58.416+0200] {processor.py:839} INFO - DAG(s) dict_keys(['example_branch_dop_operator_v3']) retrieved from /Library/Frameworks/Python.framework/Versions/3.11/lib/python3.11/site-packages/airflow/example_dags/example_branch_python_dop_operator_3.py
[2023-10-21T14:51:58.433+0200] {logging_mixin.py:151} INFO - [2023-10-21T14:51:58.433+0200] {dag.py:2941} INFO - Sync 1 DAGs
[2023-10-21T14:51:58.462+0200] {logging_mixin.py:151} INFO - [2023-10-21T14:51:58.462+0200] {dag.py:3722} INFO - Setting next_dagrun for example_branch_dop_operator_v3 to 2023-10-21T12:50:00+00:00, run_after=2023-10-21T12:51:00+00:00
[2023-10-21T14:51:58.468+0200] {processor.py:179} INFO - Processing /Library/Frameworks/Python.framework/Versions/3.11/lib/python3.11/site-packages/airflow/example_dags/example_branch_python_dop_operator_3.py took 0.075 seconds
[2023-10-21T14:53:08.220+0200] {processor.py:157} INFO - Started process (PID=67939) to work on /Library/Frameworks/Python.framework/Versions/3.11/lib/python3.11/site-packages/airflow/example_dags/example_branch_python_dop_operator_3.py
[2023-10-21T14:53:08.222+0200] {processor.py:829} INFO - Processing file /Library/Frameworks/Python.framework/Versions/3.11/lib/python3.11/site-packages/airflow/example_dags/example_branch_python_dop_operator_3.py for tasks to queue
[2023-10-21T14:53:08.222+0200] {logging_mixin.py:151} INFO - [2023-10-21T14:53:08.222+0200] {dagbag.py:536} INFO - Filling up the DagBag from /Library/Frameworks/Python.framework/Versions/3.11/lib/python3.11/site-packages/airflow/example_dags/example_branch_python_dop_operator_3.py
[2023-10-21T14:53:08.241+0200] {processor.py:839} INFO - DAG(s) dict_keys(['example_branch_dop_operator_v3']) retrieved from /Library/Frameworks/Python.framework/Versions/3.11/lib/python3.11/site-packages/airflow/example_dags/example_branch_python_dop_operator_3.py
[2023-10-21T14:53:08.310+0200] {logging_mixin.py:151} INFO - [2023-10-21T14:53:08.310+0200] {dag.py:2941} INFO - Sync 1 DAGs
[2023-10-21T14:53:08.317+0200] {logging_mixin.py:151} INFO - [2023-10-21T14:53:08.317+0200] {dag.py:3722} INFO - Setting next_dagrun for example_branch_dop_operator_v3 to 2023-10-21T12:52:00+00:00, run_after=2023-10-21T12:53:00+00:00
[2023-10-21T14:53:08.324+0200] {processor.py:179} INFO - Processing /Library/Frameworks/Python.framework/Versions/3.11/lib/python3.11/site-packages/airflow/example_dags/example_branch_python_dop_operator_3.py took 0.104 seconds
[2023-10-21T14:54:21.338+0200] {processor.py:157} INFO - Started process (PID=68082) to work on /Library/Frameworks/Python.framework/Versions/3.11/lib/python3.11/site-packages/airflow/example_dags/example_branch_python_dop_operator_3.py
[2023-10-21T14:54:21.340+0200] {processor.py:829} INFO - Processing file /Library/Frameworks/Python.framework/Versions/3.11/lib/python3.11/site-packages/airflow/example_dags/example_branch_python_dop_operator_3.py for tasks to queue
[2023-10-21T14:54:21.340+0200] {logging_mixin.py:151} INFO - [2023-10-21T14:54:21.340+0200] {dagbag.py:536} INFO - Filling up the DagBag from /Library/Frameworks/Python.framework/Versions/3.11/lib/python3.11/site-packages/airflow/example_dags/example_branch_python_dop_operator_3.py
[2023-10-21T14:54:21.360+0200] {processor.py:839} INFO - DAG(s) dict_keys(['example_branch_dop_operator_v3']) retrieved from /Library/Frameworks/Python.framework/Versions/3.11/lib/python3.11/site-packages/airflow/example_dags/example_branch_python_dop_operator_3.py
[2023-10-21T14:54:21.430+0200] {logging_mixin.py:151} INFO - [2023-10-21T14:54:21.430+0200] {dag.py:2941} INFO - Sync 1 DAGs
[2023-10-21T14:54:21.437+0200] {logging_mixin.py:151} INFO - [2023-10-21T14:54:21.437+0200] {dag.py:3722} INFO - Setting next_dagrun for example_branch_dop_operator_v3 to 2023-10-21T12:53:00+00:00, run_after=2023-10-21T12:54:00+00:00
[2023-10-21T14:54:21.444+0200] {processor.py:179} INFO - Processing /Library/Frameworks/Python.framework/Versions/3.11/lib/python3.11/site-packages/airflow/example_dags/example_branch_python_dop_operator_3.py took 0.106 seconds
[2023-10-21T14:55:30.278+0200] {processor.py:157} INFO - Started process (PID=68226) to work on /Library/Frameworks/Python.framework/Versions/3.11/lib/python3.11/site-packages/airflow/example_dags/example_branch_python_dop_operator_3.py
[2023-10-21T14:55:30.281+0200] {processor.py:829} INFO - Processing file /Library/Frameworks/Python.framework/Versions/3.11/lib/python3.11/site-packages/airflow/example_dags/example_branch_python_dop_operator_3.py for tasks to queue
[2023-10-21T14:55:30.281+0200] {logging_mixin.py:151} INFO - [2023-10-21T14:55:30.281+0200] {dagbag.py:536} INFO - Filling up the DagBag from /Library/Frameworks/Python.framework/Versions/3.11/lib/python3.11/site-packages/airflow/example_dags/example_branch_python_dop_operator_3.py
[2023-10-21T14:55:30.300+0200] {processor.py:839} INFO - DAG(s) dict_keys(['example_branch_dop_operator_v3']) retrieved from /Library/Frameworks/Python.framework/Versions/3.11/lib/python3.11/site-packages/airflow/example_dags/example_branch_python_dop_operator_3.py
[2023-10-21T14:55:30.369+0200] {logging_mixin.py:151} INFO - [2023-10-21T14:55:30.369+0200] {dag.py:2941} INFO - Sync 1 DAGs
[2023-10-21T14:55:30.376+0200] {logging_mixin.py:151} INFO - [2023-10-21T14:55:30.376+0200] {dag.py:3722} INFO - Setting next_dagrun for example_branch_dop_operator_v3 to 2023-10-21T12:54:00+00:00, run_after=2023-10-21T12:55:00+00:00
[2023-10-21T14:55:30.382+0200] {processor.py:179} INFO - Processing /Library/Frameworks/Python.framework/Versions/3.11/lib/python3.11/site-packages/airflow/example_dags/example_branch_python_dop_operator_3.py took 0.104 seconds
