[2023-10-21T14:28:09.679+0200] {processor.py:157} INFO - Started process (PID=65067) to work on /Library/Frameworks/Python.framework/Versions/3.11/lib/python3.11/site-packages/airflow/example_dags/example_setup_teardown_taskflow.py
[2023-10-21T14:28:09.681+0200] {processor.py:829} INFO - Processing file /Library/Frameworks/Python.framework/Versions/3.11/lib/python3.11/site-packages/airflow/example_dags/example_setup_teardown_taskflow.py for tasks to queue
[2023-10-21T14:28:09.681+0200] {logging_mixin.py:151} INFO - [2023-10-21T14:28:09.681+0200] {dagbag.py:536} INFO - Filling up the DagBag from /Library/Frameworks/Python.framework/Versions/3.11/lib/python3.11/site-packages/airflow/example_dags/example_setup_teardown_taskflow.py
[2023-10-21T14:28:09.701+0200] {processor.py:839} INFO - DAG(s) dict_keys(['example_setup_teardown_taskflow']) retrieved from /Library/Frameworks/Python.framework/Versions/3.11/lib/python3.11/site-packages/airflow/example_dags/example_setup_teardown_taskflow.py
[2023-10-21T14:28:09.990+0200] {logging_mixin.py:151} INFO - [2023-10-21T14:28:09.990+0200] {dag.py:2941} INFO - Sync 1 DAGs
[2023-10-21T14:28:09.995+0200] {logging_mixin.py:151} INFO - [2023-10-21T14:28:09.995+0200] {dag.py:3722} INFO - Setting next_dagrun for example_setup_teardown_taskflow to 2023-10-20T12:28:09.995107+00:00, run_after=2023-10-21T12:28:09.995107+00:00
[2023-10-21T14:28:10.002+0200] {processor.py:179} INFO - Processing /Library/Frameworks/Python.framework/Versions/3.11/lib/python3.11/site-packages/airflow/example_dags/example_setup_teardown_taskflow.py took 0.323 seconds
[2023-10-21T14:29:23.808+0200] {processor.py:157} INFO - Started process (PID=65233) to work on /Library/Frameworks/Python.framework/Versions/3.11/lib/python3.11/site-packages/airflow/example_dags/example_setup_teardown_taskflow.py
[2023-10-21T14:29:23.811+0200] {processor.py:829} INFO - Processing file /Library/Frameworks/Python.framework/Versions/3.11/lib/python3.11/site-packages/airflow/example_dags/example_setup_teardown_taskflow.py for tasks to queue
[2023-10-21T14:29:23.811+0200] {logging_mixin.py:151} INFO - [2023-10-21T14:29:23.811+0200] {dagbag.py:536} INFO - Filling up the DagBag from /Library/Frameworks/Python.framework/Versions/3.11/lib/python3.11/site-packages/airflow/example_dags/example_setup_teardown_taskflow.py
[2023-10-21T14:29:23.830+0200] {processor.py:839} INFO - DAG(s) dict_keys(['example_setup_teardown_taskflow']) retrieved from /Library/Frameworks/Python.framework/Versions/3.11/lib/python3.11/site-packages/airflow/example_dags/example_setup_teardown_taskflow.py
[2023-10-21T14:29:23.904+0200] {logging_mixin.py:151} INFO - [2023-10-21T14:29:23.904+0200] {dag.py:2941} INFO - Sync 1 DAGs
[2023-10-21T14:29:23.909+0200] {logging_mixin.py:151} INFO - [2023-10-21T14:29:23.909+0200] {dag.py:3722} INFO - Setting next_dagrun for example_setup_teardown_taskflow to 2023-10-20T12:29:23.909810+00:00, run_after=2023-10-21T12:29:23.909810+00:00
[2023-10-21T14:29:23.916+0200] {processor.py:179} INFO - Processing /Library/Frameworks/Python.framework/Versions/3.11/lib/python3.11/site-packages/airflow/example_dags/example_setup_teardown_taskflow.py took 0.108 seconds
[2023-10-21T14:30:35.097+0200] {processor.py:157} INFO - Started process (PID=65375) to work on /Library/Frameworks/Python.framework/Versions/3.11/lib/python3.11/site-packages/airflow/example_dags/example_setup_teardown_taskflow.py
[2023-10-21T14:30:35.100+0200] {processor.py:829} INFO - Processing file /Library/Frameworks/Python.framework/Versions/3.11/lib/python3.11/site-packages/airflow/example_dags/example_setup_teardown_taskflow.py for tasks to queue
[2023-10-21T14:30:35.100+0200] {logging_mixin.py:151} INFO - [2023-10-21T14:30:35.100+0200] {dagbag.py:536} INFO - Filling up the DagBag from /Library/Frameworks/Python.framework/Versions/3.11/lib/python3.11/site-packages/airflow/example_dags/example_setup_teardown_taskflow.py
[2023-10-21T14:30:35.119+0200] {processor.py:839} INFO - DAG(s) dict_keys(['example_setup_teardown_taskflow']) retrieved from /Library/Frameworks/Python.framework/Versions/3.11/lib/python3.11/site-packages/airflow/example_dags/example_setup_teardown_taskflow.py
[2023-10-21T14:30:35.189+0200] {logging_mixin.py:151} INFO - [2023-10-21T14:30:35.189+0200] {dag.py:2941} INFO - Sync 1 DAGs
[2023-10-21T14:30:35.194+0200] {logging_mixin.py:151} INFO - [2023-10-21T14:30:35.194+0200] {dag.py:3722} INFO - Setting next_dagrun for example_setup_teardown_taskflow to 2023-10-20T12:30:35.194702+00:00, run_after=2023-10-21T12:30:35.194702+00:00
[2023-10-21T14:30:35.201+0200] {processor.py:179} INFO - Processing /Library/Frameworks/Python.framework/Versions/3.11/lib/python3.11/site-packages/airflow/example_dags/example_setup_teardown_taskflow.py took 0.104 seconds
[2023-10-21T14:31:46.729+0200] {processor.py:157} INFO - Started process (PID=65523) to work on /Library/Frameworks/Python.framework/Versions/3.11/lib/python3.11/site-packages/airflow/example_dags/example_setup_teardown_taskflow.py
[2023-10-21T14:31:46.731+0200] {processor.py:829} INFO - Processing file /Library/Frameworks/Python.framework/Versions/3.11/lib/python3.11/site-packages/airflow/example_dags/example_setup_teardown_taskflow.py for tasks to queue
[2023-10-21T14:31:46.731+0200] {logging_mixin.py:151} INFO - [2023-10-21T14:31:46.731+0200] {dagbag.py:536} INFO - Filling up the DagBag from /Library/Frameworks/Python.framework/Versions/3.11/lib/python3.11/site-packages/airflow/example_dags/example_setup_teardown_taskflow.py
[2023-10-21T14:31:46.751+0200] {processor.py:839} INFO - DAG(s) dict_keys(['example_setup_teardown_taskflow']) retrieved from /Library/Frameworks/Python.framework/Versions/3.11/lib/python3.11/site-packages/airflow/example_dags/example_setup_teardown_taskflow.py
[2023-10-21T14:31:46.821+0200] {logging_mixin.py:151} INFO - [2023-10-21T14:31:46.821+0200] {dag.py:2941} INFO - Sync 1 DAGs
[2023-10-21T14:31:46.826+0200] {logging_mixin.py:151} INFO - [2023-10-21T14:31:46.826+0200] {dag.py:3722} INFO - Setting next_dagrun for example_setup_teardown_taskflow to 2023-10-20T12:31:46.826844+00:00, run_after=2023-10-21T12:31:46.826844+00:00
[2023-10-21T14:31:46.832+0200] {processor.py:179} INFO - Processing /Library/Frameworks/Python.framework/Versions/3.11/lib/python3.11/site-packages/airflow/example_dags/example_setup_teardown_taskflow.py took 0.104 seconds
[2023-10-21T14:32:59.149+0200] {processor.py:157} INFO - Started process (PID=65683) to work on /Library/Frameworks/Python.framework/Versions/3.11/lib/python3.11/site-packages/airflow/example_dags/example_setup_teardown_taskflow.py
[2023-10-21T14:32:59.151+0200] {processor.py:829} INFO - Processing file /Library/Frameworks/Python.framework/Versions/3.11/lib/python3.11/site-packages/airflow/example_dags/example_setup_teardown_taskflow.py for tasks to queue
[2023-10-21T14:32:59.152+0200] {logging_mixin.py:151} INFO - [2023-10-21T14:32:59.152+0200] {dagbag.py:536} INFO - Filling up the DagBag from /Library/Frameworks/Python.framework/Versions/3.11/lib/python3.11/site-packages/airflow/example_dags/example_setup_teardown_taskflow.py
[2023-10-21T14:32:59.171+0200] {processor.py:839} INFO - DAG(s) dict_keys(['example_setup_teardown_taskflow']) retrieved from /Library/Frameworks/Python.framework/Versions/3.11/lib/python3.11/site-packages/airflow/example_dags/example_setup_teardown_taskflow.py
[2023-10-21T14:32:59.242+0200] {logging_mixin.py:151} INFO - [2023-10-21T14:32:59.242+0200] {dag.py:2941} INFO - Sync 1 DAGs
[2023-10-21T14:32:59.247+0200] {logging_mixin.py:151} INFO - [2023-10-21T14:32:59.247+0200] {dag.py:3722} INFO - Setting next_dagrun for example_setup_teardown_taskflow to 2023-10-20T12:32:59.247094+00:00, run_after=2023-10-21T12:32:59.247094+00:00
[2023-10-21T14:32:59.253+0200] {processor.py:179} INFO - Processing /Library/Frameworks/Python.framework/Versions/3.11/lib/python3.11/site-packages/airflow/example_dags/example_setup_teardown_taskflow.py took 0.104 seconds
[2023-10-21T14:34:09.391+0200] {processor.py:157} INFO - Started process (PID=65901) to work on /Library/Frameworks/Python.framework/Versions/3.11/lib/python3.11/site-packages/airflow/example_dags/example_setup_teardown_taskflow.py
[2023-10-21T14:34:09.394+0200] {processor.py:829} INFO - Processing file /Library/Frameworks/Python.framework/Versions/3.11/lib/python3.11/site-packages/airflow/example_dags/example_setup_teardown_taskflow.py for tasks to queue
[2023-10-21T14:34:09.394+0200] {logging_mixin.py:151} INFO - [2023-10-21T14:34:09.394+0200] {dagbag.py:536} INFO - Filling up the DagBag from /Library/Frameworks/Python.framework/Versions/3.11/lib/python3.11/site-packages/airflow/example_dags/example_setup_teardown_taskflow.py
[2023-10-21T14:34:09.413+0200] {processor.py:839} INFO - DAG(s) dict_keys(['example_setup_teardown_taskflow']) retrieved from /Library/Frameworks/Python.framework/Versions/3.11/lib/python3.11/site-packages/airflow/example_dags/example_setup_teardown_taskflow.py
[2023-10-21T14:34:09.483+0200] {logging_mixin.py:151} INFO - [2023-10-21T14:34:09.483+0200] {dag.py:2941} INFO - Sync 1 DAGs
[2023-10-21T14:34:09.488+0200] {logging_mixin.py:151} INFO - [2023-10-21T14:34:09.488+0200] {dag.py:3722} INFO - Setting next_dagrun for example_setup_teardown_taskflow to 2023-10-20T12:34:09.488576+00:00, run_after=2023-10-21T12:34:09.488576+00:00
[2023-10-21T14:34:09.495+0200] {processor.py:179} INFO - Processing /Library/Frameworks/Python.framework/Versions/3.11/lib/python3.11/site-packages/airflow/example_dags/example_setup_teardown_taskflow.py took 0.104 seconds
[2023-10-21T14:35:19.143+0200] {processor.py:157} INFO - Started process (PID=66075) to work on /Library/Frameworks/Python.framework/Versions/3.11/lib/python3.11/site-packages/airflow/example_dags/example_setup_teardown_taskflow.py
[2023-10-21T14:35:19.144+0200] {processor.py:829} INFO - Processing file /Library/Frameworks/Python.framework/Versions/3.11/lib/python3.11/site-packages/airflow/example_dags/example_setup_teardown_taskflow.py for tasks to queue
[2023-10-21T14:35:19.145+0200] {logging_mixin.py:151} INFO - [2023-10-21T14:35:19.144+0200] {dagbag.py:536} INFO - Filling up the DagBag from /Library/Frameworks/Python.framework/Versions/3.11/lib/python3.11/site-packages/airflow/example_dags/example_setup_teardown_taskflow.py
[2023-10-21T14:35:19.165+0200] {processor.py:839} INFO - DAG(s) dict_keys(['example_setup_teardown_taskflow']) retrieved from /Library/Frameworks/Python.framework/Versions/3.11/lib/python3.11/site-packages/airflow/example_dags/example_setup_teardown_taskflow.py
[2023-10-21T14:35:19.235+0200] {logging_mixin.py:151} INFO - [2023-10-21T14:35:19.235+0200] {dag.py:2941} INFO - Sync 1 DAGs
[2023-10-21T14:35:19.240+0200] {logging_mixin.py:151} INFO - [2023-10-21T14:35:19.240+0200] {dag.py:3722} INFO - Setting next_dagrun for example_setup_teardown_taskflow to 2023-10-20T12:35:19.240700+00:00, run_after=2023-10-21T12:35:19.240700+00:00
[2023-10-21T14:35:19.247+0200] {processor.py:179} INFO - Processing /Library/Frameworks/Python.framework/Versions/3.11/lib/python3.11/site-packages/airflow/example_dags/example_setup_teardown_taskflow.py took 0.104 seconds
[2023-10-21T14:45:34.854+0200] {processor.py:157} INFO - Started process (PID=66972) to work on /Library/Frameworks/Python.framework/Versions/3.11/lib/python3.11/site-packages/airflow/example_dags/example_setup_teardown_taskflow.py
[2023-10-21T14:45:34.856+0200] {processor.py:829} INFO - Processing file /Library/Frameworks/Python.framework/Versions/3.11/lib/python3.11/site-packages/airflow/example_dags/example_setup_teardown_taskflow.py for tasks to queue
[2023-10-21T14:45:34.856+0200] {logging_mixin.py:151} INFO - [2023-10-21T14:45:34.856+0200] {dagbag.py:536} INFO - Filling up the DagBag from /Library/Frameworks/Python.framework/Versions/3.11/lib/python3.11/site-packages/airflow/example_dags/example_setup_teardown_taskflow.py
[2023-10-21T14:45:34.875+0200] {processor.py:839} INFO - DAG(s) dict_keys(['example_setup_teardown_taskflow']) retrieved from /Library/Frameworks/Python.framework/Versions/3.11/lib/python3.11/site-packages/airflow/example_dags/example_setup_teardown_taskflow.py
[2023-10-21T14:45:34.946+0200] {logging_mixin.py:151} INFO - [2023-10-21T14:45:34.945+0200] {dag.py:2941} INFO - Sync 1 DAGs
[2023-10-21T14:45:34.951+0200] {logging_mixin.py:151} INFO - [2023-10-21T14:45:34.951+0200] {dag.py:3722} INFO - Setting next_dagrun for example_setup_teardown_taskflow to 2023-10-20T12:45:34.951179+00:00, run_after=2023-10-21T12:45:34.951179+00:00
[2023-10-21T14:45:34.957+0200] {processor.py:179} INFO - Processing /Library/Frameworks/Python.framework/Versions/3.11/lib/python3.11/site-packages/airflow/example_dags/example_setup_teardown_taskflow.py took 0.103 seconds
[2023-10-21T14:46:38.530+0200] {processor.py:157} INFO - Started process (PID=67104) to work on /Library/Frameworks/Python.framework/Versions/3.11/lib/python3.11/site-packages/airflow/example_dags/example_setup_teardown_taskflow.py
[2023-10-21T14:46:38.533+0200] {processor.py:829} INFO - Processing file /Library/Frameworks/Python.framework/Versions/3.11/lib/python3.11/site-packages/airflow/example_dags/example_setup_teardown_taskflow.py for tasks to queue
[2023-10-21T14:46:38.533+0200] {logging_mixin.py:151} INFO - [2023-10-21T14:46:38.533+0200] {dagbag.py:536} INFO - Filling up the DagBag from /Library/Frameworks/Python.framework/Versions/3.11/lib/python3.11/site-packages/airflow/example_dags/example_setup_teardown_taskflow.py
[2023-10-21T14:46:38.552+0200] {processor.py:839} INFO - DAG(s) dict_keys(['example_setup_teardown_taskflow']) retrieved from /Library/Frameworks/Python.framework/Versions/3.11/lib/python3.11/site-packages/airflow/example_dags/example_setup_teardown_taskflow.py
[2023-10-21T14:46:38.623+0200] {logging_mixin.py:151} INFO - [2023-10-21T14:46:38.623+0200] {dag.py:2941} INFO - Sync 1 DAGs
[2023-10-21T14:46:38.628+0200] {logging_mixin.py:151} INFO - [2023-10-21T14:46:38.628+0200] {dag.py:3722} INFO - Setting next_dagrun for example_setup_teardown_taskflow to 2023-10-20T12:46:38.628295+00:00, run_after=2023-10-21T12:46:38.628295+00:00
[2023-10-21T14:46:38.634+0200] {processor.py:179} INFO - Processing /Library/Frameworks/Python.framework/Versions/3.11/lib/python3.11/site-packages/airflow/example_dags/example_setup_teardown_taskflow.py took 0.105 seconds
[2023-10-21T14:51:32.011+0200] {processor.py:157} INFO - Started process (PID=67744) to work on /Library/Frameworks/Python.framework/Versions/3.11/lib/python3.11/site-packages/airflow/example_dags/example_setup_teardown_taskflow.py
[2023-10-21T14:51:32.013+0200] {processor.py:829} INFO - Processing file /Library/Frameworks/Python.framework/Versions/3.11/lib/python3.11/site-packages/airflow/example_dags/example_setup_teardown_taskflow.py for tasks to queue
[2023-10-21T14:51:32.014+0200] {logging_mixin.py:151} INFO - [2023-10-21T14:51:32.014+0200] {dagbag.py:536} INFO - Filling up the DagBag from /Library/Frameworks/Python.framework/Versions/3.11/lib/python3.11/site-packages/airflow/example_dags/example_setup_teardown_taskflow.py
[2023-10-21T14:51:32.035+0200] {processor.py:839} INFO - DAG(s) dict_keys(['example_setup_teardown_taskflow']) retrieved from /Library/Frameworks/Python.framework/Versions/3.11/lib/python3.11/site-packages/airflow/example_dags/example_setup_teardown_taskflow.py
[2023-10-21T14:51:32.053+0200] {logging_mixin.py:151} INFO - [2023-10-21T14:51:32.053+0200] {dag.py:2941} INFO - Sync 1 DAGs
[2023-10-21T14:51:32.083+0200] {logging_mixin.py:151} INFO - [2023-10-21T14:51:32.083+0200] {dag.py:3722} INFO - Setting next_dagrun for example_setup_teardown_taskflow to 2023-10-20T12:51:32.083824+00:00, run_after=2023-10-21T12:51:32.083824+00:00
[2023-10-21T14:51:32.090+0200] {processor.py:179} INFO - Processing /Library/Frameworks/Python.framework/Versions/3.11/lib/python3.11/site-packages/airflow/example_dags/example_setup_teardown_taskflow.py took 0.080 seconds
[2023-10-21T14:52:36.559+0200] {processor.py:157} INFO - Started process (PID=67881) to work on /Library/Frameworks/Python.framework/Versions/3.11/lib/python3.11/site-packages/airflow/example_dags/example_setup_teardown_taskflow.py
[2023-10-21T14:52:36.561+0200] {processor.py:829} INFO - Processing file /Library/Frameworks/Python.framework/Versions/3.11/lib/python3.11/site-packages/airflow/example_dags/example_setup_teardown_taskflow.py for tasks to queue
[2023-10-21T14:52:36.562+0200] {logging_mixin.py:151} INFO - [2023-10-21T14:52:36.561+0200] {dagbag.py:536} INFO - Filling up the DagBag from /Library/Frameworks/Python.framework/Versions/3.11/lib/python3.11/site-packages/airflow/example_dags/example_setup_teardown_taskflow.py
[2023-10-21T14:52:36.584+0200] {processor.py:839} INFO - DAG(s) dict_keys(['example_setup_teardown_taskflow']) retrieved from /Library/Frameworks/Python.framework/Versions/3.11/lib/python3.11/site-packages/airflow/example_dags/example_setup_teardown_taskflow.py
[2023-10-21T14:52:36.664+0200] {logging_mixin.py:151} INFO - [2023-10-21T14:52:36.664+0200] {dag.py:2941} INFO - Sync 1 DAGs
[2023-10-21T14:52:36.670+0200] {logging_mixin.py:151} INFO - [2023-10-21T14:52:36.670+0200] {dag.py:3722} INFO - Setting next_dagrun for example_setup_teardown_taskflow to 2023-10-20T12:52:36.670734+00:00, run_after=2023-10-21T12:52:36.670734+00:00
[2023-10-21T14:52:36.678+0200] {processor.py:179} INFO - Processing /Library/Frameworks/Python.framework/Versions/3.11/lib/python3.11/site-packages/airflow/example_dags/example_setup_teardown_taskflow.py took 0.119 seconds
[2023-10-21T14:53:46.811+0200] {processor.py:157} INFO - Started process (PID=68009) to work on /Library/Frameworks/Python.framework/Versions/3.11/lib/python3.11/site-packages/airflow/example_dags/example_setup_teardown_taskflow.py
[2023-10-21T14:53:46.813+0200] {processor.py:829} INFO - Processing file /Library/Frameworks/Python.framework/Versions/3.11/lib/python3.11/site-packages/airflow/example_dags/example_setup_teardown_taskflow.py for tasks to queue
[2023-10-21T14:53:46.813+0200] {logging_mixin.py:151} INFO - [2023-10-21T14:53:46.813+0200] {dagbag.py:536} INFO - Filling up the DagBag from /Library/Frameworks/Python.framework/Versions/3.11/lib/python3.11/site-packages/airflow/example_dags/example_setup_teardown_taskflow.py
[2023-10-21T14:53:46.832+0200] {processor.py:839} INFO - DAG(s) dict_keys(['example_setup_teardown_taskflow']) retrieved from /Library/Frameworks/Python.framework/Versions/3.11/lib/python3.11/site-packages/airflow/example_dags/example_setup_teardown_taskflow.py
[2023-10-21T14:53:46.904+0200] {logging_mixin.py:151} INFO - [2023-10-21T14:53:46.904+0200] {dag.py:2941} INFO - Sync 1 DAGs
[2023-10-21T14:53:46.910+0200] {logging_mixin.py:151} INFO - [2023-10-21T14:53:46.910+0200] {dag.py:3722} INFO - Setting next_dagrun for example_setup_teardown_taskflow to 2023-10-20T12:53:46.910185+00:00, run_after=2023-10-21T12:53:46.910185+00:00
[2023-10-21T14:53:46.920+0200] {processor.py:179} INFO - Processing /Library/Frameworks/Python.framework/Versions/3.11/lib/python3.11/site-packages/airflow/example_dags/example_setup_teardown_taskflow.py took 0.110 seconds
[2023-10-21T14:54:58.927+0200] {processor.py:157} INFO - Started process (PID=68169) to work on /Library/Frameworks/Python.framework/Versions/3.11/lib/python3.11/site-packages/airflow/example_dags/example_setup_teardown_taskflow.py
[2023-10-21T14:54:58.930+0200] {processor.py:829} INFO - Processing file /Library/Frameworks/Python.framework/Versions/3.11/lib/python3.11/site-packages/airflow/example_dags/example_setup_teardown_taskflow.py for tasks to queue
[2023-10-21T14:54:58.930+0200] {logging_mixin.py:151} INFO - [2023-10-21T14:54:58.930+0200] {dagbag.py:536} INFO - Filling up the DagBag from /Library/Frameworks/Python.framework/Versions/3.11/lib/python3.11/site-packages/airflow/example_dags/example_setup_teardown_taskflow.py
[2023-10-21T14:54:58.949+0200] {processor.py:839} INFO - DAG(s) dict_keys(['example_setup_teardown_taskflow']) retrieved from /Library/Frameworks/Python.framework/Versions/3.11/lib/python3.11/site-packages/airflow/example_dags/example_setup_teardown_taskflow.py
[2023-10-21T14:54:59.019+0200] {logging_mixin.py:151} INFO - [2023-10-21T14:54:59.019+0200] {dag.py:2941} INFO - Sync 1 DAGs
[2023-10-21T14:54:59.024+0200] {logging_mixin.py:151} INFO - [2023-10-21T14:54:59.024+0200] {dag.py:3722} INFO - Setting next_dagrun for example_setup_teardown_taskflow to 2023-10-20T12:54:59.024705+00:00, run_after=2023-10-21T12:54:59.024705+00:00
[2023-10-21T14:54:59.030+0200] {processor.py:179} INFO - Processing /Library/Frameworks/Python.framework/Versions/3.11/lib/python3.11/site-packages/airflow/example_dags/example_setup_teardown_taskflow.py took 0.104 seconds
[2023-10-21T14:56:07.528+0200] {processor.py:157} INFO - Started process (PID=68309) to work on /Library/Frameworks/Python.framework/Versions/3.11/lib/python3.11/site-packages/airflow/example_dags/example_setup_teardown_taskflow.py
[2023-10-21T14:56:07.530+0200] {processor.py:829} INFO - Processing file /Library/Frameworks/Python.framework/Versions/3.11/lib/python3.11/site-packages/airflow/example_dags/example_setup_teardown_taskflow.py for tasks to queue
[2023-10-21T14:56:07.530+0200] {logging_mixin.py:151} INFO - [2023-10-21T14:56:07.530+0200] {dagbag.py:536} INFO - Filling up the DagBag from /Library/Frameworks/Python.framework/Versions/3.11/lib/python3.11/site-packages/airflow/example_dags/example_setup_teardown_taskflow.py
[2023-10-21T14:56:07.550+0200] {processor.py:839} INFO - DAG(s) dict_keys(['example_setup_teardown_taskflow']) retrieved from /Library/Frameworks/Python.framework/Versions/3.11/lib/python3.11/site-packages/airflow/example_dags/example_setup_teardown_taskflow.py
[2023-10-21T14:56:07.626+0200] {logging_mixin.py:151} INFO - [2023-10-21T14:56:07.626+0200] {dag.py:2941} INFO - Sync 1 DAGs
[2023-10-21T14:56:07.633+0200] {logging_mixin.py:151} INFO - [2023-10-21T14:56:07.633+0200] {dag.py:3722} INFO - Setting next_dagrun for example_setup_teardown_taskflow to 2023-10-20T12:56:07.633372+00:00, run_after=2023-10-21T12:56:07.633372+00:00
[2023-10-21T14:56:07.640+0200] {processor.py:179} INFO - Processing /Library/Frameworks/Python.framework/Versions/3.11/lib/python3.11/site-packages/airflow/example_dags/example_setup_teardown_taskflow.py took 0.113 seconds
