[2023-10-21T14:28:48.962+0200] {processor.py:157} INFO - Started process (PID=65141) to work on /Library/Frameworks/Python.framework/Versions/3.11/lib/python3.11/site-packages/airflow/example_dags/example_branch_day_of_week_operator.py
[2023-10-21T14:28:48.964+0200] {processor.py:829} INFO - Processing file /Library/Frameworks/Python.framework/Versions/3.11/lib/python3.11/site-packages/airflow/example_dags/example_branch_day_of_week_operator.py for tasks to queue
[2023-10-21T14:28:48.964+0200] {logging_mixin.py:151} INFO - [2023-10-21T14:28:48.964+0200] {dagbag.py:536} INFO - Filling up the DagBag from /Library/Frameworks/Python.framework/Versions/3.11/lib/python3.11/site-packages/airflow/example_dags/example_branch_day_of_week_operator.py
[2023-10-21T14:28:48.974+0200] {processor.py:839} INFO - DAG(s) dict_keys(['example_weekday_branch_operator']) retrieved from /Library/Frameworks/Python.framework/Versions/3.11/lib/python3.11/site-packages/airflow/example_dags/example_branch_day_of_week_operator.py
[2023-10-21T14:28:49.276+0200] {logging_mixin.py:151} INFO - [2023-10-21T14:28:49.276+0200] {dag.py:2941} INFO - Sync 1 DAGs
[2023-10-21T14:28:49.282+0200] {logging_mixin.py:151} INFO - [2023-10-21T14:28:49.282+0200] {dag.py:3722} INFO - Setting next_dagrun for example_weekday_branch_operator to 2023-10-20T00:00:00+00:00, run_after=2023-10-21T00:00:00+00:00
[2023-10-21T14:28:49.289+0200] {processor.py:179} INFO - Processing /Library/Frameworks/Python.framework/Versions/3.11/lib/python3.11/site-packages/airflow/example_dags/example_branch_day_of_week_operator.py took 0.327 seconds
[2023-10-21T14:30:06.555+0200] {processor.py:157} INFO - Started process (PID=65325) to work on /Library/Frameworks/Python.framework/Versions/3.11/lib/python3.11/site-packages/airflow/example_dags/example_branch_day_of_week_operator.py
[2023-10-21T14:30:06.557+0200] {processor.py:829} INFO - Processing file /Library/Frameworks/Python.framework/Versions/3.11/lib/python3.11/site-packages/airflow/example_dags/example_branch_day_of_week_operator.py for tasks to queue
[2023-10-21T14:30:06.558+0200] {logging_mixin.py:151} INFO - [2023-10-21T14:30:06.558+0200] {dagbag.py:536} INFO - Filling up the DagBag from /Library/Frameworks/Python.framework/Versions/3.11/lib/python3.11/site-packages/airflow/example_dags/example_branch_day_of_week_operator.py
[2023-10-21T14:30:06.567+0200] {processor.py:839} INFO - DAG(s) dict_keys(['example_weekday_branch_operator']) retrieved from /Library/Frameworks/Python.framework/Versions/3.11/lib/python3.11/site-packages/airflow/example_dags/example_branch_day_of_week_operator.py
[2023-10-21T14:30:06.638+0200] {logging_mixin.py:151} INFO - [2023-10-21T14:30:06.638+0200] {dag.py:2941} INFO - Sync 1 DAGs
[2023-10-21T14:30:06.644+0200] {logging_mixin.py:151} INFO - [2023-10-21T14:30:06.644+0200] {dag.py:3722} INFO - Setting next_dagrun for example_weekday_branch_operator to 2023-10-20T00:00:00+00:00, run_after=2023-10-21T00:00:00+00:00
[2023-10-21T14:30:06.651+0200] {processor.py:179} INFO - Processing /Library/Frameworks/Python.framework/Versions/3.11/lib/python3.11/site-packages/airflow/example_dags/example_branch_day_of_week_operator.py took 0.096 seconds
[2023-10-21T14:31:17.830+0200] {processor.py:157} INFO - Started process (PID=65466) to work on /Library/Frameworks/Python.framework/Versions/3.11/lib/python3.11/site-packages/airflow/example_dags/example_branch_day_of_week_operator.py
[2023-10-21T14:31:17.832+0200] {processor.py:829} INFO - Processing file /Library/Frameworks/Python.framework/Versions/3.11/lib/python3.11/site-packages/airflow/example_dags/example_branch_day_of_week_operator.py for tasks to queue
[2023-10-21T14:31:17.833+0200] {logging_mixin.py:151} INFO - [2023-10-21T14:31:17.833+0200] {dagbag.py:536} INFO - Filling up the DagBag from /Library/Frameworks/Python.framework/Versions/3.11/lib/python3.11/site-packages/airflow/example_dags/example_branch_day_of_week_operator.py
[2023-10-21T14:31:17.844+0200] {processor.py:839} INFO - DAG(s) dict_keys(['example_weekday_branch_operator']) retrieved from /Library/Frameworks/Python.framework/Versions/3.11/lib/python3.11/site-packages/airflow/example_dags/example_branch_day_of_week_operator.py
[2023-10-21T14:31:17.928+0200] {logging_mixin.py:151} INFO - [2023-10-21T14:31:17.928+0200] {dag.py:2941} INFO - Sync 1 DAGs
[2023-10-21T14:31:17.935+0200] {logging_mixin.py:151} INFO - [2023-10-21T14:31:17.935+0200] {dag.py:3722} INFO - Setting next_dagrun for example_weekday_branch_operator to 2023-10-20T00:00:00+00:00, run_after=2023-10-21T00:00:00+00:00
[2023-10-21T14:31:17.942+0200] {processor.py:179} INFO - Processing /Library/Frameworks/Python.framework/Versions/3.11/lib/python3.11/site-packages/airflow/example_dags/example_branch_day_of_week_operator.py took 0.112 seconds
[2023-10-21T14:32:29.973+0200] {processor.py:157} INFO - Started process (PID=65615) to work on /Library/Frameworks/Python.framework/Versions/3.11/lib/python3.11/site-packages/airflow/example_dags/example_branch_day_of_week_operator.py
[2023-10-21T14:32:29.976+0200] {processor.py:829} INFO - Processing file /Library/Frameworks/Python.framework/Versions/3.11/lib/python3.11/site-packages/airflow/example_dags/example_branch_day_of_week_operator.py for tasks to queue
[2023-10-21T14:32:29.976+0200] {logging_mixin.py:151} INFO - [2023-10-21T14:32:29.976+0200] {dagbag.py:536} INFO - Filling up the DagBag from /Library/Frameworks/Python.framework/Versions/3.11/lib/python3.11/site-packages/airflow/example_dags/example_branch_day_of_week_operator.py
[2023-10-21T14:32:29.987+0200] {processor.py:839} INFO - DAG(s) dict_keys(['example_weekday_branch_operator']) retrieved from /Library/Frameworks/Python.framework/Versions/3.11/lib/python3.11/site-packages/airflow/example_dags/example_branch_day_of_week_operator.py
[2023-10-21T14:32:30.060+0200] {logging_mixin.py:151} INFO - [2023-10-21T14:32:30.060+0200] {dag.py:2941} INFO - Sync 1 DAGs
[2023-10-21T14:32:30.067+0200] {logging_mixin.py:151} INFO - [2023-10-21T14:32:30.067+0200] {dag.py:3722} INFO - Setting next_dagrun for example_weekday_branch_operator to 2023-10-20T00:00:00+00:00, run_after=2023-10-21T00:00:00+00:00
[2023-10-21T14:32:30.073+0200] {processor.py:179} INFO - Processing /Library/Frameworks/Python.framework/Versions/3.11/lib/python3.11/site-packages/airflow/example_dags/example_branch_day_of_week_operator.py took 0.101 seconds
[2023-10-21T14:33:41.224+0200] {processor.py:157} INFO - Started process (PID=65777) to work on /Library/Frameworks/Python.framework/Versions/3.11/lib/python3.11/site-packages/airflow/example_dags/example_branch_day_of_week_operator.py
[2023-10-21T14:33:41.227+0200] {processor.py:829} INFO - Processing file /Library/Frameworks/Python.framework/Versions/3.11/lib/python3.11/site-packages/airflow/example_dags/example_branch_day_of_week_operator.py for tasks to queue
[2023-10-21T14:33:41.227+0200] {logging_mixin.py:151} INFO - [2023-10-21T14:33:41.227+0200] {dagbag.py:536} INFO - Filling up the DagBag from /Library/Frameworks/Python.framework/Versions/3.11/lib/python3.11/site-packages/airflow/example_dags/example_branch_day_of_week_operator.py
[2023-10-21T14:33:41.238+0200] {processor.py:839} INFO - DAG(s) dict_keys(['example_weekday_branch_operator']) retrieved from /Library/Frameworks/Python.framework/Versions/3.11/lib/python3.11/site-packages/airflow/example_dags/example_branch_day_of_week_operator.py
[2023-10-21T14:33:41.317+0200] {logging_mixin.py:151} INFO - [2023-10-21T14:33:41.317+0200] {dag.py:2941} INFO - Sync 1 DAGs
[2023-10-21T14:33:41.324+0200] {logging_mixin.py:151} INFO - [2023-10-21T14:33:41.324+0200] {dag.py:3722} INFO - Setting next_dagrun for example_weekday_branch_operator to 2023-10-20T00:00:00+00:00, run_after=2023-10-21T00:00:00+00:00
[2023-10-21T14:33:41.331+0200] {processor.py:179} INFO - Processing /Library/Frameworks/Python.framework/Versions/3.11/lib/python3.11/site-packages/airflow/example_dags/example_branch_day_of_week_operator.py took 0.107 seconds
[2023-10-21T14:34:51.088+0200] {processor.py:157} INFO - Started process (PID=65984) to work on /Library/Frameworks/Python.framework/Versions/3.11/lib/python3.11/site-packages/airflow/example_dags/example_branch_day_of_week_operator.py
[2023-10-21T14:34:51.091+0200] {processor.py:829} INFO - Processing file /Library/Frameworks/Python.framework/Versions/3.11/lib/python3.11/site-packages/airflow/example_dags/example_branch_day_of_week_operator.py for tasks to queue
[2023-10-21T14:34:51.091+0200] {logging_mixin.py:151} INFO - [2023-10-21T14:34:51.091+0200] {dagbag.py:536} INFO - Filling up the DagBag from /Library/Frameworks/Python.framework/Versions/3.11/lib/python3.11/site-packages/airflow/example_dags/example_branch_day_of_week_operator.py
[2023-10-21T14:34:51.101+0200] {processor.py:839} INFO - DAG(s) dict_keys(['example_weekday_branch_operator']) retrieved from /Library/Frameworks/Python.framework/Versions/3.11/lib/python3.11/site-packages/airflow/example_dags/example_branch_day_of_week_operator.py
[2023-10-21T14:34:51.173+0200] {logging_mixin.py:151} INFO - [2023-10-21T14:34:51.173+0200] {dag.py:2941} INFO - Sync 1 DAGs
[2023-10-21T14:34:51.179+0200] {logging_mixin.py:151} INFO - [2023-10-21T14:34:51.179+0200] {dag.py:3722} INFO - Setting next_dagrun for example_weekday_branch_operator to 2023-10-20T00:00:00+00:00, run_after=2023-10-21T00:00:00+00:00
[2023-10-21T14:34:51.185+0200] {processor.py:179} INFO - Processing /Library/Frameworks/Python.framework/Versions/3.11/lib/python3.11/site-packages/airflow/example_dags/example_branch_day_of_week_operator.py took 0.097 seconds
[2023-10-21T14:36:02.864+0200] {processor.py:157} INFO - Started process (PID=66156) to work on /Library/Frameworks/Python.framework/Versions/3.11/lib/python3.11/site-packages/airflow/example_dags/example_branch_day_of_week_operator.py
[2023-10-21T14:36:02.866+0200] {processor.py:829} INFO - Processing file /Library/Frameworks/Python.framework/Versions/3.11/lib/python3.11/site-packages/airflow/example_dags/example_branch_day_of_week_operator.py for tasks to queue
[2023-10-21T14:36:02.866+0200] {logging_mixin.py:151} INFO - [2023-10-21T14:36:02.866+0200] {dagbag.py:536} INFO - Filling up the DagBag from /Library/Frameworks/Python.framework/Versions/3.11/lib/python3.11/site-packages/airflow/example_dags/example_branch_day_of_week_operator.py
[2023-10-21T14:36:02.876+0200] {processor.py:839} INFO - DAG(s) dict_keys(['example_weekday_branch_operator']) retrieved from /Library/Frameworks/Python.framework/Versions/3.11/lib/python3.11/site-packages/airflow/example_dags/example_branch_day_of_week_operator.py
[2023-10-21T14:36:02.947+0200] {logging_mixin.py:151} INFO - [2023-10-21T14:36:02.947+0200] {dag.py:2941} INFO - Sync 1 DAGs
[2023-10-21T14:36:02.953+0200] {logging_mixin.py:151} INFO - [2023-10-21T14:36:02.953+0200] {dag.py:3722} INFO - Setting next_dagrun for example_weekday_branch_operator to 2023-10-20T00:00:00+00:00, run_after=2023-10-21T00:00:00+00:00
[2023-10-21T14:36:02.960+0200] {processor.py:179} INFO - Processing /Library/Frameworks/Python.framework/Versions/3.11/lib/python3.11/site-packages/airflow/example_dags/example_branch_day_of_week_operator.py took 0.095 seconds
[2023-10-21T14:46:07.259+0200] {processor.py:157} INFO - Started process (PID=67031) to work on /Library/Frameworks/Python.framework/Versions/3.11/lib/python3.11/site-packages/airflow/example_dags/example_branch_day_of_week_operator.py
[2023-10-21T14:46:07.261+0200] {processor.py:829} INFO - Processing file /Library/Frameworks/Python.framework/Versions/3.11/lib/python3.11/site-packages/airflow/example_dags/example_branch_day_of_week_operator.py for tasks to queue
[2023-10-21T14:46:07.261+0200] {logging_mixin.py:151} INFO - [2023-10-21T14:46:07.261+0200] {dagbag.py:536} INFO - Filling up the DagBag from /Library/Frameworks/Python.framework/Versions/3.11/lib/python3.11/site-packages/airflow/example_dags/example_branch_day_of_week_operator.py
[2023-10-21T14:46:07.270+0200] {processor.py:839} INFO - DAG(s) dict_keys(['example_weekday_branch_operator']) retrieved from /Library/Frameworks/Python.framework/Versions/3.11/lib/python3.11/site-packages/airflow/example_dags/example_branch_day_of_week_operator.py
[2023-10-21T14:46:07.342+0200] {logging_mixin.py:151} INFO - [2023-10-21T14:46:07.342+0200] {dag.py:2941} INFO - Sync 1 DAGs
[2023-10-21T14:46:07.348+0200] {logging_mixin.py:151} INFO - [2023-10-21T14:46:07.348+0200] {dag.py:3722} INFO - Setting next_dagrun for example_weekday_branch_operator to 2023-10-20T00:00:00+00:00, run_after=2023-10-21T00:00:00+00:00
[2023-10-21T14:46:07.355+0200] {processor.py:179} INFO - Processing /Library/Frameworks/Python.framework/Versions/3.11/lib/python3.11/site-packages/airflow/example_dags/example_branch_day_of_week_operator.py took 0.096 seconds
[2023-10-21T14:52:03.980+0200] {processor.py:157} INFO - Started process (PID=67811) to work on /Library/Frameworks/Python.framework/Versions/3.11/lib/python3.11/site-packages/airflow/example_dags/example_branch_day_of_week_operator.py
[2023-10-21T14:52:03.982+0200] {processor.py:829} INFO - Processing file /Library/Frameworks/Python.framework/Versions/3.11/lib/python3.11/site-packages/airflow/example_dags/example_branch_day_of_week_operator.py for tasks to queue
[2023-10-21T14:52:03.983+0200] {logging_mixin.py:151} INFO - [2023-10-21T14:52:03.983+0200] {dagbag.py:536} INFO - Filling up the DagBag from /Library/Frameworks/Python.framework/Versions/3.11/lib/python3.11/site-packages/airflow/example_dags/example_branch_day_of_week_operator.py
[2023-10-21T14:52:03.992+0200] {processor.py:839} INFO - DAG(s) dict_keys(['example_weekday_branch_operator']) retrieved from /Library/Frameworks/Python.framework/Versions/3.11/lib/python3.11/site-packages/airflow/example_dags/example_branch_day_of_week_operator.py
[2023-10-21T14:52:04.064+0200] {logging_mixin.py:151} INFO - [2023-10-21T14:52:04.064+0200] {dag.py:2941} INFO - Sync 1 DAGs
[2023-10-21T14:52:04.070+0200] {logging_mixin.py:151} INFO - [2023-10-21T14:52:04.070+0200] {dag.py:3722} INFO - Setting next_dagrun for example_weekday_branch_operator to 2023-10-20T00:00:00+00:00, run_after=2023-10-21T00:00:00+00:00
[2023-10-21T14:52:04.076+0200] {processor.py:179} INFO - Processing /Library/Frameworks/Python.framework/Versions/3.11/lib/python3.11/site-packages/airflow/example_dags/example_branch_day_of_week_operator.py took 0.096 seconds
[2023-10-21T14:53:14.779+0200] {processor.py:157} INFO - Started process (PID=67950) to work on /Library/Frameworks/Python.framework/Versions/3.11/lib/python3.11/site-packages/airflow/example_dags/example_branch_day_of_week_operator.py
[2023-10-21T14:53:14.781+0200] {processor.py:829} INFO - Processing file /Library/Frameworks/Python.framework/Versions/3.11/lib/python3.11/site-packages/airflow/example_dags/example_branch_day_of_week_operator.py for tasks to queue
[2023-10-21T14:53:14.781+0200] {logging_mixin.py:151} INFO - [2023-10-21T14:53:14.781+0200] {dagbag.py:536} INFO - Filling up the DagBag from /Library/Frameworks/Python.framework/Versions/3.11/lib/python3.11/site-packages/airflow/example_dags/example_branch_day_of_week_operator.py
[2023-10-21T14:53:14.790+0200] {processor.py:839} INFO - DAG(s) dict_keys(['example_weekday_branch_operator']) retrieved from /Library/Frameworks/Python.framework/Versions/3.11/lib/python3.11/site-packages/airflow/example_dags/example_branch_day_of_week_operator.py
[2023-10-21T14:53:14.861+0200] {logging_mixin.py:151} INFO - [2023-10-21T14:53:14.861+0200] {dag.py:2941} INFO - Sync 1 DAGs
[2023-10-21T14:53:14.868+0200] {logging_mixin.py:151} INFO - [2023-10-21T14:53:14.867+0200] {dag.py:3722} INFO - Setting next_dagrun for example_weekday_branch_operator to 2023-10-20T00:00:00+00:00, run_after=2023-10-21T00:00:00+00:00
[2023-10-21T14:53:14.874+0200] {processor.py:179} INFO - Processing /Library/Frameworks/Python.framework/Versions/3.11/lib/python3.11/site-packages/airflow/example_dags/example_branch_day_of_week_operator.py took 0.095 seconds
[2023-10-21T14:54:26.936+0200] {processor.py:157} INFO - Started process (PID=68093) to work on /Library/Frameworks/Python.framework/Versions/3.11/lib/python3.11/site-packages/airflow/example_dags/example_branch_day_of_week_operator.py
[2023-10-21T14:54:26.939+0200] {processor.py:829} INFO - Processing file /Library/Frameworks/Python.framework/Versions/3.11/lib/python3.11/site-packages/airflow/example_dags/example_branch_day_of_week_operator.py for tasks to queue
[2023-10-21T14:54:26.939+0200] {logging_mixin.py:151} INFO - [2023-10-21T14:54:26.939+0200] {dagbag.py:536} INFO - Filling up the DagBag from /Library/Frameworks/Python.framework/Versions/3.11/lib/python3.11/site-packages/airflow/example_dags/example_branch_day_of_week_operator.py
[2023-10-21T14:54:26.950+0200] {processor.py:839} INFO - DAG(s) dict_keys(['example_weekday_branch_operator']) retrieved from /Library/Frameworks/Python.framework/Versions/3.11/lib/python3.11/site-packages/airflow/example_dags/example_branch_day_of_week_operator.py
[2023-10-21T14:54:27.023+0200] {logging_mixin.py:151} INFO - [2023-10-21T14:54:27.023+0200] {dag.py:2941} INFO - Sync 1 DAGs
[2023-10-21T14:54:27.029+0200] {logging_mixin.py:151} INFO - [2023-10-21T14:54:27.029+0200] {dag.py:3722} INFO - Setting next_dagrun for example_weekday_branch_operator to 2023-10-20T00:00:00+00:00, run_after=2023-10-21T00:00:00+00:00
[2023-10-21T14:54:27.036+0200] {processor.py:179} INFO - Processing /Library/Frameworks/Python.framework/Versions/3.11/lib/python3.11/site-packages/airflow/example_dags/example_branch_day_of_week_operator.py took 0.100 seconds
[2023-10-21T14:55:35.971+0200] {processor.py:157} INFO - Started process (PID=68238) to work on /Library/Frameworks/Python.framework/Versions/3.11/lib/python3.11/site-packages/airflow/example_dags/example_branch_day_of_week_operator.py
[2023-10-21T14:55:35.974+0200] {processor.py:829} INFO - Processing file /Library/Frameworks/Python.framework/Versions/3.11/lib/python3.11/site-packages/airflow/example_dags/example_branch_day_of_week_operator.py for tasks to queue
[2023-10-21T14:55:35.974+0200] {logging_mixin.py:151} INFO - [2023-10-21T14:55:35.974+0200] {dagbag.py:536} INFO - Filling up the DagBag from /Library/Frameworks/Python.framework/Versions/3.11/lib/python3.11/site-packages/airflow/example_dags/example_branch_day_of_week_operator.py
[2023-10-21T14:55:35.984+0200] {processor.py:839} INFO - DAG(s) dict_keys(['example_weekday_branch_operator']) retrieved from /Library/Frameworks/Python.framework/Versions/3.11/lib/python3.11/site-packages/airflow/example_dags/example_branch_day_of_week_operator.py
[2023-10-21T14:55:36.058+0200] {logging_mixin.py:151} INFO - [2023-10-21T14:55:36.058+0200] {dag.py:2941} INFO - Sync 1 DAGs
[2023-10-21T14:55:36.064+0200] {logging_mixin.py:151} INFO - [2023-10-21T14:55:36.064+0200] {dag.py:3722} INFO - Setting next_dagrun for example_weekday_branch_operator to 2023-10-20T00:00:00+00:00, run_after=2023-10-21T00:00:00+00:00
[2023-10-21T14:55:36.070+0200] {processor.py:179} INFO - Processing /Library/Frameworks/Python.framework/Versions/3.11/lib/python3.11/site-packages/airflow/example_dags/example_branch_day_of_week_operator.py took 0.099 seconds
