[2023-10-21T14:28:06.774+0200] {processor.py:157} INFO - Started process (PID=65061) to work on /Library/Frameworks/Python.framework/Versions/3.11/lib/python3.11/site-packages/airflow/example_dags/example_short_circuit_operator.py
[2023-10-21T14:28:06.776+0200] {processor.py:829} INFO - Processing file /Library/Frameworks/Python.framework/Versions/3.11/lib/python3.11/site-packages/airflow/example_dags/example_short_circuit_operator.py for tasks to queue
[2023-10-21T14:28:06.776+0200] {logging_mixin.py:151} INFO - [2023-10-21T14:28:06.776+0200] {dagbag.py:536} INFO - Filling up the DagBag from /Library/Frameworks/Python.framework/Versions/3.11/lib/python3.11/site-packages/airflow/example_dags/example_short_circuit_operator.py
[2023-10-21T14:28:06.791+0200] {processor.py:839} INFO - DAG(s) dict_keys(['example_short_circuit_operator']) retrieved from /Library/Frameworks/Python.framework/Versions/3.11/lib/python3.11/site-packages/airflow/example_dags/example_short_circuit_operator.py
[2023-10-21T14:28:07.120+0200] {logging_mixin.py:151} INFO - [2023-10-21T14:28:07.120+0200] {dag.py:2941} INFO - Sync 1 DAGs
[2023-10-21T14:28:07.126+0200] {logging_mixin.py:151} INFO - [2023-10-21T14:28:07.125+0200] {dag.py:3722} INFO - Setting next_dagrun for example_short_circuit_operator to 2023-10-20T12:28:07.125919+00:00, run_after=2023-10-21T12:28:07.125919+00:00
[2023-10-21T14:28:07.133+0200] {processor.py:179} INFO - Processing /Library/Frameworks/Python.framework/Versions/3.11/lib/python3.11/site-packages/airflow/example_dags/example_short_circuit_operator.py took 0.360 seconds
[2023-10-21T14:29:20.557+0200] {processor.py:157} INFO - Started process (PID=65212) to work on /Library/Frameworks/Python.framework/Versions/3.11/lib/python3.11/site-packages/airflow/example_dags/example_short_circuit_operator.py
[2023-10-21T14:29:20.560+0200] {processor.py:829} INFO - Processing file /Library/Frameworks/Python.framework/Versions/3.11/lib/python3.11/site-packages/airflow/example_dags/example_short_circuit_operator.py for tasks to queue
[2023-10-21T14:29:20.560+0200] {logging_mixin.py:151} INFO - [2023-10-21T14:29:20.560+0200] {dagbag.py:536} INFO - Filling up the DagBag from /Library/Frameworks/Python.framework/Versions/3.11/lib/python3.11/site-packages/airflow/example_dags/example_short_circuit_operator.py
[2023-10-21T14:29:20.576+0200] {processor.py:839} INFO - DAG(s) dict_keys(['example_short_circuit_operator']) retrieved from /Library/Frameworks/Python.framework/Versions/3.11/lib/python3.11/site-packages/airflow/example_dags/example_short_circuit_operator.py
[2023-10-21T14:29:20.651+0200] {logging_mixin.py:151} INFO - [2023-10-21T14:29:20.651+0200] {dag.py:2941} INFO - Sync 1 DAGs
[2023-10-21T14:29:20.656+0200] {logging_mixin.py:151} INFO - [2023-10-21T14:29:20.656+0200] {dag.py:3722} INFO - Setting next_dagrun for example_short_circuit_operator to 2023-10-20T12:29:20.656393+00:00, run_after=2023-10-21T12:29:20.656393+00:00
[2023-10-21T14:29:20.663+0200] {processor.py:179} INFO - Processing /Library/Frameworks/Python.framework/Versions/3.11/lib/python3.11/site-packages/airflow/example_dags/example_short_circuit_operator.py took 0.106 seconds
[2023-10-21T14:30:32.757+0200] {processor.py:157} INFO - Started process (PID=65371) to work on /Library/Frameworks/Python.framework/Versions/3.11/lib/python3.11/site-packages/airflow/example_dags/example_short_circuit_operator.py
[2023-10-21T14:30:32.760+0200] {processor.py:829} INFO - Processing file /Library/Frameworks/Python.framework/Versions/3.11/lib/python3.11/site-packages/airflow/example_dags/example_short_circuit_operator.py for tasks to queue
[2023-10-21T14:30:32.760+0200] {logging_mixin.py:151} INFO - [2023-10-21T14:30:32.760+0200] {dagbag.py:536} INFO - Filling up the DagBag from /Library/Frameworks/Python.framework/Versions/3.11/lib/python3.11/site-packages/airflow/example_dags/example_short_circuit_operator.py
[2023-10-21T14:30:32.773+0200] {processor.py:839} INFO - DAG(s) dict_keys(['example_short_circuit_operator']) retrieved from /Library/Frameworks/Python.framework/Versions/3.11/lib/python3.11/site-packages/airflow/example_dags/example_short_circuit_operator.py
[2023-10-21T14:30:32.846+0200] {logging_mixin.py:151} INFO - [2023-10-21T14:30:32.846+0200] {dag.py:2941} INFO - Sync 1 DAGs
[2023-10-21T14:30:32.851+0200] {logging_mixin.py:151} INFO - [2023-10-21T14:30:32.851+0200] {dag.py:3722} INFO - Setting next_dagrun for example_short_circuit_operator to 2023-10-20T12:30:32.851232+00:00, run_after=2023-10-21T12:30:32.851232+00:00
[2023-10-21T14:30:32.857+0200] {processor.py:179} INFO - Processing /Library/Frameworks/Python.framework/Versions/3.11/lib/python3.11/site-packages/airflow/example_dags/example_short_circuit_operator.py took 0.101 seconds
[2023-10-21T14:31:43.916+0200] {processor.py:157} INFO - Started process (PID=65518) to work on /Library/Frameworks/Python.framework/Versions/3.11/lib/python3.11/site-packages/airflow/example_dags/example_short_circuit_operator.py
[2023-10-21T14:31:43.918+0200] {processor.py:829} INFO - Processing file /Library/Frameworks/Python.framework/Versions/3.11/lib/python3.11/site-packages/airflow/example_dags/example_short_circuit_operator.py for tasks to queue
[2023-10-21T14:31:43.919+0200] {logging_mixin.py:151} INFO - [2023-10-21T14:31:43.919+0200] {dagbag.py:536} INFO - Filling up the DagBag from /Library/Frameworks/Python.framework/Versions/3.11/lib/python3.11/site-packages/airflow/example_dags/example_short_circuit_operator.py
[2023-10-21T14:31:43.932+0200] {processor.py:839} INFO - DAG(s) dict_keys(['example_short_circuit_operator']) retrieved from /Library/Frameworks/Python.framework/Versions/3.11/lib/python3.11/site-packages/airflow/example_dags/example_short_circuit_operator.py
[2023-10-21T14:31:44.006+0200] {logging_mixin.py:151} INFO - [2023-10-21T14:31:44.005+0200] {dag.py:2941} INFO - Sync 1 DAGs
[2023-10-21T14:31:44.011+0200] {logging_mixin.py:151} INFO - [2023-10-21T14:31:44.011+0200] {dag.py:3722} INFO - Setting next_dagrun for example_short_circuit_operator to 2023-10-20T12:31:44.011158+00:00, run_after=2023-10-21T12:31:44.011158+00:00
[2023-10-21T14:31:44.017+0200] {processor.py:179} INFO - Processing /Library/Frameworks/Python.framework/Versions/3.11/lib/python3.11/site-packages/airflow/example_dags/example_short_circuit_operator.py took 0.102 seconds
[2023-10-21T14:32:55.959+0200] {processor.py:157} INFO - Started process (PID=65676) to work on /Library/Frameworks/Python.framework/Versions/3.11/lib/python3.11/site-packages/airflow/example_dags/example_short_circuit_operator.py
[2023-10-21T14:32:55.961+0200] {processor.py:829} INFO - Processing file /Library/Frameworks/Python.framework/Versions/3.11/lib/python3.11/site-packages/airflow/example_dags/example_short_circuit_operator.py for tasks to queue
[2023-10-21T14:32:55.961+0200] {logging_mixin.py:151} INFO - [2023-10-21T14:32:55.961+0200] {dagbag.py:536} INFO - Filling up the DagBag from /Library/Frameworks/Python.framework/Versions/3.11/lib/python3.11/site-packages/airflow/example_dags/example_short_circuit_operator.py
[2023-10-21T14:32:55.975+0200] {processor.py:839} INFO - DAG(s) dict_keys(['example_short_circuit_operator']) retrieved from /Library/Frameworks/Python.framework/Versions/3.11/lib/python3.11/site-packages/airflow/example_dags/example_short_circuit_operator.py
[2023-10-21T14:32:56.048+0200] {logging_mixin.py:151} INFO - [2023-10-21T14:32:56.048+0200] {dag.py:2941} INFO - Sync 1 DAGs
[2023-10-21T14:32:56.053+0200] {logging_mixin.py:151} INFO - [2023-10-21T14:32:56.053+0200] {dag.py:3722} INFO - Setting next_dagrun for example_short_circuit_operator to 2023-10-20T12:32:56.053852+00:00, run_after=2023-10-21T12:32:56.053852+00:00
[2023-10-21T14:32:56.060+0200] {processor.py:179} INFO - Processing /Library/Frameworks/Python.framework/Versions/3.11/lib/python3.11/site-packages/airflow/example_dags/example_short_circuit_operator.py took 0.101 seconds
[2023-10-21T14:34:06.169+0200] {processor.py:157} INFO - Started process (PID=65895) to work on /Library/Frameworks/Python.framework/Versions/3.11/lib/python3.11/site-packages/airflow/example_dags/example_short_circuit_operator.py
[2023-10-21T14:34:06.171+0200] {processor.py:829} INFO - Processing file /Library/Frameworks/Python.framework/Versions/3.11/lib/python3.11/site-packages/airflow/example_dags/example_short_circuit_operator.py for tasks to queue
[2023-10-21T14:34:06.171+0200] {logging_mixin.py:151} INFO - [2023-10-21T14:34:06.171+0200] {dagbag.py:536} INFO - Filling up the DagBag from /Library/Frameworks/Python.framework/Versions/3.11/lib/python3.11/site-packages/airflow/example_dags/example_short_circuit_operator.py
[2023-10-21T14:34:06.185+0200] {processor.py:839} INFO - DAG(s) dict_keys(['example_short_circuit_operator']) retrieved from /Library/Frameworks/Python.framework/Versions/3.11/lib/python3.11/site-packages/airflow/example_dags/example_short_circuit_operator.py
[2023-10-21T14:34:06.258+0200] {logging_mixin.py:151} INFO - [2023-10-21T14:34:06.258+0200] {dag.py:2941} INFO - Sync 1 DAGs
[2023-10-21T14:34:06.263+0200] {logging_mixin.py:151} INFO - [2023-10-21T14:34:06.263+0200] {dag.py:3722} INFO - Setting next_dagrun for example_short_circuit_operator to 2023-10-20T12:34:06.263612+00:00, run_after=2023-10-21T12:34:06.263612+00:00
[2023-10-21T14:34:06.269+0200] {processor.py:179} INFO - Processing /Library/Frameworks/Python.framework/Versions/3.11/lib/python3.11/site-packages/airflow/example_dags/example_short_circuit_operator.py took 0.101 seconds
[2023-10-21T14:35:16.738+0200] {processor.py:157} INFO - Started process (PID=66067) to work on /Library/Frameworks/Python.framework/Versions/3.11/lib/python3.11/site-packages/airflow/example_dags/example_short_circuit_operator.py
[2023-10-21T14:35:16.740+0200] {processor.py:829} INFO - Processing file /Library/Frameworks/Python.framework/Versions/3.11/lib/python3.11/site-packages/airflow/example_dags/example_short_circuit_operator.py for tasks to queue
[2023-10-21T14:35:16.740+0200] {logging_mixin.py:151} INFO - [2023-10-21T14:35:16.740+0200] {dagbag.py:536} INFO - Filling up the DagBag from /Library/Frameworks/Python.framework/Versions/3.11/lib/python3.11/site-packages/airflow/example_dags/example_short_circuit_operator.py
[2023-10-21T14:35:16.754+0200] {processor.py:839} INFO - DAG(s) dict_keys(['example_short_circuit_operator']) retrieved from /Library/Frameworks/Python.framework/Versions/3.11/lib/python3.11/site-packages/airflow/example_dags/example_short_circuit_operator.py
[2023-10-21T14:35:16.833+0200] {logging_mixin.py:151} INFO - [2023-10-21T14:35:16.832+0200] {dag.py:2941} INFO - Sync 1 DAGs
[2023-10-21T14:35:16.838+0200] {logging_mixin.py:151} INFO - [2023-10-21T14:35:16.838+0200] {dag.py:3722} INFO - Setting next_dagrun for example_short_circuit_operator to 2023-10-20T12:35:16.838538+00:00, run_after=2023-10-21T12:35:16.838538+00:00
[2023-10-21T14:35:16.845+0200] {processor.py:179} INFO - Processing /Library/Frameworks/Python.framework/Versions/3.11/lib/python3.11/site-packages/airflow/example_dags/example_short_circuit_operator.py took 0.107 seconds
[2023-10-21T14:45:32.483+0200] {processor.py:157} INFO - Started process (PID=66968) to work on /Library/Frameworks/Python.framework/Versions/3.11/lib/python3.11/site-packages/airflow/example_dags/example_short_circuit_operator.py
[2023-10-21T14:45:32.485+0200] {processor.py:829} INFO - Processing file /Library/Frameworks/Python.framework/Versions/3.11/lib/python3.11/site-packages/airflow/example_dags/example_short_circuit_operator.py for tasks to queue
[2023-10-21T14:45:32.485+0200] {logging_mixin.py:151} INFO - [2023-10-21T14:45:32.485+0200] {dagbag.py:536} INFO - Filling up the DagBag from /Library/Frameworks/Python.framework/Versions/3.11/lib/python3.11/site-packages/airflow/example_dags/example_short_circuit_operator.py
[2023-10-21T14:45:32.499+0200] {processor.py:839} INFO - DAG(s) dict_keys(['example_short_circuit_operator']) retrieved from /Library/Frameworks/Python.framework/Versions/3.11/lib/python3.11/site-packages/airflow/example_dags/example_short_circuit_operator.py
[2023-10-21T14:45:32.518+0200] {logging_mixin.py:151} INFO - [2023-10-21T14:45:32.518+0200] {dag.py:2941} INFO - Sync 1 DAGs
[2023-10-21T14:45:32.547+0200] {logging_mixin.py:151} INFO - [2023-10-21T14:45:32.547+0200] {dag.py:3722} INFO - Setting next_dagrun for example_short_circuit_operator to 2023-10-20T12:45:32.547557+00:00, run_after=2023-10-21T12:45:32.547557+00:00
[2023-10-21T14:45:32.554+0200] {processor.py:179} INFO - Processing /Library/Frameworks/Python.framework/Versions/3.11/lib/python3.11/site-packages/airflow/example_dags/example_short_circuit_operator.py took 0.072 seconds
[2023-10-21T14:46:35.770+0200] {processor.py:157} INFO - Started process (PID=67099) to work on /Library/Frameworks/Python.framework/Versions/3.11/lib/python3.11/site-packages/airflow/example_dags/example_short_circuit_operator.py
[2023-10-21T14:46:35.772+0200] {processor.py:829} INFO - Processing file /Library/Frameworks/Python.framework/Versions/3.11/lib/python3.11/site-packages/airflow/example_dags/example_short_circuit_operator.py for tasks to queue
[2023-10-21T14:46:35.773+0200] {logging_mixin.py:151} INFO - [2023-10-21T14:46:35.772+0200] {dagbag.py:536} INFO - Filling up the DagBag from /Library/Frameworks/Python.framework/Versions/3.11/lib/python3.11/site-packages/airflow/example_dags/example_short_circuit_operator.py
[2023-10-21T14:46:35.787+0200] {processor.py:839} INFO - DAG(s) dict_keys(['example_short_circuit_operator']) retrieved from /Library/Frameworks/Python.framework/Versions/3.11/lib/python3.11/site-packages/airflow/example_dags/example_short_circuit_operator.py
[2023-10-21T14:46:35.862+0200] {logging_mixin.py:151} INFO - [2023-10-21T14:46:35.861+0200] {dag.py:2941} INFO - Sync 1 DAGs
[2023-10-21T14:46:35.867+0200] {logging_mixin.py:151} INFO - [2023-10-21T14:46:35.867+0200] {dag.py:3722} INFO - Setting next_dagrun for example_short_circuit_operator to 2023-10-20T12:46:35.867551+00:00, run_after=2023-10-21T12:46:35.867551+00:00
[2023-10-21T14:46:35.874+0200] {processor.py:179} INFO - Processing /Library/Frameworks/Python.framework/Versions/3.11/lib/python3.11/site-packages/airflow/example_dags/example_short_circuit_operator.py took 0.104 seconds
[2023-10-21T14:51:29.682+0200] {processor.py:157} INFO - Started process (PID=67736) to work on /Library/Frameworks/Python.framework/Versions/3.11/lib/python3.11/site-packages/airflow/example_dags/example_short_circuit_operator.py
[2023-10-21T14:51:29.684+0200] {processor.py:829} INFO - Processing file /Library/Frameworks/Python.framework/Versions/3.11/lib/python3.11/site-packages/airflow/example_dags/example_short_circuit_operator.py for tasks to queue
[2023-10-21T14:51:29.684+0200] {logging_mixin.py:151} INFO - [2023-10-21T14:51:29.684+0200] {dagbag.py:536} INFO - Filling up the DagBag from /Library/Frameworks/Python.framework/Versions/3.11/lib/python3.11/site-packages/airflow/example_dags/example_short_circuit_operator.py
[2023-10-21T14:51:29.698+0200] {processor.py:839} INFO - DAG(s) dict_keys(['example_short_circuit_operator']) retrieved from /Library/Frameworks/Python.framework/Versions/3.11/lib/python3.11/site-packages/airflow/example_dags/example_short_circuit_operator.py
[2023-10-21T14:51:29.717+0200] {logging_mixin.py:151} INFO - [2023-10-21T14:51:29.717+0200] {dag.py:2941} INFO - Sync 1 DAGs
[2023-10-21T14:51:29.745+0200] {logging_mixin.py:151} INFO - [2023-10-21T14:51:29.745+0200] {dag.py:3722} INFO - Setting next_dagrun for example_short_circuit_operator to 2023-10-20T12:51:29.745029+00:00, run_after=2023-10-21T12:51:29.745029+00:00
[2023-10-21T14:51:29.752+0200] {processor.py:179} INFO - Processing /Library/Frameworks/Python.framework/Versions/3.11/lib/python3.11/site-packages/airflow/example_dags/example_short_circuit_operator.py took 0.070 seconds
[2023-10-21T14:52:33.722+0200] {processor.py:157} INFO - Started process (PID=67876) to work on /Library/Frameworks/Python.framework/Versions/3.11/lib/python3.11/site-packages/airflow/example_dags/example_short_circuit_operator.py
[2023-10-21T14:52:33.724+0200] {processor.py:829} INFO - Processing file /Library/Frameworks/Python.framework/Versions/3.11/lib/python3.11/site-packages/airflow/example_dags/example_short_circuit_operator.py for tasks to queue
[2023-10-21T14:52:33.724+0200] {logging_mixin.py:151} INFO - [2023-10-21T14:52:33.724+0200] {dagbag.py:536} INFO - Filling up the DagBag from /Library/Frameworks/Python.framework/Versions/3.11/lib/python3.11/site-packages/airflow/example_dags/example_short_circuit_operator.py
[2023-10-21T14:52:33.738+0200] {processor.py:839} INFO - DAG(s) dict_keys(['example_short_circuit_operator']) retrieved from /Library/Frameworks/Python.framework/Versions/3.11/lib/python3.11/site-packages/airflow/example_dags/example_short_circuit_operator.py
[2023-10-21T14:52:33.817+0200] {logging_mixin.py:151} INFO - [2023-10-21T14:52:33.817+0200] {dag.py:2941} INFO - Sync 1 DAGs
[2023-10-21T14:52:33.823+0200] {logging_mixin.py:151} INFO - [2023-10-21T14:52:33.823+0200] {dag.py:3722} INFO - Setting next_dagrun for example_short_circuit_operator to 2023-10-20T12:52:33.823218+00:00, run_after=2023-10-21T12:52:33.823218+00:00
[2023-10-21T14:52:33.830+0200] {processor.py:179} INFO - Processing /Library/Frameworks/Python.framework/Versions/3.11/lib/python3.11/site-packages/airflow/example_dags/example_short_circuit_operator.py took 0.108 seconds
[2023-10-21T14:53:44.446+0200] {processor.py:157} INFO - Started process (PID=68005) to work on /Library/Frameworks/Python.framework/Versions/3.11/lib/python3.11/site-packages/airflow/example_dags/example_short_circuit_operator.py
[2023-10-21T14:53:44.447+0200] {processor.py:829} INFO - Processing file /Library/Frameworks/Python.framework/Versions/3.11/lib/python3.11/site-packages/airflow/example_dags/example_short_circuit_operator.py for tasks to queue
[2023-10-21T14:53:44.447+0200] {logging_mixin.py:151} INFO - [2023-10-21T14:53:44.447+0200] {dagbag.py:536} INFO - Filling up the DagBag from /Library/Frameworks/Python.framework/Versions/3.11/lib/python3.11/site-packages/airflow/example_dags/example_short_circuit_operator.py
[2023-10-21T14:53:44.461+0200] {processor.py:839} INFO - DAG(s) dict_keys(['example_short_circuit_operator']) retrieved from /Library/Frameworks/Python.framework/Versions/3.11/lib/python3.11/site-packages/airflow/example_dags/example_short_circuit_operator.py
[2023-10-21T14:53:44.536+0200] {logging_mixin.py:151} INFO - [2023-10-21T14:53:44.536+0200] {dag.py:2941} INFO - Sync 1 DAGs
[2023-10-21T14:53:44.541+0200] {logging_mixin.py:151} INFO - [2023-10-21T14:53:44.541+0200] {dag.py:3722} INFO - Setting next_dagrun for example_short_circuit_operator to 2023-10-20T12:53:44.541336+00:00, run_after=2023-10-21T12:53:44.541336+00:00
[2023-10-21T14:53:44.547+0200] {processor.py:179} INFO - Processing /Library/Frameworks/Python.framework/Versions/3.11/lib/python3.11/site-packages/airflow/example_dags/example_short_circuit_operator.py took 0.102 seconds
[2023-10-21T14:54:56.097+0200] {processor.py:157} INFO - Started process (PID=68161) to work on /Library/Frameworks/Python.framework/Versions/3.11/lib/python3.11/site-packages/airflow/example_dags/example_short_circuit_operator.py
[2023-10-21T14:54:56.099+0200] {processor.py:829} INFO - Processing file /Library/Frameworks/Python.framework/Versions/3.11/lib/python3.11/site-packages/airflow/example_dags/example_short_circuit_operator.py for tasks to queue
[2023-10-21T14:54:56.100+0200] {logging_mixin.py:151} INFO - [2023-10-21T14:54:56.099+0200] {dagbag.py:536} INFO - Filling up the DagBag from /Library/Frameworks/Python.framework/Versions/3.11/lib/python3.11/site-packages/airflow/example_dags/example_short_circuit_operator.py
[2023-10-21T14:54:56.114+0200] {processor.py:839} INFO - DAG(s) dict_keys(['example_short_circuit_operator']) retrieved from /Library/Frameworks/Python.framework/Versions/3.11/lib/python3.11/site-packages/airflow/example_dags/example_short_circuit_operator.py
[2023-10-21T14:54:56.190+0200] {logging_mixin.py:151} INFO - [2023-10-21T14:54:56.190+0200] {dag.py:2941} INFO - Sync 1 DAGs
[2023-10-21T14:54:56.196+0200] {logging_mixin.py:151} INFO - [2023-10-21T14:54:56.195+0200] {dag.py:3722} INFO - Setting next_dagrun for example_short_circuit_operator to 2023-10-20T12:54:56.195907+00:00, run_after=2023-10-21T12:54:56.195907+00:00
[2023-10-21T14:54:56.202+0200] {processor.py:179} INFO - Processing /Library/Frameworks/Python.framework/Versions/3.11/lib/python3.11/site-packages/airflow/example_dags/example_short_circuit_operator.py took 0.106 seconds
[2023-10-21T14:56:04.210+0200] {processor.py:157} INFO - Started process (PID=68303) to work on /Library/Frameworks/Python.framework/Versions/3.11/lib/python3.11/site-packages/airflow/example_dags/example_short_circuit_operator.py
[2023-10-21T14:56:04.212+0200] {processor.py:829} INFO - Processing file /Library/Frameworks/Python.framework/Versions/3.11/lib/python3.11/site-packages/airflow/example_dags/example_short_circuit_operator.py for tasks to queue
[2023-10-21T14:56:04.212+0200] {logging_mixin.py:151} INFO - [2023-10-21T14:56:04.212+0200] {dagbag.py:536} INFO - Filling up the DagBag from /Library/Frameworks/Python.framework/Versions/3.11/lib/python3.11/site-packages/airflow/example_dags/example_short_circuit_operator.py
[2023-10-21T14:56:04.228+0200] {processor.py:839} INFO - DAG(s) dict_keys(['example_short_circuit_operator']) retrieved from /Library/Frameworks/Python.framework/Versions/3.11/lib/python3.11/site-packages/airflow/example_dags/example_short_circuit_operator.py
[2023-10-21T14:56:04.301+0200] {logging_mixin.py:151} INFO - [2023-10-21T14:56:04.301+0200] {dag.py:2941} INFO - Sync 1 DAGs
[2023-10-21T14:56:04.306+0200] {logging_mixin.py:151} INFO - [2023-10-21T14:56:04.306+0200] {dag.py:3722} INFO - Setting next_dagrun for example_short_circuit_operator to 2023-10-20T12:56:04.306615+00:00, run_after=2023-10-21T12:56:04.306615+00:00
[2023-10-21T14:56:04.313+0200] {processor.py:179} INFO - Processing /Library/Frameworks/Python.framework/Versions/3.11/lib/python3.11/site-packages/airflow/example_dags/example_short_circuit_operator.py took 0.104 seconds
