[2023-10-21T14:28:27.170+0200] {processor.py:157} INFO - Started process (PID=65105) to work on /Library/Frameworks/Python.framework/Versions/3.11/lib/python3.11/site-packages/airflow/example_dags/example_latest_only_with_trigger.py
[2023-10-21T14:28:27.172+0200] {processor.py:829} INFO - Processing file /Library/Frameworks/Python.framework/Versions/3.11/lib/python3.11/site-packages/airflow/example_dags/example_latest_only_with_trigger.py for tasks to queue
[2023-10-21T14:28:27.172+0200] {logging_mixin.py:151} INFO - [2023-10-21T14:28:27.172+0200] {dagbag.py:536} INFO - Filling up the DagBag from /Library/Frameworks/Python.framework/Versions/3.11/lib/python3.11/site-packages/airflow/example_dags/example_latest_only_with_trigger.py
[2023-10-21T14:28:27.181+0200] {processor.py:839} INFO - DAG(s) dict_keys(['latest_only_with_trigger']) retrieved from /Library/Frameworks/Python.framework/Versions/3.11/lib/python3.11/site-packages/airflow/example_dags/example_latest_only_with_trigger.py
[2023-10-21T14:28:27.479+0200] {logging_mixin.py:151} INFO - [2023-10-21T14:28:27.479+0200] {dag.py:2941} INFO - Sync 1 DAGs
[2023-10-21T14:28:27.484+0200] {logging_mixin.py:151} INFO - [2023-10-21T14:28:27.484+0200] {dag.py:3722} INFO - Setting next_dagrun for latest_only_with_trigger to 2023-10-21T08:28:27.484711+00:00, run_after=2023-10-21T12:28:27.484711+00:00
[2023-10-21T14:28:27.491+0200] {processor.py:179} INFO - Processing /Library/Frameworks/Python.framework/Versions/3.11/lib/python3.11/site-packages/airflow/example_dags/example_latest_only_with_trigger.py took 0.322 seconds
[2023-10-21T14:29:48.653+0200] {processor.py:157} INFO - Started process (PID=65289) to work on /Library/Frameworks/Python.framework/Versions/3.11/lib/python3.11/site-packages/airflow/example_dags/example_latest_only_with_trigger.py
[2023-10-21T14:29:48.655+0200] {processor.py:829} INFO - Processing file /Library/Frameworks/Python.framework/Versions/3.11/lib/python3.11/site-packages/airflow/example_dags/example_latest_only_with_trigger.py for tasks to queue
[2023-10-21T14:29:48.655+0200] {logging_mixin.py:151} INFO - [2023-10-21T14:29:48.655+0200] {dagbag.py:536} INFO - Filling up the DagBag from /Library/Frameworks/Python.framework/Versions/3.11/lib/python3.11/site-packages/airflow/example_dags/example_latest_only_with_trigger.py
[2023-10-21T14:29:48.664+0200] {processor.py:839} INFO - DAG(s) dict_keys(['latest_only_with_trigger']) retrieved from /Library/Frameworks/Python.framework/Versions/3.11/lib/python3.11/site-packages/airflow/example_dags/example_latest_only_with_trigger.py
[2023-10-21T14:29:48.735+0200] {logging_mixin.py:151} INFO - [2023-10-21T14:29:48.735+0200] {dag.py:2941} INFO - Sync 1 DAGs
[2023-10-21T14:29:48.741+0200] {logging_mixin.py:151} INFO - [2023-10-21T14:29:48.741+0200] {dag.py:3722} INFO - Setting next_dagrun for latest_only_with_trigger to 2023-10-21T08:29:48.741177+00:00, run_after=2023-10-21T12:29:48.741177+00:00
[2023-10-21T14:29:48.748+0200] {processor.py:179} INFO - Processing /Library/Frameworks/Python.framework/Versions/3.11/lib/python3.11/site-packages/airflow/example_dags/example_latest_only_with_trigger.py took 0.095 seconds
[2023-10-21T14:30:58.501+0200] {processor.py:157} INFO - Started process (PID=65424) to work on /Library/Frameworks/Python.framework/Versions/3.11/lib/python3.11/site-packages/airflow/example_dags/example_latest_only_with_trigger.py
[2023-10-21T14:30:58.503+0200] {processor.py:829} INFO - Processing file /Library/Frameworks/Python.framework/Versions/3.11/lib/python3.11/site-packages/airflow/example_dags/example_latest_only_with_trigger.py for tasks to queue
[2023-10-21T14:30:58.503+0200] {logging_mixin.py:151} INFO - [2023-10-21T14:30:58.503+0200] {dagbag.py:536} INFO - Filling up the DagBag from /Library/Frameworks/Python.framework/Versions/3.11/lib/python3.11/site-packages/airflow/example_dags/example_latest_only_with_trigger.py
[2023-10-21T14:30:58.512+0200] {processor.py:839} INFO - DAG(s) dict_keys(['latest_only_with_trigger']) retrieved from /Library/Frameworks/Python.framework/Versions/3.11/lib/python3.11/site-packages/airflow/example_dags/example_latest_only_with_trigger.py
[2023-10-21T14:30:58.533+0200] {logging_mixin.py:151} INFO - [2023-10-21T14:30:58.533+0200] {dag.py:2941} INFO - Sync 1 DAGs
[2023-10-21T14:30:58.565+0200] {logging_mixin.py:151} INFO - [2023-10-21T14:30:58.565+0200] {dag.py:3722} INFO - Setting next_dagrun for latest_only_with_trigger to 2023-10-21T08:30:58.565784+00:00, run_after=2023-10-21T12:30:58.565784+00:00
[2023-10-21T14:30:58.572+0200] {processor.py:179} INFO - Processing /Library/Frameworks/Python.framework/Versions/3.11/lib/python3.11/site-packages/airflow/example_dags/example_latest_only_with_trigger.py took 0.071 seconds
[2023-10-21T14:32:12.371+0200] {processor.py:157} INFO - Started process (PID=65579) to work on /Library/Frameworks/Python.framework/Versions/3.11/lib/python3.11/site-packages/airflow/example_dags/example_latest_only_with_trigger.py
[2023-10-21T14:32:12.373+0200] {processor.py:829} INFO - Processing file /Library/Frameworks/Python.framework/Versions/3.11/lib/python3.11/site-packages/airflow/example_dags/example_latest_only_with_trigger.py for tasks to queue
[2023-10-21T14:32:12.374+0200] {logging_mixin.py:151} INFO - [2023-10-21T14:32:12.374+0200] {dagbag.py:536} INFO - Filling up the DagBag from /Library/Frameworks/Python.framework/Versions/3.11/lib/python3.11/site-packages/airflow/example_dags/example_latest_only_with_trigger.py
[2023-10-21T14:32:12.384+0200] {processor.py:839} INFO - DAG(s) dict_keys(['latest_only_with_trigger']) retrieved from /Library/Frameworks/Python.framework/Versions/3.11/lib/python3.11/site-packages/airflow/example_dags/example_latest_only_with_trigger.py
[2023-10-21T14:32:12.463+0200] {logging_mixin.py:151} INFO - [2023-10-21T14:32:12.462+0200] {dag.py:2941} INFO - Sync 1 DAGs
[2023-10-21T14:32:12.468+0200] {logging_mixin.py:151} INFO - [2023-10-21T14:32:12.468+0200] {dag.py:3722} INFO - Setting next_dagrun for latest_only_with_trigger to 2023-10-21T08:32:12.468787+00:00, run_after=2023-10-21T12:32:12.468787+00:00
[2023-10-21T14:32:12.475+0200] {processor.py:179} INFO - Processing /Library/Frameworks/Python.framework/Versions/3.11/lib/python3.11/site-packages/airflow/example_dags/example_latest_only_with_trigger.py took 0.104 seconds
[2023-10-21T14:33:22.743+0200] {processor.py:157} INFO - Started process (PID=65730) to work on /Library/Frameworks/Python.framework/Versions/3.11/lib/python3.11/site-packages/airflow/example_dags/example_latest_only_with_trigger.py
[2023-10-21T14:33:22.746+0200] {processor.py:829} INFO - Processing file /Library/Frameworks/Python.framework/Versions/3.11/lib/python3.11/site-packages/airflow/example_dags/example_latest_only_with_trigger.py for tasks to queue
[2023-10-21T14:33:22.746+0200] {logging_mixin.py:151} INFO - [2023-10-21T14:33:22.746+0200] {dagbag.py:536} INFO - Filling up the DagBag from /Library/Frameworks/Python.framework/Versions/3.11/lib/python3.11/site-packages/airflow/example_dags/example_latest_only_with_trigger.py
[2023-10-21T14:33:22.755+0200] {processor.py:839} INFO - DAG(s) dict_keys(['latest_only_with_trigger']) retrieved from /Library/Frameworks/Python.framework/Versions/3.11/lib/python3.11/site-packages/airflow/example_dags/example_latest_only_with_trigger.py
[2023-10-21T14:33:22.831+0200] {logging_mixin.py:151} INFO - [2023-10-21T14:33:22.831+0200] {dag.py:2941} INFO - Sync 1 DAGs
[2023-10-21T14:33:22.837+0200] {logging_mixin.py:151} INFO - [2023-10-21T14:33:22.837+0200] {dag.py:3722} INFO - Setting next_dagrun for latest_only_with_trigger to 2023-10-21T08:33:22.837809+00:00, run_after=2023-10-21T12:33:22.837809+00:00
[2023-10-21T14:33:22.844+0200] {processor.py:179} INFO - Processing /Library/Frameworks/Python.framework/Versions/3.11/lib/python3.11/site-packages/airflow/example_dags/example_latest_only_with_trigger.py took 0.101 seconds
[2023-10-21T14:34:32.630+0200] {processor.py:157} INFO - Started process (PID=65945) to work on /Library/Frameworks/Python.framework/Versions/3.11/lib/python3.11/site-packages/airflow/example_dags/example_latest_only_with_trigger.py
[2023-10-21T14:34:32.633+0200] {processor.py:829} INFO - Processing file /Library/Frameworks/Python.framework/Versions/3.11/lib/python3.11/site-packages/airflow/example_dags/example_latest_only_with_trigger.py for tasks to queue
[2023-10-21T14:34:32.633+0200] {logging_mixin.py:151} INFO - [2023-10-21T14:34:32.633+0200] {dagbag.py:536} INFO - Filling up the DagBag from /Library/Frameworks/Python.framework/Versions/3.11/lib/python3.11/site-packages/airflow/example_dags/example_latest_only_with_trigger.py
[2023-10-21T14:34:32.642+0200] {processor.py:839} INFO - DAG(s) dict_keys(['latest_only_with_trigger']) retrieved from /Library/Frameworks/Python.framework/Versions/3.11/lib/python3.11/site-packages/airflow/example_dags/example_latest_only_with_trigger.py
[2023-10-21T14:34:32.713+0200] {logging_mixin.py:151} INFO - [2023-10-21T14:34:32.713+0200] {dag.py:2941} INFO - Sync 1 DAGs
[2023-10-21T14:34:32.719+0200] {logging_mixin.py:151} INFO - [2023-10-21T14:34:32.719+0200] {dag.py:3722} INFO - Setting next_dagrun for latest_only_with_trigger to 2023-10-21T08:34:32.719047+00:00, run_after=2023-10-21T12:34:32.719047+00:00
[2023-10-21T14:34:32.725+0200] {processor.py:179} INFO - Processing /Library/Frameworks/Python.framework/Versions/3.11/lib/python3.11/site-packages/airflow/example_dags/example_latest_only_with_trigger.py took 0.095 seconds
[2023-10-21T14:35:44.457+0200] {processor.py:157} INFO - Started process (PID=66121) to work on /Library/Frameworks/Python.framework/Versions/3.11/lib/python3.11/site-packages/airflow/example_dags/example_latest_only_with_trigger.py
[2023-10-21T14:35:44.459+0200] {processor.py:829} INFO - Processing file /Library/Frameworks/Python.framework/Versions/3.11/lib/python3.11/site-packages/airflow/example_dags/example_latest_only_with_trigger.py for tasks to queue
[2023-10-21T14:35:44.459+0200] {logging_mixin.py:151} INFO - [2023-10-21T14:35:44.459+0200] {dagbag.py:536} INFO - Filling up the DagBag from /Library/Frameworks/Python.framework/Versions/3.11/lib/python3.11/site-packages/airflow/example_dags/example_latest_only_with_trigger.py
[2023-10-21T14:35:44.468+0200] {processor.py:839} INFO - DAG(s) dict_keys(['latest_only_with_trigger']) retrieved from /Library/Frameworks/Python.framework/Versions/3.11/lib/python3.11/site-packages/airflow/example_dags/example_latest_only_with_trigger.py
[2023-10-21T14:35:44.539+0200] {logging_mixin.py:151} INFO - [2023-10-21T14:35:44.538+0200] {dag.py:2941} INFO - Sync 1 DAGs
[2023-10-21T14:35:44.544+0200] {logging_mixin.py:151} INFO - [2023-10-21T14:35:44.544+0200] {dag.py:3722} INFO - Setting next_dagrun for latest_only_with_trigger to 2023-10-21T08:35:44.544584+00:00, run_after=2023-10-21T12:35:44.544584+00:00
[2023-10-21T14:35:44.551+0200] {processor.py:179} INFO - Processing /Library/Frameworks/Python.framework/Versions/3.11/lib/python3.11/site-packages/airflow/example_dags/example_latest_only_with_trigger.py took 0.094 seconds
[2023-10-21T14:45:48.671+0200] {processor.py:157} INFO - Started process (PID=66998) to work on /Library/Frameworks/Python.framework/Versions/3.11/lib/python3.11/site-packages/airflow/example_dags/example_latest_only_with_trigger.py
[2023-10-21T14:45:48.672+0200] {processor.py:829} INFO - Processing file /Library/Frameworks/Python.framework/Versions/3.11/lib/python3.11/site-packages/airflow/example_dags/example_latest_only_with_trigger.py for tasks to queue
[2023-10-21T14:45:48.672+0200] {logging_mixin.py:151} INFO - [2023-10-21T14:45:48.672+0200] {dagbag.py:536} INFO - Filling up the DagBag from /Library/Frameworks/Python.framework/Versions/3.11/lib/python3.11/site-packages/airflow/example_dags/example_latest_only_with_trigger.py
[2023-10-21T14:45:48.681+0200] {processor.py:839} INFO - DAG(s) dict_keys(['latest_only_with_trigger']) retrieved from /Library/Frameworks/Python.framework/Versions/3.11/lib/python3.11/site-packages/airflow/example_dags/example_latest_only_with_trigger.py
[2023-10-21T14:45:48.754+0200] {logging_mixin.py:151} INFO - [2023-10-21T14:45:48.754+0200] {dag.py:2941} INFO - Sync 1 DAGs
[2023-10-21T14:45:48.760+0200] {logging_mixin.py:151} INFO - [2023-10-21T14:45:48.760+0200] {dag.py:3722} INFO - Setting next_dagrun for latest_only_with_trigger to 2023-10-21T08:45:48.759995+00:00, run_after=2023-10-21T12:45:48.759995+00:00
[2023-10-21T14:45:48.766+0200] {processor.py:179} INFO - Processing /Library/Frameworks/Python.framework/Versions/3.11/lib/python3.11/site-packages/airflow/example_dags/example_latest_only_with_trigger.py took 0.096 seconds
[2023-10-21T14:46:56.559+0200] {processor.py:157} INFO - Started process (PID=67170) to work on /Library/Frameworks/Python.framework/Versions/3.11/lib/python3.11/site-packages/airflow/example_dags/example_latest_only_with_trigger.py
[2023-10-21T14:46:56.561+0200] {processor.py:829} INFO - Processing file /Library/Frameworks/Python.framework/Versions/3.11/lib/python3.11/site-packages/airflow/example_dags/example_latest_only_with_trigger.py for tasks to queue
[2023-10-21T14:46:56.561+0200] {logging_mixin.py:151} INFO - [2023-10-21T14:46:56.561+0200] {dagbag.py:536} INFO - Filling up the DagBag from /Library/Frameworks/Python.framework/Versions/3.11/lib/python3.11/site-packages/airflow/example_dags/example_latest_only_with_trigger.py
[2023-10-21T14:46:56.571+0200] {processor.py:839} INFO - DAG(s) dict_keys(['latest_only_with_trigger']) retrieved from /Library/Frameworks/Python.framework/Versions/3.11/lib/python3.11/site-packages/airflow/example_dags/example_latest_only_with_trigger.py
[2023-10-21T14:46:56.646+0200] {logging_mixin.py:151} INFO - [2023-10-21T14:46:56.645+0200] {dag.py:2941} INFO - Sync 1 DAGs
[2023-10-21T14:46:56.652+0200] {logging_mixin.py:151} INFO - [2023-10-21T14:46:56.652+0200] {dag.py:3722} INFO - Setting next_dagrun for latest_only_with_trigger to 2023-10-21T08:46:56.652020+00:00, run_after=2023-10-21T12:46:56.652020+00:00
[2023-10-21T14:46:56.658+0200] {processor.py:179} INFO - Processing /Library/Frameworks/Python.framework/Versions/3.11/lib/python3.11/site-packages/airflow/example_dags/example_latest_only_with_trigger.py took 0.099 seconds
[2023-10-21T14:51:45.842+0200] {processor.py:157} INFO - Started process (PID=67775) to work on /Library/Frameworks/Python.framework/Versions/3.11/lib/python3.11/site-packages/airflow/example_dags/example_latest_only_with_trigger.py
[2023-10-21T14:51:45.845+0200] {processor.py:829} INFO - Processing file /Library/Frameworks/Python.framework/Versions/3.11/lib/python3.11/site-packages/airflow/example_dags/example_latest_only_with_trigger.py for tasks to queue
[2023-10-21T14:51:45.845+0200] {logging_mixin.py:151} INFO - [2023-10-21T14:51:45.845+0200] {dagbag.py:536} INFO - Filling up the DagBag from /Library/Frameworks/Python.framework/Versions/3.11/lib/python3.11/site-packages/airflow/example_dags/example_latest_only_with_trigger.py
[2023-10-21T14:51:45.854+0200] {processor.py:839} INFO - DAG(s) dict_keys(['latest_only_with_trigger']) retrieved from /Library/Frameworks/Python.framework/Versions/3.11/lib/python3.11/site-packages/airflow/example_dags/example_latest_only_with_trigger.py
[2023-10-21T14:51:45.872+0200] {logging_mixin.py:151} INFO - [2023-10-21T14:51:45.872+0200] {dag.py:2941} INFO - Sync 1 DAGs
[2023-10-21T14:51:45.900+0200] {logging_mixin.py:151} INFO - [2023-10-21T14:51:45.900+0200] {dag.py:3722} INFO - Setting next_dagrun for latest_only_with_trigger to 2023-10-21T08:51:45.900519+00:00, run_after=2023-10-21T12:51:45.900519+00:00
[2023-10-21T14:51:45.906+0200] {processor.py:179} INFO - Processing /Library/Frameworks/Python.framework/Versions/3.11/lib/python3.11/site-packages/airflow/example_dags/example_latest_only_with_trigger.py took 0.064 seconds
[2023-10-21T14:52:56.009+0200] {processor.py:157} INFO - Started process (PID=67917) to work on /Library/Frameworks/Python.framework/Versions/3.11/lib/python3.11/site-packages/airflow/example_dags/example_latest_only_with_trigger.py
[2023-10-21T14:52:56.010+0200] {processor.py:829} INFO - Processing file /Library/Frameworks/Python.framework/Versions/3.11/lib/python3.11/site-packages/airflow/example_dags/example_latest_only_with_trigger.py for tasks to queue
[2023-10-21T14:52:56.010+0200] {logging_mixin.py:151} INFO - [2023-10-21T14:52:56.010+0200] {dagbag.py:536} INFO - Filling up the DagBag from /Library/Frameworks/Python.framework/Versions/3.11/lib/python3.11/site-packages/airflow/example_dags/example_latest_only_with_trigger.py
[2023-10-21T14:52:56.019+0200] {processor.py:839} INFO - DAG(s) dict_keys(['latest_only_with_trigger']) retrieved from /Library/Frameworks/Python.framework/Versions/3.11/lib/python3.11/site-packages/airflow/example_dags/example_latest_only_with_trigger.py
[2023-10-21T14:52:56.091+0200] {logging_mixin.py:151} INFO - [2023-10-21T14:52:56.090+0200] {dag.py:2941} INFO - Sync 1 DAGs
[2023-10-21T14:52:56.096+0200] {logging_mixin.py:151} INFO - [2023-10-21T14:52:56.096+0200] {dag.py:3722} INFO - Setting next_dagrun for latest_only_with_trigger to 2023-10-21T08:52:56.096649+00:00, run_after=2023-10-21T12:52:56.096649+00:00
[2023-10-21T14:52:56.103+0200] {processor.py:179} INFO - Processing /Library/Frameworks/Python.framework/Versions/3.11/lib/python3.11/site-packages/airflow/example_dags/example_latest_only_with_trigger.py took 0.094 seconds
[2023-10-21T14:54:07.062+0200] {processor.py:157} INFO - Started process (PID=68051) to work on /Library/Frameworks/Python.framework/Versions/3.11/lib/python3.11/site-packages/airflow/example_dags/example_latest_only_with_trigger.py
[2023-10-21T14:54:07.064+0200] {processor.py:829} INFO - Processing file /Library/Frameworks/Python.framework/Versions/3.11/lib/python3.11/site-packages/airflow/example_dags/example_latest_only_with_trigger.py for tasks to queue
[2023-10-21T14:54:07.064+0200] {logging_mixin.py:151} INFO - [2023-10-21T14:54:07.064+0200] {dagbag.py:536} INFO - Filling up the DagBag from /Library/Frameworks/Python.framework/Versions/3.11/lib/python3.11/site-packages/airflow/example_dags/example_latest_only_with_trigger.py
[2023-10-21T14:54:07.072+0200] {processor.py:839} INFO - DAG(s) dict_keys(['latest_only_with_trigger']) retrieved from /Library/Frameworks/Python.framework/Versions/3.11/lib/python3.11/site-packages/airflow/example_dags/example_latest_only_with_trigger.py
[2023-10-21T14:54:07.144+0200] {logging_mixin.py:151} INFO - [2023-10-21T14:54:07.144+0200] {dag.py:2941} INFO - Sync 1 DAGs
[2023-10-21T14:54:07.150+0200] {logging_mixin.py:151} INFO - [2023-10-21T14:54:07.150+0200] {dag.py:3722} INFO - Setting next_dagrun for latest_only_with_trigger to 2023-10-21T08:54:07.150035+00:00, run_after=2023-10-21T12:54:07.150035+00:00
[2023-10-21T14:54:07.156+0200] {processor.py:179} INFO - Processing /Library/Frameworks/Python.framework/Versions/3.11/lib/python3.11/site-packages/airflow/example_dags/example_latest_only_with_trigger.py took 0.094 seconds
[2023-10-21T14:55:17.069+0200] {processor.py:157} INFO - Started process (PID=68201) to work on /Library/Frameworks/Python.framework/Versions/3.11/lib/python3.11/site-packages/airflow/example_dags/example_latest_only_with_trigger.py
[2023-10-21T14:55:17.071+0200] {processor.py:829} INFO - Processing file /Library/Frameworks/Python.framework/Versions/3.11/lib/python3.11/site-packages/airflow/example_dags/example_latest_only_with_trigger.py for tasks to queue
[2023-10-21T14:55:17.072+0200] {logging_mixin.py:151} INFO - [2023-10-21T14:55:17.071+0200] {dagbag.py:536} INFO - Filling up the DagBag from /Library/Frameworks/Python.framework/Versions/3.11/lib/python3.11/site-packages/airflow/example_dags/example_latest_only_with_trigger.py
[2023-10-21T14:55:17.081+0200] {processor.py:839} INFO - DAG(s) dict_keys(['latest_only_with_trigger']) retrieved from /Library/Frameworks/Python.framework/Versions/3.11/lib/python3.11/site-packages/airflow/example_dags/example_latest_only_with_trigger.py
[2023-10-21T14:55:17.152+0200] {logging_mixin.py:151} INFO - [2023-10-21T14:55:17.152+0200] {dag.py:2941} INFO - Sync 1 DAGs
[2023-10-21T14:55:17.158+0200] {logging_mixin.py:151} INFO - [2023-10-21T14:55:17.158+0200] {dag.py:3722} INFO - Setting next_dagrun for latest_only_with_trigger to 2023-10-21T08:55:17.158266+00:00, run_after=2023-10-21T12:55:17.158266+00:00
[2023-10-21T14:55:17.164+0200] {processor.py:179} INFO - Processing /Library/Frameworks/Python.framework/Versions/3.11/lib/python3.11/site-packages/airflow/example_dags/example_latest_only_with_trigger.py took 0.096 seconds
[2023-10-21T14:56:27.097+0200] {processor.py:157} INFO - Started process (PID=68355) to work on /Library/Frameworks/Python.framework/Versions/3.11/lib/python3.11/site-packages/airflow/example_dags/example_latest_only_with_trigger.py
[2023-10-21T14:56:27.100+0200] {processor.py:829} INFO - Processing file /Library/Frameworks/Python.framework/Versions/3.11/lib/python3.11/site-packages/airflow/example_dags/example_latest_only_with_trigger.py for tasks to queue
[2023-10-21T14:56:27.101+0200] {logging_mixin.py:151} INFO - [2023-10-21T14:56:27.101+0200] {dagbag.py:536} INFO - Filling up the DagBag from /Library/Frameworks/Python.framework/Versions/3.11/lib/python3.11/site-packages/airflow/example_dags/example_latest_only_with_trigger.py
[2023-10-21T14:56:27.111+0200] {processor.py:839} INFO - DAG(s) dict_keys(['latest_only_with_trigger']) retrieved from /Library/Frameworks/Python.framework/Versions/3.11/lib/python3.11/site-packages/airflow/example_dags/example_latest_only_with_trigger.py
[2023-10-21T14:56:27.188+0200] {logging_mixin.py:151} INFO - [2023-10-21T14:56:27.187+0200] {dag.py:2941} INFO - Sync 1 DAGs
[2023-10-21T14:56:27.193+0200] {logging_mixin.py:151} INFO - [2023-10-21T14:56:27.193+0200] {dag.py:3722} INFO - Setting next_dagrun for latest_only_with_trigger to 2023-10-21T08:56:27.193633+00:00, run_after=2023-10-21T12:56:27.193633+00:00
[2023-10-21T14:56:27.200+0200] {processor.py:179} INFO - Processing /Library/Frameworks/Python.framework/Versions/3.11/lib/python3.11/site-packages/airflow/example_dags/example_latest_only_with_trigger.py took 0.103 seconds
