[2023-10-21T14:28:30.338+0200] {processor.py:157} INFO - Started process (PID=65110) to work on /Library/Frameworks/Python.framework/Versions/3.11/lib/python3.11/site-packages/airflow/example_dags/example_kubernetes_executor.py
[2023-10-21T14:28:30.340+0200] {processor.py:829} INFO - Processing file /Library/Frameworks/Python.framework/Versions/3.11/lib/python3.11/site-packages/airflow/example_dags/example_kubernetes_executor.py for tasks to queue
[2023-10-21T14:28:30.341+0200] {logging_mixin.py:151} INFO - [2023-10-21T14:28:30.341+0200] {dagbag.py:536} INFO - Filling up the DagBag from /Library/Frameworks/Python.framework/Versions/3.11/lib/python3.11/site-packages/airflow/example_dags/example_kubernetes_executor.py
[2023-10-21T14:28:30.359+0200] {logging_mixin.py:151} INFO - [2023-10-21T14:28:30.359+0200] {example_kubernetes_executor.py:38} WARNING - The example_kubernetes_executor example DAG requires the kubernetes provider. Please install it with: pip install apache-airflow[cncf.kubernetes]
[2023-10-21T14:28:30.359+0200] {processor.py:841} WARNING - No viable dags retrieved from /Library/Frameworks/Python.framework/Versions/3.11/lib/python3.11/site-packages/airflow/example_dags/example_kubernetes_executor.py
[2023-10-21T14:28:30.394+0200] {processor.py:179} INFO - Processing /Library/Frameworks/Python.framework/Versions/3.11/lib/python3.11/site-packages/airflow/example_dags/example_kubernetes_executor.py took 0.056 seconds
[2023-10-21T14:29:51.866+0200] {processor.py:157} INFO - Started process (PID=65294) to work on /Library/Frameworks/Python.framework/Versions/3.11/lib/python3.11/site-packages/airflow/example_dags/example_kubernetes_executor.py
[2023-10-21T14:29:51.869+0200] {processor.py:829} INFO - Processing file /Library/Frameworks/Python.framework/Versions/3.11/lib/python3.11/site-packages/airflow/example_dags/example_kubernetes_executor.py for tasks to queue
[2023-10-21T14:29:51.869+0200] {logging_mixin.py:151} INFO - [2023-10-21T14:29:51.869+0200] {dagbag.py:536} INFO - Filling up the DagBag from /Library/Frameworks/Python.framework/Versions/3.11/lib/python3.11/site-packages/airflow/example_dags/example_kubernetes_executor.py
[2023-10-21T14:29:51.885+0200] {logging_mixin.py:151} INFO - [2023-10-21T14:29:51.885+0200] {example_kubernetes_executor.py:38} WARNING - The example_kubernetes_executor example DAG requires the kubernetes provider. Please install it with: pip install apache-airflow[cncf.kubernetes]
[2023-10-21T14:29:51.885+0200] {processor.py:841} WARNING - No viable dags retrieved from /Library/Frameworks/Python.framework/Versions/3.11/lib/python3.11/site-packages/airflow/example_dags/example_kubernetes_executor.py
[2023-10-21T14:29:51.919+0200] {processor.py:179} INFO - Processing /Library/Frameworks/Python.framework/Versions/3.11/lib/python3.11/site-packages/airflow/example_dags/example_kubernetes_executor.py took 0.053 seconds
[2023-10-21T14:31:01.553+0200] {processor.py:157} INFO - Started process (PID=65429) to work on /Library/Frameworks/Python.framework/Versions/3.11/lib/python3.11/site-packages/airflow/example_dags/example_kubernetes_executor.py
[2023-10-21T14:31:01.555+0200] {processor.py:829} INFO - Processing file /Library/Frameworks/Python.framework/Versions/3.11/lib/python3.11/site-packages/airflow/example_dags/example_kubernetes_executor.py for tasks to queue
[2023-10-21T14:31:01.555+0200] {logging_mixin.py:151} INFO - [2023-10-21T14:31:01.555+0200] {dagbag.py:536} INFO - Filling up the DagBag from /Library/Frameworks/Python.framework/Versions/3.11/lib/python3.11/site-packages/airflow/example_dags/example_kubernetes_executor.py
[2023-10-21T14:31:01.571+0200] {logging_mixin.py:151} INFO - [2023-10-21T14:31:01.571+0200] {example_kubernetes_executor.py:38} WARNING - The example_kubernetes_executor example DAG requires the kubernetes provider. Please install it with: pip install apache-airflow[cncf.kubernetes]
[2023-10-21T14:31:01.571+0200] {processor.py:841} WARNING - No viable dags retrieved from /Library/Frameworks/Python.framework/Versions/3.11/lib/python3.11/site-packages/airflow/example_dags/example_kubernetes_executor.py
[2023-10-21T14:31:01.605+0200] {processor.py:179} INFO - Processing /Library/Frameworks/Python.framework/Versions/3.11/lib/python3.11/site-packages/airflow/example_dags/example_kubernetes_executor.py took 0.053 seconds
[2023-10-21T14:32:14.734+0200] {processor.py:157} INFO - Started process (PID=65584) to work on /Library/Frameworks/Python.framework/Versions/3.11/lib/python3.11/site-packages/airflow/example_dags/example_kubernetes_executor.py
[2023-10-21T14:32:14.736+0200] {processor.py:829} INFO - Processing file /Library/Frameworks/Python.framework/Versions/3.11/lib/python3.11/site-packages/airflow/example_dags/example_kubernetes_executor.py for tasks to queue
[2023-10-21T14:32:14.736+0200] {logging_mixin.py:151} INFO - [2023-10-21T14:32:14.736+0200] {dagbag.py:536} INFO - Filling up the DagBag from /Library/Frameworks/Python.framework/Versions/3.11/lib/python3.11/site-packages/airflow/example_dags/example_kubernetes_executor.py
[2023-10-21T14:32:14.755+0200] {logging_mixin.py:151} INFO - [2023-10-21T14:32:14.755+0200] {example_kubernetes_executor.py:38} WARNING - The example_kubernetes_executor example DAG requires the kubernetes provider. Please install it with: pip install apache-airflow[cncf.kubernetes]
[2023-10-21T14:32:14.755+0200] {processor.py:841} WARNING - No viable dags retrieved from /Library/Frameworks/Python.framework/Versions/3.11/lib/python3.11/site-packages/airflow/example_dags/example_kubernetes_executor.py
[2023-10-21T14:32:14.790+0200] {processor.py:179} INFO - Processing /Library/Frameworks/Python.framework/Versions/3.11/lib/python3.11/site-packages/airflow/example_dags/example_kubernetes_executor.py took 0.057 seconds
[2023-10-21T14:33:25.133+0200] {processor.py:157} INFO - Started process (PID=65734) to work on /Library/Frameworks/Python.framework/Versions/3.11/lib/python3.11/site-packages/airflow/example_dags/example_kubernetes_executor.py
[2023-10-21T14:33:25.135+0200] {processor.py:829} INFO - Processing file /Library/Frameworks/Python.framework/Versions/3.11/lib/python3.11/site-packages/airflow/example_dags/example_kubernetes_executor.py for tasks to queue
[2023-10-21T14:33:25.135+0200] {logging_mixin.py:151} INFO - [2023-10-21T14:33:25.135+0200] {dagbag.py:536} INFO - Filling up the DagBag from /Library/Frameworks/Python.framework/Versions/3.11/lib/python3.11/site-packages/airflow/example_dags/example_kubernetes_executor.py
[2023-10-21T14:33:25.152+0200] {logging_mixin.py:151} INFO - [2023-10-21T14:33:25.152+0200] {example_kubernetes_executor.py:38} WARNING - The example_kubernetes_executor example DAG requires the kubernetes provider. Please install it with: pip install apache-airflow[cncf.kubernetes]
[2023-10-21T14:33:25.152+0200] {processor.py:841} WARNING - No viable dags retrieved from /Library/Frameworks/Python.framework/Versions/3.11/lib/python3.11/site-packages/airflow/example_dags/example_kubernetes_executor.py
[2023-10-21T14:33:25.186+0200] {processor.py:179} INFO - Processing /Library/Frameworks/Python.framework/Versions/3.11/lib/python3.11/site-packages/airflow/example_dags/example_kubernetes_executor.py took 0.054 seconds
[2023-10-21T14:34:35.848+0200] {processor.py:157} INFO - Started process (PID=65950) to work on /Library/Frameworks/Python.framework/Versions/3.11/lib/python3.11/site-packages/airflow/example_dags/example_kubernetes_executor.py
[2023-10-21T14:34:35.851+0200] {processor.py:829} INFO - Processing file /Library/Frameworks/Python.framework/Versions/3.11/lib/python3.11/site-packages/airflow/example_dags/example_kubernetes_executor.py for tasks to queue
[2023-10-21T14:34:35.851+0200] {logging_mixin.py:151} INFO - [2023-10-21T14:34:35.851+0200] {dagbag.py:536} INFO - Filling up the DagBag from /Library/Frameworks/Python.framework/Versions/3.11/lib/python3.11/site-packages/airflow/example_dags/example_kubernetes_executor.py
[2023-10-21T14:34:35.868+0200] {logging_mixin.py:151} INFO - [2023-10-21T14:34:35.868+0200] {example_kubernetes_executor.py:38} WARNING - The example_kubernetes_executor example DAG requires the kubernetes provider. Please install it with: pip install apache-airflow[cncf.kubernetes]
[2023-10-21T14:34:35.868+0200] {processor.py:841} WARNING - No viable dags retrieved from /Library/Frameworks/Python.framework/Versions/3.11/lib/python3.11/site-packages/airflow/example_dags/example_kubernetes_executor.py
[2023-10-21T14:34:35.902+0200] {processor.py:179} INFO - Processing /Library/Frameworks/Python.framework/Versions/3.11/lib/python3.11/site-packages/airflow/example_dags/example_kubernetes_executor.py took 0.054 seconds
[2023-10-21T14:35:47.677+0200] {processor.py:157} INFO - Started process (PID=66128) to work on /Library/Frameworks/Python.framework/Versions/3.11/lib/python3.11/site-packages/airflow/example_dags/example_kubernetes_executor.py
[2023-10-21T14:35:47.679+0200] {processor.py:829} INFO - Processing file /Library/Frameworks/Python.framework/Versions/3.11/lib/python3.11/site-packages/airflow/example_dags/example_kubernetes_executor.py for tasks to queue
[2023-10-21T14:35:47.679+0200] {logging_mixin.py:151} INFO - [2023-10-21T14:35:47.679+0200] {dagbag.py:536} INFO - Filling up the DagBag from /Library/Frameworks/Python.framework/Versions/3.11/lib/python3.11/site-packages/airflow/example_dags/example_kubernetes_executor.py
[2023-10-21T14:35:47.695+0200] {logging_mixin.py:151} INFO - [2023-10-21T14:35:47.695+0200] {example_kubernetes_executor.py:38} WARNING - The example_kubernetes_executor example DAG requires the kubernetes provider. Please install it with: pip install apache-airflow[cncf.kubernetes]
[2023-10-21T14:35:47.696+0200] {processor.py:841} WARNING - No viable dags retrieved from /Library/Frameworks/Python.framework/Versions/3.11/lib/python3.11/site-packages/airflow/example_dags/example_kubernetes_executor.py
[2023-10-21T14:35:47.730+0200] {processor.py:179} INFO - Processing /Library/Frameworks/Python.framework/Versions/3.11/lib/python3.11/site-packages/airflow/example_dags/example_kubernetes_executor.py took 0.052 seconds
[2023-10-21T14:45:51.703+0200] {processor.py:157} INFO - Started process (PID=67004) to work on /Library/Frameworks/Python.framework/Versions/3.11/lib/python3.11/site-packages/airflow/example_dags/example_kubernetes_executor.py
[2023-10-21T14:45:51.704+0200] {processor.py:829} INFO - Processing file /Library/Frameworks/Python.framework/Versions/3.11/lib/python3.11/site-packages/airflow/example_dags/example_kubernetes_executor.py for tasks to queue
[2023-10-21T14:45:51.705+0200] {logging_mixin.py:151} INFO - [2023-10-21T14:45:51.704+0200] {dagbag.py:536} INFO - Filling up the DagBag from /Library/Frameworks/Python.framework/Versions/3.11/lib/python3.11/site-packages/airflow/example_dags/example_kubernetes_executor.py
[2023-10-21T14:45:51.721+0200] {logging_mixin.py:151} INFO - [2023-10-21T14:45:51.721+0200] {example_kubernetes_executor.py:38} WARNING - The example_kubernetes_executor example DAG requires the kubernetes provider. Please install it with: pip install apache-airflow[cncf.kubernetes]
[2023-10-21T14:45:51.721+0200] {processor.py:841} WARNING - No viable dags retrieved from /Library/Frameworks/Python.framework/Versions/3.11/lib/python3.11/site-packages/airflow/example_dags/example_kubernetes_executor.py
[2023-10-21T14:45:51.755+0200] {processor.py:179} INFO - Processing /Library/Frameworks/Python.framework/Versions/3.11/lib/python3.11/site-packages/airflow/example_dags/example_kubernetes_executor.py took 0.053 seconds
[2023-10-21T14:51:48.807+0200] {processor.py:157} INFO - Started process (PID=67782) to work on /Library/Frameworks/Python.framework/Versions/3.11/lib/python3.11/site-packages/airflow/example_dags/example_kubernetes_executor.py
[2023-10-21T14:51:48.810+0200] {processor.py:829} INFO - Processing file /Library/Frameworks/Python.framework/Versions/3.11/lib/python3.11/site-packages/airflow/example_dags/example_kubernetes_executor.py for tasks to queue
[2023-10-21T14:51:48.811+0200] {logging_mixin.py:151} INFO - [2023-10-21T14:51:48.810+0200] {dagbag.py:536} INFO - Filling up the DagBag from /Library/Frameworks/Python.framework/Versions/3.11/lib/python3.11/site-packages/airflow/example_dags/example_kubernetes_executor.py
[2023-10-21T14:51:48.830+0200] {logging_mixin.py:151} INFO - [2023-10-21T14:51:48.830+0200] {example_kubernetes_executor.py:38} WARNING - The example_kubernetes_executor example DAG requires the kubernetes provider. Please install it with: pip install apache-airflow[cncf.kubernetes]
[2023-10-21T14:51:48.830+0200] {processor.py:841} WARNING - No viable dags retrieved from /Library/Frameworks/Python.framework/Versions/3.11/lib/python3.11/site-packages/airflow/example_dags/example_kubernetes_executor.py
[2023-10-21T14:51:48.870+0200] {processor.py:179} INFO - Processing /Library/Frameworks/Python.framework/Versions/3.11/lib/python3.11/site-packages/airflow/example_dags/example_kubernetes_executor.py took 0.063 seconds
[2023-10-21T14:52:59.266+0200] {processor.py:157} INFO - Started process (PID=67922) to work on /Library/Frameworks/Python.framework/Versions/3.11/lib/python3.11/site-packages/airflow/example_dags/example_kubernetes_executor.py
[2023-10-21T14:52:59.268+0200] {processor.py:829} INFO - Processing file /Library/Frameworks/Python.framework/Versions/3.11/lib/python3.11/site-packages/airflow/example_dags/example_kubernetes_executor.py for tasks to queue
[2023-10-21T14:52:59.268+0200] {logging_mixin.py:151} INFO - [2023-10-21T14:52:59.268+0200] {dagbag.py:536} INFO - Filling up the DagBag from /Library/Frameworks/Python.framework/Versions/3.11/lib/python3.11/site-packages/airflow/example_dags/example_kubernetes_executor.py
[2023-10-21T14:52:59.284+0200] {logging_mixin.py:151} INFO - [2023-10-21T14:52:59.284+0200] {example_kubernetes_executor.py:38} WARNING - The example_kubernetes_executor example DAG requires the kubernetes provider. Please install it with: pip install apache-airflow[cncf.kubernetes]
[2023-10-21T14:52:59.284+0200] {processor.py:841} WARNING - No viable dags retrieved from /Library/Frameworks/Python.framework/Versions/3.11/lib/python3.11/site-packages/airflow/example_dags/example_kubernetes_executor.py
[2023-10-21T14:52:59.318+0200] {processor.py:179} INFO - Processing /Library/Frameworks/Python.framework/Versions/3.11/lib/python3.11/site-packages/airflow/example_dags/example_kubernetes_executor.py took 0.052 seconds
[2023-10-21T14:54:10.093+0200] {processor.py:157} INFO - Started process (PID=68056) to work on /Library/Frameworks/Python.framework/Versions/3.11/lib/python3.11/site-packages/airflow/example_dags/example_kubernetes_executor.py
[2023-10-21T14:54:10.095+0200] {processor.py:829} INFO - Processing file /Library/Frameworks/Python.framework/Versions/3.11/lib/python3.11/site-packages/airflow/example_dags/example_kubernetes_executor.py for tasks to queue
[2023-10-21T14:54:10.096+0200] {logging_mixin.py:151} INFO - [2023-10-21T14:54:10.095+0200] {dagbag.py:536} INFO - Filling up the DagBag from /Library/Frameworks/Python.framework/Versions/3.11/lib/python3.11/site-packages/airflow/example_dags/example_kubernetes_executor.py
[2023-10-21T14:54:10.114+0200] {logging_mixin.py:151} INFO - [2023-10-21T14:54:10.113+0200] {example_kubernetes_executor.py:38} WARNING - The example_kubernetes_executor example DAG requires the kubernetes provider. Please install it with: pip install apache-airflow[cncf.kubernetes]
[2023-10-21T14:54:10.114+0200] {processor.py:841} WARNING - No viable dags retrieved from /Library/Frameworks/Python.framework/Versions/3.11/lib/python3.11/site-packages/airflow/example_dags/example_kubernetes_executor.py
[2023-10-21T14:54:10.153+0200] {processor.py:179} INFO - Processing /Library/Frameworks/Python.framework/Versions/3.11/lib/python3.11/site-packages/airflow/example_dags/example_kubernetes_executor.py took 0.060 seconds
[2023-10-21T14:55:19.505+0200] {processor.py:157} INFO - Started process (PID=68206) to work on /Library/Frameworks/Python.framework/Versions/3.11/lib/python3.11/site-packages/airflow/example_dags/example_kubernetes_executor.py
[2023-10-21T14:55:19.508+0200] {processor.py:829} INFO - Processing file /Library/Frameworks/Python.framework/Versions/3.11/lib/python3.11/site-packages/airflow/example_dags/example_kubernetes_executor.py for tasks to queue
[2023-10-21T14:55:19.508+0200] {logging_mixin.py:151} INFO - [2023-10-21T14:55:19.508+0200] {dagbag.py:536} INFO - Filling up the DagBag from /Library/Frameworks/Python.framework/Versions/3.11/lib/python3.11/site-packages/airflow/example_dags/example_kubernetes_executor.py
[2023-10-21T14:55:19.525+0200] {logging_mixin.py:151} INFO - [2023-10-21T14:55:19.525+0200] {example_kubernetes_executor.py:38} WARNING - The example_kubernetes_executor example DAG requires the kubernetes provider. Please install it with: pip install apache-airflow[cncf.kubernetes]
[2023-10-21T14:55:19.525+0200] {processor.py:841} WARNING - No viable dags retrieved from /Library/Frameworks/Python.framework/Versions/3.11/lib/python3.11/site-packages/airflow/example_dags/example_kubernetes_executor.py
[2023-10-21T14:55:19.559+0200] {processor.py:179} INFO - Processing /Library/Frameworks/Python.framework/Versions/3.11/lib/python3.11/site-packages/airflow/example_dags/example_kubernetes_executor.py took 0.055 seconds
