[2023-10-21T14:28:16.632+0200] {processor.py:157} INFO - Started process (PID=65085) to work on /Library/Frameworks/Python.framework/Versions/3.11/lib/python3.11/site-packages/airflow/example_dags/example_python_operator.py
[2023-10-21T14:28:16.634+0200] {processor.py:829} INFO - Processing file /Library/Frameworks/Python.framework/Versions/3.11/lib/python3.11/site-packages/airflow/example_dags/example_python_operator.py for tasks to queue
[2023-10-21T14:28:16.634+0200] {logging_mixin.py:151} INFO - [2023-10-21T14:28:16.634+0200] {dagbag.py:536} INFO - Filling up the DagBag from /Library/Frameworks/Python.framework/Versions/3.11/lib/python3.11/site-packages/airflow/example_dags/example_python_operator.py
[2023-10-21T14:28:16.654+0200] {logging_mixin.py:151} INFO - [2023-10-21T14:28:16.654+0200] {example_python_operator.py:89} WARNING - The virtalenv_python example task requires virtualenv, please install it.
[2023-10-21T14:28:16.656+0200] {processor.py:839} INFO - DAG(s) dict_keys(['example_python_operator']) retrieved from /Library/Frameworks/Python.framework/Versions/3.11/lib/python3.11/site-packages/airflow/example_dags/example_python_operator.py
[2023-10-21T14:28:16.953+0200] {logging_mixin.py:151} INFO - [2023-10-21T14:28:16.953+0200] {dag.py:2941} INFO - Sync 1 DAGs
[2023-10-21T14:28:16.956+0200] {logging_mixin.py:151} INFO - [2023-10-21T14:28:16.955+0200] {dag.py:3722} INFO - Setting next_dagrun for example_python_operator to None, run_after=None
[2023-10-21T14:28:16.962+0200] {processor.py:179} INFO - Processing /Library/Frameworks/Python.framework/Versions/3.11/lib/python3.11/site-packages/airflow/example_dags/example_python_operator.py took 0.330 seconds
[2023-10-21T14:29:29.430+0200] {processor.py:157} INFO - Started process (PID=65244) to work on /Library/Frameworks/Python.framework/Versions/3.11/lib/python3.11/site-packages/airflow/example_dags/example_python_operator.py
[2023-10-21T14:29:29.433+0200] {processor.py:829} INFO - Processing file /Library/Frameworks/Python.framework/Versions/3.11/lib/python3.11/site-packages/airflow/example_dags/example_python_operator.py for tasks to queue
[2023-10-21T14:29:29.433+0200] {logging_mixin.py:151} INFO - [2023-10-21T14:29:29.433+0200] {dagbag.py:536} INFO - Filling up the DagBag from /Library/Frameworks/Python.framework/Versions/3.11/lib/python3.11/site-packages/airflow/example_dags/example_python_operator.py
[2023-10-21T14:29:29.450+0200] {logging_mixin.py:151} INFO - [2023-10-21T14:29:29.450+0200] {example_python_operator.py:89} WARNING - The virtalenv_python example task requires virtualenv, please install it.
[2023-10-21T14:29:29.452+0200] {processor.py:839} INFO - DAG(s) dict_keys(['example_python_operator']) retrieved from /Library/Frameworks/Python.framework/Versions/3.11/lib/python3.11/site-packages/airflow/example_dags/example_python_operator.py
[2023-10-21T14:29:29.522+0200] {logging_mixin.py:151} INFO - [2023-10-21T14:29:29.522+0200] {dag.py:2941} INFO - Sync 1 DAGs
[2023-10-21T14:29:29.525+0200] {logging_mixin.py:151} INFO - [2023-10-21T14:29:29.525+0200] {dag.py:3722} INFO - Setting next_dagrun for example_python_operator to None, run_after=None
[2023-10-21T14:29:29.532+0200] {processor.py:179} INFO - Processing /Library/Frameworks/Python.framework/Versions/3.11/lib/python3.11/site-packages/airflow/example_dags/example_python_operator.py took 0.102 seconds
[2023-10-21T14:30:40.671+0200] {processor.py:157} INFO - Started process (PID=65386) to work on /Library/Frameworks/Python.framework/Versions/3.11/lib/python3.11/site-packages/airflow/example_dags/example_python_operator.py
[2023-10-21T14:30:40.674+0200] {processor.py:829} INFO - Processing file /Library/Frameworks/Python.framework/Versions/3.11/lib/python3.11/site-packages/airflow/example_dags/example_python_operator.py for tasks to queue
[2023-10-21T14:30:40.674+0200] {logging_mixin.py:151} INFO - [2023-10-21T14:30:40.674+0200] {dagbag.py:536} INFO - Filling up the DagBag from /Library/Frameworks/Python.framework/Versions/3.11/lib/python3.11/site-packages/airflow/example_dags/example_python_operator.py
[2023-10-21T14:30:40.691+0200] {logging_mixin.py:151} INFO - [2023-10-21T14:30:40.691+0200] {example_python_operator.py:89} WARNING - The virtalenv_python example task requires virtualenv, please install it.
[2023-10-21T14:30:40.693+0200] {processor.py:839} INFO - DAG(s) dict_keys(['example_python_operator']) retrieved from /Library/Frameworks/Python.framework/Versions/3.11/lib/python3.11/site-packages/airflow/example_dags/example_python_operator.py
[2023-10-21T14:30:40.709+0200] {logging_mixin.py:151} INFO - [2023-10-21T14:30:40.709+0200] {dag.py:2941} INFO - Sync 1 DAGs
[2023-10-21T14:30:40.734+0200] {logging_mixin.py:151} INFO - [2023-10-21T14:30:40.734+0200] {dag.py:3722} INFO - Setting next_dagrun for example_python_operator to None, run_after=None
[2023-10-21T14:30:40.741+0200] {processor.py:179} INFO - Processing /Library/Frameworks/Python.framework/Versions/3.11/lib/python3.11/site-packages/airflow/example_dags/example_python_operator.py took 0.070 seconds
[2023-10-21T14:31:52.772+0200] {processor.py:157} INFO - Started process (PID=65535) to work on /Library/Frameworks/Python.framework/Versions/3.11/lib/python3.11/site-packages/airflow/example_dags/example_python_operator.py
[2023-10-21T14:31:52.774+0200] {processor.py:829} INFO - Processing file /Library/Frameworks/Python.framework/Versions/3.11/lib/python3.11/site-packages/airflow/example_dags/example_python_operator.py for tasks to queue
[2023-10-21T14:31:52.774+0200] {logging_mixin.py:151} INFO - [2023-10-21T14:31:52.774+0200] {dagbag.py:536} INFO - Filling up the DagBag from /Library/Frameworks/Python.framework/Versions/3.11/lib/python3.11/site-packages/airflow/example_dags/example_python_operator.py
[2023-10-21T14:31:52.792+0200] {logging_mixin.py:151} INFO - [2023-10-21T14:31:52.792+0200] {example_python_operator.py:89} WARNING - The virtalenv_python example task requires virtualenv, please install it.
[2023-10-21T14:31:52.794+0200] {processor.py:839} INFO - DAG(s) dict_keys(['example_python_operator']) retrieved from /Library/Frameworks/Python.framework/Versions/3.11/lib/python3.11/site-packages/airflow/example_dags/example_python_operator.py
[2023-10-21T14:31:52.864+0200] {logging_mixin.py:151} INFO - [2023-10-21T14:31:52.864+0200] {dag.py:2941} INFO - Sync 1 DAGs
[2023-10-21T14:31:52.867+0200] {logging_mixin.py:151} INFO - [2023-10-21T14:31:52.867+0200] {dag.py:3722} INFO - Setting next_dagrun for example_python_operator to None, run_after=None
[2023-10-21T14:31:52.874+0200] {processor.py:179} INFO - Processing /Library/Frameworks/Python.framework/Versions/3.11/lib/python3.11/site-packages/airflow/example_dags/example_python_operator.py took 0.102 seconds
[2023-10-21T14:33:04.165+0200] {processor.py:157} INFO - Started process (PID=65694) to work on /Library/Frameworks/Python.framework/Versions/3.11/lib/python3.11/site-packages/airflow/example_dags/example_python_operator.py
[2023-10-21T14:33:04.168+0200] {processor.py:829} INFO - Processing file /Library/Frameworks/Python.framework/Versions/3.11/lib/python3.11/site-packages/airflow/example_dags/example_python_operator.py for tasks to queue
[2023-10-21T14:33:04.168+0200] {logging_mixin.py:151} INFO - [2023-10-21T14:33:04.168+0200] {dagbag.py:536} INFO - Filling up the DagBag from /Library/Frameworks/Python.framework/Versions/3.11/lib/python3.11/site-packages/airflow/example_dags/example_python_operator.py
[2023-10-21T14:33:04.185+0200] {logging_mixin.py:151} INFO - [2023-10-21T14:33:04.185+0200] {example_python_operator.py:89} WARNING - The virtalenv_python example task requires virtualenv, please install it.
[2023-10-21T14:33:04.188+0200] {processor.py:839} INFO - DAG(s) dict_keys(['example_python_operator']) retrieved from /Library/Frameworks/Python.framework/Versions/3.11/lib/python3.11/site-packages/airflow/example_dags/example_python_operator.py
[2023-10-21T14:33:04.258+0200] {logging_mixin.py:151} INFO - [2023-10-21T14:33:04.257+0200] {dag.py:2941} INFO - Sync 1 DAGs
[2023-10-21T14:33:04.260+0200] {logging_mixin.py:151} INFO - [2023-10-21T14:33:04.260+0200] {dag.py:3722} INFO - Setting next_dagrun for example_python_operator to None, run_after=None
[2023-10-21T14:33:04.267+0200] {processor.py:179} INFO - Processing /Library/Frameworks/Python.framework/Versions/3.11/lib/python3.11/site-packages/airflow/example_dags/example_python_operator.py took 0.102 seconds
[2023-10-21T14:34:15.076+0200] {processor.py:157} INFO - Started process (PID=65910) to work on /Library/Frameworks/Python.framework/Versions/3.11/lib/python3.11/site-packages/airflow/example_dags/example_python_operator.py
[2023-10-21T14:34:15.079+0200] {processor.py:829} INFO - Processing file /Library/Frameworks/Python.framework/Versions/3.11/lib/python3.11/site-packages/airflow/example_dags/example_python_operator.py for tasks to queue
[2023-10-21T14:34:15.079+0200] {logging_mixin.py:151} INFO - [2023-10-21T14:34:15.079+0200] {dagbag.py:536} INFO - Filling up the DagBag from /Library/Frameworks/Python.framework/Versions/3.11/lib/python3.11/site-packages/airflow/example_dags/example_python_operator.py
[2023-10-21T14:34:15.097+0200] {logging_mixin.py:151} INFO - [2023-10-21T14:34:15.097+0200] {example_python_operator.py:89} WARNING - The virtalenv_python example task requires virtualenv, please install it.
[2023-10-21T14:34:15.100+0200] {processor.py:839} INFO - DAG(s) dict_keys(['example_python_operator']) retrieved from /Library/Frameworks/Python.framework/Versions/3.11/lib/python3.11/site-packages/airflow/example_dags/example_python_operator.py
[2023-10-21T14:34:15.171+0200] {logging_mixin.py:151} INFO - [2023-10-21T14:34:15.171+0200] {dag.py:2941} INFO - Sync 1 DAGs
[2023-10-21T14:34:15.174+0200] {logging_mixin.py:151} INFO - [2023-10-21T14:34:15.174+0200] {dag.py:3722} INFO - Setting next_dagrun for example_python_operator to None, run_after=None
[2023-10-21T14:34:15.180+0200] {processor.py:179} INFO - Processing /Library/Frameworks/Python.framework/Versions/3.11/lib/python3.11/site-packages/airflow/example_dags/example_python_operator.py took 0.104 seconds
[2023-10-21T14:35:25.175+0200] {processor.py:157} INFO - Started process (PID=66085) to work on /Library/Frameworks/Python.framework/Versions/3.11/lib/python3.11/site-packages/airflow/example_dags/example_python_operator.py
[2023-10-21T14:35:25.176+0200] {processor.py:829} INFO - Processing file /Library/Frameworks/Python.framework/Versions/3.11/lib/python3.11/site-packages/airflow/example_dags/example_python_operator.py for tasks to queue
[2023-10-21T14:35:25.176+0200] {logging_mixin.py:151} INFO - [2023-10-21T14:35:25.176+0200] {dagbag.py:536} INFO - Filling up the DagBag from /Library/Frameworks/Python.framework/Versions/3.11/lib/python3.11/site-packages/airflow/example_dags/example_python_operator.py
[2023-10-21T14:35:25.194+0200] {logging_mixin.py:151} INFO - [2023-10-21T14:35:25.194+0200] {example_python_operator.py:89} WARNING - The virtalenv_python example task requires virtualenv, please install it.
[2023-10-21T14:35:25.196+0200] {processor.py:839} INFO - DAG(s) dict_keys(['example_python_operator']) retrieved from /Library/Frameworks/Python.framework/Versions/3.11/lib/python3.11/site-packages/airflow/example_dags/example_python_operator.py
[2023-10-21T14:35:25.266+0200] {logging_mixin.py:151} INFO - [2023-10-21T14:35:25.266+0200] {dag.py:2941} INFO - Sync 1 DAGs
[2023-10-21T14:35:25.269+0200] {logging_mixin.py:151} INFO - [2023-10-21T14:35:25.269+0200] {dag.py:3722} INFO - Setting next_dagrun for example_python_operator to None, run_after=None
[2023-10-21T14:35:25.276+0200] {processor.py:179} INFO - Processing /Library/Frameworks/Python.framework/Versions/3.11/lib/python3.11/site-packages/airflow/example_dags/example_python_operator.py took 0.101 seconds
[2023-10-21T14:45:40.469+0200] {processor.py:157} INFO - Started process (PID=66982) to work on /Library/Frameworks/Python.framework/Versions/3.11/lib/python3.11/site-packages/airflow/example_dags/example_python_operator.py
[2023-10-21T14:45:40.471+0200] {processor.py:829} INFO - Processing file /Library/Frameworks/Python.framework/Versions/3.11/lib/python3.11/site-packages/airflow/example_dags/example_python_operator.py for tasks to queue
[2023-10-21T14:45:40.471+0200] {logging_mixin.py:151} INFO - [2023-10-21T14:45:40.471+0200] {dagbag.py:536} INFO - Filling up the DagBag from /Library/Frameworks/Python.framework/Versions/3.11/lib/python3.11/site-packages/airflow/example_dags/example_python_operator.py
[2023-10-21T14:45:40.489+0200] {logging_mixin.py:151} INFO - [2023-10-21T14:45:40.489+0200] {example_python_operator.py:89} WARNING - The virtalenv_python example task requires virtualenv, please install it.
[2023-10-21T14:45:40.492+0200] {processor.py:839} INFO - DAG(s) dict_keys(['example_python_operator']) retrieved from /Library/Frameworks/Python.framework/Versions/3.11/lib/python3.11/site-packages/airflow/example_dags/example_python_operator.py
[2023-10-21T14:45:40.564+0200] {logging_mixin.py:151} INFO - [2023-10-21T14:45:40.564+0200] {dag.py:2941} INFO - Sync 1 DAGs
[2023-10-21T14:45:40.567+0200] {logging_mixin.py:151} INFO - [2023-10-21T14:45:40.567+0200] {dag.py:3722} INFO - Setting next_dagrun for example_python_operator to None, run_after=None
[2023-10-21T14:45:40.574+0200] {processor.py:179} INFO - Processing /Library/Frameworks/Python.framework/Versions/3.11/lib/python3.11/site-packages/airflow/example_dags/example_python_operator.py took 0.105 seconds
[2023-10-21T14:46:44.686+0200] {processor.py:157} INFO - Started process (PID=67115) to work on /Library/Frameworks/Python.framework/Versions/3.11/lib/python3.11/site-packages/airflow/example_dags/example_python_operator.py
[2023-10-21T14:46:44.689+0200] {processor.py:829} INFO - Processing file /Library/Frameworks/Python.framework/Versions/3.11/lib/python3.11/site-packages/airflow/example_dags/example_python_operator.py for tasks to queue
[2023-10-21T14:46:44.689+0200] {logging_mixin.py:151} INFO - [2023-10-21T14:46:44.689+0200] {dagbag.py:536} INFO - Filling up the DagBag from /Library/Frameworks/Python.framework/Versions/3.11/lib/python3.11/site-packages/airflow/example_dags/example_python_operator.py
[2023-10-21T14:46:44.709+0200] {logging_mixin.py:151} INFO - [2023-10-21T14:46:44.709+0200] {example_python_operator.py:89} WARNING - The virtalenv_python example task requires virtualenv, please install it.
[2023-10-21T14:46:44.711+0200] {processor.py:839} INFO - DAG(s) dict_keys(['example_python_operator']) retrieved from /Library/Frameworks/Python.framework/Versions/3.11/lib/python3.11/site-packages/airflow/example_dags/example_python_operator.py
[2023-10-21T14:46:44.787+0200] {logging_mixin.py:151} INFO - [2023-10-21T14:46:44.787+0200] {dag.py:2941} INFO - Sync 1 DAGs
[2023-10-21T14:46:44.790+0200] {logging_mixin.py:151} INFO - [2023-10-21T14:46:44.790+0200] {dag.py:3722} INFO - Setting next_dagrun for example_python_operator to None, run_after=None
[2023-10-21T14:46:44.797+0200] {processor.py:179} INFO - Processing /Library/Frameworks/Python.framework/Versions/3.11/lib/python3.11/site-packages/airflow/example_dags/example_python_operator.py took 0.111 seconds
[2023-10-21T14:51:37.609+0200] {processor.py:157} INFO - Started process (PID=67757) to work on /Library/Frameworks/Python.framework/Versions/3.11/lib/python3.11/site-packages/airflow/example_dags/example_python_operator.py
[2023-10-21T14:51:37.611+0200] {processor.py:829} INFO - Processing file /Library/Frameworks/Python.framework/Versions/3.11/lib/python3.11/site-packages/airflow/example_dags/example_python_operator.py for tasks to queue
[2023-10-21T14:51:37.611+0200] {logging_mixin.py:151} INFO - [2023-10-21T14:51:37.611+0200] {dagbag.py:536} INFO - Filling up the DagBag from /Library/Frameworks/Python.framework/Versions/3.11/lib/python3.11/site-packages/airflow/example_dags/example_python_operator.py
[2023-10-21T14:51:37.629+0200] {logging_mixin.py:151} INFO - [2023-10-21T14:51:37.629+0200] {example_python_operator.py:89} WARNING - The virtalenv_python example task requires virtualenv, please install it.
[2023-10-21T14:51:37.631+0200] {processor.py:839} INFO - DAG(s) dict_keys(['example_python_operator']) retrieved from /Library/Frameworks/Python.framework/Versions/3.11/lib/python3.11/site-packages/airflow/example_dags/example_python_operator.py
[2023-10-21T14:51:37.647+0200] {logging_mixin.py:151} INFO - [2023-10-21T14:51:37.647+0200] {dag.py:2941} INFO - Sync 1 DAGs
[2023-10-21T14:51:37.673+0200] {logging_mixin.py:151} INFO - [2023-10-21T14:51:37.673+0200] {dag.py:3722} INFO - Setting next_dagrun for example_python_operator to None, run_after=None
[2023-10-21T14:51:37.681+0200] {processor.py:179} INFO - Processing /Library/Frameworks/Python.framework/Versions/3.11/lib/python3.11/site-packages/airflow/example_dags/example_python_operator.py took 0.072 seconds
[2023-10-21T14:52:42.690+0200] {processor.py:157} INFO - Started process (PID=67893) to work on /Library/Frameworks/Python.framework/Versions/3.11/lib/python3.11/site-packages/airflow/example_dags/example_python_operator.py
[2023-10-21T14:52:42.692+0200] {processor.py:829} INFO - Processing file /Library/Frameworks/Python.framework/Versions/3.11/lib/python3.11/site-packages/airflow/example_dags/example_python_operator.py for tasks to queue
[2023-10-21T14:52:42.692+0200] {logging_mixin.py:151} INFO - [2023-10-21T14:52:42.692+0200] {dagbag.py:536} INFO - Filling up the DagBag from /Library/Frameworks/Python.framework/Versions/3.11/lib/python3.11/site-packages/airflow/example_dags/example_python_operator.py
[2023-10-21T14:52:42.709+0200] {logging_mixin.py:151} INFO - [2023-10-21T14:52:42.709+0200] {example_python_operator.py:89} WARNING - The virtalenv_python example task requires virtualenv, please install it.
[2023-10-21T14:52:42.712+0200] {processor.py:839} INFO - DAG(s) dict_keys(['example_python_operator']) retrieved from /Library/Frameworks/Python.framework/Versions/3.11/lib/python3.11/site-packages/airflow/example_dags/example_python_operator.py
[2023-10-21T14:52:42.782+0200] {logging_mixin.py:151} INFO - [2023-10-21T14:52:42.782+0200] {dag.py:2941} INFO - Sync 1 DAGs
[2023-10-21T14:52:42.785+0200] {logging_mixin.py:151} INFO - [2023-10-21T14:52:42.785+0200] {dag.py:3722} INFO - Setting next_dagrun for example_python_operator to None, run_after=None
[2023-10-21T14:52:42.792+0200] {processor.py:179} INFO - Processing /Library/Frameworks/Python.framework/Versions/3.11/lib/python3.11/site-packages/airflow/example_dags/example_python_operator.py took 0.102 seconds
[2023-10-21T14:53:52.791+0200] {processor.py:157} INFO - Started process (PID=68025) to work on /Library/Frameworks/Python.framework/Versions/3.11/lib/python3.11/site-packages/airflow/example_dags/example_python_operator.py
[2023-10-21T14:53:52.793+0200] {processor.py:829} INFO - Processing file /Library/Frameworks/Python.framework/Versions/3.11/lib/python3.11/site-packages/airflow/example_dags/example_python_operator.py for tasks to queue
[2023-10-21T14:53:52.793+0200] {logging_mixin.py:151} INFO - [2023-10-21T14:53:52.793+0200] {dagbag.py:536} INFO - Filling up the DagBag from /Library/Frameworks/Python.framework/Versions/3.11/lib/python3.11/site-packages/airflow/example_dags/example_python_operator.py
[2023-10-21T14:53:52.811+0200] {logging_mixin.py:151} INFO - [2023-10-21T14:53:52.810+0200] {example_python_operator.py:89} WARNING - The virtalenv_python example task requires virtualenv, please install it.
[2023-10-21T14:53:52.813+0200] {processor.py:839} INFO - DAG(s) dict_keys(['example_python_operator']) retrieved from /Library/Frameworks/Python.framework/Versions/3.11/lib/python3.11/site-packages/airflow/example_dags/example_python_operator.py
[2023-10-21T14:53:52.884+0200] {logging_mixin.py:151} INFO - [2023-10-21T14:53:52.884+0200] {dag.py:2941} INFO - Sync 1 DAGs
[2023-10-21T14:53:52.887+0200] {logging_mixin.py:151} INFO - [2023-10-21T14:53:52.887+0200] {dag.py:3722} INFO - Setting next_dagrun for example_python_operator to None, run_after=None
[2023-10-21T14:53:52.894+0200] {processor.py:179} INFO - Processing /Library/Frameworks/Python.framework/Versions/3.11/lib/python3.11/site-packages/airflow/example_dags/example_python_operator.py took 0.103 seconds
[2023-10-21T14:55:03.597+0200] {processor.py:157} INFO - Started process (PID=68179) to work on /Library/Frameworks/Python.framework/Versions/3.11/lib/python3.11/site-packages/airflow/example_dags/example_python_operator.py
[2023-10-21T14:55:03.600+0200] {processor.py:829} INFO - Processing file /Library/Frameworks/Python.framework/Versions/3.11/lib/python3.11/site-packages/airflow/example_dags/example_python_operator.py for tasks to queue
[2023-10-21T14:55:03.600+0200] {logging_mixin.py:151} INFO - [2023-10-21T14:55:03.600+0200] {dagbag.py:536} INFO - Filling up the DagBag from /Library/Frameworks/Python.framework/Versions/3.11/lib/python3.11/site-packages/airflow/example_dags/example_python_operator.py
[2023-10-21T14:55:03.618+0200] {logging_mixin.py:151} INFO - [2023-10-21T14:55:03.617+0200] {example_python_operator.py:89} WARNING - The virtalenv_python example task requires virtualenv, please install it.
[2023-10-21T14:55:03.620+0200] {processor.py:839} INFO - DAG(s) dict_keys(['example_python_operator']) retrieved from /Library/Frameworks/Python.framework/Versions/3.11/lib/python3.11/site-packages/airflow/example_dags/example_python_operator.py
[2023-10-21T14:55:03.690+0200] {logging_mixin.py:151} INFO - [2023-10-21T14:55:03.690+0200] {dag.py:2941} INFO - Sync 1 DAGs
[2023-10-21T14:55:03.693+0200] {logging_mixin.py:151} INFO - [2023-10-21T14:55:03.692+0200] {dag.py:3722} INFO - Setting next_dagrun for example_python_operator to None, run_after=None
[2023-10-21T14:55:03.699+0200] {processor.py:179} INFO - Processing /Library/Frameworks/Python.framework/Versions/3.11/lib/python3.11/site-packages/airflow/example_dags/example_python_operator.py took 0.102 seconds
[2023-10-21T14:56:13.609+0200] {processor.py:157} INFO - Started process (PID=68321) to work on /Library/Frameworks/Python.framework/Versions/3.11/lib/python3.11/site-packages/airflow/example_dags/example_python_operator.py
[2023-10-21T14:56:13.612+0200] {processor.py:829} INFO - Processing file /Library/Frameworks/Python.framework/Versions/3.11/lib/python3.11/site-packages/airflow/example_dags/example_python_operator.py for tasks to queue
[2023-10-21T14:56:13.612+0200] {logging_mixin.py:151} INFO - [2023-10-21T14:56:13.612+0200] {dagbag.py:536} INFO - Filling up the DagBag from /Library/Frameworks/Python.framework/Versions/3.11/lib/python3.11/site-packages/airflow/example_dags/example_python_operator.py
[2023-10-21T14:56:13.630+0200] {logging_mixin.py:151} INFO - [2023-10-21T14:56:13.630+0200] {example_python_operator.py:89} WARNING - The virtalenv_python example task requires virtualenv, please install it.
[2023-10-21T14:56:13.632+0200] {processor.py:839} INFO - DAG(s) dict_keys(['example_python_operator']) retrieved from /Library/Frameworks/Python.framework/Versions/3.11/lib/python3.11/site-packages/airflow/example_dags/example_python_operator.py
[2023-10-21T14:56:13.703+0200] {logging_mixin.py:151} INFO - [2023-10-21T14:56:13.703+0200] {dag.py:2941} INFO - Sync 1 DAGs
[2023-10-21T14:56:13.706+0200] {logging_mixin.py:151} INFO - [2023-10-21T14:56:13.706+0200] {dag.py:3722} INFO - Setting next_dagrun for example_python_operator to None, run_after=None
[2023-10-21T14:56:13.712+0200] {processor.py:179} INFO - Processing /Library/Frameworks/Python.framework/Versions/3.11/lib/python3.11/site-packages/airflow/example_dags/example_python_operator.py took 0.103 seconds
