[2023-10-21T14:28:31.430+0200] {processor.py:157} INFO - Started process (PID=65112) to work on /Library/Frameworks/Python.framework/Versions/3.11/lib/python3.11/site-packages/airflow/example_dags/example_external_task_marker_dag.py
[2023-10-21T14:28:31.432+0200] {processor.py:829} INFO - Processing file /Library/Frameworks/Python.framework/Versions/3.11/lib/python3.11/site-packages/airflow/example_dags/example_external_task_marker_dag.py for tasks to queue
[2023-10-21T14:28:31.432+0200] {logging_mixin.py:151} INFO - [2023-10-21T14:28:31.432+0200] {dagbag.py:536} INFO - Filling up the DagBag from /Library/Frameworks/Python.framework/Versions/3.11/lib/python3.11/site-packages/airflow/example_dags/example_external_task_marker_dag.py
[2023-10-21T14:28:31.443+0200] {processor.py:839} INFO - DAG(s) dict_keys(['example_external_task_marker_parent', 'example_external_task_marker_child']) retrieved from /Library/Frameworks/Python.framework/Versions/3.11/lib/python3.11/site-packages/airflow/example_dags/example_external_task_marker_dag.py
[2023-10-21T14:28:31.749+0200] {logging_mixin.py:151} INFO - [2023-10-21T14:28:31.748+0200] {dag.py:2941} INFO - Sync 2 DAGs
[2023-10-21T14:28:31.752+0200] {logging_mixin.py:151} INFO - [2023-10-21T14:28:31.752+0200] {dag.py:3722} INFO - Setting next_dagrun for example_external_task_marker_child to None, run_after=None
[2023-10-21T14:28:31.752+0200] {logging_mixin.py:151} INFO - [2023-10-21T14:28:31.752+0200] {dag.py:3722} INFO - Setting next_dagrun for example_external_task_marker_parent to None, run_after=None
[2023-10-21T14:28:31.759+0200] {processor.py:179} INFO - Processing /Library/Frameworks/Python.framework/Versions/3.11/lib/python3.11/site-packages/airflow/example_dags/example_external_task_marker_dag.py took 0.329 seconds
[2023-10-21T14:29:53.424+0200] {processor.py:157} INFO - Started process (PID=65296) to work on /Library/Frameworks/Python.framework/Versions/3.11/lib/python3.11/site-packages/airflow/example_dags/example_external_task_marker_dag.py
[2023-10-21T14:29:53.427+0200] {processor.py:829} INFO - Processing file /Library/Frameworks/Python.framework/Versions/3.11/lib/python3.11/site-packages/airflow/example_dags/example_external_task_marker_dag.py for tasks to queue
[2023-10-21T14:29:53.427+0200] {logging_mixin.py:151} INFO - [2023-10-21T14:29:53.427+0200] {dagbag.py:536} INFO - Filling up the DagBag from /Library/Frameworks/Python.framework/Versions/3.11/lib/python3.11/site-packages/airflow/example_dags/example_external_task_marker_dag.py
[2023-10-21T14:29:53.437+0200] {processor.py:839} INFO - DAG(s) dict_keys(['example_external_task_marker_parent', 'example_external_task_marker_child']) retrieved from /Library/Frameworks/Python.framework/Versions/3.11/lib/python3.11/site-packages/airflow/example_dags/example_external_task_marker_dag.py
[2023-10-21T14:29:53.513+0200] {logging_mixin.py:151} INFO - [2023-10-21T14:29:53.513+0200] {dag.py:2941} INFO - Sync 2 DAGs
[2023-10-21T14:29:53.516+0200] {logging_mixin.py:151} INFO - [2023-10-21T14:29:53.516+0200] {dag.py:3722} INFO - Setting next_dagrun for example_external_task_marker_child to None, run_after=None
[2023-10-21T14:29:53.517+0200] {logging_mixin.py:151} INFO - [2023-10-21T14:29:53.517+0200] {dag.py:3722} INFO - Setting next_dagrun for example_external_task_marker_parent to None, run_after=None
[2023-10-21T14:29:53.523+0200] {processor.py:179} INFO - Processing /Library/Frameworks/Python.framework/Versions/3.11/lib/python3.11/site-packages/airflow/example_dags/example_external_task_marker_dag.py took 0.099 seconds
[2023-10-21T14:31:03.141+0200] {processor.py:157} INFO - Started process (PID=65431) to work on /Library/Frameworks/Python.framework/Versions/3.11/lib/python3.11/site-packages/airflow/example_dags/example_external_task_marker_dag.py
[2023-10-21T14:31:03.142+0200] {processor.py:829} INFO - Processing file /Library/Frameworks/Python.framework/Versions/3.11/lib/python3.11/site-packages/airflow/example_dags/example_external_task_marker_dag.py for tasks to queue
[2023-10-21T14:31:03.142+0200] {logging_mixin.py:151} INFO - [2023-10-21T14:31:03.142+0200] {dagbag.py:536} INFO - Filling up the DagBag from /Library/Frameworks/Python.framework/Versions/3.11/lib/python3.11/site-packages/airflow/example_dags/example_external_task_marker_dag.py
[2023-10-21T14:31:03.152+0200] {processor.py:839} INFO - DAG(s) dict_keys(['example_external_task_marker_parent', 'example_external_task_marker_child']) retrieved from /Library/Frameworks/Python.framework/Versions/3.11/lib/python3.11/site-packages/airflow/example_dags/example_external_task_marker_dag.py
[2023-10-21T14:31:03.171+0200] {logging_mixin.py:151} INFO - [2023-10-21T14:31:03.171+0200] {dag.py:2941} INFO - Sync 2 DAGs
[2023-10-21T14:31:03.196+0200] {logging_mixin.py:151} INFO - [2023-10-21T14:31:03.196+0200] {dag.py:3722} INFO - Setting next_dagrun for example_external_task_marker_child to None, run_after=None
[2023-10-21T14:31:03.197+0200] {logging_mixin.py:151} INFO - [2023-10-21T14:31:03.197+0200] {dag.py:3722} INFO - Setting next_dagrun for example_external_task_marker_parent to None, run_after=None
[2023-10-21T14:31:03.203+0200] {processor.py:179} INFO - Processing /Library/Frameworks/Python.framework/Versions/3.11/lib/python3.11/site-packages/airflow/example_dags/example_external_task_marker_dag.py took 0.063 seconds
[2023-10-21T14:32:16.323+0200] {processor.py:157} INFO - Started process (PID=65588) to work on /Library/Frameworks/Python.framework/Versions/3.11/lib/python3.11/site-packages/airflow/example_dags/example_external_task_marker_dag.py
[2023-10-21T14:32:16.326+0200] {processor.py:829} INFO - Processing file /Library/Frameworks/Python.framework/Versions/3.11/lib/python3.11/site-packages/airflow/example_dags/example_external_task_marker_dag.py for tasks to queue
[2023-10-21T14:32:16.326+0200] {logging_mixin.py:151} INFO - [2023-10-21T14:32:16.326+0200] {dagbag.py:536} INFO - Filling up the DagBag from /Library/Frameworks/Python.framework/Versions/3.11/lib/python3.11/site-packages/airflow/example_dags/example_external_task_marker_dag.py
[2023-10-21T14:32:16.336+0200] {processor.py:839} INFO - DAG(s) dict_keys(['example_external_task_marker_parent', 'example_external_task_marker_child']) retrieved from /Library/Frameworks/Python.framework/Versions/3.11/lib/python3.11/site-packages/airflow/example_dags/example_external_task_marker_dag.py
[2023-10-21T14:32:16.410+0200] {logging_mixin.py:151} INFO - [2023-10-21T14:32:16.410+0200] {dag.py:2941} INFO - Sync 2 DAGs
[2023-10-21T14:32:16.413+0200] {logging_mixin.py:151} INFO - [2023-10-21T14:32:16.413+0200] {dag.py:3722} INFO - Setting next_dagrun for example_external_task_marker_child to None, run_after=None
[2023-10-21T14:32:16.414+0200] {logging_mixin.py:151} INFO - [2023-10-21T14:32:16.414+0200] {dag.py:3722} INFO - Setting next_dagrun for example_external_task_marker_parent to None, run_after=None
[2023-10-21T14:32:16.420+0200] {processor.py:179} INFO - Processing /Library/Frameworks/Python.framework/Versions/3.11/lib/python3.11/site-packages/airflow/example_dags/example_external_task_marker_dag.py took 0.097 seconds
[2023-10-21T14:33:26.100+0200] {processor.py:157} INFO - Started process (PID=65736) to work on /Library/Frameworks/Python.framework/Versions/3.11/lib/python3.11/site-packages/airflow/example_dags/example_external_task_marker_dag.py
[2023-10-21T14:33:26.102+0200] {processor.py:829} INFO - Processing file /Library/Frameworks/Python.framework/Versions/3.11/lib/python3.11/site-packages/airflow/example_dags/example_external_task_marker_dag.py for tasks to queue
[2023-10-21T14:33:26.103+0200] {logging_mixin.py:151} INFO - [2023-10-21T14:33:26.103+0200] {dagbag.py:536} INFO - Filling up the DagBag from /Library/Frameworks/Python.framework/Versions/3.11/lib/python3.11/site-packages/airflow/example_dags/example_external_task_marker_dag.py
[2023-10-21T14:33:26.113+0200] {processor.py:839} INFO - DAG(s) dict_keys(['example_external_task_marker_child', 'example_external_task_marker_parent']) retrieved from /Library/Frameworks/Python.framework/Versions/3.11/lib/python3.11/site-packages/airflow/example_dags/example_external_task_marker_dag.py
[2023-10-21T14:33:26.188+0200] {logging_mixin.py:151} INFO - [2023-10-21T14:33:26.187+0200] {dag.py:2941} INFO - Sync 2 DAGs
[2023-10-21T14:33:26.191+0200] {logging_mixin.py:151} INFO - [2023-10-21T14:33:26.191+0200] {dag.py:3722} INFO - Setting next_dagrun for example_external_task_marker_child to None, run_after=None
[2023-10-21T14:33:26.191+0200] {logging_mixin.py:151} INFO - [2023-10-21T14:33:26.191+0200] {dag.py:3722} INFO - Setting next_dagrun for example_external_task_marker_parent to None, run_after=None
[2023-10-21T14:33:26.198+0200] {processor.py:179} INFO - Processing /Library/Frameworks/Python.framework/Versions/3.11/lib/python3.11/site-packages/airflow/example_dags/example_external_task_marker_dag.py took 0.098 seconds
[2023-10-21T14:34:36.928+0200] {processor.py:157} INFO - Started process (PID=65952) to work on /Library/Frameworks/Python.framework/Versions/3.11/lib/python3.11/site-packages/airflow/example_dags/example_external_task_marker_dag.py
[2023-10-21T14:34:36.931+0200] {processor.py:829} INFO - Processing file /Library/Frameworks/Python.framework/Versions/3.11/lib/python3.11/site-packages/airflow/example_dags/example_external_task_marker_dag.py for tasks to queue
[2023-10-21T14:34:36.931+0200] {logging_mixin.py:151} INFO - [2023-10-21T14:34:36.931+0200] {dagbag.py:536} INFO - Filling up the DagBag from /Library/Frameworks/Python.framework/Versions/3.11/lib/python3.11/site-packages/airflow/example_dags/example_external_task_marker_dag.py
[2023-10-21T14:34:36.942+0200] {processor.py:839} INFO - DAG(s) dict_keys(['example_external_task_marker_parent', 'example_external_task_marker_child']) retrieved from /Library/Frameworks/Python.framework/Versions/3.11/lib/python3.11/site-packages/airflow/example_dags/example_external_task_marker_dag.py
[2023-10-21T14:34:37.022+0200] {logging_mixin.py:151} INFO - [2023-10-21T14:34:37.022+0200] {dag.py:2941} INFO - Sync 2 DAGs
[2023-10-21T14:34:37.025+0200] {logging_mixin.py:151} INFO - [2023-10-21T14:34:37.025+0200] {dag.py:3722} INFO - Setting next_dagrun for example_external_task_marker_child to None, run_after=None
[2023-10-21T14:34:37.026+0200] {logging_mixin.py:151} INFO - [2023-10-21T14:34:37.026+0200] {dag.py:3722} INFO - Setting next_dagrun for example_external_task_marker_parent to None, run_after=None
[2023-10-21T14:34:37.032+0200] {processor.py:179} INFO - Processing /Library/Frameworks/Python.framework/Versions/3.11/lib/python3.11/site-packages/airflow/example_dags/example_external_task_marker_dag.py took 0.105 seconds
[2023-10-21T14:35:49.239+0200] {processor.py:157} INFO - Started process (PID=66131) to work on /Library/Frameworks/Python.framework/Versions/3.11/lib/python3.11/site-packages/airflow/example_dags/example_external_task_marker_dag.py
[2023-10-21T14:35:49.241+0200] {processor.py:829} INFO - Processing file /Library/Frameworks/Python.framework/Versions/3.11/lib/python3.11/site-packages/airflow/example_dags/example_external_task_marker_dag.py for tasks to queue
[2023-10-21T14:35:49.241+0200] {logging_mixin.py:151} INFO - [2023-10-21T14:35:49.241+0200] {dagbag.py:536} INFO - Filling up the DagBag from /Library/Frameworks/Python.framework/Versions/3.11/lib/python3.11/site-packages/airflow/example_dags/example_external_task_marker_dag.py
[2023-10-21T14:35:49.251+0200] {processor.py:839} INFO - DAG(s) dict_keys(['example_external_task_marker_parent', 'example_external_task_marker_child']) retrieved from /Library/Frameworks/Python.framework/Versions/3.11/lib/python3.11/site-packages/airflow/example_dags/example_external_task_marker_dag.py
[2023-10-21T14:35:49.326+0200] {logging_mixin.py:151} INFO - [2023-10-21T14:35:49.326+0200] {dag.py:2941} INFO - Sync 2 DAGs
[2023-10-21T14:35:49.329+0200] {logging_mixin.py:151} INFO - [2023-10-21T14:35:49.329+0200] {dag.py:3722} INFO - Setting next_dagrun for example_external_task_marker_child to None, run_after=None
[2023-10-21T14:35:49.330+0200] {logging_mixin.py:151} INFO - [2023-10-21T14:35:49.329+0200] {dag.py:3722} INFO - Setting next_dagrun for example_external_task_marker_parent to None, run_after=None
[2023-10-21T14:35:49.336+0200] {processor.py:179} INFO - Processing /Library/Frameworks/Python.framework/Versions/3.11/lib/python3.11/site-packages/airflow/example_dags/example_external_task_marker_dag.py took 0.097 seconds
[2023-10-21T14:45:53.297+0200] {processor.py:157} INFO - Started process (PID=67007) to work on /Library/Frameworks/Python.framework/Versions/3.11/lib/python3.11/site-packages/airflow/example_dags/example_external_task_marker_dag.py
[2023-10-21T14:45:53.299+0200] {processor.py:829} INFO - Processing file /Library/Frameworks/Python.framework/Versions/3.11/lib/python3.11/site-packages/airflow/example_dags/example_external_task_marker_dag.py for tasks to queue
[2023-10-21T14:45:53.299+0200] {logging_mixin.py:151} INFO - [2023-10-21T14:45:53.299+0200] {dagbag.py:536} INFO - Filling up the DagBag from /Library/Frameworks/Python.framework/Versions/3.11/lib/python3.11/site-packages/airflow/example_dags/example_external_task_marker_dag.py
[2023-10-21T14:45:53.310+0200] {processor.py:839} INFO - DAG(s) dict_keys(['example_external_task_marker_parent', 'example_external_task_marker_child']) retrieved from /Library/Frameworks/Python.framework/Versions/3.11/lib/python3.11/site-packages/airflow/example_dags/example_external_task_marker_dag.py
[2023-10-21T14:45:53.385+0200] {logging_mixin.py:151} INFO - [2023-10-21T14:45:53.385+0200] {dag.py:2941} INFO - Sync 2 DAGs
[2023-10-21T14:45:53.388+0200] {logging_mixin.py:151} INFO - [2023-10-21T14:45:53.388+0200] {dag.py:3722} INFO - Setting next_dagrun for example_external_task_marker_child to None, run_after=None
[2023-10-21T14:45:53.389+0200] {logging_mixin.py:151} INFO - [2023-10-21T14:45:53.389+0200] {dag.py:3722} INFO - Setting next_dagrun for example_external_task_marker_parent to None, run_after=None
[2023-10-21T14:45:53.395+0200] {processor.py:179} INFO - Processing /Library/Frameworks/Python.framework/Versions/3.11/lib/python3.11/site-packages/airflow/example_dags/example_external_task_marker_dag.py took 0.098 seconds
[2023-10-21T14:51:50.394+0200] {processor.py:157} INFO - Started process (PID=67786) to work on /Library/Frameworks/Python.framework/Versions/3.11/lib/python3.11/site-packages/airflow/example_dags/example_external_task_marker_dag.py
[2023-10-21T14:51:50.396+0200] {processor.py:829} INFO - Processing file /Library/Frameworks/Python.framework/Versions/3.11/lib/python3.11/site-packages/airflow/example_dags/example_external_task_marker_dag.py for tasks to queue
[2023-10-21T14:51:50.396+0200] {logging_mixin.py:151} INFO - [2023-10-21T14:51:50.396+0200] {dagbag.py:536} INFO - Filling up the DagBag from /Library/Frameworks/Python.framework/Versions/3.11/lib/python3.11/site-packages/airflow/example_dags/example_external_task_marker_dag.py
[2023-10-21T14:51:50.406+0200] {processor.py:839} INFO - DAG(s) dict_keys(['example_external_task_marker_parent', 'example_external_task_marker_child']) retrieved from /Library/Frameworks/Python.framework/Versions/3.11/lib/python3.11/site-packages/airflow/example_dags/example_external_task_marker_dag.py
[2023-10-21T14:51:50.425+0200] {logging_mixin.py:151} INFO - [2023-10-21T14:51:50.425+0200] {dag.py:2941} INFO - Sync 2 DAGs
[2023-10-21T14:51:50.450+0200] {logging_mixin.py:151} INFO - [2023-10-21T14:51:50.450+0200] {dag.py:3722} INFO - Setting next_dagrun for example_external_task_marker_child to None, run_after=None
[2023-10-21T14:51:50.451+0200] {logging_mixin.py:151} INFO - [2023-10-21T14:51:50.451+0200] {dag.py:3722} INFO - Setting next_dagrun for example_external_task_marker_parent to None, run_after=None
[2023-10-21T14:51:50.457+0200] {processor.py:179} INFO - Processing /Library/Frameworks/Python.framework/Versions/3.11/lib/python3.11/site-packages/airflow/example_dags/example_external_task_marker_dag.py took 0.064 seconds
[2023-10-21T14:52:59.999+0200] {processor.py:157} INFO - Started process (PID=67924) to work on /Library/Frameworks/Python.framework/Versions/3.11/lib/python3.11/site-packages/airflow/example_dags/example_external_task_marker_dag.py
[2023-10-21T14:53:00.000+0200] {processor.py:829} INFO - Processing file /Library/Frameworks/Python.framework/Versions/3.11/lib/python3.11/site-packages/airflow/example_dags/example_external_task_marker_dag.py for tasks to queue
[2023-10-21T14:53:00.001+0200] {logging_mixin.py:151} INFO - [2023-10-21T14:53:00.001+0200] {dagbag.py:536} INFO - Filling up the DagBag from /Library/Frameworks/Python.framework/Versions/3.11/lib/python3.11/site-packages/airflow/example_dags/example_external_task_marker_dag.py
[2023-10-21T14:53:00.010+0200] {processor.py:839} INFO - DAG(s) dict_keys(['example_external_task_marker_child', 'example_external_task_marker_parent']) retrieved from /Library/Frameworks/Python.framework/Versions/3.11/lib/python3.11/site-packages/airflow/example_dags/example_external_task_marker_dag.py
[2023-10-21T14:53:00.086+0200] {logging_mixin.py:151} INFO - [2023-10-21T14:53:00.086+0200] {dag.py:2941} INFO - Sync 2 DAGs
[2023-10-21T14:53:00.089+0200] {logging_mixin.py:151} INFO - [2023-10-21T14:53:00.089+0200] {dag.py:3722} INFO - Setting next_dagrun for example_external_task_marker_child to None, run_after=None
[2023-10-21T14:53:00.090+0200] {logging_mixin.py:151} INFO - [2023-10-21T14:53:00.090+0200] {dag.py:3722} INFO - Setting next_dagrun for example_external_task_marker_parent to None, run_after=None
[2023-10-21T14:53:00.097+0200] {processor.py:179} INFO - Processing /Library/Frameworks/Python.framework/Versions/3.11/lib/python3.11/site-packages/airflow/example_dags/example_external_task_marker_dag.py took 0.098 seconds
[2023-10-21T14:54:11.195+0200] {processor.py:157} INFO - Started process (PID=68062) to work on /Library/Frameworks/Python.framework/Versions/3.11/lib/python3.11/site-packages/airflow/example_dags/example_external_task_marker_dag.py
[2023-10-21T14:54:11.196+0200] {processor.py:829} INFO - Processing file /Library/Frameworks/Python.framework/Versions/3.11/lib/python3.11/site-packages/airflow/example_dags/example_external_task_marker_dag.py for tasks to queue
[2023-10-21T14:54:11.197+0200] {logging_mixin.py:151} INFO - [2023-10-21T14:54:11.196+0200] {dagbag.py:536} INFO - Filling up the DagBag from /Library/Frameworks/Python.framework/Versions/3.11/lib/python3.11/site-packages/airflow/example_dags/example_external_task_marker_dag.py
[2023-10-21T14:54:11.206+0200] {processor.py:839} INFO - DAG(s) dict_keys(['example_external_task_marker_parent', 'example_external_task_marker_child']) retrieved from /Library/Frameworks/Python.framework/Versions/3.11/lib/python3.11/site-packages/airflow/example_dags/example_external_task_marker_dag.py
[2023-10-21T14:54:11.281+0200] {logging_mixin.py:151} INFO - [2023-10-21T14:54:11.281+0200] {dag.py:2941} INFO - Sync 2 DAGs
[2023-10-21T14:54:11.284+0200] {logging_mixin.py:151} INFO - [2023-10-21T14:54:11.284+0200] {dag.py:3722} INFO - Setting next_dagrun for example_external_task_marker_child to None, run_after=None
[2023-10-21T14:54:11.285+0200] {logging_mixin.py:151} INFO - [2023-10-21T14:54:11.285+0200] {dag.py:3722} INFO - Setting next_dagrun for example_external_task_marker_parent to None, run_after=None
[2023-10-21T14:54:11.291+0200] {processor.py:179} INFO - Processing /Library/Frameworks/Python.framework/Versions/3.11/lib/python3.11/site-packages/airflow/example_dags/example_external_task_marker_dag.py took 0.097 seconds
[2023-10-21T14:55:21.069+0200] {processor.py:157} INFO - Started process (PID=68209) to work on /Library/Frameworks/Python.framework/Versions/3.11/lib/python3.11/site-packages/airflow/example_dags/example_external_task_marker_dag.py
[2023-10-21T14:55:21.071+0200] {processor.py:829} INFO - Processing file /Library/Frameworks/Python.framework/Versions/3.11/lib/python3.11/site-packages/airflow/example_dags/example_external_task_marker_dag.py for tasks to queue
[2023-10-21T14:55:21.071+0200] {logging_mixin.py:151} INFO - [2023-10-21T14:55:21.071+0200] {dagbag.py:536} INFO - Filling up the DagBag from /Library/Frameworks/Python.framework/Versions/3.11/lib/python3.11/site-packages/airflow/example_dags/example_external_task_marker_dag.py
[2023-10-21T14:55:21.081+0200] {processor.py:839} INFO - DAG(s) dict_keys(['example_external_task_marker_parent', 'example_external_task_marker_child']) retrieved from /Library/Frameworks/Python.framework/Versions/3.11/lib/python3.11/site-packages/airflow/example_dags/example_external_task_marker_dag.py
[2023-10-21T14:55:21.156+0200] {logging_mixin.py:151} INFO - [2023-10-21T14:55:21.156+0200] {dag.py:2941} INFO - Sync 2 DAGs
[2023-10-21T14:55:21.159+0200] {logging_mixin.py:151} INFO - [2023-10-21T14:55:21.158+0200] {dag.py:3722} INFO - Setting next_dagrun for example_external_task_marker_child to None, run_after=None
[2023-10-21T14:55:21.159+0200] {logging_mixin.py:151} INFO - [2023-10-21T14:55:21.159+0200] {dag.py:3722} INFO - Setting next_dagrun for example_external_task_marker_parent to None, run_after=None
[2023-10-21T14:55:21.166+0200] {processor.py:179} INFO - Processing /Library/Frameworks/Python.framework/Versions/3.11/lib/python3.11/site-packages/airflow/example_dags/example_external_task_marker_dag.py took 0.097 seconds
