[2023-10-21T14:28:11.586+0200] {processor.py:157} INFO - Started process (PID=65070) to work on /Library/Frameworks/Python.framework/Versions/3.11/lib/python3.11/site-packages/airflow/example_dags/example_setup_teardown.py
[2023-10-21T14:28:11.588+0200] {processor.py:829} INFO - Processing file /Library/Frameworks/Python.framework/Versions/3.11/lib/python3.11/site-packages/airflow/example_dags/example_setup_teardown.py for tasks to queue
[2023-10-21T14:28:11.588+0200] {logging_mixin.py:151} INFO - [2023-10-21T14:28:11.588+0200] {dagbag.py:536} INFO - Filling up the DagBag from /Library/Frameworks/Python.framework/Versions/3.11/lib/python3.11/site-packages/airflow/example_dags/example_setup_teardown.py
[2023-10-21T14:28:11.598+0200] {processor.py:839} INFO - DAG(s) dict_keys(['example_setup_teardown']) retrieved from /Library/Frameworks/Python.framework/Versions/3.11/lib/python3.11/site-packages/airflow/example_dags/example_setup_teardown.py
[2023-10-21T14:28:11.887+0200] {logging_mixin.py:151} INFO - [2023-10-21T14:28:11.887+0200] {dag.py:2941} INFO - Sync 1 DAGs
[2023-10-21T14:28:11.892+0200] {logging_mixin.py:151} INFO - [2023-10-21T14:28:11.892+0200] {dag.py:3722} INFO - Setting next_dagrun for example_setup_teardown to 2023-10-20T12:28:11.892873+00:00, run_after=2023-10-21T12:28:11.892873+00:00
[2023-10-21T14:28:11.899+0200] {processor.py:179} INFO - Processing /Library/Frameworks/Python.framework/Versions/3.11/lib/python3.11/site-packages/airflow/example_dags/example_setup_teardown.py took 0.314 seconds
[2023-10-21T14:29:24.733+0200] {processor.py:157} INFO - Started process (PID=65235) to work on /Library/Frameworks/Python.framework/Versions/3.11/lib/python3.11/site-packages/airflow/example_dags/example_setup_teardown.py
[2023-10-21T14:29:24.735+0200] {processor.py:829} INFO - Processing file /Library/Frameworks/Python.framework/Versions/3.11/lib/python3.11/site-packages/airflow/example_dags/example_setup_teardown.py for tasks to queue
[2023-10-21T14:29:24.736+0200] {logging_mixin.py:151} INFO - [2023-10-21T14:29:24.736+0200] {dagbag.py:536} INFO - Filling up the DagBag from /Library/Frameworks/Python.framework/Versions/3.11/lib/python3.11/site-packages/airflow/example_dags/example_setup_teardown.py
[2023-10-21T14:29:24.745+0200] {processor.py:839} INFO - DAG(s) dict_keys(['example_setup_teardown']) retrieved from /Library/Frameworks/Python.framework/Versions/3.11/lib/python3.11/site-packages/airflow/example_dags/example_setup_teardown.py
[2023-10-21T14:29:24.821+0200] {logging_mixin.py:151} INFO - [2023-10-21T14:29:24.821+0200] {dag.py:2941} INFO - Sync 1 DAGs
[2023-10-21T14:29:24.827+0200] {logging_mixin.py:151} INFO - [2023-10-21T14:29:24.827+0200] {dag.py:3722} INFO - Setting next_dagrun for example_setup_teardown to 2023-10-20T12:29:24.827215+00:00, run_after=2023-10-21T12:29:24.827215+00:00
[2023-10-21T14:29:24.833+0200] {processor.py:179} INFO - Processing /Library/Frameworks/Python.framework/Versions/3.11/lib/python3.11/site-packages/airflow/example_dags/example_setup_teardown.py took 0.100 seconds
[2023-10-21T14:30:36.707+0200] {processor.py:157} INFO - Started process (PID=65379) to work on /Library/Frameworks/Python.framework/Versions/3.11/lib/python3.11/site-packages/airflow/example_dags/example_setup_teardown.py
[2023-10-21T14:30:36.709+0200] {processor.py:829} INFO - Processing file /Library/Frameworks/Python.framework/Versions/3.11/lib/python3.11/site-packages/airflow/example_dags/example_setup_teardown.py for tasks to queue
[2023-10-21T14:30:36.710+0200] {logging_mixin.py:151} INFO - [2023-10-21T14:30:36.710+0200] {dagbag.py:536} INFO - Filling up the DagBag from /Library/Frameworks/Python.framework/Versions/3.11/lib/python3.11/site-packages/airflow/example_dags/example_setup_teardown.py
[2023-10-21T14:30:36.718+0200] {processor.py:839} INFO - DAG(s) dict_keys(['example_setup_teardown']) retrieved from /Library/Frameworks/Python.framework/Versions/3.11/lib/python3.11/site-packages/airflow/example_dags/example_setup_teardown.py
[2023-10-21T14:30:36.790+0200] {logging_mixin.py:151} INFO - [2023-10-21T14:30:36.790+0200] {dag.py:2941} INFO - Sync 1 DAGs
[2023-10-21T14:30:36.796+0200] {logging_mixin.py:151} INFO - [2023-10-21T14:30:36.796+0200] {dag.py:3722} INFO - Setting next_dagrun for example_setup_teardown to 2023-10-20T12:30:36.796562+00:00, run_after=2023-10-21T12:30:36.796562+00:00
[2023-10-21T14:30:36.803+0200] {processor.py:179} INFO - Processing /Library/Frameworks/Python.framework/Versions/3.11/lib/python3.11/site-packages/airflow/example_dags/example_setup_teardown.py took 0.096 seconds
[2023-10-21T14:31:48.349+0200] {processor.py:157} INFO - Started process (PID=65528) to work on /Library/Frameworks/Python.framework/Versions/3.11/lib/python3.11/site-packages/airflow/example_dags/example_setup_teardown.py
[2023-10-21T14:31:48.352+0200] {processor.py:829} INFO - Processing file /Library/Frameworks/Python.framework/Versions/3.11/lib/python3.11/site-packages/airflow/example_dags/example_setup_teardown.py for tasks to queue
[2023-10-21T14:31:48.352+0200] {logging_mixin.py:151} INFO - [2023-10-21T14:31:48.352+0200] {dagbag.py:536} INFO - Filling up the DagBag from /Library/Frameworks/Python.framework/Versions/3.11/lib/python3.11/site-packages/airflow/example_dags/example_setup_teardown.py
[2023-10-21T14:31:48.361+0200] {processor.py:839} INFO - DAG(s) dict_keys(['example_setup_teardown']) retrieved from /Library/Frameworks/Python.framework/Versions/3.11/lib/python3.11/site-packages/airflow/example_dags/example_setup_teardown.py
[2023-10-21T14:31:48.433+0200] {logging_mixin.py:151} INFO - [2023-10-21T14:31:48.433+0200] {dag.py:2941} INFO - Sync 1 DAGs
[2023-10-21T14:31:48.439+0200] {logging_mixin.py:151} INFO - [2023-10-21T14:31:48.439+0200] {dag.py:3722} INFO - Setting next_dagrun for example_setup_teardown to 2023-10-20T12:31:48.439510+00:00, run_after=2023-10-21T12:31:48.439510+00:00
[2023-10-21T14:31:48.445+0200] {processor.py:179} INFO - Processing /Library/Frameworks/Python.framework/Versions/3.11/lib/python3.11/site-packages/airflow/example_dags/example_setup_teardown.py took 0.096 seconds
[2023-10-21T14:33:00.787+0200] {processor.py:157} INFO - Started process (PID=65688) to work on /Library/Frameworks/Python.framework/Versions/3.11/lib/python3.11/site-packages/airflow/example_dags/example_setup_teardown.py
[2023-10-21T14:33:00.789+0200] {processor.py:829} INFO - Processing file /Library/Frameworks/Python.framework/Versions/3.11/lib/python3.11/site-packages/airflow/example_dags/example_setup_teardown.py for tasks to queue
[2023-10-21T14:33:00.790+0200] {logging_mixin.py:151} INFO - [2023-10-21T14:33:00.789+0200] {dagbag.py:536} INFO - Filling up the DagBag from /Library/Frameworks/Python.framework/Versions/3.11/lib/python3.11/site-packages/airflow/example_dags/example_setup_teardown.py
[2023-10-21T14:33:00.798+0200] {processor.py:839} INFO - DAG(s) dict_keys(['example_setup_teardown']) retrieved from /Library/Frameworks/Python.framework/Versions/3.11/lib/python3.11/site-packages/airflow/example_dags/example_setup_teardown.py
[2023-10-21T14:33:00.871+0200] {logging_mixin.py:151} INFO - [2023-10-21T14:33:00.871+0200] {dag.py:2941} INFO - Sync 1 DAGs
[2023-10-21T14:33:00.877+0200] {logging_mixin.py:151} INFO - [2023-10-21T14:33:00.876+0200] {dag.py:3722} INFO - Setting next_dagrun for example_setup_teardown to 2023-10-20T12:33:00.876906+00:00, run_after=2023-10-21T12:33:00.876906+00:00
[2023-10-21T14:33:00.883+0200] {processor.py:179} INFO - Processing /Library/Frameworks/Python.framework/Versions/3.11/lib/python3.11/site-packages/airflow/example_dags/example_setup_teardown.py took 0.097 seconds
[2023-10-21T14:34:10.163+0200] {processor.py:157} INFO - Started process (PID=65903) to work on /Library/Frameworks/Python.framework/Versions/3.11/lib/python3.11/site-packages/airflow/example_dags/example_setup_teardown.py
[2023-10-21T14:34:10.166+0200] {processor.py:829} INFO - Processing file /Library/Frameworks/Python.framework/Versions/3.11/lib/python3.11/site-packages/airflow/example_dags/example_setup_teardown.py for tasks to queue
[2023-10-21T14:34:10.166+0200] {logging_mixin.py:151} INFO - [2023-10-21T14:34:10.166+0200] {dagbag.py:536} INFO - Filling up the DagBag from /Library/Frameworks/Python.framework/Versions/3.11/lib/python3.11/site-packages/airflow/example_dags/example_setup_teardown.py
[2023-10-21T14:34:10.175+0200] {processor.py:839} INFO - DAG(s) dict_keys(['example_setup_teardown']) retrieved from /Library/Frameworks/Python.framework/Versions/3.11/lib/python3.11/site-packages/airflow/example_dags/example_setup_teardown.py
[2023-10-21T14:34:10.246+0200] {logging_mixin.py:151} INFO - [2023-10-21T14:34:10.246+0200] {dag.py:2941} INFO - Sync 1 DAGs
[2023-10-21T14:34:10.252+0200] {logging_mixin.py:151} INFO - [2023-10-21T14:34:10.252+0200] {dag.py:3722} INFO - Setting next_dagrun for example_setup_teardown to 2023-10-20T12:34:10.252587+00:00, run_after=2023-10-21T12:34:10.252587+00:00
[2023-10-21T14:34:10.258+0200] {processor.py:179} INFO - Processing /Library/Frameworks/Python.framework/Versions/3.11/lib/python3.11/site-packages/airflow/example_dags/example_setup_teardown.py took 0.095 seconds
[2023-10-21T14:35:20.879+0200] {processor.py:157} INFO - Started process (PID=66078) to work on /Library/Frameworks/Python.framework/Versions/3.11/lib/python3.11/site-packages/airflow/example_dags/example_setup_teardown.py
[2023-10-21T14:35:20.881+0200] {processor.py:829} INFO - Processing file /Library/Frameworks/Python.framework/Versions/3.11/lib/python3.11/site-packages/airflow/example_dags/example_setup_teardown.py for tasks to queue
[2023-10-21T14:35:20.881+0200] {logging_mixin.py:151} INFO - [2023-10-21T14:35:20.881+0200] {dagbag.py:536} INFO - Filling up the DagBag from /Library/Frameworks/Python.framework/Versions/3.11/lib/python3.11/site-packages/airflow/example_dags/example_setup_teardown.py
[2023-10-21T14:35:20.890+0200] {processor.py:839} INFO - DAG(s) dict_keys(['example_setup_teardown']) retrieved from /Library/Frameworks/Python.framework/Versions/3.11/lib/python3.11/site-packages/airflow/example_dags/example_setup_teardown.py
[2023-10-21T14:35:20.981+0200] {logging_mixin.py:151} INFO - [2023-10-21T14:35:20.981+0200] {dag.py:2941} INFO - Sync 1 DAGs
[2023-10-21T14:35:20.989+0200] {logging_mixin.py:151} INFO - [2023-10-21T14:35:20.988+0200] {dag.py:3722} INFO - Setting next_dagrun for example_setup_teardown to 2023-10-20T12:35:20.988724+00:00, run_after=2023-10-21T12:35:20.988724+00:00
[2023-10-21T14:35:20.998+0200] {processor.py:179} INFO - Processing /Library/Frameworks/Python.framework/Versions/3.11/lib/python3.11/site-packages/airflow/example_dags/example_setup_teardown.py took 0.119 seconds
[2023-10-21T14:45:36.460+0200] {processor.py:157} INFO - Started process (PID=66975) to work on /Library/Frameworks/Python.framework/Versions/3.11/lib/python3.11/site-packages/airflow/example_dags/example_setup_teardown.py
[2023-10-21T14:45:36.462+0200] {processor.py:829} INFO - Processing file /Library/Frameworks/Python.framework/Versions/3.11/lib/python3.11/site-packages/airflow/example_dags/example_setup_teardown.py for tasks to queue
[2023-10-21T14:45:36.462+0200] {logging_mixin.py:151} INFO - [2023-10-21T14:45:36.462+0200] {dagbag.py:536} INFO - Filling up the DagBag from /Library/Frameworks/Python.framework/Versions/3.11/lib/python3.11/site-packages/airflow/example_dags/example_setup_teardown.py
[2023-10-21T14:45:36.471+0200] {processor.py:839} INFO - DAG(s) dict_keys(['example_setup_teardown']) retrieved from /Library/Frameworks/Python.framework/Versions/3.11/lib/python3.11/site-packages/airflow/example_dags/example_setup_teardown.py
[2023-10-21T14:45:36.543+0200] {logging_mixin.py:151} INFO - [2023-10-21T14:45:36.543+0200] {dag.py:2941} INFO - Sync 1 DAGs
[2023-10-21T14:45:36.549+0200] {logging_mixin.py:151} INFO - [2023-10-21T14:45:36.549+0200] {dag.py:3722} INFO - Setting next_dagrun for example_setup_teardown to 2023-10-20T12:45:36.549002+00:00, run_after=2023-10-21T12:45:36.549002+00:00
[2023-10-21T14:45:36.555+0200] {processor.py:179} INFO - Processing /Library/Frameworks/Python.framework/Versions/3.11/lib/python3.11/site-packages/airflow/example_dags/example_setup_teardown.py took 0.095 seconds
[2023-10-21T14:46:39.737+0200] {processor.py:157} INFO - Started process (PID=67106) to work on /Library/Frameworks/Python.framework/Versions/3.11/lib/python3.11/site-packages/airflow/example_dags/example_setup_teardown.py
[2023-10-21T14:46:39.740+0200] {processor.py:829} INFO - Processing file /Library/Frameworks/Python.framework/Versions/3.11/lib/python3.11/site-packages/airflow/example_dags/example_setup_teardown.py for tasks to queue
[2023-10-21T14:46:39.740+0200] {logging_mixin.py:151} INFO - [2023-10-21T14:46:39.740+0200] {dagbag.py:536} INFO - Filling up the DagBag from /Library/Frameworks/Python.framework/Versions/3.11/lib/python3.11/site-packages/airflow/example_dags/example_setup_teardown.py
[2023-10-21T14:46:39.749+0200] {processor.py:839} INFO - DAG(s) dict_keys(['example_setup_teardown']) retrieved from /Library/Frameworks/Python.framework/Versions/3.11/lib/python3.11/site-packages/airflow/example_dags/example_setup_teardown.py
[2023-10-21T14:46:39.824+0200] {logging_mixin.py:151} INFO - [2023-10-21T14:46:39.824+0200] {dag.py:2941} INFO - Sync 1 DAGs
[2023-10-21T14:46:39.830+0200] {logging_mixin.py:151} INFO - [2023-10-21T14:46:39.830+0200] {dag.py:3722} INFO - Setting next_dagrun for example_setup_teardown to 2023-10-20T12:46:39.830539+00:00, run_after=2023-10-21T12:46:39.830539+00:00
[2023-10-21T14:46:39.837+0200] {processor.py:179} INFO - Processing /Library/Frameworks/Python.framework/Versions/3.11/lib/python3.11/site-packages/airflow/example_dags/example_setup_teardown.py took 0.099 seconds
[2023-10-21T14:51:33.654+0200] {processor.py:157} INFO - Started process (PID=67750) to work on /Library/Frameworks/Python.framework/Versions/3.11/lib/python3.11/site-packages/airflow/example_dags/example_setup_teardown.py
[2023-10-21T14:51:33.656+0200] {processor.py:829} INFO - Processing file /Library/Frameworks/Python.framework/Versions/3.11/lib/python3.11/site-packages/airflow/example_dags/example_setup_teardown.py for tasks to queue
[2023-10-21T14:51:33.657+0200] {logging_mixin.py:151} INFO - [2023-10-21T14:51:33.657+0200] {dagbag.py:536} INFO - Filling up the DagBag from /Library/Frameworks/Python.framework/Versions/3.11/lib/python3.11/site-packages/airflow/example_dags/example_setup_teardown.py
[2023-10-21T14:51:33.668+0200] {processor.py:839} INFO - DAG(s) dict_keys(['example_setup_teardown']) retrieved from /Library/Frameworks/Python.framework/Versions/3.11/lib/python3.11/site-packages/airflow/example_dags/example_setup_teardown.py
[2023-10-21T14:51:33.692+0200] {logging_mixin.py:151} INFO - [2023-10-21T14:51:33.692+0200] {dag.py:2941} INFO - Sync 1 DAGs
[2023-10-21T14:51:33.726+0200] {logging_mixin.py:151} INFO - [2023-10-21T14:51:33.726+0200] {dag.py:3722} INFO - Setting next_dagrun for example_setup_teardown to 2023-10-20T12:51:33.726040+00:00, run_after=2023-10-21T12:51:33.726040+00:00
[2023-10-21T14:51:33.747+0200] {processor.py:179} INFO - Processing /Library/Frameworks/Python.framework/Versions/3.11/lib/python3.11/site-packages/airflow/example_dags/example_setup_teardown.py took 0.093 seconds
[2023-10-21T14:52:37.721+0200] {processor.py:157} INFO - Started process (PID=67884) to work on /Library/Frameworks/Python.framework/Versions/3.11/lib/python3.11/site-packages/airflow/example_dags/example_setup_teardown.py
[2023-10-21T14:52:37.722+0200] {processor.py:829} INFO - Processing file /Library/Frameworks/Python.framework/Versions/3.11/lib/python3.11/site-packages/airflow/example_dags/example_setup_teardown.py for tasks to queue
[2023-10-21T14:52:37.723+0200] {logging_mixin.py:151} INFO - [2023-10-21T14:52:37.723+0200] {dagbag.py:536} INFO - Filling up the DagBag from /Library/Frameworks/Python.framework/Versions/3.11/lib/python3.11/site-packages/airflow/example_dags/example_setup_teardown.py
[2023-10-21T14:52:37.731+0200] {processor.py:839} INFO - DAG(s) dict_keys(['example_setup_teardown']) retrieved from /Library/Frameworks/Python.framework/Versions/3.11/lib/python3.11/site-packages/airflow/example_dags/example_setup_teardown.py
[2023-10-21T14:52:37.804+0200] {logging_mixin.py:151} INFO - [2023-10-21T14:52:37.804+0200] {dag.py:2941} INFO - Sync 1 DAGs
[2023-10-21T14:52:37.810+0200] {logging_mixin.py:151} INFO - [2023-10-21T14:52:37.810+0200] {dag.py:3722} INFO - Setting next_dagrun for example_setup_teardown to 2023-10-20T12:52:37.810302+00:00, run_after=2023-10-21T12:52:37.810302+00:00
[2023-10-21T14:52:37.816+0200] {processor.py:179} INFO - Processing /Library/Frameworks/Python.framework/Versions/3.11/lib/python3.11/site-packages/airflow/example_dags/example_setup_teardown.py took 0.096 seconds
[2023-10-21T14:53:48.533+0200] {processor.py:157} INFO - Started process (PID=68014) to work on /Library/Frameworks/Python.framework/Versions/3.11/lib/python3.11/site-packages/airflow/example_dags/example_setup_teardown.py
[2023-10-21T14:53:48.535+0200] {processor.py:829} INFO - Processing file /Library/Frameworks/Python.framework/Versions/3.11/lib/python3.11/site-packages/airflow/example_dags/example_setup_teardown.py for tasks to queue
[2023-10-21T14:53:48.535+0200] {logging_mixin.py:151} INFO - [2023-10-21T14:53:48.535+0200] {dagbag.py:536} INFO - Filling up the DagBag from /Library/Frameworks/Python.framework/Versions/3.11/lib/python3.11/site-packages/airflow/example_dags/example_setup_teardown.py
[2023-10-21T14:53:48.544+0200] {processor.py:839} INFO - DAG(s) dict_keys(['example_setup_teardown']) retrieved from /Library/Frameworks/Python.framework/Versions/3.11/lib/python3.11/site-packages/airflow/example_dags/example_setup_teardown.py
[2023-10-21T14:53:48.622+0200] {logging_mixin.py:151} INFO - [2023-10-21T14:53:48.622+0200] {dag.py:2941} INFO - Sync 1 DAGs
[2023-10-21T14:53:48.628+0200] {logging_mixin.py:151} INFO - [2023-10-21T14:53:48.628+0200] {dag.py:3722} INFO - Setting next_dagrun for example_setup_teardown to 2023-10-20T12:53:48.628504+00:00, run_after=2023-10-21T12:53:48.628504+00:00
[2023-10-21T14:53:48.635+0200] {processor.py:179} INFO - Processing /Library/Frameworks/Python.framework/Versions/3.11/lib/python3.11/site-packages/airflow/example_dags/example_setup_teardown.py took 0.102 seconds
[2023-10-21T14:55:00.547+0200] {processor.py:157} INFO - Started process (PID=68172) to work on /Library/Frameworks/Python.framework/Versions/3.11/lib/python3.11/site-packages/airflow/example_dags/example_setup_teardown.py
[2023-10-21T14:55:00.549+0200] {processor.py:829} INFO - Processing file /Library/Frameworks/Python.framework/Versions/3.11/lib/python3.11/site-packages/airflow/example_dags/example_setup_teardown.py for tasks to queue
[2023-10-21T14:55:00.550+0200] {logging_mixin.py:151} INFO - [2023-10-21T14:55:00.550+0200] {dagbag.py:536} INFO - Filling up the DagBag from /Library/Frameworks/Python.framework/Versions/3.11/lib/python3.11/site-packages/airflow/example_dags/example_setup_teardown.py
[2023-10-21T14:55:00.559+0200] {processor.py:839} INFO - DAG(s) dict_keys(['example_setup_teardown']) retrieved from /Library/Frameworks/Python.framework/Versions/3.11/lib/python3.11/site-packages/airflow/example_dags/example_setup_teardown.py
[2023-10-21T14:55:00.631+0200] {logging_mixin.py:151} INFO - [2023-10-21T14:55:00.631+0200] {dag.py:2941} INFO - Sync 1 DAGs
[2023-10-21T14:55:00.637+0200] {logging_mixin.py:151} INFO - [2023-10-21T14:55:00.637+0200] {dag.py:3722} INFO - Setting next_dagrun for example_setup_teardown to 2023-10-20T12:55:00.637440+00:00, run_after=2023-10-21T12:55:00.637440+00:00
[2023-10-21T14:55:00.643+0200] {processor.py:179} INFO - Processing /Library/Frameworks/Python.framework/Versions/3.11/lib/python3.11/site-packages/airflow/example_dags/example_setup_teardown.py took 0.097 seconds
[2023-10-21T14:56:09.186+0200] {processor.py:157} INFO - Started process (PID=68311) to work on /Library/Frameworks/Python.framework/Versions/3.11/lib/python3.11/site-packages/airflow/example_dags/example_setup_teardown.py
[2023-10-21T14:56:09.189+0200] {processor.py:829} INFO - Processing file /Library/Frameworks/Python.framework/Versions/3.11/lib/python3.11/site-packages/airflow/example_dags/example_setup_teardown.py for tasks to queue
[2023-10-21T14:56:09.189+0200] {logging_mixin.py:151} INFO - [2023-10-21T14:56:09.189+0200] {dagbag.py:536} INFO - Filling up the DagBag from /Library/Frameworks/Python.framework/Versions/3.11/lib/python3.11/site-packages/airflow/example_dags/example_setup_teardown.py
[2023-10-21T14:56:09.198+0200] {processor.py:839} INFO - DAG(s) dict_keys(['example_setup_teardown']) retrieved from /Library/Frameworks/Python.framework/Versions/3.11/lib/python3.11/site-packages/airflow/example_dags/example_setup_teardown.py
[2023-10-21T14:56:09.271+0200] {logging_mixin.py:151} INFO - [2023-10-21T14:56:09.270+0200] {dag.py:2941} INFO - Sync 1 DAGs
[2023-10-21T14:56:09.276+0200] {logging_mixin.py:151} INFO - [2023-10-21T14:56:09.276+0200] {dag.py:3722} INFO - Setting next_dagrun for example_setup_teardown to 2023-10-20T12:56:09.276686+00:00, run_after=2023-10-21T12:56:09.276686+00:00
[2023-10-21T14:56:09.283+0200] {processor.py:179} INFO - Processing /Library/Frameworks/Python.framework/Versions/3.11/lib/python3.11/site-packages/airflow/example_dags/example_setup_teardown.py took 0.096 seconds
