[2023-10-21T14:28:39.093+0200] {processor.py:157} INFO - Started process (PID=65124) to work on /Library/Frameworks/Python.framework/Versions/3.11/lib/python3.11/site-packages/airflow/example_dags/example_dag_decorator.py
[2023-10-21T14:28:39.095+0200] {processor.py:829} INFO - Processing file /Library/Frameworks/Python.framework/Versions/3.11/lib/python3.11/site-packages/airflow/example_dags/example_dag_decorator.py for tasks to queue
[2023-10-21T14:28:39.095+0200] {logging_mixin.py:151} INFO - [2023-10-21T14:28:39.095+0200] {dagbag.py:536} INFO - Filling up the DagBag from /Library/Frameworks/Python.framework/Versions/3.11/lib/python3.11/site-packages/airflow/example_dags/example_dag_decorator.py
[2023-10-21T14:28:39.197+0200] {processor.py:839} INFO - DAG(s) dict_keys(['example_dag_decorator']) retrieved from /Library/Frameworks/Python.framework/Versions/3.11/lib/python3.11/site-packages/airflow/example_dags/example_dag_decorator.py
[2023-10-21T14:28:39.509+0200] {logging_mixin.py:151} INFO - [2023-10-21T14:28:39.509+0200] {dag.py:2941} INFO - Sync 1 DAGs
[2023-10-21T14:28:39.512+0200] {logging_mixin.py:151} INFO - [2023-10-21T14:28:39.512+0200] {dag.py:3722} INFO - Setting next_dagrun for example_dag_decorator to None, run_after=None
[2023-10-21T14:28:39.521+0200] {processor.py:179} INFO - Processing /Library/Frameworks/Python.framework/Versions/3.11/lib/python3.11/site-packages/airflow/example_dags/example_dag_decorator.py took 0.427 seconds
[2023-10-21T14:29:58.670+0200] {processor.py:157} INFO - Started process (PID=65309) to work on /Library/Frameworks/Python.framework/Versions/3.11/lib/python3.11/site-packages/airflow/example_dags/example_dag_decorator.py
[2023-10-21T14:29:58.673+0200] {processor.py:829} INFO - Processing file /Library/Frameworks/Python.framework/Versions/3.11/lib/python3.11/site-packages/airflow/example_dags/example_dag_decorator.py for tasks to queue
[2023-10-21T14:29:58.673+0200] {logging_mixin.py:151} INFO - [2023-10-21T14:29:58.673+0200] {dagbag.py:536} INFO - Filling up the DagBag from /Library/Frameworks/Python.framework/Versions/3.11/lib/python3.11/site-packages/airflow/example_dags/example_dag_decorator.py
[2023-10-21T14:29:58.763+0200] {processor.py:839} INFO - DAG(s) dict_keys(['example_dag_decorator']) retrieved from /Library/Frameworks/Python.framework/Versions/3.11/lib/python3.11/site-packages/airflow/example_dags/example_dag_decorator.py
[2023-10-21T14:29:59.045+0200] {logging_mixin.py:151} INFO - [2023-10-21T14:29:59.045+0200] {dag.py:2941} INFO - Sync 1 DAGs
[2023-10-21T14:29:59.048+0200] {logging_mixin.py:151} INFO - [2023-10-21T14:29:59.048+0200] {dag.py:3722} INFO - Setting next_dagrun for example_dag_decorator to None, run_after=None
[2023-10-21T14:29:59.054+0200] {processor.py:179} INFO - Processing /Library/Frameworks/Python.framework/Versions/3.11/lib/python3.11/site-packages/airflow/example_dags/example_dag_decorator.py took 0.384 seconds
[2023-10-21T14:31:08.768+0200] {processor.py:157} INFO - Started process (PID=65444) to work on /Library/Frameworks/Python.framework/Versions/3.11/lib/python3.11/site-packages/airflow/example_dags/example_dag_decorator.py
[2023-10-21T14:31:08.770+0200] {processor.py:829} INFO - Processing file /Library/Frameworks/Python.framework/Versions/3.11/lib/python3.11/site-packages/airflow/example_dags/example_dag_decorator.py for tasks to queue
[2023-10-21T14:31:08.770+0200] {logging_mixin.py:151} INFO - [2023-10-21T14:31:08.770+0200] {dagbag.py:536} INFO - Filling up the DagBag from /Library/Frameworks/Python.framework/Versions/3.11/lib/python3.11/site-packages/airflow/example_dags/example_dag_decorator.py
[2023-10-21T14:31:08.855+0200] {processor.py:839} INFO - DAG(s) dict_keys(['example_dag_decorator']) retrieved from /Library/Frameworks/Python.framework/Versions/3.11/lib/python3.11/site-packages/airflow/example_dags/example_dag_decorator.py
[2023-10-21T14:31:08.873+0200] {logging_mixin.py:151} INFO - [2023-10-21T14:31:08.873+0200] {dag.py:2941} INFO - Sync 1 DAGs
[2023-10-21T14:31:08.898+0200] {logging_mixin.py:151} INFO - [2023-10-21T14:31:08.898+0200] {dag.py:3722} INFO - Setting next_dagrun for example_dag_decorator to None, run_after=None
[2023-10-21T14:31:08.904+0200] {processor.py:179} INFO - Processing /Library/Frameworks/Python.framework/Versions/3.11/lib/python3.11/site-packages/airflow/example_dags/example_dag_decorator.py took 0.137 seconds
[2023-10-21T14:32:22.002+0200] {processor.py:157} INFO - Started process (PID=65600) to work on /Library/Frameworks/Python.framework/Versions/3.11/lib/python3.11/site-packages/airflow/example_dags/example_dag_decorator.py
[2023-10-21T14:32:22.004+0200] {processor.py:829} INFO - Processing file /Library/Frameworks/Python.framework/Versions/3.11/lib/python3.11/site-packages/airflow/example_dags/example_dag_decorator.py for tasks to queue
[2023-10-21T14:32:22.005+0200] {logging_mixin.py:151} INFO - [2023-10-21T14:32:22.005+0200] {dagbag.py:536} INFO - Filling up the DagBag from /Library/Frameworks/Python.framework/Versions/3.11/lib/python3.11/site-packages/airflow/example_dags/example_dag_decorator.py
[2023-10-21T14:32:22.104+0200] {processor.py:839} INFO - DAG(s) dict_keys(['example_dag_decorator']) retrieved from /Library/Frameworks/Python.framework/Versions/3.11/lib/python3.11/site-packages/airflow/example_dags/example_dag_decorator.py
[2023-10-21T14:32:22.419+0200] {logging_mixin.py:151} INFO - [2023-10-21T14:32:22.419+0200] {dag.py:2941} INFO - Sync 1 DAGs
[2023-10-21T14:32:22.422+0200] {logging_mixin.py:151} INFO - [2023-10-21T14:32:22.421+0200] {dag.py:3722} INFO - Setting next_dagrun for example_dag_decorator to None, run_after=None
[2023-10-21T14:32:22.428+0200] {processor.py:179} INFO - Processing /Library/Frameworks/Python.framework/Versions/3.11/lib/python3.11/site-packages/airflow/example_dags/example_dag_decorator.py took 0.426 seconds
[2023-10-21T14:33:32.364+0200] {processor.py:157} INFO - Started process (PID=65762) to work on /Library/Frameworks/Python.framework/Versions/3.11/lib/python3.11/site-packages/airflow/example_dags/example_dag_decorator.py
[2023-10-21T14:33:32.366+0200] {processor.py:829} INFO - Processing file /Library/Frameworks/Python.framework/Versions/3.11/lib/python3.11/site-packages/airflow/example_dags/example_dag_decorator.py for tasks to queue
[2023-10-21T14:33:32.367+0200] {logging_mixin.py:151} INFO - [2023-10-21T14:33:32.367+0200] {dagbag.py:536} INFO - Filling up the DagBag from /Library/Frameworks/Python.framework/Versions/3.11/lib/python3.11/site-packages/airflow/example_dags/example_dag_decorator.py
[2023-10-21T14:33:32.468+0200] {processor.py:839} INFO - DAG(s) dict_keys(['example_dag_decorator']) retrieved from /Library/Frameworks/Python.framework/Versions/3.11/lib/python3.11/site-packages/airflow/example_dags/example_dag_decorator.py
[2023-10-21T14:33:32.776+0200] {logging_mixin.py:151} INFO - [2023-10-21T14:33:32.776+0200] {dag.py:2941} INFO - Sync 1 DAGs
[2023-10-21T14:33:32.779+0200] {logging_mixin.py:151} INFO - [2023-10-21T14:33:32.779+0200] {dag.py:3722} INFO - Setting next_dagrun for example_dag_decorator to None, run_after=None
[2023-10-21T14:33:32.785+0200] {processor.py:179} INFO - Processing /Library/Frameworks/Python.framework/Versions/3.11/lib/python3.11/site-packages/airflow/example_dags/example_dag_decorator.py took 0.422 seconds
[2023-10-21T14:34:41.900+0200] {processor.py:157} INFO - Started process (PID=65962) to work on /Library/Frameworks/Python.framework/Versions/3.11/lib/python3.11/site-packages/airflow/example_dags/example_dag_decorator.py
[2023-10-21T14:34:41.903+0200] {processor.py:829} INFO - Processing file /Library/Frameworks/Python.framework/Versions/3.11/lib/python3.11/site-packages/airflow/example_dags/example_dag_decorator.py for tasks to queue
[2023-10-21T14:34:41.903+0200] {logging_mixin.py:151} INFO - [2023-10-21T14:34:41.903+0200] {dagbag.py:536} INFO - Filling up the DagBag from /Library/Frameworks/Python.framework/Versions/3.11/lib/python3.11/site-packages/airflow/example_dags/example_dag_decorator.py
[2023-10-21T14:34:42.006+0200] {processor.py:839} INFO - DAG(s) dict_keys(['example_dag_decorator']) retrieved from /Library/Frameworks/Python.framework/Versions/3.11/lib/python3.11/site-packages/airflow/example_dags/example_dag_decorator.py
[2023-10-21T14:34:42.292+0200] {logging_mixin.py:151} INFO - [2023-10-21T14:34:42.292+0200] {dag.py:2941} INFO - Sync 1 DAGs
[2023-10-21T14:34:42.295+0200] {logging_mixin.py:151} INFO - [2023-10-21T14:34:42.295+0200] {dag.py:3722} INFO - Setting next_dagrun for example_dag_decorator to None, run_after=None
[2023-10-21T14:34:42.302+0200] {processor.py:179} INFO - Processing /Library/Frameworks/Python.framework/Versions/3.11/lib/python3.11/site-packages/airflow/example_dags/example_dag_decorator.py took 0.402 seconds
[2023-10-21T14:35:54.050+0200] {processor.py:157} INFO - Started process (PID=66140) to work on /Library/Frameworks/Python.framework/Versions/3.11/lib/python3.11/site-packages/airflow/example_dags/example_dag_decorator.py
[2023-10-21T14:35:54.052+0200] {processor.py:829} INFO - Processing file /Library/Frameworks/Python.framework/Versions/3.11/lib/python3.11/site-packages/airflow/example_dags/example_dag_decorator.py for tasks to queue
[2023-10-21T14:35:54.052+0200] {logging_mixin.py:151} INFO - [2023-10-21T14:35:54.052+0200] {dagbag.py:536} INFO - Filling up the DagBag from /Library/Frameworks/Python.framework/Versions/3.11/lib/python3.11/site-packages/airflow/example_dags/example_dag_decorator.py
[2023-10-21T14:35:54.137+0200] {processor.py:839} INFO - DAG(s) dict_keys(['example_dag_decorator']) retrieved from /Library/Frameworks/Python.framework/Versions/3.11/lib/python3.11/site-packages/airflow/example_dags/example_dag_decorator.py
[2023-10-21T14:35:54.403+0200] {logging_mixin.py:151} INFO - [2023-10-21T14:35:54.402+0200] {dag.py:2941} INFO - Sync 1 DAGs
[2023-10-21T14:35:54.405+0200] {logging_mixin.py:151} INFO - [2023-10-21T14:35:54.405+0200] {dag.py:3722} INFO - Setting next_dagrun for example_dag_decorator to None, run_after=None
[2023-10-21T14:35:54.412+0200] {processor.py:179} INFO - Processing /Library/Frameworks/Python.framework/Versions/3.11/lib/python3.11/site-packages/airflow/example_dags/example_dag_decorator.py took 0.362 seconds
[2023-10-21T14:45:58.946+0200] {processor.py:157} INFO - Started process (PID=67016) to work on /Library/Frameworks/Python.framework/Versions/3.11/lib/python3.11/site-packages/airflow/example_dags/example_dag_decorator.py
[2023-10-21T14:45:58.948+0200] {processor.py:829} INFO - Processing file /Library/Frameworks/Python.framework/Versions/3.11/lib/python3.11/site-packages/airflow/example_dags/example_dag_decorator.py for tasks to queue
[2023-10-21T14:45:58.948+0200] {logging_mixin.py:151} INFO - [2023-10-21T14:45:58.948+0200] {dagbag.py:536} INFO - Filling up the DagBag from /Library/Frameworks/Python.framework/Versions/3.11/lib/python3.11/site-packages/airflow/example_dags/example_dag_decorator.py
[2023-10-21T14:45:59.034+0200] {processor.py:839} INFO - DAG(s) dict_keys(['example_dag_decorator']) retrieved from /Library/Frameworks/Python.framework/Versions/3.11/lib/python3.11/site-packages/airflow/example_dags/example_dag_decorator.py
[2023-10-21T14:45:59.297+0200] {logging_mixin.py:151} INFO - [2023-10-21T14:45:59.297+0200] {dag.py:2941} INFO - Sync 1 DAGs
[2023-10-21T14:45:59.299+0200] {logging_mixin.py:151} INFO - [2023-10-21T14:45:59.299+0200] {dag.py:3722} INFO - Setting next_dagrun for example_dag_decorator to None, run_after=None
[2023-10-21T14:45:59.306+0200] {processor.py:179} INFO - Processing /Library/Frameworks/Python.framework/Versions/3.11/lib/python3.11/site-packages/airflow/example_dags/example_dag_decorator.py took 0.360 seconds
[2023-10-21T14:51:55.961+0200] {processor.py:157} INFO - Started process (PID=67796) to work on /Library/Frameworks/Python.framework/Versions/3.11/lib/python3.11/site-packages/airflow/example_dags/example_dag_decorator.py
[2023-10-21T14:51:55.964+0200] {processor.py:829} INFO - Processing file /Library/Frameworks/Python.framework/Versions/3.11/lib/python3.11/site-packages/airflow/example_dags/example_dag_decorator.py for tasks to queue
[2023-10-21T14:51:55.964+0200] {logging_mixin.py:151} INFO - [2023-10-21T14:51:55.964+0200] {dagbag.py:536} INFO - Filling up the DagBag from /Library/Frameworks/Python.framework/Versions/3.11/lib/python3.11/site-packages/airflow/example_dags/example_dag_decorator.py
[2023-10-21T14:51:56.050+0200] {processor.py:839} INFO - DAG(s) dict_keys(['example_dag_decorator']) retrieved from /Library/Frameworks/Python.framework/Versions/3.11/lib/python3.11/site-packages/airflow/example_dags/example_dag_decorator.py
[2023-10-21T14:51:56.067+0200] {logging_mixin.py:151} INFO - [2023-10-21T14:51:56.067+0200] {dag.py:2941} INFO - Sync 1 DAGs
[2023-10-21T14:51:56.092+0200] {logging_mixin.py:151} INFO - [2023-10-21T14:51:56.092+0200] {dag.py:3722} INFO - Setting next_dagrun for example_dag_decorator to None, run_after=None
[2023-10-21T14:51:56.099+0200] {processor.py:179} INFO - Processing /Library/Frameworks/Python.framework/Versions/3.11/lib/python3.11/site-packages/airflow/example_dags/example_dag_decorator.py took 0.138 seconds
[2023-10-21T14:53:05.633+0200] {processor.py:157} INFO - Started process (PID=67934) to work on /Library/Frameworks/Python.framework/Versions/3.11/lib/python3.11/site-packages/airflow/example_dags/example_dag_decorator.py
[2023-10-21T14:53:05.635+0200] {processor.py:829} INFO - Processing file /Library/Frameworks/Python.framework/Versions/3.11/lib/python3.11/site-packages/airflow/example_dags/example_dag_decorator.py for tasks to queue
[2023-10-21T14:53:05.635+0200] {logging_mixin.py:151} INFO - [2023-10-21T14:53:05.635+0200] {dagbag.py:536} INFO - Filling up the DagBag from /Library/Frameworks/Python.framework/Versions/3.11/lib/python3.11/site-packages/airflow/example_dags/example_dag_decorator.py
[2023-10-21T14:53:05.723+0200] {processor.py:839} INFO - DAG(s) dict_keys(['example_dag_decorator']) retrieved from /Library/Frameworks/Python.framework/Versions/3.11/lib/python3.11/site-packages/airflow/example_dags/example_dag_decorator.py
[2023-10-21T14:53:05.992+0200] {logging_mixin.py:151} INFO - [2023-10-21T14:53:05.992+0200] {dag.py:2941} INFO - Sync 1 DAGs
[2023-10-21T14:53:05.994+0200] {logging_mixin.py:151} INFO - [2023-10-21T14:53:05.994+0200] {dag.py:3722} INFO - Setting next_dagrun for example_dag_decorator to None, run_after=None
[2023-10-21T14:53:06.000+0200] {processor.py:179} INFO - Processing /Library/Frameworks/Python.framework/Versions/3.11/lib/python3.11/site-packages/airflow/example_dags/example_dag_decorator.py took 0.368 seconds
[2023-10-21T14:54:17.652+0200] {processor.py:157} INFO - Started process (PID=68077) to work on /Library/Frameworks/Python.framework/Versions/3.11/lib/python3.11/site-packages/airflow/example_dags/example_dag_decorator.py
[2023-10-21T14:54:17.654+0200] {processor.py:829} INFO - Processing file /Library/Frameworks/Python.framework/Versions/3.11/lib/python3.11/site-packages/airflow/example_dags/example_dag_decorator.py for tasks to queue
[2023-10-21T14:54:17.654+0200] {logging_mixin.py:151} INFO - [2023-10-21T14:54:17.654+0200] {dagbag.py:536} INFO - Filling up the DagBag from /Library/Frameworks/Python.framework/Versions/3.11/lib/python3.11/site-packages/airflow/example_dags/example_dag_decorator.py
[2023-10-21T14:54:17.757+0200] {processor.py:839} INFO - DAG(s) dict_keys(['example_dag_decorator']) retrieved from /Library/Frameworks/Python.framework/Versions/3.11/lib/python3.11/site-packages/airflow/example_dags/example_dag_decorator.py
[2023-10-21T14:54:18.086+0200] {logging_mixin.py:151} INFO - [2023-10-21T14:54:18.086+0200] {dag.py:2941} INFO - Sync 1 DAGs
[2023-10-21T14:54:18.089+0200] {logging_mixin.py:151} INFO - [2023-10-21T14:54:18.089+0200] {dag.py:3722} INFO - Setting next_dagrun for example_dag_decorator to None, run_after=None
[2023-10-21T14:54:18.095+0200] {processor.py:179} INFO - Processing /Library/Frameworks/Python.framework/Versions/3.11/lib/python3.11/site-packages/airflow/example_dags/example_dag_decorator.py took 0.444 seconds
[2023-10-21T14:55:26.691+0200] {processor.py:157} INFO - Started process (PID=68220) to work on /Library/Frameworks/Python.framework/Versions/3.11/lib/python3.11/site-packages/airflow/example_dags/example_dag_decorator.py
[2023-10-21T14:55:26.693+0200] {processor.py:829} INFO - Processing file /Library/Frameworks/Python.framework/Versions/3.11/lib/python3.11/site-packages/airflow/example_dags/example_dag_decorator.py for tasks to queue
[2023-10-21T14:55:26.694+0200] {logging_mixin.py:151} INFO - [2023-10-21T14:55:26.694+0200] {dagbag.py:536} INFO - Filling up the DagBag from /Library/Frameworks/Python.framework/Versions/3.11/lib/python3.11/site-packages/airflow/example_dags/example_dag_decorator.py
[2023-10-21T14:55:26.793+0200] {processor.py:839} INFO - DAG(s) dict_keys(['example_dag_decorator']) retrieved from /Library/Frameworks/Python.framework/Versions/3.11/lib/python3.11/site-packages/airflow/example_dags/example_dag_decorator.py
[2023-10-21T14:55:27.101+0200] {logging_mixin.py:151} INFO - [2023-10-21T14:55:27.101+0200] {dag.py:2941} INFO - Sync 1 DAGs
[2023-10-21T14:55:27.104+0200] {logging_mixin.py:151} INFO - [2023-10-21T14:55:27.104+0200] {dag.py:3722} INFO - Setting next_dagrun for example_dag_decorator to None, run_after=None
[2023-10-21T14:55:27.110+0200] {processor.py:179} INFO - Processing /Library/Frameworks/Python.framework/Versions/3.11/lib/python3.11/site-packages/airflow/example_dags/example_dag_decorator.py took 0.419 seconds
