[2023-10-21T14:27:58.578+0200] {processor.py:157} INFO - Started process (PID=65043) to work on /Library/Frameworks/Python.framework/Versions/3.11/lib/python3.11/site-packages/airflow/example_dags/example_task_group_decorator.py
[2023-10-21T14:27:58.580+0200] {processor.py:829} INFO - Processing file /Library/Frameworks/Python.framework/Versions/3.11/lib/python3.11/site-packages/airflow/example_dags/example_task_group_decorator.py for tasks to queue
[2023-10-21T14:27:58.580+0200] {logging_mixin.py:151} INFO - [2023-10-21T14:27:58.580+0200] {dagbag.py:536} INFO - Filling up the DagBag from /Library/Frameworks/Python.framework/Versions/3.11/lib/python3.11/site-packages/airflow/example_dags/example_task_group_decorator.py
[2023-10-21T14:27:58.601+0200] {processor.py:839} INFO - DAG(s) dict_keys(['example_task_group_decorator']) retrieved from /Library/Frameworks/Python.framework/Versions/3.11/lib/python3.11/site-packages/airflow/example_dags/example_task_group_decorator.py
[2023-10-21T14:27:58.947+0200] {logging_mixin.py:151} INFO - [2023-10-21T14:27:58.947+0200] {dag.py:2941} INFO - Sync 1 DAGs
[2023-10-21T14:27:58.952+0200] {logging_mixin.py:151} INFO - [2023-10-21T14:27:58.952+0200] {dag.py:3722} INFO - Setting next_dagrun for example_task_group_decorator to 2023-10-20T12:27:58.952621+00:00, run_after=2023-10-21T12:27:58.952621+00:00
[2023-10-21T14:27:58.959+0200] {processor.py:179} INFO - Processing /Library/Frameworks/Python.framework/Versions/3.11/lib/python3.11/site-packages/airflow/example_dags/example_task_group_decorator.py took 0.382 seconds
[2023-10-21T14:29:14.102+0200] {processor.py:157} INFO - Started process (PID=65197) to work on /Library/Frameworks/Python.framework/Versions/3.11/lib/python3.11/site-packages/airflow/example_dags/example_task_group_decorator.py
[2023-10-21T14:29:14.104+0200] {processor.py:829} INFO - Processing file /Library/Frameworks/Python.framework/Versions/3.11/lib/python3.11/site-packages/airflow/example_dags/example_task_group_decorator.py for tasks to queue
[2023-10-21T14:29:14.105+0200] {logging_mixin.py:151} INFO - [2023-10-21T14:29:14.105+0200] {dagbag.py:536} INFO - Filling up the DagBag from /Library/Frameworks/Python.framework/Versions/3.11/lib/python3.11/site-packages/airflow/example_dags/example_task_group_decorator.py
[2023-10-21T14:29:14.126+0200] {processor.py:839} INFO - DAG(s) dict_keys(['example_task_group_decorator']) retrieved from /Library/Frameworks/Python.framework/Versions/3.11/lib/python3.11/site-packages/airflow/example_dags/example_task_group_decorator.py
[2023-10-21T14:29:14.204+0200] {logging_mixin.py:151} INFO - [2023-10-21T14:29:14.203+0200] {dag.py:2941} INFO - Sync 1 DAGs
[2023-10-21T14:29:14.209+0200] {logging_mixin.py:151} INFO - [2023-10-21T14:29:14.209+0200] {dag.py:3722} INFO - Setting next_dagrun for example_task_group_decorator to 2023-10-20T12:29:14.209133+00:00, run_after=2023-10-21T12:29:14.209133+00:00
[2023-10-21T14:29:14.215+0200] {processor.py:179} INFO - Processing /Library/Frameworks/Python.framework/Versions/3.11/lib/python3.11/site-packages/airflow/example_dags/example_task_group_decorator.py took 0.114 seconds
[2023-10-21T14:30:25.470+0200] {processor.py:157} INFO - Started process (PID=65358) to work on /Library/Frameworks/Python.framework/Versions/3.11/lib/python3.11/site-packages/airflow/example_dags/example_task_group_decorator.py
[2023-10-21T14:30:25.472+0200] {processor.py:829} INFO - Processing file /Library/Frameworks/Python.framework/Versions/3.11/lib/python3.11/site-packages/airflow/example_dags/example_task_group_decorator.py for tasks to queue
[2023-10-21T14:30:25.473+0200] {logging_mixin.py:151} INFO - [2023-10-21T14:30:25.472+0200] {dagbag.py:536} INFO - Filling up the DagBag from /Library/Frameworks/Python.framework/Versions/3.11/lib/python3.11/site-packages/airflow/example_dags/example_task_group_decorator.py
[2023-10-21T14:30:25.493+0200] {processor.py:839} INFO - DAG(s) dict_keys(['example_task_group_decorator']) retrieved from /Library/Frameworks/Python.framework/Versions/3.11/lib/python3.11/site-packages/airflow/example_dags/example_task_group_decorator.py
[2023-10-21T14:30:25.563+0200] {logging_mixin.py:151} INFO - [2023-10-21T14:30:25.563+0200] {dag.py:2941} INFO - Sync 1 DAGs
[2023-10-21T14:30:25.568+0200] {logging_mixin.py:151} INFO - [2023-10-21T14:30:25.568+0200] {dag.py:3722} INFO - Setting next_dagrun for example_task_group_decorator to 2023-10-20T12:30:25.568756+00:00, run_after=2023-10-21T12:30:25.568756+00:00
[2023-10-21T14:30:25.575+0200] {processor.py:179} INFO - Processing /Library/Frameworks/Python.framework/Versions/3.11/lib/python3.11/site-packages/airflow/example_dags/example_task_group_decorator.py took 0.105 seconds
[2023-10-21T14:31:37.547+0200] {processor.py:157} INFO - Started process (PID=65507) to work on /Library/Frameworks/Python.framework/Versions/3.11/lib/python3.11/site-packages/airflow/example_dags/example_task_group_decorator.py
[2023-10-21T14:31:37.550+0200] {processor.py:829} INFO - Processing file /Library/Frameworks/Python.framework/Versions/3.11/lib/python3.11/site-packages/airflow/example_dags/example_task_group_decorator.py for tasks to queue
[2023-10-21T14:31:37.550+0200] {logging_mixin.py:151} INFO - [2023-10-21T14:31:37.550+0200] {dagbag.py:536} INFO - Filling up the DagBag from /Library/Frameworks/Python.framework/Versions/3.11/lib/python3.11/site-packages/airflow/example_dags/example_task_group_decorator.py
[2023-10-21T14:31:37.571+0200] {processor.py:839} INFO - DAG(s) dict_keys(['example_task_group_decorator']) retrieved from /Library/Frameworks/Python.framework/Versions/3.11/lib/python3.11/site-packages/airflow/example_dags/example_task_group_decorator.py
[2023-10-21T14:31:37.641+0200] {logging_mixin.py:151} INFO - [2023-10-21T14:31:37.641+0200] {dag.py:2941} INFO - Sync 1 DAGs
[2023-10-21T14:31:37.646+0200] {logging_mixin.py:151} INFO - [2023-10-21T14:31:37.646+0200] {dag.py:3722} INFO - Setting next_dagrun for example_task_group_decorator to 2023-10-20T12:31:37.646765+00:00, run_after=2023-10-21T12:31:37.646765+00:00
[2023-10-21T14:31:37.653+0200] {processor.py:179} INFO - Processing /Library/Frameworks/Python.framework/Versions/3.11/lib/python3.11/site-packages/airflow/example_dags/example_task_group_decorator.py took 0.106 seconds
[2023-10-21T14:32:48.507+0200] {processor.py:157} INFO - Started process (PID=65653) to work on /Library/Frameworks/Python.framework/Versions/3.11/lib/python3.11/site-packages/airflow/example_dags/example_task_group_decorator.py
[2023-10-21T14:32:48.509+0200] {processor.py:829} INFO - Processing file /Library/Frameworks/Python.framework/Versions/3.11/lib/python3.11/site-packages/airflow/example_dags/example_task_group_decorator.py for tasks to queue
[2023-10-21T14:32:48.509+0200] {logging_mixin.py:151} INFO - [2023-10-21T14:32:48.509+0200] {dagbag.py:536} INFO - Filling up the DagBag from /Library/Frameworks/Python.framework/Versions/3.11/lib/python3.11/site-packages/airflow/example_dags/example_task_group_decorator.py
[2023-10-21T14:32:48.530+0200] {processor.py:839} INFO - DAG(s) dict_keys(['example_task_group_decorator']) retrieved from /Library/Frameworks/Python.framework/Versions/3.11/lib/python3.11/site-packages/airflow/example_dags/example_task_group_decorator.py
[2023-10-21T14:32:48.617+0200] {logging_mixin.py:151} INFO - [2023-10-21T14:32:48.617+0200] {dag.py:2941} INFO - Sync 1 DAGs
[2023-10-21T14:32:48.623+0200] {logging_mixin.py:151} INFO - [2023-10-21T14:32:48.623+0200] {dag.py:3722} INFO - Setting next_dagrun for example_task_group_decorator to 2023-10-20T12:32:48.623019+00:00, run_after=2023-10-21T12:32:48.623019+00:00
[2023-10-21T14:32:48.631+0200] {processor.py:179} INFO - Processing /Library/Frameworks/Python.framework/Versions/3.11/lib/python3.11/site-packages/airflow/example_dags/example_task_group_decorator.py took 0.124 seconds
[2023-10-21T14:33:58.919+0200] {processor.py:157} INFO - Started process (PID=65883) to work on /Library/Frameworks/Python.framework/Versions/3.11/lib/python3.11/site-packages/airflow/example_dags/example_task_group_decorator.py
[2023-10-21T14:33:58.922+0200] {processor.py:829} INFO - Processing file /Library/Frameworks/Python.framework/Versions/3.11/lib/python3.11/site-packages/airflow/example_dags/example_task_group_decorator.py for tasks to queue
[2023-10-21T14:33:58.922+0200] {logging_mixin.py:151} INFO - [2023-10-21T14:33:58.922+0200] {dagbag.py:536} INFO - Filling up the DagBag from /Library/Frameworks/Python.framework/Versions/3.11/lib/python3.11/site-packages/airflow/example_dags/example_task_group_decorator.py
[2023-10-21T14:33:58.943+0200] {processor.py:839} INFO - DAG(s) dict_keys(['example_task_group_decorator']) retrieved from /Library/Frameworks/Python.framework/Versions/3.11/lib/python3.11/site-packages/airflow/example_dags/example_task_group_decorator.py
[2023-10-21T14:33:59.015+0200] {logging_mixin.py:151} INFO - [2023-10-21T14:33:59.015+0200] {dag.py:2941} INFO - Sync 1 DAGs
[2023-10-21T14:33:59.020+0200] {logging_mixin.py:151} INFO - [2023-10-21T14:33:59.020+0200] {dag.py:3722} INFO - Setting next_dagrun for example_task_group_decorator to 2023-10-20T12:33:59.020861+00:00, run_after=2023-10-21T12:33:59.020861+00:00
[2023-10-21T14:33:59.027+0200] {processor.py:179} INFO - Processing /Library/Frameworks/Python.framework/Versions/3.11/lib/python3.11/site-packages/airflow/example_dags/example_task_group_decorator.py took 0.108 seconds
[2023-10-21T14:35:09.481+0200] {processor.py:157} INFO - Started process (PID=66030) to work on /Library/Frameworks/Python.framework/Versions/3.11/lib/python3.11/site-packages/airflow/example_dags/example_task_group_decorator.py
[2023-10-21T14:35:09.483+0200] {processor.py:829} INFO - Processing file /Library/Frameworks/Python.framework/Versions/3.11/lib/python3.11/site-packages/airflow/example_dags/example_task_group_decorator.py for tasks to queue
[2023-10-21T14:35:09.483+0200] {logging_mixin.py:151} INFO - [2023-10-21T14:35:09.483+0200] {dagbag.py:536} INFO - Filling up the DagBag from /Library/Frameworks/Python.framework/Versions/3.11/lib/python3.11/site-packages/airflow/example_dags/example_task_group_decorator.py
[2023-10-21T14:35:09.506+0200] {processor.py:839} INFO - DAG(s) dict_keys(['example_task_group_decorator']) retrieved from /Library/Frameworks/Python.framework/Versions/3.11/lib/python3.11/site-packages/airflow/example_dags/example_task_group_decorator.py
[2023-10-21T14:35:09.583+0200] {logging_mixin.py:151} INFO - [2023-10-21T14:35:09.582+0200] {dag.py:2941} INFO - Sync 1 DAGs
[2023-10-21T14:35:09.588+0200] {logging_mixin.py:151} INFO - [2023-10-21T14:35:09.588+0200] {dag.py:3722} INFO - Setting next_dagrun for example_task_group_decorator to 2023-10-20T12:35:09.588223+00:00, run_after=2023-10-21T12:35:09.588223+00:00
[2023-10-21T14:35:09.594+0200] {processor.py:179} INFO - Processing /Library/Frameworks/Python.framework/Versions/3.11/lib/python3.11/site-packages/airflow/example_dags/example_task_group_decorator.py took 0.113 seconds
[2023-10-21T14:36:19.657+0200] {processor.py:157} INFO - Started process (PID=66195) to work on /Library/Frameworks/Python.framework/Versions/3.11/lib/python3.11/site-packages/airflow/example_dags/example_task_group_decorator.py
[2023-10-21T14:36:19.658+0200] {processor.py:829} INFO - Processing file /Library/Frameworks/Python.framework/Versions/3.11/lib/python3.11/site-packages/airflow/example_dags/example_task_group_decorator.py for tasks to queue
[2023-10-21T14:36:19.659+0200] {logging_mixin.py:151} INFO - [2023-10-21T14:36:19.659+0200] {dagbag.py:536} INFO - Filling up the DagBag from /Library/Frameworks/Python.framework/Versions/3.11/lib/python3.11/site-packages/airflow/example_dags/example_task_group_decorator.py
[2023-10-21T14:36:19.679+0200] {processor.py:839} INFO - DAG(s) dict_keys(['example_task_group_decorator']) retrieved from /Library/Frameworks/Python.framework/Versions/3.11/lib/python3.11/site-packages/airflow/example_dags/example_task_group_decorator.py
[2023-10-21T14:36:19.754+0200] {logging_mixin.py:151} INFO - [2023-10-21T14:36:19.753+0200] {dag.py:2941} INFO - Sync 1 DAGs
[2023-10-21T14:36:19.759+0200] {logging_mixin.py:151} INFO - [2023-10-21T14:36:19.759+0200] {dag.py:3722} INFO - Setting next_dagrun for example_task_group_decorator to 2023-10-20T12:36:19.759328+00:00, run_after=2023-10-21T12:36:19.759328+00:00
[2023-10-21T14:36:19.766+0200] {processor.py:179} INFO - Processing /Library/Frameworks/Python.framework/Versions/3.11/lib/python3.11/site-packages/airflow/example_dags/example_task_group_decorator.py took 0.109 seconds
[2023-10-21T14:45:25.271+0200] {processor.py:157} INFO - Started process (PID=66954) to work on /Library/Frameworks/Python.framework/Versions/3.11/lib/python3.11/site-packages/airflow/example_dags/example_task_group_decorator.py
[2023-10-21T14:45:25.273+0200] {processor.py:829} INFO - Processing file /Library/Frameworks/Python.framework/Versions/3.11/lib/python3.11/site-packages/airflow/example_dags/example_task_group_decorator.py for tasks to queue
[2023-10-21T14:45:25.273+0200] {logging_mixin.py:151} INFO - [2023-10-21T14:45:25.273+0200] {dagbag.py:536} INFO - Filling up the DagBag from /Library/Frameworks/Python.framework/Versions/3.11/lib/python3.11/site-packages/airflow/example_dags/example_task_group_decorator.py
[2023-10-21T14:45:25.293+0200] {processor.py:839} INFO - DAG(s) dict_keys(['example_task_group_decorator']) retrieved from /Library/Frameworks/Python.framework/Versions/3.11/lib/python3.11/site-packages/airflow/example_dags/example_task_group_decorator.py
[2023-10-21T14:45:25.310+0200] {logging_mixin.py:151} INFO - [2023-10-21T14:45:25.310+0200] {dag.py:2941} INFO - Sync 1 DAGs
[2023-10-21T14:45:25.338+0200] {logging_mixin.py:151} INFO - [2023-10-21T14:45:25.338+0200] {dag.py:3722} INFO - Setting next_dagrun for example_task_group_decorator to 2023-10-20T12:45:25.338476+00:00, run_after=2023-10-21T12:45:25.338476+00:00
[2023-10-21T14:45:25.345+0200] {processor.py:179} INFO - Processing /Library/Frameworks/Python.framework/Versions/3.11/lib/python3.11/site-packages/airflow/example_dags/example_task_group_decorator.py took 0.074 seconds
[2023-10-21T14:46:28.484+0200] {processor.py:157} INFO - Started process (PID=67075) to work on /Library/Frameworks/Python.framework/Versions/3.11/lib/python3.11/site-packages/airflow/example_dags/example_task_group_decorator.py
[2023-10-21T14:46:28.486+0200] {processor.py:829} INFO - Processing file /Library/Frameworks/Python.framework/Versions/3.11/lib/python3.11/site-packages/airflow/example_dags/example_task_group_decorator.py for tasks to queue
[2023-10-21T14:46:28.486+0200] {logging_mixin.py:151} INFO - [2023-10-21T14:46:28.486+0200] {dagbag.py:536} INFO - Filling up the DagBag from /Library/Frameworks/Python.framework/Versions/3.11/lib/python3.11/site-packages/airflow/example_dags/example_task_group_decorator.py
[2023-10-21T14:46:28.507+0200] {processor.py:839} INFO - DAG(s) dict_keys(['example_task_group_decorator']) retrieved from /Library/Frameworks/Python.framework/Versions/3.11/lib/python3.11/site-packages/airflow/example_dags/example_task_group_decorator.py
[2023-10-21T14:46:28.584+0200] {logging_mixin.py:151} INFO - [2023-10-21T14:46:28.583+0200] {dag.py:2941} INFO - Sync 1 DAGs
[2023-10-21T14:46:28.589+0200] {logging_mixin.py:151} INFO - [2023-10-21T14:46:28.589+0200] {dag.py:3722} INFO - Setting next_dagrun for example_task_group_decorator to 2023-10-20T12:46:28.589674+00:00, run_after=2023-10-21T12:46:28.589674+00:00
[2023-10-21T14:46:28.596+0200] {processor.py:179} INFO - Processing /Library/Frameworks/Python.framework/Versions/3.11/lib/python3.11/site-packages/airflow/example_dags/example_task_group_decorator.py took 0.112 seconds
[2023-10-21T14:51:22.484+0200] {processor.py:157} INFO - Started process (PID=67724) to work on /Library/Frameworks/Python.framework/Versions/3.11/lib/python3.11/site-packages/airflow/example_dags/example_task_group_decorator.py
[2023-10-21T14:51:22.486+0200] {processor.py:829} INFO - Processing file /Library/Frameworks/Python.framework/Versions/3.11/lib/python3.11/site-packages/airflow/example_dags/example_task_group_decorator.py for tasks to queue
[2023-10-21T14:51:22.486+0200] {logging_mixin.py:151} INFO - [2023-10-21T14:51:22.486+0200] {dagbag.py:536} INFO - Filling up the DagBag from /Library/Frameworks/Python.framework/Versions/3.11/lib/python3.11/site-packages/airflow/example_dags/example_task_group_decorator.py
[2023-10-21T14:51:22.507+0200] {processor.py:839} INFO - DAG(s) dict_keys(['example_task_group_decorator']) retrieved from /Library/Frameworks/Python.framework/Versions/3.11/lib/python3.11/site-packages/airflow/example_dags/example_task_group_decorator.py
[2023-10-21T14:51:22.577+0200] {logging_mixin.py:151} INFO - [2023-10-21T14:51:22.577+0200] {dag.py:2941} INFO - Sync 1 DAGs
[2023-10-21T14:51:22.583+0200] {logging_mixin.py:151} INFO - [2023-10-21T14:51:22.582+0200] {dag.py:3722} INFO - Setting next_dagrun for example_task_group_decorator to 2023-10-20T12:51:22.582937+00:00, run_after=2023-10-21T12:51:22.582937+00:00
[2023-10-21T14:51:22.589+0200] {processor.py:179} INFO - Processing /Library/Frameworks/Python.framework/Versions/3.11/lib/python3.11/site-packages/airflow/example_dags/example_task_group_decorator.py took 0.105 seconds
[2023-10-21T14:52:26.482+0200] {processor.py:157} INFO - Started process (PID=67861) to work on /Library/Frameworks/Python.framework/Versions/3.11/lib/python3.11/site-packages/airflow/example_dags/example_task_group_decorator.py
[2023-10-21T14:52:26.484+0200] {processor.py:829} INFO - Processing file /Library/Frameworks/Python.framework/Versions/3.11/lib/python3.11/site-packages/airflow/example_dags/example_task_group_decorator.py for tasks to queue
[2023-10-21T14:52:26.484+0200] {logging_mixin.py:151} INFO - [2023-10-21T14:52:26.484+0200] {dagbag.py:536} INFO - Filling up the DagBag from /Library/Frameworks/Python.framework/Versions/3.11/lib/python3.11/site-packages/airflow/example_dags/example_task_group_decorator.py
[2023-10-21T14:52:26.505+0200] {processor.py:839} INFO - DAG(s) dict_keys(['example_task_group_decorator']) retrieved from /Library/Frameworks/Python.framework/Versions/3.11/lib/python3.11/site-packages/airflow/example_dags/example_task_group_decorator.py
[2023-10-21T14:52:26.578+0200] {logging_mixin.py:151} INFO - [2023-10-21T14:52:26.578+0200] {dag.py:2941} INFO - Sync 1 DAGs
[2023-10-21T14:52:26.584+0200] {logging_mixin.py:151} INFO - [2023-10-21T14:52:26.584+0200] {dag.py:3722} INFO - Setting next_dagrun for example_task_group_decorator to 2023-10-20T12:52:26.583965+00:00, run_after=2023-10-21T12:52:26.583965+00:00
[2023-10-21T14:52:26.590+0200] {processor.py:179} INFO - Processing /Library/Frameworks/Python.framework/Versions/3.11/lib/python3.11/site-packages/airflow/example_dags/example_task_group_decorator.py took 0.109 seconds
[2023-10-21T14:53:37.171+0200] {processor.py:157} INFO - Started process (PID=67992) to work on /Library/Frameworks/Python.framework/Versions/3.11/lib/python3.11/site-packages/airflow/example_dags/example_task_group_decorator.py
[2023-10-21T14:53:37.172+0200] {processor.py:829} INFO - Processing file /Library/Frameworks/Python.framework/Versions/3.11/lib/python3.11/site-packages/airflow/example_dags/example_task_group_decorator.py for tasks to queue
[2023-10-21T14:53:37.173+0200] {logging_mixin.py:151} INFO - [2023-10-21T14:53:37.173+0200] {dagbag.py:536} INFO - Filling up the DagBag from /Library/Frameworks/Python.framework/Versions/3.11/lib/python3.11/site-packages/airflow/example_dags/example_task_group_decorator.py
[2023-10-21T14:53:37.193+0200] {processor.py:839} INFO - DAG(s) dict_keys(['example_task_group_decorator']) retrieved from /Library/Frameworks/Python.framework/Versions/3.11/lib/python3.11/site-packages/airflow/example_dags/example_task_group_decorator.py
[2023-10-21T14:53:37.264+0200] {logging_mixin.py:151} INFO - [2023-10-21T14:53:37.264+0200] {dag.py:2941} INFO - Sync 1 DAGs
[2023-10-21T14:53:37.269+0200] {logging_mixin.py:151} INFO - [2023-10-21T14:53:37.269+0200] {dag.py:3722} INFO - Setting next_dagrun for example_task_group_decorator to 2023-10-20T12:53:37.269192+00:00, run_after=2023-10-21T12:53:37.269192+00:00
[2023-10-21T14:53:37.275+0200] {processor.py:179} INFO - Processing /Library/Frameworks/Python.framework/Versions/3.11/lib/python3.11/site-packages/airflow/example_dags/example_task_group_decorator.py took 0.105 seconds
[2023-10-21T14:54:49.328+0200] {processor.py:157} INFO - Started process (PID=68134) to work on /Library/Frameworks/Python.framework/Versions/3.11/lib/python3.11/site-packages/airflow/example_dags/example_task_group_decorator.py
[2023-10-21T14:54:49.330+0200] {processor.py:829} INFO - Processing file /Library/Frameworks/Python.framework/Versions/3.11/lib/python3.11/site-packages/airflow/example_dags/example_task_group_decorator.py for tasks to queue
[2023-10-21T14:54:49.331+0200] {logging_mixin.py:151} INFO - [2023-10-21T14:54:49.331+0200] {dagbag.py:536} INFO - Filling up the DagBag from /Library/Frameworks/Python.framework/Versions/3.11/lib/python3.11/site-packages/airflow/example_dags/example_task_group_decorator.py
[2023-10-21T14:54:49.354+0200] {processor.py:839} INFO - DAG(s) dict_keys(['example_task_group_decorator']) retrieved from /Library/Frameworks/Python.framework/Versions/3.11/lib/python3.11/site-packages/airflow/example_dags/example_task_group_decorator.py
[2023-10-21T14:54:49.432+0200] {logging_mixin.py:151} INFO - [2023-10-21T14:54:49.432+0200] {dag.py:2941} INFO - Sync 1 DAGs
[2023-10-21T14:54:49.437+0200] {logging_mixin.py:151} INFO - [2023-10-21T14:54:49.437+0200] {dag.py:3722} INFO - Setting next_dagrun for example_task_group_decorator to 2023-10-20T12:54:49.437377+00:00, run_after=2023-10-21T12:54:49.437377+00:00
[2023-10-21T14:54:49.443+0200] {processor.py:179} INFO - Processing /Library/Frameworks/Python.framework/Versions/3.11/lib/python3.11/site-packages/airflow/example_dags/example_task_group_decorator.py took 0.116 seconds
[2023-10-21T14:55:57.935+0200] {processor.py:157} INFO - Started process (PID=68290) to work on /Library/Frameworks/Python.framework/Versions/3.11/lib/python3.11/site-packages/airflow/example_dags/example_task_group_decorator.py
[2023-10-21T14:55:57.937+0200] {processor.py:829} INFO - Processing file /Library/Frameworks/Python.framework/Versions/3.11/lib/python3.11/site-packages/airflow/example_dags/example_task_group_decorator.py for tasks to queue
[2023-10-21T14:55:57.938+0200] {logging_mixin.py:151} INFO - [2023-10-21T14:55:57.938+0200] {dagbag.py:536} INFO - Filling up the DagBag from /Library/Frameworks/Python.framework/Versions/3.11/lib/python3.11/site-packages/airflow/example_dags/example_task_group_decorator.py
[2023-10-21T14:55:57.959+0200] {processor.py:839} INFO - DAG(s) dict_keys(['example_task_group_decorator']) retrieved from /Library/Frameworks/Python.framework/Versions/3.11/lib/python3.11/site-packages/airflow/example_dags/example_task_group_decorator.py
[2023-10-21T14:55:58.036+0200] {logging_mixin.py:151} INFO - [2023-10-21T14:55:58.036+0200] {dag.py:2941} INFO - Sync 1 DAGs
[2023-10-21T14:55:58.041+0200] {logging_mixin.py:151} INFO - [2023-10-21T14:55:58.041+0200] {dag.py:3722} INFO - Setting next_dagrun for example_task_group_decorator to 2023-10-20T12:55:58.041629+00:00, run_after=2023-10-21T12:55:58.041629+00:00
[2023-10-21T14:55:58.047+0200] {processor.py:179} INFO - Processing /Library/Frameworks/Python.framework/Versions/3.11/lib/python3.11/site-packages/airflow/example_dags/example_task_group_decorator.py took 0.112 seconds
