[2023-10-21T14:28:20.489+0200] {processor.py:157} INFO - Started process (PID=65093) to work on /Library/Frameworks/Python.framework/Versions/3.11/lib/python3.11/site-packages/airflow/example_dags/example_params_ui_tutorial.py
[2023-10-21T14:28:20.491+0200] {processor.py:829} INFO - Processing file /Library/Frameworks/Python.framework/Versions/3.11/lib/python3.11/site-packages/airflow/example_dags/example_params_ui_tutorial.py for tasks to queue
[2023-10-21T14:28:20.491+0200] {logging_mixin.py:151} INFO - [2023-10-21T14:28:20.491+0200] {dagbag.py:536} INFO - Filling up the DagBag from /Library/Frameworks/Python.framework/Versions/3.11/lib/python3.11/site-packages/airflow/example_dags/example_params_ui_tutorial.py
[2023-10-21T14:28:20.544+0200] {processor.py:839} INFO - DAG(s) dict_keys(['example_params_ui_tutorial']) retrieved from /Library/Frameworks/Python.framework/Versions/3.11/lib/python3.11/site-packages/airflow/example_dags/example_params_ui_tutorial.py
[2023-10-21T14:28:20.821+0200] {logging_mixin.py:151} INFO - [2023-10-21T14:28:20.820+0200] {dag.py:2941} INFO - Sync 1 DAGs
[2023-10-21T14:28:20.823+0200] {logging_mixin.py:151} INFO - [2023-10-21T14:28:20.823+0200] {dag.py:3722} INFO - Setting next_dagrun for example_params_ui_tutorial to None, run_after=None
[2023-10-21T14:28:20.831+0200] {processor.py:179} INFO - Processing /Library/Frameworks/Python.framework/Versions/3.11/lib/python3.11/site-packages/airflow/example_dags/example_params_ui_tutorial.py took 0.342 seconds
[2023-10-21T14:29:31.806+0200] {processor.py:157} INFO - Started process (PID=65251) to work on /Library/Frameworks/Python.framework/Versions/3.11/lib/python3.11/site-packages/airflow/example_dags/example_params_ui_tutorial.py
[2023-10-21T14:29:31.809+0200] {processor.py:829} INFO - Processing file /Library/Frameworks/Python.framework/Versions/3.11/lib/python3.11/site-packages/airflow/example_dags/example_params_ui_tutorial.py for tasks to queue
[2023-10-21T14:29:31.809+0200] {logging_mixin.py:151} INFO - [2023-10-21T14:29:31.809+0200] {dagbag.py:536} INFO - Filling up the DagBag from /Library/Frameworks/Python.framework/Versions/3.11/lib/python3.11/site-packages/airflow/example_dags/example_params_ui_tutorial.py
[2023-10-21T14:29:31.861+0200] {processor.py:839} INFO - DAG(s) dict_keys(['example_params_ui_tutorial']) retrieved from /Library/Frameworks/Python.framework/Versions/3.11/lib/python3.11/site-packages/airflow/example_dags/example_params_ui_tutorial.py
[2023-10-21T14:29:31.912+0200] {logging_mixin.py:151} INFO - [2023-10-21T14:29:31.912+0200] {dag.py:2941} INFO - Sync 1 DAGs
[2023-10-21T14:29:31.915+0200] {logging_mixin.py:151} INFO - [2023-10-21T14:29:31.914+0200] {dag.py:3722} INFO - Setting next_dagrun for example_params_ui_tutorial to None, run_after=None
[2023-10-21T14:29:31.921+0200] {processor.py:179} INFO - Processing /Library/Frameworks/Python.framework/Versions/3.11/lib/python3.11/site-packages/airflow/example_dags/example_params_ui_tutorial.py took 0.115 seconds
[2023-10-21T14:30:43.846+0200] {processor.py:157} INFO - Started process (PID=65392) to work on /Library/Frameworks/Python.framework/Versions/3.11/lib/python3.11/site-packages/airflow/example_dags/example_params_ui_tutorial.py
[2023-10-21T14:30:43.848+0200] {processor.py:829} INFO - Processing file /Library/Frameworks/Python.framework/Versions/3.11/lib/python3.11/site-packages/airflow/example_dags/example_params_ui_tutorial.py for tasks to queue
[2023-10-21T14:30:43.848+0200] {logging_mixin.py:151} INFO - [2023-10-21T14:30:43.848+0200] {dagbag.py:536} INFO - Filling up the DagBag from /Library/Frameworks/Python.framework/Versions/3.11/lib/python3.11/site-packages/airflow/example_dags/example_params_ui_tutorial.py
[2023-10-21T14:30:43.898+0200] {processor.py:839} INFO - DAG(s) dict_keys(['example_params_ui_tutorial']) retrieved from /Library/Frameworks/Python.framework/Versions/3.11/lib/python3.11/site-packages/airflow/example_dags/example_params_ui_tutorial.py
[2023-10-21T14:30:43.915+0200] {logging_mixin.py:151} INFO - [2023-10-21T14:30:43.915+0200] {dag.py:2941} INFO - Sync 1 DAGs
[2023-10-21T14:30:43.940+0200] {logging_mixin.py:151} INFO - [2023-10-21T14:30:43.940+0200] {dag.py:3722} INFO - Setting next_dagrun for example_params_ui_tutorial to None, run_after=None
[2023-10-21T14:30:43.947+0200] {processor.py:179} INFO - Processing /Library/Frameworks/Python.framework/Versions/3.11/lib/python3.11/site-packages/airflow/example_dags/example_params_ui_tutorial.py took 0.101 seconds
[2023-10-21T14:31:56.085+0200] {processor.py:157} INFO - Started process (PID=65541) to work on /Library/Frameworks/Python.framework/Versions/3.11/lib/python3.11/site-packages/airflow/example_dags/example_params_ui_tutorial.py
[2023-10-21T14:31:56.087+0200] {processor.py:829} INFO - Processing file /Library/Frameworks/Python.framework/Versions/3.11/lib/python3.11/site-packages/airflow/example_dags/example_params_ui_tutorial.py for tasks to queue
[2023-10-21T14:31:56.087+0200] {logging_mixin.py:151} INFO - [2023-10-21T14:31:56.087+0200] {dagbag.py:536} INFO - Filling up the DagBag from /Library/Frameworks/Python.framework/Versions/3.11/lib/python3.11/site-packages/airflow/example_dags/example_params_ui_tutorial.py
[2023-10-21T14:31:56.153+0200] {processor.py:839} INFO - DAG(s) dict_keys(['example_params_ui_tutorial']) retrieved from /Library/Frameworks/Python.framework/Versions/3.11/lib/python3.11/site-packages/airflow/example_dags/example_params_ui_tutorial.py
[2023-10-21T14:31:56.211+0200] {logging_mixin.py:151} INFO - [2023-10-21T14:31:56.211+0200] {dag.py:2941} INFO - Sync 1 DAGs
[2023-10-21T14:31:56.215+0200] {logging_mixin.py:151} INFO - [2023-10-21T14:31:56.215+0200] {dag.py:3722} INFO - Setting next_dagrun for example_params_ui_tutorial to None, run_after=None
[2023-10-21T14:31:56.221+0200] {processor.py:179} INFO - Processing /Library/Frameworks/Python.framework/Versions/3.11/lib/python3.11/site-packages/airflow/example_dags/example_params_ui_tutorial.py took 0.137 seconds
[2023-10-21T14:33:06.557+0200] {processor.py:157} INFO - Started process (PID=65698) to work on /Library/Frameworks/Python.framework/Versions/3.11/lib/python3.11/site-packages/airflow/example_dags/example_params_ui_tutorial.py
[2023-10-21T14:33:06.560+0200] {processor.py:829} INFO - Processing file /Library/Frameworks/Python.framework/Versions/3.11/lib/python3.11/site-packages/airflow/example_dags/example_params_ui_tutorial.py for tasks to queue
[2023-10-21T14:33:06.560+0200] {logging_mixin.py:151} INFO - [2023-10-21T14:33:06.560+0200] {dagbag.py:536} INFO - Filling up the DagBag from /Library/Frameworks/Python.framework/Versions/3.11/lib/python3.11/site-packages/airflow/example_dags/example_params_ui_tutorial.py
[2023-10-21T14:33:06.610+0200] {processor.py:839} INFO - DAG(s) dict_keys(['example_params_ui_tutorial']) retrieved from /Library/Frameworks/Python.framework/Versions/3.11/lib/python3.11/site-packages/airflow/example_dags/example_params_ui_tutorial.py
[2023-10-21T14:33:06.664+0200] {logging_mixin.py:151} INFO - [2023-10-21T14:33:06.664+0200] {dag.py:2941} INFO - Sync 1 DAGs
[2023-10-21T14:33:06.667+0200] {logging_mixin.py:151} INFO - [2023-10-21T14:33:06.667+0200] {dag.py:3722} INFO - Setting next_dagrun for example_params_ui_tutorial to None, run_after=None
[2023-10-21T14:33:06.674+0200] {processor.py:179} INFO - Processing /Library/Frameworks/Python.framework/Versions/3.11/lib/python3.11/site-packages/airflow/example_dags/example_params_ui_tutorial.py took 0.117 seconds
[2023-10-21T14:34:17.398+0200] {processor.py:157} INFO - Started process (PID=65916) to work on /Library/Frameworks/Python.framework/Versions/3.11/lib/python3.11/site-packages/airflow/example_dags/example_params_ui_tutorial.py
[2023-10-21T14:34:17.400+0200] {processor.py:829} INFO - Processing file /Library/Frameworks/Python.framework/Versions/3.11/lib/python3.11/site-packages/airflow/example_dags/example_params_ui_tutorial.py for tasks to queue
[2023-10-21T14:34:17.401+0200] {logging_mixin.py:151} INFO - [2023-10-21T14:34:17.401+0200] {dagbag.py:536} INFO - Filling up the DagBag from /Library/Frameworks/Python.framework/Versions/3.11/lib/python3.11/site-packages/airflow/example_dags/example_params_ui_tutorial.py
[2023-10-21T14:34:17.451+0200] {processor.py:839} INFO - DAG(s) dict_keys(['example_params_ui_tutorial']) retrieved from /Library/Frameworks/Python.framework/Versions/3.11/lib/python3.11/site-packages/airflow/example_dags/example_params_ui_tutorial.py
[2023-10-21T14:34:17.501+0200] {logging_mixin.py:151} INFO - [2023-10-21T14:34:17.501+0200] {dag.py:2941} INFO - Sync 1 DAGs
[2023-10-21T14:34:17.504+0200] {logging_mixin.py:151} INFO - [2023-10-21T14:34:17.504+0200] {dag.py:3722} INFO - Setting next_dagrun for example_params_ui_tutorial to None, run_after=None
[2023-10-21T14:34:17.510+0200] {processor.py:179} INFO - Processing /Library/Frameworks/Python.framework/Versions/3.11/lib/python3.11/site-packages/airflow/example_dags/example_params_ui_tutorial.py took 0.113 seconds
[2023-10-21T14:35:28.200+0200] {processor.py:157} INFO - Started process (PID=66092) to work on /Library/Frameworks/Python.framework/Versions/3.11/lib/python3.11/site-packages/airflow/example_dags/example_params_ui_tutorial.py
[2023-10-21T14:35:28.202+0200] {processor.py:829} INFO - Processing file /Library/Frameworks/Python.framework/Versions/3.11/lib/python3.11/site-packages/airflow/example_dags/example_params_ui_tutorial.py for tasks to queue
[2023-10-21T14:35:28.202+0200] {logging_mixin.py:151} INFO - [2023-10-21T14:35:28.202+0200] {dagbag.py:536} INFO - Filling up the DagBag from /Library/Frameworks/Python.framework/Versions/3.11/lib/python3.11/site-packages/airflow/example_dags/example_params_ui_tutorial.py
[2023-10-21T14:35:28.252+0200] {processor.py:839} INFO - DAG(s) dict_keys(['example_params_ui_tutorial']) retrieved from /Library/Frameworks/Python.framework/Versions/3.11/lib/python3.11/site-packages/airflow/example_dags/example_params_ui_tutorial.py
[2023-10-21T14:35:28.302+0200] {logging_mixin.py:151} INFO - [2023-10-21T14:35:28.302+0200] {dag.py:2941} INFO - Sync 1 DAGs
[2023-10-21T14:35:28.305+0200] {logging_mixin.py:151} INFO - [2023-10-21T14:35:28.305+0200] {dag.py:3722} INFO - Setting next_dagrun for example_params_ui_tutorial to None, run_after=None
[2023-10-21T14:35:28.311+0200] {processor.py:179} INFO - Processing /Library/Frameworks/Python.framework/Versions/3.11/lib/python3.11/site-packages/airflow/example_dags/example_params_ui_tutorial.py took 0.112 seconds
[2023-10-21T14:45:43.762+0200] {processor.py:157} INFO - Started process (PID=66988) to work on /Library/Frameworks/Python.framework/Versions/3.11/lib/python3.11/site-packages/airflow/example_dags/example_params_ui_tutorial.py
[2023-10-21T14:45:43.763+0200] {processor.py:829} INFO - Processing file /Library/Frameworks/Python.framework/Versions/3.11/lib/python3.11/site-packages/airflow/example_dags/example_params_ui_tutorial.py for tasks to queue
[2023-10-21T14:45:43.764+0200] {logging_mixin.py:151} INFO - [2023-10-21T14:45:43.764+0200] {dagbag.py:536} INFO - Filling up the DagBag from /Library/Frameworks/Python.framework/Versions/3.11/lib/python3.11/site-packages/airflow/example_dags/example_params_ui_tutorial.py
[2023-10-21T14:45:43.814+0200] {processor.py:839} INFO - DAG(s) dict_keys(['example_params_ui_tutorial']) retrieved from /Library/Frameworks/Python.framework/Versions/3.11/lib/python3.11/site-packages/airflow/example_dags/example_params_ui_tutorial.py
[2023-10-21T14:45:43.865+0200] {logging_mixin.py:151} INFO - [2023-10-21T14:45:43.865+0200] {dag.py:2941} INFO - Sync 1 DAGs
[2023-10-21T14:45:43.868+0200] {logging_mixin.py:151} INFO - [2023-10-21T14:45:43.868+0200] {dag.py:3722} INFO - Setting next_dagrun for example_params_ui_tutorial to None, run_after=None
[2023-10-21T14:45:43.874+0200] {processor.py:179} INFO - Processing /Library/Frameworks/Python.framework/Versions/3.11/lib/python3.11/site-packages/airflow/example_dags/example_params_ui_tutorial.py took 0.113 seconds
[2023-10-21T14:46:50.890+0200] {processor.py:157} INFO - Started process (PID=67160) to work on /Library/Frameworks/Python.framework/Versions/3.11/lib/python3.11/site-packages/airflow/example_dags/example_params_ui_tutorial.py
[2023-10-21T14:46:50.892+0200] {processor.py:829} INFO - Processing file /Library/Frameworks/Python.framework/Versions/3.11/lib/python3.11/site-packages/airflow/example_dags/example_params_ui_tutorial.py for tasks to queue
[2023-10-21T14:46:50.893+0200] {logging_mixin.py:151} INFO - [2023-10-21T14:46:50.893+0200] {dagbag.py:536} INFO - Filling up the DagBag from /Library/Frameworks/Python.framework/Versions/3.11/lib/python3.11/site-packages/airflow/example_dags/example_params_ui_tutorial.py
[2023-10-21T14:46:50.944+0200] {processor.py:839} INFO - DAG(s) dict_keys(['example_params_ui_tutorial']) retrieved from /Library/Frameworks/Python.framework/Versions/3.11/lib/python3.11/site-packages/airflow/example_dags/example_params_ui_tutorial.py
[2023-10-21T14:46:51.000+0200] {logging_mixin.py:151} INFO - [2023-10-21T14:46:51.000+0200] {dag.py:2941} INFO - Sync 1 DAGs
[2023-10-21T14:46:51.004+0200] {logging_mixin.py:151} INFO - [2023-10-21T14:46:51.003+0200] {dag.py:3722} INFO - Setting next_dagrun for example_params_ui_tutorial to None, run_after=None
[2023-10-21T14:46:51.014+0200] {processor.py:179} INFO - Processing /Library/Frameworks/Python.framework/Versions/3.11/lib/python3.11/site-packages/airflow/example_dags/example_params_ui_tutorial.py took 0.124 seconds
[2023-10-21T14:51:40.785+0200] {processor.py:157} INFO - Started process (PID=67763) to work on /Library/Frameworks/Python.framework/Versions/3.11/lib/python3.11/site-packages/airflow/example_dags/example_params_ui_tutorial.py
[2023-10-21T14:51:40.792+0200] {processor.py:829} INFO - Processing file /Library/Frameworks/Python.framework/Versions/3.11/lib/python3.11/site-packages/airflow/example_dags/example_params_ui_tutorial.py for tasks to queue
[2023-10-21T14:51:40.792+0200] {logging_mixin.py:151} INFO - [2023-10-21T14:51:40.792+0200] {dagbag.py:536} INFO - Filling up the DagBag from /Library/Frameworks/Python.framework/Versions/3.11/lib/python3.11/site-packages/airflow/example_dags/example_params_ui_tutorial.py
[2023-10-21T14:51:40.844+0200] {processor.py:839} INFO - DAG(s) dict_keys(['example_params_ui_tutorial']) retrieved from /Library/Frameworks/Python.framework/Versions/3.11/lib/python3.11/site-packages/airflow/example_dags/example_params_ui_tutorial.py
[2023-10-21T14:51:40.861+0200] {logging_mixin.py:151} INFO - [2023-10-21T14:51:40.861+0200] {dag.py:2941} INFO - Sync 1 DAGs
[2023-10-21T14:51:40.887+0200] {logging_mixin.py:151} INFO - [2023-10-21T14:51:40.887+0200] {dag.py:3722} INFO - Setting next_dagrun for example_params_ui_tutorial to None, run_after=None
[2023-10-21T14:51:40.893+0200] {processor.py:179} INFO - Processing /Library/Frameworks/Python.framework/Versions/3.11/lib/python3.11/site-packages/airflow/example_dags/example_params_ui_tutorial.py took 0.108 seconds
[2023-10-21T14:52:50.450+0200] {processor.py:157} INFO - Started process (PID=67907) to work on /Library/Frameworks/Python.framework/Versions/3.11/lib/python3.11/site-packages/airflow/example_dags/example_params_ui_tutorial.py
[2023-10-21T14:52:50.452+0200] {processor.py:829} INFO - Processing file /Library/Frameworks/Python.framework/Versions/3.11/lib/python3.11/site-packages/airflow/example_dags/example_params_ui_tutorial.py for tasks to queue
[2023-10-21T14:52:50.452+0200] {logging_mixin.py:151} INFO - [2023-10-21T14:52:50.452+0200] {dagbag.py:536} INFO - Filling up the DagBag from /Library/Frameworks/Python.framework/Versions/3.11/lib/python3.11/site-packages/airflow/example_dags/example_params_ui_tutorial.py
[2023-10-21T14:52:50.502+0200] {processor.py:839} INFO - DAG(s) dict_keys(['example_params_ui_tutorial']) retrieved from /Library/Frameworks/Python.framework/Versions/3.11/lib/python3.11/site-packages/airflow/example_dags/example_params_ui_tutorial.py
[2023-10-21T14:52:50.553+0200] {logging_mixin.py:151} INFO - [2023-10-21T14:52:50.553+0200] {dag.py:2941} INFO - Sync 1 DAGs
[2023-10-21T14:52:50.556+0200] {logging_mixin.py:151} INFO - [2023-10-21T14:52:50.556+0200] {dag.py:3722} INFO - Setting next_dagrun for example_params_ui_tutorial to None, run_after=None
[2023-10-21T14:52:50.562+0200] {processor.py:179} INFO - Processing /Library/Frameworks/Python.framework/Versions/3.11/lib/python3.11/site-packages/airflow/example_dags/example_params_ui_tutorial.py took 0.112 seconds
[2023-10-21T14:54:01.427+0200] {processor.py:157} INFO - Started process (PID=68041) to work on /Library/Frameworks/Python.framework/Versions/3.11/lib/python3.11/site-packages/airflow/example_dags/example_params_ui_tutorial.py
[2023-10-21T14:54:01.428+0200] {processor.py:829} INFO - Processing file /Library/Frameworks/Python.framework/Versions/3.11/lib/python3.11/site-packages/airflow/example_dags/example_params_ui_tutorial.py for tasks to queue
[2023-10-21T14:54:01.428+0200] {logging_mixin.py:151} INFO - [2023-10-21T14:54:01.428+0200] {dagbag.py:536} INFO - Filling up the DagBag from /Library/Frameworks/Python.framework/Versions/3.11/lib/python3.11/site-packages/airflow/example_dags/example_params_ui_tutorial.py
[2023-10-21T14:54:01.479+0200] {processor.py:839} INFO - DAG(s) dict_keys(['example_params_ui_tutorial']) retrieved from /Library/Frameworks/Python.framework/Versions/3.11/lib/python3.11/site-packages/airflow/example_dags/example_params_ui_tutorial.py
[2023-10-21T14:54:01.530+0200] {logging_mixin.py:151} INFO - [2023-10-21T14:54:01.530+0200] {dag.py:2941} INFO - Sync 1 DAGs
[2023-10-21T14:54:01.533+0200] {logging_mixin.py:151} INFO - [2023-10-21T14:54:01.532+0200] {dag.py:3722} INFO - Setting next_dagrun for example_params_ui_tutorial to None, run_after=None
[2023-10-21T14:54:01.539+0200] {processor.py:179} INFO - Processing /Library/Frameworks/Python.framework/Versions/3.11/lib/python3.11/site-packages/airflow/example_dags/example_params_ui_tutorial.py took 0.113 seconds
[2023-10-21T14:55:11.525+0200] {processor.py:157} INFO - Started process (PID=68191) to work on /Library/Frameworks/Python.framework/Versions/3.11/lib/python3.11/site-packages/airflow/example_dags/example_params_ui_tutorial.py
[2023-10-21T14:55:11.527+0200] {processor.py:829} INFO - Processing file /Library/Frameworks/Python.framework/Versions/3.11/lib/python3.11/site-packages/airflow/example_dags/example_params_ui_tutorial.py for tasks to queue
[2023-10-21T14:55:11.527+0200] {logging_mixin.py:151} INFO - [2023-10-21T14:55:11.527+0200] {dagbag.py:536} INFO - Filling up the DagBag from /Library/Frameworks/Python.framework/Versions/3.11/lib/python3.11/site-packages/airflow/example_dags/example_params_ui_tutorial.py
[2023-10-21T14:55:11.578+0200] {processor.py:839} INFO - DAG(s) dict_keys(['example_params_ui_tutorial']) retrieved from /Library/Frameworks/Python.framework/Versions/3.11/lib/python3.11/site-packages/airflow/example_dags/example_params_ui_tutorial.py
[2023-10-21T14:55:11.629+0200] {logging_mixin.py:151} INFO - [2023-10-21T14:55:11.629+0200] {dag.py:2941} INFO - Sync 1 DAGs
[2023-10-21T14:55:11.632+0200] {logging_mixin.py:151} INFO - [2023-10-21T14:55:11.632+0200] {dag.py:3722} INFO - Setting next_dagrun for example_params_ui_tutorial to None, run_after=None
[2023-10-21T14:55:11.638+0200] {processor.py:179} INFO - Processing /Library/Frameworks/Python.framework/Versions/3.11/lib/python3.11/site-packages/airflow/example_dags/example_params_ui_tutorial.py took 0.113 seconds
[2023-10-21T14:56:22.050+0200] {processor.py:157} INFO - Started process (PID=68337) to work on /Library/Frameworks/Python.framework/Versions/3.11/lib/python3.11/site-packages/airflow/example_dags/example_params_ui_tutorial.py
[2023-10-21T14:56:22.053+0200] {processor.py:829} INFO - Processing file /Library/Frameworks/Python.framework/Versions/3.11/lib/python3.11/site-packages/airflow/example_dags/example_params_ui_tutorial.py for tasks to queue
[2023-10-21T14:56:22.053+0200] {logging_mixin.py:151} INFO - [2023-10-21T14:56:22.053+0200] {dagbag.py:536} INFO - Filling up the DagBag from /Library/Frameworks/Python.framework/Versions/3.11/lib/python3.11/site-packages/airflow/example_dags/example_params_ui_tutorial.py
[2023-10-21T14:56:22.105+0200] {processor.py:839} INFO - DAG(s) dict_keys(['example_params_ui_tutorial']) retrieved from /Library/Frameworks/Python.framework/Versions/3.11/lib/python3.11/site-packages/airflow/example_dags/example_params_ui_tutorial.py
[2023-10-21T14:56:22.158+0200] {logging_mixin.py:151} INFO - [2023-10-21T14:56:22.158+0200] {dag.py:2941} INFO - Sync 1 DAGs
[2023-10-21T14:56:22.161+0200] {logging_mixin.py:151} INFO - [2023-10-21T14:56:22.161+0200] {dag.py:3722} INFO - Setting next_dagrun for example_params_ui_tutorial to None, run_after=None
[2023-10-21T14:56:22.167+0200] {processor.py:179} INFO - Processing /Library/Frameworks/Python.framework/Versions/3.11/lib/python3.11/site-packages/airflow/example_dags/example_params_ui_tutorial.py took 0.117 seconds
