[2023-10-21T14:28:14.660+0200] {processor.py:157} INFO - Started process (PID=65080) to work on /Library/Frameworks/Python.framework/Versions/3.11/lib/python3.11/site-packages/airflow/example_dags/example_sensor_decorator.py
[2023-10-21T14:28:14.662+0200] {processor.py:829} INFO - Processing file /Library/Frameworks/Python.framework/Versions/3.11/lib/python3.11/site-packages/airflow/example_dags/example_sensor_decorator.py for tasks to queue
[2023-10-21T14:28:14.662+0200] {logging_mixin.py:151} INFO - [2023-10-21T14:28:14.662+0200] {dagbag.py:536} INFO - Filling up the DagBag from /Library/Frameworks/Python.framework/Versions/3.11/lib/python3.11/site-packages/airflow/example_dags/example_sensor_decorator.py
[2023-10-21T14:28:14.683+0200] {processor.py:839} INFO - DAG(s) dict_keys(['example_sensor_decorator']) retrieved from /Library/Frameworks/Python.framework/Versions/3.11/lib/python3.11/site-packages/airflow/example_dags/example_sensor_decorator.py
[2023-10-21T14:28:14.996+0200] {logging_mixin.py:151} INFO - [2023-10-21T14:28:14.996+0200] {dag.py:2941} INFO - Sync 1 DAGs
[2023-10-21T14:28:14.999+0200] {logging_mixin.py:151} INFO - [2023-10-21T14:28:14.999+0200] {dag.py:3722} INFO - Setting next_dagrun for example_sensor_decorator to None, run_after=None
[2023-10-21T14:28:15.008+0200] {processor.py:179} INFO - Processing /Library/Frameworks/Python.framework/Versions/3.11/lib/python3.11/site-packages/airflow/example_dags/example_sensor_decorator.py took 0.348 seconds
[2023-10-21T14:29:27.813+0200] {processor.py:157} INFO - Started process (PID=65241) to work on /Library/Frameworks/Python.framework/Versions/3.11/lib/python3.11/site-packages/airflow/example_dags/example_sensor_decorator.py
[2023-10-21T14:29:27.816+0200] {processor.py:829} INFO - Processing file /Library/Frameworks/Python.framework/Versions/3.11/lib/python3.11/site-packages/airflow/example_dags/example_sensor_decorator.py for tasks to queue
[2023-10-21T14:29:27.816+0200] {logging_mixin.py:151} INFO - [2023-10-21T14:29:27.816+0200] {dagbag.py:536} INFO - Filling up the DagBag from /Library/Frameworks/Python.framework/Versions/3.11/lib/python3.11/site-packages/airflow/example_dags/example_sensor_decorator.py
[2023-10-21T14:29:27.835+0200] {processor.py:839} INFO - DAG(s) dict_keys(['example_sensor_decorator']) retrieved from /Library/Frameworks/Python.framework/Versions/3.11/lib/python3.11/site-packages/airflow/example_dags/example_sensor_decorator.py
[2023-10-21T14:29:27.908+0200] {logging_mixin.py:151} INFO - [2023-10-21T14:29:27.908+0200] {dag.py:2941} INFO - Sync 1 DAGs
[2023-10-21T14:29:27.911+0200] {logging_mixin.py:151} INFO - [2023-10-21T14:29:27.911+0200] {dag.py:3722} INFO - Setting next_dagrun for example_sensor_decorator to None, run_after=None
[2023-10-21T14:29:27.917+0200] {processor.py:179} INFO - Processing /Library/Frameworks/Python.framework/Versions/3.11/lib/python3.11/site-packages/airflow/example_dags/example_sensor_decorator.py took 0.104 seconds
[2023-10-21T14:30:39.103+0200] {processor.py:157} INFO - Started process (PID=65383) to work on /Library/Frameworks/Python.framework/Versions/3.11/lib/python3.11/site-packages/airflow/example_dags/example_sensor_decorator.py
[2023-10-21T14:30:39.105+0200] {processor.py:829} INFO - Processing file /Library/Frameworks/Python.framework/Versions/3.11/lib/python3.11/site-packages/airflow/example_dags/example_sensor_decorator.py for tasks to queue
[2023-10-21T14:30:39.105+0200] {logging_mixin.py:151} INFO - [2023-10-21T14:30:39.105+0200] {dagbag.py:536} INFO - Filling up the DagBag from /Library/Frameworks/Python.framework/Versions/3.11/lib/python3.11/site-packages/airflow/example_dags/example_sensor_decorator.py
[2023-10-21T14:30:39.125+0200] {processor.py:839} INFO - DAG(s) dict_keys(['example_sensor_decorator']) retrieved from /Library/Frameworks/Python.framework/Versions/3.11/lib/python3.11/site-packages/airflow/example_dags/example_sensor_decorator.py
[2023-10-21T14:30:39.201+0200] {logging_mixin.py:151} INFO - [2023-10-21T14:30:39.201+0200] {dag.py:2941} INFO - Sync 1 DAGs
[2023-10-21T14:30:39.204+0200] {logging_mixin.py:151} INFO - [2023-10-21T14:30:39.204+0200] {dag.py:3722} INFO - Setting next_dagrun for example_sensor_decorator to None, run_after=None
[2023-10-21T14:30:39.210+0200] {processor.py:179} INFO - Processing /Library/Frameworks/Python.framework/Versions/3.11/lib/python3.11/site-packages/airflow/example_dags/example_sensor_decorator.py took 0.108 seconds
[2023-10-21T14:31:51.149+0200] {processor.py:157} INFO - Started process (PID=65532) to work on /Library/Frameworks/Python.framework/Versions/3.11/lib/python3.11/site-packages/airflow/example_dags/example_sensor_decorator.py
[2023-10-21T14:31:51.152+0200] {processor.py:829} INFO - Processing file /Library/Frameworks/Python.framework/Versions/3.11/lib/python3.11/site-packages/airflow/example_dags/example_sensor_decorator.py for tasks to queue
[2023-10-21T14:31:51.152+0200] {logging_mixin.py:151} INFO - [2023-10-21T14:31:51.152+0200] {dagbag.py:536} INFO - Filling up the DagBag from /Library/Frameworks/Python.framework/Versions/3.11/lib/python3.11/site-packages/airflow/example_dags/example_sensor_decorator.py
[2023-10-21T14:31:51.170+0200] {processor.py:839} INFO - DAG(s) dict_keys(['example_sensor_decorator']) retrieved from /Library/Frameworks/Python.framework/Versions/3.11/lib/python3.11/site-packages/airflow/example_dags/example_sensor_decorator.py
[2023-10-21T14:31:51.247+0200] {logging_mixin.py:151} INFO - [2023-10-21T14:31:51.247+0200] {dag.py:2941} INFO - Sync 1 DAGs
[2023-10-21T14:31:51.250+0200] {logging_mixin.py:151} INFO - [2023-10-21T14:31:51.250+0200] {dag.py:3722} INFO - Setting next_dagrun for example_sensor_decorator to None, run_after=None
[2023-10-21T14:31:51.257+0200] {processor.py:179} INFO - Processing /Library/Frameworks/Python.framework/Versions/3.11/lib/python3.11/site-packages/airflow/example_dags/example_sensor_decorator.py took 0.108 seconds
[2023-10-21T14:33:03.167+0200] {processor.py:157} INFO - Started process (PID=65692) to work on /Library/Frameworks/Python.framework/Versions/3.11/lib/python3.11/site-packages/airflow/example_dags/example_sensor_decorator.py
[2023-10-21T14:33:03.169+0200] {processor.py:829} INFO - Processing file /Library/Frameworks/Python.framework/Versions/3.11/lib/python3.11/site-packages/airflow/example_dags/example_sensor_decorator.py for tasks to queue
[2023-10-21T14:33:03.170+0200] {logging_mixin.py:151} INFO - [2023-10-21T14:33:03.170+0200] {dagbag.py:536} INFO - Filling up the DagBag from /Library/Frameworks/Python.framework/Versions/3.11/lib/python3.11/site-packages/airflow/example_dags/example_sensor_decorator.py
[2023-10-21T14:33:03.190+0200] {processor.py:839} INFO - DAG(s) dict_keys(['example_sensor_decorator']) retrieved from /Library/Frameworks/Python.framework/Versions/3.11/lib/python3.11/site-packages/airflow/example_dags/example_sensor_decorator.py
[2023-10-21T14:33:03.273+0200] {logging_mixin.py:151} INFO - [2023-10-21T14:33:03.273+0200] {dag.py:2941} INFO - Sync 1 DAGs
[2023-10-21T14:33:03.277+0200] {logging_mixin.py:151} INFO - [2023-10-21T14:33:03.277+0200] {dag.py:3722} INFO - Setting next_dagrun for example_sensor_decorator to None, run_after=None
[2023-10-21T14:33:03.283+0200] {processor.py:179} INFO - Processing /Library/Frameworks/Python.framework/Versions/3.11/lib/python3.11/site-packages/airflow/example_dags/example_sensor_decorator.py took 0.116 seconds
[2023-10-21T14:34:13.417+0200] {processor.py:157} INFO - Started process (PID=65908) to work on /Library/Frameworks/Python.framework/Versions/3.11/lib/python3.11/site-packages/airflow/example_dags/example_sensor_decorator.py
[2023-10-21T14:34:13.420+0200] {processor.py:829} INFO - Processing file /Library/Frameworks/Python.framework/Versions/3.11/lib/python3.11/site-packages/airflow/example_dags/example_sensor_decorator.py for tasks to queue
[2023-10-21T14:34:13.420+0200] {logging_mixin.py:151} INFO - [2023-10-21T14:34:13.420+0200] {dagbag.py:536} INFO - Filling up the DagBag from /Library/Frameworks/Python.framework/Versions/3.11/lib/python3.11/site-packages/airflow/example_dags/example_sensor_decorator.py
[2023-10-21T14:34:13.440+0200] {processor.py:839} INFO - DAG(s) dict_keys(['example_sensor_decorator']) retrieved from /Library/Frameworks/Python.framework/Versions/3.11/lib/python3.11/site-packages/airflow/example_dags/example_sensor_decorator.py
[2023-10-21T14:34:13.518+0200] {logging_mixin.py:151} INFO - [2023-10-21T14:34:13.518+0200] {dag.py:2941} INFO - Sync 1 DAGs
[2023-10-21T14:34:13.521+0200] {logging_mixin.py:151} INFO - [2023-10-21T14:34:13.521+0200] {dag.py:3722} INFO - Setting next_dagrun for example_sensor_decorator to None, run_after=None
[2023-10-21T14:34:13.527+0200] {processor.py:179} INFO - Processing /Library/Frameworks/Python.framework/Versions/3.11/lib/python3.11/site-packages/airflow/example_dags/example_sensor_decorator.py took 0.110 seconds
[2023-10-21T14:35:23.513+0200] {processor.py:157} INFO - Started process (PID=66082) to work on /Library/Frameworks/Python.framework/Versions/3.11/lib/python3.11/site-packages/airflow/example_dags/example_sensor_decorator.py
[2023-10-21T14:35:23.515+0200] {processor.py:829} INFO - Processing file /Library/Frameworks/Python.framework/Versions/3.11/lib/python3.11/site-packages/airflow/example_dags/example_sensor_decorator.py for tasks to queue
[2023-10-21T14:35:23.515+0200] {logging_mixin.py:151} INFO - [2023-10-21T14:35:23.515+0200] {dagbag.py:536} INFO - Filling up the DagBag from /Library/Frameworks/Python.framework/Versions/3.11/lib/python3.11/site-packages/airflow/example_dags/example_sensor_decorator.py
[2023-10-21T14:35:23.536+0200] {processor.py:839} INFO - DAG(s) dict_keys(['example_sensor_decorator']) retrieved from /Library/Frameworks/Python.framework/Versions/3.11/lib/python3.11/site-packages/airflow/example_dags/example_sensor_decorator.py
[2023-10-21T14:35:23.623+0200] {logging_mixin.py:151} INFO - [2023-10-21T14:35:23.623+0200] {dag.py:2941} INFO - Sync 1 DAGs
[2023-10-21T14:35:23.627+0200] {logging_mixin.py:151} INFO - [2023-10-21T14:35:23.627+0200] {dag.py:3722} INFO - Setting next_dagrun for example_sensor_decorator to None, run_after=None
[2023-10-21T14:35:23.634+0200] {processor.py:179} INFO - Processing /Library/Frameworks/Python.framework/Versions/3.11/lib/python3.11/site-packages/airflow/example_dags/example_sensor_decorator.py took 0.121 seconds
[2023-10-21T14:45:38.814+0200] {processor.py:157} INFO - Started process (PID=66979) to work on /Library/Frameworks/Python.framework/Versions/3.11/lib/python3.11/site-packages/airflow/example_dags/example_sensor_decorator.py
[2023-10-21T14:45:38.815+0200] {processor.py:829} INFO - Processing file /Library/Frameworks/Python.framework/Versions/3.11/lib/python3.11/site-packages/airflow/example_dags/example_sensor_decorator.py for tasks to queue
[2023-10-21T14:45:38.816+0200] {logging_mixin.py:151} INFO - [2023-10-21T14:45:38.816+0200] {dagbag.py:536} INFO - Filling up the DagBag from /Library/Frameworks/Python.framework/Versions/3.11/lib/python3.11/site-packages/airflow/example_dags/example_sensor_decorator.py
[2023-10-21T14:45:38.834+0200] {processor.py:839} INFO - DAG(s) dict_keys(['example_sensor_decorator']) retrieved from /Library/Frameworks/Python.framework/Versions/3.11/lib/python3.11/site-packages/airflow/example_dags/example_sensor_decorator.py
[2023-10-21T14:45:38.907+0200] {logging_mixin.py:151} INFO - [2023-10-21T14:45:38.907+0200] {dag.py:2941} INFO - Sync 1 DAGs
[2023-10-21T14:45:38.910+0200] {logging_mixin.py:151} INFO - [2023-10-21T14:45:38.910+0200] {dag.py:3722} INFO - Setting next_dagrun for example_sensor_decorator to None, run_after=None
[2023-10-21T14:45:38.917+0200] {processor.py:179} INFO - Processing /Library/Frameworks/Python.framework/Versions/3.11/lib/python3.11/site-packages/airflow/example_dags/example_sensor_decorator.py took 0.103 seconds
[2023-10-21T14:46:43.017+0200] {processor.py:157} INFO - Started process (PID=67112) to work on /Library/Frameworks/Python.framework/Versions/3.11/lib/python3.11/site-packages/airflow/example_dags/example_sensor_decorator.py
[2023-10-21T14:46:43.020+0200] {processor.py:829} INFO - Processing file /Library/Frameworks/Python.framework/Versions/3.11/lib/python3.11/site-packages/airflow/example_dags/example_sensor_decorator.py for tasks to queue
[2023-10-21T14:46:43.020+0200] {logging_mixin.py:151} INFO - [2023-10-21T14:46:43.020+0200] {dagbag.py:536} INFO - Filling up the DagBag from /Library/Frameworks/Python.framework/Versions/3.11/lib/python3.11/site-packages/airflow/example_dags/example_sensor_decorator.py
[2023-10-21T14:46:43.039+0200] {processor.py:839} INFO - DAG(s) dict_keys(['example_sensor_decorator']) retrieved from /Library/Frameworks/Python.framework/Versions/3.11/lib/python3.11/site-packages/airflow/example_dags/example_sensor_decorator.py
[2023-10-21T14:46:43.113+0200] {logging_mixin.py:151} INFO - [2023-10-21T14:46:43.112+0200] {dag.py:2941} INFO - Sync 1 DAGs
[2023-10-21T14:46:43.116+0200] {logging_mixin.py:151} INFO - [2023-10-21T14:46:43.115+0200] {dag.py:3722} INFO - Setting next_dagrun for example_sensor_decorator to None, run_after=None
[2023-10-21T14:46:43.125+0200] {processor.py:179} INFO - Processing /Library/Frameworks/Python.framework/Versions/3.11/lib/python3.11/site-packages/airflow/example_dags/example_sensor_decorator.py took 0.108 seconds
[2023-10-21T14:51:36.005+0200] {processor.py:157} INFO - Started process (PID=67754) to work on /Library/Frameworks/Python.framework/Versions/3.11/lib/python3.11/site-packages/airflow/example_dags/example_sensor_decorator.py
[2023-10-21T14:51:36.007+0200] {processor.py:829} INFO - Processing file /Library/Frameworks/Python.framework/Versions/3.11/lib/python3.11/site-packages/airflow/example_dags/example_sensor_decorator.py for tasks to queue
[2023-10-21T14:51:36.008+0200] {logging_mixin.py:151} INFO - [2023-10-21T14:51:36.008+0200] {dagbag.py:536} INFO - Filling up the DagBag from /Library/Frameworks/Python.framework/Versions/3.11/lib/python3.11/site-packages/airflow/example_dags/example_sensor_decorator.py
[2023-10-21T14:51:36.027+0200] {processor.py:839} INFO - DAG(s) dict_keys(['example_sensor_decorator']) retrieved from /Library/Frameworks/Python.framework/Versions/3.11/lib/python3.11/site-packages/airflow/example_dags/example_sensor_decorator.py
[2023-10-21T14:51:36.045+0200] {logging_mixin.py:151} INFO - [2023-10-21T14:51:36.045+0200] {dag.py:2941} INFO - Sync 1 DAGs
[2023-10-21T14:51:36.070+0200] {logging_mixin.py:151} INFO - [2023-10-21T14:51:36.070+0200] {dag.py:3722} INFO - Setting next_dagrun for example_sensor_decorator to None, run_after=None
[2023-10-21T14:51:36.077+0200] {processor.py:179} INFO - Processing /Library/Frameworks/Python.framework/Versions/3.11/lib/python3.11/site-packages/airflow/example_dags/example_sensor_decorator.py took 0.073 seconds
[2023-10-21T14:52:41.017+0200] {processor.py:157} INFO - Started process (PID=67889) to work on /Library/Frameworks/Python.framework/Versions/3.11/lib/python3.11/site-packages/airflow/example_dags/example_sensor_decorator.py
[2023-10-21T14:52:41.019+0200] {processor.py:829} INFO - Processing file /Library/Frameworks/Python.framework/Versions/3.11/lib/python3.11/site-packages/airflow/example_dags/example_sensor_decorator.py for tasks to queue
[2023-10-21T14:52:41.019+0200] {logging_mixin.py:151} INFO - [2023-10-21T14:52:41.019+0200] {dagbag.py:536} INFO - Filling up the DagBag from /Library/Frameworks/Python.framework/Versions/3.11/lib/python3.11/site-packages/airflow/example_dags/example_sensor_decorator.py
[2023-10-21T14:52:41.041+0200] {processor.py:839} INFO - DAG(s) dict_keys(['example_sensor_decorator']) retrieved from /Library/Frameworks/Python.framework/Versions/3.11/lib/python3.11/site-packages/airflow/example_dags/example_sensor_decorator.py
[2023-10-21T14:52:41.126+0200] {logging_mixin.py:151} INFO - [2023-10-21T14:52:41.126+0200] {dag.py:2941} INFO - Sync 1 DAGs
[2023-10-21T14:52:41.130+0200] {logging_mixin.py:151} INFO - [2023-10-21T14:52:41.130+0200] {dag.py:3722} INFO - Setting next_dagrun for example_sensor_decorator to None, run_after=None
[2023-10-21T14:52:41.137+0200] {processor.py:179} INFO - Processing /Library/Frameworks/Python.framework/Versions/3.11/lib/python3.11/site-packages/airflow/example_dags/example_sensor_decorator.py took 0.120 seconds
[2023-10-21T14:53:51.846+0200] {processor.py:157} INFO - Started process (PID=68024) to work on /Library/Frameworks/Python.framework/Versions/3.11/lib/python3.11/site-packages/airflow/example_dags/example_sensor_decorator.py
[2023-10-21T14:53:51.847+0200] {processor.py:829} INFO - Processing file /Library/Frameworks/Python.framework/Versions/3.11/lib/python3.11/site-packages/airflow/example_dags/example_sensor_decorator.py for tasks to queue
[2023-10-21T14:53:51.847+0200] {logging_mixin.py:151} INFO - [2023-10-21T14:53:51.847+0200] {dagbag.py:536} INFO - Filling up the DagBag from /Library/Frameworks/Python.framework/Versions/3.11/lib/python3.11/site-packages/airflow/example_dags/example_sensor_decorator.py
[2023-10-21T14:53:51.866+0200] {processor.py:839} INFO - DAG(s) dict_keys(['example_sensor_decorator']) retrieved from /Library/Frameworks/Python.framework/Versions/3.11/lib/python3.11/site-packages/airflow/example_dags/example_sensor_decorator.py
[2023-10-21T14:53:51.941+0200] {logging_mixin.py:151} INFO - [2023-10-21T14:53:51.941+0200] {dag.py:2941} INFO - Sync 1 DAGs
[2023-10-21T14:53:51.944+0200] {logging_mixin.py:151} INFO - [2023-10-21T14:53:51.944+0200] {dag.py:3722} INFO - Setting next_dagrun for example_sensor_decorator to None, run_after=None
[2023-10-21T14:53:51.951+0200] {processor.py:179} INFO - Processing /Library/Frameworks/Python.framework/Versions/3.11/lib/python3.11/site-packages/airflow/example_dags/example_sensor_decorator.py took 0.106 seconds
[2023-10-21T14:55:02.928+0200] {processor.py:157} INFO - Started process (PID=68177) to work on /Library/Frameworks/Python.framework/Versions/3.11/lib/python3.11/site-packages/airflow/example_dags/example_sensor_decorator.py
[2023-10-21T14:55:02.931+0200] {processor.py:829} INFO - Processing file /Library/Frameworks/Python.framework/Versions/3.11/lib/python3.11/site-packages/airflow/example_dags/example_sensor_decorator.py for tasks to queue
[2023-10-21T14:55:02.931+0200] {logging_mixin.py:151} INFO - [2023-10-21T14:55:02.931+0200] {dagbag.py:536} INFO - Filling up the DagBag from /Library/Frameworks/Python.framework/Versions/3.11/lib/python3.11/site-packages/airflow/example_dags/example_sensor_decorator.py
[2023-10-21T14:55:02.950+0200] {processor.py:839} INFO - DAG(s) dict_keys(['example_sensor_decorator']) retrieved from /Library/Frameworks/Python.framework/Versions/3.11/lib/python3.11/site-packages/airflow/example_dags/example_sensor_decorator.py
[2023-10-21T14:55:03.023+0200] {logging_mixin.py:151} INFO - [2023-10-21T14:55:03.023+0200] {dag.py:2941} INFO - Sync 1 DAGs
[2023-10-21T14:55:03.026+0200] {logging_mixin.py:151} INFO - [2023-10-21T14:55:03.026+0200] {dag.py:3722} INFO - Setting next_dagrun for example_sensor_decorator to None, run_after=None
[2023-10-21T14:55:03.032+0200] {processor.py:179} INFO - Processing /Library/Frameworks/Python.framework/Versions/3.11/lib/python3.11/site-packages/airflow/example_dags/example_sensor_decorator.py took 0.104 seconds
[2023-10-21T14:56:11.935+0200] {processor.py:157} INFO - Started process (PID=68318) to work on /Library/Frameworks/Python.framework/Versions/3.11/lib/python3.11/site-packages/airflow/example_dags/example_sensor_decorator.py
[2023-10-21T14:56:11.937+0200] {processor.py:829} INFO - Processing file /Library/Frameworks/Python.framework/Versions/3.11/lib/python3.11/site-packages/airflow/example_dags/example_sensor_decorator.py for tasks to queue
[2023-10-21T14:56:11.937+0200] {logging_mixin.py:151} INFO - [2023-10-21T14:56:11.937+0200] {dagbag.py:536} INFO - Filling up the DagBag from /Library/Frameworks/Python.framework/Versions/3.11/lib/python3.11/site-packages/airflow/example_dags/example_sensor_decorator.py
[2023-10-21T14:56:11.956+0200] {processor.py:839} INFO - DAG(s) dict_keys(['example_sensor_decorator']) retrieved from /Library/Frameworks/Python.framework/Versions/3.11/lib/python3.11/site-packages/airflow/example_dags/example_sensor_decorator.py
[2023-10-21T14:56:12.034+0200] {logging_mixin.py:151} INFO - [2023-10-21T14:56:12.034+0200] {dag.py:2941} INFO - Sync 1 DAGs
[2023-10-21T14:56:12.038+0200] {logging_mixin.py:151} INFO - [2023-10-21T14:56:12.037+0200] {dag.py:3722} INFO - Setting next_dagrun for example_sensor_decorator to None, run_after=None
[2023-10-21T14:56:12.045+0200] {processor.py:179} INFO - Processing /Library/Frameworks/Python.framework/Versions/3.11/lib/python3.11/site-packages/airflow/example_dags/example_sensor_decorator.py took 0.110 seconds
