[2023-10-21T14:28:24.412+0200] {processor.py:157} INFO - Started process (PID=65099) to work on /Library/Frameworks/Python.framework/Versions/3.11/lib/python3.11/site-packages/airflow/example_dags/example_nested_branch_dag.py
[2023-10-21T14:28:24.414+0200] {processor.py:829} INFO - Processing file /Library/Frameworks/Python.framework/Versions/3.11/lib/python3.11/site-packages/airflow/example_dags/example_nested_branch_dag.py for tasks to queue
[2023-10-21T14:28:24.414+0200] {logging_mixin.py:151} INFO - [2023-10-21T14:28:24.414+0200] {dagbag.py:536} INFO - Filling up the DagBag from /Library/Frameworks/Python.framework/Versions/3.11/lib/python3.11/site-packages/airflow/example_dags/example_nested_branch_dag.py
[2023-10-21T14:28:24.435+0200] {processor.py:839} INFO - DAG(s) dict_keys(['example_nested_branch_dag']) retrieved from /Library/Frameworks/Python.framework/Versions/3.11/lib/python3.11/site-packages/airflow/example_dags/example_nested_branch_dag.py
[2023-10-21T14:28:24.732+0200] {logging_mixin.py:151} INFO - [2023-10-21T14:28:24.732+0200] {dag.py:2941} INFO - Sync 1 DAGs
[2023-10-21T14:28:24.737+0200] {logging_mixin.py:151} INFO - [2023-10-21T14:28:24.737+0200] {dag.py:3722} INFO - Setting next_dagrun for example_nested_branch_dag to 2023-10-20T00:00:00+00:00, run_after=2023-10-21T00:00:00+00:00
[2023-10-21T14:28:24.745+0200] {processor.py:179} INFO - Processing /Library/Frameworks/Python.framework/Versions/3.11/lib/python3.11/site-packages/airflow/example_dags/example_nested_branch_dag.py took 0.333 seconds
[2023-10-21T14:29:45.587+0200] {processor.py:157} INFO - Started process (PID=65281) to work on /Library/Frameworks/Python.framework/Versions/3.11/lib/python3.11/site-packages/airflow/example_dags/example_nested_branch_dag.py
[2023-10-21T14:29:45.589+0200] {processor.py:829} INFO - Processing file /Library/Frameworks/Python.framework/Versions/3.11/lib/python3.11/site-packages/airflow/example_dags/example_nested_branch_dag.py for tasks to queue
[2023-10-21T14:29:45.589+0200] {logging_mixin.py:151} INFO - [2023-10-21T14:29:45.589+0200] {dagbag.py:536} INFO - Filling up the DagBag from /Library/Frameworks/Python.framework/Versions/3.11/lib/python3.11/site-packages/airflow/example_dags/example_nested_branch_dag.py
[2023-10-21T14:29:45.609+0200] {processor.py:839} INFO - DAG(s) dict_keys(['example_nested_branch_dag']) retrieved from /Library/Frameworks/Python.framework/Versions/3.11/lib/python3.11/site-packages/airflow/example_dags/example_nested_branch_dag.py
[2023-10-21T14:29:45.679+0200] {logging_mixin.py:151} INFO - [2023-10-21T14:29:45.679+0200] {dag.py:2941} INFO - Sync 1 DAGs
[2023-10-21T14:29:45.684+0200] {logging_mixin.py:151} INFO - [2023-10-21T14:29:45.684+0200] {dag.py:3722} INFO - Setting next_dagrun for example_nested_branch_dag to 2023-10-20T00:00:00+00:00, run_after=2023-10-21T00:00:00+00:00
[2023-10-21T14:29:45.690+0200] {processor.py:179} INFO - Processing /Library/Frameworks/Python.framework/Versions/3.11/lib/python3.11/site-packages/airflow/example_dags/example_nested_branch_dag.py took 0.104 seconds
[2023-10-21T14:30:55.938+0200] {processor.py:157} INFO - Started process (PID=65419) to work on /Library/Frameworks/Python.framework/Versions/3.11/lib/python3.11/site-packages/airflow/example_dags/example_nested_branch_dag.py
[2023-10-21T14:30:55.940+0200] {processor.py:829} INFO - Processing file /Library/Frameworks/Python.framework/Versions/3.11/lib/python3.11/site-packages/airflow/example_dags/example_nested_branch_dag.py for tasks to queue
[2023-10-21T14:30:55.940+0200] {logging_mixin.py:151} INFO - [2023-10-21T14:30:55.940+0200] {dagbag.py:536} INFO - Filling up the DagBag from /Library/Frameworks/Python.framework/Versions/3.11/lib/python3.11/site-packages/airflow/example_dags/example_nested_branch_dag.py
[2023-10-21T14:30:55.959+0200] {processor.py:839} INFO - DAG(s) dict_keys(['example_nested_branch_dag']) retrieved from /Library/Frameworks/Python.framework/Versions/3.11/lib/python3.11/site-packages/airflow/example_dags/example_nested_branch_dag.py
[2023-10-21T14:30:55.976+0200] {logging_mixin.py:151} INFO - [2023-10-21T14:30:55.976+0200] {dag.py:2941} INFO - Sync 1 DAGs
[2023-10-21T14:30:56.004+0200] {logging_mixin.py:151} INFO - [2023-10-21T14:30:56.004+0200] {dag.py:3722} INFO - Setting next_dagrun for example_nested_branch_dag to 2023-10-20T00:00:00+00:00, run_after=2023-10-21T00:00:00+00:00
[2023-10-21T14:30:56.010+0200] {processor.py:179} INFO - Processing /Library/Frameworks/Python.framework/Versions/3.11/lib/python3.11/site-packages/airflow/example_dags/example_nested_branch_dag.py took 0.073 seconds
[2023-10-21T14:32:09.112+0200] {processor.py:157} INFO - Started process (PID=65574) to work on /Library/Frameworks/Python.framework/Versions/3.11/lib/python3.11/site-packages/airflow/example_dags/example_nested_branch_dag.py
[2023-10-21T14:32:09.114+0200] {processor.py:829} INFO - Processing file /Library/Frameworks/Python.framework/Versions/3.11/lib/python3.11/site-packages/airflow/example_dags/example_nested_branch_dag.py for tasks to queue
[2023-10-21T14:32:09.115+0200] {logging_mixin.py:151} INFO - [2023-10-21T14:32:09.114+0200] {dagbag.py:536} INFO - Filling up the DagBag from /Library/Frameworks/Python.framework/Versions/3.11/lib/python3.11/site-packages/airflow/example_dags/example_nested_branch_dag.py
[2023-10-21T14:32:09.136+0200] {processor.py:839} INFO - DAG(s) dict_keys(['example_nested_branch_dag']) retrieved from /Library/Frameworks/Python.framework/Versions/3.11/lib/python3.11/site-packages/airflow/example_dags/example_nested_branch_dag.py
[2023-10-21T14:32:09.210+0200] {logging_mixin.py:151} INFO - [2023-10-21T14:32:09.210+0200] {dag.py:2941} INFO - Sync 1 DAGs
[2023-10-21T14:32:09.217+0200] {logging_mixin.py:151} INFO - [2023-10-21T14:32:09.216+0200] {dag.py:3722} INFO - Setting next_dagrun for example_nested_branch_dag to 2023-10-20T00:00:00+00:00, run_after=2023-10-21T00:00:00+00:00
[2023-10-21T14:32:09.223+0200] {processor.py:179} INFO - Processing /Library/Frameworks/Python.framework/Versions/3.11/lib/python3.11/site-packages/airflow/example_dags/example_nested_branch_dag.py took 0.112 seconds
[2023-10-21T14:33:19.508+0200] {processor.py:157} INFO - Started process (PID=65725) to work on /Library/Frameworks/Python.framework/Versions/3.11/lib/python3.11/site-packages/airflow/example_dags/example_nested_branch_dag.py
[2023-10-21T14:33:19.510+0200] {processor.py:829} INFO - Processing file /Library/Frameworks/Python.framework/Versions/3.11/lib/python3.11/site-packages/airflow/example_dags/example_nested_branch_dag.py for tasks to queue
[2023-10-21T14:33:19.510+0200] {logging_mixin.py:151} INFO - [2023-10-21T14:33:19.510+0200] {dagbag.py:536} INFO - Filling up the DagBag from /Library/Frameworks/Python.framework/Versions/3.11/lib/python3.11/site-packages/airflow/example_dags/example_nested_branch_dag.py
[2023-10-21T14:33:19.532+0200] {processor.py:839} INFO - DAG(s) dict_keys(['example_nested_branch_dag']) retrieved from /Library/Frameworks/Python.framework/Versions/3.11/lib/python3.11/site-packages/airflow/example_dags/example_nested_branch_dag.py
[2023-10-21T14:33:19.604+0200] {logging_mixin.py:151} INFO - [2023-10-21T14:33:19.604+0200] {dag.py:2941} INFO - Sync 1 DAGs
[2023-10-21T14:33:19.609+0200] {logging_mixin.py:151} INFO - [2023-10-21T14:33:19.609+0200] {dag.py:3722} INFO - Setting next_dagrun for example_nested_branch_dag to 2023-10-20T00:00:00+00:00, run_after=2023-10-21T00:00:00+00:00
[2023-10-21T14:33:19.615+0200] {processor.py:179} INFO - Processing /Library/Frameworks/Python.framework/Versions/3.11/lib/python3.11/site-packages/airflow/example_dags/example_nested_branch_dag.py took 0.108 seconds
[2023-10-21T14:34:30.260+0200] {processor.py:157} INFO - Started process (PID=65938) to work on /Library/Frameworks/Python.framework/Versions/3.11/lib/python3.11/site-packages/airflow/example_dags/example_nested_branch_dag.py
[2023-10-21T14:34:30.262+0200] {processor.py:829} INFO - Processing file /Library/Frameworks/Python.framework/Versions/3.11/lib/python3.11/site-packages/airflow/example_dags/example_nested_branch_dag.py for tasks to queue
[2023-10-21T14:34:30.262+0200] {logging_mixin.py:151} INFO - [2023-10-21T14:34:30.262+0200] {dagbag.py:536} INFO - Filling up the DagBag from /Library/Frameworks/Python.framework/Versions/3.11/lib/python3.11/site-packages/airflow/example_dags/example_nested_branch_dag.py
[2023-10-21T14:34:30.282+0200] {processor.py:839} INFO - DAG(s) dict_keys(['example_nested_branch_dag']) retrieved from /Library/Frameworks/Python.framework/Versions/3.11/lib/python3.11/site-packages/airflow/example_dags/example_nested_branch_dag.py
[2023-10-21T14:34:30.352+0200] {logging_mixin.py:151} INFO - [2023-10-21T14:34:30.352+0200] {dag.py:2941} INFO - Sync 1 DAGs
[2023-10-21T14:34:30.357+0200] {logging_mixin.py:151} INFO - [2023-10-21T14:34:30.357+0200] {dag.py:3722} INFO - Setting next_dagrun for example_nested_branch_dag to 2023-10-20T00:00:00+00:00, run_after=2023-10-21T00:00:00+00:00
[2023-10-21T14:34:30.364+0200] {processor.py:179} INFO - Processing /Library/Frameworks/Python.framework/Versions/3.11/lib/python3.11/site-packages/airflow/example_dags/example_nested_branch_dag.py took 0.104 seconds
[2023-10-21T14:35:41.826+0200] {processor.py:157} INFO - Started process (PID=66116) to work on /Library/Frameworks/Python.framework/Versions/3.11/lib/python3.11/site-packages/airflow/example_dags/example_nested_branch_dag.py
[2023-10-21T14:35:41.828+0200] {processor.py:829} INFO - Processing file /Library/Frameworks/Python.framework/Versions/3.11/lib/python3.11/site-packages/airflow/example_dags/example_nested_branch_dag.py for tasks to queue
[2023-10-21T14:35:41.828+0200] {logging_mixin.py:151} INFO - [2023-10-21T14:35:41.828+0200] {dagbag.py:536} INFO - Filling up the DagBag from /Library/Frameworks/Python.framework/Versions/3.11/lib/python3.11/site-packages/airflow/example_dags/example_nested_branch_dag.py
[2023-10-21T14:35:41.847+0200] {processor.py:839} INFO - DAG(s) dict_keys(['example_nested_branch_dag']) retrieved from /Library/Frameworks/Python.framework/Versions/3.11/lib/python3.11/site-packages/airflow/example_dags/example_nested_branch_dag.py
[2023-10-21T14:35:41.917+0200] {logging_mixin.py:151} INFO - [2023-10-21T14:35:41.917+0200] {dag.py:2941} INFO - Sync 1 DAGs
[2023-10-21T14:35:41.922+0200] {logging_mixin.py:151} INFO - [2023-10-21T14:35:41.922+0200] {dag.py:3722} INFO - Setting next_dagrun for example_nested_branch_dag to 2023-10-20T00:00:00+00:00, run_after=2023-10-21T00:00:00+00:00
[2023-10-21T14:35:41.928+0200] {processor.py:179} INFO - Processing /Library/Frameworks/Python.framework/Versions/3.11/lib/python3.11/site-packages/airflow/example_dags/example_nested_branch_dag.py took 0.103 seconds
[2023-10-21T14:45:46.051+0200] {processor.py:157} INFO - Started process (PID=66992) to work on /Library/Frameworks/Python.framework/Versions/3.11/lib/python3.11/site-packages/airflow/example_dags/example_nested_branch_dag.py
[2023-10-21T14:45:46.053+0200] {processor.py:829} INFO - Processing file /Library/Frameworks/Python.framework/Versions/3.11/lib/python3.11/site-packages/airflow/example_dags/example_nested_branch_dag.py for tasks to queue
[2023-10-21T14:45:46.053+0200] {logging_mixin.py:151} INFO - [2023-10-21T14:45:46.053+0200] {dagbag.py:536} INFO - Filling up the DagBag from /Library/Frameworks/Python.framework/Versions/3.11/lib/python3.11/site-packages/airflow/example_dags/example_nested_branch_dag.py
[2023-10-21T14:45:46.073+0200] {processor.py:839} INFO - DAG(s) dict_keys(['example_nested_branch_dag']) retrieved from /Library/Frameworks/Python.framework/Versions/3.11/lib/python3.11/site-packages/airflow/example_dags/example_nested_branch_dag.py
[2023-10-21T14:45:46.143+0200] {logging_mixin.py:151} INFO - [2023-10-21T14:45:46.143+0200] {dag.py:2941} INFO - Sync 1 DAGs
[2023-10-21T14:45:46.149+0200] {logging_mixin.py:151} INFO - [2023-10-21T14:45:46.148+0200] {dag.py:3722} INFO - Setting next_dagrun for example_nested_branch_dag to 2023-10-20T00:00:00+00:00, run_after=2023-10-21T00:00:00+00:00
[2023-10-21T14:45:46.154+0200] {processor.py:179} INFO - Processing /Library/Frameworks/Python.framework/Versions/3.11/lib/python3.11/site-packages/airflow/example_dags/example_nested_branch_dag.py took 0.103 seconds
[2023-10-21T14:46:54.149+0200] {processor.py:157} INFO - Started process (PID=67165) to work on /Library/Frameworks/Python.framework/Versions/3.11/lib/python3.11/site-packages/airflow/example_dags/example_nested_branch_dag.py
[2023-10-21T14:46:54.152+0200] {processor.py:829} INFO - Processing file /Library/Frameworks/Python.framework/Versions/3.11/lib/python3.11/site-packages/airflow/example_dags/example_nested_branch_dag.py for tasks to queue
[2023-10-21T14:46:54.152+0200] {logging_mixin.py:151} INFO - [2023-10-21T14:46:54.152+0200] {dagbag.py:536} INFO - Filling up the DagBag from /Library/Frameworks/Python.framework/Versions/3.11/lib/python3.11/site-packages/airflow/example_dags/example_nested_branch_dag.py
[2023-10-21T14:46:54.172+0200] {processor.py:839} INFO - DAG(s) dict_keys(['example_nested_branch_dag']) retrieved from /Library/Frameworks/Python.framework/Versions/3.11/lib/python3.11/site-packages/airflow/example_dags/example_nested_branch_dag.py
[2023-10-21T14:46:54.243+0200] {logging_mixin.py:151} INFO - [2023-10-21T14:46:54.243+0200] {dag.py:2941} INFO - Sync 1 DAGs
[2023-10-21T14:46:54.248+0200] {logging_mixin.py:151} INFO - [2023-10-21T14:46:54.248+0200] {dag.py:3722} INFO - Setting next_dagrun for example_nested_branch_dag to 2023-10-20T00:00:00+00:00, run_after=2023-10-21T00:00:00+00:00
[2023-10-21T14:46:54.255+0200] {processor.py:179} INFO - Processing /Library/Frameworks/Python.framework/Versions/3.11/lib/python3.11/site-packages/airflow/example_dags/example_nested_branch_dag.py took 0.106 seconds
[2023-10-21T14:51:43.226+0200] {processor.py:157} INFO - Started process (PID=67770) to work on /Library/Frameworks/Python.framework/Versions/3.11/lib/python3.11/site-packages/airflow/example_dags/example_nested_branch_dag.py
[2023-10-21T14:51:43.228+0200] {processor.py:829} INFO - Processing file /Library/Frameworks/Python.framework/Versions/3.11/lib/python3.11/site-packages/airflow/example_dags/example_nested_branch_dag.py for tasks to queue
[2023-10-21T14:51:43.228+0200] {logging_mixin.py:151} INFO - [2023-10-21T14:51:43.228+0200] {dagbag.py:536} INFO - Filling up the DagBag from /Library/Frameworks/Python.framework/Versions/3.11/lib/python3.11/site-packages/airflow/example_dags/example_nested_branch_dag.py
[2023-10-21T14:51:43.248+0200] {processor.py:839} INFO - DAG(s) dict_keys(['example_nested_branch_dag']) retrieved from /Library/Frameworks/Python.framework/Versions/3.11/lib/python3.11/site-packages/airflow/example_dags/example_nested_branch_dag.py
[2023-10-21T14:51:43.264+0200] {logging_mixin.py:151} INFO - [2023-10-21T14:51:43.264+0200] {dag.py:2941} INFO - Sync 1 DAGs
[2023-10-21T14:51:43.292+0200] {logging_mixin.py:151} INFO - [2023-10-21T14:51:43.292+0200] {dag.py:3722} INFO - Setting next_dagrun for example_nested_branch_dag to 2023-10-20T00:00:00+00:00, run_after=2023-10-21T00:00:00+00:00
[2023-10-21T14:51:43.299+0200] {processor.py:179} INFO - Processing /Library/Frameworks/Python.framework/Versions/3.11/lib/python3.11/site-packages/airflow/example_dags/example_nested_branch_dag.py took 0.073 seconds
[2023-10-21T14:52:53.751+0200] {processor.py:157} INFO - Started process (PID=67913) to work on /Library/Frameworks/Python.framework/Versions/3.11/lib/python3.11/site-packages/airflow/example_dags/example_nested_branch_dag.py
[2023-10-21T14:52:53.752+0200] {processor.py:829} INFO - Processing file /Library/Frameworks/Python.framework/Versions/3.11/lib/python3.11/site-packages/airflow/example_dags/example_nested_branch_dag.py for tasks to queue
[2023-10-21T14:52:53.753+0200] {logging_mixin.py:151} INFO - [2023-10-21T14:52:53.753+0200] {dagbag.py:536} INFO - Filling up the DagBag from /Library/Frameworks/Python.framework/Versions/3.11/lib/python3.11/site-packages/airflow/example_dags/example_nested_branch_dag.py
[2023-10-21T14:52:53.772+0200] {processor.py:839} INFO - DAG(s) dict_keys(['example_nested_branch_dag']) retrieved from /Library/Frameworks/Python.framework/Versions/3.11/lib/python3.11/site-packages/airflow/example_dags/example_nested_branch_dag.py
[2023-10-21T14:52:53.844+0200] {logging_mixin.py:151} INFO - [2023-10-21T14:52:53.844+0200] {dag.py:2941} INFO - Sync 1 DAGs
[2023-10-21T14:52:53.849+0200] {logging_mixin.py:151} INFO - [2023-10-21T14:52:53.849+0200] {dag.py:3722} INFO - Setting next_dagrun for example_nested_branch_dag to 2023-10-20T00:00:00+00:00, run_after=2023-10-21T00:00:00+00:00
[2023-10-21T14:52:53.856+0200] {processor.py:179} INFO - Processing /Library/Frameworks/Python.framework/Versions/3.11/lib/python3.11/site-packages/airflow/example_dags/example_nested_branch_dag.py took 0.105 seconds
[2023-10-21T14:54:04.696+0200] {processor.py:157} INFO - Started process (PID=68047) to work on /Library/Frameworks/Python.framework/Versions/3.11/lib/python3.11/site-packages/airflow/example_dags/example_nested_branch_dag.py
[2023-10-21T14:54:04.698+0200] {processor.py:829} INFO - Processing file /Library/Frameworks/Python.framework/Versions/3.11/lib/python3.11/site-packages/airflow/example_dags/example_nested_branch_dag.py for tasks to queue
[2023-10-21T14:54:04.698+0200] {logging_mixin.py:151} INFO - [2023-10-21T14:54:04.698+0200] {dagbag.py:536} INFO - Filling up the DagBag from /Library/Frameworks/Python.framework/Versions/3.11/lib/python3.11/site-packages/airflow/example_dags/example_nested_branch_dag.py
[2023-10-21T14:54:04.718+0200] {processor.py:839} INFO - DAG(s) dict_keys(['example_nested_branch_dag']) retrieved from /Library/Frameworks/Python.framework/Versions/3.11/lib/python3.11/site-packages/airflow/example_dags/example_nested_branch_dag.py
[2023-10-21T14:54:04.789+0200] {logging_mixin.py:151} INFO - [2023-10-21T14:54:04.789+0200] {dag.py:2941} INFO - Sync 1 DAGs
[2023-10-21T14:54:04.795+0200] {logging_mixin.py:151} INFO - [2023-10-21T14:54:04.795+0200] {dag.py:3722} INFO - Setting next_dagrun for example_nested_branch_dag to 2023-10-20T00:00:00+00:00, run_after=2023-10-21T00:00:00+00:00
[2023-10-21T14:54:04.802+0200] {processor.py:179} INFO - Processing /Library/Frameworks/Python.framework/Versions/3.11/lib/python3.11/site-packages/airflow/example_dags/example_nested_branch_dag.py took 0.106 seconds
[2023-10-21T14:55:13.889+0200] {processor.py:157} INFO - Started process (PID=68196) to work on /Library/Frameworks/Python.framework/Versions/3.11/lib/python3.11/site-packages/airflow/example_dags/example_nested_branch_dag.py
[2023-10-21T14:55:13.891+0200] {processor.py:829} INFO - Processing file /Library/Frameworks/Python.framework/Versions/3.11/lib/python3.11/site-packages/airflow/example_dags/example_nested_branch_dag.py for tasks to queue
[2023-10-21T14:55:13.891+0200] {logging_mixin.py:151} INFO - [2023-10-21T14:55:13.891+0200] {dagbag.py:536} INFO - Filling up the DagBag from /Library/Frameworks/Python.framework/Versions/3.11/lib/python3.11/site-packages/airflow/example_dags/example_nested_branch_dag.py
[2023-10-21T14:55:13.911+0200] {processor.py:839} INFO - DAG(s) dict_keys(['example_nested_branch_dag']) retrieved from /Library/Frameworks/Python.framework/Versions/3.11/lib/python3.11/site-packages/airflow/example_dags/example_nested_branch_dag.py
[2023-10-21T14:55:13.981+0200] {logging_mixin.py:151} INFO - [2023-10-21T14:55:13.980+0200] {dag.py:2941} INFO - Sync 1 DAGs
[2023-10-21T14:55:13.986+0200] {logging_mixin.py:151} INFO - [2023-10-21T14:55:13.986+0200] {dag.py:3722} INFO - Setting next_dagrun for example_nested_branch_dag to 2023-10-20T00:00:00+00:00, run_after=2023-10-21T00:00:00+00:00
[2023-10-21T14:55:13.992+0200] {processor.py:179} INFO - Processing /Library/Frameworks/Python.framework/Versions/3.11/lib/python3.11/site-packages/airflow/example_dags/example_nested_branch_dag.py took 0.104 seconds
[2023-10-21T14:56:25.306+0200] {processor.py:157} INFO - Started process (PID=68343) to work on /Library/Frameworks/Python.framework/Versions/3.11/lib/python3.11/site-packages/airflow/example_dags/example_nested_branch_dag.py
[2023-10-21T14:56:25.309+0200] {processor.py:829} INFO - Processing file /Library/Frameworks/Python.framework/Versions/3.11/lib/python3.11/site-packages/airflow/example_dags/example_nested_branch_dag.py for tasks to queue
[2023-10-21T14:56:25.309+0200] {logging_mixin.py:151} INFO - [2023-10-21T14:56:25.309+0200] {dagbag.py:536} INFO - Filling up the DagBag from /Library/Frameworks/Python.framework/Versions/3.11/lib/python3.11/site-packages/airflow/example_dags/example_nested_branch_dag.py
[2023-10-21T14:56:25.329+0200] {processor.py:839} INFO - DAG(s) dict_keys(['example_nested_branch_dag']) retrieved from /Library/Frameworks/Python.framework/Versions/3.11/lib/python3.11/site-packages/airflow/example_dags/example_nested_branch_dag.py
[2023-10-21T14:56:25.399+0200] {logging_mixin.py:151} INFO - [2023-10-21T14:56:25.399+0200] {dag.py:2941} INFO - Sync 1 DAGs
[2023-10-21T14:56:25.405+0200] {logging_mixin.py:151} INFO - [2023-10-21T14:56:25.405+0200] {dag.py:3722} INFO - Setting next_dagrun for example_nested_branch_dag to 2023-10-20T00:00:00+00:00, run_after=2023-10-21T00:00:00+00:00
[2023-10-21T14:56:25.411+0200] {processor.py:179} INFO - Processing /Library/Frameworks/Python.framework/Versions/3.11/lib/python3.11/site-packages/airflow/example_dags/example_nested_branch_dag.py took 0.105 seconds
