[2023-10-21T14:28:08.747+0200] {processor.py:157} INFO - Started process (PID=65065) to work on /Library/Frameworks/Python.framework/Versions/3.11/lib/python3.11/site-packages/airflow/example_dags/example_short_circuit_decorator.py
[2023-10-21T14:28:08.749+0200] {processor.py:829} INFO - Processing file /Library/Frameworks/Python.framework/Versions/3.11/lib/python3.11/site-packages/airflow/example_dags/example_short_circuit_decorator.py for tasks to queue
[2023-10-21T14:28:08.749+0200] {logging_mixin.py:151} INFO - [2023-10-21T14:28:08.749+0200] {dagbag.py:536} INFO - Filling up the DagBag from /Library/Frameworks/Python.framework/Versions/3.11/lib/python3.11/site-packages/airflow/example_dags/example_short_circuit_decorator.py
[2023-10-21T14:28:08.770+0200] {processor.py:839} INFO - DAG(s) dict_keys(['example_short_circuit_decorator']) retrieved from /Library/Frameworks/Python.framework/Versions/3.11/lib/python3.11/site-packages/airflow/example_dags/example_short_circuit_decorator.py
[2023-10-21T14:28:09.078+0200] {logging_mixin.py:151} INFO - [2023-10-21T14:28:09.078+0200] {dag.py:2941} INFO - Sync 1 DAGs
[2023-10-21T14:28:09.083+0200] {logging_mixin.py:151} INFO - [2023-10-21T14:28:09.083+0200] {dag.py:3722} INFO - Setting next_dagrun for example_short_circuit_decorator to 2023-10-20T12:28:09.083659+00:00, run_after=2023-10-21T12:28:09.083659+00:00
[2023-10-21T14:28:09.091+0200] {processor.py:179} INFO - Processing /Library/Frameworks/Python.framework/Versions/3.11/lib/python3.11/site-packages/airflow/example_dags/example_short_circuit_decorator.py took 0.344 seconds
[2023-10-21T14:29:22.189+0200] {processor.py:157} INFO - Started process (PID=65230) to work on /Library/Frameworks/Python.framework/Versions/3.11/lib/python3.11/site-packages/airflow/example_dags/example_short_circuit_decorator.py
[2023-10-21T14:29:22.191+0200] {processor.py:829} INFO - Processing file /Library/Frameworks/Python.framework/Versions/3.11/lib/python3.11/site-packages/airflow/example_dags/example_short_circuit_decorator.py for tasks to queue
[2023-10-21T14:29:22.192+0200] {logging_mixin.py:151} INFO - [2023-10-21T14:29:22.191+0200] {dagbag.py:536} INFO - Filling up the DagBag from /Library/Frameworks/Python.framework/Versions/3.11/lib/python3.11/site-packages/airflow/example_dags/example_short_circuit_decorator.py
[2023-10-21T14:29:22.211+0200] {processor.py:839} INFO - DAG(s) dict_keys(['example_short_circuit_decorator']) retrieved from /Library/Frameworks/Python.framework/Versions/3.11/lib/python3.11/site-packages/airflow/example_dags/example_short_circuit_decorator.py
[2023-10-21T14:29:22.281+0200] {logging_mixin.py:151} INFO - [2023-10-21T14:29:22.281+0200] {dag.py:2941} INFO - Sync 1 DAGs
[2023-10-21T14:29:22.286+0200] {logging_mixin.py:151} INFO - [2023-10-21T14:29:22.286+0200] {dag.py:3722} INFO - Setting next_dagrun for example_short_circuit_decorator to 2023-10-20T12:29:22.286364+00:00, run_after=2023-10-21T12:29:22.286364+00:00
[2023-10-21T14:29:22.292+0200] {processor.py:179} INFO - Processing /Library/Frameworks/Python.framework/Versions/3.11/lib/python3.11/site-packages/airflow/example_dags/example_short_circuit_decorator.py took 0.103 seconds
[2023-10-21T14:30:33.477+0200] {processor.py:157} INFO - Started process (PID=65372) to work on /Library/Frameworks/Python.framework/Versions/3.11/lib/python3.11/site-packages/airflow/example_dags/example_short_circuit_decorator.py
[2023-10-21T14:30:33.479+0200] {processor.py:829} INFO - Processing file /Library/Frameworks/Python.framework/Versions/3.11/lib/python3.11/site-packages/airflow/example_dags/example_short_circuit_decorator.py for tasks to queue
[2023-10-21T14:30:33.480+0200] {logging_mixin.py:151} INFO - [2023-10-21T14:30:33.479+0200] {dagbag.py:536} INFO - Filling up the DagBag from /Library/Frameworks/Python.framework/Versions/3.11/lib/python3.11/site-packages/airflow/example_dags/example_short_circuit_decorator.py
[2023-10-21T14:30:33.499+0200] {processor.py:839} INFO - DAG(s) dict_keys(['example_short_circuit_decorator']) retrieved from /Library/Frameworks/Python.framework/Versions/3.11/lib/python3.11/site-packages/airflow/example_dags/example_short_circuit_decorator.py
[2023-10-21T14:30:33.569+0200] {logging_mixin.py:151} INFO - [2023-10-21T14:30:33.569+0200] {dag.py:2941} INFO - Sync 1 DAGs
[2023-10-21T14:30:33.574+0200] {logging_mixin.py:151} INFO - [2023-10-21T14:30:33.574+0200] {dag.py:3722} INFO - Setting next_dagrun for example_short_circuit_decorator to 2023-10-20T12:30:33.574209+00:00, run_after=2023-10-21T12:30:33.574209+00:00
[2023-10-21T14:30:33.580+0200] {processor.py:179} INFO - Processing /Library/Frameworks/Python.framework/Versions/3.11/lib/python3.11/site-packages/airflow/example_dags/example_short_circuit_decorator.py took 0.104 seconds
[2023-10-21T14:31:45.517+0200] {processor.py:157} INFO - Started process (PID=65520) to work on /Library/Frameworks/Python.framework/Versions/3.11/lib/python3.11/site-packages/airflow/example_dags/example_short_circuit_decorator.py
[2023-10-21T14:31:45.520+0200] {processor.py:829} INFO - Processing file /Library/Frameworks/Python.framework/Versions/3.11/lib/python3.11/site-packages/airflow/example_dags/example_short_circuit_decorator.py for tasks to queue
[2023-10-21T14:31:45.520+0200] {logging_mixin.py:151} INFO - [2023-10-21T14:31:45.520+0200] {dagbag.py:536} INFO - Filling up the DagBag from /Library/Frameworks/Python.framework/Versions/3.11/lib/python3.11/site-packages/airflow/example_dags/example_short_circuit_decorator.py
[2023-10-21T14:31:45.540+0200] {processor.py:839} INFO - DAG(s) dict_keys(['example_short_circuit_decorator']) retrieved from /Library/Frameworks/Python.framework/Versions/3.11/lib/python3.11/site-packages/airflow/example_dags/example_short_circuit_decorator.py
[2023-10-21T14:31:45.610+0200] {logging_mixin.py:151} INFO - [2023-10-21T14:31:45.609+0200] {dag.py:2941} INFO - Sync 1 DAGs
[2023-10-21T14:31:45.615+0200] {logging_mixin.py:151} INFO - [2023-10-21T14:31:45.615+0200] {dag.py:3722} INFO - Setting next_dagrun for example_short_circuit_decorator to 2023-10-20T12:31:45.615022+00:00, run_after=2023-10-21T12:31:45.615022+00:00
[2023-10-21T14:31:45.621+0200] {processor.py:179} INFO - Processing /Library/Frameworks/Python.framework/Versions/3.11/lib/python3.11/site-packages/airflow/example_dags/example_short_circuit_decorator.py took 0.104 seconds
[2023-10-21T14:32:57.503+0200] {processor.py:157} INFO - Started process (PID=65680) to work on /Library/Frameworks/Python.framework/Versions/3.11/lib/python3.11/site-packages/airflow/example_dags/example_short_circuit_decorator.py
[2023-10-21T14:32:57.506+0200] {processor.py:829} INFO - Processing file /Library/Frameworks/Python.framework/Versions/3.11/lib/python3.11/site-packages/airflow/example_dags/example_short_circuit_decorator.py for tasks to queue
[2023-10-21T14:32:57.506+0200] {logging_mixin.py:151} INFO - [2023-10-21T14:32:57.506+0200] {dagbag.py:536} INFO - Filling up the DagBag from /Library/Frameworks/Python.framework/Versions/3.11/lib/python3.11/site-packages/airflow/example_dags/example_short_circuit_decorator.py
[2023-10-21T14:32:57.525+0200] {processor.py:839} INFO - DAG(s) dict_keys(['example_short_circuit_decorator']) retrieved from /Library/Frameworks/Python.framework/Versions/3.11/lib/python3.11/site-packages/airflow/example_dags/example_short_circuit_decorator.py
[2023-10-21T14:32:57.595+0200] {logging_mixin.py:151} INFO - [2023-10-21T14:32:57.595+0200] {dag.py:2941} INFO - Sync 1 DAGs
[2023-10-21T14:32:57.600+0200] {logging_mixin.py:151} INFO - [2023-10-21T14:32:57.600+0200] {dag.py:3722} INFO - Setting next_dagrun for example_short_circuit_decorator to 2023-10-20T12:32:57.600713+00:00, run_after=2023-10-21T12:32:57.600713+00:00
[2023-10-21T14:32:57.607+0200] {processor.py:179} INFO - Processing /Library/Frameworks/Python.framework/Versions/3.11/lib/python3.11/site-packages/airflow/example_dags/example_short_circuit_decorator.py took 0.104 seconds
[2023-10-21T14:34:07.785+0200] {processor.py:157} INFO - Started process (PID=65898) to work on /Library/Frameworks/Python.framework/Versions/3.11/lib/python3.11/site-packages/airflow/example_dags/example_short_circuit_decorator.py
[2023-10-21T14:34:07.788+0200] {processor.py:829} INFO - Processing file /Library/Frameworks/Python.framework/Versions/3.11/lib/python3.11/site-packages/airflow/example_dags/example_short_circuit_decorator.py for tasks to queue
[2023-10-21T14:34:07.788+0200] {logging_mixin.py:151} INFO - [2023-10-21T14:34:07.788+0200] {dagbag.py:536} INFO - Filling up the DagBag from /Library/Frameworks/Python.framework/Versions/3.11/lib/python3.11/site-packages/airflow/example_dags/example_short_circuit_decorator.py
[2023-10-21T14:34:07.807+0200] {processor.py:839} INFO - DAG(s) dict_keys(['example_short_circuit_decorator']) retrieved from /Library/Frameworks/Python.framework/Versions/3.11/lib/python3.11/site-packages/airflow/example_dags/example_short_circuit_decorator.py
[2023-10-21T14:34:07.878+0200] {logging_mixin.py:151} INFO - [2023-10-21T14:34:07.877+0200] {dag.py:2941} INFO - Sync 1 DAGs
[2023-10-21T14:34:07.883+0200] {logging_mixin.py:151} INFO - [2023-10-21T14:34:07.883+0200] {dag.py:3722} INFO - Setting next_dagrun for example_short_circuit_decorator to 2023-10-20T12:34:07.883065+00:00, run_after=2023-10-21T12:34:07.883065+00:00
[2023-10-21T14:34:07.889+0200] {processor.py:179} INFO - Processing /Library/Frameworks/Python.framework/Versions/3.11/lib/python3.11/site-packages/airflow/example_dags/example_short_circuit_decorator.py took 0.104 seconds
[2023-10-21T14:35:17.512+0200] {processor.py:157} INFO - Started process (PID=66073) to work on /Library/Frameworks/Python.framework/Versions/3.11/lib/python3.11/site-packages/airflow/example_dags/example_short_circuit_decorator.py
[2023-10-21T14:35:17.513+0200] {processor.py:829} INFO - Processing file /Library/Frameworks/Python.framework/Versions/3.11/lib/python3.11/site-packages/airflow/example_dags/example_short_circuit_decorator.py for tasks to queue
[2023-10-21T14:35:17.514+0200] {logging_mixin.py:151} INFO - [2023-10-21T14:35:17.514+0200] {dagbag.py:536} INFO - Filling up the DagBag from /Library/Frameworks/Python.framework/Versions/3.11/lib/python3.11/site-packages/airflow/example_dags/example_short_circuit_decorator.py
[2023-10-21T14:35:17.533+0200] {processor.py:839} INFO - DAG(s) dict_keys(['example_short_circuit_decorator']) retrieved from /Library/Frameworks/Python.framework/Versions/3.11/lib/python3.11/site-packages/airflow/example_dags/example_short_circuit_decorator.py
[2023-10-21T14:35:17.603+0200] {logging_mixin.py:151} INFO - [2023-10-21T14:35:17.603+0200] {dag.py:2941} INFO - Sync 1 DAGs
[2023-10-21T14:35:17.608+0200] {logging_mixin.py:151} INFO - [2023-10-21T14:35:17.608+0200] {dag.py:3722} INFO - Setting next_dagrun for example_short_circuit_decorator to 2023-10-20T12:35:17.608494+00:00, run_after=2023-10-21T12:35:17.608494+00:00
[2023-10-21T14:35:17.614+0200] {processor.py:179} INFO - Processing /Library/Frameworks/Python.framework/Versions/3.11/lib/python3.11/site-packages/airflow/example_dags/example_short_circuit_decorator.py took 0.103 seconds
[2023-10-21T14:45:33.252+0200] {processor.py:157} INFO - Started process (PID=66970) to work on /Library/Frameworks/Python.framework/Versions/3.11/lib/python3.11/site-packages/airflow/example_dags/example_short_circuit_decorator.py
[2023-10-21T14:45:33.253+0200] {processor.py:829} INFO - Processing file /Library/Frameworks/Python.framework/Versions/3.11/lib/python3.11/site-packages/airflow/example_dags/example_short_circuit_decorator.py for tasks to queue
[2023-10-21T14:45:33.253+0200] {logging_mixin.py:151} INFO - [2023-10-21T14:45:33.253+0200] {dagbag.py:536} INFO - Filling up the DagBag from /Library/Frameworks/Python.framework/Versions/3.11/lib/python3.11/site-packages/airflow/example_dags/example_short_circuit_decorator.py
[2023-10-21T14:45:33.273+0200] {processor.py:839} INFO - DAG(s) dict_keys(['example_short_circuit_decorator']) retrieved from /Library/Frameworks/Python.framework/Versions/3.11/lib/python3.11/site-packages/airflow/example_dags/example_short_circuit_decorator.py
[2023-10-21T14:45:33.289+0200] {logging_mixin.py:151} INFO - [2023-10-21T14:45:33.289+0200] {dag.py:2941} INFO - Sync 1 DAGs
[2023-10-21T14:45:33.317+0200] {logging_mixin.py:151} INFO - [2023-10-21T14:45:33.317+0200] {dag.py:3722} INFO - Setting next_dagrun for example_short_circuit_decorator to 2023-10-20T12:45:33.317410+00:00, run_after=2023-10-21T12:45:33.317410+00:00
[2023-10-21T14:45:33.323+0200] {processor.py:179} INFO - Processing /Library/Frameworks/Python.framework/Versions/3.11/lib/python3.11/site-packages/airflow/example_dags/example_short_circuit_decorator.py took 0.072 seconds
[2023-10-21T14:46:37.401+0200] {processor.py:157} INFO - Started process (PID=67102) to work on /Library/Frameworks/Python.framework/Versions/3.11/lib/python3.11/site-packages/airflow/example_dags/example_short_circuit_decorator.py
[2023-10-21T14:46:37.404+0200] {processor.py:829} INFO - Processing file /Library/Frameworks/Python.framework/Versions/3.11/lib/python3.11/site-packages/airflow/example_dags/example_short_circuit_decorator.py for tasks to queue
[2023-10-21T14:46:37.404+0200] {logging_mixin.py:151} INFO - [2023-10-21T14:46:37.404+0200] {dagbag.py:536} INFO - Filling up the DagBag from /Library/Frameworks/Python.framework/Versions/3.11/lib/python3.11/site-packages/airflow/example_dags/example_short_circuit_decorator.py
[2023-10-21T14:46:37.427+0200] {processor.py:839} INFO - DAG(s) dict_keys(['example_short_circuit_decorator']) retrieved from /Library/Frameworks/Python.framework/Versions/3.11/lib/python3.11/site-packages/airflow/example_dags/example_short_circuit_decorator.py
[2023-10-21T14:46:37.511+0200] {logging_mixin.py:151} INFO - [2023-10-21T14:46:37.510+0200] {dag.py:2941} INFO - Sync 1 DAGs
[2023-10-21T14:46:37.516+0200] {logging_mixin.py:151} INFO - [2023-10-21T14:46:37.516+0200] {dag.py:3722} INFO - Setting next_dagrun for example_short_circuit_decorator to 2023-10-20T12:46:37.516366+00:00, run_after=2023-10-21T12:46:37.516366+00:00
[2023-10-21T14:46:37.522+0200] {processor.py:179} INFO - Processing /Library/Frameworks/Python.framework/Versions/3.11/lib/python3.11/site-packages/airflow/example_dags/example_short_circuit_decorator.py took 0.122 seconds
[2023-10-21T14:51:30.424+0200] {processor.py:157} INFO - Started process (PID=67738) to work on /Library/Frameworks/Python.framework/Versions/3.11/lib/python3.11/site-packages/airflow/example_dags/example_short_circuit_decorator.py
[2023-10-21T14:51:30.427+0200] {processor.py:829} INFO - Processing file /Library/Frameworks/Python.framework/Versions/3.11/lib/python3.11/site-packages/airflow/example_dags/example_short_circuit_decorator.py for tasks to queue
[2023-10-21T14:51:30.427+0200] {logging_mixin.py:151} INFO - [2023-10-21T14:51:30.427+0200] {dagbag.py:536} INFO - Filling up the DagBag from /Library/Frameworks/Python.framework/Versions/3.11/lib/python3.11/site-packages/airflow/example_dags/example_short_circuit_decorator.py
[2023-10-21T14:51:30.446+0200] {processor.py:839} INFO - DAG(s) dict_keys(['example_short_circuit_decorator']) retrieved from /Library/Frameworks/Python.framework/Versions/3.11/lib/python3.11/site-packages/airflow/example_dags/example_short_circuit_decorator.py
[2023-10-21T14:51:30.463+0200] {logging_mixin.py:151} INFO - [2023-10-21T14:51:30.463+0200] {dag.py:2941} INFO - Sync 1 DAGs
[2023-10-21T14:51:30.491+0200] {logging_mixin.py:151} INFO - [2023-10-21T14:51:30.491+0200] {dag.py:3722} INFO - Setting next_dagrun for example_short_circuit_decorator to 2023-10-20T12:51:30.491252+00:00, run_after=2023-10-21T12:51:30.491252+00:00
[2023-10-21T14:51:30.497+0200] {processor.py:179} INFO - Processing /Library/Frameworks/Python.framework/Versions/3.11/lib/python3.11/site-packages/airflow/example_dags/example_short_circuit_decorator.py took 0.073 seconds
[2023-10-21T14:52:35.300+0200] {processor.py:157} INFO - Started process (PID=67879) to work on /Library/Frameworks/Python.framework/Versions/3.11/lib/python3.11/site-packages/airflow/example_dags/example_short_circuit_decorator.py
[2023-10-21T14:52:35.302+0200] {processor.py:829} INFO - Processing file /Library/Frameworks/Python.framework/Versions/3.11/lib/python3.11/site-packages/airflow/example_dags/example_short_circuit_decorator.py for tasks to queue
[2023-10-21T14:52:35.302+0200] {logging_mixin.py:151} INFO - [2023-10-21T14:52:35.302+0200] {dagbag.py:536} INFO - Filling up the DagBag from /Library/Frameworks/Python.framework/Versions/3.11/lib/python3.11/site-packages/airflow/example_dags/example_short_circuit_decorator.py
[2023-10-21T14:52:35.321+0200] {processor.py:839} INFO - DAG(s) dict_keys(['example_short_circuit_decorator']) retrieved from /Library/Frameworks/Python.framework/Versions/3.11/lib/python3.11/site-packages/airflow/example_dags/example_short_circuit_decorator.py
[2023-10-21T14:52:35.391+0200] {logging_mixin.py:151} INFO - [2023-10-21T14:52:35.391+0200] {dag.py:2941} INFO - Sync 1 DAGs
[2023-10-21T14:52:35.396+0200] {logging_mixin.py:151} INFO - [2023-10-21T14:52:35.396+0200] {dag.py:3722} INFO - Setting next_dagrun for example_short_circuit_decorator to 2023-10-20T12:52:35.396599+00:00, run_after=2023-10-21T12:52:35.396599+00:00
[2023-10-21T14:52:35.403+0200] {processor.py:179} INFO - Processing /Library/Frameworks/Python.framework/Versions/3.11/lib/python3.11/site-packages/airflow/example_dags/example_short_circuit_decorator.py took 0.103 seconds
[2023-10-21T14:53:45.161+0200] {processor.py:157} INFO - Started process (PID=68006) to work on /Library/Frameworks/Python.framework/Versions/3.11/lib/python3.11/site-packages/airflow/example_dags/example_short_circuit_decorator.py
[2023-10-21T14:53:45.163+0200] {processor.py:829} INFO - Processing file /Library/Frameworks/Python.framework/Versions/3.11/lib/python3.11/site-packages/airflow/example_dags/example_short_circuit_decorator.py for tasks to queue
[2023-10-21T14:53:45.163+0200] {logging_mixin.py:151} INFO - [2023-10-21T14:53:45.163+0200] {dagbag.py:536} INFO - Filling up the DagBag from /Library/Frameworks/Python.framework/Versions/3.11/lib/python3.11/site-packages/airflow/example_dags/example_short_circuit_decorator.py
[2023-10-21T14:53:45.182+0200] {processor.py:839} INFO - DAG(s) dict_keys(['example_short_circuit_decorator']) retrieved from /Library/Frameworks/Python.framework/Versions/3.11/lib/python3.11/site-packages/airflow/example_dags/example_short_circuit_decorator.py
[2023-10-21T14:53:45.252+0200] {logging_mixin.py:151} INFO - [2023-10-21T14:53:45.252+0200] {dag.py:2941} INFO - Sync 1 DAGs
[2023-10-21T14:53:45.258+0200] {logging_mixin.py:151} INFO - [2023-10-21T14:53:45.258+0200] {dag.py:3722} INFO - Setting next_dagrun for example_short_circuit_decorator to 2023-10-20T12:53:45.257988+00:00, run_after=2023-10-21T12:53:45.257988+00:00
[2023-10-21T14:53:45.264+0200] {processor.py:179} INFO - Processing /Library/Frameworks/Python.framework/Versions/3.11/lib/python3.11/site-packages/airflow/example_dags/example_short_circuit_decorator.py took 0.103 seconds
[2023-10-21T14:54:57.310+0200] {processor.py:157} INFO - Started process (PID=68167) to work on /Library/Frameworks/Python.framework/Versions/3.11/lib/python3.11/site-packages/airflow/example_dags/example_short_circuit_decorator.py
[2023-10-21T14:54:57.312+0200] {processor.py:829} INFO - Processing file /Library/Frameworks/Python.framework/Versions/3.11/lib/python3.11/site-packages/airflow/example_dags/example_short_circuit_decorator.py for tasks to queue
[2023-10-21T14:54:57.313+0200] {logging_mixin.py:151} INFO - [2023-10-21T14:54:57.313+0200] {dagbag.py:536} INFO - Filling up the DagBag from /Library/Frameworks/Python.framework/Versions/3.11/lib/python3.11/site-packages/airflow/example_dags/example_short_circuit_decorator.py
[2023-10-21T14:54:57.332+0200] {processor.py:839} INFO - DAG(s) dict_keys(['example_short_circuit_decorator']) retrieved from /Library/Frameworks/Python.framework/Versions/3.11/lib/python3.11/site-packages/airflow/example_dags/example_short_circuit_decorator.py
[2023-10-21T14:54:57.402+0200] {logging_mixin.py:151} INFO - [2023-10-21T14:54:57.402+0200] {dag.py:2941} INFO - Sync 1 DAGs
[2023-10-21T14:54:57.407+0200] {logging_mixin.py:151} INFO - [2023-10-21T14:54:57.407+0200] {dag.py:3722} INFO - Setting next_dagrun for example_short_circuit_decorator to 2023-10-20T12:54:57.407787+00:00, run_after=2023-10-21T12:54:57.407787+00:00
[2023-10-21T14:54:57.414+0200] {processor.py:179} INFO - Processing /Library/Frameworks/Python.framework/Versions/3.11/lib/python3.11/site-packages/airflow/example_dags/example_short_circuit_decorator.py took 0.104 seconds
[2023-10-21T14:56:05.878+0200] {processor.py:157} INFO - Started process (PID=68306) to work on /Library/Frameworks/Python.framework/Versions/3.11/lib/python3.11/site-packages/airflow/example_dags/example_short_circuit_decorator.py
[2023-10-21T14:56:05.881+0200] {processor.py:829} INFO - Processing file /Library/Frameworks/Python.framework/Versions/3.11/lib/python3.11/site-packages/airflow/example_dags/example_short_circuit_decorator.py for tasks to queue
[2023-10-21T14:56:05.881+0200] {logging_mixin.py:151} INFO - [2023-10-21T14:56:05.881+0200] {dagbag.py:536} INFO - Filling up the DagBag from /Library/Frameworks/Python.framework/Versions/3.11/lib/python3.11/site-packages/airflow/example_dags/example_short_circuit_decorator.py
[2023-10-21T14:56:05.900+0200] {processor.py:839} INFO - DAG(s) dict_keys(['example_short_circuit_decorator']) retrieved from /Library/Frameworks/Python.framework/Versions/3.11/lib/python3.11/site-packages/airflow/example_dags/example_short_circuit_decorator.py
[2023-10-21T14:56:05.971+0200] {logging_mixin.py:151} INFO - [2023-10-21T14:56:05.971+0200] {dag.py:2941} INFO - Sync 1 DAGs
[2023-10-21T14:56:05.976+0200] {logging_mixin.py:151} INFO - [2023-10-21T14:56:05.976+0200] {dag.py:3722} INFO - Setting next_dagrun for example_short_circuit_decorator to 2023-10-20T12:56:05.976236+00:00, run_after=2023-10-21T12:56:05.976236+00:00
[2023-10-21T14:56:05.982+0200] {processor.py:179} INFO - Processing /Library/Frameworks/Python.framework/Versions/3.11/lib/python3.11/site-packages/airflow/example_dags/example_short_circuit_decorator.py took 0.104 seconds
