[2023-10-21T14:28:41.153+0200] {processor.py:157} INFO - Started process (PID=65127) to work on /Library/Frameworks/Python.framework/Versions/3.11/lib/python3.11/site-packages/airflow/example_dags/example_complex.py
[2023-10-21T14:28:41.155+0200] {processor.py:829} INFO - Processing file /Library/Frameworks/Python.framework/Versions/3.11/lib/python3.11/site-packages/airflow/example_dags/example_complex.py for tasks to queue
[2023-10-21T14:28:41.155+0200] {logging_mixin.py:151} INFO - [2023-10-21T14:28:41.155+0200] {dagbag.py:536} INFO - Filling up the DagBag from /Library/Frameworks/Python.framework/Versions/3.11/lib/python3.11/site-packages/airflow/example_dags/example_complex.py
[2023-10-21T14:28:41.167+0200] {processor.py:839} INFO - DAG(s) dict_keys(['example_complex']) retrieved from /Library/Frameworks/Python.framework/Versions/3.11/lib/python3.11/site-packages/airflow/example_dags/example_complex.py
[2023-10-21T14:28:41.494+0200] {logging_mixin.py:151} INFO - [2023-10-21T14:28:41.494+0200] {dag.py:2941} INFO - Sync 1 DAGs
[2023-10-21T14:28:41.497+0200] {logging_mixin.py:151} INFO - [2023-10-21T14:28:41.497+0200] {dag.py:3722} INFO - Setting next_dagrun for example_complex to None, run_after=None
[2023-10-21T14:28:41.505+0200] {processor.py:179} INFO - Processing /Library/Frameworks/Python.framework/Versions/3.11/lib/python3.11/site-packages/airflow/example_dags/example_complex.py took 0.352 seconds
[2023-10-21T14:29:59.877+0200] {processor.py:157} INFO - Started process (PID=65311) to work on /Library/Frameworks/Python.framework/Versions/3.11/lib/python3.11/site-packages/airflow/example_dags/example_complex.py
[2023-10-21T14:29:59.879+0200] {processor.py:829} INFO - Processing file /Library/Frameworks/Python.framework/Versions/3.11/lib/python3.11/site-packages/airflow/example_dags/example_complex.py for tasks to queue
[2023-10-21T14:29:59.879+0200] {logging_mixin.py:151} INFO - [2023-10-21T14:29:59.879+0200] {dagbag.py:536} INFO - Filling up the DagBag from /Library/Frameworks/Python.framework/Versions/3.11/lib/python3.11/site-packages/airflow/example_dags/example_complex.py
[2023-10-21T14:29:59.890+0200] {processor.py:839} INFO - DAG(s) dict_keys(['example_complex']) retrieved from /Library/Frameworks/Python.framework/Versions/3.11/lib/python3.11/site-packages/airflow/example_dags/example_complex.py
[2023-10-21T14:29:59.965+0200] {logging_mixin.py:151} INFO - [2023-10-21T14:29:59.965+0200] {dag.py:2941} INFO - Sync 1 DAGs
[2023-10-21T14:29:59.969+0200] {logging_mixin.py:151} INFO - [2023-10-21T14:29:59.969+0200] {dag.py:3722} INFO - Setting next_dagrun for example_complex to None, run_after=None
[2023-10-21T14:29:59.975+0200] {processor.py:179} INFO - Processing /Library/Frameworks/Python.framework/Versions/3.11/lib/python3.11/site-packages/airflow/example_dags/example_complex.py took 0.099 seconds
[2023-10-21T14:31:10.509+0200] {processor.py:157} INFO - Started process (PID=65448) to work on /Library/Frameworks/Python.framework/Versions/3.11/lib/python3.11/site-packages/airflow/example_dags/example_complex.py
[2023-10-21T14:31:10.511+0200] {processor.py:829} INFO - Processing file /Library/Frameworks/Python.framework/Versions/3.11/lib/python3.11/site-packages/airflow/example_dags/example_complex.py for tasks to queue
[2023-10-21T14:31:10.511+0200] {logging_mixin.py:151} INFO - [2023-10-21T14:31:10.511+0200] {dagbag.py:536} INFO - Filling up the DagBag from /Library/Frameworks/Python.framework/Versions/3.11/lib/python3.11/site-packages/airflow/example_dags/example_complex.py
[2023-10-21T14:31:10.522+0200] {processor.py:839} INFO - DAG(s) dict_keys(['example_complex']) retrieved from /Library/Frameworks/Python.framework/Versions/3.11/lib/python3.11/site-packages/airflow/example_dags/example_complex.py
[2023-10-21T14:31:10.613+0200] {logging_mixin.py:151} INFO - [2023-10-21T14:31:10.613+0200] {dag.py:2941} INFO - Sync 1 DAGs
[2023-10-21T14:31:10.617+0200] {logging_mixin.py:151} INFO - [2023-10-21T14:31:10.617+0200] {dag.py:3722} INFO - Setting next_dagrun for example_complex to None, run_after=None
[2023-10-21T14:31:10.624+0200] {processor.py:179} INFO - Processing /Library/Frameworks/Python.framework/Versions/3.11/lib/python3.11/site-packages/airflow/example_dags/example_complex.py took 0.116 seconds
[2023-10-21T14:32:22.971+0200] {processor.py:157} INFO - Started process (PID=65602) to work on /Library/Frameworks/Python.framework/Versions/3.11/lib/python3.11/site-packages/airflow/example_dags/example_complex.py
[2023-10-21T14:32:22.973+0200] {processor.py:829} INFO - Processing file /Library/Frameworks/Python.framework/Versions/3.11/lib/python3.11/site-packages/airflow/example_dags/example_complex.py for tasks to queue
[2023-10-21T14:32:22.973+0200] {logging_mixin.py:151} INFO - [2023-10-21T14:32:22.973+0200] {dagbag.py:536} INFO - Filling up the DagBag from /Library/Frameworks/Python.framework/Versions/3.11/lib/python3.11/site-packages/airflow/example_dags/example_complex.py
[2023-10-21T14:32:22.984+0200] {processor.py:839} INFO - DAG(s) dict_keys(['example_complex']) retrieved from /Library/Frameworks/Python.framework/Versions/3.11/lib/python3.11/site-packages/airflow/example_dags/example_complex.py
[2023-10-21T14:32:23.060+0200] {logging_mixin.py:151} INFO - [2023-10-21T14:32:23.060+0200] {dag.py:2941} INFO - Sync 1 DAGs
[2023-10-21T14:32:23.063+0200] {logging_mixin.py:151} INFO - [2023-10-21T14:32:23.063+0200] {dag.py:3722} INFO - Setting next_dagrun for example_complex to None, run_after=None
[2023-10-21T14:32:23.070+0200] {processor.py:179} INFO - Processing /Library/Frameworks/Python.framework/Versions/3.11/lib/python3.11/site-packages/airflow/example_dags/example_complex.py took 0.100 seconds
[2023-10-21T14:33:34.355+0200] {processor.py:157} INFO - Started process (PID=65765) to work on /Library/Frameworks/Python.framework/Versions/3.11/lib/python3.11/site-packages/airflow/example_dags/example_complex.py
[2023-10-21T14:33:34.358+0200] {processor.py:829} INFO - Processing file /Library/Frameworks/Python.framework/Versions/3.11/lib/python3.11/site-packages/airflow/example_dags/example_complex.py for tasks to queue
[2023-10-21T14:33:34.358+0200] {logging_mixin.py:151} INFO - [2023-10-21T14:33:34.358+0200] {dagbag.py:536} INFO - Filling up the DagBag from /Library/Frameworks/Python.framework/Versions/3.11/lib/python3.11/site-packages/airflow/example_dags/example_complex.py
[2023-10-21T14:33:34.368+0200] {processor.py:839} INFO - DAG(s) dict_keys(['example_complex']) retrieved from /Library/Frameworks/Python.framework/Versions/3.11/lib/python3.11/site-packages/airflow/example_dags/example_complex.py
[2023-10-21T14:33:34.447+0200] {logging_mixin.py:151} INFO - [2023-10-21T14:33:34.447+0200] {dag.py:2941} INFO - Sync 1 DAGs
[2023-10-21T14:33:34.450+0200] {logging_mixin.py:151} INFO - [2023-10-21T14:33:34.450+0200] {dag.py:3722} INFO - Setting next_dagrun for example_complex to None, run_after=None
[2023-10-21T14:33:34.457+0200] {processor.py:179} INFO - Processing /Library/Frameworks/Python.framework/Versions/3.11/lib/python3.11/site-packages/airflow/example_dags/example_complex.py took 0.103 seconds
[2023-10-21T14:34:43.830+0200] {processor.py:157} INFO - Started process (PID=65970) to work on /Library/Frameworks/Python.framework/Versions/3.11/lib/python3.11/site-packages/airflow/example_dags/example_complex.py
[2023-10-21T14:34:43.833+0200] {processor.py:829} INFO - Processing file /Library/Frameworks/Python.framework/Versions/3.11/lib/python3.11/site-packages/airflow/example_dags/example_complex.py for tasks to queue
[2023-10-21T14:34:43.833+0200] {logging_mixin.py:151} INFO - [2023-10-21T14:34:43.833+0200] {dagbag.py:536} INFO - Filling up the DagBag from /Library/Frameworks/Python.framework/Versions/3.11/lib/python3.11/site-packages/airflow/example_dags/example_complex.py
[2023-10-21T14:34:43.843+0200] {processor.py:839} INFO - DAG(s) dict_keys(['example_complex']) retrieved from /Library/Frameworks/Python.framework/Versions/3.11/lib/python3.11/site-packages/airflow/example_dags/example_complex.py
[2023-10-21T14:34:43.919+0200] {logging_mixin.py:151} INFO - [2023-10-21T14:34:43.919+0200] {dag.py:2941} INFO - Sync 1 DAGs
[2023-10-21T14:34:43.922+0200] {logging_mixin.py:151} INFO - [2023-10-21T14:34:43.922+0200] {dag.py:3722} INFO - Setting next_dagrun for example_complex to None, run_after=None
[2023-10-21T14:34:43.929+0200] {processor.py:179} INFO - Processing /Library/Frameworks/Python.framework/Versions/3.11/lib/python3.11/site-packages/airflow/example_dags/example_complex.py took 0.099 seconds
[2023-10-21T14:35:55.667+0200] {processor.py:157} INFO - Started process (PID=66143) to work on /Library/Frameworks/Python.framework/Versions/3.11/lib/python3.11/site-packages/airflow/example_dags/example_complex.py
[2023-10-21T14:35:55.669+0200] {processor.py:829} INFO - Processing file /Library/Frameworks/Python.framework/Versions/3.11/lib/python3.11/site-packages/airflow/example_dags/example_complex.py for tasks to queue
[2023-10-21T14:35:55.669+0200] {logging_mixin.py:151} INFO - [2023-10-21T14:35:55.669+0200] {dagbag.py:536} INFO - Filling up the DagBag from /Library/Frameworks/Python.framework/Versions/3.11/lib/python3.11/site-packages/airflow/example_dags/example_complex.py
[2023-10-21T14:35:55.679+0200] {processor.py:839} INFO - DAG(s) dict_keys(['example_complex']) retrieved from /Library/Frameworks/Python.framework/Versions/3.11/lib/python3.11/site-packages/airflow/example_dags/example_complex.py
[2023-10-21T14:35:55.754+0200] {logging_mixin.py:151} INFO - [2023-10-21T14:35:55.754+0200] {dag.py:2941} INFO - Sync 1 DAGs
[2023-10-21T14:35:55.758+0200] {logging_mixin.py:151} INFO - [2023-10-21T14:35:55.758+0200] {dag.py:3722} INFO - Setting next_dagrun for example_complex to None, run_after=None
[2023-10-21T14:35:55.764+0200] {processor.py:179} INFO - Processing /Library/Frameworks/Python.framework/Versions/3.11/lib/python3.11/site-packages/airflow/example_dags/example_complex.py took 0.097 seconds
[2023-10-21T14:46:00.916+0200] {processor.py:157} INFO - Started process (PID=67020) to work on /Library/Frameworks/Python.framework/Versions/3.11/lib/python3.11/site-packages/airflow/example_dags/example_complex.py
[2023-10-21T14:46:00.917+0200] {processor.py:829} INFO - Processing file /Library/Frameworks/Python.framework/Versions/3.11/lib/python3.11/site-packages/airflow/example_dags/example_complex.py for tasks to queue
[2023-10-21T14:46:00.918+0200] {logging_mixin.py:151} INFO - [2023-10-21T14:46:00.918+0200] {dagbag.py:536} INFO - Filling up the DagBag from /Library/Frameworks/Python.framework/Versions/3.11/lib/python3.11/site-packages/airflow/example_dags/example_complex.py
[2023-10-21T14:46:00.928+0200] {processor.py:839} INFO - DAG(s) dict_keys(['example_complex']) retrieved from /Library/Frameworks/Python.framework/Versions/3.11/lib/python3.11/site-packages/airflow/example_dags/example_complex.py
[2023-10-21T14:46:01.003+0200] {logging_mixin.py:151} INFO - [2023-10-21T14:46:01.002+0200] {dag.py:2941} INFO - Sync 1 DAGs
[2023-10-21T14:46:01.006+0200] {logging_mixin.py:151} INFO - [2023-10-21T14:46:01.006+0200] {dag.py:3722} INFO - Setting next_dagrun for example_complex to None, run_after=None
[2023-10-21T14:46:01.013+0200] {processor.py:179} INFO - Processing /Library/Frameworks/Python.framework/Versions/3.11/lib/python3.11/site-packages/airflow/example_dags/example_complex.py took 0.097 seconds
[2023-10-21T14:51:57.625+0200] {processor.py:157} INFO - Started process (PID=67799) to work on /Library/Frameworks/Python.framework/Versions/3.11/lib/python3.11/site-packages/airflow/example_dags/example_complex.py
[2023-10-21T14:51:57.627+0200] {processor.py:829} INFO - Processing file /Library/Frameworks/Python.framework/Versions/3.11/lib/python3.11/site-packages/airflow/example_dags/example_complex.py for tasks to queue
[2023-10-21T14:51:57.627+0200] {logging_mixin.py:151} INFO - [2023-10-21T14:51:57.627+0200] {dagbag.py:536} INFO - Filling up the DagBag from /Library/Frameworks/Python.framework/Versions/3.11/lib/python3.11/site-packages/airflow/example_dags/example_complex.py
[2023-10-21T14:51:57.638+0200] {processor.py:839} INFO - DAG(s) dict_keys(['example_complex']) retrieved from /Library/Frameworks/Python.framework/Versions/3.11/lib/python3.11/site-packages/airflow/example_dags/example_complex.py
[2023-10-21T14:51:57.656+0200] {logging_mixin.py:151} INFO - [2023-10-21T14:51:57.656+0200] {dag.py:2941} INFO - Sync 1 DAGs
[2023-10-21T14:51:57.682+0200] {logging_mixin.py:151} INFO - [2023-10-21T14:51:57.682+0200] {dag.py:3722} INFO - Setting next_dagrun for example_complex to None, run_after=None
[2023-10-21T14:51:57.689+0200] {processor.py:179} INFO - Processing /Library/Frameworks/Python.framework/Versions/3.11/lib/python3.11/site-packages/airflow/example_dags/example_complex.py took 0.064 seconds
[2023-10-21T14:53:07.598+0200] {processor.py:157} INFO - Started process (PID=67937) to work on /Library/Frameworks/Python.framework/Versions/3.11/lib/python3.11/site-packages/airflow/example_dags/example_complex.py
[2023-10-21T14:53:07.600+0200] {processor.py:829} INFO - Processing file /Library/Frameworks/Python.framework/Versions/3.11/lib/python3.11/site-packages/airflow/example_dags/example_complex.py for tasks to queue
[2023-10-21T14:53:07.600+0200] {logging_mixin.py:151} INFO - [2023-10-21T14:53:07.600+0200] {dagbag.py:536} INFO - Filling up the DagBag from /Library/Frameworks/Python.framework/Versions/3.11/lib/python3.11/site-packages/airflow/example_dags/example_complex.py
[2023-10-21T14:53:07.612+0200] {processor.py:839} INFO - DAG(s) dict_keys(['example_complex']) retrieved from /Library/Frameworks/Python.framework/Versions/3.11/lib/python3.11/site-packages/airflow/example_dags/example_complex.py
[2023-10-21T14:53:07.688+0200] {logging_mixin.py:151} INFO - [2023-10-21T14:53:07.688+0200] {dag.py:2941} INFO - Sync 1 DAGs
[2023-10-21T14:53:07.692+0200] {logging_mixin.py:151} INFO - [2023-10-21T14:53:07.691+0200] {dag.py:3722} INFO - Setting next_dagrun for example_complex to None, run_after=None
[2023-10-21T14:53:07.698+0200] {processor.py:179} INFO - Processing /Library/Frameworks/Python.framework/Versions/3.11/lib/python3.11/site-packages/airflow/example_dags/example_complex.py took 0.100 seconds
[2023-10-21T14:54:19.715+0200] {processor.py:157} INFO - Started process (PID=68080) to work on /Library/Frameworks/Python.framework/Versions/3.11/lib/python3.11/site-packages/airflow/example_dags/example_complex.py
[2023-10-21T14:54:19.718+0200] {processor.py:829} INFO - Processing file /Library/Frameworks/Python.framework/Versions/3.11/lib/python3.11/site-packages/airflow/example_dags/example_complex.py for tasks to queue
[2023-10-21T14:54:19.718+0200] {logging_mixin.py:151} INFO - [2023-10-21T14:54:19.718+0200] {dagbag.py:536} INFO - Filling up the DagBag from /Library/Frameworks/Python.framework/Versions/3.11/lib/python3.11/site-packages/airflow/example_dags/example_complex.py
[2023-10-21T14:54:19.729+0200] {processor.py:839} INFO - DAG(s) dict_keys(['example_complex']) retrieved from /Library/Frameworks/Python.framework/Versions/3.11/lib/python3.11/site-packages/airflow/example_dags/example_complex.py
[2023-10-21T14:54:19.805+0200] {logging_mixin.py:151} INFO - [2023-10-21T14:54:19.805+0200] {dag.py:2941} INFO - Sync 1 DAGs
[2023-10-21T14:54:19.809+0200] {logging_mixin.py:151} INFO - [2023-10-21T14:54:19.809+0200] {dag.py:3722} INFO - Setting next_dagrun for example_complex to None, run_after=None
[2023-10-21T14:54:19.815+0200] {processor.py:179} INFO - Processing /Library/Frameworks/Python.framework/Versions/3.11/lib/python3.11/site-packages/airflow/example_dags/example_complex.py took 0.101 seconds
[2023-10-21T14:55:28.675+0200] {processor.py:157} INFO - Started process (PID=68223) to work on /Library/Frameworks/Python.framework/Versions/3.11/lib/python3.11/site-packages/airflow/example_dags/example_complex.py
[2023-10-21T14:55:28.678+0200] {processor.py:829} INFO - Processing file /Library/Frameworks/Python.framework/Versions/3.11/lib/python3.11/site-packages/airflow/example_dags/example_complex.py for tasks to queue
[2023-10-21T14:55:28.678+0200] {logging_mixin.py:151} INFO - [2023-10-21T14:55:28.678+0200] {dagbag.py:536} INFO - Filling up the DagBag from /Library/Frameworks/Python.framework/Versions/3.11/lib/python3.11/site-packages/airflow/example_dags/example_complex.py
[2023-10-21T14:55:28.689+0200] {processor.py:839} INFO - DAG(s) dict_keys(['example_complex']) retrieved from /Library/Frameworks/Python.framework/Versions/3.11/lib/python3.11/site-packages/airflow/example_dags/example_complex.py
[2023-10-21T14:55:28.764+0200] {logging_mixin.py:151} INFO - [2023-10-21T14:55:28.764+0200] {dag.py:2941} INFO - Sync 1 DAGs
[2023-10-21T14:55:28.767+0200] {logging_mixin.py:151} INFO - [2023-10-21T14:55:28.767+0200] {dag.py:3722} INFO - Setting next_dagrun for example_complex to None, run_after=None
[2023-10-21T14:55:28.775+0200] {processor.py:179} INFO - Processing /Library/Frameworks/Python.framework/Versions/3.11/lib/python3.11/site-packages/airflow/example_dags/example_complex.py took 0.099 seconds
