[2023-10-21T14:28:52.791+0200] {processor.py:157} INFO - Started process (PID=65147) to work on /Library/Frameworks/Python.framework/Versions/3.11/lib/python3.11/site-packages/airflow/example_dags/example_bash_operator.py
[2023-10-21T14:28:52.792+0200] {processor.py:829} INFO - Processing file /Library/Frameworks/Python.framework/Versions/3.11/lib/python3.11/site-packages/airflow/example_dags/example_bash_operator.py for tasks to queue
[2023-10-21T14:28:52.793+0200] {logging_mixin.py:151} INFO - [2023-10-21T14:28:52.792+0200] {dagbag.py:536} INFO - Filling up the DagBag from /Library/Frameworks/Python.framework/Versions/3.11/lib/python3.11/site-packages/airflow/example_dags/example_bash_operator.py
[2023-10-21T14:28:52.831+0200] {processor.py:839} INFO - DAG(s) dict_keys(['example_bash_operator']) retrieved from /Library/Frameworks/Python.framework/Versions/3.11/lib/python3.11/site-packages/airflow/example_dags/example_bash_operator.py
[2023-10-21T14:28:53.107+0200] {logging_mixin.py:151} INFO - [2023-10-21T14:28:53.107+0200] {dag.py:2941} INFO - Sync 1 DAGs
[2023-10-21T14:28:53.113+0200] {logging_mixin.py:151} INFO - [2023-10-21T14:28:53.113+0200] {dag.py:3722} INFO - Setting next_dagrun for example_bash_operator to 2023-10-20T00:00:00+00:00, run_after=2023-10-21T00:00:00+00:00
[2023-10-21T14:28:53.120+0200] {processor.py:179} INFO - Processing /Library/Frameworks/Python.framework/Versions/3.11/lib/python3.11/site-packages/airflow/example_dags/example_bash_operator.py took 0.329 seconds
[2023-10-21T14:30:09.846+0200] {processor.py:157} INFO - Started process (PID=65330) to work on /Library/Frameworks/Python.framework/Versions/3.11/lib/python3.11/site-packages/airflow/example_dags/example_bash_operator.py
[2023-10-21T14:30:09.849+0200] {processor.py:829} INFO - Processing file /Library/Frameworks/Python.framework/Versions/3.11/lib/python3.11/site-packages/airflow/example_dags/example_bash_operator.py for tasks to queue
[2023-10-21T14:30:09.849+0200] {logging_mixin.py:151} INFO - [2023-10-21T14:30:09.849+0200] {dagbag.py:536} INFO - Filling up the DagBag from /Library/Frameworks/Python.framework/Versions/3.11/lib/python3.11/site-packages/airflow/example_dags/example_bash_operator.py
[2023-10-21T14:30:09.885+0200] {processor.py:839} INFO - DAG(s) dict_keys(['example_bash_operator']) retrieved from /Library/Frameworks/Python.framework/Versions/3.11/lib/python3.11/site-packages/airflow/example_dags/example_bash_operator.py
[2023-10-21T14:30:09.932+0200] {logging_mixin.py:151} INFO - [2023-10-21T14:30:09.932+0200] {dag.py:2941} INFO - Sync 1 DAGs
[2023-10-21T14:30:09.938+0200] {logging_mixin.py:151} INFO - [2023-10-21T14:30:09.938+0200] {dag.py:3722} INFO - Setting next_dagrun for example_bash_operator to 2023-10-20T00:00:00+00:00, run_after=2023-10-21T00:00:00+00:00
[2023-10-21T14:30:09.944+0200] {processor.py:179} INFO - Processing /Library/Frameworks/Python.framework/Versions/3.11/lib/python3.11/site-packages/airflow/example_dags/example_bash_operator.py took 0.098 seconds
[2023-10-21T14:31:21.122+0200] {processor.py:157} INFO - Started process (PID=65473) to work on /Library/Frameworks/Python.framework/Versions/3.11/lib/python3.11/site-packages/airflow/example_dags/example_bash_operator.py
[2023-10-21T14:31:21.124+0200] {processor.py:829} INFO - Processing file /Library/Frameworks/Python.framework/Versions/3.11/lib/python3.11/site-packages/airflow/example_dags/example_bash_operator.py for tasks to queue
[2023-10-21T14:31:21.124+0200] {logging_mixin.py:151} INFO - [2023-10-21T14:31:21.124+0200] {dagbag.py:536} INFO - Filling up the DagBag from /Library/Frameworks/Python.framework/Versions/3.11/lib/python3.11/site-packages/airflow/example_dags/example_bash_operator.py
[2023-10-21T14:31:21.162+0200] {processor.py:839} INFO - DAG(s) dict_keys(['example_bash_operator']) retrieved from /Library/Frameworks/Python.framework/Versions/3.11/lib/python3.11/site-packages/airflow/example_dags/example_bash_operator.py
[2023-10-21T14:31:21.209+0200] {logging_mixin.py:151} INFO - [2023-10-21T14:31:21.209+0200] {dag.py:2941} INFO - Sync 1 DAGs
[2023-10-21T14:31:21.215+0200] {logging_mixin.py:151} INFO - [2023-10-21T14:31:21.215+0200] {dag.py:3722} INFO - Setting next_dagrun for example_bash_operator to 2023-10-20T00:00:00+00:00, run_after=2023-10-21T00:00:00+00:00
[2023-10-21T14:31:21.224+0200] {processor.py:179} INFO - Processing /Library/Frameworks/Python.framework/Versions/3.11/lib/python3.11/site-packages/airflow/example_dags/example_bash_operator.py took 0.102 seconds
[2023-10-21T14:32:33.051+0200] {processor.py:157} INFO - Started process (PID=65620) to work on /Library/Frameworks/Python.framework/Versions/3.11/lib/python3.11/site-packages/airflow/example_dags/example_bash_operator.py
[2023-10-21T14:32:33.053+0200] {processor.py:829} INFO - Processing file /Library/Frameworks/Python.framework/Versions/3.11/lib/python3.11/site-packages/airflow/example_dags/example_bash_operator.py for tasks to queue
[2023-10-21T14:32:33.053+0200] {logging_mixin.py:151} INFO - [2023-10-21T14:32:33.053+0200] {dagbag.py:536} INFO - Filling up the DagBag from /Library/Frameworks/Python.framework/Versions/3.11/lib/python3.11/site-packages/airflow/example_dags/example_bash_operator.py
[2023-10-21T14:32:33.089+0200] {processor.py:839} INFO - DAG(s) dict_keys(['example_bash_operator']) retrieved from /Library/Frameworks/Python.framework/Versions/3.11/lib/python3.11/site-packages/airflow/example_dags/example_bash_operator.py
[2023-10-21T14:32:33.137+0200] {logging_mixin.py:151} INFO - [2023-10-21T14:32:33.136+0200] {dag.py:2941} INFO - Sync 1 DAGs
[2023-10-21T14:32:33.142+0200] {logging_mixin.py:151} INFO - [2023-10-21T14:32:33.142+0200] {dag.py:3722} INFO - Setting next_dagrun for example_bash_operator to 2023-10-20T00:00:00+00:00, run_after=2023-10-21T00:00:00+00:00
[2023-10-21T14:32:33.149+0200] {processor.py:179} INFO - Processing /Library/Frameworks/Python.framework/Versions/3.11/lib/python3.11/site-packages/airflow/example_dags/example_bash_operator.py took 0.098 seconds
[2023-10-21T14:33:43.755+0200] {processor.py:157} INFO - Started process (PID=65841) to work on /Library/Frameworks/Python.framework/Versions/3.11/lib/python3.11/site-packages/airflow/example_dags/example_bash_operator.py
[2023-10-21T14:33:43.757+0200] {processor.py:829} INFO - Processing file /Library/Frameworks/Python.framework/Versions/3.11/lib/python3.11/site-packages/airflow/example_dags/example_bash_operator.py for tasks to queue
[2023-10-21T14:33:43.758+0200] {logging_mixin.py:151} INFO - [2023-10-21T14:33:43.757+0200] {dagbag.py:536} INFO - Filling up the DagBag from /Library/Frameworks/Python.framework/Versions/3.11/lib/python3.11/site-packages/airflow/example_dags/example_bash_operator.py
[2023-10-21T14:33:43.798+0200] {processor.py:839} INFO - DAG(s) dict_keys(['example_bash_operator']) retrieved from /Library/Frameworks/Python.framework/Versions/3.11/lib/python3.11/site-packages/airflow/example_dags/example_bash_operator.py
[2023-10-21T14:33:43.853+0200] {logging_mixin.py:151} INFO - [2023-10-21T14:33:43.853+0200] {dag.py:2941} INFO - Sync 1 DAGs
[2023-10-21T14:33:43.859+0200] {logging_mixin.py:151} INFO - [2023-10-21T14:33:43.859+0200] {dag.py:3722} INFO - Setting next_dagrun for example_bash_operator to 2023-10-20T00:00:00+00:00, run_after=2023-10-21T00:00:00+00:00
[2023-10-21T14:33:43.867+0200] {processor.py:179} INFO - Processing /Library/Frameworks/Python.framework/Versions/3.11/lib/python3.11/site-packages/airflow/example_dags/example_bash_operator.py took 0.112 seconds
[2023-10-21T14:34:54.216+0200] {processor.py:157} INFO - Started process (PID=65990) to work on /Library/Frameworks/Python.framework/Versions/3.11/lib/python3.11/site-packages/airflow/example_dags/example_bash_operator.py
[2023-10-21T14:34:54.218+0200] {processor.py:829} INFO - Processing file /Library/Frameworks/Python.framework/Versions/3.11/lib/python3.11/site-packages/airflow/example_dags/example_bash_operator.py for tasks to queue
[2023-10-21T14:34:54.218+0200] {logging_mixin.py:151} INFO - [2023-10-21T14:34:54.218+0200] {dagbag.py:536} INFO - Filling up the DagBag from /Library/Frameworks/Python.framework/Versions/3.11/lib/python3.11/site-packages/airflow/example_dags/example_bash_operator.py
[2023-10-21T14:34:54.261+0200] {processor.py:839} INFO - DAG(s) dict_keys(['example_bash_operator']) retrieved from /Library/Frameworks/Python.framework/Versions/3.11/lib/python3.11/site-packages/airflow/example_dags/example_bash_operator.py
[2023-10-21T14:34:54.316+0200] {logging_mixin.py:151} INFO - [2023-10-21T14:34:54.316+0200] {dag.py:2941} INFO - Sync 1 DAGs
[2023-10-21T14:34:54.323+0200] {logging_mixin.py:151} INFO - [2023-10-21T14:34:54.323+0200] {dag.py:3722} INFO - Setting next_dagrun for example_bash_operator to 2023-10-20T00:00:00+00:00, run_after=2023-10-21T00:00:00+00:00
[2023-10-21T14:34:54.333+0200] {processor.py:179} INFO - Processing /Library/Frameworks/Python.framework/Versions/3.11/lib/python3.11/site-packages/airflow/example_dags/example_bash_operator.py took 0.117 seconds
[2023-10-21T14:36:06.091+0200] {processor.py:157} INFO - Started process (PID=66161) to work on /Library/Frameworks/Python.framework/Versions/3.11/lib/python3.11/site-packages/airflow/example_dags/example_bash_operator.py
[2023-10-21T14:36:06.093+0200] {processor.py:829} INFO - Processing file /Library/Frameworks/Python.framework/Versions/3.11/lib/python3.11/site-packages/airflow/example_dags/example_bash_operator.py for tasks to queue
[2023-10-21T14:36:06.093+0200] {logging_mixin.py:151} INFO - [2023-10-21T14:36:06.093+0200] {dagbag.py:536} INFO - Filling up the DagBag from /Library/Frameworks/Python.framework/Versions/3.11/lib/python3.11/site-packages/airflow/example_dags/example_bash_operator.py
[2023-10-21T14:36:06.130+0200] {processor.py:839} INFO - DAG(s) dict_keys(['example_bash_operator']) retrieved from /Library/Frameworks/Python.framework/Versions/3.11/lib/python3.11/site-packages/airflow/example_dags/example_bash_operator.py
[2023-10-21T14:36:06.177+0200] {logging_mixin.py:151} INFO - [2023-10-21T14:36:06.177+0200] {dag.py:2941} INFO - Sync 1 DAGs
[2023-10-21T14:36:06.183+0200] {logging_mixin.py:151} INFO - [2023-10-21T14:36:06.183+0200] {dag.py:3722} INFO - Setting next_dagrun for example_bash_operator to 2023-10-20T00:00:00+00:00, run_after=2023-10-21T00:00:00+00:00
[2023-10-21T14:36:06.190+0200] {processor.py:179} INFO - Processing /Library/Frameworks/Python.framework/Versions/3.11/lib/python3.11/site-packages/airflow/example_dags/example_bash_operator.py took 0.099 seconds
[2023-10-21T14:46:09.531+0200] {processor.py:157} INFO - Started process (PID=67035) to work on /Library/Frameworks/Python.framework/Versions/3.11/lib/python3.11/site-packages/airflow/example_dags/example_bash_operator.py
[2023-10-21T14:46:09.532+0200] {processor.py:829} INFO - Processing file /Library/Frameworks/Python.framework/Versions/3.11/lib/python3.11/site-packages/airflow/example_dags/example_bash_operator.py for tasks to queue
[2023-10-21T14:46:09.533+0200] {logging_mixin.py:151} INFO - [2023-10-21T14:46:09.533+0200] {dagbag.py:536} INFO - Filling up the DagBag from /Library/Frameworks/Python.framework/Versions/3.11/lib/python3.11/site-packages/airflow/example_dags/example_bash_operator.py
[2023-10-21T14:46:09.570+0200] {processor.py:839} INFO - DAG(s) dict_keys(['example_bash_operator']) retrieved from /Library/Frameworks/Python.framework/Versions/3.11/lib/python3.11/site-packages/airflow/example_dags/example_bash_operator.py
[2023-10-21T14:46:09.618+0200] {logging_mixin.py:151} INFO - [2023-10-21T14:46:09.617+0200] {dag.py:2941} INFO - Sync 1 DAGs
[2023-10-21T14:46:09.623+0200] {logging_mixin.py:151} INFO - [2023-10-21T14:46:09.623+0200] {dag.py:3722} INFO - Setting next_dagrun for example_bash_operator to 2023-10-20T00:00:00+00:00, run_after=2023-10-21T00:00:00+00:00
[2023-10-21T14:46:09.630+0200] {processor.py:179} INFO - Processing /Library/Frameworks/Python.framework/Versions/3.11/lib/python3.11/site-packages/airflow/example_dags/example_bash_operator.py took 0.100 seconds
[2023-10-21T14:52:06.574+0200] {processor.py:157} INFO - Started process (PID=67815) to work on /Library/Frameworks/Python.framework/Versions/3.11/lib/python3.11/site-packages/airflow/example_dags/example_bash_operator.py
[2023-10-21T14:52:06.577+0200] {processor.py:829} INFO - Processing file /Library/Frameworks/Python.framework/Versions/3.11/lib/python3.11/site-packages/airflow/example_dags/example_bash_operator.py for tasks to queue
[2023-10-21T14:52:06.577+0200] {logging_mixin.py:151} INFO - [2023-10-21T14:52:06.577+0200] {dagbag.py:536} INFO - Filling up the DagBag from /Library/Frameworks/Python.framework/Versions/3.11/lib/python3.11/site-packages/airflow/example_dags/example_bash_operator.py
[2023-10-21T14:52:06.613+0200] {processor.py:839} INFO - DAG(s) dict_keys(['example_bash_operator']) retrieved from /Library/Frameworks/Python.framework/Versions/3.11/lib/python3.11/site-packages/airflow/example_dags/example_bash_operator.py
[2023-10-21T14:52:06.661+0200] {logging_mixin.py:151} INFO - [2023-10-21T14:52:06.661+0200] {dag.py:2941} INFO - Sync 1 DAGs
[2023-10-21T14:52:06.666+0200] {logging_mixin.py:151} INFO - [2023-10-21T14:52:06.666+0200] {dag.py:3722} INFO - Setting next_dagrun for example_bash_operator to 2023-10-20T00:00:00+00:00, run_after=2023-10-21T00:00:00+00:00
[2023-10-21T14:52:06.673+0200] {processor.py:179} INFO - Processing /Library/Frameworks/Python.framework/Versions/3.11/lib/python3.11/site-packages/airflow/example_dags/example_bash_operator.py took 0.099 seconds
[2023-10-21T14:53:17.131+0200] {processor.py:157} INFO - Started process (PID=67954) to work on /Library/Frameworks/Python.framework/Versions/3.11/lib/python3.11/site-packages/airflow/example_dags/example_bash_operator.py
[2023-10-21T14:53:17.133+0200] {processor.py:829} INFO - Processing file /Library/Frameworks/Python.framework/Versions/3.11/lib/python3.11/site-packages/airflow/example_dags/example_bash_operator.py for tasks to queue
[2023-10-21T14:53:17.133+0200] {logging_mixin.py:151} INFO - [2023-10-21T14:53:17.133+0200] {dagbag.py:536} INFO - Filling up the DagBag from /Library/Frameworks/Python.framework/Versions/3.11/lib/python3.11/site-packages/airflow/example_dags/example_bash_operator.py
[2023-10-21T14:53:17.170+0200] {processor.py:839} INFO - DAG(s) dict_keys(['example_bash_operator']) retrieved from /Library/Frameworks/Python.framework/Versions/3.11/lib/python3.11/site-packages/airflow/example_dags/example_bash_operator.py
[2023-10-21T14:53:17.218+0200] {logging_mixin.py:151} INFO - [2023-10-21T14:53:17.218+0200] {dag.py:2941} INFO - Sync 1 DAGs
[2023-10-21T14:53:17.223+0200] {logging_mixin.py:151} INFO - [2023-10-21T14:53:17.223+0200] {dag.py:3722} INFO - Setting next_dagrun for example_bash_operator to 2023-10-20T00:00:00+00:00, run_after=2023-10-21T00:00:00+00:00
[2023-10-21T14:53:17.230+0200] {processor.py:179} INFO - Processing /Library/Frameworks/Python.framework/Versions/3.11/lib/python3.11/site-packages/airflow/example_dags/example_bash_operator.py took 0.099 seconds
[2023-10-21T14:54:29.258+0200] {processor.py:157} INFO - Started process (PID=68098) to work on /Library/Frameworks/Python.framework/Versions/3.11/lib/python3.11/site-packages/airflow/example_dags/example_bash_operator.py
[2023-10-21T14:54:29.261+0200] {processor.py:829} INFO - Processing file /Library/Frameworks/Python.framework/Versions/3.11/lib/python3.11/site-packages/airflow/example_dags/example_bash_operator.py for tasks to queue
[2023-10-21T14:54:29.261+0200] {logging_mixin.py:151} INFO - [2023-10-21T14:54:29.261+0200] {dagbag.py:536} INFO - Filling up the DagBag from /Library/Frameworks/Python.framework/Versions/3.11/lib/python3.11/site-packages/airflow/example_dags/example_bash_operator.py
[2023-10-21T14:54:29.297+0200] {processor.py:839} INFO - DAG(s) dict_keys(['example_bash_operator']) retrieved from /Library/Frameworks/Python.framework/Versions/3.11/lib/python3.11/site-packages/airflow/example_dags/example_bash_operator.py
[2023-10-21T14:54:29.344+0200] {logging_mixin.py:151} INFO - [2023-10-21T14:54:29.344+0200] {dag.py:2941} INFO - Sync 1 DAGs
[2023-10-21T14:54:29.350+0200] {logging_mixin.py:151} INFO - [2023-10-21T14:54:29.350+0200] {dag.py:3722} INFO - Setting next_dagrun for example_bash_operator to 2023-10-20T00:00:00+00:00, run_after=2023-10-21T00:00:00+00:00
[2023-10-21T14:54:29.357+0200] {processor.py:179} INFO - Processing /Library/Frameworks/Python.framework/Versions/3.11/lib/python3.11/site-packages/airflow/example_dags/example_bash_operator.py took 0.099 seconds
[2023-10-21T14:55:39.250+0200] {processor.py:157} INFO - Started process (PID=68243) to work on /Library/Frameworks/Python.framework/Versions/3.11/lib/python3.11/site-packages/airflow/example_dags/example_bash_operator.py
[2023-10-21T14:55:39.252+0200] {processor.py:829} INFO - Processing file /Library/Frameworks/Python.framework/Versions/3.11/lib/python3.11/site-packages/airflow/example_dags/example_bash_operator.py for tasks to queue
[2023-10-21T14:55:39.253+0200] {logging_mixin.py:151} INFO - [2023-10-21T14:55:39.253+0200] {dagbag.py:536} INFO - Filling up the DagBag from /Library/Frameworks/Python.framework/Versions/3.11/lib/python3.11/site-packages/airflow/example_dags/example_bash_operator.py
[2023-10-21T14:55:39.290+0200] {processor.py:839} INFO - DAG(s) dict_keys(['example_bash_operator']) retrieved from /Library/Frameworks/Python.framework/Versions/3.11/lib/python3.11/site-packages/airflow/example_dags/example_bash_operator.py
[2023-10-21T14:55:39.337+0200] {logging_mixin.py:151} INFO - [2023-10-21T14:55:39.337+0200] {dag.py:2941} INFO - Sync 1 DAGs
[2023-10-21T14:55:39.343+0200] {logging_mixin.py:151} INFO - [2023-10-21T14:55:39.343+0200] {dag.py:3722} INFO - Setting next_dagrun for example_bash_operator to 2023-10-20T00:00:00+00:00, run_after=2023-10-21T00:00:00+00:00
[2023-10-21T14:55:39.350+0200] {processor.py:179} INFO - Processing /Library/Frameworks/Python.framework/Versions/3.11/lib/python3.11/site-packages/airflow/example_dags/example_bash_operator.py took 0.100 seconds
