[2023-10-21T14:27:08.569+0200] {processor.py:157} INFO - Started process (PID=64965) to work on /Library/Frameworks/Python.framework/Versions/3.11/lib/python3.11/site-packages/airflow/example_dags/example_trigger_controller_dag.py
[2023-10-21T14:27:08.571+0200] {processor.py:829} INFO - Processing file /Library/Frameworks/Python.framework/Versions/3.11/lib/python3.11/site-packages/airflow/example_dags/example_trigger_controller_dag.py for tasks to queue
[2023-10-21T14:27:08.571+0200] {logging_mixin.py:151} INFO - [2023-10-21T14:27:08.571+0200] {dagbag.py:536} INFO - Filling up the DagBag from /Library/Frameworks/Python.framework/Versions/3.11/lib/python3.11/site-packages/airflow/example_dags/example_trigger_controller_dag.py
[2023-10-21T14:27:08.580+0200] {processor.py:839} INFO - DAG(s) dict_keys(['example_trigger_controller_dag']) retrieved from /Library/Frameworks/Python.framework/Versions/3.11/lib/python3.11/site-packages/airflow/example_dags/example_trigger_controller_dag.py
[2023-10-21T14:27:08.872+0200] {logging_mixin.py:151} INFO - [2023-10-21T14:27:08.871+0200] {dag.py:2941} INFO - Sync 1 DAGs
[2023-10-21T14:27:08.877+0200] {logging_mixin.py:151} INFO - [2023-10-21T14:27:08.877+0200] {dag.py:3722} INFO - Setting next_dagrun for example_trigger_controller_dag to 2021-01-01T00:00:00+00:00, run_after=2021-01-01T00:00:00+00:00
[2023-10-21T14:27:08.884+0200] {processor.py:179} INFO - Processing /Library/Frameworks/Python.framework/Versions/3.11/lib/python3.11/site-packages/airflow/example_dags/example_trigger_controller_dag.py took 0.315 seconds
[2023-10-21T14:27:55.331+0200] {processor.py:157} INFO - Started process (PID=65037) to work on /Library/Frameworks/Python.framework/Versions/3.11/lib/python3.11/site-packages/airflow/example_dags/example_trigger_controller_dag.py
[2023-10-21T14:27:55.334+0200] {processor.py:829} INFO - Processing file /Library/Frameworks/Python.framework/Versions/3.11/lib/python3.11/site-packages/airflow/example_dags/example_trigger_controller_dag.py for tasks to queue
[2023-10-21T14:27:55.334+0200] {logging_mixin.py:151} INFO - [2023-10-21T14:27:55.334+0200] {dagbag.py:536} INFO - Filling up the DagBag from /Library/Frameworks/Python.framework/Versions/3.11/lib/python3.11/site-packages/airflow/example_dags/example_trigger_controller_dag.py
[2023-10-21T14:27:55.344+0200] {processor.py:839} INFO - DAG(s) dict_keys(['example_trigger_controller_dag']) retrieved from /Library/Frameworks/Python.framework/Versions/3.11/lib/python3.11/site-packages/airflow/example_dags/example_trigger_controller_dag.py
[2023-10-21T14:27:55.414+0200] {logging_mixin.py:151} INFO - [2023-10-21T14:27:55.414+0200] {dag.py:2941} INFO - Sync 1 DAGs
[2023-10-21T14:27:55.420+0200] {logging_mixin.py:151} INFO - [2023-10-21T14:27:55.420+0200] {dag.py:3722} INFO - Setting next_dagrun for example_trigger_controller_dag to 2021-01-01T00:00:00+00:00, run_after=2021-01-01T00:00:00+00:00
[2023-10-21T14:27:55.427+0200] {processor.py:179} INFO - Processing /Library/Frameworks/Python.framework/Versions/3.11/lib/python3.11/site-packages/airflow/example_dags/example_trigger_controller_dag.py took 0.095 seconds
[2023-10-21T14:29:10.932+0200] {processor.py:157} INFO - Started process (PID=65186) to work on /Library/Frameworks/Python.framework/Versions/3.11/lib/python3.11/site-packages/airflow/example_dags/example_trigger_controller_dag.py
[2023-10-21T14:29:10.935+0200] {processor.py:829} INFO - Processing file /Library/Frameworks/Python.framework/Versions/3.11/lib/python3.11/site-packages/airflow/example_dags/example_trigger_controller_dag.py for tasks to queue
[2023-10-21T14:29:10.935+0200] {logging_mixin.py:151} INFO - [2023-10-21T14:29:10.935+0200] {dagbag.py:536} INFO - Filling up the DagBag from /Library/Frameworks/Python.framework/Versions/3.11/lib/python3.11/site-packages/airflow/example_dags/example_trigger_controller_dag.py
[2023-10-21T14:29:10.945+0200] {processor.py:839} INFO - DAG(s) dict_keys(['example_trigger_controller_dag']) retrieved from /Library/Frameworks/Python.framework/Versions/3.11/lib/python3.11/site-packages/airflow/example_dags/example_trigger_controller_dag.py
[2023-10-21T14:29:11.019+0200] {logging_mixin.py:151} INFO - [2023-10-21T14:29:11.019+0200] {dag.py:2941} INFO - Sync 1 DAGs
[2023-10-21T14:29:11.025+0200] {logging_mixin.py:151} INFO - [2023-10-21T14:29:11.025+0200] {dag.py:3722} INFO - Setting next_dagrun for example_trigger_controller_dag to 2021-01-01T00:00:00+00:00, run_after=2021-01-01T00:00:00+00:00
[2023-10-21T14:29:11.032+0200] {processor.py:179} INFO - Processing /Library/Frameworks/Python.framework/Versions/3.11/lib/python3.11/site-packages/airflow/example_dags/example_trigger_controller_dag.py took 0.101 seconds
[2023-10-21T14:30:22.230+0200] {processor.py:157} INFO - Started process (PID=65353) to work on /Library/Frameworks/Python.framework/Versions/3.11/lib/python3.11/site-packages/airflow/example_dags/example_trigger_controller_dag.py
[2023-10-21T14:30:22.232+0200] {processor.py:829} INFO - Processing file /Library/Frameworks/Python.framework/Versions/3.11/lib/python3.11/site-packages/airflow/example_dags/example_trigger_controller_dag.py for tasks to queue
[2023-10-21T14:30:22.232+0200] {logging_mixin.py:151} INFO - [2023-10-21T14:30:22.232+0200] {dagbag.py:536} INFO - Filling up the DagBag from /Library/Frameworks/Python.framework/Versions/3.11/lib/python3.11/site-packages/airflow/example_dags/example_trigger_controller_dag.py
[2023-10-21T14:30:22.241+0200] {processor.py:839} INFO - DAG(s) dict_keys(['example_trigger_controller_dag']) retrieved from /Library/Frameworks/Python.framework/Versions/3.11/lib/python3.11/site-packages/airflow/example_dags/example_trigger_controller_dag.py
[2023-10-21T14:30:22.311+0200] {logging_mixin.py:151} INFO - [2023-10-21T14:30:22.311+0200] {dag.py:2941} INFO - Sync 1 DAGs
[2023-10-21T14:30:22.316+0200] {logging_mixin.py:151} INFO - [2023-10-21T14:30:22.316+0200] {dag.py:3722} INFO - Setting next_dagrun for example_trigger_controller_dag to 2021-01-01T00:00:00+00:00, run_after=2021-01-01T00:00:00+00:00
[2023-10-21T14:30:22.323+0200] {processor.py:179} INFO - Processing /Library/Frameworks/Python.framework/Versions/3.11/lib/python3.11/site-packages/airflow/example_dags/example_trigger_controller_dag.py took 0.093 seconds
[2023-10-21T14:31:34.326+0200] {processor.py:157} INFO - Started process (PID=65501) to work on /Library/Frameworks/Python.framework/Versions/3.11/lib/python3.11/site-packages/airflow/example_dags/example_trigger_controller_dag.py
[2023-10-21T14:31:34.329+0200] {processor.py:829} INFO - Processing file /Library/Frameworks/Python.framework/Versions/3.11/lib/python3.11/site-packages/airflow/example_dags/example_trigger_controller_dag.py for tasks to queue
[2023-10-21T14:31:34.329+0200] {logging_mixin.py:151} INFO - [2023-10-21T14:31:34.329+0200] {dagbag.py:536} INFO - Filling up the DagBag from /Library/Frameworks/Python.framework/Versions/3.11/lib/python3.11/site-packages/airflow/example_dags/example_trigger_controller_dag.py
[2023-10-21T14:31:34.338+0200] {processor.py:839} INFO - DAG(s) dict_keys(['example_trigger_controller_dag']) retrieved from /Library/Frameworks/Python.framework/Versions/3.11/lib/python3.11/site-packages/airflow/example_dags/example_trigger_controller_dag.py
[2023-10-21T14:31:34.409+0200] {logging_mixin.py:151} INFO - [2023-10-21T14:31:34.409+0200] {dag.py:2941} INFO - Sync 1 DAGs
[2023-10-21T14:31:34.414+0200] {logging_mixin.py:151} INFO - [2023-10-21T14:31:34.414+0200] {dag.py:3722} INFO - Setting next_dagrun for example_trigger_controller_dag to 2021-01-01T00:00:00+00:00, run_after=2021-01-01T00:00:00+00:00
[2023-10-21T14:31:34.421+0200] {processor.py:179} INFO - Processing /Library/Frameworks/Python.framework/Versions/3.11/lib/python3.11/site-packages/airflow/example_dags/example_trigger_controller_dag.py took 0.095 seconds
[2023-10-21T14:32:45.348+0200] {processor.py:157} INFO - Started process (PID=65645) to work on /Library/Frameworks/Python.framework/Versions/3.11/lib/python3.11/site-packages/airflow/example_dags/example_trigger_controller_dag.py
[2023-10-21T14:32:45.351+0200] {processor.py:829} INFO - Processing file /Library/Frameworks/Python.framework/Versions/3.11/lib/python3.11/site-packages/airflow/example_dags/example_trigger_controller_dag.py for tasks to queue
[2023-10-21T14:32:45.351+0200] {logging_mixin.py:151} INFO - [2023-10-21T14:32:45.351+0200] {dagbag.py:536} INFO - Filling up the DagBag from /Library/Frameworks/Python.framework/Versions/3.11/lib/python3.11/site-packages/airflow/example_dags/example_trigger_controller_dag.py
[2023-10-21T14:32:45.361+0200] {processor.py:839} INFO - DAG(s) dict_keys(['example_trigger_controller_dag']) retrieved from /Library/Frameworks/Python.framework/Versions/3.11/lib/python3.11/site-packages/airflow/example_dags/example_trigger_controller_dag.py
[2023-10-21T14:32:45.431+0200] {logging_mixin.py:151} INFO - [2023-10-21T14:32:45.431+0200] {dag.py:2941} INFO - Sync 1 DAGs
[2023-10-21T14:32:45.436+0200] {logging_mixin.py:151} INFO - [2023-10-21T14:32:45.436+0200] {dag.py:3722} INFO - Setting next_dagrun for example_trigger_controller_dag to 2021-01-01T00:00:00+00:00, run_after=2021-01-01T00:00:00+00:00
[2023-10-21T14:32:45.443+0200] {processor.py:179} INFO - Processing /Library/Frameworks/Python.framework/Versions/3.11/lib/python3.11/site-packages/airflow/example_dags/example_trigger_controller_dag.py took 0.095 seconds
[2023-10-21T14:33:56.557+0200] {processor.py:157} INFO - Started process (PID=65875) to work on /Library/Frameworks/Python.framework/Versions/3.11/lib/python3.11/site-packages/airflow/example_dags/example_trigger_controller_dag.py
[2023-10-21T14:33:56.560+0200] {processor.py:829} INFO - Processing file /Library/Frameworks/Python.framework/Versions/3.11/lib/python3.11/site-packages/airflow/example_dags/example_trigger_controller_dag.py for tasks to queue
[2023-10-21T14:33:56.560+0200] {logging_mixin.py:151} INFO - [2023-10-21T14:33:56.560+0200] {dagbag.py:536} INFO - Filling up the DagBag from /Library/Frameworks/Python.framework/Versions/3.11/lib/python3.11/site-packages/airflow/example_dags/example_trigger_controller_dag.py
[2023-10-21T14:33:56.569+0200] {processor.py:839} INFO - DAG(s) dict_keys(['example_trigger_controller_dag']) retrieved from /Library/Frameworks/Python.framework/Versions/3.11/lib/python3.11/site-packages/airflow/example_dags/example_trigger_controller_dag.py
[2023-10-21T14:33:56.640+0200] {logging_mixin.py:151} INFO - [2023-10-21T14:33:56.640+0200] {dag.py:2941} INFO - Sync 1 DAGs
[2023-10-21T14:33:56.645+0200] {logging_mixin.py:151} INFO - [2023-10-21T14:33:56.645+0200] {dag.py:3722} INFO - Setting next_dagrun for example_trigger_controller_dag to 2021-01-01T00:00:00+00:00, run_after=2021-01-01T00:00:00+00:00
[2023-10-21T14:33:56.652+0200] {processor.py:179} INFO - Processing /Library/Frameworks/Python.framework/Versions/3.11/lib/python3.11/site-packages/airflow/example_dags/example_trigger_controller_dag.py took 0.095 seconds
[2023-10-21T14:35:06.254+0200] {processor.py:157} INFO - Started process (PID=66014) to work on /Library/Frameworks/Python.framework/Versions/3.11/lib/python3.11/site-packages/airflow/example_dags/example_trigger_controller_dag.py
[2023-10-21T14:35:06.256+0200] {processor.py:829} INFO - Processing file /Library/Frameworks/Python.framework/Versions/3.11/lib/python3.11/site-packages/airflow/example_dags/example_trigger_controller_dag.py for tasks to queue
[2023-10-21T14:35:06.256+0200] {logging_mixin.py:151} INFO - [2023-10-21T14:35:06.256+0200] {dagbag.py:536} INFO - Filling up the DagBag from /Library/Frameworks/Python.framework/Versions/3.11/lib/python3.11/site-packages/airflow/example_dags/example_trigger_controller_dag.py
[2023-10-21T14:35:06.265+0200] {processor.py:839} INFO - DAG(s) dict_keys(['example_trigger_controller_dag']) retrieved from /Library/Frameworks/Python.framework/Versions/3.11/lib/python3.11/site-packages/airflow/example_dags/example_trigger_controller_dag.py
[2023-10-21T14:35:06.337+0200] {logging_mixin.py:151} INFO - [2023-10-21T14:35:06.337+0200] {dag.py:2941} INFO - Sync 1 DAGs
[2023-10-21T14:35:06.342+0200] {logging_mixin.py:151} INFO - [2023-10-21T14:35:06.342+0200] {dag.py:3722} INFO - Setting next_dagrun for example_trigger_controller_dag to 2021-01-01T00:00:00+00:00, run_after=2021-01-01T00:00:00+00:00
[2023-10-21T14:35:06.349+0200] {processor.py:179} INFO - Processing /Library/Frameworks/Python.framework/Versions/3.11/lib/python3.11/site-packages/airflow/example_dags/example_trigger_controller_dag.py took 0.095 seconds
[2023-10-21T14:36:16.723+0200] {processor.py:157} INFO - Started process (PID=66188) to work on /Library/Frameworks/Python.framework/Versions/3.11/lib/python3.11/site-packages/airflow/example_dags/example_trigger_controller_dag.py
[2023-10-21T14:36:16.725+0200] {processor.py:829} INFO - Processing file /Library/Frameworks/Python.framework/Versions/3.11/lib/python3.11/site-packages/airflow/example_dags/example_trigger_controller_dag.py for tasks to queue
[2023-10-21T14:36:16.725+0200] {logging_mixin.py:151} INFO - [2023-10-21T14:36:16.725+0200] {dagbag.py:536} INFO - Filling up the DagBag from /Library/Frameworks/Python.framework/Versions/3.11/lib/python3.11/site-packages/airflow/example_dags/example_trigger_controller_dag.py
[2023-10-21T14:36:16.734+0200] {processor.py:839} INFO - DAG(s) dict_keys(['example_trigger_controller_dag']) retrieved from /Library/Frameworks/Python.framework/Versions/3.11/lib/python3.11/site-packages/airflow/example_dags/example_trigger_controller_dag.py
[2023-10-21T14:36:16.805+0200] {logging_mixin.py:151} INFO - [2023-10-21T14:36:16.805+0200] {dag.py:2941} INFO - Sync 1 DAGs
[2023-10-21T14:36:16.810+0200] {logging_mixin.py:151} INFO - [2023-10-21T14:36:16.810+0200] {dag.py:3722} INFO - Setting next_dagrun for example_trigger_controller_dag to 2021-01-01T00:00:00+00:00, run_after=2021-01-01T00:00:00+00:00
[2023-10-21T14:36:16.817+0200] {processor.py:179} INFO - Processing /Library/Frameworks/Python.framework/Versions/3.11/lib/python3.11/site-packages/airflow/example_dags/example_trigger_controller_dag.py took 0.094 seconds
[2023-10-21T14:45:22.073+0200] {processor.py:157} INFO - Started process (PID=66949) to work on /Library/Frameworks/Python.framework/Versions/3.11/lib/python3.11/site-packages/airflow/example_dags/example_trigger_controller_dag.py
[2023-10-21T14:45:22.074+0200] {processor.py:829} INFO - Processing file /Library/Frameworks/Python.framework/Versions/3.11/lib/python3.11/site-packages/airflow/example_dags/example_trigger_controller_dag.py for tasks to queue
[2023-10-21T14:45:22.075+0200] {logging_mixin.py:151} INFO - [2023-10-21T14:45:22.075+0200] {dagbag.py:536} INFO - Filling up the DagBag from /Library/Frameworks/Python.framework/Versions/3.11/lib/python3.11/site-packages/airflow/example_dags/example_trigger_controller_dag.py
[2023-10-21T14:45:22.083+0200] {processor.py:839} INFO - DAG(s) dict_keys(['example_trigger_controller_dag']) retrieved from /Library/Frameworks/Python.framework/Versions/3.11/lib/python3.11/site-packages/airflow/example_dags/example_trigger_controller_dag.py
[2023-10-21T14:45:22.102+0200] {logging_mixin.py:151} INFO - [2023-10-21T14:45:22.102+0200] {dag.py:2941} INFO - Sync 1 DAGs
[2023-10-21T14:45:22.143+0200] {logging_mixin.py:151} INFO - [2023-10-21T14:45:22.143+0200] {dag.py:3722} INFO - Setting next_dagrun for example_trigger_controller_dag to 2021-01-01T00:00:00+00:00, run_after=2021-01-01T00:00:00+00:00
[2023-10-21T14:45:22.149+0200] {processor.py:179} INFO - Processing /Library/Frameworks/Python.framework/Versions/3.11/lib/python3.11/site-packages/airflow/example_dags/example_trigger_controller_dag.py took 0.077 seconds
[2023-10-21T14:46:26.214+0200] {processor.py:157} INFO - Started process (PID=67066) to work on /Library/Frameworks/Python.framework/Versions/3.11/lib/python3.11/site-packages/airflow/example_dags/example_trigger_controller_dag.py
[2023-10-21T14:46:26.215+0200] {processor.py:829} INFO - Processing file /Library/Frameworks/Python.framework/Versions/3.11/lib/python3.11/site-packages/airflow/example_dags/example_trigger_controller_dag.py for tasks to queue
[2023-10-21T14:46:26.215+0200] {logging_mixin.py:151} INFO - [2023-10-21T14:46:26.215+0200] {dagbag.py:536} INFO - Filling up the DagBag from /Library/Frameworks/Python.framework/Versions/3.11/lib/python3.11/site-packages/airflow/example_dags/example_trigger_controller_dag.py
[2023-10-21T14:46:26.224+0200] {processor.py:839} INFO - DAG(s) dict_keys(['example_trigger_controller_dag']) retrieved from /Library/Frameworks/Python.framework/Versions/3.11/lib/python3.11/site-packages/airflow/example_dags/example_trigger_controller_dag.py
[2023-10-21T14:46:26.296+0200] {logging_mixin.py:151} INFO - [2023-10-21T14:46:26.296+0200] {dag.py:2941} INFO - Sync 1 DAGs
[2023-10-21T14:46:26.301+0200] {logging_mixin.py:151} INFO - [2023-10-21T14:46:26.301+0200] {dag.py:3722} INFO - Setting next_dagrun for example_trigger_controller_dag to 2021-01-01T00:00:00+00:00, run_after=2021-01-01T00:00:00+00:00
[2023-10-21T14:46:26.308+0200] {processor.py:179} INFO - Processing /Library/Frameworks/Python.framework/Versions/3.11/lib/python3.11/site-packages/airflow/example_dags/example_trigger_controller_dag.py took 0.095 seconds
[2023-10-21T14:51:19.217+0200] {processor.py:157} INFO - Started process (PID=67717) to work on /Library/Frameworks/Python.framework/Versions/3.11/lib/python3.11/site-packages/airflow/example_dags/example_trigger_controller_dag.py
[2023-10-21T14:51:19.219+0200] {processor.py:829} INFO - Processing file /Library/Frameworks/Python.framework/Versions/3.11/lib/python3.11/site-packages/airflow/example_dags/example_trigger_controller_dag.py for tasks to queue
[2023-10-21T14:51:19.219+0200] {logging_mixin.py:151} INFO - [2023-10-21T14:51:19.219+0200] {dagbag.py:536} INFO - Filling up the DagBag from /Library/Frameworks/Python.framework/Versions/3.11/lib/python3.11/site-packages/airflow/example_dags/example_trigger_controller_dag.py
[2023-10-21T14:51:19.228+0200] {processor.py:839} INFO - DAG(s) dict_keys(['example_trigger_controller_dag']) retrieved from /Library/Frameworks/Python.framework/Versions/3.11/lib/python3.11/site-packages/airflow/example_dags/example_trigger_controller_dag.py
[2023-10-21T14:51:19.299+0200] {logging_mixin.py:151} INFO - [2023-10-21T14:51:19.299+0200] {dag.py:2941} INFO - Sync 1 DAGs
[2023-10-21T14:51:19.304+0200] {logging_mixin.py:151} INFO - [2023-10-21T14:51:19.304+0200] {dag.py:3722} INFO - Setting next_dagrun for example_trigger_controller_dag to 2021-01-01T00:00:00+00:00, run_after=2021-01-01T00:00:00+00:00
[2023-10-21T14:51:19.311+0200] {processor.py:179} INFO - Processing /Library/Frameworks/Python.framework/Versions/3.11/lib/python3.11/site-packages/airflow/example_dags/example_trigger_controller_dag.py took 0.094 seconds
[2023-10-21T14:52:24.236+0200] {processor.py:157} INFO - Started process (PID=67854) to work on /Library/Frameworks/Python.framework/Versions/3.11/lib/python3.11/site-packages/airflow/example_dags/example_trigger_controller_dag.py
[2023-10-21T14:52:24.238+0200] {processor.py:829} INFO - Processing file /Library/Frameworks/Python.framework/Versions/3.11/lib/python3.11/site-packages/airflow/example_dags/example_trigger_controller_dag.py for tasks to queue
[2023-10-21T14:52:24.239+0200] {logging_mixin.py:151} INFO - [2023-10-21T14:52:24.239+0200] {dagbag.py:536} INFO - Filling up the DagBag from /Library/Frameworks/Python.framework/Versions/3.11/lib/python3.11/site-packages/airflow/example_dags/example_trigger_controller_dag.py
[2023-10-21T14:52:24.249+0200] {processor.py:839} INFO - DAG(s) dict_keys(['example_trigger_controller_dag']) retrieved from /Library/Frameworks/Python.framework/Versions/3.11/lib/python3.11/site-packages/airflow/example_dags/example_trigger_controller_dag.py
[2023-10-21T14:52:24.362+0200] {logging_mixin.py:151} INFO - [2023-10-21T14:52:24.362+0200] {dag.py:2941} INFO - Sync 1 DAGs
[2023-10-21T14:52:24.368+0200] {logging_mixin.py:151} INFO - [2023-10-21T14:52:24.368+0200] {dag.py:3722} INFO - Setting next_dagrun for example_trigger_controller_dag to 2021-01-01T00:00:00+00:00, run_after=2021-01-01T00:00:00+00:00
[2023-10-21T14:52:24.377+0200] {processor.py:179} INFO - Processing /Library/Frameworks/Python.framework/Versions/3.11/lib/python3.11/site-packages/airflow/example_dags/example_trigger_controller_dag.py took 0.141 seconds
[2023-10-21T14:53:33.952+0200] {processor.py:157} INFO - Started process (PID=67987) to work on /Library/Frameworks/Python.framework/Versions/3.11/lib/python3.11/site-packages/airflow/example_dags/example_trigger_controller_dag.py
[2023-10-21T14:53:33.954+0200] {processor.py:829} INFO - Processing file /Library/Frameworks/Python.framework/Versions/3.11/lib/python3.11/site-packages/airflow/example_dags/example_trigger_controller_dag.py for tasks to queue
[2023-10-21T14:53:33.954+0200] {logging_mixin.py:151} INFO - [2023-10-21T14:53:33.954+0200] {dagbag.py:536} INFO - Filling up the DagBag from /Library/Frameworks/Python.framework/Versions/3.11/lib/python3.11/site-packages/airflow/example_dags/example_trigger_controller_dag.py
[2023-10-21T14:53:33.963+0200] {processor.py:839} INFO - DAG(s) dict_keys(['example_trigger_controller_dag']) retrieved from /Library/Frameworks/Python.framework/Versions/3.11/lib/python3.11/site-packages/airflow/example_dags/example_trigger_controller_dag.py
[2023-10-21T14:53:34.032+0200] {logging_mixin.py:151} INFO - [2023-10-21T14:53:34.032+0200] {dag.py:2941} INFO - Sync 1 DAGs
[2023-10-21T14:53:34.037+0200] {logging_mixin.py:151} INFO - [2023-10-21T14:53:34.037+0200] {dag.py:3722} INFO - Setting next_dagrun for example_trigger_controller_dag to 2021-01-01T00:00:00+00:00, run_after=2021-01-01T00:00:00+00:00
[2023-10-21T14:53:34.044+0200] {processor.py:179} INFO - Processing /Library/Frameworks/Python.framework/Versions/3.11/lib/python3.11/site-packages/airflow/example_dags/example_trigger_controller_dag.py took 0.092 seconds
[2023-10-21T14:54:46.051+0200] {processor.py:157} INFO - Started process (PID=68127) to work on /Library/Frameworks/Python.framework/Versions/3.11/lib/python3.11/site-packages/airflow/example_dags/example_trigger_controller_dag.py
[2023-10-21T14:54:46.053+0200] {processor.py:829} INFO - Processing file /Library/Frameworks/Python.framework/Versions/3.11/lib/python3.11/site-packages/airflow/example_dags/example_trigger_controller_dag.py for tasks to queue
[2023-10-21T14:54:46.053+0200] {logging_mixin.py:151} INFO - [2023-10-21T14:54:46.053+0200] {dagbag.py:536} INFO - Filling up the DagBag from /Library/Frameworks/Python.framework/Versions/3.11/lib/python3.11/site-packages/airflow/example_dags/example_trigger_controller_dag.py
[2023-10-21T14:54:46.063+0200] {processor.py:839} INFO - DAG(s) dict_keys(['example_trigger_controller_dag']) retrieved from /Library/Frameworks/Python.framework/Versions/3.11/lib/python3.11/site-packages/airflow/example_dags/example_trigger_controller_dag.py
[2023-10-21T14:54:46.135+0200] {logging_mixin.py:151} INFO - [2023-10-21T14:54:46.135+0200] {dag.py:2941} INFO - Sync 1 DAGs
[2023-10-21T14:54:46.141+0200] {logging_mixin.py:151} INFO - [2023-10-21T14:54:46.141+0200] {dag.py:3722} INFO - Setting next_dagrun for example_trigger_controller_dag to 2021-01-01T00:00:00+00:00, run_after=2021-01-01T00:00:00+00:00
[2023-10-21T14:54:46.147+0200] {processor.py:179} INFO - Processing /Library/Frameworks/Python.framework/Versions/3.11/lib/python3.11/site-packages/airflow/example_dags/example_trigger_controller_dag.py took 0.097 seconds
[2023-10-21T14:55:55.394+0200] {processor.py:157} INFO - Started process (PID=68285) to work on /Library/Frameworks/Python.framework/Versions/3.11/lib/python3.11/site-packages/airflow/example_dags/example_trigger_controller_dag.py
[2023-10-21T14:55:55.396+0200] {processor.py:829} INFO - Processing file /Library/Frameworks/Python.framework/Versions/3.11/lib/python3.11/site-packages/airflow/example_dags/example_trigger_controller_dag.py for tasks to queue
[2023-10-21T14:55:55.396+0200] {logging_mixin.py:151} INFO - [2023-10-21T14:55:55.396+0200] {dagbag.py:536} INFO - Filling up the DagBag from /Library/Frameworks/Python.framework/Versions/3.11/lib/python3.11/site-packages/airflow/example_dags/example_trigger_controller_dag.py
[2023-10-21T14:55:55.406+0200] {processor.py:839} INFO - DAG(s) dict_keys(['example_trigger_controller_dag']) retrieved from /Library/Frameworks/Python.framework/Versions/3.11/lib/python3.11/site-packages/airflow/example_dags/example_trigger_controller_dag.py
[2023-10-21T14:55:55.477+0200] {logging_mixin.py:151} INFO - [2023-10-21T14:55:55.477+0200] {dag.py:2941} INFO - Sync 1 DAGs
[2023-10-21T14:55:55.482+0200] {logging_mixin.py:151} INFO - [2023-10-21T14:55:55.482+0200] {dag.py:3722} INFO - Setting next_dagrun for example_trigger_controller_dag to 2021-01-01T00:00:00+00:00, run_after=2021-01-01T00:00:00+00:00
[2023-10-21T14:55:55.489+0200] {processor.py:179} INFO - Processing /Library/Frameworks/Python.framework/Versions/3.11/lib/python3.11/site-packages/airflow/example_dags/example_trigger_controller_dag.py took 0.095 seconds
