[2023-10-21T14:28:44.247+0200] {processor.py:157} INFO - Started process (PID=65132) to work on /Library/Frameworks/Python.framework/Versions/3.11/lib/python3.11/site-packages/airflow/example_dags/example_branch_operator_decorator.py
[2023-10-21T14:28:44.248+0200] {processor.py:829} INFO - Processing file /Library/Frameworks/Python.framework/Versions/3.11/lib/python3.11/site-packages/airflow/example_dags/example_branch_operator_decorator.py for tasks to queue
[2023-10-21T14:28:44.249+0200] {logging_mixin.py:151} INFO - [2023-10-21T14:28:44.248+0200] {dagbag.py:536} INFO - Filling up the DagBag from /Library/Frameworks/Python.framework/Versions/3.11/lib/python3.11/site-packages/airflow/example_dags/example_branch_operator_decorator.py
[2023-10-21T14:28:44.269+0200] {processor.py:839} INFO - DAG(s) dict_keys(['example_branch_python_operator_decorator']) retrieved from /Library/Frameworks/Python.framework/Versions/3.11/lib/python3.11/site-packages/airflow/example_dags/example_branch_operator_decorator.py
[2023-10-21T14:28:44.559+0200] {logging_mixin.py:151} INFO - [2023-10-21T14:28:44.559+0200] {dag.py:2941} INFO - Sync 1 DAGs
[2023-10-21T14:28:44.564+0200] {logging_mixin.py:151} INFO - [2023-10-21T14:28:44.564+0200] {dag.py:3722} INFO - Setting next_dagrun for example_branch_python_operator_decorator to 2023-10-20T00:00:00+00:00, run_after=2023-10-21T00:00:00+00:00
[2023-10-21T14:28:44.573+0200] {processor.py:179} INFO - Processing /Library/Frameworks/Python.framework/Versions/3.11/lib/python3.11/site-packages/airflow/example_dags/example_branch_operator_decorator.py took 0.326 seconds
[2023-10-21T14:30:03.186+0200] {processor.py:157} INFO - Started process (PID=65317) to work on /Library/Frameworks/Python.framework/Versions/3.11/lib/python3.11/site-packages/airflow/example_dags/example_branch_operator_decorator.py
[2023-10-21T14:30:03.189+0200] {processor.py:829} INFO - Processing file /Library/Frameworks/Python.framework/Versions/3.11/lib/python3.11/site-packages/airflow/example_dags/example_branch_operator_decorator.py for tasks to queue
[2023-10-21T14:30:03.189+0200] {logging_mixin.py:151} INFO - [2023-10-21T14:30:03.189+0200] {dagbag.py:536} INFO - Filling up the DagBag from /Library/Frameworks/Python.framework/Versions/3.11/lib/python3.11/site-packages/airflow/example_dags/example_branch_operator_decorator.py
[2023-10-21T14:30:03.209+0200] {processor.py:839} INFO - DAG(s) dict_keys(['example_branch_python_operator_decorator']) retrieved from /Library/Frameworks/Python.framework/Versions/3.11/lib/python3.11/site-packages/airflow/example_dags/example_branch_operator_decorator.py
[2023-10-21T14:30:03.281+0200] {logging_mixin.py:151} INFO - [2023-10-21T14:30:03.281+0200] {dag.py:2941} INFO - Sync 1 DAGs
[2023-10-21T14:30:03.287+0200] {logging_mixin.py:151} INFO - [2023-10-21T14:30:03.287+0200] {dag.py:3722} INFO - Setting next_dagrun for example_branch_python_operator_decorator to 2023-10-20T00:00:00+00:00, run_after=2023-10-21T00:00:00+00:00
[2023-10-21T14:30:03.293+0200] {processor.py:179} INFO - Processing /Library/Frameworks/Python.framework/Versions/3.11/lib/python3.11/site-packages/airflow/example_dags/example_branch_operator_decorator.py took 0.107 seconds
[2023-10-21T14:31:13.839+0200] {processor.py:157} INFO - Started process (PID=65456) to work on /Library/Frameworks/Python.framework/Versions/3.11/lib/python3.11/site-packages/airflow/example_dags/example_branch_operator_decorator.py
[2023-10-21T14:31:13.842+0200] {processor.py:829} INFO - Processing file /Library/Frameworks/Python.framework/Versions/3.11/lib/python3.11/site-packages/airflow/example_dags/example_branch_operator_decorator.py for tasks to queue
[2023-10-21T14:31:13.842+0200] {logging_mixin.py:151} INFO - [2023-10-21T14:31:13.842+0200] {dagbag.py:536} INFO - Filling up the DagBag from /Library/Frameworks/Python.framework/Versions/3.11/lib/python3.11/site-packages/airflow/example_dags/example_branch_operator_decorator.py
[2023-10-21T14:31:13.861+0200] {processor.py:839} INFO - DAG(s) dict_keys(['example_branch_python_operator_decorator']) retrieved from /Library/Frameworks/Python.framework/Versions/3.11/lib/python3.11/site-packages/airflow/example_dags/example_branch_operator_decorator.py
[2023-10-21T14:31:13.931+0200] {logging_mixin.py:151} INFO - [2023-10-21T14:31:13.931+0200] {dag.py:2941} INFO - Sync 1 DAGs
[2023-10-21T14:31:13.937+0200] {logging_mixin.py:151} INFO - [2023-10-21T14:31:13.937+0200] {dag.py:3722} INFO - Setting next_dagrun for example_branch_python_operator_decorator to 2023-10-20T00:00:00+00:00, run_after=2023-10-21T00:00:00+00:00
[2023-10-21T14:31:13.943+0200] {processor.py:179} INFO - Processing /Library/Frameworks/Python.framework/Versions/3.11/lib/python3.11/site-packages/airflow/example_dags/example_branch_operator_decorator.py took 0.104 seconds
[2023-10-21T14:32:25.999+0200] {processor.py:157} INFO - Started process (PID=65607) to work on /Library/Frameworks/Python.framework/Versions/3.11/lib/python3.11/site-packages/airflow/example_dags/example_branch_operator_decorator.py
[2023-10-21T14:32:26.002+0200] {processor.py:829} INFO - Processing file /Library/Frameworks/Python.framework/Versions/3.11/lib/python3.11/site-packages/airflow/example_dags/example_branch_operator_decorator.py for tasks to queue
[2023-10-21T14:32:26.002+0200] {logging_mixin.py:151} INFO - [2023-10-21T14:32:26.002+0200] {dagbag.py:536} INFO - Filling up the DagBag from /Library/Frameworks/Python.framework/Versions/3.11/lib/python3.11/site-packages/airflow/example_dags/example_branch_operator_decorator.py
[2023-10-21T14:32:26.022+0200] {processor.py:839} INFO - DAG(s) dict_keys(['example_branch_python_operator_decorator']) retrieved from /Library/Frameworks/Python.framework/Versions/3.11/lib/python3.11/site-packages/airflow/example_dags/example_branch_operator_decorator.py
[2023-10-21T14:32:26.092+0200] {logging_mixin.py:151} INFO - [2023-10-21T14:32:26.092+0200] {dag.py:2941} INFO - Sync 1 DAGs
[2023-10-21T14:32:26.098+0200] {logging_mixin.py:151} INFO - [2023-10-21T14:32:26.098+0200] {dag.py:3722} INFO - Setting next_dagrun for example_branch_python_operator_decorator to 2023-10-20T00:00:00+00:00, run_after=2023-10-21T00:00:00+00:00
[2023-10-21T14:32:26.104+0200] {processor.py:179} INFO - Processing /Library/Frameworks/Python.framework/Versions/3.11/lib/python3.11/site-packages/airflow/example_dags/example_branch_operator_decorator.py took 0.105 seconds
[2023-10-21T14:33:36.358+0200] {processor.py:157} INFO - Started process (PID=65769) to work on /Library/Frameworks/Python.framework/Versions/3.11/lib/python3.11/site-packages/airflow/example_dags/example_branch_operator_decorator.py
[2023-10-21T14:33:36.360+0200] {processor.py:829} INFO - Processing file /Library/Frameworks/Python.framework/Versions/3.11/lib/python3.11/site-packages/airflow/example_dags/example_branch_operator_decorator.py for tasks to queue
[2023-10-21T14:33:36.361+0200] {logging_mixin.py:151} INFO - [2023-10-21T14:33:36.360+0200] {dagbag.py:536} INFO - Filling up the DagBag from /Library/Frameworks/Python.framework/Versions/3.11/lib/python3.11/site-packages/airflow/example_dags/example_branch_operator_decorator.py
[2023-10-21T14:33:36.380+0200] {processor.py:839} INFO - DAG(s) dict_keys(['example_branch_python_operator_decorator']) retrieved from /Library/Frameworks/Python.framework/Versions/3.11/lib/python3.11/site-packages/airflow/example_dags/example_branch_operator_decorator.py
[2023-10-21T14:33:36.450+0200] {logging_mixin.py:151} INFO - [2023-10-21T14:33:36.450+0200] {dag.py:2941} INFO - Sync 1 DAGs
[2023-10-21T14:33:36.456+0200] {logging_mixin.py:151} INFO - [2023-10-21T14:33:36.456+0200] {dag.py:3722} INFO - Setting next_dagrun for example_branch_python_operator_decorator to 2023-10-20T00:00:00+00:00, run_after=2023-10-21T00:00:00+00:00
[2023-10-21T14:33:36.462+0200] {processor.py:179} INFO - Processing /Library/Frameworks/Python.framework/Versions/3.11/lib/python3.11/site-packages/airflow/example_dags/example_branch_operator_decorator.py took 0.105 seconds
[2023-10-21T14:34:47.087+0200] {processor.py:157} INFO - Started process (PID=65975) to work on /Library/Frameworks/Python.framework/Versions/3.11/lib/python3.11/site-packages/airflow/example_dags/example_branch_operator_decorator.py
[2023-10-21T14:34:47.090+0200] {processor.py:829} INFO - Processing file /Library/Frameworks/Python.framework/Versions/3.11/lib/python3.11/site-packages/airflow/example_dags/example_branch_operator_decorator.py for tasks to queue
[2023-10-21T14:34:47.090+0200] {logging_mixin.py:151} INFO - [2023-10-21T14:34:47.090+0200] {dagbag.py:536} INFO - Filling up the DagBag from /Library/Frameworks/Python.framework/Versions/3.11/lib/python3.11/site-packages/airflow/example_dags/example_branch_operator_decorator.py
[2023-10-21T14:34:47.110+0200] {processor.py:839} INFO - DAG(s) dict_keys(['example_branch_python_operator_decorator']) retrieved from /Library/Frameworks/Python.framework/Versions/3.11/lib/python3.11/site-packages/airflow/example_dags/example_branch_operator_decorator.py
[2023-10-21T14:34:47.180+0200] {logging_mixin.py:151} INFO - [2023-10-21T14:34:47.180+0200] {dag.py:2941} INFO - Sync 1 DAGs
[2023-10-21T14:34:47.186+0200] {logging_mixin.py:151} INFO - [2023-10-21T14:34:47.186+0200] {dag.py:3722} INFO - Setting next_dagrun for example_branch_python_operator_decorator to 2023-10-20T00:00:00+00:00, run_after=2023-10-21T00:00:00+00:00
[2023-10-21T14:34:47.192+0200] {processor.py:179} INFO - Processing /Library/Frameworks/Python.framework/Versions/3.11/lib/python3.11/site-packages/airflow/example_dags/example_branch_operator_decorator.py took 0.105 seconds
[2023-10-21T14:35:58.943+0200] {processor.py:157} INFO - Started process (PID=66150) to work on /Library/Frameworks/Python.framework/Versions/3.11/lib/python3.11/site-packages/airflow/example_dags/example_branch_operator_decorator.py
[2023-10-21T14:35:58.944+0200] {processor.py:829} INFO - Processing file /Library/Frameworks/Python.framework/Versions/3.11/lib/python3.11/site-packages/airflow/example_dags/example_branch_operator_decorator.py for tasks to queue
[2023-10-21T14:35:58.944+0200] {logging_mixin.py:151} INFO - [2023-10-21T14:35:58.944+0200] {dagbag.py:536} INFO - Filling up the DagBag from /Library/Frameworks/Python.framework/Versions/3.11/lib/python3.11/site-packages/airflow/example_dags/example_branch_operator_decorator.py
[2023-10-21T14:35:58.964+0200] {processor.py:839} INFO - DAG(s) dict_keys(['example_branch_python_operator_decorator']) retrieved from /Library/Frameworks/Python.framework/Versions/3.11/lib/python3.11/site-packages/airflow/example_dags/example_branch_operator_decorator.py
[2023-10-21T14:35:59.034+0200] {logging_mixin.py:151} INFO - [2023-10-21T14:35:59.034+0200] {dag.py:2941} INFO - Sync 1 DAGs
[2023-10-21T14:35:59.040+0200] {logging_mixin.py:151} INFO - [2023-10-21T14:35:59.040+0200] {dag.py:3722} INFO - Setting next_dagrun for example_branch_python_operator_decorator to 2023-10-20T00:00:00+00:00, run_after=2023-10-21T00:00:00+00:00
[2023-10-21T14:35:59.046+0200] {processor.py:179} INFO - Processing /Library/Frameworks/Python.framework/Versions/3.11/lib/python3.11/site-packages/airflow/example_dags/example_branch_operator_decorator.py took 0.103 seconds
[2023-10-21T14:46:04.183+0200] {processor.py:157} INFO - Started process (PID=67025) to work on /Library/Frameworks/Python.framework/Versions/3.11/lib/python3.11/site-packages/airflow/example_dags/example_branch_operator_decorator.py
[2023-10-21T14:46:04.185+0200] {processor.py:829} INFO - Processing file /Library/Frameworks/Python.framework/Versions/3.11/lib/python3.11/site-packages/airflow/example_dags/example_branch_operator_decorator.py for tasks to queue
[2023-10-21T14:46:04.185+0200] {logging_mixin.py:151} INFO - [2023-10-21T14:46:04.185+0200] {dagbag.py:536} INFO - Filling up the DagBag from /Library/Frameworks/Python.framework/Versions/3.11/lib/python3.11/site-packages/airflow/example_dags/example_branch_operator_decorator.py
[2023-10-21T14:46:04.204+0200] {processor.py:839} INFO - DAG(s) dict_keys(['example_branch_python_operator_decorator']) retrieved from /Library/Frameworks/Python.framework/Versions/3.11/lib/python3.11/site-packages/airflow/example_dags/example_branch_operator_decorator.py
[2023-10-21T14:46:04.275+0200] {logging_mixin.py:151} INFO - [2023-10-21T14:46:04.275+0200] {dag.py:2941} INFO - Sync 1 DAGs
[2023-10-21T14:46:04.280+0200] {logging_mixin.py:151} INFO - [2023-10-21T14:46:04.280+0200] {dag.py:3722} INFO - Setting next_dagrun for example_branch_python_operator_decorator to 2023-10-20T00:00:00+00:00, run_after=2023-10-21T00:00:00+00:00
[2023-10-21T14:46:04.287+0200] {processor.py:179} INFO - Processing /Library/Frameworks/Python.framework/Versions/3.11/lib/python3.11/site-packages/airflow/example_dags/example_branch_operator_decorator.py took 0.104 seconds
[2023-10-21T14:51:59.981+0200] {processor.py:157} INFO - Started process (PID=67803) to work on /Library/Frameworks/Python.framework/Versions/3.11/lib/python3.11/site-packages/airflow/example_dags/example_branch_operator_decorator.py
[2023-10-21T14:51:59.984+0200] {processor.py:829} INFO - Processing file /Library/Frameworks/Python.framework/Versions/3.11/lib/python3.11/site-packages/airflow/example_dags/example_branch_operator_decorator.py for tasks to queue
[2023-10-21T14:51:59.984+0200] {logging_mixin.py:151} INFO - [2023-10-21T14:51:59.984+0200] {dagbag.py:536} INFO - Filling up the DagBag from /Library/Frameworks/Python.framework/Versions/3.11/lib/python3.11/site-packages/airflow/example_dags/example_branch_operator_decorator.py
[2023-10-21T14:52:00.004+0200] {processor.py:839} INFO - DAG(s) dict_keys(['example_branch_python_operator_decorator']) retrieved from /Library/Frameworks/Python.framework/Versions/3.11/lib/python3.11/site-packages/airflow/example_dags/example_branch_operator_decorator.py
[2023-10-21T14:52:00.077+0200] {logging_mixin.py:151} INFO - [2023-10-21T14:52:00.077+0200] {dag.py:2941} INFO - Sync 1 DAGs
[2023-10-21T14:52:00.082+0200] {logging_mixin.py:151} INFO - [2023-10-21T14:52:00.082+0200] {dag.py:3722} INFO - Setting next_dagrun for example_branch_python_operator_decorator to 2023-10-20T00:00:00+00:00, run_after=2023-10-21T00:00:00+00:00
[2023-10-21T14:52:00.089+0200] {processor.py:179} INFO - Processing /Library/Frameworks/Python.framework/Versions/3.11/lib/python3.11/site-packages/airflow/example_dags/example_branch_operator_decorator.py took 0.108 seconds
[2023-10-21T14:53:09.875+0200] {processor.py:157} INFO - Started process (PID=67941) to work on /Library/Frameworks/Python.framework/Versions/3.11/lib/python3.11/site-packages/airflow/example_dags/example_branch_operator_decorator.py
[2023-10-21T14:53:09.877+0200] {processor.py:829} INFO - Processing file /Library/Frameworks/Python.framework/Versions/3.11/lib/python3.11/site-packages/airflow/example_dags/example_branch_operator_decorator.py for tasks to queue
[2023-10-21T14:53:09.877+0200] {logging_mixin.py:151} INFO - [2023-10-21T14:53:09.877+0200] {dagbag.py:536} INFO - Filling up the DagBag from /Library/Frameworks/Python.framework/Versions/3.11/lib/python3.11/site-packages/airflow/example_dags/example_branch_operator_decorator.py
[2023-10-21T14:53:09.897+0200] {processor.py:839} INFO - DAG(s) dict_keys(['example_branch_python_operator_decorator']) retrieved from /Library/Frameworks/Python.framework/Versions/3.11/lib/python3.11/site-packages/airflow/example_dags/example_branch_operator_decorator.py
[2023-10-21T14:53:09.969+0200] {logging_mixin.py:151} INFO - [2023-10-21T14:53:09.969+0200] {dag.py:2941} INFO - Sync 1 DAGs
[2023-10-21T14:53:09.974+0200] {logging_mixin.py:151} INFO - [2023-10-21T14:53:09.974+0200] {dag.py:3722} INFO - Setting next_dagrun for example_branch_python_operator_decorator to 2023-10-20T00:00:00+00:00, run_after=2023-10-21T00:00:00+00:00
[2023-10-21T14:53:09.981+0200] {processor.py:179} INFO - Processing /Library/Frameworks/Python.framework/Versions/3.11/lib/python3.11/site-packages/airflow/example_dags/example_branch_operator_decorator.py took 0.106 seconds
[2023-10-21T14:54:22.979+0200] {processor.py:157} INFO - Started process (PID=68087) to work on /Library/Frameworks/Python.framework/Versions/3.11/lib/python3.11/site-packages/airflow/example_dags/example_branch_operator_decorator.py
[2023-10-21T14:54:22.982+0200] {processor.py:829} INFO - Processing file /Library/Frameworks/Python.framework/Versions/3.11/lib/python3.11/site-packages/airflow/example_dags/example_branch_operator_decorator.py for tasks to queue
[2023-10-21T14:54:22.982+0200] {logging_mixin.py:151} INFO - [2023-10-21T14:54:22.982+0200] {dagbag.py:536} INFO - Filling up the DagBag from /Library/Frameworks/Python.framework/Versions/3.11/lib/python3.11/site-packages/airflow/example_dags/example_branch_operator_decorator.py
[2023-10-21T14:54:23.002+0200] {processor.py:839} INFO - DAG(s) dict_keys(['example_branch_python_operator_decorator']) retrieved from /Library/Frameworks/Python.framework/Versions/3.11/lib/python3.11/site-packages/airflow/example_dags/example_branch_operator_decorator.py
[2023-10-21T14:54:23.071+0200] {logging_mixin.py:151} INFO - [2023-10-21T14:54:23.071+0200] {dag.py:2941} INFO - Sync 1 DAGs
[2023-10-21T14:54:23.077+0200] {logging_mixin.py:151} INFO - [2023-10-21T14:54:23.077+0200] {dag.py:3722} INFO - Setting next_dagrun for example_branch_python_operator_decorator to 2023-10-20T00:00:00+00:00, run_after=2023-10-21T00:00:00+00:00
[2023-10-21T14:54:23.083+0200] {processor.py:179} INFO - Processing /Library/Frameworks/Python.framework/Versions/3.11/lib/python3.11/site-packages/airflow/example_dags/example_branch_operator_decorator.py took 0.104 seconds
[2023-10-21T14:55:31.895+0200] {processor.py:157} INFO - Started process (PID=68228) to work on /Library/Frameworks/Python.framework/Versions/3.11/lib/python3.11/site-packages/airflow/example_dags/example_branch_operator_decorator.py
[2023-10-21T14:55:31.898+0200] {processor.py:829} INFO - Processing file /Library/Frameworks/Python.framework/Versions/3.11/lib/python3.11/site-packages/airflow/example_dags/example_branch_operator_decorator.py for tasks to queue
[2023-10-21T14:55:31.898+0200] {logging_mixin.py:151} INFO - [2023-10-21T14:55:31.898+0200] {dagbag.py:536} INFO - Filling up the DagBag from /Library/Frameworks/Python.framework/Versions/3.11/lib/python3.11/site-packages/airflow/example_dags/example_branch_operator_decorator.py
[2023-10-21T14:55:31.918+0200] {processor.py:839} INFO - DAG(s) dict_keys(['example_branch_python_operator_decorator']) retrieved from /Library/Frameworks/Python.framework/Versions/3.11/lib/python3.11/site-packages/airflow/example_dags/example_branch_operator_decorator.py
[2023-10-21T14:55:31.988+0200] {logging_mixin.py:151} INFO - [2023-10-21T14:55:31.988+0200] {dag.py:2941} INFO - Sync 1 DAGs
[2023-10-21T14:55:31.994+0200] {logging_mixin.py:151} INFO - [2023-10-21T14:55:31.994+0200] {dag.py:3722} INFO - Setting next_dagrun for example_branch_python_operator_decorator to 2023-10-20T00:00:00+00:00, run_after=2023-10-21T00:00:00+00:00
[2023-10-21T14:55:32.000+0200] {processor.py:179} INFO - Processing /Library/Frameworks/Python.framework/Versions/3.11/lib/python3.11/site-packages/airflow/example_dags/example_branch_operator_decorator.py took 0.105 seconds
