[2023-10-21T14:27:04.763+0200] {processor.py:157} INFO - Started process (PID=64959) to work on /Library/Frameworks/Python.framework/Versions/3.11/lib/python3.11/site-packages/airflow/example_dags/example_xcom.py
[2023-10-21T14:27:04.765+0200] {processor.py:829} INFO - Processing file /Library/Frameworks/Python.framework/Versions/3.11/lib/python3.11/site-packages/airflow/example_dags/example_xcom.py for tasks to queue
[2023-10-21T14:27:04.765+0200] {logging_mixin.py:151} INFO - [2023-10-21T14:27:04.765+0200] {dagbag.py:536} INFO - Filling up the DagBag from /Library/Frameworks/Python.framework/Versions/3.11/lib/python3.11/site-packages/airflow/example_dags/example_xcom.py
[2023-10-21T14:27:04.785+0200] {processor.py:839} INFO - DAG(s) dict_keys(['example_xcom']) retrieved from /Library/Frameworks/Python.framework/Versions/3.11/lib/python3.11/site-packages/airflow/example_dags/example_xcom.py
[2023-10-21T14:27:05.084+0200] {logging_mixin.py:151} INFO - [2023-10-21T14:27:05.084+0200] {dag.py:2941} INFO - Sync 1 DAGs
[2023-10-21T14:27:05.090+0200] {logging_mixin.py:151} INFO - [2023-10-21T14:27:05.089+0200] {dag.py:3722} INFO - Setting next_dagrun for example_xcom to 2021-01-01T00:00:00+00:00, run_after=2021-01-01T00:00:00+00:00
[2023-10-21T14:27:05.096+0200] {processor.py:179} INFO - Processing /Library/Frameworks/Python.framework/Versions/3.11/lib/python3.11/site-packages/airflow/example_dags/example_xcom.py took 0.333 seconds
[2023-10-21T14:27:52.972+0200] {processor.py:157} INFO - Started process (PID=65033) to work on /Library/Frameworks/Python.framework/Versions/3.11/lib/python3.11/site-packages/airflow/example_dags/example_xcom.py
[2023-10-21T14:27:52.975+0200] {processor.py:829} INFO - Processing file /Library/Frameworks/Python.framework/Versions/3.11/lib/python3.11/site-packages/airflow/example_dags/example_xcom.py for tasks to queue
[2023-10-21T14:27:52.975+0200] {logging_mixin.py:151} INFO - [2023-10-21T14:27:52.975+0200] {dagbag.py:536} INFO - Filling up the DagBag from /Library/Frameworks/Python.framework/Versions/3.11/lib/python3.11/site-packages/airflow/example_dags/example_xcom.py
[2023-10-21T14:27:52.995+0200] {processor.py:839} INFO - DAG(s) dict_keys(['example_xcom']) retrieved from /Library/Frameworks/Python.framework/Versions/3.11/lib/python3.11/site-packages/airflow/example_dags/example_xcom.py
[2023-10-21T14:27:53.067+0200] {logging_mixin.py:151} INFO - [2023-10-21T14:27:53.067+0200] {dag.py:2941} INFO - Sync 1 DAGs
[2023-10-21T14:27:53.072+0200] {logging_mixin.py:151} INFO - [2023-10-21T14:27:53.072+0200] {dag.py:3722} INFO - Setting next_dagrun for example_xcom to 2021-01-01T00:00:00+00:00, run_after=2021-01-01T00:00:00+00:00
[2023-10-21T14:27:53.078+0200] {processor.py:179} INFO - Processing /Library/Frameworks/Python.framework/Versions/3.11/lib/python3.11/site-packages/airflow/example_dags/example_xcom.py took 0.106 seconds
[2023-10-21T14:29:07.552+0200] {processor.py:157} INFO - Started process (PID=65179) to work on /Library/Frameworks/Python.framework/Versions/3.11/lib/python3.11/site-packages/airflow/example_dags/example_xcom.py
[2023-10-21T14:29:07.554+0200] {processor.py:829} INFO - Processing file /Library/Frameworks/Python.framework/Versions/3.11/lib/python3.11/site-packages/airflow/example_dags/example_xcom.py for tasks to queue
[2023-10-21T14:29:07.554+0200] {logging_mixin.py:151} INFO - [2023-10-21T14:29:07.554+0200] {dagbag.py:536} INFO - Filling up the DagBag from /Library/Frameworks/Python.framework/Versions/3.11/lib/python3.11/site-packages/airflow/example_dags/example_xcom.py
[2023-10-21T14:29:07.574+0200] {processor.py:839} INFO - DAG(s) dict_keys(['example_xcom']) retrieved from /Library/Frameworks/Python.framework/Versions/3.11/lib/python3.11/site-packages/airflow/example_dags/example_xcom.py
[2023-10-21T14:29:07.647+0200] {logging_mixin.py:151} INFO - [2023-10-21T14:29:07.647+0200] {dag.py:2941} INFO - Sync 1 DAGs
[2023-10-21T14:29:07.654+0200] {logging_mixin.py:151} INFO - [2023-10-21T14:29:07.654+0200] {dag.py:3722} INFO - Setting next_dagrun for example_xcom to 2021-01-01T00:00:00+00:00, run_after=2021-01-01T00:00:00+00:00
[2023-10-21T14:29:07.662+0200] {processor.py:179} INFO - Processing /Library/Frameworks/Python.framework/Versions/3.11/lib/python3.11/site-packages/airflow/example_dags/example_xcom.py took 0.110 seconds
[2023-10-21T14:30:19.854+0200] {processor.py:157} INFO - Started process (PID=65349) to work on /Library/Frameworks/Python.framework/Versions/3.11/lib/python3.11/site-packages/airflow/example_dags/example_xcom.py
[2023-10-21T14:30:19.857+0200] {processor.py:829} INFO - Processing file /Library/Frameworks/Python.framework/Versions/3.11/lib/python3.11/site-packages/airflow/example_dags/example_xcom.py for tasks to queue
[2023-10-21T14:30:19.857+0200] {logging_mixin.py:151} INFO - [2023-10-21T14:30:19.857+0200] {dagbag.py:536} INFO - Filling up the DagBag from /Library/Frameworks/Python.framework/Versions/3.11/lib/python3.11/site-packages/airflow/example_dags/example_xcom.py
[2023-10-21T14:30:19.876+0200] {processor.py:839} INFO - DAG(s) dict_keys(['example_xcom']) retrieved from /Library/Frameworks/Python.framework/Versions/3.11/lib/python3.11/site-packages/airflow/example_dags/example_xcom.py
[2023-10-21T14:30:19.947+0200] {logging_mixin.py:151} INFO - [2023-10-21T14:30:19.947+0200] {dag.py:2941} INFO - Sync 1 DAGs
[2023-10-21T14:30:19.952+0200] {logging_mixin.py:151} INFO - [2023-10-21T14:30:19.952+0200] {dag.py:3722} INFO - Setting next_dagrun for example_xcom to 2021-01-01T00:00:00+00:00, run_after=2021-01-01T00:00:00+00:00
[2023-10-21T14:30:19.958+0200] {processor.py:179} INFO - Processing /Library/Frameworks/Python.framework/Versions/3.11/lib/python3.11/site-packages/airflow/example_dags/example_xcom.py took 0.104 seconds
[2023-10-21T14:31:31.110+0200] {processor.py:157} INFO - Started process (PID=65493) to work on /Library/Frameworks/Python.framework/Versions/3.11/lib/python3.11/site-packages/airflow/example_dags/example_xcom.py
[2023-10-21T14:31:31.113+0200] {processor.py:829} INFO - Processing file /Library/Frameworks/Python.framework/Versions/3.11/lib/python3.11/site-packages/airflow/example_dags/example_xcom.py for tasks to queue
[2023-10-21T14:31:31.113+0200] {logging_mixin.py:151} INFO - [2023-10-21T14:31:31.113+0200] {dagbag.py:536} INFO - Filling up the DagBag from /Library/Frameworks/Python.framework/Versions/3.11/lib/python3.11/site-packages/airflow/example_dags/example_xcom.py
[2023-10-21T14:31:31.132+0200] {processor.py:839} INFO - DAG(s) dict_keys(['example_xcom']) retrieved from /Library/Frameworks/Python.framework/Versions/3.11/lib/python3.11/site-packages/airflow/example_dags/example_xcom.py
[2023-10-21T14:31:31.202+0200] {logging_mixin.py:151} INFO - [2023-10-21T14:31:31.202+0200] {dag.py:2941} INFO - Sync 1 DAGs
[2023-10-21T14:31:31.208+0200] {logging_mixin.py:151} INFO - [2023-10-21T14:31:31.208+0200] {dag.py:3722} INFO - Setting next_dagrun for example_xcom to 2021-01-01T00:00:00+00:00, run_after=2021-01-01T00:00:00+00:00
[2023-10-21T14:31:31.214+0200] {processor.py:179} INFO - Processing /Library/Frameworks/Python.framework/Versions/3.11/lib/python3.11/site-packages/airflow/example_dags/example_xcom.py took 0.104 seconds
[2023-10-21T14:32:42.814+0200] {processor.py:157} INFO - Started process (PID=65639) to work on /Library/Frameworks/Python.framework/Versions/3.11/lib/python3.11/site-packages/airflow/example_dags/example_xcom.py
[2023-10-21T14:32:42.816+0200] {processor.py:829} INFO - Processing file /Library/Frameworks/Python.framework/Versions/3.11/lib/python3.11/site-packages/airflow/example_dags/example_xcom.py for tasks to queue
[2023-10-21T14:32:42.816+0200] {logging_mixin.py:151} INFO - [2023-10-21T14:32:42.816+0200] {dagbag.py:536} INFO - Filling up the DagBag from /Library/Frameworks/Python.framework/Versions/3.11/lib/python3.11/site-packages/airflow/example_dags/example_xcom.py
[2023-10-21T14:32:42.836+0200] {processor.py:839} INFO - DAG(s) dict_keys(['example_xcom']) retrieved from /Library/Frameworks/Python.framework/Versions/3.11/lib/python3.11/site-packages/airflow/example_dags/example_xcom.py
[2023-10-21T14:32:42.905+0200] {logging_mixin.py:151} INFO - [2023-10-21T14:32:42.905+0200] {dag.py:2941} INFO - Sync 1 DAGs
[2023-10-21T14:32:42.911+0200] {logging_mixin.py:151} INFO - [2023-10-21T14:32:42.911+0200] {dag.py:3722} INFO - Setting next_dagrun for example_xcom to 2021-01-01T00:00:00+00:00, run_after=2021-01-01T00:00:00+00:00
[2023-10-21T14:32:42.917+0200] {processor.py:179} INFO - Processing /Library/Frameworks/Python.framework/Versions/3.11/lib/python3.11/site-packages/airflow/example_dags/example_xcom.py took 0.103 seconds
[2023-10-21T14:33:53.292+0200] {processor.py:157} INFO - Started process (PID=65870) to work on /Library/Frameworks/Python.framework/Versions/3.11/lib/python3.11/site-packages/airflow/example_dags/example_xcom.py
[2023-10-21T14:33:53.295+0200] {processor.py:829} INFO - Processing file /Library/Frameworks/Python.framework/Versions/3.11/lib/python3.11/site-packages/airflow/example_dags/example_xcom.py for tasks to queue
[2023-10-21T14:33:53.295+0200] {logging_mixin.py:151} INFO - [2023-10-21T14:33:53.295+0200] {dagbag.py:536} INFO - Filling up the DagBag from /Library/Frameworks/Python.framework/Versions/3.11/lib/python3.11/site-packages/airflow/example_dags/example_xcom.py
[2023-10-21T14:33:53.314+0200] {processor.py:839} INFO - DAG(s) dict_keys(['example_xcom']) retrieved from /Library/Frameworks/Python.framework/Versions/3.11/lib/python3.11/site-packages/airflow/example_dags/example_xcom.py
[2023-10-21T14:33:53.383+0200] {logging_mixin.py:151} INFO - [2023-10-21T14:33:53.383+0200] {dag.py:2941} INFO - Sync 1 DAGs
[2023-10-21T14:33:53.388+0200] {logging_mixin.py:151} INFO - [2023-10-21T14:33:53.388+0200] {dag.py:3722} INFO - Setting next_dagrun for example_xcom to 2021-01-01T00:00:00+00:00, run_after=2021-01-01T00:00:00+00:00
[2023-10-21T14:33:53.394+0200] {processor.py:179} INFO - Processing /Library/Frameworks/Python.framework/Versions/3.11/lib/python3.11/site-packages/airflow/example_dags/example_xcom.py took 0.102 seconds
[2023-10-21T14:35:03.969+0200] {processor.py:157} INFO - Started process (PID=66010) to work on /Library/Frameworks/Python.framework/Versions/3.11/lib/python3.11/site-packages/airflow/example_dags/example_xcom.py
[2023-10-21T14:35:03.971+0200] {processor.py:829} INFO - Processing file /Library/Frameworks/Python.framework/Versions/3.11/lib/python3.11/site-packages/airflow/example_dags/example_xcom.py for tasks to queue
[2023-10-21T14:35:03.971+0200] {logging_mixin.py:151} INFO - [2023-10-21T14:35:03.971+0200] {dagbag.py:536} INFO - Filling up the DagBag from /Library/Frameworks/Python.framework/Versions/3.11/lib/python3.11/site-packages/airflow/example_dags/example_xcom.py
[2023-10-21T14:35:03.990+0200] {processor.py:839} INFO - DAG(s) dict_keys(['example_xcom']) retrieved from /Library/Frameworks/Python.framework/Versions/3.11/lib/python3.11/site-packages/airflow/example_dags/example_xcom.py
[2023-10-21T14:35:04.059+0200] {logging_mixin.py:151} INFO - [2023-10-21T14:35:04.059+0200] {dag.py:2941} INFO - Sync 1 DAGs
[2023-10-21T14:35:04.065+0200] {logging_mixin.py:151} INFO - [2023-10-21T14:35:04.065+0200] {dag.py:3722} INFO - Setting next_dagrun for example_xcom to 2021-01-01T00:00:00+00:00, run_after=2021-01-01T00:00:00+00:00
[2023-10-21T14:35:04.071+0200] {processor.py:179} INFO - Processing /Library/Frameworks/Python.framework/Versions/3.11/lib/python3.11/site-packages/airflow/example_dags/example_xcom.py took 0.102 seconds
[2023-10-21T14:36:13.475+0200] {processor.py:157} INFO - Started process (PID=66175) to work on /Library/Frameworks/Python.framework/Versions/3.11/lib/python3.11/site-packages/airflow/example_dags/example_xcom.py
[2023-10-21T14:36:13.477+0200] {processor.py:829} INFO - Processing file /Library/Frameworks/Python.framework/Versions/3.11/lib/python3.11/site-packages/airflow/example_dags/example_xcom.py for tasks to queue
[2023-10-21T14:36:13.477+0200] {logging_mixin.py:151} INFO - [2023-10-21T14:36:13.477+0200] {dagbag.py:536} INFO - Filling up the DagBag from /Library/Frameworks/Python.framework/Versions/3.11/lib/python3.11/site-packages/airflow/example_dags/example_xcom.py
[2023-10-21T14:36:13.497+0200] {processor.py:839} INFO - DAG(s) dict_keys(['example_xcom']) retrieved from /Library/Frameworks/Python.framework/Versions/3.11/lib/python3.11/site-packages/airflow/example_dags/example_xcom.py
[2023-10-21T14:36:13.568+0200] {logging_mixin.py:151} INFO - [2023-10-21T14:36:13.567+0200] {dag.py:2941} INFO - Sync 1 DAGs
[2023-10-21T14:36:13.573+0200] {logging_mixin.py:151} INFO - [2023-10-21T14:36:13.573+0200] {dag.py:3722} INFO - Setting next_dagrun for example_xcom to 2021-01-01T00:00:00+00:00, run_after=2021-01-01T00:00:00+00:00
[2023-10-21T14:36:13.579+0200] {processor.py:179} INFO - Processing /Library/Frameworks/Python.framework/Versions/3.11/lib/python3.11/site-packages/airflow/example_dags/example_xcom.py took 0.104 seconds
[2023-10-21T14:45:19.665+0200] {processor.py:157} INFO - Started process (PID=66944) to work on /Library/Frameworks/Python.framework/Versions/3.11/lib/python3.11/site-packages/airflow/example_dags/example_xcom.py
[2023-10-21T14:45:19.667+0200] {processor.py:829} INFO - Processing file /Library/Frameworks/Python.framework/Versions/3.11/lib/python3.11/site-packages/airflow/example_dags/example_xcom.py for tasks to queue
[2023-10-21T14:45:19.667+0200] {logging_mixin.py:151} INFO - [2023-10-21T14:45:19.667+0200] {dagbag.py:536} INFO - Filling up the DagBag from /Library/Frameworks/Python.framework/Versions/3.11/lib/python3.11/site-packages/airflow/example_dags/example_xcom.py
[2023-10-21T14:45:19.689+0200] {processor.py:839} INFO - DAG(s) dict_keys(['example_xcom']) retrieved from /Library/Frameworks/Python.framework/Versions/3.11/lib/python3.11/site-packages/airflow/example_dags/example_xcom.py
[2023-10-21T14:45:19.708+0200] {logging_mixin.py:151} INFO - [2023-10-21T14:45:19.708+0200] {dag.py:2941} INFO - Sync 1 DAGs
[2023-10-21T14:45:19.740+0200] {logging_mixin.py:151} INFO - [2023-10-21T14:45:19.740+0200] {dag.py:3722} INFO - Setting next_dagrun for example_xcom to 2021-01-01T00:00:00+00:00, run_after=2021-01-01T00:00:00+00:00
[2023-10-21T14:45:19.748+0200] {processor.py:179} INFO - Processing /Library/Frameworks/Python.framework/Versions/3.11/lib/python3.11/site-packages/airflow/example_dags/example_xcom.py took 0.083 seconds
[2023-10-21T14:46:22.878+0200] {processor.py:157} INFO - Started process (PID=67060) to work on /Library/Frameworks/Python.framework/Versions/3.11/lib/python3.11/site-packages/airflow/example_dags/example_xcom.py
[2023-10-21T14:46:22.880+0200] {processor.py:829} INFO - Processing file /Library/Frameworks/Python.framework/Versions/3.11/lib/python3.11/site-packages/airflow/example_dags/example_xcom.py for tasks to queue
[2023-10-21T14:46:22.880+0200] {logging_mixin.py:151} INFO - [2023-10-21T14:46:22.880+0200] {dagbag.py:536} INFO - Filling up the DagBag from /Library/Frameworks/Python.framework/Versions/3.11/lib/python3.11/site-packages/airflow/example_dags/example_xcom.py
[2023-10-21T14:46:22.900+0200] {processor.py:839} INFO - DAG(s) dict_keys(['example_xcom']) retrieved from /Library/Frameworks/Python.framework/Versions/3.11/lib/python3.11/site-packages/airflow/example_dags/example_xcom.py
[2023-10-21T14:46:22.969+0200] {logging_mixin.py:151} INFO - [2023-10-21T14:46:22.969+0200] {dag.py:2941} INFO - Sync 1 DAGs
[2023-10-21T14:46:22.974+0200] {logging_mixin.py:151} INFO - [2023-10-21T14:46:22.974+0200] {dag.py:3722} INFO - Setting next_dagrun for example_xcom to 2021-01-01T00:00:00+00:00, run_after=2021-01-01T00:00:00+00:00
[2023-10-21T14:46:22.980+0200] {processor.py:179} INFO - Processing /Library/Frameworks/Python.framework/Versions/3.11/lib/python3.11/site-packages/airflow/example_dags/example_xcom.py took 0.102 seconds
[2023-10-21T14:51:16.900+0200] {processor.py:157} INFO - Started process (PID=67712) to work on /Library/Frameworks/Python.framework/Versions/3.11/lib/python3.11/site-packages/airflow/example_dags/example_xcom.py
[2023-10-21T14:51:16.903+0200] {processor.py:829} INFO - Processing file /Library/Frameworks/Python.framework/Versions/3.11/lib/python3.11/site-packages/airflow/example_dags/example_xcom.py for tasks to queue
[2023-10-21T14:51:16.903+0200] {logging_mixin.py:151} INFO - [2023-10-21T14:51:16.903+0200] {dagbag.py:536} INFO - Filling up the DagBag from /Library/Frameworks/Python.framework/Versions/3.11/lib/python3.11/site-packages/airflow/example_dags/example_xcom.py
[2023-10-21T14:51:16.924+0200] {processor.py:839} INFO - DAG(s) dict_keys(['example_xcom']) retrieved from /Library/Frameworks/Python.framework/Versions/3.11/lib/python3.11/site-packages/airflow/example_dags/example_xcom.py
[2023-10-21T14:51:17.003+0200] {logging_mixin.py:151} INFO - [2023-10-21T14:51:17.003+0200] {dag.py:2941} INFO - Sync 1 DAGs
[2023-10-21T14:51:17.008+0200] {logging_mixin.py:151} INFO - [2023-10-21T14:51:17.008+0200] {dag.py:3722} INFO - Setting next_dagrun for example_xcom to 2021-01-01T00:00:00+00:00, run_after=2021-01-01T00:00:00+00:00
[2023-10-21T14:51:17.015+0200] {processor.py:179} INFO - Processing /Library/Frameworks/Python.framework/Versions/3.11/lib/python3.11/site-packages/airflow/example_dags/example_xcom.py took 0.115 seconds
[2023-10-21T14:52:20.877+0200] {processor.py:157} INFO - Started process (PID=67845) to work on /Library/Frameworks/Python.framework/Versions/3.11/lib/python3.11/site-packages/airflow/example_dags/example_xcom.py
[2023-10-21T14:52:20.879+0200] {processor.py:829} INFO - Processing file /Library/Frameworks/Python.framework/Versions/3.11/lib/python3.11/site-packages/airflow/example_dags/example_xcom.py for tasks to queue
[2023-10-21T14:52:20.879+0200] {logging_mixin.py:151} INFO - [2023-10-21T14:52:20.879+0200] {dagbag.py:536} INFO - Filling up the DagBag from /Library/Frameworks/Python.framework/Versions/3.11/lib/python3.11/site-packages/airflow/example_dags/example_xcom.py
[2023-10-21T14:52:20.898+0200] {processor.py:839} INFO - DAG(s) dict_keys(['example_xcom']) retrieved from /Library/Frameworks/Python.framework/Versions/3.11/lib/python3.11/site-packages/airflow/example_dags/example_xcom.py
[2023-10-21T14:52:20.970+0200] {logging_mixin.py:151} INFO - [2023-10-21T14:52:20.970+0200] {dag.py:2941} INFO - Sync 1 DAGs
[2023-10-21T14:52:20.976+0200] {logging_mixin.py:151} INFO - [2023-10-21T14:52:20.976+0200] {dag.py:3722} INFO - Setting next_dagrun for example_xcom to 2021-01-01T00:00:00+00:00, run_after=2021-01-01T00:00:00+00:00
[2023-10-21T14:52:20.982+0200] {processor.py:179} INFO - Processing /Library/Frameworks/Python.framework/Versions/3.11/lib/python3.11/site-packages/airflow/example_dags/example_xcom.py took 0.105 seconds
[2023-10-21T14:53:30.994+0200] {processor.py:157} INFO - Started process (PID=67979) to work on /Library/Frameworks/Python.framework/Versions/3.11/lib/python3.11/site-packages/airflow/example_dags/example_xcom.py
[2023-10-21T14:53:30.996+0200] {processor.py:829} INFO - Processing file /Library/Frameworks/Python.framework/Versions/3.11/lib/python3.11/site-packages/airflow/example_dags/example_xcom.py for tasks to queue
[2023-10-21T14:53:30.996+0200] {logging_mixin.py:151} INFO - [2023-10-21T14:53:30.996+0200] {dagbag.py:536} INFO - Filling up the DagBag from /Library/Frameworks/Python.framework/Versions/3.11/lib/python3.11/site-packages/airflow/example_dags/example_xcom.py
[2023-10-21T14:53:31.015+0200] {processor.py:839} INFO - DAG(s) dict_keys(['example_xcom']) retrieved from /Library/Frameworks/Python.framework/Versions/3.11/lib/python3.11/site-packages/airflow/example_dags/example_xcom.py
[2023-10-21T14:53:31.086+0200] {logging_mixin.py:151} INFO - [2023-10-21T14:53:31.086+0200] {dag.py:2941} INFO - Sync 1 DAGs
[2023-10-21T14:53:31.091+0200] {logging_mixin.py:151} INFO - [2023-10-21T14:53:31.091+0200] {dag.py:3722} INFO - Setting next_dagrun for example_xcom to 2021-01-01T00:00:00+00:00, run_after=2021-01-01T00:00:00+00:00
[2023-10-21T14:53:31.097+0200] {processor.py:179} INFO - Processing /Library/Frameworks/Python.framework/Versions/3.11/lib/python3.11/site-packages/airflow/example_dags/example_xcom.py took 0.104 seconds
[2023-10-21T14:54:43.743+0200] {processor.py:157} INFO - Started process (PID=68123) to work on /Library/Frameworks/Python.framework/Versions/3.11/lib/python3.11/site-packages/airflow/example_dags/example_xcom.py
[2023-10-21T14:54:43.746+0200] {processor.py:829} INFO - Processing file /Library/Frameworks/Python.framework/Versions/3.11/lib/python3.11/site-packages/airflow/example_dags/example_xcom.py for tasks to queue
[2023-10-21T14:54:43.746+0200] {logging_mixin.py:151} INFO - [2023-10-21T14:54:43.746+0200] {dagbag.py:536} INFO - Filling up the DagBag from /Library/Frameworks/Python.framework/Versions/3.11/lib/python3.11/site-packages/airflow/example_dags/example_xcom.py
[2023-10-21T14:54:43.766+0200] {processor.py:839} INFO - DAG(s) dict_keys(['example_xcom']) retrieved from /Library/Frameworks/Python.framework/Versions/3.11/lib/python3.11/site-packages/airflow/example_dags/example_xcom.py
[2023-10-21T14:54:43.836+0200] {logging_mixin.py:151} INFO - [2023-10-21T14:54:43.835+0200] {dag.py:2941} INFO - Sync 1 DAGs
[2023-10-21T14:54:43.841+0200] {logging_mixin.py:151} INFO - [2023-10-21T14:54:43.841+0200] {dag.py:3722} INFO - Setting next_dagrun for example_xcom to 2021-01-01T00:00:00+00:00, run_after=2021-01-01T00:00:00+00:00
[2023-10-21T14:54:43.847+0200] {processor.py:179} INFO - Processing /Library/Frameworks/Python.framework/Versions/3.11/lib/python3.11/site-packages/airflow/example_dags/example_xcom.py took 0.104 seconds
[2023-10-21T14:55:52.804+0200] {processor.py:157} INFO - Started process (PID=68281) to work on /Library/Frameworks/Python.framework/Versions/3.11/lib/python3.11/site-packages/airflow/example_dags/example_xcom.py
[2023-10-21T14:55:52.806+0200] {processor.py:829} INFO - Processing file /Library/Frameworks/Python.framework/Versions/3.11/lib/python3.11/site-packages/airflow/example_dags/example_xcom.py for tasks to queue
[2023-10-21T14:55:52.806+0200] {logging_mixin.py:151} INFO - [2023-10-21T14:55:52.806+0200] {dagbag.py:536} INFO - Filling up the DagBag from /Library/Frameworks/Python.framework/Versions/3.11/lib/python3.11/site-packages/airflow/example_dags/example_xcom.py
[2023-10-21T14:55:52.827+0200] {processor.py:839} INFO - DAG(s) dict_keys(['example_xcom']) retrieved from /Library/Frameworks/Python.framework/Versions/3.11/lib/python3.11/site-packages/airflow/example_dags/example_xcom.py
[2023-10-21T14:55:52.900+0200] {logging_mixin.py:151} INFO - [2023-10-21T14:55:52.900+0200] {dag.py:2941} INFO - Sync 1 DAGs
[2023-10-21T14:55:52.906+0200] {logging_mixin.py:151} INFO - [2023-10-21T14:55:52.906+0200] {dag.py:3722} INFO - Setting next_dagrun for example_xcom to 2021-01-01T00:00:00+00:00, run_after=2021-01-01T00:00:00+00:00
[2023-10-21T14:55:52.912+0200] {processor.py:179} INFO - Processing /Library/Frameworks/Python.framework/Versions/3.11/lib/python3.11/site-packages/airflow/example_dags/example_xcom.py took 0.108 seconds
