[2023-10-21T14:28:04.859+0200] {processor.py:157} INFO - Started process (PID=65055) to work on /Library/Frameworks/Python.framework/Versions/3.11/lib/python3.11/site-packages/airflow/example_dags/example_skip_dag.py
[2023-10-21T14:28:04.861+0200] {processor.py:829} INFO - Processing file /Library/Frameworks/Python.framework/Versions/3.11/lib/python3.11/site-packages/airflow/example_dags/example_skip_dag.py for tasks to queue
[2023-10-21T14:28:04.861+0200] {logging_mixin.py:151} INFO - [2023-10-21T14:28:04.861+0200] {dagbag.py:536} INFO - Filling up the DagBag from /Library/Frameworks/Python.framework/Versions/3.11/lib/python3.11/site-packages/airflow/example_dags/example_skip_dag.py
[2023-10-21T14:28:04.870+0200] {processor.py:839} INFO - DAG(s) dict_keys(['example_skip_dag']) retrieved from /Library/Frameworks/Python.framework/Versions/3.11/lib/python3.11/site-packages/airflow/example_dags/example_skip_dag.py
[2023-10-21T14:28:05.159+0200] {logging_mixin.py:151} INFO - [2023-10-21T14:28:05.159+0200] {dag.py:2941} INFO - Sync 1 DAGs
[2023-10-21T14:28:05.165+0200] {logging_mixin.py:151} INFO - [2023-10-21T14:28:05.165+0200] {dag.py:3722} INFO - Setting next_dagrun for example_skip_dag to 2023-10-20T12:28:05.165320+00:00, run_after=2023-10-21T12:28:05.165320+00:00
[2023-10-21T14:28:05.173+0200] {processor.py:179} INFO - Processing /Library/Frameworks/Python.framework/Versions/3.11/lib/python3.11/site-packages/airflow/example_dags/example_skip_dag.py took 0.315 seconds
[2023-10-21T14:29:19.818+0200] {processor.py:157} INFO - Started process (PID=65210) to work on /Library/Frameworks/Python.framework/Versions/3.11/lib/python3.11/site-packages/airflow/example_dags/example_skip_dag.py
[2023-10-21T14:29:19.821+0200] {processor.py:829} INFO - Processing file /Library/Frameworks/Python.framework/Versions/3.11/lib/python3.11/site-packages/airflow/example_dags/example_skip_dag.py for tasks to queue
[2023-10-21T14:29:19.821+0200] {logging_mixin.py:151} INFO - [2023-10-21T14:29:19.821+0200] {dagbag.py:536} INFO - Filling up the DagBag from /Library/Frameworks/Python.framework/Versions/3.11/lib/python3.11/site-packages/airflow/example_dags/example_skip_dag.py
[2023-10-21T14:29:19.830+0200] {processor.py:839} INFO - DAG(s) dict_keys(['example_skip_dag']) retrieved from /Library/Frameworks/Python.framework/Versions/3.11/lib/python3.11/site-packages/airflow/example_dags/example_skip_dag.py
[2023-10-21T14:29:19.905+0200] {logging_mixin.py:151} INFO - [2023-10-21T14:29:19.905+0200] {dag.py:2941} INFO - Sync 1 DAGs
[2023-10-21T14:29:19.911+0200] {logging_mixin.py:151} INFO - [2023-10-21T14:29:19.911+0200] {dag.py:3722} INFO - Setting next_dagrun for example_skip_dag to 2023-10-20T12:29:19.911032+00:00, run_after=2023-10-21T12:29:19.911032+00:00
[2023-10-21T14:29:19.918+0200] {processor.py:179} INFO - Processing /Library/Frameworks/Python.framework/Versions/3.11/lib/python3.11/site-packages/airflow/example_dags/example_skip_dag.py took 0.100 seconds
[2023-10-21T14:30:31.142+0200] {processor.py:157} INFO - Started process (PID=65368) to work on /Library/Frameworks/Python.framework/Versions/3.11/lib/python3.11/site-packages/airflow/example_dags/example_skip_dag.py
[2023-10-21T14:30:31.144+0200] {processor.py:829} INFO - Processing file /Library/Frameworks/Python.framework/Versions/3.11/lib/python3.11/site-packages/airflow/example_dags/example_skip_dag.py for tasks to queue
[2023-10-21T14:30:31.144+0200] {logging_mixin.py:151} INFO - [2023-10-21T14:30:31.144+0200] {dagbag.py:536} INFO - Filling up the DagBag from /Library/Frameworks/Python.framework/Versions/3.11/lib/python3.11/site-packages/airflow/example_dags/example_skip_dag.py
[2023-10-21T14:30:31.153+0200] {processor.py:839} INFO - DAG(s) dict_keys(['example_skip_dag']) retrieved from /Library/Frameworks/Python.framework/Versions/3.11/lib/python3.11/site-packages/airflow/example_dags/example_skip_dag.py
[2023-10-21T14:30:31.226+0200] {logging_mixin.py:151} INFO - [2023-10-21T14:30:31.225+0200] {dag.py:2941} INFO - Sync 1 DAGs
[2023-10-21T14:30:31.231+0200] {logging_mixin.py:151} INFO - [2023-10-21T14:30:31.231+0200] {dag.py:3722} INFO - Setting next_dagrun for example_skip_dag to 2023-10-20T12:30:31.231090+00:00, run_after=2023-10-21T12:30:31.231090+00:00
[2023-10-21T14:30:31.238+0200] {processor.py:179} INFO - Processing /Library/Frameworks/Python.framework/Versions/3.11/lib/python3.11/site-packages/airflow/example_dags/example_skip_dag.py took 0.096 seconds
[2023-10-21T14:31:42.314+0200] {processor.py:157} INFO - Started process (PID=65515) to work on /Library/Frameworks/Python.framework/Versions/3.11/lib/python3.11/site-packages/airflow/example_dags/example_skip_dag.py
[2023-10-21T14:31:42.316+0200] {processor.py:829} INFO - Processing file /Library/Frameworks/Python.framework/Versions/3.11/lib/python3.11/site-packages/airflow/example_dags/example_skip_dag.py for tasks to queue
[2023-10-21T14:31:42.316+0200] {logging_mixin.py:151} INFO - [2023-10-21T14:31:42.316+0200] {dagbag.py:536} INFO - Filling up the DagBag from /Library/Frameworks/Python.framework/Versions/3.11/lib/python3.11/site-packages/airflow/example_dags/example_skip_dag.py
[2023-10-21T14:31:42.324+0200] {processor.py:839} INFO - DAG(s) dict_keys(['example_skip_dag']) retrieved from /Library/Frameworks/Python.framework/Versions/3.11/lib/python3.11/site-packages/airflow/example_dags/example_skip_dag.py
[2023-10-21T14:31:42.396+0200] {logging_mixin.py:151} INFO - [2023-10-21T14:31:42.396+0200] {dag.py:2941} INFO - Sync 1 DAGs
[2023-10-21T14:31:42.401+0200] {logging_mixin.py:151} INFO - [2023-10-21T14:31:42.401+0200] {dag.py:3722} INFO - Setting next_dagrun for example_skip_dag to 2023-10-20T12:31:42.401602+00:00, run_after=2023-10-21T12:31:42.401602+00:00
[2023-10-21T14:31:42.408+0200] {processor.py:179} INFO - Processing /Library/Frameworks/Python.framework/Versions/3.11/lib/python3.11/site-packages/airflow/example_dags/example_skip_dag.py took 0.095 seconds
[2023-10-21T14:32:54.335+0200] {processor.py:157} INFO - Started process (PID=65673) to work on /Library/Frameworks/Python.framework/Versions/3.11/lib/python3.11/site-packages/airflow/example_dags/example_skip_dag.py
[2023-10-21T14:32:54.337+0200] {processor.py:829} INFO - Processing file /Library/Frameworks/Python.framework/Versions/3.11/lib/python3.11/site-packages/airflow/example_dags/example_skip_dag.py for tasks to queue
[2023-10-21T14:32:54.338+0200] {logging_mixin.py:151} INFO - [2023-10-21T14:32:54.338+0200] {dagbag.py:536} INFO - Filling up the DagBag from /Library/Frameworks/Python.framework/Versions/3.11/lib/python3.11/site-packages/airflow/example_dags/example_skip_dag.py
[2023-10-21T14:32:54.346+0200] {processor.py:839} INFO - DAG(s) dict_keys(['example_skip_dag']) retrieved from /Library/Frameworks/Python.framework/Versions/3.11/lib/python3.11/site-packages/airflow/example_dags/example_skip_dag.py
[2023-10-21T14:32:54.419+0200] {logging_mixin.py:151} INFO - [2023-10-21T14:32:54.419+0200] {dag.py:2941} INFO - Sync 1 DAGs
[2023-10-21T14:32:54.424+0200] {logging_mixin.py:151} INFO - [2023-10-21T14:32:54.424+0200] {dag.py:3722} INFO - Setting next_dagrun for example_skip_dag to 2023-10-20T12:32:54.424164+00:00, run_after=2023-10-21T12:32:54.424164+00:00
[2023-10-21T14:32:54.431+0200] {processor.py:179} INFO - Processing /Library/Frameworks/Python.framework/Versions/3.11/lib/python3.11/site-packages/airflow/example_dags/example_skip_dag.py took 0.095 seconds
[2023-10-21T14:34:04.559+0200] {processor.py:157} INFO - Started process (PID=65892) to work on /Library/Frameworks/Python.framework/Versions/3.11/lib/python3.11/site-packages/airflow/example_dags/example_skip_dag.py
[2023-10-21T14:34:04.561+0200] {processor.py:829} INFO - Processing file /Library/Frameworks/Python.framework/Versions/3.11/lib/python3.11/site-packages/airflow/example_dags/example_skip_dag.py for tasks to queue
[2023-10-21T14:34:04.562+0200] {logging_mixin.py:151} INFO - [2023-10-21T14:34:04.562+0200] {dagbag.py:536} INFO - Filling up the DagBag from /Library/Frameworks/Python.framework/Versions/3.11/lib/python3.11/site-packages/airflow/example_dags/example_skip_dag.py
[2023-10-21T14:34:04.570+0200] {processor.py:839} INFO - DAG(s) dict_keys(['example_skip_dag']) retrieved from /Library/Frameworks/Python.framework/Versions/3.11/lib/python3.11/site-packages/airflow/example_dags/example_skip_dag.py
[2023-10-21T14:34:04.642+0200] {logging_mixin.py:151} INFO - [2023-10-21T14:34:04.642+0200] {dag.py:2941} INFO - Sync 1 DAGs
[2023-10-21T14:34:04.647+0200] {logging_mixin.py:151} INFO - [2023-10-21T14:34:04.647+0200] {dag.py:3722} INFO - Setting next_dagrun for example_skip_dag to 2023-10-20T12:34:04.647250+00:00, run_after=2023-10-21T12:34:04.647250+00:00
[2023-10-21T14:34:04.654+0200] {processor.py:179} INFO - Processing /Library/Frameworks/Python.framework/Versions/3.11/lib/python3.11/site-packages/airflow/example_dags/example_skip_dag.py took 0.095 seconds
[2023-10-21T14:35:15.131+0200] {processor.py:157} INFO - Started process (PID=66063) to work on /Library/Frameworks/Python.framework/Versions/3.11/lib/python3.11/site-packages/airflow/example_dags/example_skip_dag.py
[2023-10-21T14:35:15.133+0200] {processor.py:829} INFO - Processing file /Library/Frameworks/Python.framework/Versions/3.11/lib/python3.11/site-packages/airflow/example_dags/example_skip_dag.py for tasks to queue
[2023-10-21T14:35:15.133+0200] {logging_mixin.py:151} INFO - [2023-10-21T14:35:15.133+0200] {dagbag.py:536} INFO - Filling up the DagBag from /Library/Frameworks/Python.framework/Versions/3.11/lib/python3.11/site-packages/airflow/example_dags/example_skip_dag.py
[2023-10-21T14:35:15.141+0200] {processor.py:839} INFO - DAG(s) dict_keys(['example_skip_dag']) retrieved from /Library/Frameworks/Python.framework/Versions/3.11/lib/python3.11/site-packages/airflow/example_dags/example_skip_dag.py
[2023-10-21T14:35:15.213+0200] {logging_mixin.py:151} INFO - [2023-10-21T14:35:15.213+0200] {dag.py:2941} INFO - Sync 1 DAGs
[2023-10-21T14:35:15.219+0200] {logging_mixin.py:151} INFO - [2023-10-21T14:35:15.218+0200] {dag.py:3722} INFO - Setting next_dagrun for example_skip_dag to 2023-10-20T12:35:15.218939+00:00, run_after=2023-10-21T12:35:15.218939+00:00
[2023-10-21T14:35:15.225+0200] {processor.py:179} INFO - Processing /Library/Frameworks/Python.framework/Versions/3.11/lib/python3.11/site-packages/airflow/example_dags/example_skip_dag.py took 0.095 seconds
[2023-10-21T14:45:30.882+0200] {processor.py:157} INFO - Started process (PID=66965) to work on /Library/Frameworks/Python.framework/Versions/3.11/lib/python3.11/site-packages/airflow/example_dags/example_skip_dag.py
[2023-10-21T14:45:30.883+0200] {processor.py:829} INFO - Processing file /Library/Frameworks/Python.framework/Versions/3.11/lib/python3.11/site-packages/airflow/example_dags/example_skip_dag.py for tasks to queue
[2023-10-21T14:45:30.884+0200] {logging_mixin.py:151} INFO - [2023-10-21T14:45:30.884+0200] {dagbag.py:536} INFO - Filling up the DagBag from /Library/Frameworks/Python.framework/Versions/3.11/lib/python3.11/site-packages/airflow/example_dags/example_skip_dag.py
[2023-10-21T14:45:30.892+0200] {processor.py:839} INFO - DAG(s) dict_keys(['example_skip_dag']) retrieved from /Library/Frameworks/Python.framework/Versions/3.11/lib/python3.11/site-packages/airflow/example_dags/example_skip_dag.py
[2023-10-21T14:45:30.911+0200] {logging_mixin.py:151} INFO - [2023-10-21T14:45:30.911+0200] {dag.py:2941} INFO - Sync 1 DAGs
[2023-10-21T14:45:30.939+0200] {logging_mixin.py:151} INFO - [2023-10-21T14:45:30.939+0200] {dag.py:3722} INFO - Setting next_dagrun for example_skip_dag to 2023-10-20T12:45:30.939164+00:00, run_after=2023-10-21T12:45:30.939164+00:00
[2023-10-21T14:45:30.945+0200] {processor.py:179} INFO - Processing /Library/Frameworks/Python.framework/Versions/3.11/lib/python3.11/site-packages/airflow/example_dags/example_skip_dag.py took 0.064 seconds
[2023-10-21T14:46:34.100+0200] {processor.py:157} INFO - Started process (PID=67088) to work on /Library/Frameworks/Python.framework/Versions/3.11/lib/python3.11/site-packages/airflow/example_dags/example_skip_dag.py
[2023-10-21T14:46:34.102+0200] {processor.py:829} INFO - Processing file /Library/Frameworks/Python.framework/Versions/3.11/lib/python3.11/site-packages/airflow/example_dags/example_skip_dag.py for tasks to queue
[2023-10-21T14:46:34.102+0200] {logging_mixin.py:151} INFO - [2023-10-21T14:46:34.102+0200] {dagbag.py:536} INFO - Filling up the DagBag from /Library/Frameworks/Python.framework/Versions/3.11/lib/python3.11/site-packages/airflow/example_dags/example_skip_dag.py
[2023-10-21T14:46:34.113+0200] {processor.py:839} INFO - DAG(s) dict_keys(['example_skip_dag']) retrieved from /Library/Frameworks/Python.framework/Versions/3.11/lib/python3.11/site-packages/airflow/example_dags/example_skip_dag.py
[2023-10-21T14:46:34.194+0200] {logging_mixin.py:151} INFO - [2023-10-21T14:46:34.194+0200] {dag.py:2941} INFO - Sync 1 DAGs
[2023-10-21T14:46:34.200+0200] {logging_mixin.py:151} INFO - [2023-10-21T14:46:34.200+0200] {dag.py:3722} INFO - Setting next_dagrun for example_skip_dag to 2023-10-20T12:46:34.200083+00:00, run_after=2023-10-21T12:46:34.200083+00:00
[2023-10-21T14:46:34.207+0200] {processor.py:179} INFO - Processing /Library/Frameworks/Python.framework/Versions/3.11/lib/python3.11/site-packages/airflow/example_dags/example_skip_dag.py took 0.107 seconds
[2023-10-21T14:51:28.052+0200] {processor.py:157} INFO - Started process (PID=67734) to work on /Library/Frameworks/Python.framework/Versions/3.11/lib/python3.11/site-packages/airflow/example_dags/example_skip_dag.py
[2023-10-21T14:51:28.054+0200] {processor.py:829} INFO - Processing file /Library/Frameworks/Python.framework/Versions/3.11/lib/python3.11/site-packages/airflow/example_dags/example_skip_dag.py for tasks to queue
[2023-10-21T14:51:28.054+0200] {logging_mixin.py:151} INFO - [2023-10-21T14:51:28.054+0200] {dagbag.py:536} INFO - Filling up the DagBag from /Library/Frameworks/Python.framework/Versions/3.11/lib/python3.11/site-packages/airflow/example_dags/example_skip_dag.py
[2023-10-21T14:51:28.063+0200] {processor.py:839} INFO - DAG(s) dict_keys(['example_skip_dag']) retrieved from /Library/Frameworks/Python.framework/Versions/3.11/lib/python3.11/site-packages/airflow/example_dags/example_skip_dag.py
[2023-10-21T14:51:28.138+0200] {logging_mixin.py:151} INFO - [2023-10-21T14:51:28.138+0200] {dag.py:2941} INFO - Sync 1 DAGs
[2023-10-21T14:51:28.144+0200] {logging_mixin.py:151} INFO - [2023-10-21T14:51:28.144+0200] {dag.py:3722} INFO - Setting next_dagrun for example_skip_dag to 2023-10-20T12:51:28.144163+00:00, run_after=2023-10-21T12:51:28.144163+00:00
[2023-10-21T14:51:28.151+0200] {processor.py:179} INFO - Processing /Library/Frameworks/Python.framework/Versions/3.11/lib/python3.11/site-packages/airflow/example_dags/example_skip_dag.py took 0.099 seconds
[2023-10-21T14:52:32.096+0200] {processor.py:157} INFO - Started process (PID=67874) to work on /Library/Frameworks/Python.framework/Versions/3.11/lib/python3.11/site-packages/airflow/example_dags/example_skip_dag.py
[2023-10-21T14:52:32.098+0200] {processor.py:829} INFO - Processing file /Library/Frameworks/Python.framework/Versions/3.11/lib/python3.11/site-packages/airflow/example_dags/example_skip_dag.py for tasks to queue
[2023-10-21T14:52:32.098+0200] {logging_mixin.py:151} INFO - [2023-10-21T14:52:32.098+0200] {dagbag.py:536} INFO - Filling up the DagBag from /Library/Frameworks/Python.framework/Versions/3.11/lib/python3.11/site-packages/airflow/example_dags/example_skip_dag.py
[2023-10-21T14:52:32.107+0200] {processor.py:839} INFO - DAG(s) dict_keys(['example_skip_dag']) retrieved from /Library/Frameworks/Python.framework/Versions/3.11/lib/python3.11/site-packages/airflow/example_dags/example_skip_dag.py
[2023-10-21T14:52:32.179+0200] {logging_mixin.py:151} INFO - [2023-10-21T14:52:32.178+0200] {dag.py:2941} INFO - Sync 1 DAGs
[2023-10-21T14:52:32.184+0200] {logging_mixin.py:151} INFO - [2023-10-21T14:52:32.184+0200] {dag.py:3722} INFO - Setting next_dagrun for example_skip_dag to 2023-10-20T12:52:32.184089+00:00, run_after=2023-10-21T12:52:32.184089+00:00
[2023-10-21T14:52:32.191+0200] {processor.py:179} INFO - Processing /Library/Frameworks/Python.framework/Versions/3.11/lib/python3.11/site-packages/airflow/example_dags/example_skip_dag.py took 0.095 seconds
[2023-10-21T14:53:42.832+0200] {processor.py:157} INFO - Started process (PID=68002) to work on /Library/Frameworks/Python.framework/Versions/3.11/lib/python3.11/site-packages/airflow/example_dags/example_skip_dag.py
[2023-10-21T14:53:42.834+0200] {processor.py:829} INFO - Processing file /Library/Frameworks/Python.framework/Versions/3.11/lib/python3.11/site-packages/airflow/example_dags/example_skip_dag.py for tasks to queue
[2023-10-21T14:53:42.834+0200] {logging_mixin.py:151} INFO - [2023-10-21T14:53:42.834+0200] {dagbag.py:536} INFO - Filling up the DagBag from /Library/Frameworks/Python.framework/Versions/3.11/lib/python3.11/site-packages/airflow/example_dags/example_skip_dag.py
[2023-10-21T14:53:42.842+0200] {processor.py:839} INFO - DAG(s) dict_keys(['example_skip_dag']) retrieved from /Library/Frameworks/Python.framework/Versions/3.11/lib/python3.11/site-packages/airflow/example_dags/example_skip_dag.py
[2023-10-21T14:53:42.914+0200] {logging_mixin.py:151} INFO - [2023-10-21T14:53:42.914+0200] {dag.py:2941} INFO - Sync 1 DAGs
[2023-10-21T14:53:42.920+0200] {logging_mixin.py:151} INFO - [2023-10-21T14:53:42.920+0200] {dag.py:3722} INFO - Setting next_dagrun for example_skip_dag to 2023-10-20T12:53:42.920110+00:00, run_after=2023-10-21T12:53:42.920110+00:00
[2023-10-21T14:53:42.927+0200] {processor.py:179} INFO - Processing /Library/Frameworks/Python.framework/Versions/3.11/lib/python3.11/site-packages/airflow/example_dags/example_skip_dag.py took 0.095 seconds
[2023-10-21T14:54:54.459+0200] {processor.py:157} INFO - Started process (PID=68146) to work on /Library/Frameworks/Python.framework/Versions/3.11/lib/python3.11/site-packages/airflow/example_dags/example_skip_dag.py
[2023-10-21T14:54:54.461+0200] {processor.py:829} INFO - Processing file /Library/Frameworks/Python.framework/Versions/3.11/lib/python3.11/site-packages/airflow/example_dags/example_skip_dag.py for tasks to queue
[2023-10-21T14:54:54.462+0200] {logging_mixin.py:151} INFO - [2023-10-21T14:54:54.462+0200] {dagbag.py:536} INFO - Filling up the DagBag from /Library/Frameworks/Python.framework/Versions/3.11/lib/python3.11/site-packages/airflow/example_dags/example_skip_dag.py
[2023-10-21T14:54:54.480+0200] {processor.py:839} INFO - DAG(s) dict_keys(['example_skip_dag']) retrieved from /Library/Frameworks/Python.framework/Versions/3.11/lib/python3.11/site-packages/airflow/example_dags/example_skip_dag.py
[2023-10-21T14:54:54.576+0200] {logging_mixin.py:151} INFO - [2023-10-21T14:54:54.576+0200] {dag.py:2941} INFO - Sync 1 DAGs
[2023-10-21T14:54:54.582+0200] {logging_mixin.py:151} INFO - [2023-10-21T14:54:54.582+0200] {dag.py:3722} INFO - Setting next_dagrun for example_skip_dag to 2023-10-20T12:54:54.582523+00:00, run_after=2023-10-21T12:54:54.582523+00:00
[2023-10-21T14:54:54.593+0200] {processor.py:179} INFO - Processing /Library/Frameworks/Python.framework/Versions/3.11/lib/python3.11/site-packages/airflow/example_dags/example_skip_dag.py took 0.135 seconds
[2023-10-21T14:56:03.560+0200] {processor.py:157} INFO - Started process (PID=68301) to work on /Library/Frameworks/Python.framework/Versions/3.11/lib/python3.11/site-packages/airflow/example_dags/example_skip_dag.py
[2023-10-21T14:56:03.563+0200] {processor.py:829} INFO - Processing file /Library/Frameworks/Python.framework/Versions/3.11/lib/python3.11/site-packages/airflow/example_dags/example_skip_dag.py for tasks to queue
[2023-10-21T14:56:03.563+0200] {logging_mixin.py:151} INFO - [2023-10-21T14:56:03.563+0200] {dagbag.py:536} INFO - Filling up the DagBag from /Library/Frameworks/Python.framework/Versions/3.11/lib/python3.11/site-packages/airflow/example_dags/example_skip_dag.py
[2023-10-21T14:56:03.572+0200] {processor.py:839} INFO - DAG(s) dict_keys(['example_skip_dag']) retrieved from /Library/Frameworks/Python.framework/Versions/3.11/lib/python3.11/site-packages/airflow/example_dags/example_skip_dag.py
[2023-10-21T14:56:03.644+0200] {logging_mixin.py:151} INFO - [2023-10-21T14:56:03.644+0200] {dag.py:2941} INFO - Sync 1 DAGs
[2023-10-21T14:56:03.649+0200] {logging_mixin.py:151} INFO - [2023-10-21T14:56:03.649+0200] {dag.py:3722} INFO - Setting next_dagrun for example_skip_dag to 2023-10-20T12:56:03.649367+00:00, run_after=2023-10-21T12:56:03.649367+00:00
[2023-10-21T14:56:03.656+0200] {processor.py:179} INFO - Processing /Library/Frameworks/Python.framework/Versions/3.11/lib/python3.11/site-packages/airflow/example_dags/example_skip_dag.py took 0.096 seconds
