[2023-10-21T14:27:59.620+0200] {processor.py:157} INFO - Started process (PID=65045) to work on /Library/Frameworks/Python.framework/Versions/3.11/lib/python3.11/site-packages/airflow/example_dags/example_task_group.py
[2023-10-21T14:27:59.621+0200] {processor.py:829} INFO - Processing file /Library/Frameworks/Python.framework/Versions/3.11/lib/python3.11/site-packages/airflow/example_dags/example_task_group.py for tasks to queue
[2023-10-21T14:27:59.621+0200] {logging_mixin.py:151} INFO - [2023-10-21T14:27:59.621+0200] {dagbag.py:536} INFO - Filling up the DagBag from /Library/Frameworks/Python.framework/Versions/3.11/lib/python3.11/site-packages/airflow/example_dags/example_task_group.py
[2023-10-21T14:27:59.631+0200] {processor.py:839} INFO - DAG(s) dict_keys(['example_task_group']) retrieved from /Library/Frameworks/Python.framework/Versions/3.11/lib/python3.11/site-packages/airflow/example_dags/example_task_group.py
[2023-10-21T14:27:59.922+0200] {logging_mixin.py:151} INFO - [2023-10-21T14:27:59.922+0200] {dag.py:2941} INFO - Sync 1 DAGs
[2023-10-21T14:27:59.928+0200] {logging_mixin.py:151} INFO - [2023-10-21T14:27:59.928+0200] {dag.py:3722} INFO - Setting next_dagrun for example_task_group to 2023-10-20T12:27:59.928864+00:00, run_after=2023-10-21T12:27:59.928864+00:00
[2023-10-21T14:27:59.935+0200] {processor.py:179} INFO - Processing /Library/Frameworks/Python.framework/Versions/3.11/lib/python3.11/site-packages/airflow/example_dags/example_task_group.py took 0.316 seconds
[2023-10-21T14:29:14.927+0200] {processor.py:157} INFO - Started process (PID=65200) to work on /Library/Frameworks/Python.framework/Versions/3.11/lib/python3.11/site-packages/airflow/example_dags/example_task_group.py
[2023-10-21T14:29:14.929+0200] {processor.py:829} INFO - Processing file /Library/Frameworks/Python.framework/Versions/3.11/lib/python3.11/site-packages/airflow/example_dags/example_task_group.py for tasks to queue
[2023-10-21T14:29:14.930+0200] {logging_mixin.py:151} INFO - [2023-10-21T14:29:14.930+0200] {dagbag.py:536} INFO - Filling up the DagBag from /Library/Frameworks/Python.framework/Versions/3.11/lib/python3.11/site-packages/airflow/example_dags/example_task_group.py
[2023-10-21T14:29:14.939+0200] {processor.py:839} INFO - DAG(s) dict_keys(['example_task_group']) retrieved from /Library/Frameworks/Python.framework/Versions/3.11/lib/python3.11/site-packages/airflow/example_dags/example_task_group.py
[2023-10-21T14:29:15.011+0200] {logging_mixin.py:151} INFO - [2023-10-21T14:29:15.011+0200] {dag.py:2941} INFO - Sync 1 DAGs
[2023-10-21T14:29:15.017+0200] {logging_mixin.py:151} INFO - [2023-10-21T14:29:15.017+0200] {dag.py:3722} INFO - Setting next_dagrun for example_task_group to 2023-10-20T12:29:15.017186+00:00, run_after=2023-10-21T12:29:15.017186+00:00
[2023-10-21T14:29:15.023+0200] {processor.py:179} INFO - Processing /Library/Frameworks/Python.framework/Versions/3.11/lib/python3.11/site-packages/airflow/example_dags/example_task_group.py took 0.097 seconds
[2023-10-21T14:30:27.118+0200] {processor.py:157} INFO - Started process (PID=65362) to work on /Library/Frameworks/Python.framework/Versions/3.11/lib/python3.11/site-packages/airflow/example_dags/example_task_group.py
[2023-10-21T14:30:27.121+0200] {processor.py:829} INFO - Processing file /Library/Frameworks/Python.framework/Versions/3.11/lib/python3.11/site-packages/airflow/example_dags/example_task_group.py for tasks to queue
[2023-10-21T14:30:27.121+0200] {logging_mixin.py:151} INFO - [2023-10-21T14:30:27.121+0200] {dagbag.py:536} INFO - Filling up the DagBag from /Library/Frameworks/Python.framework/Versions/3.11/lib/python3.11/site-packages/airflow/example_dags/example_task_group.py
[2023-10-21T14:30:27.130+0200] {processor.py:839} INFO - DAG(s) dict_keys(['example_task_group']) retrieved from /Library/Frameworks/Python.framework/Versions/3.11/lib/python3.11/site-packages/airflow/example_dags/example_task_group.py
[2023-10-21T14:30:27.203+0200] {logging_mixin.py:151} INFO - [2023-10-21T14:30:27.202+0200] {dag.py:2941} INFO - Sync 1 DAGs
[2023-10-21T14:30:27.208+0200] {logging_mixin.py:151} INFO - [2023-10-21T14:30:27.208+0200] {dag.py:3722} INFO - Setting next_dagrun for example_task_group to 2023-10-20T12:30:27.208724+00:00, run_after=2023-10-21T12:30:27.208724+00:00
[2023-10-21T14:30:27.214+0200] {processor.py:179} INFO - Processing /Library/Frameworks/Python.framework/Versions/3.11/lib/python3.11/site-packages/airflow/example_dags/example_task_group.py took 0.097 seconds
[2023-10-21T14:31:39.172+0200] {processor.py:157} INFO - Started process (PID=65509) to work on /Library/Frameworks/Python.framework/Versions/3.11/lib/python3.11/site-packages/airflow/example_dags/example_task_group.py
[2023-10-21T14:31:39.175+0200] {processor.py:829} INFO - Processing file /Library/Frameworks/Python.framework/Versions/3.11/lib/python3.11/site-packages/airflow/example_dags/example_task_group.py for tasks to queue
[2023-10-21T14:31:39.175+0200] {logging_mixin.py:151} INFO - [2023-10-21T14:31:39.175+0200] {dagbag.py:536} INFO - Filling up the DagBag from /Library/Frameworks/Python.framework/Versions/3.11/lib/python3.11/site-packages/airflow/example_dags/example_task_group.py
[2023-10-21T14:31:39.184+0200] {processor.py:839} INFO - DAG(s) dict_keys(['example_task_group']) retrieved from /Library/Frameworks/Python.framework/Versions/3.11/lib/python3.11/site-packages/airflow/example_dags/example_task_group.py
[2023-10-21T14:31:39.257+0200] {logging_mixin.py:151} INFO - [2023-10-21T14:31:39.257+0200] {dag.py:2941} INFO - Sync 1 DAGs
[2023-10-21T14:31:39.263+0200] {logging_mixin.py:151} INFO - [2023-10-21T14:31:39.263+0200] {dag.py:3722} INFO - Setting next_dagrun for example_task_group to 2023-10-20T12:31:39.262979+00:00, run_after=2023-10-21T12:31:39.262979+00:00
[2023-10-21T14:31:39.269+0200] {processor.py:179} INFO - Processing /Library/Frameworks/Python.framework/Versions/3.11/lib/python3.11/site-packages/airflow/example_dags/example_task_group.py took 0.097 seconds
[2023-10-21T14:32:50.211+0200] {processor.py:157} INFO - Started process (PID=65658) to work on /Library/Frameworks/Python.framework/Versions/3.11/lib/python3.11/site-packages/airflow/example_dags/example_task_group.py
[2023-10-21T14:32:50.213+0200] {processor.py:829} INFO - Processing file /Library/Frameworks/Python.framework/Versions/3.11/lib/python3.11/site-packages/airflow/example_dags/example_task_group.py for tasks to queue
[2023-10-21T14:32:50.213+0200] {logging_mixin.py:151} INFO - [2023-10-21T14:32:50.213+0200] {dagbag.py:536} INFO - Filling up the DagBag from /Library/Frameworks/Python.framework/Versions/3.11/lib/python3.11/site-packages/airflow/example_dags/example_task_group.py
[2023-10-21T14:32:50.222+0200] {processor.py:839} INFO - DAG(s) dict_keys(['example_task_group']) retrieved from /Library/Frameworks/Python.framework/Versions/3.11/lib/python3.11/site-packages/airflow/example_dags/example_task_group.py
[2023-10-21T14:32:50.300+0200] {logging_mixin.py:151} INFO - [2023-10-21T14:32:50.300+0200] {dag.py:2941} INFO - Sync 1 DAGs
[2023-10-21T14:32:50.307+0200] {logging_mixin.py:151} INFO - [2023-10-21T14:32:50.306+0200] {dag.py:3722} INFO - Setting next_dagrun for example_task_group to 2023-10-20T12:32:50.306877+00:00, run_after=2023-10-21T12:32:50.306877+00:00
[2023-10-21T14:32:50.313+0200] {processor.py:179} INFO - Processing /Library/Frameworks/Python.framework/Versions/3.11/lib/python3.11/site-packages/airflow/example_dags/example_task_group.py took 0.103 seconds
[2023-10-21T14:34:00.617+0200] {processor.py:157} INFO - Started process (PID=65886) to work on /Library/Frameworks/Python.framework/Versions/3.11/lib/python3.11/site-packages/airflow/example_dags/example_task_group.py
[2023-10-21T14:34:00.620+0200] {processor.py:829} INFO - Processing file /Library/Frameworks/Python.framework/Versions/3.11/lib/python3.11/site-packages/airflow/example_dags/example_task_group.py for tasks to queue
[2023-10-21T14:34:00.620+0200] {logging_mixin.py:151} INFO - [2023-10-21T14:34:00.620+0200] {dagbag.py:536} INFO - Filling up the DagBag from /Library/Frameworks/Python.framework/Versions/3.11/lib/python3.11/site-packages/airflow/example_dags/example_task_group.py
[2023-10-21T14:34:00.630+0200] {processor.py:839} INFO - DAG(s) dict_keys(['example_task_group']) retrieved from /Library/Frameworks/Python.framework/Versions/3.11/lib/python3.11/site-packages/airflow/example_dags/example_task_group.py
[2023-10-21T14:34:00.706+0200] {logging_mixin.py:151} INFO - [2023-10-21T14:34:00.705+0200] {dag.py:2941} INFO - Sync 1 DAGs
[2023-10-21T14:34:00.711+0200] {logging_mixin.py:151} INFO - [2023-10-21T14:34:00.711+0200] {dag.py:3722} INFO - Setting next_dagrun for example_task_group to 2023-10-20T12:34:00.711806+00:00, run_after=2023-10-21T12:34:00.711806+00:00
[2023-10-21T14:34:00.718+0200] {processor.py:179} INFO - Processing /Library/Frameworks/Python.framework/Versions/3.11/lib/python3.11/site-packages/airflow/example_dags/example_task_group.py took 0.101 seconds
[2023-10-21T14:35:10.363+0200] {processor.py:157} INFO - Started process (PID=66039) to work on /Library/Frameworks/Python.framework/Versions/3.11/lib/python3.11/site-packages/airflow/example_dags/example_task_group.py
[2023-10-21T14:35:10.364+0200] {processor.py:829} INFO - Processing file /Library/Frameworks/Python.framework/Versions/3.11/lib/python3.11/site-packages/airflow/example_dags/example_task_group.py for tasks to queue
[2023-10-21T14:35:10.365+0200] {logging_mixin.py:151} INFO - [2023-10-21T14:35:10.365+0200] {dagbag.py:536} INFO - Filling up the DagBag from /Library/Frameworks/Python.framework/Versions/3.11/lib/python3.11/site-packages/airflow/example_dags/example_task_group.py
[2023-10-21T14:35:10.374+0200] {processor.py:839} INFO - DAG(s) dict_keys(['example_task_group']) retrieved from /Library/Frameworks/Python.framework/Versions/3.11/lib/python3.11/site-packages/airflow/example_dags/example_task_group.py
[2023-10-21T14:35:10.446+0200] {logging_mixin.py:151} INFO - [2023-10-21T14:35:10.446+0200] {dag.py:2941} INFO - Sync 1 DAGs
[2023-10-21T14:35:10.452+0200] {logging_mixin.py:151} INFO - [2023-10-21T14:35:10.452+0200] {dag.py:3722} INFO - Setting next_dagrun for example_task_group to 2023-10-20T12:35:10.452681+00:00, run_after=2023-10-21T12:35:10.452681+00:00
[2023-10-21T14:35:10.460+0200] {processor.py:179} INFO - Processing /Library/Frameworks/Python.framework/Versions/3.11/lib/python3.11/site-packages/airflow/example_dags/example_task_group.py took 0.098 seconds
[2023-10-21T14:45:26.318+0200] {processor.py:157} INFO - Started process (PID=66956) to work on /Library/Frameworks/Python.framework/Versions/3.11/lib/python3.11/site-packages/airflow/example_dags/example_task_group.py
[2023-10-21T14:45:26.320+0200] {processor.py:829} INFO - Processing file /Library/Frameworks/Python.framework/Versions/3.11/lib/python3.11/site-packages/airflow/example_dags/example_task_group.py for tasks to queue
[2023-10-21T14:45:26.320+0200] {logging_mixin.py:151} INFO - [2023-10-21T14:45:26.320+0200] {dagbag.py:536} INFO - Filling up the DagBag from /Library/Frameworks/Python.framework/Versions/3.11/lib/python3.11/site-packages/airflow/example_dags/example_task_group.py
[2023-10-21T14:45:26.329+0200] {processor.py:839} INFO - DAG(s) dict_keys(['example_task_group']) retrieved from /Library/Frameworks/Python.framework/Versions/3.11/lib/python3.11/site-packages/airflow/example_dags/example_task_group.py
[2023-10-21T14:45:26.349+0200] {logging_mixin.py:151} INFO - [2023-10-21T14:45:26.348+0200] {dag.py:2941} INFO - Sync 1 DAGs
[2023-10-21T14:45:26.377+0200] {logging_mixin.py:151} INFO - [2023-10-21T14:45:26.377+0200] {dag.py:3722} INFO - Setting next_dagrun for example_task_group to 2023-10-20T12:45:26.377254+00:00, run_after=2023-10-21T12:45:26.377254+00:00
[2023-10-21T14:45:26.384+0200] {processor.py:179} INFO - Processing /Library/Frameworks/Python.framework/Versions/3.11/lib/python3.11/site-packages/airflow/example_dags/example_task_group.py took 0.066 seconds
[2023-10-21T14:46:29.147+0200] {processor.py:157} INFO - Started process (PID=67076) to work on /Library/Frameworks/Python.framework/Versions/3.11/lib/python3.11/site-packages/airflow/example_dags/example_task_group.py
[2023-10-21T14:46:29.149+0200] {processor.py:829} INFO - Processing file /Library/Frameworks/Python.framework/Versions/3.11/lib/python3.11/site-packages/airflow/example_dags/example_task_group.py for tasks to queue
[2023-10-21T14:46:29.149+0200] {logging_mixin.py:151} INFO - [2023-10-21T14:46:29.149+0200] {dagbag.py:536} INFO - Filling up the DagBag from /Library/Frameworks/Python.framework/Versions/3.11/lib/python3.11/site-packages/airflow/example_dags/example_task_group.py
[2023-10-21T14:46:29.159+0200] {processor.py:839} INFO - DAG(s) dict_keys(['example_task_group']) retrieved from /Library/Frameworks/Python.framework/Versions/3.11/lib/python3.11/site-packages/airflow/example_dags/example_task_group.py
[2023-10-21T14:46:29.237+0200] {logging_mixin.py:151} INFO - [2023-10-21T14:46:29.237+0200] {dag.py:2941} INFO - Sync 1 DAGs
[2023-10-21T14:46:29.243+0200] {logging_mixin.py:151} INFO - [2023-10-21T14:46:29.243+0200] {dag.py:3722} INFO - Setting next_dagrun for example_task_group to 2023-10-20T12:46:29.243177+00:00, run_after=2023-10-21T12:46:29.243177+00:00
[2023-10-21T14:46:29.249+0200] {processor.py:179} INFO - Processing /Library/Frameworks/Python.framework/Versions/3.11/lib/python3.11/site-packages/airflow/example_dags/example_task_group.py took 0.102 seconds
[2023-10-21T14:51:23.470+0200] {processor.py:157} INFO - Started process (PID=67725) to work on /Library/Frameworks/Python.framework/Versions/3.11/lib/python3.11/site-packages/airflow/example_dags/example_task_group.py
[2023-10-21T14:51:23.473+0200] {processor.py:829} INFO - Processing file /Library/Frameworks/Python.framework/Versions/3.11/lib/python3.11/site-packages/airflow/example_dags/example_task_group.py for tasks to queue
[2023-10-21T14:51:23.473+0200] {logging_mixin.py:151} INFO - [2023-10-21T14:51:23.473+0200] {dagbag.py:536} INFO - Filling up the DagBag from /Library/Frameworks/Python.framework/Versions/3.11/lib/python3.11/site-packages/airflow/example_dags/example_task_group.py
[2023-10-21T14:51:23.484+0200] {processor.py:839} INFO - DAG(s) dict_keys(['example_task_group']) retrieved from /Library/Frameworks/Python.framework/Versions/3.11/lib/python3.11/site-packages/airflow/example_dags/example_task_group.py
[2023-10-21T14:51:23.574+0200] {logging_mixin.py:151} INFO - [2023-10-21T14:51:23.574+0200] {dag.py:2941} INFO - Sync 1 DAGs
[2023-10-21T14:51:23.583+0200] {logging_mixin.py:151} INFO - [2023-10-21T14:51:23.582+0200] {dag.py:3722} INFO - Setting next_dagrun for example_task_group to 2023-10-20T12:51:23.582887+00:00, run_after=2023-10-21T12:51:23.582887+00:00
[2023-10-21T14:51:23.591+0200] {processor.py:179} INFO - Processing /Library/Frameworks/Python.framework/Versions/3.11/lib/python3.11/site-packages/airflow/example_dags/example_task_group.py took 0.122 seconds
[2023-10-21T14:52:28.152+0200] {processor.py:157} INFO - Started process (PID=67865) to work on /Library/Frameworks/Python.framework/Versions/3.11/lib/python3.11/site-packages/airflow/example_dags/example_task_group.py
[2023-10-21T14:52:28.154+0200] {processor.py:829} INFO - Processing file /Library/Frameworks/Python.framework/Versions/3.11/lib/python3.11/site-packages/airflow/example_dags/example_task_group.py for tasks to queue
[2023-10-21T14:52:28.154+0200] {logging_mixin.py:151} INFO - [2023-10-21T14:52:28.154+0200] {dagbag.py:536} INFO - Filling up the DagBag from /Library/Frameworks/Python.framework/Versions/3.11/lib/python3.11/site-packages/airflow/example_dags/example_task_group.py
[2023-10-21T14:52:28.163+0200] {processor.py:839} INFO - DAG(s) dict_keys(['example_task_group']) retrieved from /Library/Frameworks/Python.framework/Versions/3.11/lib/python3.11/site-packages/airflow/example_dags/example_task_group.py
[2023-10-21T14:52:28.236+0200] {logging_mixin.py:151} INFO - [2023-10-21T14:52:28.236+0200] {dag.py:2941} INFO - Sync 1 DAGs
[2023-10-21T14:52:28.241+0200] {logging_mixin.py:151} INFO - [2023-10-21T14:52:28.241+0200] {dag.py:3722} INFO - Setting next_dagrun for example_task_group to 2023-10-20T12:52:28.241872+00:00, run_after=2023-10-21T12:52:28.241872+00:00
[2023-10-21T14:52:28.248+0200] {processor.py:179} INFO - Processing /Library/Frameworks/Python.framework/Versions/3.11/lib/python3.11/site-packages/airflow/example_dags/example_task_group.py took 0.096 seconds
[2023-10-21T14:53:38.811+0200] {processor.py:157} INFO - Started process (PID=67994) to work on /Library/Frameworks/Python.framework/Versions/3.11/lib/python3.11/site-packages/airflow/example_dags/example_task_group.py
[2023-10-21T14:53:38.813+0200] {processor.py:829} INFO - Processing file /Library/Frameworks/Python.framework/Versions/3.11/lib/python3.11/site-packages/airflow/example_dags/example_task_group.py for tasks to queue
[2023-10-21T14:53:38.813+0200] {logging_mixin.py:151} INFO - [2023-10-21T14:53:38.813+0200] {dagbag.py:536} INFO - Filling up the DagBag from /Library/Frameworks/Python.framework/Versions/3.11/lib/python3.11/site-packages/airflow/example_dags/example_task_group.py
[2023-10-21T14:53:38.822+0200] {processor.py:839} INFO - DAG(s) dict_keys(['example_task_group']) retrieved from /Library/Frameworks/Python.framework/Versions/3.11/lib/python3.11/site-packages/airflow/example_dags/example_task_group.py
[2023-10-21T14:53:38.894+0200] {logging_mixin.py:151} INFO - [2023-10-21T14:53:38.894+0200] {dag.py:2941} INFO - Sync 1 DAGs
[2023-10-21T14:53:38.900+0200] {logging_mixin.py:151} INFO - [2023-10-21T14:53:38.900+0200] {dag.py:3722} INFO - Setting next_dagrun for example_task_group to 2023-10-20T12:53:38.900467+00:00, run_after=2023-10-21T12:53:38.900467+00:00
[2023-10-21T14:53:38.906+0200] {processor.py:179} INFO - Processing /Library/Frameworks/Python.framework/Versions/3.11/lib/python3.11/site-packages/airflow/example_dags/example_task_group.py took 0.096 seconds
[2023-10-21T14:54:50.973+0200] {processor.py:157} INFO - Started process (PID=68139) to work on /Library/Frameworks/Python.framework/Versions/3.11/lib/python3.11/site-packages/airflow/example_dags/example_task_group.py
[2023-10-21T14:54:50.975+0200] {processor.py:829} INFO - Processing file /Library/Frameworks/Python.framework/Versions/3.11/lib/python3.11/site-packages/airflow/example_dags/example_task_group.py for tasks to queue
[2023-10-21T14:54:50.976+0200] {logging_mixin.py:151} INFO - [2023-10-21T14:54:50.975+0200] {dagbag.py:536} INFO - Filling up the DagBag from /Library/Frameworks/Python.framework/Versions/3.11/lib/python3.11/site-packages/airflow/example_dags/example_task_group.py
[2023-10-21T14:54:50.985+0200] {processor.py:839} INFO - DAG(s) dict_keys(['example_task_group']) retrieved from /Library/Frameworks/Python.framework/Versions/3.11/lib/python3.11/site-packages/airflow/example_dags/example_task_group.py
[2023-10-21T14:54:51.057+0200] {logging_mixin.py:151} INFO - [2023-10-21T14:54:51.057+0200] {dag.py:2941} INFO - Sync 1 DAGs
[2023-10-21T14:54:51.063+0200] {logging_mixin.py:151} INFO - [2023-10-21T14:54:51.063+0200] {dag.py:3722} INFO - Setting next_dagrun for example_task_group to 2023-10-20T12:54:51.063164+00:00, run_after=2023-10-21T12:54:51.063164+00:00
[2023-10-21T14:54:51.069+0200] {processor.py:179} INFO - Processing /Library/Frameworks/Python.framework/Versions/3.11/lib/python3.11/site-packages/airflow/example_dags/example_task_group.py took 0.097 seconds
[2023-10-21T14:55:59.586+0200] {processor.py:157} INFO - Started process (PID=68292) to work on /Library/Frameworks/Python.framework/Versions/3.11/lib/python3.11/site-packages/airflow/example_dags/example_task_group.py
[2023-10-21T14:55:59.589+0200] {processor.py:829} INFO - Processing file /Library/Frameworks/Python.framework/Versions/3.11/lib/python3.11/site-packages/airflow/example_dags/example_task_group.py for tasks to queue
[2023-10-21T14:55:59.589+0200] {logging_mixin.py:151} INFO - [2023-10-21T14:55:59.589+0200] {dagbag.py:536} INFO - Filling up the DagBag from /Library/Frameworks/Python.framework/Versions/3.11/lib/python3.11/site-packages/airflow/example_dags/example_task_group.py
[2023-10-21T14:55:59.598+0200] {processor.py:839} INFO - DAG(s) dict_keys(['example_task_group']) retrieved from /Library/Frameworks/Python.framework/Versions/3.11/lib/python3.11/site-packages/airflow/example_dags/example_task_group.py
[2023-10-21T14:55:59.671+0200] {logging_mixin.py:151} INFO - [2023-10-21T14:55:59.671+0200] {dag.py:2941} INFO - Sync 1 DAGs
[2023-10-21T14:55:59.677+0200] {logging_mixin.py:151} INFO - [2023-10-21T14:55:59.677+0200] {dag.py:3722} INFO - Setting next_dagrun for example_task_group to 2023-10-20T12:55:59.677340+00:00, run_after=2023-10-21T12:55:59.677340+00:00
[2023-10-21T14:55:59.683+0200] {processor.py:179} INFO - Processing /Library/Frameworks/Python.framework/Versions/3.11/lib/python3.11/site-packages/airflow/example_dags/example_task_group.py took 0.098 seconds
