[2023-10-21T14:26:59.751+0200] {processor.py:157} INFO - Started process (PID=64951) to work on /Library/Frameworks/Python.framework/Versions/3.11/lib/python3.11/site-packages/airflow/example_dags/tutorial_dag.py
[2023-10-21T14:26:59.753+0200] {processor.py:829} INFO - Processing file /Library/Frameworks/Python.framework/Versions/3.11/lib/python3.11/site-packages/airflow/example_dags/tutorial_dag.py for tasks to queue
[2023-10-21T14:26:59.753+0200] {logging_mixin.py:151} INFO - [2023-10-21T14:26:59.753+0200] {dagbag.py:536} INFO - Filling up the DagBag from /Library/Frameworks/Python.framework/Versions/3.11/lib/python3.11/site-packages/airflow/example_dags/tutorial_dag.py
[2023-10-21T14:26:59.766+0200] {processor.py:839} INFO - DAG(s) dict_keys(['tutorial_dag']) retrieved from /Library/Frameworks/Python.framework/Versions/3.11/lib/python3.11/site-packages/airflow/example_dags/tutorial_dag.py
[2023-10-21T14:27:00.071+0200] {logging_mixin.py:151} INFO - [2023-10-21T14:27:00.071+0200] {dag.py:2941} INFO - Sync 1 DAGs
[2023-10-21T14:27:00.074+0200] {logging_mixin.py:151} INFO - [2023-10-21T14:27:00.074+0200] {dag.py:3722} INFO - Setting next_dagrun for tutorial_dag to None, run_after=None
[2023-10-21T14:27:00.081+0200] {processor.py:179} INFO - Processing /Library/Frameworks/Python.framework/Versions/3.11/lib/python3.11/site-packages/airflow/example_dags/tutorial_dag.py took 0.330 seconds
[2023-10-21T14:27:49.020+0200] {processor.py:157} INFO - Started process (PID=65026) to work on /Library/Frameworks/Python.framework/Versions/3.11/lib/python3.11/site-packages/airflow/example_dags/tutorial_dag.py
[2023-10-21T14:27:49.022+0200] {processor.py:829} INFO - Processing file /Library/Frameworks/Python.framework/Versions/3.11/lib/python3.11/site-packages/airflow/example_dags/tutorial_dag.py for tasks to queue
[2023-10-21T14:27:49.022+0200] {logging_mixin.py:151} INFO - [2023-10-21T14:27:49.022+0200] {dagbag.py:536} INFO - Filling up the DagBag from /Library/Frameworks/Python.framework/Versions/3.11/lib/python3.11/site-packages/airflow/example_dags/tutorial_dag.py
[2023-10-21T14:27:49.036+0200] {processor.py:839} INFO - DAG(s) dict_keys(['tutorial_dag']) retrieved from /Library/Frameworks/Python.framework/Versions/3.11/lib/python3.11/site-packages/airflow/example_dags/tutorial_dag.py
[2023-10-21T14:27:49.110+0200] {logging_mixin.py:151} INFO - [2023-10-21T14:27:49.110+0200] {dag.py:2941} INFO - Sync 1 DAGs
[2023-10-21T14:27:49.113+0200] {logging_mixin.py:151} INFO - [2023-10-21T14:27:49.113+0200] {dag.py:3722} INFO - Setting next_dagrun for tutorial_dag to None, run_after=None
[2023-10-21T14:27:49.119+0200] {processor.py:179} INFO - Processing /Library/Frameworks/Python.framework/Versions/3.11/lib/python3.11/site-packages/airflow/example_dags/tutorial_dag.py took 0.100 seconds
[2023-10-21T14:29:03.470+0200] {processor.py:157} INFO - Started process (PID=65170) to work on /Library/Frameworks/Python.framework/Versions/3.11/lib/python3.11/site-packages/airflow/example_dags/tutorial_dag.py
[2023-10-21T14:29:03.473+0200] {processor.py:829} INFO - Processing file /Library/Frameworks/Python.framework/Versions/3.11/lib/python3.11/site-packages/airflow/example_dags/tutorial_dag.py for tasks to queue
[2023-10-21T14:29:03.473+0200] {logging_mixin.py:151} INFO - [2023-10-21T14:29:03.473+0200] {dagbag.py:536} INFO - Filling up the DagBag from /Library/Frameworks/Python.framework/Versions/3.11/lib/python3.11/site-packages/airflow/example_dags/tutorial_dag.py
[2023-10-21T14:29:03.486+0200] {processor.py:839} INFO - DAG(s) dict_keys(['tutorial_dag']) retrieved from /Library/Frameworks/Python.framework/Versions/3.11/lib/python3.11/site-packages/airflow/example_dags/tutorial_dag.py
[2023-10-21T14:29:03.559+0200] {logging_mixin.py:151} INFO - [2023-10-21T14:29:03.558+0200] {dag.py:2941} INFO - Sync 1 DAGs
[2023-10-21T14:29:03.561+0200] {logging_mixin.py:151} INFO - [2023-10-21T14:29:03.561+0200] {dag.py:3722} INFO - Setting next_dagrun for tutorial_dag to None, run_after=None
[2023-10-21T14:29:03.568+0200] {processor.py:179} INFO - Processing /Library/Frameworks/Python.framework/Versions/3.11/lib/python3.11/site-packages/airflow/example_dags/tutorial_dag.py took 0.098 seconds
[2023-10-21T14:29:43.019+0200] {processor.py:157} INFO - Started process (PID=65276) to work on /Library/Frameworks/Python.framework/Versions/3.11/lib/python3.11/site-packages/airflow/example_dags/tutorial_dag.py
[2023-10-21T14:29:43.021+0200] {processor.py:829} INFO - Processing file /Library/Frameworks/Python.framework/Versions/3.11/lib/python3.11/site-packages/airflow/example_dags/tutorial_dag.py for tasks to queue
[2023-10-21T14:29:43.021+0200] {logging_mixin.py:151} INFO - [2023-10-21T14:29:43.021+0200] {dagbag.py:536} INFO - Filling up the DagBag from /Library/Frameworks/Python.framework/Versions/3.11/lib/python3.11/site-packages/airflow/example_dags/tutorial_dag.py
[2023-10-21T14:29:43.035+0200] {processor.py:839} INFO - DAG(s) dict_keys(['tutorial_dag']) retrieved from /Library/Frameworks/Python.framework/Versions/3.11/lib/python3.11/site-packages/airflow/example_dags/tutorial_dag.py
[2023-10-21T14:29:43.116+0200] {logging_mixin.py:151} INFO - [2023-10-21T14:29:43.116+0200] {dag.py:2941} INFO - Sync 1 DAGs
[2023-10-21T14:29:43.119+0200] {logging_mixin.py:151} INFO - [2023-10-21T14:29:43.119+0200] {dag.py:3722} INFO - Setting next_dagrun for tutorial_dag to None, run_after=None
[2023-10-21T14:29:43.126+0200] {processor.py:179} INFO - Processing /Library/Frameworks/Python.framework/Versions/3.11/lib/python3.11/site-packages/airflow/example_dags/tutorial_dag.py took 0.107 seconds
[2023-10-21T14:30:53.489+0200] {processor.py:157} INFO - Started process (PID=65410) to work on /Library/Frameworks/Python.framework/Versions/3.11/lib/python3.11/site-packages/airflow/example_dags/tutorial_dag.py
[2023-10-21T14:30:53.491+0200] {processor.py:829} INFO - Processing file /Library/Frameworks/Python.framework/Versions/3.11/lib/python3.11/site-packages/airflow/example_dags/tutorial_dag.py for tasks to queue
[2023-10-21T14:30:53.491+0200] {logging_mixin.py:151} INFO - [2023-10-21T14:30:53.491+0200] {dagbag.py:536} INFO - Filling up the DagBag from /Library/Frameworks/Python.framework/Versions/3.11/lib/python3.11/site-packages/airflow/example_dags/tutorial_dag.py
[2023-10-21T14:30:53.504+0200] {processor.py:839} INFO - DAG(s) dict_keys(['tutorial_dag']) retrieved from /Library/Frameworks/Python.framework/Versions/3.11/lib/python3.11/site-packages/airflow/example_dags/tutorial_dag.py
[2023-10-21T14:30:53.523+0200] {logging_mixin.py:151} INFO - [2023-10-21T14:30:53.523+0200] {dag.py:2941} INFO - Sync 1 DAGs
[2023-10-21T14:30:53.548+0200] {logging_mixin.py:151} INFO - [2023-10-21T14:30:53.548+0200] {dag.py:3722} INFO - Setting next_dagrun for tutorial_dag to None, run_after=None
[2023-10-21T14:30:53.555+0200] {processor.py:179} INFO - Processing /Library/Frameworks/Python.framework/Versions/3.11/lib/python3.11/site-packages/airflow/example_dags/tutorial_dag.py took 0.066 seconds
[2023-10-21T14:32:06.622+0200] {processor.py:157} INFO - Started process (PID=65566) to work on /Library/Frameworks/Python.framework/Versions/3.11/lib/python3.11/site-packages/airflow/example_dags/tutorial_dag.py
[2023-10-21T14:32:06.625+0200] {processor.py:829} INFO - Processing file /Library/Frameworks/Python.framework/Versions/3.11/lib/python3.11/site-packages/airflow/example_dags/tutorial_dag.py for tasks to queue
[2023-10-21T14:32:06.625+0200] {logging_mixin.py:151} INFO - [2023-10-21T14:32:06.625+0200] {dagbag.py:536} INFO - Filling up the DagBag from /Library/Frameworks/Python.framework/Versions/3.11/lib/python3.11/site-packages/airflow/example_dags/tutorial_dag.py
[2023-10-21T14:32:06.638+0200] {processor.py:839} INFO - DAG(s) dict_keys(['tutorial_dag']) retrieved from /Library/Frameworks/Python.framework/Versions/3.11/lib/python3.11/site-packages/airflow/example_dags/tutorial_dag.py
[2023-10-21T14:32:06.711+0200] {logging_mixin.py:151} INFO - [2023-10-21T14:32:06.711+0200] {dag.py:2941} INFO - Sync 1 DAGs
[2023-10-21T14:32:06.714+0200] {logging_mixin.py:151} INFO - [2023-10-21T14:32:06.714+0200] {dag.py:3722} INFO - Setting next_dagrun for tutorial_dag to None, run_after=None
[2023-10-21T14:32:06.720+0200] {processor.py:179} INFO - Processing /Library/Frameworks/Python.framework/Versions/3.11/lib/python3.11/site-packages/airflow/example_dags/tutorial_dag.py took 0.098 seconds
[2023-10-21T14:33:17.070+0200] {processor.py:157} INFO - Started process (PID=65721) to work on /Library/Frameworks/Python.framework/Versions/3.11/lib/python3.11/site-packages/airflow/example_dags/tutorial_dag.py
[2023-10-21T14:33:17.072+0200] {processor.py:829} INFO - Processing file /Library/Frameworks/Python.framework/Versions/3.11/lib/python3.11/site-packages/airflow/example_dags/tutorial_dag.py for tasks to queue
[2023-10-21T14:33:17.073+0200] {logging_mixin.py:151} INFO - [2023-10-21T14:33:17.072+0200] {dagbag.py:536} INFO - Filling up the DagBag from /Library/Frameworks/Python.framework/Versions/3.11/lib/python3.11/site-packages/airflow/example_dags/tutorial_dag.py
[2023-10-21T14:33:17.086+0200] {processor.py:839} INFO - DAG(s) dict_keys(['tutorial_dag']) retrieved from /Library/Frameworks/Python.framework/Versions/3.11/lib/python3.11/site-packages/airflow/example_dags/tutorial_dag.py
[2023-10-21T14:33:17.158+0200] {logging_mixin.py:151} INFO - [2023-10-21T14:33:17.158+0200] {dag.py:2941} INFO - Sync 1 DAGs
[2023-10-21T14:33:17.161+0200] {logging_mixin.py:151} INFO - [2023-10-21T14:33:17.161+0200] {dag.py:3722} INFO - Setting next_dagrun for tutorial_dag to None, run_after=None
[2023-10-21T14:33:17.168+0200] {processor.py:179} INFO - Processing /Library/Frameworks/Python.framework/Versions/3.11/lib/python3.11/site-packages/airflow/example_dags/tutorial_dag.py took 0.099 seconds
[2023-10-21T14:34:26.972+0200] {processor.py:157} INFO - Started process (PID=65932) to work on /Library/Frameworks/Python.framework/Versions/3.11/lib/python3.11/site-packages/airflow/example_dags/tutorial_dag.py
[2023-10-21T14:34:26.975+0200] {processor.py:829} INFO - Processing file /Library/Frameworks/Python.framework/Versions/3.11/lib/python3.11/site-packages/airflow/example_dags/tutorial_dag.py for tasks to queue
[2023-10-21T14:34:26.975+0200] {logging_mixin.py:151} INFO - [2023-10-21T14:34:26.975+0200] {dagbag.py:536} INFO - Filling up the DagBag from /Library/Frameworks/Python.framework/Versions/3.11/lib/python3.11/site-packages/airflow/example_dags/tutorial_dag.py
[2023-10-21T14:34:26.991+0200] {processor.py:839} INFO - DAG(s) dict_keys(['tutorial_dag']) retrieved from /Library/Frameworks/Python.framework/Versions/3.11/lib/python3.11/site-packages/airflow/example_dags/tutorial_dag.py
[2023-10-21T14:34:27.082+0200] {logging_mixin.py:151} INFO - [2023-10-21T14:34:27.082+0200] {dag.py:2941} INFO - Sync 1 DAGs
[2023-10-21T14:34:27.086+0200] {logging_mixin.py:151} INFO - [2023-10-21T14:34:27.085+0200] {dag.py:3722} INFO - Setting next_dagrun for tutorial_dag to None, run_after=None
[2023-10-21T14:34:27.094+0200] {processor.py:179} INFO - Processing /Library/Frameworks/Python.framework/Versions/3.11/lib/python3.11/site-packages/airflow/example_dags/tutorial_dag.py took 0.123 seconds
[2023-10-21T14:35:39.439+0200] {processor.py:157} INFO - Started process (PID=66111) to work on /Library/Frameworks/Python.framework/Versions/3.11/lib/python3.11/site-packages/airflow/example_dags/tutorial_dag.py
[2023-10-21T14:35:39.440+0200] {processor.py:829} INFO - Processing file /Library/Frameworks/Python.framework/Versions/3.11/lib/python3.11/site-packages/airflow/example_dags/tutorial_dag.py for tasks to queue
[2023-10-21T14:35:39.440+0200] {logging_mixin.py:151} INFO - [2023-10-21T14:35:39.440+0200] {dagbag.py:536} INFO - Filling up the DagBag from /Library/Frameworks/Python.framework/Versions/3.11/lib/python3.11/site-packages/airflow/example_dags/tutorial_dag.py
[2023-10-21T14:35:39.453+0200] {processor.py:839} INFO - DAG(s) dict_keys(['tutorial_dag']) retrieved from /Library/Frameworks/Python.framework/Versions/3.11/lib/python3.11/site-packages/airflow/example_dags/tutorial_dag.py
[2023-10-21T14:35:39.526+0200] {logging_mixin.py:151} INFO - [2023-10-21T14:35:39.526+0200] {dag.py:2941} INFO - Sync 1 DAGs
[2023-10-21T14:35:39.529+0200] {logging_mixin.py:151} INFO - [2023-10-21T14:35:39.529+0200] {dag.py:3722} INFO - Setting next_dagrun for tutorial_dag to None, run_after=None
[2023-10-21T14:35:39.536+0200] {processor.py:179} INFO - Processing /Library/Frameworks/Python.framework/Versions/3.11/lib/python3.11/site-packages/airflow/example_dags/tutorial_dag.py took 0.098 seconds
[2023-10-21T14:38:58.812+0200] {processor.py:157} INFO - Started process (PID=66444) to work on /Library/Frameworks/Python.framework/Versions/3.11/lib/python3.11/site-packages/airflow/example_dags/tutorial_dag.py
[2023-10-21T14:38:58.814+0200] {processor.py:829} INFO - Processing file /Library/Frameworks/Python.framework/Versions/3.11/lib/python3.11/site-packages/airflow/example_dags/tutorial_dag.py for tasks to queue
[2023-10-21T14:38:58.814+0200] {logging_mixin.py:151} INFO - [2023-10-21T14:38:58.814+0200] {dagbag.py:536} INFO - Filling up the DagBag from /Library/Frameworks/Python.framework/Versions/3.11/lib/python3.11/site-packages/airflow/example_dags/tutorial_dag.py
[2023-10-21T14:38:58.827+0200] {processor.py:839} INFO - DAG(s) dict_keys(['tutorial_dag']) retrieved from /Library/Frameworks/Python.framework/Versions/3.11/lib/python3.11/site-packages/airflow/example_dags/tutorial_dag.py
[2023-10-21T14:38:58.900+0200] {logging_mixin.py:151} INFO - [2023-10-21T14:38:58.900+0200] {dag.py:2941} INFO - Sync 1 DAGs
[2023-10-21T14:38:58.903+0200] {logging_mixin.py:151} INFO - [2023-10-21T14:38:58.903+0200] {dag.py:3722} INFO - Setting next_dagrun for tutorial_dag to None, run_after=None
[2023-10-21T14:38:58.909+0200] {processor.py:179} INFO - Processing /Library/Frameworks/Python.framework/Versions/3.11/lib/python3.11/site-packages/airflow/example_dags/tutorial_dag.py took 0.097 seconds
[2023-10-21T14:45:15.720+0200] {processor.py:157} INFO - Started process (PID=66936) to work on /Library/Frameworks/Python.framework/Versions/3.11/lib/python3.11/site-packages/airflow/example_dags/tutorial_dag.py
[2023-10-21T14:45:15.722+0200] {processor.py:829} INFO - Processing file /Library/Frameworks/Python.framework/Versions/3.11/lib/python3.11/site-packages/airflow/example_dags/tutorial_dag.py for tasks to queue
[2023-10-21T14:45:15.722+0200] {logging_mixin.py:151} INFO - [2023-10-21T14:45:15.722+0200] {dagbag.py:536} INFO - Filling up the DagBag from /Library/Frameworks/Python.framework/Versions/3.11/lib/python3.11/site-packages/airflow/example_dags/tutorial_dag.py
[2023-10-21T14:45:15.735+0200] {processor.py:839} INFO - DAG(s) dict_keys(['tutorial_dag']) retrieved from /Library/Frameworks/Python.framework/Versions/3.11/lib/python3.11/site-packages/airflow/example_dags/tutorial_dag.py
[2023-10-21T14:45:15.754+0200] {logging_mixin.py:151} INFO - [2023-10-21T14:45:15.754+0200] {dag.py:2941} INFO - Sync 1 DAGs
[2023-10-21T14:45:15.780+0200] {logging_mixin.py:151} INFO - [2023-10-21T14:45:15.780+0200] {dag.py:3722} INFO - Setting next_dagrun for tutorial_dag to None, run_after=None
[2023-10-21T14:45:15.787+0200] {processor.py:179} INFO - Processing /Library/Frameworks/Python.framework/Versions/3.11/lib/python3.11/site-packages/airflow/example_dags/tutorial_dag.py took 0.067 seconds
[2023-10-21T14:46:18.522+0200] {processor.py:157} INFO - Started process (PID=67052) to work on /Library/Frameworks/Python.framework/Versions/3.11/lib/python3.11/site-packages/airflow/example_dags/tutorial_dag.py
[2023-10-21T14:46:18.524+0200] {processor.py:829} INFO - Processing file /Library/Frameworks/Python.framework/Versions/3.11/lib/python3.11/site-packages/airflow/example_dags/tutorial_dag.py for tasks to queue
[2023-10-21T14:46:18.524+0200] {logging_mixin.py:151} INFO - [2023-10-21T14:46:18.524+0200] {dagbag.py:536} INFO - Filling up the DagBag from /Library/Frameworks/Python.framework/Versions/3.11/lib/python3.11/site-packages/airflow/example_dags/tutorial_dag.py
[2023-10-21T14:46:18.537+0200] {processor.py:839} INFO - DAG(s) dict_keys(['tutorial_dag']) retrieved from /Library/Frameworks/Python.framework/Versions/3.11/lib/python3.11/site-packages/airflow/example_dags/tutorial_dag.py
[2023-10-21T14:46:18.609+0200] {logging_mixin.py:151} INFO - [2023-10-21T14:46:18.609+0200] {dag.py:2941} INFO - Sync 1 DAGs
[2023-10-21T14:46:18.612+0200] {logging_mixin.py:151} INFO - [2023-10-21T14:46:18.612+0200] {dag.py:3722} INFO - Setting next_dagrun for tutorial_dag to None, run_after=None
[2023-10-21T14:46:18.618+0200] {processor.py:179} INFO - Processing /Library/Frameworks/Python.framework/Versions/3.11/lib/python3.11/site-packages/airflow/example_dags/tutorial_dag.py took 0.097 seconds
[2023-10-21T14:51:12.857+0200] {processor.py:157} INFO - Started process (PID=67705) to work on /Library/Frameworks/Python.framework/Versions/3.11/lib/python3.11/site-packages/airflow/example_dags/tutorial_dag.py
[2023-10-21T14:51:12.860+0200] {processor.py:829} INFO - Processing file /Library/Frameworks/Python.framework/Versions/3.11/lib/python3.11/site-packages/airflow/example_dags/tutorial_dag.py for tasks to queue
[2023-10-21T14:51:12.860+0200] {logging_mixin.py:151} INFO - [2023-10-21T14:51:12.860+0200] {dagbag.py:536} INFO - Filling up the DagBag from /Library/Frameworks/Python.framework/Versions/3.11/lib/python3.11/site-packages/airflow/example_dags/tutorial_dag.py
[2023-10-21T14:51:12.873+0200] {processor.py:839} INFO - DAG(s) dict_keys(['tutorial_dag']) retrieved from /Library/Frameworks/Python.framework/Versions/3.11/lib/python3.11/site-packages/airflow/example_dags/tutorial_dag.py
[2023-10-21T14:51:12.945+0200] {logging_mixin.py:151} INFO - [2023-10-21T14:51:12.945+0200] {dag.py:2941} INFO - Sync 1 DAGs
[2023-10-21T14:51:12.948+0200] {logging_mixin.py:151} INFO - [2023-10-21T14:51:12.947+0200] {dag.py:3722} INFO - Setting next_dagrun for tutorial_dag to None, run_after=None
[2023-10-21T14:51:12.954+0200] {processor.py:179} INFO - Processing /Library/Frameworks/Python.framework/Versions/3.11/lib/python3.11/site-packages/airflow/example_dags/tutorial_dag.py took 0.097 seconds
[2023-10-21T14:52:16.905+0200] {processor.py:157} INFO - Started process (PID=67837) to work on /Library/Frameworks/Python.framework/Versions/3.11/lib/python3.11/site-packages/airflow/example_dags/tutorial_dag.py
[2023-10-21T14:52:16.907+0200] {processor.py:829} INFO - Processing file /Library/Frameworks/Python.framework/Versions/3.11/lib/python3.11/site-packages/airflow/example_dags/tutorial_dag.py for tasks to queue
[2023-10-21T14:52:16.907+0200] {logging_mixin.py:151} INFO - [2023-10-21T14:52:16.907+0200] {dagbag.py:536} INFO - Filling up the DagBag from /Library/Frameworks/Python.framework/Versions/3.11/lib/python3.11/site-packages/airflow/example_dags/tutorial_dag.py
[2023-10-21T14:52:16.920+0200] {processor.py:839} INFO - DAG(s) dict_keys(['tutorial_dag']) retrieved from /Library/Frameworks/Python.framework/Versions/3.11/lib/python3.11/site-packages/airflow/example_dags/tutorial_dag.py
[2023-10-21T14:52:16.997+0200] {logging_mixin.py:151} INFO - [2023-10-21T14:52:16.997+0200] {dag.py:2941} INFO - Sync 1 DAGs
[2023-10-21T14:52:17.001+0200] {logging_mixin.py:151} INFO - [2023-10-21T14:52:17.001+0200] {dag.py:3722} INFO - Setting next_dagrun for tutorial_dag to None, run_after=None
[2023-10-21T14:52:17.008+0200] {processor.py:179} INFO - Processing /Library/Frameworks/Python.framework/Versions/3.11/lib/python3.11/site-packages/airflow/example_dags/tutorial_dag.py took 0.103 seconds
[2023-10-21T14:53:27.545+0200] {processor.py:157} INFO - Started process (PID=67973) to work on /Library/Frameworks/Python.framework/Versions/3.11/lib/python3.11/site-packages/airflow/example_dags/tutorial_dag.py
[2023-10-21T14:53:27.547+0200] {processor.py:829} INFO - Processing file /Library/Frameworks/Python.framework/Versions/3.11/lib/python3.11/site-packages/airflow/example_dags/tutorial_dag.py for tasks to queue
[2023-10-21T14:53:27.547+0200] {logging_mixin.py:151} INFO - [2023-10-21T14:53:27.547+0200] {dagbag.py:536} INFO - Filling up the DagBag from /Library/Frameworks/Python.framework/Versions/3.11/lib/python3.11/site-packages/airflow/example_dags/tutorial_dag.py
[2023-10-21T14:53:27.560+0200] {processor.py:839} INFO - DAG(s) dict_keys(['tutorial_dag']) retrieved from /Library/Frameworks/Python.framework/Versions/3.11/lib/python3.11/site-packages/airflow/example_dags/tutorial_dag.py
[2023-10-21T14:53:27.632+0200] {logging_mixin.py:151} INFO - [2023-10-21T14:53:27.632+0200] {dag.py:2941} INFO - Sync 1 DAGs
[2023-10-21T14:53:27.635+0200] {logging_mixin.py:151} INFO - [2023-10-21T14:53:27.635+0200] {dag.py:3722} INFO - Setting next_dagrun for tutorial_dag to None, run_after=None
[2023-10-21T14:53:27.641+0200] {processor.py:179} INFO - Processing /Library/Frameworks/Python.framework/Versions/3.11/lib/python3.11/site-packages/airflow/example_dags/tutorial_dag.py took 0.096 seconds
[2023-10-21T14:54:39.309+0200] {processor.py:157} INFO - Started process (PID=68115) to work on /Library/Frameworks/Python.framework/Versions/3.11/lib/python3.11/site-packages/airflow/example_dags/tutorial_dag.py
[2023-10-21T14:54:39.312+0200] {processor.py:829} INFO - Processing file /Library/Frameworks/Python.framework/Versions/3.11/lib/python3.11/site-packages/airflow/example_dags/tutorial_dag.py for tasks to queue
[2023-10-21T14:54:39.312+0200] {logging_mixin.py:151} INFO - [2023-10-21T14:54:39.312+0200] {dagbag.py:536} INFO - Filling up the DagBag from /Library/Frameworks/Python.framework/Versions/3.11/lib/python3.11/site-packages/airflow/example_dags/tutorial_dag.py
[2023-10-21T14:54:39.325+0200] {processor.py:839} INFO - DAG(s) dict_keys(['tutorial_dag']) retrieved from /Library/Frameworks/Python.framework/Versions/3.11/lib/python3.11/site-packages/airflow/example_dags/tutorial_dag.py
[2023-10-21T14:54:39.397+0200] {logging_mixin.py:151} INFO - [2023-10-21T14:54:39.397+0200] {dag.py:2941} INFO - Sync 1 DAGs
[2023-10-21T14:54:39.400+0200] {logging_mixin.py:151} INFO - [2023-10-21T14:54:39.400+0200] {dag.py:3722} INFO - Setting next_dagrun for tutorial_dag to None, run_after=None
[2023-10-21T14:54:39.406+0200] {processor.py:179} INFO - Processing /Library/Frameworks/Python.framework/Versions/3.11/lib/python3.11/site-packages/airflow/example_dags/tutorial_dag.py took 0.097 seconds
[2023-10-21T14:55:48.859+0200] {processor.py:157} INFO - Started process (PID=68269) to work on /Library/Frameworks/Python.framework/Versions/3.11/lib/python3.11/site-packages/airflow/example_dags/tutorial_dag.py
[2023-10-21T14:55:48.862+0200] {processor.py:829} INFO - Processing file /Library/Frameworks/Python.framework/Versions/3.11/lib/python3.11/site-packages/airflow/example_dags/tutorial_dag.py for tasks to queue
[2023-10-21T14:55:48.862+0200] {logging_mixin.py:151} INFO - [2023-10-21T14:55:48.862+0200] {dagbag.py:536} INFO - Filling up the DagBag from /Library/Frameworks/Python.framework/Versions/3.11/lib/python3.11/site-packages/airflow/example_dags/tutorial_dag.py
[2023-10-21T14:55:48.875+0200] {processor.py:839} INFO - DAG(s) dict_keys(['tutorial_dag']) retrieved from /Library/Frameworks/Python.framework/Versions/3.11/lib/python3.11/site-packages/airflow/example_dags/tutorial_dag.py
[2023-10-21T14:55:48.952+0200] {logging_mixin.py:151} INFO - [2023-10-21T14:55:48.951+0200] {dag.py:2941} INFO - Sync 1 DAGs
[2023-10-21T14:55:48.955+0200] {logging_mixin.py:151} INFO - [2023-10-21T14:55:48.955+0200] {dag.py:3722} INFO - Setting next_dagrun for tutorial_dag to None, run_after=None
[2023-10-21T14:55:48.962+0200] {processor.py:179} INFO - Processing /Library/Frameworks/Python.framework/Versions/3.11/lib/python3.11/site-packages/airflow/example_dags/tutorial_dag.py took 0.104 seconds
