[2023-10-21T14:26:57.957+0200] {processor.py:157} INFO - Started process (PID=64949) to work on /Library/Frameworks/Python.framework/Versions/3.11/lib/python3.11/site-packages/airflow/example_dags/tutorial_taskflow_api.py
[2023-10-21T14:26:57.959+0200] {processor.py:829} INFO - Processing file /Library/Frameworks/Python.framework/Versions/3.11/lib/python3.11/site-packages/airflow/example_dags/tutorial_taskflow_api.py for tasks to queue
[2023-10-21T14:26:57.959+0200] {logging_mixin.py:151} INFO - [2023-10-21T14:26:57.959+0200] {dagbag.py:536} INFO - Filling up the DagBag from /Library/Frameworks/Python.framework/Versions/3.11/lib/python3.11/site-packages/airflow/example_dags/tutorial_taskflow_api.py
[2023-10-21T14:26:57.979+0200] {processor.py:839} INFO - DAG(s) dict_keys(['tutorial_taskflow_api']) retrieved from /Library/Frameworks/Python.framework/Versions/3.11/lib/python3.11/site-packages/airflow/example_dags/tutorial_taskflow_api.py
[2023-10-21T14:26:58.279+0200] {logging_mixin.py:151} INFO - [2023-10-21T14:26:58.278+0200] {dag.py:2941} INFO - Sync 1 DAGs
[2023-10-21T14:26:58.281+0200] {logging_mixin.py:151} INFO - [2023-10-21T14:26:58.281+0200] {dag.py:3722} INFO - Setting next_dagrun for tutorial_taskflow_api to None, run_after=None
[2023-10-21T14:26:58.288+0200] {processor.py:179} INFO - Processing /Library/Frameworks/Python.framework/Versions/3.11/lib/python3.11/site-packages/airflow/example_dags/tutorial_taskflow_api.py took 0.331 seconds
[2023-10-21T14:27:47.354+0200] {processor.py:157} INFO - Started process (PID=65019) to work on /Library/Frameworks/Python.framework/Versions/3.11/lib/python3.11/site-packages/airflow/example_dags/tutorial_taskflow_api.py
[2023-10-21T14:27:47.356+0200] {processor.py:829} INFO - Processing file /Library/Frameworks/Python.framework/Versions/3.11/lib/python3.11/site-packages/airflow/example_dags/tutorial_taskflow_api.py for tasks to queue
[2023-10-21T14:27:47.356+0200] {logging_mixin.py:151} INFO - [2023-10-21T14:27:47.356+0200] {dagbag.py:536} INFO - Filling up the DagBag from /Library/Frameworks/Python.framework/Versions/3.11/lib/python3.11/site-packages/airflow/example_dags/tutorial_taskflow_api.py
[2023-10-21T14:27:47.375+0200] {processor.py:839} INFO - DAG(s) dict_keys(['tutorial_taskflow_api']) retrieved from /Library/Frameworks/Python.framework/Versions/3.11/lib/python3.11/site-packages/airflow/example_dags/tutorial_taskflow_api.py
[2023-10-21T14:27:47.447+0200] {logging_mixin.py:151} INFO - [2023-10-21T14:27:47.447+0200] {dag.py:2941} INFO - Sync 1 DAGs
[2023-10-21T14:27:47.451+0200] {logging_mixin.py:151} INFO - [2023-10-21T14:27:47.451+0200] {dag.py:3722} INFO - Setting next_dagrun for tutorial_taskflow_api to None, run_after=None
[2023-10-21T14:27:47.457+0200] {processor.py:179} INFO - Processing /Library/Frameworks/Python.framework/Versions/3.11/lib/python3.11/site-packages/airflow/example_dags/tutorial_taskflow_api.py took 0.104 seconds
[2023-10-21T14:29:01.834+0200] {processor.py:157} INFO - Started process (PID=65168) to work on /Library/Frameworks/Python.framework/Versions/3.11/lib/python3.11/site-packages/airflow/example_dags/tutorial_taskflow_api.py
[2023-10-21T14:29:01.836+0200] {processor.py:829} INFO - Processing file /Library/Frameworks/Python.framework/Versions/3.11/lib/python3.11/site-packages/airflow/example_dags/tutorial_taskflow_api.py for tasks to queue
[2023-10-21T14:29:01.837+0200] {logging_mixin.py:151} INFO - [2023-10-21T14:29:01.837+0200] {dagbag.py:536} INFO - Filling up the DagBag from /Library/Frameworks/Python.framework/Versions/3.11/lib/python3.11/site-packages/airflow/example_dags/tutorial_taskflow_api.py
[2023-10-21T14:29:01.855+0200] {processor.py:839} INFO - DAG(s) dict_keys(['tutorial_taskflow_api']) retrieved from /Library/Frameworks/Python.framework/Versions/3.11/lib/python3.11/site-packages/airflow/example_dags/tutorial_taskflow_api.py
[2023-10-21T14:29:01.928+0200] {logging_mixin.py:151} INFO - [2023-10-21T14:29:01.928+0200] {dag.py:2941} INFO - Sync 1 DAGs
[2023-10-21T14:29:01.931+0200] {logging_mixin.py:151} INFO - [2023-10-21T14:29:01.931+0200] {dag.py:3722} INFO - Setting next_dagrun for tutorial_taskflow_api to None, run_after=None
[2023-10-21T14:29:01.939+0200] {processor.py:179} INFO - Processing /Library/Frameworks/Python.framework/Versions/3.11/lib/python3.11/site-packages/airflow/example_dags/tutorial_taskflow_api.py took 0.105 seconds
[2023-10-21T14:29:41.696+0200] {processor.py:157} INFO - Started process (PID=65273) to work on /Library/Frameworks/Python.framework/Versions/3.11/lib/python3.11/site-packages/airflow/example_dags/tutorial_taskflow_api.py
[2023-10-21T14:29:41.698+0200] {processor.py:829} INFO - Processing file /Library/Frameworks/Python.framework/Versions/3.11/lib/python3.11/site-packages/airflow/example_dags/tutorial_taskflow_api.py for tasks to queue
[2023-10-21T14:29:41.699+0200] {logging_mixin.py:151} INFO - [2023-10-21T14:29:41.699+0200] {dagbag.py:536} INFO - Filling up the DagBag from /Library/Frameworks/Python.framework/Versions/3.11/lib/python3.11/site-packages/airflow/example_dags/tutorial_taskflow_api.py
[2023-10-21T14:29:41.717+0200] {processor.py:839} INFO - DAG(s) dict_keys(['tutorial_taskflow_api']) retrieved from /Library/Frameworks/Python.framework/Versions/3.11/lib/python3.11/site-packages/airflow/example_dags/tutorial_taskflow_api.py
[2023-10-21T14:29:41.787+0200] {logging_mixin.py:151} INFO - [2023-10-21T14:29:41.787+0200] {dag.py:2941} INFO - Sync 1 DAGs
[2023-10-21T14:29:41.790+0200] {logging_mixin.py:151} INFO - [2023-10-21T14:29:41.790+0200] {dag.py:3722} INFO - Setting next_dagrun for tutorial_taskflow_api to None, run_after=None
[2023-10-21T14:29:41.797+0200] {processor.py:179} INFO - Processing /Library/Frameworks/Python.framework/Versions/3.11/lib/python3.11/site-packages/airflow/example_dags/tutorial_taskflow_api.py took 0.102 seconds
[2023-10-21T14:30:51.921+0200] {processor.py:157} INFO - Started process (PID=65408) to work on /Library/Frameworks/Python.framework/Versions/3.11/lib/python3.11/site-packages/airflow/example_dags/tutorial_taskflow_api.py
[2023-10-21T14:30:51.923+0200] {processor.py:829} INFO - Processing file /Library/Frameworks/Python.framework/Versions/3.11/lib/python3.11/site-packages/airflow/example_dags/tutorial_taskflow_api.py for tasks to queue
[2023-10-21T14:30:51.923+0200] {logging_mixin.py:151} INFO - [2023-10-21T14:30:51.923+0200] {dagbag.py:536} INFO - Filling up the DagBag from /Library/Frameworks/Python.framework/Versions/3.11/lib/python3.11/site-packages/airflow/example_dags/tutorial_taskflow_api.py
[2023-10-21T14:30:51.941+0200] {processor.py:839} INFO - DAG(s) dict_keys(['tutorial_taskflow_api']) retrieved from /Library/Frameworks/Python.framework/Versions/3.11/lib/python3.11/site-packages/airflow/example_dags/tutorial_taskflow_api.py
[2023-10-21T14:30:51.958+0200] {logging_mixin.py:151} INFO - [2023-10-21T14:30:51.958+0200] {dag.py:2941} INFO - Sync 1 DAGs
[2023-10-21T14:30:51.983+0200] {logging_mixin.py:151} INFO - [2023-10-21T14:30:51.983+0200] {dag.py:3722} INFO - Setting next_dagrun for tutorial_taskflow_api to None, run_after=None
[2023-10-21T14:30:51.990+0200] {processor.py:179} INFO - Processing /Library/Frameworks/Python.framework/Versions/3.11/lib/python3.11/site-packages/airflow/example_dags/tutorial_taskflow_api.py took 0.069 seconds
[2023-10-21T14:31:29.055+0200] {processor.py:157} INFO - Started process (PID=65489) to work on /Library/Frameworks/Python.framework/Versions/3.11/lib/python3.11/site-packages/airflow/example_dags/tutorial_taskflow_api.py
[2023-10-21T14:31:29.057+0200] {processor.py:829} INFO - Processing file /Library/Frameworks/Python.framework/Versions/3.11/lib/python3.11/site-packages/airflow/example_dags/tutorial_taskflow_api.py for tasks to queue
[2023-10-21T14:31:29.058+0200] {logging_mixin.py:151} INFO - [2023-10-21T14:31:29.058+0200] {dagbag.py:536} INFO - Filling up the DagBag from /Library/Frameworks/Python.framework/Versions/3.11/lib/python3.11/site-packages/airflow/example_dags/tutorial_taskflow_api.py
[2023-10-21T14:31:29.076+0200] {processor.py:839} INFO - DAG(s) dict_keys(['tutorial_taskflow_api']) retrieved from /Library/Frameworks/Python.framework/Versions/3.11/lib/python3.11/site-packages/airflow/example_dags/tutorial_taskflow_api.py
[2023-10-21T14:31:29.145+0200] {logging_mixin.py:151} INFO - [2023-10-21T14:31:29.145+0200] {dag.py:2941} INFO - Sync 1 DAGs
[2023-10-21T14:31:29.148+0200] {logging_mixin.py:151} INFO - [2023-10-21T14:31:29.148+0200] {dag.py:3722} INFO - Setting next_dagrun for tutorial_taskflow_api to None, run_after=None
[2023-10-21T14:31:29.157+0200] {processor.py:179} INFO - Processing /Library/Frameworks/Python.framework/Versions/3.11/lib/python3.11/site-packages/airflow/example_dags/tutorial_taskflow_api.py took 0.102 seconds
[2023-10-21T14:32:40.322+0200] {processor.py:157} INFO - Started process (PID=65632) to work on /Library/Frameworks/Python.framework/Versions/3.11/lib/python3.11/site-packages/airflow/example_dags/tutorial_taskflow_api.py
[2023-10-21T14:32:40.324+0200] {processor.py:829} INFO - Processing file /Library/Frameworks/Python.framework/Versions/3.11/lib/python3.11/site-packages/airflow/example_dags/tutorial_taskflow_api.py for tasks to queue
[2023-10-21T14:32:40.324+0200] {logging_mixin.py:151} INFO - [2023-10-21T14:32:40.324+0200] {dagbag.py:536} INFO - Filling up the DagBag from /Library/Frameworks/Python.framework/Versions/3.11/lib/python3.11/site-packages/airflow/example_dags/tutorial_taskflow_api.py
[2023-10-21T14:32:40.343+0200] {processor.py:839} INFO - DAG(s) dict_keys(['tutorial_taskflow_api']) retrieved from /Library/Frameworks/Python.framework/Versions/3.11/lib/python3.11/site-packages/airflow/example_dags/tutorial_taskflow_api.py
[2023-10-21T14:32:40.412+0200] {logging_mixin.py:151} INFO - [2023-10-21T14:32:40.412+0200] {dag.py:2941} INFO - Sync 1 DAGs
[2023-10-21T14:32:40.415+0200] {logging_mixin.py:151} INFO - [2023-10-21T14:32:40.415+0200] {dag.py:3722} INFO - Setting next_dagrun for tutorial_taskflow_api to None, run_after=None
[2023-10-21T14:32:40.421+0200] {processor.py:179} INFO - Processing /Library/Frameworks/Python.framework/Versions/3.11/lib/python3.11/site-packages/airflow/example_dags/tutorial_taskflow_api.py took 0.100 seconds
[2023-10-21T14:33:50.773+0200] {processor.py:157} INFO - Started process (PID=65863) to work on /Library/Frameworks/Python.framework/Versions/3.11/lib/python3.11/site-packages/airflow/example_dags/tutorial_taskflow_api.py
[2023-10-21T14:33:50.775+0200] {processor.py:829} INFO - Processing file /Library/Frameworks/Python.framework/Versions/3.11/lib/python3.11/site-packages/airflow/example_dags/tutorial_taskflow_api.py for tasks to queue
[2023-10-21T14:33:50.775+0200] {logging_mixin.py:151} INFO - [2023-10-21T14:33:50.775+0200] {dagbag.py:536} INFO - Filling up the DagBag from /Library/Frameworks/Python.framework/Versions/3.11/lib/python3.11/site-packages/airflow/example_dags/tutorial_taskflow_api.py
[2023-10-21T14:33:50.798+0200] {processor.py:839} INFO - DAG(s) dict_keys(['tutorial_taskflow_api']) retrieved from /Library/Frameworks/Python.framework/Versions/3.11/lib/python3.11/site-packages/airflow/example_dags/tutorial_taskflow_api.py
[2023-10-21T14:33:50.872+0200] {logging_mixin.py:151} INFO - [2023-10-21T14:33:50.871+0200] {dag.py:2941} INFO - Sync 1 DAGs
[2023-10-21T14:33:50.875+0200] {logging_mixin.py:151} INFO - [2023-10-21T14:33:50.874+0200] {dag.py:3722} INFO - Setting next_dagrun for tutorial_taskflow_api to None, run_after=None
[2023-10-21T14:33:50.882+0200] {processor.py:179} INFO - Processing /Library/Frameworks/Python.framework/Versions/3.11/lib/python3.11/site-packages/airflow/example_dags/tutorial_taskflow_api.py took 0.109 seconds
[2023-10-21T14:35:00.655+0200] {processor.py:157} INFO - Started process (PID=66004) to work on /Library/Frameworks/Python.framework/Versions/3.11/lib/python3.11/site-packages/airflow/example_dags/tutorial_taskflow_api.py
[2023-10-21T14:35:00.657+0200] {processor.py:829} INFO - Processing file /Library/Frameworks/Python.framework/Versions/3.11/lib/python3.11/site-packages/airflow/example_dags/tutorial_taskflow_api.py for tasks to queue
[2023-10-21T14:35:00.657+0200] {logging_mixin.py:151} INFO - [2023-10-21T14:35:00.657+0200] {dagbag.py:536} INFO - Filling up the DagBag from /Library/Frameworks/Python.framework/Versions/3.11/lib/python3.11/site-packages/airflow/example_dags/tutorial_taskflow_api.py
[2023-10-21T14:35:00.676+0200] {processor.py:839} INFO - DAG(s) dict_keys(['tutorial_taskflow_api']) retrieved from /Library/Frameworks/Python.framework/Versions/3.11/lib/python3.11/site-packages/airflow/example_dags/tutorial_taskflow_api.py
[2023-10-21T14:35:00.746+0200] {logging_mixin.py:151} INFO - [2023-10-21T14:35:00.746+0200] {dag.py:2941} INFO - Sync 1 DAGs
[2023-10-21T14:35:00.749+0200] {logging_mixin.py:151} INFO - [2023-10-21T14:35:00.749+0200] {dag.py:3722} INFO - Setting next_dagrun for tutorial_taskflow_api to None, run_after=None
[2023-10-21T14:35:00.756+0200] {processor.py:179} INFO - Processing /Library/Frameworks/Python.framework/Versions/3.11/lib/python3.11/site-packages/airflow/example_dags/tutorial_taskflow_api.py took 0.101 seconds
[2023-10-21T14:35:38.585+0200] {processor.py:157} INFO - Started process (PID=66109) to work on /Library/Frameworks/Python.framework/Versions/3.11/lib/python3.11/site-packages/airflow/example_dags/tutorial_taskflow_api.py
[2023-10-21T14:35:38.587+0200] {processor.py:829} INFO - Processing file /Library/Frameworks/Python.framework/Versions/3.11/lib/python3.11/site-packages/airflow/example_dags/tutorial_taskflow_api.py for tasks to queue
[2023-10-21T14:35:38.587+0200] {logging_mixin.py:151} INFO - [2023-10-21T14:35:38.587+0200] {dagbag.py:536} INFO - Filling up the DagBag from /Library/Frameworks/Python.framework/Versions/3.11/lib/python3.11/site-packages/airflow/example_dags/tutorial_taskflow_api.py
[2023-10-21T14:35:38.605+0200] {processor.py:839} INFO - DAG(s) dict_keys(['tutorial_taskflow_api']) retrieved from /Library/Frameworks/Python.framework/Versions/3.11/lib/python3.11/site-packages/airflow/example_dags/tutorial_taskflow_api.py
[2023-10-21T14:35:38.675+0200] {logging_mixin.py:151} INFO - [2023-10-21T14:35:38.675+0200] {dag.py:2941} INFO - Sync 1 DAGs
[2023-10-21T14:35:38.678+0200] {logging_mixin.py:151} INFO - [2023-10-21T14:35:38.678+0200] {dag.py:3722} INFO - Setting next_dagrun for tutorial_taskflow_api to None, run_after=None
[2023-10-21T14:35:38.684+0200] {processor.py:179} INFO - Processing /Library/Frameworks/Python.framework/Versions/3.11/lib/python3.11/site-packages/airflow/example_dags/tutorial_taskflow_api.py took 0.100 seconds
[2023-10-21T14:38:57.154+0200] {processor.py:157} INFO - Started process (PID=66441) to work on /Library/Frameworks/Python.framework/Versions/3.11/lib/python3.11/site-packages/airflow/example_dags/tutorial_taskflow_api.py
[2023-10-21T14:38:57.160+0200] {processor.py:829} INFO - Processing file /Library/Frameworks/Python.framework/Versions/3.11/lib/python3.11/site-packages/airflow/example_dags/tutorial_taskflow_api.py for tasks to queue
[2023-10-21T14:38:57.160+0200] {logging_mixin.py:151} INFO - [2023-10-21T14:38:57.160+0200] {dagbag.py:536} INFO - Filling up the DagBag from /Library/Frameworks/Python.framework/Versions/3.11/lib/python3.11/site-packages/airflow/example_dags/tutorial_taskflow_api.py
[2023-10-21T14:38:57.181+0200] {processor.py:839} INFO - DAG(s) dict_keys(['tutorial_taskflow_api']) retrieved from /Library/Frameworks/Python.framework/Versions/3.11/lib/python3.11/site-packages/airflow/example_dags/tutorial_taskflow_api.py
[2023-10-21T14:38:57.262+0200] {logging_mixin.py:151} INFO - [2023-10-21T14:38:57.261+0200] {dag.py:2941} INFO - Sync 1 DAGs
[2023-10-21T14:38:57.265+0200] {logging_mixin.py:151} INFO - [2023-10-21T14:38:57.265+0200] {dag.py:3722} INFO - Setting next_dagrun for tutorial_taskflow_api to None, run_after=None
[2023-10-21T14:38:57.272+0200] {processor.py:179} INFO - Processing /Library/Frameworks/Python.framework/Versions/3.11/lib/python3.11/site-packages/airflow/example_dags/tutorial_taskflow_api.py took 0.118 seconds
[2023-10-21T14:45:14.081+0200] {processor.py:157} INFO - Started process (PID=66934) to work on /Library/Frameworks/Python.framework/Versions/3.11/lib/python3.11/site-packages/airflow/example_dags/tutorial_taskflow_api.py
[2023-10-21T14:45:14.083+0200] {processor.py:829} INFO - Processing file /Library/Frameworks/Python.framework/Versions/3.11/lib/python3.11/site-packages/airflow/example_dags/tutorial_taskflow_api.py for tasks to queue
[2023-10-21T14:45:14.084+0200] {logging_mixin.py:151} INFO - [2023-10-21T14:45:14.084+0200] {dagbag.py:536} INFO - Filling up the DagBag from /Library/Frameworks/Python.framework/Versions/3.11/lib/python3.11/site-packages/airflow/example_dags/tutorial_taskflow_api.py
[2023-10-21T14:45:14.104+0200] {processor.py:839} INFO - DAG(s) dict_keys(['tutorial_taskflow_api']) retrieved from /Library/Frameworks/Python.framework/Versions/3.11/lib/python3.11/site-packages/airflow/example_dags/tutorial_taskflow_api.py
[2023-10-21T14:45:14.123+0200] {logging_mixin.py:151} INFO - [2023-10-21T14:45:14.123+0200] {dag.py:2941} INFO - Sync 1 DAGs
[2023-10-21T14:45:14.150+0200] {logging_mixin.py:151} INFO - [2023-10-21T14:45:14.150+0200] {dag.py:3722} INFO - Setting next_dagrun for tutorial_taskflow_api to None, run_after=None
[2023-10-21T14:45:14.158+0200] {processor.py:179} INFO - Processing /Library/Frameworks/Python.framework/Versions/3.11/lib/python3.11/site-packages/airflow/example_dags/tutorial_taskflow_api.py took 0.077 seconds
[2023-10-21T14:46:17.707+0200] {processor.py:157} INFO - Started process (PID=67050) to work on /Library/Frameworks/Python.framework/Versions/3.11/lib/python3.11/site-packages/airflow/example_dags/tutorial_taskflow_api.py
[2023-10-21T14:46:17.709+0200] {processor.py:829} INFO - Processing file /Library/Frameworks/Python.framework/Versions/3.11/lib/python3.11/site-packages/airflow/example_dags/tutorial_taskflow_api.py for tasks to queue
[2023-10-21T14:46:17.709+0200] {logging_mixin.py:151} INFO - [2023-10-21T14:46:17.709+0200] {dagbag.py:536} INFO - Filling up the DagBag from /Library/Frameworks/Python.framework/Versions/3.11/lib/python3.11/site-packages/airflow/example_dags/tutorial_taskflow_api.py
[2023-10-21T14:46:17.727+0200] {processor.py:839} INFO - DAG(s) dict_keys(['tutorial_taskflow_api']) retrieved from /Library/Frameworks/Python.framework/Versions/3.11/lib/python3.11/site-packages/airflow/example_dags/tutorial_taskflow_api.py
[2023-10-21T14:46:17.797+0200] {logging_mixin.py:151} INFO - [2023-10-21T14:46:17.797+0200] {dag.py:2941} INFO - Sync 1 DAGs
[2023-10-21T14:46:17.800+0200] {logging_mixin.py:151} INFO - [2023-10-21T14:46:17.800+0200] {dag.py:3722} INFO - Setting next_dagrun for tutorial_taskflow_api to None, run_after=None
[2023-10-21T14:46:17.811+0200] {processor.py:179} INFO - Processing /Library/Frameworks/Python.framework/Versions/3.11/lib/python3.11/site-packages/airflow/example_dags/tutorial_taskflow_api.py took 0.105 seconds
[2023-10-21T14:51:11.176+0200] {processor.py:157} INFO - Started process (PID=67703) to work on /Library/Frameworks/Python.framework/Versions/3.11/lib/python3.11/site-packages/airflow/example_dags/tutorial_taskflow_api.py
[2023-10-21T14:51:11.178+0200] {processor.py:829} INFO - Processing file /Library/Frameworks/Python.framework/Versions/3.11/lib/python3.11/site-packages/airflow/example_dags/tutorial_taskflow_api.py for tasks to queue
[2023-10-21T14:51:11.179+0200] {logging_mixin.py:151} INFO - [2023-10-21T14:51:11.179+0200] {dagbag.py:536} INFO - Filling up the DagBag from /Library/Frameworks/Python.framework/Versions/3.11/lib/python3.11/site-packages/airflow/example_dags/tutorial_taskflow_api.py
[2023-10-21T14:51:11.201+0200] {processor.py:839} INFO - DAG(s) dict_keys(['tutorial_taskflow_api']) retrieved from /Library/Frameworks/Python.framework/Versions/3.11/lib/python3.11/site-packages/airflow/example_dags/tutorial_taskflow_api.py
[2023-10-21T14:51:11.285+0200] {logging_mixin.py:151} INFO - [2023-10-21T14:51:11.284+0200] {dag.py:2941} INFO - Sync 1 DAGs
[2023-10-21T14:51:11.288+0200] {logging_mixin.py:151} INFO - [2023-10-21T14:51:11.288+0200] {dag.py:3722} INFO - Setting next_dagrun for tutorial_taskflow_api to None, run_after=None
[2023-10-21T14:51:11.295+0200] {processor.py:179} INFO - Processing /Library/Frameworks/Python.framework/Versions/3.11/lib/python3.11/site-packages/airflow/example_dags/tutorial_taskflow_api.py took 0.119 seconds
[2023-10-21T14:52:15.205+0200] {processor.py:157} INFO - Started process (PID=67830) to work on /Library/Frameworks/Python.framework/Versions/3.11/lib/python3.11/site-packages/airflow/example_dags/tutorial_taskflow_api.py
[2023-10-21T14:52:15.207+0200] {processor.py:829} INFO - Processing file /Library/Frameworks/Python.framework/Versions/3.11/lib/python3.11/site-packages/airflow/example_dags/tutorial_taskflow_api.py for tasks to queue
[2023-10-21T14:52:15.207+0200] {logging_mixin.py:151} INFO - [2023-10-21T14:52:15.207+0200] {dagbag.py:536} INFO - Filling up the DagBag from /Library/Frameworks/Python.framework/Versions/3.11/lib/python3.11/site-packages/airflow/example_dags/tutorial_taskflow_api.py
[2023-10-21T14:52:15.228+0200] {processor.py:839} INFO - DAG(s) dict_keys(['tutorial_taskflow_api']) retrieved from /Library/Frameworks/Python.framework/Versions/3.11/lib/python3.11/site-packages/airflow/example_dags/tutorial_taskflow_api.py
[2023-10-21T14:52:15.307+0200] {logging_mixin.py:151} INFO - [2023-10-21T14:52:15.307+0200] {dag.py:2941} INFO - Sync 1 DAGs
[2023-10-21T14:52:15.310+0200] {logging_mixin.py:151} INFO - [2023-10-21T14:52:15.310+0200] {dag.py:3722} INFO - Setting next_dagrun for tutorial_taskflow_api to None, run_after=None
[2023-10-21T14:52:15.317+0200] {processor.py:179} INFO - Processing /Library/Frameworks/Python.framework/Versions/3.11/lib/python3.11/site-packages/airflow/example_dags/tutorial_taskflow_api.py took 0.113 seconds
[2023-10-21T14:53:25.910+0200] {processor.py:157} INFO - Started process (PID=67970) to work on /Library/Frameworks/Python.framework/Versions/3.11/lib/python3.11/site-packages/airflow/example_dags/tutorial_taskflow_api.py
[2023-10-21T14:53:25.912+0200] {processor.py:829} INFO - Processing file /Library/Frameworks/Python.framework/Versions/3.11/lib/python3.11/site-packages/airflow/example_dags/tutorial_taskflow_api.py for tasks to queue
[2023-10-21T14:53:25.912+0200] {logging_mixin.py:151} INFO - [2023-10-21T14:53:25.912+0200] {dagbag.py:536} INFO - Filling up the DagBag from /Library/Frameworks/Python.framework/Versions/3.11/lib/python3.11/site-packages/airflow/example_dags/tutorial_taskflow_api.py
[2023-10-21T14:53:25.932+0200] {processor.py:839} INFO - DAG(s) dict_keys(['tutorial_taskflow_api']) retrieved from /Library/Frameworks/Python.framework/Versions/3.11/lib/python3.11/site-packages/airflow/example_dags/tutorial_taskflow_api.py
[2023-10-21T14:53:26.002+0200] {logging_mixin.py:151} INFO - [2023-10-21T14:53:26.002+0200] {dag.py:2941} INFO - Sync 1 DAGs
[2023-10-21T14:53:26.005+0200] {logging_mixin.py:151} INFO - [2023-10-21T14:53:26.005+0200] {dag.py:3722} INFO - Setting next_dagrun for tutorial_taskflow_api to None, run_after=None
[2023-10-21T14:53:26.012+0200] {processor.py:179} INFO - Processing /Library/Frameworks/Python.framework/Versions/3.11/lib/python3.11/site-packages/airflow/example_dags/tutorial_taskflow_api.py took 0.103 seconds
[2023-10-21T14:54:38.040+0200] {processor.py:157} INFO - Started process (PID=68113) to work on /Library/Frameworks/Python.framework/Versions/3.11/lib/python3.11/site-packages/airflow/example_dags/tutorial_taskflow_api.py
[2023-10-21T14:54:38.042+0200] {processor.py:829} INFO - Processing file /Library/Frameworks/Python.framework/Versions/3.11/lib/python3.11/site-packages/airflow/example_dags/tutorial_taskflow_api.py for tasks to queue
[2023-10-21T14:54:38.042+0200] {logging_mixin.py:151} INFO - [2023-10-21T14:54:38.042+0200] {dagbag.py:536} INFO - Filling up the DagBag from /Library/Frameworks/Python.framework/Versions/3.11/lib/python3.11/site-packages/airflow/example_dags/tutorial_taskflow_api.py
[2023-10-21T14:54:38.066+0200] {processor.py:839} INFO - DAG(s) dict_keys(['tutorial_taskflow_api']) retrieved from /Library/Frameworks/Python.framework/Versions/3.11/lib/python3.11/site-packages/airflow/example_dags/tutorial_taskflow_api.py
[2023-10-21T14:54:38.148+0200] {logging_mixin.py:151} INFO - [2023-10-21T14:54:38.148+0200] {dag.py:2941} INFO - Sync 1 DAGs
[2023-10-21T14:54:38.151+0200] {logging_mixin.py:151} INFO - [2023-10-21T14:54:38.151+0200] {dag.py:3722} INFO - Setting next_dagrun for tutorial_taskflow_api to None, run_after=None
[2023-10-21T14:54:38.159+0200] {processor.py:179} INFO - Processing /Library/Frameworks/Python.framework/Versions/3.11/lib/python3.11/site-packages/airflow/example_dags/tutorial_taskflow_api.py took 0.120 seconds
[2023-10-21T14:55:47.195+0200] {processor.py:157} INFO - Started process (PID=68264) to work on /Library/Frameworks/Python.framework/Versions/3.11/lib/python3.11/site-packages/airflow/example_dags/tutorial_taskflow_api.py
[2023-10-21T14:55:47.197+0200] {processor.py:829} INFO - Processing file /Library/Frameworks/Python.framework/Versions/3.11/lib/python3.11/site-packages/airflow/example_dags/tutorial_taskflow_api.py for tasks to queue
[2023-10-21T14:55:47.197+0200] {logging_mixin.py:151} INFO - [2023-10-21T14:55:47.197+0200] {dagbag.py:536} INFO - Filling up the DagBag from /Library/Frameworks/Python.framework/Versions/3.11/lib/python3.11/site-packages/airflow/example_dags/tutorial_taskflow_api.py
[2023-10-21T14:55:47.216+0200] {processor.py:839} INFO - DAG(s) dict_keys(['tutorial_taskflow_api']) retrieved from /Library/Frameworks/Python.framework/Versions/3.11/lib/python3.11/site-packages/airflow/example_dags/tutorial_taskflow_api.py
[2023-10-21T14:55:47.286+0200] {logging_mixin.py:151} INFO - [2023-10-21T14:55:47.286+0200] {dag.py:2941} INFO - Sync 1 DAGs
[2023-10-21T14:55:47.289+0200] {logging_mixin.py:151} INFO - [2023-10-21T14:55:47.289+0200] {dag.py:3722} INFO - Setting next_dagrun for tutorial_taskflow_api to None, run_after=None
[2023-10-21T14:55:47.296+0200] {processor.py:179} INFO - Processing /Library/Frameworks/Python.framework/Versions/3.11/lib/python3.11/site-packages/airflow/example_dags/tutorial_taskflow_api.py took 0.101 seconds
