[2023-10-19T22:17:01.006+0200] {processor.py:157} INFO - Started process (PID=28730) to work on /Users/nick/Desktop/airflow_dic/venv/lib/python3.11/site-packages/airflow/example_dags/plugins/event_listener.py
[2023-10-19T22:17:01.007+0200] {processor.py:829} INFO - Processing file /Users/nick/Desktop/airflow_dic/venv/lib/python3.11/site-packages/airflow/example_dags/plugins/event_listener.py for tasks to queue
[2023-10-19T22:17:01.007+0200] {logging_mixin.py:151} INFO - [2023-10-19T22:17:01.007+0200] {dagbag.py:539} INFO - Filling up the DagBag from /Users/nick/Desktop/airflow_dic/venv/lib/python3.11/site-packages/airflow/example_dags/plugins/event_listener.py
[2023-10-19T22:17:01.008+0200] {processor.py:841} WARNING - No viable dags retrieved from /Users/nick/Desktop/airflow_dic/venv/lib/python3.11/site-packages/airflow/example_dags/plugins/event_listener.py
[2023-10-19T22:17:01.049+0200] {processor.py:179} INFO - Processing /Users/nick/Desktop/airflow_dic/venv/lib/python3.11/site-packages/airflow/example_dags/plugins/event_listener.py took 0.044 seconds
[2023-10-19T22:18:03.400+0200] {processor.py:157} INFO - Started process (PID=28846) to work on /Users/nick/Desktop/airflow_dic/venv/lib/python3.11/site-packages/airflow/example_dags/plugins/event_listener.py
[2023-10-19T22:18:03.401+0200] {processor.py:829} INFO - Processing file /Users/nick/Desktop/airflow_dic/venv/lib/python3.11/site-packages/airflow/example_dags/plugins/event_listener.py for tasks to queue
[2023-10-19T22:18:03.401+0200] {logging_mixin.py:151} INFO - [2023-10-19T22:18:03.401+0200] {dagbag.py:539} INFO - Filling up the DagBag from /Users/nick/Desktop/airflow_dic/venv/lib/python3.11/site-packages/airflow/example_dags/plugins/event_listener.py
[2023-10-19T22:18:03.402+0200] {processor.py:841} WARNING - No viable dags retrieved from /Users/nick/Desktop/airflow_dic/venv/lib/python3.11/site-packages/airflow/example_dags/plugins/event_listener.py
[2023-10-19T22:18:03.444+0200] {processor.py:179} INFO - Processing /Users/nick/Desktop/airflow_dic/venv/lib/python3.11/site-packages/airflow/example_dags/plugins/event_listener.py took 0.044 seconds
[2023-10-19T22:19:17.043+0200] {processor.py:157} INFO - Started process (PID=28983) to work on /Users/nick/Desktop/airflow_dic/venv/lib/python3.11/site-packages/airflow/example_dags/plugins/event_listener.py
[2023-10-19T22:19:17.045+0200] {processor.py:829} INFO - Processing file /Users/nick/Desktop/airflow_dic/venv/lib/python3.11/site-packages/airflow/example_dags/plugins/event_listener.py for tasks to queue
[2023-10-19T22:19:17.045+0200] {logging_mixin.py:151} INFO - [2023-10-19T22:19:17.045+0200] {dagbag.py:539} INFO - Filling up the DagBag from /Users/nick/Desktop/airflow_dic/venv/lib/python3.11/site-packages/airflow/example_dags/plugins/event_listener.py
[2023-10-19T22:19:17.046+0200] {processor.py:841} WARNING - No viable dags retrieved from /Users/nick/Desktop/airflow_dic/venv/lib/python3.11/site-packages/airflow/example_dags/plugins/event_listener.py
[2023-10-19T22:19:17.090+0200] {processor.py:179} INFO - Processing /Users/nick/Desktop/airflow_dic/venv/lib/python3.11/site-packages/airflow/example_dags/plugins/event_listener.py took 0.047 seconds
[2023-10-19T22:19:57.724+0200] {processor.py:157} INFO - Started process (PID=29059) to work on /Users/nick/Desktop/airflow_dic/venv/lib/python3.11/site-packages/airflow/example_dags/plugins/event_listener.py
[2023-10-19T22:19:57.725+0200] {processor.py:829} INFO - Processing file /Users/nick/Desktop/airflow_dic/venv/lib/python3.11/site-packages/airflow/example_dags/plugins/event_listener.py for tasks to queue
[2023-10-19T22:19:57.725+0200] {logging_mixin.py:151} INFO - [2023-10-19T22:19:57.725+0200] {dagbag.py:539} INFO - Filling up the DagBag from /Users/nick/Desktop/airflow_dic/venv/lib/python3.11/site-packages/airflow/example_dags/plugins/event_listener.py
[2023-10-19T22:19:57.726+0200] {processor.py:841} WARNING - No viable dags retrieved from /Users/nick/Desktop/airflow_dic/venv/lib/python3.11/site-packages/airflow/example_dags/plugins/event_listener.py
[2023-10-19T22:19:57.768+0200] {processor.py:179} INFO - Processing /Users/nick/Desktop/airflow_dic/venv/lib/python3.11/site-packages/airflow/example_dags/plugins/event_listener.py took 0.045 seconds
[2023-10-19T22:21:00.975+0200] {processor.py:157} INFO - Started process (PID=29188) to work on /Users/nick/Desktop/airflow_dic/venv/lib/python3.11/site-packages/airflow/example_dags/plugins/event_listener.py
[2023-10-19T22:21:00.976+0200] {processor.py:829} INFO - Processing file /Users/nick/Desktop/airflow_dic/venv/lib/python3.11/site-packages/airflow/example_dags/plugins/event_listener.py for tasks to queue
[2023-10-19T22:21:00.976+0200] {logging_mixin.py:151} INFO - [2023-10-19T22:21:00.976+0200] {dagbag.py:539} INFO - Filling up the DagBag from /Users/nick/Desktop/airflow_dic/venv/lib/python3.11/site-packages/airflow/example_dags/plugins/event_listener.py
[2023-10-19T22:21:00.977+0200] {processor.py:841} WARNING - No viable dags retrieved from /Users/nick/Desktop/airflow_dic/venv/lib/python3.11/site-packages/airflow/example_dags/plugins/event_listener.py
[2023-10-19T22:21:01.019+0200] {processor.py:179} INFO - Processing /Users/nick/Desktop/airflow_dic/venv/lib/python3.11/site-packages/airflow/example_dags/plugins/event_listener.py took 0.045 seconds
[2023-10-19T22:21:35.735+0200] {processor.py:157} INFO - Started process (PID=29256) to work on /Users/nick/Desktop/airflow_dic/venv/lib/python3.11/site-packages/airflow/example_dags/plugins/event_listener.py
[2023-10-19T22:21:35.737+0200] {processor.py:829} INFO - Processing file /Users/nick/Desktop/airflow_dic/venv/lib/python3.11/site-packages/airflow/example_dags/plugins/event_listener.py for tasks to queue
[2023-10-19T22:21:35.737+0200] {logging_mixin.py:151} INFO - [2023-10-19T22:21:35.737+0200] {dagbag.py:539} INFO - Filling up the DagBag from /Users/nick/Desktop/airflow_dic/venv/lib/python3.11/site-packages/airflow/example_dags/plugins/event_listener.py
[2023-10-19T22:21:35.738+0200] {processor.py:841} WARNING - No viable dags retrieved from /Users/nick/Desktop/airflow_dic/venv/lib/python3.11/site-packages/airflow/example_dags/plugins/event_listener.py
[2023-10-19T22:21:35.781+0200] {processor.py:179} INFO - Processing /Users/nick/Desktop/airflow_dic/venv/lib/python3.11/site-packages/airflow/example_dags/plugins/event_listener.py took 0.046 seconds
[2023-10-19T22:22:11.373+0200] {processor.py:157} INFO - Started process (PID=29327) to work on /Users/nick/Desktop/airflow_dic/venv/lib/python3.11/site-packages/airflow/example_dags/plugins/event_listener.py
[2023-10-19T22:22:11.375+0200] {processor.py:829} INFO - Processing file /Users/nick/Desktop/airflow_dic/venv/lib/python3.11/site-packages/airflow/example_dags/plugins/event_listener.py for tasks to queue
[2023-10-19T22:22:11.375+0200] {logging_mixin.py:151} INFO - [2023-10-19T22:22:11.375+0200] {dagbag.py:539} INFO - Filling up the DagBag from /Users/nick/Desktop/airflow_dic/venv/lib/python3.11/site-packages/airflow/example_dags/plugins/event_listener.py
[2023-10-19T22:22:11.375+0200] {processor.py:841} WARNING - No viable dags retrieved from /Users/nick/Desktop/airflow_dic/venv/lib/python3.11/site-packages/airflow/example_dags/plugins/event_listener.py
[2023-10-19T22:22:11.422+0200] {processor.py:179} INFO - Processing /Users/nick/Desktop/airflow_dic/venv/lib/python3.11/site-packages/airflow/example_dags/plugins/event_listener.py took 0.049 seconds
[2023-10-19T22:22:53.187+0200] {processor.py:157} INFO - Started process (PID=29416) to work on /Users/nick/Desktop/airflow_dic/venv/lib/python3.11/site-packages/airflow/example_dags/plugins/event_listener.py
[2023-10-19T22:22:53.189+0200] {processor.py:829} INFO - Processing file /Users/nick/Desktop/airflow_dic/venv/lib/python3.11/site-packages/airflow/example_dags/plugins/event_listener.py for tasks to queue
[2023-10-19T22:22:53.189+0200] {logging_mixin.py:151} INFO - [2023-10-19T22:22:53.189+0200] {dagbag.py:539} INFO - Filling up the DagBag from /Users/nick/Desktop/airflow_dic/venv/lib/python3.11/site-packages/airflow/example_dags/plugins/event_listener.py
[2023-10-19T22:22:53.189+0200] {processor.py:841} WARNING - No viable dags retrieved from /Users/nick/Desktop/airflow_dic/venv/lib/python3.11/site-packages/airflow/example_dags/plugins/event_listener.py
[2023-10-19T22:22:53.231+0200] {processor.py:179} INFO - Processing /Users/nick/Desktop/airflow_dic/venv/lib/python3.11/site-packages/airflow/example_dags/plugins/event_listener.py took 0.044 seconds
[2023-10-19T22:23:57.520+0200] {processor.py:157} INFO - Started process (PID=29543) to work on /Users/nick/Desktop/airflow_dic/venv/lib/python3.11/site-packages/airflow/example_dags/plugins/event_listener.py
[2023-10-19T22:23:57.521+0200] {processor.py:829} INFO - Processing file /Users/nick/Desktop/airflow_dic/venv/lib/python3.11/site-packages/airflow/example_dags/plugins/event_listener.py for tasks to queue
[2023-10-19T22:23:57.521+0200] {logging_mixin.py:151} INFO - [2023-10-19T22:23:57.521+0200] {dagbag.py:539} INFO - Filling up the DagBag from /Users/nick/Desktop/airflow_dic/venv/lib/python3.11/site-packages/airflow/example_dags/plugins/event_listener.py
[2023-10-19T22:23:57.522+0200] {processor.py:841} WARNING - No viable dags retrieved from /Users/nick/Desktop/airflow_dic/venv/lib/python3.11/site-packages/airflow/example_dags/plugins/event_listener.py
[2023-10-19T22:23:57.564+0200] {processor.py:179} INFO - Processing /Users/nick/Desktop/airflow_dic/venv/lib/python3.11/site-packages/airflow/example_dags/plugins/event_listener.py took 0.044 seconds
[2023-10-19T22:24:58.537+0200] {processor.py:157} INFO - Started process (PID=29677) to work on /Users/nick/Desktop/airflow_dic/venv/lib/python3.11/site-packages/airflow/example_dags/plugins/event_listener.py
[2023-10-19T22:24:58.538+0200] {processor.py:829} INFO - Processing file /Users/nick/Desktop/airflow_dic/venv/lib/python3.11/site-packages/airflow/example_dags/plugins/event_listener.py for tasks to queue
[2023-10-19T22:24:58.539+0200] {logging_mixin.py:151} INFO - [2023-10-19T22:24:58.539+0200] {dagbag.py:539} INFO - Filling up the DagBag from /Users/nick/Desktop/airflow_dic/venv/lib/python3.11/site-packages/airflow/example_dags/plugins/event_listener.py
[2023-10-19T22:24:58.539+0200] {processor.py:841} WARNING - No viable dags retrieved from /Users/nick/Desktop/airflow_dic/venv/lib/python3.11/site-packages/airflow/example_dags/plugins/event_listener.py
[2023-10-19T22:24:58.585+0200] {processor.py:179} INFO - Processing /Users/nick/Desktop/airflow_dic/venv/lib/python3.11/site-packages/airflow/example_dags/plugins/event_listener.py took 0.048 seconds
[2023-10-19T22:26:10.506+0200] {processor.py:157} INFO - Started process (PID=31688) to work on /Users/nick/Desktop/airflow_dic/venv/lib/python3.11/site-packages/airflow/example_dags/plugins/event_listener.py
[2023-10-19T22:26:10.508+0200] {processor.py:829} INFO - Processing file /Users/nick/Desktop/airflow_dic/venv/lib/python3.11/site-packages/airflow/example_dags/plugins/event_listener.py for tasks to queue
[2023-10-19T22:26:10.508+0200] {logging_mixin.py:151} INFO - [2023-10-19T22:26:10.508+0200] {dagbag.py:539} INFO - Filling up the DagBag from /Users/nick/Desktop/airflow_dic/venv/lib/python3.11/site-packages/airflow/example_dags/plugins/event_listener.py
[2023-10-19T22:26:10.509+0200] {processor.py:841} WARNING - No viable dags retrieved from /Users/nick/Desktop/airflow_dic/venv/lib/python3.11/site-packages/airflow/example_dags/plugins/event_listener.py
[2023-10-19T22:26:10.555+0200] {processor.py:179} INFO - Processing /Users/nick/Desktop/airflow_dic/venv/lib/python3.11/site-packages/airflow/example_dags/plugins/event_listener.py took 0.049 seconds
[2023-10-19T22:26:55.971+0200] {processor.py:157} INFO - Started process (PID=31773) to work on /Users/nick/Desktop/airflow_dic/venv/lib/python3.11/site-packages/airflow/example_dags/plugins/event_listener.py
[2023-10-19T22:26:55.973+0200] {processor.py:829} INFO - Processing file /Users/nick/Desktop/airflow_dic/venv/lib/python3.11/site-packages/airflow/example_dags/plugins/event_listener.py for tasks to queue
[2023-10-19T22:26:55.974+0200] {logging_mixin.py:151} INFO - [2023-10-19T22:26:55.974+0200] {dagbag.py:539} INFO - Filling up the DagBag from /Users/nick/Desktop/airflow_dic/venv/lib/python3.11/site-packages/airflow/example_dags/plugins/event_listener.py
[2023-10-19T22:26:55.974+0200] {processor.py:841} WARNING - No viable dags retrieved from /Users/nick/Desktop/airflow_dic/venv/lib/python3.11/site-packages/airflow/example_dags/plugins/event_listener.py
[2023-10-19T22:26:56.018+0200] {processor.py:179} INFO - Processing /Users/nick/Desktop/airflow_dic/venv/lib/python3.11/site-packages/airflow/example_dags/plugins/event_listener.py took 0.047 seconds
[2023-10-19T22:27:16.088+0200] {processor.py:157} INFO - Started process (PID=31817) to work on /Users/nick/Desktop/airflow_dic/venv/lib/python3.11/site-packages/airflow/example_dags/plugins/event_listener.py
[2023-10-19T22:27:16.090+0200] {processor.py:829} INFO - Processing file /Users/nick/Desktop/airflow_dic/venv/lib/python3.11/site-packages/airflow/example_dags/plugins/event_listener.py for tasks to queue
[2023-10-19T22:27:16.090+0200] {logging_mixin.py:151} INFO - [2023-10-19T22:27:16.090+0200] {dagbag.py:539} INFO - Filling up the DagBag from /Users/nick/Desktop/airflow_dic/venv/lib/python3.11/site-packages/airflow/example_dags/plugins/event_listener.py
[2023-10-19T22:27:16.090+0200] {processor.py:841} WARNING - No viable dags retrieved from /Users/nick/Desktop/airflow_dic/venv/lib/python3.11/site-packages/airflow/example_dags/plugins/event_listener.py
[2023-10-19T22:27:16.133+0200] {processor.py:179} INFO - Processing /Users/nick/Desktop/airflow_dic/venv/lib/python3.11/site-packages/airflow/example_dags/plugins/event_listener.py took 0.045 seconds
[2023-10-19T22:28:32.752+0200] {processor.py:157} INFO - Started process (PID=31954) to work on /Users/nick/Desktop/airflow_dic/venv/lib/python3.11/site-packages/airflow/example_dags/plugins/event_listener.py
[2023-10-19T22:28:32.754+0200] {processor.py:829} INFO - Processing file /Users/nick/Desktop/airflow_dic/venv/lib/python3.11/site-packages/airflow/example_dags/plugins/event_listener.py for tasks to queue
[2023-10-19T22:28:32.754+0200] {logging_mixin.py:151} INFO - [2023-10-19T22:28:32.754+0200] {dagbag.py:539} INFO - Filling up the DagBag from /Users/nick/Desktop/airflow_dic/venv/lib/python3.11/site-packages/airflow/example_dags/plugins/event_listener.py
[2023-10-19T22:28:32.755+0200] {processor.py:841} WARNING - No viable dags retrieved from /Users/nick/Desktop/airflow_dic/venv/lib/python3.11/site-packages/airflow/example_dags/plugins/event_listener.py
[2023-10-19T22:28:32.801+0200] {processor.py:179} INFO - Processing /Users/nick/Desktop/airflow_dic/venv/lib/python3.11/site-packages/airflow/example_dags/plugins/event_listener.py took 0.049 seconds
[2023-10-19T22:29:11.121+0200] {processor.py:157} INFO - Started process (PID=32048) to work on /Users/nick/Desktop/airflow_dic/venv/lib/python3.11/site-packages/airflow/example_dags/plugins/event_listener.py
[2023-10-19T22:29:11.123+0200] {processor.py:829} INFO - Processing file /Users/nick/Desktop/airflow_dic/venv/lib/python3.11/site-packages/airflow/example_dags/plugins/event_listener.py for tasks to queue
[2023-10-19T22:29:11.123+0200] {logging_mixin.py:151} INFO - [2023-10-19T22:29:11.123+0200] {dagbag.py:539} INFO - Filling up the DagBag from /Users/nick/Desktop/airflow_dic/venv/lib/python3.11/site-packages/airflow/example_dags/plugins/event_listener.py
[2023-10-19T22:29:11.123+0200] {processor.py:841} WARNING - No viable dags retrieved from /Users/nick/Desktop/airflow_dic/venv/lib/python3.11/site-packages/airflow/example_dags/plugins/event_listener.py
[2023-10-19T22:29:11.166+0200] {processor.py:179} INFO - Processing /Users/nick/Desktop/airflow_dic/venv/lib/python3.11/site-packages/airflow/example_dags/plugins/event_listener.py took 0.045 seconds
[2023-10-19T22:30:15.221+0200] {processor.py:157} INFO - Started process (PID=32168) to work on /Users/nick/Desktop/airflow_dic/venv/lib/python3.11/site-packages/airflow/example_dags/plugins/event_listener.py
[2023-10-19T22:30:15.222+0200] {processor.py:829} INFO - Processing file /Users/nick/Desktop/airflow_dic/venv/lib/python3.11/site-packages/airflow/example_dags/plugins/event_listener.py for tasks to queue
[2023-10-19T22:30:15.222+0200] {logging_mixin.py:151} INFO - [2023-10-19T22:30:15.222+0200] {dagbag.py:539} INFO - Filling up the DagBag from /Users/nick/Desktop/airflow_dic/venv/lib/python3.11/site-packages/airflow/example_dags/plugins/event_listener.py
[2023-10-19T22:30:15.223+0200] {processor.py:841} WARNING - No viable dags retrieved from /Users/nick/Desktop/airflow_dic/venv/lib/python3.11/site-packages/airflow/example_dags/plugins/event_listener.py
[2023-10-19T22:30:15.266+0200] {processor.py:179} INFO - Processing /Users/nick/Desktop/airflow_dic/venv/lib/python3.11/site-packages/airflow/example_dags/plugins/event_listener.py took 0.045 seconds
[2023-10-19T22:30:39.887+0200] {processor.py:157} INFO - Started process (PID=32220) to work on /Users/nick/Desktop/airflow_dic/venv/lib/python3.11/site-packages/airflow/example_dags/plugins/event_listener.py
[2023-10-19T22:30:39.889+0200] {processor.py:829} INFO - Processing file /Users/nick/Desktop/airflow_dic/venv/lib/python3.11/site-packages/airflow/example_dags/plugins/event_listener.py for tasks to queue
[2023-10-19T22:30:39.889+0200] {logging_mixin.py:151} INFO - [2023-10-19T22:30:39.889+0200] {dagbag.py:539} INFO - Filling up the DagBag from /Users/nick/Desktop/airflow_dic/venv/lib/python3.11/site-packages/airflow/example_dags/plugins/event_listener.py
[2023-10-19T22:30:39.889+0200] {processor.py:841} WARNING - No viable dags retrieved from /Users/nick/Desktop/airflow_dic/venv/lib/python3.11/site-packages/airflow/example_dags/plugins/event_listener.py
[2023-10-19T22:30:39.936+0200] {processor.py:179} INFO - Processing /Users/nick/Desktop/airflow_dic/venv/lib/python3.11/site-packages/airflow/example_dags/plugins/event_listener.py took 0.049 seconds
[2023-10-19T22:30:58.308+0200] {processor.py:157} INFO - Started process (PID=32260) to work on /Users/nick/Desktop/airflow_dic/venv/lib/python3.11/site-packages/airflow/example_dags/plugins/event_listener.py
[2023-10-19T22:30:58.309+0200] {processor.py:829} INFO - Processing file /Users/nick/Desktop/airflow_dic/venv/lib/python3.11/site-packages/airflow/example_dags/plugins/event_listener.py for tasks to queue
[2023-10-19T22:30:58.309+0200] {logging_mixin.py:151} INFO - [2023-10-19T22:30:58.309+0200] {dagbag.py:539} INFO - Filling up the DagBag from /Users/nick/Desktop/airflow_dic/venv/lib/python3.11/site-packages/airflow/example_dags/plugins/event_listener.py
[2023-10-19T22:30:58.310+0200] {processor.py:841} WARNING - No viable dags retrieved from /Users/nick/Desktop/airflow_dic/venv/lib/python3.11/site-packages/airflow/example_dags/plugins/event_listener.py
[2023-10-19T22:30:58.358+0200] {processor.py:179} INFO - Processing /Users/nick/Desktop/airflow_dic/venv/lib/python3.11/site-packages/airflow/example_dags/plugins/event_listener.py took 0.051 seconds
[2023-10-19T22:32:02.876+0200] {processor.py:157} INFO - Started process (PID=32379) to work on /Users/nick/Desktop/airflow_dic/venv/lib/python3.11/site-packages/airflow/example_dags/plugins/event_listener.py
[2023-10-19T22:32:02.878+0200] {processor.py:829} INFO - Processing file /Users/nick/Desktop/airflow_dic/venv/lib/python3.11/site-packages/airflow/example_dags/plugins/event_listener.py for tasks to queue
[2023-10-19T22:32:02.878+0200] {logging_mixin.py:151} INFO - [2023-10-19T22:32:02.878+0200] {dagbag.py:539} INFO - Filling up the DagBag from /Users/nick/Desktop/airflow_dic/venv/lib/python3.11/site-packages/airflow/example_dags/plugins/event_listener.py
[2023-10-19T22:32:02.878+0200] {processor.py:841} WARNING - No viable dags retrieved from /Users/nick/Desktop/airflow_dic/venv/lib/python3.11/site-packages/airflow/example_dags/plugins/event_listener.py
[2023-10-19T22:32:02.921+0200] {processor.py:179} INFO - Processing /Users/nick/Desktop/airflow_dic/venv/lib/python3.11/site-packages/airflow/example_dags/plugins/event_listener.py took 0.045 seconds
[2023-10-19T22:32:37.923+0200] {processor.py:157} INFO - Started process (PID=32442) to work on /Users/nick/Desktop/airflow_dic/venv/lib/python3.11/site-packages/airflow/example_dags/plugins/event_listener.py
[2023-10-19T22:32:37.924+0200] {processor.py:829} INFO - Processing file /Users/nick/Desktop/airflow_dic/venv/lib/python3.11/site-packages/airflow/example_dags/plugins/event_listener.py for tasks to queue
[2023-10-19T22:32:37.925+0200] {logging_mixin.py:151} INFO - [2023-10-19T22:32:37.925+0200] {dagbag.py:539} INFO - Filling up the DagBag from /Users/nick/Desktop/airflow_dic/venv/lib/python3.11/site-packages/airflow/example_dags/plugins/event_listener.py
[2023-10-19T22:32:37.925+0200] {processor.py:841} WARNING - No viable dags retrieved from /Users/nick/Desktop/airflow_dic/venv/lib/python3.11/site-packages/airflow/example_dags/plugins/event_listener.py
[2023-10-19T22:32:37.969+0200] {processor.py:179} INFO - Processing /Users/nick/Desktop/airflow_dic/venv/lib/python3.11/site-packages/airflow/example_dags/plugins/event_listener.py took 0.046 seconds
[2023-10-19T22:33:45.559+0200] {processor.py:157} INFO - Started process (PID=32575) to work on /Users/nick/Desktop/airflow_dic/venv/lib/python3.11/site-packages/airflow/example_dags/plugins/event_listener.py
[2023-10-19T22:33:45.561+0200] {processor.py:829} INFO - Processing file /Users/nick/Desktop/airflow_dic/venv/lib/python3.11/site-packages/airflow/example_dags/plugins/event_listener.py for tasks to queue
[2023-10-19T22:33:45.561+0200] {logging_mixin.py:151} INFO - [2023-10-19T22:33:45.561+0200] {dagbag.py:539} INFO - Filling up the DagBag from /Users/nick/Desktop/airflow_dic/venv/lib/python3.11/site-packages/airflow/example_dags/plugins/event_listener.py
[2023-10-19T22:33:45.562+0200] {processor.py:841} WARNING - No viable dags retrieved from /Users/nick/Desktop/airflow_dic/venv/lib/python3.11/site-packages/airflow/example_dags/plugins/event_listener.py
[2023-10-19T22:33:45.604+0200] {processor.py:179} INFO - Processing /Users/nick/Desktop/airflow_dic/venv/lib/python3.11/site-packages/airflow/example_dags/plugins/event_listener.py took 0.045 seconds
[2023-10-19T22:34:21.805+0200] {processor.py:157} INFO - Started process (PID=32645) to work on /Users/nick/Desktop/airflow_dic/venv/lib/python3.11/site-packages/airflow/example_dags/plugins/event_listener.py
[2023-10-19T22:34:21.806+0200] {processor.py:829} INFO - Processing file /Users/nick/Desktop/airflow_dic/venv/lib/python3.11/site-packages/airflow/example_dags/plugins/event_listener.py for tasks to queue
[2023-10-19T22:34:21.807+0200] {logging_mixin.py:151} INFO - [2023-10-19T22:34:21.807+0200] {dagbag.py:539} INFO - Filling up the DagBag from /Users/nick/Desktop/airflow_dic/venv/lib/python3.11/site-packages/airflow/example_dags/plugins/event_listener.py
[2023-10-19T22:34:21.807+0200] {processor.py:841} WARNING - No viable dags retrieved from /Users/nick/Desktop/airflow_dic/venv/lib/python3.11/site-packages/airflow/example_dags/plugins/event_listener.py
[2023-10-19T22:34:21.849+0200] {processor.py:179} INFO - Processing /Users/nick/Desktop/airflow_dic/venv/lib/python3.11/site-packages/airflow/example_dags/plugins/event_listener.py took 0.044 seconds
[2023-10-19T22:35:29.147+0200] {processor.py:157} INFO - Started process (PID=32813) to work on /Users/nick/Desktop/airflow_dic/venv/lib/python3.11/site-packages/airflow/example_dags/plugins/event_listener.py
[2023-10-19T22:35:29.149+0200] {processor.py:829} INFO - Processing file /Users/nick/Desktop/airflow_dic/venv/lib/python3.11/site-packages/airflow/example_dags/plugins/event_listener.py for tasks to queue
[2023-10-19T22:35:29.149+0200] {logging_mixin.py:151} INFO - [2023-10-19T22:35:29.149+0200] {dagbag.py:539} INFO - Filling up the DagBag from /Users/nick/Desktop/airflow_dic/venv/lib/python3.11/site-packages/airflow/example_dags/plugins/event_listener.py
[2023-10-19T22:35:29.150+0200] {processor.py:841} WARNING - No viable dags retrieved from /Users/nick/Desktop/airflow_dic/venv/lib/python3.11/site-packages/airflow/example_dags/plugins/event_listener.py
[2023-10-19T22:35:29.192+0200] {processor.py:179} INFO - Processing /Users/nick/Desktop/airflow_dic/venv/lib/python3.11/site-packages/airflow/example_dags/plugins/event_listener.py took 0.045 seconds
[2023-10-19T22:36:38.220+0200] {processor.py:157} INFO - Started process (PID=32945) to work on /Users/nick/Desktop/airflow_dic/venv/lib/python3.11/site-packages/airflow/example_dags/plugins/event_listener.py
[2023-10-19T22:36:38.221+0200] {processor.py:829} INFO - Processing file /Users/nick/Desktop/airflow_dic/venv/lib/python3.11/site-packages/airflow/example_dags/plugins/event_listener.py for tasks to queue
[2023-10-19T22:36:38.221+0200] {logging_mixin.py:151} INFO - [2023-10-19T22:36:38.221+0200] {dagbag.py:539} INFO - Filling up the DagBag from /Users/nick/Desktop/airflow_dic/venv/lib/python3.11/site-packages/airflow/example_dags/plugins/event_listener.py
[2023-10-19T22:36:38.222+0200] {processor.py:841} WARNING - No viable dags retrieved from /Users/nick/Desktop/airflow_dic/venv/lib/python3.11/site-packages/airflow/example_dags/plugins/event_listener.py
[2023-10-19T22:36:38.264+0200] {processor.py:179} INFO - Processing /Users/nick/Desktop/airflow_dic/venv/lib/python3.11/site-packages/airflow/example_dags/plugins/event_listener.py took 0.044 seconds
[2023-10-19T22:37:47.001+0200] {processor.py:157} INFO - Started process (PID=33073) to work on /Users/nick/Desktop/airflow_dic/venv/lib/python3.11/site-packages/airflow/example_dags/plugins/event_listener.py
[2023-10-19T22:37:47.002+0200] {processor.py:829} INFO - Processing file /Users/nick/Desktop/airflow_dic/venv/lib/python3.11/site-packages/airflow/example_dags/plugins/event_listener.py for tasks to queue
[2023-10-19T22:37:47.002+0200] {logging_mixin.py:151} INFO - [2023-10-19T22:37:47.002+0200] {dagbag.py:539} INFO - Filling up the DagBag from /Users/nick/Desktop/airflow_dic/venv/lib/python3.11/site-packages/airflow/example_dags/plugins/event_listener.py
[2023-10-19T22:37:47.003+0200] {processor.py:841} WARNING - No viable dags retrieved from /Users/nick/Desktop/airflow_dic/venv/lib/python3.11/site-packages/airflow/example_dags/plugins/event_listener.py
[2023-10-19T22:37:47.044+0200] {processor.py:179} INFO - Processing /Users/nick/Desktop/airflow_dic/venv/lib/python3.11/site-packages/airflow/example_dags/plugins/event_listener.py took 0.044 seconds
[2023-10-19T22:38:53.674+0200] {processor.py:157} INFO - Started process (PID=33198) to work on /Users/nick/Desktop/airflow_dic/venv/lib/python3.11/site-packages/airflow/example_dags/plugins/event_listener.py
[2023-10-19T22:38:53.676+0200] {processor.py:829} INFO - Processing file /Users/nick/Desktop/airflow_dic/venv/lib/python3.11/site-packages/airflow/example_dags/plugins/event_listener.py for tasks to queue
[2023-10-19T22:38:53.676+0200] {logging_mixin.py:151} INFO - [2023-10-19T22:38:53.676+0200] {dagbag.py:539} INFO - Filling up the DagBag from /Users/nick/Desktop/airflow_dic/venv/lib/python3.11/site-packages/airflow/example_dags/plugins/event_listener.py
[2023-10-19T22:38:53.676+0200] {processor.py:841} WARNING - No viable dags retrieved from /Users/nick/Desktop/airflow_dic/venv/lib/python3.11/site-packages/airflow/example_dags/plugins/event_listener.py
[2023-10-19T22:38:53.718+0200] {processor.py:179} INFO - Processing /Users/nick/Desktop/airflow_dic/venv/lib/python3.11/site-packages/airflow/example_dags/plugins/event_listener.py took 0.044 seconds
[2023-10-19T22:39:59.234+0200] {processor.py:157} INFO - Started process (PID=33322) to work on /Users/nick/Desktop/airflow_dic/venv/lib/python3.11/site-packages/airflow/example_dags/plugins/event_listener.py
[2023-10-19T22:39:59.235+0200] {processor.py:829} INFO - Processing file /Users/nick/Desktop/airflow_dic/venv/lib/python3.11/site-packages/airflow/example_dags/plugins/event_listener.py for tasks to queue
[2023-10-19T22:39:59.235+0200] {logging_mixin.py:151} INFO - [2023-10-19T22:39:59.235+0200] {dagbag.py:539} INFO - Filling up the DagBag from /Users/nick/Desktop/airflow_dic/venv/lib/python3.11/site-packages/airflow/example_dags/plugins/event_listener.py
[2023-10-19T22:39:59.236+0200] {processor.py:841} WARNING - No viable dags retrieved from /Users/nick/Desktop/airflow_dic/venv/lib/python3.11/site-packages/airflow/example_dags/plugins/event_listener.py
[2023-10-19T22:39:59.277+0200] {processor.py:179} INFO - Processing /Users/nick/Desktop/airflow_dic/venv/lib/python3.11/site-packages/airflow/example_dags/plugins/event_listener.py took 0.044 seconds
[2023-10-19T22:40:34.821+0200] {processor.py:157} INFO - Started process (PID=33387) to work on /Users/nick/Desktop/airflow_dic/venv/lib/python3.11/site-packages/airflow/example_dags/plugins/event_listener.py
[2023-10-19T22:40:34.823+0200] {processor.py:829} INFO - Processing file /Users/nick/Desktop/airflow_dic/venv/lib/python3.11/site-packages/airflow/example_dags/plugins/event_listener.py for tasks to queue
[2023-10-19T22:40:34.823+0200] {logging_mixin.py:151} INFO - [2023-10-19T22:40:34.823+0200] {dagbag.py:539} INFO - Filling up the DagBag from /Users/nick/Desktop/airflow_dic/venv/lib/python3.11/site-packages/airflow/example_dags/plugins/event_listener.py
[2023-10-19T22:40:34.823+0200] {processor.py:841} WARNING - No viable dags retrieved from /Users/nick/Desktop/airflow_dic/venv/lib/python3.11/site-packages/airflow/example_dags/plugins/event_listener.py
[2023-10-19T22:40:34.865+0200] {processor.py:179} INFO - Processing /Users/nick/Desktop/airflow_dic/venv/lib/python3.11/site-packages/airflow/example_dags/plugins/event_listener.py took 0.044 seconds
[2023-10-19T22:41:09.419+0200] {processor.py:157} INFO - Started process (PID=33451) to work on /Users/nick/Desktop/airflow_dic/venv/lib/python3.11/site-packages/airflow/example_dags/plugins/event_listener.py
[2023-10-19T22:41:09.420+0200] {processor.py:829} INFO - Processing file /Users/nick/Desktop/airflow_dic/venv/lib/python3.11/site-packages/airflow/example_dags/plugins/event_listener.py for tasks to queue
[2023-10-19T22:41:09.420+0200] {logging_mixin.py:151} INFO - [2023-10-19T22:41:09.420+0200] {dagbag.py:539} INFO - Filling up the DagBag from /Users/nick/Desktop/airflow_dic/venv/lib/python3.11/site-packages/airflow/example_dags/plugins/event_listener.py
[2023-10-19T22:41:09.420+0200] {processor.py:841} WARNING - No viable dags retrieved from /Users/nick/Desktop/airflow_dic/venv/lib/python3.11/site-packages/airflow/example_dags/plugins/event_listener.py
[2023-10-19T22:41:09.462+0200] {processor.py:179} INFO - Processing /Users/nick/Desktop/airflow_dic/venv/lib/python3.11/site-packages/airflow/example_dags/plugins/event_listener.py took 0.044 seconds
[2023-10-19T22:41:44.506+0200] {processor.py:157} INFO - Started process (PID=33520) to work on /Users/nick/Desktop/airflow_dic/venv/lib/python3.11/site-packages/airflow/example_dags/plugins/event_listener.py
[2023-10-19T22:41:44.508+0200] {processor.py:829} INFO - Processing file /Users/nick/Desktop/airflow_dic/venv/lib/python3.11/site-packages/airflow/example_dags/plugins/event_listener.py for tasks to queue
[2023-10-19T22:41:44.508+0200] {logging_mixin.py:151} INFO - [2023-10-19T22:41:44.508+0200] {dagbag.py:539} INFO - Filling up the DagBag from /Users/nick/Desktop/airflow_dic/venv/lib/python3.11/site-packages/airflow/example_dags/plugins/event_listener.py
[2023-10-19T22:41:44.508+0200] {processor.py:841} WARNING - No viable dags retrieved from /Users/nick/Desktop/airflow_dic/venv/lib/python3.11/site-packages/airflow/example_dags/plugins/event_listener.py
[2023-10-19T22:41:44.550+0200] {processor.py:179} INFO - Processing /Users/nick/Desktop/airflow_dic/venv/lib/python3.11/site-packages/airflow/example_dags/plugins/event_listener.py took 0.044 seconds
[2023-10-19T22:42:20.710+0200] {processor.py:157} INFO - Started process (PID=33584) to work on /Users/nick/Desktop/airflow_dic/venv/lib/python3.11/site-packages/airflow/example_dags/plugins/event_listener.py
[2023-10-19T22:42:20.711+0200] {processor.py:829} INFO - Processing file /Users/nick/Desktop/airflow_dic/venv/lib/python3.11/site-packages/airflow/example_dags/plugins/event_listener.py for tasks to queue
[2023-10-19T22:42:20.712+0200] {logging_mixin.py:151} INFO - [2023-10-19T22:42:20.712+0200] {dagbag.py:539} INFO - Filling up the DagBag from /Users/nick/Desktop/airflow_dic/venv/lib/python3.11/site-packages/airflow/example_dags/plugins/event_listener.py
[2023-10-19T22:42:20.712+0200] {processor.py:841} WARNING - No viable dags retrieved from /Users/nick/Desktop/airflow_dic/venv/lib/python3.11/site-packages/airflow/example_dags/plugins/event_listener.py
[2023-10-19T22:42:20.757+0200] {processor.py:179} INFO - Processing /Users/nick/Desktop/airflow_dic/venv/lib/python3.11/site-packages/airflow/example_dags/plugins/event_listener.py took 0.047 seconds
[2023-10-19T22:43:28.874+0200] {processor.py:157} INFO - Started process (PID=33708) to work on /Users/nick/Desktop/airflow_dic/venv/lib/python3.11/site-packages/airflow/example_dags/plugins/event_listener.py
[2023-10-19T22:43:28.876+0200] {processor.py:829} INFO - Processing file /Users/nick/Desktop/airflow_dic/venv/lib/python3.11/site-packages/airflow/example_dags/plugins/event_listener.py for tasks to queue
[2023-10-19T22:43:28.876+0200] {logging_mixin.py:151} INFO - [2023-10-19T22:43:28.876+0200] {dagbag.py:539} INFO - Filling up the DagBag from /Users/nick/Desktop/airflow_dic/venv/lib/python3.11/site-packages/airflow/example_dags/plugins/event_listener.py
[2023-10-19T22:43:28.876+0200] {processor.py:841} WARNING - No viable dags retrieved from /Users/nick/Desktop/airflow_dic/venv/lib/python3.11/site-packages/airflow/example_dags/plugins/event_listener.py
[2023-10-19T22:43:28.920+0200] {processor.py:179} INFO - Processing /Users/nick/Desktop/airflow_dic/venv/lib/python3.11/site-packages/airflow/example_dags/plugins/event_listener.py took 0.046 seconds
[2023-10-19T22:44:04.025+0200] {processor.py:157} INFO - Started process (PID=33777) to work on /Users/nick/Desktop/airflow_dic/venv/lib/python3.11/site-packages/airflow/example_dags/plugins/event_listener.py
[2023-10-19T22:44:04.026+0200] {processor.py:829} INFO - Processing file /Users/nick/Desktop/airflow_dic/venv/lib/python3.11/site-packages/airflow/example_dags/plugins/event_listener.py for tasks to queue
[2023-10-19T22:44:04.026+0200] {logging_mixin.py:151} INFO - [2023-10-19T22:44:04.026+0200] {dagbag.py:539} INFO - Filling up the DagBag from /Users/nick/Desktop/airflow_dic/venv/lib/python3.11/site-packages/airflow/example_dags/plugins/event_listener.py
[2023-10-19T22:44:04.026+0200] {processor.py:841} WARNING - No viable dags retrieved from /Users/nick/Desktop/airflow_dic/venv/lib/python3.11/site-packages/airflow/example_dags/plugins/event_listener.py
[2023-10-19T22:44:04.075+0200] {processor.py:179} INFO - Processing /Users/nick/Desktop/airflow_dic/venv/lib/python3.11/site-packages/airflow/example_dags/plugins/event_listener.py took 0.051 seconds
[2023-10-19T22:44:39.603+0200] {processor.py:157} INFO - Started process (PID=33846) to work on /Users/nick/Desktop/airflow_dic/venv/lib/python3.11/site-packages/airflow/example_dags/plugins/event_listener.py
[2023-10-19T22:44:39.605+0200] {processor.py:829} INFO - Processing file /Users/nick/Desktop/airflow_dic/venv/lib/python3.11/site-packages/airflow/example_dags/plugins/event_listener.py for tasks to queue
[2023-10-19T22:44:39.605+0200] {logging_mixin.py:151} INFO - [2023-10-19T22:44:39.605+0200] {dagbag.py:539} INFO - Filling up the DagBag from /Users/nick/Desktop/airflow_dic/venv/lib/python3.11/site-packages/airflow/example_dags/plugins/event_listener.py
[2023-10-19T22:44:39.606+0200] {processor.py:841} WARNING - No viable dags retrieved from /Users/nick/Desktop/airflow_dic/venv/lib/python3.11/site-packages/airflow/example_dags/plugins/event_listener.py
[2023-10-19T22:44:39.647+0200] {processor.py:179} INFO - Processing /Users/nick/Desktop/airflow_dic/venv/lib/python3.11/site-packages/airflow/example_dags/plugins/event_listener.py took 0.045 seconds
[2023-10-19T22:45:22.211+0200] {processor.py:157} INFO - Started process (PID=33935) to work on /Users/nick/Desktop/airflow_dic/venv/lib/python3.11/site-packages/airflow/example_dags/plugins/event_listener.py
[2023-10-19T22:45:22.212+0200] {processor.py:829} INFO - Processing file /Users/nick/Desktop/airflow_dic/venv/lib/python3.11/site-packages/airflow/example_dags/plugins/event_listener.py for tasks to queue
[2023-10-19T22:45:22.212+0200] {logging_mixin.py:151} INFO - [2023-10-19T22:45:22.212+0200] {dagbag.py:539} INFO - Filling up the DagBag from /Users/nick/Desktop/airflow_dic/venv/lib/python3.11/site-packages/airflow/example_dags/plugins/event_listener.py
[2023-10-19T22:45:22.213+0200] {processor.py:841} WARNING - No viable dags retrieved from /Users/nick/Desktop/airflow_dic/venv/lib/python3.11/site-packages/airflow/example_dags/plugins/event_listener.py
[2023-10-19T22:45:22.255+0200] {processor.py:179} INFO - Processing /Users/nick/Desktop/airflow_dic/venv/lib/python3.11/site-packages/airflow/example_dags/plugins/event_listener.py took 0.044 seconds
[2023-10-19T22:46:28.255+0200] {processor.py:157} INFO - Started process (PID=34069) to work on /Users/nick/Desktop/airflow_dic/venv/lib/python3.11/site-packages/airflow/example_dags/plugins/event_listener.py
[2023-10-19T22:46:28.258+0200] {processor.py:829} INFO - Processing file /Users/nick/Desktop/airflow_dic/venv/lib/python3.11/site-packages/airflow/example_dags/plugins/event_listener.py for tasks to queue
[2023-10-19T22:46:28.258+0200] {logging_mixin.py:151} INFO - [2023-10-19T22:46:28.258+0200] {dagbag.py:539} INFO - Filling up the DagBag from /Users/nick/Desktop/airflow_dic/venv/lib/python3.11/site-packages/airflow/example_dags/plugins/event_listener.py
[2023-10-19T22:46:28.258+0200] {processor.py:841} WARNING - No viable dags retrieved from /Users/nick/Desktop/airflow_dic/venv/lib/python3.11/site-packages/airflow/example_dags/plugins/event_listener.py
[2023-10-19T22:46:28.300+0200] {processor.py:179} INFO - Processing /Users/nick/Desktop/airflow_dic/venv/lib/python3.11/site-packages/airflow/example_dags/plugins/event_listener.py took 0.045 seconds
[2023-10-19T22:47:35.018+0200] {processor.py:157} INFO - Started process (PID=34193) to work on /Users/nick/Desktop/airflow_dic/venv/lib/python3.11/site-packages/airflow/example_dags/plugins/event_listener.py
[2023-10-19T22:47:35.020+0200] {processor.py:829} INFO - Processing file /Users/nick/Desktop/airflow_dic/venv/lib/python3.11/site-packages/airflow/example_dags/plugins/event_listener.py for tasks to queue
[2023-10-19T22:47:35.020+0200] {logging_mixin.py:151} INFO - [2023-10-19T22:47:35.020+0200] {dagbag.py:539} INFO - Filling up the DagBag from /Users/nick/Desktop/airflow_dic/venv/lib/python3.11/site-packages/airflow/example_dags/plugins/event_listener.py
[2023-10-19T22:47:35.020+0200] {processor.py:841} WARNING - No viable dags retrieved from /Users/nick/Desktop/airflow_dic/venv/lib/python3.11/site-packages/airflow/example_dags/plugins/event_listener.py
[2023-10-19T22:47:35.063+0200] {processor.py:179} INFO - Processing /Users/nick/Desktop/airflow_dic/venv/lib/python3.11/site-packages/airflow/example_dags/plugins/event_listener.py took 0.044 seconds
[2023-10-19T22:48:09.993+0200] {processor.py:157} INFO - Started process (PID=34263) to work on /Users/nick/Desktop/airflow_dic/venv/lib/python3.11/site-packages/airflow/example_dags/plugins/event_listener.py
[2023-10-19T22:48:09.994+0200] {processor.py:829} INFO - Processing file /Users/nick/Desktop/airflow_dic/venv/lib/python3.11/site-packages/airflow/example_dags/plugins/event_listener.py for tasks to queue
[2023-10-19T22:48:09.994+0200] {logging_mixin.py:151} INFO - [2023-10-19T22:48:09.994+0200] {dagbag.py:539} INFO - Filling up the DagBag from /Users/nick/Desktop/airflow_dic/venv/lib/python3.11/site-packages/airflow/example_dags/plugins/event_listener.py
[2023-10-19T22:48:09.995+0200] {processor.py:841} WARNING - No viable dags retrieved from /Users/nick/Desktop/airflow_dic/venv/lib/python3.11/site-packages/airflow/example_dags/plugins/event_listener.py
[2023-10-19T22:48:10.037+0200] {processor.py:179} INFO - Processing /Users/nick/Desktop/airflow_dic/venv/lib/python3.11/site-packages/airflow/example_dags/plugins/event_listener.py took 0.044 seconds
[2023-10-19T22:48:44.674+0200] {processor.py:157} INFO - Started process (PID=34330) to work on /Users/nick/Desktop/airflow_dic/venv/lib/python3.11/site-packages/airflow/example_dags/plugins/event_listener.py
[2023-10-19T22:48:44.676+0200] {processor.py:829} INFO - Processing file /Users/nick/Desktop/airflow_dic/venv/lib/python3.11/site-packages/airflow/example_dags/plugins/event_listener.py for tasks to queue
[2023-10-19T22:48:44.676+0200] {logging_mixin.py:151} INFO - [2023-10-19T22:48:44.676+0200] {dagbag.py:539} INFO - Filling up the DagBag from /Users/nick/Desktop/airflow_dic/venv/lib/python3.11/site-packages/airflow/example_dags/plugins/event_listener.py
[2023-10-19T22:48:44.676+0200] {processor.py:841} WARNING - No viable dags retrieved from /Users/nick/Desktop/airflow_dic/venv/lib/python3.11/site-packages/airflow/example_dags/plugins/event_listener.py
[2023-10-19T22:48:44.718+0200] {processor.py:179} INFO - Processing /Users/nick/Desktop/airflow_dic/venv/lib/python3.11/site-packages/airflow/example_dags/plugins/event_listener.py took 0.044 seconds
[2023-10-19T22:49:18.977+0200] {processor.py:157} INFO - Started process (PID=34401) to work on /Users/nick/Desktop/airflow_dic/venv/lib/python3.11/site-packages/airflow/example_dags/plugins/event_listener.py
[2023-10-19T22:49:18.979+0200] {processor.py:829} INFO - Processing file /Users/nick/Desktop/airflow_dic/venv/lib/python3.11/site-packages/airflow/example_dags/plugins/event_listener.py for tasks to queue
[2023-10-19T22:49:18.979+0200] {logging_mixin.py:151} INFO - [2023-10-19T22:49:18.979+0200] {dagbag.py:539} INFO - Filling up the DagBag from /Users/nick/Desktop/airflow_dic/venv/lib/python3.11/site-packages/airflow/example_dags/plugins/event_listener.py
[2023-10-19T22:49:18.979+0200] {processor.py:841} WARNING - No viable dags retrieved from /Users/nick/Desktop/airflow_dic/venv/lib/python3.11/site-packages/airflow/example_dags/plugins/event_listener.py
[2023-10-19T22:49:19.021+0200] {processor.py:179} INFO - Processing /Users/nick/Desktop/airflow_dic/venv/lib/python3.11/site-packages/airflow/example_dags/plugins/event_listener.py took 0.044 seconds
[2023-10-19T22:49:54.928+0200] {processor.py:157} INFO - Started process (PID=34467) to work on /Users/nick/Desktop/airflow_dic/venv/lib/python3.11/site-packages/airflow/example_dags/plugins/event_listener.py
[2023-10-19T22:49:54.929+0200] {processor.py:829} INFO - Processing file /Users/nick/Desktop/airflow_dic/venv/lib/python3.11/site-packages/airflow/example_dags/plugins/event_listener.py for tasks to queue
[2023-10-19T22:49:54.930+0200] {logging_mixin.py:151} INFO - [2023-10-19T22:49:54.929+0200] {dagbag.py:539} INFO - Filling up the DagBag from /Users/nick/Desktop/airflow_dic/venv/lib/python3.11/site-packages/airflow/example_dags/plugins/event_listener.py
[2023-10-19T22:49:54.930+0200] {processor.py:841} WARNING - No viable dags retrieved from /Users/nick/Desktop/airflow_dic/venv/lib/python3.11/site-packages/airflow/example_dags/plugins/event_listener.py
[2023-10-19T22:49:54.973+0200] {processor.py:179} INFO - Processing /Users/nick/Desktop/airflow_dic/venv/lib/python3.11/site-packages/airflow/example_dags/plugins/event_listener.py took 0.045 seconds
[2023-10-19T22:53:20.660+0200] {processor.py:157} INFO - Started process (PID=34775) to work on /Users/nick/Desktop/airflow_dic/venv/lib/python3.11/site-packages/airflow/example_dags/plugins/event_listener.py
[2023-10-19T22:53:20.662+0200] {processor.py:829} INFO - Processing file /Users/nick/Desktop/airflow_dic/venv/lib/python3.11/site-packages/airflow/example_dags/plugins/event_listener.py for tasks to queue
[2023-10-19T22:53:20.662+0200] {logging_mixin.py:151} INFO - [2023-10-19T22:53:20.662+0200] {dagbag.py:539} INFO - Filling up the DagBag from /Users/nick/Desktop/airflow_dic/venv/lib/python3.11/site-packages/airflow/example_dags/plugins/event_listener.py
[2023-10-19T22:53:20.662+0200] {processor.py:841} WARNING - No viable dags retrieved from /Users/nick/Desktop/airflow_dic/venv/lib/python3.11/site-packages/airflow/example_dags/plugins/event_listener.py
[2023-10-19T22:53:20.710+0200] {processor.py:179} INFO - Processing /Users/nick/Desktop/airflow_dic/venv/lib/python3.11/site-packages/airflow/example_dags/plugins/event_listener.py took 0.050 seconds
[2023-10-19T22:54:25.115+0200] {processor.py:157} INFO - Started process (PID=34904) to work on /Users/nick/Desktop/airflow_dic/venv/lib/python3.11/site-packages/airflow/example_dags/plugins/event_listener.py
[2023-10-19T22:54:25.116+0200] {processor.py:829} INFO - Processing file /Users/nick/Desktop/airflow_dic/venv/lib/python3.11/site-packages/airflow/example_dags/plugins/event_listener.py for tasks to queue
[2023-10-19T22:54:25.116+0200] {logging_mixin.py:151} INFO - [2023-10-19T22:54:25.116+0200] {dagbag.py:539} INFO - Filling up the DagBag from /Users/nick/Desktop/airflow_dic/venv/lib/python3.11/site-packages/airflow/example_dags/plugins/event_listener.py
[2023-10-19T22:54:25.117+0200] {processor.py:841} WARNING - No viable dags retrieved from /Users/nick/Desktop/airflow_dic/venv/lib/python3.11/site-packages/airflow/example_dags/plugins/event_listener.py
[2023-10-19T22:54:25.161+0200] {processor.py:179} INFO - Processing /Users/nick/Desktop/airflow_dic/venv/lib/python3.11/site-packages/airflow/example_dags/plugins/event_listener.py took 0.046 seconds
[2023-10-19T22:55:31.128+0200] {processor.py:157} INFO - Started process (PID=35048) to work on /Users/nick/Desktop/airflow_dic/venv/lib/python3.11/site-packages/airflow/example_dags/plugins/event_listener.py
[2023-10-19T22:55:31.130+0200] {processor.py:829} INFO - Processing file /Users/nick/Desktop/airflow_dic/venv/lib/python3.11/site-packages/airflow/example_dags/plugins/event_listener.py for tasks to queue
[2023-10-19T22:55:31.130+0200] {logging_mixin.py:151} INFO - [2023-10-19T22:55:31.130+0200] {dagbag.py:539} INFO - Filling up the DagBag from /Users/nick/Desktop/airflow_dic/venv/lib/python3.11/site-packages/airflow/example_dags/plugins/event_listener.py
[2023-10-19T22:55:31.130+0200] {processor.py:841} WARNING - No viable dags retrieved from /Users/nick/Desktop/airflow_dic/venv/lib/python3.11/site-packages/airflow/example_dags/plugins/event_listener.py
[2023-10-19T22:55:31.172+0200] {processor.py:179} INFO - Processing /Users/nick/Desktop/airflow_dic/venv/lib/python3.11/site-packages/airflow/example_dags/plugins/event_listener.py took 0.044 seconds
[2023-10-19T22:56:06.700+0200] {processor.py:157} INFO - Started process (PID=35112) to work on /Users/nick/Desktop/airflow_dic/venv/lib/python3.11/site-packages/airflow/example_dags/plugins/event_listener.py
[2023-10-19T22:56:06.702+0200] {processor.py:829} INFO - Processing file /Users/nick/Desktop/airflow_dic/venv/lib/python3.11/site-packages/airflow/example_dags/plugins/event_listener.py for tasks to queue
[2023-10-19T22:56:06.702+0200] {logging_mixin.py:151} INFO - [2023-10-19T22:56:06.702+0200] {dagbag.py:539} INFO - Filling up the DagBag from /Users/nick/Desktop/airflow_dic/venv/lib/python3.11/site-packages/airflow/example_dags/plugins/event_listener.py
[2023-10-19T22:56:06.702+0200] {processor.py:841} WARNING - No viable dags retrieved from /Users/nick/Desktop/airflow_dic/venv/lib/python3.11/site-packages/airflow/example_dags/plugins/event_listener.py
[2023-10-19T22:56:06.744+0200] {processor.py:179} INFO - Processing /Users/nick/Desktop/airflow_dic/venv/lib/python3.11/site-packages/airflow/example_dags/plugins/event_listener.py took 0.044 seconds
[2023-10-19T22:56:41.459+0200] {processor.py:157} INFO - Started process (PID=35187) to work on /Users/nick/Desktop/airflow_dic/venv/lib/python3.11/site-packages/airflow/example_dags/plugins/event_listener.py
[2023-10-19T22:56:41.460+0200] {processor.py:829} INFO - Processing file /Users/nick/Desktop/airflow_dic/venv/lib/python3.11/site-packages/airflow/example_dags/plugins/event_listener.py for tasks to queue
[2023-10-19T22:56:41.460+0200] {logging_mixin.py:151} INFO - [2023-10-19T22:56:41.460+0200] {dagbag.py:539} INFO - Filling up the DagBag from /Users/nick/Desktop/airflow_dic/venv/lib/python3.11/site-packages/airflow/example_dags/plugins/event_listener.py
[2023-10-19T22:56:41.461+0200] {processor.py:841} WARNING - No viable dags retrieved from /Users/nick/Desktop/airflow_dic/venv/lib/python3.11/site-packages/airflow/example_dags/plugins/event_listener.py
[2023-10-19T22:56:41.503+0200] {processor.py:179} INFO - Processing /Users/nick/Desktop/airflow_dic/venv/lib/python3.11/site-packages/airflow/example_dags/plugins/event_listener.py took 0.044 seconds
[2023-10-19T22:57:48.067+0200] {processor.py:157} INFO - Started process (PID=35312) to work on /Users/nick/Desktop/airflow_dic/venv/lib/python3.11/site-packages/airflow/example_dags/plugins/event_listener.py
[2023-10-19T22:57:48.068+0200] {processor.py:829} INFO - Processing file /Users/nick/Desktop/airflow_dic/venv/lib/python3.11/site-packages/airflow/example_dags/plugins/event_listener.py for tasks to queue
[2023-10-19T22:57:48.068+0200] {logging_mixin.py:151} INFO - [2023-10-19T22:57:48.068+0200] {dagbag.py:539} INFO - Filling up the DagBag from /Users/nick/Desktop/airflow_dic/venv/lib/python3.11/site-packages/airflow/example_dags/plugins/event_listener.py
[2023-10-19T22:57:48.069+0200] {processor.py:841} WARNING - No viable dags retrieved from /Users/nick/Desktop/airflow_dic/venv/lib/python3.11/site-packages/airflow/example_dags/plugins/event_listener.py
[2023-10-19T22:57:48.112+0200] {processor.py:179} INFO - Processing /Users/nick/Desktop/airflow_dic/venv/lib/python3.11/site-packages/airflow/example_dags/plugins/event_listener.py took 0.046 seconds
[2023-10-19T22:58:54.319+0200] {processor.py:157} INFO - Started process (PID=35446) to work on /Users/nick/Desktop/airflow_dic/venv/lib/python3.11/site-packages/airflow/example_dags/plugins/event_listener.py
[2023-10-19T22:58:54.321+0200] {processor.py:829} INFO - Processing file /Users/nick/Desktop/airflow_dic/venv/lib/python3.11/site-packages/airflow/example_dags/plugins/event_listener.py for tasks to queue
[2023-10-19T22:58:54.321+0200] {logging_mixin.py:151} INFO - [2023-10-19T22:58:54.321+0200] {dagbag.py:539} INFO - Filling up the DagBag from /Users/nick/Desktop/airflow_dic/venv/lib/python3.11/site-packages/airflow/example_dags/plugins/event_listener.py
[2023-10-19T22:58:54.321+0200] {processor.py:841} WARNING - No viable dags retrieved from /Users/nick/Desktop/airflow_dic/venv/lib/python3.11/site-packages/airflow/example_dags/plugins/event_listener.py
[2023-10-19T22:58:54.363+0200] {processor.py:179} INFO - Processing /Users/nick/Desktop/airflow_dic/venv/lib/python3.11/site-packages/airflow/example_dags/plugins/event_listener.py took 0.044 seconds
[2023-10-19T22:59:29.339+0200] {processor.py:157} INFO - Started process (PID=35525) to work on /Users/nick/Desktop/airflow_dic/venv/lib/python3.11/site-packages/airflow/example_dags/plugins/event_listener.py
[2023-10-19T22:59:29.341+0200] {processor.py:829} INFO - Processing file /Users/nick/Desktop/airflow_dic/venv/lib/python3.11/site-packages/airflow/example_dags/plugins/event_listener.py for tasks to queue
[2023-10-19T22:59:29.341+0200] {logging_mixin.py:151} INFO - [2023-10-19T22:59:29.341+0200] {dagbag.py:539} INFO - Filling up the DagBag from /Users/nick/Desktop/airflow_dic/venv/lib/python3.11/site-packages/airflow/example_dags/plugins/event_listener.py
[2023-10-19T22:59:29.341+0200] {processor.py:841} WARNING - No viable dags retrieved from /Users/nick/Desktop/airflow_dic/venv/lib/python3.11/site-packages/airflow/example_dags/plugins/event_listener.py
[2023-10-19T22:59:29.384+0200] {processor.py:179} INFO - Processing /Users/nick/Desktop/airflow_dic/venv/lib/python3.11/site-packages/airflow/example_dags/plugins/event_listener.py took 0.044 seconds
[2023-10-19T22:59:51.866+0200] {processor.py:157} INFO - Started process (PID=35570) to work on /Users/nick/Desktop/airflow_dic/venv/lib/python3.11/site-packages/airflow/example_dags/plugins/event_listener.py
[2023-10-19T22:59:51.868+0200] {processor.py:829} INFO - Processing file /Users/nick/Desktop/airflow_dic/venv/lib/python3.11/site-packages/airflow/example_dags/plugins/event_listener.py for tasks to queue
[2023-10-19T22:59:51.868+0200] {logging_mixin.py:151} INFO - [2023-10-19T22:59:51.868+0200] {dagbag.py:539} INFO - Filling up the DagBag from /Users/nick/Desktop/airflow_dic/venv/lib/python3.11/site-packages/airflow/example_dags/plugins/event_listener.py
[2023-10-19T22:59:51.868+0200] {processor.py:841} WARNING - No viable dags retrieved from /Users/nick/Desktop/airflow_dic/venv/lib/python3.11/site-packages/airflow/example_dags/plugins/event_listener.py
[2023-10-19T22:59:51.912+0200] {processor.py:179} INFO - Processing /Users/nick/Desktop/airflow_dic/venv/lib/python3.11/site-packages/airflow/example_dags/plugins/event_listener.py took 0.046 seconds
