[2023-10-19T22:16:59.500+0200] {processor.py:157} INFO - Started process (PID=28728) to work on /Users/nick/Desktop/airflow_dic/venv/lib/python3.11/site-packages/airflow/example_dags/plugins/listener_plugin.py
[2023-10-19T22:16:59.502+0200] {processor.py:829} INFO - Processing file /Users/nick/Desktop/airflow_dic/venv/lib/python3.11/site-packages/airflow/example_dags/plugins/listener_plugin.py for tasks to queue
[2023-10-19T22:16:59.502+0200] {logging_mixin.py:151} INFO - [2023-10-19T22:16:59.502+0200] {dagbag.py:539} INFO - Filling up the DagBag from /Users/nick/Desktop/airflow_dic/venv/lib/python3.11/site-packages/airflow/example_dags/plugins/listener_plugin.py
[2023-10-19T22:16:59.502+0200] {processor.py:841} WARNING - No viable dags retrieved from /Users/nick/Desktop/airflow_dic/venv/lib/python3.11/site-packages/airflow/example_dags/plugins/listener_plugin.py
[2023-10-19T22:16:59.544+0200] {processor.py:179} INFO - Processing /Users/nick/Desktop/airflow_dic/venv/lib/python3.11/site-packages/airflow/example_dags/plugins/listener_plugin.py took 0.044 seconds
[2023-10-19T22:18:01.884+0200] {processor.py:157} INFO - Started process (PID=28843) to work on /Users/nick/Desktop/airflow_dic/venv/lib/python3.11/site-packages/airflow/example_dags/plugins/listener_plugin.py
[2023-10-19T22:18:01.886+0200] {processor.py:829} INFO - Processing file /Users/nick/Desktop/airflow_dic/venv/lib/python3.11/site-packages/airflow/example_dags/plugins/listener_plugin.py for tasks to queue
[2023-10-19T22:18:01.886+0200] {logging_mixin.py:151} INFO - [2023-10-19T22:18:01.886+0200] {dagbag.py:539} INFO - Filling up the DagBag from /Users/nick/Desktop/airflow_dic/venv/lib/python3.11/site-packages/airflow/example_dags/plugins/listener_plugin.py
[2023-10-19T22:18:01.887+0200] {processor.py:841} WARNING - No viable dags retrieved from /Users/nick/Desktop/airflow_dic/venv/lib/python3.11/site-packages/airflow/example_dags/plugins/listener_plugin.py
[2023-10-19T22:18:01.929+0200] {processor.py:179} INFO - Processing /Users/nick/Desktop/airflow_dic/venv/lib/python3.11/site-packages/airflow/example_dags/plugins/listener_plugin.py took 0.044 seconds
[2023-10-19T22:19:15.459+0200] {processor.py:157} INFO - Started process (PID=28981) to work on /Users/nick/Desktop/airflow_dic/venv/lib/python3.11/site-packages/airflow/example_dags/plugins/listener_plugin.py
[2023-10-19T22:19:15.461+0200] {processor.py:829} INFO - Processing file /Users/nick/Desktop/airflow_dic/venv/lib/python3.11/site-packages/airflow/example_dags/plugins/listener_plugin.py for tasks to queue
[2023-10-19T22:19:15.461+0200] {logging_mixin.py:151} INFO - [2023-10-19T22:19:15.461+0200] {dagbag.py:539} INFO - Filling up the DagBag from /Users/nick/Desktop/airflow_dic/venv/lib/python3.11/site-packages/airflow/example_dags/plugins/listener_plugin.py
[2023-10-19T22:19:15.462+0200] {processor.py:841} WARNING - No viable dags retrieved from /Users/nick/Desktop/airflow_dic/venv/lib/python3.11/site-packages/airflow/example_dags/plugins/listener_plugin.py
[2023-10-19T22:19:15.504+0200] {processor.py:179} INFO - Processing /Users/nick/Desktop/airflow_dic/venv/lib/python3.11/site-packages/airflow/example_dags/plugins/listener_plugin.py took 0.046 seconds
[2023-10-19T22:19:56.173+0200] {processor.py:157} INFO - Started process (PID=29056) to work on /Users/nick/Desktop/airflow_dic/venv/lib/python3.11/site-packages/airflow/example_dags/plugins/listener_plugin.py
[2023-10-19T22:19:56.174+0200] {processor.py:829} INFO - Processing file /Users/nick/Desktop/airflow_dic/venv/lib/python3.11/site-packages/airflow/example_dags/plugins/listener_plugin.py for tasks to queue
[2023-10-19T22:19:56.174+0200] {logging_mixin.py:151} INFO - [2023-10-19T22:19:56.174+0200] {dagbag.py:539} INFO - Filling up the DagBag from /Users/nick/Desktop/airflow_dic/venv/lib/python3.11/site-packages/airflow/example_dags/plugins/listener_plugin.py
[2023-10-19T22:19:56.175+0200] {processor.py:841} WARNING - No viable dags retrieved from /Users/nick/Desktop/airflow_dic/venv/lib/python3.11/site-packages/airflow/example_dags/plugins/listener_plugin.py
[2023-10-19T22:19:56.218+0200] {processor.py:179} INFO - Processing /Users/nick/Desktop/airflow_dic/venv/lib/python3.11/site-packages/airflow/example_dags/plugins/listener_plugin.py took 0.046 seconds
[2023-10-19T22:20:59.407+0200] {processor.py:157} INFO - Started process (PID=29186) to work on /Users/nick/Desktop/airflow_dic/venv/lib/python3.11/site-packages/airflow/example_dags/plugins/listener_plugin.py
[2023-10-19T22:20:59.409+0200] {processor.py:829} INFO - Processing file /Users/nick/Desktop/airflow_dic/venv/lib/python3.11/site-packages/airflow/example_dags/plugins/listener_plugin.py for tasks to queue
[2023-10-19T22:20:59.409+0200] {logging_mixin.py:151} INFO - [2023-10-19T22:20:59.409+0200] {dagbag.py:539} INFO - Filling up the DagBag from /Users/nick/Desktop/airflow_dic/venv/lib/python3.11/site-packages/airflow/example_dags/plugins/listener_plugin.py
[2023-10-19T22:20:59.410+0200] {processor.py:841} WARNING - No viable dags retrieved from /Users/nick/Desktop/airflow_dic/venv/lib/python3.11/site-packages/airflow/example_dags/plugins/listener_plugin.py
[2023-10-19T22:20:59.452+0200] {processor.py:179} INFO - Processing /Users/nick/Desktop/airflow_dic/venv/lib/python3.11/site-packages/airflow/example_dags/plugins/listener_plugin.py took 0.046 seconds
[2023-10-19T22:21:34.565+0200] {processor.py:157} INFO - Started process (PID=29254) to work on /Users/nick/Desktop/airflow_dic/venv/lib/python3.11/site-packages/airflow/example_dags/plugins/listener_plugin.py
[2023-10-19T22:21:34.567+0200] {processor.py:829} INFO - Processing file /Users/nick/Desktop/airflow_dic/venv/lib/python3.11/site-packages/airflow/example_dags/plugins/listener_plugin.py for tasks to queue
[2023-10-19T22:21:34.567+0200] {logging_mixin.py:151} INFO - [2023-10-19T22:21:34.567+0200] {dagbag.py:539} INFO - Filling up the DagBag from /Users/nick/Desktop/airflow_dic/venv/lib/python3.11/site-packages/airflow/example_dags/plugins/listener_plugin.py
[2023-10-19T22:21:34.568+0200] {processor.py:841} WARNING - No viable dags retrieved from /Users/nick/Desktop/airflow_dic/venv/lib/python3.11/site-packages/airflow/example_dags/plugins/listener_plugin.py
[2023-10-19T22:21:34.613+0200] {processor.py:179} INFO - Processing /Users/nick/Desktop/airflow_dic/venv/lib/python3.11/site-packages/airflow/example_dags/plugins/listener_plugin.py took 0.049 seconds
[2023-10-19T22:22:09.946+0200] {processor.py:157} INFO - Started process (PID=29324) to work on /Users/nick/Desktop/airflow_dic/venv/lib/python3.11/site-packages/airflow/example_dags/plugins/listener_plugin.py
[2023-10-19T22:22:09.948+0200] {processor.py:829} INFO - Processing file /Users/nick/Desktop/airflow_dic/venv/lib/python3.11/site-packages/airflow/example_dags/plugins/listener_plugin.py for tasks to queue
[2023-10-19T22:22:09.949+0200] {logging_mixin.py:151} INFO - [2023-10-19T22:22:09.949+0200] {dagbag.py:539} INFO - Filling up the DagBag from /Users/nick/Desktop/airflow_dic/venv/lib/python3.11/site-packages/airflow/example_dags/plugins/listener_plugin.py
[2023-10-19T22:22:09.949+0200] {processor.py:841} WARNING - No viable dags retrieved from /Users/nick/Desktop/airflow_dic/venv/lib/python3.11/site-packages/airflow/example_dags/plugins/listener_plugin.py
[2023-10-19T22:22:09.994+0200] {processor.py:179} INFO - Processing /Users/nick/Desktop/airflow_dic/venv/lib/python3.11/site-packages/airflow/example_dags/plugins/listener_plugin.py took 0.048 seconds
[2023-10-19T22:22:51.751+0200] {processor.py:157} INFO - Started process (PID=29414) to work on /Users/nick/Desktop/airflow_dic/venv/lib/python3.11/site-packages/airflow/example_dags/plugins/listener_plugin.py
[2023-10-19T22:22:51.752+0200] {processor.py:829} INFO - Processing file /Users/nick/Desktop/airflow_dic/venv/lib/python3.11/site-packages/airflow/example_dags/plugins/listener_plugin.py for tasks to queue
[2023-10-19T22:22:51.752+0200] {logging_mixin.py:151} INFO - [2023-10-19T22:22:51.752+0200] {dagbag.py:539} INFO - Filling up the DagBag from /Users/nick/Desktop/airflow_dic/venv/lib/python3.11/site-packages/airflow/example_dags/plugins/listener_plugin.py
[2023-10-19T22:22:51.753+0200] {processor.py:841} WARNING - No viable dags retrieved from /Users/nick/Desktop/airflow_dic/venv/lib/python3.11/site-packages/airflow/example_dags/plugins/listener_plugin.py
[2023-10-19T22:22:51.795+0200] {processor.py:179} INFO - Processing /Users/nick/Desktop/airflow_dic/venv/lib/python3.11/site-packages/airflow/example_dags/plugins/listener_plugin.py took 0.044 seconds
[2023-10-19T22:23:55.932+0200] {processor.py:157} INFO - Started process (PID=29540) to work on /Users/nick/Desktop/airflow_dic/venv/lib/python3.11/site-packages/airflow/example_dags/plugins/listener_plugin.py
[2023-10-19T22:23:55.933+0200] {processor.py:829} INFO - Processing file /Users/nick/Desktop/airflow_dic/venv/lib/python3.11/site-packages/airflow/example_dags/plugins/listener_plugin.py for tasks to queue
[2023-10-19T22:23:55.933+0200] {logging_mixin.py:151} INFO - [2023-10-19T22:23:55.933+0200] {dagbag.py:539} INFO - Filling up the DagBag from /Users/nick/Desktop/airflow_dic/venv/lib/python3.11/site-packages/airflow/example_dags/plugins/listener_plugin.py
[2023-10-19T22:23:55.934+0200] {processor.py:841} WARNING - No viable dags retrieved from /Users/nick/Desktop/airflow_dic/venv/lib/python3.11/site-packages/airflow/example_dags/plugins/listener_plugin.py
[2023-10-19T22:23:55.979+0200] {processor.py:179} INFO - Processing /Users/nick/Desktop/airflow_dic/venv/lib/python3.11/site-packages/airflow/example_dags/plugins/listener_plugin.py took 0.048 seconds
[2023-10-19T22:24:30.435+0200] {processor.py:157} INFO - Started process (PID=29605) to work on /Users/nick/Desktop/airflow_dic/venv/lib/python3.11/site-packages/airflow/example_dags/plugins/listener_plugin.py
[2023-10-19T22:24:30.436+0200] {processor.py:829} INFO - Processing file /Users/nick/Desktop/airflow_dic/venv/lib/python3.11/site-packages/airflow/example_dags/plugins/listener_plugin.py for tasks to queue
[2023-10-19T22:24:30.436+0200] {logging_mixin.py:151} INFO - [2023-10-19T22:24:30.436+0200] {dagbag.py:539} INFO - Filling up the DagBag from /Users/nick/Desktop/airflow_dic/venv/lib/python3.11/site-packages/airflow/example_dags/plugins/listener_plugin.py
[2023-10-19T22:24:30.437+0200] {processor.py:841} WARNING - No viable dags retrieved from /Users/nick/Desktop/airflow_dic/venv/lib/python3.11/site-packages/airflow/example_dags/plugins/listener_plugin.py
[2023-10-19T22:24:30.480+0200] {processor.py:179} INFO - Processing /Users/nick/Desktop/airflow_dic/venv/lib/python3.11/site-packages/airflow/example_dags/plugins/listener_plugin.py took 0.045 seconds
[2023-10-19T22:24:56.998+0200] {processor.py:157} INFO - Started process (PID=29670) to work on /Users/nick/Desktop/airflow_dic/venv/lib/python3.11/site-packages/airflow/example_dags/plugins/listener_plugin.py
[2023-10-19T22:24:56.999+0200] {processor.py:829} INFO - Processing file /Users/nick/Desktop/airflow_dic/venv/lib/python3.11/site-packages/airflow/example_dags/plugins/listener_plugin.py for tasks to queue
[2023-10-19T22:24:56.999+0200] {logging_mixin.py:151} INFO - [2023-10-19T22:24:56.999+0200] {dagbag.py:539} INFO - Filling up the DagBag from /Users/nick/Desktop/airflow_dic/venv/lib/python3.11/site-packages/airflow/example_dags/plugins/listener_plugin.py
[2023-10-19T22:24:57.000+0200] {processor.py:841} WARNING - No viable dags retrieved from /Users/nick/Desktop/airflow_dic/venv/lib/python3.11/site-packages/airflow/example_dags/plugins/listener_plugin.py
[2023-10-19T22:24:57.045+0200] {processor.py:179} INFO - Processing /Users/nick/Desktop/airflow_dic/venv/lib/python3.11/site-packages/airflow/example_dags/plugins/listener_plugin.py took 0.047 seconds
[2023-10-19T22:26:09.089+0200] {processor.py:157} INFO - Started process (PID=31684) to work on /Users/nick/Desktop/airflow_dic/venv/lib/python3.11/site-packages/airflow/example_dags/plugins/listener_plugin.py
[2023-10-19T22:26:09.091+0200] {processor.py:829} INFO - Processing file /Users/nick/Desktop/airflow_dic/venv/lib/python3.11/site-packages/airflow/example_dags/plugins/listener_plugin.py for tasks to queue
[2023-10-19T22:26:09.091+0200] {logging_mixin.py:151} INFO - [2023-10-19T22:26:09.091+0200] {dagbag.py:539} INFO - Filling up the DagBag from /Users/nick/Desktop/airflow_dic/venv/lib/python3.11/site-packages/airflow/example_dags/plugins/listener_plugin.py
[2023-10-19T22:26:09.093+0200] {processor.py:841} WARNING - No viable dags retrieved from /Users/nick/Desktop/airflow_dic/venv/lib/python3.11/site-packages/airflow/example_dags/plugins/listener_plugin.py
[2023-10-19T22:26:09.140+0200] {processor.py:179} INFO - Processing /Users/nick/Desktop/airflow_dic/venv/lib/python3.11/site-packages/airflow/example_dags/plugins/listener_plugin.py took 0.051 seconds
[2023-10-19T22:26:55.121+0200] {processor.py:157} INFO - Started process (PID=31771) to work on /Users/nick/Desktop/airflow_dic/venv/lib/python3.11/site-packages/airflow/example_dags/plugins/listener_plugin.py
[2023-10-19T22:26:55.122+0200] {processor.py:829} INFO - Processing file /Users/nick/Desktop/airflow_dic/venv/lib/python3.11/site-packages/airflow/example_dags/plugins/listener_plugin.py for tasks to queue
[2023-10-19T22:26:55.122+0200] {logging_mixin.py:151} INFO - [2023-10-19T22:26:55.122+0200] {dagbag.py:539} INFO - Filling up the DagBag from /Users/nick/Desktop/airflow_dic/venv/lib/python3.11/site-packages/airflow/example_dags/plugins/listener_plugin.py
[2023-10-19T22:26:55.123+0200] {processor.py:841} WARNING - No viable dags retrieved from /Users/nick/Desktop/airflow_dic/venv/lib/python3.11/site-packages/airflow/example_dags/plugins/listener_plugin.py
[2023-10-19T22:26:55.165+0200] {processor.py:179} INFO - Processing /Users/nick/Desktop/airflow_dic/venv/lib/python3.11/site-packages/airflow/example_dags/plugins/listener_plugin.py took 0.045 seconds
[2023-10-19T22:27:14.579+0200] {processor.py:157} INFO - Started process (PID=31811) to work on /Users/nick/Desktop/airflow_dic/venv/lib/python3.11/site-packages/airflow/example_dags/plugins/listener_plugin.py
[2023-10-19T22:27:14.580+0200] {processor.py:829} INFO - Processing file /Users/nick/Desktop/airflow_dic/venv/lib/python3.11/site-packages/airflow/example_dags/plugins/listener_plugin.py for tasks to queue
[2023-10-19T22:27:14.580+0200] {logging_mixin.py:151} INFO - [2023-10-19T22:27:14.580+0200] {dagbag.py:539} INFO - Filling up the DagBag from /Users/nick/Desktop/airflow_dic/venv/lib/python3.11/site-packages/airflow/example_dags/plugins/listener_plugin.py
[2023-10-19T22:27:14.581+0200] {processor.py:841} WARNING - No viable dags retrieved from /Users/nick/Desktop/airflow_dic/venv/lib/python3.11/site-packages/airflow/example_dags/plugins/listener_plugin.py
[2023-10-19T22:27:14.624+0200] {processor.py:179} INFO - Processing /Users/nick/Desktop/airflow_dic/venv/lib/python3.11/site-packages/airflow/example_dags/plugins/listener_plugin.py took 0.046 seconds
[2023-10-19T22:28:31.177+0200] {processor.py:157} INFO - Started process (PID=31950) to work on /Users/nick/Desktop/airflow_dic/venv/lib/python3.11/site-packages/airflow/example_dags/plugins/listener_plugin.py
[2023-10-19T22:28:31.178+0200] {processor.py:829} INFO - Processing file /Users/nick/Desktop/airflow_dic/venv/lib/python3.11/site-packages/airflow/example_dags/plugins/listener_plugin.py for tasks to queue
[2023-10-19T22:28:31.178+0200] {logging_mixin.py:151} INFO - [2023-10-19T22:28:31.178+0200] {dagbag.py:539} INFO - Filling up the DagBag from /Users/nick/Desktop/airflow_dic/venv/lib/python3.11/site-packages/airflow/example_dags/plugins/listener_plugin.py
[2023-10-19T22:28:31.179+0200] {processor.py:841} WARNING - No viable dags retrieved from /Users/nick/Desktop/airflow_dic/venv/lib/python3.11/site-packages/airflow/example_dags/plugins/listener_plugin.py
[2023-10-19T22:28:31.221+0200] {processor.py:179} INFO - Processing /Users/nick/Desktop/airflow_dic/venv/lib/python3.11/site-packages/airflow/example_dags/plugins/listener_plugin.py took 0.044 seconds
[2023-10-19T22:29:10.252+0200] {processor.py:157} INFO - Started process (PID=32046) to work on /Users/nick/Desktop/airflow_dic/venv/lib/python3.11/site-packages/airflow/example_dags/plugins/listener_plugin.py
[2023-10-19T22:29:10.253+0200] {processor.py:829} INFO - Processing file /Users/nick/Desktop/airflow_dic/venv/lib/python3.11/site-packages/airflow/example_dags/plugins/listener_plugin.py for tasks to queue
[2023-10-19T22:29:10.253+0200] {logging_mixin.py:151} INFO - [2023-10-19T22:29:10.253+0200] {dagbag.py:539} INFO - Filling up the DagBag from /Users/nick/Desktop/airflow_dic/venv/lib/python3.11/site-packages/airflow/example_dags/plugins/listener_plugin.py
[2023-10-19T22:29:10.254+0200] {processor.py:841} WARNING - No viable dags retrieved from /Users/nick/Desktop/airflow_dic/venv/lib/python3.11/site-packages/airflow/example_dags/plugins/listener_plugin.py
[2023-10-19T22:29:10.299+0200] {processor.py:179} INFO - Processing /Users/nick/Desktop/airflow_dic/venv/lib/python3.11/site-packages/airflow/example_dags/plugins/listener_plugin.py took 0.047 seconds
[2023-10-19T22:30:13.673+0200] {processor.py:157} INFO - Started process (PID=32166) to work on /Users/nick/Desktop/airflow_dic/venv/lib/python3.11/site-packages/airflow/example_dags/plugins/listener_plugin.py
[2023-10-19T22:30:13.675+0200] {processor.py:829} INFO - Processing file /Users/nick/Desktop/airflow_dic/venv/lib/python3.11/site-packages/airflow/example_dags/plugins/listener_plugin.py for tasks to queue
[2023-10-19T22:30:13.675+0200] {logging_mixin.py:151} INFO - [2023-10-19T22:30:13.675+0200] {dagbag.py:539} INFO - Filling up the DagBag from /Users/nick/Desktop/airflow_dic/venv/lib/python3.11/site-packages/airflow/example_dags/plugins/listener_plugin.py
[2023-10-19T22:30:13.675+0200] {processor.py:841} WARNING - No viable dags retrieved from /Users/nick/Desktop/airflow_dic/venv/lib/python3.11/site-packages/airflow/example_dags/plugins/listener_plugin.py
[2023-10-19T22:30:13.720+0200] {processor.py:179} INFO - Processing /Users/nick/Desktop/airflow_dic/venv/lib/python3.11/site-packages/airflow/example_dags/plugins/listener_plugin.py took 0.047 seconds
[2023-10-19T22:30:38.441+0200] {processor.py:157} INFO - Started process (PID=32217) to work on /Users/nick/Desktop/airflow_dic/venv/lib/python3.11/site-packages/airflow/example_dags/plugins/listener_plugin.py
[2023-10-19T22:30:38.443+0200] {processor.py:829} INFO - Processing file /Users/nick/Desktop/airflow_dic/venv/lib/python3.11/site-packages/airflow/example_dags/plugins/listener_plugin.py for tasks to queue
[2023-10-19T22:30:38.443+0200] {logging_mixin.py:151} INFO - [2023-10-19T22:30:38.443+0200] {dagbag.py:539} INFO - Filling up the DagBag from /Users/nick/Desktop/airflow_dic/venv/lib/python3.11/site-packages/airflow/example_dags/plugins/listener_plugin.py
[2023-10-19T22:30:38.444+0200] {processor.py:841} WARNING - No viable dags retrieved from /Users/nick/Desktop/airflow_dic/venv/lib/python3.11/site-packages/airflow/example_dags/plugins/listener_plugin.py
[2023-10-19T22:30:38.494+0200] {processor.py:179} INFO - Processing /Users/nick/Desktop/airflow_dic/venv/lib/python3.11/site-packages/airflow/example_dags/plugins/listener_plugin.py took 0.053 seconds
[2023-10-19T22:30:56.816+0200] {processor.py:157} INFO - Started process (PID=32256) to work on /Users/nick/Desktop/airflow_dic/venv/lib/python3.11/site-packages/airflow/example_dags/plugins/listener_plugin.py
[2023-10-19T22:30:56.817+0200] {processor.py:829} INFO - Processing file /Users/nick/Desktop/airflow_dic/venv/lib/python3.11/site-packages/airflow/example_dags/plugins/listener_plugin.py for tasks to queue
[2023-10-19T22:30:56.817+0200] {logging_mixin.py:151} INFO - [2023-10-19T22:30:56.817+0200] {dagbag.py:539} INFO - Filling up the DagBag from /Users/nick/Desktop/airflow_dic/venv/lib/python3.11/site-packages/airflow/example_dags/plugins/listener_plugin.py
[2023-10-19T22:30:56.818+0200] {processor.py:841} WARNING - No viable dags retrieved from /Users/nick/Desktop/airflow_dic/venv/lib/python3.11/site-packages/airflow/example_dags/plugins/listener_plugin.py
[2023-10-19T22:30:56.862+0200] {processor.py:179} INFO - Processing /Users/nick/Desktop/airflow_dic/venv/lib/python3.11/site-packages/airflow/example_dags/plugins/listener_plugin.py took 0.047 seconds
[2023-10-19T22:32:01.269+0200] {processor.py:157} INFO - Started process (PID=32376) to work on /Users/nick/Desktop/airflow_dic/venv/lib/python3.11/site-packages/airflow/example_dags/plugins/listener_plugin.py
[2023-10-19T22:32:01.270+0200] {processor.py:829} INFO - Processing file /Users/nick/Desktop/airflow_dic/venv/lib/python3.11/site-packages/airflow/example_dags/plugins/listener_plugin.py for tasks to queue
[2023-10-19T22:32:01.270+0200] {logging_mixin.py:151} INFO - [2023-10-19T22:32:01.270+0200] {dagbag.py:539} INFO - Filling up the DagBag from /Users/nick/Desktop/airflow_dic/venv/lib/python3.11/site-packages/airflow/example_dags/plugins/listener_plugin.py
[2023-10-19T22:32:01.271+0200] {processor.py:841} WARNING - No viable dags retrieved from /Users/nick/Desktop/airflow_dic/venv/lib/python3.11/site-packages/airflow/example_dags/plugins/listener_plugin.py
[2023-10-19T22:32:01.314+0200] {processor.py:179} INFO - Processing /Users/nick/Desktop/airflow_dic/venv/lib/python3.11/site-packages/airflow/example_dags/plugins/listener_plugin.py took 0.046 seconds
[2023-10-19T22:32:37.103+0200] {processor.py:157} INFO - Started process (PID=32440) to work on /Users/nick/Desktop/airflow_dic/venv/lib/python3.11/site-packages/airflow/example_dags/plugins/listener_plugin.py
[2023-10-19T22:32:37.105+0200] {processor.py:829} INFO - Processing file /Users/nick/Desktop/airflow_dic/venv/lib/python3.11/site-packages/airflow/example_dags/plugins/listener_plugin.py for tasks to queue
[2023-10-19T22:32:37.105+0200] {logging_mixin.py:151} INFO - [2023-10-19T22:32:37.105+0200] {dagbag.py:539} INFO - Filling up the DagBag from /Users/nick/Desktop/airflow_dic/venv/lib/python3.11/site-packages/airflow/example_dags/plugins/listener_plugin.py
[2023-10-19T22:32:37.106+0200] {processor.py:841} WARNING - No viable dags retrieved from /Users/nick/Desktop/airflow_dic/venv/lib/python3.11/site-packages/airflow/example_dags/plugins/listener_plugin.py
[2023-10-19T22:32:37.148+0200] {processor.py:179} INFO - Processing /Users/nick/Desktop/airflow_dic/venv/lib/python3.11/site-packages/airflow/example_dags/plugins/listener_plugin.py took 0.045 seconds
[2023-10-19T22:33:10.454+0200] {processor.py:157} INFO - Started process (PID=32501) to work on /Users/nick/Desktop/airflow_dic/venv/lib/python3.11/site-packages/airflow/example_dags/plugins/listener_plugin.py
[2023-10-19T22:33:10.456+0200] {processor.py:829} INFO - Processing file /Users/nick/Desktop/airflow_dic/venv/lib/python3.11/site-packages/airflow/example_dags/plugins/listener_plugin.py for tasks to queue
[2023-10-19T22:33:10.456+0200] {logging_mixin.py:151} INFO - [2023-10-19T22:33:10.456+0200] {dagbag.py:539} INFO - Filling up the DagBag from /Users/nick/Desktop/airflow_dic/venv/lib/python3.11/site-packages/airflow/example_dags/plugins/listener_plugin.py
[2023-10-19T22:33:10.457+0200] {processor.py:841} WARNING - No viable dags retrieved from /Users/nick/Desktop/airflow_dic/venv/lib/python3.11/site-packages/airflow/example_dags/plugins/listener_plugin.py
[2023-10-19T22:33:10.500+0200] {processor.py:179} INFO - Processing /Users/nick/Desktop/airflow_dic/venv/lib/python3.11/site-packages/airflow/example_dags/plugins/listener_plugin.py took 0.045 seconds
[2023-10-19T22:33:44.665+0200] {processor.py:157} INFO - Started process (PID=32573) to work on /Users/nick/Desktop/airflow_dic/venv/lib/python3.11/site-packages/airflow/example_dags/plugins/listener_plugin.py
[2023-10-19T22:33:44.667+0200] {processor.py:829} INFO - Processing file /Users/nick/Desktop/airflow_dic/venv/lib/python3.11/site-packages/airflow/example_dags/plugins/listener_plugin.py for tasks to queue
[2023-10-19T22:33:44.667+0200] {logging_mixin.py:151} INFO - [2023-10-19T22:33:44.667+0200] {dagbag.py:539} INFO - Filling up the DagBag from /Users/nick/Desktop/airflow_dic/venv/lib/python3.11/site-packages/airflow/example_dags/plugins/listener_plugin.py
[2023-10-19T22:33:44.668+0200] {processor.py:841} WARNING - No viable dags retrieved from /Users/nick/Desktop/airflow_dic/venv/lib/python3.11/site-packages/airflow/example_dags/plugins/listener_plugin.py
[2023-10-19T22:33:44.711+0200] {processor.py:179} INFO - Processing /Users/nick/Desktop/airflow_dic/venv/lib/python3.11/site-packages/airflow/example_dags/plugins/listener_plugin.py took 0.046 seconds
[2023-10-19T22:34:20.239+0200] {processor.py:157} INFO - Started process (PID=32642) to work on /Users/nick/Desktop/airflow_dic/venv/lib/python3.11/site-packages/airflow/example_dags/plugins/listener_plugin.py
[2023-10-19T22:34:20.240+0200] {processor.py:829} INFO - Processing file /Users/nick/Desktop/airflow_dic/venv/lib/python3.11/site-packages/airflow/example_dags/plugins/listener_plugin.py for tasks to queue
[2023-10-19T22:34:20.240+0200] {logging_mixin.py:151} INFO - [2023-10-19T22:34:20.240+0200] {dagbag.py:539} INFO - Filling up the DagBag from /Users/nick/Desktop/airflow_dic/venv/lib/python3.11/site-packages/airflow/example_dags/plugins/listener_plugin.py
[2023-10-19T22:34:20.241+0200] {processor.py:841} WARNING - No viable dags retrieved from /Users/nick/Desktop/airflow_dic/venv/lib/python3.11/site-packages/airflow/example_dags/plugins/listener_plugin.py
[2023-10-19T22:34:20.283+0200] {processor.py:179} INFO - Processing /Users/nick/Desktop/airflow_dic/venv/lib/python3.11/site-packages/airflow/example_dags/plugins/listener_plugin.py took 0.045 seconds
[2023-10-19T22:34:53.897+0200] {processor.py:157} INFO - Started process (PID=32725) to work on /Users/nick/Desktop/airflow_dic/venv/lib/python3.11/site-packages/airflow/example_dags/plugins/listener_plugin.py
[2023-10-19T22:34:53.899+0200] {processor.py:829} INFO - Processing file /Users/nick/Desktop/airflow_dic/venv/lib/python3.11/site-packages/airflow/example_dags/plugins/listener_plugin.py for tasks to queue
[2023-10-19T22:34:53.899+0200] {logging_mixin.py:151} INFO - [2023-10-19T22:34:53.899+0200] {dagbag.py:539} INFO - Filling up the DagBag from /Users/nick/Desktop/airflow_dic/venv/lib/python3.11/site-packages/airflow/example_dags/plugins/listener_plugin.py
[2023-10-19T22:34:53.900+0200] {processor.py:841} WARNING - No viable dags retrieved from /Users/nick/Desktop/airflow_dic/venv/lib/python3.11/site-packages/airflow/example_dags/plugins/listener_plugin.py
[2023-10-19T22:34:53.943+0200] {processor.py:179} INFO - Processing /Users/nick/Desktop/airflow_dic/venv/lib/python3.11/site-packages/airflow/example_dags/plugins/listener_plugin.py took 0.046 seconds
[2023-10-19T22:35:27.583+0200] {processor.py:157} INFO - Started process (PID=32810) to work on /Users/nick/Desktop/airflow_dic/venv/lib/python3.11/site-packages/airflow/example_dags/plugins/listener_plugin.py
[2023-10-19T22:35:27.584+0200] {processor.py:829} INFO - Processing file /Users/nick/Desktop/airflow_dic/venv/lib/python3.11/site-packages/airflow/example_dags/plugins/listener_plugin.py for tasks to queue
[2023-10-19T22:35:27.584+0200] {logging_mixin.py:151} INFO - [2023-10-19T22:35:27.584+0200] {dagbag.py:539} INFO - Filling up the DagBag from /Users/nick/Desktop/airflow_dic/venv/lib/python3.11/site-packages/airflow/example_dags/plugins/listener_plugin.py
[2023-10-19T22:35:27.586+0200] {processor.py:841} WARNING - No viable dags retrieved from /Users/nick/Desktop/airflow_dic/venv/lib/python3.11/site-packages/airflow/example_dags/plugins/listener_plugin.py
[2023-10-19T22:35:27.628+0200] {processor.py:179} INFO - Processing /Users/nick/Desktop/airflow_dic/venv/lib/python3.11/site-packages/airflow/example_dags/plugins/listener_plugin.py took 0.046 seconds
[2023-10-19T22:36:02.594+0200] {processor.py:157} INFO - Started process (PID=32876) to work on /Users/nick/Desktop/airflow_dic/venv/lib/python3.11/site-packages/airflow/example_dags/plugins/listener_plugin.py
[2023-10-19T22:36:02.595+0200] {processor.py:829} INFO - Processing file /Users/nick/Desktop/airflow_dic/venv/lib/python3.11/site-packages/airflow/example_dags/plugins/listener_plugin.py for tasks to queue
[2023-10-19T22:36:02.595+0200] {logging_mixin.py:151} INFO - [2023-10-19T22:36:02.595+0200] {dagbag.py:539} INFO - Filling up the DagBag from /Users/nick/Desktop/airflow_dic/venv/lib/python3.11/site-packages/airflow/example_dags/plugins/listener_plugin.py
[2023-10-19T22:36:02.596+0200] {processor.py:841} WARNING - No viable dags retrieved from /Users/nick/Desktop/airflow_dic/venv/lib/python3.11/site-packages/airflow/example_dags/plugins/listener_plugin.py
[2023-10-19T22:36:02.639+0200] {processor.py:179} INFO - Processing /Users/nick/Desktop/airflow_dic/venv/lib/python3.11/site-packages/airflow/example_dags/plugins/listener_plugin.py took 0.046 seconds
[2023-10-19T22:36:36.996+0200] {processor.py:157} INFO - Started process (PID=32942) to work on /Users/nick/Desktop/airflow_dic/venv/lib/python3.11/site-packages/airflow/example_dags/plugins/listener_plugin.py
[2023-10-19T22:36:36.997+0200] {processor.py:829} INFO - Processing file /Users/nick/Desktop/airflow_dic/venv/lib/python3.11/site-packages/airflow/example_dags/plugins/listener_plugin.py for tasks to queue
[2023-10-19T22:36:36.997+0200] {logging_mixin.py:151} INFO - [2023-10-19T22:36:36.997+0200] {dagbag.py:539} INFO - Filling up the DagBag from /Users/nick/Desktop/airflow_dic/venv/lib/python3.11/site-packages/airflow/example_dags/plugins/listener_plugin.py
[2023-10-19T22:36:36.998+0200] {processor.py:841} WARNING - No viable dags retrieved from /Users/nick/Desktop/airflow_dic/venv/lib/python3.11/site-packages/airflow/example_dags/plugins/listener_plugin.py
[2023-10-19T22:36:37.040+0200] {processor.py:179} INFO - Processing /Users/nick/Desktop/airflow_dic/venv/lib/python3.11/site-packages/airflow/example_dags/plugins/listener_plugin.py took 0.044 seconds
[2023-10-19T22:37:11.284+0200] {processor.py:157} INFO - Started process (PID=33004) to work on /Users/nick/Desktop/airflow_dic/venv/lib/python3.11/site-packages/airflow/example_dags/plugins/listener_plugin.py
[2023-10-19T22:37:11.285+0200] {processor.py:829} INFO - Processing file /Users/nick/Desktop/airflow_dic/venv/lib/python3.11/site-packages/airflow/example_dags/plugins/listener_plugin.py for tasks to queue
[2023-10-19T22:37:11.286+0200] {logging_mixin.py:151} INFO - [2023-10-19T22:37:11.286+0200] {dagbag.py:539} INFO - Filling up the DagBag from /Users/nick/Desktop/airflow_dic/venv/lib/python3.11/site-packages/airflow/example_dags/plugins/listener_plugin.py
[2023-10-19T22:37:11.286+0200] {processor.py:841} WARNING - No viable dags retrieved from /Users/nick/Desktop/airflow_dic/venv/lib/python3.11/site-packages/airflow/example_dags/plugins/listener_plugin.py
[2023-10-19T22:37:11.328+0200] {processor.py:179} INFO - Processing /Users/nick/Desktop/airflow_dic/venv/lib/python3.11/site-packages/airflow/example_dags/plugins/listener_plugin.py took 0.044 seconds
[2023-10-19T22:37:45.445+0200] {processor.py:157} INFO - Started process (PID=33071) to work on /Users/nick/Desktop/airflow_dic/venv/lib/python3.11/site-packages/airflow/example_dags/plugins/listener_plugin.py
[2023-10-19T22:37:45.447+0200] {processor.py:829} INFO - Processing file /Users/nick/Desktop/airflow_dic/venv/lib/python3.11/site-packages/airflow/example_dags/plugins/listener_plugin.py for tasks to queue
[2023-10-19T22:37:45.447+0200] {logging_mixin.py:151} INFO - [2023-10-19T22:37:45.447+0200] {dagbag.py:539} INFO - Filling up the DagBag from /Users/nick/Desktop/airflow_dic/venv/lib/python3.11/site-packages/airflow/example_dags/plugins/listener_plugin.py
[2023-10-19T22:37:45.447+0200] {processor.py:841} WARNING - No viable dags retrieved from /Users/nick/Desktop/airflow_dic/venv/lib/python3.11/site-packages/airflow/example_dags/plugins/listener_plugin.py
[2023-10-19T22:37:45.489+0200] {processor.py:179} INFO - Processing /Users/nick/Desktop/airflow_dic/venv/lib/python3.11/site-packages/airflow/example_dags/plugins/listener_plugin.py took 0.044 seconds
[2023-10-19T22:38:18.763+0200] {processor.py:157} INFO - Started process (PID=33131) to work on /Users/nick/Desktop/airflow_dic/venv/lib/python3.11/site-packages/airflow/example_dags/plugins/listener_plugin.py
[2023-10-19T22:38:18.764+0200] {processor.py:829} INFO - Processing file /Users/nick/Desktop/airflow_dic/venv/lib/python3.11/site-packages/airflow/example_dags/plugins/listener_plugin.py for tasks to queue
[2023-10-19T22:38:18.764+0200] {logging_mixin.py:151} INFO - [2023-10-19T22:38:18.764+0200] {dagbag.py:539} INFO - Filling up the DagBag from /Users/nick/Desktop/airflow_dic/venv/lib/python3.11/site-packages/airflow/example_dags/plugins/listener_plugin.py
[2023-10-19T22:38:18.765+0200] {processor.py:841} WARNING - No viable dags retrieved from /Users/nick/Desktop/airflow_dic/venv/lib/python3.11/site-packages/airflow/example_dags/plugins/listener_plugin.py
[2023-10-19T22:38:18.807+0200] {processor.py:179} INFO - Processing /Users/nick/Desktop/airflow_dic/venv/lib/python3.11/site-packages/airflow/example_dags/plugins/listener_plugin.py took 0.044 seconds
[2023-10-19T22:38:52.730+0200] {processor.py:157} INFO - Started process (PID=33197) to work on /Users/nick/Desktop/airflow_dic/venv/lib/python3.11/site-packages/airflow/example_dags/plugins/listener_plugin.py
[2023-10-19T22:38:52.732+0200] {processor.py:829} INFO - Processing file /Users/nick/Desktop/airflow_dic/venv/lib/python3.11/site-packages/airflow/example_dags/plugins/listener_plugin.py for tasks to queue
[2023-10-19T22:38:52.732+0200] {logging_mixin.py:151} INFO - [2023-10-19T22:38:52.732+0200] {dagbag.py:539} INFO - Filling up the DagBag from /Users/nick/Desktop/airflow_dic/venv/lib/python3.11/site-packages/airflow/example_dags/plugins/listener_plugin.py
[2023-10-19T22:38:52.733+0200] {processor.py:841} WARNING - No viable dags retrieved from /Users/nick/Desktop/airflow_dic/venv/lib/python3.11/site-packages/airflow/example_dags/plugins/listener_plugin.py
[2023-10-19T22:38:52.774+0200] {processor.py:179} INFO - Processing /Users/nick/Desktop/airflow_dic/venv/lib/python3.11/site-packages/airflow/example_dags/plugins/listener_plugin.py took 0.044 seconds
[2023-10-19T22:39:26.708+0200] {processor.py:157} INFO - Started process (PID=33259) to work on /Users/nick/Desktop/airflow_dic/venv/lib/python3.11/site-packages/airflow/example_dags/plugins/listener_plugin.py
[2023-10-19T22:39:26.710+0200] {processor.py:829} INFO - Processing file /Users/nick/Desktop/airflow_dic/venv/lib/python3.11/site-packages/airflow/example_dags/plugins/listener_plugin.py for tasks to queue
[2023-10-19T22:39:26.710+0200] {logging_mixin.py:151} INFO - [2023-10-19T22:39:26.710+0200] {dagbag.py:539} INFO - Filling up the DagBag from /Users/nick/Desktop/airflow_dic/venv/lib/python3.11/site-packages/airflow/example_dags/plugins/listener_plugin.py
[2023-10-19T22:39:26.710+0200] {processor.py:841} WARNING - No viable dags retrieved from /Users/nick/Desktop/airflow_dic/venv/lib/python3.11/site-packages/airflow/example_dags/plugins/listener_plugin.py
[2023-10-19T22:39:26.752+0200] {processor.py:179} INFO - Processing /Users/nick/Desktop/airflow_dic/venv/lib/python3.11/site-packages/airflow/example_dags/plugins/listener_plugin.py took 0.044 seconds
[2023-10-19T22:40:33.261+0200] {processor.py:157} INFO - Started process (PID=33385) to work on /Users/nick/Desktop/airflow_dic/venv/lib/python3.11/site-packages/airflow/example_dags/plugins/listener_plugin.py
[2023-10-19T22:40:33.262+0200] {processor.py:829} INFO - Processing file /Users/nick/Desktop/airflow_dic/venv/lib/python3.11/site-packages/airflow/example_dags/plugins/listener_plugin.py for tasks to queue
[2023-10-19T22:40:33.262+0200] {logging_mixin.py:151} INFO - [2023-10-19T22:40:33.262+0200] {dagbag.py:539} INFO - Filling up the DagBag from /Users/nick/Desktop/airflow_dic/venv/lib/python3.11/site-packages/airflow/example_dags/plugins/listener_plugin.py
[2023-10-19T22:40:33.263+0200] {processor.py:841} WARNING - No viable dags retrieved from /Users/nick/Desktop/airflow_dic/venv/lib/python3.11/site-packages/airflow/example_dags/plugins/listener_plugin.py
[2023-10-19T22:40:33.305+0200] {processor.py:179} INFO - Processing /Users/nick/Desktop/airflow_dic/venv/lib/python3.11/site-packages/airflow/example_dags/plugins/listener_plugin.py took 0.044 seconds
[2023-10-19T22:41:08.474+0200] {processor.py:157} INFO - Started process (PID=33449) to work on /Users/nick/Desktop/airflow_dic/venv/lib/python3.11/site-packages/airflow/example_dags/plugins/listener_plugin.py
[2023-10-19T22:41:08.475+0200] {processor.py:829} INFO - Processing file /Users/nick/Desktop/airflow_dic/venv/lib/python3.11/site-packages/airflow/example_dags/plugins/listener_plugin.py for tasks to queue
[2023-10-19T22:41:08.475+0200] {logging_mixin.py:151} INFO - [2023-10-19T22:41:08.475+0200] {dagbag.py:539} INFO - Filling up the DagBag from /Users/nick/Desktop/airflow_dic/venv/lib/python3.11/site-packages/airflow/example_dags/plugins/listener_plugin.py
[2023-10-19T22:41:08.476+0200] {processor.py:841} WARNING - No viable dags retrieved from /Users/nick/Desktop/airflow_dic/venv/lib/python3.11/site-packages/airflow/example_dags/plugins/listener_plugin.py
[2023-10-19T22:41:08.518+0200] {processor.py:179} INFO - Processing /Users/nick/Desktop/airflow_dic/venv/lib/python3.11/site-packages/airflow/example_dags/plugins/listener_plugin.py took 0.044 seconds
[2023-10-19T22:41:42.942+0200] {processor.py:157} INFO - Started process (PID=33515) to work on /Users/nick/Desktop/airflow_dic/venv/lib/python3.11/site-packages/airflow/example_dags/plugins/listener_plugin.py
[2023-10-19T22:41:42.944+0200] {processor.py:829} INFO - Processing file /Users/nick/Desktop/airflow_dic/venv/lib/python3.11/site-packages/airflow/example_dags/plugins/listener_plugin.py for tasks to queue
[2023-10-19T22:41:42.944+0200] {logging_mixin.py:151} INFO - [2023-10-19T22:41:42.944+0200] {dagbag.py:539} INFO - Filling up the DagBag from /Users/nick/Desktop/airflow_dic/venv/lib/python3.11/site-packages/airflow/example_dags/plugins/listener_plugin.py
[2023-10-19T22:41:42.944+0200] {processor.py:841} WARNING - No viable dags retrieved from /Users/nick/Desktop/airflow_dic/venv/lib/python3.11/site-packages/airflow/example_dags/plugins/listener_plugin.py
[2023-10-19T22:41:42.987+0200] {processor.py:179} INFO - Processing /Users/nick/Desktop/airflow_dic/venv/lib/python3.11/site-packages/airflow/example_dags/plugins/listener_plugin.py took 0.045 seconds
[2023-10-19T22:42:19.162+0200] {processor.py:157} INFO - Started process (PID=33581) to work on /Users/nick/Desktop/airflow_dic/venv/lib/python3.11/site-packages/airflow/example_dags/plugins/listener_plugin.py
[2023-10-19T22:42:19.163+0200] {processor.py:829} INFO - Processing file /Users/nick/Desktop/airflow_dic/venv/lib/python3.11/site-packages/airflow/example_dags/plugins/listener_plugin.py for tasks to queue
[2023-10-19T22:42:19.164+0200] {logging_mixin.py:151} INFO - [2023-10-19T22:42:19.164+0200] {dagbag.py:539} INFO - Filling up the DagBag from /Users/nick/Desktop/airflow_dic/venv/lib/python3.11/site-packages/airflow/example_dags/plugins/listener_plugin.py
[2023-10-19T22:42:19.164+0200] {processor.py:841} WARNING - No viable dags retrieved from /Users/nick/Desktop/airflow_dic/venv/lib/python3.11/site-packages/airflow/example_dags/plugins/listener_plugin.py
[2023-10-19T22:42:19.206+0200] {processor.py:179} INFO - Processing /Users/nick/Desktop/airflow_dic/venv/lib/python3.11/site-packages/airflow/example_dags/plugins/listener_plugin.py took 0.045 seconds
[2023-10-19T22:42:53.817+0200] {processor.py:157} INFO - Started process (PID=33646) to work on /Users/nick/Desktop/airflow_dic/venv/lib/python3.11/site-packages/airflow/example_dags/plugins/listener_plugin.py
[2023-10-19T22:42:53.818+0200] {processor.py:829} INFO - Processing file /Users/nick/Desktop/airflow_dic/venv/lib/python3.11/site-packages/airflow/example_dags/plugins/listener_plugin.py for tasks to queue
[2023-10-19T22:42:53.818+0200] {logging_mixin.py:151} INFO - [2023-10-19T22:42:53.818+0200] {dagbag.py:539} INFO - Filling up the DagBag from /Users/nick/Desktop/airflow_dic/venv/lib/python3.11/site-packages/airflow/example_dags/plugins/listener_plugin.py
[2023-10-19T22:42:53.819+0200] {processor.py:841} WARNING - No viable dags retrieved from /Users/nick/Desktop/airflow_dic/venv/lib/python3.11/site-packages/airflow/example_dags/plugins/listener_plugin.py
[2023-10-19T22:42:53.861+0200] {processor.py:179} INFO - Processing /Users/nick/Desktop/airflow_dic/venv/lib/python3.11/site-packages/airflow/example_dags/plugins/listener_plugin.py took 0.044 seconds
[2023-10-19T22:43:27.932+0200] {processor.py:157} INFO - Started process (PID=33706) to work on /Users/nick/Desktop/airflow_dic/venv/lib/python3.11/site-packages/airflow/example_dags/plugins/listener_plugin.py
[2023-10-19T22:43:27.933+0200] {processor.py:829} INFO - Processing file /Users/nick/Desktop/airflow_dic/venv/lib/python3.11/site-packages/airflow/example_dags/plugins/listener_plugin.py for tasks to queue
[2023-10-19T22:43:27.934+0200] {logging_mixin.py:151} INFO - [2023-10-19T22:43:27.934+0200] {dagbag.py:539} INFO - Filling up the DagBag from /Users/nick/Desktop/airflow_dic/venv/lib/python3.11/site-packages/airflow/example_dags/plugins/listener_plugin.py
[2023-10-19T22:43:27.935+0200] {processor.py:841} WARNING - No viable dags retrieved from /Users/nick/Desktop/airflow_dic/venv/lib/python3.11/site-packages/airflow/example_dags/plugins/listener_plugin.py
[2023-10-19T22:43:27.977+0200] {processor.py:179} INFO - Processing /Users/nick/Desktop/airflow_dic/venv/lib/python3.11/site-packages/airflow/example_dags/plugins/listener_plugin.py took 0.045 seconds
[2023-10-19T22:44:02.427+0200] {processor.py:157} INFO - Started process (PID=33771) to work on /Users/nick/Desktop/airflow_dic/venv/lib/python3.11/site-packages/airflow/example_dags/plugins/listener_plugin.py
[2023-10-19T22:44:02.429+0200] {processor.py:829} INFO - Processing file /Users/nick/Desktop/airflow_dic/venv/lib/python3.11/site-packages/airflow/example_dags/plugins/listener_plugin.py for tasks to queue
[2023-10-19T22:44:02.429+0200] {logging_mixin.py:151} INFO - [2023-10-19T22:44:02.429+0200] {dagbag.py:539} INFO - Filling up the DagBag from /Users/nick/Desktop/airflow_dic/venv/lib/python3.11/site-packages/airflow/example_dags/plugins/listener_plugin.py
[2023-10-19T22:44:02.430+0200] {processor.py:841} WARNING - No viable dags retrieved from /Users/nick/Desktop/airflow_dic/venv/lib/python3.11/site-packages/airflow/example_dags/plugins/listener_plugin.py
[2023-10-19T22:44:02.476+0200] {processor.py:179} INFO - Processing /Users/nick/Desktop/airflow_dic/venv/lib/python3.11/site-packages/airflow/example_dags/plugins/listener_plugin.py took 0.049 seconds
[2023-10-19T22:44:38.035+0200] {processor.py:157} INFO - Started process (PID=33844) to work on /Users/nick/Desktop/airflow_dic/venv/lib/python3.11/site-packages/airflow/example_dags/plugins/listener_plugin.py
[2023-10-19T22:44:38.037+0200] {processor.py:829} INFO - Processing file /Users/nick/Desktop/airflow_dic/venv/lib/python3.11/site-packages/airflow/example_dags/plugins/listener_plugin.py for tasks to queue
[2023-10-19T22:44:38.037+0200] {logging_mixin.py:151} INFO - [2023-10-19T22:44:38.037+0200] {dagbag.py:539} INFO - Filling up the DagBag from /Users/nick/Desktop/airflow_dic/venv/lib/python3.11/site-packages/airflow/example_dags/plugins/listener_plugin.py
[2023-10-19T22:44:38.039+0200] {processor.py:841} WARNING - No viable dags retrieved from /Users/nick/Desktop/airflow_dic/venv/lib/python3.11/site-packages/airflow/example_dags/plugins/listener_plugin.py
[2023-10-19T22:44:38.081+0200] {processor.py:179} INFO - Processing /Users/nick/Desktop/airflow_dic/venv/lib/python3.11/site-packages/airflow/example_dags/plugins/listener_plugin.py took 0.046 seconds
[2023-10-19T22:45:20.763+0200] {processor.py:157} INFO - Started process (PID=33933) to work on /Users/nick/Desktop/airflow_dic/venv/lib/python3.11/site-packages/airflow/example_dags/plugins/listener_plugin.py
[2023-10-19T22:45:20.764+0200] {processor.py:829} INFO - Processing file /Users/nick/Desktop/airflow_dic/venv/lib/python3.11/site-packages/airflow/example_dags/plugins/listener_plugin.py for tasks to queue
[2023-10-19T22:45:20.764+0200] {logging_mixin.py:151} INFO - [2023-10-19T22:45:20.764+0200] {dagbag.py:539} INFO - Filling up the DagBag from /Users/nick/Desktop/airflow_dic/venv/lib/python3.11/site-packages/airflow/example_dags/plugins/listener_plugin.py
[2023-10-19T22:45:20.765+0200] {processor.py:841} WARNING - No viable dags retrieved from /Users/nick/Desktop/airflow_dic/venv/lib/python3.11/site-packages/airflow/example_dags/plugins/listener_plugin.py
[2023-10-19T22:45:20.807+0200] {processor.py:179} INFO - Processing /Users/nick/Desktop/airflow_dic/venv/lib/python3.11/site-packages/airflow/example_dags/plugins/listener_plugin.py took 0.044 seconds
[2023-10-19T22:46:26.675+0200] {processor.py:157} INFO - Started process (PID=34066) to work on /Users/nick/Desktop/airflow_dic/venv/lib/python3.11/site-packages/airflow/example_dags/plugins/listener_plugin.py
[2023-10-19T22:46:26.677+0200] {processor.py:829} INFO - Processing file /Users/nick/Desktop/airflow_dic/venv/lib/python3.11/site-packages/airflow/example_dags/plugins/listener_plugin.py for tasks to queue
[2023-10-19T22:46:26.677+0200] {logging_mixin.py:151} INFO - [2023-10-19T22:46:26.677+0200] {dagbag.py:539} INFO - Filling up the DagBag from /Users/nick/Desktop/airflow_dic/venv/lib/python3.11/site-packages/airflow/example_dags/plugins/listener_plugin.py
[2023-10-19T22:46:26.679+0200] {processor.py:841} WARNING - No viable dags retrieved from /Users/nick/Desktop/airflow_dic/venv/lib/python3.11/site-packages/airflow/example_dags/plugins/listener_plugin.py
[2023-10-19T22:46:26.724+0200] {processor.py:179} INFO - Processing /Users/nick/Desktop/airflow_dic/venv/lib/python3.11/site-packages/airflow/example_dags/plugins/listener_plugin.py took 0.049 seconds
[2023-10-19T22:47:01.712+0200] {processor.py:157} INFO - Started process (PID=34131) to work on /Users/nick/Desktop/airflow_dic/venv/lib/python3.11/site-packages/airflow/example_dags/plugins/listener_plugin.py
[2023-10-19T22:47:01.714+0200] {processor.py:829} INFO - Processing file /Users/nick/Desktop/airflow_dic/venv/lib/python3.11/site-packages/airflow/example_dags/plugins/listener_plugin.py for tasks to queue
[2023-10-19T22:47:01.714+0200] {logging_mixin.py:151} INFO - [2023-10-19T22:47:01.714+0200] {dagbag.py:539} INFO - Filling up the DagBag from /Users/nick/Desktop/airflow_dic/venv/lib/python3.11/site-packages/airflow/example_dags/plugins/listener_plugin.py
[2023-10-19T22:47:01.716+0200] {processor.py:841} WARNING - No viable dags retrieved from /Users/nick/Desktop/airflow_dic/venv/lib/python3.11/site-packages/airflow/example_dags/plugins/listener_plugin.py
[2023-10-19T22:47:01.757+0200] {processor.py:179} INFO - Processing /Users/nick/Desktop/airflow_dic/venv/lib/python3.11/site-packages/airflow/example_dags/plugins/listener_plugin.py took 0.045 seconds
[2023-10-19T22:48:09.134+0200] {processor.py:157} INFO - Started process (PID=34260) to work on /Users/nick/Desktop/airflow_dic/venv/lib/python3.11/site-packages/airflow/example_dags/plugins/listener_plugin.py
[2023-10-19T22:48:09.136+0200] {processor.py:829} INFO - Processing file /Users/nick/Desktop/airflow_dic/venv/lib/python3.11/site-packages/airflow/example_dags/plugins/listener_plugin.py for tasks to queue
[2023-10-19T22:48:09.136+0200] {logging_mixin.py:151} INFO - [2023-10-19T22:48:09.136+0200] {dagbag.py:539} INFO - Filling up the DagBag from /Users/nick/Desktop/airflow_dic/venv/lib/python3.11/site-packages/airflow/example_dags/plugins/listener_plugin.py
[2023-10-19T22:48:09.136+0200] {processor.py:841} WARNING - No viable dags retrieved from /Users/nick/Desktop/airflow_dic/venv/lib/python3.11/site-packages/airflow/example_dags/plugins/listener_plugin.py
[2023-10-19T22:48:09.179+0200] {processor.py:179} INFO - Processing /Users/nick/Desktop/airflow_dic/venv/lib/python3.11/site-packages/airflow/example_dags/plugins/listener_plugin.py took 0.045 seconds
[2023-10-19T22:48:43.112+0200] {processor.py:157} INFO - Started process (PID=34325) to work on /Users/nick/Desktop/airflow_dic/venv/lib/python3.11/site-packages/airflow/example_dags/plugins/listener_plugin.py
[2023-10-19T22:48:43.113+0200] {processor.py:829} INFO - Processing file /Users/nick/Desktop/airflow_dic/venv/lib/python3.11/site-packages/airflow/example_dags/plugins/listener_plugin.py for tasks to queue
[2023-10-19T22:48:43.113+0200] {logging_mixin.py:151} INFO - [2023-10-19T22:48:43.113+0200] {dagbag.py:539} INFO - Filling up the DagBag from /Users/nick/Desktop/airflow_dic/venv/lib/python3.11/site-packages/airflow/example_dags/plugins/listener_plugin.py
[2023-10-19T22:48:43.115+0200] {processor.py:841} WARNING - No viable dags retrieved from /Users/nick/Desktop/airflow_dic/venv/lib/python3.11/site-packages/airflow/example_dags/plugins/listener_plugin.py
[2023-10-19T22:48:43.157+0200] {processor.py:179} INFO - Processing /Users/nick/Desktop/airflow_dic/venv/lib/python3.11/site-packages/airflow/example_dags/plugins/listener_plugin.py took 0.045 seconds
[2023-10-19T22:49:17.558+0200] {processor.py:157} INFO - Started process (PID=34399) to work on /Users/nick/Desktop/airflow_dic/venv/lib/python3.11/site-packages/airflow/example_dags/plugins/listener_plugin.py
[2023-10-19T22:49:17.559+0200] {processor.py:829} INFO - Processing file /Users/nick/Desktop/airflow_dic/venv/lib/python3.11/site-packages/airflow/example_dags/plugins/listener_plugin.py for tasks to queue
[2023-10-19T22:49:17.559+0200] {logging_mixin.py:151} INFO - [2023-10-19T22:49:17.559+0200] {dagbag.py:539} INFO - Filling up the DagBag from /Users/nick/Desktop/airflow_dic/venv/lib/python3.11/site-packages/airflow/example_dags/plugins/listener_plugin.py
[2023-10-19T22:49:17.560+0200] {processor.py:841} WARNING - No viable dags retrieved from /Users/nick/Desktop/airflow_dic/venv/lib/python3.11/site-packages/airflow/example_dags/plugins/listener_plugin.py
[2023-10-19T22:49:17.607+0200] {processor.py:179} INFO - Processing /Users/nick/Desktop/airflow_dic/venv/lib/python3.11/site-packages/airflow/example_dags/plugins/listener_plugin.py took 0.050 seconds
[2023-10-19T22:49:53.312+0200] {processor.py:157} INFO - Started process (PID=34463) to work on /Users/nick/Desktop/airflow_dic/venv/lib/python3.11/site-packages/airflow/example_dags/plugins/listener_plugin.py
[2023-10-19T22:49:53.313+0200] {processor.py:829} INFO - Processing file /Users/nick/Desktop/airflow_dic/venv/lib/python3.11/site-packages/airflow/example_dags/plugins/listener_plugin.py for tasks to queue
[2023-10-19T22:49:53.313+0200] {logging_mixin.py:151} INFO - [2023-10-19T22:49:53.313+0200] {dagbag.py:539} INFO - Filling up the DagBag from /Users/nick/Desktop/airflow_dic/venv/lib/python3.11/site-packages/airflow/example_dags/plugins/listener_plugin.py
[2023-10-19T22:49:53.314+0200] {processor.py:841} WARNING - No viable dags retrieved from /Users/nick/Desktop/airflow_dic/venv/lib/python3.11/site-packages/airflow/example_dags/plugins/listener_plugin.py
[2023-10-19T22:49:53.363+0200] {processor.py:179} INFO - Processing /Users/nick/Desktop/airflow_dic/venv/lib/python3.11/site-packages/airflow/example_dags/plugins/listener_plugin.py took 0.052 seconds
[2023-10-19T22:50:27.501+0200] {processor.py:157} INFO - Started process (PID=34526) to work on /Users/nick/Desktop/airflow_dic/venv/lib/python3.11/site-packages/airflow/example_dags/plugins/listener_plugin.py
[2023-10-19T22:50:27.502+0200] {processor.py:829} INFO - Processing file /Users/nick/Desktop/airflow_dic/venv/lib/python3.11/site-packages/airflow/example_dags/plugins/listener_plugin.py for tasks to queue
[2023-10-19T22:50:27.502+0200] {logging_mixin.py:151} INFO - [2023-10-19T22:50:27.502+0200] {dagbag.py:539} INFO - Filling up the DagBag from /Users/nick/Desktop/airflow_dic/venv/lib/python3.11/site-packages/airflow/example_dags/plugins/listener_plugin.py
[2023-10-19T22:50:27.503+0200] {processor.py:841} WARNING - No viable dags retrieved from /Users/nick/Desktop/airflow_dic/venv/lib/python3.11/site-packages/airflow/example_dags/plugins/listener_plugin.py
[2023-10-19T22:50:27.545+0200] {processor.py:179} INFO - Processing /Users/nick/Desktop/airflow_dic/venv/lib/python3.11/site-packages/airflow/example_dags/plugins/listener_plugin.py took 0.044 seconds
[2023-10-19T22:53:19.117+0200] {processor.py:157} INFO - Started process (PID=34769) to work on /Users/nick/Desktop/airflow_dic/venv/lib/python3.11/site-packages/airflow/example_dags/plugins/listener_plugin.py
[2023-10-19T22:53:19.118+0200] {processor.py:829} INFO - Processing file /Users/nick/Desktop/airflow_dic/venv/lib/python3.11/site-packages/airflow/example_dags/plugins/listener_plugin.py for tasks to queue
[2023-10-19T22:53:19.118+0200] {logging_mixin.py:151} INFO - [2023-10-19T22:53:19.118+0200] {dagbag.py:539} INFO - Filling up the DagBag from /Users/nick/Desktop/airflow_dic/venv/lib/python3.11/site-packages/airflow/example_dags/plugins/listener_plugin.py
[2023-10-19T22:53:19.119+0200] {processor.py:841} WARNING - No viable dags retrieved from /Users/nick/Desktop/airflow_dic/venv/lib/python3.11/site-packages/airflow/example_dags/plugins/listener_plugin.py
[2023-10-19T22:53:19.163+0200] {processor.py:179} INFO - Processing /Users/nick/Desktop/airflow_dic/venv/lib/python3.11/site-packages/airflow/example_dags/plugins/listener_plugin.py took 0.046 seconds
[2023-10-19T22:54:23.544+0200] {processor.py:157} INFO - Started process (PID=34901) to work on /Users/nick/Desktop/airflow_dic/venv/lib/python3.11/site-packages/airflow/example_dags/plugins/listener_plugin.py
[2023-10-19T22:54:23.545+0200] {processor.py:829} INFO - Processing file /Users/nick/Desktop/airflow_dic/venv/lib/python3.11/site-packages/airflow/example_dags/plugins/listener_plugin.py for tasks to queue
[2023-10-19T22:54:23.545+0200] {logging_mixin.py:151} INFO - [2023-10-19T22:54:23.545+0200] {dagbag.py:539} INFO - Filling up the DagBag from /Users/nick/Desktop/airflow_dic/venv/lib/python3.11/site-packages/airflow/example_dags/plugins/listener_plugin.py
[2023-10-19T22:54:23.546+0200] {processor.py:841} WARNING - No viable dags retrieved from /Users/nick/Desktop/airflow_dic/venv/lib/python3.11/site-packages/airflow/example_dags/plugins/listener_plugin.py
[2023-10-19T22:54:23.588+0200] {processor.py:179} INFO - Processing /Users/nick/Desktop/airflow_dic/venv/lib/python3.11/site-packages/airflow/example_dags/plugins/listener_plugin.py took 0.044 seconds
[2023-10-19T22:54:58.022+0200] {processor.py:157} INFO - Started process (PID=34976) to work on /Users/nick/Desktop/airflow_dic/venv/lib/python3.11/site-packages/airflow/example_dags/plugins/listener_plugin.py
[2023-10-19T22:54:58.023+0200] {processor.py:829} INFO - Processing file /Users/nick/Desktop/airflow_dic/venv/lib/python3.11/site-packages/airflow/example_dags/plugins/listener_plugin.py for tasks to queue
[2023-10-19T22:54:58.023+0200] {logging_mixin.py:151} INFO - [2023-10-19T22:54:58.023+0200] {dagbag.py:539} INFO - Filling up the DagBag from /Users/nick/Desktop/airflow_dic/venv/lib/python3.11/site-packages/airflow/example_dags/plugins/listener_plugin.py
[2023-10-19T22:54:58.025+0200] {processor.py:841} WARNING - No viable dags retrieved from /Users/nick/Desktop/airflow_dic/venv/lib/python3.11/site-packages/airflow/example_dags/plugins/listener_plugin.py
[2023-10-19T22:54:58.068+0200] {processor.py:179} INFO - Processing /Users/nick/Desktop/airflow_dic/venv/lib/python3.11/site-packages/airflow/example_dags/plugins/listener_plugin.py took 0.046 seconds
[2023-10-19T22:56:05.131+0200] {processor.py:157} INFO - Started process (PID=35108) to work on /Users/nick/Desktop/airflow_dic/venv/lib/python3.11/site-packages/airflow/example_dags/plugins/listener_plugin.py
[2023-10-19T22:56:05.132+0200] {processor.py:829} INFO - Processing file /Users/nick/Desktop/airflow_dic/venv/lib/python3.11/site-packages/airflow/example_dags/plugins/listener_plugin.py for tasks to queue
[2023-10-19T22:56:05.132+0200] {logging_mixin.py:151} INFO - [2023-10-19T22:56:05.132+0200] {dagbag.py:539} INFO - Filling up the DagBag from /Users/nick/Desktop/airflow_dic/venv/lib/python3.11/site-packages/airflow/example_dags/plugins/listener_plugin.py
[2023-10-19T22:56:05.134+0200] {processor.py:841} WARNING - No viable dags retrieved from /Users/nick/Desktop/airflow_dic/venv/lib/python3.11/site-packages/airflow/example_dags/plugins/listener_plugin.py
[2023-10-19T22:56:05.175+0200] {processor.py:179} INFO - Processing /Users/nick/Desktop/airflow_dic/venv/lib/python3.11/site-packages/airflow/example_dags/plugins/listener_plugin.py took 0.045 seconds
[2023-10-19T22:56:40.621+0200] {processor.py:157} INFO - Started process (PID=35185) to work on /Users/nick/Desktop/airflow_dic/venv/lib/python3.11/site-packages/airflow/example_dags/plugins/listener_plugin.py
[2023-10-19T22:56:40.622+0200] {processor.py:829} INFO - Processing file /Users/nick/Desktop/airflow_dic/venv/lib/python3.11/site-packages/airflow/example_dags/plugins/listener_plugin.py for tasks to queue
[2023-10-19T22:56:40.623+0200] {logging_mixin.py:151} INFO - [2023-10-19T22:56:40.623+0200] {dagbag.py:539} INFO - Filling up the DagBag from /Users/nick/Desktop/airflow_dic/venv/lib/python3.11/site-packages/airflow/example_dags/plugins/listener_plugin.py
[2023-10-19T22:56:40.623+0200] {processor.py:841} WARNING - No viable dags retrieved from /Users/nick/Desktop/airflow_dic/venv/lib/python3.11/site-packages/airflow/example_dags/plugins/listener_plugin.py
[2023-10-19T22:56:40.665+0200] {processor.py:179} INFO - Processing /Users/nick/Desktop/airflow_dic/venv/lib/python3.11/site-packages/airflow/example_dags/plugins/listener_plugin.py took 0.044 seconds
[2023-10-19T22:57:46.517+0200] {processor.py:157} INFO - Started process (PID=35309) to work on /Users/nick/Desktop/airflow_dic/venv/lib/python3.11/site-packages/airflow/example_dags/plugins/listener_plugin.py
[2023-10-19T22:57:46.519+0200] {processor.py:829} INFO - Processing file /Users/nick/Desktop/airflow_dic/venv/lib/python3.11/site-packages/airflow/example_dags/plugins/listener_plugin.py for tasks to queue
[2023-10-19T22:57:46.519+0200] {logging_mixin.py:151} INFO - [2023-10-19T22:57:46.519+0200] {dagbag.py:539} INFO - Filling up the DagBag from /Users/nick/Desktop/airflow_dic/venv/lib/python3.11/site-packages/airflow/example_dags/plugins/listener_plugin.py
[2023-10-19T22:57:46.520+0200] {processor.py:841} WARNING - No viable dags retrieved from /Users/nick/Desktop/airflow_dic/venv/lib/python3.11/site-packages/airflow/example_dags/plugins/listener_plugin.py
[2023-10-19T22:57:46.567+0200] {processor.py:179} INFO - Processing /Users/nick/Desktop/airflow_dic/venv/lib/python3.11/site-packages/airflow/example_dags/plugins/listener_plugin.py took 0.050 seconds
[2023-10-19T22:58:21.059+0200] {processor.py:157} INFO - Started process (PID=35384) to work on /Users/nick/Desktop/airflow_dic/venv/lib/python3.11/site-packages/airflow/example_dags/plugins/listener_plugin.py
[2023-10-19T22:58:21.060+0200] {processor.py:829} INFO - Processing file /Users/nick/Desktop/airflow_dic/venv/lib/python3.11/site-packages/airflow/example_dags/plugins/listener_plugin.py for tasks to queue
[2023-10-19T22:58:21.060+0200] {logging_mixin.py:151} INFO - [2023-10-19T22:58:21.060+0200] {dagbag.py:539} INFO - Filling up the DagBag from /Users/nick/Desktop/airflow_dic/venv/lib/python3.11/site-packages/airflow/example_dags/plugins/listener_plugin.py
[2023-10-19T22:58:21.061+0200] {processor.py:841} WARNING - No viable dags retrieved from /Users/nick/Desktop/airflow_dic/venv/lib/python3.11/site-packages/airflow/example_dags/plugins/listener_plugin.py
[2023-10-19T22:58:21.105+0200] {processor.py:179} INFO - Processing /Users/nick/Desktop/airflow_dic/venv/lib/python3.11/site-packages/airflow/example_dags/plugins/listener_plugin.py took 0.047 seconds
[2023-10-19T22:59:27.772+0200] {processor.py:157} INFO - Started process (PID=35522) to work on /Users/nick/Desktop/airflow_dic/venv/lib/python3.11/site-packages/airflow/example_dags/plugins/listener_plugin.py
[2023-10-19T22:59:27.773+0200] {processor.py:829} INFO - Processing file /Users/nick/Desktop/airflow_dic/venv/lib/python3.11/site-packages/airflow/example_dags/plugins/listener_plugin.py for tasks to queue
[2023-10-19T22:59:27.773+0200] {logging_mixin.py:151} INFO - [2023-10-19T22:59:27.773+0200] {dagbag.py:539} INFO - Filling up the DagBag from /Users/nick/Desktop/airflow_dic/venv/lib/python3.11/site-packages/airflow/example_dags/plugins/listener_plugin.py
[2023-10-19T22:59:27.774+0200] {processor.py:841} WARNING - No viable dags retrieved from /Users/nick/Desktop/airflow_dic/venv/lib/python3.11/site-packages/airflow/example_dags/plugins/listener_plugin.py
[2023-10-19T22:59:27.817+0200] {processor.py:179} INFO - Processing /Users/nick/Desktop/airflow_dic/venv/lib/python3.11/site-packages/airflow/example_dags/plugins/listener_plugin.py took 0.045 seconds
[2023-10-19T22:59:50.382+0200] {processor.py:157} INFO - Started process (PID=35567) to work on /Users/nick/Desktop/airflow_dic/venv/lib/python3.11/site-packages/airflow/example_dags/plugins/listener_plugin.py
[2023-10-19T22:59:50.383+0200] {processor.py:829} INFO - Processing file /Users/nick/Desktop/airflow_dic/venv/lib/python3.11/site-packages/airflow/example_dags/plugins/listener_plugin.py for tasks to queue
[2023-10-19T22:59:50.384+0200] {logging_mixin.py:151} INFO - [2023-10-19T22:59:50.383+0200] {dagbag.py:539} INFO - Filling up the DagBag from /Users/nick/Desktop/airflow_dic/venv/lib/python3.11/site-packages/airflow/example_dags/plugins/listener_plugin.py
[2023-10-19T22:59:50.384+0200] {processor.py:841} WARNING - No viable dags retrieved from /Users/nick/Desktop/airflow_dic/venv/lib/python3.11/site-packages/airflow/example_dags/plugins/listener_plugin.py
[2023-10-19T22:59:50.427+0200] {processor.py:179} INFO - Processing /Users/nick/Desktop/airflow_dic/venv/lib/python3.11/site-packages/airflow/example_dags/plugins/listener_plugin.py took 0.045 seconds
