[2023-10-19T22:16:57.949+0200] {processor.py:157} INFO - Started process (PID=28724) to work on /Users/nick/Desktop/airflow_dic/venv/lib/python3.11/site-packages/airflow/example_dags/plugins/workday.py
[2023-10-19T22:16:57.950+0200] {processor.py:829} INFO - Processing file /Users/nick/Desktop/airflow_dic/venv/lib/python3.11/site-packages/airflow/example_dags/plugins/workday.py for tasks to queue
[2023-10-19T22:16:57.950+0200] {logging_mixin.py:151} INFO - [2023-10-19T22:16:57.950+0200] {dagbag.py:539} INFO - Filling up the DagBag from /Users/nick/Desktop/airflow_dic/venv/lib/python3.11/site-packages/airflow/example_dags/plugins/workday.py
[2023-10-19T22:16:57.950+0200] {logging_mixin.py:151} INFO - [2023-10-19T22:16:57.950+0200] {workday.py:36} WARNING - Could not import pandas. Holidays will not be considered.
[2023-10-19T22:16:57.951+0200] {processor.py:841} WARNING - No viable dags retrieved from /Users/nick/Desktop/airflow_dic/venv/lib/python3.11/site-packages/airflow/example_dags/plugins/workday.py
[2023-10-19T22:16:57.992+0200] {processor.py:179} INFO - Processing /Users/nick/Desktop/airflow_dic/venv/lib/python3.11/site-packages/airflow/example_dags/plugins/workday.py took 0.044 seconds
[2023-10-19T22:18:00.331+0200] {processor.py:157} INFO - Started process (PID=28841) to work on /Users/nick/Desktop/airflow_dic/venv/lib/python3.11/site-packages/airflow/example_dags/plugins/workday.py
[2023-10-19T22:18:00.332+0200] {processor.py:829} INFO - Processing file /Users/nick/Desktop/airflow_dic/venv/lib/python3.11/site-packages/airflow/example_dags/plugins/workday.py for tasks to queue
[2023-10-19T22:18:00.332+0200] {logging_mixin.py:151} INFO - [2023-10-19T22:18:00.332+0200] {dagbag.py:539} INFO - Filling up the DagBag from /Users/nick/Desktop/airflow_dic/venv/lib/python3.11/site-packages/airflow/example_dags/plugins/workday.py
[2023-10-19T22:18:00.333+0200] {logging_mixin.py:151} INFO - [2023-10-19T22:18:00.333+0200] {workday.py:36} WARNING - Could not import pandas. Holidays will not be considered.
[2023-10-19T22:18:00.333+0200] {processor.py:841} WARNING - No viable dags retrieved from /Users/nick/Desktop/airflow_dic/venv/lib/python3.11/site-packages/airflow/example_dags/plugins/workday.py
[2023-10-19T22:18:00.375+0200] {processor.py:179} INFO - Processing /Users/nick/Desktop/airflow_dic/venv/lib/python3.11/site-packages/airflow/example_dags/plugins/workday.py took 0.044 seconds
[2023-10-19T22:19:14.342+0200] {processor.py:157} INFO - Started process (PID=28979) to work on /Users/nick/Desktop/airflow_dic/venv/lib/python3.11/site-packages/airflow/example_dags/plugins/workday.py
[2023-10-19T22:19:14.344+0200] {processor.py:829} INFO - Processing file /Users/nick/Desktop/airflow_dic/venv/lib/python3.11/site-packages/airflow/example_dags/plugins/workday.py for tasks to queue
[2023-10-19T22:19:14.344+0200] {logging_mixin.py:151} INFO - [2023-10-19T22:19:14.344+0200] {dagbag.py:539} INFO - Filling up the DagBag from /Users/nick/Desktop/airflow_dic/venv/lib/python3.11/site-packages/airflow/example_dags/plugins/workday.py
[2023-10-19T22:19:14.345+0200] {logging_mixin.py:151} INFO - [2023-10-19T22:19:14.345+0200] {workday.py:36} WARNING - Could not import pandas. Holidays will not be considered.
[2023-10-19T22:19:14.345+0200] {processor.py:841} WARNING - No viable dags retrieved from /Users/nick/Desktop/airflow_dic/venv/lib/python3.11/site-packages/airflow/example_dags/plugins/workday.py
[2023-10-19T22:19:14.387+0200] {processor.py:179} INFO - Processing /Users/nick/Desktop/airflow_dic/venv/lib/python3.11/site-packages/airflow/example_dags/plugins/workday.py took 0.046 seconds
[2023-10-19T22:19:54.617+0200] {processor.py:157} INFO - Started process (PID=29054) to work on /Users/nick/Desktop/airflow_dic/venv/lib/python3.11/site-packages/airflow/example_dags/plugins/workday.py
[2023-10-19T22:19:54.618+0200] {processor.py:829} INFO - Processing file /Users/nick/Desktop/airflow_dic/venv/lib/python3.11/site-packages/airflow/example_dags/plugins/workday.py for tasks to queue
[2023-10-19T22:19:54.618+0200] {logging_mixin.py:151} INFO - [2023-10-19T22:19:54.618+0200] {dagbag.py:539} INFO - Filling up the DagBag from /Users/nick/Desktop/airflow_dic/venv/lib/python3.11/site-packages/airflow/example_dags/plugins/workday.py
[2023-10-19T22:19:54.619+0200] {logging_mixin.py:151} INFO - [2023-10-19T22:19:54.619+0200] {workday.py:36} WARNING - Could not import pandas. Holidays will not be considered.
[2023-10-19T22:19:54.619+0200] {processor.py:841} WARNING - No viable dags retrieved from /Users/nick/Desktop/airflow_dic/venv/lib/python3.11/site-packages/airflow/example_dags/plugins/workday.py
[2023-10-19T22:19:54.661+0200] {processor.py:179} INFO - Processing /Users/nick/Desktop/airflow_dic/venv/lib/python3.11/site-packages/airflow/example_dags/plugins/workday.py took 0.044 seconds
[2023-10-19T22:20:28.115+0200] {processor.py:157} INFO - Started process (PID=29116) to work on /Users/nick/Desktop/airflow_dic/venv/lib/python3.11/site-packages/airflow/example_dags/plugins/workday.py
[2023-10-19T22:20:28.116+0200] {processor.py:829} INFO - Processing file /Users/nick/Desktop/airflow_dic/venv/lib/python3.11/site-packages/airflow/example_dags/plugins/workday.py for tasks to queue
[2023-10-19T22:20:28.116+0200] {logging_mixin.py:151} INFO - [2023-10-19T22:20:28.116+0200] {dagbag.py:539} INFO - Filling up the DagBag from /Users/nick/Desktop/airflow_dic/venv/lib/python3.11/site-packages/airflow/example_dags/plugins/workday.py
[2023-10-19T22:20:28.117+0200] {logging_mixin.py:151} INFO - [2023-10-19T22:20:28.117+0200] {workday.py:36} WARNING - Could not import pandas. Holidays will not be considered.
[2023-10-19T22:20:28.117+0200] {processor.py:841} WARNING - No viable dags retrieved from /Users/nick/Desktop/airflow_dic/venv/lib/python3.11/site-packages/airflow/example_dags/plugins/workday.py
[2023-10-19T22:20:28.158+0200] {processor.py:179} INFO - Processing /Users/nick/Desktop/airflow_dic/venv/lib/python3.11/site-packages/airflow/example_dags/plugins/workday.py took 0.044 seconds
[2023-10-19T22:21:33.317+0200] {processor.py:157} INFO - Started process (PID=29250) to work on /Users/nick/Desktop/airflow_dic/venv/lib/python3.11/site-packages/airflow/example_dags/plugins/workday.py
[2023-10-19T22:21:33.319+0200] {processor.py:829} INFO - Processing file /Users/nick/Desktop/airflow_dic/venv/lib/python3.11/site-packages/airflow/example_dags/plugins/workday.py for tasks to queue
[2023-10-19T22:21:33.319+0200] {logging_mixin.py:151} INFO - [2023-10-19T22:21:33.319+0200] {dagbag.py:539} INFO - Filling up the DagBag from /Users/nick/Desktop/airflow_dic/venv/lib/python3.11/site-packages/airflow/example_dags/plugins/workday.py
[2023-10-19T22:21:33.320+0200] {logging_mixin.py:151} INFO - [2023-10-19T22:21:33.320+0200] {workday.py:36} WARNING - Could not import pandas. Holidays will not be considered.
[2023-10-19T22:21:33.320+0200] {processor.py:841} WARNING - No viable dags retrieved from /Users/nick/Desktop/airflow_dic/venv/lib/python3.11/site-packages/airflow/example_dags/plugins/workday.py
[2023-10-19T22:21:33.363+0200] {processor.py:179} INFO - Processing /Users/nick/Desktop/airflow_dic/venv/lib/python3.11/site-packages/airflow/example_dags/plugins/workday.py took 0.046 seconds
[2023-10-19T22:22:08.350+0200] {processor.py:157} INFO - Started process (PID=29320) to work on /Users/nick/Desktop/airflow_dic/venv/lib/python3.11/site-packages/airflow/example_dags/plugins/workday.py
[2023-10-19T22:22:08.353+0200] {processor.py:829} INFO - Processing file /Users/nick/Desktop/airflow_dic/venv/lib/python3.11/site-packages/airflow/example_dags/plugins/workday.py for tasks to queue
[2023-10-19T22:22:08.353+0200] {logging_mixin.py:151} INFO - [2023-10-19T22:22:08.353+0200] {dagbag.py:539} INFO - Filling up the DagBag from /Users/nick/Desktop/airflow_dic/venv/lib/python3.11/site-packages/airflow/example_dags/plugins/workday.py
[2023-10-19T22:22:08.354+0200] {logging_mixin.py:151} INFO - [2023-10-19T22:22:08.354+0200] {workday.py:36} WARNING - Could not import pandas. Holidays will not be considered.
[2023-10-19T22:22:08.354+0200] {processor.py:841} WARNING - No viable dags retrieved from /Users/nick/Desktop/airflow_dic/venv/lib/python3.11/site-packages/airflow/example_dags/plugins/workday.py
[2023-10-19T22:22:08.411+0200] {processor.py:179} INFO - Processing /Users/nick/Desktop/airflow_dic/venv/lib/python3.11/site-packages/airflow/example_dags/plugins/workday.py took 0.061 seconds
[2023-10-19T22:22:50.154+0200] {processor.py:157} INFO - Started process (PID=29412) to work on /Users/nick/Desktop/airflow_dic/venv/lib/python3.11/site-packages/airflow/example_dags/plugins/workday.py
[2023-10-19T22:22:50.156+0200] {processor.py:829} INFO - Processing file /Users/nick/Desktop/airflow_dic/venv/lib/python3.11/site-packages/airflow/example_dags/plugins/workday.py for tasks to queue
[2023-10-19T22:22:50.156+0200] {logging_mixin.py:151} INFO - [2023-10-19T22:22:50.156+0200] {dagbag.py:539} INFO - Filling up the DagBag from /Users/nick/Desktop/airflow_dic/venv/lib/python3.11/site-packages/airflow/example_dags/plugins/workday.py
[2023-10-19T22:22:50.156+0200] {logging_mixin.py:151} INFO - [2023-10-19T22:22:50.156+0200] {workday.py:36} WARNING - Could not import pandas. Holidays will not be considered.
[2023-10-19T22:22:50.157+0200] {processor.py:841} WARNING - No viable dags retrieved from /Users/nick/Desktop/airflow_dic/venv/lib/python3.11/site-packages/airflow/example_dags/plugins/workday.py
[2023-10-19T22:22:50.213+0200] {processor.py:179} INFO - Processing /Users/nick/Desktop/airflow_dic/venv/lib/python3.11/site-packages/airflow/example_dags/plugins/workday.py took 0.059 seconds
[2023-10-19T22:23:54.341+0200] {processor.py:157} INFO - Started process (PID=29535) to work on /Users/nick/Desktop/airflow_dic/venv/lib/python3.11/site-packages/airflow/example_dags/plugins/workday.py
[2023-10-19T22:23:54.343+0200] {processor.py:829} INFO - Processing file /Users/nick/Desktop/airflow_dic/venv/lib/python3.11/site-packages/airflow/example_dags/plugins/workday.py for tasks to queue
[2023-10-19T22:23:54.343+0200] {logging_mixin.py:151} INFO - [2023-10-19T22:23:54.343+0200] {dagbag.py:539} INFO - Filling up the DagBag from /Users/nick/Desktop/airflow_dic/venv/lib/python3.11/site-packages/airflow/example_dags/plugins/workday.py
[2023-10-19T22:23:54.343+0200] {logging_mixin.py:151} INFO - [2023-10-19T22:23:54.343+0200] {workday.py:36} WARNING - Could not import pandas. Holidays will not be considered.
[2023-10-19T22:23:54.344+0200] {processor.py:841} WARNING - No viable dags retrieved from /Users/nick/Desktop/airflow_dic/venv/lib/python3.11/site-packages/airflow/example_dags/plugins/workday.py
[2023-10-19T22:23:54.391+0200] {processor.py:179} INFO - Processing /Users/nick/Desktop/airflow_dic/venv/lib/python3.11/site-packages/airflow/example_dags/plugins/workday.py took 0.049 seconds
[2023-10-19T22:24:28.862+0200] {processor.py:157} INFO - Started process (PID=29601) to work on /Users/nick/Desktop/airflow_dic/venv/lib/python3.11/site-packages/airflow/example_dags/plugins/workday.py
[2023-10-19T22:24:28.863+0200] {processor.py:829} INFO - Processing file /Users/nick/Desktop/airflow_dic/venv/lib/python3.11/site-packages/airflow/example_dags/plugins/workday.py for tasks to queue
[2023-10-19T22:24:28.864+0200] {logging_mixin.py:151} INFO - [2023-10-19T22:24:28.863+0200] {dagbag.py:539} INFO - Filling up the DagBag from /Users/nick/Desktop/airflow_dic/venv/lib/python3.11/site-packages/airflow/example_dags/plugins/workday.py
[2023-10-19T22:24:28.864+0200] {logging_mixin.py:151} INFO - [2023-10-19T22:24:28.864+0200] {workday.py:36} WARNING - Could not import pandas. Holidays will not be considered.
[2023-10-19T22:24:28.864+0200] {processor.py:841} WARNING - No viable dags retrieved from /Users/nick/Desktop/airflow_dic/venv/lib/python3.11/site-packages/airflow/example_dags/plugins/workday.py
[2023-10-19T22:24:28.906+0200] {processor.py:179} INFO - Processing /Users/nick/Desktop/airflow_dic/venv/lib/python3.11/site-packages/airflow/example_dags/plugins/workday.py took 0.044 seconds
[2023-10-19T22:24:55.442+0200] {processor.py:157} INFO - Started process (PID=29665) to work on /Users/nick/Desktop/airflow_dic/venv/lib/python3.11/site-packages/airflow/example_dags/plugins/workday.py
[2023-10-19T22:24:55.443+0200] {processor.py:829} INFO - Processing file /Users/nick/Desktop/airflow_dic/venv/lib/python3.11/site-packages/airflow/example_dags/plugins/workday.py for tasks to queue
[2023-10-19T22:24:55.443+0200] {logging_mixin.py:151} INFO - [2023-10-19T22:24:55.443+0200] {dagbag.py:539} INFO - Filling up the DagBag from /Users/nick/Desktop/airflow_dic/venv/lib/python3.11/site-packages/airflow/example_dags/plugins/workday.py
[2023-10-19T22:24:55.444+0200] {logging_mixin.py:151} INFO - [2023-10-19T22:24:55.444+0200] {workday.py:36} WARNING - Could not import pandas. Holidays will not be considered.
[2023-10-19T22:24:55.444+0200] {processor.py:841} WARNING - No viable dags retrieved from /Users/nick/Desktop/airflow_dic/venv/lib/python3.11/site-packages/airflow/example_dags/plugins/workday.py
[2023-10-19T22:24:55.486+0200] {processor.py:179} INFO - Processing /Users/nick/Desktop/airflow_dic/venv/lib/python3.11/site-packages/airflow/example_dags/plugins/workday.py took 0.045 seconds
[2023-10-19T22:26:07.455+0200] {processor.py:157} INFO - Started process (PID=31682) to work on /Users/nick/Desktop/airflow_dic/venv/lib/python3.11/site-packages/airflow/example_dags/plugins/workday.py
[2023-10-19T22:26:07.457+0200] {processor.py:829} INFO - Processing file /Users/nick/Desktop/airflow_dic/venv/lib/python3.11/site-packages/airflow/example_dags/plugins/workday.py for tasks to queue
[2023-10-19T22:26:07.458+0200] {logging_mixin.py:151} INFO - [2023-10-19T22:26:07.457+0200] {dagbag.py:539} INFO - Filling up the DagBag from /Users/nick/Desktop/airflow_dic/venv/lib/python3.11/site-packages/airflow/example_dags/plugins/workday.py
[2023-10-19T22:26:07.458+0200] {logging_mixin.py:151} INFO - [2023-10-19T22:26:07.458+0200] {workday.py:36} WARNING - Could not import pandas. Holidays will not be considered.
[2023-10-19T22:26:07.458+0200] {processor.py:841} WARNING - No viable dags retrieved from /Users/nick/Desktop/airflow_dic/venv/lib/python3.11/site-packages/airflow/example_dags/plugins/workday.py
[2023-10-19T22:26:07.500+0200] {processor.py:179} INFO - Processing /Users/nick/Desktop/airflow_dic/venv/lib/python3.11/site-packages/airflow/example_dags/plugins/workday.py took 0.045 seconds
[2023-10-19T22:26:53.523+0200] {processor.py:157} INFO - Started process (PID=31769) to work on /Users/nick/Desktop/airflow_dic/venv/lib/python3.11/site-packages/airflow/example_dags/plugins/workday.py
[2023-10-19T22:26:53.524+0200] {processor.py:829} INFO - Processing file /Users/nick/Desktop/airflow_dic/venv/lib/python3.11/site-packages/airflow/example_dags/plugins/workday.py for tasks to queue
[2023-10-19T22:26:53.524+0200] {logging_mixin.py:151} INFO - [2023-10-19T22:26:53.524+0200] {dagbag.py:539} INFO - Filling up the DagBag from /Users/nick/Desktop/airflow_dic/venv/lib/python3.11/site-packages/airflow/example_dags/plugins/workday.py
[2023-10-19T22:26:53.525+0200] {logging_mixin.py:151} INFO - [2023-10-19T22:26:53.525+0200] {workday.py:36} WARNING - Could not import pandas. Holidays will not be considered.
[2023-10-19T22:26:53.525+0200] {processor.py:841} WARNING - No viable dags retrieved from /Users/nick/Desktop/airflow_dic/venv/lib/python3.11/site-packages/airflow/example_dags/plugins/workday.py
[2023-10-19T22:26:53.569+0200] {processor.py:179} INFO - Processing /Users/nick/Desktop/airflow_dic/venv/lib/python3.11/site-packages/airflow/example_dags/plugins/workday.py took 0.047 seconds
[2023-10-19T22:27:13.043+0200] {processor.py:157} INFO - Started process (PID=31807) to work on /Users/nick/Desktop/airflow_dic/venv/lib/python3.11/site-packages/airflow/example_dags/plugins/workday.py
[2023-10-19T22:27:13.045+0200] {processor.py:829} INFO - Processing file /Users/nick/Desktop/airflow_dic/venv/lib/python3.11/site-packages/airflow/example_dags/plugins/workday.py for tasks to queue
[2023-10-19T22:27:13.045+0200] {logging_mixin.py:151} INFO - [2023-10-19T22:27:13.045+0200] {dagbag.py:539} INFO - Filling up the DagBag from /Users/nick/Desktop/airflow_dic/venv/lib/python3.11/site-packages/airflow/example_dags/plugins/workday.py
[2023-10-19T22:27:13.045+0200] {logging_mixin.py:151} INFO - [2023-10-19T22:27:13.045+0200] {workday.py:36} WARNING - Could not import pandas. Holidays will not be considered.
[2023-10-19T22:27:13.045+0200] {processor.py:841} WARNING - No viable dags retrieved from /Users/nick/Desktop/airflow_dic/venv/lib/python3.11/site-packages/airflow/example_dags/plugins/workday.py
[2023-10-19T22:27:13.090+0200] {processor.py:179} INFO - Processing /Users/nick/Desktop/airflow_dic/venv/lib/python3.11/site-packages/airflow/example_dags/plugins/workday.py took 0.047 seconds
[2023-10-19T22:28:29.624+0200] {processor.py:157} INFO - Started process (PID=31945) to work on /Users/nick/Desktop/airflow_dic/venv/lib/python3.11/site-packages/airflow/example_dags/plugins/workday.py
[2023-10-19T22:28:29.625+0200] {processor.py:829} INFO - Processing file /Users/nick/Desktop/airflow_dic/venv/lib/python3.11/site-packages/airflow/example_dags/plugins/workday.py for tasks to queue
[2023-10-19T22:28:29.625+0200] {logging_mixin.py:151} INFO - [2023-10-19T22:28:29.625+0200] {dagbag.py:539} INFO - Filling up the DagBag from /Users/nick/Desktop/airflow_dic/venv/lib/python3.11/site-packages/airflow/example_dags/plugins/workday.py
[2023-10-19T22:28:29.626+0200] {logging_mixin.py:151} INFO - [2023-10-19T22:28:29.626+0200] {workday.py:36} WARNING - Could not import pandas. Holidays will not be considered.
[2023-10-19T22:28:29.626+0200] {processor.py:841} WARNING - No viable dags retrieved from /Users/nick/Desktop/airflow_dic/venv/lib/python3.11/site-packages/airflow/example_dags/plugins/workday.py
[2023-10-19T22:28:29.668+0200] {processor.py:179} INFO - Processing /Users/nick/Desktop/airflow_dic/venv/lib/python3.11/site-packages/airflow/example_dags/plugins/workday.py took 0.044 seconds
[2023-10-19T22:29:08.648+0200] {processor.py:157} INFO - Started process (PID=32043) to work on /Users/nick/Desktop/airflow_dic/venv/lib/python3.11/site-packages/airflow/example_dags/plugins/workday.py
[2023-10-19T22:29:08.650+0200] {processor.py:829} INFO - Processing file /Users/nick/Desktop/airflow_dic/venv/lib/python3.11/site-packages/airflow/example_dags/plugins/workday.py for tasks to queue
[2023-10-19T22:29:08.650+0200] {logging_mixin.py:151} INFO - [2023-10-19T22:29:08.650+0200] {dagbag.py:539} INFO - Filling up the DagBag from /Users/nick/Desktop/airflow_dic/venv/lib/python3.11/site-packages/airflow/example_dags/plugins/workday.py
[2023-10-19T22:29:08.650+0200] {logging_mixin.py:151} INFO - [2023-10-19T22:29:08.650+0200] {workday.py:36} WARNING - Could not import pandas. Holidays will not be considered.
[2023-10-19T22:29:08.651+0200] {processor.py:841} WARNING - No viable dags retrieved from /Users/nick/Desktop/airflow_dic/venv/lib/python3.11/site-packages/airflow/example_dags/plugins/workday.py
[2023-10-19T22:29:08.699+0200] {processor.py:179} INFO - Processing /Users/nick/Desktop/airflow_dic/venv/lib/python3.11/site-packages/airflow/example_dags/plugins/workday.py took 0.051 seconds
[2023-10-19T22:29:42.099+0200] {processor.py:157} INFO - Started process (PID=32106) to work on /Users/nick/Desktop/airflow_dic/venv/lib/python3.11/site-packages/airflow/example_dags/plugins/workday.py
[2023-10-19T22:29:42.100+0200] {processor.py:829} INFO - Processing file /Users/nick/Desktop/airflow_dic/venv/lib/python3.11/site-packages/airflow/example_dags/plugins/workday.py for tasks to queue
[2023-10-19T22:29:42.100+0200] {logging_mixin.py:151} INFO - [2023-10-19T22:29:42.100+0200] {dagbag.py:539} INFO - Filling up the DagBag from /Users/nick/Desktop/airflow_dic/venv/lib/python3.11/site-packages/airflow/example_dags/plugins/workday.py
[2023-10-19T22:29:42.101+0200] {logging_mixin.py:151} INFO - [2023-10-19T22:29:42.101+0200] {workday.py:36} WARNING - Could not import pandas. Holidays will not be considered.
[2023-10-19T22:29:42.101+0200] {processor.py:841} WARNING - No viable dags retrieved from /Users/nick/Desktop/airflow_dic/venv/lib/python3.11/site-packages/airflow/example_dags/plugins/workday.py
[2023-10-19T22:29:42.143+0200] {processor.py:179} INFO - Processing /Users/nick/Desktop/airflow_dic/venv/lib/python3.11/site-packages/airflow/example_dags/plugins/workday.py took 0.044 seconds
[2023-10-19T22:30:36.821+0200] {processor.py:157} INFO - Started process (PID=32211) to work on /Users/nick/Desktop/airflow_dic/venv/lib/python3.11/site-packages/airflow/example_dags/plugins/workday.py
[2023-10-19T22:30:36.823+0200] {processor.py:829} INFO - Processing file /Users/nick/Desktop/airflow_dic/venv/lib/python3.11/site-packages/airflow/example_dags/plugins/workday.py for tasks to queue
[2023-10-19T22:30:36.823+0200] {logging_mixin.py:151} INFO - [2023-10-19T22:30:36.823+0200] {dagbag.py:539} INFO - Filling up the DagBag from /Users/nick/Desktop/airflow_dic/venv/lib/python3.11/site-packages/airflow/example_dags/plugins/workday.py
[2023-10-19T22:30:36.823+0200] {logging_mixin.py:151} INFO - [2023-10-19T22:30:36.823+0200] {workday.py:36} WARNING - Could not import pandas. Holidays will not be considered.
[2023-10-19T22:30:36.824+0200] {processor.py:841} WARNING - No viable dags retrieved from /Users/nick/Desktop/airflow_dic/venv/lib/python3.11/site-packages/airflow/example_dags/plugins/workday.py
[2023-10-19T22:30:36.870+0200] {processor.py:179} INFO - Processing /Users/nick/Desktop/airflow_dic/venv/lib/python3.11/site-packages/airflow/example_dags/plugins/workday.py took 0.049 seconds
[2023-10-19T22:30:55.245+0200] {processor.py:157} INFO - Started process (PID=32254) to work on /Users/nick/Desktop/airflow_dic/venv/lib/python3.11/site-packages/airflow/example_dags/plugins/workday.py
[2023-10-19T22:30:55.247+0200] {processor.py:829} INFO - Processing file /Users/nick/Desktop/airflow_dic/venv/lib/python3.11/site-packages/airflow/example_dags/plugins/workday.py for tasks to queue
[2023-10-19T22:30:55.247+0200] {logging_mixin.py:151} INFO - [2023-10-19T22:30:55.247+0200] {dagbag.py:539} INFO - Filling up the DagBag from /Users/nick/Desktop/airflow_dic/venv/lib/python3.11/site-packages/airflow/example_dags/plugins/workday.py
[2023-10-19T22:30:55.247+0200] {logging_mixin.py:151} INFO - [2023-10-19T22:30:55.247+0200] {workday.py:36} WARNING - Could not import pandas. Holidays will not be considered.
[2023-10-19T22:30:55.247+0200] {processor.py:841} WARNING - No viable dags retrieved from /Users/nick/Desktop/airflow_dic/venv/lib/python3.11/site-packages/airflow/example_dags/plugins/workday.py
[2023-10-19T22:30:55.290+0200] {processor.py:179} INFO - Processing /Users/nick/Desktop/airflow_dic/venv/lib/python3.11/site-packages/airflow/example_dags/plugins/workday.py took 0.045 seconds
[2023-10-19T22:31:59.670+0200] {processor.py:157} INFO - Started process (PID=32373) to work on /Users/nick/Desktop/airflow_dic/venv/lib/python3.11/site-packages/airflow/example_dags/plugins/workday.py
[2023-10-19T22:31:59.671+0200] {processor.py:829} INFO - Processing file /Users/nick/Desktop/airflow_dic/venv/lib/python3.11/site-packages/airflow/example_dags/plugins/workday.py for tasks to queue
[2023-10-19T22:31:59.672+0200] {logging_mixin.py:151} INFO - [2023-10-19T22:31:59.671+0200] {dagbag.py:539} INFO - Filling up the DagBag from /Users/nick/Desktop/airflow_dic/venv/lib/python3.11/site-packages/airflow/example_dags/plugins/workday.py
[2023-10-19T22:31:59.672+0200] {logging_mixin.py:151} INFO - [2023-10-19T22:31:59.672+0200] {workday.py:36} WARNING - Could not import pandas. Holidays will not be considered.
[2023-10-19T22:31:59.672+0200] {processor.py:841} WARNING - No viable dags retrieved from /Users/nick/Desktop/airflow_dic/venv/lib/python3.11/site-packages/airflow/example_dags/plugins/workday.py
[2023-10-19T22:31:59.719+0200] {processor.py:179} INFO - Processing /Users/nick/Desktop/airflow_dic/venv/lib/python3.11/site-packages/airflow/example_dags/plugins/workday.py took 0.049 seconds
[2023-10-19T22:32:35.511+0200] {processor.py:157} INFO - Started process (PID=32437) to work on /Users/nick/Desktop/airflow_dic/venv/lib/python3.11/site-packages/airflow/example_dags/plugins/workday.py
[2023-10-19T22:32:35.512+0200] {processor.py:829} INFO - Processing file /Users/nick/Desktop/airflow_dic/venv/lib/python3.11/site-packages/airflow/example_dags/plugins/workday.py for tasks to queue
[2023-10-19T22:32:35.513+0200] {logging_mixin.py:151} INFO - [2023-10-19T22:32:35.513+0200] {dagbag.py:539} INFO - Filling up the DagBag from /Users/nick/Desktop/airflow_dic/venv/lib/python3.11/site-packages/airflow/example_dags/plugins/workday.py
[2023-10-19T22:32:35.513+0200] {logging_mixin.py:151} INFO - [2023-10-19T22:32:35.513+0200] {workday.py:36} WARNING - Could not import pandas. Holidays will not be considered.
[2023-10-19T22:32:35.513+0200] {processor.py:841} WARNING - No viable dags retrieved from /Users/nick/Desktop/airflow_dic/venv/lib/python3.11/site-packages/airflow/example_dags/plugins/workday.py
[2023-10-19T22:32:35.559+0200] {processor.py:179} INFO - Processing /Users/nick/Desktop/airflow_dic/venv/lib/python3.11/site-packages/airflow/example_dags/plugins/workday.py took 0.048 seconds
[2023-10-19T22:33:08.871+0200] {processor.py:157} INFO - Started process (PID=32499) to work on /Users/nick/Desktop/airflow_dic/venv/lib/python3.11/site-packages/airflow/example_dags/plugins/workday.py
[2023-10-19T22:33:08.872+0200] {processor.py:829} INFO - Processing file /Users/nick/Desktop/airflow_dic/venv/lib/python3.11/site-packages/airflow/example_dags/plugins/workday.py for tasks to queue
[2023-10-19T22:33:08.872+0200] {logging_mixin.py:151} INFO - [2023-10-19T22:33:08.872+0200] {dagbag.py:539} INFO - Filling up the DagBag from /Users/nick/Desktop/airflow_dic/venv/lib/python3.11/site-packages/airflow/example_dags/plugins/workday.py
[2023-10-19T22:33:08.873+0200] {logging_mixin.py:151} INFO - [2023-10-19T22:33:08.873+0200] {workday.py:36} WARNING - Could not import pandas. Holidays will not be considered.
[2023-10-19T22:33:08.873+0200] {processor.py:841} WARNING - No viable dags retrieved from /Users/nick/Desktop/airflow_dic/venv/lib/python3.11/site-packages/airflow/example_dags/plugins/workday.py
[2023-10-19T22:33:08.915+0200] {processor.py:179} INFO - Processing /Users/nick/Desktop/airflow_dic/venv/lib/python3.11/site-packages/airflow/example_dags/plugins/workday.py took 0.045 seconds
[2023-10-19T22:33:43.088+0200] {processor.py:157} INFO - Started process (PID=32570) to work on /Users/nick/Desktop/airflow_dic/venv/lib/python3.11/site-packages/airflow/example_dags/plugins/workday.py
[2023-10-19T22:33:43.090+0200] {processor.py:829} INFO - Processing file /Users/nick/Desktop/airflow_dic/venv/lib/python3.11/site-packages/airflow/example_dags/plugins/workday.py for tasks to queue
[2023-10-19T22:33:43.091+0200] {logging_mixin.py:151} INFO - [2023-10-19T22:33:43.091+0200] {dagbag.py:539} INFO - Filling up the DagBag from /Users/nick/Desktop/airflow_dic/venv/lib/python3.11/site-packages/airflow/example_dags/plugins/workday.py
[2023-10-19T22:33:43.091+0200] {logging_mixin.py:151} INFO - [2023-10-19T22:33:43.091+0200] {workday.py:36} WARNING - Could not import pandas. Holidays will not be considered.
[2023-10-19T22:33:43.092+0200] {processor.py:841} WARNING - No viable dags retrieved from /Users/nick/Desktop/airflow_dic/venv/lib/python3.11/site-packages/airflow/example_dags/plugins/workday.py
[2023-10-19T22:33:43.137+0200] {processor.py:179} INFO - Processing /Users/nick/Desktop/airflow_dic/venv/lib/python3.11/site-packages/airflow/example_dags/plugins/workday.py took 0.049 seconds
[2023-10-19T22:34:18.663+0200] {processor.py:157} INFO - Started process (PID=32639) to work on /Users/nick/Desktop/airflow_dic/venv/lib/python3.11/site-packages/airflow/example_dags/plugins/workday.py
[2023-10-19T22:34:18.664+0200] {processor.py:829} INFO - Processing file /Users/nick/Desktop/airflow_dic/venv/lib/python3.11/site-packages/airflow/example_dags/plugins/workday.py for tasks to queue
[2023-10-19T22:34:18.664+0200] {logging_mixin.py:151} INFO - [2023-10-19T22:34:18.664+0200] {dagbag.py:539} INFO - Filling up the DagBag from /Users/nick/Desktop/airflow_dic/venv/lib/python3.11/site-packages/airflow/example_dags/plugins/workday.py
[2023-10-19T22:34:18.666+0200] {logging_mixin.py:151} INFO - [2023-10-19T22:34:18.666+0200] {workday.py:36} WARNING - Could not import pandas. Holidays will not be considered.
[2023-10-19T22:34:18.666+0200] {processor.py:841} WARNING - No viable dags retrieved from /Users/nick/Desktop/airflow_dic/venv/lib/python3.11/site-packages/airflow/example_dags/plugins/workday.py
[2023-10-19T22:34:18.709+0200] {processor.py:179} INFO - Processing /Users/nick/Desktop/airflow_dic/venv/lib/python3.11/site-packages/airflow/example_dags/plugins/workday.py took 0.046 seconds
[2023-10-19T22:34:53.312+0200] {processor.py:157} INFO - Started process (PID=32723) to work on /Users/nick/Desktop/airflow_dic/venv/lib/python3.11/site-packages/airflow/example_dags/plugins/workday.py
[2023-10-19T22:34:53.314+0200] {processor.py:829} INFO - Processing file /Users/nick/Desktop/airflow_dic/venv/lib/python3.11/site-packages/airflow/example_dags/plugins/workday.py for tasks to queue
[2023-10-19T22:34:53.314+0200] {logging_mixin.py:151} INFO - [2023-10-19T22:34:53.314+0200] {dagbag.py:539} INFO - Filling up the DagBag from /Users/nick/Desktop/airflow_dic/venv/lib/python3.11/site-packages/airflow/example_dags/plugins/workday.py
[2023-10-19T22:34:53.315+0200] {logging_mixin.py:151} INFO - [2023-10-19T22:34:53.315+0200] {workday.py:36} WARNING - Could not import pandas. Holidays will not be considered.
[2023-10-19T22:34:53.315+0200] {processor.py:841} WARNING - No viable dags retrieved from /Users/nick/Desktop/airflow_dic/venv/lib/python3.11/site-packages/airflow/example_dags/plugins/workday.py
[2023-10-19T22:34:53.358+0200] {processor.py:179} INFO - Processing /Users/nick/Desktop/airflow_dic/venv/lib/python3.11/site-packages/airflow/example_dags/plugins/workday.py took 0.046 seconds
[2023-10-19T22:35:26.020+0200] {processor.py:157} INFO - Started process (PID=32808) to work on /Users/nick/Desktop/airflow_dic/venv/lib/python3.11/site-packages/airflow/example_dags/plugins/workday.py
[2023-10-19T22:35:26.022+0200] {processor.py:829} INFO - Processing file /Users/nick/Desktop/airflow_dic/venv/lib/python3.11/site-packages/airflow/example_dags/plugins/workday.py for tasks to queue
[2023-10-19T22:35:26.022+0200] {logging_mixin.py:151} INFO - [2023-10-19T22:35:26.022+0200] {dagbag.py:539} INFO - Filling up the DagBag from /Users/nick/Desktop/airflow_dic/venv/lib/python3.11/site-packages/airflow/example_dags/plugins/workday.py
[2023-10-19T22:35:26.023+0200] {logging_mixin.py:151} INFO - [2023-10-19T22:35:26.023+0200] {workday.py:36} WARNING - Could not import pandas. Holidays will not be considered.
[2023-10-19T22:35:26.023+0200] {processor.py:841} WARNING - No viable dags retrieved from /Users/nick/Desktop/airflow_dic/venv/lib/python3.11/site-packages/airflow/example_dags/plugins/workday.py
[2023-10-19T22:35:26.065+0200] {processor.py:179} INFO - Processing /Users/nick/Desktop/airflow_dic/venv/lib/python3.11/site-packages/airflow/example_dags/plugins/workday.py took 0.045 seconds
[2023-10-19T22:36:01.020+0200] {processor.py:157} INFO - Started process (PID=32873) to work on /Users/nick/Desktop/airflow_dic/venv/lib/python3.11/site-packages/airflow/example_dags/plugins/workday.py
[2023-10-19T22:36:01.022+0200] {processor.py:829} INFO - Processing file /Users/nick/Desktop/airflow_dic/venv/lib/python3.11/site-packages/airflow/example_dags/plugins/workday.py for tasks to queue
[2023-10-19T22:36:01.022+0200] {logging_mixin.py:151} INFO - [2023-10-19T22:36:01.022+0200] {dagbag.py:539} INFO - Filling up the DagBag from /Users/nick/Desktop/airflow_dic/venv/lib/python3.11/site-packages/airflow/example_dags/plugins/workday.py
[2023-10-19T22:36:01.023+0200] {logging_mixin.py:151} INFO - [2023-10-19T22:36:01.022+0200] {workday.py:36} WARNING - Could not import pandas. Holidays will not be considered.
[2023-10-19T22:36:01.023+0200] {processor.py:841} WARNING - No viable dags retrieved from /Users/nick/Desktop/airflow_dic/venv/lib/python3.11/site-packages/airflow/example_dags/plugins/workday.py
[2023-10-19T22:36:01.066+0200] {processor.py:179} INFO - Processing /Users/nick/Desktop/airflow_dic/venv/lib/python3.11/site-packages/airflow/example_dags/plugins/workday.py took 0.046 seconds
[2023-10-19T22:36:35.790+0200] {processor.py:157} INFO - Started process (PID=32940) to work on /Users/nick/Desktop/airflow_dic/venv/lib/python3.11/site-packages/airflow/example_dags/plugins/workday.py
[2023-10-19T22:36:35.792+0200] {processor.py:829} INFO - Processing file /Users/nick/Desktop/airflow_dic/venv/lib/python3.11/site-packages/airflow/example_dags/plugins/workday.py for tasks to queue
[2023-10-19T22:36:35.792+0200] {logging_mixin.py:151} INFO - [2023-10-19T22:36:35.792+0200] {dagbag.py:539} INFO - Filling up the DagBag from /Users/nick/Desktop/airflow_dic/venv/lib/python3.11/site-packages/airflow/example_dags/plugins/workday.py
[2023-10-19T22:36:35.792+0200] {logging_mixin.py:151} INFO - [2023-10-19T22:36:35.792+0200] {workday.py:36} WARNING - Could not import pandas. Holidays will not be considered.
[2023-10-19T22:36:35.792+0200] {processor.py:841} WARNING - No viable dags retrieved from /Users/nick/Desktop/airflow_dic/venv/lib/python3.11/site-packages/airflow/example_dags/plugins/workday.py
[2023-10-19T22:36:35.835+0200] {processor.py:179} INFO - Processing /Users/nick/Desktop/airflow_dic/venv/lib/python3.11/site-packages/airflow/example_dags/plugins/workday.py took 0.045 seconds
[2023-10-19T22:37:09.783+0200] {processor.py:157} INFO - Started process (PID=33002) to work on /Users/nick/Desktop/airflow_dic/venv/lib/python3.11/site-packages/airflow/example_dags/plugins/workday.py
[2023-10-19T22:37:09.784+0200] {processor.py:829} INFO - Processing file /Users/nick/Desktop/airflow_dic/venv/lib/python3.11/site-packages/airflow/example_dags/plugins/workday.py for tasks to queue
[2023-10-19T22:37:09.784+0200] {logging_mixin.py:151} INFO - [2023-10-19T22:37:09.784+0200] {dagbag.py:539} INFO - Filling up the DagBag from /Users/nick/Desktop/airflow_dic/venv/lib/python3.11/site-packages/airflow/example_dags/plugins/workday.py
[2023-10-19T22:37:09.784+0200] {logging_mixin.py:151} INFO - [2023-10-19T22:37:09.784+0200] {workday.py:36} WARNING - Could not import pandas. Holidays will not be considered.
[2023-10-19T22:37:09.785+0200] {processor.py:841} WARNING - No viable dags retrieved from /Users/nick/Desktop/airflow_dic/venv/lib/python3.11/site-packages/airflow/example_dags/plugins/workday.py
[2023-10-19T22:37:09.826+0200] {processor.py:179} INFO - Processing /Users/nick/Desktop/airflow_dic/venv/lib/python3.11/site-packages/airflow/example_dags/plugins/workday.py took 0.044 seconds
[2023-10-19T22:37:43.886+0200] {processor.py:157} INFO - Started process (PID=33068) to work on /Users/nick/Desktop/airflow_dic/venv/lib/python3.11/site-packages/airflow/example_dags/plugins/workday.py
[2023-10-19T22:37:43.887+0200] {processor.py:829} INFO - Processing file /Users/nick/Desktop/airflow_dic/venv/lib/python3.11/site-packages/airflow/example_dags/plugins/workday.py for tasks to queue
[2023-10-19T22:37:43.887+0200] {logging_mixin.py:151} INFO - [2023-10-19T22:37:43.887+0200] {dagbag.py:539} INFO - Filling up the DagBag from /Users/nick/Desktop/airflow_dic/venv/lib/python3.11/site-packages/airflow/example_dags/plugins/workday.py
[2023-10-19T22:37:43.887+0200] {logging_mixin.py:151} INFO - [2023-10-19T22:37:43.887+0200] {workday.py:36} WARNING - Could not import pandas. Holidays will not be considered.
[2023-10-19T22:37:43.888+0200] {processor.py:841} WARNING - No viable dags retrieved from /Users/nick/Desktop/airflow_dic/venv/lib/python3.11/site-packages/airflow/example_dags/plugins/workday.py
[2023-10-19T22:37:43.929+0200] {processor.py:179} INFO - Processing /Users/nick/Desktop/airflow_dic/venv/lib/python3.11/site-packages/airflow/example_dags/plugins/workday.py took 0.044 seconds
[2023-10-19T22:38:17.210+0200] {processor.py:157} INFO - Started process (PID=33128) to work on /Users/nick/Desktop/airflow_dic/venv/lib/python3.11/site-packages/airflow/example_dags/plugins/workday.py
[2023-10-19T22:38:17.211+0200] {processor.py:829} INFO - Processing file /Users/nick/Desktop/airflow_dic/venv/lib/python3.11/site-packages/airflow/example_dags/plugins/workday.py for tasks to queue
[2023-10-19T22:38:17.211+0200] {logging_mixin.py:151} INFO - [2023-10-19T22:38:17.211+0200] {dagbag.py:539} INFO - Filling up the DagBag from /Users/nick/Desktop/airflow_dic/venv/lib/python3.11/site-packages/airflow/example_dags/plugins/workday.py
[2023-10-19T22:38:17.212+0200] {logging_mixin.py:151} INFO - [2023-10-19T22:38:17.211+0200] {workday.py:36} WARNING - Could not import pandas. Holidays will not be considered.
[2023-10-19T22:38:17.212+0200] {processor.py:841} WARNING - No viable dags retrieved from /Users/nick/Desktop/airflow_dic/venv/lib/python3.11/site-packages/airflow/example_dags/plugins/workday.py
[2023-10-19T22:38:17.253+0200] {processor.py:179} INFO - Processing /Users/nick/Desktop/airflow_dic/venv/lib/python3.11/site-packages/airflow/example_dags/plugins/workday.py took 0.044 seconds
[2023-10-19T22:38:51.153+0200] {processor.py:157} INFO - Started process (PID=33192) to work on /Users/nick/Desktop/airflow_dic/venv/lib/python3.11/site-packages/airflow/example_dags/plugins/workday.py
[2023-10-19T22:38:51.154+0200] {processor.py:829} INFO - Processing file /Users/nick/Desktop/airflow_dic/venv/lib/python3.11/site-packages/airflow/example_dags/plugins/workday.py for tasks to queue
[2023-10-19T22:38:51.155+0200] {logging_mixin.py:151} INFO - [2023-10-19T22:38:51.155+0200] {dagbag.py:539} INFO - Filling up the DagBag from /Users/nick/Desktop/airflow_dic/venv/lib/python3.11/site-packages/airflow/example_dags/plugins/workday.py
[2023-10-19T22:38:51.155+0200] {logging_mixin.py:151} INFO - [2023-10-19T22:38:51.155+0200] {workday.py:36} WARNING - Could not import pandas. Holidays will not be considered.
[2023-10-19T22:38:51.155+0200] {processor.py:841} WARNING - No viable dags retrieved from /Users/nick/Desktop/airflow_dic/venv/lib/python3.11/site-packages/airflow/example_dags/plugins/workday.py
[2023-10-19T22:38:51.198+0200] {processor.py:179} INFO - Processing /Users/nick/Desktop/airflow_dic/venv/lib/python3.11/site-packages/airflow/example_dags/plugins/workday.py took 0.045 seconds
[2023-10-19T22:39:25.121+0200] {processor.py:157} INFO - Started process (PID=33257) to work on /Users/nick/Desktop/airflow_dic/venv/lib/python3.11/site-packages/airflow/example_dags/plugins/workday.py
[2023-10-19T22:39:25.123+0200] {processor.py:829} INFO - Processing file /Users/nick/Desktop/airflow_dic/venv/lib/python3.11/site-packages/airflow/example_dags/plugins/workday.py for tasks to queue
[2023-10-19T22:39:25.123+0200] {logging_mixin.py:151} INFO - [2023-10-19T22:39:25.123+0200] {dagbag.py:539} INFO - Filling up the DagBag from /Users/nick/Desktop/airflow_dic/venv/lib/python3.11/site-packages/airflow/example_dags/plugins/workday.py
[2023-10-19T22:39:25.123+0200] {logging_mixin.py:151} INFO - [2023-10-19T22:39:25.123+0200] {workday.py:36} WARNING - Could not import pandas. Holidays will not be considered.
[2023-10-19T22:39:25.123+0200] {processor.py:841} WARNING - No viable dags retrieved from /Users/nick/Desktop/airflow_dic/venv/lib/python3.11/site-packages/airflow/example_dags/plugins/workday.py
[2023-10-19T22:39:25.165+0200] {processor.py:179} INFO - Processing /Users/nick/Desktop/airflow_dic/venv/lib/python3.11/site-packages/airflow/example_dags/plugins/workday.py took 0.044 seconds
[2023-10-19T22:39:57.672+0200] {processor.py:157} INFO - Started process (PID=33320) to work on /Users/nick/Desktop/airflow_dic/venv/lib/python3.11/site-packages/airflow/example_dags/plugins/workday.py
[2023-10-19T22:39:57.673+0200] {processor.py:829} INFO - Processing file /Users/nick/Desktop/airflow_dic/venv/lib/python3.11/site-packages/airflow/example_dags/plugins/workday.py for tasks to queue
[2023-10-19T22:39:57.674+0200] {logging_mixin.py:151} INFO - [2023-10-19T22:39:57.673+0200] {dagbag.py:539} INFO - Filling up the DagBag from /Users/nick/Desktop/airflow_dic/venv/lib/python3.11/site-packages/airflow/example_dags/plugins/workday.py
[2023-10-19T22:39:57.674+0200] {logging_mixin.py:151} INFO - [2023-10-19T22:39:57.674+0200] {workday.py:36} WARNING - Could not import pandas. Holidays will not be considered.
[2023-10-19T22:39:57.674+0200] {processor.py:841} WARNING - No viable dags retrieved from /Users/nick/Desktop/airflow_dic/venv/lib/python3.11/site-packages/airflow/example_dags/plugins/workday.py
[2023-10-19T22:39:57.716+0200] {processor.py:179} INFO - Processing /Users/nick/Desktop/airflow_dic/venv/lib/python3.11/site-packages/airflow/example_dags/plugins/workday.py took 0.044 seconds
[2023-10-19T22:40:31.686+0200] {processor.py:157} INFO - Started process (PID=33382) to work on /Users/nick/Desktop/airflow_dic/venv/lib/python3.11/site-packages/airflow/example_dags/plugins/workday.py
[2023-10-19T22:40:31.687+0200] {processor.py:829} INFO - Processing file /Users/nick/Desktop/airflow_dic/venv/lib/python3.11/site-packages/airflow/example_dags/plugins/workday.py for tasks to queue
[2023-10-19T22:40:31.687+0200] {logging_mixin.py:151} INFO - [2023-10-19T22:40:31.687+0200] {dagbag.py:539} INFO - Filling up the DagBag from /Users/nick/Desktop/airflow_dic/venv/lib/python3.11/site-packages/airflow/example_dags/plugins/workday.py
[2023-10-19T22:40:31.688+0200] {logging_mixin.py:151} INFO - [2023-10-19T22:40:31.688+0200] {workday.py:36} WARNING - Could not import pandas. Holidays will not be considered.
[2023-10-19T22:40:31.688+0200] {processor.py:841} WARNING - No viable dags retrieved from /Users/nick/Desktop/airflow_dic/venv/lib/python3.11/site-packages/airflow/example_dags/plugins/workday.py
[2023-10-19T22:40:31.731+0200] {processor.py:179} INFO - Processing /Users/nick/Desktop/airflow_dic/venv/lib/python3.11/site-packages/airflow/example_dags/plugins/workday.py took 0.045 seconds
[2023-10-19T22:41:06.932+0200] {processor.py:157} INFO - Started process (PID=33447) to work on /Users/nick/Desktop/airflow_dic/venv/lib/python3.11/site-packages/airflow/example_dags/plugins/workday.py
[2023-10-19T22:41:06.934+0200] {processor.py:829} INFO - Processing file /Users/nick/Desktop/airflow_dic/venv/lib/python3.11/site-packages/airflow/example_dags/plugins/workday.py for tasks to queue
[2023-10-19T22:41:06.934+0200] {logging_mixin.py:151} INFO - [2023-10-19T22:41:06.934+0200] {dagbag.py:539} INFO - Filling up the DagBag from /Users/nick/Desktop/airflow_dic/venv/lib/python3.11/site-packages/airflow/example_dags/plugins/workday.py
[2023-10-19T22:41:06.934+0200] {logging_mixin.py:151} INFO - [2023-10-19T22:41:06.934+0200] {workday.py:36} WARNING - Could not import pandas. Holidays will not be considered.
[2023-10-19T22:41:06.934+0200] {processor.py:841} WARNING - No viable dags retrieved from /Users/nick/Desktop/airflow_dic/venv/lib/python3.11/site-packages/airflow/example_dags/plugins/workday.py
[2023-10-19T22:41:06.976+0200] {processor.py:179} INFO - Processing /Users/nick/Desktop/airflow_dic/venv/lib/python3.11/site-packages/airflow/example_dags/plugins/workday.py took 0.044 seconds
[2023-10-19T22:41:41.750+0200] {processor.py:157} INFO - Started process (PID=33513) to work on /Users/nick/Desktop/airflow_dic/venv/lib/python3.11/site-packages/airflow/example_dags/plugins/workday.py
[2023-10-19T22:41:41.752+0200] {processor.py:829} INFO - Processing file /Users/nick/Desktop/airflow_dic/venv/lib/python3.11/site-packages/airflow/example_dags/plugins/workday.py for tasks to queue
[2023-10-19T22:41:41.752+0200] {logging_mixin.py:151} INFO - [2023-10-19T22:41:41.752+0200] {dagbag.py:539} INFO - Filling up the DagBag from /Users/nick/Desktop/airflow_dic/venv/lib/python3.11/site-packages/airflow/example_dags/plugins/workday.py
[2023-10-19T22:41:41.752+0200] {logging_mixin.py:151} INFO - [2023-10-19T22:41:41.752+0200] {workday.py:36} WARNING - Could not import pandas. Holidays will not be considered.
[2023-10-19T22:41:41.752+0200] {processor.py:841} WARNING - No viable dags retrieved from /Users/nick/Desktop/airflow_dic/venv/lib/python3.11/site-packages/airflow/example_dags/plugins/workday.py
[2023-10-19T22:41:41.796+0200] {processor.py:179} INFO - Processing /Users/nick/Desktop/airflow_dic/venv/lib/python3.11/site-packages/airflow/example_dags/plugins/workday.py took 0.046 seconds
[2023-10-19T22:42:17.581+0200] {processor.py:157} INFO - Started process (PID=33579) to work on /Users/nick/Desktop/airflow_dic/venv/lib/python3.11/site-packages/airflow/example_dags/plugins/workday.py
[2023-10-19T22:42:17.582+0200] {processor.py:829} INFO - Processing file /Users/nick/Desktop/airflow_dic/venv/lib/python3.11/site-packages/airflow/example_dags/plugins/workday.py for tasks to queue
[2023-10-19T22:42:17.582+0200] {logging_mixin.py:151} INFO - [2023-10-19T22:42:17.582+0200] {dagbag.py:539} INFO - Filling up the DagBag from /Users/nick/Desktop/airflow_dic/venv/lib/python3.11/site-packages/airflow/example_dags/plugins/workday.py
[2023-10-19T22:42:17.583+0200] {logging_mixin.py:151} INFO - [2023-10-19T22:42:17.583+0200] {workday.py:36} WARNING - Could not import pandas. Holidays will not be considered.
[2023-10-19T22:42:17.583+0200] {processor.py:841} WARNING - No viable dags retrieved from /Users/nick/Desktop/airflow_dic/venv/lib/python3.11/site-packages/airflow/example_dags/plugins/workday.py
[2023-10-19T22:42:17.630+0200] {processor.py:179} INFO - Processing /Users/nick/Desktop/airflow_dic/venv/lib/python3.11/site-packages/airflow/example_dags/plugins/workday.py took 0.050 seconds
[2023-10-19T22:42:52.795+0200] {processor.py:157} INFO - Started process (PID=33643) to work on /Users/nick/Desktop/airflow_dic/venv/lib/python3.11/site-packages/airflow/example_dags/plugins/workday.py
[2023-10-19T22:42:52.796+0200] {processor.py:829} INFO - Processing file /Users/nick/Desktop/airflow_dic/venv/lib/python3.11/site-packages/airflow/example_dags/plugins/workday.py for tasks to queue
[2023-10-19T22:42:52.797+0200] {logging_mixin.py:151} INFO - [2023-10-19T22:42:52.796+0200] {dagbag.py:539} INFO - Filling up the DagBag from /Users/nick/Desktop/airflow_dic/venv/lib/python3.11/site-packages/airflow/example_dags/plugins/workday.py
[2023-10-19T22:42:52.797+0200] {logging_mixin.py:151} INFO - [2023-10-19T22:42:52.797+0200] {workday.py:36} WARNING - Could not import pandas. Holidays will not be considered.
[2023-10-19T22:42:52.797+0200] {processor.py:841} WARNING - No viable dags retrieved from /Users/nick/Desktop/airflow_dic/venv/lib/python3.11/site-packages/airflow/example_dags/plugins/workday.py
[2023-10-19T22:42:52.839+0200] {processor.py:179} INFO - Processing /Users/nick/Desktop/airflow_dic/venv/lib/python3.11/site-packages/airflow/example_dags/plugins/workday.py took 0.044 seconds
[2023-10-19T22:43:26.417+0200] {processor.py:157} INFO - Started process (PID=33703) to work on /Users/nick/Desktop/airflow_dic/venv/lib/python3.11/site-packages/airflow/example_dags/plugins/workday.py
[2023-10-19T22:43:26.419+0200] {processor.py:829} INFO - Processing file /Users/nick/Desktop/airflow_dic/venv/lib/python3.11/site-packages/airflow/example_dags/plugins/workday.py for tasks to queue
[2023-10-19T22:43:26.419+0200] {logging_mixin.py:151} INFO - [2023-10-19T22:43:26.419+0200] {dagbag.py:539} INFO - Filling up the DagBag from /Users/nick/Desktop/airflow_dic/venv/lib/python3.11/site-packages/airflow/example_dags/plugins/workday.py
[2023-10-19T22:43:26.419+0200] {logging_mixin.py:151} INFO - [2023-10-19T22:43:26.419+0200] {workday.py:36} WARNING - Could not import pandas. Holidays will not be considered.
[2023-10-19T22:43:26.419+0200] {processor.py:841} WARNING - No viable dags retrieved from /Users/nick/Desktop/airflow_dic/venv/lib/python3.11/site-packages/airflow/example_dags/plugins/workday.py
[2023-10-19T22:43:26.461+0200] {processor.py:179} INFO - Processing /Users/nick/Desktop/airflow_dic/venv/lib/python3.11/site-packages/airflow/example_dags/plugins/workday.py took 0.044 seconds
[2023-10-19T22:44:01.213+0200] {processor.py:157} INFO - Started process (PID=33769) to work on /Users/nick/Desktop/airflow_dic/venv/lib/python3.11/site-packages/airflow/example_dags/plugins/workday.py
[2023-10-19T22:44:01.214+0200] {processor.py:829} INFO - Processing file /Users/nick/Desktop/airflow_dic/venv/lib/python3.11/site-packages/airflow/example_dags/plugins/workday.py for tasks to queue
[2023-10-19T22:44:01.214+0200] {logging_mixin.py:151} INFO - [2023-10-19T22:44:01.214+0200] {dagbag.py:539} INFO - Filling up the DagBag from /Users/nick/Desktop/airflow_dic/venv/lib/python3.11/site-packages/airflow/example_dags/plugins/workday.py
[2023-10-19T22:44:01.215+0200] {logging_mixin.py:151} INFO - [2023-10-19T22:44:01.215+0200] {workday.py:36} WARNING - Could not import pandas. Holidays will not be considered.
[2023-10-19T22:44:01.215+0200] {processor.py:841} WARNING - No viable dags retrieved from /Users/nick/Desktop/airflow_dic/venv/lib/python3.11/site-packages/airflow/example_dags/plugins/workday.py
[2023-10-19T22:44:01.256+0200] {processor.py:179} INFO - Processing /Users/nick/Desktop/airflow_dic/venv/lib/python3.11/site-packages/airflow/example_dags/plugins/workday.py took 0.044 seconds
[2023-10-19T22:44:37.173+0200] {processor.py:157} INFO - Started process (PID=33842) to work on /Users/nick/Desktop/airflow_dic/venv/lib/python3.11/site-packages/airflow/example_dags/plugins/workday.py
[2023-10-19T22:44:37.175+0200] {processor.py:829} INFO - Processing file /Users/nick/Desktop/airflow_dic/venv/lib/python3.11/site-packages/airflow/example_dags/plugins/workday.py for tasks to queue
[2023-10-19T22:44:37.176+0200] {logging_mixin.py:151} INFO - [2023-10-19T22:44:37.176+0200] {dagbag.py:539} INFO - Filling up the DagBag from /Users/nick/Desktop/airflow_dic/venv/lib/python3.11/site-packages/airflow/example_dags/plugins/workday.py
[2023-10-19T22:44:37.176+0200] {logging_mixin.py:151} INFO - [2023-10-19T22:44:37.176+0200] {workday.py:36} WARNING - Could not import pandas. Holidays will not be considered.
[2023-10-19T22:44:37.177+0200] {processor.py:841} WARNING - No viable dags retrieved from /Users/nick/Desktop/airflow_dic/venv/lib/python3.11/site-packages/airflow/example_dags/plugins/workday.py
[2023-10-19T22:44:37.219+0200] {processor.py:179} INFO - Processing /Users/nick/Desktop/airflow_dic/venv/lib/python3.11/site-packages/airflow/example_dags/plugins/workday.py took 0.045 seconds
[2023-10-19T22:45:12.211+0200] {processor.py:157} INFO - Started process (PID=33908) to work on /Users/nick/Desktop/airflow_dic/venv/lib/python3.11/site-packages/airflow/example_dags/plugins/workday.py
[2023-10-19T22:45:12.212+0200] {processor.py:829} INFO - Processing file /Users/nick/Desktop/airflow_dic/venv/lib/python3.11/site-packages/airflow/example_dags/plugins/workday.py for tasks to queue
[2023-10-19T22:45:12.213+0200] {logging_mixin.py:151} INFO - [2023-10-19T22:45:12.213+0200] {dagbag.py:539} INFO - Filling up the DagBag from /Users/nick/Desktop/airflow_dic/venv/lib/python3.11/site-packages/airflow/example_dags/plugins/workday.py
[2023-10-19T22:45:12.214+0200] {logging_mixin.py:151} INFO - [2023-10-19T22:45:12.214+0200] {workday.py:36} WARNING - Could not import pandas. Holidays will not be considered.
[2023-10-19T22:45:12.214+0200] {processor.py:841} WARNING - No viable dags retrieved from /Users/nick/Desktop/airflow_dic/venv/lib/python3.11/site-packages/airflow/example_dags/plugins/workday.py
[2023-10-19T22:45:12.256+0200] {processor.py:179} INFO - Processing /Users/nick/Desktop/airflow_dic/venv/lib/python3.11/site-packages/airflow/example_dags/plugins/workday.py took 0.045 seconds
[2023-10-19T22:45:19.218+0200] {processor.py:157} INFO - Started process (PID=33925) to work on /Users/nick/Desktop/airflow_dic/venv/lib/python3.11/site-packages/airflow/example_dags/plugins/workday.py
[2023-10-19T22:45:19.220+0200] {processor.py:829} INFO - Processing file /Users/nick/Desktop/airflow_dic/venv/lib/python3.11/site-packages/airflow/example_dags/plugins/workday.py for tasks to queue
[2023-10-19T22:45:19.220+0200] {logging_mixin.py:151} INFO - [2023-10-19T22:45:19.220+0200] {dagbag.py:539} INFO - Filling up the DagBag from /Users/nick/Desktop/airflow_dic/venv/lib/python3.11/site-packages/airflow/example_dags/plugins/workday.py
[2023-10-19T22:45:19.220+0200] {logging_mixin.py:151} INFO - [2023-10-19T22:45:19.220+0200] {workday.py:36} WARNING - Could not import pandas. Holidays will not be considered.
[2023-10-19T22:45:19.220+0200] {processor.py:841} WARNING - No viable dags retrieved from /Users/nick/Desktop/airflow_dic/venv/lib/python3.11/site-packages/airflow/example_dags/plugins/workday.py
[2023-10-19T22:45:19.266+0200] {processor.py:179} INFO - Processing /Users/nick/Desktop/airflow_dic/venv/lib/python3.11/site-packages/airflow/example_dags/plugins/workday.py took 0.049 seconds
[2023-10-19T22:46:25.097+0200] {processor.py:157} INFO - Started process (PID=34064) to work on /Users/nick/Desktop/airflow_dic/venv/lib/python3.11/site-packages/airflow/example_dags/plugins/workday.py
[2023-10-19T22:46:25.099+0200] {processor.py:829} INFO - Processing file /Users/nick/Desktop/airflow_dic/venv/lib/python3.11/site-packages/airflow/example_dags/plugins/workday.py for tasks to queue
[2023-10-19T22:46:25.099+0200] {logging_mixin.py:151} INFO - [2023-10-19T22:46:25.099+0200] {dagbag.py:539} INFO - Filling up the DagBag from /Users/nick/Desktop/airflow_dic/venv/lib/python3.11/site-packages/airflow/example_dags/plugins/workday.py
[2023-10-19T22:46:25.100+0200] {logging_mixin.py:151} INFO - [2023-10-19T22:46:25.100+0200] {workday.py:36} WARNING - Could not import pandas. Holidays will not be considered.
[2023-10-19T22:46:25.100+0200] {processor.py:841} WARNING - No viable dags retrieved from /Users/nick/Desktop/airflow_dic/venv/lib/python3.11/site-packages/airflow/example_dags/plugins/workday.py
[2023-10-19T22:46:25.142+0200] {processor.py:179} INFO - Processing /Users/nick/Desktop/airflow_dic/venv/lib/python3.11/site-packages/airflow/example_dags/plugins/workday.py took 0.045 seconds
[2023-10-19T22:47:00.171+0200] {processor.py:157} INFO - Started process (PID=34129) to work on /Users/nick/Desktop/airflow_dic/venv/lib/python3.11/site-packages/airflow/example_dags/plugins/workday.py
[2023-10-19T22:47:00.172+0200] {processor.py:829} INFO - Processing file /Users/nick/Desktop/airflow_dic/venv/lib/python3.11/site-packages/airflow/example_dags/plugins/workday.py for tasks to queue
[2023-10-19T22:47:00.172+0200] {logging_mixin.py:151} INFO - [2023-10-19T22:47:00.172+0200] {dagbag.py:539} INFO - Filling up the DagBag from /Users/nick/Desktop/airflow_dic/venv/lib/python3.11/site-packages/airflow/example_dags/plugins/workday.py
[2023-10-19T22:47:00.173+0200] {logging_mixin.py:151} INFO - [2023-10-19T22:47:00.173+0200] {workday.py:36} WARNING - Could not import pandas. Holidays will not be considered.
[2023-10-19T22:47:00.174+0200] {processor.py:841} WARNING - No viable dags retrieved from /Users/nick/Desktop/airflow_dic/venv/lib/python3.11/site-packages/airflow/example_dags/plugins/workday.py
[2023-10-19T22:47:00.215+0200] {processor.py:179} INFO - Processing /Users/nick/Desktop/airflow_dic/venv/lib/python3.11/site-packages/airflow/example_dags/plugins/workday.py took 0.045 seconds
[2023-10-19T22:47:33.466+0200] {processor.py:157} INFO - Started process (PID=34189) to work on /Users/nick/Desktop/airflow_dic/venv/lib/python3.11/site-packages/airflow/example_dags/plugins/workday.py
[2023-10-19T22:47:33.467+0200] {processor.py:829} INFO - Processing file /Users/nick/Desktop/airflow_dic/venv/lib/python3.11/site-packages/airflow/example_dags/plugins/workday.py for tasks to queue
[2023-10-19T22:47:33.468+0200] {logging_mixin.py:151} INFO - [2023-10-19T22:47:33.468+0200] {dagbag.py:539} INFO - Filling up the DagBag from /Users/nick/Desktop/airflow_dic/venv/lib/python3.11/site-packages/airflow/example_dags/plugins/workday.py
[2023-10-19T22:47:33.468+0200] {logging_mixin.py:151} INFO - [2023-10-19T22:47:33.468+0200] {workday.py:36} WARNING - Could not import pandas. Holidays will not be considered.
[2023-10-19T22:47:33.468+0200] {processor.py:841} WARNING - No viable dags retrieved from /Users/nick/Desktop/airflow_dic/venv/lib/python3.11/site-packages/airflow/example_dags/plugins/workday.py
[2023-10-19T22:47:33.510+0200] {processor.py:179} INFO - Processing /Users/nick/Desktop/airflow_dic/venv/lib/python3.11/site-packages/airflow/example_dags/plugins/workday.py took 0.044 seconds
[2023-10-19T22:48:07.563+0200] {processor.py:157} INFO - Started process (PID=34257) to work on /Users/nick/Desktop/airflow_dic/venv/lib/python3.11/site-packages/airflow/example_dags/plugins/workday.py
[2023-10-19T22:48:07.565+0200] {processor.py:829} INFO - Processing file /Users/nick/Desktop/airflow_dic/venv/lib/python3.11/site-packages/airflow/example_dags/plugins/workday.py for tasks to queue
[2023-10-19T22:48:07.565+0200] {logging_mixin.py:151} INFO - [2023-10-19T22:48:07.565+0200] {dagbag.py:539} INFO - Filling up the DagBag from /Users/nick/Desktop/airflow_dic/venv/lib/python3.11/site-packages/airflow/example_dags/plugins/workday.py
[2023-10-19T22:48:07.565+0200] {logging_mixin.py:151} INFO - [2023-10-19T22:48:07.565+0200] {workday.py:36} WARNING - Could not import pandas. Holidays will not be considered.
[2023-10-19T22:48:07.565+0200] {processor.py:841} WARNING - No viable dags retrieved from /Users/nick/Desktop/airflow_dic/venv/lib/python3.11/site-packages/airflow/example_dags/plugins/workday.py
[2023-10-19T22:48:07.607+0200] {processor.py:179} INFO - Processing /Users/nick/Desktop/airflow_dic/venv/lib/python3.11/site-packages/airflow/example_dags/plugins/workday.py took 0.044 seconds
[2023-10-19T22:48:42.282+0200] {processor.py:157} INFO - Started process (PID=34324) to work on /Users/nick/Desktop/airflow_dic/venv/lib/python3.11/site-packages/airflow/example_dags/plugins/workday.py
[2023-10-19T22:48:42.283+0200] {processor.py:829} INFO - Processing file /Users/nick/Desktop/airflow_dic/venv/lib/python3.11/site-packages/airflow/example_dags/plugins/workday.py for tasks to queue
[2023-10-19T22:48:42.283+0200] {logging_mixin.py:151} INFO - [2023-10-19T22:48:42.283+0200] {dagbag.py:539} INFO - Filling up the DagBag from /Users/nick/Desktop/airflow_dic/venv/lib/python3.11/site-packages/airflow/example_dags/plugins/workday.py
[2023-10-19T22:48:42.284+0200] {logging_mixin.py:151} INFO - [2023-10-19T22:48:42.284+0200] {workday.py:36} WARNING - Could not import pandas. Holidays will not be considered.
[2023-10-19T22:48:42.284+0200] {processor.py:841} WARNING - No viable dags retrieved from /Users/nick/Desktop/airflow_dic/venv/lib/python3.11/site-packages/airflow/example_dags/plugins/workday.py
[2023-10-19T22:48:42.327+0200] {processor.py:179} INFO - Processing /Users/nick/Desktop/airflow_dic/venv/lib/python3.11/site-packages/airflow/example_dags/plugins/workday.py took 0.046 seconds
[2023-10-19T22:49:16.716+0200] {processor.py:157} INFO - Started process (PID=34397) to work on /Users/nick/Desktop/airflow_dic/venv/lib/python3.11/site-packages/airflow/example_dags/plugins/workday.py
[2023-10-19T22:49:16.718+0200] {processor.py:829} INFO - Processing file /Users/nick/Desktop/airflow_dic/venv/lib/python3.11/site-packages/airflow/example_dags/plugins/workday.py for tasks to queue
[2023-10-19T22:49:16.718+0200] {logging_mixin.py:151} INFO - [2023-10-19T22:49:16.718+0200] {dagbag.py:539} INFO - Filling up the DagBag from /Users/nick/Desktop/airflow_dic/venv/lib/python3.11/site-packages/airflow/example_dags/plugins/workday.py
[2023-10-19T22:49:16.718+0200] {logging_mixin.py:151} INFO - [2023-10-19T22:49:16.718+0200] {workday.py:36} WARNING - Could not import pandas. Holidays will not be considered.
[2023-10-19T22:49:16.718+0200] {processor.py:841} WARNING - No viable dags retrieved from /Users/nick/Desktop/airflow_dic/venv/lib/python3.11/site-packages/airflow/example_dags/plugins/workday.py
[2023-10-19T22:49:16.760+0200] {processor.py:179} INFO - Processing /Users/nick/Desktop/airflow_dic/venv/lib/python3.11/site-packages/airflow/example_dags/plugins/workday.py took 0.044 seconds
[2023-10-19T22:49:51.740+0200] {processor.py:157} INFO - Started process (PID=34461) to work on /Users/nick/Desktop/airflow_dic/venv/lib/python3.11/site-packages/airflow/example_dags/plugins/workday.py
[2023-10-19T22:49:51.741+0200] {processor.py:829} INFO - Processing file /Users/nick/Desktop/airflow_dic/venv/lib/python3.11/site-packages/airflow/example_dags/plugins/workday.py for tasks to queue
[2023-10-19T22:49:51.742+0200] {logging_mixin.py:151} INFO - [2023-10-19T22:49:51.742+0200] {dagbag.py:539} INFO - Filling up the DagBag from /Users/nick/Desktop/airflow_dic/venv/lib/python3.11/site-packages/airflow/example_dags/plugins/workday.py
[2023-10-19T22:49:51.742+0200] {logging_mixin.py:151} INFO - [2023-10-19T22:49:51.742+0200] {workday.py:36} WARNING - Could not import pandas. Holidays will not be considered.
[2023-10-19T22:49:51.742+0200] {processor.py:841} WARNING - No viable dags retrieved from /Users/nick/Desktop/airflow_dic/venv/lib/python3.11/site-packages/airflow/example_dags/plugins/workday.py
[2023-10-19T22:49:51.786+0200] {processor.py:179} INFO - Processing /Users/nick/Desktop/airflow_dic/venv/lib/python3.11/site-packages/airflow/example_dags/plugins/workday.py took 0.046 seconds
[2023-10-19T22:50:25.931+0200] {processor.py:157} INFO - Started process (PID=34524) to work on /Users/nick/Desktop/airflow_dic/venv/lib/python3.11/site-packages/airflow/example_dags/plugins/workday.py
[2023-10-19T22:50:25.932+0200] {processor.py:829} INFO - Processing file /Users/nick/Desktop/airflow_dic/venv/lib/python3.11/site-packages/airflow/example_dags/plugins/workday.py for tasks to queue
[2023-10-19T22:50:25.932+0200] {logging_mixin.py:151} INFO - [2023-10-19T22:50:25.932+0200] {dagbag.py:539} INFO - Filling up the DagBag from /Users/nick/Desktop/airflow_dic/venv/lib/python3.11/site-packages/airflow/example_dags/plugins/workday.py
[2023-10-19T22:50:25.933+0200] {logging_mixin.py:151} INFO - [2023-10-19T22:50:25.933+0200] {workday.py:36} WARNING - Could not import pandas. Holidays will not be considered.
[2023-10-19T22:50:25.933+0200] {processor.py:841} WARNING - No viable dags retrieved from /Users/nick/Desktop/airflow_dic/venv/lib/python3.11/site-packages/airflow/example_dags/plugins/workday.py
[2023-10-19T22:50:25.975+0200] {processor.py:179} INFO - Processing /Users/nick/Desktop/airflow_dic/venv/lib/python3.11/site-packages/airflow/example_dags/plugins/workday.py took 0.044 seconds
[2023-10-19T22:53:17.563+0200] {processor.py:157} INFO - Started process (PID=34763) to work on /Users/nick/Desktop/airflow_dic/venv/lib/python3.11/site-packages/airflow/example_dags/plugins/workday.py
[2023-10-19T22:53:17.564+0200] {processor.py:829} INFO - Processing file /Users/nick/Desktop/airflow_dic/venv/lib/python3.11/site-packages/airflow/example_dags/plugins/workday.py for tasks to queue
[2023-10-19T22:53:17.564+0200] {logging_mixin.py:151} INFO - [2023-10-19T22:53:17.564+0200] {dagbag.py:539} INFO - Filling up the DagBag from /Users/nick/Desktop/airflow_dic/venv/lib/python3.11/site-packages/airflow/example_dags/plugins/workday.py
[2023-10-19T22:53:17.565+0200] {logging_mixin.py:151} INFO - [2023-10-19T22:53:17.565+0200] {workday.py:36} WARNING - Could not import pandas. Holidays will not be considered.
[2023-10-19T22:53:17.565+0200] {processor.py:841} WARNING - No viable dags retrieved from /Users/nick/Desktop/airflow_dic/venv/lib/python3.11/site-packages/airflow/example_dags/plugins/workday.py
[2023-10-19T22:53:17.609+0200] {processor.py:179} INFO - Processing /Users/nick/Desktop/airflow_dic/venv/lib/python3.11/site-packages/airflow/example_dags/plugins/workday.py took 0.047 seconds
[2023-10-19T22:54:21.982+0200] {processor.py:157} INFO - Started process (PID=34899) to work on /Users/nick/Desktop/airflow_dic/venv/lib/python3.11/site-packages/airflow/example_dags/plugins/workday.py
[2023-10-19T22:54:21.983+0200] {processor.py:829} INFO - Processing file /Users/nick/Desktop/airflow_dic/venv/lib/python3.11/site-packages/airflow/example_dags/plugins/workday.py for tasks to queue
[2023-10-19T22:54:21.984+0200] {logging_mixin.py:151} INFO - [2023-10-19T22:54:21.984+0200] {dagbag.py:539} INFO - Filling up the DagBag from /Users/nick/Desktop/airflow_dic/venv/lib/python3.11/site-packages/airflow/example_dags/plugins/workday.py
[2023-10-19T22:54:21.984+0200] {logging_mixin.py:151} INFO - [2023-10-19T22:54:21.984+0200] {workday.py:36} WARNING - Could not import pandas. Holidays will not be considered.
[2023-10-19T22:54:21.984+0200] {processor.py:841} WARNING - No viable dags retrieved from /Users/nick/Desktop/airflow_dic/venv/lib/python3.11/site-packages/airflow/example_dags/plugins/workday.py
[2023-10-19T22:54:22.026+0200] {processor.py:179} INFO - Processing /Users/nick/Desktop/airflow_dic/venv/lib/python3.11/site-packages/airflow/example_dags/plugins/workday.py took 0.044 seconds
[2023-10-19T22:54:56.453+0200] {processor.py:157} INFO - Started process (PID=34974) to work on /Users/nick/Desktop/airflow_dic/venv/lib/python3.11/site-packages/airflow/example_dags/plugins/workday.py
[2023-10-19T22:54:56.456+0200] {processor.py:829} INFO - Processing file /Users/nick/Desktop/airflow_dic/venv/lib/python3.11/site-packages/airflow/example_dags/plugins/workday.py for tasks to queue
[2023-10-19T22:54:56.456+0200] {logging_mixin.py:151} INFO - [2023-10-19T22:54:56.456+0200] {dagbag.py:539} INFO - Filling up the DagBag from /Users/nick/Desktop/airflow_dic/venv/lib/python3.11/site-packages/airflow/example_dags/plugins/workday.py
[2023-10-19T22:54:56.457+0200] {logging_mixin.py:151} INFO - [2023-10-19T22:54:56.457+0200] {workday.py:36} WARNING - Could not import pandas. Holidays will not be considered.
[2023-10-19T22:54:56.457+0200] {processor.py:841} WARNING - No viable dags retrieved from /Users/nick/Desktop/airflow_dic/venv/lib/python3.11/site-packages/airflow/example_dags/plugins/workday.py
[2023-10-19T22:54:56.499+0200] {processor.py:179} INFO - Processing /Users/nick/Desktop/airflow_dic/venv/lib/python3.11/site-packages/airflow/example_dags/plugins/workday.py took 0.046 seconds
[2023-10-19T22:55:30.040+0200] {processor.py:157} INFO - Started process (PID=35044) to work on /Users/nick/Desktop/airflow_dic/venv/lib/python3.11/site-packages/airflow/example_dags/plugins/workday.py
[2023-10-19T22:55:30.042+0200] {processor.py:829} INFO - Processing file /Users/nick/Desktop/airflow_dic/venv/lib/python3.11/site-packages/airflow/example_dags/plugins/workday.py for tasks to queue
[2023-10-19T22:55:30.042+0200] {logging_mixin.py:151} INFO - [2023-10-19T22:55:30.042+0200] {dagbag.py:539} INFO - Filling up the DagBag from /Users/nick/Desktop/airflow_dic/venv/lib/python3.11/site-packages/airflow/example_dags/plugins/workday.py
[2023-10-19T22:55:30.043+0200] {logging_mixin.py:151} INFO - [2023-10-19T22:55:30.043+0200] {workday.py:36} WARNING - Could not import pandas. Holidays will not be considered.
[2023-10-19T22:55:30.043+0200] {processor.py:841} WARNING - No viable dags retrieved from /Users/nick/Desktop/airflow_dic/venv/lib/python3.11/site-packages/airflow/example_dags/plugins/workday.py
[2023-10-19T22:55:30.090+0200] {processor.py:179} INFO - Processing /Users/nick/Desktop/airflow_dic/venv/lib/python3.11/site-packages/airflow/example_dags/plugins/workday.py took 0.050 seconds
[2023-10-19T22:56:03.576+0200] {processor.py:157} INFO - Started process (PID=35106) to work on /Users/nick/Desktop/airflow_dic/venv/lib/python3.11/site-packages/airflow/example_dags/plugins/workday.py
[2023-10-19T22:56:03.578+0200] {processor.py:829} INFO - Processing file /Users/nick/Desktop/airflow_dic/venv/lib/python3.11/site-packages/airflow/example_dags/plugins/workday.py for tasks to queue
[2023-10-19T22:56:03.578+0200] {logging_mixin.py:151} INFO - [2023-10-19T22:56:03.578+0200] {dagbag.py:539} INFO - Filling up the DagBag from /Users/nick/Desktop/airflow_dic/venv/lib/python3.11/site-packages/airflow/example_dags/plugins/workday.py
[2023-10-19T22:56:03.578+0200] {logging_mixin.py:151} INFO - [2023-10-19T22:56:03.578+0200] {workday.py:36} WARNING - Could not import pandas. Holidays will not be considered.
[2023-10-19T22:56:03.579+0200] {processor.py:841} WARNING - No viable dags retrieved from /Users/nick/Desktop/airflow_dic/venv/lib/python3.11/site-packages/airflow/example_dags/plugins/workday.py
[2023-10-19T22:56:03.624+0200] {processor.py:179} INFO - Processing /Users/nick/Desktop/airflow_dic/venv/lib/python3.11/site-packages/airflow/example_dags/plugins/workday.py took 0.048 seconds
[2023-10-19T22:56:39.058+0200] {processor.py:157} INFO - Started process (PID=35181) to work on /Users/nick/Desktop/airflow_dic/venv/lib/python3.11/site-packages/airflow/example_dags/plugins/workday.py
[2023-10-19T22:56:39.059+0200] {processor.py:829} INFO - Processing file /Users/nick/Desktop/airflow_dic/venv/lib/python3.11/site-packages/airflow/example_dags/plugins/workday.py for tasks to queue
[2023-10-19T22:56:39.059+0200] {logging_mixin.py:151} INFO - [2023-10-19T22:56:39.059+0200] {dagbag.py:539} INFO - Filling up the DagBag from /Users/nick/Desktop/airflow_dic/venv/lib/python3.11/site-packages/airflow/example_dags/plugins/workday.py
[2023-10-19T22:56:39.060+0200] {logging_mixin.py:151} INFO - [2023-10-19T22:56:39.060+0200] {workday.py:36} WARNING - Could not import pandas. Holidays will not be considered.
[2023-10-19T22:56:39.060+0200] {processor.py:841} WARNING - No viable dags retrieved from /Users/nick/Desktop/airflow_dic/venv/lib/python3.11/site-packages/airflow/example_dags/plugins/workday.py
[2023-10-19T22:56:39.102+0200] {processor.py:179} INFO - Processing /Users/nick/Desktop/airflow_dic/venv/lib/python3.11/site-packages/airflow/example_dags/plugins/workday.py took 0.044 seconds
[2023-10-19T22:57:12.547+0200] {processor.py:157} INFO - Started process (PID=35246) to work on /Users/nick/Desktop/airflow_dic/venv/lib/python3.11/site-packages/airflow/example_dags/plugins/workday.py
[2023-10-19T22:57:12.548+0200] {processor.py:829} INFO - Processing file /Users/nick/Desktop/airflow_dic/venv/lib/python3.11/site-packages/airflow/example_dags/plugins/workday.py for tasks to queue
[2023-10-19T22:57:12.548+0200] {logging_mixin.py:151} INFO - [2023-10-19T22:57:12.548+0200] {dagbag.py:539} INFO - Filling up the DagBag from /Users/nick/Desktop/airflow_dic/venv/lib/python3.11/site-packages/airflow/example_dags/plugins/workday.py
[2023-10-19T22:57:12.549+0200] {logging_mixin.py:151} INFO - [2023-10-19T22:57:12.549+0200] {workday.py:36} WARNING - Could not import pandas. Holidays will not be considered.
[2023-10-19T22:57:12.549+0200] {processor.py:841} WARNING - No viable dags retrieved from /Users/nick/Desktop/airflow_dic/venv/lib/python3.11/site-packages/airflow/example_dags/plugins/workday.py
[2023-10-19T22:57:12.591+0200] {processor.py:179} INFO - Processing /Users/nick/Desktop/airflow_dic/venv/lib/python3.11/site-packages/airflow/example_dags/plugins/workday.py took 0.044 seconds
[2023-10-19T22:57:45.662+0200] {processor.py:157} INFO - Started process (PID=35307) to work on /Users/nick/Desktop/airflow_dic/venv/lib/python3.11/site-packages/airflow/example_dags/plugins/workday.py
[2023-10-19T22:57:45.663+0200] {processor.py:829} INFO - Processing file /Users/nick/Desktop/airflow_dic/venv/lib/python3.11/site-packages/airflow/example_dags/plugins/workday.py for tasks to queue
[2023-10-19T22:57:45.664+0200] {logging_mixin.py:151} INFO - [2023-10-19T22:57:45.663+0200] {dagbag.py:539} INFO - Filling up the DagBag from /Users/nick/Desktop/airflow_dic/venv/lib/python3.11/site-packages/airflow/example_dags/plugins/workday.py
[2023-10-19T22:57:45.664+0200] {logging_mixin.py:151} INFO - [2023-10-19T22:57:45.664+0200] {workday.py:36} WARNING - Could not import pandas. Holidays will not be considered.
[2023-10-19T22:57:45.664+0200] {processor.py:841} WARNING - No viable dags retrieved from /Users/nick/Desktop/airflow_dic/venv/lib/python3.11/site-packages/airflow/example_dags/plugins/workday.py
[2023-10-19T22:57:45.708+0200] {processor.py:179} INFO - Processing /Users/nick/Desktop/airflow_dic/venv/lib/python3.11/site-packages/airflow/example_dags/plugins/workday.py took 0.046 seconds
[2023-10-19T22:58:19.510+0200] {processor.py:157} INFO - Started process (PID=35380) to work on /Users/nick/Desktop/airflow_dic/venv/lib/python3.11/site-packages/airflow/example_dags/plugins/workday.py
[2023-10-19T22:58:19.511+0200] {processor.py:829} INFO - Processing file /Users/nick/Desktop/airflow_dic/venv/lib/python3.11/site-packages/airflow/example_dags/plugins/workday.py for tasks to queue
[2023-10-19T22:58:19.512+0200] {logging_mixin.py:151} INFO - [2023-10-19T22:58:19.512+0200] {dagbag.py:539} INFO - Filling up the DagBag from /Users/nick/Desktop/airflow_dic/venv/lib/python3.11/site-packages/airflow/example_dags/plugins/workday.py
[2023-10-19T22:58:19.512+0200] {logging_mixin.py:151} INFO - [2023-10-19T22:58:19.512+0200] {workday.py:36} WARNING - Could not import pandas. Holidays will not be considered.
[2023-10-19T22:58:19.512+0200] {processor.py:841} WARNING - No viable dags retrieved from /Users/nick/Desktop/airflow_dic/venv/lib/python3.11/site-packages/airflow/example_dags/plugins/workday.py
[2023-10-19T22:58:19.555+0200] {processor.py:179} INFO - Processing /Users/nick/Desktop/airflow_dic/venv/lib/python3.11/site-packages/airflow/example_dags/plugins/workday.py took 0.045 seconds
[2023-10-19T22:58:52.773+0200] {processor.py:157} INFO - Started process (PID=35444) to work on /Users/nick/Desktop/airflow_dic/venv/lib/python3.11/site-packages/airflow/example_dags/plugins/workday.py
[2023-10-19T22:58:52.775+0200] {processor.py:829} INFO - Processing file /Users/nick/Desktop/airflow_dic/venv/lib/python3.11/site-packages/airflow/example_dags/plugins/workday.py for tasks to queue
[2023-10-19T22:58:52.775+0200] {logging_mixin.py:151} INFO - [2023-10-19T22:58:52.775+0200] {dagbag.py:539} INFO - Filling up the DagBag from /Users/nick/Desktop/airflow_dic/venv/lib/python3.11/site-packages/airflow/example_dags/plugins/workday.py
[2023-10-19T22:58:52.775+0200] {logging_mixin.py:151} INFO - [2023-10-19T22:58:52.775+0200] {workday.py:36} WARNING - Could not import pandas. Holidays will not be considered.
[2023-10-19T22:58:52.775+0200] {processor.py:841} WARNING - No viable dags retrieved from /Users/nick/Desktop/airflow_dic/venv/lib/python3.11/site-packages/airflow/example_dags/plugins/workday.py
[2023-10-19T22:58:52.817+0200] {processor.py:179} INFO - Processing /Users/nick/Desktop/airflow_dic/venv/lib/python3.11/site-packages/airflow/example_dags/plugins/workday.py took 0.044 seconds
[2023-10-19T22:59:26.982+0200] {processor.py:157} INFO - Started process (PID=35521) to work on /Users/nick/Desktop/airflow_dic/venv/lib/python3.11/site-packages/airflow/example_dags/plugins/workday.py
[2023-10-19T22:59:26.983+0200] {processor.py:829} INFO - Processing file /Users/nick/Desktop/airflow_dic/venv/lib/python3.11/site-packages/airflow/example_dags/plugins/workday.py for tasks to queue
[2023-10-19T22:59:26.983+0200] {logging_mixin.py:151} INFO - [2023-10-19T22:59:26.983+0200] {dagbag.py:539} INFO - Filling up the DagBag from /Users/nick/Desktop/airflow_dic/venv/lib/python3.11/site-packages/airflow/example_dags/plugins/workday.py
[2023-10-19T22:59:26.983+0200] {logging_mixin.py:151} INFO - [2023-10-19T22:59:26.983+0200] {workday.py:36} WARNING - Could not import pandas. Holidays will not be considered.
[2023-10-19T22:59:26.984+0200] {processor.py:841} WARNING - No viable dags retrieved from /Users/nick/Desktop/airflow_dic/venv/lib/python3.11/site-packages/airflow/example_dags/plugins/workday.py
[2023-10-19T22:59:27.027+0200] {processor.py:179} INFO - Processing /Users/nick/Desktop/airflow_dic/venv/lib/python3.11/site-packages/airflow/example_dags/plugins/workday.py took 0.046 seconds
[2023-10-19T22:59:48.842+0200] {processor.py:157} INFO - Started process (PID=35563) to work on /Users/nick/Desktop/airflow_dic/venv/lib/python3.11/site-packages/airflow/example_dags/plugins/workday.py
[2023-10-19T22:59:48.843+0200] {processor.py:829} INFO - Processing file /Users/nick/Desktop/airflow_dic/venv/lib/python3.11/site-packages/airflow/example_dags/plugins/workday.py for tasks to queue
[2023-10-19T22:59:48.843+0200] {logging_mixin.py:151} INFO - [2023-10-19T22:59:48.843+0200] {dagbag.py:539} INFO - Filling up the DagBag from /Users/nick/Desktop/airflow_dic/venv/lib/python3.11/site-packages/airflow/example_dags/plugins/workday.py
[2023-10-19T22:59:48.844+0200] {logging_mixin.py:151} INFO - [2023-10-19T22:59:48.844+0200] {workday.py:36} WARNING - Could not import pandas. Holidays will not be considered.
[2023-10-19T22:59:48.844+0200] {processor.py:841} WARNING - No viable dags retrieved from /Users/nick/Desktop/airflow_dic/venv/lib/python3.11/site-packages/airflow/example_dags/plugins/workday.py
[2023-10-19T22:59:48.887+0200] {processor.py:179} INFO - Processing /Users/nick/Desktop/airflow_dic/venv/lib/python3.11/site-packages/airflow/example_dags/plugins/workday.py took 0.045 seconds
