[2024-11-04T14:06:29.391+0100] {local_task_job_runner.py:123} INFO - ::group::Pre task execution logs
[2024-11-04T14:06:29.432+0100] {taskinstance.py:2612} INFO - Dependencies all met for dep_context=non-requeueable deps ti=<TaskInstance: first_airflow_dag.get_datetime scheduled__2024-11-04T13:05:00+00:00 [queued]>
[2024-11-04T14:06:29.434+0100] {taskinstance.py:2612} INFO - Dependencies all met for dep_context=requeueable deps ti=<TaskInstance: first_airflow_dag.get_datetime scheduled__2024-11-04T13:05:00+00:00 [queued]>
[2024-11-04T14:06:29.434+0100] {taskinstance.py:2865} INFO - Starting attempt 1 of 1
[2024-11-04T14:06:29.440+0100] {taskinstance.py:2888} INFO - Executing <Task(BashOperator): get_datetime> on 2024-11-04 13:05:00+00:00
[2024-11-04T14:06:29.444+0100] {standard_task_runner.py:72} INFO - Started process 36616 to run task
[2024-11-04T14:06:29.448+0100] {standard_task_runner.py:104} INFO - Running: ['airflow', 'tasks', 'run', 'first_airflow_dag', 'get_datetime', 'scheduled__2024-11-04T13:05:00+00:00', '--job-id', '1787', '--raw', '--subdir', 'DAGS_FOLDER/first_dag.py', '--cfg-path', '/var/folders/4w/73_t653s0rz1z847_g217g2h0000gn/T/tmp3fjks6ja']
[2024-11-04T14:06:29.449+0100] {standard_task_runner.py:105} INFO - Job 1787: Subtask get_datetime
[2024-11-04T14:06:29.467+0100] {task_command.py:467} INFO - Running <TaskInstance: first_airflow_dag.get_datetime scheduled__2024-11-04T13:05:00+00:00 [running]> on host mbp21-14
[2024-11-04T14:06:29.493+0100] {taskinstance.py:3131} INFO - Exporting env vars: AIRFLOW_CTX_DAG_OWNER='airflow' AIRFLOW_CTX_DAG_ID='first_airflow_dag' AIRFLOW_CTX_TASK_ID='get_datetime' AIRFLOW_CTX_EXECUTION_DATE='2024-11-04T13:05:00+00:00' AIRFLOW_CTX_TRY_NUMBER='1' AIRFLOW_CTX_DAG_RUN_ID='scheduled__2024-11-04T13:05:00+00:00'
[2024-11-04T14:06:29.493+0100] {taskinstance.py:731} INFO - ::endgroup::
[2024-11-04T14:06:29.499+0100] {subprocess.py:63} INFO - Tmp dir root location: /var/folders/4w/73_t653s0rz1z847_g217g2h0000gn/T
[2024-11-04T14:06:29.500+0100] {subprocess.py:75} INFO - Running command: ['/bin/bash', '-c', 'date']
[2024-11-04T14:06:29.503+0100] {subprocess.py:86} INFO - Output:
[2024-11-04T14:06:29.507+0100] {subprocess.py:93} INFO - Mo  4 Nov 2024 14:06:29 CET
[2024-11-04T14:06:29.507+0100] {subprocess.py:97} INFO - Command exited with return code 0
[2024-11-04T14:06:29.515+0100] {taskinstance.py:340} INFO - ::group::Post task execution logs
[2024-11-04T14:06:29.516+0100] {taskinstance.py:352} INFO - Marking task as SUCCESS. dag_id=first_airflow_dag, task_id=get_datetime, run_id=scheduled__2024-11-04T13:05:00+00:00, execution_date=20241104T130500, start_date=20241104T130629, end_date=20241104T130629
[2024-11-04T14:06:29.547+0100] {local_task_job_runner.py:266} INFO - Task exited with return code 0
[2024-11-04T14:06:29.555+0100] {taskinstance.py:3900} INFO - 1 downstream tasks scheduled from follow-on schedule check
[2024-11-04T14:06:29.556+0100] {local_task_job_runner.py:245} INFO - ::endgroup::
