[2024-11-04T11:05:50.293+0100] {processor.py:186} INFO - Started process (PID=17834) to work on /Users/nick/airflow/dags/first_dag.py
[2024-11-04T11:05:50.294+0100] {processor.py:914} INFO - Processing file /Users/nick/airflow/dags/first_dag.py for tasks to queue
[2024-11-04T11:05:50.294+0100] {logging_mixin.py:190} INFO - [2024-11-04T11:05:50.294+0100] {dagbag.py:588} INFO - Filling up the DagBag from /Users/nick/airflow/dags/first_dag.py
[2024-11-04T11:05:50.295+0100] {logging_mixin.py:190} INFO - [2024-11-04T11:05:50.294+0100] {dagbag.py:387} ERROR - Failed to import: /Users/nick/airflow/dags/first_dag.py
Traceback (most recent call last):
  File "/Users/nick/Desktop/Code/MSTeams_pipeline/airflow/lib/python3.11/site-packages/airflow/models/dagbag.py", line 383, in parse
    loader.exec_module(new_module)
  File "<frozen importlib._bootstrap_external>", line 940, in exec_module
  File "<frozen importlib._bootstrap>", line 241, in _call_with_frames_removed
  File "/Users/nick/airflow/dags/first_dag.py", line 2, in <module>
    import pandas as pd
ModuleNotFoundError: No module named 'pandas'
[2024-11-04T11:05:50.295+0100] {processor.py:927} WARNING - No viable dags retrieved from /Users/nick/airflow/dags/first_dag.py
[2024-11-04T11:05:50.326+0100] {logging_mixin.py:190} INFO - [2024-11-04T11:05:50.326+0100] {workday.py:41} WARNING - Could not import pandas. Holidays will not be considered.
[2024-11-04T11:05:50.333+0100] {processor.py:208} INFO - Processing /Users/nick/airflow/dags/first_dag.py took 0.041 seconds
[2024-11-04T11:08:19.169+0100] {processor.py:186} INFO - Started process (PID=19569) to work on /Users/nick/airflow/dags/first_dag.py
[2024-11-04T11:08:19.170+0100] {processor.py:914} INFO - Processing file /Users/nick/airflow/dags/first_dag.py for tasks to queue
[2024-11-04T11:08:19.170+0100] {logging_mixin.py:190} INFO - [2024-11-04T11:08:19.170+0100] {dagbag.py:588} INFO - Filling up the DagBag from /Users/nick/airflow/dags/first_dag.py
[2024-11-04T11:08:19.171+0100] {logging_mixin.py:190} INFO - [2024-11-04T11:08:19.170+0100] {dagbag.py:387} ERROR - Failed to import: /Users/nick/airflow/dags/first_dag.py
Traceback (most recent call last):
  File "/Users/nick/Desktop/Code/MSTeams_pipeline/airflow/lib/python3.11/site-packages/airflow/models/dagbag.py", line 383, in parse
    loader.exec_module(new_module)
  File "<frozen importlib._bootstrap_external>", line 940, in exec_module
  File "<frozen importlib._bootstrap>", line 241, in _call_with_frames_removed
  File "/Users/nick/airflow/dags/first_dag.py", line 2, in <module>
    import pandas as pd
ModuleNotFoundError: No module named 'pandas'
[2024-11-04T11:08:19.171+0100] {processor.py:927} WARNING - No viable dags retrieved from /Users/nick/airflow/dags/first_dag.py
[2024-11-04T11:08:19.208+0100] {logging_mixin.py:190} INFO - [2024-11-04T11:08:19.208+0100] {workday.py:41} WARNING - Could not import pandas. Holidays will not be considered.
[2024-11-04T11:08:19.214+0100] {processor.py:208} INFO - Processing /Users/nick/airflow/dags/first_dag.py took 0.047 seconds
[2024-11-04T11:12:03.720+0100] {processor.py:186} INFO - Started process (PID=22277) to work on /Users/nick/airflow/dags/first_dag.py
[2024-11-04T11:12:03.720+0100] {processor.py:914} INFO - Processing file /Users/nick/airflow/dags/first_dag.py for tasks to queue
[2024-11-04T11:12:03.720+0100] {logging_mixin.py:190} INFO - [2024-11-04T11:12:03.720+0100] {dagbag.py:588} INFO - Filling up the DagBag from /Users/nick/airflow/dags/first_dag.py
[2024-11-04T11:12:03.885+0100] {processor.py:925} INFO - DAG(s) 'first_airflow_dag' retrieved from /Users/nick/airflow/dags/first_dag.py
[2024-11-04T11:12:03.949+0100] {logging_mixin.py:190} INFO - [2024-11-04T11:12:03.949+0100] {override.py:1900} INFO - Created Permission View: can read on DAG Run:first_airflow_dag
[2024-11-04T11:12:03.951+0100] {logging_mixin.py:190} INFO - [2024-11-04T11:12:03.951+0100] {override.py:1900} INFO - Created Permission View: can delete on DAG Run:first_airflow_dag
[2024-11-04T11:12:03.953+0100] {logging_mixin.py:190} INFO - [2024-11-04T11:12:03.953+0100] {override.py:1900} INFO - Created Permission View: menu access on DAG Run:first_airflow_dag
[2024-11-04T11:12:03.956+0100] {logging_mixin.py:190} INFO - [2024-11-04T11:12:03.956+0100] {override.py:1900} INFO - Created Permission View: can create on DAG Run:first_airflow_dag
[2024-11-04T11:12:03.956+0100] {logging_mixin.py:190} INFO - [2024-11-04T11:12:03.956+0100] {dag.py:3239} INFO - Sync 1 DAGs
[2024-11-04T11:12:03.963+0100] {logging_mixin.py:190} INFO - [2024-11-04T11:12:03.963+0100] {dag.py:4180} INFO - Setting next_dagrun for first_airflow_dag to 2024-11-04 10:11:00+00:00, run_after=2024-11-04 10:12:00+00:00
[2024-11-04T11:12:03.969+0100] {processor.py:208} INFO - Processing /Users/nick/airflow/dags/first_dag.py took 0.251 seconds
[2024-11-04T11:16:21.943+0100] {processor.py:186} INFO - Started process (PID=25861) to work on /Users/nick/airflow/dags/first_dag.py
[2024-11-04T11:16:21.943+0100] {processor.py:914} INFO - Processing file /Users/nick/airflow/dags/first_dag.py for tasks to queue
[2024-11-04T11:16:21.944+0100] {logging_mixin.py:190} INFO - [2024-11-04T11:16:21.944+0100] {dagbag.py:588} INFO - Filling up the DagBag from /Users/nick/airflow/dags/first_dag.py
[2024-11-04T11:16:21.945+0100] {logging_mixin.py:190} INFO - [2024-11-04T11:16:21.945+0100] {dagbag.py:387} ERROR - Failed to import: /Users/nick/airflow/dags/first_dag.py
Traceback (most recent call last):
  File "/Users/nick/airflow/airflow_venv/lib/python3.11/site-packages/airflow/models/dagbag.py", line 383, in parse
    loader.exec_module(new_module)
  File "<frozen importlib._bootstrap_external>", line 940, in exec_module
  File "<frozen importlib._bootstrap>", line 241, in _call_with_frames_removed
  File "/Users/nick/airflow/dags/first_dag.py", line 2, in <module>
    import pandas as pd
ModuleNotFoundError: No module named 'pandas'
[2024-11-04T11:16:21.945+0100] {processor.py:927} WARNING - No viable dags retrieved from /Users/nick/airflow/dags/first_dag.py
[2024-11-04T11:16:21.976+0100] {logging_mixin.py:190} INFO - [2024-11-04T11:16:21.976+0100] {workday.py:41} WARNING - Could not import pandas. Holidays will not be considered.
[2024-11-04T11:16:21.983+0100] {processor.py:208} INFO - Processing /Users/nick/airflow/dags/first_dag.py took 0.042 seconds
[2024-11-04T11:18:46.595+0100] {processor.py:186} INFO - Started process (PID=27748) to work on /Users/nick/airflow/dags/first_dag.py
[2024-11-04T11:18:46.596+0100] {processor.py:914} INFO - Processing file /Users/nick/airflow/dags/first_dag.py for tasks to queue
[2024-11-04T11:18:46.596+0100] {logging_mixin.py:190} INFO - [2024-11-04T11:18:46.596+0100] {dagbag.py:588} INFO - Filling up the DagBag from /Users/nick/airflow/dags/first_dag.py
[2024-11-04T11:18:46.597+0100] {logging_mixin.py:190} INFO - [2024-11-04T11:18:46.597+0100] {dagbag.py:387} ERROR - Failed to import: /Users/nick/airflow/dags/first_dag.py
Traceback (most recent call last):
  File "/Users/nick/airflow/airflow_venv/lib/python3.11/site-packages/airflow/models/dagbag.py", line 383, in parse
    loader.exec_module(new_module)
  File "<frozen importlib._bootstrap_external>", line 940, in exec_module
  File "<frozen importlib._bootstrap>", line 241, in _call_with_frames_removed
  File "/Users/nick/airflow/dags/first_dag.py", line 2, in <module>
    import pandas as pd
ModuleNotFoundError: No module named 'pandas'
[2024-11-04T11:18:46.597+0100] {processor.py:927} WARNING - No viable dags retrieved from /Users/nick/airflow/dags/first_dag.py
[2024-11-04T11:18:46.631+0100] {logging_mixin.py:190} INFO - [2024-11-04T11:18:46.631+0100] {workday.py:41} WARNING - Could not import pandas. Holidays will not be considered.
[2024-11-04T11:18:46.637+0100] {processor.py:208} INFO - Processing /Users/nick/airflow/dags/first_dag.py took 0.043 seconds
[2024-11-04T11:21:15.923+0100] {processor.py:186} INFO - Started process (PID=29467) to work on /Users/nick/airflow/dags/first_dag.py
[2024-11-04T11:21:15.924+0100] {processor.py:914} INFO - Processing file /Users/nick/airflow/dags/first_dag.py for tasks to queue
[2024-11-04T11:21:15.924+0100] {logging_mixin.py:190} INFO - [2024-11-04T11:21:15.924+0100] {dagbag.py:588} INFO - Filling up the DagBag from /Users/nick/airflow/dags/first_dag.py
[2024-11-04T11:21:15.925+0100] {logging_mixin.py:190} INFO - [2024-11-04T11:21:15.925+0100] {dagbag.py:387} ERROR - Failed to import: /Users/nick/airflow/dags/first_dag.py
Traceback (most recent call last):
  File "/Users/nick/airflow/airflow_venv/lib/python3.11/site-packages/airflow/models/dagbag.py", line 383, in parse
    loader.exec_module(new_module)
  File "<frozen importlib._bootstrap_external>", line 940, in exec_module
  File "<frozen importlib._bootstrap>", line 241, in _call_with_frames_removed
  File "/Users/nick/airflow/dags/first_dag.py", line 2, in <module>
    import pandas as pd
ModuleNotFoundError: No module named 'pandas'
[2024-11-04T11:21:15.925+0100] {processor.py:927} WARNING - No viable dags retrieved from /Users/nick/airflow/dags/first_dag.py
[2024-11-04T11:21:15.960+0100] {logging_mixin.py:190} INFO - [2024-11-04T11:21:15.960+0100] {workday.py:41} WARNING - Could not import pandas. Holidays will not be considered.
[2024-11-04T11:21:15.966+0100] {processor.py:208} INFO - Processing /Users/nick/airflow/dags/first_dag.py took 0.045 seconds
[2024-11-04T11:23:47.963+0100] {processor.py:186} INFO - Started process (PID=31248) to work on /Users/nick/airflow/dags/first_dag.py
[2024-11-04T11:23:47.963+0100] {processor.py:914} INFO - Processing file /Users/nick/airflow/dags/first_dag.py for tasks to queue
[2024-11-04T11:23:47.963+0100] {logging_mixin.py:190} INFO - [2024-11-04T11:23:47.963+0100] {dagbag.py:588} INFO - Filling up the DagBag from /Users/nick/airflow/dags/first_dag.py
[2024-11-04T11:23:47.964+0100] {logging_mixin.py:190} INFO - [2024-11-04T11:23:47.964+0100] {dagbag.py:387} ERROR - Failed to import: /Users/nick/airflow/dags/first_dag.py
Traceback (most recent call last):
  File "/Users/nick/airflow/airflow_venv/lib/python3.11/site-packages/airflow/models/dagbag.py", line 383, in parse
    loader.exec_module(new_module)
  File "<frozen importlib._bootstrap_external>", line 940, in exec_module
  File "<frozen importlib._bootstrap>", line 241, in _call_with_frames_removed
  File "/Users/nick/airflow/dags/first_dag.py", line 2, in <module>
    import pandas as pd
ModuleNotFoundError: No module named 'pandas'
[2024-11-04T11:23:47.964+0100] {processor.py:927} WARNING - No viable dags retrieved from /Users/nick/airflow/dags/first_dag.py
[2024-11-04T11:23:47.999+0100] {logging_mixin.py:190} INFO - [2024-11-04T11:23:47.999+0100] {workday.py:41} WARNING - Could not import pandas. Holidays will not be considered.
[2024-11-04T11:23:48.005+0100] {processor.py:208} INFO - Processing /Users/nick/airflow/dags/first_dag.py took 0.044 seconds
[2024-11-04T11:28:42.406+0100] {processor.py:186} INFO - Started process (PID=34910) to work on /Users/nick/airflow/dags/first_dag.py
[2024-11-04T11:28:42.407+0100] {processor.py:914} INFO - Processing file /Users/nick/airflow/dags/first_dag.py for tasks to queue
[2024-11-04T11:28:42.407+0100] {logging_mixin.py:190} INFO - [2024-11-04T11:28:42.407+0100] {dagbag.py:588} INFO - Filling up the DagBag from /Users/nick/airflow/dags/first_dag.py
[2024-11-04T11:28:42.585+0100] {processor.py:925} INFO - DAG(s) 'first_airflow_dag' retrieved from /Users/nick/airflow/dags/first_dag.py
[2024-11-04T11:28:42.651+0100] {logging_mixin.py:190} INFO - [2024-11-04T11:28:42.651+0100] {dag.py:3239} INFO - Sync 1 DAGs
[2024-11-04T11:28:42.660+0100] {logging_mixin.py:190} INFO - [2024-11-04T11:28:42.659+0100] {dag.py:4180} INFO - Setting next_dagrun for first_airflow_dag to 2024-11-04 10:27:00+00:00, run_after=2024-11-04 10:28:00+00:00
[2024-11-04T11:28:42.668+0100] {processor.py:208} INFO - Processing /Users/nick/airflow/dags/first_dag.py took 0.263 seconds
[2024-11-04T11:29:13.669+0100] {processor.py:186} INFO - Started process (PID=35205) to work on /Users/nick/airflow/dags/first_dag.py
[2024-11-04T11:29:13.669+0100] {processor.py:914} INFO - Processing file /Users/nick/airflow/dags/first_dag.py for tasks to queue
[2024-11-04T11:29:13.669+0100] {logging_mixin.py:190} INFO - [2024-11-04T11:29:13.669+0100] {dagbag.py:588} INFO - Filling up the DagBag from /Users/nick/airflow/dags/first_dag.py
[2024-11-04T11:29:13.846+0100] {processor.py:925} INFO - DAG(s) 'first_airflow_dag' retrieved from /Users/nick/airflow/dags/first_dag.py
[2024-11-04T11:29:13.882+0100] {logging_mixin.py:190} INFO - [2024-11-04T11:29:13.882+0100] {dag.py:3239} INFO - Sync 1 DAGs
[2024-11-04T11:29:13.889+0100] {logging_mixin.py:190} INFO - [2024-11-04T11:29:13.889+0100] {dag.py:4180} INFO - Setting next_dagrun for first_airflow_dag to 2024-11-04 10:29:00+00:00, run_after=2024-11-04 10:30:00+00:00
[2024-11-04T11:29:13.896+0100] {processor.py:208} INFO - Processing /Users/nick/airflow/dags/first_dag.py took 0.229 seconds
[2024-11-04T11:29:45.126+0100] {processor.py:186} INFO - Started process (PID=35638) to work on /Users/nick/airflow/dags/first_dag.py
[2024-11-04T11:29:45.127+0100] {processor.py:914} INFO - Processing file /Users/nick/airflow/dags/first_dag.py for tasks to queue
[2024-11-04T11:29:45.127+0100] {logging_mixin.py:190} INFO - [2024-11-04T11:29:45.127+0100] {dagbag.py:588} INFO - Filling up the DagBag from /Users/nick/airflow/dags/first_dag.py
[2024-11-04T11:29:45.312+0100] {processor.py:925} INFO - DAG(s) 'first_airflow_dag' retrieved from /Users/nick/airflow/dags/first_dag.py
[2024-11-04T11:29:45.346+0100] {logging_mixin.py:190} INFO - [2024-11-04T11:29:45.346+0100] {dag.py:3239} INFO - Sync 1 DAGs
[2024-11-04T11:29:45.353+0100] {logging_mixin.py:190} INFO - [2024-11-04T11:29:45.353+0100] {dag.py:4180} INFO - Setting next_dagrun for first_airflow_dag to 2024-11-04 10:29:00+00:00, run_after=2024-11-04 10:30:00+00:00
[2024-11-04T11:29:45.360+0100] {processor.py:208} INFO - Processing /Users/nick/airflow/dags/first_dag.py took 0.236 seconds
[2024-11-04T11:30:16.198+0100] {processor.py:186} INFO - Started process (PID=35975) to work on /Users/nick/airflow/dags/first_dag.py
[2024-11-04T11:30:16.198+0100] {processor.py:914} INFO - Processing file /Users/nick/airflow/dags/first_dag.py for tasks to queue
[2024-11-04T11:30:16.199+0100] {logging_mixin.py:190} INFO - [2024-11-04T11:30:16.198+0100] {dagbag.py:588} INFO - Filling up the DagBag from /Users/nick/airflow/dags/first_dag.py
[2024-11-04T11:30:16.373+0100] {processor.py:925} INFO - DAG(s) 'first_airflow_dag' retrieved from /Users/nick/airflow/dags/first_dag.py
[2024-11-04T11:30:16.412+0100] {logging_mixin.py:190} INFO - [2024-11-04T11:30:16.411+0100] {dag.py:3239} INFO - Sync 1 DAGs
[2024-11-04T11:30:16.419+0100] {logging_mixin.py:190} INFO - [2024-11-04T11:30:16.419+0100] {dag.py:4180} INFO - Setting next_dagrun for first_airflow_dag to 2024-11-04 10:30:00+00:00, run_after=2024-11-04 10:31:00+00:00
[2024-11-04T11:30:16.427+0100] {processor.py:208} INFO - Processing /Users/nick/airflow/dags/first_dag.py took 0.231 seconds
[2024-11-04T11:30:47.580+0100] {processor.py:186} INFO - Started process (PID=36315) to work on /Users/nick/airflow/dags/first_dag.py
[2024-11-04T11:30:47.580+0100] {processor.py:914} INFO - Processing file /Users/nick/airflow/dags/first_dag.py for tasks to queue
[2024-11-04T11:30:47.580+0100] {logging_mixin.py:190} INFO - [2024-11-04T11:30:47.580+0100] {dagbag.py:588} INFO - Filling up the DagBag from /Users/nick/airflow/dags/first_dag.py
[2024-11-04T11:30:47.764+0100] {processor.py:925} INFO - DAG(s) 'first_airflow_dag' retrieved from /Users/nick/airflow/dags/first_dag.py
[2024-11-04T11:30:47.802+0100] {logging_mixin.py:190} INFO - [2024-11-04T11:30:47.802+0100] {dag.py:3239} INFO - Sync 1 DAGs
[2024-11-04T11:30:47.809+0100] {logging_mixin.py:190} INFO - [2024-11-04T11:30:47.809+0100] {dag.py:4180} INFO - Setting next_dagrun for first_airflow_dag to 2024-11-04 10:30:00+00:00, run_after=2024-11-04 10:31:00+00:00
[2024-11-04T11:30:47.818+0100] {processor.py:208} INFO - Processing /Users/nick/airflow/dags/first_dag.py took 0.240 seconds
[2024-11-04T11:31:18.926+0100] {processor.py:186} INFO - Started process (PID=36676) to work on /Users/nick/airflow/dags/first_dag.py
[2024-11-04T11:31:18.926+0100] {processor.py:914} INFO - Processing file /Users/nick/airflow/dags/first_dag.py for tasks to queue
[2024-11-04T11:31:18.926+0100] {logging_mixin.py:190} INFO - [2024-11-04T11:31:18.926+0100] {dagbag.py:588} INFO - Filling up the DagBag from /Users/nick/airflow/dags/first_dag.py
[2024-11-04T11:31:19.103+0100] {processor.py:925} INFO - DAG(s) 'first_airflow_dag' retrieved from /Users/nick/airflow/dags/first_dag.py
[2024-11-04T11:31:19.140+0100] {logging_mixin.py:190} INFO - [2024-11-04T11:31:19.140+0100] {dag.py:3239} INFO - Sync 1 DAGs
[2024-11-04T11:31:19.151+0100] {logging_mixin.py:190} INFO - [2024-11-04T11:31:19.151+0100] {dag.py:4180} INFO - Setting next_dagrun for first_airflow_dag to 2024-11-04 10:31:00+00:00, run_after=2024-11-04 10:32:00+00:00
[2024-11-04T11:31:19.158+0100] {processor.py:208} INFO - Processing /Users/nick/airflow/dags/first_dag.py took 0.234 seconds
[2024-11-04T11:31:50.185+0100] {processor.py:186} INFO - Started process (PID=37017) to work on /Users/nick/airflow/dags/first_dag.py
[2024-11-04T11:31:50.185+0100] {processor.py:914} INFO - Processing file /Users/nick/airflow/dags/first_dag.py for tasks to queue
[2024-11-04T11:31:50.185+0100] {logging_mixin.py:190} INFO - [2024-11-04T11:31:50.185+0100] {dagbag.py:588} INFO - Filling up the DagBag from /Users/nick/airflow/dags/first_dag.py
[2024-11-04T11:31:50.371+0100] {processor.py:925} INFO - DAG(s) 'first_airflow_dag' retrieved from /Users/nick/airflow/dags/first_dag.py
[2024-11-04T11:31:50.408+0100] {logging_mixin.py:190} INFO - [2024-11-04T11:31:50.408+0100] {dag.py:3239} INFO - Sync 1 DAGs
[2024-11-04T11:31:50.416+0100] {logging_mixin.py:190} INFO - [2024-11-04T11:31:50.416+0100] {dag.py:4180} INFO - Setting next_dagrun for first_airflow_dag to 2024-11-04 10:31:00+00:00, run_after=2024-11-04 10:32:00+00:00
[2024-11-04T11:31:50.424+0100] {processor.py:208} INFO - Processing /Users/nick/airflow/dags/first_dag.py took 0.240 seconds
[2024-11-04T11:32:22.041+0100] {processor.py:186} INFO - Started process (PID=37478) to work on /Users/nick/airflow/dags/first_dag.py
[2024-11-04T11:32:22.041+0100] {processor.py:914} INFO - Processing file /Users/nick/airflow/dags/first_dag.py for tasks to queue
[2024-11-04T11:32:22.042+0100] {logging_mixin.py:190} INFO - [2024-11-04T11:32:22.042+0100] {dagbag.py:588} INFO - Filling up the DagBag from /Users/nick/airflow/dags/first_dag.py
[2024-11-04T11:32:22.219+0100] {processor.py:925} INFO - DAG(s) 'first_airflow_dag' retrieved from /Users/nick/airflow/dags/first_dag.py
[2024-11-04T11:32:22.253+0100] {logging_mixin.py:190} INFO - [2024-11-04T11:32:22.253+0100] {dag.py:3239} INFO - Sync 1 DAGs
[2024-11-04T11:32:22.260+0100] {logging_mixin.py:190} INFO - [2024-11-04T11:32:22.260+0100] {dag.py:4180} INFO - Setting next_dagrun for first_airflow_dag to 2024-11-04 10:32:00+00:00, run_after=2024-11-04 10:33:00+00:00
[2024-11-04T11:32:22.268+0100] {processor.py:208} INFO - Processing /Users/nick/airflow/dags/first_dag.py took 0.229 seconds
[2024-11-04T11:32:53.321+0100] {processor.py:186} INFO - Started process (PID=37823) to work on /Users/nick/airflow/dags/first_dag.py
[2024-11-04T11:32:53.321+0100] {processor.py:914} INFO - Processing file /Users/nick/airflow/dags/first_dag.py for tasks to queue
[2024-11-04T11:32:53.321+0100] {logging_mixin.py:190} INFO - [2024-11-04T11:32:53.321+0100] {dagbag.py:588} INFO - Filling up the DagBag from /Users/nick/airflow/dags/first_dag.py
[2024-11-04T11:32:53.502+0100] {processor.py:925} INFO - DAG(s) 'first_airflow_dag' retrieved from /Users/nick/airflow/dags/first_dag.py
[2024-11-04T11:32:53.538+0100] {logging_mixin.py:190} INFO - [2024-11-04T11:32:53.537+0100] {dag.py:3239} INFO - Sync 1 DAGs
[2024-11-04T11:32:53.544+0100] {logging_mixin.py:190} INFO - [2024-11-04T11:32:53.544+0100] {dag.py:4180} INFO - Setting next_dagrun for first_airflow_dag to 2024-11-04 10:32:00+00:00, run_after=2024-11-04 10:33:00+00:00
[2024-11-04T11:32:53.552+0100] {processor.py:208} INFO - Processing /Users/nick/airflow/dags/first_dag.py took 0.233 seconds
[2024-11-04T11:33:25.117+0100] {processor.py:186} INFO - Started process (PID=38172) to work on /Users/nick/airflow/dags/first_dag.py
[2024-11-04T11:33:25.117+0100] {processor.py:914} INFO - Processing file /Users/nick/airflow/dags/first_dag.py for tasks to queue
[2024-11-04T11:33:25.117+0100] {logging_mixin.py:190} INFO - [2024-11-04T11:33:25.117+0100] {dagbag.py:588} INFO - Filling up the DagBag from /Users/nick/airflow/dags/first_dag.py
[2024-11-04T11:33:25.321+0100] {processor.py:925} INFO - DAG(s) 'first_airflow_dag' retrieved from /Users/nick/airflow/dags/first_dag.py
[2024-11-04T11:33:25.354+0100] {logging_mixin.py:190} INFO - [2024-11-04T11:33:25.354+0100] {dag.py:3239} INFO - Sync 1 DAGs
[2024-11-04T11:33:25.362+0100] {logging_mixin.py:190} INFO - [2024-11-04T11:33:25.362+0100] {dag.py:4180} INFO - Setting next_dagrun for first_airflow_dag to 2024-11-04 10:33:00+00:00, run_after=2024-11-04 10:34:00+00:00
[2024-11-04T11:33:25.369+0100] {processor.py:208} INFO - Processing /Users/nick/airflow/dags/first_dag.py took 0.254 seconds
[2024-11-04T11:33:56.238+0100] {processor.py:186} INFO - Started process (PID=38519) to work on /Users/nick/airflow/dags/first_dag.py
[2024-11-04T11:33:56.238+0100] {processor.py:914} INFO - Processing file /Users/nick/airflow/dags/first_dag.py for tasks to queue
[2024-11-04T11:33:56.238+0100] {logging_mixin.py:190} INFO - [2024-11-04T11:33:56.238+0100] {dagbag.py:588} INFO - Filling up the DagBag from /Users/nick/airflow/dags/first_dag.py
[2024-11-04T11:33:56.423+0100] {processor.py:925} INFO - DAG(s) 'first_airflow_dag' retrieved from /Users/nick/airflow/dags/first_dag.py
[2024-11-04T11:33:56.457+0100] {logging_mixin.py:190} INFO - [2024-11-04T11:33:56.457+0100] {dag.py:3239} INFO - Sync 1 DAGs
[2024-11-04T11:33:56.464+0100] {logging_mixin.py:190} INFO - [2024-11-04T11:33:56.464+0100] {dag.py:4180} INFO - Setting next_dagrun for first_airflow_dag to 2024-11-04 10:33:00+00:00, run_after=2024-11-04 10:34:00+00:00
[2024-11-04T11:33:56.472+0100] {processor.py:208} INFO - Processing /Users/nick/airflow/dags/first_dag.py took 0.236 seconds
[2024-11-04T11:34:27.315+0100] {processor.py:186} INFO - Started process (PID=38911) to work on /Users/nick/airflow/dags/first_dag.py
[2024-11-04T11:34:27.315+0100] {processor.py:914} INFO - Processing file /Users/nick/airflow/dags/first_dag.py for tasks to queue
[2024-11-04T11:34:27.316+0100] {logging_mixin.py:190} INFO - [2024-11-04T11:34:27.315+0100] {dagbag.py:588} INFO - Filling up the DagBag from /Users/nick/airflow/dags/first_dag.py
[2024-11-04T11:34:27.492+0100] {processor.py:925} INFO - DAG(s) 'first_airflow_dag' retrieved from /Users/nick/airflow/dags/first_dag.py
[2024-11-04T11:34:27.524+0100] {logging_mixin.py:190} INFO - [2024-11-04T11:34:27.524+0100] {dag.py:3239} INFO - Sync 1 DAGs
[2024-11-04T11:34:27.531+0100] {logging_mixin.py:190} INFO - [2024-11-04T11:34:27.531+0100] {dag.py:4180} INFO - Setting next_dagrun for first_airflow_dag to 2024-11-04 10:34:00+00:00, run_after=2024-11-04 10:35:00+00:00
[2024-11-04T11:34:27.537+0100] {processor.py:208} INFO - Processing /Users/nick/airflow/dags/first_dag.py took 0.224 seconds
[2024-11-04T11:34:59.608+0100] {processor.py:186} INFO - Started process (PID=39257) to work on /Users/nick/airflow/dags/first_dag.py
[2024-11-04T11:34:59.608+0100] {processor.py:914} INFO - Processing file /Users/nick/airflow/dags/first_dag.py for tasks to queue
[2024-11-04T11:34:59.608+0100] {logging_mixin.py:190} INFO - [2024-11-04T11:34:59.608+0100] {dagbag.py:588} INFO - Filling up the DagBag from /Users/nick/airflow/dags/first_dag.py
[2024-11-04T11:34:59.780+0100] {processor.py:925} INFO - DAG(s) 'first_airflow_dag' retrieved from /Users/nick/airflow/dags/first_dag.py
[2024-11-04T11:34:59.814+0100] {logging_mixin.py:190} INFO - [2024-11-04T11:34:59.814+0100] {dag.py:3239} INFO - Sync 1 DAGs
[2024-11-04T11:34:59.820+0100] {logging_mixin.py:190} INFO - [2024-11-04T11:34:59.820+0100] {dag.py:4180} INFO - Setting next_dagrun for first_airflow_dag to 2024-11-04 10:34:00+00:00, run_after=2024-11-04 10:35:00+00:00
[2024-11-04T11:34:59.827+0100] {processor.py:208} INFO - Processing /Users/nick/airflow/dags/first_dag.py took 0.220 seconds
[2024-11-04T11:35:30.712+0100] {processor.py:186} INFO - Started process (PID=39595) to work on /Users/nick/airflow/dags/first_dag.py
[2024-11-04T11:35:30.712+0100] {processor.py:914} INFO - Processing file /Users/nick/airflow/dags/first_dag.py for tasks to queue
[2024-11-04T11:35:30.712+0100] {logging_mixin.py:190} INFO - [2024-11-04T11:35:30.712+0100] {dagbag.py:588} INFO - Filling up the DagBag from /Users/nick/airflow/dags/first_dag.py
[2024-11-04T11:35:30.883+0100] {processor.py:925} INFO - DAG(s) 'first_airflow_dag' retrieved from /Users/nick/airflow/dags/first_dag.py
[2024-11-04T11:35:30.916+0100] {logging_mixin.py:190} INFO - [2024-11-04T11:35:30.916+0100] {dag.py:3239} INFO - Sync 1 DAGs
[2024-11-04T11:35:30.923+0100] {logging_mixin.py:190} INFO - [2024-11-04T11:35:30.923+0100] {dag.py:4180} INFO - Setting next_dagrun for first_airflow_dag to 2024-11-04 10:35:00+00:00, run_after=2024-11-04 10:36:00+00:00
[2024-11-04T11:35:30.931+0100] {processor.py:208} INFO - Processing /Users/nick/airflow/dags/first_dag.py took 0.220 seconds
[2024-11-04T11:36:01.755+0100] {processor.py:186} INFO - Started process (PID=39920) to work on /Users/nick/airflow/dags/first_dag.py
[2024-11-04T11:36:01.755+0100] {processor.py:914} INFO - Processing file /Users/nick/airflow/dags/first_dag.py for tasks to queue
[2024-11-04T11:36:01.755+0100] {logging_mixin.py:190} INFO - [2024-11-04T11:36:01.755+0100] {dagbag.py:588} INFO - Filling up the DagBag from /Users/nick/airflow/dags/first_dag.py
[2024-11-04T11:36:01.930+0100] {processor.py:925} INFO - DAG(s) 'first_airflow_dag' retrieved from /Users/nick/airflow/dags/first_dag.py
[2024-11-04T11:36:01.963+0100] {logging_mixin.py:190} INFO - [2024-11-04T11:36:01.962+0100] {dag.py:3239} INFO - Sync 1 DAGs
[2024-11-04T11:36:01.969+0100] {logging_mixin.py:190} INFO - [2024-11-04T11:36:01.969+0100] {dag.py:4180} INFO - Setting next_dagrun for first_airflow_dag to 2024-11-04 10:35:00+00:00, run_after=2024-11-04 10:36:00+00:00
[2024-11-04T11:36:01.976+0100] {processor.py:208} INFO - Processing /Users/nick/airflow/dags/first_dag.py took 0.223 seconds
[2024-11-04T11:36:34.003+0100] {processor.py:186} INFO - Started process (PID=40261) to work on /Users/nick/airflow/dags/first_dag.py
[2024-11-04T11:36:34.004+0100] {processor.py:914} INFO - Processing file /Users/nick/airflow/dags/first_dag.py for tasks to queue
[2024-11-04T11:36:34.004+0100] {logging_mixin.py:190} INFO - [2024-11-04T11:36:34.004+0100] {dagbag.py:588} INFO - Filling up the DagBag from /Users/nick/airflow/dags/first_dag.py
[2024-11-04T11:36:34.175+0100] {processor.py:925} INFO - DAG(s) 'first_airflow_dag' retrieved from /Users/nick/airflow/dags/first_dag.py
[2024-11-04T11:36:34.211+0100] {logging_mixin.py:190} INFO - [2024-11-04T11:36:34.210+0100] {dag.py:3239} INFO - Sync 1 DAGs
[2024-11-04T11:36:34.218+0100] {logging_mixin.py:190} INFO - [2024-11-04T11:36:34.218+0100] {dag.py:4180} INFO - Setting next_dagrun for first_airflow_dag to 2024-11-04 10:36:00+00:00, run_after=2024-11-04 10:37:00+00:00
[2024-11-04T11:36:34.225+0100] {processor.py:208} INFO - Processing /Users/nick/airflow/dags/first_dag.py took 0.223 seconds
[2024-11-04T11:37:08.158+0100] {processor.py:186} INFO - Started process (PID=40614) to work on /Users/nick/airflow/dags/first_dag.py
[2024-11-04T11:37:08.159+0100] {processor.py:914} INFO - Processing file /Users/nick/airflow/dags/first_dag.py for tasks to queue
[2024-11-04T11:37:08.159+0100] {logging_mixin.py:190} INFO - [2024-11-04T11:37:08.159+0100] {dagbag.py:588} INFO - Filling up the DagBag from /Users/nick/airflow/dags/first_dag.py
[2024-11-04T11:37:08.343+0100] {processor.py:925} INFO - DAG(s) 'first_airflow_dag' retrieved from /Users/nick/airflow/dags/first_dag.py
[2024-11-04T11:37:08.380+0100] {logging_mixin.py:190} INFO - [2024-11-04T11:37:08.380+0100] {dag.py:3239} INFO - Sync 1 DAGs
[2024-11-04T11:37:08.387+0100] {logging_mixin.py:190} INFO - [2024-11-04T11:37:08.387+0100] {dag.py:4180} INFO - Setting next_dagrun for first_airflow_dag to 2024-11-04 10:37:00+00:00, run_after=2024-11-04 10:38:00+00:00
[2024-11-04T11:37:08.395+0100] {processor.py:208} INFO - Processing /Users/nick/airflow/dags/first_dag.py took 0.238 seconds
[2024-11-04T11:37:39.566+0100] {processor.py:186} INFO - Started process (PID=41045) to work on /Users/nick/airflow/dags/first_dag.py
[2024-11-04T11:37:39.566+0100] {processor.py:914} INFO - Processing file /Users/nick/airflow/dags/first_dag.py for tasks to queue
[2024-11-04T11:37:39.566+0100] {logging_mixin.py:190} INFO - [2024-11-04T11:37:39.566+0100] {dagbag.py:588} INFO - Filling up the DagBag from /Users/nick/airflow/dags/first_dag.py
[2024-11-04T11:37:39.738+0100] {processor.py:925} INFO - DAG(s) 'first_airflow_dag' retrieved from /Users/nick/airflow/dags/first_dag.py
[2024-11-04T11:37:39.774+0100] {logging_mixin.py:190} INFO - [2024-11-04T11:37:39.774+0100] {dag.py:3239} INFO - Sync 1 DAGs
[2024-11-04T11:37:39.781+0100] {logging_mixin.py:190} INFO - [2024-11-04T11:37:39.781+0100] {dag.py:4180} INFO - Setting next_dagrun for first_airflow_dag to 2024-11-04 10:37:00+00:00, run_after=2024-11-04 10:38:00+00:00
[2024-11-04T11:37:39.787+0100] {processor.py:208} INFO - Processing /Users/nick/airflow/dags/first_dag.py took 0.223 seconds
[2024-11-04T11:38:11.496+0100] {processor.py:186} INFO - Started process (PID=41382) to work on /Users/nick/airflow/dags/first_dag.py
[2024-11-04T11:38:11.496+0100] {processor.py:914} INFO - Processing file /Users/nick/airflow/dags/first_dag.py for tasks to queue
[2024-11-04T11:38:11.497+0100] {logging_mixin.py:190} INFO - [2024-11-04T11:38:11.497+0100] {dagbag.py:588} INFO - Filling up the DagBag from /Users/nick/airflow/dags/first_dag.py
[2024-11-04T11:38:11.670+0100] {processor.py:925} INFO - DAG(s) 'first_airflow_dag' retrieved from /Users/nick/airflow/dags/first_dag.py
[2024-11-04T11:38:11.705+0100] {logging_mixin.py:190} INFO - [2024-11-04T11:38:11.705+0100] {dag.py:3239} INFO - Sync 1 DAGs
[2024-11-04T11:38:11.712+0100] {logging_mixin.py:190} INFO - [2024-11-04T11:38:11.712+0100] {dag.py:4180} INFO - Setting next_dagrun for first_airflow_dag to 2024-11-04 10:38:00+00:00, run_after=2024-11-04 10:39:00+00:00
[2024-11-04T11:38:11.718+0100] {processor.py:208} INFO - Processing /Users/nick/airflow/dags/first_dag.py took 0.224 seconds
[2024-11-04T11:38:43.091+0100] {processor.py:186} INFO - Started process (PID=41725) to work on /Users/nick/airflow/dags/first_dag.py
[2024-11-04T11:38:43.091+0100] {processor.py:914} INFO - Processing file /Users/nick/airflow/dags/first_dag.py for tasks to queue
[2024-11-04T11:38:43.091+0100] {logging_mixin.py:190} INFO - [2024-11-04T11:38:43.091+0100] {dagbag.py:588} INFO - Filling up the DagBag from /Users/nick/airflow/dags/first_dag.py
[2024-11-04T11:38:43.260+0100] {processor.py:925} INFO - DAG(s) 'first_airflow_dag' retrieved from /Users/nick/airflow/dags/first_dag.py
[2024-11-04T11:38:43.293+0100] {logging_mixin.py:190} INFO - [2024-11-04T11:38:43.293+0100] {dag.py:3239} INFO - Sync 1 DAGs
[2024-11-04T11:38:43.300+0100] {logging_mixin.py:190} INFO - [2024-11-04T11:38:43.300+0100] {dag.py:4180} INFO - Setting next_dagrun for first_airflow_dag to 2024-11-04 10:38:00+00:00, run_after=2024-11-04 10:39:00+00:00
[2024-11-04T11:38:43.307+0100] {processor.py:208} INFO - Processing /Users/nick/airflow/dags/first_dag.py took 0.218 seconds
[2024-11-04T11:39:14.250+0100] {processor.py:186} INFO - Started process (PID=42066) to work on /Users/nick/airflow/dags/first_dag.py
[2024-11-04T11:39:14.250+0100] {processor.py:914} INFO - Processing file /Users/nick/airflow/dags/first_dag.py for tasks to queue
[2024-11-04T11:39:14.251+0100] {logging_mixin.py:190} INFO - [2024-11-04T11:39:14.251+0100] {dagbag.py:588} INFO - Filling up the DagBag from /Users/nick/airflow/dags/first_dag.py
[2024-11-04T11:39:14.423+0100] {processor.py:925} INFO - DAG(s) 'first_airflow_dag' retrieved from /Users/nick/airflow/dags/first_dag.py
[2024-11-04T11:39:14.457+0100] {logging_mixin.py:190} INFO - [2024-11-04T11:39:14.457+0100] {dag.py:3239} INFO - Sync 1 DAGs
[2024-11-04T11:39:14.464+0100] {logging_mixin.py:190} INFO - [2024-11-04T11:39:14.464+0100] {dag.py:4180} INFO - Setting next_dagrun for first_airflow_dag to 2024-11-04 10:39:00+00:00, run_after=2024-11-04 10:40:00+00:00
[2024-11-04T11:39:14.470+0100] {processor.py:208} INFO - Processing /Users/nick/airflow/dags/first_dag.py took 0.222 seconds
[2024-11-04T11:39:45.602+0100] {processor.py:186} INFO - Started process (PID=42391) to work on /Users/nick/airflow/dags/first_dag.py
[2024-11-04T11:39:45.602+0100] {processor.py:914} INFO - Processing file /Users/nick/airflow/dags/first_dag.py for tasks to queue
[2024-11-04T11:39:45.603+0100] {logging_mixin.py:190} INFO - [2024-11-04T11:39:45.603+0100] {dagbag.py:588} INFO - Filling up the DagBag from /Users/nick/airflow/dags/first_dag.py
[2024-11-04T11:39:45.779+0100] {processor.py:925} INFO - DAG(s) 'first_airflow_dag' retrieved from /Users/nick/airflow/dags/first_dag.py
[2024-11-04T11:39:45.814+0100] {logging_mixin.py:190} INFO - [2024-11-04T11:39:45.814+0100] {dag.py:3239} INFO - Sync 1 DAGs
[2024-11-04T11:39:45.821+0100] {logging_mixin.py:190} INFO - [2024-11-04T11:39:45.821+0100] {dag.py:4180} INFO - Setting next_dagrun for first_airflow_dag to 2024-11-04 10:39:00+00:00, run_after=2024-11-04 10:40:00+00:00
[2024-11-04T11:39:45.828+0100] {processor.py:208} INFO - Processing /Users/nick/airflow/dags/first_dag.py took 0.227 seconds
[2024-11-04T11:40:17.469+0100] {processor.py:186} INFO - Started process (PID=42737) to work on /Users/nick/airflow/dags/first_dag.py
[2024-11-04T11:40:17.470+0100] {processor.py:914} INFO - Processing file /Users/nick/airflow/dags/first_dag.py for tasks to queue
[2024-11-04T11:40:17.470+0100] {logging_mixin.py:190} INFO - [2024-11-04T11:40:17.470+0100] {dagbag.py:588} INFO - Filling up the DagBag from /Users/nick/airflow/dags/first_dag.py
[2024-11-04T11:40:17.643+0100] {processor.py:925} INFO - DAG(s) 'first_airflow_dag' retrieved from /Users/nick/airflow/dags/first_dag.py
[2024-11-04T11:40:17.675+0100] {logging_mixin.py:190} INFO - [2024-11-04T11:40:17.675+0100] {dag.py:3239} INFO - Sync 1 DAGs
[2024-11-04T11:40:17.682+0100] {logging_mixin.py:190} INFO - [2024-11-04T11:40:17.682+0100] {dag.py:4180} INFO - Setting next_dagrun for first_airflow_dag to 2024-11-04 10:40:00+00:00, run_after=2024-11-04 10:41:00+00:00
[2024-11-04T11:40:17.689+0100] {processor.py:208} INFO - Processing /Users/nick/airflow/dags/first_dag.py took 0.221 seconds
[2024-11-04T11:40:48.582+0100] {processor.py:186} INFO - Started process (PID=43077) to work on /Users/nick/airflow/dags/first_dag.py
[2024-11-04T11:40:48.582+0100] {processor.py:914} INFO - Processing file /Users/nick/airflow/dags/first_dag.py for tasks to queue
[2024-11-04T11:40:48.583+0100] {logging_mixin.py:190} INFO - [2024-11-04T11:40:48.583+0100] {dagbag.py:588} INFO - Filling up the DagBag from /Users/nick/airflow/dags/first_dag.py
[2024-11-04T11:40:48.759+0100] {processor.py:925} INFO - DAG(s) 'first_airflow_dag' retrieved from /Users/nick/airflow/dags/first_dag.py
[2024-11-04T11:40:48.793+0100] {logging_mixin.py:190} INFO - [2024-11-04T11:40:48.793+0100] {dag.py:3239} INFO - Sync 1 DAGs
[2024-11-04T11:40:48.800+0100] {logging_mixin.py:190} INFO - [2024-11-04T11:40:48.800+0100] {dag.py:4180} INFO - Setting next_dagrun for first_airflow_dag to 2024-11-04 10:40:00+00:00, run_after=2024-11-04 10:41:00+00:00
[2024-11-04T11:40:48.807+0100] {processor.py:208} INFO - Processing /Users/nick/airflow/dags/first_dag.py took 0.226 seconds
[2024-11-04T14:06:34.291+0100] {processor.py:186} INFO - Started process (PID=36626) to work on /Users/nick/airflow/dags/first_dag.py
[2024-11-04T14:06:34.292+0100] {processor.py:914} INFO - Processing file /Users/nick/airflow/dags/first_dag.py for tasks to queue
[2024-11-04T14:06:34.293+0100] {logging_mixin.py:190} INFO - [2024-11-04T14:06:34.293+0100] {dagbag.py:588} INFO - Filling up the DagBag from /Users/nick/airflow/dags/first_dag.py
[2024-11-04T14:06:34.485+0100] {processor.py:925} INFO - DAG(s) 'first_airflow_dag' retrieved from /Users/nick/airflow/dags/first_dag.py
[2024-11-04T14:06:34.521+0100] {logging_mixin.py:190} INFO - [2024-11-04T14:06:34.521+0100] {dag.py:3239} INFO - Sync 1 DAGs
[2024-11-04T14:06:34.528+0100] {logging_mixin.py:190} INFO - [2024-11-04T14:06:34.528+0100] {dag.py:4180} INFO - Setting next_dagrun for first_airflow_dag to 2024-11-04 13:06:00+00:00, run_after=2024-11-04 13:07:00+00:00
[2024-11-04T14:06:34.535+0100] {processor.py:208} INFO - Processing /Users/nick/airflow/dags/first_dag.py took 0.245 seconds
